{"action": "recv", "src": "AU-N6", "dst": "AF-N198", "hlc": {"phys": 1758716467768, "cnt": 0, "node": "AU-N6"}, "package_id": "PKG16442", "payload": {"status": "CREATED"}, "sent_ts": 1758716442708, "arrival_ts": 1758716442857}
{"action": "recv", "src": "AU-N6", "dst": "AF-N198", "hlc": {"phys": 1758716468124, "cnt": 0, "node": "AU-N6"}, "package_id": "PKG16442", "payload": {"status": "SENT"}, "sent_ts": 1758716443064, "arrival_ts": 1758716443135}
{"action": "recv", "src": "AU-N6", "dst": "AF-N198", "hlc": {"phys": 1758716468387, "cnt": 0, "node": "AU-N6"}, "package_id": "PKG16442", "payload": {"status": "IN_TRANSIT"}, "sent_ts": 1758716443327, "arrival_ts": 1758716443394}
{"action": "recv", "src": "AU-N6", "dst": "AF-N198", "hlc": {"phys": 1758716468667, "cnt": 0, "node": "AU-N6"}, "package_id": "PKG16442", "payload": {"status": "RECEIVED"}, "sent_ts": 1758716443607, "arrival_ts": 1758716443709}
{"action": "recv", "src": "AU-N6", "dst": "AF-N198", "hlc": {"phys": 1758716468980, "cnt": 0, "node": "AU-N6"}, "package_id": "PKG16442", "payload": {"status": "DELIVERED"}, "sent_ts": 1758716443920, "arrival_ts": 1758716444057}
{"action": "send", "src": "AF-N198", "dst": "NA-N179", "hlc": {"phys": 1758716917832, "cnt": 0, "node": "AF-N198"}, "package_id": "PKG16900", "payload": {"status": "CREATED"}, "sent_ts": 1758716900852, "arrival_ts": 1758716900852}
{"action": "send", "src": "AF-N198", "dst": "NA-N179", "hlc": {"phys": 1758716918119, "cnt": 0, "node": "AF-N198"}, "package_id": "PKG16900", "payload": {"status": "SENT"}, "sent_ts": 1758716901139, "arrival_ts": 1758716901139}
{"action": "send", "src": "AF-N198", "dst": "NA-N179", "hlc": {"phys": 1758716918329, "cnt": 0, "node": "AF-N198"}, "package_id": "PKG16900", "payload": {"status": "IN_TRANSIT"}, "sent_ts": 1758716901349, "arrival_ts": 1758716901349}
{"action": "send", "src": "AF-N198", "dst": "NA-N179", "hlc": {"phys": 1758716918679, "cnt": 0, "node": "AF-N198"}, "package_id": "PKG16900", "payload": {"status": "RECEIVED"}, "sent_ts": 1758716901699, "arrival_ts": 1758716901699}
{"action": "send", "src": "AF-N198", "dst": "NA-N179", "hlc": {"phys": 1758716919023, "cnt": 0, "node": "AF-N198"}, "package_id": "PKG16900", "payload": {"status": "DELIVERED"}, "sent_ts": 1758716902043, "arrival_ts": 1758716902043}
{"action": "recv", "src": "AF-N154", "dst": "AF-N198", "hlc": {"phys": 1758737957642, "cnt": 0, "node": "AF-N154"}, "package_id": "PKG37941", "payload": {"status": "CREATED"}, "sent_ts": 1758737941102, "arrival_ts": 1758737941246}
{"action": "recv", "src": "AF-N154", "dst": "AF-N198", "hlc": {"phys": 1758737957993, "cnt": 0, "node": "AF-N154"}, "package_id": "PKG37941", "payload": {"status": "SENT"}, "sent_ts": 1758737941453, "arrival_ts": 1758737941492}
{"action": "recv", "src": "AF-N154", "dst": "AF-N198", "hlc": {"phys": 1758737958222, "cnt": 0, "node": "AF-N154"}, "package_id": "PKG37941", "payload": {"status": "IN_TRANSIT"}, "sent_ts": 1758737941682, "arrival_ts": 1758737941758}
{"action": "recv", "src": "AF-N154", "dst": "AF-N198", "hlc": {"phys": 1758737958501, "cnt": 0, "node": "AF-N154"}, "package_id": "PKG37941", "payload": {"status": "RECEIVED"}, "sent_ts": 1758737941961, "arrival_ts": 1758737941989}
{"action": "recv", "src": "AF-N154", "dst": "AF-N198", "hlc": {"phys": 1758737958739, "cnt": 0, "node": "AF-N154"}, "package_id": "PKG37941", "payload": {"status": "DELIVERED"}, "sent_ts": 1758737942199, "arrival_ts": 1758737942305}
{"action": "send", "src": "AF-N198", "dst": "AS-N178", "hlc": {"phys": 1758739303364, "cnt": 0, "node": "AF-N198"}, "package_id": "PKG39286", "payload": {"status": "CREATED"}, "sent_ts": 1758739286384, "arrival_ts": 1758739286384}
{"action": "send", "src": "AF-N198", "dst": "AS-N178", "hlc": {"phys": 1758739303718, "cnt": 0, "node": "AF-N198"}, "package_id": "PKG39286", "payload": {"status": "SENT"}, "sent_ts": 1758739286738, "arrival_ts": 1758739286738}
{"action": "send", "src": "AF-N198", "dst": "AS-N178", "hlc": {"phys": 1758739304030, "cnt": 0, "node": "AF-N198"}, "package_id": "PKG39286", "payload": {"status": "IN_TRANSIT"}, "sent_ts": 1758739287050, "arrival_ts": 1758739287050}
{"action": "send", "src": "AF-N198", "dst": "AS-N178", "hlc": {"phys": 1758739304376, "cnt": 0, "node": "AF-N198"}, "package_id": "PKG39286", "payload": {"status": "RECEIVED"}, "sent_ts": 1758739287396, "arrival_ts": 1758739287396}
{"action": "send", "src": "AF-N198", "dst": "AS-N178", "hlc": {"phys": 1758739304652, "cnt": 0, "node": "AF-N198"}, "package_id": "PKG39286", "payload": {"status": "DELIVERED"}, "sent_ts": 1758739287672, "arrival_ts": 1758739287672}
{"action": "send", "src": "AF-N198", "dst": "SA-N175", "hlc": {"phys": 1758741830238, "cnt": 0, "node": "AF-N198"}, "package_id": "PKG41813", "payload": {"status": "CREATED"}, "sent_ts": 1758741813258, "arrival_ts": 1758741813258}
{"action": "send", "src": "AF-N198", "dst": "SA-N175", "hlc": {"phys": 1758741830547, "cnt": 0, "node": "AF-N198"}, "package_id": "PKG41813", "payload": {"status": "SENT"}, "sent_ts": 1758741813567, "arrival_ts": 1758741813567}
{"action": "send", "src": "AF-N198", "dst": "SA-N175", "hlc": {"phys": 1758741830779, "cnt": 0, "node": "AF-N198"}, "package_id": "PKG41813", "payload": {"status": "IN_TRANSIT"}, "sent_ts": 1758741813799, "arrival_ts": 1758741813799}
{"action": "send", "src": "AF-N198", "dst": "SA-N175", "hlc": {"phys": 1758741831089, "cnt": 0, "node": "AF-N198"}, "package_id": "PKG41813", "payload": {"status": "RECEIVED"}, "sent_ts": 1758741814109, "arrival_ts": 1758741814109}
{"action": "send", "src": "AF-N198", "dst": "SA-N175", "hlc": {"phys": 1758741831306, "cnt": 0, "node": "AF-N198"}, "package_id": "PKG41813", "payload": {"status": "DELIVERED"}, "sent_ts": 1758741814326, "arrival_ts": 1758741814326}
{"action": "send", "src": "AF-N198", "dst": "AN-N31", "hlc": {"phys": 1758742023335, "cnt": 0, "node": "AF-N198"}, "package_id": "PKG42006", "payload": {"status": "CREATED"}, "sent_ts": 1758742006355, "arrival_ts": 1758742006355}
{"action": "send", "src": "AF-N198", "dst": "AN-N31", "hlc": {"phys": 1758742023569, "cnt": 0, "node": "AF-N198"}, "package_id": "PKG42006", "payload": {"status": "SENT"}, "sent_ts": 1758742006589, "arrival_ts": 1758742006589}
{"action": "send", "src": "AF-N198", "dst": "AN-N31", "hlc": {"phys": 1758742023957, "cnt": 0, "node": "AF-N198"}, "package_id": "PKG42006", "payload": {"status": "IN_TRANSIT"}, "sent_ts": 1758742006977, "arrival_ts": 1758742006977}
{"action": "send", "src": "AF-N198", "dst": "AN-N31", "hlc": {"phys": 1758742024269, "cnt": 0, "node": "AF-N198"}, "package_id": "PKG42006", "payload": {"status": "RECEIVED"}, "sent_ts": 1758742007289, "arrival_ts": 1758742007289}
{"action": "send", "src": "AF-N198", "dst": "AN-N31", "hlc": {"phys": 1758742024563, "cnt": 0, "node": "AF-N198"}, "package_id": "PKG42006", "payload": {"status": "DELIVERED"}, "sent_ts": 1758742007583, "arrival_ts": 1758742007583}
{"action": "send", "src": "AF-N198", "dst": "EU-N156", "hlc": {"phys": 1758743463697, "cnt": 0, "node": "AF-N198"}, "package_id": "PKG43446", "payload": {"status": "CREATED"}, "sent_ts": 1758743446717, "arrival_ts": 1758743446717}
{"action": "send", "src": "AF-N198", "dst": "EU-N156", "hlc": {"phys": 1758743464055, "cnt": 0, "node": "AF-N198"}, "package_id": "PKG43446", "payload": {"status": "SENT"}, "sent_ts": 1758743447075, "arrival_ts": 1758743447075}
{"action": "send", "src": "AF-N198", "dst": "EU-N156", "hlc": {"phys": 1758743464402, "cnt": 0, "node": "AF-N198"}, "package_id": "PKG43446", "payload": {"status": "IN_TRANSIT"}, "sent_ts": 1758743447422, "arrival_ts": 1758743447422}
{"action": "send", "src": "AF-N198", "dst": "EU-N156", "hlc": {"phys": 1758743464793, "cnt": 0, "node": "AF-N198"}, "package_id": "PKG43446", "payload": {"status": "RECEIVED"}, "sent_ts": 1758743447813, "arrival_ts": 1758743447813}
{"action": "send", "src": "AF-N198", "dst": "EU-N156", "hlc": {"phys": 1758743465012, "cnt": 0, "node": "AF-N198"}, "package_id": "PKG43446", "payload": {"status": "DELIVERED"}, "sent_ts": 1758743448032, "arrival_ts": 1758743448032}
{"action": "send", "src": "AF-N198", "dst": "NA-N117", "hlc": {"phys": 1758749437146, "cnt": 0, "node": "AF-N198"}, "package_id": "PKG49420", "payload": {"status": "CREATED"}, "sent_ts": 1758749420166, "arrival_ts": 1758749420166}
{"action": "send", "src": "AF-N198", "dst": "NA-N117", "hlc": {"phys": 1758749437443, "cnt": 0, "node": "AF-N198"}, "package_id": "PKG49420", "payload": {"status": "SENT"}, "sent_ts": 1758749420463, "arrival_ts": 1758749420463}
{"action": "send", "src": "AF-N198", "dst": "NA-N117", "hlc": {"phys": 1758749437721, "cnt": 0, "node": "AF-N198"}, "package_id": "PKG49420", "payload": {"status": "IN_TRANSIT"}, "sent_ts": 1758749420741, "arrival_ts": 1758749420741}
{"action": "send", "src": "AF-N198", "dst": "NA-N117", "hlc": {"phys": 1758749438064, "cnt": 0, "node": "AF-N198"}, "package_id": "PKG49420", "payload": {"status": "RECEIVED"}, "sent_ts": 1758749421084, "arrival_ts": 1758749421084}
{"action": "send", "src": "AF-N198", "dst": "NA-N117", "hlc": {"phys": 1758749438467, "cnt": 0, "node": "AF-N198"}, "package_id": "PKG49420", "payload": {"status": "DELIVERED"}, "sent_ts": 1758749421487, "arrival_ts": 1758749421487}
{"action": "send", "src": "AF-N198", "dst": "AN-N28", "hlc": {"phys": 1758749556308, "cnt": 0, "node": "AF-N198"}, "package_id": "PKG49539", "payload": {"status": "CREATED"}, "sent_ts": 1758749539328, "arrival_ts": 1758749539328}
{"action": "send", "src": "AF-N198", "dst": "AN-N28", "hlc": {"phys": 1758749556542, "cnt": 0, "node": "AF-N198"}, "package_id": "PKG49539", "payload": {"status": "SENT"}, "sent_ts": 1758749539562, "arrival_ts": 1758749539562}
{"action": "send", "src": "AF-N198", "dst": "AN-N28", "hlc": {"phys": 1758749556837, "cnt": 0, "node": "AF-N198"}, "package_id": "PKG49539", "payload": {"status": "IN_TRANSIT"}, "sent_ts": 1758749539857, "arrival_ts": 1758749539857}
{"action": "send", "src": "AF-N198", "dst": "AN-N28", "hlc": {"phys": 1758749557229, "cnt": 0, "node": "AF-N198"}, "package_id": "PKG49539", "payload": {"status": "RECEIVED"}, "sent_ts": 1758749540249, "arrival_ts": 1758749540249}
{"action": "send", "src": "AF-N198", "dst": "AN-N28", "hlc": {"phys": 1758749557588, "cnt": 0, "node": "AF-N198"}, "package_id": "PKG49539", "payload": {"status": "DELIVERED"}, "sent_ts": 1758749540608, "arrival_ts": 1758749540608}
{"action": "send", "src": "AF-N198", "dst": "EU-N24", "hlc": {"phys": 1758751510417, "cnt": 0, "node": "AF-N198"}, "package_id": "PKG51493", "payload": {"status": "CREATED"}, "sent_ts": 1758751493437, "arrival_ts": 1758751493437}
{"action": "send", "src": "AF-N198", "dst": "EU-N24", "hlc": {"phys": 1758751510628, "cnt": 0, "node": "AF-N198"}, "package_id": "PKG51493", "payload": {"status": "SENT"}, "sent_ts": 1758751493648, "arrival_ts": 1758751493648}
{"action": "send", "src": "AF-N198", "dst": "EU-N24", "hlc": {"phys": 1758751510991, "cnt": 0, "node": "AF-N198"}, "package_id": "PKG51493", "payload": {"status": "IN_TRANSIT"}, "sent_ts": 1758751494011, "arrival_ts": 1758751494011}
{"action": "send", "src": "AF-N198", "dst": "EU-N24", "hlc": {"phys": 1758751511306, "cnt": 0, "node": "AF-N198"}, "package_id": "PKG51493", "payload": {"status": "RECEIVED"}, "sent_ts": 1758751494326, "arrival_ts": 1758751494326}
{"action": "send", "src": "AF-N198", "dst": "EU-N24", "hlc": {"phys": 1758751511623, "cnt": 0, "node": "AF-N198"}, "package_id": "PKG51493", "payload": {"status": "DELIVERED"}, "sent_ts": 1758751494643, "arrival_ts": 1758751494643}
{"action": "recv", "src": "EU-N90", "dst": "AF-N198", "hlc": {"phys": 1758756569064, "cnt": 0, "node": "EU-N90"}, "package_id": "PKG56563", "payload": {"status": "CREATED"}, "sent_ts": 1758756563164, "arrival_ts": 1758756563359}
{"action": "recv", "src": "EU-N90", "dst": "AF-N198", "hlc": {"phys": 1758756569481, "cnt": 0, "node": "EU-N90"}, "package_id": "PKG56563", "payload": {"status": "SENT"}, "sent_ts": 1758756563581, "arrival_ts": 1758756563648}
{"action": "recv", "src": "EU-N90", "dst": "AF-N198", "hlc": {"phys": 1758756569763, "cnt": 0, "node": "EU-N90"}, "package_id": "PKG56563", "payload": {"status": "IN_TRANSIT"}, "sent_ts": 1758756563863, "arrival_ts": 1758756563962}
{"action": "recv", "src": "EU-N90", "dst": "AF-N198", "hlc": {"phys": 1758756570059, "cnt": 0, "node": "EU-N90"}, "package_id": "PKG56563", "payload": {"status": "RECEIVED"}, "sent_ts": 1758756564159, "arrival_ts": 1758756564200}
{"action": "recv", "src": "EU-N90", "dst": "AF-N198", "hlc": {"phys": 1758756570298, "cnt": 0, "node": "EU-N90"}, "package_id": "PKG56563", "payload": {"status": "DELIVERED"}, "sent_ts": 1758756564398, "arrival_ts": 1758756564519}
{"action": "send", "src": "AF-N198", "dst": "EU-N174", "hlc": {"phys": 1758757627420, "cnt": 0, "node": "AF-N198"}, "package_id": "PKG57610", "payload": {"status": "CREATED"}, "sent_ts": 1758757610440, "arrival_ts": 1758757610440}
{"action": "send", "src": "AF-N198", "dst": "EU-N174", "hlc": {"phys": 1758757627665, "cnt": 0, "node": "AF-N198"}, "package_id": "PKG57610", "payload": {"status": "SENT"}, "sent_ts": 1758757610685, "arrival_ts": 1758757610685}
{"action": "send", "src": "AF-N198", "dst": "EU-N174", "hlc": {"phys": 1758757627950, "cnt": 0, "node": "AF-N198"}, "package_id": "PKG57610", "payload": {"status": "IN_TRANSIT"}, "sent_ts": 1758757610969, "arrival_ts": 1758757610970}
{"action": "send", "src": "AF-N198", "dst": "EU-N174", "hlc": {"phys": 1758757628219, "cnt": 0, "node": "AF-N198"}, "package_id": "PKG57610", "payload": {"status": "RECEIVED"}, "sent_ts": 1758757611239, "arrival_ts": 1758757611239}
{"action": "send", "src": "AF-N198", "dst": "EU-N174", "hlc": {"phys": 1758757628557, "cnt": 0, "node": "AF-N198"}, "package_id": "PKG57610", "payload": {"status": "DELIVERED"}, "sent_ts": 1758757611577, "arrival_ts": 1758757611577}
{"action": "send", "src": "AF-N198", "dst": "AF-N138", "hlc": {"phys": 1758757738780, "cnt": 0, "node": "AF-N198"}, "package_id": "PKG57721", "payload": {"status": "CREATED"}, "sent_ts": 1758757721800, "arrival_ts": 1758757721800}
{"action": "send", "src": "AF-N198", "dst": "AF-N138", "hlc": {"phys": 1758757739116, "cnt": 0, "node": "AF-N198"}, "package_id": "PKG57721", "payload": {"status": "SENT"}, "sent_ts": 1758757722136, "arrival_ts": 1758757722136}
{"action": "send", "src": "AF-N198", "dst": "AF-N138", "hlc": {"phys": 1758757739348, "cnt": 0, "node": "AF-N198"}, "package_id": "PKG57721", "payload": {"status": "IN_TRANSIT"}, "sent_ts": 1758757722368, "arrival_ts": 1758757722368}
{"action": "send", "src": "AF-N198", "dst": "AF-N138", "hlc": {"phys": 1758757739672, "cnt": 0, "node": "AF-N198"}, "package_id": "PKG57721", "payload": {"status": "RECEIVED"}, "sent_ts": 1758757722692, "arrival_ts": 1758757722692}
{"action": "send", "src": "AF-N198", "dst": "AF-N138", "hlc": {"phys": 1758757740014, "cnt": 0, "node": "AF-N198"}, "package_id": "PKG57721", "payload": {"status": "DELIVERED"}, "sent_ts": 1758757723034, "arrival_ts": 1758757723034}
{"action": "recv", "src": "AU-N142", "dst": "AF-N198", "hlc": {"phys": 1758758624963, "cnt": 0, "node": "AU-N142"}, "package_id": "PKG58598", "payload": {"status": "CREATED"}, "sent_ts": 1758758598543, "arrival_ts": 1758758598728}
{"action": "recv", "src": "AU-N142", "dst": "AF-N198", "hlc": {"phys": 1758758625354, "cnt": 0, "node": "AU-N142"}, "package_id": "PKG58598", "payload": {"status": "SENT"}, "sent_ts": 1758758598934, "arrival_ts": 1758758599068}
{"action": "recv", "src": "AU-N142", "dst": "AF-N198", "hlc": {"phys": 1758758625698, "cnt": 0, "node": "AU-N142"}, "package_id": "PKG58598", "payload": {"status": "IN_TRANSIT"}, "sent_ts": 1758758599278, "arrival_ts": 1758758599448}
{"action": "recv", "src": "AU-N142", "dst": "AF-N198", "hlc": {"phys": 1758758626070, "cnt": 0, "node": "AU-N142"}, "package_id": "PKG58598", "payload": {"status": "RECEIVED"}, "sent_ts": 1758758599650, "arrival_ts": 1758758599792}
{"action": "recv", "src": "AU-N142", "dst": "AF-N198", "hlc": {"phys": 1758758626409, "cnt": 0, "node": "AU-N142"}, "package_id": "PKG58598", "payload": {"status": "DELIVERED"}, "sent_ts": 1758758599989, "arrival_ts": 1758758600158}
{"action": "send", "src": "AF-N198", "dst": "SA-N22", "hlc": {"phys": 1758761281667, "cnt": 0, "node": "AF-N198"}, "package_id": "PKG61264", "payload": {"status": "CREATED"}, "sent_ts": 1758761264687, "arrival_ts": 1758761264687}
{"action": "send", "src": "AF-N198", "dst": "SA-N22", "hlc": {"phys": 1758761281980, "cnt": 0, "node": "AF-N198"}, "package_id": "PKG61264", "payload": {"status": "SENT"}, "sent_ts": 1758761265000, "arrival_ts": 1758761265000}
{"action": "send", "src": "AF-N198", "dst": "SA-N22", "hlc": {"phys": 1758761282261, "cnt": 0, "node": "AF-N198"}, "package_id": "PKG61264", "payload": {"status": "IN_TRANSIT"}, "sent_ts": 1758761265281, "arrival_ts": 1758761265281}
{"action": "send", "src": "AF-N198", "dst": "SA-N22", "hlc": {"phys": 1758761282493, "cnt": 0, "node": "AF-N198"}, "package_id": "PKG61264", "payload": {"status": "RECEIVED"}, "sent_ts": 1758761265513, "arrival_ts": 1758761265513}
{"action": "send", "src": "AF-N198", "dst": "SA-N22", "hlc": {"phys": 1758761282834, "cnt": 0, "node": "AF-N198"}, "package_id": "PKG61264", "payload": {"status": "DELIVERED"}, "sent_ts": 1758761265854, "arrival_ts": 1758761265854}
{"action": "send", "src": "AF-N198", "dst": "AN-N180", "hlc": {"phys": 1758762591919, "cnt": 0, "node": "AF-N198"}, "package_id": "PKG62574", "payload": {"status": "CREATED"}, "sent_ts": 1758762574939, "arrival_ts": 1758762574939}
{"action": "send", "src": "AF-N198", "dst": "AN-N180", "hlc": {"phys": 1758762592167, "cnt": 0, "node": "AF-N198"}, "package_id": "PKG62574", "payload": {"status": "SENT"}, "sent_ts": 1758762575187, "arrival_ts": 1758762575187}
{"action": "send", "src": "AF-N198", "dst": "AN-N180", "hlc": {"phys": 1758762592467, "cnt": 0, "node": "AF-N198"}, "package_id": "PKG62574", "payload": {"status": "IN_TRANSIT"}, "sent_ts": 1758762575487, "arrival_ts": 1758762575487}
{"action": "send", "src": "AF-N198", "dst": "AN-N180", "hlc": {"phys": 1758762592817, "cnt": 0, "node": "AF-N198"}, "package_id": "PKG62574", "payload": {"status": "RECEIVED"}, "sent_ts": 1758762575837, "arrival_ts": 1758762575837}
{"action": "send", "src": "AF-N198", "dst": "AN-N180", "hlc": {"phys": 1758762593199, "cnt": 0, "node": "AF-N198"}, "package_id": "PKG62574", "payload": {"status": "DELIVERED"}, "sent_ts": 1758762576219, "arrival_ts": 1758762576219}
{"action": "recv", "src": "AS-N49", "dst": "AF-N198", "hlc": {"phys": 1758763395703, "cnt": 0, "node": "AS-N49"}, "package_id": "PKG63385", "payload": {"status": "CREATED"}, "sent_ts": 1758763385213, "arrival_ts": 1758763385247}
{"action": "recv", "src": "AS-N49", "dst": "AF-N198", "hlc": {"phys": 1758763395952, "cnt": 0, "node": "AS-N49"}, "package_id": "PKG63385", "payload": {"status": "SENT"}, "sent_ts": 1758763385462, "arrival_ts": 1758763385613}
{"action": "recv", "src": "AS-N49", "dst": "AF-N198", "hlc": {"phys": 1758763396312, "cnt": 0, "node": "AS-N49"}, "package_id": "PKG63385", "payload": {"status": "IN_TRANSIT"}, "sent_ts": 1758763385822, "arrival_ts": 1758763385869}
{"action": "recv", "src": "AS-N49", "dst": "AF-N198", "hlc": {"phys": 1758763396564, "cnt": 0, "node": "AS-N49"}, "package_id": "PKG63385", "payload": {"status": "RECEIVED"}, "sent_ts": 1758763386074, "arrival_ts": 1758763386208}
{"action": "recv", "src": "AS-N49", "dst": "AF-N198", "hlc": {"phys": 1758763396935, "cnt": 0, "node": "AS-N49"}, "package_id": "PKG63385", "payload": {"status": "DELIVERED"}, "sent_ts": 1758763386445, "arrival_ts": 1758763386542}
{"action": "recv", "src": "AU-N173", "dst": "AF-N198", "hlc": {"phys": 1758800139287, "cnt": 0, "node": "AU-N173"}, "package_id": "PKG112", "payload": {"status": "CREATED"}, "sent_ts": 1758800112557, "arrival_ts": 1758800112619}
{"action": "recv", "src": "AU-N173", "dst": "AF-N198", "hlc": {"phys": 1758800139551, "cnt": 0, "node": "AU-N173"}, "package_id": "PKG112", "payload": {"status": "SENT"}, "sent_ts": 1758800112821, "arrival_ts": 1758800113023}
{"action": "recv", "src": "AU-N173", "dst": "AF-N198", "hlc": {"phys": 1758800139952, "cnt": 0, "node": "AU-N173"}, "package_id": "PKG112", "payload": {"status": "IN_TRANSIT"}, "sent_ts": 1758800113222, "arrival_ts": 1758800113259}
{"action": "recv", "src": "AU-N173", "dst": "AF-N198", "hlc": {"phys": 1758800140186, "cnt": 0, "node": "AU-N173"}, "package_id": "PKG112", "payload": {"status": "RECEIVED"}, "sent_ts": 1758800113456, "arrival_ts": 1758800113591}
{"action": "recv", "src": "AU-N173", "dst": "AF-N198", "hlc": {"phys": 1758800140543, "cnt": 0, "node": "AU-N173"}, "package_id": "PKG112", "payload": {"status": "DELIVERED"}, "sent_ts": 1758800113813, "arrival_ts": 1758800113877}
{"action": "send", "src": "AF-N198", "dst": "SA-N110", "hlc": {"phys": 1758800702372, "cnt": 0, "node": "AF-N198"}, "package_id": "PKG685", "payload": {"status": "CREATED"}, "sent_ts": 1758800685392, "arrival_ts": 1758800685392}
{"action": "send", "src": "AF-N198", "dst": "SA-N110", "hlc": {"phys": 1758800702779, "cnt": 0, "node": "AF-N198"}, "package_id": "PKG685", "payload": {"status": "SENT"}, "sent_ts": 1758800685799, "arrival_ts": 1758800685799}
{"action": "send", "src": "AF-N198", "dst": "SA-N110", "hlc": {"phys": 1758800703012, "cnt": 0, "node": "AF-N198"}, "package_id": "PKG685", "payload": {"status": "IN_TRANSIT"}, "sent_ts": 1758800686032, "arrival_ts": 1758800686032}
{"action": "send", "src": "AF-N198", "dst": "SA-N110", "hlc": {"phys": 1758800703282, "cnt": 0, "node": "AF-N198"}, "package_id": "PKG685", "payload": {"status": "RECEIVED"}, "sent_ts": 1758800686302, "arrival_ts": 1758800686302}
{"action": "send", "src": "AF-N198", "dst": "SA-N110", "hlc": {"phys": 1758800703675, "cnt": 0, "node": "AF-N198"}, "package_id": "PKG685", "payload": {"status": "DELIVERED"}, "sent_ts": 1758800686695, "arrival_ts": 1758800686695}
{"action": "send", "src": "AF-N198", "dst": "EU-N22", "hlc": {"phys": 1758805532941, "cnt": 0, "node": "AF-N198"}, "package_id": "PKG5515", "payload": {"status": "CREATED"}, "sent_ts": 1758805515961, "arrival_ts": 1758805515961}
{"action": "send", "src": "AF-N198", "dst": "EU-N22", "hlc": {"phys": 1758805533315, "cnt": 0, "node": "AF-N198"}, "package_id": "PKG5515", "payload": {"status": "SENT"}, "sent_ts": 1758805516335, "arrival_ts": 1758805516335}
{"action": "send", "src": "AF-N198", "dst": "EU-N22", "hlc": {"phys": 1758805533579, "cnt": 0, "node": "AF-N198"}, "package_id": "PKG5515", "payload": {"status": "IN_TRANSIT"}, "sent_ts": 1758805516599, "arrival_ts": 1758805516599}
{"action": "send", "src": "AF-N198", "dst": "EU-N22", "hlc": {"phys": 1758805533871, "cnt": 0, "node": "AF-N198"}, "package_id": "PKG5515", "payload": {"status": "RECEIVED"}, "sent_ts": 1758805516891, "arrival_ts": 1758805516891}
{"action": "send", "src": "AF-N198", "dst": "EU-N22", "hlc": {"phys": 1758805534105, "cnt": 0, "node": "AF-N198"}, "package_id": "PKG5515", "payload": {"status": "DELIVERED"}, "sent_ts": 1758805517125, "arrival_ts": 1758805517125}
{"action": "recv", "src": "AU-N7", "dst": "AF-N198", "hlc": {"phys": 1758809856472, "cnt": 0, "node": "AU-N7"}, "package_id": "PKG9831", "payload": {"status": "CREATED"}, "sent_ts": 1758809831402, "arrival_ts": 1758809831502}
{"action": "recv", "src": "AU-N7", "dst": "AF-N198", "hlc": {"phys": 1758809856784, "cnt": 0, "node": "AU-N7"}, "package_id": "PKG9831", "payload": {"status": "SENT"}, "sent_ts": 1758809831714, "arrival_ts": 1758809831832}
{"action": "recv", "src": "AU-N7", "dst": "AF-N198", "hlc": {"phys": 1758809857108, "cnt": 0, "node": "AU-N7"}, "package_id": "PKG9831", "payload": {"status": "IN_TRANSIT"}, "sent_ts": 1758809832038, "arrival_ts": 1758809832107}
{"action": "recv", "src": "AU-N7", "dst": "AF-N198", "hlc": {"phys": 1758809857375, "cnt": 0, "node": "AU-N7"}, "package_id": "PKG9831", "payload": {"status": "RECEIVED"}, "sent_ts": 1758809832305, "arrival_ts": 1758809832341}
{"action": "recv", "src": "AU-N7", "dst": "AF-N198", "hlc": {"phys": 1758809857608, "cnt": 0, "node": "AU-N7"}, "package_id": "PKG9831", "payload": {"status": "DELIVERED"}, "sent_ts": 1758809832538, "arrival_ts": 1758809832628}
{"action": "recv", "src": "AU-N185", "dst": "AF-N198", "hlc": {"phys": 1758813802591, "cnt": 0, "node": "AU-N185"}, "package_id": "PKG13775", "payload": {"status": "CREATED"}, "sent_ts": 1758813775741, "arrival_ts": 1758813775932}
{"action": "recv", "src": "AU-N185", "dst": "AF-N198", "hlc": {"phys": 1758813802978, "cnt": 0, "node": "AU-N185"}, "package_id": "PKG13775", "payload": {"status": "SENT"}, "sent_ts": 1758813776128, "arrival_ts": 1758813776273}
{"action": "recv", "src": "AU-N185", "dst": "AF-N198", "hlc": {"phys": 1758813803337, "cnt": 0, "node": "AU-N185"}, "package_id": "PKG13775", "payload": {"status": "IN_TRANSIT"}, "sent_ts": 1758813776487, "arrival_ts": 1758813776539}
{"action": "recv", "src": "AU-N185", "dst": "AF-N198", "hlc": {"phys": 1758813803584, "cnt": 0, "node": "AU-N185"}, "package_id": "PKG13775", "payload": {"status": "RECEIVED"}, "sent_ts": 1758813776734, "arrival_ts": 1758813776872}
{"action": "recv", "src": "AU-N185", "dst": "AF-N198", "hlc": {"phys": 1758813803940, "cnt": 0, "node": "AU-N185"}, "package_id": "PKG13775", "payload": {"status": "DELIVERED"}, "sent_ts": 1758813777090, "arrival_ts": 1758813777252}
{"action": "send", "src": "AF-N198", "dst": "AU-N155", "hlc": {"phys": 1758816593221, "cnt": 0, "node": "AF-N198"}, "package_id": "PKG16576", "payload": {"status": "CREATED"}, "sent_ts": 1758816576241, "arrival_ts": 1758816576241}
{"action": "send", "src": "AF-N198", "dst": "AU-N155", "hlc": {"phys": 1758816593610, "cnt": 0, "node": "AF-N198"}, "package_id": "PKG16576", "payload": {"status": "SENT"}, "sent_ts": 1758816576630, "arrival_ts": 1758816576630}
{"action": "send", "src": "AF-N198", "dst": "AU-N155", "hlc": {"phys": 1758816593919, "cnt": 0, "node": "AF-N198"}, "package_id": "PKG16576", "payload": {"status": "IN_TRANSIT"}, "sent_ts": 1758816576939, "arrival_ts": 1758816576939}
{"action": "send", "src": "AF-N198", "dst": "AU-N155", "hlc": {"phys": 1758816594320, "cnt": 0, "node": "AF-N198"}, "package_id": "PKG16576", "payload": {"status": "RECEIVED"}, "sent_ts": 1758816577340, "arrival_ts": 1758816577340}
{"action": "send", "src": "AF-N198", "dst": "AU-N155", "hlc": {"phys": 1758816594725, "cnt": 0, "node": "AF-N198"}, "package_id": "PKG16576", "payload": {"status": "DELIVERED"}, "sent_ts": 1758816577745, "arrival_ts": 1758816577745}
