{"action": "send", "src": "AF-N148", "dst": "NA-N137", "hlc": {"phys": 1758713263319, "cnt": 0, "node": "AF-N148"}, "package_id": "PKG13246", "payload": {"status": "CREATED"}, "sent_ts": 1758713246839, "arrival_ts": 1758713246839}
{"action": "send", "src": "AF-N148", "dst": "NA-N137", "hlc": {"phys": 1758713263659, "cnt": 0, "node": "AF-N148"}, "package_id": "PKG13246", "payload": {"status": "SENT"}, "sent_ts": 1758713247179, "arrival_ts": 1758713247179}
{"action": "send", "src": "AF-N148", "dst": "NA-N137", "hlc": {"phys": 1758713264030, "cnt": 0, "node": "AF-N148"}, "package_id": "PKG13246", "payload": {"status": "IN_TRANSIT"}, "sent_ts": 1758713247550, "arrival_ts": 1758713247550}
{"action": "send", "src": "AF-N148", "dst": "NA-N137", "hlc": {"phys": 1758713264248, "cnt": 0, "node": "AF-N148"}, "package_id": "PKG13246", "payload": {"status": "RECEIVED"}, "sent_ts": 1758713247768, "arrival_ts": 1758713247768}
{"action": "send", "src": "AF-N148", "dst": "NA-N137", "hlc": {"phys": 1758713264604, "cnt": 0, "node": "AF-N148"}, "package_id": "PKG13246", "payload": {"status": "DELIVERED"}, "sent_ts": 1758713248124, "arrival_ts": 1758713248124}
{"action": "recv", "src": "SA-N159", "dst": "AF-N148", "hlc": {"phys": 1758713351101, "cnt": 0, "node": "SA-N159"}, "package_id": "PKG13329", "payload": {"status": "CREATED"}, "sent_ts": 1758713329511, "arrival_ts": 1758713329550}
{"action": "recv", "src": "SA-N159", "dst": "AF-N148", "hlc": {"phys": 1758713351353, "cnt": 0, "node": "SA-N159"}, "package_id": "PKG13329", "payload": {"status": "SENT"}, "sent_ts": 1758713329763, "arrival_ts": 1758713329839}
{"action": "recv", "src": "SA-N159", "dst": "AF-N148", "hlc": {"phys": 1758713351633, "cnt": 0, "node": "SA-N159"}, "package_id": "PKG13329", "payload": {"status": "IN_TRANSIT"}, "sent_ts": 1758713330043, "arrival_ts": 1758713330195}
{"action": "recv", "src": "SA-N159", "dst": "AF-N148", "hlc": {"phys": 1758713351980, "cnt": 0, "node": "SA-N159"}, "package_id": "PKG13329", "payload": {"status": "RECEIVED"}, "sent_ts": 1758713330390, "arrival_ts": 1758713330488}
{"action": "recv", "src": "SA-N159", "dst": "AF-N148", "hlc": {"phys": 1758713352283, "cnt": 0, "node": "SA-N159"}, "package_id": "PKG13329", "payload": {"status": "DELIVERED"}, "sent_ts": 1758713330693, "arrival_ts": 1758713330739}
{"action": "recv", "src": "AS-N17", "dst": "AF-N148", "hlc": {"phys": 1758714376869, "cnt": 0, "node": "AS-N17"}, "package_id": "PKG14366", "payload": {"status": "CREATED"}, "sent_ts": 1758714366699, "arrival_ts": 1758714366765}
{"action": "recv", "src": "AS-N17", "dst": "AF-N148", "hlc": {"phys": 1758714377142, "cnt": 0, "node": "AS-N17"}, "package_id": "PKG14366", "payload": {"status": "SENT"}, "sent_ts": 1758714366972, "arrival_ts": 1758714367099}
{"action": "recv", "src": "AS-N17", "dst": "AF-N148", "hlc": {"phys": 1758714377475, "cnt": 0, "node": "AS-N17"}, "package_id": "PKG14366", "payload": {"status": "IN_TRANSIT"}, "sent_ts": 1758714367305, "arrival_ts": 1758714367365}
{"action": "recv", "src": "AS-N17", "dst": "AF-N148", "hlc": {"phys": 1758714377740, "cnt": 0, "node": "AS-N17"}, "package_id": "PKG14366", "payload": {"status": "RECEIVED"}, "sent_ts": 1758714367570, "arrival_ts": 1758714367744}
{"action": "recv", "src": "AS-N17", "dst": "AF-N148", "hlc": {"phys": 1758714378124, "cnt": 0, "node": "AS-N17"}, "package_id": "PKG14366", "payload": {"status": "DELIVERED"}, "sent_ts": 1758714367954, "arrival_ts": 1758714368020}
{"action": "send", "src": "AF-N148", "dst": "EU-N16", "hlc": {"phys": 1758714524030, "cnt": 0, "node": "AF-N148"}, "package_id": "PKG14507", "payload": {"status": "CREATED"}, "sent_ts": 1758714507550, "arrival_ts": 1758714507550}
{"action": "send", "src": "AF-N148", "dst": "EU-N16", "hlc": {"phys": 1758714524288, "cnt": 0, "node": "AF-N148"}, "package_id": "PKG14507", "payload": {"status": "SENT"}, "sent_ts": 1758714507808, "arrival_ts": 1758714507808}
{"action": "send", "src": "AF-N148", "dst": "EU-N16", "hlc": {"phys": 1758714524559, "cnt": 0, "node": "AF-N148"}, "package_id": "PKG14507", "payload": {"status": "IN_TRANSIT"}, "sent_ts": 1758714508079, "arrival_ts": 1758714508079}
{"action": "send", "src": "AF-N148", "dst": "EU-N16", "hlc": {"phys": 1758714524818, "cnt": 0, "node": "AF-N148"}, "package_id": "PKG14507", "payload": {"status": "RECEIVED"}, "sent_ts": 1758714508338, "arrival_ts": 1758714508338}
{"action": "send", "src": "AF-N148", "dst": "EU-N16", "hlc": {"phys": 1758714525098, "cnt": 0, "node": "AF-N148"}, "package_id": "PKG14507", "payload": {"status": "DELIVERED"}, "sent_ts": 1758714508618, "arrival_ts": 1758714508618}
{"action": "send", "src": "AF-N148", "dst": "AN-N117", "hlc": {"phys": 1758718833616, "cnt": 0, "node": "AF-N148"}, "package_id": "PKG18817", "payload": {"status": "CREATED"}, "sent_ts": 1758718817136, "arrival_ts": 1758718817136}
{"action": "send", "src": "AF-N148", "dst": "AN-N117", "hlc": {"phys": 1758718833975, "cnt": 0, "node": "AF-N148"}, "package_id": "PKG18817", "payload": {"status": "SENT"}, "sent_ts": 1758718817495, "arrival_ts": 1758718817495}
{"action": "send", "src": "AF-N148", "dst": "AN-N117", "hlc": {"phys": 1758718834361, "cnt": 0, "node": "AF-N148"}, "package_id": "PKG18817", "payload": {"status": "IN_TRANSIT"}, "sent_ts": 1758718817881, "arrival_ts": 1758718817881}
{"action": "send", "src": "AF-N148", "dst": "AN-N117", "hlc": {"phys": 1758718834595, "cnt": 0, "node": "AF-N148"}, "package_id": "PKG18817", "payload": {"status": "RECEIVED"}, "sent_ts": 1758718818115, "arrival_ts": 1758718818115}
{"action": "send", "src": "AF-N148", "dst": "AN-N117", "hlc": {"phys": 1758718834857, "cnt": 0, "node": "AF-N148"}, "package_id": "PKG18817", "payload": {"status": "DELIVERED"}, "sent_ts": 1758718818377, "arrival_ts": 1758718818377}
{"action": "recv", "src": "NA-N155", "dst": "AF-N148", "hlc": {"phys": 1758743737375, "cnt": 0, "node": "NA-N155"}, "package_id": "PKG43735", "payload": {"status": "CREATED"}, "sent_ts": 1758743735825, "arrival_ts": 1758743736028}
{"action": "recv", "src": "NA-N155", "dst": "AF-N148", "hlc": {"phys": 1758743737791, "cnt": 0, "node": "NA-N155"}, "package_id": "PKG43735", "payload": {"status": "SENT"}, "sent_ts": 1758743736241, "arrival_ts": 1758743736316}
{"action": "recv", "src": "NA-N155", "dst": "AF-N148", "hlc": {"phys": 1758743738069, "cnt": 0, "node": "NA-N155"}, "package_id": "PKG43735", "payload": {"status": "IN_TRANSIT"}, "sent_ts": 1758743736519, "arrival_ts": 1758743736584}
{"action": "recv", "src": "NA-N155", "dst": "AF-N148", "hlc": {"phys": 1758743738347, "cnt": 0, "node": "NA-N155"}, "package_id": "PKG43735", "payload": {"status": "RECEIVED"}, "sent_ts": 1758743736797, "arrival_ts": 1758743736857}
{"action": "recv", "src": "NA-N155", "dst": "AF-N148", "hlc": {"phys": 1758743738607, "cnt": 0, "node": "NA-N155"}, "package_id": "PKG43735", "payload": {"status": "DELIVERED"}, "sent_ts": 1758743737057, "arrival_ts": 1758743737116}
{"action": "recv", "src": "AN-N142", "dst": "AF-N148", "hlc": {"phys": 1758753086288, "cnt": 0, "node": "AN-N142"}, "package_id": "PKG53054", "payload": {"status": "CREATED"}, "sent_ts": 1758753054868, "arrival_ts": 1758753054986}
{"action": "recv", "src": "AN-N142", "dst": "AF-N148", "hlc": {"phys": 1758753086623, "cnt": 0, "node": "AN-N142"}, "package_id": "PKG53054", "payload": {"status": "SENT"}, "sent_ts": 1758753055203, "arrival_ts": 1758753055261}
{"action": "recv", "src": "AN-N142", "dst": "AF-N148", "hlc": {"phys": 1758753086882, "cnt": 0, "node": "AN-N142"}, "package_id": "PKG53054", "payload": {"status": "IN_TRANSIT"}, "sent_ts": 1758753055462, "arrival_ts": 1758753055634}
{"action": "recv", "src": "AN-N142", "dst": "AF-N148", "hlc": {"phys": 1758753087261, "cnt": 0, "node": "AN-N142"}, "package_id": "PKG53054", "payload": {"status": "RECEIVED"}, "sent_ts": 1758753055841, "arrival_ts": 1758753055906}
{"action": "recv", "src": "AN-N142", "dst": "AF-N148", "hlc": {"phys": 1758753087547, "cnt": 0, "node": "AN-N142"}, "package_id": "PKG53054", "payload": {"status": "DELIVERED"}, "sent_ts": 1758753056127, "arrival_ts": 1758753056197}
{"action": "send", "src": "AF-N148", "dst": "EU-N186", "hlc": {"phys": 1758754968571, "cnt": 0, "node": "AF-N148"}, "package_id": "PKG54952", "payload": {"status": "CREATED"}, "sent_ts": 1758754952091, "arrival_ts": 1758754952091}
{"action": "send", "src": "AF-N148", "dst": "EU-N186", "hlc": {"phys": 1758754968899, "cnt": 0, "node": "AF-N148"}, "package_id": "PKG54952", "payload": {"status": "SENT"}, "sent_ts": 1758754952419, "arrival_ts": 1758754952419}
{"action": "send", "src": "AF-N148", "dst": "EU-N186", "hlc": {"phys": 1758754969304, "cnt": 0, "node": "AF-N148"}, "package_id": "PKG54952", "payload": {"status": "IN_TRANSIT"}, "sent_ts": 1758754952824, "arrival_ts": 1758754952824}
{"action": "send", "src": "AF-N148", "dst": "EU-N186", "hlc": {"phys": 1758754969646, "cnt": 0, "node": "AF-N148"}, "package_id": "PKG54952", "payload": {"status": "RECEIVED"}, "sent_ts": 1758754953166, "arrival_ts": 1758754953166}
{"action": "send", "src": "AF-N148", "dst": "EU-N186", "hlc": {"phys": 1758754969879, "cnt": 0, "node": "AF-N148"}, "package_id": "PKG54952", "payload": {"status": "DELIVERED"}, "sent_ts": 1758754953399, "arrival_ts": 1758754953399}
{"action": "recv", "src": "AS-N126", "dst": "AF-N148", "hlc": {"phys": 1758756105634, "cnt": 0, "node": "AS-N126"}, "package_id": "PKG56094", "payload": {"status": "CREATED"}, "sent_ts": 1758756094374, "arrival_ts": 1758756094432}
{"action": "recv", "src": "AS-N126", "dst": "AF-N148", "hlc": {"phys": 1758756105906, "cnt": 0, "node": "AS-N126"}, "package_id": "PKG56094", "payload": {"status": "SENT"}, "sent_ts": 1758756094646, "arrival_ts": 1758756094738}
{"action": "recv", "src": "AS-N126", "dst": "AF-N148", "hlc": {"phys": 1758756106214, "cnt": 0, "node": "AS-N126"}, "package_id": "PKG56094", "payload": {"status": "IN_TRANSIT"}, "sent_ts": 1758756094954, "arrival_ts": 1758756094974}
{"action": "recv", "src": "AS-N126", "dst": "AF-N148", "hlc": {"phys": 1758756106439, "cnt": 0, "node": "AS-N126"}, "package_id": "PKG56094", "payload": {"status": "RECEIVED"}, "sent_ts": 1758756095179, "arrival_ts": 1758756095192}
{"action": "recv", "src": "AS-N126", "dst": "AF-N148", "hlc": {"phys": 1758756106664, "cnt": 0, "node": "AS-N126"}, "package_id": "PKG56094", "payload": {"status": "DELIVERED"}, "sent_ts": 1758756095404, "arrival_ts": 1758756095540}
{"action": "send", "src": "AF-N148", "dst": "AF-N99", "hlc": {"phys": 1758759830803, "cnt": 0, "node": "AF-N148"}, "package_id": "PKG59814", "payload": {"status": "CREATED"}, "sent_ts": 1758759814323, "arrival_ts": 1758759814323}
{"action": "send", "src": "AF-N148", "dst": "AF-N99", "hlc": {"phys": 1758759831146, "cnt": 0, "node": "AF-N148"}, "package_id": "PKG59814", "payload": {"status": "SENT"}, "sent_ts": 1758759814666, "arrival_ts": 1758759814666}
{"action": "send", "src": "AF-N148", "dst": "AF-N99", "hlc": {"phys": 1758759831458, "cnt": 0, "node": "AF-N148"}, "package_id": "PKG59814", "payload": {"status": "IN_TRANSIT"}, "sent_ts": 1758759814978, "arrival_ts": 1758759814978}
{"action": "send", "src": "AF-N148", "dst": "AF-N99", "hlc": {"phys": 1758759831707, "cnt": 0, "node": "AF-N148"}, "package_id": "PKG59814", "payload": {"status": "RECEIVED"}, "sent_ts": 1758759815227, "arrival_ts": 1758759815227}
{"action": "send", "src": "AF-N148", "dst": "AF-N99", "hlc": {"phys": 1758759832032, "cnt": 0, "node": "AF-N148"}, "package_id": "PKG59814", "payload": {"status": "DELIVERED"}, "sent_ts": 1758759815552, "arrival_ts": 1758759815552}
{"action": "send", "src": "AF-N148", "dst": "AU-N1", "hlc": {"phys": 1758759867560, "cnt": 0, "node": "AF-N148"}, "package_id": "PKG59851", "payload": {"status": "CREATED"}, "sent_ts": 1758759851080, "arrival_ts": 1758759851080}
{"action": "send", "src": "AF-N148", "dst": "AU-N1", "hlc": {"phys": 1758759867840, "cnt": 0, "node": "AF-N148"}, "package_id": "PKG59851", "payload": {"status": "SENT"}, "sent_ts": 1758759851360, "arrival_ts": 1758759851360}
{"action": "send", "src": "AF-N148", "dst": "AU-N1", "hlc": {"phys": 1758759868073, "cnt": 0, "node": "AF-N148"}, "package_id": "PKG59851", "payload": {"status": "IN_TRANSIT"}, "sent_ts": 1758759851592, "arrival_ts": 1758759851593}
{"action": "send", "src": "AF-N148", "dst": "AU-N1", "hlc": {"phys": 1758759868368, "cnt": 0, "node": "AF-N148"}, "package_id": "PKG59851", "payload": {"status": "RECEIVED"}, "sent_ts": 1758759851888, "arrival_ts": 1758759851888}
{"action": "send", "src": "AF-N148", "dst": "AU-N1", "hlc": {"phys": 1758759868601, "cnt": 0, "node": "AF-N148"}, "package_id": "PKG59851", "payload": {"status": "DELIVERED"}, "sent_ts": 1758759852121, "arrival_ts": 1758759852121}
{"action": "recv", "src": "AS-N176", "dst": "AF-N148", "hlc": {"phys": 1758760444725, "cnt": 0, "node": "AS-N176"}, "package_id": "PKG60432", "payload": {"status": "CREATED"}, "sent_ts": 1758760432965, "arrival_ts": 1758760433109}
{"action": "recv", "src": "AS-N176", "dst": "AF-N148", "hlc": {"phys": 1758760445080, "cnt": 0, "node": "AS-N176"}, "package_id": "PKG60432", "payload": {"status": "SENT"}, "sent_ts": 1758760433319, "arrival_ts": 1758760433437}
{"action": "recv", "src": "AS-N176", "dst": "AF-N148", "hlc": {"phys": 1758760445417, "cnt": 0, "node": "AS-N176"}, "package_id": "PKG60432", "payload": {"status": "IN_TRANSIT"}, "sent_ts": 1758760433657, "arrival_ts": 1758760433679}
{"action": "recv", "src": "AS-N176", "dst": "AF-N148", "hlc": {"phys": 1758760445646, "cnt": 0, "node": "AS-N176"}, "package_id": "PKG60432", "payload": {"status": "RECEIVED"}, "sent_ts": 1758760433886, "arrival_ts": 1758760434042}
{"action": "recv", "src": "AS-N176", "dst": "AF-N148", "hlc": {"phys": 1758760446018, "cnt": 0, "node": "AS-N176"}, "package_id": "PKG60432", "payload": {"status": "DELIVERED"}, "sent_ts": 1758760434258, "arrival_ts": 1758760434344}
{"action": "send", "src": "AF-N148", "dst": "AN-N76", "hlc": {"phys": 1758760731916, "cnt": 0, "node": "AF-N148"}, "package_id": "PKG60715", "payload": {"status": "CREATED"}, "sent_ts": 1758760715436, "arrival_ts": 1758760715436}
{"action": "send", "src": "AF-N148", "dst": "AN-N76", "hlc": {"phys": 1758760732243, "cnt": 0, "node": "AF-N148"}, "package_id": "PKG60715", "payload": {"status": "SENT"}, "sent_ts": 1758760715763, "arrival_ts": 1758760715763}
{"action": "send", "src": "AF-N148", "dst": "AN-N76", "hlc": {"phys": 1758760732585, "cnt": 0, "node": "AF-N148"}, "package_id": "PKG60715", "payload": {"status": "IN_TRANSIT"}, "sent_ts": 1758760716105, "arrival_ts": 1758760716105}
{"action": "send", "src": "AF-N148", "dst": "AN-N76", "hlc": {"phys": 1758760732986, "cnt": 0, "node": "AF-N148"}, "package_id": "PKG60715", "payload": {"status": "RECEIVED"}, "sent_ts": 1758760716506, "arrival_ts": 1758760716506}
{"action": "send", "src": "AF-N148", "dst": "AN-N76", "hlc": {"phys": 1758760733341, "cnt": 0, "node": "AF-N148"}, "package_id": "PKG60715", "payload": {"status": "DELIVERED"}, "sent_ts": 1758760716861, "arrival_ts": 1758760716861}
{"action": "recv", "src": "EU-N129", "dst": "AF-N148", "hlc": {"phys": 1758763213830, "cnt": 0, "node": "EU-N129"}, "package_id": "PKG63207", "payload": {"status": "CREATED"}, "sent_ts": 1758763207540, "arrival_ts": 1758763207668}
{"action": "recv", "src": "EU-N129", "dst": "AF-N148", "hlc": {"phys": 1758763214170, "cnt": 0, "node": "EU-N129"}, "package_id": "PKG63207", "payload": {"status": "SENT"}, "sent_ts": 1758763207880, "arrival_ts": 1758763207956}
{"action": "recv", "src": "EU-N129", "dst": "AF-N148", "hlc": {"phys": 1758763214457, "cnt": 0, "node": "EU-N129"}, "package_id": "PKG63207", "payload": {"status": "IN_TRANSIT"}, "sent_ts": 1758763208167, "arrival_ts": 1758763208353}
{"action": "recv", "src": "EU-N129", "dst": "AF-N148", "hlc": {"phys": 1758763214840, "cnt": 0, "node": "EU-N129"}, "package_id": "PKG63207", "payload": {"status": "RECEIVED"}, "sent_ts": 1758763208550, "arrival_ts": 1758763208615}
{"action": "recv", "src": "EU-N129", "dst": "AF-N148", "hlc": {"phys": 1758763215111, "cnt": 0, "node": "EU-N129"}, "package_id": "PKG63207", "payload": {"status": "DELIVERED"}, "sent_ts": 1758763208821, "arrival_ts": 1758763208930}
{"action": "send", "src": "AF-N148", "dst": "EU-N89", "hlc": {"phys": 1758765267148, "cnt": 0, "node": "AF-N148"}, "package_id": "PKG65250", "payload": {"status": "CREATED"}, "sent_ts": 1758765250668, "arrival_ts": 1758765250668}
{"action": "send", "src": "AF-N148", "dst": "EU-N89", "hlc": {"phys": 1758765267562, "cnt": 0, "node": "AF-N148"}, "package_id": "PKG65250", "payload": {"status": "SENT"}, "sent_ts": 1758765251082, "arrival_ts": 1758765251082}
{"action": "send", "src": "AF-N148", "dst": "EU-N89", "hlc": {"phys": 1758765267960, "cnt": 0, "node": "AF-N148"}, "package_id": "PKG65250", "payload": {"status": "IN_TRANSIT"}, "sent_ts": 1758765251480, "arrival_ts": 1758765251480}
{"action": "send", "src": "AF-N148", "dst": "EU-N89", "hlc": {"phys": 1758765268231, "cnt": 0, "node": "AF-N148"}, "package_id": "PKG65250", "payload": {"status": "RECEIVED"}, "sent_ts": 1758765251751, "arrival_ts": 1758765251751}
{"action": "send", "src": "AF-N148", "dst": "EU-N89", "hlc": {"phys": 1758765268516, "cnt": 0, "node": "AF-N148"}, "package_id": "PKG65250", "payload": {"status": "DELIVERED"}, "sent_ts": 1758765252036, "arrival_ts": 1758765252036}
{"action": "recv", "src": "AS-N10", "dst": "AF-N148", "hlc": {"phys": 1758800504430, "cnt": 0, "node": "AS-N10"}, "package_id": "PKG494", "payload": {"status": "CREATED"}, "sent_ts": 1758800494330, "arrival_ts": 1758800494453}
{"action": "recv", "src": "AS-N10", "dst": "AF-N148", "hlc": {"phys": 1758800504756, "cnt": 0, "node": "AS-N10"}, "package_id": "PKG494", "payload": {"status": "SENT"}, "sent_ts": 1758800494656, "arrival_ts": 1758800494725}
{"action": "recv", "src": "AS-N10", "dst": "AF-N148", "hlc": {"phys": 1758800505023, "cnt": 0, "node": "AS-N10"}, "package_id": "PKG494", "payload": {"status": "IN_TRANSIT"}, "sent_ts": 1758800494923, "arrival_ts": 1758800495025}
{"action": "recv", "src": "AS-N10", "dst": "AF-N148", "hlc": {"phys": 1758800505332, "cnt": 0, "node": "AS-N10"}, "package_id": "PKG494", "payload": {"status": "RECEIVED"}, "sent_ts": 1758800495232, "arrival_ts": 1758800495350}
{"action": "recv", "src": "AS-N10", "dst": "AF-N148", "hlc": {"phys": 1758800505656, "cnt": 0, "node": "AS-N10"}, "package_id": "PKG494", "payload": {"status": "DELIVERED"}, "sent_ts": 1758800495556, "arrival_ts": 1758800495603}
{"action": "recv", "src": "AF-N101", "dst": "AF-N148", "hlc": {"phys": 1758803358167, "cnt": 0, "node": "AF-N101"}, "package_id": "PKG3342", "payload": {"status": "CREATED"}, "sent_ts": 1758803342157, "arrival_ts": 1758803342336}
{"action": "recv", "src": "AF-N101", "dst": "AF-N148", "hlc": {"phys": 1758803358552, "cnt": 0, "node": "AF-N101"}, "package_id": "PKG3342", "payload": {"status": "SENT"}, "sent_ts": 1758803342542, "arrival_ts": 1758803342665}
{"action": "recv", "src": "AF-N101", "dst": "AF-N148", "hlc": {"phys": 1758803358882, "cnt": 0, "node": "AF-N101"}, "package_id": "PKG3342", "payload": {"status": "IN_TRANSIT"}, "sent_ts": 1758803342872, "arrival_ts": 1758803343037}
{"action": "recv", "src": "AF-N101", "dst": "AF-N148", "hlc": {"phys": 1758803359262, "cnt": 0, "node": "AF-N101"}, "package_id": "PKG3342", "payload": {"status": "RECEIVED"}, "sent_ts": 1758803343252, "arrival_ts": 1758803343329}
{"action": "recv", "src": "AF-N101", "dst": "AF-N148", "hlc": {"phys": 1758803359547, "cnt": 0, "node": "AF-N101"}, "package_id": "PKG3342", "payload": {"status": "DELIVERED"}, "sent_ts": 1758803343537, "arrival_ts": 1758803343564}
{"action": "send", "src": "AF-N148", "dst": "AN-N84", "hlc": {"phys": 1758804910035, "cnt": 0, "node": "AF-N148"}, "package_id": "PKG4893", "payload": {"status": "CREATED"}, "sent_ts": 1758804893555, "arrival_ts": 1758804893555}
{"action": "send", "src": "AF-N148", "dst": "AN-N84", "hlc": {"phys": 1758804910360, "cnt": 0, "node": "AF-N148"}, "package_id": "PKG4893", "payload": {"status": "SENT"}, "sent_ts": 1758804893880, "arrival_ts": 1758804893880}
{"action": "send", "src": "AF-N148", "dst": "AN-N84", "hlc": {"phys": 1758804910621, "cnt": 0, "node": "AF-N148"}, "package_id": "PKG4893", "payload": {"status": "IN_TRANSIT"}, "sent_ts": 1758804894141, "arrival_ts": 1758804894141}
{"action": "send", "src": "AF-N148", "dst": "AN-N84", "hlc": {"phys": 1758804911020, "cnt": 0, "node": "AF-N148"}, "package_id": "PKG4893", "payload": {"status": "RECEIVED"}, "sent_ts": 1758804894540, "arrival_ts": 1758804894540}
{"action": "send", "src": "AF-N148", "dst": "AN-N84", "hlc": {"phys": 1758804911296, "cnt": 0, "node": "AF-N148"}, "package_id": "PKG4893", "payload": {"status": "DELIVERED"}, "sent_ts": 1758804894816, "arrival_ts": 1758804894816}
{"action": "send", "src": "AF-N148", "dst": "SA-N24", "hlc": {"phys": 1758808148847, "cnt": 0, "node": "AF-N148"}, "package_id": "PKG8132", "payload": {"status": "CREATED"}, "sent_ts": 1758808132367, "arrival_ts": 1758808132367}
{"action": "send", "src": "AF-N148", "dst": "SA-N24", "hlc": {"phys": 1758808149312, "cnt": 0, "node": "AF-N148"}, "package_id": "PKG8132", "payload": {"status": "SENT"}, "sent_ts": 1758808132832, "arrival_ts": 1758808132832}
{"action": "send", "src": "AF-N148", "dst": "SA-N24", "hlc": {"phys": 1758808149629, "cnt": 0, "node": "AF-N148"}, "package_id": "PKG8132", "payload": {"status": "IN_TRANSIT"}, "sent_ts": 1758808133149, "arrival_ts": 1758808133149}
{"action": "send", "src": "AF-N148", "dst": "SA-N24", "hlc": {"phys": 1758808150052, "cnt": 0, "node": "AF-N148"}, "package_id": "PKG8132", "payload": {"status": "RECEIVED"}, "sent_ts": 1758808133572, "arrival_ts": 1758808133572}
{"action": "send", "src": "AF-N148", "dst": "SA-N24", "hlc": {"phys": 1758808150319, "cnt": 0, "node": "AF-N148"}, "package_id": "PKG8132", "payload": {"status": "DELIVERED"}, "sent_ts": 1758808133839, "arrival_ts": 1758808133839}
{"action": "send", "src": "AF-N148", "dst": "NA-N185", "hlc": {"phys": 1758812171793, "cnt": 0, "node": "AF-N148"}, "package_id": "PKG12155", "payload": {"status": "CREATED"}, "sent_ts": 1758812155313, "arrival_ts": 1758812155313}
{"action": "send", "src": "AF-N148", "dst": "NA-N185", "hlc": {"phys": 1758812172162, "cnt": 0, "node": "AF-N148"}, "package_id": "PKG12155", "payload": {"status": "SENT"}, "sent_ts": 1758812155682, "arrival_ts": 1758812155682}
{"action": "send", "src": "AF-N148", "dst": "NA-N185", "hlc": {"phys": 1758812172394, "cnt": 0, "node": "AF-N148"}, "package_id": "PKG12155", "payload": {"status": "IN_TRANSIT"}, "sent_ts": 1758812155914, "arrival_ts": 1758812155914}
{"action": "send", "src": "AF-N148", "dst": "NA-N185", "hlc": {"phys": 1758812172763, "cnt": 0, "node": "AF-N148"}, "package_id": "PKG12155", "payload": {"status": "RECEIVED"}, "sent_ts": 1758812156283, "arrival_ts": 1758812156283}
{"action": "send", "src": "AF-N148", "dst": "NA-N185", "hlc": {"phys": 1758812173151, "cnt": 0, "node": "AF-N148"}, "package_id": "PKG12155", "payload": {"status": "DELIVERED"}, "sent_ts": 1758812156671, "arrival_ts": 1758812156671}
