{"action": "send", "src": "AF-N78", "dst": "EU-N79", "hlc": {"phys": 1758713676164, "cnt": 0, "node": "AF-N78"}, "package_id": "PKG13660", "payload": {"status": "CREATED"}, "sent_ts": 1758713660384, "arrival_ts": 1758713660384}
{"action": "send", "src": "AF-N78", "dst": "EU-N79", "hlc": {"phys": 1758713676481, "cnt": 0, "node": "AF-N78"}, "package_id": "PKG13660", "payload": {"status": "SENT"}, "sent_ts": 1758713660701, "arrival_ts": 1758713660701}
{"action": "send", "src": "AF-N78", "dst": "EU-N79", "hlc": {"phys": 1758713676713, "cnt": 0, "node": "AF-N78"}, "package_id": "PKG13660", "payload": {"status": "IN_TRANSIT"}, "sent_ts": 1758713660933, "arrival_ts": 1758713660933}
{"action": "send", "src": "AF-N78", "dst": "EU-N79", "hlc": {"phys": 1758713676998, "cnt": 0, "node": "AF-N78"}, "package_id": "PKG13660", "payload": {"status": "RECEIVED"}, "sent_ts": 1758713661218, "arrival_ts": 1758713661218}
{"action": "send", "src": "AF-N78", "dst": "EU-N79", "hlc": {"phys": 1758713677371, "cnt": 0, "node": "AF-N78"}, "package_id": "PKG13660", "payload": {"status": "DELIVERED"}, "sent_ts": 1758713661591, "arrival_ts": 1758713661591}
{"action": "send", "src": "AF-N78", "dst": "AN-N145", "hlc": {"phys": 1758716871012, "cnt": 0, "node": "AF-N78"}, "package_id": "PKG16855", "payload": {"status": "CREATED"}, "sent_ts": 1758716855232, "arrival_ts": 1758716855232}
{"action": "send", "src": "AF-N78", "dst": "AN-N145", "hlc": {"phys": 1758716871280, "cnt": 0, "node": "AF-N78"}, "package_id": "PKG16855", "payload": {"status": "SENT"}, "sent_ts": 1758716855500, "arrival_ts": 1758716855500}
{"action": "send", "src": "AF-N78", "dst": "AN-N145", "hlc": {"phys": 1758716871533, "cnt": 0, "node": "AF-N78"}, "package_id": "PKG16855", "payload": {"status": "IN_TRANSIT"}, "sent_ts": 1758716855753, "arrival_ts": 1758716855753}
{"action": "send", "src": "AF-N78", "dst": "AN-N145", "hlc": {"phys": 1758716871849, "cnt": 0, "node": "AF-N78"}, "package_id": "PKG16855", "payload": {"status": "RECEIVED"}, "sent_ts": 1758716856069, "arrival_ts": 1758716856069}
{"action": "send", "src": "AF-N78", "dst": "AN-N145", "hlc": {"phys": 1758716872202, "cnt": 0, "node": "AF-N78"}, "package_id": "PKG16855", "payload": {"status": "DELIVERED"}, "sent_ts": 1758716856422, "arrival_ts": 1758716856422}
{"action": "recv", "src": "EU-N18", "dst": "AF-N78", "hlc": {"phys": 1758717213751, "cnt": 0, "node": "EU-N18"}, "package_id": "PKG17208", "payload": {"status": "CREATED"}, "sent_ts": 1758717208571, "arrival_ts": 1758717208600}
{"action": "recv", "src": "EU-N18", "dst": "AF-N78", "hlc": {"phys": 1758717213987, "cnt": 0, "node": "EU-N18"}, "package_id": "PKG17208", "payload": {"status": "SENT"}, "sent_ts": 1758717208807, "arrival_ts": 1758717208862}
{"action": "recv", "src": "EU-N18", "dst": "AF-N78", "hlc": {"phys": 1758717214248, "cnt": 0, "node": "EU-N18"}, "package_id": "PKG17208", "payload": {"status": "IN_TRANSIT"}, "sent_ts": 1758717209068, "arrival_ts": 1758717209094}
{"action": "recv", "src": "EU-N18", "dst": "AF-N78", "hlc": {"phys": 1758717214484, "cnt": 0, "node": "EU-N18"}, "package_id": "PKG17208", "payload": {"status": "RECEIVED"}, "sent_ts": 1758717209304, "arrival_ts": 1758717209416}
{"action": "recv", "src": "EU-N18", "dst": "AF-N78", "hlc": {"phys": 1758717214800, "cnt": 0, "node": "EU-N18"}, "package_id": "PKG17208", "payload": {"status": "DELIVERED"}, "sent_ts": 1758717209620, "arrival_ts": 1758717209652}
{"action": "recv", "src": "EU-N78", "dst": "AF-N78", "hlc": {"phys": 1758719099117, "cnt": 0, "node": "EU-N78"}, "package_id": "PKG19093", "payload": {"status": "CREATED"}, "sent_ts": 1758719093337, "arrival_ts": 1758719093508}
{"action": "recv", "src": "EU-N78", "dst": "AF-N78", "hlc": {"phys": 1758719099493, "cnt": 0, "node": "EU-N78"}, "package_id": "PKG19093", "payload": {"status": "SENT"}, "sent_ts": 1758719093713, "arrival_ts": 1758719093753}
{"action": "recv", "src": "EU-N78", "dst": "AF-N78", "hlc": {"phys": 1758719099741, "cnt": 0, "node": "EU-N78"}, "package_id": "PKG19093", "payload": {"status": "IN_TRANSIT"}, "sent_ts": 1758719093961, "arrival_ts": 1758719094076}
{"action": "recv", "src": "EU-N78", "dst": "AF-N78", "hlc": {"phys": 1758719100057, "cnt": 0, "node": "EU-N78"}, "package_id": "PKG19093", "payload": {"status": "RECEIVED"}, "sent_ts": 1758719094277, "arrival_ts": 1758719094401}
{"action": "recv", "src": "EU-N78", "dst": "AF-N78", "hlc": {"phys": 1758719100384, "cnt": 0, "node": "EU-N78"}, "package_id": "PKG19093", "payload": {"status": "DELIVERED"}, "sent_ts": 1758719094604, "arrival_ts": 1758719094684}
{"action": "send", "src": "AF-N78", "dst": "SA-N37", "hlc": {"phys": 1758739023539, "cnt": 0, "node": "AF-N78"}, "package_id": "PKG39007", "payload": {"status": "CREATED"}, "sent_ts": 1758739007759, "arrival_ts": 1758739007759}
{"action": "send", "src": "AF-N78", "dst": "SA-N37", "hlc": {"phys": 1758739023883, "cnt": 0, "node": "AF-N78"}, "package_id": "PKG39007", "payload": {"status": "SENT"}, "sent_ts": 1758739008103, "arrival_ts": 1758739008103}
{"action": "send", "src": "AF-N78", "dst": "SA-N37", "hlc": {"phys": 1758739024248, "cnt": 0, "node": "AF-N78"}, "package_id": "PKG39007", "payload": {"status": "IN_TRANSIT"}, "sent_ts": 1758739008468, "arrival_ts": 1758739008468}
{"action": "send", "src": "AF-N78", "dst": "SA-N37", "hlc": {"phys": 1758739024469, "cnt": 0, "node": "AF-N78"}, "package_id": "PKG39007", "payload": {"status": "RECEIVED"}, "sent_ts": 1758739008689, "arrival_ts": 1758739008689}
{"action": "send", "src": "AF-N78", "dst": "SA-N37", "hlc": {"phys": 1758739024794, "cnt": 0, "node": "AF-N78"}, "package_id": "PKG39007", "payload": {"status": "DELIVERED"}, "sent_ts": 1758739009014, "arrival_ts": 1758739009014}
{"action": "send", "src": "AF-N78", "dst": "AN-N156", "hlc": {"phys": 1758740065917, "cnt": 0, "node": "AF-N78"}, "package_id": "PKG40050", "payload": {"status": "CREATED"}, "sent_ts": 1758740050137, "arrival_ts": 1758740050137}
{"action": "send", "src": "AF-N78", "dst": "AN-N156", "hlc": {"phys": 1758740066143, "cnt": 0, "node": "AF-N78"}, "package_id": "PKG40050", "payload": {"status": "SENT"}, "sent_ts": 1758740050363, "arrival_ts": 1758740050363}
{"action": "send", "src": "AF-N78", "dst": "AN-N156", "hlc": {"phys": 1758740066485, "cnt": 0, "node": "AF-N78"}, "package_id": "PKG40050", "payload": {"status": "IN_TRANSIT"}, "sent_ts": 1758740050705, "arrival_ts": 1758740050705}
{"action": "send", "src": "AF-N78", "dst": "AN-N156", "hlc": {"phys": 1758740066902, "cnt": 0, "node": "AF-N78"}, "package_id": "PKG40050", "payload": {"status": "RECEIVED"}, "sent_ts": 1758740051122, "arrival_ts": 1758740051122}
{"action": "send", "src": "AF-N78", "dst": "AN-N156", "hlc": {"phys": 1758740067132, "cnt": 0, "node": "AF-N78"}, "package_id": "PKG40050", "payload": {"status": "DELIVERED"}, "sent_ts": 1758740051352, "arrival_ts": 1758740051352}
{"action": "recv", "src": "AS-N6", "dst": "AF-N78", "hlc": {"phys": 1758741105188, "cnt": 0, "node": "AS-N6"}, "package_id": "PKG41095", "payload": {"status": "CREATED"}, "sent_ts": 1758741095128, "arrival_ts": 1758741095162}
{"action": "recv", "src": "AS-N6", "dst": "AF-N78", "hlc": {"phys": 1758741105424, "cnt": 0, "node": "AS-N6"}, "package_id": "PKG41095", "payload": {"status": "SENT"}, "sent_ts": 1758741095364, "arrival_ts": 1758741095450}
{"action": "recv", "src": "AS-N6", "dst": "AF-N78", "hlc": {"phys": 1758741105707, "cnt": 0, "node": "AS-N6"}, "package_id": "PKG41095", "payload": {"status": "IN_TRANSIT"}, "sent_ts": 1758741095647, "arrival_ts": 1758741095831}
{"action": "recv", "src": "AS-N6", "dst": "AF-N78", "hlc": {"phys": 1758741106104, "cnt": 0, "node": "AS-N6"}, "package_id": "PKG41095", "payload": {"status": "RECEIVED"}, "sent_ts": 1758741096042, "arrival_ts": 1758741096071}
{"action": "recv", "src": "AS-N6", "dst": "AF-N78", "hlc": {"phys": 1758741106349, "cnt": 0, "node": "AS-N6"}, "package_id": "PKG41095", "payload": {"status": "DELIVERED"}, "sent_ts": 1758741096289, "arrival_ts": 1758741096400}
{"action": "send", "src": "AF-N78", "dst": "SA-N107", "hlc": {"phys": 1758744296609, "cnt": 0, "node": "AF-N78"}, "package_id": "PKG44280", "payload": {"status": "CREATED"}, "sent_ts": 1758744280829, "arrival_ts": 1758744280829}
{"action": "send", "src": "AF-N78", "dst": "SA-N107", "hlc": {"phys": 1758744296978, "cnt": 0, "node": "AF-N78"}, "package_id": "PKG44280", "payload": {"status": "SENT"}, "sent_ts": 1758744281198, "arrival_ts": 1758744281198}
{"action": "send", "src": "AF-N78", "dst": "SA-N107", "hlc": {"phys": 1758744297224, "cnt": 0, "node": "AF-N78"}, "package_id": "PKG44280", "payload": {"status": "IN_TRANSIT"}, "sent_ts": 1758744281444, "arrival_ts": 1758744281444}
{"action": "send", "src": "AF-N78", "dst": "SA-N107", "hlc": {"phys": 1758744297439, "cnt": 0, "node": "AF-N78"}, "package_id": "PKG44280", "payload": {"status": "RECEIVED"}, "sent_ts": 1758744281659, "arrival_ts": 1758744281659}
{"action": "send", "src": "AF-N78", "dst": "SA-N107", "hlc": {"phys": 1758744297702, "cnt": 0, "node": "AF-N78"}, "package_id": "PKG44280", "payload": {"status": "DELIVERED"}, "sent_ts": 1758744281922, "arrival_ts": 1758744281922}
{"action": "recv", "src": "NA-N70", "dst": "AF-N78", "hlc": {"phys": 1758744536655, "cnt": 0, "node": "NA-N70"}, "package_id": "PKG44535", "payload": {"status": "CREATED"}, "sent_ts": 1758744535955, "arrival_ts": 1758744536146}
{"action": "recv", "src": "NA-N70", "dst": "AF-N78", "hlc": {"phys": 1758744537045, "cnt": 0, "node": "NA-N70"}, "package_id": "PKG44535", "payload": {"status": "SENT"}, "sent_ts": 1758744536345, "arrival_ts": 1758744536422}
{"action": "recv", "src": "NA-N70", "dst": "AF-N78", "hlc": {"phys": 1758744537331, "cnt": 0, "node": "NA-N70"}, "package_id": "PKG44535", "payload": {"status": "IN_TRANSIT"}, "sent_ts": 1758744536631, "arrival_ts": 1758744536706}
{"action": "recv", "src": "NA-N70", "dst": "AF-N78", "hlc": {"phys": 1758744537626, "cnt": 0, "node": "NA-N70"}, "package_id": "PKG44535", "payload": {"status": "RECEIVED"}, "sent_ts": 1758744536925, "arrival_ts": 1758744537119}
{"action": "recv", "src": "NA-N70", "dst": "AF-N78", "hlc": {"phys": 1758744538025, "cnt": 0, "node": "NA-N70"}, "package_id": "PKG44535", "payload": {"status": "DELIVERED"}, "sent_ts": 1758744537325, "arrival_ts": 1758744537361}
{"action": "recv", "src": "AN-N92", "dst": "AF-N78", "hlc": {"phys": 1758747008042, "cnt": 0, "node": "AN-N92"}, "package_id": "PKG46977", "payload": {"status": "CREATED"}, "sent_ts": 1758746977122, "arrival_ts": 1758746977285}
{"action": "recv", "src": "AN-N92", "dst": "AF-N78", "hlc": {"phys": 1758747008412, "cnt": 0, "node": "AN-N92"}, "package_id": "PKG46977", "payload": {"status": "SENT"}, "sent_ts": 1758746977492, "arrival_ts": 1758746977650}
{"action": "recv", "src": "AN-N92", "dst": "AF-N78", "hlc": {"phys": 1758747008773, "cnt": 0, "node": "AN-N92"}, "package_id": "PKG46977", "payload": {"status": "IN_TRANSIT"}, "sent_ts": 1758746977853, "arrival_ts": 1758746977925}
{"action": "recv", "src": "AN-N92", "dst": "AF-N78", "hlc": {"phys": 1758747009045, "cnt": 0, "node": "AN-N92"}, "package_id": "PKG46977", "payload": {"status": "RECEIVED"}, "sent_ts": 1758746978125, "arrival_ts": 1758746978160}
{"action": "recv", "src": "AN-N92", "dst": "AF-N78", "hlc": {"phys": 1758747009293, "cnt": 0, "node": "AN-N92"}, "package_id": "PKG46977", "payload": {"status": "DELIVERED"}, "sent_ts": 1758746978373, "arrival_ts": 1758746978536}
{"action": "send", "src": "AF-N78", "dst": "AF-N66", "hlc": {"phys": 1758748608336, "cnt": 0, "node": "AF-N78"}, "package_id": "PKG48592", "payload": {"status": "CREATED"}, "sent_ts": 1758748592556, "arrival_ts": 1758748592556}
{"action": "send", "src": "AF-N78", "dst": "AF-N66", "hlc": {"phys": 1758748608736, "cnt": 0, "node": "AF-N78"}, "package_id": "PKG48592", "payload": {"status": "SENT"}, "sent_ts": 1758748592956, "arrival_ts": 1758748592956}
{"action": "send", "src": "AF-N78", "dst": "AF-N66", "hlc": {"phys": 1758748609092, "cnt": 0, "node": "AF-N78"}, "package_id": "PKG48592", "payload": {"status": "IN_TRANSIT"}, "sent_ts": 1758748593312, "arrival_ts": 1758748593312}
{"action": "send", "src": "AF-N78", "dst": "AF-N66", "hlc": {"phys": 1758748609494, "cnt": 0, "node": "AF-N78"}, "package_id": "PKG48592", "payload": {"status": "RECEIVED"}, "sent_ts": 1758748593714, "arrival_ts": 1758748593714}
{"action": "send", "src": "AF-N78", "dst": "AF-N66", "hlc": {"phys": 1758748609725, "cnt": 0, "node": "AF-N78"}, "package_id": "PKG48592", "payload": {"status": "DELIVERED"}, "sent_ts": 1758748593945, "arrival_ts": 1758748593945}
{"action": "recv", "src": "AF-N45", "dst": "AF-N78", "hlc": {"phys": 1758749030721, "cnt": 0, "node": "AF-N45"}, "package_id": "PKG49015", "payload": {"status": "CREATED"}, "sent_ts": 1758749015271, "arrival_ts": 1758749015361}
{"action": "recv", "src": "AF-N45", "dst": "AF-N78", "hlc": {"phys": 1758749031013, "cnt": 0, "node": "AF-N45"}, "package_id": "PKG49015", "payload": {"status": "SENT"}, "sent_ts": 1758749015563, "arrival_ts": 1758749015759}
{"action": "recv", "src": "AF-N45", "dst": "AF-N78", "hlc": {"phys": 1758749031417, "cnt": 0, "node": "AF-N45"}, "package_id": "PKG49015", "payload": {"status": "IN_TRANSIT"}, "sent_ts": 1758749015967, "arrival_ts": 1758749016069}
{"action": "recv", "src": "AF-N45", "dst": "AF-N78", "hlc": {"phys": 1758749031728, "cnt": 0, "node": "AF-N45"}, "package_id": "PKG49015", "payload": {"status": "RECEIVED"}, "sent_ts": 1758749016278, "arrival_ts": 1758749016390}
{"action": "recv", "src": "AF-N45", "dst": "AF-N78", "hlc": {"phys": 1758749032055, "cnt": 0, "node": "AF-N45"}, "package_id": "PKG49015", "payload": {"status": "DELIVERED"}, "sent_ts": 1758749016605, "arrival_ts": 1758749016714}
{"action": "send", "src": "AF-N78", "dst": "SA-N44", "hlc": {"phys": 1758749433299, "cnt": 0, "node": "AF-N78"}, "package_id": "PKG49417", "payload": {"status": "CREATED"}, "sent_ts": 1758749417519, "arrival_ts": 1758749417519}
{"action": "send", "src": "AF-N78", "dst": "SA-N44", "hlc": {"phys": 1758749433610, "cnt": 0, "node": "AF-N78"}, "package_id": "PKG49417", "payload": {"status": "SENT"}, "sent_ts": 1758749417830, "arrival_ts": 1758749417830}
{"action": "send", "src": "AF-N78", "dst": "SA-N44", "hlc": {"phys": 1758749433956, "cnt": 0, "node": "AF-N78"}, "package_id": "PKG49417", "payload": {"status": "IN_TRANSIT"}, "sent_ts": 1758749418176, "arrival_ts": 1758749418176}
{"action": "send", "src": "AF-N78", "dst": "SA-N44", "hlc": {"phys": 1758749434318, "cnt": 0, "node": "AF-N78"}, "package_id": "PKG49417", "payload": {"status": "RECEIVED"}, "sent_ts": 1758749418538, "arrival_ts": 1758749418538}
{"action": "send", "src": "AF-N78", "dst": "SA-N44", "hlc": {"phys": 1758749434664, "cnt": 0, "node": "AF-N78"}, "package_id": "PKG49417", "payload": {"status": "DELIVERED"}, "sent_ts": 1758749418884, "arrival_ts": 1758749418884}
{"action": "send", "src": "AF-N78", "dst": "EU-N163", "hlc": {"phys": 1758750005853, "cnt": 0, "node": "AF-N78"}, "package_id": "PKG49990", "payload": {"status": "CREATED"}, "sent_ts": 1758749990073, "arrival_ts": 1758749990073}
{"action": "send", "src": "AF-N78", "dst": "EU-N163", "hlc": {"phys": 1758750006148, "cnt": 0, "node": "AF-N78"}, "package_id": "PKG49990", "payload": {"status": "SENT"}, "sent_ts": 1758749990368, "arrival_ts": 1758749990368}
{"action": "send", "src": "AF-N78", "dst": "EU-N163", "hlc": {"phys": 1758750006429, "cnt": 0, "node": "AF-N78"}, "package_id": "PKG49990", "payload": {"status": "IN_TRANSIT"}, "sent_ts": 1758749990649, "arrival_ts": 1758749990649}
{"action": "send", "src": "AF-N78", "dst": "EU-N163", "hlc": {"phys": 1758750006722, "cnt": 0, "node": "AF-N78"}, "package_id": "PKG49990", "payload": {"status": "RECEIVED"}, "sent_ts": 1758749990942, "arrival_ts": 1758749990942}
{"action": "send", "src": "AF-N78", "dst": "EU-N163", "hlc": {"phys": 1758750007081, "cnt": 0, "node": "AF-N78"}, "package_id": "PKG49990", "payload": {"status": "DELIVERED"}, "sent_ts": 1758749991301, "arrival_ts": 1758749991301}
{"action": "recv", "src": "AN-N139", "dst": "AF-N78", "hlc": {"phys": 1758750406764, "cnt": 0, "node": "AN-N139"}, "package_id": "PKG50375", "payload": {"status": "CREATED"}, "sent_ts": 1758750375374, "arrival_ts": 1758750375405}
{"action": "recv", "src": "AN-N139", "dst": "AF-N78", "hlc": {"phys": 1758750407001, "cnt": 0, "node": "AN-N139"}, "package_id": "PKG50375", "payload": {"status": "SENT"}, "sent_ts": 1758750375611, "arrival_ts": 1758750375698}
{"action": "recv", "src": "AN-N139", "dst": "AF-N78", "hlc": {"phys": 1758750407298, "cnt": 0, "node": "AN-N139"}, "package_id": "PKG50375", "payload": {"status": "IN_TRANSIT"}, "sent_ts": 1758750375908, "arrival_ts": 1758750375936}
{"action": "recv", "src": "AN-N139", "dst": "AF-N78", "hlc": {"phys": 1758750407530, "cnt": 0, "node": "AN-N139"}, "package_id": "PKG50375", "payload": {"status": "RECEIVED"}, "sent_ts": 1758750376140, "arrival_ts": 1758750376187}
{"action": "recv", "src": "AN-N139", "dst": "AF-N78", "hlc": {"phys": 1758750407794, "cnt": 0, "node": "AN-N139"}, "package_id": "PKG50375", "payload": {"status": "DELIVERED"}, "sent_ts": 1758750376404, "arrival_ts": 1758750376598}
{"action": "send", "src": "AF-N78", "dst": "SA-N59", "hlc": {"phys": 1758751432486, "cnt": 0, "node": "AF-N78"}, "package_id": "PKG51416", "payload": {"status": "CREATED"}, "sent_ts": 1758751416706, "arrival_ts": 1758751416706}
{"action": "send", "src": "AF-N78", "dst": "SA-N59", "hlc": {"phys": 1758751432813, "cnt": 0, "node": "AF-N78"}, "package_id": "PKG51416", "payload": {"status": "SENT"}, "sent_ts": 1758751417033, "arrival_ts": 1758751417033}
{"action": "send", "src": "AF-N78", "dst": "SA-N59", "hlc": {"phys": 1758751433045, "cnt": 0, "node": "AF-N78"}, "package_id": "PKG51416", "payload": {"status": "IN_TRANSIT"}, "sent_ts": 1758751417265, "arrival_ts": 1758751417265}
{"action": "send", "src": "AF-N78", "dst": "SA-N59", "hlc": {"phys": 1758751433343, "cnt": 0, "node": "AF-N78"}, "package_id": "PKG51416", "payload": {"status": "RECEIVED"}, "sent_ts": 1758751417563, "arrival_ts": 1758751417563}
{"action": "send", "src": "AF-N78", "dst": "SA-N59", "hlc": {"phys": 1758751433684, "cnt": 0, "node": "AF-N78"}, "package_id": "PKG51416", "payload": {"status": "DELIVERED"}, "sent_ts": 1758751417904, "arrival_ts": 1758751417904}
{"action": "recv", "src": "AF-N197", "dst": "AF-N78", "hlc": {"phys": 1758755789848, "cnt": 0, "node": "AF-N197"}, "package_id": "PKG55772", "payload": {"status": "CREATED"}, "sent_ts": 1758755772878, "arrival_ts": 1758755773075}
{"action": "recv", "src": "AF-N197", "dst": "AF-N78", "hlc": {"phys": 1758755790249, "cnt": 0, "node": "AF-N197"}, "package_id": "PKG55772", "payload": {"status": "SENT"}, "sent_ts": 1758755773279, "arrival_ts": 1758755773376}
{"action": "recv", "src": "AF-N197", "dst": "AF-N78", "hlc": {"phys": 1758755790568, "cnt": 0, "node": "AF-N197"}, "package_id": "PKG55772", "payload": {"status": "IN_TRANSIT"}, "sent_ts": 1758755773598, "arrival_ts": 1758755773650}
{"action": "recv", "src": "AF-N197", "dst": "AF-N78", "hlc": {"phys": 1758755790827, "cnt": 0, "node": "AF-N197"}, "package_id": "PKG55772", "payload": {"status": "RECEIVED"}, "sent_ts": 1758755773857, "arrival_ts": 1758755773894}
{"action": "recv", "src": "AF-N197", "dst": "AF-N78", "hlc": {"phys": 1758755791079, "cnt": 0, "node": "AF-N197"}, "package_id": "PKG55772", "payload": {"status": "DELIVERED"}, "sent_ts": 1758755774109, "arrival_ts": 1758755774191}
{"action": "recv", "src": "AS-N154", "dst": "AF-N78", "hlc": {"phys": 1758761885487, "cnt": 0, "node": "AS-N154"}, "package_id": "PKG61873", "payload": {"status": "CREATED"}, "sent_ts": 1758761873947, "arrival_ts": 1758761874143}
{"action": "recv", "src": "AS-N154", "dst": "AF-N78", "hlc": {"phys": 1758761885898, "cnt": 0, "node": "AS-N154"}, "package_id": "PKG61873", "payload": {"status": "SENT"}, "sent_ts": 1758761874358, "arrival_ts": 1758761874503}
{"action": "recv", "src": "AS-N154", "dst": "AF-N78", "hlc": {"phys": 1758761886247, "cnt": 0, "node": "AS-N154"}, "package_id": "PKG61873", "payload": {"status": "IN_TRANSIT"}, "sent_ts": 1758761874707, "arrival_ts": 1758761874772}
{"action": "recv", "src": "AS-N154", "dst": "AF-N78", "hlc": {"phys": 1758761886526, "cnt": 0, "node": "AS-N154"}, "package_id": "PKG61873", "payload": {"status": "RECEIVED"}, "sent_ts": 1758761874986, "arrival_ts": 1758761875165}
{"action": "recv", "src": "AS-N154", "dst": "AF-N78", "hlc": {"phys": 1758761886901, "cnt": 0, "node": "AS-N154"}, "package_id": "PKG61873", "payload": {"status": "DELIVERED"}, "sent_ts": 1758761875361, "arrival_ts": 1758761875390}
{"action": "recv", "src": "NA-N65", "dst": "AF-N78", "hlc": {"phys": 1758764187184, "cnt": 0, "node": "NA-N65"}, "package_id": "PKG64186", "payload": {"status": "CREATED"}, "sent_ts": 1758764186534, "arrival_ts": 1758764186614}
{"action": "recv", "src": "NA-N65", "dst": "AF-N78", "hlc": {"phys": 1758764187461, "cnt": 0, "node": "NA-N65"}, "package_id": "PKG64186", "payload": {"status": "SENT"}, "sent_ts": 1758764186811, "arrival_ts": 1758764186951}
{"action": "recv", "src": "NA-N65", "dst": "AF-N78", "hlc": {"phys": 1758764187801, "cnt": 0, "node": "NA-N65"}, "package_id": "PKG64186", "payload": {"status": "IN_TRANSIT"}, "sent_ts": 1758764187151, "arrival_ts": 1758764187290}
{"action": "recv", "src": "NA-N65", "dst": "AF-N78", "hlc": {"phys": 1758764188141, "cnt": 0, "node": "NA-N65"}, "package_id": "PKG64186", "payload": {"status": "RECEIVED"}, "sent_ts": 1758764187491, "arrival_ts": 1758764187505}
{"action": "recv", "src": "NA-N65", "dst": "AF-N78", "hlc": {"phys": 1758764188371, "cnt": 0, "node": "NA-N65"}, "package_id": "PKG64186", "payload": {"status": "DELIVERED"}, "sent_ts": 1758764187721, "arrival_ts": 1758764187879}
{"action": "send", "src": "AF-N78", "dst": "AN-N160", "hlc": {"phys": 1758801046557, "cnt": 0, "node": "AF-N78"}, "package_id": "PKG1030", "payload": {"status": "CREATED"}, "sent_ts": 1758801030777, "arrival_ts": 1758801030777}
{"action": "send", "src": "AF-N78", "dst": "AN-N160", "hlc": {"phys": 1758801046928, "cnt": 0, "node": "AF-N78"}, "package_id": "PKG1030", "payload": {"status": "SENT"}, "sent_ts": 1758801031146, "arrival_ts": 1758801031148}
{"action": "send", "src": "AF-N78", "dst": "AN-N160", "hlc": {"phys": 1758801047142, "cnt": 0, "node": "AF-N78"}, "package_id": "PKG1030", "payload": {"status": "IN_TRANSIT"}, "sent_ts": 1758801031362, "arrival_ts": 1758801031362}
{"action": "send", "src": "AF-N78", "dst": "AN-N160", "hlc": {"phys": 1758801047478, "cnt": 0, "node": "AF-N78"}, "package_id": "PKG1030", "payload": {"status": "RECEIVED"}, "sent_ts": 1758801031698, "arrival_ts": 1758801031698}
{"action": "send", "src": "AF-N78", "dst": "AN-N160", "hlc": {"phys": 1758801047758, "cnt": 0, "node": "AF-N78"}, "package_id": "PKG1030", "payload": {"status": "DELIVERED"}, "sent_ts": 1758801031978, "arrival_ts": 1758801031978}
{"action": "send", "src": "AF-N78", "dst": "EU-N24", "hlc": {"phys": 1758803431354, "cnt": 0, "node": "AF-N78"}, "package_id": "PKG3415", "payload": {"status": "CREATED"}, "sent_ts": 1758803415574, "arrival_ts": 1758803415574}
{"action": "send", "src": "AF-N78", "dst": "EU-N24", "hlc": {"phys": 1758803431665, "cnt": 0, "node": "AF-N78"}, "package_id": "PKG3415", "payload": {"status": "SENT"}, "sent_ts": 1758803415885, "arrival_ts": 1758803415885}
{"action": "send", "src": "AF-N78", "dst": "EU-N24", "hlc": {"phys": 1758803431935, "cnt": 0, "node": "AF-N78"}, "package_id": "PKG3415", "payload": {"status": "IN_TRANSIT"}, "sent_ts": 1758803416155, "arrival_ts": 1758803416155}
{"action": "send", "src": "AF-N78", "dst": "EU-N24", "hlc": {"phys": 1758803432159, "cnt": 0, "node": "AF-N78"}, "package_id": "PKG3415", "payload": {"status": "RECEIVED"}, "sent_ts": 1758803416379, "arrival_ts": 1758803416379}
{"action": "send", "src": "AF-N78", "dst": "EU-N24", "hlc": {"phys": 1758803432573, "cnt": 0, "node": "AF-N78"}, "package_id": "PKG3415", "payload": {"status": "DELIVERED"}, "sent_ts": 1758803416793, "arrival_ts": 1758803416793}
{"action": "recv", "src": "AF-N185", "dst": "AF-N78", "hlc": {"phys": 1758811641606, "cnt": 0, "node": "AF-N185"}, "package_id": "PKG11624", "payload": {"status": "CREATED"}, "sent_ts": 1758811624756, "arrival_ts": 1758811624854}
{"action": "recv", "src": "AF-N185", "dst": "AF-N78", "hlc": {"phys": 1758811641900, "cnt": 0, "node": "AF-N185"}, "package_id": "PKG11624", "payload": {"status": "SENT"}, "sent_ts": 1758811625050, "arrival_ts": 1758811625169}
{"action": "recv", "src": "AF-N185", "dst": "AF-N78", "hlc": {"phys": 1758811642212, "cnt": 0, "node": "AF-N185"}, "package_id": "PKG11624", "payload": {"status": "IN_TRANSIT"}, "sent_ts": 1758811625362, "arrival_ts": 1758811625411}
{"action": "recv", "src": "AF-N185", "dst": "AF-N78", "hlc": {"phys": 1758811642461, "cnt": 0, "node": "AF-N185"}, "package_id": "PKG11624", "payload": {"status": "RECEIVED"}, "sent_ts": 1758811625611, "arrival_ts": 1758811625732}
{"action": "recv", "src": "AF-N185", "dst": "AF-N78", "hlc": {"phys": 1758811642776, "cnt": 0, "node": "AF-N185"}, "package_id": "PKG11624", "payload": {"status": "DELIVERED"}, "sent_ts": 1758811625926, "arrival_ts": 1758811626048}
{"action": "send", "src": "AF-N78", "dst": "NA-N88", "hlc": {"phys": 1758811805596, "cnt": 0, "node": "AF-N78"}, "package_id": "PKG11789", "payload": {"status": "CREATED"}, "sent_ts": 1758811789816, "arrival_ts": 1758811789816}
{"action": "send", "src": "AF-N78", "dst": "NA-N88", "hlc": {"phys": 1758811805874, "cnt": 0, "node": "AF-N78"}, "package_id": "PKG11789", "payload": {"status": "SENT"}, "sent_ts": 1758811790094, "arrival_ts": 1758811790094}
{"action": "send", "src": "AF-N78", "dst": "NA-N88", "hlc": {"phys": 1758811806245, "cnt": 0, "node": "AF-N78"}, "package_id": "PKG11789", "payload": {"status": "IN_TRANSIT"}, "sent_ts": 1758811790465, "arrival_ts": 1758811790465}
{"action": "send", "src": "AF-N78", "dst": "NA-N88", "hlc": {"phys": 1758811806526, "cnt": 0, "node": "AF-N78"}, "package_id": "PKG11789", "payload": {"status": "RECEIVED"}, "sent_ts": 1758811790746, "arrival_ts": 1758811790746}
{"action": "send", "src": "AF-N78", "dst": "NA-N88", "hlc": {"phys": 1758811806775, "cnt": 0, "node": "AF-N78"}, "package_id": "PKG11789", "payload": {"status": "DELIVERED"}, "sent_ts": 1758811790995, "arrival_ts": 1758811790995}
{"action": "recv", "src": "AN-N128", "dst": "AF-N78", "hlc": {"phys": 1758813431435, "cnt": 0, "node": "AN-N128"}, "package_id": "PKG13400", "payload": {"status": "CREATED"}, "sent_ts": 1758813400155, "arrival_ts": 1758813400173}
{"action": "recv", "src": "AN-N128", "dst": "AF-N78", "hlc": {"phys": 1758813431666, "cnt": 0, "node": "AN-N128"}, "package_id": "PKG13400", "payload": {"status": "SENT"}, "sent_ts": 1758813400386, "arrival_ts": 1758813400523}
{"action": "recv", "src": "AN-N128", "dst": "AF-N78", "hlc": {"phys": 1758813432022, "cnt": 0, "node": "AN-N128"}, "package_id": "PKG13400", "payload": {"status": "IN_TRANSIT"}, "sent_ts": 1758813400742, "arrival_ts": 1758813400917}
{"action": "recv", "src": "AN-N128", "dst": "AF-N78", "hlc": {"phys": 1758813432391, "cnt": 0, "node": "AN-N128"}, "package_id": "PKG13400", "payload": {"status": "RECEIVED"}, "sent_ts": 1758813401111, "arrival_ts": 1758813401194}
{"action": "recv", "src": "AN-N128", "dst": "AF-N78", "hlc": {"phys": 1758813432670, "cnt": 0, "node": "AN-N128"}, "package_id": "PKG13400", "payload": {"status": "DELIVERED"}, "sent_ts": 1758813401390, "arrival_ts": 1758813401458}
{"action": "recv", "src": "AU-N125", "dst": "AF-N78", "hlc": {"phys": 1758813889877, "cnt": 0, "node": "AU-N125"}, "package_id": "PKG13863", "payload": {"status": "CREATED"}, "sent_ts": 1758813863627, "arrival_ts": 1758813863792}
{"action": "recv", "src": "AU-N125", "dst": "AF-N78", "hlc": {"phys": 1758813890249, "cnt": 0, "node": "AU-N125"}, "package_id": "PKG13863", "payload": {"status": "SENT"}, "sent_ts": 1758813863999, "arrival_ts": 1758813864125}
{"action": "recv", "src": "AU-N125", "dst": "AF-N78", "hlc": {"phys": 1758813890591, "cnt": 0, "node": "AU-N125"}, "package_id": "PKG13863", "payload": {"status": "IN_TRANSIT"}, "sent_ts": 1758813864341, "arrival_ts": 1758813864485}
{"action": "recv", "src": "AU-N125", "dst": "AF-N78", "hlc": {"phys": 1758813890950, "cnt": 0, "node": "AU-N125"}, "package_id": "PKG13863", "payload": {"status": "RECEIVED"}, "sent_ts": 1758813864700, "arrival_ts": 1758813864763}
{"action": "recv", "src": "AU-N125", "dst": "AF-N78", "hlc": {"phys": 1758813891212, "cnt": 0, "node": "AU-N125"}, "package_id": "PKG13863", "payload": {"status": "DELIVERED"}, "sent_ts": 1758813864962, "arrival_ts": 1758813864976}
{"action": "send", "src": "AF-N78", "dst": "AN-N116", "hlc": {"phys": 1758815451130, "cnt": 0, "node": "AF-N78"}, "package_id": "PKG15435", "payload": {"status": "CREATED"}, "sent_ts": 1758815435350, "arrival_ts": 1758815435350}
{"action": "send", "src": "AF-N78", "dst": "AN-N116", "hlc": {"phys": 1758815451440, "cnt": 0, "node": "AF-N78"}, "package_id": "PKG15435", "payload": {"status": "SENT"}, "sent_ts": 1758815435660, "arrival_ts": 1758815435660}
{"action": "send", "src": "AF-N78", "dst": "AN-N116", "hlc": {"phys": 1758815451672, "cnt": 0, "node": "AF-N78"}, "package_id": "PKG15435", "payload": {"status": "IN_TRANSIT"}, "sent_ts": 1758815435892, "arrival_ts": 1758815435892}
{"action": "send", "src": "AF-N78", "dst": "AN-N116", "hlc": {"phys": 1758815451890, "cnt": 0, "node": "AF-N78"}, "package_id": "PKG15435", "payload": {"status": "RECEIVED"}, "sent_ts": 1758815436110, "arrival_ts": 1758815436110}
{"action": "send", "src": "AF-N78", "dst": "AN-N116", "hlc": {"phys": 1758815452275, "cnt": 0, "node": "AF-N78"}, "package_id": "PKG15435", "payload": {"status": "DELIVERED"}, "sent_ts": 1758815436495, "arrival_ts": 1758815436495}
{"action": "send", "src": "AF-N78", "dst": "AN-N114", "hlc": {"phys": 1758816819900, "cnt": 0, "node": "AF-N78"}, "package_id": "PKG16804", "payload": {"status": "CREATED"}, "sent_ts": 1758816804120, "arrival_ts": 1758816804120}
{"action": "send", "src": "AF-N78", "dst": "AN-N114", "hlc": {"phys": 1758816820478, "cnt": 0, "node": "AF-N78"}, "package_id": "PKG16804", "payload": {"status": "SENT"}, "sent_ts": 1758816804698, "arrival_ts": 1758816804698}
{"action": "send", "src": "AF-N78", "dst": "AN-N114", "hlc": {"phys": 1758816820726, "cnt": 0, "node": "AF-N78"}, "package_id": "PKG16804", "payload": {"status": "IN_TRANSIT"}, "sent_ts": 1758816804946, "arrival_ts": 1758816804946}
{"action": "send", "src": "AF-N78", "dst": "AN-N114", "hlc": {"phys": 1758816820991, "cnt": 0, "node": "AF-N78"}, "package_id": "PKG16804", "payload": {"status": "RECEIVED"}, "sent_ts": 1758816805211, "arrival_ts": 1758816805211}
{"action": "send", "src": "AF-N78", "dst": "AN-N114", "hlc": {"phys": 1758816821298, "cnt": 0, "node": "AF-N78"}, "package_id": "PKG16804", "payload": {"status": "DELIVERED"}, "sent_ts": 1758816805518, "arrival_ts": 1758816805518}
