{"action": "recv", "src": "NA-N146", "dst": "AF-N174", "hlc": {"phys": 1758712697206, "cnt": 0, "node": "NA-N146"}, "package_id": "PKG12695", "payload": {"status": "CREATED"}, "sent_ts": 1758712695746, "arrival_ts": 1758712695872}
{"action": "recv", "src": "NA-N146", "dst": "AF-N174", "hlc": {"phys": 1758712697544, "cnt": 0, "node": "NA-N146"}, "package_id": "PKG12695", "payload": {"status": "SENT"}, "sent_ts": 1758712696084, "arrival_ts": 1758712696122}
{"action": "recv", "src": "NA-N146", "dst": "AF-N174", "hlc": {"phys": 1758712697779, "cnt": 0, "node": "NA-N146"}, "package_id": "PKG12695", "payload": {"status": "IN_TRANSIT"}, "sent_ts": 1758712696319, "arrival_ts": 1758712696492}
{"action": "recv", "src": "NA-N146", "dst": "AF-N174", "hlc": {"phys": 1758712698163, "cnt": 0, "node": "NA-N146"}, "package_id": "PKG12695", "payload": {"status": "RECEIVED"}, "sent_ts": 1758712696703, "arrival_ts": 1758712696820}
{"action": "recv", "src": "NA-N146", "dst": "AF-N174", "hlc": {"phys": 1758712698489, "cnt": 0, "node": "NA-N146"}, "package_id": "PKG12695", "payload": {"status": "DELIVERED"}, "sent_ts": 1758712697029, "arrival_ts": 1758712697183}
{"action": "send", "src": "AF-N174", "dst": "NA-N164", "hlc": {"phys": 1758712760092, "cnt": 0, "node": "AF-N174"}, "package_id": "PKG12743", "payload": {"status": "CREATED"}, "sent_ts": 1758712743352, "arrival_ts": 1758712743352}
{"action": "send", "src": "AF-N174", "dst": "NA-N164", "hlc": {"phys": 1758712760493, "cnt": 0, "node": "AF-N174"}, "package_id": "PKG12743", "payload": {"status": "SENT"}, "sent_ts": 1758712743753, "arrival_ts": 1758712743753}
{"action": "send", "src": "AF-N174", "dst": "NA-N164", "hlc": {"phys": 1758712760877, "cnt": 0, "node": "AF-N174"}, "package_id": "PKG12743", "payload": {"status": "IN_TRANSIT"}, "sent_ts": 1758712744137, "arrival_ts": 1758712744137}
{"action": "send", "src": "AF-N174", "dst": "NA-N164", "hlc": {"phys": 1758712761184, "cnt": 0, "node": "AF-N174"}, "package_id": "PKG12743", "payload": {"status": "RECEIVED"}, "sent_ts": 1758712744444, "arrival_ts": 1758712744444}
{"action": "send", "src": "AF-N174", "dst": "NA-N164", "hlc": {"phys": 1758712761571, "cnt": 0, "node": "AF-N174"}, "package_id": "PKG12743", "payload": {"status": "DELIVERED"}, "sent_ts": 1758712744831, "arrival_ts": 1758712744831}
{"action": "recv", "src": "AS-N47", "dst": "AF-N174", "hlc": {"phys": 1758717530688, "cnt": 0, "node": "AS-N47"}, "package_id": "PKG17520", "payload": {"status": "CREATED"}, "sent_ts": 1758717520218, "arrival_ts": 1758717520242}
{"action": "recv", "src": "AS-N47", "dst": "AF-N174", "hlc": {"phys": 1758717530910, "cnt": 0, "node": "AS-N47"}, "package_id": "PKG17520", "payload": {"status": "SENT"}, "sent_ts": 1758717520440, "arrival_ts": 1758717520566}
{"action": "recv", "src": "AS-N47", "dst": "AF-N174", "hlc": {"phys": 1758717531252, "cnt": 0, "node": "AS-N47"}, "package_id": "PKG17520", "payload": {"status": "IN_TRANSIT"}, "sent_ts": 1758717520782, "arrival_ts": 1758717520915}
{"action": "recv", "src": "AS-N47", "dst": "AF-N174", "hlc": {"phys": 1758717531588, "cnt": 0, "node": "AS-N47"}, "package_id": "PKG17520", "payload": {"status": "RECEIVED"}, "sent_ts": 1758717521118, "arrival_ts": 1758717521173}
{"action": "recv", "src": "AS-N47", "dst": "AF-N174", "hlc": {"phys": 1758717531853, "cnt": 0, "node": "AS-N47"}, "package_id": "PKG17520", "payload": {"status": "DELIVERED"}, "sent_ts": 1758717521383, "arrival_ts": 1758717521485}
{"action": "send", "src": "AF-N174", "dst": "AU-N68", "hlc": {"phys": 1758718310476, "cnt": 0, "node": "AF-N174"}, "package_id": "PKG18293", "payload": {"status": "CREATED"}, "sent_ts": 1758718293736, "arrival_ts": 1758718293736}
{"action": "send", "src": "AF-N174", "dst": "AU-N68", "hlc": {"phys": 1758718310771, "cnt": 0, "node": "AF-N174"}, "package_id": "PKG18293", "payload": {"status": "SENT"}, "sent_ts": 1758718294031, "arrival_ts": 1758718294031}
{"action": "send", "src": "AF-N174", "dst": "AU-N68", "hlc": {"phys": 1758718311034, "cnt": 0, "node": "AF-N174"}, "package_id": "PKG18293", "payload": {"status": "IN_TRANSIT"}, "sent_ts": 1758718294294, "arrival_ts": 1758718294294}
{"action": "send", "src": "AF-N174", "dst": "AU-N68", "hlc": {"phys": 1758718311249, "cnt": 0, "node": "AF-N174"}, "package_id": "PKG18293", "payload": {"status": "RECEIVED"}, "sent_ts": 1758718294509, "arrival_ts": 1758718294509}
{"action": "send", "src": "AF-N174", "dst": "AU-N68", "hlc": {"phys": 1758718311589, "cnt": 0, "node": "AF-N174"}, "package_id": "PKG18293", "payload": {"status": "DELIVERED"}, "sent_ts": 1758718294849, "arrival_ts": 1758718294849}
{"action": "send", "src": "AF-N174", "dst": "NA-N199", "hlc": {"phys": 1758738029987, "cnt": 0, "node": "AF-N174"}, "package_id": "PKG38013", "payload": {"status": "CREATED"}, "sent_ts": 1758738013247, "arrival_ts": 1758738013247}
{"action": "send", "src": "AF-N174", "dst": "NA-N199", "hlc": {"phys": 1758738030456, "cnt": 0, "node": "AF-N174"}, "package_id": "PKG38013", "payload": {"status": "SENT"}, "sent_ts": 1758738013716, "arrival_ts": 1758738013716}
{"action": "send", "src": "AF-N174", "dst": "NA-N199", "hlc": {"phys": 1758738030703, "cnt": 0, "node": "AF-N174"}, "package_id": "PKG38013", "payload": {"status": "IN_TRANSIT"}, "sent_ts": 1758738013963, "arrival_ts": 1758738013963}
{"action": "send", "src": "AF-N174", "dst": "NA-N199", "hlc": {"phys": 1758738031037, "cnt": 0, "node": "AF-N174"}, "package_id": "PKG38013", "payload": {"status": "RECEIVED"}, "sent_ts": 1758738014297, "arrival_ts": 1758738014297}
{"action": "send", "src": "AF-N174", "dst": "NA-N199", "hlc": {"phys": 1758738031300, "cnt": 0, "node": "AF-N174"}, "package_id": "PKG38013", "payload": {"status": "DELIVERED"}, "sent_ts": 1758738014560, "arrival_ts": 1758738014560}
{"action": "send", "src": "AF-N174", "dst": "AF-N192", "hlc": {"phys": 1758740730612, "cnt": 0, "node": "AF-N174"}, "package_id": "PKG40713", "payload": {"status": "CREATED"}, "sent_ts": 1758740713872, "arrival_ts": 1758740713872}
{"action": "send", "src": "AF-N174", "dst": "AF-N192", "hlc": {"phys": 1758740730908, "cnt": 0, "node": "AF-N174"}, "package_id": "PKG40713", "payload": {"status": "SENT"}, "sent_ts": 1758740714168, "arrival_ts": 1758740714168}
{"action": "send", "src": "AF-N174", "dst": "AF-N192", "hlc": {"phys": 1758740731173, "cnt": 0, "node": "AF-N174"}, "package_id": "PKG40713", "payload": {"status": "IN_TRANSIT"}, "sent_ts": 1758740714433, "arrival_ts": 1758740714433}
{"action": "send", "src": "AF-N174", "dst": "AF-N192", "hlc": {"phys": 1758740731533, "cnt": 0, "node": "AF-N174"}, "package_id": "PKG40713", "payload": {"status": "RECEIVED"}, "sent_ts": 1758740714793, "arrival_ts": 1758740714793}
{"action": "send", "src": "AF-N174", "dst": "AF-N192", "hlc": {"phys": 1758740731796, "cnt": 0, "node": "AF-N174"}, "package_id": "PKG40713", "payload": {"status": "DELIVERED"}, "sent_ts": 1758740715056, "arrival_ts": 1758740715056}
{"action": "recv", "src": "AF-N79", "dst": "AF-N174", "hlc": {"phys": 1758741172632, "cnt": 0, "node": "AF-N79"}, "package_id": "PKG41156", "payload": {"status": "CREATED"}, "sent_ts": 1758741156842, "arrival_ts": 1758741156865}
{"action": "recv", "src": "AF-N79", "dst": "AF-N174", "hlc": {"phys": 1758741172863, "cnt": 0, "node": "AF-N79"}, "package_id": "PKG41156", "payload": {"status": "SENT"}, "sent_ts": 1758741157073, "arrival_ts": 1758741157166}
{"action": "recv", "src": "AF-N79", "dst": "AF-N174", "hlc": {"phys": 1758741173157, "cnt": 0, "node": "AF-N79"}, "package_id": "PKG41156", "payload": {"status": "IN_TRANSIT"}, "sent_ts": 1758741157367, "arrival_ts": 1758741157495}
{"action": "recv", "src": "AF-N79", "dst": "AF-N174", "hlc": {"phys": 1758741173482, "cnt": 0, "node": "AF-N79"}, "package_id": "PKG41156", "payload": {"status": "RECEIVED"}, "sent_ts": 1758741157692, "arrival_ts": 1758741157766}
{"action": "recv", "src": "AF-N79", "dst": "AF-N174", "hlc": {"phys": 1758741173760, "cnt": 0, "node": "AF-N79"}, "package_id": "PKG41156", "payload": {"status": "DELIVERED"}, "sent_ts": 1758741157970, "arrival_ts": 1758741158088}
{"action": "send", "src": "AF-N174", "dst": "EU-N154", "hlc": {"phys": 1758743587203, "cnt": 0, "node": "AF-N174"}, "package_id": "PKG43570", "payload": {"status": "CREATED"}, "sent_ts": 1758743570463, "arrival_ts": 1758743570463}
{"action": "send", "src": "AF-N174", "dst": "EU-N154", "hlc": {"phys": 1758743587604, "cnt": 0, "node": "AF-N174"}, "package_id": "PKG43570", "payload": {"status": "SENT"}, "sent_ts": 1758743570864, "arrival_ts": 1758743570864}
{"action": "send", "src": "AF-N174", "dst": "EU-N154", "hlc": {"phys": 1758743587939, "cnt": 0, "node": "AF-N174"}, "package_id": "PKG43570", "payload": {"status": "IN_TRANSIT"}, "sent_ts": 1758743571199, "arrival_ts": 1758743571199}
{"action": "send", "src": "AF-N174", "dst": "EU-N154", "hlc": {"phys": 1758743588197, "cnt": 0, "node": "AF-N174"}, "package_id": "PKG43570", "payload": {"status": "RECEIVED"}, "sent_ts": 1758743571457, "arrival_ts": 1758743571457}
{"action": "send", "src": "AF-N174", "dst": "EU-N154", "hlc": {"phys": 1758743588488, "cnt": 0, "node": "AF-N174"}, "package_id": "PKG43570", "payload": {"status": "DELIVERED"}, "sent_ts": 1758743571748, "arrival_ts": 1758743571748}
{"action": "send", "src": "AF-N174", "dst": "AS-N166", "hlc": {"phys": 1758748126426, "cnt": 0, "node": "AF-N174"}, "package_id": "PKG48109", "payload": {"status": "CREATED"}, "sent_ts": 1758748109686, "arrival_ts": 1758748109686}
{"action": "send", "src": "AF-N174", "dst": "AS-N166", "hlc": {"phys": 1758748126733, "cnt": 0, "node": "AF-N174"}, "package_id": "PKG48109", "payload": {"status": "SENT"}, "sent_ts": 1758748109993, "arrival_ts": 1758748109993}
{"action": "send", "src": "AF-N174", "dst": "AS-N166", "hlc": {"phys": 1758748127089, "cnt": 0, "node": "AF-N174"}, "package_id": "PKG48109", "payload": {"status": "IN_TRANSIT"}, "sent_ts": 1758748110349, "arrival_ts": 1758748110349}
{"action": "send", "src": "AF-N174", "dst": "AS-N166", "hlc": {"phys": 1758748127356, "cnt": 0, "node": "AF-N174"}, "package_id": "PKG48109", "payload": {"status": "RECEIVED"}, "sent_ts": 1758748110616, "arrival_ts": 1758748110616}
{"action": "send", "src": "AF-N174", "dst": "AS-N166", "hlc": {"phys": 1758748127636, "cnt": 0, "node": "AF-N174"}, "package_id": "PKG48109", "payload": {"status": "DELIVERED"}, "sent_ts": 1758748110896, "arrival_ts": 1758748110896}
{"action": "send", "src": "AF-N174", "dst": "AF-N186", "hlc": {"phys": 1758749653927, "cnt": 0, "node": "AF-N174"}, "package_id": "PKG49637", "payload": {"status": "CREATED"}, "sent_ts": 1758749637187, "arrival_ts": 1758749637187}
{"action": "send", "src": "AF-N174", "dst": "AF-N186", "hlc": {"phys": 1758749654332, "cnt": 0, "node": "AF-N174"}, "package_id": "PKG49637", "payload": {"status": "SENT"}, "sent_ts": 1758749637592, "arrival_ts": 1758749637592}
{"action": "send", "src": "AF-N174", "dst": "AF-N186", "hlc": {"phys": 1758749654739, "cnt": 0, "node": "AF-N174"}, "package_id": "PKG49637", "payload": {"status": "IN_TRANSIT"}, "sent_ts": 1758749637999, "arrival_ts": 1758749637999}
{"action": "send", "src": "AF-N174", "dst": "AF-N186", "hlc": {"phys": 1758749655267, "cnt": 0, "node": "AF-N174"}, "package_id": "PKG49637", "payload": {"status": "RECEIVED"}, "sent_ts": 1758749638527, "arrival_ts": 1758749638527}
{"action": "send", "src": "AF-N174", "dst": "AF-N186", "hlc": {"phys": 1758749655593, "cnt": 0, "node": "AF-N174"}, "package_id": "PKG49637", "payload": {"status": "DELIVERED"}, "sent_ts": 1758749638853, "arrival_ts": 1758749638853}
{"action": "recv", "src": "AF-N7", "dst": "AF-N174", "hlc": {"phys": 1758750475692, "cnt": 0, "node": "AF-N7"}, "package_id": "PKG50460", "payload": {"status": "CREATED"}, "sent_ts": 1758750460622, "arrival_ts": 1758750460795}
{"action": "recv", "src": "AF-N7", "dst": "AF-N174", "hlc": {"phys": 1758750476063, "cnt": 0, "node": "AF-N7"}, "package_id": "PKG50460", "payload": {"status": "SENT"}, "sent_ts": 1758750460993, "arrival_ts": 1758750461187}
{"action": "recv", "src": "AF-N7", "dst": "AF-N174", "hlc": {"phys": 1758750476466, "cnt": 0, "node": "AF-N7"}, "package_id": "PKG50460", "payload": {"status": "IN_TRANSIT"}, "sent_ts": 1758750461396, "arrival_ts": 1758750461462}
{"action": "recv", "src": "AF-N7", "dst": "AF-N174", "hlc": {"phys": 1758750476729, "cnt": 0, "node": "AF-N7"}, "package_id": "PKG50460", "payload": {"status": "RECEIVED"}, "sent_ts": 1758750461659, "arrival_ts": 1758750461810}
{"action": "recv", "src": "AF-N7", "dst": "AF-N174", "hlc": {"phys": 1758750477069, "cnt": 0, "node": "AF-N7"}, "package_id": "PKG50460", "payload": {"status": "DELIVERED"}, "sent_ts": 1758750461999, "arrival_ts": 1758750462126}
{"action": "recv", "src": "EU-N76", "dst": "AF-N174", "hlc": {"phys": 1758751579139, "cnt": 0, "node": "EU-N76"}, "package_id": "PKG51573", "payload": {"status": "CREATED"}, "sent_ts": 1758751573379, "arrival_ts": 1758751573563}
{"action": "recv", "src": "EU-N76", "dst": "AF-N174", "hlc": {"phys": 1758751579527, "cnt": 0, "node": "EU-N76"}, "package_id": "PKG51573", "payload": {"status": "SENT"}, "sent_ts": 1758751573767, "arrival_ts": 1758751573883}
{"action": "recv", "src": "EU-N76", "dst": "AF-N174", "hlc": {"phys": 1758751579845, "cnt": 0, "node": "EU-N76"}, "package_id": "PKG51573", "payload": {"status": "IN_TRANSIT"}, "sent_ts": 1758751574085, "arrival_ts": 1758751574139}
{"action": "recv", "src": "EU-N76", "dst": "AF-N174", "hlc": {"phys": 1758751580102, "cnt": 0, "node": "EU-N76"}, "package_id": "PKG51573", "payload": {"status": "RECEIVED"}, "sent_ts": 1758751574342, "arrival_ts": 1758751574435}
{"action": "recv", "src": "EU-N76", "dst": "AF-N174", "hlc": {"phys": 1758751580407, "cnt": 0, "node": "EU-N76"}, "package_id": "PKG51573", "payload": {"status": "DELIVERED"}, "sent_ts": 1758751574647, "arrival_ts": 1758751574778}
{"action": "recv", "src": "AF-N55", "dst": "AF-N174", "hlc": {"phys": 1758752010646, "cnt": 0, "node": "AF-N55"}, "package_id": "PKG51995", "payload": {"status": "CREATED"}, "sent_ts": 1758751995096, "arrival_ts": 1758751995153}
{"action": "recv", "src": "AF-N55", "dst": "AF-N174", "hlc": {"phys": 1758752010903, "cnt": 0, "node": "AF-N55"}, "package_id": "PKG51995", "payload": {"status": "SENT"}, "sent_ts": 1758751995353, "arrival_ts": 1758751995552}
{"action": "recv", "src": "AF-N55", "dst": "AF-N174", "hlc": {"phys": 1758752011311, "cnt": 0, "node": "AF-N55"}, "package_id": "PKG51995", "payload": {"status": "IN_TRANSIT"}, "sent_ts": 1758751995761, "arrival_ts": 1758751995955}
{"action": "recv", "src": "AF-N55", "dst": "AF-N174", "hlc": {"phys": 1758752011711, "cnt": 0, "node": "AF-N55"}, "package_id": "PKG51995", "payload": {"status": "RECEIVED"}, "sent_ts": 1758751996161, "arrival_ts": 1758751996237}
{"action": "recv", "src": "AF-N55", "dst": "AF-N174", "hlc": {"phys": 1758752012003, "cnt": 0, "node": "AF-N55"}, "package_id": "PKG51995", "payload": {"status": "DELIVERED"}, "sent_ts": 1758751996453, "arrival_ts": 1758751996563}
{"action": "recv", "src": "AN-N45", "dst": "AF-N174", "hlc": {"phys": 1758754915311, "cnt": 0, "node": "AN-N45"}, "package_id": "PKG54884", "payload": {"status": "CREATED"}, "sent_ts": 1758754884861, "arrival_ts": 1758754885034}
{"action": "recv", "src": "AN-N45", "dst": "AF-N174", "hlc": {"phys": 1758754915685, "cnt": 0, "node": "AN-N45"}, "package_id": "PKG54884", "payload": {"status": "SENT"}, "sent_ts": 1758754885235, "arrival_ts": 1758754885418}
{"action": "recv", "src": "AN-N45", "dst": "AF-N174", "hlc": {"phys": 1758754916079, "cnt": 0, "node": "AN-N45"}, "package_id": "PKG54884", "payload": {"status": "IN_TRANSIT"}, "sent_ts": 1758754885629, "arrival_ts": 1758754885660}
{"action": "recv", "src": "AN-N45", "dst": "AF-N174", "hlc": {"phys": 1758754916322, "cnt": 0, "node": "AN-N45"}, "package_id": "PKG54884", "payload": {"status": "RECEIVED"}, "sent_ts": 1758754885872, "arrival_ts": 1758754885978}
{"action": "recv", "src": "AN-N45", "dst": "AF-N174", "hlc": {"phys": 1758754916638, "cnt": 0, "node": "AN-N45"}, "package_id": "PKG54884", "payload": {"status": "DELIVERED"}, "sent_ts": 1758754886188, "arrival_ts": 1758754886339}
{"action": "send", "src": "AF-N174", "dst": "AN-N60", "hlc": {"phys": 1758756149635, "cnt": 0, "node": "AF-N174"}, "package_id": "PKG56132", "payload": {"status": "CREATED"}, "sent_ts": 1758756132895, "arrival_ts": 1758756132895}
{"action": "send", "src": "AF-N174", "dst": "AN-N60", "hlc": {"phys": 1758756149956, "cnt": 0, "node": "AF-N174"}, "package_id": "PKG56132", "payload": {"status": "SENT"}, "sent_ts": 1758756133216, "arrival_ts": 1758756133216}
{"action": "send", "src": "AF-N174", "dst": "AN-N60", "hlc": {"phys": 1758756150185, "cnt": 0, "node": "AF-N174"}, "package_id": "PKG56132", "payload": {"status": "IN_TRANSIT"}, "sent_ts": 1758756133445, "arrival_ts": 1758756133445}
{"action": "send", "src": "AF-N174", "dst": "AN-N60", "hlc": {"phys": 1758756150554, "cnt": 0, "node": "AF-N174"}, "package_id": "PKG56132", "payload": {"status": "RECEIVED"}, "sent_ts": 1758756133814, "arrival_ts": 1758756133814}
{"action": "send", "src": "AF-N174", "dst": "AN-N60", "hlc": {"phys": 1758756150929, "cnt": 0, "node": "AF-N174"}, "package_id": "PKG56132", "payload": {"status": "DELIVERED"}, "sent_ts": 1758756134189, "arrival_ts": 1758756134189}
{"action": "send", "src": "AF-N174", "dst": "NA-N13", "hlc": {"phys": 1758756486508, "cnt": 0, "node": "AF-N174"}, "package_id": "PKG56469", "payload": {"status": "CREATED"}, "sent_ts": 1758756469768, "arrival_ts": 1758756469768}
{"action": "send", "src": "AF-N174", "dst": "NA-N13", "hlc": {"phys": 1758756486767, "cnt": 0, "node": "AF-N174"}, "package_id": "PKG56469", "payload": {"status": "SENT"}, "sent_ts": 1758756470027, "arrival_ts": 1758756470027}
{"action": "send", "src": "AF-N174", "dst": "NA-N13", "hlc": {"phys": 1758756487019, "cnt": 0, "node": "AF-N174"}, "package_id": "PKG56469", "payload": {"status": "IN_TRANSIT"}, "sent_ts": 1758756470279, "arrival_ts": 1758756470279}
{"action": "send", "src": "AF-N174", "dst": "NA-N13", "hlc": {"phys": 1758756487368, "cnt": 0, "node": "AF-N174"}, "package_id": "PKG56469", "payload": {"status": "RECEIVED"}, "sent_ts": 1758756470628, "arrival_ts": 1758756470628}
{"action": "send", "src": "AF-N174", "dst": "NA-N13", "hlc": {"phys": 1758756487642, "cnt": 0, "node": "AF-N174"}, "package_id": "PKG56469", "payload": {"status": "DELIVERED"}, "sent_ts": 1758756470902, "arrival_ts": 1758756470902}
{"action": "send", "src": "AF-N174", "dst": "AN-N36", "hlc": {"phys": 1758757695294, "cnt": 0, "node": "AF-N174"}, "package_id": "PKG57678", "payload": {"status": "CREATED"}, "sent_ts": 1758757678554, "arrival_ts": 1758757678554}
{"action": "send", "src": "AF-N174", "dst": "AN-N36", "hlc": {"phys": 1758757695641, "cnt": 0, "node": "AF-N174"}, "package_id": "PKG57678", "payload": {"status": "SENT"}, "sent_ts": 1758757678901, "arrival_ts": 1758757678901}
{"action": "send", "src": "AF-N174", "dst": "AN-N36", "hlc": {"phys": 1758757695943, "cnt": 0, "node": "AF-N174"}, "package_id": "PKG57678", "payload": {"status": "IN_TRANSIT"}, "sent_ts": 1758757679203, "arrival_ts": 1758757679203}
{"action": "send", "src": "AF-N174", "dst": "AN-N36", "hlc": {"phys": 1758757696229, "cnt": 0, "node": "AF-N174"}, "package_id": "PKG57678", "payload": {"status": "RECEIVED"}, "sent_ts": 1758757679489, "arrival_ts": 1758757679489}
{"action": "send", "src": "AF-N174", "dst": "AN-N36", "hlc": {"phys": 1758757696622, "cnt": 0, "node": "AF-N174"}, "package_id": "PKG57678", "payload": {"status": "DELIVERED"}, "sent_ts": 1758757679882, "arrival_ts": 1758757679882}
{"action": "recv", "src": "AS-N38", "dst": "AF-N174", "hlc": {"phys": 1758758109265, "cnt": 0, "node": "AS-N38"}, "package_id": "PKG58098", "payload": {"status": "CREATED"}, "sent_ts": 1758758098885, "arrival_ts": 1758758098999}
{"action": "recv", "src": "AS-N38", "dst": "AF-N174", "hlc": {"phys": 1758758109590, "cnt": 0, "node": "AS-N38"}, "package_id": "PKG58098", "payload": {"status": "SENT"}, "sent_ts": 1758758099210, "arrival_ts": 1758758099355}
{"action": "recv", "src": "AS-N38", "dst": "AF-N174", "hlc": {"phys": 1758758109937, "cnt": 0, "node": "AS-N38"}, "package_id": "PKG58098", "payload": {"status": "IN_TRANSIT"}, "sent_ts": 1758758099557, "arrival_ts": 1758758099580}
{"action": "recv", "src": "AS-N38", "dst": "AF-N174", "hlc": {"phys": 1758758110170, "cnt": 0, "node": "AS-N38"}, "package_id": "PKG58098", "payload": {"status": "RECEIVED"}, "sent_ts": 1758758099790, "arrival_ts": 1758758099984}
{"action": "recv", "src": "AS-N38", "dst": "AF-N174", "hlc": {"phys": 1758758110563, "cnt": 0, "node": "AS-N38"}, "package_id": "PKG58098", "payload": {"status": "DELIVERED"}, "sent_ts": 1758758100183, "arrival_ts": 1758758100360}
{"action": "recv", "src": "AN-N123", "dst": "AF-N174", "hlc": {"phys": 1758758668735, "cnt": 0, "node": "AN-N123"}, "package_id": "PKG58637", "payload": {"status": "CREATED"}, "sent_ts": 1758758637505, "arrival_ts": 1758758637669}
{"action": "recv", "src": "AN-N123", "dst": "AF-N174", "hlc": {"phys": 1758758669101, "cnt": 0, "node": "AN-N123"}, "package_id": "PKG58637", "payload": {"status": "SENT"}, "sent_ts": 1758758637871, "arrival_ts": 1758758637926}
{"action": "recv", "src": "AN-N123", "dst": "AF-N174", "hlc": {"phys": 1758758669356, "cnt": 0, "node": "AN-N123"}, "package_id": "PKG58637", "payload": {"status": "IN_TRANSIT"}, "sent_ts": 1758758638126, "arrival_ts": 1758758638163}
{"action": "recv", "src": "AN-N123", "dst": "AF-N174", "hlc": {"phys": 1758758669590, "cnt": 0, "node": "AN-N123"}, "package_id": "PKG58637", "payload": {"status": "RECEIVED"}, "sent_ts": 1758758638360, "arrival_ts": 1758758638409}
{"action": "recv", "src": "AN-N123", "dst": "AF-N174", "hlc": {"phys": 1758758669849, "cnt": 0, "node": "AN-N123"}, "package_id": "PKG58637", "payload": {"status": "DELIVERED"}, "sent_ts": 1758758638619, "arrival_ts": 1758758638788}
{"action": "recv", "src": "SA-N85", "dst": "AF-N174", "hlc": {"phys": 1758758700242, "cnt": 0, "node": "SA-N85"}, "package_id": "PKG58679", "payload": {"status": "CREATED"}, "sent_ts": 1758758679392, "arrival_ts": 1758758679521}
{"action": "recv", "src": "SA-N85", "dst": "AF-N174", "hlc": {"phys": 1758758700584, "cnt": 0, "node": "SA-N85"}, "package_id": "PKG58679", "payload": {"status": "SENT"}, "sent_ts": 1758758679734, "arrival_ts": 1758758679837}
{"action": "recv", "src": "SA-N85", "dst": "AF-N174", "hlc": {"phys": 1758758700889, "cnt": 0, "node": "SA-N85"}, "package_id": "PKG58679", "payload": {"status": "IN_TRANSIT"}, "sent_ts": 1758758680039, "arrival_ts": 1758758680167}
{"action": "recv", "src": "SA-N85", "dst": "AF-N174", "hlc": {"phys": 1758758701229, "cnt": 0, "node": "SA-N85"}, "package_id": "PKG58679", "payload": {"status": "RECEIVED"}, "sent_ts": 1758758680379, "arrival_ts": 1758758680490}
{"action": "recv", "src": "SA-N85", "dst": "AF-N174", "hlc": {"phys": 1758758701546, "cnt": 0, "node": "SA-N85"}, "package_id": "PKG58679", "payload": {"status": "DELIVERED"}, "sent_ts": 1758758680696, "arrival_ts": 1758758680824}
{"action": "send", "src": "AF-N174", "dst": "EU-N172", "hlc": {"phys": 1758760959109, "cnt": 0, "node": "AF-N174"}, "package_id": "PKG60942", "payload": {"status": "CREATED"}, "sent_ts": 1758760942369, "arrival_ts": 1758760942369}
{"action": "send", "src": "AF-N174", "dst": "EU-N172", "hlc": {"phys": 1758760959468, "cnt": 0, "node": "AF-N174"}, "package_id": "PKG60942", "payload": {"status": "SENT"}, "sent_ts": 1758760942728, "arrival_ts": 1758760942728}
{"action": "send", "src": "AF-N174", "dst": "EU-N172", "hlc": {"phys": 1758760959788, "cnt": 0, "node": "AF-N174"}, "package_id": "PKG60942", "payload": {"status": "IN_TRANSIT"}, "sent_ts": 1758760943048, "arrival_ts": 1758760943049}
{"action": "send", "src": "AF-N174", "dst": "EU-N172", "hlc": {"phys": 1758760960100, "cnt": 0, "node": "AF-N174"}, "package_id": "PKG60942", "payload": {"status": "RECEIVED"}, "sent_ts": 1758760943360, "arrival_ts": 1758760943360}
{"action": "send", "src": "AF-N174", "dst": "EU-N172", "hlc": {"phys": 1758760960347, "cnt": 0, "node": "AF-N174"}, "package_id": "PKG60942", "payload": {"status": "DELIVERED"}, "sent_ts": 1758760943607, "arrival_ts": 1758760943607}
{"action": "send", "src": "AF-N174", "dst": "AS-N188", "hlc": {"phys": 1758762251595, "cnt": 0, "node": "AF-N174"}, "package_id": "PKG62234", "payload": {"status": "CREATED"}, "sent_ts": 1758762234855, "arrival_ts": 1758762234855}
{"action": "send", "src": "AF-N174", "dst": "AS-N188", "hlc": {"phys": 1758762251835, "cnt": 0, "node": "AF-N174"}, "package_id": "PKG62234", "payload": {"status": "SENT"}, "sent_ts": 1758762235095, "arrival_ts": 1758762235095}
{"action": "send", "src": "AF-N174", "dst": "AS-N188", "hlc": {"phys": 1758762252171, "cnt": 0, "node": "AF-N174"}, "package_id": "PKG62234", "payload": {"status": "IN_TRANSIT"}, "sent_ts": 1758762235431, "arrival_ts": 1758762235431}
{"action": "send", "src": "AF-N174", "dst": "AS-N188", "hlc": {"phys": 1758762252441, "cnt": 0, "node": "AF-N174"}, "package_id": "PKG62234", "payload": {"status": "RECEIVED"}, "sent_ts": 1758762235701, "arrival_ts": 1758762235701}
{"action": "send", "src": "AF-N174", "dst": "AS-N188", "hlc": {"phys": 1758762252700, "cnt": 0, "node": "AF-N174"}, "package_id": "PKG62234", "payload": {"status": "DELIVERED"}, "sent_ts": 1758762235960, "arrival_ts": 1758762235960}
{"action": "send", "src": "AF-N174", "dst": "EU-N135", "hlc": {"phys": 1758763706033, "cnt": 0, "node": "AF-N174"}, "package_id": "PKG63689", "payload": {"status": "CREATED"}, "sent_ts": 1758763689293, "arrival_ts": 1758763689293}
{"action": "send", "src": "AF-N174", "dst": "EU-N135", "hlc": {"phys": 1758763706344, "cnt": 0, "node": "AF-N174"}, "package_id": "PKG63689", "payload": {"status": "SENT"}, "sent_ts": 1758763689604, "arrival_ts": 1758763689604}
{"action": "send", "src": "AF-N174", "dst": "EU-N135", "hlc": {"phys": 1758763706653, "cnt": 0, "node": "AF-N174"}, "package_id": "PKG63689", "payload": {"status": "IN_TRANSIT"}, "sent_ts": 1758763689913, "arrival_ts": 1758763689913}
{"action": "send", "src": "AF-N174", "dst": "EU-N135", "hlc": {"phys": 1758763706931, "cnt": 0, "node": "AF-N174"}, "package_id": "PKG63689", "payload": {"status": "RECEIVED"}, "sent_ts": 1758763690191, "arrival_ts": 1758763690191}
{"action": "send", "src": "AF-N174", "dst": "EU-N135", "hlc": {"phys": 1758763707194, "cnt": 0, "node": "AF-N174"}, "package_id": "PKG63689", "payload": {"status": "DELIVERED"}, "sent_ts": 1758763690454, "arrival_ts": 1758763690454}
{"action": "send", "src": "AF-N174", "dst": "EU-N25", "hlc": {"phys": 1758803732860, "cnt": 0, "node": "AF-N174"}, "package_id": "PKG3716", "payload": {"status": "CREATED"}, "sent_ts": 1758803716120, "arrival_ts": 1758803716120}
{"action": "send", "src": "AF-N174", "dst": "EU-N25", "hlc": {"phys": 1758803733277, "cnt": 0, "node": "AF-N174"}, "package_id": "PKG3716", "payload": {"status": "SENT"}, "sent_ts": 1758803716537, "arrival_ts": 1758803716537}
{"action": "send", "src": "AF-N174", "dst": "EU-N25", "hlc": {"phys": 1758803733639, "cnt": 0, "node": "AF-N174"}, "package_id": "PKG3716", "payload": {"status": "IN_TRANSIT"}, "sent_ts": 1758803716899, "arrival_ts": 1758803716899}
{"action": "send", "src": "AF-N174", "dst": "EU-N25", "hlc": {"phys": 1758803734049, "cnt": 0, "node": "AF-N174"}, "package_id": "PKG3716", "payload": {"status": "RECEIVED"}, "sent_ts": 1758803717309, "arrival_ts": 1758803717309}
{"action": "send", "src": "AF-N174", "dst": "EU-N25", "hlc": {"phys": 1758803734316, "cnt": 0, "node": "AF-N174"}, "package_id": "PKG3716", "payload": {"status": "DELIVERED"}, "sent_ts": 1758803717576, "arrival_ts": 1758803717576}
{"action": "recv", "src": "AS-N10", "dst": "AF-N174", "hlc": {"phys": 1758804447719, "cnt": 0, "node": "AS-N10"}, "package_id": "PKG4437", "payload": {"status": "CREATED"}, "sent_ts": 1758804437619, "arrival_ts": 1758804437759}
{"action": "recv", "src": "AS-N10", "dst": "AF-N174", "hlc": {"phys": 1758804448075, "cnt": 0, "node": "AS-N10"}, "package_id": "PKG4437", "payload": {"status": "SENT"}, "sent_ts": 1758804437975, "arrival_ts": 1758804438130}
{"action": "recv", "src": "AS-N10", "dst": "AF-N174", "hlc": {"phys": 1758804448442, "cnt": 0, "node": "AS-N10"}, "package_id": "PKG4437", "payload": {"status": "IN_TRANSIT"}, "sent_ts": 1758804438342, "arrival_ts": 1758804438540}
{"action": "recv", "src": "AS-N10", "dst": "AF-N174", "hlc": {"phys": 1758804448842, "cnt": 0, "node": "AS-N10"}, "package_id": "PKG4437", "payload": {"status": "RECEIVED"}, "sent_ts": 1758804438742, "arrival_ts": 1758804438890}
{"action": "recv", "src": "AS-N10", "dst": "AF-N174", "hlc": {"phys": 1758804449195, "cnt": 0, "node": "AS-N10"}, "package_id": "PKG4437", "payload": {"status": "DELIVERED"}, "sent_ts": 1758804439095, "arrival_ts": 1758804439138}
{"action": "recv", "src": "AU-N154", "dst": "AF-N174", "hlc": {"phys": 1758804982913, "cnt": 0, "node": "AU-N154"}, "package_id": "PKG4956", "payload": {"status": "CREATED"}, "sent_ts": 1758804956373, "arrival_ts": 1758804956569}
{"action": "recv", "src": "AU-N154", "dst": "AF-N174", "hlc": {"phys": 1758804983321, "cnt": 0, "node": "AU-N154"}, "package_id": "PKG4956", "payload": {"status": "SENT"}, "sent_ts": 1758804956781, "arrival_ts": 1758804956860}
{"action": "recv", "src": "AU-N154", "dst": "AF-N174", "hlc": {"phys": 1758804984490, "cnt": 0, "node": "AU-N154"}, "package_id": "PKG4956", "payload": {"status": "IN_TRANSIT"}, "sent_ts": 1758804957950, "arrival_ts": 1758804958038}
{"action": "recv", "src": "AU-N154", "dst": "AF-N174", "hlc": {"phys": 1758804984786, "cnt": 0, "node": "AU-N154"}, "package_id": "PKG4956", "payload": {"status": "RECEIVED"}, "sent_ts": 1758804958246, "arrival_ts": 1758804958392}
{"action": "recv", "src": "AU-N154", "dst": "AF-N174", "hlc": {"phys": 1758804985141, "cnt": 0, "node": "AU-N154"}, "package_id": "PKG4956", "payload": {"status": "DELIVERED"}, "sent_ts": 1758804958601, "arrival_ts": 1758804958713}
{"action": "send", "src": "AF-N174", "dst": "SA-N166", "hlc": {"phys": 1758812868278, "cnt": 0, "node": "AF-N174"}, "package_id": "PKG12851", "payload": {"status": "CREATED"}, "sent_ts": 1758812851538, "arrival_ts": 1758812851538}
{"action": "send", "src": "AF-N174", "dst": "SA-N166", "hlc": {"phys": 1758812868647, "cnt": 0, "node": "AF-N174"}, "package_id": "PKG12851", "payload": {"status": "SENT"}, "sent_ts": 1758812851907, "arrival_ts": 1758812851907}
{"action": "send", "src": "AF-N174", "dst": "SA-N166", "hlc": {"phys": 1758812869046, "cnt": 0, "node": "AF-N174"}, "package_id": "PKG12851", "payload": {"status": "IN_TRANSIT"}, "sent_ts": 1758812852306, "arrival_ts": 1758812852306}
{"action": "send", "src": "AF-N174", "dst": "SA-N166", "hlc": {"phys": 1758812869360, "cnt": 0, "node": "AF-N174"}, "package_id": "PKG12851", "payload": {"status": "RECEIVED"}, "sent_ts": 1758812852620, "arrival_ts": 1758812852620}
{"action": "send", "src": "AF-N174", "dst": "SA-N166", "hlc": {"phys": 1758812869699, "cnt": 0, "node": "AF-N174"}, "package_id": "PKG12851", "payload": {"status": "DELIVERED"}, "sent_ts": 1758812852959, "arrival_ts": 1758812852959}
{"action": "recv", "src": "EU-N136", "dst": "AF-N174", "hlc": {"phys": 1758813919099, "cnt": 0, "node": "EU-N136"}, "package_id": "PKG13912", "payload": {"status": "CREATED"}, "sent_ts": 1758813912739, "arrival_ts": 1758813912796}
{"action": "recv", "src": "EU-N136", "dst": "AF-N174", "hlc": {"phys": 1758813919362, "cnt": 0, "node": "EU-N136"}, "package_id": "PKG13912", "payload": {"status": "SENT"}, "sent_ts": 1758813913002, "arrival_ts": 1758813913120}
{"action": "recv", "src": "EU-N136", "dst": "AF-N174", "hlc": {"phys": 1758813919689, "cnt": 0, "node": "EU-N136"}, "package_id": "PKG13912", "payload": {"status": "IN_TRANSIT"}, "sent_ts": 1758813913329, "arrival_ts": 1758813913409}
{"action": "recv", "src": "EU-N136", "dst": "AF-N174", "hlc": {"phys": 1758813919969, "cnt": 0, "node": "EU-N136"}, "package_id": "PKG13912", "payload": {"status": "RECEIVED"}, "sent_ts": 1758813913609, "arrival_ts": 1758813913790}
{"action": "recv", "src": "EU-N136", "dst": "AF-N174", "hlc": {"phys": 1758813920357, "cnt": 0, "node": "EU-N136"}, "package_id": "PKG13912", "payload": {"status": "DELIVERED"}, "sent_ts": 1758813913997, "arrival_ts": 1758813914167}
{"action": "recv", "src": "SA-N98", "dst": "AF-N174", "hlc": {"phys": 1758815182320, "cnt": 0, "node": "SA-N98"}, "package_id": "PKG15161", "payload": {"status": "CREATED"}, "sent_ts": 1758815161340, "arrival_ts": 1758815161400}
{"action": "recv", "src": "SA-N98", "dst": "AF-N174", "hlc": {"phys": 1758815182584, "cnt": 0, "node": "SA-N98"}, "package_id": "PKG15161", "payload": {"status": "SENT"}, "sent_ts": 1758815161604, "arrival_ts": 1758815161746}
{"action": "recv", "src": "SA-N98", "dst": "AF-N174", "hlc": {"phys": 1758815182926, "cnt": 0, "node": "SA-N98"}, "package_id": "PKG15161", "payload": {"status": "IN_TRANSIT"}, "sent_ts": 1758815161946, "arrival_ts": 1758815162026}
{"action": "recv", "src": "SA-N98", "dst": "AF-N174", "hlc": {"phys": 1758815183205, "cnt": 0, "node": "SA-N98"}, "package_id": "PKG15161", "payload": {"status": "RECEIVED"}, "sent_ts": 1758815162225, "arrival_ts": 1758815162269}
{"action": "recv", "src": "SA-N98", "dst": "AF-N174", "hlc": {"phys": 1758815183466, "cnt": 0, "node": "SA-N98"}, "package_id": "PKG15161", "payload": {"status": "DELIVERED"}, "sent_ts": 1758815162486, "arrival_ts": 1758815162657}
