{"action": "send", "src": "AF-N18", "dst": "AS-N192", "hlc": {"phys": 1758713979475, "cnt": 0, "node": "AF-N18"}, "package_id": "PKG13964", "payload": {"status": "CREATED"}, "sent_ts": 1758713964295, "arrival_ts": 1758713964295}
{"action": "send", "src": "AF-N18", "dst": "AS-N192", "hlc": {"phys": 1758713979772, "cnt": 0, "node": "AF-N18"}, "package_id": "PKG13964", "payload": {"status": "SENT"}, "sent_ts": 1758713964592, "arrival_ts": 1758713964592}
{"action": "send", "src": "AF-N18", "dst": "AS-N192", "hlc": {"phys": 1758713980055, "cnt": 0, "node": "AF-N18"}, "package_id": "PKG13964", "payload": {"status": "IN_TRANSIT"}, "sent_ts": 1758713964875, "arrival_ts": 1758713964875}
{"action": "send", "src": "AF-N18", "dst": "AS-N192", "hlc": {"phys": 1758713980429, "cnt": 0, "node": "AF-N18"}, "package_id": "PKG13964", "payload": {"status": "RECEIVED"}, "sent_ts": 1758713965249, "arrival_ts": 1758713965249}
{"action": "send", "src": "AF-N18", "dst": "AS-N192", "hlc": {"phys": 1758713980661, "cnt": 0, "node": "AF-N18"}, "package_id": "PKG13964", "payload": {"status": "DELIVERED"}, "sent_ts": 1758713965481, "arrival_ts": 1758713965481}
{"action": "send", "src": "AF-N18", "dst": "AS-N188", "hlc": {"phys": 1758714102919, "cnt": 0, "node": "AF-N18"}, "package_id": "PKG14087", "payload": {"status": "CREATED"}, "sent_ts": 1758714087739, "arrival_ts": 1758714087739}
{"action": "send", "src": "AF-N18", "dst": "AS-N188", "hlc": {"phys": 1758714103215, "cnt": 0, "node": "AF-N18"}, "package_id": "PKG14087", "payload": {"status": "SENT"}, "sent_ts": 1758714088035, "arrival_ts": 1758714088035}
{"action": "send", "src": "AF-N18", "dst": "AS-N188", "hlc": {"phys": 1758714103468, "cnt": 0, "node": "AF-N18"}, "package_id": "PKG14087", "payload": {"status": "IN_TRANSIT"}, "sent_ts": 1758714088288, "arrival_ts": 1758714088288}
{"action": "send", "src": "AF-N18", "dst": "AS-N188", "hlc": {"phys": 1758714103825, "cnt": 0, "node": "AF-N18"}, "package_id": "PKG14087", "payload": {"status": "RECEIVED"}, "sent_ts": 1758714088645, "arrival_ts": 1758714088645}
{"action": "send", "src": "AF-N18", "dst": "AS-N188", "hlc": {"phys": 1758714104137, "cnt": 0, "node": "AF-N18"}, "package_id": "PKG14087", "payload": {"status": "DELIVERED"}, "sent_ts": 1758714088957, "arrival_ts": 1758714088957}
{"action": "recv", "src": "AS-N62", "dst": "AF-N18", "hlc": {"phys": 1758716447796, "cnt": 0, "node": "AS-N62"}, "package_id": "PKG16437", "payload": {"status": "CREATED"}, "sent_ts": 1758716437176, "arrival_ts": 1758716437293}
{"action": "recv", "src": "AS-N62", "dst": "AF-N18", "hlc": {"phys": 1758716448119, "cnt": 0, "node": "AS-N62"}, "package_id": "PKG16437", "payload": {"status": "SENT"}, "sent_ts": 1758716437499, "arrival_ts": 1758716437576}
{"action": "recv", "src": "AS-N62", "dst": "AF-N18", "hlc": {"phys": 1758716448400, "cnt": 0, "node": "AS-N62"}, "package_id": "PKG16437", "payload": {"status": "IN_TRANSIT"}, "sent_ts": 1758716437780, "arrival_ts": 1758716437873}
{"action": "recv", "src": "AS-N62", "dst": "AF-N18", "hlc": {"phys": 1758716448706, "cnt": 0, "node": "AS-N62"}, "package_id": "PKG16437", "payload": {"status": "RECEIVED"}, "sent_ts": 1758716438086, "arrival_ts": 1758716438282}
{"action": "recv", "src": "AS-N62", "dst": "AF-N18", "hlc": {"phys": 1758716449124, "cnt": 0, "node": "AS-N62"}, "package_id": "PKG16437", "payload": {"status": "DELIVERED"}, "sent_ts": 1758716438504, "arrival_ts": 1758716438652}
{"action": "send", "src": "AF-N18", "dst": "AU-N63", "hlc": {"phys": 1758716472937, "cnt": 0, "node": "AF-N18"}, "package_id": "PKG16457", "payload": {"status": "CREATED"}, "sent_ts": 1758716457757, "arrival_ts": 1758716457757}
{"action": "send", "src": "AF-N18", "dst": "AU-N63", "hlc": {"phys": 1758716473217, "cnt": 0, "node": "AF-N18"}, "package_id": "PKG16457", "payload": {"status": "SENT"}, "sent_ts": 1758716458037, "arrival_ts": 1758716458037}
{"action": "send", "src": "AF-N18", "dst": "AU-N63", "hlc": {"phys": 1758716473466, "cnt": 0, "node": "AF-N18"}, "package_id": "PKG16457", "payload": {"status": "IN_TRANSIT"}, "sent_ts": 1758716458286, "arrival_ts": 1758716458286}
{"action": "send", "src": "AF-N18", "dst": "AU-N63", "hlc": {"phys": 1758716473809, "cnt": 0, "node": "AF-N18"}, "package_id": "PKG16457", "payload": {"status": "RECEIVED"}, "sent_ts": 1758716458629, "arrival_ts": 1758716458629}
{"action": "send", "src": "AF-N18", "dst": "AU-N63", "hlc": {"phys": 1758716474090, "cnt": 0, "node": "AF-N18"}, "package_id": "PKG16457", "payload": {"status": "DELIVERED"}, "sent_ts": 1758716458910, "arrival_ts": 1758716458910}
{"action": "recv", "src": "AF-N58", "dst": "AF-N18", "hlc": {"phys": 1758717091379, "cnt": 0, "node": "AF-N58"}, "package_id": "PKG17075", "payload": {"status": "CREATED"}, "sent_ts": 1758717075799, "arrival_ts": 1758717075978}
{"action": "recv", "src": "AF-N58", "dst": "AF-N18", "hlc": {"phys": 1758717091768, "cnt": 0, "node": "AF-N58"}, "package_id": "PKG17075", "payload": {"status": "SENT"}, "sent_ts": 1758717076188, "arrival_ts": 1758717076217}
{"action": "recv", "src": "AF-N58", "dst": "AF-N18", "hlc": {"phys": 1758717091989, "cnt": 0, "node": "AF-N58"}, "package_id": "PKG17075", "payload": {"status": "IN_TRANSIT"}, "sent_ts": 1758717076409, "arrival_ts": 1758717076460}
{"action": "recv", "src": "AF-N58", "dst": "AF-N18", "hlc": {"phys": 1758717092253, "cnt": 0, "node": "AF-N58"}, "package_id": "PKG17075", "payload": {"status": "RECEIVED"}, "sent_ts": 1758717076673, "arrival_ts": 1758717076692}
{"action": "recv", "src": "AF-N58", "dst": "AF-N18", "hlc": {"phys": 1758717092487, "cnt": 0, "node": "AF-N58"}, "package_id": "PKG17075", "payload": {"status": "DELIVERED"}, "sent_ts": 1758717076907, "arrival_ts": 1758717076948}
{"action": "recv", "src": "AS-N107", "dst": "AF-N18", "hlc": {"phys": 1758741653377, "cnt": 0, "node": "AS-N107"}, "package_id": "PKG41642", "payload": {"status": "CREATED"}, "sent_ts": 1758741642307, "arrival_ts": 1758741642439}
{"action": "recv", "src": "AS-N107", "dst": "AF-N18", "hlc": {"phys": 1758741653711, "cnt": 0, "node": "AS-N107"}, "package_id": "PKG41642", "payload": {"status": "SENT"}, "sent_ts": 1758741642641, "arrival_ts": 1758741642830}
{"action": "recv", "src": "AS-N107", "dst": "AF-N18", "hlc": {"phys": 1758741654113, "cnt": 0, "node": "AS-N107"}, "package_id": "PKG41642", "payload": {"status": "IN_TRANSIT"}, "sent_ts": 1758741643043, "arrival_ts": 1758741643105}
{"action": "recv", "src": "AS-N107", "dst": "AF-N18", "hlc": {"phys": 1758741654376, "cnt": 0, "node": "AS-N107"}, "package_id": "PKG41642", "payload": {"status": "RECEIVED"}, "sent_ts": 1758741643306, "arrival_ts": 1758741643432}
{"action": "recv", "src": "AS-N107", "dst": "AF-N18", "hlc": {"phys": 1758741654708, "cnt": 0, "node": "AS-N107"}, "package_id": "PKG41642", "payload": {"status": "DELIVERED"}, "sent_ts": 1758741643638, "arrival_ts": 1758741643684}
{"action": "recv", "src": "AS-N26", "dst": "AF-N18", "hlc": {"phys": 1758745518717, "cnt": 0, "node": "AS-N26"}, "package_id": "PKG45508", "payload": {"status": "CREATED"}, "sent_ts": 1758745508457, "arrival_ts": 1758745508642}
{"action": "recv", "src": "AS-N26", "dst": "AF-N18", "hlc": {"phys": 1758745519107, "cnt": 0, "node": "AS-N26"}, "package_id": "PKG45508", "payload": {"status": "SENT"}, "sent_ts": 1758745508847, "arrival_ts": 1758745508979}
{"action": "recv", "src": "AS-N26", "dst": "AF-N18", "hlc": {"phys": 1758745519431, "cnt": 0, "node": "AS-N26"}, "package_id": "PKG45508", "payload": {"status": "IN_TRANSIT"}, "sent_ts": 1758745509171, "arrival_ts": 1758745509344}
{"action": "recv", "src": "AS-N26", "dst": "AF-N18", "hlc": {"phys": 1758745519820, "cnt": 0, "node": "AS-N26"}, "package_id": "PKG45508", "payload": {"status": "RECEIVED"}, "sent_ts": 1758745509560, "arrival_ts": 1758745509634}
{"action": "recv", "src": "AS-N26", "dst": "AF-N18", "hlc": {"phys": 1758745520100, "cnt": 0, "node": "AS-N26"}, "package_id": "PKG45508", "payload": {"status": "DELIVERED"}, "sent_ts": 1758745509840, "arrival_ts": 1758745509876}
{"action": "send", "src": "AF-N18", "dst": "AS-N77", "hlc": {"phys": 1758749994598, "cnt": 0, "node": "AF-N18"}, "package_id": "PKG49979", "payload": {"status": "CREATED"}, "sent_ts": 1758749979418, "arrival_ts": 1758749979418}
{"action": "send", "src": "AF-N18", "dst": "AS-N77", "hlc": {"phys": 1758749994837, "cnt": 0, "node": "AF-N18"}, "package_id": "PKG49979", "payload": {"status": "SENT"}, "sent_ts": 1758749979657, "arrival_ts": 1758749979657}
{"action": "send", "src": "AF-N18", "dst": "AS-N77", "hlc": {"phys": 1758749995200, "cnt": 0, "node": "AF-N18"}, "package_id": "PKG49979", "payload": {"status": "IN_TRANSIT"}, "sent_ts": 1758749980020, "arrival_ts": 1758749980020}
{"action": "send", "src": "AF-N18", "dst": "AS-N77", "hlc": {"phys": 1758749996075, "cnt": 0, "node": "AF-N18"}, "package_id": "PKG49979", "payload": {"status": "RECEIVED"}, "sent_ts": 1758749980895, "arrival_ts": 1758749980895}
{"action": "send", "src": "AF-N18", "dst": "AS-N77", "hlc": {"phys": 1758749996383, "cnt": 0, "node": "AF-N18"}, "package_id": "PKG49979", "payload": {"status": "DELIVERED"}, "sent_ts": 1758749981203, "arrival_ts": 1758749981203}
{"action": "recv", "src": "AF-N75", "dst": "AF-N18", "hlc": {"phys": 1758752410017, "cnt": 0, "node": "AF-N75"}, "package_id": "PKG52394", "payload": {"status": "CREATED"}, "sent_ts": 1758752394267, "arrival_ts": 1758752394291}
{"action": "recv", "src": "AF-N75", "dst": "AF-N18", "hlc": {"phys": 1758752410247, "cnt": 0, "node": "AF-N75"}, "package_id": "PKG52394", "payload": {"status": "SENT"}, "sent_ts": 1758752394497, "arrival_ts": 1758752394697}
{"action": "recv", "src": "AF-N75", "dst": "AF-N18", "hlc": {"phys": 1758752410662, "cnt": 0, "node": "AF-N75"}, "package_id": "PKG52394", "payload": {"status": "IN_TRANSIT"}, "sent_ts": 1758752394912, "arrival_ts": 1758752394942}
{"action": "recv", "src": "AF-N75", "dst": "AF-N18", "hlc": {"phys": 1758752410912, "cnt": 0, "node": "AF-N75"}, "package_id": "PKG52394", "payload": {"status": "RECEIVED"}, "sent_ts": 1758752395162, "arrival_ts": 1758752395279}
{"action": "recv", "src": "AF-N75", "dst": "AF-N18", "hlc": {"phys": 1758752411242, "cnt": 0, "node": "AF-N75"}, "package_id": "PKG52394", "payload": {"status": "DELIVERED"}, "sent_ts": 1758752395492, "arrival_ts": 1758752395604}
{"action": "recv", "src": "EU-N163", "dst": "AF-N18", "hlc": {"phys": 1758753471327, "cnt": 0, "node": "EU-N163"}, "package_id": "PKG53464", "payload": {"status": "CREATED"}, "sent_ts": 1758753464697, "arrival_ts": 1758753464805}
{"action": "recv", "src": "EU-N163", "dst": "AF-N18", "hlc": {"phys": 1758753471647, "cnt": 0, "node": "EU-N163"}, "package_id": "PKG53464", "payload": {"status": "SENT"}, "sent_ts": 1758753465017, "arrival_ts": 1758753465072}
{"action": "recv", "src": "EU-N163", "dst": "AF-N18", "hlc": {"phys": 1758753471922, "cnt": 0, "node": "EU-N163"}, "package_id": "PKG53464", "payload": {"status": "IN_TRANSIT"}, "sent_ts": 1758753465292, "arrival_ts": 1758753465391}
{"action": "recv", "src": "EU-N163", "dst": "AF-N18", "hlc": {"phys": 1758753472237, "cnt": 0, "node": "EU-N163"}, "package_id": "PKG53464", "payload": {"status": "RECEIVED"}, "sent_ts": 1758753465607, "arrival_ts": 1758753465774}
{"action": "recv", "src": "EU-N163", "dst": "AF-N18", "hlc": {"phys": 1758753472612, "cnt": 0, "node": "EU-N163"}, "package_id": "PKG53464", "payload": {"status": "DELIVERED"}, "sent_ts": 1758753465982, "arrival_ts": 1758753466013}
{"action": "send", "src": "AF-N18", "dst": "AU-N178", "hlc": {"phys": 1758755461599, "cnt": 0, "node": "AF-N18"}, "package_id": "PKG55446", "payload": {"status": "CREATED"}, "sent_ts": 1758755446419, "arrival_ts": 1758755446419}
{"action": "send", "src": "AF-N18", "dst": "AU-N178", "hlc": {"phys": 1758755461961, "cnt": 0, "node": "AF-N18"}, "package_id": "PKG55446", "payload": {"status": "SENT"}, "sent_ts": 1758755446781, "arrival_ts": 1758755446781}
{"action": "send", "src": "AF-N18", "dst": "AU-N178", "hlc": {"phys": 1758755462235, "cnt": 0, "node": "AF-N18"}, "package_id": "PKG55446", "payload": {"status": "IN_TRANSIT"}, "sent_ts": 1758755447055, "arrival_ts": 1758755447055}
{"action": "send", "src": "AF-N18", "dst": "AU-N178", "hlc": {"phys": 1758755462574, "cnt": 0, "node": "AF-N18"}, "package_id": "PKG55446", "payload": {"status": "RECEIVED"}, "sent_ts": 1758755447394, "arrival_ts": 1758755447394}
{"action": "send", "src": "AF-N18", "dst": "AU-N178", "hlc": {"phys": 1758755462904, "cnt": 0, "node": "AF-N18"}, "package_id": "PKG55446", "payload": {"status": "DELIVERED"}, "sent_ts": 1758755447724, "arrival_ts": 1758755447724}
{"action": "send", "src": "AF-N18", "dst": "AU-N175", "hlc": {"phys": 1758755678855, "cnt": 0, "node": "AF-N18"}, "package_id": "PKG55663", "payload": {"status": "CREATED"}, "sent_ts": 1758755663675, "arrival_ts": 1758755663675}
{"action": "send", "src": "AF-N18", "dst": "AU-N175", "hlc": {"phys": 1758755679111, "cnt": 0, "node": "AF-N18"}, "package_id": "PKG55663", "payload": {"status": "SENT"}, "sent_ts": 1758755663931, "arrival_ts": 1758755663931}
{"action": "send", "src": "AF-N18", "dst": "AU-N175", "hlc": {"phys": 1758755679453, "cnt": 0, "node": "AF-N18"}, "package_id": "PKG55663", "payload": {"status": "IN_TRANSIT"}, "sent_ts": 1758755664273, "arrival_ts": 1758755664273}
{"action": "send", "src": "AF-N18", "dst": "AU-N175", "hlc": {"phys": 1758755679805, "cnt": 0, "node": "AF-N18"}, "package_id": "PKG55663", "payload": {"status": "RECEIVED"}, "sent_ts": 1758755664625, "arrival_ts": 1758755664625}
{"action": "send", "src": "AF-N18", "dst": "AU-N175", "hlc": {"phys": 1758755680137, "cnt": 0, "node": "AF-N18"}, "package_id": "PKG55663", "payload": {"status": "DELIVERED"}, "sent_ts": 1758755664957, "arrival_ts": 1758755664957}
{"action": "send", "src": "AF-N18", "dst": "NA-N41", "hlc": {"phys": 1758758892683, "cnt": 0, "node": "AF-N18"}, "package_id": "PKG58877", "payload": {"status": "CREATED"}, "sent_ts": 1758758877503, "arrival_ts": 1758758877503}
{"action": "send", "src": "AF-N18", "dst": "NA-N41", "hlc": {"phys": 1758758893087, "cnt": 0, "node": "AF-N18"}, "package_id": "PKG58877", "payload": {"status": "SENT"}, "sent_ts": 1758758877907, "arrival_ts": 1758758877907}
{"action": "send", "src": "AF-N18", "dst": "NA-N41", "hlc": {"phys": 1758758893419, "cnt": 0, "node": "AF-N18"}, "package_id": "PKG58877", "payload": {"status": "IN_TRANSIT"}, "sent_ts": 1758758878239, "arrival_ts": 1758758878239}
{"action": "send", "src": "AF-N18", "dst": "NA-N41", "hlc": {"phys": 1758758893690, "cnt": 0, "node": "AF-N18"}, "package_id": "PKG58877", "payload": {"status": "RECEIVED"}, "sent_ts": 1758758878510, "arrival_ts": 1758758878510}
{"action": "send", "src": "AF-N18", "dst": "NA-N41", "hlc": {"phys": 1758758894013, "cnt": 0, "node": "AF-N18"}, "package_id": "PKG58877", "payload": {"status": "DELIVERED"}, "sent_ts": 1758758878833, "arrival_ts": 1758758878833}
{"action": "recv", "src": "AU-N68", "dst": "AF-N18", "hlc": {"phys": 1758761380055, "cnt": 0, "node": "AU-N68"}, "package_id": "PKG61354", "payload": {"status": "CREATED"}, "sent_ts": 1758761354375, "arrival_ts": 1758761354544}
{"action": "recv", "src": "AU-N68", "dst": "AF-N18", "hlc": {"phys": 1758761380429, "cnt": 0, "node": "AU-N68"}, "package_id": "PKG61354", "payload": {"status": "SENT"}, "sent_ts": 1758761354749, "arrival_ts": 1758761354776}
{"action": "recv", "src": "AU-N68", "dst": "AF-N18", "hlc": {"phys": 1758761380654, "cnt": 0, "node": "AU-N68"}, "package_id": "PKG61354", "payload": {"status": "IN_TRANSIT"}, "sent_ts": 1758761354974, "arrival_ts": 1758761355155}
{"action": "recv", "src": "AU-N68", "dst": "AF-N18", "hlc": {"phys": 1758761381047, "cnt": 0, "node": "AU-N68"}, "package_id": "PKG61354", "payload": {"status": "RECEIVED"}, "sent_ts": 1758761355367, "arrival_ts": 1758761355466}
{"action": "recv", "src": "AU-N68", "dst": "AF-N18", "hlc": {"phys": 1758761381338, "cnt": 0, "node": "AU-N68"}, "package_id": "PKG61354", "payload": {"status": "DELIVERED"}, "sent_ts": 1758761355658, "arrival_ts": 1758761355723}
{"action": "send", "src": "AF-N18", "dst": "AS-N78", "hlc": {"phys": 1758799893363, "cnt": 0, "node": "AF-N18"}, "package_id": "PKG99878", "payload": {"status": "CREATED"}, "sent_ts": 1758799878183, "arrival_ts": 1758799878183}
{"action": "send", "src": "AF-N18", "dst": "AS-N78", "hlc": {"phys": 1758799893692, "cnt": 0, "node": "AF-N18"}, "package_id": "PKG99878", "payload": {"status": "SENT"}, "sent_ts": 1758799878512, "arrival_ts": 1758799878512}
{"action": "send", "src": "AF-N18", "dst": "AS-N78", "hlc": {"phys": 1758799893958, "cnt": 0, "node": "AF-N18"}, "package_id": "PKG99878", "payload": {"status": "IN_TRANSIT"}, "sent_ts": 1758799878778, "arrival_ts": 1758799878778}
{"action": "send", "src": "AF-N18", "dst": "AS-N78", "hlc": {"phys": 1758799894296, "cnt": 0, "node": "AF-N18"}, "package_id": "PKG99878", "payload": {"status": "RECEIVED"}, "sent_ts": 1758799879116, "arrival_ts": 1758799879116}
{"action": "send", "src": "AF-N18", "dst": "AS-N78", "hlc": {"phys": 1758799894555, "cnt": 0, "node": "AF-N18"}, "package_id": "PKG99878", "payload": {"status": "DELIVERED"}, "sent_ts": 1758799879375, "arrival_ts": 1758799879375}
{"action": "send", "src": "AF-N18", "dst": "SA-N51", "hlc": {"phys": 1758805980417, "cnt": 0, "node": "AF-N18"}, "package_id": "PKG5965", "payload": {"status": "CREATED"}, "sent_ts": 1758805965237, "arrival_ts": 1758805965237}
{"action": "send", "src": "AF-N18", "dst": "SA-N51", "hlc": {"phys": 1758805980788, "cnt": 0, "node": "AF-N18"}, "package_id": "PKG5965", "payload": {"status": "SENT"}, "sent_ts": 1758805965608, "arrival_ts": 1758805965608}
{"action": "send", "src": "AF-N18", "dst": "SA-N51", "hlc": {"phys": 1758805981157, "cnt": 0, "node": "AF-N18"}, "package_id": "PKG5965", "payload": {"status": "IN_TRANSIT"}, "sent_ts": 1758805965977, "arrival_ts": 1758805965977}
{"action": "send", "src": "AF-N18", "dst": "SA-N51", "hlc": {"phys": 1758805981419, "cnt": 0, "node": "AF-N18"}, "package_id": "PKG5965", "payload": {"status": "RECEIVED"}, "sent_ts": 1758805966239, "arrival_ts": 1758805966239}
{"action": "send", "src": "AF-N18", "dst": "SA-N51", "hlc": {"phys": 1758805981806, "cnt": 0, "node": "AF-N18"}, "package_id": "PKG5965", "payload": {"status": "DELIVERED"}, "sent_ts": 1758805966626, "arrival_ts": 1758805966626}
{"action": "send", "src": "AF-N18", "dst": "AF-N129", "hlc": {"phys": 1758813456040, "cnt": 0, "node": "AF-N18"}, "package_id": "PKG13440", "payload": {"status": "CREATED"}, "sent_ts": 1758813440860, "arrival_ts": 1758813440860}
{"action": "send", "src": "AF-N18", "dst": "AF-N129", "hlc": {"phys": 1758813456271, "cnt": 0, "node": "AF-N18"}, "package_id": "PKG13440", "payload": {"status": "SENT"}, "sent_ts": 1758813441091, "arrival_ts": 1758813441091}
{"action": "send", "src": "AF-N18", "dst": "AF-N129", "hlc": {"phys": 1758813456623, "cnt": 0, "node": "AF-N18"}, "package_id": "PKG13440", "payload": {"status": "IN_TRANSIT"}, "sent_ts": 1758813441443, "arrival_ts": 1758813441443}
{"action": "send", "src": "AF-N18", "dst": "AF-N129", "hlc": {"phys": 1758813456857, "cnt": 0, "node": "AF-N18"}, "package_id": "PKG13440", "payload": {"status": "RECEIVED"}, "sent_ts": 1758813441677, "arrival_ts": 1758813441677}
{"action": "send", "src": "AF-N18", "dst": "AF-N129", "hlc": {"phys": 1758813457090, "cnt": 0, "node": "AF-N18"}, "package_id": "PKG13440", "payload": {"status": "DELIVERED"}, "sent_ts": 1758813441910, "arrival_ts": 1758813441910}
{"action": "recv", "src": "SA-N182", "dst": "AF-N18", "hlc": {"phys": 1758815050020, "cnt": 0, "node": "SA-N182"}, "package_id": "PKG15028", "payload": {"status": "CREATED"}, "sent_ts": 1758815028200, "arrival_ts": 1758815028307}
{"action": "recv", "src": "SA-N182", "dst": "AF-N18", "hlc": {"phys": 1758815050333, "cnt": 0, "node": "SA-N182"}, "package_id": "PKG15028", "payload": {"status": "SENT"}, "sent_ts": 1758815028513, "arrival_ts": 1758815028531}
{"action": "recv", "src": "SA-N182", "dst": "AF-N18", "hlc": {"phys": 1758815051400, "cnt": 0, "node": "SA-N182"}, "package_id": "PKG15028", "payload": {"status": "IN_TRANSIT"}, "sent_ts": 1758815029580, "arrival_ts": 1758815029773}
{"action": "recv", "src": "SA-N182", "dst": "AF-N18", "hlc": {"phys": 1758815051797, "cnt": 0, "node": "SA-N182"}, "package_id": "PKG15028", "payload": {"status": "RECEIVED"}, "sent_ts": 1758815029977, "arrival_ts": 1758815029998}
{"action": "recv", "src": "SA-N182", "dst": "AF-N18", "hlc": {"phys": 1758815052013, "cnt": 0, "node": "SA-N182"}, "package_id": "PKG15028", "payload": {"status": "DELIVERED"}, "sent_ts": 1758815030193, "arrival_ts": 1758815030312}
