{"action": "send", "src": "AF-N160", "dst": "EU-N61", "hlc": {"phys": 1758713052740, "cnt": 0, "node": "AF-N160"}, "package_id": "PKG13036", "payload": {"status": "CREATED"}, "sent_ts": 1758713036140, "arrival_ts": 1758713036140}
{"action": "send", "src": "AF-N160", "dst": "EU-N61", "hlc": {"phys": 1758713053111, "cnt": 0, "node": "AF-N160"}, "package_id": "PKG13036", "payload": {"status": "SENT"}, "sent_ts": 1758713036511, "arrival_ts": 1758713036511}
{"action": "send", "src": "AF-N160", "dst": "EU-N61", "hlc": {"phys": 1758713053516, "cnt": 0, "node": "AF-N160"}, "package_id": "PKG13036", "payload": {"status": "IN_TRANSIT"}, "sent_ts": 1758713036916, "arrival_ts": 1758713036916}
{"action": "send", "src": "AF-N160", "dst": "EU-N61", "hlc": {"phys": 1758713053906, "cnt": 0, "node": "AF-N160"}, "package_id": "PKG13036", "payload": {"status": "RECEIVED"}, "sent_ts": 1758713037306, "arrival_ts": 1758713037307}
{"action": "send", "src": "AF-N160", "dst": "EU-N61", "hlc": {"phys": 1758713054259, "cnt": 0, "node": "AF-N160"}, "package_id": "PKG13036", "payload": {"status": "DELIVERED"}, "sent_ts": 1758713037659, "arrival_ts": 1758713037659}
{"action": "send", "src": "AF-N160", "dst": "SA-N99", "hlc": {"phys": 1758716448769, "cnt": 0, "node": "AF-N160"}, "package_id": "PKG16432", "payload": {"status": "CREATED"}, "sent_ts": 1758716432169, "arrival_ts": 1758716432169}
{"action": "send", "src": "AF-N160", "dst": "SA-N99", "hlc": {"phys": 1758716449025, "cnt": 0, "node": "AF-N160"}, "package_id": "PKG16432", "payload": {"status": "SENT"}, "sent_ts": 1758716432425, "arrival_ts": 1758716432425}
{"action": "send", "src": "AF-N160", "dst": "SA-N99", "hlc": {"phys": 1758716449242, "cnt": 0, "node": "AF-N160"}, "package_id": "PKG16432", "payload": {"status": "IN_TRANSIT"}, "sent_ts": 1758716432642, "arrival_ts": 1758716432642}
{"action": "send", "src": "AF-N160", "dst": "SA-N99", "hlc": {"phys": 1758716449472, "cnt": 0, "node": "AF-N160"}, "package_id": "PKG16432", "payload": {"status": "RECEIVED"}, "sent_ts": 1758716432872, "arrival_ts": 1758716432872}
{"action": "send", "src": "AF-N160", "dst": "SA-N99", "hlc": {"phys": 1758716449835, "cnt": 0, "node": "AF-N160"}, "package_id": "PKG16432", "payload": {"status": "DELIVERED"}, "sent_ts": 1758716433235, "arrival_ts": 1758716433235}
{"action": "recv", "src": "EU-N30", "dst": "AF-N160", "hlc": {"phys": 1758718376703, "cnt": 0, "node": "EU-N30"}, "package_id": "PKG18371", "payload": {"status": "CREATED"}, "sent_ts": 1758718371403, "arrival_ts": 1758718371431}
{"action": "recv", "src": "EU-N30", "dst": "AF-N160", "hlc": {"phys": 1758718376932, "cnt": 0, "node": "EU-N30"}, "package_id": "PKG18371", "payload": {"status": "SENT"}, "sent_ts": 1758718371632, "arrival_ts": 1758718371716}
{"action": "recv", "src": "EU-N30", "dst": "AF-N160", "hlc": {"phys": 1758718377212, "cnt": 0, "node": "EU-N30"}, "package_id": "PKG18371", "payload": {"status": "IN_TRANSIT"}, "sent_ts": 1758718371912, "arrival_ts": 1758718372011}
{"action": "recv", "src": "EU-N30", "dst": "AF-N160", "hlc": {"phys": 1758718377507, "cnt": 0, "node": "EU-N30"}, "package_id": "PKG18371", "payload": {"status": "RECEIVED"}, "sent_ts": 1758718372207, "arrival_ts": 1758718372378}
{"action": "recv", "src": "EU-N30", "dst": "AF-N160", "hlc": {"phys": 1758718377886, "cnt": 0, "node": "EU-N30"}, "package_id": "PKG18371", "payload": {"status": "DELIVERED"}, "sent_ts": 1758718372586, "arrival_ts": 1758718372673}
{"action": "send", "src": "AF-N160", "dst": "NA-N112", "hlc": {"phys": 1758740857405, "cnt": 0, "node": "AF-N160"}, "package_id": "PKG40840", "payload": {"status": "CREATED"}, "sent_ts": 1758740840805, "arrival_ts": 1758740840805}
{"action": "send", "src": "AF-N160", "dst": "NA-N112", "hlc": {"phys": 1758740857812, "cnt": 0, "node": "AF-N160"}, "package_id": "PKG40840", "payload": {"status": "SENT"}, "sent_ts": 1758740841212, "arrival_ts": 1758740841212}
{"action": "send", "src": "AF-N160", "dst": "NA-N112", "hlc": {"phys": 1758740858065, "cnt": 0, "node": "AF-N160"}, "package_id": "PKG40840", "payload": {"status": "IN_TRANSIT"}, "sent_ts": 1758740841465, "arrival_ts": 1758740841465}
{"action": "send", "src": "AF-N160", "dst": "NA-N112", "hlc": {"phys": 1758740858448, "cnt": 0, "node": "AF-N160"}, "package_id": "PKG40840", "payload": {"status": "RECEIVED"}, "sent_ts": 1758740841848, "arrival_ts": 1758740841848}
{"action": "send", "src": "AF-N160", "dst": "NA-N112", "hlc": {"phys": 1758740858771, "cnt": 0, "node": "AF-N160"}, "package_id": "PKG40840", "payload": {"status": "DELIVERED"}, "sent_ts": 1758740842171, "arrival_ts": 1758740842171}
{"action": "recv", "src": "AF-N46", "dst": "AF-N160", "hlc": {"phys": 1758742500346, "cnt": 0, "node": "AF-N46"}, "package_id": "PKG42484", "payload": {"status": "CREATED"}, "sent_ts": 1758742484886, "arrival_ts": 1758742485080}
{"action": "recv", "src": "AF-N46", "dst": "AF-N160", "hlc": {"phys": 1758742500748, "cnt": 0, "node": "AF-N46"}, "package_id": "PKG42484", "payload": {"status": "SENT"}, "sent_ts": 1758742485288, "arrival_ts": 1758742485355}
{"action": "recv", "src": "AF-N46", "dst": "AF-N160", "hlc": {"phys": 1758742501011, "cnt": 0, "node": "AF-N46"}, "package_id": "PKG42484", "payload": {"status": "IN_TRANSIT"}, "sent_ts": 1758742485551, "arrival_ts": 1758742485640}
{"action": "recv", "src": "AF-N46", "dst": "AF-N160", "hlc": {"phys": 1758742501304, "cnt": 0, "node": "AF-N46"}, "package_id": "PKG42484", "payload": {"status": "RECEIVED"}, "sent_ts": 1758742485844, "arrival_ts": 1758742486033}
{"action": "recv", "src": "AF-N46", "dst": "AF-N160", "hlc": {"phys": 1758742501706, "cnt": 0, "node": "AF-N46"}, "package_id": "PKG42484", "payload": {"status": "DELIVERED"}, "sent_ts": 1758742486246, "arrival_ts": 1758742486407}
{"action": "recv", "src": "AF-N191", "dst": "AF-N160", "hlc": {"phys": 1758742992364, "cnt": 0, "node": "AF-N191"}, "package_id": "PKG42975", "payload": {"status": "CREATED"}, "sent_ts": 1758742975454, "arrival_ts": 1758742975515}
{"action": "recv", "src": "AF-N191", "dst": "AF-N160", "hlc": {"phys": 1758742992636, "cnt": 0, "node": "AF-N191"}, "package_id": "PKG42975", "payload": {"status": "SENT"}, "sent_ts": 1758742975726, "arrival_ts": 1758742975779}
{"action": "recv", "src": "AF-N191", "dst": "AF-N160", "hlc": {"phys": 1758742992902, "cnt": 0, "node": "AF-N191"}, "package_id": "PKG42975", "payload": {"status": "IN_TRANSIT"}, "sent_ts": 1758742975992, "arrival_ts": 1758742976169}
{"action": "recv", "src": "AF-N191", "dst": "AF-N160", "hlc": {"phys": 1758742993290, "cnt": 0, "node": "AF-N191"}, "package_id": "PKG42975", "payload": {"status": "RECEIVED"}, "sent_ts": 1758742976380, "arrival_ts": 1758742976510}
{"action": "recv", "src": "AF-N191", "dst": "AF-N160", "hlc": {"phys": 1758742993629, "cnt": 0, "node": "AF-N191"}, "package_id": "PKG42975", "payload": {"status": "DELIVERED"}, "sent_ts": 1758742976719, "arrival_ts": 1758742976822}
{"action": "send", "src": "AF-N160", "dst": "AF-N155", "hlc": {"phys": 1758746391830, "cnt": 0, "node": "AF-N160"}, "package_id": "PKG46375", "payload": {"status": "CREATED"}, "sent_ts": 1758746375230, "arrival_ts": 1758746375230}
{"action": "send", "src": "AF-N160", "dst": "AF-N155", "hlc": {"phys": 1758746392151, "cnt": 0, "node": "AF-N160"}, "package_id": "PKG46375", "payload": {"status": "SENT"}, "sent_ts": 1758746375551, "arrival_ts": 1758746375551}
{"action": "send", "src": "AF-N160", "dst": "AF-N155", "hlc": {"phys": 1758746392416, "cnt": 0, "node": "AF-N160"}, "package_id": "PKG46375", "payload": {"status": "IN_TRANSIT"}, "sent_ts": 1758746375816, "arrival_ts": 1758746375816}
{"action": "send", "src": "AF-N160", "dst": "AF-N155", "hlc": {"phys": 1758746392740, "cnt": 0, "node": "AF-N160"}, "package_id": "PKG46375", "payload": {"status": "RECEIVED"}, "sent_ts": 1758746376140, "arrival_ts": 1758746376140}
{"action": "send", "src": "AF-N160", "dst": "AF-N155", "hlc": {"phys": 1758746393127, "cnt": 0, "node": "AF-N160"}, "package_id": "PKG46375", "payload": {"status": "DELIVERED"}, "sent_ts": 1758746376527, "arrival_ts": 1758746376527}
{"action": "recv", "src": "EU-N16", "dst": "AF-N160", "hlc": {"phys": 1758750081922, "cnt": 0, "node": "EU-N16"}, "package_id": "PKG50076", "payload": {"status": "CREATED"}, "sent_ts": 1758750076762, "arrival_ts": 1758750076881}
{"action": "recv", "src": "EU-N16", "dst": "AF-N160", "hlc": {"phys": 1758750082244, "cnt": 0, "node": "EU-N16"}, "package_id": "PKG50076", "payload": {"status": "SENT"}, "sent_ts": 1758750077084, "arrival_ts": 1758750077167}
{"action": "recv", "src": "EU-N16", "dst": "AF-N160", "hlc": {"phys": 1758750082526, "cnt": 0, "node": "EU-N16"}, "package_id": "PKG50076", "payload": {"status": "IN_TRANSIT"}, "sent_ts": 1758750077366, "arrival_ts": 1758750077555}
{"action": "recv", "src": "EU-N16", "dst": "AF-N160", "hlc": {"phys": 1758750082914, "cnt": 0, "node": "EU-N16"}, "package_id": "PKG50076", "payload": {"status": "RECEIVED"}, "sent_ts": 1758750077754, "arrival_ts": 1758750077771}
{"action": "recv", "src": "EU-N16", "dst": "AF-N160", "hlc": {"phys": 1758750083132, "cnt": 0, "node": "EU-N16"}, "package_id": "PKG50076", "payload": {"status": "DELIVERED"}, "sent_ts": 1758750077972, "arrival_ts": 1758750078167}
{"action": "recv", "src": "AU-N56", "dst": "AF-N160", "hlc": {"phys": 1758751591299, "cnt": 0, "node": "AU-N56"}, "package_id": "PKG51565", "payload": {"status": "CREATED"}, "sent_ts": 1758751565739, "arrival_ts": 1758751565866}
{"action": "recv", "src": "AU-N56", "dst": "AF-N160", "hlc": {"phys": 1758751591636, "cnt": 0, "node": "AU-N56"}, "package_id": "PKG51565", "payload": {"status": "SENT"}, "sent_ts": 1758751566076, "arrival_ts": 1758751566221}
{"action": "recv", "src": "AU-N56", "dst": "AF-N160", "hlc": {"phys": 1758751591997, "cnt": 0, "node": "AU-N56"}, "package_id": "PKG51565", "payload": {"status": "IN_TRANSIT"}, "sent_ts": 1758751566437, "arrival_ts": 1758751566580}
{"action": "recv", "src": "AU-N56", "dst": "AF-N160", "hlc": {"phys": 1758751592344, "cnt": 0, "node": "AU-N56"}, "package_id": "PKG51565", "payload": {"status": "RECEIVED"}, "sent_ts": 1758751566784, "arrival_ts": 1758751566836}
{"action": "recv", "src": "AU-N56", "dst": "AF-N160", "hlc": {"phys": 1758751592613, "cnt": 0, "node": "AU-N56"}, "package_id": "PKG51565", "payload": {"status": "DELIVERED"}, "sent_ts": 1758751567053, "arrival_ts": 1758751567157}
{"action": "recv", "src": "NA-N109", "dst": "AF-N160", "hlc": {"phys": 1758757588270, "cnt": 0, "node": "NA-N109"}, "package_id": "PKG57587", "payload": {"status": "CREATED"}, "sent_ts": 1758757587180, "arrival_ts": 1758757587285}
{"action": "recv", "src": "NA-N109", "dst": "AF-N160", "hlc": {"phys": 1758757588596, "cnt": 0, "node": "NA-N109"}, "package_id": "PKG57587", "payload": {"status": "SENT"}, "sent_ts": 1758757587506, "arrival_ts": 1758757587646}
{"action": "recv", "src": "NA-N109", "dst": "AF-N160", "hlc": {"phys": 1758757588955, "cnt": 0, "node": "NA-N109"}, "package_id": "PKG57587", "payload": {"status": "IN_TRANSIT"}, "sent_ts": 1758757587865, "arrival_ts": 1758757587933}
{"action": "recv", "src": "NA-N109", "dst": "AF-N160", "hlc": {"phys": 1758757589237, "cnt": 0, "node": "NA-N109"}, "package_id": "PKG57587", "payload": {"status": "RECEIVED"}, "sent_ts": 1758757588147, "arrival_ts": 1758757588247}
{"action": "recv", "src": "NA-N109", "dst": "AF-N160", "hlc": {"phys": 1758757589551, "cnt": 0, "node": "NA-N109"}, "package_id": "PKG57587", "payload": {"status": "DELIVERED"}, "sent_ts": 1758757588461, "arrival_ts": 1758757588662}
{"action": "recv", "src": "AN-N64", "dst": "AF-N160", "hlc": {"phys": 1758758145097, "cnt": 0, "node": "AN-N64"}, "package_id": "PKG58114", "payload": {"status": "CREATED"}, "sent_ts": 1758758114457, "arrival_ts": 1758758114592}
{"action": "recv", "src": "AN-N64", "dst": "AF-N160", "hlc": {"phys": 1758758145442, "cnt": 0, "node": "AN-N64"}, "package_id": "PKG58114", "payload": {"status": "SENT"}, "sent_ts": 1758758114802, "arrival_ts": 1758758114884}
{"action": "recv", "src": "AN-N64", "dst": "AF-N160", "hlc": {"phys": 1758758145729, "cnt": 0, "node": "AN-N64"}, "package_id": "PKG58114", "payload": {"status": "IN_TRANSIT"}, "sent_ts": 1758758115089, "arrival_ts": 1758758115146}
{"action": "recv", "src": "AN-N64", "dst": "AF-N160", "hlc": {"phys": 1758758145999, "cnt": 0, "node": "AN-N64"}, "package_id": "PKG58114", "payload": {"status": "RECEIVED"}, "sent_ts": 1758758115359, "arrival_ts": 1758758115509}
{"action": "recv", "src": "AN-N64", "dst": "AF-N160", "hlc": {"phys": 1758758146348, "cnt": 0, "node": "AN-N64"}, "package_id": "PKG58114", "payload": {"status": "DELIVERED"}, "sent_ts": 1758758115708, "arrival_ts": 1758758115808}
{"action": "send", "src": "AF-N160", "dst": "AU-N197", "hlc": {"phys": 1758758787493, "cnt": 0, "node": "AF-N160"}, "package_id": "PKG58770", "payload": {"status": "CREATED"}, "sent_ts": 1758758770893, "arrival_ts": 1758758770893}
{"action": "send", "src": "AF-N160", "dst": "AU-N197", "hlc": {"phys": 1758758787864, "cnt": 0, "node": "AF-N160"}, "package_id": "PKG58770", "payload": {"status": "SENT"}, "sent_ts": 1758758771264, "arrival_ts": 1758758771264}
{"action": "send", "src": "AF-N160", "dst": "AU-N197", "hlc": {"phys": 1758758788159, "cnt": 0, "node": "AF-N160"}, "package_id": "PKG58770", "payload": {"status": "IN_TRANSIT"}, "sent_ts": 1758758771559, "arrival_ts": 1758758771559}
{"action": "send", "src": "AF-N160", "dst": "AU-N197", "hlc": {"phys": 1758758788393, "cnt": 0, "node": "AF-N160"}, "package_id": "PKG58770", "payload": {"status": "RECEIVED"}, "sent_ts": 1758758771793, "arrival_ts": 1758758771793}
{"action": "send", "src": "AF-N160", "dst": "AU-N197", "hlc": {"phys": 1758758788778, "cnt": 0, "node": "AF-N160"}, "package_id": "PKG58770", "payload": {"status": "DELIVERED"}, "sent_ts": 1758758772178, "arrival_ts": 1758758772178}
{"action": "send", "src": "AF-N160", "dst": "AS-N101", "hlc": {"phys": 1758759539790, "cnt": 0, "node": "AF-N160"}, "package_id": "PKG59523", "payload": {"status": "CREATED"}, "sent_ts": 1758759523190, "arrival_ts": 1758759523190}
{"action": "send", "src": "AF-N160", "dst": "AS-N101", "hlc": {"phys": 1758759540055, "cnt": 0, "node": "AF-N160"}, "package_id": "PKG59523", "payload": {"status": "SENT"}, "sent_ts": 1758759523455, "arrival_ts": 1758759523455}
{"action": "send", "src": "AF-N160", "dst": "AS-N101", "hlc": {"phys": 1758759540318, "cnt": 0, "node": "AF-N160"}, "package_id": "PKG59523", "payload": {"status": "IN_TRANSIT"}, "sent_ts": 1758759523718, "arrival_ts": 1758759523718}
{"action": "send", "src": "AF-N160", "dst": "AS-N101", "hlc": {"phys": 1758759540625, "cnt": 0, "node": "AF-N160"}, "package_id": "PKG59523", "payload": {"status": "RECEIVED"}, "sent_ts": 1758759524025, "arrival_ts": 1758759524025}
{"action": "send", "src": "AF-N160", "dst": "AS-N101", "hlc": {"phys": 1758759540981, "cnt": 0, "node": "AF-N160"}, "package_id": "PKG59523", "payload": {"status": "DELIVERED"}, "sent_ts": 1758759524381, "arrival_ts": 1758759524381}
{"action": "send", "src": "AF-N160", "dst": "AF-N130", "hlc": {"phys": 1758764706468, "cnt": 0, "node": "AF-N160"}, "package_id": "PKG64689", "payload": {"status": "CREATED"}, "sent_ts": 1758764689868, "arrival_ts": 1758764689868}
{"action": "send", "src": "AF-N160", "dst": "AF-N130", "hlc": {"phys": 1758764706739, "cnt": 0, "node": "AF-N160"}, "package_id": "PKG64689", "payload": {"status": "SENT"}, "sent_ts": 1758764690139, "arrival_ts": 1758764690139}
{"action": "send", "src": "AF-N160", "dst": "AF-N130", "hlc": {"phys": 1758764707072, "cnt": 0, "node": "AF-N160"}, "package_id": "PKG64689", "payload": {"status": "IN_TRANSIT"}, "sent_ts": 1758764690472, "arrival_ts": 1758764690472}
{"action": "send", "src": "AF-N160", "dst": "AF-N130", "hlc": {"phys": 1758764707292, "cnt": 0, "node": "AF-N160"}, "package_id": "PKG64689", "payload": {"status": "RECEIVED"}, "sent_ts": 1758764690692, "arrival_ts": 1758764690692}
{"action": "send", "src": "AF-N160", "dst": "AF-N130", "hlc": {"phys": 1758764707681, "cnt": 0, "node": "AF-N160"}, "package_id": "PKG64689", "payload": {"status": "DELIVERED"}, "sent_ts": 1758764691081, "arrival_ts": 1758764691081}
{"action": "recv", "src": "AS-N1", "dst": "AF-N160", "hlc": {"phys": 1758804083865, "cnt": 0, "node": "AS-N1"}, "package_id": "PKG4073", "payload": {"status": "CREATED"}, "sent_ts": 1758804073855, "arrival_ts": 1758804074015}
{"action": "recv", "src": "AS-N1", "dst": "AF-N160", "hlc": {"phys": 1758804084239, "cnt": 0, "node": "AS-N1"}, "package_id": "PKG4073", "payload": {"status": "SENT"}, "sent_ts": 1758804074229, "arrival_ts": 1758804074418}
{"action": "recv", "src": "AS-N1", "dst": "AF-N160", "hlc": {"phys": 1758804084642, "cnt": 0, "node": "AS-N1"}, "package_id": "PKG4073", "payload": {"status": "IN_TRANSIT"}, "sent_ts": 1758804074632, "arrival_ts": 1758804074788}
{"action": "recv", "src": "AS-N1", "dst": "AF-N160", "hlc": {"phys": 1758804085006, "cnt": 0, "node": "AS-N1"}, "package_id": "PKG4073", "payload": {"status": "RECEIVED"}, "sent_ts": 1758804074996, "arrival_ts": 1758804075148}
{"action": "recv", "src": "AS-N1", "dst": "AF-N160", "hlc": {"phys": 1758804085371, "cnt": 0, "node": "AS-N1"}, "package_id": "PKG4073", "payload": {"status": "DELIVERED"}, "sent_ts": 1758804075361, "arrival_ts": 1758804075491}
{"action": "send", "src": "AF-N160", "dst": "EU-N92", "hlc": {"phys": 1758812325172, "cnt": 0, "node": "AF-N160"}, "package_id": "PKG12308", "payload": {"status": "CREATED"}, "sent_ts": 1758812308572, "arrival_ts": 1758812308572}
{"action": "send", "src": "AF-N160", "dst": "EU-N92", "hlc": {"phys": 1758812325528, "cnt": 0, "node": "AF-N160"}, "package_id": "PKG12308", "payload": {"status": "SENT"}, "sent_ts": 1758812308928, "arrival_ts": 1758812308928}
{"action": "send", "src": "AF-N160", "dst": "EU-N92", "hlc": {"phys": 1758812325866, "cnt": 0, "node": "AF-N160"}, "package_id": "PKG12308", "payload": {"status": "IN_TRANSIT"}, "sent_ts": 1758812309266, "arrival_ts": 1758812309266}
{"action": "send", "src": "AF-N160", "dst": "EU-N92", "hlc": {"phys": 1758812326163, "cnt": 0, "node": "AF-N160"}, "package_id": "PKG12308", "payload": {"status": "RECEIVED"}, "sent_ts": 1758812309563, "arrival_ts": 1758812309563}
{"action": "send", "src": "AF-N160", "dst": "EU-N92", "hlc": {"phys": 1758812326429, "cnt": 0, "node": "AF-N160"}, "package_id": "PKG12308", "payload": {"status": "DELIVERED"}, "sent_ts": 1758812309829, "arrival_ts": 1758812309829}
{"action": "send", "src": "AF-N160", "dst": "AU-N2", "hlc": {"phys": 1758815379842, "cnt": 0, "node": "AF-N160"}, "package_id": "PKG15363", "payload": {"status": "CREATED"}, "sent_ts": 1758815363242, "arrival_ts": 1758815363242}
{"action": "send", "src": "AF-N160", "dst": "AU-N2", "hlc": {"phys": 1758815380232, "cnt": 0, "node": "AF-N160"}, "package_id": "PKG15363", "payload": {"status": "SENT"}, "sent_ts": 1758815363632, "arrival_ts": 1758815363632}
{"action": "send", "src": "AF-N160", "dst": "AU-N2", "hlc": {"phys": 1758815380509, "cnt": 0, "node": "AF-N160"}, "package_id": "PKG15363", "payload": {"status": "IN_TRANSIT"}, "sent_ts": 1758815363909, "arrival_ts": 1758815363909}
{"action": "send", "src": "AF-N160", "dst": "AU-N2", "hlc": {"phys": 1758815380772, "cnt": 0, "node": "AF-N160"}, "package_id": "PKG15363", "payload": {"status": "RECEIVED"}, "sent_ts": 1758815364172, "arrival_ts": 1758815364172}
{"action": "send", "src": "AF-N160", "dst": "AU-N2", "hlc": {"phys": 1758815381128, "cnt": 0, "node": "AF-N160"}, "package_id": "PKG15363", "payload": {"status": "DELIVERED"}, "sent_ts": 1758815364528, "arrival_ts": 1758815364528}
