{"action": "recv", "src": "AN-N146", "dst": "AF-N172", "hlc": {"phys": 1758712716685, "cnt": 0, "node": "AN-N146"}, "package_id": "PKG12685", "payload": {"status": "CREATED"}, "sent_ts": 1758712685225, "arrival_ts": 1758712685368}
{"action": "recv", "src": "AN-N146", "dst": "AF-N172", "hlc": {"phys": 1758712717027, "cnt": 0, "node": "AN-N146"}, "package_id": "PKG12685", "payload": {"status": "SENT"}, "sent_ts": 1758712685567, "arrival_ts": 1758712685619}
{"action": "recv", "src": "AN-N146", "dst": "AF-N172", "hlc": {"phys": 1758712717276, "cnt": 0, "node": "AN-N146"}, "package_id": "PKG12685", "payload": {"status": "IN_TRANSIT"}, "sent_ts": 1758712685816, "arrival_ts": 1758712685863}
{"action": "recv", "src": "AN-N146", "dst": "AF-N172", "hlc": {"phys": 1758712717536, "cnt": 0, "node": "AN-N146"}, "package_id": "PKG12685", "payload": {"status": "RECEIVED"}, "sent_ts": 1758712686076, "arrival_ts": 1758712686146}
{"action": "recv", "src": "AN-N146", "dst": "AF-N172", "hlc": {"phys": 1758712717815, "cnt": 0, "node": "AN-N146"}, "package_id": "PKG12685", "payload": {"status": "DELIVERED"}, "sent_ts": 1758712686355, "arrival_ts": 1758712686463}
{"action": "recv", "src": "SA-N34", "dst": "AF-N172", "hlc": {"phys": 1758716844865, "cnt": 0, "node": "SA-N34"}, "package_id": "PKG16824", "payload": {"status": "CREATED"}, "sent_ts": 1758716824525, "arrival_ts": 1758716824553}
{"action": "recv", "src": "SA-N34", "dst": "AF-N172", "hlc": {"phys": 1758716845097, "cnt": 0, "node": "SA-N34"}, "package_id": "PKG16824", "payload": {"status": "SENT"}, "sent_ts": 1758716824757, "arrival_ts": 1758716824949}
{"action": "recv", "src": "SA-N34", "dst": "AF-N172", "hlc": {"phys": 1758716845496, "cnt": 0, "node": "SA-N34"}, "package_id": "PKG16824", "payload": {"status": "IN_TRANSIT"}, "sent_ts": 1758716825156, "arrival_ts": 1758716825238}
{"action": "recv", "src": "SA-N34", "dst": "AF-N172", "hlc": {"phys": 1758716845792, "cnt": 0, "node": "SA-N34"}, "package_id": "PKG16824", "payload": {"status": "RECEIVED"}, "sent_ts": 1758716825452, "arrival_ts": 1758716825500}
{"action": "recv", "src": "SA-N34", "dst": "AF-N172", "hlc": {"phys": 1758716846042, "cnt": 0, "node": "SA-N34"}, "package_id": "PKG16824", "payload": {"status": "DELIVERED"}, "sent_ts": 1758716825702, "arrival_ts": 1758716825733}
{"action": "recv", "src": "SA-N142", "dst": "AF-N172", "hlc": {"phys": 1758738055598, "cnt": 0, "node": "SA-N142"}, "package_id": "PKG38034", "payload": {"status": "CREATED"}, "sent_ts": 1758738034178, "arrival_ts": 1758738034224}
{"action": "recv", "src": "SA-N142", "dst": "AF-N172", "hlc": {"phys": 1758738055861, "cnt": 0, "node": "SA-N142"}, "package_id": "PKG38034", "payload": {"status": "SENT"}, "sent_ts": 1758738034441, "arrival_ts": 1758738034561}
{"action": "recv", "src": "SA-N142", "dst": "AF-N172", "hlc": {"phys": 1758738056174, "cnt": 0, "node": "SA-N142"}, "package_id": "PKG38034", "payload": {"status": "IN_TRANSIT"}, "sent_ts": 1758738034754, "arrival_ts": 1758738034921}
{"action": "recv", "src": "SA-N142", "dst": "AF-N172", "hlc": {"phys": 1758738056542, "cnt": 0, "node": "SA-N142"}, "package_id": "PKG38034", "payload": {"status": "RECEIVED"}, "sent_ts": 1758738035122, "arrival_ts": 1758738035164}
{"action": "recv", "src": "SA-N142", "dst": "AF-N172", "hlc": {"phys": 1758738056787, "cnt": 0, "node": "SA-N142"}, "package_id": "PKG38034", "payload": {"status": "DELIVERED"}, "sent_ts": 1758738035367, "arrival_ts": 1758738035419}
{"action": "recv", "src": "EU-N36", "dst": "AF-N172", "hlc": {"phys": 1758738716674, "cnt": 0, "node": "EU-N36"}, "package_id": "PKG38711", "payload": {"status": "CREATED"}, "sent_ts": 1758738711314, "arrival_ts": 1758738711421}
{"action": "recv", "src": "EU-N36", "dst": "AF-N172", "hlc": {"phys": 1758738716998, "cnt": 0, "node": "EU-N36"}, "package_id": "PKG38711", "payload": {"status": "SENT"}, "sent_ts": 1758738711638, "arrival_ts": 1758738711744}
{"action": "recv", "src": "EU-N36", "dst": "AF-N172", "hlc": {"phys": 1758738717319, "cnt": 0, "node": "EU-N36"}, "package_id": "PKG38711", "payload": {"status": "IN_TRANSIT"}, "sent_ts": 1758738711959, "arrival_ts": 1758738712092}
{"action": "recv", "src": "EU-N36", "dst": "AF-N172", "hlc": {"phys": 1758738717653, "cnt": 0, "node": "EU-N36"}, "package_id": "PKG38711", "payload": {"status": "RECEIVED"}, "sent_ts": 1758738712293, "arrival_ts": 1758738712391}
{"action": "recv", "src": "EU-N36", "dst": "AF-N172", "hlc": {"phys": 1758738717965, "cnt": 0, "node": "EU-N36"}, "package_id": "PKG38711", "payload": {"status": "DELIVERED"}, "sent_ts": 1758738712605, "arrival_ts": 1758738712724}
{"action": "recv", "src": "AU-N26", "dst": "AF-N172", "hlc": {"phys": 1758739082205, "cnt": 0, "node": "AU-N26"}, "package_id": "PKG39056", "payload": {"status": "CREATED"}, "sent_ts": 1758739056945, "arrival_ts": 1758739057123}
{"action": "recv", "src": "AU-N26", "dst": "AF-N172", "hlc": {"phys": 1758739082607, "cnt": 0, "node": "AU-N26"}, "package_id": "PKG39056", "payload": {"status": "SENT"}, "sent_ts": 1758739057347, "arrival_ts": 1758739057388}
{"action": "recv", "src": "AU-N26", "dst": "AF-N172", "hlc": {"phys": 1758739082824, "cnt": 0, "node": "AU-N26"}, "package_id": "PKG39056", "payload": {"status": "IN_TRANSIT"}, "sent_ts": 1758739057564, "arrival_ts": 1758739057577}
{"action": "recv", "src": "AU-N26", "dst": "AF-N172", "hlc": {"phys": 1758739083036, "cnt": 0, "node": "AU-N26"}, "package_id": "PKG39056", "payload": {"status": "RECEIVED"}, "sent_ts": 1758739057776, "arrival_ts": 1758739057808}
{"action": "recv", "src": "AU-N26", "dst": "AF-N172", "hlc": {"phys": 1758739083262, "cnt": 0, "node": "AU-N26"}, "package_id": "PKG39056", "payload": {"status": "DELIVERED"}, "sent_ts": 1758739058002, "arrival_ts": 1758739058149}
{"action": "send", "src": "AF-N172", "dst": "AN-N189", "hlc": {"phys": 1758739579151, "cnt": 0, "node": "AF-N172"}, "package_id": "PKG39562", "payload": {"status": "CREATED"}, "sent_ts": 1758739562431, "arrival_ts": 1758739562431}
{"action": "send", "src": "AF-N172", "dst": "AN-N189", "hlc": {"phys": 1758739579511, "cnt": 0, "node": "AF-N172"}, "package_id": "PKG39562", "payload": {"status": "SENT"}, "sent_ts": 1758739562791, "arrival_ts": 1758739562791}
{"action": "send", "src": "AF-N172", "dst": "AN-N189", "hlc": {"phys": 1758739579779, "cnt": 0, "node": "AF-N172"}, "package_id": "PKG39562", "payload": {"status": "IN_TRANSIT"}, "sent_ts": 1758739563059, "arrival_ts": 1758739563059}
{"action": "send", "src": "AF-N172", "dst": "AN-N189", "hlc": {"phys": 1758739580163, "cnt": 0, "node": "AF-N172"}, "package_id": "PKG39562", "payload": {"status": "RECEIVED"}, "sent_ts": 1758739563443, "arrival_ts": 1758739563443}
{"action": "send", "src": "AF-N172", "dst": "AN-N189", "hlc": {"phys": 1758739580434, "cnt": 0, "node": "AF-N172"}, "package_id": "PKG39562", "payload": {"status": "DELIVERED"}, "sent_ts": 1758739563714, "arrival_ts": 1758739563714}
{"action": "recv", "src": "AN-N75", "dst": "AF-N172", "hlc": {"phys": 1758742728271, "cnt": 0, "node": "AN-N75"}, "package_id": "PKG42697", "payload": {"status": "CREATED"}, "sent_ts": 1758742697521, "arrival_ts": 1758742697577}
{"action": "recv", "src": "AN-N75", "dst": "AF-N172", "hlc": {"phys": 1758742728536, "cnt": 0, "node": "AN-N75"}, "package_id": "PKG42697", "payload": {"status": "SENT"}, "sent_ts": 1758742697786, "arrival_ts": 1758742697960}
{"action": "recv", "src": "AN-N75", "dst": "AF-N172", "hlc": {"phys": 1758742728925, "cnt": 0, "node": "AN-N75"}, "package_id": "PKG42697", "payload": {"status": "IN_TRANSIT"}, "sent_ts": 1758742698175, "arrival_ts": 1758742698295}
{"action": "recv", "src": "AN-N75", "dst": "AF-N172", "hlc": {"phys": 1758742729236, "cnt": 0, "node": "AN-N75"}, "package_id": "PKG42697", "payload": {"status": "RECEIVED"}, "sent_ts": 1758742698486, "arrival_ts": 1758742698640}
{"action": "recv", "src": "AN-N75", "dst": "AF-N172", "hlc": {"phys": 1758742729596, "cnt": 0, "node": "AN-N75"}, "package_id": "PKG42697", "payload": {"status": "DELIVERED"}, "sent_ts": 1758742698846, "arrival_ts": 1758742698860}
{"action": "send", "src": "AF-N172", "dst": "AS-N36", "hlc": {"phys": 1758744491181, "cnt": 0, "node": "AF-N172"}, "package_id": "PKG44474", "payload": {"status": "CREATED"}, "sent_ts": 1758744474461, "arrival_ts": 1758744474461}
{"action": "send", "src": "AF-N172", "dst": "AS-N36", "hlc": {"phys": 1758744491448, "cnt": 0, "node": "AF-N172"}, "package_id": "PKG44474", "payload": {"status": "SENT"}, "sent_ts": 1758744474728, "arrival_ts": 1758744474728}
{"action": "send", "src": "AF-N172", "dst": "AS-N36", "hlc": {"phys": 1758744491714, "cnt": 0, "node": "AF-N172"}, "package_id": "PKG44474", "payload": {"status": "IN_TRANSIT"}, "sent_ts": 1758744474994, "arrival_ts": 1758744474994}
{"action": "send", "src": "AF-N172", "dst": "AS-N36", "hlc": {"phys": 1758744491978, "cnt": 0, "node": "AF-N172"}, "package_id": "PKG44474", "payload": {"status": "RECEIVED"}, "sent_ts": 1758744475258, "arrival_ts": 1758744475258}
{"action": "send", "src": "AF-N172", "dst": "AS-N36", "hlc": {"phys": 1758744492223, "cnt": 0, "node": "AF-N172"}, "package_id": "PKG44474", "payload": {"status": "DELIVERED"}, "sent_ts": 1758744475503, "arrival_ts": 1758744475503}
{"action": "recv", "src": "AF-N16", "dst": "AF-N172", "hlc": {"phys": 1758747474720, "cnt": 0, "node": "AF-N16"}, "package_id": "PKG47459", "payload": {"status": "CREATED"}, "sent_ts": 1758747459560, "arrival_ts": 1758747459625}
{"action": "recv", "src": "AF-N16", "dst": "AF-N172", "hlc": {"phys": 1758747474998, "cnt": 0, "node": "AF-N16"}, "package_id": "PKG47459", "payload": {"status": "SENT"}, "sent_ts": 1758747459838, "arrival_ts": 1758747459975}
{"action": "recv", "src": "AF-N16", "dst": "AF-N172", "hlc": {"phys": 1758747475336, "cnt": 0, "node": "AF-N16"}, "package_id": "PKG47459", "payload": {"status": "IN_TRANSIT"}, "sent_ts": 1758747460176, "arrival_ts": 1758747460252}
{"action": "recv", "src": "AF-N16", "dst": "AF-N172", "hlc": {"phys": 1758747475628, "cnt": 0, "node": "AF-N16"}, "package_id": "PKG47459", "payload": {"status": "RECEIVED"}, "sent_ts": 1758747460468, "arrival_ts": 1758747460502}
{"action": "recv", "src": "AF-N16", "dst": "AF-N172", "hlc": {"phys": 1758747475871, "cnt": 0, "node": "AF-N16"}, "package_id": "PKG47459", "payload": {"status": "DELIVERED"}, "sent_ts": 1758747460711, "arrival_ts": 1758747460845}
{"action": "send", "src": "AF-N172", "dst": "AF-N65", "hlc": {"phys": 1758749357088, "cnt": 0, "node": "AF-N172"}, "package_id": "PKG49340", "payload": {"status": "CREATED"}, "sent_ts": 1758749340368, "arrival_ts": 1758749340368}
{"action": "send", "src": "AF-N172", "dst": "AF-N65", "hlc": {"phys": 1758749357433, "cnt": 0, "node": "AF-N172"}, "package_id": "PKG49340", "payload": {"status": "SENT"}, "sent_ts": 1758749340713, "arrival_ts": 1758749340713}
{"action": "send", "src": "AF-N172", "dst": "AF-N65", "hlc": {"phys": 1758749357664, "cnt": 0, "node": "AF-N172"}, "package_id": "PKG49340", "payload": {"status": "IN_TRANSIT"}, "sent_ts": 1758749340944, "arrival_ts": 1758749340944}
{"action": "send", "src": "AF-N172", "dst": "AF-N65", "hlc": {"phys": 1758749358080, "cnt": 0, "node": "AF-N172"}, "package_id": "PKG49340", "payload": {"status": "RECEIVED"}, "sent_ts": 1758749341360, "arrival_ts": 1758749341361}
{"action": "send", "src": "AF-N172", "dst": "AF-N65", "hlc": {"phys": 1758749358331, "cnt": 0, "node": "AF-N172"}, "package_id": "PKG49340", "payload": {"status": "DELIVERED"}, "sent_ts": 1758749341611, "arrival_ts": 1758749341611}
{"action": "recv", "src": "NA-N43", "dst": "AF-N172", "hlc": {"phys": 1758753491212, "cnt": 0, "node": "NA-N43"}, "package_id": "PKG53490", "payload": {"status": "CREATED"}, "sent_ts": 1758753490782, "arrival_ts": 1758753490899}
{"action": "recv", "src": "NA-N43", "dst": "AF-N172", "hlc": {"phys": 1758753491552, "cnt": 0, "node": "NA-N43"}, "package_id": "PKG53490", "payload": {"status": "SENT"}, "sent_ts": 1758753491122, "arrival_ts": 1758753491192}
{"action": "recv", "src": "NA-N43", "dst": "AF-N172", "hlc": {"phys": 1758753491842, "cnt": 0, "node": "NA-N43"}, "package_id": "PKG53490", "payload": {"status": "IN_TRANSIT"}, "sent_ts": 1758753491412, "arrival_ts": 1758753491495}
{"action": "recv", "src": "NA-N43", "dst": "AF-N172", "hlc": {"phys": 1758753492132, "cnt": 0, "node": "NA-N43"}, "package_id": "PKG53490", "payload": {"status": "RECEIVED"}, "sent_ts": 1758753491702, "arrival_ts": 1758753491867}
{"action": "recv", "src": "NA-N43", "dst": "AF-N172", "hlc": {"phys": 1758753492507, "cnt": 0, "node": "NA-N43"}, "package_id": "PKG53490", "payload": {"status": "DELIVERED"}, "sent_ts": 1758753492077, "arrival_ts": 1758753492263}
{"action": "send", "src": "AF-N172", "dst": "AF-N115", "hlc": {"phys": 1758758877922, "cnt": 0, "node": "AF-N172"}, "package_id": "PKG58861", "payload": {"status": "CREATED"}, "sent_ts": 1758758861202, "arrival_ts": 1758758861202}
{"action": "send", "src": "AF-N172", "dst": "AF-N115", "hlc": {"phys": 1758758878173, "cnt": 0, "node": "AF-N172"}, "package_id": "PKG58861", "payload": {"status": "SENT"}, "sent_ts": 1758758861453, "arrival_ts": 1758758861453}
{"action": "send", "src": "AF-N172", "dst": "AF-N115", "hlc": {"phys": 1758758878406, "cnt": 0, "node": "AF-N172"}, "package_id": "PKG58861", "payload": {"status": "IN_TRANSIT"}, "sent_ts": 1758758861686, "arrival_ts": 1758758861686}
{"action": "send", "src": "AF-N172", "dst": "AF-N115", "hlc": {"phys": 1758758878685, "cnt": 0, "node": "AF-N172"}, "package_id": "PKG58861", "payload": {"status": "RECEIVED"}, "sent_ts": 1758758861965, "arrival_ts": 1758758861965}
{"action": "send", "src": "AF-N172", "dst": "AF-N115", "hlc": {"phys": 1758758878930, "cnt": 0, "node": "AF-N172"}, "package_id": "PKG58861", "payload": {"status": "DELIVERED"}, "sent_ts": 1758758862210, "arrival_ts": 1758758862210}
{"action": "send", "src": "AF-N172", "dst": "AF-N115", "hlc": {"phys": 1758759697871, "cnt": 0, "node": "AF-N172"}, "package_id": "PKG59681", "payload": {"status": "CREATED"}, "sent_ts": 1758759681151, "arrival_ts": 1758759681151}
{"action": "send", "src": "AF-N172", "dst": "AF-N115", "hlc": {"phys": 1758759698178, "cnt": 0, "node": "AF-N172"}, "package_id": "PKG59681", "payload": {"status": "SENT"}, "sent_ts": 1758759681458, "arrival_ts": 1758759681458}
{"action": "send", "src": "AF-N172", "dst": "AF-N115", "hlc": {"phys": 1758759698473, "cnt": 0, "node": "AF-N172"}, "package_id": "PKG59681", "payload": {"status": "IN_TRANSIT"}, "sent_ts": 1758759681753, "arrival_ts": 1758759681753}
{"action": "send", "src": "AF-N172", "dst": "AF-N115", "hlc": {"phys": 1758759698845, "cnt": 0, "node": "AF-N172"}, "package_id": "PKG59681", "payload": {"status": "RECEIVED"}, "sent_ts": 1758759682125, "arrival_ts": 1758759682125}
{"action": "send", "src": "AF-N172", "dst": "AF-N115", "hlc": {"phys": 1758759699075, "cnt": 0, "node": "AF-N172"}, "package_id": "PKG59681", "payload": {"status": "DELIVERED"}, "sent_ts": 1758759682355, "arrival_ts": 1758759682355}
{"action": "recv", "src": "NA-N141", "dst": "AF-N172", "hlc": {"phys": 1758763713050, "cnt": 0, "node": "NA-N141"}, "package_id": "PKG63711", "payload": {"status": "CREATED"}, "sent_ts": 1758763711640, "arrival_ts": 1758763711695}
{"action": "recv", "src": "NA-N141", "dst": "AF-N172", "hlc": {"phys": 1758763713313, "cnt": 0, "node": "NA-N141"}, "package_id": "PKG63711", "payload": {"status": "SENT"}, "sent_ts": 1758763711903, "arrival_ts": 1758763712068}
{"action": "recv", "src": "NA-N141", "dst": "AF-N172", "hlc": {"phys": 1758763713685, "cnt": 0, "node": "NA-N141"}, "package_id": "PKG63711", "payload": {"status": "IN_TRANSIT"}, "sent_ts": 1758763712275, "arrival_ts": 1758763712461}
{"action": "recv", "src": "NA-N141", "dst": "AF-N172", "hlc": {"phys": 1758763714072, "cnt": 0, "node": "NA-N141"}, "package_id": "PKG63711", "payload": {"status": "RECEIVED"}, "sent_ts": 1758763712662, "arrival_ts": 1758763712734}
{"action": "recv", "src": "NA-N141", "dst": "AF-N172", "hlc": {"phys": 1758763714351, "cnt": 0, "node": "NA-N141"}, "package_id": "PKG63711", "payload": {"status": "DELIVERED"}, "sent_ts": 1758763712941, "arrival_ts": 1758763713130}
{"action": "recv", "src": "NA-N129", "dst": "AF-N172", "hlc": {"phys": 1758763839491, "cnt": 0, "node": "NA-N129"}, "package_id": "PKG63838", "payload": {"status": "CREATED"}, "sent_ts": 1758763838201, "arrival_ts": 1758763838239}
{"action": "recv", "src": "NA-N129", "dst": "AF-N172", "hlc": {"phys": 1758763839739, "cnt": 0, "node": "NA-N129"}, "package_id": "PKG63838", "payload": {"status": "SENT"}, "sent_ts": 1758763838449, "arrival_ts": 1758763838517}
{"action": "recv", "src": "NA-N129", "dst": "AF-N172", "hlc": {"phys": 1758763840000, "cnt": 0, "node": "NA-N129"}, "package_id": "PKG63838", "payload": {"status": "IN_TRANSIT"}, "sent_ts": 1758763838710, "arrival_ts": 1758763838826}
{"action": "recv", "src": "NA-N129", "dst": "AF-N172", "hlc": {"phys": 1758763840311, "cnt": 0, "node": "NA-N129"}, "package_id": "PKG63838", "payload": {"status": "RECEIVED"}, "sent_ts": 1758763839021, "arrival_ts": 1758763839108}
{"action": "recv", "src": "NA-N129", "dst": "AF-N172", "hlc": {"phys": 1758763840591, "cnt": 0, "node": "NA-N129"}, "package_id": "PKG63838", "payload": {"status": "DELIVERED"}, "sent_ts": 1758763839301, "arrival_ts": 1758763839371}
{"action": "recv", "src": "AN-N135", "dst": "AF-N172", "hlc": {"phys": 1758801224962, "cnt": 0, "node": "AN-N135"}, "package_id": "PKG1193", "payload": {"status": "CREATED"}, "sent_ts": 1758801193612, "arrival_ts": 1758801193691}
{"action": "recv", "src": "AN-N135", "dst": "AF-N172", "hlc": {"phys": 1758801225244, "cnt": 0, "node": "AN-N135"}, "package_id": "PKG1193", "payload": {"status": "SENT"}, "sent_ts": 1758801193894, "arrival_ts": 1758801193971}
{"action": "recv", "src": "AN-N135", "dst": "AF-N172", "hlc": {"phys": 1758801225534, "cnt": 0, "node": "AN-N135"}, "package_id": "PKG1193", "payload": {"status": "IN_TRANSIT"}, "sent_ts": 1758801194184, "arrival_ts": 1758801194289}
{"action": "recv", "src": "AN-N135", "dst": "AF-N172", "hlc": {"phys": 1758801225845, "cnt": 0, "node": "AN-N135"}, "package_id": "PKG1193", "payload": {"status": "RECEIVED"}, "sent_ts": 1758801194495, "arrival_ts": 1758801194597}
{"action": "recv", "src": "AN-N135", "dst": "AF-N172", "hlc": {"phys": 1758801226160, "cnt": 0, "node": "AN-N135"}, "package_id": "PKG1193", "payload": {"status": "DELIVERED"}, "sent_ts": 1758801194810, "arrival_ts": 1758801194925}
{"action": "recv", "src": "AF-N25", "dst": "AF-N172", "hlc": {"phys": 1758804698320, "cnt": 0, "node": "AF-N25"}, "package_id": "PKG4683", "payload": {"status": "CREATED"}, "sent_ts": 1758804683070, "arrival_ts": 1758804683106}
{"action": "recv", "src": "AF-N25", "dst": "AF-N172", "hlc": {"phys": 1758804698565, "cnt": 0, "node": "AF-N25"}, "package_id": "PKG4683", "payload": {"status": "SENT"}, "sent_ts": 1758804683315, "arrival_ts": 1758804683369}
{"action": "recv", "src": "AF-N25", "dst": "AF-N172", "hlc": {"phys": 1758804698814, "cnt": 0, "node": "AF-N25"}, "package_id": "PKG4683", "payload": {"status": "IN_TRANSIT"}, "sent_ts": 1758804683564, "arrival_ts": 1758804683656}
{"action": "recv", "src": "AF-N25", "dst": "AF-N172", "hlc": {"phys": 1758804699125, "cnt": 0, "node": "AF-N25"}, "package_id": "PKG4683", "payload": {"status": "RECEIVED"}, "sent_ts": 1758804683875, "arrival_ts": 1758804683960}
{"action": "recv", "src": "AF-N25", "dst": "AF-N172", "hlc": {"phys": 1758804699418, "cnt": 0, "node": "AF-N25"}, "package_id": "PKG4683", "payload": {"status": "DELIVERED"}, "sent_ts": 1758804684168, "arrival_ts": 1758804684243}
{"action": "recv", "src": "AF-N84", "dst": "AF-N172", "hlc": {"phys": 1758812386120, "cnt": 0, "node": "AF-N84"}, "package_id": "PKG12370", "payload": {"status": "CREATED"}, "sent_ts": 1758812370280, "arrival_ts": 1758812370378}
{"action": "recv", "src": "AF-N84", "dst": "AF-N172", "hlc": {"phys": 1758812386429, "cnt": 0, "node": "AF-N84"}, "package_id": "PKG12370", "payload": {"status": "SENT"}, "sent_ts": 1758812370589, "arrival_ts": 1758812370604}
{"action": "recv", "src": "AF-N84", "dst": "AF-N172", "hlc": {"phys": 1758812386647, "cnt": 0, "node": "AF-N84"}, "package_id": "PKG12370", "payload": {"status": "IN_TRANSIT"}, "sent_ts": 1758812370807, "arrival_ts": 1758812370903}
{"action": "recv", "src": "AF-N84", "dst": "AF-N172", "hlc": {"phys": 1758812386942, "cnt": 0, "node": "AF-N84"}, "package_id": "PKG12370", "payload": {"status": "RECEIVED"}, "sent_ts": 1758812371102, "arrival_ts": 1758812371270}
{"action": "recv", "src": "AF-N84", "dst": "AF-N172", "hlc": {"phys": 1758812387314, "cnt": 0, "node": "AF-N84"}, "package_id": "PKG12370", "payload": {"status": "DELIVERED"}, "sent_ts": 1758812371474, "arrival_ts": 1758812371625}
{"action": "send", "src": "AF-N172", "dst": "NA-N19", "hlc": {"phys": 1758812422377, "cnt": 0, "node": "AF-N172"}, "package_id": "PKG12405", "payload": {"status": "CREATED"}, "sent_ts": 1758812405657, "arrival_ts": 1758812405657}
{"action": "send", "src": "AF-N172", "dst": "NA-N19", "hlc": {"phys": 1758812422745, "cnt": 0, "node": "AF-N172"}, "package_id": "PKG12405", "payload": {"status": "SENT"}, "sent_ts": 1758812406025, "arrival_ts": 1758812406025}
{"action": "send", "src": "AF-N172", "dst": "NA-N19", "hlc": {"phys": 1758812423022, "cnt": 0, "node": "AF-N172"}, "package_id": "PKG12405", "payload": {"status": "IN_TRANSIT"}, "sent_ts": 1758812406302, "arrival_ts": 1758812406302}
{"action": "send", "src": "AF-N172", "dst": "NA-N19", "hlc": {"phys": 1758812423397, "cnt": 0, "node": "AF-N172"}, "package_id": "PKG12405", "payload": {"status": "RECEIVED"}, "sent_ts": 1758812406677, "arrival_ts": 1758812406677}
{"action": "send", "src": "AF-N172", "dst": "NA-N19", "hlc": {"phys": 1758812423723, "cnt": 0, "node": "AF-N172"}, "package_id": "PKG12405", "payload": {"status": "DELIVERED"}, "sent_ts": 1758812407003, "arrival_ts": 1758812407003}
{"action": "recv", "src": "EU-N18", "dst": "AF-N172", "hlc": {"phys": 1758815943593, "cnt": 0, "node": "EU-N18"}, "package_id": "PKG15938", "payload": {"status": "CREATED"}, "sent_ts": 1758815938413, "arrival_ts": 1758815938595}
{"action": "recv", "src": "EU-N18", "dst": "AF-N172", "hlc": {"phys": 1758815943980, "cnt": 0, "node": "EU-N18"}, "package_id": "PKG15938", "payload": {"status": "SENT"}, "sent_ts": 1758815938800, "arrival_ts": 1758815938942}
{"action": "recv", "src": "EU-N18", "dst": "AF-N172", "hlc": {"phys": 1758815944322, "cnt": 0, "node": "EU-N18"}, "package_id": "PKG15938", "payload": {"status": "IN_TRANSIT"}, "sent_ts": 1758815939142, "arrival_ts": 1758815939243}
{"action": "recv", "src": "EU-N18", "dst": "AF-N172", "hlc": {"phys": 1758815944633, "cnt": 0, "node": "EU-N18"}, "package_id": "PKG15938", "payload": {"status": "RECEIVED"}, "sent_ts": 1758815939453, "arrival_ts": 1758815939638}
{"action": "recv", "src": "EU-N18", "dst": "AF-N172", "hlc": {"phys": 1758815945007, "cnt": 0, "node": "EU-N18"}, "package_id": "PKG15938", "payload": {"status": "DELIVERED"}, "sent_ts": 1758815939827, "arrival_ts": 1758815939930}
