{"action": "recv", "src": "NA-N163", "dst": "AF-N74", "hlc": {"phys": 1758713338722, "cnt": 0, "node": "NA-N163"}, "package_id": "PKG13337", "payload": {"status": "CREATED"}, "sent_ts": 1758713337092, "arrival_ts": 1758713337235}
{"action": "recv", "src": "NA-N163", "dst": "AF-N74", "hlc": {"phys": 1758713339063, "cnt": 0, "node": "NA-N163"}, "package_id": "PKG13337", "payload": {"status": "SENT"}, "sent_ts": 1758713337433, "arrival_ts": 1758713337555}
{"action": "recv", "src": "NA-N163", "dst": "AF-N74", "hlc": {"phys": 1758713339382, "cnt": 0, "node": "NA-N163"}, "package_id": "PKG13337", "payload": {"status": "IN_TRANSIT"}, "sent_ts": 1758713337752, "arrival_ts": 1758713337881}
{"action": "recv", "src": "NA-N163", "dst": "AF-N74", "hlc": {"phys": 1758713339735, "cnt": 0, "node": "NA-N163"}, "package_id": "PKG13337", "payload": {"status": "RECEIVED"}, "sent_ts": 1758713338105, "arrival_ts": 1758713338269}
{"action": "recv", "src": "NA-N163", "dst": "AF-N74", "hlc": {"phys": 1758713340111, "cnt": 0, "node": "NA-N163"}, "package_id": "PKG13337", "payload": {"status": "DELIVERED"}, "sent_ts": 1758713338481, "arrival_ts": 1758713338680}
{"action": "recv", "src": "AN-N175", "dst": "AF-N74", "hlc": {"phys": 1758713916437, "cnt": 0, "node": "AN-N175"}, "package_id": "PKG13884", "payload": {"status": "CREATED"}, "sent_ts": 1758713884687, "arrival_ts": 1758713884773}
{"action": "recv", "src": "AN-N175", "dst": "AF-N74", "hlc": {"phys": 1758713916736, "cnt": 0, "node": "AN-N175"}, "package_id": "PKG13884", "payload": {"status": "SENT"}, "sent_ts": 1758713884986, "arrival_ts": 1758713885097}
{"action": "recv", "src": "AN-N175", "dst": "AF-N74", "hlc": {"phys": 1758713917067, "cnt": 0, "node": "AN-N175"}, "package_id": "PKG13884", "payload": {"status": "IN_TRANSIT"}, "sent_ts": 1758713885317, "arrival_ts": 1758713885426}
{"action": "recv", "src": "AN-N175", "dst": "AF-N74", "hlc": {"phys": 1758713917373, "cnt": 0, "node": "AN-N175"}, "package_id": "PKG13884", "payload": {"status": "RECEIVED"}, "sent_ts": 1758713885623, "arrival_ts": 1758713885764}
{"action": "recv", "src": "AN-N175", "dst": "AF-N74", "hlc": {"phys": 1758713917735, "cnt": 0, "node": "AN-N175"}, "package_id": "PKG13884", "payload": {"status": "DELIVERED"}, "sent_ts": 1758713885985, "arrival_ts": 1758713886141}
{"action": "recv", "src": "EU-N31", "dst": "AF-N74", "hlc": {"phys": 1758714177394, "cnt": 0, "node": "EU-N31"}, "package_id": "PKG14172", "payload": {"status": "CREATED"}, "sent_ts": 1758714172084, "arrival_ts": 1758714172120}
{"action": "recv", "src": "EU-N31", "dst": "AF-N74", "hlc": {"phys": 1758714177611, "cnt": 0, "node": "EU-N31"}, "package_id": "PKG14172", "payload": {"status": "SENT"}, "sent_ts": 1758714172301, "arrival_ts": 1758714172367}
{"action": "recv", "src": "EU-N31", "dst": "AF-N74", "hlc": {"phys": 1758714177881, "cnt": 0, "node": "EU-N31"}, "package_id": "PKG14172", "payload": {"status": "IN_TRANSIT"}, "sent_ts": 1758714172571, "arrival_ts": 1758714172706}
{"action": "recv", "src": "EU-N31", "dst": "AF-N74", "hlc": {"phys": 1758714178223, "cnt": 0, "node": "EU-N31"}, "package_id": "PKG14172", "payload": {"status": "RECEIVED"}, "sent_ts": 1758714172913, "arrival_ts": 1758714173011}
{"action": "recv", "src": "EU-N31", "dst": "AF-N74", "hlc": {"phys": 1758714178523, "cnt": 0, "node": "EU-N31"}, "package_id": "PKG14172", "payload": {"status": "DELIVERED"}, "sent_ts": 1758714173213, "arrival_ts": 1758714173396}
{"action": "send", "src": "AF-N74", "dst": "NA-N128", "hlc": {"phys": 1758716775985, "cnt": 0, "node": "AF-N74"}, "package_id": "PKG16760", "payload": {"status": "CREATED"}, "sent_ts": 1758716760245, "arrival_ts": 1758716760245}
{"action": "send", "src": "AF-N74", "dst": "NA-N128", "hlc": {"phys": 1758716776216, "cnt": 0, "node": "AF-N74"}, "package_id": "PKG16760", "payload": {"status": "SENT"}, "sent_ts": 1758716760476, "arrival_ts": 1758716760476}
{"action": "send", "src": "AF-N74", "dst": "NA-N128", "hlc": {"phys": 1758716776489, "cnt": 0, "node": "AF-N74"}, "package_id": "PKG16760", "payload": {"status": "IN_TRANSIT"}, "sent_ts": 1758716760749, "arrival_ts": 1758716760749}
{"action": "send", "src": "AF-N74", "dst": "NA-N128", "hlc": {"phys": 1758716776781, "cnt": 0, "node": "AF-N74"}, "package_id": "PKG16760", "payload": {"status": "RECEIVED"}, "sent_ts": 1758716761041, "arrival_ts": 1758716761041}
{"action": "send", "src": "AF-N74", "dst": "NA-N128", "hlc": {"phys": 1758716776994, "cnt": 0, "node": "AF-N74"}, "package_id": "PKG16760", "payload": {"status": "DELIVERED"}, "sent_ts": 1758716761254, "arrival_ts": 1758716761254}
{"action": "recv", "src": "AU-N26", "dst": "AF-N74", "hlc": {"phys": 1758746890282, "cnt": 0, "node": "AU-N26"}, "package_id": "PKG46865", "payload": {"status": "CREATED"}, "sent_ts": 1758746865022, "arrival_ts": 1758746865146}
{"action": "recv", "src": "AU-N26", "dst": "AF-N74", "hlc": {"phys": 1758746890645, "cnt": 0, "node": "AU-N26"}, "package_id": "PKG46865", "payload": {"status": "SENT"}, "sent_ts": 1758746865385, "arrival_ts": 1758746865565}
{"action": "recv", "src": "AU-N26", "dst": "AF-N74", "hlc": {"phys": 1758746891043, "cnt": 0, "node": "AU-N26"}, "package_id": "PKG46865", "payload": {"status": "IN_TRANSIT"}, "sent_ts": 1758746865783, "arrival_ts": 1758746865895}
{"action": "recv", "src": "AU-N26", "dst": "AF-N74", "hlc": {"phys": 1758746891366, "cnt": 0, "node": "AU-N26"}, "package_id": "PKG46865", "payload": {"status": "RECEIVED"}, "sent_ts": 1758746866106, "arrival_ts": 1758746866306}
{"action": "recv", "src": "AU-N26", "dst": "AF-N74", "hlc": {"phys": 1758746891761, "cnt": 0, "node": "AU-N26"}, "package_id": "PKG46865", "payload": {"status": "DELIVERED"}, "sent_ts": 1758746866501, "arrival_ts": 1758746866627}
{"action": "recv", "src": "AS-N20", "dst": "AF-N74", "hlc": {"phys": 1758753996039, "cnt": 0, "node": "AS-N20"}, "package_id": "PKG53985", "payload": {"status": "CREATED"}, "sent_ts": 1758753985839, "arrival_ts": 1758753985966}
{"action": "recv", "src": "AS-N20", "dst": "AF-N74", "hlc": {"phys": 1758753996380, "cnt": 0, "node": "AS-N20"}, "package_id": "PKG53985", "payload": {"status": "SENT"}, "sent_ts": 1758753986180, "arrival_ts": 1758753986214}
{"action": "recv", "src": "AS-N20", "dst": "AF-N74", "hlc": {"phys": 1758753996612, "cnt": 0, "node": "AS-N20"}, "package_id": "PKG53985", "payload": {"status": "IN_TRANSIT"}, "sent_ts": 1758753986412, "arrival_ts": 1758753986572}
{"action": "recv", "src": "AS-N20", "dst": "AF-N74", "hlc": {"phys": 1758753996970, "cnt": 0, "node": "AS-N20"}, "package_id": "PKG53985", "payload": {"status": "RECEIVED"}, "sent_ts": 1758753986770, "arrival_ts": 1758753986836}
{"action": "recv", "src": "AS-N20", "dst": "AF-N74", "hlc": {"phys": 1758753997234, "cnt": 0, "node": "AS-N20"}, "package_id": "PKG53985", "payload": {"status": "DELIVERED"}, "sent_ts": 1758753987034, "arrival_ts": 1758753987233}
{"action": "send", "src": "AF-N74", "dst": "AU-N154", "hlc": {"phys": 1758755852595, "cnt": 0, "node": "AF-N74"}, "package_id": "PKG55836", "payload": {"status": "CREATED"}, "sent_ts": 1758755836855, "arrival_ts": 1758755836855}
{"action": "send", "src": "AF-N74", "dst": "AU-N154", "hlc": {"phys": 1758755852850, "cnt": 0, "node": "AF-N74"}, "package_id": "PKG55836", "payload": {"status": "SENT"}, "sent_ts": 1758755837110, "arrival_ts": 1758755837110}
{"action": "send", "src": "AF-N74", "dst": "AU-N154", "hlc": {"phys": 1758755853226, "cnt": 0, "node": "AF-N74"}, "package_id": "PKG55836", "payload": {"status": "IN_TRANSIT"}, "sent_ts": 1758755837486, "arrival_ts": 1758755837486}
{"action": "send", "src": "AF-N74", "dst": "AU-N154", "hlc": {"phys": 1758755853475, "cnt": 0, "node": "AF-N74"}, "package_id": "PKG55836", "payload": {"status": "RECEIVED"}, "sent_ts": 1758755837735, "arrival_ts": 1758755837735}
{"action": "send", "src": "AF-N74", "dst": "AU-N154", "hlc": {"phys": 1758755853830, "cnt": 0, "node": "AF-N74"}, "package_id": "PKG55836", "payload": {"status": "DELIVERED"}, "sent_ts": 1758755838090, "arrival_ts": 1758755838090}
{"action": "send", "src": "AF-N74", "dst": "SA-N107", "hlc": {"phys": 1758758201455, "cnt": 0, "node": "AF-N74"}, "package_id": "PKG58185", "payload": {"status": "CREATED"}, "sent_ts": 1758758185715, "arrival_ts": 1758758185715}
{"action": "send", "src": "AF-N74", "dst": "SA-N107", "hlc": {"phys": 1758758201733, "cnt": 0, "node": "AF-N74"}, "package_id": "PKG58185", "payload": {"status": "SENT"}, "sent_ts": 1758758185993, "arrival_ts": 1758758185993}
{"action": "send", "src": "AF-N74", "dst": "SA-N107", "hlc": {"phys": 1758758201964, "cnt": 0, "node": "AF-N74"}, "package_id": "PKG58185", "payload": {"status": "IN_TRANSIT"}, "sent_ts": 1758758186224, "arrival_ts": 1758758186224}
{"action": "send", "src": "AF-N74", "dst": "SA-N107", "hlc": {"phys": 1758758202321, "cnt": 0, "node": "AF-N74"}, "package_id": "PKG58185", "payload": {"status": "RECEIVED"}, "sent_ts": 1758758186581, "arrival_ts": 1758758186581}
{"action": "send", "src": "AF-N74", "dst": "SA-N107", "hlc": {"phys": 1758758202584, "cnt": 0, "node": "AF-N74"}, "package_id": "PKG58185", "payload": {"status": "DELIVERED"}, "sent_ts": 1758758186844, "arrival_ts": 1758758186844}
{"action": "recv", "src": "AN-N179", "dst": "AF-N74", "hlc": {"phys": 1758758766669, "cnt": 0, "node": "AN-N179"}, "package_id": "PKG58734", "payload": {"status": "CREATED"}, "sent_ts": 1758758734879, "arrival_ts": 1758758735028}
{"action": "recv", "src": "AN-N179", "dst": "AF-N74", "hlc": {"phys": 1758758767026, "cnt": 0, "node": "AN-N179"}, "package_id": "PKG58734", "payload": {"status": "SENT"}, "sent_ts": 1758758735236, "arrival_ts": 1758758735261}
{"action": "recv", "src": "AN-N179", "dst": "AF-N74", "hlc": {"phys": 1758758767256, "cnt": 0, "node": "AN-N179"}, "package_id": "PKG58734", "payload": {"status": "IN_TRANSIT"}, "sent_ts": 1758758735466, "arrival_ts": 1758758735616}
{"action": "recv", "src": "AN-N179", "dst": "AF-N74", "hlc": {"phys": 1758758767610, "cnt": 0, "node": "AN-N179"}, "package_id": "PKG58734", "payload": {"status": "RECEIVED"}, "sent_ts": 1758758735820, "arrival_ts": 1758758735938}
{"action": "recv", "src": "AN-N179", "dst": "AF-N74", "hlc": {"phys": 1758758767950, "cnt": 0, "node": "AN-N179"}, "package_id": "PKG58734", "payload": {"status": "DELIVERED"}, "sent_ts": 1758758736160, "arrival_ts": 1758758736216}
{"action": "send", "src": "AF-N74", "dst": "AS-N100", "hlc": {"phys": 1758761418730, "cnt": 0, "node": "AF-N74"}, "package_id": "PKG61402", "payload": {"status": "CREATED"}, "sent_ts": 1758761402990, "arrival_ts": 1758761402990}
{"action": "send", "src": "AF-N74", "dst": "AS-N100", "hlc": {"phys": 1758761419000, "cnt": 0, "node": "AF-N74"}, "package_id": "PKG61402", "payload": {"status": "SENT"}, "sent_ts": 1758761403260, "arrival_ts": 1758761403260}
{"action": "send", "src": "AF-N74", "dst": "AS-N100", "hlc": {"phys": 1758761419242, "cnt": 0, "node": "AF-N74"}, "package_id": "PKG61402", "payload": {"status": "IN_TRANSIT"}, "sent_ts": 1758761403502, "arrival_ts": 1758761403502}
{"action": "send", "src": "AF-N74", "dst": "AS-N100", "hlc": {"phys": 1758761419482, "cnt": 0, "node": "AF-N74"}, "package_id": "PKG61402", "payload": {"status": "RECEIVED"}, "sent_ts": 1758761403742, "arrival_ts": 1758761403742}
{"action": "send", "src": "AF-N74", "dst": "AS-N100", "hlc": {"phys": 1758761419731, "cnt": 0, "node": "AF-N74"}, "package_id": "PKG61402", "payload": {"status": "DELIVERED"}, "sent_ts": 1758761403991, "arrival_ts": 1758761403991}
{"action": "recv", "src": "AS-N99", "dst": "AF-N74", "hlc": {"phys": 1758762693229, "cnt": 0, "node": "AS-N99"}, "package_id": "PKG62682", "payload": {"status": "CREATED"}, "sent_ts": 1758762682239, "arrival_ts": 1758762682386}
{"action": "recv", "src": "AS-N99", "dst": "AF-N74", "hlc": {"phys": 1758762693568, "cnt": 0, "node": "AS-N99"}, "package_id": "PKG62682", "payload": {"status": "SENT"}, "sent_ts": 1758762682578, "arrival_ts": 1758762682682}
{"action": "recv", "src": "AS-N99", "dst": "AF-N74", "hlc": {"phys": 1758762693866, "cnt": 0, "node": "AS-N99"}, "package_id": "PKG62682", "payload": {"status": "IN_TRANSIT"}, "sent_ts": 1758762682876, "arrival_ts": 1758762683018}
{"action": "recv", "src": "AS-N99", "dst": "AF-N74", "hlc": {"phys": 1758762694208, "cnt": 0, "node": "AS-N99"}, "package_id": "PKG62682", "payload": {"status": "RECEIVED"}, "sent_ts": 1758762683218, "arrival_ts": 1758762683264}
{"action": "recv", "src": "AS-N99", "dst": "AF-N74", "hlc": {"phys": 1758762694475, "cnt": 0, "node": "AS-N99"}, "package_id": "PKG62682", "payload": {"status": "DELIVERED"}, "sent_ts": 1758762683485, "arrival_ts": 1758762683611}
{"action": "send", "src": "AF-N74", "dst": "AU-N67", "hlc": {"phys": 1758765477762, "cnt": 0, "node": "AF-N74"}, "package_id": "PKG65462", "payload": {"status": "CREATED"}, "sent_ts": 1758765462022, "arrival_ts": 1758765462022}
{"action": "send", "src": "AF-N74", "dst": "AU-N67", "hlc": {"phys": 1758765478081, "cnt": 0, "node": "AF-N74"}, "package_id": "PKG65462", "payload": {"status": "SENT"}, "sent_ts": 1758765462341, "arrival_ts": 1758765462341}
{"action": "send", "src": "AF-N74", "dst": "AU-N67", "hlc": {"phys": 1758765478451, "cnt": 0, "node": "AF-N74"}, "package_id": "PKG65462", "payload": {"status": "IN_TRANSIT"}, "sent_ts": 1758765462711, "arrival_ts": 1758765462711}
{"action": "send", "src": "AF-N74", "dst": "AU-N67", "hlc": {"phys": 1758765478716, "cnt": 0, "node": "AF-N74"}, "package_id": "PKG65462", "payload": {"status": "RECEIVED"}, "sent_ts": 1758765462976, "arrival_ts": 1758765462976}
{"action": "send", "src": "AF-N74", "dst": "AU-N67", "hlc": {"phys": 1758765478977, "cnt": 0, "node": "AF-N74"}, "package_id": "PKG65462", "payload": {"status": "DELIVERED"}, "sent_ts": 1758765463237, "arrival_ts": 1758765463237}
{"action": "recv", "src": "AN-N59", "dst": "AF-N74", "hlc": {"phys": 1758800858795, "cnt": 0, "node": "AN-N59"}, "package_id": "PKG828", "payload": {"status": "CREATED"}, "sent_ts": 1758800828205, "arrival_ts": 1758800828307}
{"action": "recv", "src": "AN-N59", "dst": "AF-N74", "hlc": {"phys": 1758800859099, "cnt": 0, "node": "AN-N59"}, "package_id": "PKG828", "payload": {"status": "SENT"}, "sent_ts": 1758800828509, "arrival_ts": 1758800828535}
{"action": "recv", "src": "AN-N59", "dst": "AF-N74", "hlc": {"phys": 1758800859335, "cnt": 0, "node": "AN-N59"}, "package_id": "PKG828", "payload": {"status": "IN_TRANSIT"}, "sent_ts": 1758800828745, "arrival_ts": 1758800828945}
{"action": "recv", "src": "AN-N59", "dst": "AF-N74", "hlc": {"phys": 1758800859740, "cnt": 0, "node": "AN-N59"}, "package_id": "PKG828", "payload": {"status": "RECEIVED"}, "sent_ts": 1758800829150, "arrival_ts": 1758800829209}
{"action": "recv", "src": "AN-N59", "dst": "AF-N74", "hlc": {"phys": 1758800860001, "cnt": 0, "node": "AN-N59"}, "package_id": "PKG828", "payload": {"status": "DELIVERED"}, "sent_ts": 1758800829411, "arrival_ts": 1758800829452}
{"action": "recv", "src": "AS-N78", "dst": "AF-N74", "hlc": {"phys": 1758803808118, "cnt": 0, "node": "AS-N78"}, "package_id": "PKG3797", "payload": {"status": "CREATED"}, "sent_ts": 1758803797338, "arrival_ts": 1758803797459}
{"action": "recv", "src": "AS-N78", "dst": "AF-N74", "hlc": {"phys": 1758803808456, "cnt": 0, "node": "AS-N78"}, "package_id": "PKG3797", "payload": {"status": "SENT"}, "sent_ts": 1758803797676, "arrival_ts": 1758803797704}
{"action": "recv", "src": "AS-N78", "dst": "AF-N74", "hlc": {"phys": 1758803808687, "cnt": 0, "node": "AS-N78"}, "package_id": "PKG3797", "payload": {"status": "IN_TRANSIT"}, "sent_ts": 1758803797907, "arrival_ts": 1758803797953}
{"action": "recv", "src": "AS-N78", "dst": "AF-N74", "hlc": {"phys": 1758803808931, "cnt": 0, "node": "AS-N78"}, "package_id": "PKG3797", "payload": {"status": "RECEIVED"}, "sent_ts": 1758803798151, "arrival_ts": 1758803798250}
{"action": "recv", "src": "AS-N78", "dst": "AF-N74", "hlc": {"phys": 1758803809245, "cnt": 0, "node": "AS-N78"}, "package_id": "PKG3797", "payload": {"status": "DELIVERED"}, "sent_ts": 1758803798465, "arrival_ts": 1758803798578}
{"action": "recv", "src": "EU-N40", "dst": "AF-N74", "hlc": {"phys": 1758810229834, "cnt": 0, "node": "EU-N40"}, "package_id": "PKG10224", "payload": {"status": "CREATED"}, "sent_ts": 1758810224434, "arrival_ts": 1758810224526}
{"action": "recv", "src": "EU-N40", "dst": "AF-N74", "hlc": {"phys": 1758810230129, "cnt": 0, "node": "EU-N40"}, "package_id": "PKG10224", "payload": {"status": "SENT"}, "sent_ts": 1758810224729, "arrival_ts": 1758810224796}
{"action": "recv", "src": "EU-N40", "dst": "AF-N74", "hlc": {"phys": 1758810230409, "cnt": 0, "node": "EU-N40"}, "package_id": "PKG10224", "payload": {"status": "IN_TRANSIT"}, "sent_ts": 1758810225009, "arrival_ts": 1758810225083}
{"action": "recv", "src": "EU-N40", "dst": "AF-N74", "hlc": {"phys": 1758810230689, "cnt": 0, "node": "EU-N40"}, "package_id": "PKG10224", "payload": {"status": "RECEIVED"}, "sent_ts": 1758810225289, "arrival_ts": 1758810225385}
{"action": "recv", "src": "EU-N40", "dst": "AF-N74", "hlc": {"phys": 1758810230983, "cnt": 0, "node": "EU-N40"}, "package_id": "PKG10224", "payload": {"status": "DELIVERED"}, "sent_ts": 1758810225583, "arrival_ts": 1758810225781}
{"action": "send", "src": "AF-N74", "dst": "AF-N96", "hlc": {"phys": 1758810602116, "cnt": 0, "node": "AF-N74"}, "package_id": "PKG10586", "payload": {"status": "CREATED"}, "sent_ts": 1758810586376, "arrival_ts": 1758810586376}
{"action": "send", "src": "AF-N74", "dst": "AF-N96", "hlc": {"phys": 1758810602360, "cnt": 0, "node": "AF-N74"}, "package_id": "PKG10586", "payload": {"status": "SENT"}, "sent_ts": 1758810586620, "arrival_ts": 1758810586620}
{"action": "send", "src": "AF-N74", "dst": "AF-N96", "hlc": {"phys": 1758810602611, "cnt": 0, "node": "AF-N74"}, "package_id": "PKG10586", "payload": {"status": "IN_TRANSIT"}, "sent_ts": 1758810586871, "arrival_ts": 1758810586871}
{"action": "send", "src": "AF-N74", "dst": "AF-N96", "hlc": {"phys": 1758810602907, "cnt": 0, "node": "AF-N74"}, "package_id": "PKG10586", "payload": {"status": "RECEIVED"}, "sent_ts": 1758810587167, "arrival_ts": 1758810587167}
{"action": "send", "src": "AF-N74", "dst": "AF-N96", "hlc": {"phys": 1758810603137, "cnt": 0, "node": "AF-N74"}, "package_id": "PKG10586", "payload": {"status": "DELIVERED"}, "sent_ts": 1758810587397, "arrival_ts": 1758810587397}
{"action": "recv", "src": "EU-N23", "dst": "AF-N74", "hlc": {"phys": 1758812109160, "cnt": 0, "node": "EU-N23"}, "package_id": "PKG12103", "payload": {"status": "CREATED"}, "sent_ts": 1758812103930, "arrival_ts": 1758812104051}
{"action": "recv", "src": "EU-N23", "dst": "AF-N74", "hlc": {"phys": 1758812109499, "cnt": 0, "node": "EU-N23"}, "package_id": "PKG12103", "payload": {"status": "SENT"}, "sent_ts": 1758812104269, "arrival_ts": 1758812104330}
{"action": "recv", "src": "EU-N23", "dst": "AF-N74", "hlc": {"phys": 1758812109766, "cnt": 0, "node": "EU-N23"}, "package_id": "PKG12103", "payload": {"status": "IN_TRANSIT"}, "sent_ts": 1758812104536, "arrival_ts": 1758812104667}
{"action": "recv", "src": "EU-N23", "dst": "AF-N74", "hlc": {"phys": 1758812110102, "cnt": 0, "node": "EU-N23"}, "package_id": "PKG12103", "payload": {"status": "RECEIVED"}, "sent_ts": 1758812104872, "arrival_ts": 1758812104982}
{"action": "recv", "src": "EU-N23", "dst": "AF-N74", "hlc": {"phys": 1758812110407, "cnt": 0, "node": "EU-N23"}, "package_id": "PKG12103", "payload": {"status": "DELIVERED"}, "sent_ts": 1758812105177, "arrival_ts": 1758812105298}
{"action": "recv", "src": "AU-N196", "dst": "AF-N74", "hlc": {"phys": 1758812792480, "cnt": 0, "node": "AU-N196"}, "package_id": "PKG12765", "payload": {"status": "CREATED"}, "sent_ts": 1758812765520, "arrival_ts": 1758812765547}
{"action": "recv", "src": "AU-N196", "dst": "AF-N74", "hlc": {"phys": 1758812792699, "cnt": 0, "node": "AU-N196"}, "package_id": "PKG12765", "payload": {"status": "SENT"}, "sent_ts": 1758812765739, "arrival_ts": 1758812765862}
{"action": "recv", "src": "AU-N196", "dst": "AF-N74", "hlc": {"phys": 1758812793023, "cnt": 0, "node": "AU-N196"}, "package_id": "PKG12765", "payload": {"status": "IN_TRANSIT"}, "sent_ts": 1758812766063, "arrival_ts": 1758812766262}
{"action": "recv", "src": "AU-N196", "dst": "AF-N74", "hlc": {"phys": 1758812793414, "cnt": 0, "node": "AU-N196"}, "package_id": "PKG12765", "payload": {"status": "RECEIVED"}, "sent_ts": 1758812766454, "arrival_ts": 1758812766623}
{"action": "recv", "src": "AU-N196", "dst": "AF-N74", "hlc": {"phys": 1758812793787, "cnt": 0, "node": "AU-N196"}, "package_id": "PKG12765", "payload": {"status": "DELIVERED"}, "sent_ts": 1758812766827, "arrival_ts": 1758812767005}
{"action": "recv", "src": "SA-N176", "dst": "AF-N74", "hlc": {"phys": 1758813153783, "cnt": 0, "node": "SA-N176"}, "package_id": "PKG13132", "payload": {"status": "CREATED"}, "sent_ts": 1758813132023, "arrival_ts": 1758813132169}
{"action": "recv", "src": "SA-N176", "dst": "AF-N74", "hlc": {"phys": 1758813154125, "cnt": 0, "node": "SA-N176"}, "package_id": "PKG13132", "payload": {"status": "SENT"}, "sent_ts": 1758813132365, "arrival_ts": 1758813132563}
{"action": "recv", "src": "SA-N176", "dst": "AF-N74", "hlc": {"phys": 1758813154528, "cnt": 0, "node": "SA-N176"}, "package_id": "PKG13132", "payload": {"status": "IN_TRANSIT"}, "sent_ts": 1758813132768, "arrival_ts": 1758813132784}
{"action": "recv", "src": "SA-N176", "dst": "AF-N74", "hlc": {"phys": 1758813154746, "cnt": 0, "node": "SA-N176"}, "package_id": "PKG13132", "payload": {"status": "RECEIVED"}, "sent_ts": 1758813132986, "arrival_ts": 1758813133181}
{"action": "recv", "src": "SA-N176", "dst": "AF-N74", "hlc": {"phys": 1758813155136, "cnt": 0, "node": "SA-N176"}, "package_id": "PKG13132", "payload": {"status": "DELIVERED"}, "sent_ts": 1758813133376, "arrival_ts": 1758813133528}
{"action": "send", "src": "AF-N74", "dst": "AS-N150", "hlc": {"phys": 1758813477512, "cnt": 0, "node": "AF-N74"}, "package_id": "PKG13461", "payload": {"status": "CREATED"}, "sent_ts": 1758813461772, "arrival_ts": 1758813461772}
{"action": "send", "src": "AF-N74", "dst": "AS-N150", "hlc": {"phys": 1758813477883, "cnt": 0, "node": "AF-N74"}, "package_id": "PKG13461", "payload": {"status": "SENT"}, "sent_ts": 1758813462143, "arrival_ts": 1758813462143}
{"action": "send", "src": "AF-N74", "dst": "AS-N150", "hlc": {"phys": 1758813478192, "cnt": 0, "node": "AF-N74"}, "package_id": "PKG13461", "payload": {"status": "IN_TRANSIT"}, "sent_ts": 1758813462452, "arrival_ts": 1758813462452}
{"action": "send", "src": "AF-N74", "dst": "AS-N150", "hlc": {"phys": 1758813478457, "cnt": 0, "node": "AF-N74"}, "package_id": "PKG13461", "payload": {"status": "RECEIVED"}, "sent_ts": 1758813462717, "arrival_ts": 1758813462717}
{"action": "send", "src": "AF-N74", "dst": "AS-N150", "hlc": {"phys": 1758813478689, "cnt": 0, "node": "AF-N74"}, "package_id": "PKG13461", "payload": {"status": "DELIVERED"}, "sent_ts": 1758813462949, "arrival_ts": 1758813462949}
{"action": "recv", "src": "AU-N54", "dst": "AF-N74", "hlc": {"phys": 1758814227352, "cnt": 0, "node": "AU-N54"}, "package_id": "PKG14201", "payload": {"status": "CREATED"}, "sent_ts": 1758814201812, "arrival_ts": 1758814201937}
{"action": "recv", "src": "AU-N54", "dst": "AF-N74", "hlc": {"phys": 1758814227692, "cnt": 0, "node": "AU-N54"}, "package_id": "PKG14201", "payload": {"status": "SENT"}, "sent_ts": 1758814202152, "arrival_ts": 1758814202298}
{"action": "recv", "src": "AU-N54", "dst": "AF-N74", "hlc": {"phys": 1758814228047, "cnt": 0, "node": "AU-N54"}, "package_id": "PKG14201", "payload": {"status": "IN_TRANSIT"}, "sent_ts": 1758814202507, "arrival_ts": 1758814202652}
{"action": "recv", "src": "AU-N54", "dst": "AF-N74", "hlc": {"phys": 1758814228387, "cnt": 0, "node": "AU-N54"}, "package_id": "PKG14201", "payload": {"status": "RECEIVED"}, "sent_ts": 1758814202847, "arrival_ts": 1758814202898}
{"action": "recv", "src": "AU-N54", "dst": "AF-N74", "hlc": {"phys": 1758814228636, "cnt": 0, "node": "AU-N54"}, "package_id": "PKG14201", "payload": {"status": "DELIVERED"}, "sent_ts": 1758814203096, "arrival_ts": 1758814203185}
{"action": "recv", "src": "EU-N136", "dst": "AF-N74", "hlc": {"phys": 1758814440574, "cnt": 0, "node": "EU-N136"}, "package_id": "PKG14434", "payload": {"status": "CREATED"}, "sent_ts": 1758814434214, "arrival_ts": 1758814434331}
{"action": "recv", "src": "EU-N136", "dst": "AF-N74", "hlc": {"phys": 1758814440901, "cnt": 0, "node": "EU-N136"}, "package_id": "PKG14434", "payload": {"status": "SENT"}, "sent_ts": 1758814434541, "arrival_ts": 1758814434729}
{"action": "recv", "src": "EU-N136", "dst": "AF-N74", "hlc": {"phys": 1758814441291, "cnt": 0, "node": "EU-N136"}, "package_id": "PKG14434", "payload": {"status": "IN_TRANSIT"}, "sent_ts": 1758814434931, "arrival_ts": 1758814434981}
{"action": "recv", "src": "EU-N136", "dst": "AF-N74", "hlc": {"phys": 1758814441527, "cnt": 0, "node": "EU-N136"}, "package_id": "PKG14434", "payload": {"status": "RECEIVED"}, "sent_ts": 1758814435167, "arrival_ts": 1758814435296}
{"action": "recv", "src": "EU-N136", "dst": "AF-N74", "hlc": {"phys": 1758814441866, "cnt": 0, "node": "EU-N136"}, "package_id": "PKG14434", "payload": {"status": "DELIVERED"}, "sent_ts": 1758814435506, "arrival_ts": 1758814435669}
{"action": "recv", "src": "AS-N56", "dst": "AF-N74", "hlc": {"phys": 1758816799028, "cnt": 0, "node": "AS-N56"}, "package_id": "PKG16788", "payload": {"status": "CREATED"}, "sent_ts": 1758816788468, "arrival_ts": 1758816788645}
{"action": "recv", "src": "AS-N56", "dst": "AF-N74", "hlc": {"phys": 1758816799418, "cnt": 0, "node": "AS-N56"}, "package_id": "PKG16788", "payload": {"status": "SENT"}, "sent_ts": 1758816788858, "arrival_ts": 1758816788893}
{"action": "recv", "src": "AS-N56", "dst": "AF-N74", "hlc": {"phys": 1758816799667, "cnt": 0, "node": "AS-N56"}, "package_id": "PKG16788", "payload": {"status": "IN_TRANSIT"}, "sent_ts": 1758816789107, "arrival_ts": 1758816789276}
{"action": "recv", "src": "AS-N56", "dst": "AF-N74", "hlc": {"phys": 1758816800037, "cnt": 0, "node": "AS-N56"}, "package_id": "PKG16788", "payload": {"status": "RECEIVED"}, "sent_ts": 1758816789477, "arrival_ts": 1758816789621}
{"action": "recv", "src": "AS-N56", "dst": "AF-N74", "hlc": {"phys": 1758816800380, "cnt": 0, "node": "AS-N56"}, "package_id": "PKG16788", "payload": {"status": "DELIVERED"}, "sent_ts": 1758816789820, "arrival_ts": 1758816789967}
