{"action": "recv", "src": "AU-N119", "dst": "AF-N183", "hlc": {"phys": 1758718191618, "cnt": 0, "node": "AU-N119"}, "package_id": "PKG18165", "payload": {"status": "CREATED"}, "sent_ts": 1758718165428, "arrival_ts": 1758718165591}
{"action": "recv", "src": "AU-N119", "dst": "AF-N183", "hlc": {"phys": 1758718192000, "cnt": 0, "node": "AU-N119"}, "package_id": "PKG18165", "payload": {"status": "SENT"}, "sent_ts": 1758718165810, "arrival_ts": 1758718165928}
{"action": "recv", "src": "AU-N119", "dst": "AF-N183", "hlc": {"phys": 1758718192324, "cnt": 0, "node": "AU-N119"}, "package_id": "PKG18165", "payload": {"status": "IN_TRANSIT"}, "sent_ts": 1758718166134, "arrival_ts": 1758718166153}
{"action": "recv", "src": "AU-N119", "dst": "AF-N183", "hlc": {"phys": 1758718192564, "cnt": 0, "node": "AU-N119"}, "package_id": "PKG18165", "payload": {"status": "RECEIVED"}, "sent_ts": 1758718166374, "arrival_ts": 1758718166449}
{"action": "recv", "src": "AU-N119", "dst": "AF-N183", "hlc": {"phys": 1758718192838, "cnt": 0, "node": "AU-N119"}, "package_id": "PKG18165", "payload": {"status": "DELIVERED"}, "sent_ts": 1758718166648, "arrival_ts": 1758718166848}
{"action": "recv", "src": "NA-N119", "dst": "AF-N183", "hlc": {"phys": 1758737882998, "cnt": 0, "node": "NA-N119"}, "package_id": "PKG37881", "payload": {"status": "CREATED"}, "sent_ts": 1758737881808, "arrival_ts": 1758737881987}
{"action": "recv", "src": "NA-N119", "dst": "AF-N183", "hlc": {"phys": 1758737883385, "cnt": 0, "node": "NA-N119"}, "package_id": "PKG37881", "payload": {"status": "SENT"}, "sent_ts": 1758737882195, "arrival_ts": 1758737882257}
{"action": "recv", "src": "NA-N119", "dst": "AF-N183", "hlc": {"phys": 1758737883650, "cnt": 0, "node": "NA-N119"}, "package_id": "PKG37881", "payload": {"status": "IN_TRANSIT"}, "sent_ts": 1758737882460, "arrival_ts": 1758737882582}
{"action": "recv", "src": "NA-N119", "dst": "AF-N183", "hlc": {"phys": 1758737883974, "cnt": 0, "node": "NA-N119"}, "package_id": "PKG37881", "payload": {"status": "RECEIVED"}, "sent_ts": 1758737882784, "arrival_ts": 1758737882869}
{"action": "recv", "src": "NA-N119", "dst": "AF-N183", "hlc": {"phys": 1758737884250, "cnt": 0, "node": "NA-N119"}, "package_id": "PKG37881", "payload": {"status": "DELIVERED"}, "sent_ts": 1758737883060, "arrival_ts": 1758737883164}
{"action": "recv", "src": "AF-N43", "dst": "AF-N183", "hlc": {"phys": 1758738773390, "cnt": 0, "node": "AF-N43"}, "package_id": "PKG38757", "payload": {"status": "CREATED"}, "sent_ts": 1758738757960, "arrival_ts": 1758738757988}
{"action": "recv", "src": "AF-N43", "dst": "AF-N183", "hlc": {"phys": 1758738773620, "cnt": 0, "node": "AF-N43"}, "package_id": "PKG38757", "payload": {"status": "SENT"}, "sent_ts": 1758738758190, "arrival_ts": 1758738758305}
{"action": "recv", "src": "AF-N43", "dst": "AF-N183", "hlc": {"phys": 1758738773940, "cnt": 0, "node": "AF-N43"}, "package_id": "PKG38757", "payload": {"status": "IN_TRANSIT"}, "sent_ts": 1758738758510, "arrival_ts": 1758738758656}
{"action": "recv", "src": "AF-N43", "dst": "AF-N183", "hlc": {"phys": 1758738774297, "cnt": 0, "node": "AF-N43"}, "package_id": "PKG38757", "payload": {"status": "RECEIVED"}, "sent_ts": 1758738758867, "arrival_ts": 1758738758988}
{"action": "recv", "src": "AF-N43", "dst": "AF-N183", "hlc": {"phys": 1758738774632, "cnt": 0, "node": "AF-N43"}, "package_id": "PKG38757", "payload": {"status": "DELIVERED"}, "sent_ts": 1758738759202, "arrival_ts": 1758738759378}
{"action": "recv", "src": "AF-N73", "dst": "AF-N183", "hlc": {"phys": 1758739531484, "cnt": 0, "node": "AF-N73"}, "package_id": "PKG39515", "payload": {"status": "CREATED"}, "sent_ts": 1758739515754, "arrival_ts": 1758739515850}
{"action": "recv", "src": "AF-N73", "dst": "AF-N183", "hlc": {"phys": 1758739531789, "cnt": 0, "node": "AF-N73"}, "package_id": "PKG39515", "payload": {"status": "SENT"}, "sent_ts": 1758739516059, "arrival_ts": 1758739516083}
{"action": "recv", "src": "AF-N73", "dst": "AF-N183", "hlc": {"phys": 1758739532025, "cnt": 0, "node": "AF-N73"}, "package_id": "PKG39515", "payload": {"status": "IN_TRANSIT"}, "sent_ts": 1758739516295, "arrival_ts": 1758739516348}
{"action": "recv", "src": "AF-N73", "dst": "AF-N183", "hlc": {"phys": 1758739532289, "cnt": 0, "node": "AF-N73"}, "package_id": "PKG39515", "payload": {"status": "RECEIVED"}, "sent_ts": 1758739516559, "arrival_ts": 1758739516741}
{"action": "recv", "src": "AF-N73", "dst": "AF-N183", "hlc": {"phys": 1758739532676, "cnt": 0, "node": "AF-N73"}, "package_id": "PKG39515", "payload": {"status": "DELIVERED"}, "sent_ts": 1758739516946, "arrival_ts": 1758739517062}
{"action": "recv", "src": "AN-N196", "dst": "AF-N183", "hlc": {"phys": 1758742175845, "cnt": 0, "node": "AN-N196"}, "package_id": "PKG42143", "payload": {"status": "CREATED"}, "sent_ts": 1758742143885, "arrival_ts": 1758742143936}
{"action": "recv", "src": "AN-N196", "dst": "AF-N183", "hlc": {"phys": 1758742176122, "cnt": 0, "node": "AN-N196"}, "package_id": "PKG42143", "payload": {"status": "SENT"}, "sent_ts": 1758742144162, "arrival_ts": 1758742144219}
{"action": "recv", "src": "AN-N196", "dst": "AF-N183", "hlc": {"phys": 1758742176385, "cnt": 0, "node": "AN-N196"}, "package_id": "PKG42143", "payload": {"status": "IN_TRANSIT"}, "sent_ts": 1758742144425, "arrival_ts": 1758742144477}
{"action": "recv", "src": "AN-N196", "dst": "AF-N183", "hlc": {"phys": 1758742176633, "cnt": 0, "node": "AN-N196"}, "package_id": "PKG42143", "payload": {"status": "RECEIVED"}, "sent_ts": 1758742144673, "arrival_ts": 1758742144784}
{"action": "recv", "src": "AN-N196", "dst": "AF-N183", "hlc": {"phys": 1758742176943, "cnt": 0, "node": "AN-N196"}, "package_id": "PKG42143", "payload": {"status": "DELIVERED"}, "sent_ts": 1758742144983, "arrival_ts": 1758742145126}
{"action": "send", "src": "AF-N183", "dst": "EU-N11", "hlc": {"phys": 1758749851427, "cnt": 0, "node": "AF-N183"}, "package_id": "PKG49834", "payload": {"status": "CREATED"}, "sent_ts": 1758749834597, "arrival_ts": 1758749834597}
{"action": "send", "src": "AF-N183", "dst": "EU-N11", "hlc": {"phys": 1758749851711, "cnt": 0, "node": "AF-N183"}, "package_id": "PKG49834", "payload": {"status": "SENT"}, "sent_ts": 1758749834881, "arrival_ts": 1758749834881}
{"action": "send", "src": "AF-N183", "dst": "EU-N11", "hlc": {"phys": 1758749851927, "cnt": 0, "node": "AF-N183"}, "package_id": "PKG49834", "payload": {"status": "IN_TRANSIT"}, "sent_ts": 1758749835097, "arrival_ts": 1758749835097}
{"action": "send", "src": "AF-N183", "dst": "EU-N11", "hlc": {"phys": 1758749852178, "cnt": 0, "node": "AF-N183"}, "package_id": "PKG49834", "payload": {"status": "RECEIVED"}, "sent_ts": 1758749835348, "arrival_ts": 1758749835348}
{"action": "send", "src": "AF-N183", "dst": "EU-N11", "hlc": {"phys": 1758749852445, "cnt": 0, "node": "AF-N183"}, "package_id": "PKG49834", "payload": {"status": "DELIVERED"}, "sent_ts": 1758749835615, "arrival_ts": 1758749835615}
{"action": "recv", "src": "EU-N17", "dst": "AF-N183", "hlc": {"phys": 1758751717608, "cnt": 0, "node": "EU-N17"}, "package_id": "PKG51712", "payload": {"status": "CREATED"}, "sent_ts": 1758751712438, "arrival_ts": 1758751712552}
{"action": "recv", "src": "EU-N17", "dst": "AF-N183", "hlc": {"phys": 1758751717926, "cnt": 0, "node": "EU-N17"}, "package_id": "PKG51712", "payload": {"status": "SENT"}, "sent_ts": 1758751712756, "arrival_ts": 1758751712800}
{"action": "recv", "src": "EU-N17", "dst": "AF-N183", "hlc": {"phys": 1758751718171, "cnt": 0, "node": "EU-N17"}, "package_id": "PKG51712", "payload": {"status": "IN_TRANSIT"}, "sent_ts": 1758751713001, "arrival_ts": 1758751713144}
{"action": "recv", "src": "EU-N17", "dst": "AF-N183", "hlc": {"phys": 1758751718517, "cnt": 0, "node": "EU-N17"}, "package_id": "PKG51712", "payload": {"status": "RECEIVED"}, "sent_ts": 1758751713347, "arrival_ts": 1758751713423}
{"action": "recv", "src": "EU-N17", "dst": "AF-N183", "hlc": {"phys": 1758751718802, "cnt": 0, "node": "EU-N17"}, "package_id": "PKG51712", "payload": {"status": "DELIVERED"}, "sent_ts": 1758751713632, "arrival_ts": 1758751713795}
{"action": "recv", "src": "AS-N73", "dst": "AF-N183", "hlc": {"phys": 1758753173802, "cnt": 0, "node": "AS-N73"}, "package_id": "PKG53163", "payload": {"status": "CREATED"}, "sent_ts": 1758753163072, "arrival_ts": 1758753163172}
{"action": "recv", "src": "AS-N73", "dst": "AF-N183", "hlc": {"phys": 1758753174113, "cnt": 0, "node": "AS-N73"}, "package_id": "PKG53163", "payload": {"status": "SENT"}, "sent_ts": 1758753163383, "arrival_ts": 1758753163507}
{"action": "recv", "src": "AS-N73", "dst": "AF-N183", "hlc": {"phys": 1758753174457, "cnt": 0, "node": "AS-N73"}, "package_id": "PKG53163", "payload": {"status": "IN_TRANSIT"}, "sent_ts": 1758753163727, "arrival_ts": 1758753163886}
{"action": "recv", "src": "AS-N73", "dst": "AF-N183", "hlc": {"phys": 1758753174827, "cnt": 0, "node": "AS-N73"}, "package_id": "PKG53163", "payload": {"status": "RECEIVED"}, "sent_ts": 1758753164097, "arrival_ts": 1758753164292}
{"action": "recv", "src": "AS-N73", "dst": "AF-N183", "hlc": {"phys": 1758753175217, "cnt": 0, "node": "AS-N73"}, "package_id": "PKG53163", "payload": {"status": "DELIVERED"}, "sent_ts": 1758753164487, "arrival_ts": 1758753164599}
{"action": "recv", "src": "AF-N165", "dst": "AF-N183", "hlc": {"phys": 1758754092522, "cnt": 0, "node": "AF-N165"}, "package_id": "PKG54075", "payload": {"status": "CREATED"}, "sent_ts": 1758754075872, "arrival_ts": 1758754075981}
{"action": "recv", "src": "AF-N165", "dst": "AF-N183", "hlc": {"phys": 1758754092829, "cnt": 0, "node": "AF-N165"}, "package_id": "PKG54075", "payload": {"status": "SENT"}, "sent_ts": 1758754076179, "arrival_ts": 1758754076206}
{"action": "recv", "src": "AF-N165", "dst": "AF-N183", "hlc": {"phys": 1758754093065, "cnt": 0, "node": "AF-N165"}, "package_id": "PKG54075", "payload": {"status": "IN_TRANSIT"}, "sent_ts": 1758754076415, "arrival_ts": 1758754076606}
{"action": "recv", "src": "AF-N165", "dst": "AF-N183", "hlc": {"phys": 1758754093450, "cnt": 0, "node": "AF-N165"}, "package_id": "PKG54075", "payload": {"status": "RECEIVED"}, "sent_ts": 1758754076800, "arrival_ts": 1758754076986}
{"action": "recv", "src": "AF-N165", "dst": "AF-N183", "hlc": {"phys": 1758754093855, "cnt": 0, "node": "AF-N165"}, "package_id": "PKG54075", "payload": {"status": "DELIVERED"}, "sent_ts": 1758754077205, "arrival_ts": 1758754077232}
{"action": "recv", "src": "AN-N15", "dst": "AF-N183", "hlc": {"phys": 1758754376446, "cnt": 0, "node": "AN-N15"}, "package_id": "PKG54346", "payload": {"status": "CREATED"}, "sent_ts": 1758754346296, "arrival_ts": 1758754346414}
{"action": "recv", "src": "AN-N15", "dst": "AF-N183", "hlc": {"phys": 1758754376761, "cnt": 0, "node": "AN-N15"}, "package_id": "PKG54346", "payload": {"status": "SENT"}, "sent_ts": 1758754346611, "arrival_ts": 1758754346797}
{"action": "recv", "src": "AN-N15", "dst": "AF-N183", "hlc": {"phys": 1758754377167, "cnt": 0, "node": "AN-N15"}, "package_id": "PKG54346", "payload": {"status": "IN_TRANSIT"}, "sent_ts": 1758754347017, "arrival_ts": 1758754347052}
{"action": "recv", "src": "AN-N15", "dst": "AF-N183", "hlc": {"phys": 1758754377421, "cnt": 0, "node": "AN-N15"}, "package_id": "PKG54346", "payload": {"status": "RECEIVED"}, "sent_ts": 1758754347271, "arrival_ts": 1758754347418}
{"action": "recv", "src": "AN-N15", "dst": "AF-N183", "hlc": {"phys": 1758754377759, "cnt": 0, "node": "AN-N15"}, "package_id": "PKG54346", "payload": {"status": "DELIVERED"}, "sent_ts": 1758754347609, "arrival_ts": 1758754347684}
{"action": "recv", "src": "AS-N147", "dst": "AF-N183", "hlc": {"phys": 1758759570017, "cnt": 0, "node": "AS-N147"}, "package_id": "PKG59558", "payload": {"status": "CREATED"}, "sent_ts": 1758759558547, "arrival_ts": 1758759558719}
{"action": "recv", "src": "AS-N147", "dst": "AF-N183", "hlc": {"phys": 1758759570403, "cnt": 0, "node": "AS-N147"}, "package_id": "PKG59558", "payload": {"status": "SENT"}, "sent_ts": 1758759558933, "arrival_ts": 1758759559045}
{"action": "recv", "src": "AS-N147", "dst": "AF-N183", "hlc": {"phys": 1758759570714, "cnt": 0, "node": "AS-N147"}, "package_id": "PKG59558", "payload": {"status": "IN_TRANSIT"}, "sent_ts": 1758759559244, "arrival_ts": 1758759559326}
{"action": "recv", "src": "AS-N147", "dst": "AF-N183", "hlc": {"phys": 1758759571010, "cnt": 0, "node": "AS-N147"}, "package_id": "PKG59558", "payload": {"status": "RECEIVED"}, "sent_ts": 1758759559540, "arrival_ts": 1758759559623}
{"action": "recv", "src": "AS-N147", "dst": "AF-N183", "hlc": {"phys": 1758759571286, "cnt": 0, "node": "AS-N147"}, "package_id": "PKG59558", "payload": {"status": "DELIVERED"}, "sent_ts": 1758759559816, "arrival_ts": 1758759559926}
{"action": "recv", "src": "AU-N6", "dst": "AF-N183", "hlc": {"phys": 1758761850202, "cnt": 0, "node": "AU-N6"}, "package_id": "PKG61825", "payload": {"status": "CREATED"}, "sent_ts": 1758761825142, "arrival_ts": 1758761825203}
{"action": "recv", "src": "AU-N6", "dst": "AF-N183", "hlc": {"phys": 1758761850480, "cnt": 0, "node": "AU-N6"}, "package_id": "PKG61825", "payload": {"status": "SENT"}, "sent_ts": 1758761825420, "arrival_ts": 1758761825440}
{"action": "recv", "src": "AU-N6", "dst": "AF-N183", "hlc": {"phys": 1758761850714, "cnt": 0, "node": "AU-N6"}, "package_id": "PKG61825", "payload": {"status": "IN_TRANSIT"}, "sent_ts": 1758761825654, "arrival_ts": 1758761825768}
{"action": "recv", "src": "AU-N6", "dst": "AF-N183", "hlc": {"phys": 1758761851046, "cnt": 0, "node": "AU-N6"}, "package_id": "PKG61825", "payload": {"status": "RECEIVED"}, "sent_ts": 1758761825986, "arrival_ts": 1758761826031}
{"action": "recv", "src": "AU-N6", "dst": "AF-N183", "hlc": {"phys": 1758761851298, "cnt": 0, "node": "AU-N6"}, "package_id": "PKG61825", "payload": {"status": "DELIVERED"}, "sent_ts": 1758761826238, "arrival_ts": 1758761826407}
{"action": "recv", "src": "AF-N84", "dst": "AF-N183", "hlc": {"phys": 1758762987773, "cnt": 0, "node": "AF-N84"}, "package_id": "PKG62971", "payload": {"status": "CREATED"}, "sent_ts": 1758762971933, "arrival_ts": 1758762972098}
{"action": "recv", "src": "AF-N84", "dst": "AF-N183", "hlc": {"phys": 1758762988157, "cnt": 0, "node": "AF-N84"}, "package_id": "PKG62971", "payload": {"status": "SENT"}, "sent_ts": 1758762972317, "arrival_ts": 1758762972472}
{"action": "recv", "src": "AF-N84", "dst": "AF-N183", "hlc": {"phys": 1758762988528, "cnt": 0, "node": "AF-N84"}, "package_id": "PKG62971", "payload": {"status": "IN_TRANSIT"}, "sent_ts": 1758762972688, "arrival_ts": 1758762972874}
{"action": "recv", "src": "AF-N84", "dst": "AF-N183", "hlc": {"phys": 1758762988931, "cnt": 0, "node": "AF-N84"}, "package_id": "PKG62971", "payload": {"status": "RECEIVED"}, "sent_ts": 1758762973091, "arrival_ts": 1758762973258}
{"action": "recv", "src": "AF-N84", "dst": "AF-N183", "hlc": {"phys": 1758762989305, "cnt": 0, "node": "AF-N84"}, "package_id": "PKG62971", "payload": {"status": "DELIVERED"}, "sent_ts": 1758762973465, "arrival_ts": 1758762973663}
{"action": "send", "src": "AF-N183", "dst": "EU-N62", "hlc": {"phys": 1758763016135, "cnt": 0, "node": "AF-N183"}, "package_id": "PKG62999", "payload": {"status": "CREATED"}, "sent_ts": 1758762999305, "arrival_ts": 1758762999305}
{"action": "send", "src": "AF-N183", "dst": "EU-N62", "hlc": {"phys": 1758763016498, "cnt": 0, "node": "AF-N183"}, "package_id": "PKG62999", "payload": {"status": "SENT"}, "sent_ts": 1758762999668, "arrival_ts": 1758762999668}
{"action": "send", "src": "AF-N183", "dst": "EU-N62", "hlc": {"phys": 1758763016777, "cnt": 0, "node": "AF-N183"}, "package_id": "PKG62999", "payload": {"status": "IN_TRANSIT"}, "sent_ts": 1758762999947, "arrival_ts": 1758762999947}
{"action": "send", "src": "AF-N183", "dst": "EU-N62", "hlc": {"phys": 1758763017084, "cnt": 0, "node": "AF-N183"}, "package_id": "PKG62999", "payload": {"status": "RECEIVED"}, "sent_ts": 1758763000254, "arrival_ts": 1758763000254}
{"action": "send", "src": "AF-N183", "dst": "EU-N62", "hlc": {"phys": 1758763017417, "cnt": 0, "node": "AF-N183"}, "package_id": "PKG62999", "payload": {"status": "DELIVERED"}, "sent_ts": 1758763000587, "arrival_ts": 1758763000587}
{"action": "recv", "src": "AF-N47", "dst": "AF-N183", "hlc": {"phys": 1758764007635, "cnt": 0, "node": "AF-N47"}, "package_id": "PKG63992", "payload": {"status": "CREATED"}, "sent_ts": 1758763992165, "arrival_ts": 1758763992265}
{"action": "recv", "src": "AF-N47", "dst": "AF-N183", "hlc": {"phys": 1758764007947, "cnt": 0, "node": "AF-N47"}, "package_id": "PKG63992", "payload": {"status": "SENT"}, "sent_ts": 1758763992477, "arrival_ts": 1758763992580}
{"action": "recv", "src": "AF-N47", "dst": "AF-N183", "hlc": {"phys": 1758764008255, "cnt": 0, "node": "AF-N47"}, "package_id": "PKG63992", "payload": {"status": "IN_TRANSIT"}, "sent_ts": 1758763992785, "arrival_ts": 1758763992970}
{"action": "recv", "src": "AF-N47", "dst": "AF-N183", "hlc": {"phys": 1758764008642, "cnt": 0, "node": "AF-N47"}, "package_id": "PKG63992", "payload": {"status": "RECEIVED"}, "sent_ts": 1758763993172, "arrival_ts": 1758763993352}
{"action": "recv", "src": "AF-N47", "dst": "AF-N183", "hlc": {"phys": 1758764009029, "cnt": 0, "node": "AF-N47"}, "package_id": "PKG63992", "payload": {"status": "DELIVERED"}, "sent_ts": 1758763993559, "arrival_ts": 1758763993593}
{"action": "send", "src": "AF-N183", "dst": "EU-N3", "hlc": {"phys": 1758764526871, "cnt": 0, "node": "AF-N183"}, "package_id": "PKG64510", "payload": {"status": "CREATED"}, "sent_ts": 1758764510041, "arrival_ts": 1758764510041}
{"action": "send", "src": "AF-N183", "dst": "EU-N3", "hlc": {"phys": 1758764527196, "cnt": 0, "node": "AF-N183"}, "package_id": "PKG64510", "payload": {"status": "SENT"}, "sent_ts": 1758764510366, "arrival_ts": 1758764510366}
{"action": "send", "src": "AF-N183", "dst": "EU-N3", "hlc": {"phys": 1758764527556, "cnt": 0, "node": "AF-N183"}, "package_id": "PKG64510", "payload": {"status": "IN_TRANSIT"}, "sent_ts": 1758764510726, "arrival_ts": 1758764510726}
{"action": "send", "src": "AF-N183", "dst": "EU-N3", "hlc": {"phys": 1758764527806, "cnt": 0, "node": "AF-N183"}, "package_id": "PKG64510", "payload": {"status": "RECEIVED"}, "sent_ts": 1758764510976, "arrival_ts": 1758764510976}
{"action": "send", "src": "AF-N183", "dst": "EU-N3", "hlc": {"phys": 1758764528193, "cnt": 0, "node": "AF-N183"}, "package_id": "PKG64510", "payload": {"status": "DELIVERED"}, "sent_ts": 1758764511363, "arrival_ts": 1758764511363}
{"action": "recv", "src": "NA-N20", "dst": "AF-N183", "hlc": {"phys": 1758805366944, "cnt": 0, "node": "NA-N20"}, "package_id": "PKG5366", "payload": {"status": "CREATED"}, "sent_ts": 1758805366744, "arrival_ts": 1758805366926}
{"action": "recv", "src": "NA-N20", "dst": "AF-N183", "hlc": {"phys": 1758805367332, "cnt": 0, "node": "NA-N20"}, "package_id": "PKG5366", "payload": {"status": "SENT"}, "sent_ts": 1758805367132, "arrival_ts": 1758805367298}
{"action": "recv", "src": "NA-N20", "dst": "AF-N183", "hlc": {"phys": 1758805367707, "cnt": 0, "node": "NA-N20"}, "package_id": "PKG5366", "payload": {"status": "IN_TRANSIT"}, "sent_ts": 1758805367507, "arrival_ts": 1758805367577}
{"action": "recv", "src": "NA-N20", "dst": "AF-N183", "hlc": {"phys": 1758805367965, "cnt": 0, "node": "NA-N20"}, "package_id": "PKG5366", "payload": {"status": "RECEIVED"}, "sent_ts": 1758805367765, "arrival_ts": 1758805367805}
{"action": "recv", "src": "NA-N20", "dst": "AF-N183", "hlc": {"phys": 1758805368210, "cnt": 0, "node": "NA-N20"}, "package_id": "PKG5366", "payload": {"status": "DELIVERED"}, "sent_ts": 1758805368010, "arrival_ts": 1758805368110}
{"action": "recv", "src": "SA-N129", "dst": "AF-N183", "hlc": {"phys": 1758813171853, "cnt": 0, "node": "SA-N129"}, "package_id": "PKG13150", "payload": {"status": "CREATED"}, "sent_ts": 1758813150563, "arrival_ts": 1758813150689}
{"action": "recv", "src": "SA-N129", "dst": "AF-N183", "hlc": {"phys": 1758813172195, "cnt": 0, "node": "SA-N129"}, "package_id": "PKG13150", "payload": {"status": "SENT"}, "sent_ts": 1758813150905, "arrival_ts": 1758813150957}
{"action": "recv", "src": "SA-N129", "dst": "AF-N183", "hlc": {"phys": 1758813172459, "cnt": 0, "node": "SA-N129"}, "package_id": "PKG13150", "payload": {"status": "IN_TRANSIT"}, "sent_ts": 1758813151169, "arrival_ts": 1758813151324}
{"action": "recv", "src": "SA-N129", "dst": "AF-N183", "hlc": {"phys": 1758813172817, "cnt": 0, "node": "SA-N129"}, "package_id": "PKG13150", "payload": {"status": "RECEIVED"}, "sent_ts": 1758813151527, "arrival_ts": 1758813151672}
{"action": "recv", "src": "SA-N129", "dst": "AF-N183", "hlc": {"phys": 1758813173176, "cnt": 0, "node": "SA-N129"}, "package_id": "PKG13150", "payload": {"status": "DELIVERED"}, "sent_ts": 1758813151886, "arrival_ts": 1758813152072}
{"action": "recv", "src": "SA-N197", "dst": "AF-N183", "hlc": {"phys": 1758813306649, "cnt": 0, "node": "SA-N197"}, "package_id": "PKG13284", "payload": {"status": "CREATED"}, "sent_ts": 1758813284679, "arrival_ts": 1758813284754}
{"action": "recv", "src": "SA-N197", "dst": "AF-N183", "hlc": {"phys": 1758813306927, "cnt": 0, "node": "SA-N197"}, "package_id": "PKG13284", "payload": {"status": "SENT"}, "sent_ts": 1758813284957, "arrival_ts": 1758813285130}
{"action": "recv", "src": "SA-N197", "dst": "AF-N183", "hlc": {"phys": 1758813307299, "cnt": 0, "node": "SA-N197"}, "package_id": "PKG13284", "payload": {"status": "IN_TRANSIT"}, "sent_ts": 1758813285329, "arrival_ts": 1758813285392}
{"action": "recv", "src": "SA-N197", "dst": "AF-N183", "hlc": {"phys": 1758813307576, "cnt": 0, "node": "SA-N197"}, "package_id": "PKG13284", "payload": {"status": "RECEIVED"}, "sent_ts": 1758813285606, "arrival_ts": 1758813285631}
{"action": "recv", "src": "SA-N197", "dst": "AF-N183", "hlc": {"phys": 1758813307810, "cnt": 0, "node": "SA-N197"}, "package_id": "PKG13284", "payload": {"status": "DELIVERED"}, "sent_ts": 1758813285840, "arrival_ts": 1758813286017}
{"action": "recv", "src": "AF-N188", "dst": "AF-N183", "hlc": {"phys": 1758813997966, "cnt": 0, "node": "AF-N188"}, "package_id": "PKG13981", "payload": {"status": "CREATED"}, "sent_ts": 1758813981086, "arrival_ts": 1758813981201}
{"action": "recv", "src": "AF-N188", "dst": "AF-N183", "hlc": {"phys": 1758813998275, "cnt": 0, "node": "AF-N188"}, "package_id": "PKG13981", "payload": {"status": "SENT"}, "sent_ts": 1758813981395, "arrival_ts": 1758813981493}
{"action": "recv", "src": "AF-N188", "dst": "AF-N183", "hlc": {"phys": 1758813998571, "cnt": 0, "node": "AF-N188"}, "package_id": "PKG13981", "payload": {"status": "IN_TRANSIT"}, "sent_ts": 1758813981691, "arrival_ts": 1758813981771}
{"action": "recv", "src": "AF-N188", "dst": "AF-N183", "hlc": {"phys": 1758813998849, "cnt": 0, "node": "AF-N188"}, "package_id": "PKG13981", "payload": {"status": "RECEIVED"}, "sent_ts": 1758813981969, "arrival_ts": 1758813982056}
{"action": "recv", "src": "AF-N188", "dst": "AF-N183", "hlc": {"phys": 1758813999131, "cnt": 0, "node": "AF-N188"}, "package_id": "PKG13981", "payload": {"status": "DELIVERED"}, "sent_ts": 1758813982251, "arrival_ts": 1758813982383}
{"action": "recv", "src": "EU-N108", "dst": "AF-N183", "hlc": {"phys": 1758815325020, "cnt": 0, "node": "EU-N108"}, "package_id": "PKG15318", "payload": {"status": "CREATED"}, "sent_ts": 1758815318940, "arrival_ts": 1758815319083}
{"action": "recv", "src": "EU-N108", "dst": "AF-N183", "hlc": {"phys": 1758815325373, "cnt": 0, "node": "EU-N108"}, "package_id": "PKG15318", "payload": {"status": "SENT"}, "sent_ts": 1758815319293, "arrival_ts": 1758815319385}
{"action": "recv", "src": "EU-N108", "dst": "AF-N183", "hlc": {"phys": 1758815325668, "cnt": 0, "node": "EU-N108"}, "package_id": "PKG15318", "payload": {"status": "IN_TRANSIT"}, "sent_ts": 1758815319588, "arrival_ts": 1758815319651}
{"action": "recv", "src": "EU-N108", "dst": "AF-N183", "hlc": {"phys": 1758815325930, "cnt": 0, "node": "EU-N108"}, "package_id": "PKG15318", "payload": {"status": "RECEIVED"}, "sent_ts": 1758815319850, "arrival_ts": 1758815320022}
{"action": "recv", "src": "EU-N108", "dst": "AF-N183", "hlc": {"phys": 1758815326303, "cnt": 0, "node": "EU-N108"}, "package_id": "PKG15318", "payload": {"status": "DELIVERED"}, "sent_ts": 1758815320223, "arrival_ts": 1758815320424}
