{"action": "recv", "src": "NA-N51", "dst": "AF-N46", "hlc": {"phys": 1758713340411, "cnt": 0, "node": "NA-N51"}, "package_id": "PKG13339", "payload": {"status": "CREATED"}, "sent_ts": 1758713339901, "arrival_ts": 1758713340061}
{"action": "recv", "src": "NA-N51", "dst": "AF-N46", "hlc": {"phys": 1758713340769, "cnt": 0, "node": "NA-N51"}, "package_id": "PKG13339", "payload": {"status": "SENT"}, "sent_ts": 1758713340259, "arrival_ts": 1758713340411}
{"action": "recv", "src": "NA-N51", "dst": "AF-N46", "hlc": {"phys": 1758713341120, "cnt": 0, "node": "NA-N51"}, "package_id": "PKG13339", "payload": {"status": "IN_TRANSIT"}, "sent_ts": 1758713340610, "arrival_ts": 1758713340624}
{"action": "recv", "src": "NA-N51", "dst": "AF-N46", "hlc": {"phys": 1758713341341, "cnt": 0, "node": "NA-N51"}, "package_id": "PKG13339", "payload": {"status": "RECEIVED"}, "sent_ts": 1758713340831, "arrival_ts": 1758713340891}
{"action": "recv", "src": "NA-N51", "dst": "AF-N46", "hlc": {"phys": 1758713341611, "cnt": 0, "node": "NA-N51"}, "package_id": "PKG13339", "payload": {"status": "DELIVERED"}, "sent_ts": 1758713341101, "arrival_ts": 1758713341187}
{"action": "recv", "src": "SA-N168", "dst": "AF-N46", "hlc": {"phys": 1758716802722, "cnt": 0, "node": "SA-N168"}, "package_id": "PKG16781", "payload": {"status": "CREATED"}, "sent_ts": 1758716781042, "arrival_ts": 1758716781116}
{"action": "recv", "src": "SA-N168", "dst": "AF-N46", "hlc": {"phys": 1758716803006, "cnt": 0, "node": "SA-N168"}, "package_id": "PKG16781", "payload": {"status": "SENT"}, "sent_ts": 1758716781326, "arrival_ts": 1758716781519}
{"action": "recv", "src": "SA-N168", "dst": "AF-N46", "hlc": {"phys": 1758716803415, "cnt": 0, "node": "SA-N168"}, "package_id": "PKG16781", "payload": {"status": "IN_TRANSIT"}, "sent_ts": 1758716781735, "arrival_ts": 1758716781885}
{"action": "recv", "src": "SA-N168", "dst": "AF-N46", "hlc": {"phys": 1758716803768, "cnt": 0, "node": "SA-N168"}, "package_id": "PKG16781", "payload": {"status": "RECEIVED"}, "sent_ts": 1758716782088, "arrival_ts": 1758716782118}
{"action": "recv", "src": "SA-N168", "dst": "AF-N46", "hlc": {"phys": 1758716804006, "cnt": 0, "node": "SA-N168"}, "package_id": "PKG16781", "payload": {"status": "DELIVERED"}, "sent_ts": 1758716782326, "arrival_ts": 1758716782369}
{"action": "send", "src": "AF-N46", "dst": "EU-N130", "hlc": {"phys": 1758718399632, "cnt": 0, "node": "AF-N46"}, "package_id": "PKG18384", "payload": {"status": "CREATED"}, "sent_ts": 1758718384172, "arrival_ts": 1758718384172}
{"action": "send", "src": "AF-N46", "dst": "EU-N130", "hlc": {"phys": 1758718400031, "cnt": 0, "node": "AF-N46"}, "package_id": "PKG18384", "payload": {"status": "SENT"}, "sent_ts": 1758718384571, "arrival_ts": 1758718384571}
{"action": "send", "src": "AF-N46", "dst": "EU-N130", "hlc": {"phys": 1758718400309, "cnt": 0, "node": "AF-N46"}, "package_id": "PKG18384", "payload": {"status": "IN_TRANSIT"}, "sent_ts": 1758718384849, "arrival_ts": 1758718384849}
{"action": "send", "src": "AF-N46", "dst": "EU-N130", "hlc": {"phys": 1758718400532, "cnt": 0, "node": "AF-N46"}, "package_id": "PKG18384", "payload": {"status": "RECEIVED"}, "sent_ts": 1758718385072, "arrival_ts": 1758718385072}
{"action": "send", "src": "AF-N46", "dst": "EU-N130", "hlc": {"phys": 1758718400828, "cnt": 0, "node": "AF-N46"}, "package_id": "PKG18384", "payload": {"status": "DELIVERED"}, "sent_ts": 1758718385368, "arrival_ts": 1758718385368}
{"action": "recv", "src": "SA-N86", "dst": "AF-N46", "hlc": {"phys": 1758737840490, "cnt": 0, "node": "SA-N86"}, "package_id": "PKG37819", "payload": {"status": "CREATED"}, "sent_ts": 1758737819630, "arrival_ts": 1758737819649}
{"action": "recv", "src": "SA-N86", "dst": "AF-N46", "hlc": {"phys": 1758737840712, "cnt": 0, "node": "SA-N86"}, "package_id": "PKG37819", "payload": {"status": "SENT"}, "sent_ts": 1758737819852, "arrival_ts": 1758737819938}
{"action": "recv", "src": "SA-N86", "dst": "AF-N46", "hlc": {"phys": 1758737841032, "cnt": 0, "node": "SA-N86"}, "package_id": "PKG37819", "payload": {"status": "IN_TRANSIT"}, "sent_ts": 1758737820172, "arrival_ts": 1758737820310}
{"action": "recv", "src": "SA-N86", "dst": "AF-N46", "hlc": {"phys": 1758737841387, "cnt": 0, "node": "SA-N86"}, "package_id": "PKG37819", "payload": {"status": "RECEIVED"}, "sent_ts": 1758737820527, "arrival_ts": 1758737820578}
{"action": "recv", "src": "SA-N86", "dst": "AF-N46", "hlc": {"phys": 1758737841652, "cnt": 0, "node": "SA-N86"}, "package_id": "PKG37819", "payload": {"status": "DELIVERED"}, "sent_ts": 1758737820792, "arrival_ts": 1758737820834}
{"action": "send", "src": "AF-N46", "dst": "EU-N58", "hlc": {"phys": 1758739368514, "cnt": 0, "node": "AF-N46"}, "package_id": "PKG39353", "payload": {"status": "CREATED"}, "sent_ts": 1758739353054, "arrival_ts": 1758739353055}
{"action": "send", "src": "AF-N46", "dst": "EU-N58", "hlc": {"phys": 1758739368902, "cnt": 0, "node": "AF-N46"}, "package_id": "PKG39353", "payload": {"status": "SENT"}, "sent_ts": 1758739353442, "arrival_ts": 1758739353442}
{"action": "send", "src": "AF-N46", "dst": "EU-N58", "hlc": {"phys": 1758739369166, "cnt": 0, "node": "AF-N46"}, "package_id": "PKG39353", "payload": {"status": "IN_TRANSIT"}, "sent_ts": 1758739353706, "arrival_ts": 1758739353706}
{"action": "send", "src": "AF-N46", "dst": "EU-N58", "hlc": {"phys": 1758739369417, "cnt": 0, "node": "AF-N46"}, "package_id": "PKG39353", "payload": {"status": "RECEIVED"}, "sent_ts": 1758739353957, "arrival_ts": 1758739353957}
{"action": "send", "src": "AF-N46", "dst": "EU-N58", "hlc": {"phys": 1758739369822, "cnt": 0, "node": "AF-N46"}, "package_id": "PKG39353", "payload": {"status": "DELIVERED"}, "sent_ts": 1758739354362, "arrival_ts": 1758739354362}
{"action": "recv", "src": "EU-N48", "dst": "AF-N46", "hlc": {"phys": 1758742298488, "cnt": 0, "node": "EU-N48"}, "package_id": "PKG42293", "payload": {"status": "CREATED"}, "sent_ts": 1758742293008, "arrival_ts": 1758742293069}
{"action": "recv", "src": "EU-N48", "dst": "AF-N46", "hlc": {"phys": 1758742298771, "cnt": 0, "node": "EU-N48"}, "package_id": "PKG42293", "payload": {"status": "SENT"}, "sent_ts": 1758742293291, "arrival_ts": 1758742293413}
{"action": "recv", "src": "EU-N48", "dst": "AF-N46", "hlc": {"phys": 1758742299100, "cnt": 0, "node": "EU-N48"}, "package_id": "PKG42293", "payload": {"status": "IN_TRANSIT"}, "sent_ts": 1758742293620, "arrival_ts": 1758742293708}
{"action": "recv", "src": "EU-N48", "dst": "AF-N46", "hlc": {"phys": 1758742299402, "cnt": 0, "node": "EU-N48"}, "package_id": "PKG42293", "payload": {"status": "RECEIVED"}, "sent_ts": 1758742293922, "arrival_ts": 1758742294102}
{"action": "recv", "src": "EU-N48", "dst": "AF-N46", "hlc": {"phys": 1758742299787, "cnt": 0, "node": "EU-N48"}, "package_id": "PKG42293", "payload": {"status": "DELIVERED"}, "sent_ts": 1758742294307, "arrival_ts": 1758742294358}
{"action": "send", "src": "AF-N46", "dst": "AF-N160", "hlc": {"phys": 1758742500346, "cnt": 0, "node": "AF-N46"}, "package_id": "PKG42484", "payload": {"status": "CREATED"}, "sent_ts": 1758742484886, "arrival_ts": 1758742484886}
{"action": "send", "src": "AF-N46", "dst": "AF-N160", "hlc": {"phys": 1758742500748, "cnt": 0, "node": "AF-N46"}, "package_id": "PKG42484", "payload": {"status": "SENT"}, "sent_ts": 1758742485288, "arrival_ts": 1758742485288}
{"action": "send", "src": "AF-N46", "dst": "AF-N160", "hlc": {"phys": 1758742501011, "cnt": 0, "node": "AF-N46"}, "package_id": "PKG42484", "payload": {"status": "IN_TRANSIT"}, "sent_ts": 1758742485551, "arrival_ts": 1758742485551}
{"action": "send", "src": "AF-N46", "dst": "AF-N160", "hlc": {"phys": 1758742501304, "cnt": 0, "node": "AF-N46"}, "package_id": "PKG42484", "payload": {"status": "RECEIVED"}, "sent_ts": 1758742485844, "arrival_ts": 1758742485844}
{"action": "send", "src": "AF-N46", "dst": "AF-N160", "hlc": {"phys": 1758742501706, "cnt": 0, "node": "AF-N46"}, "package_id": "PKG42484", "payload": {"status": "DELIVERED"}, "sent_ts": 1758742486246, "arrival_ts": 1758742486246}
{"action": "send", "src": "AF-N46", "dst": "AU-N30", "hlc": {"phys": 1758744427914, "cnt": 0, "node": "AF-N46"}, "package_id": "PKG44412", "payload": {"status": "CREATED"}, "sent_ts": 1758744412454, "arrival_ts": 1758744412454}
{"action": "send", "src": "AF-N46", "dst": "AU-N30", "hlc": {"phys": 1758744428315, "cnt": 0, "node": "AF-N46"}, "package_id": "PKG44412", "payload": {"status": "SENT"}, "sent_ts": 1758744412855, "arrival_ts": 1758744412855}
{"action": "send", "src": "AF-N46", "dst": "AU-N30", "hlc": {"phys": 1758744428593, "cnt": 0, "node": "AF-N46"}, "package_id": "PKG44412", "payload": {"status": "IN_TRANSIT"}, "sent_ts": 1758744413133, "arrival_ts": 1758744413133}
{"action": "send", "src": "AF-N46", "dst": "AU-N30", "hlc": {"phys": 1758744428933, "cnt": 0, "node": "AF-N46"}, "package_id": "PKG44412", "payload": {"status": "RECEIVED"}, "sent_ts": 1758744413473, "arrival_ts": 1758744413473}
{"action": "send", "src": "AF-N46", "dst": "AU-N30", "hlc": {"phys": 1758744429210, "cnt": 0, "node": "AF-N46"}, "package_id": "PKG44412", "payload": {"status": "DELIVERED"}, "sent_ts": 1758744413750, "arrival_ts": 1758744413750}
{"action": "send", "src": "AF-N46", "dst": "AN-N42", "hlc": {"phys": 1758746328193, "cnt": 0, "node": "AF-N46"}, "package_id": "PKG46312", "payload": {"status": "CREATED"}, "sent_ts": 1758746312733, "arrival_ts": 1758746312733}
{"action": "send", "src": "AF-N46", "dst": "AN-N42", "hlc": {"phys": 1758746328474, "cnt": 0, "node": "AF-N46"}, "package_id": "PKG46312", "payload": {"status": "SENT"}, "sent_ts": 1758746313014, "arrival_ts": 1758746313014}
{"action": "send", "src": "AF-N46", "dst": "AN-N42", "hlc": {"phys": 1758746328813, "cnt": 0, "node": "AF-N46"}, "package_id": "PKG46312", "payload": {"status": "IN_TRANSIT"}, "sent_ts": 1758746313353, "arrival_ts": 1758746313353}
{"action": "send", "src": "AF-N46", "dst": "AN-N42", "hlc": {"phys": 1758746329153, "cnt": 0, "node": "AF-N46"}, "package_id": "PKG46312", "payload": {"status": "RECEIVED"}, "sent_ts": 1758746313693, "arrival_ts": 1758746313693}
{"action": "send", "src": "AF-N46", "dst": "AN-N42", "hlc": {"phys": 1758746329496, "cnt": 0, "node": "AF-N46"}, "package_id": "PKG46312", "payload": {"status": "DELIVERED"}, "sent_ts": 1758746314036, "arrival_ts": 1758746314036}
{"action": "recv", "src": "NA-N144", "dst": "AF-N46", "hlc": {"phys": 1758746589477, "cnt": 0, "node": "NA-N144"}, "package_id": "PKG46588", "payload": {"status": "CREATED"}, "sent_ts": 1758746588037, "arrival_ts": 1758746588155}
{"action": "recv", "src": "NA-N144", "dst": "AF-N46", "hlc": {"phys": 1758746589801, "cnt": 0, "node": "NA-N144"}, "package_id": "PKG46588", "payload": {"status": "SENT"}, "sent_ts": 1758746588361, "arrival_ts": 1758746588385}
{"action": "recv", "src": "NA-N144", "dst": "AF-N46", "hlc": {"phys": 1758746590060, "cnt": 0, "node": "NA-N144"}, "package_id": "PKG46588", "payload": {"status": "IN_TRANSIT"}, "sent_ts": 1758746588620, "arrival_ts": 1758746588753}
{"action": "recv", "src": "NA-N144", "dst": "AF-N46", "hlc": {"phys": 1758746590405, "cnt": 0, "node": "NA-N144"}, "package_id": "PKG46588", "payload": {"status": "RECEIVED"}, "sent_ts": 1758746588965, "arrival_ts": 1758746589133}
{"action": "recv", "src": "NA-N144", "dst": "AF-N46", "hlc": {"phys": 1758746590776, "cnt": 0, "node": "NA-N144"}, "package_id": "PKG46588", "payload": {"status": "DELIVERED"}, "sent_ts": 1758746589336, "arrival_ts": 1758746589362}
{"action": "send", "src": "AF-N46", "dst": "AS-N16", "hlc": {"phys": 1758753733802, "cnt": 0, "node": "AF-N46"}, "package_id": "PKG53718", "payload": {"status": "CREATED"}, "sent_ts": 1758753718342, "arrival_ts": 1758753718342}
{"action": "send", "src": "AF-N46", "dst": "AS-N16", "hlc": {"phys": 1758753734063, "cnt": 0, "node": "AF-N46"}, "package_id": "PKG53718", "payload": {"status": "SENT"}, "sent_ts": 1758753718603, "arrival_ts": 1758753718603}
{"action": "send", "src": "AF-N46", "dst": "AS-N16", "hlc": {"phys": 1758753734305, "cnt": 0, "node": "AF-N46"}, "package_id": "PKG53718", "payload": {"status": "IN_TRANSIT"}, "sent_ts": 1758753718845, "arrival_ts": 1758753718845}
{"action": "send", "src": "AF-N46", "dst": "AS-N16", "hlc": {"phys": 1758753734564, "cnt": 0, "node": "AF-N46"}, "package_id": "PKG53718", "payload": {"status": "RECEIVED"}, "sent_ts": 1758753719104, "arrival_ts": 1758753719104}
{"action": "send", "src": "AF-N46", "dst": "AS-N16", "hlc": {"phys": 1758753734912, "cnt": 0, "node": "AF-N46"}, "package_id": "PKG53718", "payload": {"status": "DELIVERED"}, "sent_ts": 1758753719452, "arrival_ts": 1758753719452}
{"action": "send", "src": "AF-N46", "dst": "AU-N133", "hlc": {"phys": 1758753862079, "cnt": 0, "node": "AF-N46"}, "package_id": "PKG53846", "payload": {"status": "CREATED"}, "sent_ts": 1758753846619, "arrival_ts": 1758753846619}
{"action": "send", "src": "AF-N46", "dst": "AU-N133", "hlc": {"phys": 1758753862402, "cnt": 0, "node": "AF-N46"}, "package_id": "PKG53846", "payload": {"status": "SENT"}, "sent_ts": 1758753846942, "arrival_ts": 1758753846942}
{"action": "send", "src": "AF-N46", "dst": "AU-N133", "hlc": {"phys": 1758753862665, "cnt": 0, "node": "AF-N46"}, "package_id": "PKG53846", "payload": {"status": "IN_TRANSIT"}, "sent_ts": 1758753847205, "arrival_ts": 1758753847205}
{"action": "send", "src": "AF-N46", "dst": "AU-N133", "hlc": {"phys": 1758753862889, "cnt": 0, "node": "AF-N46"}, "package_id": "PKG53846", "payload": {"status": "RECEIVED"}, "sent_ts": 1758753847429, "arrival_ts": 1758753847429}
{"action": "send", "src": "AF-N46", "dst": "AU-N133", "hlc": {"phys": 1758753863281, "cnt": 0, "node": "AF-N46"}, "package_id": "PKG53846", "payload": {"status": "DELIVERED"}, "sent_ts": 1758753847821, "arrival_ts": 1758753847821}
{"action": "send", "src": "AF-N46", "dst": "EU-N115", "hlc": {"phys": 1758754774362, "cnt": 0, "node": "AF-N46"}, "package_id": "PKG54758", "payload": {"status": "CREATED"}, "sent_ts": 1758754758902, "arrival_ts": 1758754758902}
{"action": "send", "src": "AF-N46", "dst": "EU-N115", "hlc": {"phys": 1758754774581, "cnt": 0, "node": "AF-N46"}, "package_id": "PKG54758", "payload": {"status": "SENT"}, "sent_ts": 1758754759121, "arrival_ts": 1758754759121}
{"action": "send", "src": "AF-N46", "dst": "EU-N115", "hlc": {"phys": 1758754774852, "cnt": 0, "node": "AF-N46"}, "package_id": "PKG54758", "payload": {"status": "IN_TRANSIT"}, "sent_ts": 1758754759392, "arrival_ts": 1758754759392}
{"action": "send", "src": "AF-N46", "dst": "EU-N115", "hlc": {"phys": 1758754775236, "cnt": 0, "node": "AF-N46"}, "package_id": "PKG54758", "payload": {"status": "RECEIVED"}, "sent_ts": 1758754759776, "arrival_ts": 1758754759776}
{"action": "send", "src": "AF-N46", "dst": "EU-N115", "hlc": {"phys": 1758754775609, "cnt": 0, "node": "AF-N46"}, "package_id": "PKG54758", "payload": {"status": "DELIVERED"}, "sent_ts": 1758754760149, "arrival_ts": 1758754760149}
{"action": "send", "src": "AF-N46", "dst": "AU-N75", "hlc": {"phys": 1758758616843, "cnt": 0, "node": "AF-N46"}, "package_id": "PKG58601", "payload": {"status": "CREATED"}, "sent_ts": 1758758601383, "arrival_ts": 1758758601383}
{"action": "send", "src": "AF-N46", "dst": "AU-N75", "hlc": {"phys": 1758758617184, "cnt": 0, "node": "AF-N46"}, "package_id": "PKG58601", "payload": {"status": "SENT"}, "sent_ts": 1758758601724, "arrival_ts": 1758758601724}
{"action": "send", "src": "AF-N46", "dst": "AU-N75", "hlc": {"phys": 1758758617540, "cnt": 0, "node": "AF-N46"}, "package_id": "PKG58601", "payload": {"status": "IN_TRANSIT"}, "sent_ts": 1758758602080, "arrival_ts": 1758758602080}
{"action": "send", "src": "AF-N46", "dst": "AU-N75", "hlc": {"phys": 1758758617803, "cnt": 0, "node": "AF-N46"}, "package_id": "PKG58601", "payload": {"status": "RECEIVED"}, "sent_ts": 1758758602343, "arrival_ts": 1758758602343}
{"action": "send", "src": "AF-N46", "dst": "AU-N75", "hlc": {"phys": 1758758618082, "cnt": 0, "node": "AF-N46"}, "package_id": "PKG58601", "payload": {"status": "DELIVERED"}, "sent_ts": 1758758602622, "arrival_ts": 1758758602622}
{"action": "send", "src": "AF-N46", "dst": "EU-N76", "hlc": {"phys": 1758758705157, "cnt": 0, "node": "AF-N46"}, "package_id": "PKG58689", "payload": {"status": "CREATED"}, "sent_ts": 1758758689697, "arrival_ts": 1758758689697}
{"action": "send", "src": "AF-N46", "dst": "EU-N76", "hlc": {"phys": 1758758705426, "cnt": 0, "node": "AF-N46"}, "package_id": "PKG58689", "payload": {"status": "SENT"}, "sent_ts": 1758758689966, "arrival_ts": 1758758689966}
{"action": "send", "src": "AF-N46", "dst": "EU-N76", "hlc": {"phys": 1758758705822, "cnt": 0, "node": "AF-N46"}, "package_id": "PKG58689", "payload": {"status": "IN_TRANSIT"}, "sent_ts": 1758758690362, "arrival_ts": 1758758690362}
{"action": "send", "src": "AF-N46", "dst": "EU-N76", "hlc": {"phys": 1758758706175, "cnt": 0, "node": "AF-N46"}, "package_id": "PKG58689", "payload": {"status": "RECEIVED"}, "sent_ts": 1758758690714, "arrival_ts": 1758758690715}
{"action": "send", "src": "AF-N46", "dst": "EU-N76", "hlc": {"phys": 1758758706397, "cnt": 0, "node": "AF-N46"}, "package_id": "PKG58689", "payload": {"status": "DELIVERED"}, "sent_ts": 1758758690937, "arrival_ts": 1758758690937}
{"action": "send", "src": "AF-N46", "dst": "AU-N192", "hlc": {"phys": 1758760069230, "cnt": 0, "node": "AF-N46"}, "package_id": "PKG60053", "payload": {"status": "CREATED"}, "sent_ts": 1758760053770, "arrival_ts": 1758760053770}
{"action": "send", "src": "AF-N46", "dst": "AU-N192", "hlc": {"phys": 1758760069633, "cnt": 0, "node": "AF-N46"}, "package_id": "PKG60053", "payload": {"status": "SENT"}, "sent_ts": 1758760054173, "arrival_ts": 1758760054173}
{"action": "send", "src": "AF-N46", "dst": "AU-N192", "hlc": {"phys": 1758760069897, "cnt": 0, "node": "AF-N46"}, "package_id": "PKG60053", "payload": {"status": "IN_TRANSIT"}, "sent_ts": 1758760054437, "arrival_ts": 1758760054437}
{"action": "send", "src": "AF-N46", "dst": "AU-N192", "hlc": {"phys": 1758760070176, "cnt": 0, "node": "AF-N46"}, "package_id": "PKG60053", "payload": {"status": "RECEIVED"}, "sent_ts": 1758760054716, "arrival_ts": 1758760054716}
{"action": "send", "src": "AF-N46", "dst": "AU-N192", "hlc": {"phys": 1758760070498, "cnt": 0, "node": "AF-N46"}, "package_id": "PKG60053", "payload": {"status": "DELIVERED"}, "sent_ts": 1758760055038, "arrival_ts": 1758760055038}
{"action": "recv", "src": "EU-N19", "dst": "AF-N46", "hlc": {"phys": 1758760728881, "cnt": 0, "node": "EU-N19"}, "package_id": "PKG60723", "payload": {"status": "CREATED"}, "sent_ts": 1758760723691, "arrival_ts": 1758760723857}
{"action": "recv", "src": "EU-N19", "dst": "AF-N46", "hlc": {"phys": 1758760729252, "cnt": 0, "node": "EU-N19"}, "package_id": "PKG60723", "payload": {"status": "SENT"}, "sent_ts": 1758760724062, "arrival_ts": 1758760724212}
{"action": "recv", "src": "EU-N19", "dst": "AF-N46", "hlc": {"phys": 1758760729607, "cnt": 0, "node": "EU-N19"}, "package_id": "PKG60723", "payload": {"status": "IN_TRANSIT"}, "sent_ts": 1758760724417, "arrival_ts": 1758760724448}
{"action": "recv", "src": "EU-N19", "dst": "AF-N46", "hlc": {"phys": 1758760729838, "cnt": 0, "node": "EU-N19"}, "package_id": "PKG60723", "payload": {"status": "RECEIVED"}, "sent_ts": 1758760724648, "arrival_ts": 1758760724806}
{"action": "recv", "src": "EU-N19", "dst": "AF-N46", "hlc": {"phys": 1758760730194, "cnt": 0, "node": "EU-N19"}, "package_id": "PKG60723", "payload": {"status": "DELIVERED"}, "sent_ts": 1758760725004, "arrival_ts": 1758760725154}
{"action": "recv", "src": "EU-N15", "dst": "AF-N46", "hlc": {"phys": 1758760843105, "cnt": 0, "node": "EU-N15"}, "package_id": "PKG60837", "payload": {"status": "CREATED"}, "sent_ts": 1758760837955, "arrival_ts": 1758760837988}
{"action": "recv", "src": "EU-N15", "dst": "AF-N46", "hlc": {"phys": 1758760843337, "cnt": 0, "node": "EU-N15"}, "package_id": "PKG60837", "payload": {"status": "SENT"}, "sent_ts": 1758760838187, "arrival_ts": 1758760838296}
{"action": "recv", "src": "EU-N15", "dst": "AF-N46", "hlc": {"phys": 1758760843662, "cnt": 0, "node": "EU-N15"}, "package_id": "PKG60837", "payload": {"status": "IN_TRANSIT"}, "sent_ts": 1758760838512, "arrival_ts": 1758760838526}
{"action": "recv", "src": "EU-N15", "dst": "AF-N46", "hlc": {"phys": 1758760843879, "cnt": 0, "node": "EU-N15"}, "package_id": "PKG60837", "payload": {"status": "RECEIVED"}, "sent_ts": 1758760838729, "arrival_ts": 1758760838755}
{"action": "recv", "src": "EU-N15", "dst": "AF-N46", "hlc": {"phys": 1758760844097, "cnt": 0, "node": "EU-N15"}, "package_id": "PKG60837", "payload": {"status": "DELIVERED"}, "sent_ts": 1758760838947, "arrival_ts": 1758760838983}
{"action": "recv", "src": "AN-N192", "dst": "AF-N46", "hlc": {"phys": 1758762159263, "cnt": 0, "node": "AN-N192"}, "package_id": "PKG62127", "payload": {"status": "CREATED"}, "sent_ts": 1758762127343, "arrival_ts": 1758762127448}
{"action": "recv", "src": "AN-N192", "dst": "AF-N46", "hlc": {"phys": 1758762159581, "cnt": 0, "node": "AN-N192"}, "package_id": "PKG62127", "payload": {"status": "SENT"}, "sent_ts": 1758762127661, "arrival_ts": 1758762127819}
{"action": "recv", "src": "AN-N192", "dst": "AF-N46", "hlc": {"phys": 1758762159947, "cnt": 0, "node": "AN-N192"}, "package_id": "PKG62127", "payload": {"status": "IN_TRANSIT"}, "sent_ts": 1758762128027, "arrival_ts": 1758762128125}
{"action": "recv", "src": "AN-N192", "dst": "AF-N46", "hlc": {"phys": 1758762160255, "cnt": 0, "node": "AN-N192"}, "package_id": "PKG62127", "payload": {"status": "RECEIVED"}, "sent_ts": 1758762128335, "arrival_ts": 1758762128475}
{"action": "recv", "src": "AN-N192", "dst": "AF-N46", "hlc": {"phys": 1758762160605, "cnt": 0, "node": "AN-N192"}, "package_id": "PKG62127", "payload": {"status": "DELIVERED"}, "sent_ts": 1758762128685, "arrival_ts": 1758762128872}
{"action": "send", "src": "AF-N46", "dst": "EU-N64", "hlc": {"phys": 1758800750824, "cnt": 0, "node": "AF-N46"}, "package_id": "PKG735", "payload": {"status": "CREATED"}, "sent_ts": 1758800735364, "arrival_ts": 1758800735364}
{"action": "send", "src": "AF-N46", "dst": "EU-N64", "hlc": {"phys": 1758800751034, "cnt": 0, "node": "AF-N46"}, "package_id": "PKG735", "payload": {"status": "SENT"}, "sent_ts": 1758800735574, "arrival_ts": 1758800735574}
{"action": "send", "src": "AF-N46", "dst": "EU-N64", "hlc": {"phys": 1758800751422, "cnt": 0, "node": "AF-N46"}, "package_id": "PKG735", "payload": {"status": "IN_TRANSIT"}, "sent_ts": 1758800735962, "arrival_ts": 1758800735962}
{"action": "send", "src": "AF-N46", "dst": "EU-N64", "hlc": {"phys": 1758800751730, "cnt": 0, "node": "AF-N46"}, "package_id": "PKG735", "payload": {"status": "RECEIVED"}, "sent_ts": 1758800736270, "arrival_ts": 1758800736270}
{"action": "send", "src": "AF-N46", "dst": "EU-N64", "hlc": {"phys": 1758800752049, "cnt": 0, "node": "AF-N46"}, "package_id": "PKG735", "payload": {"status": "DELIVERED"}, "sent_ts": 1758800736589, "arrival_ts": 1758800736589}
{"action": "recv", "src": "EU-N2", "dst": "AF-N46", "hlc": {"phys": 1758804284223, "cnt": 0, "node": "EU-N2"}, "package_id": "PKG4279", "payload": {"status": "CREATED"}, "sent_ts": 1758804279202, "arrival_ts": 1758804279379}
{"action": "recv", "src": "EU-N2", "dst": "AF-N46", "hlc": {"phys": 1758804284607, "cnt": 0, "node": "EU-N2"}, "package_id": "PKG4279", "payload": {"status": "SENT"}, "sent_ts": 1758804279587, "arrival_ts": 1758804279777}
{"action": "recv", "src": "EU-N2", "dst": "AF-N46", "hlc": {"phys": 1758804285001, "cnt": 0, "node": "EU-N2"}, "package_id": "PKG4279", "payload": {"status": "IN_TRANSIT"}, "sent_ts": 1758804279981, "arrival_ts": 1758804280155}
{"action": "recv", "src": "EU-N2", "dst": "AF-N46", "hlc": {"phys": 1758804285376, "cnt": 0, "node": "EU-N2"}, "package_id": "PKG4279", "payload": {"status": "RECEIVED"}, "sent_ts": 1758804280356, "arrival_ts": 1758804280497}
{"action": "recv", "src": "EU-N2", "dst": "AF-N46", "hlc": {"phys": 1758804285731, "cnt": 0, "node": "EU-N2"}, "package_id": "PKG4279", "payload": {"status": "DELIVERED"}, "sent_ts": 1758804280711, "arrival_ts": 1758804280818}
{"action": "send", "src": "AF-N46", "dst": "AU-N99", "hlc": {"phys": 1758813078329, "cnt": 0, "node": "AF-N46"}, "package_id": "PKG13062", "payload": {"status": "CREATED"}, "sent_ts": 1758813062869, "arrival_ts": 1758813062869}
{"action": "send", "src": "AF-N46", "dst": "AU-N99", "hlc": {"phys": 1758813078594, "cnt": 0, "node": "AF-N46"}, "package_id": "PKG13062", "payload": {"status": "SENT"}, "sent_ts": 1758813063134, "arrival_ts": 1758813063134}
{"action": "send", "src": "AF-N46", "dst": "AU-N99", "hlc": {"phys": 1758813078997, "cnt": 0, "node": "AF-N46"}, "package_id": "PKG13062", "payload": {"status": "IN_TRANSIT"}, "sent_ts": 1758813063537, "arrival_ts": 1758813063537}
{"action": "send", "src": "AF-N46", "dst": "AU-N99", "hlc": {"phys": 1758813079245, "cnt": 0, "node": "AF-N46"}, "package_id": "PKG13062", "payload": {"status": "RECEIVED"}, "sent_ts": 1758813063785, "arrival_ts": 1758813063785}
{"action": "send", "src": "AF-N46", "dst": "AU-N99", "hlc": {"phys": 1758813079572, "cnt": 0, "node": "AF-N46"}, "package_id": "PKG13062", "payload": {"status": "DELIVERED"}, "sent_ts": 1758813064112, "arrival_ts": 1758813064112}
{"action": "recv", "src": "AN-N63", "dst": "AF-N46", "hlc": {"phys": 1758816722609, "cnt": 0, "node": "AN-N63"}, "package_id": "PKG16691", "payload": {"status": "CREATED"}, "sent_ts": 1758816691979, "arrival_ts": 1758816692064}
{"action": "recv", "src": "AN-N63", "dst": "AF-N46", "hlc": {"phys": 1758816722906, "cnt": 0, "node": "AN-N63"}, "package_id": "PKG16691", "payload": {"status": "SENT"}, "sent_ts": 1758816692276, "arrival_ts": 1758816692307}
{"action": "recv", "src": "AN-N63", "dst": "AF-N46", "hlc": {"phys": 1758816723123, "cnt": 0, "node": "AN-N63"}, "package_id": "PKG16691", "payload": {"status": "IN_TRANSIT"}, "sent_ts": 1758816692493, "arrival_ts": 1758816692618}
{"action": "recv", "src": "AN-N63", "dst": "AF-N46", "hlc": {"phys": 1758816723448, "cnt": 0, "node": "AN-N63"}, "package_id": "PKG16691", "payload": {"status": "RECEIVED"}, "sent_ts": 1758816692818, "arrival_ts": 1758816692883}
{"action": "recv", "src": "AN-N63", "dst": "AF-N46", "hlc": {"phys": 1758816723715, "cnt": 0, "node": "AN-N63"}, "package_id": "PKG16691", "payload": {"status": "DELIVERED"}, "sent_ts": 1758816693085, "arrival_ts": 1758816693228}
{"action": "recv", "src": "AU-N162", "dst": "AF-N46", "hlc": {"phys": 1758816798506, "cnt": 0, "node": "AU-N162"}, "package_id": "PKG16771", "payload": {"status": "CREATED"}, "sent_ts": 1758816771886, "arrival_ts": 1758816772082}
{"action": "recv", "src": "AU-N162", "dst": "AF-N46", "hlc": {"phys": 1758816798909, "cnt": 0, "node": "AU-N162"}, "package_id": "PKG16771", "payload": {"status": "SENT"}, "sent_ts": 1758816772289, "arrival_ts": 1758816772486}
{"action": "recv", "src": "AU-N162", "dst": "AF-N46", "hlc": {"phys": 1758816799309, "cnt": 0, "node": "AU-N162"}, "package_id": "PKG16771", "payload": {"status": "IN_TRANSIT"}, "sent_ts": 1758816772689, "arrival_ts": 1758816772850}
{"action": "recv", "src": "AU-N162", "dst": "AF-N46", "hlc": {"phys": 1758816799669, "cnt": 0, "node": "AU-N162"}, "package_id": "PKG16771", "payload": {"status": "RECEIVED"}, "sent_ts": 1758816773049, "arrival_ts": 1758816773126}
{"action": "recv", "src": "AU-N162", "dst": "AF-N46", "hlc": {"phys": 1758816799950, "cnt": 0, "node": "AU-N162"}, "package_id": "PKG16771", "payload": {"status": "DELIVERED"}, "sent_ts": 1758816773330, "arrival_ts": 1758816773392}
