{"action": "send", "src": "AF-N138", "dst": "SA-N66", "hlc": {"phys": 1758713164882, "cnt": 0, "node": "AF-N138"}, "package_id": "PKG13148", "payload": {"status": "CREATED"}, "sent_ts": 1758713148502, "arrival_ts": 1758713148502}
{"action": "send", "src": "AF-N138", "dst": "SA-N66", "hlc": {"phys": 1758713165224, "cnt": 0, "node": "AF-N138"}, "package_id": "PKG13148", "payload": {"status": "SENT"}, "sent_ts": 1758713148844, "arrival_ts": 1758713148844}
{"action": "send", "src": "AF-N138", "dst": "SA-N66", "hlc": {"phys": 1758713165612, "cnt": 0, "node": "AF-N138"}, "package_id": "PKG13148", "payload": {"status": "IN_TRANSIT"}, "sent_ts": 1758713149232, "arrival_ts": 1758713149232}
{"action": "send", "src": "AF-N138", "dst": "SA-N66", "hlc": {"phys": 1758713165983, "cnt": 0, "node": "AF-N138"}, "package_id": "PKG13148", "payload": {"status": "RECEIVED"}, "sent_ts": 1758713149603, "arrival_ts": 1758713149603}
{"action": "send", "src": "AF-N138", "dst": "SA-N66", "hlc": {"phys": 1758713166215, "cnt": 0, "node": "AF-N138"}, "package_id": "PKG13148", "payload": {"status": "DELIVERED"}, "sent_ts": 1758713149835, "arrival_ts": 1758713149835}
{"action": "recv", "src": "NA-N117", "dst": "AF-N138", "hlc": {"phys": 1758714378293, "cnt": 0, "node": "NA-N117"}, "package_id": "PKG14377", "payload": {"status": "CREATED"}, "sent_ts": 1758714377123, "arrival_ts": 1758714377278}
{"action": "recv", "src": "NA-N117", "dst": "AF-N138", "hlc": {"phys": 1758714378651, "cnt": 0, "node": "NA-N117"}, "package_id": "PKG14377", "payload": {"status": "SENT"}, "sent_ts": 1758714377481, "arrival_ts": 1758714377597}
{"action": "recv", "src": "NA-N117", "dst": "AF-N138", "hlc": {"phys": 1758714378976, "cnt": 0, "node": "NA-N117"}, "package_id": "PKG14377", "payload": {"status": "IN_TRANSIT"}, "sent_ts": 1758714377806, "arrival_ts": 1758714377955}
{"action": "recv", "src": "NA-N117", "dst": "AF-N138", "hlc": {"phys": 1758714379326, "cnt": 0, "node": "NA-N117"}, "package_id": "PKG14377", "payload": {"status": "RECEIVED"}, "sent_ts": 1758714378156, "arrival_ts": 1758714378254}
{"action": "recv", "src": "NA-N117", "dst": "AF-N138", "hlc": {"phys": 1758714379632, "cnt": 0, "node": "NA-N117"}, "package_id": "PKG14377", "payload": {"status": "DELIVERED"}, "sent_ts": 1758714378462, "arrival_ts": 1758714378513}
{"action": "send", "src": "AF-N138", "dst": "SA-N103", "hlc": {"phys": 1758714585526, "cnt": 0, "node": "AF-N138"}, "package_id": "PKG14569", "payload": {"status": "CREATED"}, "sent_ts": 1758714569146, "arrival_ts": 1758714569146}
{"action": "send", "src": "AF-N138", "dst": "SA-N103", "hlc": {"phys": 1758714585759, "cnt": 0, "node": "AF-N138"}, "package_id": "PKG14569", "payload": {"status": "SENT"}, "sent_ts": 1758714569379, "arrival_ts": 1758714569379}
{"action": "send", "src": "AF-N138", "dst": "SA-N103", "hlc": {"phys": 1758714586006, "cnt": 0, "node": "AF-N138"}, "package_id": "PKG14569", "payload": {"status": "IN_TRANSIT"}, "sent_ts": 1758714569626, "arrival_ts": 1758714569626}
{"action": "send", "src": "AF-N138", "dst": "SA-N103", "hlc": {"phys": 1758714586291, "cnt": 0, "node": "AF-N138"}, "package_id": "PKG14569", "payload": {"status": "RECEIVED"}, "sent_ts": 1758714569911, "arrival_ts": 1758714569911}
{"action": "send", "src": "AF-N138", "dst": "SA-N103", "hlc": {"phys": 1758714586603, "cnt": 0, "node": "AF-N138"}, "package_id": "PKG14569", "payload": {"status": "DELIVERED"}, "sent_ts": 1758714570223, "arrival_ts": 1758714570223}
{"action": "recv", "src": "SA-N43", "dst": "AF-N138", "hlc": {"phys": 1758716436806, "cnt": 0, "node": "SA-N43"}, "package_id": "PKG16416", "payload": {"status": "CREATED"}, "sent_ts": 1758716416376, "arrival_ts": 1758716416524}
{"action": "recv", "src": "SA-N43", "dst": "AF-N138", "hlc": {"phys": 1758716437163, "cnt": 0, "node": "SA-N43"}, "package_id": "PKG16416", "payload": {"status": "SENT"}, "sent_ts": 1758716416733, "arrival_ts": 1758716416915}
{"action": "recv", "src": "SA-N43", "dst": "AF-N138", "hlc": {"phys": 1758716437549, "cnt": 0, "node": "SA-N43"}, "package_id": "PKG16416", "payload": {"status": "IN_TRANSIT"}, "sent_ts": 1758716417119, "arrival_ts": 1758716417200}
{"action": "recv", "src": "SA-N43", "dst": "AF-N138", "hlc": {"phys": 1758716437849, "cnt": 0, "node": "SA-N43"}, "package_id": "PKG16416", "payload": {"status": "RECEIVED"}, "sent_ts": 1758716417419, "arrival_ts": 1758716417551}
{"action": "recv", "src": "SA-N43", "dst": "AF-N138", "hlc": {"phys": 1758716438199, "cnt": 0, "node": "SA-N43"}, "package_id": "PKG16416", "payload": {"status": "DELIVERED"}, "sent_ts": 1758716417769, "arrival_ts": 1758716417869}
{"action": "send", "src": "AF-N138", "dst": "EU-N188", "hlc": {"phys": 1758717428575, "cnt": 0, "node": "AF-N138"}, "package_id": "PKG17412", "payload": {"status": "CREATED"}, "sent_ts": 1758717412195, "arrival_ts": 1758717412195}
{"action": "send", "src": "AF-N138", "dst": "EU-N188", "hlc": {"phys": 1758717428847, "cnt": 0, "node": "AF-N138"}, "package_id": "PKG17412", "payload": {"status": "SENT"}, "sent_ts": 1758717412467, "arrival_ts": 1758717412467}
{"action": "send", "src": "AF-N138", "dst": "EU-N188", "hlc": {"phys": 1758717429126, "cnt": 0, "node": "AF-N138"}, "package_id": "PKG17412", "payload": {"status": "IN_TRANSIT"}, "sent_ts": 1758717412746, "arrival_ts": 1758717412746}
{"action": "send", "src": "AF-N138", "dst": "EU-N188", "hlc": {"phys": 1758717429404, "cnt": 0, "node": "AF-N138"}, "package_id": "PKG17412", "payload": {"status": "RECEIVED"}, "sent_ts": 1758717413024, "arrival_ts": 1758717413024}
{"action": "send", "src": "AF-N138", "dst": "EU-N188", "hlc": {"phys": 1758717429691, "cnt": 0, "node": "AF-N138"}, "package_id": "PKG17412", "payload": {"status": "DELIVERED"}, "sent_ts": 1758717413311, "arrival_ts": 1758717413311}
{"action": "recv", "src": "AS-N46", "dst": "AF-N138", "hlc": {"phys": 1758718646066, "cnt": 0, "node": "AS-N46"}, "package_id": "PKG18635", "payload": {"status": "CREATED"}, "sent_ts": 1758718635606, "arrival_ts": 1758718635740}
{"action": "recv", "src": "AS-N46", "dst": "AF-N138", "hlc": {"phys": 1758718646400, "cnt": 0, "node": "AS-N46"}, "package_id": "PKG18635", "payload": {"status": "SENT"}, "sent_ts": 1758718635940, "arrival_ts": 1758718636087}
{"action": "recv", "src": "AS-N46", "dst": "AF-N138", "hlc": {"phys": 1758718646750, "cnt": 0, "node": "AS-N46"}, "package_id": "PKG18635", "payload": {"status": "IN_TRANSIT"}, "sent_ts": 1758718636290, "arrival_ts": 1758718636399}
{"action": "recv", "src": "AS-N46", "dst": "AF-N138", "hlc": {"phys": 1758718647068, "cnt": 0, "node": "AS-N46"}, "package_id": "PKG18635", "payload": {"status": "RECEIVED"}, "sent_ts": 1758718636608, "arrival_ts": 1758718636712}
{"action": "recv", "src": "AS-N46", "dst": "AF-N138", "hlc": {"phys": 1758718647392, "cnt": 0, "node": "AS-N46"}, "package_id": "PKG18635", "payload": {"status": "DELIVERED"}, "sent_ts": 1758718636932, "arrival_ts": 1758718637094}
{"action": "send", "src": "AF-N138", "dst": "AS-N38", "hlc": {"phys": 1758737972490, "cnt": 0, "node": "AF-N138"}, "package_id": "PKG37956", "payload": {"status": "CREATED"}, "sent_ts": 1758737956110, "arrival_ts": 1758737956110}
{"action": "send", "src": "AF-N138", "dst": "AS-N38", "hlc": {"phys": 1758737972710, "cnt": 0, "node": "AF-N138"}, "package_id": "PKG37956", "payload": {"status": "SENT"}, "sent_ts": 1758737956330, "arrival_ts": 1758737956330}
{"action": "send", "src": "AF-N138", "dst": "AS-N38", "hlc": {"phys": 1758737973068, "cnt": 0, "node": "AF-N138"}, "package_id": "PKG37956", "payload": {"status": "IN_TRANSIT"}, "sent_ts": 1758737956688, "arrival_ts": 1758737956688}
{"action": "send", "src": "AF-N138", "dst": "AS-N38", "hlc": {"phys": 1758737973330, "cnt": 0, "node": "AF-N138"}, "package_id": "PKG37956", "payload": {"status": "RECEIVED"}, "sent_ts": 1758737956950, "arrival_ts": 1758737956950}
{"action": "send", "src": "AF-N138", "dst": "AS-N38", "hlc": {"phys": 1758737973584, "cnt": 0, "node": "AF-N138"}, "package_id": "PKG37956", "payload": {"status": "DELIVERED"}, "sent_ts": 1758737957204, "arrival_ts": 1758737957204}
{"action": "recv", "src": "AN-N132", "dst": "AF-N138", "hlc": {"phys": 1758740807131, "cnt": 0, "node": "AN-N132"}, "package_id": "PKG40775", "payload": {"status": "CREATED"}, "sent_ts": 1758740775811, "arrival_ts": 1758740775904}
{"action": "recv", "src": "AN-N132", "dst": "AF-N138", "hlc": {"phys": 1758740807419, "cnt": 0, "node": "AN-N132"}, "package_id": "PKG40775", "payload": {"status": "SENT"}, "sent_ts": 1758740776099, "arrival_ts": 1758740776195}
{"action": "recv", "src": "AN-N132", "dst": "AF-N138", "hlc": {"phys": 1758740807714, "cnt": 0, "node": "AN-N132"}, "package_id": "PKG40775", "payload": {"status": "IN_TRANSIT"}, "sent_ts": 1758740776394, "arrival_ts": 1758740776562}
{"action": "recv", "src": "AN-N132", "dst": "AF-N138", "hlc": {"phys": 1758740808097, "cnt": 0, "node": "AN-N132"}, "package_id": "PKG40775", "payload": {"status": "RECEIVED"}, "sent_ts": 1758740776777, "arrival_ts": 1758740776978}
{"action": "recv", "src": "AN-N132", "dst": "AF-N138", "hlc": {"phys": 1758740808506, "cnt": 0, "node": "AN-N132"}, "package_id": "PKG40775", "payload": {"status": "DELIVERED"}, "sent_ts": 1758740777186, "arrival_ts": 1758740777340}
{"action": "recv", "src": "SA-N98", "dst": "AF-N138", "hlc": {"phys": 1758741658258, "cnt": 0, "node": "SA-N98"}, "package_id": "PKG41637", "payload": {"status": "CREATED"}, "sent_ts": 1758741637278, "arrival_ts": 1758741637474}
{"action": "recv", "src": "SA-N98", "dst": "AF-N138", "hlc": {"phys": 1758741658661, "cnt": 0, "node": "SA-N98"}, "package_id": "PKG41637", "payload": {"status": "SENT"}, "sent_ts": 1758741637681, "arrival_ts": 1758741637872}
{"action": "recv", "src": "SA-N98", "dst": "AF-N138", "hlc": {"phys": 1758741659074, "cnt": 0, "node": "SA-N98"}, "package_id": "PKG41637", "payload": {"status": "IN_TRANSIT"}, "sent_ts": 1758741638094, "arrival_ts": 1758741638171}
{"action": "recv", "src": "SA-N98", "dst": "AF-N138", "hlc": {"phys": 1758741659355, "cnt": 0, "node": "SA-N98"}, "package_id": "PKG41637", "payload": {"status": "RECEIVED"}, "sent_ts": 1758741638375, "arrival_ts": 1758741638392}
{"action": "recv", "src": "SA-N98", "dst": "AF-N138", "hlc": {"phys": 1758741659594, "cnt": 0, "node": "SA-N98"}, "package_id": "PKG41637", "payload": {"status": "DELIVERED"}, "sent_ts": 1758741638614, "arrival_ts": 1758741638737}
{"action": "recv", "src": "EU-N20", "dst": "AF-N138", "hlc": {"phys": 1758742477056, "cnt": 0, "node": "EU-N20"}, "package_id": "PKG42471", "payload": {"status": "CREATED"}, "sent_ts": 1758742471856, "arrival_ts": 1758742472051}
{"action": "recv", "src": "EU-N20", "dst": "AF-N138", "hlc": {"phys": 1758742477459, "cnt": 0, "node": "EU-N20"}, "package_id": "PKG42471", "payload": {"status": "SENT"}, "sent_ts": 1758742472259, "arrival_ts": 1758742472270}
{"action": "recv", "src": "EU-N20", "dst": "AF-N138", "hlc": {"phys": 1758742477676, "cnt": 0, "node": "EU-N20"}, "package_id": "PKG42471", "payload": {"status": "IN_TRANSIT"}, "sent_ts": 1758742472476, "arrival_ts": 1758742472569}
{"action": "recv", "src": "EU-N20", "dst": "AF-N138", "hlc": {"phys": 1758742477969, "cnt": 0, "node": "EU-N20"}, "package_id": "PKG42471", "payload": {"status": "RECEIVED"}, "sent_ts": 1758742472769, "arrival_ts": 1758742472912}
{"action": "recv", "src": "EU-N20", "dst": "AF-N138", "hlc": {"phys": 1758742478308, "cnt": 0, "node": "EU-N20"}, "package_id": "PKG42471", "payload": {"status": "DELIVERED"}, "sent_ts": 1758742473108, "arrival_ts": 1758742473164}
{"action": "recv", "src": "SA-N170", "dst": "AF-N138", "hlc": {"phys": 1758742939836, "cnt": 0, "node": "SA-N170"}, "package_id": "PKG42918", "payload": {"status": "CREATED"}, "sent_ts": 1758742918136, "arrival_ts": 1758742918326}
{"action": "recv", "src": "SA-N170", "dst": "AF-N138", "hlc": {"phys": 1758742940235, "cnt": 0, "node": "SA-N170"}, "package_id": "PKG42918", "payload": {"status": "SENT"}, "sent_ts": 1758742918535, "arrival_ts": 1758742918676}
{"action": "recv", "src": "SA-N170", "dst": "AF-N138", "hlc": {"phys": 1758742940590, "cnt": 0, "node": "SA-N170"}, "package_id": "PKG42918", "payload": {"status": "IN_TRANSIT"}, "sent_ts": 1758742918890, "arrival_ts": 1758742919091}
{"action": "recv", "src": "SA-N170", "dst": "AF-N138", "hlc": {"phys": 1758742940997, "cnt": 0, "node": "SA-N170"}, "package_id": "PKG42918", "payload": {"status": "RECEIVED"}, "sent_ts": 1758742919297, "arrival_ts": 1758742919357}
{"action": "recv", "src": "SA-N170", "dst": "AF-N138", "hlc": {"phys": 1758742941279, "cnt": 0, "node": "SA-N170"}, "package_id": "PKG42918", "payload": {"status": "DELIVERED"}, "sent_ts": 1758742919579, "arrival_ts": 1758742919766}
{"action": "recv", "src": "AU-N108", "dst": "AF-N138", "hlc": {"phys": 1758747261925, "cnt": 0, "node": "AU-N108"}, "package_id": "PKG47235", "payload": {"status": "CREATED"}, "sent_ts": 1758747235845, "arrival_ts": 1758747235883}
{"action": "recv", "src": "AU-N108", "dst": "AF-N138", "hlc": {"phys": 1758747262167, "cnt": 0, "node": "AU-N108"}, "package_id": "PKG47235", "payload": {"status": "SENT"}, "sent_ts": 1758747236087, "arrival_ts": 1758747236125}
{"action": "recv", "src": "AU-N108", "dst": "AF-N138", "hlc": {"phys": 1758747262415, "cnt": 0, "node": "AU-N108"}, "package_id": "PKG47235", "payload": {"status": "IN_TRANSIT"}, "sent_ts": 1758747236335, "arrival_ts": 1758747236527}
{"action": "recv", "src": "AU-N108", "dst": "AF-N138", "hlc": {"phys": 1758747262805, "cnt": 0, "node": "AU-N108"}, "package_id": "PKG47235", "payload": {"status": "RECEIVED"}, "sent_ts": 1758747236725, "arrival_ts": 1758747236758}
{"action": "recv", "src": "AU-N108", "dst": "AF-N138", "hlc": {"phys": 1758747263047, "cnt": 0, "node": "AU-N108"}, "package_id": "PKG47235", "payload": {"status": "DELIVERED"}, "sent_ts": 1758747236967, "arrival_ts": 1758747237163}
{"action": "send", "src": "AF-N138", "dst": "AF-N72", "hlc": {"phys": 1758747685684, "cnt": 0, "node": "AF-N138"}, "package_id": "PKG47669", "payload": {"status": "CREATED"}, "sent_ts": 1758747669304, "arrival_ts": 1758747669304}
{"action": "send", "src": "AF-N138", "dst": "AF-N72", "hlc": {"phys": 1758747685947, "cnt": 0, "node": "AF-N138"}, "package_id": "PKG47669", "payload": {"status": "SENT"}, "sent_ts": 1758747669567, "arrival_ts": 1758747669567}
{"action": "send", "src": "AF-N138", "dst": "AF-N72", "hlc": {"phys": 1758747686195, "cnt": 0, "node": "AF-N138"}, "package_id": "PKG47669", "payload": {"status": "IN_TRANSIT"}, "sent_ts": 1758747669815, "arrival_ts": 1758747669815}
{"action": "send", "src": "AF-N138", "dst": "AF-N72", "hlc": {"phys": 1758747686474, "cnt": 0, "node": "AF-N138"}, "package_id": "PKG47669", "payload": {"status": "RECEIVED"}, "sent_ts": 1758747670094, "arrival_ts": 1758747670094}
{"action": "send", "src": "AF-N138", "dst": "AF-N72", "hlc": {"phys": 1758747686844, "cnt": 0, "node": "AF-N138"}, "package_id": "PKG47669", "payload": {"status": "DELIVERED"}, "sent_ts": 1758747670464, "arrival_ts": 1758747670464}
{"action": "send", "src": "AF-N138", "dst": "SA-N57", "hlc": {"phys": 1758748488063, "cnt": 0, "node": "AF-N138"}, "package_id": "PKG48471", "payload": {"status": "CREATED"}, "sent_ts": 1758748471683, "arrival_ts": 1758748471683}
{"action": "send", "src": "AF-N138", "dst": "SA-N57", "hlc": {"phys": 1758748488286, "cnt": 0, "node": "AF-N138"}, "package_id": "PKG48471", "payload": {"status": "SENT"}, "sent_ts": 1758748471906, "arrival_ts": 1758748471906}
{"action": "send", "src": "AF-N138", "dst": "SA-N57", "hlc": {"phys": 1758748488616, "cnt": 0, "node": "AF-N138"}, "package_id": "PKG48471", "payload": {"status": "IN_TRANSIT"}, "sent_ts": 1758748472236, "arrival_ts": 1758748472236}
{"action": "send", "src": "AF-N138", "dst": "SA-N57", "hlc": {"phys": 1758748488962, "cnt": 0, "node": "AF-N138"}, "package_id": "PKG48471", "payload": {"status": "RECEIVED"}, "sent_ts": 1758748472582, "arrival_ts": 1758748472582}
{"action": "send", "src": "AF-N138", "dst": "SA-N57", "hlc": {"phys": 1758748489228, "cnt": 0, "node": "AF-N138"}, "package_id": "PKG48471", "payload": {"status": "DELIVERED"}, "sent_ts": 1758748472848, "arrival_ts": 1758748472848}
{"action": "send", "src": "AF-N138", "dst": "AS-N198", "hlc": {"phys": 1758751451132, "cnt": 0, "node": "AF-N138"}, "package_id": "PKG51434", "payload": {"status": "CREATED"}, "sent_ts": 1758751434752, "arrival_ts": 1758751434752}
{"action": "send", "src": "AF-N138", "dst": "AS-N198", "hlc": {"phys": 1758751451487, "cnt": 0, "node": "AF-N138"}, "package_id": "PKG51434", "payload": {"status": "SENT"}, "sent_ts": 1758751435107, "arrival_ts": 1758751435107}
{"action": "send", "src": "AF-N138", "dst": "AS-N198", "hlc": {"phys": 1758751451769, "cnt": 0, "node": "AF-N138"}, "package_id": "PKG51434", "payload": {"status": "IN_TRANSIT"}, "sent_ts": 1758751435389, "arrival_ts": 1758751435389}
{"action": "send", "src": "AF-N138", "dst": "AS-N198", "hlc": {"phys": 1758751452172, "cnt": 0, "node": "AF-N138"}, "package_id": "PKG51434", "payload": {"status": "RECEIVED"}, "sent_ts": 1758751435792, "arrival_ts": 1758751435792}
{"action": "send", "src": "AF-N138", "dst": "AS-N198", "hlc": {"phys": 1758751452480, "cnt": 0, "node": "AF-N138"}, "package_id": "PKG51434", "payload": {"status": "DELIVERED"}, "sent_ts": 1758751436100, "arrival_ts": 1758751436100}
{"action": "recv", "src": "AS-N166", "dst": "AF-N138", "hlc": {"phys": 1758752194784, "cnt": 0, "node": "AS-N166"}, "package_id": "PKG52183", "payload": {"status": "CREATED"}, "sent_ts": 1758752183124, "arrival_ts": 1758752183165}
{"action": "recv", "src": "AS-N166", "dst": "AF-N138", "hlc": {"phys": 1758752195035, "cnt": 0, "node": "AS-N166"}, "package_id": "PKG52183", "payload": {"status": "SENT"}, "sent_ts": 1758752183375, "arrival_ts": 1758752183471}
{"action": "recv", "src": "AS-N166", "dst": "AF-N138", "hlc": {"phys": 1758752195347, "cnt": 0, "node": "AS-N166"}, "package_id": "PKG52183", "payload": {"status": "IN_TRANSIT"}, "sent_ts": 1758752183687, "arrival_ts": 1758752183745}
{"action": "recv", "src": "AS-N166", "dst": "AF-N138", "hlc": {"phys": 1758752195614, "cnt": 0, "node": "AS-N166"}, "package_id": "PKG52183", "payload": {"status": "RECEIVED"}, "sent_ts": 1758752183954, "arrival_ts": 1758752183982}
{"action": "recv", "src": "AS-N166", "dst": "AF-N138", "hlc": {"phys": 1758752195867, "cnt": 0, "node": "AS-N166"}, "package_id": "PKG52183", "payload": {"status": "DELIVERED"}, "sent_ts": 1758752184207, "arrival_ts": 1758752184279}
{"action": "send", "src": "AF-N138", "dst": "NA-N56", "hlc": {"phys": 1758754688289, "cnt": 0, "node": "AF-N138"}, "package_id": "PKG54671", "payload": {"status": "CREATED"}, "sent_ts": 1758754671909, "arrival_ts": 1758754671909}
{"action": "send", "src": "AF-N138", "dst": "NA-N56", "hlc": {"phys": 1758754688618, "cnt": 0, "node": "AF-N138"}, "package_id": "PKG54671", "payload": {"status": "SENT"}, "sent_ts": 1758754672238, "arrival_ts": 1758754672238}
{"action": "send", "src": "AF-N138", "dst": "NA-N56", "hlc": {"phys": 1758754688859, "cnt": 0, "node": "AF-N138"}, "package_id": "PKG54671", "payload": {"status": "IN_TRANSIT"}, "sent_ts": 1758754672479, "arrival_ts": 1758754672479}
{"action": "send", "src": "AF-N138", "dst": "NA-N56", "hlc": {"phys": 1758754689069, "cnt": 0, "node": "AF-N138"}, "package_id": "PKG54671", "payload": {"status": "RECEIVED"}, "sent_ts": 1758754672689, "arrival_ts": 1758754672689}
{"action": "send", "src": "AF-N138", "dst": "NA-N56", "hlc": {"phys": 1758754689469, "cnt": 0, "node": "AF-N138"}, "package_id": "PKG54671", "payload": {"status": "DELIVERED"}, "sent_ts": 1758754673089, "arrival_ts": 1758754673089}
{"action": "recv", "src": "NA-N99", "dst": "AF-N138", "hlc": {"phys": 1758754968265, "cnt": 0, "node": "NA-N99"}, "package_id": "PKG54967", "payload": {"status": "CREATED"}, "sent_ts": 1758754967275, "arrival_ts": 1758754967366}
{"action": "recv", "src": "NA-N99", "dst": "AF-N138", "hlc": {"phys": 1758754968554, "cnt": 0, "node": "NA-N99"}, "package_id": "PKG54967", "payload": {"status": "SENT"}, "sent_ts": 1758754967564, "arrival_ts": 1758754967655}
{"action": "recv", "src": "NA-N99", "dst": "AF-N138", "hlc": {"phys": 1758754968849, "cnt": 0, "node": "NA-N99"}, "package_id": "PKG54967", "payload": {"status": "IN_TRANSIT"}, "sent_ts": 1758754967859, "arrival_ts": 1758754968045}
{"action": "recv", "src": "NA-N99", "dst": "AF-N138", "hlc": {"phys": 1758754969239, "cnt": 0, "node": "NA-N99"}, "package_id": "PKG54967", "payload": {"status": "RECEIVED"}, "sent_ts": 1758754968249, "arrival_ts": 1758754968355}
{"action": "recv", "src": "NA-N99", "dst": "AF-N138", "hlc": {"phys": 1758754969554, "cnt": 0, "node": "NA-N99"}, "package_id": "PKG54967", "payload": {"status": "DELIVERED"}, "sent_ts": 1758754968564, "arrival_ts": 1758754968684}
{"action": "send", "src": "AF-N138", "dst": "AS-N61", "hlc": {"phys": 1758756896772, "cnt": 0, "node": "AF-N138"}, "package_id": "PKG56880", "payload": {"status": "CREATED"}, "sent_ts": 1758756880392, "arrival_ts": 1758756880392}
{"action": "send", "src": "AF-N138", "dst": "AS-N61", "hlc": {"phys": 1758756897136, "cnt": 0, "node": "AF-N138"}, "package_id": "PKG56880", "payload": {"status": "SENT"}, "sent_ts": 1758756880756, "arrival_ts": 1758756880756}
{"action": "send", "src": "AF-N138", "dst": "AS-N61", "hlc": {"phys": 1758756897470, "cnt": 0, "node": "AF-N138"}, "package_id": "PKG56880", "payload": {"status": "IN_TRANSIT"}, "sent_ts": 1758756881090, "arrival_ts": 1758756881090}
{"action": "send", "src": "AF-N138", "dst": "AS-N61", "hlc": {"phys": 1758756897836, "cnt": 0, "node": "AF-N138"}, "package_id": "PKG56880", "payload": {"status": "RECEIVED"}, "sent_ts": 1758756881456, "arrival_ts": 1758756881456}
{"action": "send", "src": "AF-N138", "dst": "AS-N61", "hlc": {"phys": 1758756898061, "cnt": 0, "node": "AF-N138"}, "package_id": "PKG56880", "payload": {"status": "DELIVERED"}, "sent_ts": 1758756881681, "arrival_ts": 1758756881681}
{"action": "recv", "src": "AF-N198", "dst": "AF-N138", "hlc": {"phys": 1758757738780, "cnt": 0, "node": "AF-N198"}, "package_id": "PKG57721", "payload": {"status": "CREATED"}, "sent_ts": 1758757721800, "arrival_ts": 1758757721928}
{"action": "recv", "src": "AF-N198", "dst": "AF-N138", "hlc": {"phys": 1758757739116, "cnt": 0, "node": "AF-N198"}, "package_id": "PKG57721", "payload": {"status": "SENT"}, "sent_ts": 1758757722136, "arrival_ts": 1758757722169}
{"action": "recv", "src": "AF-N198", "dst": "AF-N138", "hlc": {"phys": 1758757739348, "cnt": 0, "node": "AF-N198"}, "package_id": "PKG57721", "payload": {"status": "IN_TRANSIT"}, "sent_ts": 1758757722368, "arrival_ts": 1758757722490}
{"action": "recv", "src": "AF-N198", "dst": "AF-N138", "hlc": {"phys": 1758757739672, "cnt": 0, "node": "AF-N198"}, "package_id": "PKG57721", "payload": {"status": "RECEIVED"}, "sent_ts": 1758757722692, "arrival_ts": 1758757722830}
{"action": "recv", "src": "AF-N198", "dst": "AF-N138", "hlc": {"phys": 1758757740014, "cnt": 0, "node": "AF-N198"}, "package_id": "PKG57721", "payload": {"status": "DELIVERED"}, "sent_ts": 1758757723034, "arrival_ts": 1758757723204}
{"action": "send", "src": "AF-N138", "dst": "AF-N88", "hlc": {"phys": 1758762355146, "cnt": 0, "node": "AF-N138"}, "package_id": "PKG62338", "payload": {"status": "CREATED"}, "sent_ts": 1758762338766, "arrival_ts": 1758762338766}
{"action": "send", "src": "AF-N138", "dst": "AF-N88", "hlc": {"phys": 1758762355436, "cnt": 0, "node": "AF-N138"}, "package_id": "PKG62338", "payload": {"status": "SENT"}, "sent_ts": 1758762339056, "arrival_ts": 1758762339056}
{"action": "send", "src": "AF-N138", "dst": "AF-N88", "hlc": {"phys": 1758762355735, "cnt": 0, "node": "AF-N138"}, "package_id": "PKG62338", "payload": {"status": "IN_TRANSIT"}, "sent_ts": 1758762339355, "arrival_ts": 1758762339355}
{"action": "send", "src": "AF-N138", "dst": "AF-N88", "hlc": {"phys": 1758762356048, "cnt": 0, "node": "AF-N138"}, "package_id": "PKG62338", "payload": {"status": "RECEIVED"}, "sent_ts": 1758762339668, "arrival_ts": 1758762339668}
{"action": "send", "src": "AF-N138", "dst": "AF-N88", "hlc": {"phys": 1758762356263, "cnt": 0, "node": "AF-N138"}, "package_id": "PKG62338", "payload": {"status": "DELIVERED"}, "sent_ts": 1758762339883, "arrival_ts": 1758762339883}
{"action": "recv", "src": "EU-N164", "dst": "AF-N138", "hlc": {"phys": 1758802718482, "cnt": 0, "node": "EU-N164"}, "package_id": "PKG2711", "payload": {"status": "CREATED"}, "sent_ts": 1758802711842, "arrival_ts": 1758802711884}
{"action": "recv", "src": "EU-N164", "dst": "AF-N138", "hlc": {"phys": 1758802718736, "cnt": 0, "node": "EU-N164"}, "package_id": "PKG2711", "payload": {"status": "SENT"}, "sent_ts": 1758802712096, "arrival_ts": 1758802712145}
{"action": "recv", "src": "EU-N164", "dst": "AF-N138", "hlc": {"phys": 1758802719003, "cnt": 0, "node": "EU-N164"}, "package_id": "PKG2711", "payload": {"status": "IN_TRANSIT"}, "sent_ts": 1758802712363, "arrival_ts": 1758802712528}
{"action": "recv", "src": "EU-N164", "dst": "AF-N138", "hlc": {"phys": 1758802719375, "cnt": 0, "node": "EU-N164"}, "package_id": "PKG2711", "payload": {"status": "RECEIVED"}, "sent_ts": 1758802712734, "arrival_ts": 1758802712905}
{"action": "recv", "src": "EU-N164", "dst": "AF-N138", "hlc": {"phys": 1758802719747, "cnt": 0, "node": "EU-N164"}, "package_id": "PKG2711", "payload": {"status": "DELIVERED"}, "sent_ts": 1758802713106, "arrival_ts": 1758802713280}
{"action": "send", "src": "AF-N138", "dst": "AU-N42", "hlc": {"phys": 1758803816188, "cnt": 0, "node": "AF-N138"}, "package_id": "PKG3799", "payload": {"status": "CREATED"}, "sent_ts": 1758803799808, "arrival_ts": 1758803799808}
{"action": "send", "src": "AF-N138", "dst": "AU-N42", "hlc": {"phys": 1758803816468, "cnt": 0, "node": "AF-N138"}, "package_id": "PKG3799", "payload": {"status": "SENT"}, "sent_ts": 1758803800088, "arrival_ts": 1758803800088}
{"action": "send", "src": "AF-N138", "dst": "AU-N42", "hlc": {"phys": 1758803816858, "cnt": 0, "node": "AF-N138"}, "package_id": "PKG3799", "payload": {"status": "IN_TRANSIT"}, "sent_ts": 1758803800478, "arrival_ts": 1758803800478}
{"action": "send", "src": "AF-N138", "dst": "AU-N42", "hlc": {"phys": 1758803817184, "cnt": 0, "node": "AF-N138"}, "package_id": "PKG3799", "payload": {"status": "RECEIVED"}, "sent_ts": 1758803800804, "arrival_ts": 1758803800804}
{"action": "send", "src": "AF-N138", "dst": "AU-N42", "hlc": {"phys": 1758803817497, "cnt": 0, "node": "AF-N138"}, "package_id": "PKG3799", "payload": {"status": "DELIVERED"}, "sent_ts": 1758803801117, "arrival_ts": 1758803801117}
{"action": "send", "src": "AF-N138", "dst": "NA-N127", "hlc": {"phys": 1758813439784, "cnt": 0, "node": "AF-N138"}, "package_id": "PKG13423", "payload": {"status": "CREATED"}, "sent_ts": 1758813423404, "arrival_ts": 1758813423404}
{"action": "send", "src": "AF-N138", "dst": "NA-N127", "hlc": {"phys": 1758813440047, "cnt": 0, "node": "AF-N138"}, "package_id": "PKG13423", "payload": {"status": "SENT"}, "sent_ts": 1758813423667, "arrival_ts": 1758813423667}
{"action": "send", "src": "AF-N138", "dst": "NA-N127", "hlc": {"phys": 1758813440409, "cnt": 0, "node": "AF-N138"}, "package_id": "PKG13423", "payload": {"status": "IN_TRANSIT"}, "sent_ts": 1758813424029, "arrival_ts": 1758813424029}
{"action": "send", "src": "AF-N138", "dst": "NA-N127", "hlc": {"phys": 1758813440664, "cnt": 0, "node": "AF-N138"}, "package_id": "PKG13423", "payload": {"status": "RECEIVED"}, "sent_ts": 1758813424284, "arrival_ts": 1758813424284}
{"action": "send", "src": "AF-N138", "dst": "NA-N127", "hlc": {"phys": 1758813440970, "cnt": 0, "node": "AF-N138"}, "package_id": "PKG13423", "payload": {"status": "DELIVERED"}, "sent_ts": 1758813424590, "arrival_ts": 1758813424590}
{"action": "recv", "src": "NA-N178", "dst": "AF-N138", "hlc": {"phys": 1758814710704, "cnt": 0, "node": "NA-N178"}, "package_id": "PKG14708", "payload": {"status": "CREATED"}, "sent_ts": 1758814708924, "arrival_ts": 1758814708946}
{"action": "recv", "src": "NA-N178", "dst": "AF-N138", "hlc": {"phys": 1758814710922, "cnt": 0, "node": "NA-N178"}, "package_id": "PKG14708", "payload": {"status": "SENT"}, "sent_ts": 1758814709142, "arrival_ts": 1758814709308}
{"action": "recv", "src": "NA-N178", "dst": "AF-N138", "hlc": {"phys": 1758814711281, "cnt": 0, "node": "NA-N178"}, "package_id": "PKG14708", "payload": {"status": "IN_TRANSIT"}, "sent_ts": 1758814709501, "arrival_ts": 1758814709603}
{"action": "recv", "src": "NA-N178", "dst": "AF-N138", "hlc": {"phys": 1758814711579, "cnt": 0, "node": "NA-N178"}, "package_id": "PKG14708", "payload": {"status": "RECEIVED"}, "sent_ts": 1758814709799, "arrival_ts": 1758814709933}
{"action": "recv", "src": "NA-N178", "dst": "AF-N138", "hlc": {"phys": 1758814711919, "cnt": 0, "node": "NA-N178"}, "package_id": "PKG14708", "payload": {"status": "DELIVERED"}, "sent_ts": 1758814710139, "arrival_ts": 1758814710230}
{"action": "recv", "src": "EU-N24", "dst": "AF-N138", "hlc": {"phys": 1758815448303, "cnt": 0, "node": "EU-N24"}, "package_id": "PKG15443", "payload": {"status": "CREATED"}, "sent_ts": 1758815443063, "arrival_ts": 1758815443200}
{"action": "recv", "src": "EU-N24", "dst": "AF-N138", "hlc": {"phys": 1758815448645, "cnt": 0, "node": "EU-N24"}, "package_id": "PKG15443", "payload": {"status": "SENT"}, "sent_ts": 1758815443405, "arrival_ts": 1758815443452}
{"action": "recv", "src": "EU-N24", "dst": "AF-N138", "hlc": {"phys": 1758815448911, "cnt": 0, "node": "EU-N24"}, "package_id": "PKG15443", "payload": {"status": "IN_TRANSIT"}, "sent_ts": 1758815443671, "arrival_ts": 1758815443832}
{"action": "recv", "src": "EU-N24", "dst": "AF-N138", "hlc": {"phys": 1758815449281, "cnt": 0, "node": "EU-N24"}, "package_id": "PKG15443", "payload": {"status": "RECEIVED"}, "sent_ts": 1758815444041, "arrival_ts": 1758815444166}
{"action": "recv", "src": "EU-N24", "dst": "AF-N138", "hlc": {"phys": 1758815449611, "cnt": 0, "node": "EU-N24"}, "package_id": "PKG15443", "payload": {"status": "DELIVERED"}, "sent_ts": 1758815444371, "arrival_ts": 1758815444496}
