{"action": "recv", "src": "AS-N14", "dst": "AF-N27", "hlc": {"phys": 1758712711255, "cnt": 0, "node": "AS-N14"}, "package_id": "PKG12701", "payload": {"status": "CREATED"}, "sent_ts": 1758712701115, "arrival_ts": 1758712701265}
{"action": "recv", "src": "AS-N14", "dst": "AF-N27", "hlc": {"phys": 1758712713992, "cnt": 0, "node": "AS-N14"}, "package_id": "PKG12701", "payload": {"status": "SENT"}, "sent_ts": 1758712703852, "arrival_ts": 1758712703966}
{"action": "recv", "src": "AS-N14", "dst": "AF-N27", "hlc": {"phys": 1758712714302, "cnt": 0, "node": "AS-N14"}, "package_id": "PKG12701", "payload": {"status": "IN_TRANSIT"}, "sent_ts": 1758712704162, "arrival_ts": 1758712704179}
{"action": "recv", "src": "AS-N14", "dst": "AF-N27", "hlc": {"phys": 1758712714517, "cnt": 0, "node": "AS-N14"}, "package_id": "PKG12701", "payload": {"status": "RECEIVED"}, "sent_ts": 1758712704377, "arrival_ts": 1758712704404}
{"action": "recv", "src": "AS-N14", "dst": "AF-N27", "hlc": {"phys": 1758712714748, "cnt": 0, "node": "AS-N14"}, "package_id": "PKG12701", "payload": {"status": "DELIVERED"}, "sent_ts": 1758712704608, "arrival_ts": 1758712704724}
{"action": "send", "src": "AF-N27", "dst": "EU-N135", "hlc": {"phys": 1758717571525, "cnt": 0, "node": "AF-N27"}, "package_id": "PKG17556", "payload": {"status": "CREATED"}, "sent_ts": 1758717556255, "arrival_ts": 1758717556255}
{"action": "send", "src": "AF-N27", "dst": "EU-N135", "hlc": {"phys": 1758717571869, "cnt": 0, "node": "AF-N27"}, "package_id": "PKG17556", "payload": {"status": "SENT"}, "sent_ts": 1758717556599, "arrival_ts": 1758717556599}
{"action": "send", "src": "AF-N27", "dst": "EU-N135", "hlc": {"phys": 1758717572242, "cnt": 0, "node": "AF-N27"}, "package_id": "PKG17556", "payload": {"status": "IN_TRANSIT"}, "sent_ts": 1758717556972, "arrival_ts": 1758717556972}
{"action": "send", "src": "AF-N27", "dst": "EU-N135", "hlc": {"phys": 1758717572573, "cnt": 0, "node": "AF-N27"}, "package_id": "PKG17556", "payload": {"status": "RECEIVED"}, "sent_ts": 1758717557303, "arrival_ts": 1758717557303}
{"action": "send", "src": "AF-N27", "dst": "EU-N135", "hlc": {"phys": 1758717572976, "cnt": 0, "node": "AF-N27"}, "package_id": "PKG17556", "payload": {"status": "DELIVERED"}, "sent_ts": 1758717557706, "arrival_ts": 1758717557706}
{"action": "recv", "src": "AU-N189", "dst": "AF-N27", "hlc": {"phys": 1758718560431, "cnt": 0, "node": "AU-N189"}, "package_id": "PKG18533", "payload": {"status": "CREATED"}, "sent_ts": 1758718533541, "arrival_ts": 1758718533653}
{"action": "recv", "src": "AU-N189", "dst": "AF-N27", "hlc": {"phys": 1758718560758, "cnt": 0, "node": "AU-N189"}, "package_id": "PKG18533", "payload": {"status": "SENT"}, "sent_ts": 1758718533868, "arrival_ts": 1758718533990}
{"action": "recv", "src": "AU-N189", "dst": "AF-N27", "hlc": {"phys": 1758718561100, "cnt": 0, "node": "AU-N189"}, "package_id": "PKG18533", "payload": {"status": "IN_TRANSIT"}, "sent_ts": 1758718534210, "arrival_ts": 1758718534351}
{"action": "recv", "src": "AU-N189", "dst": "AF-N27", "hlc": {"phys": 1758718561453, "cnt": 0, "node": "AU-N189"}, "package_id": "PKG18533", "payload": {"status": "RECEIVED"}, "sent_ts": 1758718534563, "arrival_ts": 1758718534652}
{"action": "recv", "src": "AU-N189", "dst": "AF-N27", "hlc": {"phys": 1758718561768, "cnt": 0, "node": "AU-N189"}, "package_id": "PKG18533", "payload": {"status": "DELIVERED"}, "sent_ts": 1758718534878, "arrival_ts": 1758718534897}
{"action": "send", "src": "AF-N27", "dst": "NA-N7", "hlc": {"phys": 1758739935527, "cnt": 0, "node": "AF-N27"}, "package_id": "PKG39920", "payload": {"status": "CREATED"}, "sent_ts": 1758739920257, "arrival_ts": 1758739920257}
{"action": "send", "src": "AF-N27", "dst": "NA-N7", "hlc": {"phys": 1758739935791, "cnt": 0, "node": "AF-N27"}, "package_id": "PKG39920", "payload": {"status": "SENT"}, "sent_ts": 1758739920521, "arrival_ts": 1758739920521}
{"action": "send", "src": "AF-N27", "dst": "NA-N7", "hlc": {"phys": 1758739936035, "cnt": 0, "node": "AF-N27"}, "package_id": "PKG39920", "payload": {"status": "IN_TRANSIT"}, "sent_ts": 1758739920765, "arrival_ts": 1758739920765}
{"action": "send", "src": "AF-N27", "dst": "NA-N7", "hlc": {"phys": 1758739936277, "cnt": 0, "node": "AF-N27"}, "package_id": "PKG39920", "payload": {"status": "RECEIVED"}, "sent_ts": 1758739921007, "arrival_ts": 1758739921007}
{"action": "send", "src": "AF-N27", "dst": "NA-N7", "hlc": {"phys": 1758739936509, "cnt": 0, "node": "AF-N27"}, "package_id": "PKG39920", "payload": {"status": "DELIVERED"}, "sent_ts": 1758739921239, "arrival_ts": 1758739921239}
{"action": "send", "src": "AF-N27", "dst": "SA-N54", "hlc": {"phys": 1758745553684, "cnt": 0, "node": "AF-N27"}, "package_id": "PKG45538", "payload": {"status": "CREATED"}, "sent_ts": 1758745538414, "arrival_ts": 1758745538414}
{"action": "send", "src": "AF-N27", "dst": "SA-N54", "hlc": {"phys": 1758745553945, "cnt": 0, "node": "AF-N27"}, "package_id": "PKG45538", "payload": {"status": "SENT"}, "sent_ts": 1758745538675, "arrival_ts": 1758745538675}
{"action": "send", "src": "AF-N27", "dst": "SA-N54", "hlc": {"phys": 1758745554270, "cnt": 0, "node": "AF-N27"}, "package_id": "PKG45538", "payload": {"status": "IN_TRANSIT"}, "sent_ts": 1758745539000, "arrival_ts": 1758745539000}
{"action": "send", "src": "AF-N27", "dst": "SA-N54", "hlc": {"phys": 1758745554641, "cnt": 0, "node": "AF-N27"}, "package_id": "PKG45538", "payload": {"status": "RECEIVED"}, "sent_ts": 1758745539371, "arrival_ts": 1758745539371}
{"action": "send", "src": "AF-N27", "dst": "SA-N54", "hlc": {"phys": 1758745555046, "cnt": 0, "node": "AF-N27"}, "package_id": "PKG45538", "payload": {"status": "DELIVERED"}, "sent_ts": 1758745539776, "arrival_ts": 1758745539776}
{"action": "send", "src": "AF-N27", "dst": "AF-N140", "hlc": {"phys": 1758746181226, "cnt": 0, "node": "AF-N27"}, "package_id": "PKG46165", "payload": {"status": "CREATED"}, "sent_ts": 1758746165956, "arrival_ts": 1758746165956}
{"action": "send", "src": "AF-N27", "dst": "AF-N140", "hlc": {"phys": 1758746181566, "cnt": 0, "node": "AF-N27"}, "package_id": "PKG46165", "payload": {"status": "SENT"}, "sent_ts": 1758746166296, "arrival_ts": 1758746166296}
{"action": "send", "src": "AF-N27", "dst": "AF-N140", "hlc": {"phys": 1758746181858, "cnt": 0, "node": "AF-N27"}, "package_id": "PKG46165", "payload": {"status": "IN_TRANSIT"}, "sent_ts": 1758746166588, "arrival_ts": 1758746166588}
{"action": "send", "src": "AF-N27", "dst": "AF-N140", "hlc": {"phys": 1758746182151, "cnt": 0, "node": "AF-N27"}, "package_id": "PKG46165", "payload": {"status": "RECEIVED"}, "sent_ts": 1758746166881, "arrival_ts": 1758746166881}
{"action": "send", "src": "AF-N27", "dst": "AF-N140", "hlc": {"phys": 1758746182460, "cnt": 0, "node": "AF-N27"}, "package_id": "PKG46165", "payload": {"status": "DELIVERED"}, "sent_ts": 1758746167190, "arrival_ts": 1758746167190}
{"action": "recv", "src": "AU-N150", "dst": "AF-N27", "hlc": {"phys": 1758752108109, "cnt": 0, "node": "AU-N150"}, "package_id": "PKG52081", "payload": {"status": "CREATED"}, "sent_ts": 1758752081609, "arrival_ts": 1758752081782}
{"action": "recv", "src": "AU-N150", "dst": "AF-N27", "hlc": {"phys": 1758752108499, "cnt": 0, "node": "AU-N150"}, "package_id": "PKG52081", "payload": {"status": "SENT"}, "sent_ts": 1758752081999, "arrival_ts": 1758752082193}
{"action": "recv", "src": "AU-N150", "dst": "AF-N27", "hlc": {"phys": 1758752108904, "cnt": 0, "node": "AU-N150"}, "package_id": "PKG52081", "payload": {"status": "IN_TRANSIT"}, "sent_ts": 1758752082404, "arrival_ts": 1758752082575}
{"action": "recv", "src": "AU-N150", "dst": "AF-N27", "hlc": {"phys": 1758752109289, "cnt": 0, "node": "AU-N150"}, "package_id": "PKG52081", "payload": {"status": "RECEIVED"}, "sent_ts": 1758752082789, "arrival_ts": 1758752082934}
{"action": "recv", "src": "AU-N150", "dst": "AF-N27", "hlc": {"phys": 1758752109644, "cnt": 0, "node": "AU-N150"}, "package_id": "PKG52081", "payload": {"status": "DELIVERED"}, "sent_ts": 1758752083144, "arrival_ts": 1758752083244}
{"action": "send", "src": "AF-N27", "dst": "AN-N52", "hlc": {"phys": 1758752547130, "cnt": 0, "node": "AF-N27"}, "package_id": "PKG52531", "payload": {"status": "CREATED"}, "sent_ts": 1758752531860, "arrival_ts": 1758752531860}
{"action": "send", "src": "AF-N27", "dst": "AN-N52", "hlc": {"phys": 1758752547385, "cnt": 0, "node": "AF-N27"}, "package_id": "PKG52531", "payload": {"status": "SENT"}, "sent_ts": 1758752532115, "arrival_ts": 1758752532115}
{"action": "send", "src": "AF-N27", "dst": "AN-N52", "hlc": {"phys": 1758752547737, "cnt": 0, "node": "AF-N27"}, "package_id": "PKG52531", "payload": {"status": "IN_TRANSIT"}, "sent_ts": 1758752532467, "arrival_ts": 1758752532467}
{"action": "send", "src": "AF-N27", "dst": "AN-N52", "hlc": {"phys": 1758752548138, "cnt": 0, "node": "AF-N27"}, "package_id": "PKG52531", "payload": {"status": "RECEIVED"}, "sent_ts": 1758752532868, "arrival_ts": 1758752532868}
{"action": "send", "src": "AF-N27", "dst": "AN-N52", "hlc": {"phys": 1758752548344, "cnt": 0, "node": "AF-N27"}, "package_id": "PKG52531", "payload": {"status": "DELIVERED"}, "sent_ts": 1758752533074, "arrival_ts": 1758752533074}
{"action": "recv", "src": "AU-N106", "dst": "AF-N27", "hlc": {"phys": 1758752737605, "cnt": 0, "node": "AU-N106"}, "package_id": "PKG52711", "payload": {"status": "CREATED"}, "sent_ts": 1758752711545, "arrival_ts": 1758752711735}
{"action": "recv", "src": "AU-N106", "dst": "AF-N27", "hlc": {"phys": 1758752738007, "cnt": 0, "node": "AU-N106"}, "package_id": "PKG52711", "payload": {"status": "SENT"}, "sent_ts": 1758752711947, "arrival_ts": 1758752711961}
{"action": "recv", "src": "AU-N106", "dst": "AF-N27", "hlc": {"phys": 1758752738232, "cnt": 0, "node": "AU-N106"}, "package_id": "PKG52711", "payload": {"status": "IN_TRANSIT"}, "sent_ts": 1758752712172, "arrival_ts": 1758752712344}
{"action": "recv", "src": "AU-N106", "dst": "AF-N27", "hlc": {"phys": 1758752738621, "cnt": 0, "node": "AU-N106"}, "package_id": "PKG52711", "payload": {"status": "RECEIVED"}, "sent_ts": 1758752712561, "arrival_ts": 1758752712624}
{"action": "recv", "src": "AU-N106", "dst": "AF-N27", "hlc": {"phys": 1758752738903, "cnt": 0, "node": "AU-N106"}, "package_id": "PKG52711", "payload": {"status": "DELIVERED"}, "sent_ts": 1758752712843, "arrival_ts": 1758752712868}
{"action": "recv", "src": "AN-N189", "dst": "AF-N27", "hlc": {"phys": 1758753922671, "cnt": 0, "node": "AN-N189"}, "package_id": "PKG53890", "payload": {"status": "CREATED"}, "sent_ts": 1758753890781, "arrival_ts": 1758753890985}
{"action": "recv", "src": "AN-N189", "dst": "AF-N27", "hlc": {"phys": 1758753923831, "cnt": 0, "node": "AN-N189"}, "package_id": "PKG53890", "payload": {"status": "SENT"}, "sent_ts": 1758753891941, "arrival_ts": 1758753892015}
{"action": "recv", "src": "AN-N189", "dst": "AF-N27", "hlc": {"phys": 1758753924104, "cnt": 0, "node": "AN-N189"}, "package_id": "PKG53890", "payload": {"status": "IN_TRANSIT"}, "sent_ts": 1758753892214, "arrival_ts": 1758753892339}
{"action": "recv", "src": "AN-N189", "dst": "AF-N27", "hlc": {"phys": 1758753924429, "cnt": 0, "node": "AN-N189"}, "package_id": "PKG53890", "payload": {"status": "RECEIVED"}, "sent_ts": 1758753892539, "arrival_ts": 1758753892643}
{"action": "recv", "src": "AN-N189", "dst": "AF-N27", "hlc": {"phys": 1758753924743, "cnt": 0, "node": "AN-N189"}, "package_id": "PKG53890", "payload": {"status": "DELIVERED"}, "sent_ts": 1758753892853, "arrival_ts": 1758753892866}
{"action": "send", "src": "AF-N27", "dst": "AN-N128", "hlc": {"phys": 1758756414284, "cnt": 0, "node": "AF-N27"}, "package_id": "PKG56399", "payload": {"status": "CREATED"}, "sent_ts": 1758756399014, "arrival_ts": 1758756399014}
{"action": "send", "src": "AF-N27", "dst": "AN-N128", "hlc": {"phys": 1758756414568, "cnt": 0, "node": "AF-N27"}, "package_id": "PKG56399", "payload": {"status": "SENT"}, "sent_ts": 1758756399298, "arrival_ts": 1758756399298}
{"action": "send", "src": "AF-N27", "dst": "AN-N128", "hlc": {"phys": 1758756414811, "cnt": 0, "node": "AF-N27"}, "package_id": "PKG56399", "payload": {"status": "IN_TRANSIT"}, "sent_ts": 1758756399541, "arrival_ts": 1758756399541}
{"action": "send", "src": "AF-N27", "dst": "AN-N128", "hlc": {"phys": 1758756415150, "cnt": 0, "node": "AF-N27"}, "package_id": "PKG56399", "payload": {"status": "RECEIVED"}, "sent_ts": 1758756399880, "arrival_ts": 1758756399880}
{"action": "send", "src": "AF-N27", "dst": "AN-N128", "hlc": {"phys": 1758756415384, "cnt": 0, "node": "AF-N27"}, "package_id": "PKG56399", "payload": {"status": "DELIVERED"}, "sent_ts": 1758756400114, "arrival_ts": 1758756400114}
{"action": "recv", "src": "AF-N12", "dst": "AF-N27", "hlc": {"phys": 1758758028263, "cnt": 0, "node": "AF-N12"}, "package_id": "PKG58013", "payload": {"status": "CREATED"}, "sent_ts": 1758758013143, "arrival_ts": 1758758013327}
{"action": "recv", "src": "AF-N12", "dst": "AF-N27", "hlc": {"phys": 1758758028653, "cnt": 0, "node": "AF-N12"}, "package_id": "PKG58013", "payload": {"status": "SENT"}, "sent_ts": 1758758013533, "arrival_ts": 1758758013594}
{"action": "recv", "src": "AF-N12", "dst": "AF-N27", "hlc": {"phys": 1758758028918, "cnt": 0, "node": "AF-N12"}, "package_id": "PKG58013", "payload": {"status": "IN_TRANSIT"}, "sent_ts": 1758758013798, "arrival_ts": 1758758013965}
{"action": "recv", "src": "AF-N12", "dst": "AF-N27", "hlc": {"phys": 1758758029290, "cnt": 0, "node": "AF-N12"}, "package_id": "PKG58013", "payload": {"status": "RECEIVED"}, "sent_ts": 1758758014170, "arrival_ts": 1758758014202}
{"action": "recv", "src": "AF-N12", "dst": "AF-N27", "hlc": {"phys": 1758758029538, "cnt": 0, "node": "AF-N12"}, "package_id": "PKG58013", "payload": {"status": "DELIVERED"}, "sent_ts": 1758758014418, "arrival_ts": 1758758014620}
{"action": "send", "src": "AF-N27", "dst": "AN-N95", "hlc": {"phys": 1758759169943, "cnt": 0, "node": "AF-N27"}, "package_id": "PKG59154", "payload": {"status": "CREATED"}, "sent_ts": 1758759154673, "arrival_ts": 1758759154673}
{"action": "send", "src": "AF-N27", "dst": "AN-N95", "hlc": {"phys": 1758759170346, "cnt": 0, "node": "AF-N27"}, "package_id": "PKG59154", "payload": {"status": "SENT"}, "sent_ts": 1758759155076, "arrival_ts": 1758759155076}
{"action": "send", "src": "AF-N27", "dst": "AN-N95", "hlc": {"phys": 1758759170625, "cnt": 0, "node": "AF-N27"}, "package_id": "PKG59154", "payload": {"status": "IN_TRANSIT"}, "sent_ts": 1758759155355, "arrival_ts": 1758759155355}
{"action": "send", "src": "AF-N27", "dst": "AN-N95", "hlc": {"phys": 1758759171004, "cnt": 0, "node": "AF-N27"}, "package_id": "PKG59154", "payload": {"status": "RECEIVED"}, "sent_ts": 1758759155734, "arrival_ts": 1758759155734}
{"action": "send", "src": "AF-N27", "dst": "AN-N95", "hlc": {"phys": 1758759171342, "cnt": 0, "node": "AF-N27"}, "package_id": "PKG59154", "payload": {"status": "DELIVERED"}, "sent_ts": 1758759156072, "arrival_ts": 1758759156072}
{"action": "send", "src": "AF-N27", "dst": "AU-N129", "hlc": {"phys": 1758761348334, "cnt": 0, "node": "AF-N27"}, "package_id": "PKG61333", "payload": {"status": "CREATED"}, "sent_ts": 1758761333064, "arrival_ts": 1758761333064}
{"action": "send", "src": "AF-N27", "dst": "AU-N129", "hlc": {"phys": 1758761348753, "cnt": 0, "node": "AF-N27"}, "package_id": "PKG61333", "payload": {"status": "SENT"}, "sent_ts": 1758761333483, "arrival_ts": 1758761333483}
{"action": "send", "src": "AF-N27", "dst": "AU-N129", "hlc": {"phys": 1758761349157, "cnt": 0, "node": "AF-N27"}, "package_id": "PKG61333", "payload": {"status": "IN_TRANSIT"}, "sent_ts": 1758761333887, "arrival_ts": 1758761333887}
{"action": "send", "src": "AF-N27", "dst": "AU-N129", "hlc": {"phys": 1758761349497, "cnt": 0, "node": "AF-N27"}, "package_id": "PKG61333", "payload": {"status": "RECEIVED"}, "sent_ts": 1758761334227, "arrival_ts": 1758761334227}
{"action": "send", "src": "AF-N27", "dst": "AU-N129", "hlc": {"phys": 1758761349745, "cnt": 0, "node": "AF-N27"}, "package_id": "PKG61333", "payload": {"status": "DELIVERED"}, "sent_ts": 1758761334475, "arrival_ts": 1758761334475}
{"action": "recv", "src": "AS-N74", "dst": "AF-N27", "hlc": {"phys": 1758761557648, "cnt": 0, "node": "AS-N74"}, "package_id": "PKG61546", "payload": {"status": "CREATED"}, "sent_ts": 1758761546908, "arrival_ts": 1758761547065}
{"action": "recv", "src": "AS-N74", "dst": "AF-N27", "hlc": {"phys": 1758761558020, "cnt": 0, "node": "AS-N74"}, "package_id": "PKG61546", "payload": {"status": "SENT"}, "sent_ts": 1758761547280, "arrival_ts": 1758761547479}
{"action": "recv", "src": "AS-N74", "dst": "AF-N27", "hlc": {"phys": 1758761558421, "cnt": 0, "node": "AS-N74"}, "package_id": "PKG61546", "payload": {"status": "IN_TRANSIT"}, "sent_ts": 1758761547681, "arrival_ts": 1758761547743}
{"action": "recv", "src": "AS-N74", "dst": "AF-N27", "hlc": {"phys": 1758761558691, "cnt": 0, "node": "AS-N74"}, "package_id": "PKG61546", "payload": {"status": "RECEIVED"}, "sent_ts": 1758761547951, "arrival_ts": 1758761548073}
{"action": "recv", "src": "AS-N74", "dst": "AF-N27", "hlc": {"phys": 1758761559016, "cnt": 0, "node": "AS-N74"}, "package_id": "PKG61546", "payload": {"status": "DELIVERED"}, "sent_ts": 1758761548276, "arrival_ts": 1758761548466}
{"action": "send", "src": "AF-N27", "dst": "NA-N24", "hlc": {"phys": 1758800903507, "cnt": 0, "node": "AF-N27"}, "package_id": "PKG888", "payload": {"status": "CREATED"}, "sent_ts": 1758800888237, "arrival_ts": 1758800888237}
{"action": "send", "src": "AF-N27", "dst": "NA-N24", "hlc": {"phys": 1758800903772, "cnt": 0, "node": "AF-N27"}, "package_id": "PKG888", "payload": {"status": "SENT"}, "sent_ts": 1758800888502, "arrival_ts": 1758800888502}
{"action": "send", "src": "AF-N27", "dst": "NA-N24", "hlc": {"phys": 1758800904095, "cnt": 0, "node": "AF-N27"}, "package_id": "PKG888", "payload": {"status": "IN_TRANSIT"}, "sent_ts": 1758800888825, "arrival_ts": 1758800888825}
{"action": "send", "src": "AF-N27", "dst": "NA-N24", "hlc": {"phys": 1758800904389, "cnt": 0, "node": "AF-N27"}, "package_id": "PKG888", "payload": {"status": "RECEIVED"}, "sent_ts": 1758800889119, "arrival_ts": 1758800889119}
{"action": "send", "src": "AF-N27", "dst": "NA-N24", "hlc": {"phys": 1758800904670, "cnt": 0, "node": "AF-N27"}, "package_id": "PKG888", "payload": {"status": "DELIVERED"}, "sent_ts": 1758800889400, "arrival_ts": 1758800889400}
{"action": "send", "src": "AF-N27", "dst": "AF-N70", "hlc": {"phys": 1758802643730, "cnt": 0, "node": "AF-N27"}, "package_id": "PKG2628", "payload": {"status": "CREATED"}, "sent_ts": 1758802628460, "arrival_ts": 1758802628460}
{"action": "send", "src": "AF-N27", "dst": "AF-N70", "hlc": {"phys": 1758802644058, "cnt": 0, "node": "AF-N27"}, "package_id": "PKG2628", "payload": {"status": "SENT"}, "sent_ts": 1758802628788, "arrival_ts": 1758802628788}
{"action": "send", "src": "AF-N27", "dst": "AF-N70", "hlc": {"phys": 1758802644476, "cnt": 0, "node": "AF-N27"}, "package_id": "PKG2628", "payload": {"status": "IN_TRANSIT"}, "sent_ts": 1758802629206, "arrival_ts": 1758802629206}
{"action": "send", "src": "AF-N27", "dst": "AF-N70", "hlc": {"phys": 1758802644885, "cnt": 0, "node": "AF-N27"}, "package_id": "PKG2628", "payload": {"status": "RECEIVED"}, "sent_ts": 1758802629615, "arrival_ts": 1758802629615}
{"action": "send", "src": "AF-N27", "dst": "AF-N70", "hlc": {"phys": 1758802645253, "cnt": 0, "node": "AF-N27"}, "package_id": "PKG2628", "payload": {"status": "DELIVERED"}, "sent_ts": 1758802629983, "arrival_ts": 1758802629983}
{"action": "send", "src": "AF-N27", "dst": "AS-N105", "hlc": {"phys": 1758805517330, "cnt": 0, "node": "AF-N27"}, "package_id": "PKG5502", "payload": {"status": "CREATED"}, "sent_ts": 1758805502060, "arrival_ts": 1758805502060}
{"action": "send", "src": "AF-N27", "dst": "AS-N105", "hlc": {"phys": 1758805517564, "cnt": 0, "node": "AF-N27"}, "package_id": "PKG5502", "payload": {"status": "SENT"}, "sent_ts": 1758805502294, "arrival_ts": 1758805502294}
{"action": "send", "src": "AF-N27", "dst": "AS-N105", "hlc": {"phys": 1758805517888, "cnt": 0, "node": "AF-N27"}, "package_id": "PKG5502", "payload": {"status": "IN_TRANSIT"}, "sent_ts": 1758805502618, "arrival_ts": 1758805502618}
{"action": "send", "src": "AF-N27", "dst": "AS-N105", "hlc": {"phys": 1758805518249, "cnt": 0, "node": "AF-N27"}, "package_id": "PKG5502", "payload": {"status": "RECEIVED"}, "sent_ts": 1758805502979, "arrival_ts": 1758805502979}
{"action": "send", "src": "AF-N27", "dst": "AS-N105", "hlc": {"phys": 1758805518553, "cnt": 0, "node": "AF-N27"}, "package_id": "PKG5502", "payload": {"status": "DELIVERED"}, "sent_ts": 1758805503283, "arrival_ts": 1758805503283}
{"action": "recv", "src": "AS-N27", "dst": "AF-N27", "hlc": {"phys": 1758805607403, "cnt": 0, "node": "AS-N27"}, "package_id": "PKG5597", "payload": {"status": "CREATED"}, "sent_ts": 1758805597133, "arrival_ts": 1758805597214}
{"action": "recv", "src": "AS-N27", "dst": "AF-N27", "hlc": {"phys": 1758805607682, "cnt": 0, "node": "AS-N27"}, "package_id": "PKG5597", "payload": {"status": "SENT"}, "sent_ts": 1758805597412, "arrival_ts": 1758805597488}
{"action": "recv", "src": "AS-N27", "dst": "AF-N27", "hlc": {"phys": 1758805607963, "cnt": 0, "node": "AS-N27"}, "package_id": "PKG5597", "payload": {"status": "IN_TRANSIT"}, "sent_ts": 1758805597693, "arrival_ts": 1758805597736}
{"action": "recv", "src": "AS-N27", "dst": "AF-N27", "hlc": {"phys": 1758805608227, "cnt": 0, "node": "AS-N27"}, "package_id": "PKG5597", "payload": {"status": "RECEIVED"}, "sent_ts": 1758805597957, "arrival_ts": 1758805598142}
{"action": "recv", "src": "AS-N27", "dst": "AF-N27", "hlc": {"phys": 1758805608614, "cnt": 0, "node": "AS-N27"}, "package_id": "PKG5597", "payload": {"status": "DELIVERED"}, "sent_ts": 1758805598344, "arrival_ts": 1758805598463}
{"action": "send", "src": "AF-N27", "dst": "SA-N107", "hlc": {"phys": 1758810046054, "cnt": 0, "node": "AF-N27"}, "package_id": "PKG10030", "payload": {"status": "CREATED"}, "sent_ts": 1758810030784, "arrival_ts": 1758810030784}
{"action": "send", "src": "AF-N27", "dst": "SA-N107", "hlc": {"phys": 1758810046333, "cnt": 0, "node": "AF-N27"}, "package_id": "PKG10030", "payload": {"status": "SENT"}, "sent_ts": 1758810031063, "arrival_ts": 1758810031063}
{"action": "send", "src": "AF-N27", "dst": "SA-N107", "hlc": {"phys": 1758810047258, "cnt": 0, "node": "AF-N27"}, "package_id": "PKG10030", "payload": {"status": "IN_TRANSIT"}, "sent_ts": 1758810031988, "arrival_ts": 1758810031988}
{"action": "send", "src": "AF-N27", "dst": "SA-N107", "hlc": {"phys": 1758810047500, "cnt": 0, "node": "AF-N27"}, "package_id": "PKG10030", "payload": {"status": "RECEIVED"}, "sent_ts": 1758810032230, "arrival_ts": 1758810032230}
{"action": "send", "src": "AF-N27", "dst": "SA-N107", "hlc": {"phys": 1758810047859, "cnt": 0, "node": "AF-N27"}, "package_id": "PKG10030", "payload": {"status": "DELIVERED"}, "sent_ts": 1758810032589, "arrival_ts": 1758810032589}
{"action": "send", "src": "AF-N27", "dst": "SA-N138", "hlc": {"phys": 1758812641947, "cnt": 0, "node": "AF-N27"}, "package_id": "PKG12626", "payload": {"status": "CREATED"}, "sent_ts": 1758812626677, "arrival_ts": 1758812626677}
{"action": "send", "src": "AF-N27", "dst": "SA-N138", "hlc": {"phys": 1758812642225, "cnt": 0, "node": "AF-N27"}, "package_id": "PKG12626", "payload": {"status": "SENT"}, "sent_ts": 1758812626955, "arrival_ts": 1758812626955}
{"action": "send", "src": "AF-N27", "dst": "SA-N138", "hlc": {"phys": 1758812642488, "cnt": 0, "node": "AF-N27"}, "package_id": "PKG12626", "payload": {"status": "IN_TRANSIT"}, "sent_ts": 1758812627218, "arrival_ts": 1758812627218}
{"action": "send", "src": "AF-N27", "dst": "SA-N138", "hlc": {"phys": 1758812642782, "cnt": 0, "node": "AF-N27"}, "package_id": "PKG12626", "payload": {"status": "RECEIVED"}, "sent_ts": 1758812627512, "arrival_ts": 1758812627512}
{"action": "send", "src": "AF-N27", "dst": "SA-N138", "hlc": {"phys": 1758812643091, "cnt": 0, "node": "AF-N27"}, "package_id": "PKG12626", "payload": {"status": "DELIVERED"}, "sent_ts": 1758812627821, "arrival_ts": 1758812627821}
{"action": "recv", "src": "AN-N47", "dst": "AF-N27", "hlc": {"phys": 1758815145458, "cnt": 0, "node": "AN-N47"}, "package_id": "PKG15114", "payload": {"status": "CREATED"}, "sent_ts": 1758815114988, "arrival_ts": 1758815115003}
{"action": "recv", "src": "AN-N47", "dst": "AF-N27", "hlc": {"phys": 1758815145677, "cnt": 0, "node": "AN-N47"}, "package_id": "PKG15114", "payload": {"status": "SENT"}, "sent_ts": 1758815115207, "arrival_ts": 1758815115392}
{"action": "recv", "src": "AN-N47", "dst": "AF-N27", "hlc": {"phys": 1758815146066, "cnt": 0, "node": "AN-N47"}, "package_id": "PKG15114", "payload": {"status": "IN_TRANSIT"}, "sent_ts": 1758815115596, "arrival_ts": 1758815115618}
{"action": "recv", "src": "AN-N47", "dst": "AF-N27", "hlc": {"phys": 1758815146298, "cnt": 0, "node": "AN-N47"}, "package_id": "PKG15114", "payload": {"status": "RECEIVED"}, "sent_ts": 1758815115828, "arrival_ts": 1758815115844}
{"action": "recv", "src": "AN-N47", "dst": "AF-N27", "hlc": {"phys": 1758815146530, "cnt": 0, "node": "AN-N47"}, "package_id": "PKG15114", "payload": {"status": "DELIVERED"}, "sent_ts": 1758815116060, "arrival_ts": 1758815116173}
{"action": "recv", "src": "SA-N198", "dst": "AF-N27", "hlc": {"phys": 1758815514413, "cnt": 0, "node": "SA-N198"}, "package_id": "PKG15492", "payload": {"status": "CREATED"}, "sent_ts": 1758815492433, "arrival_ts": 1758815492528}
{"action": "recv", "src": "SA-N198", "dst": "AF-N27", "hlc": {"phys": 1758815514709, "cnt": 0, "node": "SA-N198"}, "package_id": "PKG15492", "payload": {"status": "SENT"}, "sent_ts": 1758815492729, "arrival_ts": 1758815492759}
{"action": "recv", "src": "SA-N198", "dst": "AF-N27", "hlc": {"phys": 1758815514940, "cnt": 0, "node": "SA-N198"}, "package_id": "PKG15492", "payload": {"status": "IN_TRANSIT"}, "sent_ts": 1758815492960, "arrival_ts": 1758815493091}
{"action": "recv", "src": "SA-N198", "dst": "AF-N27", "hlc": {"phys": 1758815515262, "cnt": 0, "node": "SA-N198"}, "package_id": "PKG15492", "payload": {"status": "RECEIVED"}, "sent_ts": 1758815493282, "arrival_ts": 1758815493467}
{"action": "recv", "src": "SA-N198", "dst": "AF-N27", "hlc": {"phys": 1758815515647, "cnt": 0, "node": "SA-N198"}, "package_id": "PKG15492", "payload": {"status": "DELIVERED"}, "sent_ts": 1758815493667, "arrival_ts": 1758815493684}
{"action": "send", "src": "AF-N27", "dst": "AS-N59", "hlc": {"phys": 1758816954762, "cnt": 0, "node": "AF-N27"}, "package_id": "PKG16939", "payload": {"status": "CREATED"}, "sent_ts": 1758816939492, "arrival_ts": 1758816939492}
{"action": "send", "src": "AF-N27", "dst": "AS-N59", "hlc": {"phys": 1758816954993, "cnt": 0, "node": "AF-N27"}, "package_id": "PKG16939", "payload": {"status": "SENT"}, "sent_ts": 1758816939723, "arrival_ts": 1758816939723}
{"action": "send", "src": "AF-N27", "dst": "AS-N59", "hlc": {"phys": 1758816955351, "cnt": 0, "node": "AF-N27"}, "package_id": "PKG16939", "payload": {"status": "IN_TRANSIT"}, "sent_ts": 1758816940081, "arrival_ts": 1758816940081}
{"action": "send", "src": "AF-N27", "dst": "AS-N59", "hlc": {"phys": 1758816955648, "cnt": 0, "node": "AF-N27"}, "package_id": "PKG16939", "payload": {"status": "RECEIVED"}, "sent_ts": 1758816940378, "arrival_ts": 1758816940378}
{"action": "send", "src": "AF-N27", "dst": "AS-N59", "hlc": {"phys": 1758816955944, "cnt": 0, "node": "AF-N27"}, "package_id": "PKG16939", "payload": {"status": "DELIVERED"}, "sent_ts": 1758816940674, "arrival_ts": 1758816940674}
