{"action": "recv", "src": "EU-N102", "dst": "AF-N85", "hlc": {"phys": 1758713441466, "cnt": 0, "node": "EU-N102"}, "package_id": "PKG13435", "payload": {"status": "CREATED"}, "sent_ts": 1758713435446, "arrival_ts": 1758713435586}
{"action": "recv", "src": "EU-N102", "dst": "AF-N85", "hlc": {"phys": 1758713441811, "cnt": 0, "node": "EU-N102"}, "package_id": "PKG13435", "payload": {"status": "SENT"}, "sent_ts": 1758713435791, "arrival_ts": 1758713435942}
{"action": "recv", "src": "EU-N102", "dst": "AF-N85", "hlc": {"phys": 1758713442166, "cnt": 0, "node": "EU-N102"}, "package_id": "PKG13435", "payload": {"status": "IN_TRANSIT"}, "sent_ts": 1758713436146, "arrival_ts": 1758713436191}
{"action": "recv", "src": "EU-N102", "dst": "AF-N85", "hlc": {"phys": 1758713442412, "cnt": 0, "node": "EU-N102"}, "package_id": "PKG13435", "payload": {"status": "RECEIVED"}, "sent_ts": 1758713436392, "arrival_ts": 1758713436585}
{"action": "recv", "src": "EU-N102", "dst": "AF-N85", "hlc": {"phys": 1758713442817, "cnt": 0, "node": "EU-N102"}, "package_id": "PKG13435", "payload": {"status": "DELIVERED"}, "sent_ts": 1758713436797, "arrival_ts": 1758713436925}
{"action": "recv", "src": "NA-N144", "dst": "AF-N85", "hlc": {"phys": 1758716409779, "cnt": 0, "node": "NA-N144"}, "package_id": "PKG16408", "payload": {"status": "CREATED"}, "sent_ts": 1758716408339, "arrival_ts": 1758716408512}
{"action": "recv", "src": "NA-N144", "dst": "AF-N85", "hlc": {"phys": 1758716410175, "cnt": 0, "node": "NA-N144"}, "package_id": "PKG16408", "payload": {"status": "SENT"}, "sent_ts": 1758716408735, "arrival_ts": 1758716408881}
{"action": "recv", "src": "NA-N144", "dst": "AF-N85", "hlc": {"phys": 1758716410520, "cnt": 0, "node": "NA-N144"}, "package_id": "PKG16408", "payload": {"status": "IN_TRANSIT"}, "sent_ts": 1758716409080, "arrival_ts": 1758716409197}
{"action": "recv", "src": "NA-N144", "dst": "AF-N85", "hlc": {"phys": 1758716410840, "cnt": 0, "node": "NA-N144"}, "package_id": "PKG16408", "payload": {"status": "RECEIVED"}, "sent_ts": 1758716409400, "arrival_ts": 1758716409422}
{"action": "recv", "src": "NA-N144", "dst": "AF-N85", "hlc": {"phys": 1758716411078, "cnt": 0, "node": "NA-N144"}, "package_id": "PKG16408", "payload": {"status": "DELIVERED"}, "sent_ts": 1758716409638, "arrival_ts": 1758716409811}
{"action": "send", "src": "AF-N85", "dst": "AF-N67", "hlc": {"phys": 1758716883656, "cnt": 0, "node": "AF-N85"}, "package_id": "PKG16867", "payload": {"status": "CREATED"}, "sent_ts": 1758716867806, "arrival_ts": 1758716867806}
{"action": "send", "src": "AF-N85", "dst": "AF-N67", "hlc": {"phys": 1758716883903, "cnt": 0, "node": "AF-N85"}, "package_id": "PKG16867", "payload": {"status": "SENT"}, "sent_ts": 1758716868053, "arrival_ts": 1758716868053}
{"action": "send", "src": "AF-N85", "dst": "AF-N67", "hlc": {"phys": 1758716884213, "cnt": 0, "node": "AF-N85"}, "package_id": "PKG16867", "payload": {"status": "IN_TRANSIT"}, "sent_ts": 1758716868363, "arrival_ts": 1758716868363}
{"action": "send", "src": "AF-N85", "dst": "AF-N67", "hlc": {"phys": 1758716884540, "cnt": 0, "node": "AF-N85"}, "package_id": "PKG16867", "payload": {"status": "RECEIVED"}, "sent_ts": 1758716868690, "arrival_ts": 1758716868690}
{"action": "send", "src": "AF-N85", "dst": "AF-N67", "hlc": {"phys": 1758716884820, "cnt": 0, "node": "AF-N85"}, "package_id": "PKG16867", "payload": {"status": "DELIVERED"}, "sent_ts": 1758716868970, "arrival_ts": 1758716868970}
{"action": "recv", "src": "AF-N107", "dst": "AF-N85", "hlc": {"phys": 1758740598896, "cnt": 0, "node": "AF-N107"}, "package_id": "PKG40582", "payload": {"status": "CREATED"}, "sent_ts": 1758740582826, "arrival_ts": 1758740582935}
{"action": "recv", "src": "AF-N107", "dst": "AF-N85", "hlc": {"phys": 1758740599221, "cnt": 0, "node": "AF-N107"}, "package_id": "PKG40582", "payload": {"status": "SENT"}, "sent_ts": 1758740583151, "arrival_ts": 1758740583338}
{"action": "recv", "src": "AF-N107", "dst": "AF-N85", "hlc": {"phys": 1758740599610, "cnt": 0, "node": "AF-N107"}, "package_id": "PKG40582", "payload": {"status": "IN_TRANSIT"}, "sent_ts": 1758740583540, "arrival_ts": 1758740583687}
{"action": "recv", "src": "AF-N107", "dst": "AF-N85", "hlc": {"phys": 1758740599970, "cnt": 0, "node": "AF-N107"}, "package_id": "PKG40582", "payload": {"status": "RECEIVED"}, "sent_ts": 1758740583900, "arrival_ts": 1758740583960}
{"action": "recv", "src": "AF-N107", "dst": "AF-N85", "hlc": {"phys": 1758740600233, "cnt": 0, "node": "AF-N107"}, "package_id": "PKG40582", "payload": {"status": "DELIVERED"}, "sent_ts": 1758740584163, "arrival_ts": 1758740584218}
{"action": "send", "src": "AF-N85", "dst": "SA-N42", "hlc": {"phys": 1758741665784, "cnt": 0, "node": "AF-N85"}, "package_id": "PKG41649", "payload": {"status": "CREATED"}, "sent_ts": 1758741649934, "arrival_ts": 1758741649934}
{"action": "send", "src": "AF-N85", "dst": "SA-N42", "hlc": {"phys": 1758741666191, "cnt": 0, "node": "AF-N85"}, "package_id": "PKG41649", "payload": {"status": "SENT"}, "sent_ts": 1758741650341, "arrival_ts": 1758741650341}
{"action": "send", "src": "AF-N85", "dst": "SA-N42", "hlc": {"phys": 1758741666427, "cnt": 0, "node": "AF-N85"}, "package_id": "PKG41649", "payload": {"status": "IN_TRANSIT"}, "sent_ts": 1758741650577, "arrival_ts": 1758741650577}
{"action": "send", "src": "AF-N85", "dst": "SA-N42", "hlc": {"phys": 1758741666821, "cnt": 0, "node": "AF-N85"}, "package_id": "PKG41649", "payload": {"status": "RECEIVED"}, "sent_ts": 1758741650971, "arrival_ts": 1758741650971}
{"action": "send", "src": "AF-N85", "dst": "SA-N42", "hlc": {"phys": 1758741667035, "cnt": 0, "node": "AF-N85"}, "package_id": "PKG41649", "payload": {"status": "DELIVERED"}, "sent_ts": 1758741651185, "arrival_ts": 1758741651185}
{"action": "send", "src": "AF-N85", "dst": "AU-N164", "hlc": {"phys": 1758745030178, "cnt": 0, "node": "AF-N85"}, "package_id": "PKG45014", "payload": {"status": "CREATED"}, "sent_ts": 1758745014328, "arrival_ts": 1758745014328}
{"action": "send", "src": "AF-N85", "dst": "AU-N164", "hlc": {"phys": 1758745030535, "cnt": 0, "node": "AF-N85"}, "package_id": "PKG45014", "payload": {"status": "SENT"}, "sent_ts": 1758745014685, "arrival_ts": 1758745014685}
{"action": "send", "src": "AF-N85", "dst": "AU-N164", "hlc": {"phys": 1758745030904, "cnt": 0, "node": "AF-N85"}, "package_id": "PKG45014", "payload": {"status": "IN_TRANSIT"}, "sent_ts": 1758745015054, "arrival_ts": 1758745015054}
{"action": "send", "src": "AF-N85", "dst": "AU-N164", "hlc": {"phys": 1758745031273, "cnt": 0, "node": "AF-N85"}, "package_id": "PKG45014", "payload": {"status": "RECEIVED"}, "sent_ts": 1758745015423, "arrival_ts": 1758745015423}
{"action": "send", "src": "AF-N85", "dst": "AU-N164", "hlc": {"phys": 1758745031676, "cnt": 0, "node": "AF-N85"}, "package_id": "PKG45014", "payload": {"status": "DELIVERED"}, "sent_ts": 1758745015826, "arrival_ts": 1758745015826}
{"action": "recv", "src": "AN-N165", "dst": "AF-N85", "hlc": {"phys": 1758754155834, "cnt": 0, "node": "AN-N165"}, "package_id": "PKG54124", "payload": {"status": "CREATED"}, "sent_ts": 1758754124184, "arrival_ts": 1758754124214}
{"action": "recv", "src": "AN-N165", "dst": "AF-N85", "hlc": {"phys": 1758754156069, "cnt": 0, "node": "AN-N165"}, "package_id": "PKG54124", "payload": {"status": "SENT"}, "sent_ts": 1758754124419, "arrival_ts": 1758754124505}
{"action": "recv", "src": "AN-N165", "dst": "AF-N85", "hlc": {"phys": 1758754156375, "cnt": 0, "node": "AN-N165"}, "package_id": "PKG54124", "payload": {"status": "IN_TRANSIT"}, "sent_ts": 1758754124725, "arrival_ts": 1758754124802}
{"action": "recv", "src": "AN-N165", "dst": "AF-N85", "hlc": {"phys": 1758754156664, "cnt": 0, "node": "AN-N165"}, "package_id": "PKG54124", "payload": {"status": "RECEIVED"}, "sent_ts": 1758754125014, "arrival_ts": 1758754125027}
{"action": "recv", "src": "AN-N165", "dst": "AF-N85", "hlc": {"phys": 1758754156884, "cnt": 0, "node": "AN-N165"}, "package_id": "PKG54124", "payload": {"status": "DELIVERED"}, "sent_ts": 1758754125234, "arrival_ts": 1758754125402}
{"action": "send", "src": "AF-N85", "dst": "AS-N25", "hlc": {"phys": 1758754653663, "cnt": 0, "node": "AF-N85"}, "package_id": "PKG54637", "payload": {"status": "CREATED"}, "sent_ts": 1758754637813, "arrival_ts": 1758754637813}
{"action": "send", "src": "AF-N85", "dst": "AS-N25", "hlc": {"phys": 1758754653992, "cnt": 0, "node": "AF-N85"}, "package_id": "PKG54637", "payload": {"status": "SENT"}, "sent_ts": 1758754638142, "arrival_ts": 1758754638142}
{"action": "send", "src": "AF-N85", "dst": "AS-N25", "hlc": {"phys": 1758754654264, "cnt": 0, "node": "AF-N85"}, "package_id": "PKG54637", "payload": {"status": "IN_TRANSIT"}, "sent_ts": 1758754638414, "arrival_ts": 1758754638414}
{"action": "send", "src": "AF-N85", "dst": "AS-N25", "hlc": {"phys": 1758754654669, "cnt": 0, "node": "AF-N85"}, "package_id": "PKG54637", "payload": {"status": "RECEIVED"}, "sent_ts": 1758754638819, "arrival_ts": 1758754638819}
{"action": "send", "src": "AF-N85", "dst": "AS-N25", "hlc": {"phys": 1758754655009, "cnt": 0, "node": "AF-N85"}, "package_id": "PKG54637", "payload": {"status": "DELIVERED"}, "sent_ts": 1758754639159, "arrival_ts": 1758754639159}
{"action": "recv", "src": "AS-N31", "dst": "AF-N85", "hlc": {"phys": 1758763085419, "cnt": 0, "node": "AS-N31"}, "package_id": "PKG63075", "payload": {"status": "CREATED"}, "sent_ts": 1758763075109, "arrival_ts": 1758763075177}
{"action": "recv", "src": "AS-N31", "dst": "AF-N85", "hlc": {"phys": 1758763085685, "cnt": 0, "node": "AS-N31"}, "package_id": "PKG63075", "payload": {"status": "SENT"}, "sent_ts": 1758763075375, "arrival_ts": 1758763075411}
{"action": "recv", "src": "AS-N31", "dst": "AF-N85", "hlc": {"phys": 1758763085930, "cnt": 0, "node": "AS-N31"}, "package_id": "PKG63075", "payload": {"status": "IN_TRANSIT"}, "sent_ts": 1758763075620, "arrival_ts": 1758763075756}
{"action": "recv", "src": "AS-N31", "dst": "AF-N85", "hlc": {"phys": 1758763086271, "cnt": 0, "node": "AS-N31"}, "package_id": "PKG63075", "payload": {"status": "RECEIVED"}, "sent_ts": 1758763075961, "arrival_ts": 1758763076135}
{"action": "recv", "src": "AS-N31", "dst": "AF-N85", "hlc": {"phys": 1758763086641, "cnt": 0, "node": "AS-N31"}, "package_id": "PKG63075", "payload": {"status": "DELIVERED"}, "sent_ts": 1758763076331, "arrival_ts": 1758763076405}
{"action": "send", "src": "AF-N85", "dst": "AS-N74", "hlc": {"phys": 1758763306453, "cnt": 0, "node": "AF-N85"}, "package_id": "PKG63290", "payload": {"status": "CREATED"}, "sent_ts": 1758763290603, "arrival_ts": 1758763290603}
{"action": "send", "src": "AF-N85", "dst": "AS-N74", "hlc": {"phys": 1758763306733, "cnt": 0, "node": "AF-N85"}, "package_id": "PKG63290", "payload": {"status": "SENT"}, "sent_ts": 1758763290883, "arrival_ts": 1758763290883}
{"action": "send", "src": "AF-N85", "dst": "AS-N74", "hlc": {"phys": 1758763306982, "cnt": 0, "node": "AF-N85"}, "package_id": "PKG63290", "payload": {"status": "IN_TRANSIT"}, "sent_ts": 1758763291132, "arrival_ts": 1758763291132}
{"action": "send", "src": "AF-N85", "dst": "AS-N74", "hlc": {"phys": 1758763307293, "cnt": 0, "node": "AF-N85"}, "package_id": "PKG63290", "payload": {"status": "RECEIVED"}, "sent_ts": 1758763291443, "arrival_ts": 1758763291443}
{"action": "send", "src": "AF-N85", "dst": "AS-N74", "hlc": {"phys": 1758763307666, "cnt": 0, "node": "AF-N85"}, "package_id": "PKG63290", "payload": {"status": "DELIVERED"}, "sent_ts": 1758763291816, "arrival_ts": 1758763291816}
{"action": "recv", "src": "AU-N90", "dst": "AF-N85", "hlc": {"phys": 1758800120330, "cnt": 0, "node": "AU-N90"}, "package_id": "PKG94", "payload": {"status": "CREATED"}, "sent_ts": 1758800094430, "arrival_ts": 1758800094449}
{"action": "recv", "src": "AU-N90", "dst": "AF-N85", "hlc": {"phys": 1758800120567, "cnt": 0, "node": "AU-N90"}, "package_id": "PKG94", "payload": {"status": "SENT"}, "sent_ts": 1758800094666, "arrival_ts": 1758800094753}
{"action": "recv", "src": "AU-N90", "dst": "AF-N85", "hlc": {"phys": 1758800120858, "cnt": 0, "node": "AU-N90"}, "package_id": "PKG94", "payload": {"status": "IN_TRANSIT"}, "sent_ts": 1758800094958, "arrival_ts": 1758800095150}
{"action": "recv", "src": "AU-N90", "dst": "AF-N85", "hlc": {"phys": 1758800121255, "cnt": 0, "node": "AU-N90"}, "package_id": "PKG94", "payload": {"status": "RECEIVED"}, "sent_ts": 1758800095355, "arrival_ts": 1758800095508}
{"action": "recv", "src": "AU-N90", "dst": "AF-N85", "hlc": {"phys": 1758800121609, "cnt": 0, "node": "AU-N90"}, "package_id": "PKG94", "payload": {"status": "DELIVERED"}, "sent_ts": 1758800095709, "arrival_ts": 1758800095728}
{"action": "send", "src": "AF-N85", "dst": "SA-N66", "hlc": {"phys": 1758800141231, "cnt": 0, "node": "AF-N85"}, "package_id": "PKG125", "payload": {"status": "CREATED"}, "sent_ts": 1758800125381, "arrival_ts": 1758800125381}
{"action": "send", "src": "AF-N85", "dst": "SA-N66", "hlc": {"phys": 1758800141586, "cnt": 0, "node": "AF-N85"}, "package_id": "PKG125", "payload": {"status": "SENT"}, "sent_ts": 1758800125736, "arrival_ts": 1758800125736}
{"action": "send", "src": "AF-N85", "dst": "SA-N66", "hlc": {"phys": 1758800141942, "cnt": 0, "node": "AF-N85"}, "package_id": "PKG125", "payload": {"status": "IN_TRANSIT"}, "sent_ts": 1758800126092, "arrival_ts": 1758800126092}
{"action": "send", "src": "AF-N85", "dst": "SA-N66", "hlc": {"phys": 1758800142317, "cnt": 0, "node": "AF-N85"}, "package_id": "PKG125", "payload": {"status": "RECEIVED"}, "sent_ts": 1758800126467, "arrival_ts": 1758800126467}
{"action": "send", "src": "AF-N85", "dst": "SA-N66", "hlc": {"phys": 1758800142629, "cnt": 0, "node": "AF-N85"}, "package_id": "PKG125", "payload": {"status": "DELIVERED"}, "sent_ts": 1758800126779, "arrival_ts": 1758800126779}
{"action": "send", "src": "AF-N85", "dst": "AF-N134", "hlc": {"phys": 1758802707090, "cnt": 0, "node": "AF-N85"}, "package_id": "PKG2691", "payload": {"status": "CREATED"}, "sent_ts": 1758802691240, "arrival_ts": 1758802691240}
{"action": "send", "src": "AF-N85", "dst": "AF-N134", "hlc": {"phys": 1758802707338, "cnt": 0, "node": "AF-N85"}, "package_id": "PKG2691", "payload": {"status": "SENT"}, "sent_ts": 1758802691488, "arrival_ts": 1758802691488}
{"action": "send", "src": "AF-N85", "dst": "AF-N134", "hlc": {"phys": 1758802707686, "cnt": 0, "node": "AF-N85"}, "package_id": "PKG2691", "payload": {"status": "IN_TRANSIT"}, "sent_ts": 1758802691836, "arrival_ts": 1758802691836}
{"action": "send", "src": "AF-N85", "dst": "AF-N134", "hlc": {"phys": 1758802707970, "cnt": 0, "node": "AF-N85"}, "package_id": "PKG2691", "payload": {"status": "RECEIVED"}, "sent_ts": 1758802692120, "arrival_ts": 1758802692120}
{"action": "send", "src": "AF-N85", "dst": "AF-N134", "hlc": {"phys": 1758802708308, "cnt": 0, "node": "AF-N85"}, "package_id": "PKG2691", "payload": {"status": "DELIVERED"}, "sent_ts": 1758802692458, "arrival_ts": 1758802692458}
{"action": "recv", "src": "AU-N91", "dst": "AF-N85", "hlc": {"phys": 1758805855991, "cnt": 0, "node": "AU-N91"}, "package_id": "PKG5830", "payload": {"status": "CREATED"}, "sent_ts": 1758805830081, "arrival_ts": 1758805830259}
{"action": "recv", "src": "AU-N91", "dst": "AF-N85", "hlc": {"phys": 1758805856364, "cnt": 0, "node": "AU-N91"}, "package_id": "PKG5830", "payload": {"status": "SENT"}, "sent_ts": 1758805830454, "arrival_ts": 1758805830531}
{"action": "recv", "src": "AU-N91", "dst": "AF-N85", "hlc": {"phys": 1758805856642, "cnt": 0, "node": "AU-N91"}, "package_id": "PKG5830", "payload": {"status": "IN_TRANSIT"}, "sent_ts": 1758805830732, "arrival_ts": 1758805830801}
{"action": "recv", "src": "AU-N91", "dst": "AF-N85", "hlc": {"phys": 1758805856921, "cnt": 0, "node": "AU-N91"}, "package_id": "PKG5830", "payload": {"status": "RECEIVED"}, "sent_ts": 1758805831011, "arrival_ts": 1758805831109}
{"action": "recv", "src": "AU-N91", "dst": "AF-N85", "hlc": {"phys": 1758805857213, "cnt": 0, "node": "AU-N91"}, "package_id": "PKG5830", "payload": {"status": "DELIVERED"}, "sent_ts": 1758805831303, "arrival_ts": 1758805831392}
{"action": "send", "src": "AF-N85", "dst": "AS-N149", "hlc": {"phys": 1758813143057, "cnt": 0, "node": "AF-N85"}, "package_id": "PKG13127", "payload": {"status": "CREATED"}, "sent_ts": 1758813127207, "arrival_ts": 1758813127207}
{"action": "send", "src": "AF-N85", "dst": "AS-N149", "hlc": {"phys": 1758813143291, "cnt": 0, "node": "AF-N85"}, "package_id": "PKG13127", "payload": {"status": "SENT"}, "sent_ts": 1758813127441, "arrival_ts": 1758813127441}
{"action": "send", "src": "AF-N85", "dst": "AS-N149", "hlc": {"phys": 1758813143508, "cnt": 0, "node": "AF-N85"}, "package_id": "PKG13127", "payload": {"status": "IN_TRANSIT"}, "sent_ts": 1758813127658, "arrival_ts": 1758813127658}
{"action": "send", "src": "AF-N85", "dst": "AS-N149", "hlc": {"phys": 1758813143894, "cnt": 0, "node": "AF-N85"}, "package_id": "PKG13127", "payload": {"status": "RECEIVED"}, "sent_ts": 1758813128044, "arrival_ts": 1758813128044}
{"action": "send", "src": "AF-N85", "dst": "AS-N149", "hlc": {"phys": 1758813144271, "cnt": 0, "node": "AF-N85"}, "package_id": "PKG13127", "payload": {"status": "DELIVERED"}, "sent_ts": 1758813128421, "arrival_ts": 1758813128421}
{"action": "recv", "src": "EU-N68", "dst": "AF-N85", "hlc": {"phys": 1758814308821, "cnt": 0, "node": "EU-N68"}, "package_id": "PKG14303", "payload": {"status": "CREATED"}, "sent_ts": 1758814303141, "arrival_ts": 1758814303251}
{"action": "recv", "src": "EU-N68", "dst": "AF-N85", "hlc": {"phys": 1758814309132, "cnt": 0, "node": "EU-N68"}, "package_id": "PKG14303", "payload": {"status": "SENT"}, "sent_ts": 1758814303452, "arrival_ts": 1758814303539}
{"action": "recv", "src": "EU-N68", "dst": "AF-N85", "hlc": {"phys": 1758814309425, "cnt": 0, "node": "EU-N68"}, "package_id": "PKG14303", "payload": {"status": "IN_TRANSIT"}, "sent_ts": 1758814303745, "arrival_ts": 1758814303897}
{"action": "recv", "src": "EU-N68", "dst": "AF-N85", "hlc": {"phys": 1758814309783, "cnt": 0, "node": "EU-N68"}, "package_id": "PKG14303", "payload": {"status": "RECEIVED"}, "sent_ts": 1758814304103, "arrival_ts": 1758814304168}
{"action": "recv", "src": "EU-N68", "dst": "AF-N85", "hlc": {"phys": 1758814310048, "cnt": 0, "node": "EU-N68"}, "package_id": "PKG14303", "payload": {"status": "DELIVERED"}, "sent_ts": 1758814304368, "arrival_ts": 1758814304422}
{"action": "send", "src": "AF-N85", "dst": "AN-N30", "hlc": {"phys": 1758816190917, "cnt": 0, "node": "AF-N85"}, "package_id": "PKG16175", "payload": {"status": "CREATED"}, "sent_ts": 1758816175067, "arrival_ts": 1758816175067}
{"action": "send", "src": "AF-N85", "dst": "AN-N30", "hlc": {"phys": 1758816191272, "cnt": 0, "node": "AF-N85"}, "package_id": "PKG16175", "payload": {"status": "SENT"}, "sent_ts": 1758816175422, "arrival_ts": 1758816175422}
{"action": "send", "src": "AF-N85", "dst": "AN-N30", "hlc": {"phys": 1758816191584, "cnt": 0, "node": "AF-N85"}, "package_id": "PKG16175", "payload": {"status": "IN_TRANSIT"}, "sent_ts": 1758816175734, "arrival_ts": 1758816175734}
{"action": "send", "src": "AF-N85", "dst": "AN-N30", "hlc": {"phys": 1758816191895, "cnt": 0, "node": "AF-N85"}, "package_id": "PKG16175", "payload": {"status": "RECEIVED"}, "sent_ts": 1758816176045, "arrival_ts": 1758816176045}
{"action": "send", "src": "AF-N85", "dst": "AN-N30", "hlc": {"phys": 1758816192173, "cnt": 0, "node": "AF-N85"}, "package_id": "PKG16175", "payload": {"status": "DELIVERED"}, "sent_ts": 1758816176323, "arrival_ts": 1758816176323}
