{"action": "recv", "src": "AU-N6", "dst": "AF-N135", "hlc": {"phys": 1758718437721, "cnt": 0, "node": "AU-N6"}, "package_id": "PKG18412", "payload": {"status": "CREATED"}, "sent_ts": 1758718412661, "arrival_ts": 1758718412815}
{"action": "recv", "src": "AU-N6", "dst": "AF-N135", "hlc": {"phys": 1758718438088, "cnt": 0, "node": "AU-N6"}, "package_id": "PKG18412", "payload": {"status": "SENT"}, "sent_ts": 1758718413028, "arrival_ts": 1758718413126}
{"action": "recv", "src": "AU-N6", "dst": "AF-N135", "hlc": {"phys": 1758718438392, "cnt": 0, "node": "AU-N6"}, "package_id": "PKG18412", "payload": {"status": "IN_TRANSIT"}, "sent_ts": 1758718413332, "arrival_ts": 1758718413462}
{"action": "recv", "src": "AU-N6", "dst": "AF-N135", "hlc": {"phys": 1758718438724, "cnt": 0, "node": "AU-N6"}, "package_id": "PKG18412", "payload": {"status": "RECEIVED"}, "sent_ts": 1758718413664, "arrival_ts": 1758718413824}
{"action": "recv", "src": "AU-N6", "dst": "AF-N135", "hlc": {"phys": 1758718439092, "cnt": 0, "node": "AU-N6"}, "package_id": "PKG18412", "payload": {"status": "DELIVERED"}, "sent_ts": 1758718414032, "arrival_ts": 1758718414121}
{"action": "send", "src": "AF-N135", "dst": "NA-N163", "hlc": {"phys": 1758738468734, "cnt": 0, "node": "AF-N135"}, "package_id": "PKG38452", "payload": {"status": "CREATED"}, "sent_ts": 1758738452384, "arrival_ts": 1758738452384}
{"action": "send", "src": "AF-N135", "dst": "NA-N163", "hlc": {"phys": 1758738468986, "cnt": 0, "node": "AF-N135"}, "package_id": "PKG38452", "payload": {"status": "SENT"}, "sent_ts": 1758738452636, "arrival_ts": 1758738452636}
{"action": "send", "src": "AF-N135", "dst": "NA-N163", "hlc": {"phys": 1758738469265, "cnt": 0, "node": "AF-N135"}, "package_id": "PKG38452", "payload": {"status": "IN_TRANSIT"}, "sent_ts": 1758738452915, "arrival_ts": 1758738452915}
{"action": "send", "src": "AF-N135", "dst": "NA-N163", "hlc": {"phys": 1758738469643, "cnt": 0, "node": "AF-N135"}, "package_id": "PKG38452", "payload": {"status": "RECEIVED"}, "sent_ts": 1758738453293, "arrival_ts": 1758738453293}
{"action": "send", "src": "AF-N135", "dst": "NA-N163", "hlc": {"phys": 1758738469906, "cnt": 0, "node": "AF-N135"}, "package_id": "PKG38452", "payload": {"status": "DELIVERED"}, "sent_ts": 1758738453556, "arrival_ts": 1758738453556}
{"action": "recv", "src": "AU-N106", "dst": "AF-N135", "hlc": {"phys": 1758738685356, "cnt": 0, "node": "AU-N106"}, "package_id": "PKG38659", "payload": {"status": "CREATED"}, "sent_ts": 1758738659296, "arrival_ts": 1758738659385}
{"action": "recv", "src": "AU-N106", "dst": "AF-N135", "hlc": {"phys": 1758738685649, "cnt": 0, "node": "AU-N106"}, "package_id": "PKG38659", "payload": {"status": "SENT"}, "sent_ts": 1758738659589, "arrival_ts": 1758738659708}
{"action": "recv", "src": "AU-N106", "dst": "AF-N135", "hlc": {"phys": 1758738685989, "cnt": 0, "node": "AU-N106"}, "package_id": "PKG38659", "payload": {"status": "IN_TRANSIT"}, "sent_ts": 1758738659929, "arrival_ts": 1758738659963}
{"action": "recv", "src": "AU-N106", "dst": "AF-N135", "hlc": {"phys": 1758738686229, "cnt": 0, "node": "AU-N106"}, "package_id": "PKG38659", "payload": {"status": "RECEIVED"}, "sent_ts": 1758738660169, "arrival_ts": 1758738660301}
{"action": "recv", "src": "AU-N106", "dst": "AF-N135", "hlc": {"phys": 1758738686571, "cnt": 0, "node": "AU-N106"}, "package_id": "PKG38659", "payload": {"status": "DELIVERED"}, "sent_ts": 1758738660511, "arrival_ts": 1758738660701}
{"action": "send", "src": "AF-N135", "dst": "NA-N136", "hlc": {"phys": 1758743815306, "cnt": 0, "node": "AF-N135"}, "package_id": "PKG43798", "payload": {"status": "CREATED"}, "sent_ts": 1758743798956, "arrival_ts": 1758743798956}
{"action": "send", "src": "AF-N135", "dst": "NA-N136", "hlc": {"phys": 1758743815553, "cnt": 0, "node": "AF-N135"}, "package_id": "PKG43798", "payload": {"status": "SENT"}, "sent_ts": 1758743799203, "arrival_ts": 1758743799203}
{"action": "send", "src": "AF-N135", "dst": "NA-N136", "hlc": {"phys": 1758743815818, "cnt": 0, "node": "AF-N135"}, "package_id": "PKG43798", "payload": {"status": "IN_TRANSIT"}, "sent_ts": 1758743799468, "arrival_ts": 1758743799468}
{"action": "send", "src": "AF-N135", "dst": "NA-N136", "hlc": {"phys": 1758743816111, "cnt": 0, "node": "AF-N135"}, "package_id": "PKG43798", "payload": {"status": "RECEIVED"}, "sent_ts": 1758743799761, "arrival_ts": 1758743799761}
{"action": "send", "src": "AF-N135", "dst": "NA-N136", "hlc": {"phys": 1758743816356, "cnt": 0, "node": "AF-N135"}, "package_id": "PKG43798", "payload": {"status": "DELIVERED"}, "sent_ts": 1758743800006, "arrival_ts": 1758743800006}
{"action": "recv", "src": "AS-N131", "dst": "AF-N135", "hlc": {"phys": 1758745486345, "cnt": 0, "node": "AS-N131"}, "package_id": "PKG45475", "payload": {"status": "CREATED"}, "sent_ts": 1758745475035, "arrival_ts": 1758745475189}
{"action": "recv", "src": "AS-N131", "dst": "AF-N135", "hlc": {"phys": 1758745486712, "cnt": 0, "node": "AS-N131"}, "package_id": "PKG45475", "payload": {"status": "SENT"}, "sent_ts": 1758745475402, "arrival_ts": 1758745475445}
{"action": "recv", "src": "AS-N131", "dst": "AF-N135", "hlc": {"phys": 1758745486961, "cnt": 0, "node": "AS-N131"}, "package_id": "PKG45475", "payload": {"status": "IN_TRANSIT"}, "sent_ts": 1758745475651, "arrival_ts": 1758745475768}
{"action": "recv", "src": "AS-N131", "dst": "AF-N135", "hlc": {"phys": 1758745487289, "cnt": 0, "node": "AS-N131"}, "package_id": "PKG45475", "payload": {"status": "RECEIVED"}, "sent_ts": 1758745475979, "arrival_ts": 1758745476026}
{"action": "recv", "src": "AS-N131", "dst": "AF-N135", "hlc": {"phys": 1758745487538, "cnt": 0, "node": "AS-N131"}, "package_id": "PKG45475", "payload": {"status": "DELIVERED"}, "sent_ts": 1758745476228, "arrival_ts": 1758745476314}
{"action": "send", "src": "AF-N135", "dst": "NA-N150", "hlc": {"phys": 1758750085464, "cnt": 0, "node": "AF-N135"}, "package_id": "PKG50069", "payload": {"status": "CREATED"}, "sent_ts": 1758750069114, "arrival_ts": 1758750069114}
{"action": "send", "src": "AF-N135", "dst": "NA-N150", "hlc": {"phys": 1758750085710, "cnt": 0, "node": "AF-N135"}, "package_id": "PKG50069", "payload": {"status": "SENT"}, "sent_ts": 1758750069360, "arrival_ts": 1758750069360}
{"action": "send", "src": "AF-N135", "dst": "NA-N150", "hlc": {"phys": 1758750085987, "cnt": 0, "node": "AF-N135"}, "package_id": "PKG50069", "payload": {"status": "IN_TRANSIT"}, "sent_ts": 1758750069637, "arrival_ts": 1758750069637}
{"action": "send", "src": "AF-N135", "dst": "NA-N150", "hlc": {"phys": 1758750086272, "cnt": 0, "node": "AF-N135"}, "package_id": "PKG50069", "payload": {"status": "RECEIVED"}, "sent_ts": 1758750069922, "arrival_ts": 1758750069922}
{"action": "send", "src": "AF-N135", "dst": "NA-N150", "hlc": {"phys": 1758750086656, "cnt": 0, "node": "AF-N135"}, "package_id": "PKG50069", "payload": {"status": "DELIVERED"}, "sent_ts": 1758750070306, "arrival_ts": 1758750070306}
{"action": "send", "src": "AF-N135", "dst": "SA-N91", "hlc": {"phys": 1758752069302, "cnt": 0, "node": "AF-N135"}, "package_id": "PKG52052", "payload": {"status": "CREATED"}, "sent_ts": 1758752052952, "arrival_ts": 1758752052952}
{"action": "send", "src": "AF-N135", "dst": "SA-N91", "hlc": {"phys": 1758752069708, "cnt": 0, "node": "AF-N135"}, "package_id": "PKG52052", "payload": {"status": "SENT"}, "sent_ts": 1758752053358, "arrival_ts": 1758752053358}
{"action": "send", "src": "AF-N135", "dst": "SA-N91", "hlc": {"phys": 1758752069997, "cnt": 0, "node": "AF-N135"}, "package_id": "PKG52052", "payload": {"status": "IN_TRANSIT"}, "sent_ts": 1758752053647, "arrival_ts": 1758752053647}
{"action": "send", "src": "AF-N135", "dst": "SA-N91", "hlc": {"phys": 1758752070406, "cnt": 0, "node": "AF-N135"}, "package_id": "PKG52052", "payload": {"status": "RECEIVED"}, "sent_ts": 1758752054056, "arrival_ts": 1758752054056}
{"action": "send", "src": "AF-N135", "dst": "SA-N91", "hlc": {"phys": 1758752070659, "cnt": 0, "node": "AF-N135"}, "package_id": "PKG52052", "payload": {"status": "DELIVERED"}, "sent_ts": 1758752054309, "arrival_ts": 1758752054309}
{"action": "send", "src": "AF-N135", "dst": "AU-N59", "hlc": {"phys": 1758755052490, "cnt": 0, "node": "AF-N135"}, "package_id": "PKG55036", "payload": {"status": "CREATED"}, "sent_ts": 1758755036139, "arrival_ts": 1758755036140}
{"action": "send", "src": "AF-N135", "dst": "AU-N59", "hlc": {"phys": 1758755052804, "cnt": 0, "node": "AF-N135"}, "package_id": "PKG55036", "payload": {"status": "SENT"}, "sent_ts": 1758755036454, "arrival_ts": 1758755036454}
{"action": "send", "src": "AF-N135", "dst": "AU-N59", "hlc": {"phys": 1758755053197, "cnt": 0, "node": "AF-N135"}, "package_id": "PKG55036", "payload": {"status": "IN_TRANSIT"}, "sent_ts": 1758755036847, "arrival_ts": 1758755036847}
{"action": "send", "src": "AF-N135", "dst": "AU-N59", "hlc": {"phys": 1758755053420, "cnt": 0, "node": "AF-N135"}, "package_id": "PKG55036", "payload": {"status": "RECEIVED"}, "sent_ts": 1758755037070, "arrival_ts": 1758755037070}
{"action": "send", "src": "AF-N135", "dst": "AU-N59", "hlc": {"phys": 1758755053733, "cnt": 0, "node": "AF-N135"}, "package_id": "PKG55036", "payload": {"status": "DELIVERED"}, "sent_ts": 1758755037383, "arrival_ts": 1758755037383}
{"action": "recv", "src": "AU-N190", "dst": "AF-N135", "hlc": {"phys": 1758755091008, "cnt": 0, "node": "AU-N190"}, "package_id": "PKG55064", "payload": {"status": "CREATED"}, "sent_ts": 1758755064108, "arrival_ts": 1758755064255}
{"action": "recv", "src": "AU-N190", "dst": "AF-N135", "hlc": {"phys": 1758755091375, "cnt": 0, "node": "AU-N190"}, "package_id": "PKG55064", "payload": {"status": "SENT"}, "sent_ts": 1758755064475, "arrival_ts": 1758755064492}
{"action": "recv", "src": "AU-N190", "dst": "AF-N135", "hlc": {"phys": 1758755091599, "cnt": 0, "node": "AU-N190"}, "package_id": "PKG55064", "payload": {"status": "IN_TRANSIT"}, "sent_ts": 1758755064699, "arrival_ts": 1758755064875}
{"action": "recv", "src": "AU-N190", "dst": "AF-N135", "hlc": {"phys": 1758755091981, "cnt": 0, "node": "AU-N190"}, "package_id": "PKG55064", "payload": {"status": "RECEIVED"}, "sent_ts": 1758755065081, "arrival_ts": 1758755065200}
{"action": "recv", "src": "AU-N190", "dst": "AF-N135", "hlc": {"phys": 1758755092308, "cnt": 0, "node": "AU-N190"}, "package_id": "PKG55064", "payload": {"status": "DELIVERED"}, "sent_ts": 1758755065408, "arrival_ts": 1758755065444}
{"action": "send", "src": "AF-N135", "dst": "NA-N136", "hlc": {"phys": 1758760428225, "cnt": 0, "node": "AF-N135"}, "package_id": "PKG60411", "payload": {"status": "CREATED"}, "sent_ts": 1758760411875, "arrival_ts": 1758760411875}
{"action": "send", "src": "AF-N135", "dst": "NA-N136", "hlc": {"phys": 1758760428472, "cnt": 0, "node": "AF-N135"}, "package_id": "PKG60411", "payload": {"status": "SENT"}, "sent_ts": 1758760412122, "arrival_ts": 1758760412122}
{"action": "send", "src": "AF-N135", "dst": "NA-N136", "hlc": {"phys": 1758760428706, "cnt": 0, "node": "AF-N135"}, "package_id": "PKG60411", "payload": {"status": "IN_TRANSIT"}, "sent_ts": 1758760412356, "arrival_ts": 1758760412356}
{"action": "send", "src": "AF-N135", "dst": "NA-N136", "hlc": {"phys": 1758760429031, "cnt": 0, "node": "AF-N135"}, "package_id": "PKG60411", "payload": {"status": "RECEIVED"}, "sent_ts": 1758760412681, "arrival_ts": 1758760412681}
{"action": "send", "src": "AF-N135", "dst": "NA-N136", "hlc": {"phys": 1758760429419, "cnt": 0, "node": "AF-N135"}, "package_id": "PKG60411", "payload": {"status": "DELIVERED"}, "sent_ts": 1758760413069, "arrival_ts": 1758760413069}
{"action": "recv", "src": "EU-N197", "dst": "AF-N135", "hlc": {"phys": 1758761525008, "cnt": 0, "node": "EU-N197"}, "package_id": "PKG61518", "payload": {"status": "CREATED"}, "sent_ts": 1758761518038, "arrival_ts": 1758761518063}
{"action": "recv", "src": "EU-N197", "dst": "AF-N135", "hlc": {"phys": 1758761525248, "cnt": 0, "node": "EU-N197"}, "package_id": "PKG61518", "payload": {"status": "SENT"}, "sent_ts": 1758761518278, "arrival_ts": 1758761518359}
{"action": "recv", "src": "EU-N197", "dst": "AF-N135", "hlc": {"phys": 1758761525536, "cnt": 0, "node": "EU-N197"}, "package_id": "PKG61518", "payload": {"status": "IN_TRANSIT"}, "sent_ts": 1758761518566, "arrival_ts": 1758761518668}
{"action": "recv", "src": "EU-N197", "dst": "AF-N135", "hlc": {"phys": 1758761525843, "cnt": 0, "node": "EU-N197"}, "package_id": "PKG61518", "payload": {"status": "RECEIVED"}, "sent_ts": 1758761518873, "arrival_ts": 1758761519060}
{"action": "recv", "src": "EU-N197", "dst": "AF-N135", "hlc": {"phys": 1758761526225, "cnt": 0, "node": "EU-N197"}, "package_id": "PKG61518", "payload": {"status": "DELIVERED"}, "sent_ts": 1758761519255, "arrival_ts": 1758761519410}
{"action": "recv", "src": "EU-N47", "dst": "AF-N135", "hlc": {"phys": 1758761664869, "cnt": 0, "node": "EU-N47"}, "package_id": "PKG61659", "payload": {"status": "CREATED"}, "sent_ts": 1758761659399, "arrival_ts": 1758761659507}
{"action": "recv", "src": "EU-N47", "dst": "AF-N135", "hlc": {"phys": 1758761665185, "cnt": 0, "node": "EU-N47"}, "package_id": "PKG61659", "payload": {"status": "SENT"}, "sent_ts": 1758761659715, "arrival_ts": 1758761659860}
{"action": "recv", "src": "EU-N47", "dst": "AF-N135", "hlc": {"phys": 1758761665541, "cnt": 0, "node": "EU-N47"}, "package_id": "PKG61659", "payload": {"status": "IN_TRANSIT"}, "sent_ts": 1758761660071, "arrival_ts": 1758761660140}
{"action": "recv", "src": "EU-N47", "dst": "AF-N135", "hlc": {"phys": 1758761665817, "cnt": 0, "node": "EU-N47"}, "package_id": "PKG61659", "payload": {"status": "RECEIVED"}, "sent_ts": 1758761660347, "arrival_ts": 1758761660475}
{"action": "recv", "src": "EU-N47", "dst": "AF-N135", "hlc": {"phys": 1758761666150, "cnt": 0, "node": "EU-N47"}, "package_id": "PKG61659", "payload": {"status": "DELIVERED"}, "sent_ts": 1758761660680, "arrival_ts": 1758761660743}
{"action": "recv", "src": "AS-N81", "dst": "AF-N135", "hlc": {"phys": 1758763450577, "cnt": 0, "node": "AS-N81"}, "package_id": "PKG63439", "payload": {"status": "CREATED"}, "sent_ts": 1758763439767, "arrival_ts": 1758763439832}
{"action": "recv", "src": "AS-N81", "dst": "AF-N135", "hlc": {"phys": 1758763450842, "cnt": 0, "node": "AS-N81"}, "package_id": "PKG63439", "payload": {"status": "SENT"}, "sent_ts": 1758763440032, "arrival_ts": 1758763440209}
{"action": "recv", "src": "AS-N81", "dst": "AF-N135", "hlc": {"phys": 1758763451231, "cnt": 0, "node": "AS-N81"}, "package_id": "PKG63439", "payload": {"status": "IN_TRANSIT"}, "sent_ts": 1758763440421, "arrival_ts": 1758763440543}
{"action": "recv", "src": "AS-N81", "dst": "AF-N135", "hlc": {"phys": 1758763451555, "cnt": 0, "node": "AS-N81"}, "package_id": "PKG63439", "payload": {"status": "RECEIVED"}, "sent_ts": 1758763440745, "arrival_ts": 1758763440860}
{"action": "recv", "src": "AS-N81", "dst": "AF-N135", "hlc": {"phys": 1758763451880, "cnt": 0, "node": "AS-N81"}, "package_id": "PKG63439", "payload": {"status": "DELIVERED"}, "sent_ts": 1758763441070, "arrival_ts": 1758763441253}
{"action": "send", "src": "AF-N135", "dst": "AU-N1", "hlc": {"phys": 1758763608830, "cnt": 0, "node": "AF-N135"}, "package_id": "PKG63592", "payload": {"status": "CREATED"}, "sent_ts": 1758763592480, "arrival_ts": 1758763592480}
{"action": "send", "src": "AF-N135", "dst": "AU-N1", "hlc": {"phys": 1758763609203, "cnt": 0, "node": "AF-N135"}, "package_id": "PKG63592", "payload": {"status": "SENT"}, "sent_ts": 1758763592853, "arrival_ts": 1758763592853}
{"action": "send", "src": "AF-N135", "dst": "AU-N1", "hlc": {"phys": 1758763609588, "cnt": 0, "node": "AF-N135"}, "package_id": "PKG63592", "payload": {"status": "IN_TRANSIT"}, "sent_ts": 1758763593238, "arrival_ts": 1758763593238}
{"action": "send", "src": "AF-N135", "dst": "AU-N1", "hlc": {"phys": 1758763609822, "cnt": 0, "node": "AF-N135"}, "package_id": "PKG63592", "payload": {"status": "RECEIVED"}, "sent_ts": 1758763593472, "arrival_ts": 1758763593472}
{"action": "send", "src": "AF-N135", "dst": "AU-N1", "hlc": {"phys": 1758763610177, "cnt": 0, "node": "AF-N135"}, "package_id": "PKG63592", "payload": {"status": "DELIVERED"}, "sent_ts": 1758763593827, "arrival_ts": 1758763593827}
{"action": "recv", "src": "AN-N117", "dst": "AF-N135", "hlc": {"phys": 1758803000257, "cnt": 0, "node": "AN-N117"}, "package_id": "PKG2969", "payload": {"status": "CREATED"}, "sent_ts": 1758802969087, "arrival_ts": 1758802969219}
{"action": "recv", "src": "AN-N117", "dst": "AF-N135", "hlc": {"phys": 1758803000599, "cnt": 0, "node": "AN-N117"}, "package_id": "PKG2969", "payload": {"status": "SENT"}, "sent_ts": 1758802969429, "arrival_ts": 1758802969567}
{"action": "recv", "src": "AN-N117", "dst": "AF-N135", "hlc": {"phys": 1758803000954, "cnt": 0, "node": "AN-N117"}, "package_id": "PKG2969", "payload": {"status": "IN_TRANSIT"}, "sent_ts": 1758802969784, "arrival_ts": 1758802969871}
{"action": "recv", "src": "AN-N117", "dst": "AF-N135", "hlc": {"phys": 1758803001233, "cnt": 0, "node": "AN-N117"}, "package_id": "PKG2969", "payload": {"status": "RECEIVED"}, "sent_ts": 1758802970063, "arrival_ts": 1758802970234}
{"action": "recv", "src": "AN-N117", "dst": "AF-N135", "hlc": {"phys": 1758803002824, "cnt": 0, "node": "AN-N117"}, "package_id": "PKG2969", "payload": {"status": "DELIVERED"}, "sent_ts": 1758802971654, "arrival_ts": 1758802971728}
{"action": "send", "src": "AF-N135", "dst": "AS-N164", "hlc": {"phys": 1758803076433, "cnt": 0, "node": "AF-N135"}, "package_id": "PKG3060", "payload": {"status": "CREATED"}, "sent_ts": 1758803060083, "arrival_ts": 1758803060083}
{"action": "send", "src": "AF-N135", "dst": "AS-N164", "hlc": {"phys": 1758803076831, "cnt": 0, "node": "AF-N135"}, "package_id": "PKG3060", "payload": {"status": "SENT"}, "sent_ts": 1758803060481, "arrival_ts": 1758803060481}
{"action": "send", "src": "AF-N135", "dst": "AS-N164", "hlc": {"phys": 1758803077142, "cnt": 0, "node": "AF-N135"}, "package_id": "PKG3060", "payload": {"status": "IN_TRANSIT"}, "sent_ts": 1758803060792, "arrival_ts": 1758803060792}
{"action": "send", "src": "AF-N135", "dst": "AS-N164", "hlc": {"phys": 1758803077375, "cnt": 0, "node": "AF-N135"}, "package_id": "PKG3060", "payload": {"status": "RECEIVED"}, "sent_ts": 1758803061025, "arrival_ts": 1758803061025}
{"action": "send", "src": "AF-N135", "dst": "AS-N164", "hlc": {"phys": 1758803077643, "cnt": 0, "node": "AF-N135"}, "package_id": "PKG3060", "payload": {"status": "DELIVERED"}, "sent_ts": 1758803061293, "arrival_ts": 1758803061293}
{"action": "send", "src": "AF-N135", "dst": "AF-N44", "hlc": {"phys": 1758815976244, "cnt": 0, "node": "AF-N135"}, "package_id": "PKG15959", "payload": {"status": "CREATED"}, "sent_ts": 1758815959894, "arrival_ts": 1758815959894}
{"action": "send", "src": "AF-N135", "dst": "AF-N44", "hlc": {"phys": 1758815976616, "cnt": 0, "node": "AF-N135"}, "package_id": "PKG15959", "payload": {"status": "SENT"}, "sent_ts": 1758815960266, "arrival_ts": 1758815960266}
{"action": "send", "src": "AF-N135", "dst": "AF-N44", "hlc": {"phys": 1758815977006, "cnt": 0, "node": "AF-N135"}, "package_id": "PKG15959", "payload": {"status": "IN_TRANSIT"}, "sent_ts": 1758815960656, "arrival_ts": 1758815960656}
{"action": "send", "src": "AF-N135", "dst": "AF-N44", "hlc": {"phys": 1758815977223, "cnt": 0, "node": "AF-N135"}, "package_id": "PKG15959", "payload": {"status": "RECEIVED"}, "sent_ts": 1758815960873, "arrival_ts": 1758815960873}
{"action": "send", "src": "AF-N135", "dst": "AF-N44", "hlc": {"phys": 1758815977441, "cnt": 0, "node": "AF-N135"}, "package_id": "PKG15959", "payload": {"status": "DELIVERED"}, "sent_ts": 1758815961091, "arrival_ts": 1758815961091}
