{"action": "recv", "src": "AN-N133", "dst": "AF-N106", "hlc": {"phys": 1758713657193, "cnt": 0, "node": "AN-N133"}, "package_id": "PKG13625", "payload": {"status": "CREATED"}, "sent_ts": 1758713625863, "arrival_ts": 1758713625989}
{"action": "recv", "src": "AN-N133", "dst": "AF-N106", "hlc": {"phys": 1758713657525, "cnt": 0, "node": "AN-N133"}, "package_id": "PKG13625", "payload": {"status": "SENT"}, "sent_ts": 1758713626195, "arrival_ts": 1758713626331}
{"action": "recv", "src": "AN-N133", "dst": "AF-N106", "hlc": {"phys": 1758713657865, "cnt": 0, "node": "AN-N133"}, "package_id": "PKG13625", "payload": {"status": "IN_TRANSIT"}, "sent_ts": 1758713626535, "arrival_ts": 1758713626578}
{"action": "recv", "src": "AN-N133", "dst": "AF-N106", "hlc": {"phys": 1758713658116, "cnt": 0, "node": "AN-N133"}, "package_id": "PKG13625", "payload": {"status": "RECEIVED"}, "sent_ts": 1758713626786, "arrival_ts": 1758713626864}
{"action": "recv", "src": "AN-N133", "dst": "AF-N106", "hlc": {"phys": 1758713658395, "cnt": 0, "node": "AN-N133"}, "package_id": "PKG13625", "payload": {"status": "DELIVERED"}, "sent_ts": 1758713627065, "arrival_ts": 1758713627188}
{"action": "recv", "src": "AN-N42", "dst": "AF-N106", "hlc": {"phys": 1758718422079, "cnt": 0, "node": "AN-N42"}, "package_id": "PKG18391", "payload": {"status": "CREATED"}, "sent_ts": 1758718391659, "arrival_ts": 1758718391767}
{"action": "recv", "src": "AN-N42", "dst": "AF-N106", "hlc": {"phys": 1758718422393, "cnt": 0, "node": "AN-N42"}, "package_id": "PKG18391", "payload": {"status": "SENT"}, "sent_ts": 1758718391973, "arrival_ts": 1758718392049}
{"action": "recv", "src": "AN-N42", "dst": "AF-N106", "hlc": {"phys": 1758718422670, "cnt": 0, "node": "AN-N42"}, "package_id": "PKG18391", "payload": {"status": "IN_TRANSIT"}, "sent_ts": 1758718392250, "arrival_ts": 1758718392360}
{"action": "recv", "src": "AN-N42", "dst": "AF-N106", "hlc": {"phys": 1758718422998, "cnt": 0, "node": "AN-N42"}, "package_id": "PKG18391", "payload": {"status": "RECEIVED"}, "sent_ts": 1758718392578, "arrival_ts": 1758718392703}
{"action": "recv", "src": "AN-N42", "dst": "AF-N106", "hlc": {"phys": 1758718423332, "cnt": 0, "node": "AN-N42"}, "package_id": "PKG18391", "payload": {"status": "DELIVERED"}, "sent_ts": 1758718392912, "arrival_ts": 1758718392957}
{"action": "send", "src": "AF-N106", "dst": "AS-N7", "hlc": {"phys": 1758741213699, "cnt": 0, "node": "AF-N106"}, "package_id": "PKG41197", "payload": {"status": "CREATED"}, "sent_ts": 1758741197639, "arrival_ts": 1758741197639}
{"action": "send", "src": "AF-N106", "dst": "AS-N7", "hlc": {"phys": 1758741213957, "cnt": 0, "node": "AF-N106"}, "package_id": "PKG41197", "payload": {"status": "SENT"}, "sent_ts": 1758741197897, "arrival_ts": 1758741197897}
{"action": "send", "src": "AF-N106", "dst": "AS-N7", "hlc": {"phys": 1758741214191, "cnt": 0, "node": "AF-N106"}, "package_id": "PKG41197", "payload": {"status": "IN_TRANSIT"}, "sent_ts": 1758741198131, "arrival_ts": 1758741198131}
{"action": "send", "src": "AF-N106", "dst": "AS-N7", "hlc": {"phys": 1758741214438, "cnt": 0, "node": "AF-N106"}, "package_id": "PKG41197", "payload": {"status": "RECEIVED"}, "sent_ts": 1758741198378, "arrival_ts": 1758741198378}
{"action": "send", "src": "AF-N106", "dst": "AS-N7", "hlc": {"phys": 1758741214760, "cnt": 0, "node": "AF-N106"}, "package_id": "PKG41197", "payload": {"status": "DELIVERED"}, "sent_ts": 1758741198700, "arrival_ts": 1758741198700}
{"action": "recv", "src": "AS-N190", "dst": "AF-N106", "hlc": {"phys": 1758743412813, "cnt": 0, "node": "AS-N190"}, "package_id": "PKG43400", "payload": {"status": "CREATED"}, "sent_ts": 1758743400913, "arrival_ts": 1758743401032}
{"action": "recv", "src": "AS-N190", "dst": "AF-N106", "hlc": {"phys": 1758743413139, "cnt": 0, "node": "AS-N190"}, "package_id": "PKG43400", "payload": {"status": "SENT"}, "sent_ts": 1758743401239, "arrival_ts": 1758743401373}
{"action": "recv", "src": "AS-N190", "dst": "AF-N106", "hlc": {"phys": 1758743413478, "cnt": 0, "node": "AS-N190"}, "package_id": "PKG43400", "payload": {"status": "IN_TRANSIT"}, "sent_ts": 1758743401578, "arrival_ts": 1758743401655}
{"action": "recv", "src": "AS-N190", "dst": "AF-N106", "hlc": {"phys": 1758743413771, "cnt": 0, "node": "AS-N190"}, "package_id": "PKG43400", "payload": {"status": "RECEIVED"}, "sent_ts": 1758743401871, "arrival_ts": 1758743401965}
{"action": "recv", "src": "AS-N190", "dst": "AF-N106", "hlc": {"phys": 1758743414066, "cnt": 0, "node": "AS-N190"}, "package_id": "PKG43400", "payload": {"status": "DELIVERED"}, "sent_ts": 1758743402166, "arrival_ts": 1758743402360}
{"action": "recv", "src": "SA-N175", "dst": "AF-N106", "hlc": {"phys": 1758743997535, "cnt": 0, "node": "SA-N175"}, "package_id": "PKG43975", "payload": {"status": "CREATED"}, "sent_ts": 1758743975785, "arrival_ts": 1758743975911}
{"action": "recv", "src": "SA-N175", "dst": "AF-N106", "hlc": {"phys": 1758743997874, "cnt": 0, "node": "SA-N175"}, "package_id": "PKG43975", "payload": {"status": "SENT"}, "sent_ts": 1758743976124, "arrival_ts": 1758743976241}
{"action": "recv", "src": "SA-N175", "dst": "AF-N106", "hlc": {"phys": 1758743998190, "cnt": 0, "node": "SA-N175"}, "package_id": "PKG43975", "payload": {"status": "IN_TRANSIT"}, "sent_ts": 1758743976440, "arrival_ts": 1758743976488}
{"action": "recv", "src": "SA-N175", "dst": "AF-N106", "hlc": {"phys": 1758743998454, "cnt": 0, "node": "SA-N175"}, "package_id": "PKG43975", "payload": {"status": "RECEIVED"}, "sent_ts": 1758743976704, "arrival_ts": 1758743976874}
{"action": "recv", "src": "SA-N175", "dst": "AF-N106", "hlc": {"phys": 1758743998834, "cnt": 0, "node": "SA-N175"}, "package_id": "PKG43975", "payload": {"status": "DELIVERED"}, "sent_ts": 1758743977084, "arrival_ts": 1758743977132}
{"action": "send", "src": "AF-N106", "dst": "AF-N114", "hlc": {"phys": 1758744567167, "cnt": 0, "node": "AF-N106"}, "package_id": "PKG44551", "payload": {"status": "CREATED"}, "sent_ts": 1758744551107, "arrival_ts": 1758744551107}
{"action": "send", "src": "AF-N106", "dst": "AF-N114", "hlc": {"phys": 1758744567557, "cnt": 0, "node": "AF-N106"}, "package_id": "PKG44551", "payload": {"status": "SENT"}, "sent_ts": 1758744551497, "arrival_ts": 1758744551497}
{"action": "send", "src": "AF-N106", "dst": "AF-N114", "hlc": {"phys": 1758744567827, "cnt": 0, "node": "AF-N106"}, "package_id": "PKG44551", "payload": {"status": "IN_TRANSIT"}, "sent_ts": 1758744551767, "arrival_ts": 1758744551767}
{"action": "send", "src": "AF-N106", "dst": "AF-N114", "hlc": {"phys": 1758744568068, "cnt": 0, "node": "AF-N106"}, "package_id": "PKG44551", "payload": {"status": "RECEIVED"}, "sent_ts": 1758744552008, "arrival_ts": 1758744552008}
{"action": "send", "src": "AF-N106", "dst": "AF-N114", "hlc": {"phys": 1758744568361, "cnt": 0, "node": "AF-N106"}, "package_id": "PKG44551", "payload": {"status": "DELIVERED"}, "sent_ts": 1758744552301, "arrival_ts": 1758744552301}
{"action": "recv", "src": "SA-N125", "dst": "AF-N106", "hlc": {"phys": 1758744778304, "cnt": 0, "node": "SA-N125"}, "package_id": "PKG44757", "payload": {"status": "CREATED"}, "sent_ts": 1758744757054, "arrival_ts": 1758744757153}
{"action": "recv", "src": "SA-N125", "dst": "AF-N106", "hlc": {"phys": 1758744778598, "cnt": 0, "node": "SA-N125"}, "package_id": "PKG44757", "payload": {"status": "SENT"}, "sent_ts": 1758744757348, "arrival_ts": 1758744757468}
{"action": "recv", "src": "SA-N125", "dst": "AF-N106", "hlc": {"phys": 1758744778923, "cnt": 0, "node": "SA-N125"}, "package_id": "PKG44757", "payload": {"status": "IN_TRANSIT"}, "sent_ts": 1758744757673, "arrival_ts": 1758744757756}
{"action": "recv", "src": "SA-N125", "dst": "AF-N106", "hlc": {"phys": 1758744779216, "cnt": 0, "node": "SA-N125"}, "package_id": "PKG44757", "payload": {"status": "RECEIVED"}, "sent_ts": 1758744757966, "arrival_ts": 1758744758072}
{"action": "recv", "src": "SA-N125", "dst": "AF-N106", "hlc": {"phys": 1758744779526, "cnt": 0, "node": "SA-N125"}, "package_id": "PKG44757", "payload": {"status": "DELIVERED"}, "sent_ts": 1758744758276, "arrival_ts": 1758744758332}
{"action": "send", "src": "AF-N106", "dst": "NA-N60", "hlc": {"phys": 1758746504063, "cnt": 0, "node": "AF-N106"}, "package_id": "PKG46488", "payload": {"status": "CREATED"}, "sent_ts": 1758746488003, "arrival_ts": 1758746488003}
{"action": "send", "src": "AF-N106", "dst": "NA-N60", "hlc": {"phys": 1758746504401, "cnt": 0, "node": "AF-N106"}, "package_id": "PKG46488", "payload": {"status": "SENT"}, "sent_ts": 1758746488341, "arrival_ts": 1758746488341}
{"action": "send", "src": "AF-N106", "dst": "NA-N60", "hlc": {"phys": 1758746504697, "cnt": 0, "node": "AF-N106"}, "package_id": "PKG46488", "payload": {"status": "IN_TRANSIT"}, "sent_ts": 1758746488637, "arrival_ts": 1758746488637}
{"action": "send", "src": "AF-N106", "dst": "NA-N60", "hlc": {"phys": 1758746505094, "cnt": 0, "node": "AF-N106"}, "package_id": "PKG46488", "payload": {"status": "RECEIVED"}, "sent_ts": 1758746489034, "arrival_ts": 1758746489034}
{"action": "send", "src": "AF-N106", "dst": "NA-N60", "hlc": {"phys": 1758746505462, "cnt": 0, "node": "AF-N106"}, "package_id": "PKG46488", "payload": {"status": "DELIVERED"}, "sent_ts": 1758746489402, "arrival_ts": 1758746489402}
{"action": "recv", "src": "AF-N196", "dst": "AF-N106", "hlc": {"phys": 1758751746639, "cnt": 0, "node": "AF-N196"}, "package_id": "PKG51729", "payload": {"status": "CREATED"}, "sent_ts": 1758751729679, "arrival_ts": 1758751729869}
{"action": "recv", "src": "AF-N196", "dst": "AF-N106", "hlc": {"phys": 1758751747033, "cnt": 0, "node": "AF-N196"}, "package_id": "PKG51729", "payload": {"status": "SENT"}, "sent_ts": 1758751730073, "arrival_ts": 1758751730159}
{"action": "recv", "src": "AF-N196", "dst": "AF-N106", "hlc": {"phys": 1758751747332, "cnt": 0, "node": "AF-N196"}, "package_id": "PKG51729", "payload": {"status": "IN_TRANSIT"}, "sent_ts": 1758751730372, "arrival_ts": 1758751730443}
{"action": "recv", "src": "AF-N196", "dst": "AF-N106", "hlc": {"phys": 1758751747617, "cnt": 0, "node": "AF-N196"}, "package_id": "PKG51729", "payload": {"status": "RECEIVED"}, "sent_ts": 1758751730657, "arrival_ts": 1758751730796}
{"action": "recv", "src": "AF-N196", "dst": "AF-N106", "hlc": {"phys": 1758751747963, "cnt": 0, "node": "AF-N196"}, "package_id": "PKG51729", "payload": {"status": "DELIVERED"}, "sent_ts": 1758751731003, "arrival_ts": 1758751731131}
{"action": "send", "src": "AF-N106", "dst": "AF-N55", "hlc": {"phys": 1758752853873, "cnt": 0, "node": "AF-N106"}, "package_id": "PKG52837", "payload": {"status": "CREATED"}, "sent_ts": 1758752837813, "arrival_ts": 1758752837813}
{"action": "send", "src": "AF-N106", "dst": "AF-N55", "hlc": {"phys": 1758752854267, "cnt": 0, "node": "AF-N106"}, "package_id": "PKG52837", "payload": {"status": "SENT"}, "sent_ts": 1758752838207, "arrival_ts": 1758752838207}
{"action": "send", "src": "AF-N106", "dst": "AF-N55", "hlc": {"phys": 1758752854680, "cnt": 0, "node": "AF-N106"}, "package_id": "PKG52837", "payload": {"status": "IN_TRANSIT"}, "sent_ts": 1758752838620, "arrival_ts": 1758752838620}
{"action": "send", "src": "AF-N106", "dst": "AF-N55", "hlc": {"phys": 1758752855070, "cnt": 0, "node": "AF-N106"}, "package_id": "PKG52837", "payload": {"status": "RECEIVED"}, "sent_ts": 1758752839010, "arrival_ts": 1758752839010}
{"action": "send", "src": "AF-N106", "dst": "AF-N55", "hlc": {"phys": 1758752855453, "cnt": 0, "node": "AF-N106"}, "package_id": "PKG52837", "payload": {"status": "DELIVERED"}, "sent_ts": 1758752839393, "arrival_ts": 1758752839393}
{"action": "recv", "src": "NA-N195", "dst": "AF-N106", "hlc": {"phys": 1758753035532, "cnt": 0, "node": "NA-N195"}, "package_id": "PKG53033", "payload": {"status": "CREATED"}, "sent_ts": 1758753033582, "arrival_ts": 1758753033611}
{"action": "recv", "src": "NA-N195", "dst": "AF-N106", "hlc": {"phys": 1758753035782, "cnt": 0, "node": "NA-N195"}, "package_id": "PKG53033", "payload": {"status": "SENT"}, "sent_ts": 1758753033832, "arrival_ts": 1758753033919}
{"action": "recv", "src": "NA-N195", "dst": "AF-N106", "hlc": {"phys": 1758753036081, "cnt": 0, "node": "NA-N195"}, "package_id": "PKG53033", "payload": {"status": "IN_TRANSIT"}, "sent_ts": 1758753034131, "arrival_ts": 1758753034269}
{"action": "recv", "src": "NA-N195", "dst": "AF-N106", "hlc": {"phys": 1758753036442, "cnt": 0, "node": "NA-N195"}, "package_id": "PKG53033", "payload": {"status": "RECEIVED"}, "sent_ts": 1758753034492, "arrival_ts": 1758753034643}
{"action": "recv", "src": "NA-N195", "dst": "AF-N106", "hlc": {"phys": 1758753036802, "cnt": 0, "node": "NA-N195"}, "package_id": "PKG53033", "payload": {"status": "DELIVERED"}, "sent_ts": 1758753034852, "arrival_ts": 1758753034886}
{"action": "recv", "src": "AU-N54", "dst": "AF-N106", "hlc": {"phys": 1758753201248, "cnt": 0, "node": "AU-N54"}, "package_id": "PKG53175", "payload": {"status": "CREATED"}, "sent_ts": 1758753175708, "arrival_ts": 1758753175897}
{"action": "recv", "src": "AU-N54", "dst": "AF-N106", "hlc": {"phys": 1758753201652, "cnt": 0, "node": "AU-N54"}, "package_id": "PKG53175", "payload": {"status": "SENT"}, "sent_ts": 1758753176112, "arrival_ts": 1758753176251}
{"action": "recv", "src": "AU-N54", "dst": "AF-N106", "hlc": {"phys": 1758753201997, "cnt": 0, "node": "AU-N54"}, "package_id": "PKG53175", "payload": {"status": "IN_TRANSIT"}, "sent_ts": 1758753176457, "arrival_ts": 1758753176520}
{"action": "recv", "src": "AU-N54", "dst": "AF-N106", "hlc": {"phys": 1758753202262, "cnt": 0, "node": "AU-N54"}, "package_id": "PKG53175", "payload": {"status": "RECEIVED"}, "sent_ts": 1758753176722, "arrival_ts": 1758753176750}
{"action": "recv", "src": "AU-N54", "dst": "AF-N106", "hlc": {"phys": 1758753202517, "cnt": 0, "node": "AU-N54"}, "package_id": "PKG53175", "payload": {"status": "DELIVERED"}, "sent_ts": 1758753176977, "arrival_ts": 1758753177022}
{"action": "send", "src": "AF-N106", "dst": "SA-N159", "hlc": {"phys": 1758755070445, "cnt": 0, "node": "AF-N106"}, "package_id": "PKG55054", "payload": {"status": "CREATED"}, "sent_ts": 1758755054385, "arrival_ts": 1758755054385}
{"action": "send", "src": "AF-N106", "dst": "SA-N159", "hlc": {"phys": 1758755070709, "cnt": 0, "node": "AF-N106"}, "package_id": "PKG55054", "payload": {"status": "SENT"}, "sent_ts": 1758755054649, "arrival_ts": 1758755054649}
{"action": "send", "src": "AF-N106", "dst": "SA-N159", "hlc": {"phys": 1758755070983, "cnt": 0, "node": "AF-N106"}, "package_id": "PKG55054", "payload": {"status": "IN_TRANSIT"}, "sent_ts": 1758755054923, "arrival_ts": 1758755054923}
{"action": "send", "src": "AF-N106", "dst": "SA-N159", "hlc": {"phys": 1758755071251, "cnt": 0, "node": "AF-N106"}, "package_id": "PKG55054", "payload": {"status": "RECEIVED"}, "sent_ts": 1758755055191, "arrival_ts": 1758755055191}
{"action": "send", "src": "AF-N106", "dst": "SA-N159", "hlc": {"phys": 1758755071664, "cnt": 0, "node": "AF-N106"}, "package_id": "PKG55054", "payload": {"status": "DELIVERED"}, "sent_ts": 1758755055604, "arrival_ts": 1758755055604}
{"action": "recv", "src": "EU-N195", "dst": "AF-N106", "hlc": {"phys": 1758756108936, "cnt": 0, "node": "EU-N195"}, "package_id": "PKG56101", "payload": {"status": "CREATED"}, "sent_ts": 1758756101986, "arrival_ts": 1758756102082}
{"action": "recv", "src": "EU-N195", "dst": "AF-N106", "hlc": {"phys": 1758756109245, "cnt": 0, "node": "EU-N195"}, "package_id": "PKG56101", "payload": {"status": "SENT"}, "sent_ts": 1758756102295, "arrival_ts": 1758756102431}
{"action": "recv", "src": "EU-N195", "dst": "AF-N106", "hlc": {"phys": 1758756109588, "cnt": 0, "node": "EU-N195"}, "package_id": "PKG56101", "payload": {"status": "IN_TRANSIT"}, "sent_ts": 1758756102638, "arrival_ts": 1758756102823}
{"action": "recv", "src": "EU-N195", "dst": "AF-N106", "hlc": {"phys": 1758756109984, "cnt": 0, "node": "EU-N195"}, "package_id": "PKG56101", "payload": {"status": "RECEIVED"}, "sent_ts": 1758756103034, "arrival_ts": 1758756103224}
{"action": "recv", "src": "EU-N195", "dst": "AF-N106", "hlc": {"phys": 1758756110380, "cnt": 0, "node": "EU-N195"}, "package_id": "PKG56101", "payload": {"status": "DELIVERED"}, "sent_ts": 1758756103430, "arrival_ts": 1758756103612}
{"action": "recv", "src": "AF-N55", "dst": "AF-N106", "hlc": {"phys": 1758756320673, "cnt": 0, "node": "AF-N55"}, "package_id": "PKG56305", "payload": {"status": "CREATED"}, "sent_ts": 1758756305123, "arrival_ts": 1758756305160}
{"action": "recv", "src": "AF-N55", "dst": "AF-N106", "hlc": {"phys": 1758756320919, "cnt": 0, "node": "AF-N55"}, "package_id": "PKG56305", "payload": {"status": "SENT"}, "sent_ts": 1758756305369, "arrival_ts": 1758756305562}
{"action": "recv", "src": "AF-N55", "dst": "AF-N106", "hlc": {"phys": 1758756321328, "cnt": 0, "node": "AF-N55"}, "package_id": "PKG56305", "payload": {"status": "IN_TRANSIT"}, "sent_ts": 1758756305778, "arrival_ts": 1758756305959}
{"action": "recv", "src": "AF-N55", "dst": "AF-N106", "hlc": {"phys": 1758756321720, "cnt": 0, "node": "AF-N55"}, "package_id": "PKG56305", "payload": {"status": "RECEIVED"}, "sent_ts": 1758756306170, "arrival_ts": 1758756306260}
{"action": "recv", "src": "AF-N55", "dst": "AF-N106", "hlc": {"phys": 1758756322010, "cnt": 0, "node": "AF-N55"}, "package_id": "PKG56305", "payload": {"status": "DELIVERED"}, "sent_ts": 1758756306460, "arrival_ts": 1758756306568}
{"action": "recv", "src": "AS-N28", "dst": "AF-N106", "hlc": {"phys": 1758757528745, "cnt": 0, "node": "AS-N28"}, "package_id": "PKG57518", "payload": {"status": "CREATED"}, "sent_ts": 1758757518465, "arrival_ts": 1758757518654}
{"action": "recv", "src": "AS-N28", "dst": "AF-N106", "hlc": {"phys": 1758757529143, "cnt": 0, "node": "AS-N28"}, "package_id": "PKG57518", "payload": {"status": "SENT"}, "sent_ts": 1758757518863, "arrival_ts": 1758757518964}
{"action": "recv", "src": "AS-N28", "dst": "AF-N106", "hlc": {"phys": 1758757529448, "cnt": 0, "node": "AS-N28"}, "package_id": "PKG57518", "payload": {"status": "IN_TRANSIT"}, "sent_ts": 1758757519168, "arrival_ts": 1758757519283}
{"action": "recv", "src": "AS-N28", "dst": "AF-N106", "hlc": {"phys": 1758757529764, "cnt": 0, "node": "AS-N28"}, "package_id": "PKG57518", "payload": {"status": "RECEIVED"}, "sent_ts": 1758757519484, "arrival_ts": 1758757519658}
{"action": "recv", "src": "AS-N28", "dst": "AF-N106", "hlc": {"phys": 1758757530154, "cnt": 0, "node": "AS-N28"}, "package_id": "PKG57518", "payload": {"status": "DELIVERED"}, "sent_ts": 1758757519874, "arrival_ts": 1758757519992}
{"action": "send", "src": "AF-N106", "dst": "NA-N64", "hlc": {"phys": 1758758459290, "cnt": 0, "node": "AF-N106"}, "package_id": "PKG58443", "payload": {"status": "CREATED"}, "sent_ts": 1758758443230, "arrival_ts": 1758758443230}
{"action": "send", "src": "AF-N106", "dst": "NA-N64", "hlc": {"phys": 1758758459627, "cnt": 0, "node": "AF-N106"}, "package_id": "PKG58443", "payload": {"status": "SENT"}, "sent_ts": 1758758443567, "arrival_ts": 1758758443567}
{"action": "send", "src": "AF-N106", "dst": "NA-N64", "hlc": {"phys": 1758758459961, "cnt": 0, "node": "AF-N106"}, "package_id": "PKG58443", "payload": {"status": "IN_TRANSIT"}, "sent_ts": 1758758443901, "arrival_ts": 1758758443901}
{"action": "send", "src": "AF-N106", "dst": "NA-N64", "hlc": {"phys": 1758758460280, "cnt": 0, "node": "AF-N106"}, "package_id": "PKG58443", "payload": {"status": "RECEIVED"}, "sent_ts": 1758758444220, "arrival_ts": 1758758444220}
{"action": "send", "src": "AF-N106", "dst": "NA-N64", "hlc": {"phys": 1758758460599, "cnt": 0, "node": "AF-N106"}, "package_id": "PKG58443", "payload": {"status": "DELIVERED"}, "sent_ts": 1758758444539, "arrival_ts": 1758758444539}
{"action": "recv", "src": "NA-N64", "dst": "AF-N106", "hlc": {"phys": 1758759874121, "cnt": 0, "node": "NA-N64"}, "package_id": "PKG59873", "payload": {"status": "CREATED"}, "sent_ts": 1758759873481, "arrival_ts": 1758759873658}
{"action": "recv", "src": "NA-N64", "dst": "AF-N106", "hlc": {"phys": 1758759874505, "cnt": 0, "node": "NA-N64"}, "package_id": "PKG59873", "payload": {"status": "SENT"}, "sent_ts": 1758759873865, "arrival_ts": 1758759874056}
{"action": "recv", "src": "NA-N64", "dst": "AF-N106", "hlc": {"phys": 1758759874904, "cnt": 0, "node": "NA-N64"}, "package_id": "PKG59873", "payload": {"status": "IN_TRANSIT"}, "sent_ts": 1758759874264, "arrival_ts": 1758759874284}
{"action": "recv", "src": "NA-N64", "dst": "AF-N106", "hlc": {"phys": 1758759875134, "cnt": 0, "node": "NA-N64"}, "package_id": "PKG59873", "payload": {"status": "RECEIVED"}, "sent_ts": 1758759874494, "arrival_ts": 1758759874567}
{"action": "recv", "src": "NA-N64", "dst": "AF-N106", "hlc": {"phys": 1758759875428, "cnt": 0, "node": "NA-N64"}, "package_id": "PKG59873", "payload": {"status": "DELIVERED"}, "sent_ts": 1758759874788, "arrival_ts": 1758759874931}
{"action": "recv", "src": "NA-N110", "dst": "AF-N106", "hlc": {"phys": 1758762400228, "cnt": 0, "node": "NA-N110"}, "package_id": "PKG62399", "payload": {"status": "CREATED"}, "sent_ts": 1758762399128, "arrival_ts": 1758762399259}
{"action": "recv", "src": "NA-N110", "dst": "AF-N106", "hlc": {"phys": 1758762400555, "cnt": 0, "node": "NA-N110"}, "package_id": "PKG62399", "payload": {"status": "SENT"}, "sent_ts": 1758762399455, "arrival_ts": 1758762399619}
{"action": "recv", "src": "NA-N110", "dst": "AF-N106", "hlc": {"phys": 1758762400912, "cnt": 0, "node": "NA-N110"}, "package_id": "PKG62399", "payload": {"status": "IN_TRANSIT"}, "sent_ts": 1758762399812, "arrival_ts": 1758762399890}
{"action": "recv", "src": "NA-N110", "dst": "AF-N106", "hlc": {"phys": 1758762401205, "cnt": 0, "node": "NA-N110"}, "package_id": "PKG62399", "payload": {"status": "RECEIVED"}, "sent_ts": 1758762400105, "arrival_ts": 1758762400230}
{"action": "recv", "src": "NA-N110", "dst": "AF-N106", "hlc": {"phys": 1758762401531, "cnt": 0, "node": "NA-N110"}, "package_id": "PKG62399", "payload": {"status": "DELIVERED"}, "sent_ts": 1758762400431, "arrival_ts": 1758762400610}
{"action": "recv", "src": "NA-N92", "dst": "AF-N106", "hlc": {"phys": 1758800903935, "cnt": 0, "node": "NA-N92"}, "package_id": "PKG903", "payload": {"status": "CREATED"}, "sent_ts": 1758800903015, "arrival_ts": 1758800903190}
{"action": "recv", "src": "NA-N92", "dst": "AF-N106", "hlc": {"phys": 1758800904317, "cnt": 0, "node": "NA-N92"}, "package_id": "PKG903", "payload": {"status": "SENT"}, "sent_ts": 1758800903397, "arrival_ts": 1758800903430}
{"action": "recv", "src": "NA-N92", "dst": "AF-N106", "hlc": {"phys": 1758800904552, "cnt": 0, "node": "NA-N92"}, "package_id": "PKG903", "payload": {"status": "IN_TRANSIT"}, "sent_ts": 1758800903632, "arrival_ts": 1758800903668}
{"action": "recv", "src": "NA-N92", "dst": "AF-N106", "hlc": {"phys": 1758800904784, "cnt": 0, "node": "NA-N92"}, "package_id": "PKG903", "payload": {"status": "RECEIVED"}, "sent_ts": 1758800903864, "arrival_ts": 1758800903968}
{"action": "recv", "src": "NA-N92", "dst": "AF-N106", "hlc": {"phys": 1758800905113, "cnt": 0, "node": "NA-N92"}, "package_id": "PKG903", "payload": {"status": "DELIVERED"}, "sent_ts": 1758800904193, "arrival_ts": 1758800904282}
{"action": "recv", "src": "SA-N165", "dst": "AF-N106", "hlc": {"phys": 1758805287454, "cnt": 0, "node": "SA-N165"}, "package_id": "PKG5265", "payload": {"status": "CREATED"}, "sent_ts": 1758805265804, "arrival_ts": 1758805265918}
{"action": "recv", "src": "SA-N165", "dst": "AF-N106", "hlc": {"phys": 1758805287766, "cnt": 0, "node": "SA-N165"}, "package_id": "PKG5265", "payload": {"status": "SENT"}, "sent_ts": 1758805266116, "arrival_ts": 1758805266256}
{"action": "recv", "src": "SA-N165", "dst": "AF-N106", "hlc": {"phys": 1758805288108, "cnt": 0, "node": "SA-N165"}, "package_id": "PKG5265", "payload": {"status": "IN_TRANSIT"}, "sent_ts": 1758805266458, "arrival_ts": 1758805266491}
{"action": "recv", "src": "SA-N165", "dst": "AF-N106", "hlc": {"phys": 1758805288341, "cnt": 0, "node": "SA-N165"}, "package_id": "PKG5265", "payload": {"status": "RECEIVED"}, "sent_ts": 1758805266691, "arrival_ts": 1758805266832}
{"action": "recv", "src": "SA-N165", "dst": "AF-N106", "hlc": {"phys": 1758805288681, "cnt": 0, "node": "SA-N165"}, "package_id": "PKG5265", "payload": {"status": "DELIVERED"}, "sent_ts": 1758805267031, "arrival_ts": 1758805267227}
{"action": "recv", "src": "AN-N120", "dst": "AF-N106", "hlc": {"phys": 1758810673456, "cnt": 0, "node": "AN-N120"}, "package_id": "PKG10642", "payload": {"status": "CREATED"}, "sent_ts": 1758810642256, "arrival_ts": 1758810642340}
{"action": "recv", "src": "AN-N120", "dst": "AF-N106", "hlc": {"phys": 1758810673736, "cnt": 0, "node": "AN-N120"}, "package_id": "PKG10642", "payload": {"status": "SENT"}, "sent_ts": 1758810642536, "arrival_ts": 1758810642643}
{"action": "recv", "src": "AN-N120", "dst": "AF-N106", "hlc": {"phys": 1758810674047, "cnt": 0, "node": "AN-N120"}, "package_id": "PKG10642", "payload": {"status": "IN_TRANSIT"}, "sent_ts": 1758810642847, "arrival_ts": 1758810642995}
{"action": "recv", "src": "AN-N120", "dst": "AF-N106", "hlc": {"phys": 1758810674392, "cnt": 0, "node": "AN-N120"}, "package_id": "PKG10642", "payload": {"status": "RECEIVED"}, "sent_ts": 1758810643192, "arrival_ts": 1758810643375}
{"action": "recv", "src": "AN-N120", "dst": "AF-N106", "hlc": {"phys": 1758810674780, "cnt": 0, "node": "AN-N120"}, "package_id": "PKG10642", "payload": {"status": "DELIVERED"}, "sent_ts": 1758810643580, "arrival_ts": 1758810643657}
{"action": "send", "src": "AF-N106", "dst": "EU-N147", "hlc": {"phys": 1758813174504, "cnt": 0, "node": "AF-N106"}, "package_id": "PKG13158", "payload": {"status": "CREATED"}, "sent_ts": 1758813158444, "arrival_ts": 1758813158444}
{"action": "send", "src": "AF-N106", "dst": "EU-N147", "hlc": {"phys": 1758813174784, "cnt": 0, "node": "AF-N106"}, "package_id": "PKG13158", "payload": {"status": "SENT"}, "sent_ts": 1758813158724, "arrival_ts": 1758813158724}
{"action": "send", "src": "AF-N106", "dst": "EU-N147", "hlc": {"phys": 1758813175076, "cnt": 0, "node": "AF-N106"}, "package_id": "PKG13158", "payload": {"status": "IN_TRANSIT"}, "sent_ts": 1758813159016, "arrival_ts": 1758813159016}
{"action": "send", "src": "AF-N106", "dst": "EU-N147", "hlc": {"phys": 1758813175390, "cnt": 0, "node": "AF-N106"}, "package_id": "PKG13158", "payload": {"status": "RECEIVED"}, "sent_ts": 1758813159330, "arrival_ts": 1758813159330}
{"action": "send", "src": "AF-N106", "dst": "EU-N147", "hlc": {"phys": 1758813175620, "cnt": 0, "node": "AF-N106"}, "package_id": "PKG13158", "payload": {"status": "DELIVERED"}, "sent_ts": 1758813159560, "arrival_ts": 1758813159560}
{"action": "recv", "src": "AS-N109", "dst": "AF-N106", "hlc": {"phys": 1758813605825, "cnt": 0, "node": "AS-N109"}, "package_id": "PKG13594", "payload": {"status": "CREATED"}, "sent_ts": 1758813594735, "arrival_ts": 1758813594851}
{"action": "recv", "src": "AS-N109", "dst": "AF-N106", "hlc": {"phys": 1758813606136, "cnt": 0, "node": "AS-N109"}, "package_id": "PKG13594", "payload": {"status": "SENT"}, "sent_ts": 1758813595046, "arrival_ts": 1758813595192}
{"action": "recv", "src": "AS-N109", "dst": "AF-N106", "hlc": {"phys": 1758813606496, "cnt": 0, "node": "AS-N109"}, "package_id": "PKG13594", "payload": {"status": "IN_TRANSIT"}, "sent_ts": 1758813595406, "arrival_ts": 1758813595560}
{"action": "recv", "src": "AS-N109", "dst": "AF-N106", "hlc": {"phys": 1758813606869, "cnt": 0, "node": "AS-N109"}, "package_id": "PKG13594", "payload": {"status": "RECEIVED"}, "sent_ts": 1758813595779, "arrival_ts": 1758813595875}
{"action": "recv", "src": "AS-N109", "dst": "AF-N106", "hlc": {"phys": 1758813607184, "cnt": 0, "node": "AS-N109"}, "package_id": "PKG13594", "payload": {"status": "DELIVERED"}, "sent_ts": 1758813596094, "arrival_ts": 1758813596118}
{"action": "recv", "src": "AS-N116", "dst": "AF-N106", "hlc": {"phys": 1758813721309, "cnt": 0, "node": "AS-N116"}, "package_id": "PKG13710", "payload": {"status": "CREATED"}, "sent_ts": 1758813710149, "arrival_ts": 1758813710180}
{"action": "recv", "src": "AS-N116", "dst": "AF-N106", "hlc": {"phys": 1758813721525, "cnt": 0, "node": "AS-N116"}, "package_id": "PKG13710", "payload": {"status": "SENT"}, "sent_ts": 1758813710365, "arrival_ts": 1758813710468}
{"action": "recv", "src": "AS-N116", "dst": "AF-N106", "hlc": {"phys": 1758813721849, "cnt": 0, "node": "AS-N116"}, "package_id": "PKG13710", "payload": {"status": "IN_TRANSIT"}, "sent_ts": 1758813710689, "arrival_ts": 1758813710850}
{"action": "recv", "src": "AS-N116", "dst": "AF-N106", "hlc": {"phys": 1758813722207, "cnt": 0, "node": "AS-N116"}, "package_id": "PKG13710", "payload": {"status": "RECEIVED"}, "sent_ts": 1758813711047, "arrival_ts": 1758813711080}
{"action": "recv", "src": "AS-N116", "dst": "AF-N106", "hlc": {"phys": 1758813722456, "cnt": 0, "node": "AS-N116"}, "package_id": "PKG13710", "payload": {"status": "DELIVERED"}, "sent_ts": 1758813711296, "arrival_ts": 1758813711398}
{"action": "send", "src": "AF-N106", "dst": "AN-N171", "hlc": {"phys": 1758815490798, "cnt": 0, "node": "AF-N106"}, "package_id": "PKG15474", "payload": {"status": "CREATED"}, "sent_ts": 1758815474738, "arrival_ts": 1758815474738}
{"action": "send", "src": "AF-N106", "dst": "AN-N171", "hlc": {"phys": 1758815491170, "cnt": 0, "node": "AF-N106"}, "package_id": "PKG15474", "payload": {"status": "SENT"}, "sent_ts": 1758815475110, "arrival_ts": 1758815475110}
{"action": "send", "src": "AF-N106", "dst": "AN-N171", "hlc": {"phys": 1758815491418, "cnt": 0, "node": "AF-N106"}, "package_id": "PKG15474", "payload": {"status": "IN_TRANSIT"}, "sent_ts": 1758815475358, "arrival_ts": 1758815475358}
{"action": "send", "src": "AF-N106", "dst": "AN-N171", "hlc": {"phys": 1758815491696, "cnt": 0, "node": "AF-N106"}, "package_id": "PKG15474", "payload": {"status": "RECEIVED"}, "sent_ts": 1758815475636, "arrival_ts": 1758815475636}
{"action": "send", "src": "AF-N106", "dst": "AN-N171", "hlc": {"phys": 1758815492103, "cnt": 0, "node": "AF-N106"}, "package_id": "PKG15474", "payload": {"status": "DELIVERED"}, "sent_ts": 1758815476043, "arrival_ts": 1758815476043}
