{"action": "recv", "src": "AU-N25", "dst": "AF-N38", "hlc": {"phys": 1758716752918, "cnt": 0, "node": "AU-N25"}, "package_id": "PKG16727", "payload": {"status": "CREATED"}, "sent_ts": 1758716727668, "arrival_ts": 1758716727847}
{"action": "recv", "src": "AU-N25", "dst": "AF-N38", "hlc": {"phys": 1758716753297, "cnt": 0, "node": "AU-N25"}, "package_id": "PKG16727", "payload": {"status": "SENT"}, "sent_ts": 1758716728047, "arrival_ts": 1758716728195}
{"action": "recv", "src": "AU-N25", "dst": "AF-N38", "hlc": {"phys": 1758716753653, "cnt": 0, "node": "AU-N25"}, "package_id": "PKG16727", "payload": {"status": "IN_TRANSIT"}, "sent_ts": 1758716728403, "arrival_ts": 1758716728455}
{"action": "recv", "src": "AU-N25", "dst": "AF-N38", "hlc": {"phys": 1758716753921, "cnt": 0, "node": "AU-N25"}, "package_id": "PKG16727", "payload": {"status": "RECEIVED"}, "sent_ts": 1758716728671, "arrival_ts": 1758716728812}
{"action": "recv", "src": "AU-N25", "dst": "AF-N38", "hlc": {"phys": 1758716754271, "cnt": 0, "node": "AU-N25"}, "package_id": "PKG16727", "payload": {"status": "DELIVERED"}, "sent_ts": 1758716729021, "arrival_ts": 1758716729150}
{"action": "recv", "src": "AS-N75", "dst": "AF-N38", "hlc": {"phys": 1758717459076, "cnt": 0, "node": "AS-N75"}, "package_id": "PKG17448", "payload": {"status": "CREATED"}, "sent_ts": 1758717448326, "arrival_ts": 1758717448518}
{"action": "recv", "src": "AS-N75", "dst": "AF-N38", "hlc": {"phys": 1758717459477, "cnt": 0, "node": "AS-N75"}, "package_id": "PKG17448", "payload": {"status": "SENT"}, "sent_ts": 1758717448727, "arrival_ts": 1758717448792}
{"action": "recv", "src": "AS-N75", "dst": "AF-N38", "hlc": {"phys": 1758717459743, "cnt": 0, "node": "AS-N75"}, "package_id": "PKG17448", "payload": {"status": "IN_TRANSIT"}, "sent_ts": 1758717448993, "arrival_ts": 1758717449179}
{"action": "recv", "src": "AS-N75", "dst": "AF-N38", "hlc": {"phys": 1758717460133, "cnt": 0, "node": "AS-N75"}, "package_id": "PKG17448", "payload": {"status": "RECEIVED"}, "sent_ts": 1758717449383, "arrival_ts": 1758717449419}
{"action": "recv", "src": "AS-N75", "dst": "AF-N38", "hlc": {"phys": 1758717460383, "cnt": 0, "node": "AS-N75"}, "package_id": "PKG17448", "payload": {"status": "DELIVERED"}, "sent_ts": 1758717449633, "arrival_ts": 1758717449678}
{"action": "recv", "src": "EU-N74", "dst": "AF-N38", "hlc": {"phys": 1758718421095, "cnt": 0, "node": "EU-N74"}, "package_id": "PKG18415", "payload": {"status": "CREATED"}, "sent_ts": 1758718415355, "arrival_ts": 1758718415449}
{"action": "recv", "src": "EU-N74", "dst": "AF-N38", "hlc": {"phys": 1758718421404, "cnt": 0, "node": "EU-N74"}, "package_id": "PKG18415", "payload": {"status": "SENT"}, "sent_ts": 1758718415664, "arrival_ts": 1758718415742}
{"action": "recv", "src": "EU-N74", "dst": "AF-N38", "hlc": {"phys": 1758718421693, "cnt": 0, "node": "EU-N74"}, "package_id": "PKG18415", "payload": {"status": "IN_TRANSIT"}, "sent_ts": 1758718415953, "arrival_ts": 1758718415981}
{"action": "recv", "src": "EU-N74", "dst": "AF-N38", "hlc": {"phys": 1758718421912, "cnt": 0, "node": "EU-N74"}, "package_id": "PKG18415", "payload": {"status": "RECEIVED"}, "sent_ts": 1758718416172, "arrival_ts": 1758718416220}
{"action": "recv", "src": "EU-N74", "dst": "AF-N38", "hlc": {"phys": 1758718422174, "cnt": 0, "node": "EU-N74"}, "package_id": "PKG18415", "payload": {"status": "DELIVERED"}, "sent_ts": 1758718416434, "arrival_ts": 1758718416513}
{"action": "send", "src": "AF-N38", "dst": "AU-N39", "hlc": {"phys": 1758737827426, "cnt": 0, "node": "AF-N38"}, "package_id": "PKG37812", "payload": {"status": "CREATED"}, "sent_ts": 1758737812046, "arrival_ts": 1758737812046}
{"action": "send", "src": "AF-N38", "dst": "AU-N39", "hlc": {"phys": 1758737827752, "cnt": 0, "node": "AF-N38"}, "package_id": "PKG37812", "payload": {"status": "SENT"}, "sent_ts": 1758737812372, "arrival_ts": 1758737812372}
{"action": "send", "src": "AF-N38", "dst": "AU-N39", "hlc": {"phys": 1758737828125, "cnt": 0, "node": "AF-N38"}, "package_id": "PKG37812", "payload": {"status": "IN_TRANSIT"}, "sent_ts": 1758737812745, "arrival_ts": 1758737812745}
{"action": "send", "src": "AF-N38", "dst": "AU-N39", "hlc": {"phys": 1758737828499, "cnt": 0, "node": "AF-N38"}, "package_id": "PKG37812", "payload": {"status": "RECEIVED"}, "sent_ts": 1758737813119, "arrival_ts": 1758737813119}
{"action": "send", "src": "AF-N38", "dst": "AU-N39", "hlc": {"phys": 1758737828821, "cnt": 0, "node": "AF-N38"}, "package_id": "PKG37812", "payload": {"status": "DELIVERED"}, "sent_ts": 1758737813441, "arrival_ts": 1758737813441}
{"action": "recv", "src": "NA-N173", "dst": "AF-N38", "hlc": {"phys": 1758738440890, "cnt": 0, "node": "NA-N173"}, "package_id": "PKG38439", "payload": {"status": "CREATED"}, "sent_ts": 1758738439160, "arrival_ts": 1758738439288}
{"action": "recv", "src": "NA-N173", "dst": "AF-N38", "hlc": {"phys": 1758738441227, "cnt": 0, "node": "NA-N173"}, "package_id": "PKG38439", "payload": {"status": "SENT"}, "sent_ts": 1758738439497, "arrival_ts": 1758738439569}
{"action": "recv", "src": "NA-N173", "dst": "AF-N38", "hlc": {"phys": 1758738441506, "cnt": 0, "node": "NA-N173"}, "package_id": "PKG38439", "payload": {"status": "IN_TRANSIT"}, "sent_ts": 1758738439776, "arrival_ts": 1758738439933}
{"action": "recv", "src": "NA-N173", "dst": "AF-N38", "hlc": {"phys": 1758738441863, "cnt": 0, "node": "NA-N173"}, "package_id": "PKG38439", "payload": {"status": "RECEIVED"}, "sent_ts": 1758738440133, "arrival_ts": 1758738440279}
{"action": "recv", "src": "NA-N173", "dst": "AF-N38", "hlc": {"phys": 1758738442214, "cnt": 0, "node": "NA-N173"}, "package_id": "PKG38439", "payload": {"status": "DELIVERED"}, "sent_ts": 1758738440484, "arrival_ts": 1758738440544}
{"action": "recv", "src": "AN-N65", "dst": "AF-N38", "hlc": {"phys": 1758746221783, "cnt": 0, "node": "AN-N65"}, "package_id": "PKG46191", "payload": {"status": "CREATED"}, "sent_ts": 1758746191133, "arrival_ts": 1758746191288}
{"action": "recv", "src": "AN-N65", "dst": "AF-N38", "hlc": {"phys": 1758746222148, "cnt": 0, "node": "AN-N65"}, "package_id": "PKG46191", "payload": {"status": "SENT"}, "sent_ts": 1758746191498, "arrival_ts": 1758746191674}
{"action": "recv", "src": "AN-N65", "dst": "AF-N38", "hlc": {"phys": 1758746222541, "cnt": 0, "node": "AN-N65"}, "package_id": "PKG46191", "payload": {"status": "IN_TRANSIT"}, "sent_ts": 1758746191891, "arrival_ts": 1758746191905}
{"action": "recv", "src": "AN-N65", "dst": "AF-N38", "hlc": {"phys": 1758746222764, "cnt": 0, "node": "AN-N65"}, "package_id": "PKG46191", "payload": {"status": "RECEIVED"}, "sent_ts": 1758746192114, "arrival_ts": 1758746192232}
{"action": "recv", "src": "AN-N65", "dst": "AF-N38", "hlc": {"phys": 1758746223091, "cnt": 0, "node": "AN-N65"}, "package_id": "PKG46191", "payload": {"status": "DELIVERED"}, "sent_ts": 1758746192441, "arrival_ts": 1758746192569}
{"action": "send", "src": "AF-N38", "dst": "EU-N66", "hlc": {"phys": 1758747965698, "cnt": 0, "node": "AF-N38"}, "package_id": "PKG47950", "payload": {"status": "CREATED"}, "sent_ts": 1758747950318, "arrival_ts": 1758747950318}
{"action": "send", "src": "AF-N38", "dst": "EU-N66", "hlc": {"phys": 1758747966002, "cnt": 0, "node": "AF-N38"}, "package_id": "PKG47950", "payload": {"status": "SENT"}, "sent_ts": 1758747950622, "arrival_ts": 1758747950622}
{"action": "send", "src": "AF-N38", "dst": "EU-N66", "hlc": {"phys": 1758747966343, "cnt": 0, "node": "AF-N38"}, "package_id": "PKG47950", "payload": {"status": "IN_TRANSIT"}, "sent_ts": 1758747950963, "arrival_ts": 1758747950963}
{"action": "send", "src": "AF-N38", "dst": "EU-N66", "hlc": {"phys": 1758747966651, "cnt": 0, "node": "AF-N38"}, "package_id": "PKG47950", "payload": {"status": "RECEIVED"}, "sent_ts": 1758747951271, "arrival_ts": 1758747951271}
{"action": "send", "src": "AF-N38", "dst": "EU-N66", "hlc": {"phys": 1758747967038, "cnt": 0, "node": "AF-N38"}, "package_id": "PKG47950", "payload": {"status": "DELIVERED"}, "sent_ts": 1758747951658, "arrival_ts": 1758747951658}
{"action": "recv", "src": "AF-N22", "dst": "AF-N38", "hlc": {"phys": 1758752463731, "cnt": 0, "node": "AF-N22"}, "package_id": "PKG52448", "payload": {"status": "CREATED"}, "sent_ts": 1758752448511, "arrival_ts": 1758752448677}
{"action": "recv", "src": "AF-N22", "dst": "AF-N38", "hlc": {"phys": 1758752464131, "cnt": 0, "node": "AF-N22"}, "package_id": "PKG52448", "payload": {"status": "SENT"}, "sent_ts": 1758752448911, "arrival_ts": 1758752449052}
{"action": "recv", "src": "AF-N22", "dst": "AF-N38", "hlc": {"phys": 1758752464470, "cnt": 0, "node": "AF-N22"}, "package_id": "PKG52448", "payload": {"status": "IN_TRANSIT"}, "sent_ts": 1758752449250, "arrival_ts": 1758752449425}
{"action": "recv", "src": "AF-N22", "dst": "AF-N38", "hlc": {"phys": 1758752464854, "cnt": 0, "node": "AF-N22"}, "package_id": "PKG52448", "payload": {"status": "RECEIVED"}, "sent_ts": 1758752449634, "arrival_ts": 1758752449649}
{"action": "recv", "src": "AF-N22", "dst": "AF-N38", "hlc": {"phys": 1758752465079, "cnt": 0, "node": "AF-N22"}, "package_id": "PKG52448", "payload": {"status": "DELIVERED"}, "sent_ts": 1758752449859, "arrival_ts": 1758752449892}
{"action": "recv", "src": "AN-N6", "dst": "AF-N38", "hlc": {"phys": 1758754193521, "cnt": 0, "node": "AN-N6"}, "package_id": "PKG54163", "payload": {"status": "CREATED"}, "sent_ts": 1758754163461, "arrival_ts": 1758754163624}
{"action": "recv", "src": "AN-N6", "dst": "AF-N38", "hlc": {"phys": 1758754193899, "cnt": 0, "node": "AN-N6"}, "package_id": "PKG54163", "payload": {"status": "SENT"}, "sent_ts": 1758754163839, "arrival_ts": 1758754163888}
{"action": "recv", "src": "AN-N6", "dst": "AF-N38", "hlc": {"phys": 1758754194152, "cnt": 0, "node": "AN-N6"}, "package_id": "PKG54163", "payload": {"status": "IN_TRANSIT"}, "sent_ts": 1758754164092, "arrival_ts": 1758754164198}
{"action": "recv", "src": "AN-N6", "dst": "AF-N38", "hlc": {"phys": 1758754194458, "cnt": 0, "node": "AN-N6"}, "package_id": "PKG54163", "payload": {"status": "RECEIVED"}, "sent_ts": 1758754164398, "arrival_ts": 1758754164552}
{"action": "recv", "src": "AN-N6", "dst": "AF-N38", "hlc": {"phys": 1758754194820, "cnt": 0, "node": "AN-N6"}, "package_id": "PKG54163", "payload": {"status": "DELIVERED"}, "sent_ts": 1758754164760, "arrival_ts": 1758754164835}
{"action": "recv", "src": "AS-N52", "dst": "AF-N38", "hlc": {"phys": 1758754557959, "cnt": 0, "node": "AS-N52"}, "package_id": "PKG54547", "payload": {"status": "CREATED"}, "sent_ts": 1758754547439, "arrival_ts": 1758754547512}
{"action": "recv", "src": "AS-N52", "dst": "AF-N38", "hlc": {"phys": 1758754558244, "cnt": 0, "node": "AS-N52"}, "package_id": "PKG54547", "payload": {"status": "SENT"}, "sent_ts": 1758754547723, "arrival_ts": 1758754547823}
{"action": "recv", "src": "AS-N52", "dst": "AF-N38", "hlc": {"phys": 1758754558560, "cnt": 0, "node": "AS-N52"}, "package_id": "PKG54547", "payload": {"status": "IN_TRANSIT"}, "sent_ts": 1758754548040, "arrival_ts": 1758754548074}
{"action": "recv", "src": "AS-N52", "dst": "AF-N38", "hlc": {"phys": 1758754558809, "cnt": 0, "node": "AS-N52"}, "package_id": "PKG54547", "payload": {"status": "RECEIVED"}, "sent_ts": 1758754548289, "arrival_ts": 1758754548399}
{"action": "recv", "src": "AS-N52", "dst": "AF-N38", "hlc": {"phys": 1758754559139, "cnt": 0, "node": "AS-N52"}, "package_id": "PKG54547", "payload": {"status": "DELIVERED"}, "sent_ts": 1758754548619, "arrival_ts": 1758754548776}
{"action": "send", "src": "AF-N38", "dst": "SA-N199", "hlc": {"phys": 1758755397676, "cnt": 0, "node": "AF-N38"}, "package_id": "PKG55382", "payload": {"status": "CREATED"}, "sent_ts": 1758755382296, "arrival_ts": 1758755382296}
{"action": "send", "src": "AF-N38", "dst": "SA-N199", "hlc": {"phys": 1758755398058, "cnt": 0, "node": "AF-N38"}, "package_id": "PKG55382", "payload": {"status": "SENT"}, "sent_ts": 1758755382678, "arrival_ts": 1758755382678}
{"action": "send", "src": "AF-N38", "dst": "SA-N199", "hlc": {"phys": 1758755398325, "cnt": 0, "node": "AF-N38"}, "package_id": "PKG55382", "payload": {"status": "IN_TRANSIT"}, "sent_ts": 1758755382945, "arrival_ts": 1758755382945}
{"action": "send", "src": "AF-N38", "dst": "SA-N199", "hlc": {"phys": 1758755398611, "cnt": 0, "node": "AF-N38"}, "package_id": "PKG55382", "payload": {"status": "RECEIVED"}, "sent_ts": 1758755383231, "arrival_ts": 1758755383231}
{"action": "send", "src": "AF-N38", "dst": "SA-N199", "hlc": {"phys": 1758755398894, "cnt": 0, "node": "AF-N38"}, "package_id": "PKG55382", "payload": {"status": "DELIVERED"}, "sent_ts": 1758755383514, "arrival_ts": 1758755383514}
{"action": "recv", "src": "SA-N174", "dst": "AF-N38", "hlc": {"phys": 1758759192118, "cnt": 0, "node": "SA-N174"}, "package_id": "PKG59170", "payload": {"status": "CREATED"}, "sent_ts": 1758759170378, "arrival_ts": 1758759170561}
{"action": "recv", "src": "SA-N174", "dst": "AF-N38", "hlc": {"phys": 1758759192512, "cnt": 0, "node": "SA-N174"}, "package_id": "PKG59170", "payload": {"status": "SENT"}, "sent_ts": 1758759170772, "arrival_ts": 1758759170835}
{"action": "recv", "src": "SA-N174", "dst": "AF-N38", "hlc": {"phys": 1758759192775, "cnt": 0, "node": "SA-N174"}, "package_id": "PKG59170", "payload": {"status": "IN_TRANSIT"}, "sent_ts": 1758759171035, "arrival_ts": 1758759171207}
{"action": "recv", "src": "SA-N174", "dst": "AF-N38", "hlc": {"phys": 1758759193137, "cnt": 0, "node": "SA-N174"}, "package_id": "PKG59170", "payload": {"status": "RECEIVED"}, "sent_ts": 1758759171397, "arrival_ts": 1758759171587}
{"action": "recv", "src": "SA-N174", "dst": "AF-N38", "hlc": {"phys": 1758759193532, "cnt": 0, "node": "SA-N174"}, "package_id": "PKG59170", "payload": {"status": "DELIVERED"}, "sent_ts": 1758759171792, "arrival_ts": 1758759171941}
{"action": "recv", "src": "AS-N57", "dst": "AF-N38", "hlc": {"phys": 1758760152810, "cnt": 0, "node": "AS-N57"}, "package_id": "PKG60142", "payload": {"status": "CREATED"}, "sent_ts": 1758760142240, "arrival_ts": 1758760142271}
{"action": "recv", "src": "AS-N57", "dst": "AF-N38", "hlc": {"phys": 1758760153209, "cnt": 0, "node": "AS-N57"}, "package_id": "PKG60142", "payload": {"status": "SENT"}, "sent_ts": 1758760142639, "arrival_ts": 1758760142980}
{"action": "recv", "src": "AS-N57", "dst": "AF-N38", "hlc": {"phys": 1758760153754, "cnt": 0, "node": "AS-N57"}, "package_id": "PKG60142", "payload": {"status": "IN_TRANSIT"}, "sent_ts": 1758760143184, "arrival_ts": 1758760143384}
{"action": "recv", "src": "AS-N57", "dst": "AF-N38", "hlc": {"phys": 1758760154170, "cnt": 0, "node": "AS-N57"}, "package_id": "PKG60142", "payload": {"status": "RECEIVED"}, "sent_ts": 1758760143600, "arrival_ts": 1758760143670}
{"action": "recv", "src": "AS-N57", "dst": "AF-N38", "hlc": {"phys": 1758760154432, "cnt": 0, "node": "AS-N57"}, "package_id": "PKG60142", "payload": {"status": "DELIVERED"}, "sent_ts": 1758760143862, "arrival_ts": 1758760143935}
{"action": "send", "src": "AF-N38", "dst": "AU-N85", "hlc": {"phys": 1758760991542, "cnt": 0, "node": "AF-N38"}, "package_id": "PKG60976", "payload": {"status": "CREATED"}, "sent_ts": 1758760976162, "arrival_ts": 1758760976162}
{"action": "send", "src": "AF-N38", "dst": "AU-N85", "hlc": {"phys": 1758760991758, "cnt": 0, "node": "AF-N38"}, "package_id": "PKG60976", "payload": {"status": "SENT"}, "sent_ts": 1758760976378, "arrival_ts": 1758760976378}
{"action": "send", "src": "AF-N38", "dst": "AU-N85", "hlc": {"phys": 1758760992146, "cnt": 0, "node": "AF-N38"}, "package_id": "PKG60976", "payload": {"status": "IN_TRANSIT"}, "sent_ts": 1758760976766, "arrival_ts": 1758760976766}
{"action": "send", "src": "AF-N38", "dst": "AU-N85", "hlc": {"phys": 1758760992457, "cnt": 0, "node": "AF-N38"}, "package_id": "PKG60976", "payload": {"status": "RECEIVED"}, "sent_ts": 1758760977077, "arrival_ts": 1758760977077}
{"action": "send", "src": "AF-N38", "dst": "AU-N85", "hlc": {"phys": 1758760992782, "cnt": 0, "node": "AF-N38"}, "package_id": "PKG60976", "payload": {"status": "DELIVERED"}, "sent_ts": 1758760977402, "arrival_ts": 1758760977402}
{"action": "recv", "src": "AU-N52", "dst": "AF-N38", "hlc": {"phys": 1758761533334, "cnt": 0, "node": "AU-N52"}, "package_id": "PKG61507", "payload": {"status": "CREATED"}, "sent_ts": 1758761507814, "arrival_ts": 1758761508016}
{"action": "recv", "src": "AU-N52", "dst": "AF-N38", "hlc": {"phys": 1758761533750, "cnt": 0, "node": "AU-N52"}, "package_id": "PKG61507", "payload": {"status": "SENT"}, "sent_ts": 1758761508230, "arrival_ts": 1758761508323}
{"action": "recv", "src": "AU-N52", "dst": "AF-N38", "hlc": {"phys": 1758761534056, "cnt": 0, "node": "AU-N52"}, "package_id": "PKG61507", "payload": {"status": "IN_TRANSIT"}, "sent_ts": 1758761508535, "arrival_ts": 1758761508571}
{"action": "recv", "src": "AU-N52", "dst": "AF-N38", "hlc": {"phys": 1758761534306, "cnt": 0, "node": "AU-N52"}, "package_id": "PKG61507", "payload": {"status": "RECEIVED"}, "sent_ts": 1758761508786, "arrival_ts": 1758761508935}
{"action": "recv", "src": "AU-N52", "dst": "AF-N38", "hlc": {"phys": 1758761534678, "cnt": 0, "node": "AU-N52"}, "package_id": "PKG61507", "payload": {"status": "DELIVERED"}, "sent_ts": 1758761509158, "arrival_ts": 1758761509200}
{"action": "recv", "src": "SA-N67", "dst": "AF-N38", "hlc": {"phys": 1758762805243, "cnt": 0, "node": "SA-N67"}, "package_id": "PKG62784", "payload": {"status": "CREATED"}, "sent_ts": 1758762784573, "arrival_ts": 1758762784750}
{"action": "recv", "src": "SA-N67", "dst": "AF-N38", "hlc": {"phys": 1758762805634, "cnt": 0, "node": "SA-N67"}, "package_id": "PKG62784", "payload": {"status": "SENT"}, "sent_ts": 1758762784964, "arrival_ts": 1758762784993}
{"action": "recv", "src": "SA-N67", "dst": "AF-N38", "hlc": {"phys": 1758762805868, "cnt": 0, "node": "SA-N67"}, "package_id": "PKG62784", "payload": {"status": "IN_TRANSIT"}, "sent_ts": 1758762785198, "arrival_ts": 1758762785243}
{"action": "recv", "src": "SA-N67", "dst": "AF-N38", "hlc": {"phys": 1758762806116, "cnt": 0, "node": "SA-N67"}, "package_id": "PKG62784", "payload": {"status": "RECEIVED"}, "sent_ts": 1758762785446, "arrival_ts": 1758762785589}
{"action": "recv", "src": "SA-N67", "dst": "AF-N38", "hlc": {"phys": 1758762806458, "cnt": 0, "node": "SA-N67"}, "package_id": "PKG62784", "payload": {"status": "DELIVERED"}, "sent_ts": 1758762785788, "arrival_ts": 1758762785820}
{"action": "recv", "src": "SA-N24", "dst": "AF-N38", "hlc": {"phys": 1758762986855, "cnt": 0, "node": "SA-N24"}, "package_id": "PKG62966", "payload": {"status": "CREATED"}, "sent_ts": 1758762966615, "arrival_ts": 1758762966805}
{"action": "recv", "src": "SA-N24", "dst": "AF-N38", "hlc": {"phys": 1758762987243, "cnt": 0, "node": "SA-N24"}, "package_id": "PKG62966", "payload": {"status": "SENT"}, "sent_ts": 1758762967003, "arrival_ts": 1758762967034}
{"action": "recv", "src": "SA-N24", "dst": "AF-N38", "hlc": {"phys": 1758762987474, "cnt": 0, "node": "SA-N24"}, "package_id": "PKG62966", "payload": {"status": "IN_TRANSIT"}, "sent_ts": 1758762967234, "arrival_ts": 1758762967283}
{"action": "recv", "src": "SA-N24", "dst": "AF-N38", "hlc": {"phys": 1758762987736, "cnt": 0, "node": "SA-N24"}, "package_id": "PKG62966", "payload": {"status": "RECEIVED"}, "sent_ts": 1758762967496, "arrival_ts": 1758762967597}
{"action": "recv", "src": "SA-N24", "dst": "AF-N38", "hlc": {"phys": 1758762988044, "cnt": 0, "node": "SA-N24"}, "package_id": "PKG62966", "payload": {"status": "DELIVERED"}, "sent_ts": 1758762967804, "arrival_ts": 1758762968001}
{"action": "send", "src": "AF-N38", "dst": "AF-N133", "hlc": {"phys": 1758763504302, "cnt": 0, "node": "AF-N38"}, "package_id": "PKG63488", "payload": {"status": "CREATED"}, "sent_ts": 1758763488922, "arrival_ts": 1758763488922}
{"action": "send", "src": "AF-N38", "dst": "AF-N133", "hlc": {"phys": 1758763504687, "cnt": 0, "node": "AF-N38"}, "package_id": "PKG63488", "payload": {"status": "SENT"}, "sent_ts": 1758763489307, "arrival_ts": 1758763489307}
{"action": "send", "src": "AF-N38", "dst": "AF-N133", "hlc": {"phys": 1758763504922, "cnt": 0, "node": "AF-N38"}, "package_id": "PKG63488", "payload": {"status": "IN_TRANSIT"}, "sent_ts": 1758763489542, "arrival_ts": 1758763489542}
{"action": "send", "src": "AF-N38", "dst": "AF-N133", "hlc": {"phys": 1758763505170, "cnt": 0, "node": "AF-N38"}, "package_id": "PKG63488", "payload": {"status": "RECEIVED"}, "sent_ts": 1758763489790, "arrival_ts": 1758763489790}
{"action": "send", "src": "AF-N38", "dst": "AF-N133", "hlc": {"phys": 1758763505541, "cnt": 0, "node": "AF-N38"}, "package_id": "PKG63488", "payload": {"status": "DELIVERED"}, "sent_ts": 1758763490161, "arrival_ts": 1758763490161}
{"action": "recv", "src": "NA-N130", "dst": "AF-N38", "hlc": {"phys": 1758765109707, "cnt": 0, "node": "NA-N130"}, "package_id": "PKG65108", "payload": {"status": "CREATED"}, "sent_ts": 1758765108407, "arrival_ts": 1758765108461}
{"action": "recv", "src": "NA-N130", "dst": "AF-N38", "hlc": {"phys": 1758765109969, "cnt": 0, "node": "NA-N130"}, "package_id": "PKG65108", "payload": {"status": "SENT"}, "sent_ts": 1758765108669, "arrival_ts": 1758765108757}
{"action": "recv", "src": "NA-N130", "dst": "AF-N38", "hlc": {"phys": 1758765110270, "cnt": 0, "node": "NA-N130"}, "package_id": "PKG65108", "payload": {"status": "IN_TRANSIT"}, "sent_ts": 1758765108970, "arrival_ts": 1758765109034}
{"action": "recv", "src": "NA-N130", "dst": "AF-N38", "hlc": {"phys": 1758765110543, "cnt": 0, "node": "NA-N130"}, "package_id": "PKG65108", "payload": {"status": "RECEIVED"}, "sent_ts": 1758765109243, "arrival_ts": 1758765109302}
{"action": "recv", "src": "NA-N130", "dst": "AF-N38", "hlc": {"phys": 1758765110813, "cnt": 0, "node": "NA-N130"}, "package_id": "PKG65108", "payload": {"status": "DELIVERED"}, "sent_ts": 1758765109513, "arrival_ts": 1758765109656}
{"action": "send", "src": "AF-N38", "dst": "AF-N55", "hlc": {"phys": 1758765209336, "cnt": 0, "node": "AF-N38"}, "package_id": "PKG65193", "payload": {"status": "CREATED"}, "sent_ts": 1758765193956, "arrival_ts": 1758765193956}
{"action": "send", "src": "AF-N38", "dst": "AF-N55", "hlc": {"phys": 1758765209720, "cnt": 0, "node": "AF-N38"}, "package_id": "PKG65193", "payload": {"status": "SENT"}, "sent_ts": 1758765194340, "arrival_ts": 1758765194340}
{"action": "send", "src": "AF-N38", "dst": "AF-N55", "hlc": {"phys": 1758765209988, "cnt": 0, "node": "AF-N38"}, "package_id": "PKG65193", "payload": {"status": "IN_TRANSIT"}, "sent_ts": 1758765194608, "arrival_ts": 1758765194608}
{"action": "send", "src": "AF-N38", "dst": "AF-N55", "hlc": {"phys": 1758765210277, "cnt": 0, "node": "AF-N38"}, "package_id": "PKG65193", "payload": {"status": "RECEIVED"}, "sent_ts": 1758765194897, "arrival_ts": 1758765194897}
{"action": "send", "src": "AF-N38", "dst": "AF-N55", "hlc": {"phys": 1758765210595, "cnt": 0, "node": "AF-N38"}, "package_id": "PKG65193", "payload": {"status": "DELIVERED"}, "sent_ts": 1758765195215, "arrival_ts": 1758765195215}
{"action": "recv", "src": "AU-N140", "dst": "AF-N38", "hlc": {"phys": 1758800950071, "cnt": 0, "node": "AU-N140"}, "package_id": "PKG923", "payload": {"status": "CREATED"}, "sent_ts": 1758800923671, "arrival_ts": 1758800923857}
{"action": "recv", "src": "AU-N140", "dst": "AF-N38", "hlc": {"phys": 1758800950471, "cnt": 0, "node": "AU-N140"}, "package_id": "PKG923", "payload": {"status": "SENT"}, "sent_ts": 1758800924071, "arrival_ts": 1758800924084}
{"action": "recv", "src": "AU-N140", "dst": "AF-N38", "hlc": {"phys": 1758800950690, "cnt": 0, "node": "AU-N140"}, "package_id": "PKG923", "payload": {"status": "IN_TRANSIT"}, "sent_ts": 1758800924290, "arrival_ts": 1758800924455}
{"action": "recv", "src": "AU-N140", "dst": "AF-N38", "hlc": {"phys": 1758800951068, "cnt": 0, "node": "AU-N140"}, "package_id": "PKG923", "payload": {"status": "RECEIVED"}, "sent_ts": 1758800924668, "arrival_ts": 1758800924866}
{"action": "recv", "src": "AU-N140", "dst": "AF-N38", "hlc": {"phys": 1758800951475, "cnt": 0, "node": "AU-N140"}, "package_id": "PKG923", "payload": {"status": "DELIVERED"}, "sent_ts": 1758800925075, "arrival_ts": 1758800925118}
{"action": "send", "src": "AF-N38", "dst": "AF-N177", "hlc": {"phys": 1758804078899, "cnt": 0, "node": "AF-N38"}, "package_id": "PKG4063", "payload": {"status": "CREATED"}, "sent_ts": 1758804063519, "arrival_ts": 1758804063519}
{"action": "send", "src": "AF-N38", "dst": "AF-N177", "hlc": {"phys": 1758804079155, "cnt": 0, "node": "AF-N38"}, "package_id": "PKG4063", "payload": {"status": "SENT"}, "sent_ts": 1758804063775, "arrival_ts": 1758804063775}
{"action": "send", "src": "AF-N38", "dst": "AF-N177", "hlc": {"phys": 1758804079539, "cnt": 0, "node": "AF-N38"}, "package_id": "PKG4063", "payload": {"status": "IN_TRANSIT"}, "sent_ts": 1758804064159, "arrival_ts": 1758804064159}
{"action": "send", "src": "AF-N38", "dst": "AF-N177", "hlc": {"phys": 1758804079800, "cnt": 0, "node": "AF-N38"}, "package_id": "PKG4063", "payload": {"status": "RECEIVED"}, "sent_ts": 1758804064420, "arrival_ts": 1758804064420}
{"action": "send", "src": "AF-N38", "dst": "AF-N177", "hlc": {"phys": 1758804080137, "cnt": 0, "node": "AF-N38"}, "package_id": "PKG4063", "payload": {"status": "DELIVERED"}, "sent_ts": 1758804064757, "arrival_ts": 1758804064757}
{"action": "recv", "src": "AS-N108", "dst": "AF-N38", "hlc": {"phys": 1758804234546, "cnt": 0, "node": "AS-N108"}, "package_id": "PKG4223", "payload": {"status": "CREATED"}, "sent_ts": 1758804223466, "arrival_ts": 1758804223631}
{"action": "recv", "src": "AS-N108", "dst": "AF-N38", "hlc": {"phys": 1758804234928, "cnt": 0, "node": "AS-N108"}, "package_id": "PKG4223", "payload": {"status": "SENT"}, "sent_ts": 1758804223848, "arrival_ts": 1758804224020}
{"action": "recv", "src": "AS-N108", "dst": "AF-N38", "hlc": {"phys": 1758804235307, "cnt": 0, "node": "AS-N108"}, "package_id": "PKG4223", "payload": {"status": "IN_TRANSIT"}, "sent_ts": 1758804224227, "arrival_ts": 1758804224360}
{"action": "recv", "src": "AS-N108", "dst": "AF-N38", "hlc": {"phys": 1758804235649, "cnt": 0, "node": "AS-N108"}, "package_id": "PKG4223", "payload": {"status": "RECEIVED"}, "sent_ts": 1758804224569, "arrival_ts": 1758804224727}
{"action": "recv", "src": "AS-N108", "dst": "AF-N38", "hlc": {"phys": 1758804236006, "cnt": 0, "node": "AS-N108"}, "package_id": "PKG4223", "payload": {"status": "DELIVERED"}, "sent_ts": 1758804224926, "arrival_ts": 1758804225059}
{"action": "recv", "src": "AF-N45", "dst": "AF-N38", "hlc": {"phys": 1758810695560, "cnt": 0, "node": "AF-N45"}, "package_id": "PKG10680", "payload": {"status": "CREATED"}, "sent_ts": 1758810680110, "arrival_ts": 1758810680303}
{"action": "recv", "src": "AF-N45", "dst": "AF-N38", "hlc": {"phys": 1758810695965, "cnt": 0, "node": "AF-N45"}, "package_id": "PKG10680", "payload": {"status": "SENT"}, "sent_ts": 1758810680515, "arrival_ts": 1758810680639}
{"action": "recv", "src": "AF-N45", "dst": "AF-N38", "hlc": {"phys": 1758810696306, "cnt": 0, "node": "AF-N45"}, "package_id": "PKG10680", "payload": {"status": "IN_TRANSIT"}, "sent_ts": 1758810680856, "arrival_ts": 1758810680909}
{"action": "recv", "src": "AF-N45", "dst": "AF-N38", "hlc": {"phys": 1758810696570, "cnt": 0, "node": "AF-N45"}, "package_id": "PKG10680", "payload": {"status": "RECEIVED"}, "sent_ts": 1758810681120, "arrival_ts": 1758810681225}
{"action": "recv", "src": "AF-N45", "dst": "AF-N38", "hlc": {"phys": 1758810696881, "cnt": 0, "node": "AF-N45"}, "package_id": "PKG10680", "payload": {"status": "DELIVERED"}, "sent_ts": 1758810681431, "arrival_ts": 1758810681560}
{"action": "send", "src": "AF-N38", "dst": "AN-N190", "hlc": {"phys": 1758812443858, "cnt": 0, "node": "AF-N38"}, "package_id": "PKG12428", "payload": {"status": "CREATED"}, "sent_ts": 1758812428478, "arrival_ts": 1758812428478}
{"action": "send", "src": "AF-N38", "dst": "AN-N190", "hlc": {"phys": 1758812444107, "cnt": 0, "node": "AF-N38"}, "package_id": "PKG12428", "payload": {"status": "SENT"}, "sent_ts": 1758812428727, "arrival_ts": 1758812428727}
{"action": "send", "src": "AF-N38", "dst": "AN-N190", "hlc": {"phys": 1758812444338, "cnt": 0, "node": "AF-N38"}, "package_id": "PKG12428", "payload": {"status": "IN_TRANSIT"}, "sent_ts": 1758812428958, "arrival_ts": 1758812428958}
{"action": "send", "src": "AF-N38", "dst": "AN-N190", "hlc": {"phys": 1758812444616, "cnt": 0, "node": "AF-N38"}, "package_id": "PKG12428", "payload": {"status": "RECEIVED"}, "sent_ts": 1758812429236, "arrival_ts": 1758812429236}
{"action": "send", "src": "AF-N38", "dst": "AN-N190", "hlc": {"phys": 1758812444974, "cnt": 0, "node": "AF-N38"}, "package_id": "PKG12428", "payload": {"status": "DELIVERED"}, "sent_ts": 1758812429594, "arrival_ts": 1758812429594}
{"action": "recv", "src": "AN-N194", "dst": "AF-N38", "hlc": {"phys": 1758814280550, "cnt": 0, "node": "AN-N194"}, "package_id": "PKG14248", "payload": {"status": "CREATED"}, "sent_ts": 1758814248610, "arrival_ts": 1758814248687}
{"action": "recv", "src": "AN-N194", "dst": "AF-N38", "hlc": {"phys": 1758814280845, "cnt": 0, "node": "AN-N194"}, "package_id": "PKG14248", "payload": {"status": "SENT"}, "sent_ts": 1758814248905, "arrival_ts": 1758814249091}
{"action": "recv", "src": "AN-N194", "dst": "AF-N38", "hlc": {"phys": 1758814281233, "cnt": 0, "node": "AN-N194"}, "package_id": "PKG14248", "payload": {"status": "IN_TRANSIT"}, "sent_ts": 1758814249293, "arrival_ts": 1758814249342}
{"action": "recv", "src": "AN-N194", "dst": "AF-N38", "hlc": {"phys": 1758814281478, "cnt": 0, "node": "AN-N194"}, "package_id": "PKG14248", "payload": {"status": "RECEIVED"}, "sent_ts": 1758814249538, "arrival_ts": 1758814249728}
{"action": "recv", "src": "AN-N194", "dst": "AF-N38", "hlc": {"phys": 1758814281868, "cnt": 0, "node": "AN-N194"}, "package_id": "PKG14248", "payload": {"status": "DELIVERED"}, "sent_ts": 1758814249928, "arrival_ts": 1758814250091}
