{"action": "send", "src": "AN-N31", "dst": "AU-N60", "hlc": {"phys": 1758713341976, "cnt": 0, "node": "AN-N31"}, "package_id": "PKG13311", "payload": {"status": "CREATED"}, "sent_ts": 1758713311666, "arrival_ts": 1758713311666}
{"action": "send", "src": "AN-N31", "dst": "AU-N60", "hlc": {"phys": 1758713342334, "cnt": 0, "node": "AN-N31"}, "package_id": "PKG13311", "payload": {"status": "SENT"}, "sent_ts": 1758713312024, "arrival_ts": 1758713312024}
{"action": "send", "src": "AN-N31", "dst": "AU-N60", "hlc": {"phys": 1758713342662, "cnt": 0, "node": "AN-N31"}, "package_id": "PKG13311", "payload": {"status": "IN_TRANSIT"}, "sent_ts": 1758713312352, "arrival_ts": 1758713312352}
{"action": "send", "src": "AN-N31", "dst": "AU-N60", "hlc": {"phys": 1758713343069, "cnt": 0, "node": "AN-N31"}, "package_id": "PKG13311", "payload": {"status": "RECEIVED"}, "sent_ts": 1758713312759, "arrival_ts": 1758713312759}
{"action": "send", "src": "AN-N31", "dst": "AU-N60", "hlc": {"phys": 1758713343296, "cnt": 0, "node": "AN-N31"}, "package_id": "PKG13311", "payload": {"status": "DELIVERED"}, "sent_ts": 1758713312986, "arrival_ts": 1758713312986}
{"action": "recv", "src": "AU-N57", "dst": "AN-N31", "hlc": {"phys": 1758717773191, "cnt": 0, "node": "AU-N57"}, "package_id": "PKG17747", "payload": {"status": "CREATED"}, "sent_ts": 1758717747621, "arrival_ts": 1758717747734}
{"action": "recv", "src": "AU-N57", "dst": "AN-N31", "hlc": {"phys": 1758717773513, "cnt": 0, "node": "AU-N57"}, "package_id": "PKG17747", "payload": {"status": "SENT"}, "sent_ts": 1758717747943, "arrival_ts": 1758717748052}
{"action": "recv", "src": "AU-N57", "dst": "AN-N31", "hlc": {"phys": 1758717773821, "cnt": 0, "node": "AU-N57"}, "package_id": "PKG17747", "payload": {"status": "IN_TRANSIT"}, "sent_ts": 1758717748251, "arrival_ts": 1758717748365}
{"action": "recv", "src": "AU-N57", "dst": "AN-N31", "hlc": {"phys": 1758717774146, "cnt": 0, "node": "AU-N57"}, "package_id": "PKG17747", "payload": {"status": "RECEIVED"}, "sent_ts": 1758717748576, "arrival_ts": 1758717748606}
{"action": "recv", "src": "AU-N57", "dst": "AN-N31", "hlc": {"phys": 1758717774395, "cnt": 0, "node": "AU-N57"}, "package_id": "PKG17747", "payload": {"status": "DELIVERED"}, "sent_ts": 1758717748825, "arrival_ts": 1758717748897}
{"action": "send", "src": "AN-N31", "dst": "AF-N195", "hlc": {"phys": 1758738453354, "cnt": 0, "node": "AN-N31"}, "package_id": "PKG38423", "payload": {"status": "CREATED"}, "sent_ts": 1758738423044, "arrival_ts": 1758738423044}
{"action": "send", "src": "AN-N31", "dst": "AF-N195", "hlc": {"phys": 1758738453645, "cnt": 0, "node": "AN-N31"}, "package_id": "PKG38423", "payload": {"status": "SENT"}, "sent_ts": 1758738423335, "arrival_ts": 1758738423335}
{"action": "send", "src": "AN-N31", "dst": "AF-N195", "hlc": {"phys": 1758738454009, "cnt": 0, "node": "AN-N31"}, "package_id": "PKG38423", "payload": {"status": "IN_TRANSIT"}, "sent_ts": 1758738423699, "arrival_ts": 1758738423699}
{"action": "send", "src": "AN-N31", "dst": "AF-N195", "hlc": {"phys": 1758738454251, "cnt": 0, "node": "AN-N31"}, "package_id": "PKG38423", "payload": {"status": "RECEIVED"}, "sent_ts": 1758738423941, "arrival_ts": 1758738423941}
{"action": "send", "src": "AN-N31", "dst": "AF-N195", "hlc": {"phys": 1758738454489, "cnt": 0, "node": "AN-N31"}, "package_id": "PKG38423", "payload": {"status": "DELIVERED"}, "sent_ts": 1758738424179, "arrival_ts": 1758738424179}
{"action": "recv", "src": "NA-N100", "dst": "AN-N31", "hlc": {"phys": 1758739865033, "cnt": 0, "node": "NA-N100"}, "package_id": "PKG39864", "payload": {"status": "CREATED"}, "sent_ts": 1758739864033, "arrival_ts": 1758739864191}
{"action": "recv", "src": "NA-N100", "dst": "AN-N31", "hlc": {"phys": 1758739865400, "cnt": 0, "node": "NA-N100"}, "package_id": "PKG39864", "payload": {"status": "SENT"}, "sent_ts": 1758739864400, "arrival_ts": 1758739864503}
{"action": "recv", "src": "NA-N100", "dst": "AN-N31", "hlc": {"phys": 1758739865711, "cnt": 0, "node": "NA-N100"}, "package_id": "PKG39864", "payload": {"status": "IN_TRANSIT"}, "sent_ts": 1758739864711, "arrival_ts": 1758739864842}
{"action": "recv", "src": "NA-N100", "dst": "AN-N31", "hlc": {"phys": 1758739866047, "cnt": 0, "node": "NA-N100"}, "package_id": "PKG39864", "payload": {"status": "RECEIVED"}, "sent_ts": 1758739865047, "arrival_ts": 1758739865226}
{"action": "recv", "src": "NA-N100", "dst": "AN-N31", "hlc": {"phys": 1758739866432, "cnt": 0, "node": "NA-N100"}, "package_id": "PKG39864", "payload": {"status": "DELIVERED"}, "sent_ts": 1758739865432, "arrival_ts": 1758739865616}
{"action": "send", "src": "AN-N31", "dst": "AF-N128", "hlc": {"phys": 1758740424691, "cnt": 0, "node": "AN-N31"}, "package_id": "PKG40394", "payload": {"status": "CREATED"}, "sent_ts": 1758740394381, "arrival_ts": 1758740394381}
{"action": "send", "src": "AN-N31", "dst": "AF-N128", "hlc": {"phys": 1758740424941, "cnt": 0, "node": "AN-N31"}, "package_id": "PKG40394", "payload": {"status": "SENT"}, "sent_ts": 1758740394631, "arrival_ts": 1758740394631}
{"action": "send", "src": "AN-N31", "dst": "AF-N128", "hlc": {"phys": 1758740425327, "cnt": 0, "node": "AN-N31"}, "package_id": "PKG40394", "payload": {"status": "IN_TRANSIT"}, "sent_ts": 1758740395017, "arrival_ts": 1758740395017}
{"action": "send", "src": "AN-N31", "dst": "AF-N128", "hlc": {"phys": 1758740425656, "cnt": 0, "node": "AN-N31"}, "package_id": "PKG40394", "payload": {"status": "RECEIVED"}, "sent_ts": 1758740395346, "arrival_ts": 1758740395346}
{"action": "send", "src": "AN-N31", "dst": "AF-N128", "hlc": {"phys": 1758740425998, "cnt": 0, "node": "AN-N31"}, "package_id": "PKG40394", "payload": {"status": "DELIVERED"}, "sent_ts": 1758740395688, "arrival_ts": 1758740395688}
{"action": "recv", "src": "AF-N198", "dst": "AN-N31", "hlc": {"phys": 1758742023335, "cnt": 0, "node": "AF-N198"}, "package_id": "PKG42006", "payload": {"status": "CREATED"}, "sent_ts": 1758742006355, "arrival_ts": 1758742006372}
{"action": "recv", "src": "AF-N198", "dst": "AN-N31", "hlc": {"phys": 1758742023569, "cnt": 0, "node": "AF-N198"}, "package_id": "PKG42006", "payload": {"status": "SENT"}, "sent_ts": 1758742006589, "arrival_ts": 1758742006775}
{"action": "recv", "src": "AF-N198", "dst": "AN-N31", "hlc": {"phys": 1758742023957, "cnt": 0, "node": "AF-N198"}, "package_id": "PKG42006", "payload": {"status": "IN_TRANSIT"}, "sent_ts": 1758742006977, "arrival_ts": 1758742007088}
{"action": "recv", "src": "AF-N198", "dst": "AN-N31", "hlc": {"phys": 1758742024269, "cnt": 0, "node": "AF-N198"}, "package_id": "PKG42006", "payload": {"status": "RECEIVED"}, "sent_ts": 1758742007289, "arrival_ts": 1758742007375}
{"action": "recv", "src": "AF-N198", "dst": "AN-N31", "hlc": {"phys": 1758742024563, "cnt": 0, "node": "AF-N198"}, "package_id": "PKG42006", "payload": {"status": "DELIVERED"}, "sent_ts": 1758742007583, "arrival_ts": 1758742007689}
{"action": "send", "src": "AN-N31", "dst": "AS-N150", "hlc": {"phys": 1758742064843, "cnt": 0, "node": "AN-N31"}, "package_id": "PKG42034", "payload": {"status": "CREATED"}, "sent_ts": 1758742034532, "arrival_ts": 1758742034533}
{"action": "send", "src": "AN-N31", "dst": "AS-N150", "hlc": {"phys": 1758742065174, "cnt": 0, "node": "AN-N31"}, "package_id": "PKG42034", "payload": {"status": "SENT"}, "sent_ts": 1758742034864, "arrival_ts": 1758742034864}
{"action": "send", "src": "AN-N31", "dst": "AS-N150", "hlc": {"phys": 1758742065468, "cnt": 0, "node": "AN-N31"}, "package_id": "PKG42034", "payload": {"status": "IN_TRANSIT"}, "sent_ts": 1758742035158, "arrival_ts": 1758742035158}
{"action": "send", "src": "AN-N31", "dst": "AS-N150", "hlc": {"phys": 1758742065779, "cnt": 0, "node": "AN-N31"}, "package_id": "PKG42034", "payload": {"status": "RECEIVED"}, "sent_ts": 1758742035469, "arrival_ts": 1758742035469}
{"action": "send", "src": "AN-N31", "dst": "AS-N150", "hlc": {"phys": 1758742066013, "cnt": 0, "node": "AN-N31"}, "package_id": "PKG42034", "payload": {"status": "DELIVERED"}, "sent_ts": 1758742035703, "arrival_ts": 1758742035703}
{"action": "recv", "src": "NA-N141", "dst": "AN-N31", "hlc": {"phys": 1758743273757, "cnt": 0, "node": "NA-N141"}, "package_id": "PKG43272", "payload": {"status": "CREATED"}, "sent_ts": 1758743272347, "arrival_ts": 1758743272492}
{"action": "recv", "src": "NA-N141", "dst": "AN-N31", "hlc": {"phys": 1758743274098, "cnt": 0, "node": "NA-N141"}, "package_id": "PKG43272", "payload": {"status": "SENT"}, "sent_ts": 1758743272688, "arrival_ts": 1758743272880}
{"action": "recv", "src": "NA-N141", "dst": "AN-N31", "hlc": {"phys": 1758743274500, "cnt": 0, "node": "NA-N141"}, "package_id": "PKG43272", "payload": {"status": "IN_TRANSIT"}, "sent_ts": 1758743273090, "arrival_ts": 1758743273170}
{"action": "recv", "src": "NA-N141", "dst": "AN-N31", "hlc": {"phys": 1758743274794, "cnt": 0, "node": "NA-N141"}, "package_id": "PKG43272", "payload": {"status": "RECEIVED"}, "sent_ts": 1758743273384, "arrival_ts": 1758743273462}
{"action": "recv", "src": "NA-N141", "dst": "AN-N31", "hlc": {"phys": 1758743275070, "cnt": 0, "node": "NA-N141"}, "package_id": "PKG43272", "payload": {"status": "DELIVERED"}, "sent_ts": 1758743273660, "arrival_ts": 1758743273760}
{"action": "send", "src": "AN-N31", "dst": "AN-N82", "hlc": {"phys": 1758745010888, "cnt": 0, "node": "AN-N31"}, "package_id": "PKG44980", "payload": {"status": "CREATED"}, "sent_ts": 1758744980578, "arrival_ts": 1758744980578}
{"action": "send", "src": "AN-N31", "dst": "AN-N82", "hlc": {"phys": 1758745011227, "cnt": 0, "node": "AN-N31"}, "package_id": "PKG44980", "payload": {"status": "SENT"}, "sent_ts": 1758744980917, "arrival_ts": 1758744980917}
{"action": "send", "src": "AN-N31", "dst": "AN-N82", "hlc": {"phys": 1758745011550, "cnt": 0, "node": "AN-N31"}, "package_id": "PKG44980", "payload": {"status": "IN_TRANSIT"}, "sent_ts": 1758744981240, "arrival_ts": 1758744981240}
{"action": "send", "src": "AN-N31", "dst": "AN-N82", "hlc": {"phys": 1758745011925, "cnt": 0, "node": "AN-N31"}, "package_id": "PKG44980", "payload": {"status": "RECEIVED"}, "sent_ts": 1758744981615, "arrival_ts": 1758744981615}
{"action": "send", "src": "AN-N31", "dst": "AN-N82", "hlc": {"phys": 1758745012270, "cnt": 0, "node": "AN-N31"}, "package_id": "PKG44980", "payload": {"status": "DELIVERED"}, "sent_ts": 1758744981960, "arrival_ts": 1758744981960}
{"action": "send", "src": "AN-N31", "dst": "AS-N24", "hlc": {"phys": 1758746298847, "cnt": 0, "node": "AN-N31"}, "package_id": "PKG46268", "payload": {"status": "CREATED"}, "sent_ts": 1758746268537, "arrival_ts": 1758746268537}
{"action": "send", "src": "AN-N31", "dst": "AS-N24", "hlc": {"phys": 1758746299065, "cnt": 0, "node": "AN-N31"}, "package_id": "PKG46268", "payload": {"status": "SENT"}, "sent_ts": 1758746268755, "arrival_ts": 1758746268755}
{"action": "send", "src": "AN-N31", "dst": "AS-N24", "hlc": {"phys": 1758746299312, "cnt": 0, "node": "AN-N31"}, "package_id": "PKG46268", "payload": {"status": "IN_TRANSIT"}, "sent_ts": 1758746269002, "arrival_ts": 1758746269002}
{"action": "send", "src": "AN-N31", "dst": "AS-N24", "hlc": {"phys": 1758746299685, "cnt": 0, "node": "AN-N31"}, "package_id": "PKG46268", "payload": {"status": "RECEIVED"}, "sent_ts": 1758746269375, "arrival_ts": 1758746269375}
{"action": "send", "src": "AN-N31", "dst": "AS-N24", "hlc": {"phys": 1758746300073, "cnt": 0, "node": "AN-N31"}, "package_id": "PKG46268", "payload": {"status": "DELIVERED"}, "sent_ts": 1758746269763, "arrival_ts": 1758746269763}
{"action": "recv", "src": "AU-N68", "dst": "AN-N31", "hlc": {"phys": 1758746307431, "cnt": 0, "node": "AU-N68"}, "package_id": "PKG46281", "payload": {"status": "CREATED"}, "sent_ts": 1758746281751, "arrival_ts": 1758746281826}
{"action": "recv", "src": "AU-N68", "dst": "AN-N31", "hlc": {"phys": 1758746307709, "cnt": 0, "node": "AU-N68"}, "package_id": "PKG46281", "payload": {"status": "SENT"}, "sent_ts": 1758746282029, "arrival_ts": 1758746282174}
{"action": "recv", "src": "AU-N68", "dst": "AN-N31", "hlc": {"phys": 1758746308065, "cnt": 0, "node": "AU-N68"}, "package_id": "PKG46281", "payload": {"status": "IN_TRANSIT"}, "sent_ts": 1758746282385, "arrival_ts": 1758746282581}
{"action": "recv", "src": "AU-N68", "dst": "AN-N31", "hlc": {"phys": 1758746308473, "cnt": 0, "node": "AU-N68"}, "package_id": "PKG46281", "payload": {"status": "RECEIVED"}, "sent_ts": 1758746282793, "arrival_ts": 1758746282840}
{"action": "recv", "src": "AU-N68", "dst": "AN-N31", "hlc": {"phys": 1758746308737, "cnt": 0, "node": "AU-N68"}, "package_id": "PKG46281", "payload": {"status": "DELIVERED"}, "sent_ts": 1758746283057, "arrival_ts": 1758746283246}
{"action": "send", "src": "AN-N31", "dst": "AN-N106", "hlc": {"phys": 1758746403061, "cnt": 0, "node": "AN-N31"}, "package_id": "PKG46372", "payload": {"status": "CREATED"}, "sent_ts": 1758746372751, "arrival_ts": 1758746372751}
{"action": "send", "src": "AN-N31", "dst": "AN-N106", "hlc": {"phys": 1758746403309, "cnt": 0, "node": "AN-N31"}, "package_id": "PKG46372", "payload": {"status": "SENT"}, "sent_ts": 1758746372999, "arrival_ts": 1758746372999}
{"action": "send", "src": "AN-N31", "dst": "AN-N106", "hlc": {"phys": 1758746403634, "cnt": 0, "node": "AN-N31"}, "package_id": "PKG46372", "payload": {"status": "IN_TRANSIT"}, "sent_ts": 1758746373324, "arrival_ts": 1758746373324}
{"action": "send", "src": "AN-N31", "dst": "AN-N106", "hlc": {"phys": 1758746403836, "cnt": 0, "node": "AN-N31"}, "package_id": "PKG46372", "payload": {"status": "RECEIVED"}, "sent_ts": 1758746373526, "arrival_ts": 1758746373526}
{"action": "send", "src": "AN-N31", "dst": "AN-N106", "hlc": {"phys": 1758746404235, "cnt": 0, "node": "AN-N31"}, "package_id": "PKG46372", "payload": {"status": "DELIVERED"}, "sent_ts": 1758746373925, "arrival_ts": 1758746373925}
{"action": "send", "src": "AN-N31", "dst": "AS-N168", "hlc": {"phys": 1758747944191, "cnt": 0, "node": "AN-N31"}, "package_id": "PKG47913", "payload": {"status": "CREATED"}, "sent_ts": 1758747913881, "arrival_ts": 1758747913881}
{"action": "send", "src": "AN-N31", "dst": "AS-N168", "hlc": {"phys": 1758747944424, "cnt": 0, "node": "AN-N31"}, "package_id": "PKG47913", "payload": {"status": "SENT"}, "sent_ts": 1758747914114, "arrival_ts": 1758747914114}
{"action": "send", "src": "AN-N31", "dst": "AS-N168", "hlc": {"phys": 1758747944655, "cnt": 0, "node": "AN-N31"}, "package_id": "PKG47913", "payload": {"status": "IN_TRANSIT"}, "sent_ts": 1758747914345, "arrival_ts": 1758747914345}
{"action": "send", "src": "AN-N31", "dst": "AS-N168", "hlc": {"phys": 1758747945025, "cnt": 0, "node": "AN-N31"}, "package_id": "PKG47913", "payload": {"status": "RECEIVED"}, "sent_ts": 1758747914715, "arrival_ts": 1758747914715}
{"action": "send", "src": "AN-N31", "dst": "AS-N168", "hlc": {"phys": 1758747945429, "cnt": 0, "node": "AN-N31"}, "package_id": "PKG47913", "payload": {"status": "DELIVERED"}, "sent_ts": 1758747915119, "arrival_ts": 1758747915119}
{"action": "send", "src": "AN-N31", "dst": "AN-N121", "hlc": {"phys": 1758749042919, "cnt": 0, "node": "AN-N31"}, "package_id": "PKG49012", "payload": {"status": "CREATED"}, "sent_ts": 1758749012609, "arrival_ts": 1758749012610}
{"action": "send", "src": "AN-N31", "dst": "AN-N121", "hlc": {"phys": 1758749043276, "cnt": 0, "node": "AN-N31"}, "package_id": "PKG49012", "payload": {"status": "SENT"}, "sent_ts": 1758749012966, "arrival_ts": 1758749012966}
{"action": "send", "src": "AN-N31", "dst": "AN-N121", "hlc": {"phys": 1758749043632, "cnt": 0, "node": "AN-N31"}, "package_id": "PKG49012", "payload": {"status": "IN_TRANSIT"}, "sent_ts": 1758749013322, "arrival_ts": 1758749013322}
{"action": "send", "src": "AN-N31", "dst": "AN-N121", "hlc": {"phys": 1758749044038, "cnt": 0, "node": "AN-N31"}, "package_id": "PKG49012", "payload": {"status": "RECEIVED"}, "sent_ts": 1758749013728, "arrival_ts": 1758749013728}
{"action": "send", "src": "AN-N31", "dst": "AN-N121", "hlc": {"phys": 1758749044303, "cnt": 0, "node": "AN-N31"}, "package_id": "PKG49012", "payload": {"status": "DELIVERED"}, "sent_ts": 1758749013993, "arrival_ts": 1758749013993}
{"action": "recv", "src": "AU-N88", "dst": "AN-N31", "hlc": {"phys": 1758752278530, "cnt": 0, "node": "AU-N88"}, "package_id": "PKG52252", "payload": {"status": "CREATED"}, "sent_ts": 1758752252650, "arrival_ts": 1758752252710}
{"action": "recv", "src": "AU-N88", "dst": "AN-N31", "hlc": {"phys": 1758752278798, "cnt": 0, "node": "AU-N88"}, "package_id": "PKG52252", "payload": {"status": "SENT"}, "sent_ts": 1758752252918, "arrival_ts": 1758752253072}
{"action": "recv", "src": "AU-N88", "dst": "AN-N31", "hlc": {"phys": 1758752279148, "cnt": 0, "node": "AU-N88"}, "package_id": "PKG52252", "payload": {"status": "IN_TRANSIT"}, "sent_ts": 1758752253268, "arrival_ts": 1758752253392}
{"action": "recv", "src": "AU-N88", "dst": "AN-N31", "hlc": {"phys": 1758752279483, "cnt": 0, "node": "AU-N88"}, "package_id": "PKG52252", "payload": {"status": "RECEIVED"}, "sent_ts": 1758752253603, "arrival_ts": 1758752253735}
{"action": "recv", "src": "AU-N88", "dst": "AN-N31", "hlc": {"phys": 1758752279832, "cnt": 0, "node": "AU-N88"}, "package_id": "PKG52252", "payload": {"status": "DELIVERED"}, "sent_ts": 1758752253952, "arrival_ts": 1758752254006}
{"action": "recv", "src": "AN-N193", "dst": "AN-N31", "hlc": {"phys": 1758752862242, "cnt": 0, "node": "AN-N193"}, "package_id": "PKG52830", "payload": {"status": "CREATED"}, "sent_ts": 1758752830312, "arrival_ts": 1758752830382}
{"action": "recv", "src": "AN-N193", "dst": "AN-N31", "hlc": {"phys": 1758752862517, "cnt": 0, "node": "AN-N193"}, "package_id": "PKG52830", "payload": {"status": "SENT"}, "sent_ts": 1758752830587, "arrival_ts": 1758752830626}
{"action": "recv", "src": "AN-N193", "dst": "AN-N31", "hlc": {"phys": 1758752862757, "cnt": 0, "node": "AN-N193"}, "package_id": "PKG52830", "payload": {"status": "IN_TRANSIT"}, "sent_ts": 1758752830827, "arrival_ts": 1758752830987}
{"action": "recv", "src": "AN-N193", "dst": "AN-N31", "hlc": {"phys": 1758752863124, "cnt": 0, "node": "AN-N193"}, "package_id": "PKG52830", "payload": {"status": "RECEIVED"}, "sent_ts": 1758752831194, "arrival_ts": 1758752831248}
{"action": "recv", "src": "AN-N193", "dst": "AN-N31", "hlc": {"phys": 1758752863382, "cnt": 0, "node": "AN-N193"}, "package_id": "PKG52830", "payload": {"status": "DELIVERED"}, "sent_ts": 1758752831452, "arrival_ts": 1758752831507}
{"action": "recv", "src": "AS-N101", "dst": "AN-N31", "hlc": {"phys": 1758753189255, "cnt": 0, "node": "AS-N101"}, "package_id": "PKG53178", "payload": {"status": "CREATED"}, "sent_ts": 1758753178245, "arrival_ts": 1758753178352}
{"action": "recv", "src": "AS-N101", "dst": "AN-N31", "hlc": {"phys": 1758753189541, "cnt": 0, "node": "AS-N101"}, "package_id": "PKG53178", "payload": {"status": "SENT"}, "sent_ts": 1758753178531, "arrival_ts": 1758753178581}
{"action": "recv", "src": "AS-N101", "dst": "AN-N31", "hlc": {"phys": 1758753189805, "cnt": 0, "node": "AS-N101"}, "package_id": "PKG53178", "payload": {"status": "IN_TRANSIT"}, "sent_ts": 1758753178795, "arrival_ts": 1758753178995}
{"action": "recv", "src": "AS-N101", "dst": "AN-N31", "hlc": {"phys": 1758753190212, "cnt": 0, "node": "AS-N101"}, "package_id": "PKG53178", "payload": {"status": "RECEIVED"}, "sent_ts": 1758753179202, "arrival_ts": 1758753179246}
{"action": "recv", "src": "AS-N101", "dst": "AN-N31", "hlc": {"phys": 1758753190452, "cnt": 0, "node": "AS-N101"}, "package_id": "PKG53178", "payload": {"status": "DELIVERED"}, "sent_ts": 1758753179442, "arrival_ts": 1758753179633}
{"action": "send", "src": "AN-N31", "dst": "AF-N22", "hlc": {"phys": 1758753842127, "cnt": 0, "node": "AN-N31"}, "package_id": "PKG53811", "payload": {"status": "CREATED"}, "sent_ts": 1758753811817, "arrival_ts": 1758753811817}
{"action": "send", "src": "AN-N31", "dst": "AF-N22", "hlc": {"phys": 1758753842440, "cnt": 0, "node": "AN-N31"}, "package_id": "PKG53811", "payload": {"status": "SENT"}, "sent_ts": 1758753812130, "arrival_ts": 1758753812130}
{"action": "send", "src": "AN-N31", "dst": "AF-N22", "hlc": {"phys": 1758753842844, "cnt": 0, "node": "AN-N31"}, "package_id": "PKG53811", "payload": {"status": "IN_TRANSIT"}, "sent_ts": 1758753812534, "arrival_ts": 1758753812534}
{"action": "send", "src": "AN-N31", "dst": "AF-N22", "hlc": {"phys": 1758753843145, "cnt": 0, "node": "AN-N31"}, "package_id": "PKG53811", "payload": {"status": "RECEIVED"}, "sent_ts": 1758753812835, "arrival_ts": 1758753812835}
{"action": "send", "src": "AN-N31", "dst": "AF-N22", "hlc": {"phys": 1758753843414, "cnt": 0, "node": "AN-N31"}, "package_id": "PKG53811", "payload": {"status": "DELIVERED"}, "sent_ts": 1758753813104, "arrival_ts": 1758753813104}
{"action": "recv", "src": "SA-N180", "dst": "AN-N31", "hlc": {"phys": 1758757121349, "cnt": 0, "node": "SA-N180"}, "package_id": "PKG57099", "payload": {"status": "CREATED"}, "sent_ts": 1758757099549, "arrival_ts": 1758757099700}
{"action": "recv", "src": "SA-N180", "dst": "AN-N31", "hlc": {"phys": 1758757121714, "cnt": 0, "node": "SA-N180"}, "package_id": "PKG57099", "payload": {"status": "SENT"}, "sent_ts": 1758757099914, "arrival_ts": 1758757100105}
{"action": "recv", "src": "SA-N180", "dst": "AN-N31", "hlc": {"phys": 1758757122104, "cnt": 0, "node": "SA-N180"}, "package_id": "PKG57099", "payload": {"status": "IN_TRANSIT"}, "sent_ts": 1758757100304, "arrival_ts": 1758757100365}
{"action": "recv", "src": "SA-N180", "dst": "AN-N31", "hlc": {"phys": 1758757122379, "cnt": 0, "node": "SA-N180"}, "package_id": "PKG57099", "payload": {"status": "RECEIVED"}, "sent_ts": 1758757100579, "arrival_ts": 1758757100681}
{"action": "recv", "src": "SA-N180", "dst": "AN-N31", "hlc": {"phys": 1758757122690, "cnt": 0, "node": "SA-N180"}, "package_id": "PKG57099", "payload": {"status": "DELIVERED"}, "sent_ts": 1758757100890, "arrival_ts": 1758757101069}
{"action": "send", "src": "AN-N31", "dst": "AF-N130", "hlc": {"phys": 1758757789161, "cnt": 0, "node": "AN-N31"}, "package_id": "PKG57758", "payload": {"status": "CREATED"}, "sent_ts": 1758757758851, "arrival_ts": 1758757758851}
{"action": "send", "src": "AN-N31", "dst": "AF-N130", "hlc": {"phys": 1758757789519, "cnt": 0, "node": "AN-N31"}, "package_id": "PKG57758", "payload": {"status": "SENT"}, "sent_ts": 1758757759209, "arrival_ts": 1758757759209}
{"action": "send", "src": "AN-N31", "dst": "AF-N130", "hlc": {"phys": 1758757789825, "cnt": 0, "node": "AN-N31"}, "package_id": "PKG57758", "payload": {"status": "IN_TRANSIT"}, "sent_ts": 1758757759515, "arrival_ts": 1758757759515}
{"action": "send", "src": "AN-N31", "dst": "AF-N130", "hlc": {"phys": 1758757790240, "cnt": 0, "node": "AN-N31"}, "package_id": "PKG57758", "payload": {"status": "RECEIVED"}, "sent_ts": 1758757759930, "arrival_ts": 1758757759930}
{"action": "send", "src": "AN-N31", "dst": "AF-N130", "hlc": {"phys": 1758757790544, "cnt": 0, "node": "AN-N31"}, "package_id": "PKG57758", "payload": {"status": "DELIVERED"}, "sent_ts": 1758757760234, "arrival_ts": 1758757760234}
{"action": "send", "src": "AN-N31", "dst": "AN-N132", "hlc": {"phys": 1758762735597, "cnt": 0, "node": "AN-N31"}, "package_id": "PKG62705", "payload": {"status": "CREATED"}, "sent_ts": 1758762705287, "arrival_ts": 1758762705287}
{"action": "send", "src": "AN-N31", "dst": "AN-N132", "hlc": {"phys": 1758762735885, "cnt": 0, "node": "AN-N31"}, "package_id": "PKG62705", "payload": {"status": "SENT"}, "sent_ts": 1758762705575, "arrival_ts": 1758762705575}
{"action": "send", "src": "AN-N31", "dst": "AN-N132", "hlc": {"phys": 1758762736226, "cnt": 0, "node": "AN-N31"}, "package_id": "PKG62705", "payload": {"status": "IN_TRANSIT"}, "sent_ts": 1758762705916, "arrival_ts": 1758762705916}
{"action": "send", "src": "AN-N31", "dst": "AN-N132", "hlc": {"phys": 1758762736596, "cnt": 0, "node": "AN-N31"}, "package_id": "PKG62705", "payload": {"status": "RECEIVED"}, "sent_ts": 1758762706286, "arrival_ts": 1758762706286}
{"action": "send", "src": "AN-N31", "dst": "AN-N132", "hlc": {"phys": 1758762736914, "cnt": 0, "node": "AN-N31"}, "package_id": "PKG62705", "payload": {"status": "DELIVERED"}, "sent_ts": 1758762706604, "arrival_ts": 1758762706604}
{"action": "recv", "src": "AS-N153", "dst": "AN-N31", "hlc": {"phys": 1758801055470, "cnt": 0, "node": "AS-N153"}, "package_id": "PKG1043", "payload": {"status": "CREATED"}, "sent_ts": 1758801043940, "arrival_ts": 1758801043966}
{"action": "recv", "src": "AS-N153", "dst": "AN-N31", "hlc": {"phys": 1758801055687, "cnt": 0, "node": "AS-N153"}, "package_id": "PKG1043", "payload": {"status": "SENT"}, "sent_ts": 1758801044157, "arrival_ts": 1758801044298}
{"action": "recv", "src": "AS-N153", "dst": "AN-N31", "hlc": {"phys": 1758801056041, "cnt": 0, "node": "AS-N153"}, "package_id": "PKG1043", "payload": {"status": "IN_TRANSIT"}, "sent_ts": 1758801044511, "arrival_ts": 1758801044538}
{"action": "recv", "src": "AS-N153", "dst": "AN-N31", "hlc": {"phys": 1758801056259, "cnt": 0, "node": "AS-N153"}, "package_id": "PKG1043", "payload": {"status": "RECEIVED"}, "sent_ts": 1758801044729, "arrival_ts": 1758801044767}
{"action": "recv", "src": "AS-N153", "dst": "AN-N31", "hlc": {"phys": 1758801056509, "cnt": 0, "node": "AS-N153"}, "package_id": "PKG1043", "payload": {"status": "DELIVERED"}, "sent_ts": 1758801044979, "arrival_ts": 1758801045168}
{"action": "send", "src": "AN-N31", "dst": "AN-N11", "hlc": {"phys": 1758803483763, "cnt": 0, "node": "AN-N31"}, "package_id": "PKG3453", "payload": {"status": "CREATED"}, "sent_ts": 1758803453453, "arrival_ts": 1758803453453}
{"action": "send", "src": "AN-N31", "dst": "AN-N11", "hlc": {"phys": 1758803484160, "cnt": 0, "node": "AN-N31"}, "package_id": "PKG3453", "payload": {"status": "SENT"}, "sent_ts": 1758803453850, "arrival_ts": 1758803453850}
{"action": "send", "src": "AN-N31", "dst": "AN-N11", "hlc": {"phys": 1758803484422, "cnt": 0, "node": "AN-N31"}, "package_id": "PKG3453", "payload": {"status": "IN_TRANSIT"}, "sent_ts": 1758803454112, "arrival_ts": 1758803454112}
{"action": "send", "src": "AN-N31", "dst": "AN-N11", "hlc": {"phys": 1758803484749, "cnt": 0, "node": "AN-N31"}, "package_id": "PKG3453", "payload": {"status": "RECEIVED"}, "sent_ts": 1758803454439, "arrival_ts": 1758803454439}
{"action": "send", "src": "AN-N31", "dst": "AN-N11", "hlc": {"phys": 1758803485066, "cnt": 0, "node": "AN-N31"}, "package_id": "PKG3453", "payload": {"status": "DELIVERED"}, "sent_ts": 1758803454756, "arrival_ts": 1758803454756}
{"action": "send", "src": "AN-N31", "dst": "AN-N113", "hlc": {"phys": 1758805418897, "cnt": 0, "node": "AN-N31"}, "package_id": "PKG5388", "payload": {"status": "CREATED"}, "sent_ts": 1758805388587, "arrival_ts": 1758805388587}
{"action": "send", "src": "AN-N31", "dst": "AN-N113", "hlc": {"phys": 1758805419174, "cnt": 0, "node": "AN-N31"}, "package_id": "PKG5388", "payload": {"status": "SENT"}, "sent_ts": 1758805388864, "arrival_ts": 1758805388864}
{"action": "send", "src": "AN-N31", "dst": "AN-N113", "hlc": {"phys": 1758805419549, "cnt": 0, "node": "AN-N31"}, "package_id": "PKG5388", "payload": {"status": "IN_TRANSIT"}, "sent_ts": 1758805389239, "arrival_ts": 1758805389239}
{"action": "send", "src": "AN-N31", "dst": "AN-N113", "hlc": {"phys": 1758805419904, "cnt": 0, "node": "AN-N31"}, "package_id": "PKG5388", "payload": {"status": "RECEIVED"}, "sent_ts": 1758805389594, "arrival_ts": 1758805389594}
{"action": "send", "src": "AN-N31", "dst": "AN-N113", "hlc": {"phys": 1758805420198, "cnt": 0, "node": "AN-N31"}, "package_id": "PKG5388", "payload": {"status": "DELIVERED"}, "sent_ts": 1758805389888, "arrival_ts": 1758805389888}
{"action": "send", "src": "AN-N31", "dst": "NA-N147", "hlc": {"phys": 1758809519725, "cnt": 0, "node": "AN-N31"}, "package_id": "PKG9489", "payload": {"status": "CREATED"}, "sent_ts": 1758809489415, "arrival_ts": 1758809489415}
{"action": "send", "src": "AN-N31", "dst": "NA-N147", "hlc": {"phys": 1758809519948, "cnt": 0, "node": "AN-N31"}, "package_id": "PKG9489", "payload": {"status": "SENT"}, "sent_ts": 1758809489638, "arrival_ts": 1758809489638}
{"action": "send", "src": "AN-N31", "dst": "NA-N147", "hlc": {"phys": 1758809520271, "cnt": 0, "node": "AN-N31"}, "package_id": "PKG9489", "payload": {"status": "IN_TRANSIT"}, "sent_ts": 1758809489961, "arrival_ts": 1758809489961}
{"action": "send", "src": "AN-N31", "dst": "NA-N147", "hlc": {"phys": 1758809520597, "cnt": 0, "node": "AN-N31"}, "package_id": "PKG9489", "payload": {"status": "RECEIVED"}, "sent_ts": 1758809490287, "arrival_ts": 1758809490287}
{"action": "send", "src": "AN-N31", "dst": "NA-N147", "hlc": {"phys": 1758809520996, "cnt": 0, "node": "AN-N31"}, "package_id": "PKG9489", "payload": {"status": "DELIVERED"}, "sent_ts": 1758809490686, "arrival_ts": 1758809490686}
{"action": "recv", "src": "SA-N151", "dst": "AN-N31", "hlc": {"phys": 1758813163681, "cnt": 0, "node": "SA-N151"}, "package_id": "PKG13142", "payload": {"status": "CREATED"}, "sent_ts": 1758813142171, "arrival_ts": 1758813142356}
{"action": "recv", "src": "SA-N151", "dst": "AN-N31", "hlc": {"phys": 1758813164086, "cnt": 0, "node": "SA-N151"}, "package_id": "PKG13142", "payload": {"status": "SENT"}, "sent_ts": 1758813142576, "arrival_ts": 1758813142605}
{"action": "recv", "src": "SA-N151", "dst": "AN-N31", "hlc": {"phys": 1758813164987, "cnt": 0, "node": "SA-N151"}, "package_id": "PKG13142", "payload": {"status": "IN_TRANSIT"}, "sent_ts": 1758813143477, "arrival_ts": 1758813143488}
{"action": "recv", "src": "SA-N151", "dst": "AN-N31", "hlc": {"phys": 1758813165197, "cnt": 0, "node": "SA-N151"}, "package_id": "PKG13142", "payload": {"status": "RECEIVED"}, "sent_ts": 1758813143687, "arrival_ts": 1758813143783}
{"action": "recv", "src": "SA-N151", "dst": "AN-N31", "hlc": {"phys": 1758813165508, "cnt": 0, "node": "SA-N151"}, "package_id": "PKG13142", "payload": {"status": "DELIVERED"}, "sent_ts": 1758813143998, "arrival_ts": 1758813144094}
{"action": "recv", "src": "AF-N53", "dst": "AN-N31", "hlc": {"phys": 1758813925517, "cnt": 0, "node": "AF-N53"}, "package_id": "PKG13909", "payload": {"status": "CREATED"}, "sent_ts": 1758813909987, "arrival_ts": 1758813910072}
{"action": "recv", "src": "AF-N53", "dst": "AN-N31", "hlc": {"phys": 1758813925796, "cnt": 0, "node": "AF-N53"}, "package_id": "PKG13909", "payload": {"status": "SENT"}, "sent_ts": 1758813910266, "arrival_ts": 1758813910363}
{"action": "recv", "src": "AF-N53", "dst": "AN-N31", "hlc": {"phys": 1758813926092, "cnt": 0, "node": "AF-N53"}, "package_id": "PKG13909", "payload": {"status": "IN_TRANSIT"}, "sent_ts": 1758813910562, "arrival_ts": 1758813910761}
{"action": "recv", "src": "AF-N53", "dst": "AN-N31", "hlc": {"phys": 1758813926496, "cnt": 0, "node": "AF-N53"}, "package_id": "PKG13909", "payload": {"status": "RECEIVED"}, "sent_ts": 1758813910966, "arrival_ts": 1758813911124}
{"action": "recv", "src": "AF-N53", "dst": "AN-N31", "hlc": {"phys": 1758813926867, "cnt": 0, "node": "AF-N53"}, "package_id": "PKG13909", "payload": {"status": "DELIVERED"}, "sent_ts": 1758813911337, "arrival_ts": 1758813911523}
{"action": "send", "src": "AN-N31", "dst": "AS-N49", "hlc": {"phys": 1758816189897, "cnt": 0, "node": "AN-N31"}, "package_id": "PKG16159", "payload": {"status": "CREATED"}, "sent_ts": 1758816159587, "arrival_ts": 1758816159587}
{"action": "send", "src": "AN-N31", "dst": "AS-N49", "hlc": {"phys": 1758816190162, "cnt": 0, "node": "AN-N31"}, "package_id": "PKG16159", "payload": {"status": "SENT"}, "sent_ts": 1758816159852, "arrival_ts": 1758816159852}
{"action": "send", "src": "AN-N31", "dst": "AS-N49", "hlc": {"phys": 1758816190508, "cnt": 0, "node": "AN-N31"}, "package_id": "PKG16159", "payload": {"status": "IN_TRANSIT"}, "sent_ts": 1758816160198, "arrival_ts": 1758816160198}
{"action": "send", "src": "AN-N31", "dst": "AS-N49", "hlc": {"phys": 1758816190784, "cnt": 0, "node": "AN-N31"}, "package_id": "PKG16159", "payload": {"status": "RECEIVED"}, "sent_ts": 1758816160474, "arrival_ts": 1758816160474}
{"action": "send", "src": "AN-N31", "dst": "AS-N49", "hlc": {"phys": 1758816191156, "cnt": 0, "node": "AN-N31"}, "package_id": "PKG16159", "payload": {"status": "DELIVERED"}, "sent_ts": 1758816160846, "arrival_ts": 1758816160846}
{"action": "send", "src": "AN-N31", "dst": "AU-N109", "hlc": {"phys": 1758816523650, "cnt": 0, "node": "AN-N31"}, "package_id": "PKG16493", "payload": {"status": "CREATED"}, "sent_ts": 1758816493340, "arrival_ts": 1758816493340}
{"action": "send", "src": "AN-N31", "dst": "AU-N109", "hlc": {"phys": 1758816524004, "cnt": 0, "node": "AN-N31"}, "package_id": "PKG16493", "payload": {"status": "SENT"}, "sent_ts": 1758816493694, "arrival_ts": 1758816493694}
{"action": "send", "src": "AN-N31", "dst": "AU-N109", "hlc": {"phys": 1758816524344, "cnt": 0, "node": "AN-N31"}, "package_id": "PKG16493", "payload": {"status": "IN_TRANSIT"}, "sent_ts": 1758816494034, "arrival_ts": 1758816494034}
{"action": "send", "src": "AN-N31", "dst": "AU-N109", "hlc": {"phys": 1758816524561, "cnt": 0, "node": "AN-N31"}, "package_id": "PKG16493", "payload": {"status": "RECEIVED"}, "sent_ts": 1758816494251, "arrival_ts": 1758816494251}
{"action": "send", "src": "AN-N31", "dst": "AU-N109", "hlc": {"phys": 1758816524874, "cnt": 0, "node": "AN-N31"}, "package_id": "PKG16493", "payload": {"status": "DELIVERED"}, "sent_ts": 1758816494564, "arrival_ts": 1758816494564}
