{"action": "send", "src": "AN-N74", "dst": "AU-N179", "hlc": {"phys": 1758713738075, "cnt": 0, "node": "AN-N74"}, "package_id": "PKG13707", "payload": {"status": "CREATED"}, "sent_ts": 1758713707335, "arrival_ts": 1758713707335}
{"action": "send", "src": "AN-N74", "dst": "AU-N179", "hlc": {"phys": 1758713738324, "cnt": 0, "node": "AN-N74"}, "package_id": "PKG13707", "payload": {"status": "SENT"}, "sent_ts": 1758713707584, "arrival_ts": 1758713707584}
{"action": "send", "src": "AN-N74", "dst": "AU-N179", "hlc": {"phys": 1758713738697, "cnt": 0, "node": "AN-N74"}, "package_id": "PKG13707", "payload": {"status": "IN_TRANSIT"}, "sent_ts": 1758713707957, "arrival_ts": 1758713707957}
{"action": "send", "src": "AN-N74", "dst": "AU-N179", "hlc": {"phys": 1758713739016, "cnt": 0, "node": "AN-N74"}, "package_id": "PKG13707", "payload": {"status": "RECEIVED"}, "sent_ts": 1758713708276, "arrival_ts": 1758713708276}
{"action": "send", "src": "AN-N74", "dst": "AU-N179", "hlc": {"phys": 1758713739386, "cnt": 0, "node": "AN-N74"}, "package_id": "PKG13707", "payload": {"status": "DELIVERED"}, "sent_ts": 1758713708646, "arrival_ts": 1758713708646}
{"action": "recv", "src": "AS-N144", "dst": "AN-N74", "hlc": {"phys": 1758716979718, "cnt": 0, "node": "AS-N144"}, "package_id": "PKG16968", "payload": {"status": "CREATED"}, "sent_ts": 1758716968278, "arrival_ts": 1758716968337}
{"action": "recv", "src": "AS-N144", "dst": "AN-N74", "hlc": {"phys": 1758716979978, "cnt": 0, "node": "AS-N144"}, "package_id": "PKG16968", "payload": {"status": "SENT"}, "sent_ts": 1758716968538, "arrival_ts": 1758716968636}
{"action": "recv", "src": "AS-N144", "dst": "AN-N74", "hlc": {"phys": 1758716980259, "cnt": 0, "node": "AS-N144"}, "package_id": "PKG16968", "payload": {"status": "IN_TRANSIT"}, "sent_ts": 1758716968819, "arrival_ts": 1758716968839}
{"action": "recv", "src": "AS-N144", "dst": "AN-N74", "hlc": {"phys": 1758716980487, "cnt": 0, "node": "AS-N144"}, "package_id": "PKG16968", "payload": {"status": "RECEIVED"}, "sent_ts": 1758716969047, "arrival_ts": 1758716969211}
{"action": "recv", "src": "AS-N144", "dst": "AN-N74", "hlc": {"phys": 1758716980861, "cnt": 0, "node": "AS-N144"}, "package_id": "PKG16968", "payload": {"status": "DELIVERED"}, "sent_ts": 1758716969421, "arrival_ts": 1758716969506}
{"action": "send", "src": "AN-N74", "dst": "AN-N40", "hlc": {"phys": 1758719570644, "cnt": 0, "node": "AN-N74"}, "package_id": "PKG19539", "payload": {"status": "CREATED"}, "sent_ts": 1758719539904, "arrival_ts": 1758719539904}
{"action": "send", "src": "AN-N74", "dst": "AN-N40", "hlc": {"phys": 1758719570879, "cnt": 0, "node": "AN-N74"}, "package_id": "PKG19539", "payload": {"status": "SENT"}, "sent_ts": 1758719540139, "arrival_ts": 1758719540139}
{"action": "send", "src": "AN-N74", "dst": "AN-N40", "hlc": {"phys": 1758719571274, "cnt": 0, "node": "AN-N74"}, "package_id": "PKG19539", "payload": {"status": "IN_TRANSIT"}, "sent_ts": 1758719540534, "arrival_ts": 1758719540534}
{"action": "send", "src": "AN-N74", "dst": "AN-N40", "hlc": {"phys": 1758719571706, "cnt": 0, "node": "AN-N74"}, "package_id": "PKG19539", "payload": {"status": "RECEIVED"}, "sent_ts": 1758719540966, "arrival_ts": 1758719540966}
{"action": "send", "src": "AN-N74", "dst": "AN-N40", "hlc": {"phys": 1758719572046, "cnt": 0, "node": "AN-N74"}, "package_id": "PKG19539", "payload": {"status": "DELIVERED"}, "sent_ts": 1758719541306, "arrival_ts": 1758719541306}
{"action": "send", "src": "AN-N74", "dst": "SA-N136", "hlc": {"phys": 1758737925566, "cnt": 0, "node": "AN-N74"}, "package_id": "PKG37894", "payload": {"status": "CREATED"}, "sent_ts": 1758737894826, "arrival_ts": 1758737894826}
{"action": "send", "src": "AN-N74", "dst": "SA-N136", "hlc": {"phys": 1758737925819, "cnt": 0, "node": "AN-N74"}, "package_id": "PKG37894", "payload": {"status": "SENT"}, "sent_ts": 1758737895079, "arrival_ts": 1758737895079}
{"action": "send", "src": "AN-N74", "dst": "SA-N136", "hlc": {"phys": 1758737926078, "cnt": 0, "node": "AN-N74"}, "package_id": "PKG37894", "payload": {"status": "IN_TRANSIT"}, "sent_ts": 1758737895338, "arrival_ts": 1758737895338}
{"action": "send", "src": "AN-N74", "dst": "SA-N136", "hlc": {"phys": 1758737926325, "cnt": 0, "node": "AN-N74"}, "package_id": "PKG37894", "payload": {"status": "RECEIVED"}, "sent_ts": 1758737895585, "arrival_ts": 1758737895585}
{"action": "send", "src": "AN-N74", "dst": "SA-N136", "hlc": {"phys": 1758737926673, "cnt": 0, "node": "AN-N74"}, "package_id": "PKG37894", "payload": {"status": "DELIVERED"}, "sent_ts": 1758737895933, "arrival_ts": 1758737895933}
{"action": "recv", "src": "SA-N165", "dst": "AN-N74", "hlc": {"phys": 1758738971079, "cnt": 0, "node": "SA-N165"}, "package_id": "PKG38949", "payload": {"status": "CREATED"}, "sent_ts": 1758738949429, "arrival_ts": 1758738949564}
{"action": "recv", "src": "SA-N165", "dst": "AN-N74", "hlc": {"phys": 1758738971425, "cnt": 0, "node": "SA-N165"}, "package_id": "PKG38949", "payload": {"status": "SENT"}, "sent_ts": 1758738949775, "arrival_ts": 1758738949833}
{"action": "recv", "src": "SA-N165", "dst": "AN-N74", "hlc": {"phys": 1758738971690, "cnt": 0, "node": "SA-N165"}, "package_id": "PKG38949", "payload": {"status": "IN_TRANSIT"}, "sent_ts": 1758738950040, "arrival_ts": 1758738950192}
{"action": "recv", "src": "SA-N165", "dst": "AN-N74", "hlc": {"phys": 1758738972059, "cnt": 0, "node": "SA-N165"}, "package_id": "PKG38949", "payload": {"status": "RECEIVED"}, "sent_ts": 1758738950409, "arrival_ts": 1758738950454}
{"action": "recv", "src": "SA-N165", "dst": "AN-N74", "hlc": {"phys": 1758738972322, "cnt": 0, "node": "SA-N165"}, "package_id": "PKG38949", "payload": {"status": "DELIVERED"}, "sent_ts": 1758738950672, "arrival_ts": 1758738950688}
{"action": "send", "src": "AN-N74", "dst": "EU-N175", "hlc": {"phys": 1758739435618, "cnt": 0, "node": "AN-N74"}, "package_id": "PKG39404", "payload": {"status": "CREATED"}, "sent_ts": 1758739404878, "arrival_ts": 1758739404878}
{"action": "send", "src": "AN-N74", "dst": "EU-N175", "hlc": {"phys": 1758739436001, "cnt": 0, "node": "AN-N74"}, "package_id": "PKG39404", "payload": {"status": "SENT"}, "sent_ts": 1758739405261, "arrival_ts": 1758739405261}
{"action": "send", "src": "AN-N74", "dst": "EU-N175", "hlc": {"phys": 1758739436296, "cnt": 0, "node": "AN-N74"}, "package_id": "PKG39404", "payload": {"status": "IN_TRANSIT"}, "sent_ts": 1758739405556, "arrival_ts": 1758739405556}
{"action": "send", "src": "AN-N74", "dst": "EU-N175", "hlc": {"phys": 1758739436590, "cnt": 0, "node": "AN-N74"}, "package_id": "PKG39404", "payload": {"status": "RECEIVED"}, "sent_ts": 1758739405850, "arrival_ts": 1758739405850}
{"action": "send", "src": "AN-N74", "dst": "EU-N175", "hlc": {"phys": 1758739437000, "cnt": 0, "node": "AN-N74"}, "package_id": "PKG39404", "payload": {"status": "DELIVERED"}, "sent_ts": 1758739406260, "arrival_ts": 1758739406261}
{"action": "send", "src": "AN-N74", "dst": "AS-N130", "hlc": {"phys": 1758739598619, "cnt": 0, "node": "AN-N74"}, "package_id": "PKG39567", "payload": {"status": "CREATED"}, "sent_ts": 1758739567879, "arrival_ts": 1758739567879}
{"action": "send", "src": "AN-N74", "dst": "AS-N130", "hlc": {"phys": 1758739598973, "cnt": 0, "node": "AN-N74"}, "package_id": "PKG39567", "payload": {"status": "SENT"}, "sent_ts": 1758739568233, "arrival_ts": 1758739568233}
{"action": "send", "src": "AN-N74", "dst": "AS-N130", "hlc": {"phys": 1758739599284, "cnt": 0, "node": "AN-N74"}, "package_id": "PKG39567", "payload": {"status": "IN_TRANSIT"}, "sent_ts": 1758739568544, "arrival_ts": 1758739568544}
{"action": "send", "src": "AN-N74", "dst": "AS-N130", "hlc": {"phys": 1758739599700, "cnt": 0, "node": "AN-N74"}, "package_id": "PKG39567", "payload": {"status": "RECEIVED"}, "sent_ts": 1758739568960, "arrival_ts": 1758739568960}
{"action": "send", "src": "AN-N74", "dst": "AS-N130", "hlc": {"phys": 1758739599935, "cnt": 0, "node": "AN-N74"}, "package_id": "PKG39567", "payload": {"status": "DELIVERED"}, "sent_ts": 1758739569195, "arrival_ts": 1758739569195}
{"action": "send", "src": "AN-N74", "dst": "AN-N155", "hlc": {"phys": 1758742305635, "cnt": 0, "node": "AN-N74"}, "package_id": "PKG42274", "payload": {"status": "CREATED"}, "sent_ts": 1758742274895, "arrival_ts": 1758742274895}
{"action": "send", "src": "AN-N74", "dst": "AN-N155", "hlc": {"phys": 1758742305977, "cnt": 0, "node": "AN-N74"}, "package_id": "PKG42274", "payload": {"status": "SENT"}, "sent_ts": 1758742275237, "arrival_ts": 1758742275237}
{"action": "send", "src": "AN-N74", "dst": "AN-N155", "hlc": {"phys": 1758742306274, "cnt": 0, "node": "AN-N74"}, "package_id": "PKG42274", "payload": {"status": "IN_TRANSIT"}, "sent_ts": 1758742275534, "arrival_ts": 1758742275534}
{"action": "send", "src": "AN-N74", "dst": "AN-N155", "hlc": {"phys": 1758742306585, "cnt": 0, "node": "AN-N74"}, "package_id": "PKG42274", "payload": {"status": "RECEIVED"}, "sent_ts": 1758742275845, "arrival_ts": 1758742275845}
{"action": "send", "src": "AN-N74", "dst": "AN-N155", "hlc": {"phys": 1758742306956, "cnt": 0, "node": "AN-N74"}, "package_id": "PKG42274", "payload": {"status": "DELIVERED"}, "sent_ts": 1758742276216, "arrival_ts": 1758742276216}
{"action": "send", "src": "AN-N74", "dst": "SA-N127", "hlc": {"phys": 1758744893287, "cnt": 0, "node": "AN-N74"}, "package_id": "PKG44862", "payload": {"status": "CREATED"}, "sent_ts": 1758744862547, "arrival_ts": 1758744862547}
{"action": "send", "src": "AN-N74", "dst": "SA-N127", "hlc": {"phys": 1758744893626, "cnt": 0, "node": "AN-N74"}, "package_id": "PKG44862", "payload": {"status": "SENT"}, "sent_ts": 1758744862886, "arrival_ts": 1758744862886}
{"action": "send", "src": "AN-N74", "dst": "SA-N127", "hlc": {"phys": 1758744893939, "cnt": 0, "node": "AN-N74"}, "package_id": "PKG44862", "payload": {"status": "IN_TRANSIT"}, "sent_ts": 1758744863199, "arrival_ts": 1758744863199}
{"action": "send", "src": "AN-N74", "dst": "SA-N127", "hlc": {"phys": 1758744894218, "cnt": 0, "node": "AN-N74"}, "package_id": "PKG44862", "payload": {"status": "RECEIVED"}, "sent_ts": 1758744863478, "arrival_ts": 1758744863478}
{"action": "send", "src": "AN-N74", "dst": "SA-N127", "hlc": {"phys": 1758744894528, "cnt": 0, "node": "AN-N74"}, "package_id": "PKG44862", "payload": {"status": "DELIVERED"}, "sent_ts": 1758744863788, "arrival_ts": 1758744863788}
{"action": "send", "src": "AN-N74", "dst": "AS-N69", "hlc": {"phys": 1758745644996, "cnt": 0, "node": "AN-N74"}, "package_id": "PKG45614", "payload": {"status": "CREATED"}, "sent_ts": 1758745614256, "arrival_ts": 1758745614256}
{"action": "send", "src": "AN-N74", "dst": "AS-N69", "hlc": {"phys": 1758745645274, "cnt": 0, "node": "AN-N74"}, "package_id": "PKG45614", "payload": {"status": "SENT"}, "sent_ts": 1758745614534, "arrival_ts": 1758745614534}
{"action": "send", "src": "AN-N74", "dst": "AS-N69", "hlc": {"phys": 1758745645490, "cnt": 0, "node": "AN-N74"}, "package_id": "PKG45614", "payload": {"status": "IN_TRANSIT"}, "sent_ts": 1758745614750, "arrival_ts": 1758745614750}
{"action": "send", "src": "AN-N74", "dst": "AS-N69", "hlc": {"phys": 1758745645848, "cnt": 0, "node": "AN-N74"}, "package_id": "PKG45614", "payload": {"status": "RECEIVED"}, "sent_ts": 1758745615108, "arrival_ts": 1758745615108}
{"action": "send", "src": "AN-N74", "dst": "AS-N69", "hlc": {"phys": 1758745646220, "cnt": 0, "node": "AN-N74"}, "package_id": "PKG45614", "payload": {"status": "DELIVERED"}, "sent_ts": 1758745615480, "arrival_ts": 1758745615480}
{"action": "send", "src": "AN-N74", "dst": "AF-N104", "hlc": {"phys": 1758748739022, "cnt": 0, "node": "AN-N74"}, "package_id": "PKG48708", "payload": {"status": "CREATED"}, "sent_ts": 1758748708282, "arrival_ts": 1758748708282}
{"action": "send", "src": "AN-N74", "dst": "AF-N104", "hlc": {"phys": 1758748739386, "cnt": 0, "node": "AN-N74"}, "package_id": "PKG48708", "payload": {"status": "SENT"}, "sent_ts": 1758748708646, "arrival_ts": 1758748708646}
{"action": "send", "src": "AN-N74", "dst": "AF-N104", "hlc": {"phys": 1758748739735, "cnt": 0, "node": "AN-N74"}, "package_id": "PKG48708", "payload": {"status": "IN_TRANSIT"}, "sent_ts": 1758748708995, "arrival_ts": 1758748708995}
{"action": "send", "src": "AN-N74", "dst": "AF-N104", "hlc": {"phys": 1758748740042, "cnt": 0, "node": "AN-N74"}, "package_id": "PKG48708", "payload": {"status": "RECEIVED"}, "sent_ts": 1758748709302, "arrival_ts": 1758748709302}
{"action": "send", "src": "AN-N74", "dst": "AF-N104", "hlc": {"phys": 1758748740312, "cnt": 0, "node": "AN-N74"}, "package_id": "PKG48708", "payload": {"status": "DELIVERED"}, "sent_ts": 1758748709572, "arrival_ts": 1758748709572}
{"action": "send", "src": "AN-N74", "dst": "AF-N95", "hlc": {"phys": 1758748932333, "cnt": 0, "node": "AN-N74"}, "package_id": "PKG48901", "payload": {"status": "CREATED"}, "sent_ts": 1758748901593, "arrival_ts": 1758748901593}
{"action": "send", "src": "AN-N74", "dst": "AF-N95", "hlc": {"phys": 1758748932592, "cnt": 0, "node": "AN-N74"}, "package_id": "PKG48901", "payload": {"status": "SENT"}, "sent_ts": 1758748901852, "arrival_ts": 1758748901852}
{"action": "send", "src": "AN-N74", "dst": "AF-N95", "hlc": {"phys": 1758748932919, "cnt": 0, "node": "AN-N74"}, "package_id": "PKG48901", "payload": {"status": "IN_TRANSIT"}, "sent_ts": 1758748902179, "arrival_ts": 1758748902179}
{"action": "send", "src": "AN-N74", "dst": "AF-N95", "hlc": {"phys": 1758748933188, "cnt": 0, "node": "AN-N74"}, "package_id": "PKG48901", "payload": {"status": "RECEIVED"}, "sent_ts": 1758748902448, "arrival_ts": 1758748902448}
{"action": "send", "src": "AN-N74", "dst": "AF-N95", "hlc": {"phys": 1758748933578, "cnt": 0, "node": "AN-N74"}, "package_id": "PKG48901", "payload": {"status": "DELIVERED"}, "sent_ts": 1758748902838, "arrival_ts": 1758748902838}
{"action": "send", "src": "AN-N74", "dst": "EU-N33", "hlc": {"phys": 1758749660237, "cnt": 0, "node": "AN-N74"}, "package_id": "PKG49629", "payload": {"status": "CREATED"}, "sent_ts": 1758749629497, "arrival_ts": 1758749629497}
{"action": "send", "src": "AN-N74", "dst": "EU-N33", "hlc": {"phys": 1758749660564, "cnt": 0, "node": "AN-N74"}, "package_id": "PKG49629", "payload": {"status": "SENT"}, "sent_ts": 1758749629824, "arrival_ts": 1758749629824}
{"action": "send", "src": "AN-N74", "dst": "EU-N33", "hlc": {"phys": 1758749660811, "cnt": 0, "node": "AN-N74"}, "package_id": "PKG49629", "payload": {"status": "IN_TRANSIT"}, "sent_ts": 1758749630071, "arrival_ts": 1758749630071}
{"action": "send", "src": "AN-N74", "dst": "EU-N33", "hlc": {"phys": 1758749661196, "cnt": 0, "node": "AN-N74"}, "package_id": "PKG49629", "payload": {"status": "RECEIVED"}, "sent_ts": 1758749630456, "arrival_ts": 1758749630456}
{"action": "send", "src": "AN-N74", "dst": "EU-N33", "hlc": {"phys": 1758749661554, "cnt": 0, "node": "AN-N74"}, "package_id": "PKG49629", "payload": {"status": "DELIVERED"}, "sent_ts": 1758749630814, "arrival_ts": 1758749630814}
{"action": "recv", "src": "AU-N129", "dst": "AN-N74", "hlc": {"phys": 1758753037582, "cnt": 0, "node": "AU-N129"}, "package_id": "PKG53011", "payload": {"status": "CREATED"}, "sent_ts": 1758753011292, "arrival_ts": 1758753011365}
{"action": "recv", "src": "AU-N129", "dst": "AN-N74", "hlc": {"phys": 1758753037863, "cnt": 0, "node": "AU-N129"}, "package_id": "PKG53011", "payload": {"status": "SENT"}, "sent_ts": 1758753011573, "arrival_ts": 1758753011720}
{"action": "recv", "src": "AU-N129", "dst": "AN-N74", "hlc": {"phys": 1758753038227, "cnt": 0, "node": "AU-N129"}, "package_id": "PKG53011", "payload": {"status": "IN_TRANSIT"}, "sent_ts": 1758753011937, "arrival_ts": 1758753012084}
{"action": "recv", "src": "AU-N129", "dst": "AN-N74", "hlc": {"phys": 1758753038577, "cnt": 0, "node": "AU-N129"}, "package_id": "PKG53011", "payload": {"status": "RECEIVED"}, "sent_ts": 1758753012287, "arrival_ts": 1758753012470}
{"action": "recv", "src": "AU-N129", "dst": "AN-N74", "hlc": {"phys": 1758753038979, "cnt": 0, "node": "AU-N129"}, "package_id": "PKG53011", "payload": {"status": "DELIVERED"}, "sent_ts": 1758753012689, "arrival_ts": 1758753012887}
{"action": "recv", "src": "AN-N185", "dst": "AN-N74", "hlc": {"phys": 1758761226581, "cnt": 0, "node": "AN-N185"}, "package_id": "PKG61194", "payload": {"status": "CREATED"}, "sent_ts": 1758761194731, "arrival_ts": 1758761194791}
{"action": "recv", "src": "AN-N185", "dst": "AN-N74", "hlc": {"phys": 1758761226841, "cnt": 0, "node": "AN-N185"}, "package_id": "PKG61194", "payload": {"status": "SENT"}, "sent_ts": 1758761194991, "arrival_ts": 1758761195191}
{"action": "recv", "src": "AN-N185", "dst": "AN-N74", "hlc": {"phys": 1758761227253, "cnt": 0, "node": "AN-N185"}, "package_id": "PKG61194", "payload": {"status": "IN_TRANSIT"}, "sent_ts": 1758761195403, "arrival_ts": 1758761195485}
{"action": "recv", "src": "AN-N185", "dst": "AN-N74", "hlc": {"phys": 1758761227544, "cnt": 0, "node": "AN-N185"}, "package_id": "PKG61194", "payload": {"status": "RECEIVED"}, "sent_ts": 1758761195694, "arrival_ts": 1758761195716}
{"action": "recv", "src": "AN-N185", "dst": "AN-N74", "hlc": {"phys": 1758761227757, "cnt": 0, "node": "AN-N185"}, "package_id": "PKG61194", "payload": {"status": "DELIVERED"}, "sent_ts": 1758761195907, "arrival_ts": 1758761196024}
{"action": "recv", "src": "SA-N116", "dst": "AN-N74", "hlc": {"phys": 1758761880166, "cnt": 0, "node": "SA-N116"}, "package_id": "PKG61859", "payload": {"status": "CREATED"}, "sent_ts": 1758761859006, "arrival_ts": 1758761859098}
{"action": "recv", "src": "SA-N116", "dst": "AN-N74", "hlc": {"phys": 1758761880461, "cnt": 0, "node": "SA-N116"}, "package_id": "PKG61859", "payload": {"status": "SENT"}, "sent_ts": 1758761859301, "arrival_ts": 1758761859415}
{"action": "recv", "src": "SA-N116", "dst": "AN-N74", "hlc": {"phys": 1758761880770, "cnt": 0, "node": "SA-N116"}, "package_id": "PKG61859", "payload": {"status": "IN_TRANSIT"}, "sent_ts": 1758761859610, "arrival_ts": 1758761859741}
{"action": "recv", "src": "SA-N116", "dst": "AN-N74", "hlc": {"phys": 1758761881108, "cnt": 0, "node": "SA-N116"}, "package_id": "PKG61859", "payload": {"status": "RECEIVED"}, "sent_ts": 1758761859948, "arrival_ts": 1758761860107}
{"action": "recv", "src": "SA-N116", "dst": "AN-N74", "hlc": {"phys": 1758761881473, "cnt": 0, "node": "SA-N116"}, "package_id": "PKG61859", "payload": {"status": "DELIVERED"}, "sent_ts": 1758761860313, "arrival_ts": 1758761860412}
{"action": "recv", "src": "EU-N79", "dst": "AN-N74", "hlc": {"phys": 1758762253071, "cnt": 0, "node": "EU-N79"}, "package_id": "PKG62247", "payload": {"status": "CREATED"}, "sent_ts": 1758762247281, "arrival_ts": 1758762247448}
{"action": "recv", "src": "EU-N79", "dst": "AN-N74", "hlc": {"phys": 1758762253447, "cnt": 0, "node": "EU-N79"}, "package_id": "PKG62247", "payload": {"status": "SENT"}, "sent_ts": 1758762247657, "arrival_ts": 1758762247754}
{"action": "recv", "src": "EU-N79", "dst": "AN-N74", "hlc": {"phys": 1758762253754, "cnt": 0, "node": "EU-N79"}, "package_id": "PKG62247", "payload": {"status": "IN_TRANSIT"}, "sent_ts": 1758762247964, "arrival_ts": 1758762248152}
{"action": "recv", "src": "EU-N79", "dst": "AN-N74", "hlc": {"phys": 1758762254151, "cnt": 0, "node": "EU-N79"}, "package_id": "PKG62247", "payload": {"status": "RECEIVED"}, "sent_ts": 1758762248361, "arrival_ts": 1758762248391}
{"action": "recv", "src": "EU-N79", "dst": "AN-N74", "hlc": {"phys": 1758762254373, "cnt": 0, "node": "EU-N79"}, "package_id": "PKG62247", "payload": {"status": "DELIVERED"}, "sent_ts": 1758762248583, "arrival_ts": 1758762248654}
{"action": "recv", "src": "NA-N25", "dst": "AN-N74", "hlc": {"phys": 1758763065242, "cnt": 0, "node": "NA-N25"}, "package_id": "PKG63064", "payload": {"status": "CREATED"}, "sent_ts": 1758763064992, "arrival_ts": 1758763065172}
{"action": "recv", "src": "NA-N25", "dst": "AN-N74", "hlc": {"phys": 1758763065631, "cnt": 0, "node": "NA-N25"}, "package_id": "PKG63064", "payload": {"status": "SENT"}, "sent_ts": 1758763065381, "arrival_ts": 1758763065569}
{"action": "recv", "src": "NA-N25", "dst": "AN-N74", "hlc": {"phys": 1758763066018, "cnt": 0, "node": "NA-N25"}, "package_id": "PKG63064", "payload": {"status": "IN_TRANSIT"}, "sent_ts": 1758763065768, "arrival_ts": 1758763065840}
{"action": "recv", "src": "NA-N25", "dst": "AN-N74", "hlc": {"phys": 1758763066281, "cnt": 0, "node": "NA-N25"}, "package_id": "PKG63064", "payload": {"status": "RECEIVED"}, "sent_ts": 1758763066031, "arrival_ts": 1758763066074}
{"action": "recv", "src": "NA-N25", "dst": "AN-N74", "hlc": {"phys": 1758763066529, "cnt": 0, "node": "NA-N25"}, "package_id": "PKG63064", "payload": {"status": "DELIVERED"}, "sent_ts": 1758763066279, "arrival_ts": 1758763066325}
{"action": "recv", "src": "NA-N191", "dst": "AN-N74", "hlc": {"phys": 1758768722273, "cnt": 0, "node": "NA-N191"}, "package_id": "PKG68720", "payload": {"status": "CREATED"}, "sent_ts": 1758768720363, "arrival_ts": 1758768721005}
{"action": "recv", "src": "NA-N191", "dst": "AN-N74", "hlc": {"phys": 1758768727888, "cnt": 0, "node": "NA-N191"}, "package_id": "PKG68720", "payload": {"status": "SENT"}, "sent_ts": 1758768725978, "arrival_ts": 1758768726172}
{"action": "recv", "src": "NA-N191", "dst": "AN-N74", "hlc": {"phys": 1758768728316, "cnt": 0, "node": "NA-N191"}, "package_id": "PKG68720", "payload": {"status": "IN_TRANSIT"}, "sent_ts": 1758768726406, "arrival_ts": 1758768726472}
{"action": "recv", "src": "NA-N191", "dst": "AN-N74", "hlc": {"phys": 1758768728572, "cnt": 0, "node": "NA-N191"}, "package_id": "PKG68720", "payload": {"status": "RECEIVED"}, "sent_ts": 1758768726662, "arrival_ts": 1758768726897}
{"action": "recv", "src": "NA-N191", "dst": "AN-N74", "hlc": {"phys": 1758768729054, "cnt": 0, "node": "NA-N191"}, "package_id": "PKG68720", "payload": {"status": "DELIVERED"}, "sent_ts": 1758768727144, "arrival_ts": 1758768727318}
{"action": "recv", "src": "AU-N157", "dst": "AN-N74", "hlc": {"phys": 1758804374571, "cnt": 0, "node": "AU-N157"}, "package_id": "PKG4348", "payload": {"status": "CREATED"}, "sent_ts": 1758804348001, "arrival_ts": 1758804348136}
{"action": "recv", "src": "AU-N157", "dst": "AN-N74", "hlc": {"phys": 1758804374918, "cnt": 0, "node": "AU-N157"}, "package_id": "PKG4348", "payload": {"status": "SENT"}, "sent_ts": 1758804348348, "arrival_ts": 1758804348443}
{"action": "recv", "src": "AU-N157", "dst": "AN-N74", "hlc": {"phys": 1758804375226, "cnt": 0, "node": "AU-N157"}, "package_id": "PKG4348", "payload": {"status": "IN_TRANSIT"}, "sent_ts": 1758804348656, "arrival_ts": 1758804348721}
{"action": "recv", "src": "AU-N157", "dst": "AN-N74", "hlc": {"phys": 1758804375501, "cnt": 0, "node": "AU-N157"}, "package_id": "PKG4348", "payload": {"status": "RECEIVED"}, "sent_ts": 1758804348931, "arrival_ts": 1758804349070}
{"action": "recv", "src": "AU-N157", "dst": "AN-N74", "hlc": {"phys": 1758804375851, "cnt": 0, "node": "AU-N157"}, "package_id": "PKG4348", "payload": {"status": "DELIVERED"}, "sent_ts": 1758804349281, "arrival_ts": 1758804349337}
{"action": "recv", "src": "NA-N149", "dst": "AN-N74", "hlc": {"phys": 1758804425689, "cnt": 0, "node": "NA-N149"}, "package_id": "PKG4424", "payload": {"status": "CREATED"}, "sent_ts": 1758804424199, "arrival_ts": 1758804424310}
{"action": "recv", "src": "NA-N149", "dst": "AN-N74", "hlc": {"phys": 1758804426003, "cnt": 0, "node": "NA-N149"}, "package_id": "PKG4424", "payload": {"status": "SENT"}, "sent_ts": 1758804424513, "arrival_ts": 1758804424544}
{"action": "recv", "src": "NA-N149", "dst": "AN-N74", "hlc": {"phys": 1758804426240, "cnt": 0, "node": "NA-N149"}, "package_id": "PKG4424", "payload": {"status": "IN_TRANSIT"}, "sent_ts": 1758804424750, "arrival_ts": 1758804424765}
{"action": "recv", "src": "NA-N149", "dst": "AN-N74", "hlc": {"phys": 1758804426464, "cnt": 0, "node": "NA-N149"}, "package_id": "PKG4424", "payload": {"status": "RECEIVED"}, "sent_ts": 1758804424974, "arrival_ts": 1758804425151}
{"action": "recv", "src": "NA-N149", "dst": "AN-N74", "hlc": {"phys": 1758804426849, "cnt": 0, "node": "NA-N149"}, "package_id": "PKG4424", "payload": {"status": "DELIVERED"}, "sent_ts": 1758804425359, "arrival_ts": 1758804425541}
{"action": "send", "src": "AN-N74", "dst": "AN-N111", "hlc": {"phys": 1758804568536, "cnt": 0, "node": "AN-N74"}, "package_id": "PKG4537", "payload": {"status": "CREATED"}, "sent_ts": 1758804537796, "arrival_ts": 1758804537796}
{"action": "send", "src": "AN-N74", "dst": "AN-N111", "hlc": {"phys": 1758804568894, "cnt": 0, "node": "AN-N74"}, "package_id": "PKG4537", "payload": {"status": "SENT"}, "sent_ts": 1758804538154, "arrival_ts": 1758804538154}
{"action": "send", "src": "AN-N74", "dst": "AN-N111", "hlc": {"phys": 1758804569264, "cnt": 0, "node": "AN-N74"}, "package_id": "PKG4537", "payload": {"status": "IN_TRANSIT"}, "sent_ts": 1758804538524, "arrival_ts": 1758804538524}
{"action": "send", "src": "AN-N74", "dst": "AN-N111", "hlc": {"phys": 1758804569540, "cnt": 0, "node": "AN-N74"}, "package_id": "PKG4537", "payload": {"status": "RECEIVED"}, "sent_ts": 1758804538800, "arrival_ts": 1758804538800}
{"action": "send", "src": "AN-N74", "dst": "AN-N111", "hlc": {"phys": 1758804569834, "cnt": 0, "node": "AN-N74"}, "package_id": "PKG4537", "payload": {"status": "DELIVERED"}, "sent_ts": 1758804539094, "arrival_ts": 1758804539094}
{"action": "recv", "src": "NA-N190", "dst": "AN-N74", "hlc": {"phys": 1758804872579, "cnt": 0, "node": "NA-N190"}, "package_id": "PKG4870", "payload": {"status": "CREATED"}, "sent_ts": 1758804870679, "arrival_ts": 1758804870715}
{"action": "recv", "src": "NA-N190", "dst": "AN-N74", "hlc": {"phys": 1758804872809, "cnt": 0, "node": "NA-N190"}, "package_id": "PKG4870", "payload": {"status": "SENT"}, "sent_ts": 1758804870909, "arrival_ts": 1758804870940}
{"action": "recv", "src": "NA-N190", "dst": "AN-N74", "hlc": {"phys": 1758804873053, "cnt": 0, "node": "NA-N190"}, "package_id": "PKG4870", "payload": {"status": "IN_TRANSIT"}, "sent_ts": 1758804871153, "arrival_ts": 1758804871287}
{"action": "recv", "src": "NA-N190", "dst": "AN-N74", "hlc": {"phys": 1758804873390, "cnt": 0, "node": "NA-N190"}, "package_id": "PKG4870", "payload": {"status": "RECEIVED"}, "sent_ts": 1758804871490, "arrival_ts": 1758804871656}
{"action": "recv", "src": "NA-N190", "dst": "AN-N74", "hlc": {"phys": 1758804873777, "cnt": 0, "node": "NA-N190"}, "package_id": "PKG4870", "payload": {"status": "DELIVERED"}, "sent_ts": 1758804871877, "arrival_ts": 1758804871998}
{"action": "recv", "src": "AN-N141", "dst": "AN-N74", "hlc": {"phys": 1758811614019, "cnt": 0, "node": "AN-N141"}, "package_id": "PKG11582", "payload": {"status": "CREATED"}, "sent_ts": 1758811582609, "arrival_ts": 1758811582770}
{"action": "recv", "src": "AN-N141", "dst": "AN-N74", "hlc": {"phys": 1758811614391, "cnt": 0, "node": "AN-N141"}, "package_id": "PKG11582", "payload": {"status": "SENT"}, "sent_ts": 1758811582981, "arrival_ts": 1758811583057}
{"action": "recv", "src": "AN-N141", "dst": "AN-N74", "hlc": {"phys": 1758811614670, "cnt": 0, "node": "AN-N141"}, "package_id": "PKG11582", "payload": {"status": "IN_TRANSIT"}, "sent_ts": 1758811583260, "arrival_ts": 1758811583369}
{"action": "recv", "src": "AN-N141", "dst": "AN-N74", "hlc": {"phys": 1758811614983, "cnt": 0, "node": "AN-N141"}, "package_id": "PKG11582", "payload": {"status": "RECEIVED"}, "sent_ts": 1758811583573, "arrival_ts": 1758811583750}
{"action": "recv", "src": "AN-N141", "dst": "AN-N74", "hlc": {"phys": 1758811615370, "cnt": 0, "node": "AN-N141"}, "package_id": "PKG11582", "payload": {"status": "DELIVERED"}, "sent_ts": 1758811583960, "arrival_ts": 1758811584108}
{"action": "recv", "src": "EU-N152", "dst": "AN-N74", "hlc": {"phys": 1758816233662, "cnt": 0, "node": "EU-N152"}, "package_id": "PKG16227", "payload": {"status": "CREATED"}, "sent_ts": 1758816227142, "arrival_ts": 1758816227167}
{"action": "recv", "src": "EU-N152", "dst": "AN-N74", "hlc": {"phys": 1758816233881, "cnt": 0, "node": "EU-N152"}, "package_id": "PKG16227", "payload": {"status": "SENT"}, "sent_ts": 1758816227361, "arrival_ts": 1758816227426}
{"action": "recv", "src": "EU-N152", "dst": "AN-N74", "hlc": {"phys": 1758816234146, "cnt": 0, "node": "EU-N152"}, "package_id": "PKG16227", "payload": {"status": "IN_TRANSIT"}, "sent_ts": 1758816227626, "arrival_ts": 1758816227801}
{"action": "recv", "src": "EU-N152", "dst": "AN-N74", "hlc": {"phys": 1758816234519, "cnt": 0, "node": "EU-N152"}, "package_id": "PKG16227", "payload": {"status": "RECEIVED"}, "sent_ts": 1758816227999, "arrival_ts": 1758816228110}
{"action": "recv", "src": "EU-N152", "dst": "AN-N74", "hlc": {"phys": 1758816234844, "cnt": 0, "node": "EU-N152"}, "package_id": "PKG16227", "payload": {"status": "DELIVERED"}, "sent_ts": 1758816228324, "arrival_ts": 1758816228520}
{"action": "recv", "src": "AF-N33", "dst": "AN-N74", "hlc": {"phys": 1758816655148, "cnt": 0, "node": "AF-N33"}, "package_id": "PKG16639", "payload": {"status": "CREATED"}, "sent_ts": 1758816639818, "arrival_ts": 1758816639905}
{"action": "recv", "src": "AF-N33", "dst": "AN-N74", "hlc": {"phys": 1758816655440, "cnt": 0, "node": "AF-N33"}, "package_id": "PKG16639", "payload": {"status": "SENT"}, "sent_ts": 1758816640110, "arrival_ts": 1758816640144}
{"action": "recv", "src": "AF-N33", "dst": "AN-N74", "hlc": {"phys": 1758816655690, "cnt": 0, "node": "AF-N33"}, "package_id": "PKG16639", "payload": {"status": "IN_TRANSIT"}, "sent_ts": 1758816640360, "arrival_ts": 1758816640409}
{"action": "recv", "src": "AF-N33", "dst": "AN-N74", "hlc": {"phys": 1758816655939, "cnt": 0, "node": "AF-N33"}, "package_id": "PKG16639", "payload": {"status": "RECEIVED"}, "sent_ts": 1758816640609, "arrival_ts": 1758816640629}
{"action": "recv", "src": "AF-N33", "dst": "AN-N74", "hlc": {"phys": 1758816656171, "cnt": 0, "node": "AF-N33"}, "package_id": "PKG16639", "payload": {"status": "DELIVERED"}, "sent_ts": 1758816640841, "arrival_ts": 1758816640957}
