{"action": "recv", "src": "EU-N72", "dst": "AN-N96", "hlc": {"phys": 1758712887744, "cnt": 0, "node": "EU-N72"}, "package_id": "PKG12882", "payload": {"status": "CREATED"}, "sent_ts": 1758712882024, "arrival_ts": 1758712882177}
{"action": "recv", "src": "EU-N72", "dst": "AN-N96", "hlc": {"phys": 1758712888099, "cnt": 0, "node": "EU-N72"}, "package_id": "PKG12882", "payload": {"status": "SENT"}, "sent_ts": 1758712882379, "arrival_ts": 1758712882397}
{"action": "recv", "src": "EU-N72", "dst": "AN-N96", "hlc": {"phys": 1758712888314, "cnt": 0, "node": "EU-N72"}, "package_id": "PKG12882", "payload": {"status": "IN_TRANSIT"}, "sent_ts": 1758712882594, "arrival_ts": 1758712882698}
{"action": "recv", "src": "EU-N72", "dst": "AN-N96", "hlc": {"phys": 1758712888624, "cnt": 0, "node": "EU-N72"}, "package_id": "PKG12882", "payload": {"status": "RECEIVED"}, "sent_ts": 1758712882904, "arrival_ts": 1758712883061}
{"action": "recv", "src": "EU-N72", "dst": "AN-N96", "hlc": {"phys": 1758712888994, "cnt": 0, "node": "EU-N72"}, "package_id": "PKG12882", "payload": {"status": "DELIVERED"}, "sent_ts": 1758712883274, "arrival_ts": 1758712883417}
{"action": "recv", "src": "EU-N147", "dst": "AN-N96", "hlc": {"phys": 1758717529183, "cnt": 0, "node": "EU-N147"}, "package_id": "PKG17522", "payload": {"status": "CREATED"}, "sent_ts": 1758717522713, "arrival_ts": 1758717522868}
{"action": "recv", "src": "EU-N147", "dst": "AN-N96", "hlc": {"phys": 1758717529543, "cnt": 0, "node": "EU-N147"}, "package_id": "PKG17522", "payload": {"status": "SENT"}, "sent_ts": 1758717523073, "arrival_ts": 1758717523251}
{"action": "recv", "src": "EU-N147", "dst": "AN-N96", "hlc": {"phys": 1758717529935, "cnt": 0, "node": "EU-N147"}, "package_id": "PKG17522", "payload": {"status": "IN_TRANSIT"}, "sent_ts": 1758717523465, "arrival_ts": 1758717523596}
{"action": "recv", "src": "EU-N147", "dst": "AN-N96", "hlc": {"phys": 1758717530279, "cnt": 0, "node": "EU-N147"}, "package_id": "PKG17522", "payload": {"status": "RECEIVED"}, "sent_ts": 1758717523809, "arrival_ts": 1758717523952}
{"action": "recv", "src": "EU-N147", "dst": "AN-N96", "hlc": {"phys": 1758717530626, "cnt": 0, "node": "EU-N147"}, "package_id": "PKG17522", "payload": {"status": "DELIVERED"}, "sent_ts": 1758717524156, "arrival_ts": 1758717524177}
{"action": "send", "src": "AN-N96", "dst": "EU-N88", "hlc": {"phys": 1758720074111, "cnt": 0, "node": "AN-N96"}, "package_id": "PKG20043", "payload": {"status": "CREATED"}, "sent_ts": 1758720043151, "arrival_ts": 1758720043151}
{"action": "send", "src": "AN-N96", "dst": "EU-N88", "hlc": {"phys": 1758720074419, "cnt": 0, "node": "AN-N96"}, "package_id": "PKG20043", "payload": {"status": "SENT"}, "sent_ts": 1758720043459, "arrival_ts": 1758720043459}
{"action": "send", "src": "AN-N96", "dst": "EU-N88", "hlc": {"phys": 1758720074820, "cnt": 0, "node": "AN-N96"}, "package_id": "PKG20043", "payload": {"status": "IN_TRANSIT"}, "sent_ts": 1758720043860, "arrival_ts": 1758720043860}
{"action": "send", "src": "AN-N96", "dst": "EU-N88", "hlc": {"phys": 1758720075190, "cnt": 0, "node": "AN-N96"}, "package_id": "PKG20043", "payload": {"status": "RECEIVED"}, "sent_ts": 1758720044230, "arrival_ts": 1758720044230}
{"action": "send", "src": "AN-N96", "dst": "EU-N88", "hlc": {"phys": 1758720075435, "cnt": 0, "node": "AN-N96"}, "package_id": "PKG20043", "payload": {"status": "DELIVERED"}, "sent_ts": 1758720044475, "arrival_ts": 1758720044475}
{"action": "send", "src": "AN-N96", "dst": "SA-N38", "hlc": {"phys": 1758740402540, "cnt": 0, "node": "AN-N96"}, "package_id": "PKG40371", "payload": {"status": "CREATED"}, "sent_ts": 1758740371580, "arrival_ts": 1758740371580}
{"action": "send", "src": "AN-N96", "dst": "SA-N38", "hlc": {"phys": 1758740402788, "cnt": 0, "node": "AN-N96"}, "package_id": "PKG40371", "payload": {"status": "SENT"}, "sent_ts": 1758740371828, "arrival_ts": 1758740371828}
{"action": "send", "src": "AN-N96", "dst": "SA-N38", "hlc": {"phys": 1758740403192, "cnt": 0, "node": "AN-N96"}, "package_id": "PKG40371", "payload": {"status": "IN_TRANSIT"}, "sent_ts": 1758740372232, "arrival_ts": 1758740372232}
{"action": "send", "src": "AN-N96", "dst": "SA-N38", "hlc": {"phys": 1758740403391, "cnt": 0, "node": "AN-N96"}, "package_id": "PKG40371", "payload": {"status": "RECEIVED"}, "sent_ts": 1758740372431, "arrival_ts": 1758740372431}
{"action": "send", "src": "AN-N96", "dst": "SA-N38", "hlc": {"phys": 1758740403607, "cnt": 0, "node": "AN-N96"}, "package_id": "PKG40371", "payload": {"status": "DELIVERED"}, "sent_ts": 1758740372647, "arrival_ts": 1758740372647}
{"action": "recv", "src": "AF-N50", "dst": "AN-N96", "hlc": {"phys": 1758740541413, "cnt": 0, "node": "AF-N50"}, "package_id": "PKG40525", "payload": {"status": "CREATED"}, "sent_ts": 1758740525913, "arrival_ts": 1758740526080}
{"action": "recv", "src": "AF-N50", "dst": "AN-N96", "hlc": {"phys": 1758740541786, "cnt": 0, "node": "AF-N50"}, "package_id": "PKG40525", "payload": {"status": "SENT"}, "sent_ts": 1758740526286, "arrival_ts": 1758740526297}
{"action": "recv", "src": "AF-N50", "dst": "AN-N96", "hlc": {"phys": 1758740542000, "cnt": 0, "node": "AF-N50"}, "package_id": "PKG40525", "payload": {"status": "IN_TRANSIT"}, "sent_ts": 1758740526500, "arrival_ts": 1758740526620}
{"action": "recv", "src": "AF-N50", "dst": "AN-N96", "hlc": {"phys": 1758740542329, "cnt": 0, "node": "AF-N50"}, "package_id": "PKG40525", "payload": {"status": "RECEIVED"}, "sent_ts": 1758740526829, "arrival_ts": 1758740526969}
{"action": "recv", "src": "AF-N50", "dst": "AN-N96", "hlc": {"phys": 1758740542672, "cnt": 0, "node": "AF-N50"}, "package_id": "PKG40525", "payload": {"status": "DELIVERED"}, "sent_ts": 1758740527172, "arrival_ts": 1758740527276}
{"action": "send", "src": "AN-N96", "dst": "AN-N199", "hlc": {"phys": 1758742827357, "cnt": 0, "node": "AN-N96"}, "package_id": "PKG42796", "payload": {"status": "CREATED"}, "sent_ts": 1758742796397, "arrival_ts": 1758742796397}
{"action": "send", "src": "AN-N96", "dst": "AN-N199", "hlc": {"phys": 1758742827622, "cnt": 0, "node": "AN-N96"}, "package_id": "PKG42796", "payload": {"status": "SENT"}, "sent_ts": 1758742796662, "arrival_ts": 1758742796662}
{"action": "send", "src": "AN-N96", "dst": "AN-N199", "hlc": {"phys": 1758742827949, "cnt": 0, "node": "AN-N96"}, "package_id": "PKG42796", "payload": {"status": "IN_TRANSIT"}, "sent_ts": 1758742796989, "arrival_ts": 1758742796989}
{"action": "send", "src": "AN-N96", "dst": "AN-N199", "hlc": {"phys": 1758742828181, "cnt": 0, "node": "AN-N96"}, "package_id": "PKG42796", "payload": {"status": "RECEIVED"}, "sent_ts": 1758742797221, "arrival_ts": 1758742797221}
{"action": "send", "src": "AN-N96", "dst": "AN-N199", "hlc": {"phys": 1758742828446, "cnt": 0, "node": "AN-N96"}, "package_id": "PKG42796", "payload": {"status": "DELIVERED"}, "sent_ts": 1758742797486, "arrival_ts": 1758742797486}
{"action": "send", "src": "AN-N96", "dst": "AN-N184", "hlc": {"phys": 1758743211985, "cnt": 0, "node": "AN-N96"}, "package_id": "PKG43181", "payload": {"status": "CREATED"}, "sent_ts": 1758743181025, "arrival_ts": 1758743181025}
{"action": "send", "src": "AN-N96", "dst": "AN-N184", "hlc": {"phys": 1758743212276, "cnt": 0, "node": "AN-N96"}, "package_id": "PKG43181", "payload": {"status": "SENT"}, "sent_ts": 1758743181316, "arrival_ts": 1758743181316}
{"action": "send", "src": "AN-N96", "dst": "AN-N184", "hlc": {"phys": 1758743212616, "cnt": 0, "node": "AN-N96"}, "package_id": "PKG43181", "payload": {"status": "IN_TRANSIT"}, "sent_ts": 1758743181656, "arrival_ts": 1758743181656}
{"action": "send", "src": "AN-N96", "dst": "AN-N184", "hlc": {"phys": 1758743213003, "cnt": 0, "node": "AN-N96"}, "package_id": "PKG43181", "payload": {"status": "RECEIVED"}, "sent_ts": 1758743182043, "arrival_ts": 1758743182043}
{"action": "send", "src": "AN-N96", "dst": "AN-N184", "hlc": {"phys": 1758743213374, "cnt": 0, "node": "AN-N96"}, "package_id": "PKG43181", "payload": {"status": "DELIVERED"}, "sent_ts": 1758743182414, "arrival_ts": 1758743182414}
{"action": "recv", "src": "AS-N17", "dst": "AN-N96", "hlc": {"phys": 1758743483251, "cnt": 0, "node": "AS-N17"}, "package_id": "PKG43473", "payload": {"status": "CREATED"}, "sent_ts": 1758743473081, "arrival_ts": 1758743473253}
{"action": "recv", "src": "AS-N17", "dst": "AN-N96", "hlc": {"phys": 1758743483621, "cnt": 0, "node": "AS-N17"}, "package_id": "PKG43473", "payload": {"status": "SENT"}, "sent_ts": 1758743473451, "arrival_ts": 1758743473558}
{"action": "recv", "src": "AS-N17", "dst": "AN-N96", "hlc": {"phys": 1758743483931, "cnt": 0, "node": "AS-N17"}, "package_id": "PKG43473", "payload": {"status": "IN_TRANSIT"}, "sent_ts": 1758743473761, "arrival_ts": 1758743473946}
{"action": "recv", "src": "AS-N17", "dst": "AN-N96", "hlc": {"phys": 1758743484316, "cnt": 0, "node": "AS-N17"}, "package_id": "PKG43473", "payload": {"status": "RECEIVED"}, "sent_ts": 1758743474146, "arrival_ts": 1758743474265}
{"action": "recv", "src": "AS-N17", "dst": "AN-N96", "hlc": {"phys": 1758743484639, "cnt": 0, "node": "AS-N17"}, "package_id": "PKG43473", "payload": {"status": "DELIVERED"}, "sent_ts": 1758743474469, "arrival_ts": 1758743474633}
{"action": "send", "src": "AN-N96", "dst": "AS-N161", "hlc": {"phys": 1758744233522, "cnt": 0, "node": "AN-N96"}, "package_id": "PKG44202", "payload": {"status": "CREATED"}, "sent_ts": 1758744202562, "arrival_ts": 1758744202562}
{"action": "send", "src": "AN-N96", "dst": "AS-N161", "hlc": {"phys": 1758744233876, "cnt": 0, "node": "AN-N96"}, "package_id": "PKG44202", "payload": {"status": "SENT"}, "sent_ts": 1758744202916, "arrival_ts": 1758744202916}
{"action": "send", "src": "AN-N96", "dst": "AS-N161", "hlc": {"phys": 1758744234184, "cnt": 0, "node": "AN-N96"}, "package_id": "PKG44202", "payload": {"status": "IN_TRANSIT"}, "sent_ts": 1758744203224, "arrival_ts": 1758744203224}
{"action": "send", "src": "AN-N96", "dst": "AS-N161", "hlc": {"phys": 1758744234507, "cnt": 0, "node": "AN-N96"}, "package_id": "PKG44202", "payload": {"status": "RECEIVED"}, "sent_ts": 1758744203547, "arrival_ts": 1758744203547}
{"action": "send", "src": "AN-N96", "dst": "AS-N161", "hlc": {"phys": 1758744234724, "cnt": 0, "node": "AN-N96"}, "package_id": "PKG44202", "payload": {"status": "DELIVERED"}, "sent_ts": 1758744203764, "arrival_ts": 1758744203764}
{"action": "send", "src": "AN-N96", "dst": "AN-N73", "hlc": {"phys": 1758744842463, "cnt": 0, "node": "AN-N96"}, "package_id": "PKG44811", "payload": {"status": "CREATED"}, "sent_ts": 1758744811503, "arrival_ts": 1758744811503}
{"action": "send", "src": "AN-N96", "dst": "AN-N73", "hlc": {"phys": 1758744842772, "cnt": 0, "node": "AN-N96"}, "package_id": "PKG44811", "payload": {"status": "SENT"}, "sent_ts": 1758744811812, "arrival_ts": 1758744811812}
{"action": "send", "src": "AN-N96", "dst": "AN-N73", "hlc": {"phys": 1758744843144, "cnt": 0, "node": "AN-N96"}, "package_id": "PKG44811", "payload": {"status": "IN_TRANSIT"}, "sent_ts": 1758744812184, "arrival_ts": 1758744812184}
{"action": "send", "src": "AN-N96", "dst": "AN-N73", "hlc": {"phys": 1758744843437, "cnt": 0, "node": "AN-N96"}, "package_id": "PKG44811", "payload": {"status": "RECEIVED"}, "sent_ts": 1758744812477, "arrival_ts": 1758744812477}
{"action": "send", "src": "AN-N96", "dst": "AN-N73", "hlc": {"phys": 1758744843731, "cnt": 0, "node": "AN-N96"}, "package_id": "PKG44811", "payload": {"status": "DELIVERED"}, "sent_ts": 1758744812771, "arrival_ts": 1758744812771}
{"action": "recv", "src": "AS-N21", "dst": "AN-N96", "hlc": {"phys": 1758755136214, "cnt": 0, "node": "AS-N21"}, "package_id": "PKG55126", "payload": {"status": "CREATED"}, "sent_ts": 1758755126004, "arrival_ts": 1758755126053}
{"action": "recv", "src": "AS-N21", "dst": "AN-N96", "hlc": {"phys": 1758755136468, "cnt": 0, "node": "AS-N21"}, "package_id": "PKG55126", "payload": {"status": "SENT"}, "sent_ts": 1758755126258, "arrival_ts": 1758755126359}
{"action": "recv", "src": "AS-N21", "dst": "AN-N96", "hlc": {"phys": 1758755136784, "cnt": 0, "node": "AS-N21"}, "package_id": "PKG55126", "payload": {"status": "IN_TRANSIT"}, "sent_ts": 1758755126574, "arrival_ts": 1758755126679}
{"action": "recv", "src": "AS-N21", "dst": "AN-N96", "hlc": {"phys": 1758755137094, "cnt": 0, "node": "AS-N21"}, "package_id": "PKG55126", "payload": {"status": "RECEIVED"}, "sent_ts": 1758755126884, "arrival_ts": 1758755126903}
{"action": "recv", "src": "AS-N21", "dst": "AN-N96", "hlc": {"phys": 1758755137312, "cnt": 0, "node": "AS-N21"}, "package_id": "PKG55126", "payload": {"status": "DELIVERED"}, "sent_ts": 1758755127102, "arrival_ts": 1758755127295}
{"action": "send", "src": "AN-N96", "dst": "AF-N123", "hlc": {"phys": 1758763460369, "cnt": 0, "node": "AN-N96"}, "package_id": "PKG63429", "payload": {"status": "CREATED"}, "sent_ts": 1758763429409, "arrival_ts": 1758763429409}
{"action": "send", "src": "AN-N96", "dst": "AF-N123", "hlc": {"phys": 1758763460752, "cnt": 0, "node": "AN-N96"}, "package_id": "PKG63429", "payload": {"status": "SENT"}, "sent_ts": 1758763429792, "arrival_ts": 1758763429792}
{"action": "send", "src": "AN-N96", "dst": "AF-N123", "hlc": {"phys": 1758763461112, "cnt": 0, "node": "AN-N96"}, "package_id": "PKG63429", "payload": {"status": "IN_TRANSIT"}, "sent_ts": 1758763430152, "arrival_ts": 1758763430152}
{"action": "send", "src": "AN-N96", "dst": "AF-N123", "hlc": {"phys": 1758763461359, "cnt": 0, "node": "AN-N96"}, "package_id": "PKG63429", "payload": {"status": "RECEIVED"}, "sent_ts": 1758763430399, "arrival_ts": 1758763430399}
{"action": "send", "src": "AN-N96", "dst": "AF-N123", "hlc": {"phys": 1758763461608, "cnt": 0, "node": "AN-N96"}, "package_id": "PKG63429", "payload": {"status": "DELIVERED"}, "sent_ts": 1758763430648, "arrival_ts": 1758763430648}
{"action": "recv", "src": "AU-N59", "dst": "AN-N96", "hlc": {"phys": 1758764247231, "cnt": 0, "node": "AU-N59"}, "package_id": "PKG64221", "payload": {"status": "CREATED"}, "sent_ts": 1758764221641, "arrival_ts": 1758764221653}
{"action": "recv", "src": "AU-N59", "dst": "AN-N96", "hlc": {"phys": 1758764247449, "cnt": 0, "node": "AU-N59"}, "package_id": "PKG64221", "payload": {"status": "SENT"}, "sent_ts": 1758764221859, "arrival_ts": 1758764221912}
{"action": "recv", "src": "AU-N59", "dst": "AN-N96", "hlc": {"phys": 1758764247712, "cnt": 0, "node": "AU-N59"}, "package_id": "PKG64221", "payload": {"status": "IN_TRANSIT"}, "sent_ts": 1758764222122, "arrival_ts": 1758764222311}
{"action": "recv", "src": "AU-N59", "dst": "AN-N96", "hlc": {"phys": 1758764248117, "cnt": 0, "node": "AU-N59"}, "package_id": "PKG64221", "payload": {"status": "RECEIVED"}, "sent_ts": 1758764222527, "arrival_ts": 1758764222614}
{"action": "recv", "src": "AU-N59", "dst": "AN-N96", "hlc": {"phys": 1758764248412, "cnt": 0, "node": "AU-N59"}, "package_id": "PKG64221", "payload": {"status": "DELIVERED"}, "sent_ts": 1758764222822, "arrival_ts": 1758764222961}
{"action": "recv", "src": "AF-N8", "dst": "AN-N96", "hlc": {"phys": 1758765045419, "cnt": 0, "node": "AF-N8"}, "package_id": "PKG65030", "payload": {"status": "CREATED"}, "sent_ts": 1758765030339, "arrival_ts": 1758765030523}
{"action": "recv", "src": "AF-N8", "dst": "AN-N96", "hlc": {"phys": 1758765045801, "cnt": 0, "node": "AF-N8"}, "package_id": "PKG65030", "payload": {"status": "SENT"}, "sent_ts": 1758765030721, "arrival_ts": 1758765030855}
{"action": "recv", "src": "AF-N8", "dst": "AN-N96", "hlc": {"phys": 1758765046136, "cnt": 0, "node": "AF-N8"}, "package_id": "PKG65030", "payload": {"status": "IN_TRANSIT"}, "sent_ts": 1758765031056, "arrival_ts": 1758765031080}
{"action": "recv", "src": "AF-N8", "dst": "AN-N96", "hlc": {"phys": 1758765046375, "cnt": 0, "node": "AF-N8"}, "package_id": "PKG65030", "payload": {"status": "RECEIVED"}, "sent_ts": 1758765031295, "arrival_ts": 1758765031398}
{"action": "recv", "src": "AF-N8", "dst": "AN-N96", "hlc": {"phys": 1758765046679, "cnt": 0, "node": "AF-N8"}, "package_id": "PKG65030", "payload": {"status": "DELIVERED"}, "sent_ts": 1758765031599, "arrival_ts": 1758765031765}
{"action": "recv", "src": "NA-N20", "dst": "AN-N96", "hlc": {"phys": 1758765413683, "cnt": 0, "node": "NA-N20"}, "package_id": "PKG65413", "payload": {"status": "CREATED"}, "sent_ts": 1758765413483, "arrival_ts": 1758765413547}
{"action": "recv", "src": "NA-N20", "dst": "AN-N96", "hlc": {"phys": 1758765413955, "cnt": 0, "node": "NA-N20"}, "package_id": "PKG65413", "payload": {"status": "SENT"}, "sent_ts": 1758765413755, "arrival_ts": 1758765413945}
{"action": "recv", "src": "NA-N20", "dst": "AN-N96", "hlc": {"phys": 1758765414354, "cnt": 0, "node": "NA-N20"}, "package_id": "PKG65413", "payload": {"status": "IN_TRANSIT"}, "sent_ts": 1758765414154, "arrival_ts": 1758765414180}
{"action": "recv", "src": "NA-N20", "dst": "AN-N96", "hlc": {"phys": 1758765414593, "cnt": 0, "node": "NA-N20"}, "package_id": "PKG65413", "payload": {"status": "RECEIVED"}, "sent_ts": 1758765414393, "arrival_ts": 1758765414444}
{"action": "recv", "src": "NA-N20", "dst": "AN-N96", "hlc": {"phys": 1758765414845, "cnt": 0, "node": "NA-N20"}, "package_id": "PKG65413", "payload": {"status": "DELIVERED"}, "sent_ts": 1758765414645, "arrival_ts": 1758765414740}
{"action": "send", "src": "AN-N96", "dst": "EU-N32", "hlc": {"phys": 1758804560952, "cnt": 0, "node": "AN-N96"}, "package_id": "PKG4529", "payload": {"status": "CREATED"}, "sent_ts": 1758804529992, "arrival_ts": 1758804529992}
{"action": "send", "src": "AN-N96", "dst": "EU-N32", "hlc": {"phys": 1758804561222, "cnt": 0, "node": "AN-N96"}, "package_id": "PKG4529", "payload": {"status": "SENT"}, "sent_ts": 1758804530262, "arrival_ts": 1758804530262}
{"action": "send", "src": "AN-N96", "dst": "EU-N32", "hlc": {"phys": 1758804561494, "cnt": 0, "node": "AN-N96"}, "package_id": "PKG4529", "payload": {"status": "IN_TRANSIT"}, "sent_ts": 1758804530534, "arrival_ts": 1758804530534}
{"action": "send", "src": "AN-N96", "dst": "EU-N32", "hlc": {"phys": 1758804561796, "cnt": 0, "node": "AN-N96"}, "package_id": "PKG4529", "payload": {"status": "RECEIVED"}, "sent_ts": 1758804530836, "arrival_ts": 1758804530836}
{"action": "send", "src": "AN-N96", "dst": "EU-N32", "hlc": {"phys": 1758804562086, "cnt": 0, "node": "AN-N96"}, "package_id": "PKG4529", "payload": {"status": "DELIVERED"}, "sent_ts": 1758804531126, "arrival_ts": 1758804531126}
{"action": "recv", "src": "AS-N69", "dst": "AN-N96", "hlc": {"phys": 1758805859007, "cnt": 0, "node": "AS-N69"}, "package_id": "PKG5848", "payload": {"status": "CREATED"}, "sent_ts": 1758805848317, "arrival_ts": 1758805848495}
{"action": "recv", "src": "AS-N69", "dst": "AN-N96", "hlc": {"phys": 1758805859401, "cnt": 0, "node": "AS-N69"}, "package_id": "PKG5848", "payload": {"status": "SENT"}, "sent_ts": 1758805848711, "arrival_ts": 1758805848770}
{"action": "recv", "src": "AS-N69", "dst": "AN-N96", "hlc": {"phys": 1758805859665, "cnt": 0, "node": "AS-N69"}, "package_id": "PKG5848", "payload": {"status": "IN_TRANSIT"}, "sent_ts": 1758805848975, "arrival_ts": 1758805849001}
{"action": "recv", "src": "AS-N69", "dst": "AN-N96", "hlc": {"phys": 1758805859898, "cnt": 0, "node": "AS-N69"}, "package_id": "PKG5848", "payload": {"status": "RECEIVED"}, "sent_ts": 1758805849208, "arrival_ts": 1758805849328}
{"action": "recv", "src": "AS-N69", "dst": "AN-N96", "hlc": {"phys": 1758805860221, "cnt": 0, "node": "AS-N69"}, "package_id": "PKG5848", "payload": {"status": "DELIVERED"}, "sent_ts": 1758805849531, "arrival_ts": 1758805849656}
{"action": "recv", "src": "EU-N27", "dst": "AN-N96", "hlc": {"phys": 1758812451803, "cnt": 0, "node": "EU-N27"}, "package_id": "PKG12446", "payload": {"status": "CREATED"}, "sent_ts": 1758812446533, "arrival_ts": 1758812446574}
{"action": "recv", "src": "EU-N27", "dst": "AN-N96", "hlc": {"phys": 1758812452050, "cnt": 0, "node": "EU-N27"}, "package_id": "PKG12446", "payload": {"status": "SENT"}, "sent_ts": 1758812446780, "arrival_ts": 1758812446838}
{"action": "recv", "src": "EU-N27", "dst": "AN-N96", "hlc": {"phys": 1758812452303, "cnt": 0, "node": "EU-N27"}, "package_id": "PKG12446", "payload": {"status": "IN_TRANSIT"}, "sent_ts": 1758812447033, "arrival_ts": 1758812447176}
{"action": "recv", "src": "EU-N27", "dst": "AN-N96", "hlc": {"phys": 1758812452655, "cnt": 0, "node": "EU-N27"}, "package_id": "PKG12446", "payload": {"status": "RECEIVED"}, "sent_ts": 1758812447385, "arrival_ts": 1758812447583}
{"action": "recv", "src": "EU-N27", "dst": "AN-N96", "hlc": {"phys": 1758812453061, "cnt": 0, "node": "EU-N27"}, "package_id": "PKG12446", "payload": {"status": "DELIVERED"}, "sent_ts": 1758812447791, "arrival_ts": 1758812447823}
{"action": "recv", "src": "EU-N17", "dst": "AN-N96", "hlc": {"phys": 1758813539321, "cnt": 0, "node": "EU-N17"}, "package_id": "PKG13534", "payload": {"status": "CREATED"}, "sent_ts": 1758813534151, "arrival_ts": 1758813534204}
{"action": "recv", "src": "EU-N17", "dst": "AN-N96", "hlc": {"phys": 1758813539583, "cnt": 0, "node": "EU-N17"}, "package_id": "PKG13534", "payload": {"status": "SENT"}, "sent_ts": 1758813534413, "arrival_ts": 1758813534612}
{"action": "recv", "src": "EU-N17", "dst": "AN-N96", "hlc": {"phys": 1758813539984, "cnt": 0, "node": "EU-N17"}, "package_id": "PKG13534", "payload": {"status": "IN_TRANSIT"}, "sent_ts": 1758813534814, "arrival_ts": 1758813534998}
{"action": "recv", "src": "EU-N17", "dst": "AN-N96", "hlc": {"phys": 1758813540385, "cnt": 0, "node": "EU-N17"}, "package_id": "PKG13534", "payload": {"status": "RECEIVED"}, "sent_ts": 1758813535215, "arrival_ts": 1758813535399}
{"action": "recv", "src": "EU-N17", "dst": "AN-N96", "hlc": {"phys": 1758813540787, "cnt": 0, "node": "EU-N17"}, "package_id": "PKG13534", "payload": {"status": "DELIVERED"}, "sent_ts": 1758813535617, "arrival_ts": 1758813535650}
{"action": "recv", "src": "AU-N119", "dst": "AN-N96", "hlc": {"phys": 1758816354698, "cnt": 0, "node": "AU-N119"}, "package_id": "PKG16328", "payload": {"status": "CREATED"}, "sent_ts": 1758816328508, "arrival_ts": 1758816328613}
{"action": "recv", "src": "AU-N119", "dst": "AN-N96", "hlc": {"phys": 1758816355007, "cnt": 0, "node": "AU-N119"}, "package_id": "PKG16328", "payload": {"status": "SENT"}, "sent_ts": 1758816328817, "arrival_ts": 1758816328833}
{"action": "recv", "src": "AU-N119", "dst": "AN-N96", "hlc": {"phys": 1758816355226, "cnt": 0, "node": "AU-N119"}, "package_id": "PKG16328", "payload": {"status": "IN_TRANSIT"}, "sent_ts": 1758816329036, "arrival_ts": 1758816329111}
{"action": "recv", "src": "AU-N119", "dst": "AN-N96", "hlc": {"phys": 1758816355505, "cnt": 0, "node": "AU-N119"}, "package_id": "PKG16328", "payload": {"status": "RECEIVED"}, "sent_ts": 1758816329315, "arrival_ts": 1758816329429}
{"action": "recv", "src": "AU-N119", "dst": "AN-N96", "hlc": {"phys": 1758816355815, "cnt": 0, "node": "AU-N119"}, "package_id": "PKG16328", "payload": {"status": "DELIVERED"}, "sent_ts": 1758816329625, "arrival_ts": 1758816329688}
{"action": "send", "src": "AN-N96", "dst": "NA-N186", "hlc": {"phys": 1758816431272, "cnt": 0, "node": "AN-N96"}, "package_id": "PKG16400", "payload": {"status": "CREATED"}, "sent_ts": 1758816400312, "arrival_ts": 1758816400312}
{"action": "send", "src": "AN-N96", "dst": "NA-N186", "hlc": {"phys": 1758816431614, "cnt": 0, "node": "AN-N96"}, "package_id": "PKG16400", "payload": {"status": "SENT"}, "sent_ts": 1758816400654, "arrival_ts": 1758816400654}
{"action": "send", "src": "AN-N96", "dst": "NA-N186", "hlc": {"phys": 1758816432004, "cnt": 0, "node": "AN-N96"}, "package_id": "PKG16400", "payload": {"status": "IN_TRANSIT"}, "sent_ts": 1758816401044, "arrival_ts": 1758816401044}
{"action": "send", "src": "AN-N96", "dst": "NA-N186", "hlc": {"phys": 1758816432282, "cnt": 0, "node": "AN-N96"}, "package_id": "PKG16400", "payload": {"status": "RECEIVED"}, "sent_ts": 1758816401322, "arrival_ts": 1758816401322}
{"action": "send", "src": "AN-N96", "dst": "NA-N186", "hlc": {"phys": 1758816432610, "cnt": 0, "node": "AN-N96"}, "package_id": "PKG16400", "payload": {"status": "DELIVERED"}, "sent_ts": 1758816401650, "arrival_ts": 1758816401650}
