{"action": "recv", "src": "AS-N97", "dst": "AN-N185", "hlc": {"phys": 1758713492846, "cnt": 0, "node": "AS-N97"}, "package_id": "PKG13481", "payload": {"status": "CREATED"}, "sent_ts": 1758713481876, "arrival_ts": 1758713482028}
{"action": "recv", "src": "AS-N97", "dst": "AN-N185", "hlc": {"phys": 1758713493218, "cnt": 0, "node": "AS-N97"}, "package_id": "PKG13481", "payload": {"status": "SENT"}, "sent_ts": 1758713482248, "arrival_ts": 1758713482441}
{"action": "recv", "src": "AS-N97", "dst": "AN-N185", "hlc": {"phys": 1758713493626, "cnt": 0, "node": "AS-N97"}, "package_id": "PKG13481", "payload": {"status": "IN_TRANSIT"}, "sent_ts": 1758713482656, "arrival_ts": 1758713482841}
{"action": "recv", "src": "AS-N97", "dst": "AN-N185", "hlc": {"phys": 1758713494007, "cnt": 0, "node": "AS-N97"}, "package_id": "PKG13481", "payload": {"status": "RECEIVED"}, "sent_ts": 1758713483037, "arrival_ts": 1758713483077}
{"action": "recv", "src": "AS-N97", "dst": "AN-N185", "hlc": {"phys": 1758713494237, "cnt": 0, "node": "AS-N97"}, "package_id": "PKG13481", "payload": {"status": "DELIVERED"}, "sent_ts": 1758713483267, "arrival_ts": 1758713483458}
{"action": "recv", "src": "NA-N73", "dst": "AN-N185", "hlc": {"phys": 1758714129527, "cnt": 0, "node": "NA-N73"}, "package_id": "PKG14128", "payload": {"status": "CREATED"}, "sent_ts": 1758714128797, "arrival_ts": 1758714128932}
{"action": "recv", "src": "NA-N73", "dst": "AN-N185", "hlc": {"phys": 1758714129861, "cnt": 0, "node": "NA-N73"}, "package_id": "PKG14128", "payload": {"status": "SENT"}, "sent_ts": 1758714129131, "arrival_ts": 1758714129306}
{"action": "recv", "src": "NA-N73", "dst": "AN-N185", "hlc": {"phys": 1758714130243, "cnt": 0, "node": "NA-N73"}, "package_id": "PKG14128", "payload": {"status": "IN_TRANSIT"}, "sent_ts": 1758714129513, "arrival_ts": 1758714129534}
{"action": "recv", "src": "NA-N73", "dst": "AN-N185", "hlc": {"phys": 1758714130466, "cnt": 0, "node": "NA-N73"}, "package_id": "PKG14128", "payload": {"status": "RECEIVED"}, "sent_ts": 1758714129736, "arrival_ts": 1758714129835}
{"action": "recv", "src": "NA-N73", "dst": "AN-N185", "hlc": {"phys": 1758714130769, "cnt": 0, "node": "NA-N73"}, "package_id": "PKG14128", "payload": {"status": "DELIVERED"}, "sent_ts": 1758714130039, "arrival_ts": 1758714130209}
{"action": "recv", "src": "SA-N128", "dst": "AN-N185", "hlc": {"phys": 1758714413901, "cnt": 0, "node": "SA-N128"}, "package_id": "PKG14392", "payload": {"status": "CREATED"}, "sent_ts": 1758714392621, "arrival_ts": 1758714392793}
{"action": "recv", "src": "SA-N128", "dst": "AN-N185", "hlc": {"phys": 1758714414269, "cnt": 0, "node": "SA-N128"}, "package_id": "PKG14392", "payload": {"status": "SENT"}, "sent_ts": 1758714392989, "arrival_ts": 1758714393069}
{"action": "recv", "src": "SA-N128", "dst": "AN-N185", "hlc": {"phys": 1758714414558, "cnt": 0, "node": "SA-N128"}, "package_id": "PKG14392", "payload": {"status": "IN_TRANSIT"}, "sent_ts": 1758714393278, "arrival_ts": 1758714393344}
{"action": "recv", "src": "SA-N128", "dst": "AN-N185", "hlc": {"phys": 1758714414838, "cnt": 0, "node": "SA-N128"}, "package_id": "PKG14392", "payload": {"status": "RECEIVED"}, "sent_ts": 1758714393558, "arrival_ts": 1758714393720}
{"action": "recv", "src": "SA-N128", "dst": "AN-N185", "hlc": {"phys": 1758714415216, "cnt": 0, "node": "SA-N128"}, "package_id": "PKG14392", "payload": {"status": "DELIVERED"}, "sent_ts": 1758714393936, "arrival_ts": 1758714394014}
{"action": "send", "src": "AN-N185", "dst": "NA-N117", "hlc": {"phys": 1758719181173, "cnt": 0, "node": "AN-N185"}, "package_id": "PKG19149", "payload": {"status": "CREATED"}, "sent_ts": 1758719149323, "arrival_ts": 1758719149323}
{"action": "send", "src": "AN-N185", "dst": "NA-N117", "hlc": {"phys": 1758719181564, "cnt": 0, "node": "AN-N185"}, "package_id": "PKG19149", "payload": {"status": "SENT"}, "sent_ts": 1758719149714, "arrival_ts": 1758719149714}
{"action": "send", "src": "AN-N185", "dst": "NA-N117", "hlc": {"phys": 1758719181866, "cnt": 0, "node": "AN-N185"}, "package_id": "PKG19149", "payload": {"status": "IN_TRANSIT"}, "sent_ts": 1758719150016, "arrival_ts": 1758719150016}
{"action": "send", "src": "AN-N185", "dst": "NA-N117", "hlc": {"phys": 1758719182266, "cnt": 0, "node": "AN-N185"}, "package_id": "PKG19149", "payload": {"status": "RECEIVED"}, "sent_ts": 1758719150416, "arrival_ts": 1758719150416}
{"action": "send", "src": "AN-N185", "dst": "NA-N117", "hlc": {"phys": 1758719182565, "cnt": 0, "node": "AN-N185"}, "package_id": "PKG19149", "payload": {"status": "DELIVERED"}, "sent_ts": 1758719150715, "arrival_ts": 1758719150715}
{"action": "recv", "src": "NA-N44", "dst": "AN-N185", "hlc": {"phys": 1758739584158, "cnt": 0, "node": "NA-N44"}, "package_id": "PKG39583", "payload": {"status": "CREATED"}, "sent_ts": 1758739583718, "arrival_ts": 1758739583758}
{"action": "recv", "src": "NA-N44", "dst": "AN-N185", "hlc": {"phys": 1758739584397, "cnt": 0, "node": "NA-N44"}, "package_id": "PKG39583", "payload": {"status": "SENT"}, "sent_ts": 1758739583957, "arrival_ts": 1758739584033}
{"action": "recv", "src": "NA-N44", "dst": "AN-N185", "hlc": {"phys": 1758739584695, "cnt": 0, "node": "NA-N44"}, "package_id": "PKG39583", "payload": {"status": "IN_TRANSIT"}, "sent_ts": 1758739584255, "arrival_ts": 1758739584348}
{"action": "recv", "src": "NA-N44", "dst": "AN-N185", "hlc": {"phys": 1758739584991, "cnt": 0, "node": "NA-N44"}, "package_id": "PKG39583", "payload": {"status": "RECEIVED"}, "sent_ts": 1758739584551, "arrival_ts": 1758739584609}
{"action": "recv", "src": "NA-N44", "dst": "AN-N185", "hlc": {"phys": 1758739585262, "cnt": 0, "node": "NA-N44"}, "package_id": "PKG39583", "payload": {"status": "DELIVERED"}, "sent_ts": 1758739584822, "arrival_ts": 1758739584945}
{"action": "recv", "src": "AF-N119", "dst": "AN-N185", "hlc": {"phys": 1758740941854, "cnt": 0, "node": "AF-N119"}, "package_id": "PKG40925", "payload": {"status": "CREATED"}, "sent_ts": 1758740925664, "arrival_ts": 1758740925822}
{"action": "recv", "src": "AF-N119", "dst": "AN-N185", "hlc": {"phys": 1758740942238, "cnt": 0, "node": "AF-N119"}, "package_id": "PKG40925", "payload": {"status": "SENT"}, "sent_ts": 1758740926048, "arrival_ts": 1758740926113}
{"action": "recv", "src": "AF-N119", "dst": "AN-N185", "hlc": {"phys": 1758740942501, "cnt": 0, "node": "AF-N119"}, "package_id": "PKG40925", "payload": {"status": "IN_TRANSIT"}, "sent_ts": 1758740926311, "arrival_ts": 1758740926508}
{"action": "recv", "src": "AF-N119", "dst": "AN-N185", "hlc": {"phys": 1758740942905, "cnt": 0, "node": "AF-N119"}, "package_id": "PKG40925", "payload": {"status": "RECEIVED"}, "sent_ts": 1758740926715, "arrival_ts": 1758740926728}
{"action": "recv", "src": "AF-N119", "dst": "AN-N185", "hlc": {"phys": 1758740943122, "cnt": 0, "node": "AF-N119"}, "package_id": "PKG40925", "payload": {"status": "DELIVERED"}, "sent_ts": 1758740926932, "arrival_ts": 1758740927034}
{"action": "recv", "src": "EU-N143", "dst": "AN-N185", "hlc": {"phys": 1758744509216, "cnt": 0, "node": "EU-N143"}, "package_id": "PKG44502", "payload": {"status": "CREATED"}, "sent_ts": 1758744502786, "arrival_ts": 1758744502979}
{"action": "recv", "src": "EU-N143", "dst": "AN-N185", "hlc": {"phys": 1758744509626, "cnt": 0, "node": "EU-N143"}, "package_id": "PKG44502", "payload": {"status": "SENT"}, "sent_ts": 1758744503196, "arrival_ts": 1758744503378}
{"action": "recv", "src": "EU-N143", "dst": "AN-N185", "hlc": {"phys": 1758744510016, "cnt": 0, "node": "EU-N143"}, "package_id": "PKG44502", "payload": {"status": "IN_TRANSIT"}, "sent_ts": 1758744503586, "arrival_ts": 1758744503768}
{"action": "recv", "src": "EU-N143", "dst": "AN-N185", "hlc": {"phys": 1758744510411, "cnt": 0, "node": "EU-N143"}, "package_id": "PKG44502", "payload": {"status": "RECEIVED"}, "sent_ts": 1758744503981, "arrival_ts": 1758744504096}
{"action": "recv", "src": "EU-N143", "dst": "AN-N185", "hlc": {"phys": 1758744510726, "cnt": 0, "node": "EU-N143"}, "package_id": "PKG44502", "payload": {"status": "DELIVERED"}, "sent_ts": 1758744504296, "arrival_ts": 1758744504406}
{"action": "send", "src": "AN-N185", "dst": "SA-N22", "hlc": {"phys": 1758744951682, "cnt": 0, "node": "AN-N185"}, "package_id": "PKG44919", "payload": {"status": "CREATED"}, "sent_ts": 1758744919832, "arrival_ts": 1758744919832}
{"action": "send", "src": "AN-N185", "dst": "SA-N22", "hlc": {"phys": 1758744951977, "cnt": 0, "node": "AN-N185"}, "package_id": "PKG44919", "payload": {"status": "SENT"}, "sent_ts": 1758744920127, "arrival_ts": 1758744920127}
{"action": "send", "src": "AN-N185", "dst": "SA-N22", "hlc": {"phys": 1758744952286, "cnt": 0, "node": "AN-N185"}, "package_id": "PKG44919", "payload": {"status": "IN_TRANSIT"}, "sent_ts": 1758744920436, "arrival_ts": 1758744920436}
{"action": "send", "src": "AN-N185", "dst": "SA-N22", "hlc": {"phys": 1758744952549, "cnt": 0, "node": "AN-N185"}, "package_id": "PKG44919", "payload": {"status": "RECEIVED"}, "sent_ts": 1758744920699, "arrival_ts": 1758744920699}
{"action": "send", "src": "AN-N185", "dst": "SA-N22", "hlc": {"phys": 1758744952919, "cnt": 0, "node": "AN-N185"}, "package_id": "PKG44919", "payload": {"status": "DELIVERED"}, "sent_ts": 1758744921069, "arrival_ts": 1758744921069}
{"action": "send", "src": "AN-N185", "dst": "AF-N124", "hlc": {"phys": 1758745866203, "cnt": 0, "node": "AN-N185"}, "package_id": "PKG45834", "payload": {"status": "CREATED"}, "sent_ts": 1758745834353, "arrival_ts": 1758745834353}
{"action": "send", "src": "AN-N185", "dst": "AF-N124", "hlc": {"phys": 1758745866436, "cnt": 0, "node": "AN-N185"}, "package_id": "PKG45834", "payload": {"status": "SENT"}, "sent_ts": 1758745834586, "arrival_ts": 1758745834586}
{"action": "send", "src": "AN-N185", "dst": "AF-N124", "hlc": {"phys": 1758745866839, "cnt": 0, "node": "AN-N185"}, "package_id": "PKG45834", "payload": {"status": "IN_TRANSIT"}, "sent_ts": 1758745834989, "arrival_ts": 1758745834989}
{"action": "send", "src": "AN-N185", "dst": "AF-N124", "hlc": {"phys": 1758745867058, "cnt": 0, "node": "AN-N185"}, "package_id": "PKG45834", "payload": {"status": "RECEIVED"}, "sent_ts": 1758745835207, "arrival_ts": 1758745835208}
{"action": "send", "src": "AN-N185", "dst": "AF-N124", "hlc": {"phys": 1758745867442, "cnt": 0, "node": "AN-N185"}, "package_id": "PKG45834", "payload": {"status": "DELIVERED"}, "sent_ts": 1758745835592, "arrival_ts": 1758745835592}
{"action": "send", "src": "AN-N185", "dst": "EU-N100", "hlc": {"phys": 1758747858469, "cnt": 0, "node": "AN-N185"}, "package_id": "PKG47826", "payload": {"status": "CREATED"}, "sent_ts": 1758747826619, "arrival_ts": 1758747826619}
{"action": "send", "src": "AN-N185", "dst": "EU-N100", "hlc": {"phys": 1758747858785, "cnt": 0, "node": "AN-N185"}, "package_id": "PKG47826", "payload": {"status": "SENT"}, "sent_ts": 1758747826935, "arrival_ts": 1758747826935}
{"action": "send", "src": "AN-N185", "dst": "EU-N100", "hlc": {"phys": 1758747859159, "cnt": 0, "node": "AN-N185"}, "package_id": "PKG47826", "payload": {"status": "IN_TRANSIT"}, "sent_ts": 1758747827309, "arrival_ts": 1758747827309}
{"action": "send", "src": "AN-N185", "dst": "EU-N100", "hlc": {"phys": 1758747859518, "cnt": 0, "node": "AN-N185"}, "package_id": "PKG47826", "payload": {"status": "RECEIVED"}, "sent_ts": 1758747827668, "arrival_ts": 1758747827668}
{"action": "send", "src": "AN-N185", "dst": "EU-N100", "hlc": {"phys": 1758747859828, "cnt": 0, "node": "AN-N185"}, "package_id": "PKG47826", "payload": {"status": "DELIVERED"}, "sent_ts": 1758747827978, "arrival_ts": 1758747827978}
{"action": "send", "src": "AN-N185", "dst": "EU-N199", "hlc": {"phys": 1758748378302, "cnt": 0, "node": "AN-N185"}, "package_id": "PKG48346", "payload": {"status": "CREATED"}, "sent_ts": 1758748346452, "arrival_ts": 1758748346452}
{"action": "send", "src": "AN-N185", "dst": "EU-N199", "hlc": {"phys": 1758748378613, "cnt": 0, "node": "AN-N185"}, "package_id": "PKG48346", "payload": {"status": "SENT"}, "sent_ts": 1758748346763, "arrival_ts": 1758748346763}
{"action": "send", "src": "AN-N185", "dst": "EU-N199", "hlc": {"phys": 1758748379017, "cnt": 0, "node": "AN-N185"}, "package_id": "PKG48346", "payload": {"status": "IN_TRANSIT"}, "sent_ts": 1758748347167, "arrival_ts": 1758748347167}
{"action": "send", "src": "AN-N185", "dst": "EU-N199", "hlc": {"phys": 1758748379419, "cnt": 0, "node": "AN-N185"}, "package_id": "PKG48346", "payload": {"status": "RECEIVED"}, "sent_ts": 1758748347569, "arrival_ts": 1758748347569}
{"action": "send", "src": "AN-N185", "dst": "EU-N199", "hlc": {"phys": 1758748379727, "cnt": 0, "node": "AN-N185"}, "package_id": "PKG48346", "payload": {"status": "DELIVERED"}, "sent_ts": 1758748347877, "arrival_ts": 1758748347877}
{"action": "send", "src": "AN-N185", "dst": "EU-N148", "hlc": {"phys": 1758750156554, "cnt": 0, "node": "AN-N185"}, "package_id": "PKG50124", "payload": {"status": "CREATED"}, "sent_ts": 1758750124704, "arrival_ts": 1758750124704}
{"action": "send", "src": "AN-N185", "dst": "EU-N148", "hlc": {"phys": 1758750156908, "cnt": 0, "node": "AN-N185"}, "package_id": "PKG50124", "payload": {"status": "SENT"}, "sent_ts": 1758750125058, "arrival_ts": 1758750125058}
{"action": "send", "src": "AN-N185", "dst": "EU-N148", "hlc": {"phys": 1758750157171, "cnt": 0, "node": "AN-N185"}, "package_id": "PKG50124", "payload": {"status": "IN_TRANSIT"}, "sent_ts": 1758750125321, "arrival_ts": 1758750125321}
{"action": "send", "src": "AN-N185", "dst": "EU-N148", "hlc": {"phys": 1758750157484, "cnt": 0, "node": "AN-N185"}, "package_id": "PKG50124", "payload": {"status": "RECEIVED"}, "sent_ts": 1758750125634, "arrival_ts": 1758750125634}
{"action": "send", "src": "AN-N185", "dst": "EU-N148", "hlc": {"phys": 1758750157807, "cnt": 0, "node": "AN-N185"}, "package_id": "PKG50124", "payload": {"status": "DELIVERED"}, "sent_ts": 1758750125957, "arrival_ts": 1758750125957}
{"action": "recv", "src": "AS-N71", "dst": "AN-N185", "hlc": {"phys": 1758754661279, "cnt": 0, "node": "AS-N71"}, "package_id": "PKG54650", "payload": {"status": "CREATED"}, "sent_ts": 1758754650569, "arrival_ts": 1758754650757}
{"action": "recv", "src": "AS-N71", "dst": "AN-N185", "hlc": {"phys": 1758754661671, "cnt": 0, "node": "AS-N71"}, "package_id": "PKG54650", "payload": {"status": "SENT"}, "sent_ts": 1758754650961, "arrival_ts": 1758754650980}
{"action": "recv", "src": "AS-N71", "dst": "AN-N185", "hlc": {"phys": 1758754661899, "cnt": 0, "node": "AS-N71"}, "package_id": "PKG54650", "payload": {"status": "IN_TRANSIT"}, "sent_ts": 1758754651189, "arrival_ts": 1758754651386}
{"action": "recv", "src": "AS-N71", "dst": "AN-N185", "hlc": {"phys": 1758754662294, "cnt": 0, "node": "AS-N71"}, "package_id": "PKG54650", "payload": {"status": "RECEIVED"}, "sent_ts": 1758754651584, "arrival_ts": 1758754651762}
{"action": "recv", "src": "AS-N71", "dst": "AN-N185", "hlc": {"phys": 1758754662679, "cnt": 0, "node": "AS-N71"}, "package_id": "PKG54650", "payload": {"status": "DELIVERED"}, "sent_ts": 1758754651969, "arrival_ts": 1758754652119}
{"action": "recv", "src": "AN-N2", "dst": "AN-N185", "hlc": {"phys": 1758755832792, "cnt": 0, "node": "AN-N2"}, "package_id": "PKG55802", "payload": {"status": "CREATED"}, "sent_ts": 1758755802772, "arrival_ts": 1758755802943}
{"action": "recv", "src": "AN-N2", "dst": "AN-N185", "hlc": {"phys": 1758755833184, "cnt": 0, "node": "AN-N2"}, "package_id": "PKG55802", "payload": {"status": "SENT"}, "sent_ts": 1758755803164, "arrival_ts": 1758755803352}
{"action": "recv", "src": "AN-N2", "dst": "AN-N185", "hlc": {"phys": 1758755833590, "cnt": 0, "node": "AN-N2"}, "package_id": "PKG55802", "payload": {"status": "IN_TRANSIT"}, "sent_ts": 1758755803570, "arrival_ts": 1758755803597}
{"action": "recv", "src": "AN-N2", "dst": "AN-N185", "hlc": {"phys": 1758755833822, "cnt": 0, "node": "AN-N2"}, "package_id": "PKG55802", "payload": {"status": "RECEIVED"}, "sent_ts": 1758755803802, "arrival_ts": 1758755803912}
{"action": "recv", "src": "AN-N2", "dst": "AN-N185", "hlc": {"phys": 1758755834128, "cnt": 0, "node": "AN-N2"}, "package_id": "PKG55802", "payload": {"status": "DELIVERED"}, "sent_ts": 1758755804108, "arrival_ts": 1758755804230}
{"action": "send", "src": "AN-N185", "dst": "AS-N102", "hlc": {"phys": 1758760358527, "cnt": 0, "node": "AN-N185"}, "package_id": "PKG60326", "payload": {"status": "CREATED"}, "sent_ts": 1758760326677, "arrival_ts": 1758760326677}
{"action": "send", "src": "AN-N185", "dst": "AS-N102", "hlc": {"phys": 1758760358768, "cnt": 0, "node": "AN-N185"}, "package_id": "PKG60326", "payload": {"status": "SENT"}, "sent_ts": 1758760326918, "arrival_ts": 1758760326918}
{"action": "send", "src": "AN-N185", "dst": "AS-N102", "hlc": {"phys": 1758760359130, "cnt": 0, "node": "AN-N185"}, "package_id": "PKG60326", "payload": {"status": "IN_TRANSIT"}, "sent_ts": 1758760327280, "arrival_ts": 1758760327280}
{"action": "send", "src": "AN-N185", "dst": "AS-N102", "hlc": {"phys": 1758760359360, "cnt": 0, "node": "AN-N185"}, "package_id": "PKG60326", "payload": {"status": "RECEIVED"}, "sent_ts": 1758760327510, "arrival_ts": 1758760327510}
{"action": "send", "src": "AN-N185", "dst": "AS-N102", "hlc": {"phys": 1758760359673, "cnt": 0, "node": "AN-N185"}, "package_id": "PKG60326", "payload": {"status": "DELIVERED"}, "sent_ts": 1758760327823, "arrival_ts": 1758760327823}
{"action": "recv", "src": "AS-N104", "dst": "AN-N185", "hlc": {"phys": 1758760713832, "cnt": 0, "node": "AS-N104"}, "package_id": "PKG60702", "payload": {"status": "CREATED"}, "sent_ts": 1758760702792, "arrival_ts": 1758760702862}
{"action": "recv", "src": "AS-N104", "dst": "AN-N185", "hlc": {"phys": 1758760714111, "cnt": 0, "node": "AS-N104"}, "package_id": "PKG60702", "payload": {"status": "SENT"}, "sent_ts": 1758760703070, "arrival_ts": 1758760703249}
{"action": "recv", "src": "AS-N104", "dst": "AN-N185", "hlc": {"phys": 1758760714498, "cnt": 0, "node": "AS-N104"}, "package_id": "PKG60702", "payload": {"status": "IN_TRANSIT"}, "sent_ts": 1758760703458, "arrival_ts": 1758760703564}
{"action": "recv", "src": "AS-N104", "dst": "AN-N185", "hlc": {"phys": 1758760714820, "cnt": 0, "node": "AS-N104"}, "package_id": "PKG60702", "payload": {"status": "RECEIVED"}, "sent_ts": 1758760703780, "arrival_ts": 1758760703909}
{"action": "recv", "src": "AS-N104", "dst": "AN-N185", "hlc": {"phys": 1758760715163, "cnt": 0, "node": "AS-N104"}, "package_id": "PKG60702", "payload": {"status": "DELIVERED"}, "sent_ts": 1758760704123, "arrival_ts": 1758760704134}
{"action": "recv", "src": "NA-N61", "dst": "AN-N185", "hlc": {"phys": 1758760710982, "cnt": 0, "node": "NA-N61"}, "package_id": "PKG60710", "payload": {"status": "CREATED"}, "sent_ts": 1758760710372, "arrival_ts": 1758760710519}
{"action": "recv", "src": "NA-N61", "dst": "AN-N185", "hlc": {"phys": 1758760711337, "cnt": 0, "node": "NA-N61"}, "package_id": "PKG60710", "payload": {"status": "SENT"}, "sent_ts": 1758760710727, "arrival_ts": 1758760710901}
{"action": "recv", "src": "NA-N61", "dst": "AN-N185", "hlc": {"phys": 1758760711709, "cnt": 0, "node": "NA-N61"}, "package_id": "PKG60710", "payload": {"status": "IN_TRANSIT"}, "sent_ts": 1758760711099, "arrival_ts": 1758760711152}
{"action": "recv", "src": "NA-N61", "dst": "AN-N185", "hlc": {"phys": 1758760711956, "cnt": 0, "node": "NA-N61"}, "package_id": "PKG60710", "payload": {"status": "RECEIVED"}, "sent_ts": 1758760711346, "arrival_ts": 1758760711533}
{"action": "recv", "src": "NA-N61", "dst": "AN-N185", "hlc": {"phys": 1758760712343, "cnt": 0, "node": "NA-N61"}, "package_id": "PKG60710", "payload": {"status": "DELIVERED"}, "sent_ts": 1758760711733, "arrival_ts": 1758760711832}
{"action": "recv", "src": "AN-N38", "dst": "AN-N185", "hlc": {"phys": 1758760958397, "cnt": 0, "node": "AN-N38"}, "package_id": "PKG60928", "payload": {"status": "CREATED"}, "sent_ts": 1758760928017, "arrival_ts": 1758760928114}
{"action": "recv", "src": "AN-N38", "dst": "AN-N185", "hlc": {"phys": 1758760958714, "cnt": 0, "node": "AN-N38"}, "package_id": "PKG60928", "payload": {"status": "SENT"}, "sent_ts": 1758760928334, "arrival_ts": 1758760928388}
{"action": "recv", "src": "AN-N38", "dst": "AN-N185", "hlc": {"phys": 1758760958967, "cnt": 0, "node": "AN-N38"}, "package_id": "PKG60928", "payload": {"status": "IN_TRANSIT"}, "sent_ts": 1758760928587, "arrival_ts": 1758760928651}
{"action": "recv", "src": "AN-N38", "dst": "AN-N185", "hlc": {"phys": 1758760959238, "cnt": 0, "node": "AN-N38"}, "package_id": "PKG60928", "payload": {"status": "RECEIVED"}, "sent_ts": 1758760928858, "arrival_ts": 1758760928980}
{"action": "recv", "src": "AN-N38", "dst": "AN-N185", "hlc": {"phys": 1758760959565, "cnt": 0, "node": "AN-N38"}, "package_id": "PKG60928", "payload": {"status": "DELIVERED"}, "sent_ts": 1758760929184, "arrival_ts": 1758760929254}
{"action": "send", "src": "AN-N185", "dst": "AN-N74", "hlc": {"phys": 1758761226581, "cnt": 0, "node": "AN-N185"}, "package_id": "PKG61194", "payload": {"status": "CREATED"}, "sent_ts": 1758761194731, "arrival_ts": 1758761194731}
{"action": "send", "src": "AN-N185", "dst": "AN-N74", "hlc": {"phys": 1758761226841, "cnt": 0, "node": "AN-N185"}, "package_id": "PKG61194", "payload": {"status": "SENT"}, "sent_ts": 1758761194991, "arrival_ts": 1758761194991}
{"action": "send", "src": "AN-N185", "dst": "AN-N74", "hlc": {"phys": 1758761227253, "cnt": 0, "node": "AN-N185"}, "package_id": "PKG61194", "payload": {"status": "IN_TRANSIT"}, "sent_ts": 1758761195403, "arrival_ts": 1758761195403}
{"action": "send", "src": "AN-N185", "dst": "AN-N74", "hlc": {"phys": 1758761227544, "cnt": 0, "node": "AN-N185"}, "package_id": "PKG61194", "payload": {"status": "RECEIVED"}, "sent_ts": 1758761195694, "arrival_ts": 1758761195694}
{"action": "send", "src": "AN-N185", "dst": "AN-N74", "hlc": {"phys": 1758761227757, "cnt": 0, "node": "AN-N185"}, "package_id": "PKG61194", "payload": {"status": "DELIVERED"}, "sent_ts": 1758761195907, "arrival_ts": 1758761195907}
{"action": "send", "src": "AN-N185", "dst": "EU-N174", "hlc": {"phys": 1758761319384, "cnt": 0, "node": "AN-N185"}, "package_id": "PKG61287", "payload": {"status": "CREATED"}, "sent_ts": 1758761287534, "arrival_ts": 1758761287534}
{"action": "send", "src": "AN-N185", "dst": "EU-N174", "hlc": {"phys": 1758761319650, "cnt": 0, "node": "AN-N185"}, "package_id": "PKG61287", "payload": {"status": "SENT"}, "sent_ts": 1758761287800, "arrival_ts": 1758761287800}
{"action": "send", "src": "AN-N185", "dst": "EU-N174", "hlc": {"phys": 1758761319957, "cnt": 0, "node": "AN-N185"}, "package_id": "PKG61287", "payload": {"status": "IN_TRANSIT"}, "sent_ts": 1758761288107, "arrival_ts": 1758761288107}
{"action": "send", "src": "AN-N185", "dst": "EU-N174", "hlc": {"phys": 1758761320342, "cnt": 0, "node": "AN-N185"}, "package_id": "PKG61287", "payload": {"status": "RECEIVED"}, "sent_ts": 1758761288492, "arrival_ts": 1758761288493}
{"action": "send", "src": "AN-N185", "dst": "EU-N174", "hlc": {"phys": 1758761320611, "cnt": 0, "node": "AN-N185"}, "package_id": "PKG61287", "payload": {"status": "DELIVERED"}, "sent_ts": 1758761288761, "arrival_ts": 1758761288761}
{"action": "recv", "src": "AN-N124", "dst": "AN-N185", "hlc": {"phys": 1758761858862, "cnt": 0, "node": "AN-N124"}, "package_id": "PKG61827", "payload": {"status": "CREATED"}, "sent_ts": 1758761827622, "arrival_ts": 1758761827737}
{"action": "recv", "src": "AN-N124", "dst": "AN-N185", "hlc": {"phys": 1758761859185, "cnt": 0, "node": "AN-N124"}, "package_id": "PKG61827", "payload": {"status": "SENT"}, "sent_ts": 1758761827945, "arrival_ts": 1758761827957}
{"action": "recv", "src": "AN-N124", "dst": "AN-N185", "hlc": {"phys": 1758761859396, "cnt": 0, "node": "AN-N124"}, "package_id": "PKG61827", "payload": {"status": "IN_TRANSIT"}, "sent_ts": 1758761828156, "arrival_ts": 1758761828357}
{"action": "recv", "src": "AN-N124", "dst": "AN-N185", "hlc": {"phys": 1758761859803, "cnt": 0, "node": "AN-N124"}, "package_id": "PKG61827", "payload": {"status": "RECEIVED"}, "sent_ts": 1758761828563, "arrival_ts": 1758761828719}
{"action": "recv", "src": "AN-N124", "dst": "AN-N185", "hlc": {"phys": 1758761860174, "cnt": 0, "node": "AN-N124"}, "package_id": "PKG61827", "payload": {"status": "DELIVERED"}, "sent_ts": 1758761828934, "arrival_ts": 1758761829063}
{"action": "recv", "src": "AU-N49", "dst": "AN-N185", "hlc": {"phys": 1758800548811, "cnt": 0, "node": "AU-N49"}, "package_id": "PKG523", "payload": {"status": "CREATED"}, "sent_ts": 1758800523321, "arrival_ts": 1758800523394}
{"action": "recv", "src": "AU-N49", "dst": "AN-N185", "hlc": {"phys": 1758800549103, "cnt": 0, "node": "AU-N49"}, "package_id": "PKG523", "payload": {"status": "SENT"}, "sent_ts": 1758800523613, "arrival_ts": 1758800523708}
{"action": "recv", "src": "AU-N49", "dst": "AN-N185", "hlc": {"phys": 1758800549405, "cnt": 0, "node": "AU-N49"}, "package_id": "PKG523", "payload": {"status": "IN_TRANSIT"}, "sent_ts": 1758800523915, "arrival_ts": 1758800524025}
{"action": "recv", "src": "AU-N49", "dst": "AN-N185", "hlc": {"phys": 1758800549721, "cnt": 0, "node": "AU-N49"}, "package_id": "PKG523", "payload": {"status": "RECEIVED"}, "sent_ts": 1758800524231, "arrival_ts": 1758800524374}
{"action": "recv", "src": "AU-N49", "dst": "AN-N185", "hlc": {"phys": 1758800550081, "cnt": 0, "node": "AU-N49"}, "package_id": "PKG523", "payload": {"status": "DELIVERED"}, "sent_ts": 1758800524591, "arrival_ts": 1758800524751}
{"action": "send", "src": "AN-N185", "dst": "NA-N63", "hlc": {"phys": 1758805167210, "cnt": 0, "node": "AN-N185"}, "package_id": "PKG5135", "payload": {"status": "CREATED"}, "sent_ts": 1758805135360, "arrival_ts": 1758805135360}
{"action": "send", "src": "AN-N185", "dst": "NA-N63", "hlc": {"phys": 1758805167611, "cnt": 0, "node": "AN-N185"}, "package_id": "PKG5135", "payload": {"status": "SENT"}, "sent_ts": 1758805135761, "arrival_ts": 1758805135761}
{"action": "send", "src": "AN-N185", "dst": "NA-N63", "hlc": {"phys": 1758805167888, "cnt": 0, "node": "AN-N185"}, "package_id": "PKG5135", "payload": {"status": "IN_TRANSIT"}, "sent_ts": 1758805136038, "arrival_ts": 1758805136038}
{"action": "send", "src": "AN-N185", "dst": "NA-N63", "hlc": {"phys": 1758805168263, "cnt": 0, "node": "AN-N185"}, "package_id": "PKG5135", "payload": {"status": "RECEIVED"}, "sent_ts": 1758805136413, "arrival_ts": 1758805136413}
{"action": "send", "src": "AN-N185", "dst": "NA-N63", "hlc": {"phys": 1758805168666, "cnt": 0, "node": "AN-N185"}, "package_id": "PKG5135", "payload": {"status": "DELIVERED"}, "sent_ts": 1758805136816, "arrival_ts": 1758805136816}
{"action": "send", "src": "AN-N185", "dst": "EU-N141", "hlc": {"phys": 1758810761062, "cnt": 0, "node": "AN-N185"}, "package_id": "PKG10729", "payload": {"status": "CREATED"}, "sent_ts": 1758810729212, "arrival_ts": 1758810729212}
{"action": "send", "src": "AN-N185", "dst": "EU-N141", "hlc": {"phys": 1758810761325, "cnt": 0, "node": "AN-N185"}, "package_id": "PKG10729", "payload": {"status": "SENT"}, "sent_ts": 1758810729475, "arrival_ts": 1758810729475}
{"action": "send", "src": "AN-N185", "dst": "EU-N141", "hlc": {"phys": 1758810761588, "cnt": 0, "node": "AN-N185"}, "package_id": "PKG10729", "payload": {"status": "IN_TRANSIT"}, "sent_ts": 1758810729738, "arrival_ts": 1758810729738}
{"action": "send", "src": "AN-N185", "dst": "EU-N141", "hlc": {"phys": 1758810761869, "cnt": 0, "node": "AN-N185"}, "package_id": "PKG10729", "payload": {"status": "RECEIVED"}, "sent_ts": 1758810730019, "arrival_ts": 1758810730019}
{"action": "send", "src": "AN-N185", "dst": "EU-N141", "hlc": {"phys": 1758810762149, "cnt": 0, "node": "AN-N185"}, "package_id": "PKG10729", "payload": {"status": "DELIVERED"}, "sent_ts": 1758810730299, "arrival_ts": 1758810730299}
{"action": "recv", "src": "AN-N159", "dst": "AN-N185", "hlc": {"phys": 1758812424426, "cnt": 0, "node": "AN-N159"}, "package_id": "PKG12392", "payload": {"status": "CREATED"}, "sent_ts": 1758812392836, "arrival_ts": 1758812392922}
{"action": "recv", "src": "AN-N159", "dst": "AN-N185", "hlc": {"phys": 1758812424724, "cnt": 0, "node": "AN-N159"}, "package_id": "PKG12392", "payload": {"status": "SENT"}, "sent_ts": 1758812393134, "arrival_ts": 1758812393332}
{"action": "recv", "src": "AN-N159", "dst": "AN-N185", "hlc": {"phys": 1758812425143, "cnt": 0, "node": "AN-N159"}, "package_id": "PKG12392", "payload": {"status": "IN_TRANSIT"}, "sent_ts": 1758812393553, "arrival_ts": 1758812393716}
{"action": "recv", "src": "AN-N159", "dst": "AN-N185", "hlc": {"phys": 1758812425501, "cnt": 0, "node": "AN-N159"}, "package_id": "PKG12392", "payload": {"status": "RECEIVED"}, "sent_ts": 1758812393911, "arrival_ts": 1758812393928}
{"action": "recv", "src": "AN-N159", "dst": "AN-N185", "hlc": {"phys": 1758812425718, "cnt": 0, "node": "AN-N159"}, "package_id": "PKG12392", "payload": {"status": "DELIVERED"}, "sent_ts": 1758812394128, "arrival_ts": 1758812394179}
{"action": "send", "src": "AN-N185", "dst": "AU-N26", "hlc": {"phys": 1758813161621, "cnt": 0, "node": "AN-N185"}, "package_id": "PKG13129", "payload": {"status": "CREATED"}, "sent_ts": 1758813129771, "arrival_ts": 1758813129771}
{"action": "send", "src": "AN-N185", "dst": "AU-N26", "hlc": {"phys": 1758813161839, "cnt": 0, "node": "AN-N185"}, "package_id": "PKG13129", "payload": {"status": "SENT"}, "sent_ts": 1758813129989, "arrival_ts": 1758813129989}
{"action": "send", "src": "AN-N185", "dst": "AU-N26", "hlc": {"phys": 1758813162118, "cnt": 0, "node": "AN-N185"}, "package_id": "PKG13129", "payload": {"status": "IN_TRANSIT"}, "sent_ts": 1758813130268, "arrival_ts": 1758813130268}
{"action": "send", "src": "AN-N185", "dst": "AU-N26", "hlc": {"phys": 1758813162367, "cnt": 0, "node": "AN-N185"}, "package_id": "PKG13129", "payload": {"status": "RECEIVED"}, "sent_ts": 1758813130517, "arrival_ts": 1758813130517}
{"action": "send", "src": "AN-N185", "dst": "AU-N26", "hlc": {"phys": 1758813162633, "cnt": 0, "node": "AN-N185"}, "package_id": "PKG13129", "payload": {"status": "DELIVERED"}, "sent_ts": 1758813130783, "arrival_ts": 1758813130783}
{"action": "recv", "src": "EU-N115", "dst": "AN-N185", "hlc": {"phys": 1758814231158, "cnt": 0, "node": "EU-N115"}, "package_id": "PKG14225", "payload": {"status": "CREATED"}, "sent_ts": 1758814225008, "arrival_ts": 1758814225138}
{"action": "recv", "src": "EU-N115", "dst": "AN-N185", "hlc": {"phys": 1758814231500, "cnt": 0, "node": "EU-N115"}, "package_id": "PKG14225", "payload": {"status": "SENT"}, "sent_ts": 1758814225350, "arrival_ts": 1758814225527}
{"action": "recv", "src": "EU-N115", "dst": "AN-N185", "hlc": {"phys": 1758814231875, "cnt": 0, "node": "EU-N115"}, "package_id": "PKG14225", "payload": {"status": "IN_TRANSIT"}, "sent_ts": 1758814225725, "arrival_ts": 1758814225924}
{"action": "recv", "src": "EU-N115", "dst": "AN-N185", "hlc": {"phys": 1758814232280, "cnt": 0, "node": "EU-N115"}, "package_id": "PKG14225", "payload": {"status": "RECEIVED"}, "sent_ts": 1758814226130, "arrival_ts": 1758814226279}
{"action": "recv", "src": "EU-N115", "dst": "AN-N185", "hlc": {"phys": 1758814232636, "cnt": 0, "node": "EU-N115"}, "package_id": "PKG14225", "payload": {"status": "DELIVERED"}, "sent_ts": 1758814226486, "arrival_ts": 1758814226622}
{"action": "send", "src": "AN-N185", "dst": "EU-N179", "hlc": {"phys": 1758815345869, "cnt": 0, "node": "AN-N185"}, "package_id": "PKG15314", "payload": {"status": "CREATED"}, "sent_ts": 1758815314019, "arrival_ts": 1758815314019}
{"action": "send", "src": "AN-N185", "dst": "EU-N179", "hlc": {"phys": 1758815346182, "cnt": 0, "node": "AN-N185"}, "package_id": "PKG15314", "payload": {"status": "SENT"}, "sent_ts": 1758815314332, "arrival_ts": 1758815314332}
{"action": "send", "src": "AN-N185", "dst": "EU-N179", "hlc": {"phys": 1758815346492, "cnt": 0, "node": "AN-N185"}, "package_id": "PKG15314", "payload": {"status": "IN_TRANSIT"}, "sent_ts": 1758815314642, "arrival_ts": 1758815314642}
{"action": "send", "src": "AN-N185", "dst": "EU-N179", "hlc": {"phys": 1758815346804, "cnt": 0, "node": "AN-N185"}, "package_id": "PKG15314", "payload": {"status": "RECEIVED"}, "sent_ts": 1758815314954, "arrival_ts": 1758815314954}
{"action": "send", "src": "AN-N185", "dst": "EU-N179", "hlc": {"phys": 1758815347006, "cnt": 0, "node": "AN-N185"}, "package_id": "PKG15314", "payload": {"status": "DELIVERED"}, "sent_ts": 1758815315156, "arrival_ts": 1758815315156}
