{"action": "recv", "src": "SA-N176", "dst": "AN-N120", "hlc": {"phys": 1758714427449, "cnt": 0, "node": "SA-N176"}, "package_id": "PKG14405", "payload": {"status": "CREATED"}, "sent_ts": 1758714405689, "arrival_ts": 1758714405808}
{"action": "recv", "src": "SA-N176", "dst": "AN-N120", "hlc": {"phys": 1758714427771, "cnt": 0, "node": "SA-N176"}, "package_id": "PKG14405", "payload": {"status": "SENT"}, "sent_ts": 1758714406011, "arrival_ts": 1758714406208}
{"action": "recv", "src": "SA-N176", "dst": "AN-N120", "hlc": {"phys": 1758714428163, "cnt": 0, "node": "SA-N176"}, "package_id": "PKG14405", "payload": {"status": "IN_TRANSIT"}, "sent_ts": 1758714406403, "arrival_ts": 1758714406454}
{"action": "recv", "src": "SA-N176", "dst": "AN-N120", "hlc": {"phys": 1758714428417, "cnt": 0, "node": "SA-N176"}, "package_id": "PKG14405", "payload": {"status": "RECEIVED"}, "sent_ts": 1758714406657, "arrival_ts": 1758714406796}
{"action": "recv", "src": "SA-N176", "dst": "AN-N120", "hlc": {"phys": 1758714428752, "cnt": 0, "node": "SA-N176"}, "package_id": "PKG14405", "payload": {"status": "DELIVERED"}, "sent_ts": 1758714406992, "arrival_ts": 1758714407007}
{"action": "recv", "src": "AN-N27", "dst": "AN-N120", "hlc": {"phys": 1758714547576, "cnt": 0, "node": "AN-N27"}, "package_id": "PKG14517", "payload": {"status": "CREATED"}, "sent_ts": 1758714517306, "arrival_ts": 1758714517372}
{"action": "recv", "src": "AN-N27", "dst": "AN-N120", "hlc": {"phys": 1758714547842, "cnt": 0, "node": "AN-N27"}, "package_id": "PKG14517", "payload": {"status": "SENT"}, "sent_ts": 1758714517572, "arrival_ts": 1758714517676}
{"action": "recv", "src": "AN-N27", "dst": "AN-N120", "hlc": {"phys": 1758714548149, "cnt": 0, "node": "AN-N27"}, "package_id": "PKG14517", "payload": {"status": "IN_TRANSIT"}, "sent_ts": 1758714517879, "arrival_ts": 1758714517893}
{"action": "recv", "src": "AN-N27", "dst": "AN-N120", "hlc": {"phys": 1758714548374, "cnt": 0, "node": "AN-N27"}, "package_id": "PKG14517", "payload": {"status": "RECEIVED"}, "sent_ts": 1758714518104, "arrival_ts": 1758714518176}
{"action": "recv", "src": "AN-N27", "dst": "AN-N120", "hlc": {"phys": 1758714548649, "cnt": 0, "node": "AN-N27"}, "package_id": "PKG14517", "payload": {"status": "DELIVERED"}, "sent_ts": 1758714518379, "arrival_ts": 1758714518485}
{"action": "send", "src": "AN-N120", "dst": "EU-N106", "hlc": {"phys": 1758716568294, "cnt": 0, "node": "AN-N120"}, "package_id": "PKG16537", "payload": {"status": "CREATED"}, "sent_ts": 1758716537094, "arrival_ts": 1758716537094}
{"action": "send", "src": "AN-N120", "dst": "EU-N106", "hlc": {"phys": 1758716568654, "cnt": 0, "node": "AN-N120"}, "package_id": "PKG16537", "payload": {"status": "SENT"}, "sent_ts": 1758716537454, "arrival_ts": 1758716537454}
{"action": "send", "src": "AN-N120", "dst": "EU-N106", "hlc": {"phys": 1758716568920, "cnt": 0, "node": "AN-N120"}, "package_id": "PKG16537", "payload": {"status": "IN_TRANSIT"}, "sent_ts": 1758716537720, "arrival_ts": 1758716537720}
{"action": "send", "src": "AN-N120", "dst": "EU-N106", "hlc": {"phys": 1758716569198, "cnt": 0, "node": "AN-N120"}, "package_id": "PKG16537", "payload": {"status": "RECEIVED"}, "sent_ts": 1758716537998, "arrival_ts": 1758716537998}
{"action": "send", "src": "AN-N120", "dst": "EU-N106", "hlc": {"phys": 1758716569437, "cnt": 0, "node": "AN-N120"}, "package_id": "PKG16537", "payload": {"status": "DELIVERED"}, "sent_ts": 1758716538237, "arrival_ts": 1758716538237}
{"action": "recv", "src": "AU-N176", "dst": "AN-N120", "hlc": {"phys": 1758719469065, "cnt": 0, "node": "AU-N176"}, "package_id": "PKG19442", "payload": {"status": "CREATED"}, "sent_ts": 1758719442305, "arrival_ts": 1758719442497}
{"action": "recv", "src": "AU-N176", "dst": "AN-N120", "hlc": {"phys": 1758719469437, "cnt": 0, "node": "AU-N176"}, "package_id": "PKG19442", "payload": {"status": "SENT"}, "sent_ts": 1758719442677, "arrival_ts": 1758719442733}
{"action": "recv", "src": "AU-N176", "dst": "AN-N120", "hlc": {"phys": 1758719469702, "cnt": 0, "node": "AU-N176"}, "package_id": "PKG19442", "payload": {"status": "IN_TRANSIT"}, "sent_ts": 1758719442942, "arrival_ts": 1758719443107}
{"action": "recv", "src": "AU-N176", "dst": "AN-N120", "hlc": {"phys": 1758719470063, "cnt": 0, "node": "AU-N176"}, "package_id": "PKG19442", "payload": {"status": "RECEIVED"}, "sent_ts": 1758719443303, "arrival_ts": 1758719443503}
{"action": "recv", "src": "AU-N176", "dst": "AN-N120", "hlc": {"phys": 1758719470473, "cnt": 0, "node": "AU-N176"}, "package_id": "PKG19442", "payload": {"status": "DELIVERED"}, "sent_ts": 1758719443713, "arrival_ts": 1758719443734}
{"action": "send", "src": "AN-N120", "dst": "AU-N79", "hlc": {"phys": 1758742262040, "cnt": 0, "node": "AN-N120"}, "package_id": "PKG42230", "payload": {"status": "CREATED"}, "sent_ts": 1758742230840, "arrival_ts": 1758742230840}
{"action": "send", "src": "AN-N120", "dst": "AU-N79", "hlc": {"phys": 1758742262318, "cnt": 0, "node": "AN-N120"}, "package_id": "PKG42230", "payload": {"status": "SENT"}, "sent_ts": 1758742231118, "arrival_ts": 1758742231118}
{"action": "send", "src": "AN-N120", "dst": "AU-N79", "hlc": {"phys": 1758742262628, "cnt": 0, "node": "AN-N120"}, "package_id": "PKG42230", "payload": {"status": "IN_TRANSIT"}, "sent_ts": 1758742231428, "arrival_ts": 1758742231428}
{"action": "send", "src": "AN-N120", "dst": "AU-N79", "hlc": {"phys": 1758742263022, "cnt": 0, "node": "AN-N120"}, "package_id": "PKG42230", "payload": {"status": "RECEIVED"}, "sent_ts": 1758742231822, "arrival_ts": 1758742231822}
{"action": "send", "src": "AN-N120", "dst": "AU-N79", "hlc": {"phys": 1758742263380, "cnt": 0, "node": "AN-N120"}, "package_id": "PKG42230", "payload": {"status": "DELIVERED"}, "sent_ts": 1758742232180, "arrival_ts": 1758742232180}
{"action": "recv", "src": "AF-N175", "dst": "AN-N120", "hlc": {"phys": 1758743152916, "cnt": 0, "node": "AF-N175"}, "package_id": "PKG43136", "payload": {"status": "CREATED"}, "sent_ts": 1758743136166, "arrival_ts": 1758743136333}
{"action": "recv", "src": "AF-N175", "dst": "AN-N120", "hlc": {"phys": 1758743153287, "cnt": 0, "node": "AF-N175"}, "package_id": "PKG43136", "payload": {"status": "SENT"}, "sent_ts": 1758743136537, "arrival_ts": 1758743136714}
{"action": "recv", "src": "AF-N175", "dst": "AN-N120", "hlc": {"phys": 1758743153656, "cnt": 0, "node": "AF-N175"}, "package_id": "PKG43136", "payload": {"status": "IN_TRANSIT"}, "sent_ts": 1758743136906, "arrival_ts": 1758743137064}
{"action": "recv", "src": "AF-N175", "dst": "AN-N120", "hlc": {"phys": 1758743154026, "cnt": 0, "node": "AF-N175"}, "package_id": "PKG43136", "payload": {"status": "RECEIVED"}, "sent_ts": 1758743137276, "arrival_ts": 1758743137375}
{"action": "recv", "src": "AF-N175", "dst": "AN-N120", "hlc": {"phys": 1758743154335, "cnt": 0, "node": "AF-N175"}, "package_id": "PKG43136", "payload": {"status": "DELIVERED"}, "sent_ts": 1758743137585, "arrival_ts": 1758743137627}
{"action": "recv", "src": "AN-N27", "dst": "AN-N120", "hlc": {"phys": 1758747099711, "cnt": 0, "node": "AN-N27"}, "package_id": "PKG47069", "payload": {"status": "CREATED"}, "sent_ts": 1758747069441, "arrival_ts": 1758747069531}
{"action": "recv", "src": "AN-N27", "dst": "AN-N120", "hlc": {"phys": 1758747100008, "cnt": 0, "node": "AN-N27"}, "package_id": "PKG47069", "payload": {"status": "SENT"}, "sent_ts": 1758747069738, "arrival_ts": 1758747069833}
{"action": "recv", "src": "AN-N27", "dst": "AN-N120", "hlc": {"phys": 1758747100301, "cnt": 0, "node": "AN-N27"}, "package_id": "PKG47069", "payload": {"status": "IN_TRANSIT"}, "sent_ts": 1758747070031, "arrival_ts": 1758747070067}
{"action": "recv", "src": "AN-N27", "dst": "AN-N120", "hlc": {"phys": 1758747100548, "cnt": 0, "node": "AN-N27"}, "package_id": "PKG47069", "payload": {"status": "RECEIVED"}, "sent_ts": 1758747070278, "arrival_ts": 1758747070333}
{"action": "recv", "src": "AN-N27", "dst": "AN-N120", "hlc": {"phys": 1758747100812, "cnt": 0, "node": "AN-N27"}, "package_id": "PKG47069", "payload": {"status": "DELIVERED"}, "sent_ts": 1758747070542, "arrival_ts": 1758747070693}
{"action": "send", "src": "AN-N120", "dst": "AU-N67", "hlc": {"phys": 1758747514417, "cnt": 0, "node": "AN-N120"}, "package_id": "PKG47483", "payload": {"status": "CREATED"}, "sent_ts": 1758747483217, "arrival_ts": 1758747483217}
{"action": "send", "src": "AN-N120", "dst": "AU-N67", "hlc": {"phys": 1758747514675, "cnt": 0, "node": "AN-N120"}, "package_id": "PKG47483", "payload": {"status": "SENT"}, "sent_ts": 1758747483475, "arrival_ts": 1758747483475}
{"action": "send", "src": "AN-N120", "dst": "AU-N67", "hlc": {"phys": 1758747515062, "cnt": 0, "node": "AN-N120"}, "package_id": "PKG47483", "payload": {"status": "IN_TRANSIT"}, "sent_ts": 1758747483862, "arrival_ts": 1758747483862}
{"action": "send", "src": "AN-N120", "dst": "AU-N67", "hlc": {"phys": 1758747515375, "cnt": 0, "node": "AN-N120"}, "package_id": "PKG47483", "payload": {"status": "RECEIVED"}, "sent_ts": 1758747484175, "arrival_ts": 1758747484175}
{"action": "send", "src": "AN-N120", "dst": "AU-N67", "hlc": {"phys": 1758747515740, "cnt": 0, "node": "AN-N120"}, "package_id": "PKG47483", "payload": {"status": "DELIVERED"}, "sent_ts": 1758747484540, "arrival_ts": 1758747484540}
{"action": "send", "src": "AN-N120", "dst": "AN-N9", "hlc": {"phys": 1758747844613, "cnt": 0, "node": "AN-N120"}, "package_id": "PKG47813", "payload": {"status": "CREATED"}, "sent_ts": 1758747813413, "arrival_ts": 1758747813413}
{"action": "send", "src": "AN-N120", "dst": "AN-N9", "hlc": {"phys": 1758747844923, "cnt": 0, "node": "AN-N120"}, "package_id": "PKG47813", "payload": {"status": "SENT"}, "sent_ts": 1758747813723, "arrival_ts": 1758747813723}
{"action": "send", "src": "AN-N120", "dst": "AN-N9", "hlc": {"phys": 1758747845296, "cnt": 0, "node": "AN-N120"}, "package_id": "PKG47813", "payload": {"status": "IN_TRANSIT"}, "sent_ts": 1758747814096, "arrival_ts": 1758747814096}
{"action": "send", "src": "AN-N120", "dst": "AN-N9", "hlc": {"phys": 1758747845574, "cnt": 0, "node": "AN-N120"}, "package_id": "PKG47813", "payload": {"status": "RECEIVED"}, "sent_ts": 1758747814374, "arrival_ts": 1758747814374}
{"action": "send", "src": "AN-N120", "dst": "AN-N9", "hlc": {"phys": 1758747845792, "cnt": 0, "node": "AN-N120"}, "package_id": "PKG47813", "payload": {"status": "DELIVERED"}, "sent_ts": 1758747814592, "arrival_ts": 1758747814592}
{"action": "recv", "src": "AS-N145", "dst": "AN-N120", "hlc": {"phys": 1758751953236, "cnt": 0, "node": "AS-N145"}, "package_id": "PKG51941", "payload": {"status": "CREATED"}, "sent_ts": 1758751941786, "arrival_ts": 1758751941818}
{"action": "recv", "src": "AS-N145", "dst": "AN-N120", "hlc": {"phys": 1758751953479, "cnt": 0, "node": "AS-N145"}, "package_id": "PKG51941", "payload": {"status": "SENT"}, "sent_ts": 1758751942029, "arrival_ts": 1758751942171}
{"action": "recv", "src": "AS-N145", "dst": "AN-N120", "hlc": {"phys": 1758751953834, "cnt": 0, "node": "AS-N145"}, "package_id": "PKG51941", "payload": {"status": "IN_TRANSIT"}, "sent_ts": 1758751942384, "arrival_ts": 1758751942404}
{"action": "recv", "src": "AS-N145", "dst": "AN-N120", "hlc": {"phys": 1758751954043, "cnt": 0, "node": "AS-N145"}, "package_id": "PKG51941", "payload": {"status": "RECEIVED"}, "sent_ts": 1758751942593, "arrival_ts": 1758751942773}
{"action": "recv", "src": "AS-N145", "dst": "AN-N120", "hlc": {"phys": 1758751954432, "cnt": 0, "node": "AS-N145"}, "package_id": "PKG51941", "payload": {"status": "DELIVERED"}, "sent_ts": 1758751942982, "arrival_ts": 1758751943043}
{"action": "send", "src": "AN-N120", "dst": "AF-N30", "hlc": {"phys": 1758752190642, "cnt": 0, "node": "AN-N120"}, "package_id": "PKG52159", "payload": {"status": "CREATED"}, "sent_ts": 1758752159442, "arrival_ts": 1758752159442}
{"action": "send", "src": "AN-N120", "dst": "AF-N30", "hlc": {"phys": 1758752191013, "cnt": 0, "node": "AN-N120"}, "package_id": "PKG52159", "payload": {"status": "SENT"}, "sent_ts": 1758752159813, "arrival_ts": 1758752159813}
{"action": "send", "src": "AN-N120", "dst": "AF-N30", "hlc": {"phys": 1758752191339, "cnt": 0, "node": "AN-N120"}, "package_id": "PKG52159", "payload": {"status": "IN_TRANSIT"}, "sent_ts": 1758752160139, "arrival_ts": 1758752160139}
{"action": "send", "src": "AN-N120", "dst": "AF-N30", "hlc": {"phys": 1758752191658, "cnt": 0, "node": "AN-N120"}, "package_id": "PKG52159", "payload": {"status": "RECEIVED"}, "sent_ts": 1758752160458, "arrival_ts": 1758752160458}
{"action": "send", "src": "AN-N120", "dst": "AF-N30", "hlc": {"phys": 1758752191898, "cnt": 0, "node": "AN-N120"}, "package_id": "PKG52159", "payload": {"status": "DELIVERED"}, "sent_ts": 1758752160698, "arrival_ts": 1758752160698}
{"action": "recv", "src": "AS-N83", "dst": "AN-N120", "hlc": {"phys": 1758752454076, "cnt": 0, "node": "AS-N83"}, "package_id": "PKG52443", "payload": {"status": "CREATED"}, "sent_ts": 1758752443246, "arrival_ts": 1758752443353}
{"action": "recv", "src": "AS-N83", "dst": "AN-N120", "hlc": {"phys": 1758752454399, "cnt": 0, "node": "AS-N83"}, "package_id": "PKG52443", "payload": {"status": "SENT"}, "sent_ts": 1758752443569, "arrival_ts": 1758752443705}
{"action": "recv", "src": "AS-N83", "dst": "AN-N120", "hlc": {"phys": 1758752454742, "cnt": 0, "node": "AS-N83"}, "package_id": "PKG52443", "payload": {"status": "IN_TRANSIT"}, "sent_ts": 1758752443912, "arrival_ts": 1758752444087}
{"action": "recv", "src": "AS-N83", "dst": "AN-N120", "hlc": {"phys": 1758752455114, "cnt": 0, "node": "AS-N83"}, "package_id": "PKG52443", "payload": {"status": "RECEIVED"}, "sent_ts": 1758752444284, "arrival_ts": 1758752444457}
{"action": "recv", "src": "AS-N83", "dst": "AN-N120", "hlc": {"phys": 1758752455472, "cnt": 0, "node": "AS-N83"}, "package_id": "PKG52443", "payload": {"status": "DELIVERED"}, "sent_ts": 1758752444642, "arrival_ts": 1758752444786}
{"action": "recv", "src": "NA-N94", "dst": "AN-N120", "hlc": {"phys": 1758755409274, "cnt": 0, "node": "NA-N94"}, "package_id": "PKG55408", "payload": {"status": "CREATED"}, "sent_ts": 1758755408334, "arrival_ts": 1758755408428}
{"action": "recv", "src": "NA-N94", "dst": "AN-N120", "hlc": {"phys": 1758755409584, "cnt": 0, "node": "NA-N94"}, "package_id": "PKG55408", "payload": {"status": "SENT"}, "sent_ts": 1758755408644, "arrival_ts": 1758755408816}
{"action": "recv", "src": "NA-N94", "dst": "AN-N120", "hlc": {"phys": 1758755409973, "cnt": 0, "node": "NA-N94"}, "package_id": "PKG55408", "payload": {"status": "IN_TRANSIT"}, "sent_ts": 1758755409033, "arrival_ts": 1758755409072}
{"action": "recv", "src": "NA-N94", "dst": "AN-N120", "hlc": {"phys": 1758755410226, "cnt": 0, "node": "NA-N94"}, "package_id": "PKG55408", "payload": {"status": "RECEIVED"}, "sent_ts": 1758755409286, "arrival_ts": 1758755409336}
{"action": "recv", "src": "NA-N94", "dst": "AN-N120", "hlc": {"phys": 1758755410494, "cnt": 0, "node": "NA-N94"}, "package_id": "PKG55408", "payload": {"status": "DELIVERED"}, "sent_ts": 1758755409554, "arrival_ts": 1758755409681}
{"action": "send", "src": "AN-N120", "dst": "AU-N174", "hlc": {"phys": 1758755670670, "cnt": 0, "node": "AN-N120"}, "package_id": "PKG55639", "payload": {"status": "CREATED"}, "sent_ts": 1758755639470, "arrival_ts": 1758755639470}
{"action": "send", "src": "AN-N120", "dst": "AU-N174", "hlc": {"phys": 1758755670984, "cnt": 0, "node": "AN-N120"}, "package_id": "PKG55639", "payload": {"status": "SENT"}, "sent_ts": 1758755639784, "arrival_ts": 1758755639784}
{"action": "send", "src": "AN-N120", "dst": "AU-N174", "hlc": {"phys": 1758755671334, "cnt": 0, "node": "AN-N120"}, "package_id": "PKG55639", "payload": {"status": "IN_TRANSIT"}, "sent_ts": 1758755640134, "arrival_ts": 1758755640134}
{"action": "send", "src": "AN-N120", "dst": "AU-N174", "hlc": {"phys": 1758755671614, "cnt": 0, "node": "AN-N120"}, "package_id": "PKG55639", "payload": {"status": "RECEIVED"}, "sent_ts": 1758755640414, "arrival_ts": 1758755640414}
{"action": "send", "src": "AN-N120", "dst": "AU-N174", "hlc": {"phys": 1758755671966, "cnt": 0, "node": "AN-N120"}, "package_id": "PKG55639", "payload": {"status": "DELIVERED"}, "sent_ts": 1758755640766, "arrival_ts": 1758755640766}
{"action": "recv", "src": "AU-N179", "dst": "AN-N120", "hlc": {"phys": 1758756784724, "cnt": 0, "node": "AU-N179"}, "package_id": "PKG56757", "payload": {"status": "CREATED"}, "sent_ts": 1758756757934, "arrival_ts": 1758756758031}
{"action": "recv", "src": "AU-N179", "dst": "AN-N120", "hlc": {"phys": 1758756785040, "cnt": 0, "node": "AU-N179"}, "package_id": "PKG56757", "payload": {"status": "SENT"}, "sent_ts": 1758756758250, "arrival_ts": 1758756758446}
{"action": "recv", "src": "AU-N179", "dst": "AN-N120", "hlc": {"phys": 1758756785442, "cnt": 0, "node": "AU-N179"}, "package_id": "PKG56757", "payload": {"status": "IN_TRANSIT"}, "sent_ts": 1758756758652, "arrival_ts": 1758756758757}
{"action": "recv", "src": "AU-N179", "dst": "AN-N120", "hlc": {"phys": 1758756785759, "cnt": 0, "node": "AU-N179"}, "package_id": "PKG56757", "payload": {"status": "RECEIVED"}, "sent_ts": 1758756758969, "arrival_ts": 1758756759056}
{"action": "recv", "src": "AU-N179", "dst": "AN-N120", "hlc": {"phys": 1758756786055, "cnt": 0, "node": "AU-N179"}, "package_id": "PKG56757", "payload": {"status": "DELIVERED"}, "sent_ts": 1758756759265, "arrival_ts": 1758756759319}
{"action": "send", "src": "AN-N120", "dst": "AU-N102", "hlc": {"phys": 1758757266504, "cnt": 0, "node": "AN-N120"}, "package_id": "PKG57235", "payload": {"status": "CREATED"}, "sent_ts": 1758757235304, "arrival_ts": 1758757235304}
{"action": "send", "src": "AN-N120", "dst": "AU-N102", "hlc": {"phys": 1758757266764, "cnt": 0, "node": "AN-N120"}, "package_id": "PKG57235", "payload": {"status": "SENT"}, "sent_ts": 1758757235564, "arrival_ts": 1758757235564}
{"action": "send", "src": "AN-N120", "dst": "AU-N102", "hlc": {"phys": 1758757267139, "cnt": 0, "node": "AN-N120"}, "package_id": "PKG57235", "payload": {"status": "IN_TRANSIT"}, "sent_ts": 1758757235939, "arrival_ts": 1758757235939}
{"action": "send", "src": "AN-N120", "dst": "AU-N102", "hlc": {"phys": 1758757267395, "cnt": 0, "node": "AN-N120"}, "package_id": "PKG57235", "payload": {"status": "RECEIVED"}, "sent_ts": 1758757236195, "arrival_ts": 1758757236195}
{"action": "send", "src": "AN-N120", "dst": "AU-N102", "hlc": {"phys": 1758757267665, "cnt": 0, "node": "AN-N120"}, "package_id": "PKG57235", "payload": {"status": "DELIVERED"}, "sent_ts": 1758757236465, "arrival_ts": 1758757236465}
{"action": "recv", "src": "AU-N32", "dst": "AN-N120", "hlc": {"phys": 1758757430297, "cnt": 0, "node": "AU-N32"}, "package_id": "PKG57404", "payload": {"status": "CREATED"}, "sent_ts": 1758757404977, "arrival_ts": 1758757405105}
{"action": "recv", "src": "AU-N32", "dst": "AN-N120", "hlc": {"phys": 1758757430625, "cnt": 0, "node": "AU-N32"}, "package_id": "PKG57404", "payload": {"status": "SENT"}, "sent_ts": 1758757405305, "arrival_ts": 1758757405336}
{"action": "recv", "src": "AU-N32", "dst": "AN-N120", "hlc": {"phys": 1758757430861, "cnt": 0, "node": "AU-N32"}, "package_id": "PKG57404", "payload": {"status": "IN_TRANSIT"}, "sent_ts": 1758757405541, "arrival_ts": 1758757405678}
{"action": "recv", "src": "AU-N32", "dst": "AN-N120", "hlc": {"phys": 1758757431219, "cnt": 0, "node": "AU-N32"}, "package_id": "PKG57404", "payload": {"status": "RECEIVED"}, "sent_ts": 1758757405899, "arrival_ts": 1758757406061}
{"action": "recv", "src": "AU-N32", "dst": "AN-N120", "hlc": {"phys": 1758757431575, "cnt": 0, "node": "AU-N32"}, "package_id": "PKG57404", "payload": {"status": "DELIVERED"}, "sent_ts": 1758757406255, "arrival_ts": 1758757406287}
{"action": "send", "src": "AN-N120", "dst": "AS-N184", "hlc": {"phys": 1758762946254, "cnt": 0, "node": "AN-N120"}, "package_id": "PKG62915", "payload": {"status": "CREATED"}, "sent_ts": 1758762915054, "arrival_ts": 1758762915054}
{"action": "send", "src": "AN-N120", "dst": "AS-N184", "hlc": {"phys": 1758762946596, "cnt": 0, "node": "AN-N120"}, "package_id": "PKG62915", "payload": {"status": "SENT"}, "sent_ts": 1758762915396, "arrival_ts": 1758762915396}
{"action": "send", "src": "AN-N120", "dst": "AS-N184", "hlc": {"phys": 1758762946860, "cnt": 0, "node": "AN-N120"}, "package_id": "PKG62915", "payload": {"status": "IN_TRANSIT"}, "sent_ts": 1758762915660, "arrival_ts": 1758762915660}
{"action": "send", "src": "AN-N120", "dst": "AS-N184", "hlc": {"phys": 1758762947124, "cnt": 0, "node": "AN-N120"}, "package_id": "PKG62915", "payload": {"status": "RECEIVED"}, "sent_ts": 1758762915924, "arrival_ts": 1758762915924}
{"action": "send", "src": "AN-N120", "dst": "AS-N184", "hlc": {"phys": 1758762947420, "cnt": 0, "node": "AN-N120"}, "package_id": "PKG62915", "payload": {"status": "DELIVERED"}, "sent_ts": 1758762916220, "arrival_ts": 1758762916220}
{"action": "recv", "src": "AF-N191", "dst": "AN-N120", "hlc": {"phys": 1758764006621, "cnt": 0, "node": "AF-N191"}, "package_id": "PKG63989", "payload": {"status": "CREATED"}, "sent_ts": 1758763989711, "arrival_ts": 1758763989814}
{"action": "recv", "src": "AF-N191", "dst": "AN-N120", "hlc": {"phys": 1758764006932, "cnt": 0, "node": "AF-N191"}, "package_id": "PKG63989", "payload": {"status": "SENT"}, "sent_ts": 1758763990022, "arrival_ts": 1758763990035}
{"action": "recv", "src": "AF-N191", "dst": "AN-N120", "hlc": {"phys": 1758764007149, "cnt": 0, "node": "AF-N191"}, "package_id": "PKG63989", "payload": {"status": "IN_TRANSIT"}, "sent_ts": 1758763990239, "arrival_ts": 1758763990307}
{"action": "recv", "src": "AF-N191", "dst": "AN-N120", "hlc": {"phys": 1758764007426, "cnt": 0, "node": "AF-N191"}, "package_id": "PKG63989", "payload": {"status": "RECEIVED"}, "sent_ts": 1758763990516, "arrival_ts": 1758763990590}
{"action": "recv", "src": "AF-N191", "dst": "AN-N120", "hlc": {"phys": 1758764007693, "cnt": 0, "node": "AF-N191"}, "package_id": "PKG63989", "payload": {"status": "DELIVERED"}, "sent_ts": 1758763990783, "arrival_ts": 1758763990963}
{"action": "recv", "src": "AS-N113", "dst": "AN-N120", "hlc": {"phys": 1758803211606, "cnt": 0, "node": "AS-N113"}, "package_id": "PKG3200", "payload": {"status": "CREATED"}, "sent_ts": 1758803200476, "arrival_ts": 1758803200577}
{"action": "recv", "src": "AS-N113", "dst": "AN-N120", "hlc": {"phys": 1758803211924, "cnt": 0, "node": "AS-N113"}, "package_id": "PKG3200", "payload": {"status": "SENT"}, "sent_ts": 1758803200794, "arrival_ts": 1758803200896}
{"action": "recv", "src": "AS-N113", "dst": "AN-N120", "hlc": {"phys": 1758803212235, "cnt": 0, "node": "AS-N113"}, "package_id": "PKG3200", "payload": {"status": "IN_TRANSIT"}, "sent_ts": 1758803201105, "arrival_ts": 1758803201121}
{"action": "recv", "src": "AS-N113", "dst": "AN-N120", "hlc": {"phys": 1758803212463, "cnt": 0, "node": "AS-N113"}, "package_id": "PKG3200", "payload": {"status": "RECEIVED"}, "sent_ts": 1758803201332, "arrival_ts": 1758803201503}
{"action": "recv", "src": "AS-N113", "dst": "AN-N120", "hlc": {"phys": 1758803212844, "cnt": 0, "node": "AS-N113"}, "package_id": "PKG3200", "payload": {"status": "DELIVERED"}, "sent_ts": 1758803201714, "arrival_ts": 1758803201783}
{"action": "send", "src": "AN-N120", "dst": "AF-N106", "hlc": {"phys": 1758810673456, "cnt": 0, "node": "AN-N120"}, "package_id": "PKG10642", "payload": {"status": "CREATED"}, "sent_ts": 1758810642256, "arrival_ts": 1758810642256}
{"action": "send", "src": "AN-N120", "dst": "AF-N106", "hlc": {"phys": 1758810673736, "cnt": 0, "node": "AN-N120"}, "package_id": "PKG10642", "payload": {"status": "SENT"}, "sent_ts": 1758810642536, "arrival_ts": 1758810642536}
{"action": "send", "src": "AN-N120", "dst": "AF-N106", "hlc": {"phys": 1758810674047, "cnt": 0, "node": "AN-N120"}, "package_id": "PKG10642", "payload": {"status": "IN_TRANSIT"}, "sent_ts": 1758810642847, "arrival_ts": 1758810642847}
{"action": "send", "src": "AN-N120", "dst": "AF-N106", "hlc": {"phys": 1758810674392, "cnt": 0, "node": "AN-N120"}, "package_id": "PKG10642", "payload": {"status": "RECEIVED"}, "sent_ts": 1758810643192, "arrival_ts": 1758810643192}
{"action": "send", "src": "AN-N120", "dst": "AF-N106", "hlc": {"phys": 1758810674780, "cnt": 0, "node": "AN-N120"}, "package_id": "PKG10642", "payload": {"status": "DELIVERED"}, "sent_ts": 1758810643580, "arrival_ts": 1758810643580}
{"action": "recv", "src": "AS-N111", "dst": "AN-N120", "hlc": {"phys": 1758812740352, "cnt": 0, "node": "AS-N111"}, "package_id": "PKG12729", "payload": {"status": "CREATED"}, "sent_ts": 1758812729242, "arrival_ts": 1758812729302}
{"action": "recv", "src": "AS-N111", "dst": "AN-N120", "hlc": {"phys": 1758812740616, "cnt": 0, "node": "AS-N111"}, "package_id": "PKG12729", "payload": {"status": "SENT"}, "sent_ts": 1758812729506, "arrival_ts": 1758812729656}
{"action": "recv", "src": "AS-N111", "dst": "AN-N120", "hlc": {"phys": 1758812740974, "cnt": 0, "node": "AS-N111"}, "package_id": "PKG12729", "payload": {"status": "IN_TRANSIT"}, "sent_ts": 1758812729864, "arrival_ts": 1758812730033}
{"action": "recv", "src": "AS-N111", "dst": "AN-N120", "hlc": {"phys": 1758812741357, "cnt": 0, "node": "AS-N111"}, "package_id": "PKG12729", "payload": {"status": "RECEIVED"}, "sent_ts": 1758812730247, "arrival_ts": 1758812730347}
{"action": "recv", "src": "AS-N111", "dst": "AN-N120", "hlc": {"phys": 1758812741667, "cnt": 0, "node": "AS-N111"}, "package_id": "PKG12729", "payload": {"status": "DELIVERED"}, "sent_ts": 1758812730557, "arrival_ts": 1758812730595}
{"action": "recv", "src": "AN-N1", "dst": "AN-N120", "hlc": {"phys": 1758813373143, "cnt": 0, "node": "AN-N1"}, "package_id": "PKG13343", "payload": {"status": "CREATED"}, "sent_ts": 1758813343133, "arrival_ts": 1758813343327}
{"action": "recv", "src": "AN-N1", "dst": "AN-N120", "hlc": {"phys": 1758813373545, "cnt": 0, "node": "AN-N1"}, "package_id": "PKG13343", "payload": {"status": "SENT"}, "sent_ts": 1758813343535, "arrival_ts": 1758813343583}
{"action": "recv", "src": "AN-N1", "dst": "AN-N120", "hlc": {"phys": 1758813373794, "cnt": 0, "node": "AN-N1"}, "package_id": "PKG13343", "payload": {"status": "IN_TRANSIT"}, "sent_ts": 1758813343784, "arrival_ts": 1758813343931}
{"action": "recv", "src": "AN-N1", "dst": "AN-N120", "hlc": {"phys": 1758813374151, "cnt": 0, "node": "AN-N1"}, "package_id": "PKG13343", "payload": {"status": "RECEIVED"}, "sent_ts": 1758813344141, "arrival_ts": 1758813344176}
{"action": "recv", "src": "AN-N1", "dst": "AN-N120", "hlc": {"phys": 1758813374409, "cnt": 0, "node": "AN-N1"}, "package_id": "PKG13343", "payload": {"status": "DELIVERED"}, "sent_ts": 1758813344399, "arrival_ts": 1758813344456}
{"action": "recv", "src": "NA-N185", "dst": "AN-N120", "hlc": {"phys": 1758813835179, "cnt": 0, "node": "NA-N185"}, "package_id": "PKG13833", "payload": {"status": "CREATED"}, "sent_ts": 1758813833329, "arrival_ts": 1758813833415}
{"action": "recv", "src": "NA-N185", "dst": "AN-N120", "hlc": {"phys": 1758813835459, "cnt": 0, "node": "NA-N185"}, "package_id": "PKG13833", "payload": {"status": "SENT"}, "sent_ts": 1758813833609, "arrival_ts": 1758813833773}
{"action": "recv", "src": "NA-N185", "dst": "AN-N120", "hlc": {"phys": 1758813835828, "cnt": 0, "node": "NA-N185"}, "package_id": "PKG13833", "payload": {"status": "IN_TRANSIT"}, "sent_ts": 1758813833978, "arrival_ts": 1758813834031}
{"action": "recv", "src": "NA-N185", "dst": "AN-N120", "hlc": {"phys": 1758813836093, "cnt": 0, "node": "NA-N185"}, "package_id": "PKG13833", "payload": {"status": "RECEIVED"}, "sent_ts": 1758813834243, "arrival_ts": 1758813834300}
{"action": "recv", "src": "NA-N185", "dst": "AN-N120", "hlc": {"phys": 1758813836356, "cnt": 0, "node": "NA-N185"}, "package_id": "PKG13833", "payload": {"status": "DELIVERED"}, "sent_ts": 1758813834506, "arrival_ts": 1758813834531}
{"action": "send", "src": "AN-N120", "dst": "AU-N174", "hlc": {"phys": 1758815763390, "cnt": 0, "node": "AN-N120"}, "package_id": "PKG15732", "payload": {"status": "CREATED"}, "sent_ts": 1758815732190, "arrival_ts": 1758815732190}
{"action": "send", "src": "AN-N120", "dst": "AU-N174", "hlc": {"phys": 1758815763606, "cnt": 0, "node": "AN-N120"}, "package_id": "PKG15732", "payload": {"status": "SENT"}, "sent_ts": 1758815732406, "arrival_ts": 1758815732406}
{"action": "send", "src": "AN-N120", "dst": "AU-N174", "hlc": {"phys": 1758815763930, "cnt": 0, "node": "AN-N120"}, "package_id": "PKG15732", "payload": {"status": "IN_TRANSIT"}, "sent_ts": 1758815732730, "arrival_ts": 1758815732730}
{"action": "send", "src": "AN-N120", "dst": "AU-N174", "hlc": {"phys": 1758815764254, "cnt": 0, "node": "AN-N120"}, "package_id": "PKG15732", "payload": {"status": "RECEIVED"}, "sent_ts": 1758815733054, "arrival_ts": 1758815733054}
{"action": "send", "src": "AN-N120", "dst": "AU-N174", "hlc": {"phys": 1758815764506, "cnt": 0, "node": "AN-N120"}, "package_id": "PKG15732", "payload": {"status": "DELIVERED"}, "sent_ts": 1758815733306, "arrival_ts": 1758815733306}
