{"action": "send", "src": "AN-N99", "dst": "AF-N180", "hlc": {"phys": 1758718180827, "cnt": 0, "node": "AN-N99"}, "package_id": "PKG18149", "payload": {"status": "CREATED"}, "sent_ts": 1758718149837, "arrival_ts": 1758718149837}
{"action": "send", "src": "AN-N99", "dst": "AF-N180", "hlc": {"phys": 1758718181212, "cnt": 0, "node": "AN-N99"}, "package_id": "PKG18149", "payload": {"status": "SENT"}, "sent_ts": 1758718150222, "arrival_ts": 1758718150222}
{"action": "send", "src": "AN-N99", "dst": "AF-N180", "hlc": {"phys": 1758718181602, "cnt": 0, "node": "AN-N99"}, "package_id": "PKG18149", "payload": {"status": "IN_TRANSIT"}, "sent_ts": 1758718150612, "arrival_ts": 1758718150612}
{"action": "send", "src": "AN-N99", "dst": "AF-N180", "hlc": {"phys": 1758718181830, "cnt": 0, "node": "AN-N99"}, "package_id": "PKG18149", "payload": {"status": "RECEIVED"}, "sent_ts": 1758718150840, "arrival_ts": 1758718150840}
{"action": "send", "src": "AN-N99", "dst": "AF-N180", "hlc": {"phys": 1758718182105, "cnt": 0, "node": "AN-N99"}, "package_id": "PKG18149", "payload": {"status": "DELIVERED"}, "sent_ts": 1758718151115, "arrival_ts": 1758718151115}
{"action": "recv", "src": "NA-N151", "dst": "AN-N99", "hlc": {"phys": 1758739478628, "cnt": 0, "node": "NA-N151"}, "package_id": "PKG39477", "payload": {"status": "CREATED"}, "sent_ts": 1758739477118, "arrival_ts": 1758739477165}
{"action": "recv", "src": "NA-N151", "dst": "AN-N99", "hlc": {"phys": 1758739478859, "cnt": 0, "node": "NA-N151"}, "package_id": "PKG39477", "payload": {"status": "SENT"}, "sent_ts": 1758739477349, "arrival_ts": 1758739477532}
{"action": "recv", "src": "NA-N151", "dst": "AN-N99", "hlc": {"phys": 1758739479253, "cnt": 0, "node": "NA-N151"}, "package_id": "PKG39477", "payload": {"status": "IN_TRANSIT"}, "sent_ts": 1758739477743, "arrival_ts": 1758739477859}
{"action": "recv", "src": "NA-N151", "dst": "AN-N99", "hlc": {"phys": 1758739479581, "cnt": 0, "node": "NA-N151"}, "package_id": "PKG39477", "payload": {"status": "RECEIVED"}, "sent_ts": 1758739478071, "arrival_ts": 1758739478185}
{"action": "recv", "src": "NA-N151", "dst": "AN-N99", "hlc": {"phys": 1758739479898, "cnt": 0, "node": "NA-N151"}, "package_id": "PKG39477", "payload": {"status": "DELIVERED"}, "sent_ts": 1758739478388, "arrival_ts": 1758739478508}
{"action": "send", "src": "AN-N99", "dst": "AF-N32", "hlc": {"phys": 1758741539759, "cnt": 0, "node": "AN-N99"}, "package_id": "PKG41508", "payload": {"status": "CREATED"}, "sent_ts": 1758741508769, "arrival_ts": 1758741508769}
{"action": "send", "src": "AN-N99", "dst": "AF-N32", "hlc": {"phys": 1758741540155, "cnt": 0, "node": "AN-N99"}, "package_id": "PKG41508", "payload": {"status": "SENT"}, "sent_ts": 1758741509165, "arrival_ts": 1758741509165}
{"action": "send", "src": "AN-N99", "dst": "AF-N32", "hlc": {"phys": 1758741540525, "cnt": 0, "node": "AN-N99"}, "package_id": "PKG41508", "payload": {"status": "IN_TRANSIT"}, "sent_ts": 1758741509535, "arrival_ts": 1758741509535}
{"action": "send", "src": "AN-N99", "dst": "AF-N32", "hlc": {"phys": 1758741540748, "cnt": 0, "node": "AN-N99"}, "package_id": "PKG41508", "payload": {"status": "RECEIVED"}, "sent_ts": 1758741509758, "arrival_ts": 1758741509758}
{"action": "send", "src": "AN-N99", "dst": "AF-N32", "hlc": {"phys": 1758741541125, "cnt": 0, "node": "AN-N99"}, "package_id": "PKG41508", "payload": {"status": "DELIVERED"}, "sent_ts": 1758741510135, "arrival_ts": 1758741510135}
{"action": "send", "src": "AN-N99", "dst": "AU-N143", "hlc": {"phys": 1758742725950, "cnt": 0, "node": "AN-N99"}, "package_id": "PKG42694", "payload": {"status": "CREATED"}, "sent_ts": 1758742694960, "arrival_ts": 1758742694960}
{"action": "send", "src": "AN-N99", "dst": "AU-N143", "hlc": {"phys": 1758742726197, "cnt": 0, "node": "AN-N99"}, "package_id": "PKG42694", "payload": {"status": "SENT"}, "sent_ts": 1758742695207, "arrival_ts": 1758742695207}
{"action": "send", "src": "AN-N99", "dst": "AU-N143", "hlc": {"phys": 1758742726557, "cnt": 0, "node": "AN-N99"}, "package_id": "PKG42694", "payload": {"status": "IN_TRANSIT"}, "sent_ts": 1758742695567, "arrival_ts": 1758742695567}
{"action": "send", "src": "AN-N99", "dst": "AU-N143", "hlc": {"phys": 1758742726874, "cnt": 0, "node": "AN-N99"}, "package_id": "PKG42694", "payload": {"status": "RECEIVED"}, "sent_ts": 1758742695884, "arrival_ts": 1758742695884}
{"action": "send", "src": "AN-N99", "dst": "AU-N143", "hlc": {"phys": 1758742727260, "cnt": 0, "node": "AN-N99"}, "package_id": "PKG42694", "payload": {"status": "DELIVERED"}, "sent_ts": 1758742696270, "arrival_ts": 1758742696270}
{"action": "recv", "src": "AN-N67", "dst": "AN-N99", "hlc": {"phys": 1758748095800, "cnt": 0, "node": "AN-N67"}, "package_id": "PKG48065", "payload": {"status": "CREATED"}, "sent_ts": 1758748065130, "arrival_ts": 1758748065198}
{"action": "recv", "src": "AN-N67", "dst": "AN-N99", "hlc": {"phys": 1758748096079, "cnt": 0, "node": "AN-N67"}, "package_id": "PKG48065", "payload": {"status": "SENT"}, "sent_ts": 1758748065409, "arrival_ts": 1758748065421}
{"action": "recv", "src": "AN-N67", "dst": "AN-N99", "hlc": {"phys": 1758748096296, "cnt": 0, "node": "AN-N67"}, "package_id": "PKG48065", "payload": {"status": "IN_TRANSIT"}, "sent_ts": 1758748065626, "arrival_ts": 1758748065776}
{"action": "recv", "src": "AN-N67", "dst": "AN-N99", "hlc": {"phys": 1758748096651, "cnt": 0, "node": "AN-N67"}, "package_id": "PKG48065", "payload": {"status": "RECEIVED"}, "sent_ts": 1758748065981, "arrival_ts": 1758748066038}
{"action": "recv", "src": "AN-N67", "dst": "AN-N99", "hlc": {"phys": 1758748096916, "cnt": 0, "node": "AN-N67"}, "package_id": "PKG48065", "payload": {"status": "DELIVERED"}, "sent_ts": 1758748066246, "arrival_ts": 1758748066338}
{"action": "send", "src": "AN-N99", "dst": "AN-N93", "hlc": {"phys": 1758756835792, "cnt": 0, "node": "AN-N99"}, "package_id": "PKG56804", "payload": {"status": "CREATED"}, "sent_ts": 1758756804802, "arrival_ts": 1758756804802}
{"action": "send", "src": "AN-N99", "dst": "AN-N93", "hlc": {"phys": 1758756836159, "cnt": 0, "node": "AN-N99"}, "package_id": "PKG56804", "payload": {"status": "SENT"}, "sent_ts": 1758756805169, "arrival_ts": 1758756805169}
{"action": "send", "src": "AN-N99", "dst": "AN-N93", "hlc": {"phys": 1758756836527, "cnt": 0, "node": "AN-N99"}, "package_id": "PKG56804", "payload": {"status": "IN_TRANSIT"}, "sent_ts": 1758756805537, "arrival_ts": 1758756805537}
{"action": "send", "src": "AN-N99", "dst": "AN-N93", "hlc": {"phys": 1758756836922, "cnt": 0, "node": "AN-N99"}, "package_id": "PKG56804", "payload": {"status": "RECEIVED"}, "sent_ts": 1758756805932, "arrival_ts": 1758756805932}
{"action": "send", "src": "AN-N99", "dst": "AN-N93", "hlc": {"phys": 1758756837150, "cnt": 0, "node": "AN-N99"}, "package_id": "PKG56804", "payload": {"status": "DELIVERED"}, "sent_ts": 1758756806160, "arrival_ts": 1758756806160}
{"action": "recv", "src": "AN-N169", "dst": "AN-N99", "hlc": {"phys": 1758759124493, "cnt": 0, "node": "AN-N169"}, "package_id": "PKG59092", "payload": {"status": "CREATED"}, "sent_ts": 1758759092803, "arrival_ts": 1758759092905}
{"action": "recv", "src": "AN-N169", "dst": "AN-N99", "hlc": {"phys": 1758759124810, "cnt": 0, "node": "AN-N169"}, "package_id": "PKG59092", "payload": {"status": "SENT"}, "sent_ts": 1758759093120, "arrival_ts": 1758759093218}
{"action": "recv", "src": "AN-N169", "dst": "AN-N99", "hlc": {"phys": 1758759125121, "cnt": 0, "node": "AN-N169"}, "package_id": "PKG59092", "payload": {"status": "IN_TRANSIT"}, "sent_ts": 1758759093431, "arrival_ts": 1758759093505}
{"action": "recv", "src": "AN-N169", "dst": "AN-N99", "hlc": {"phys": 1758759125398, "cnt": 0, "node": "AN-N169"}, "package_id": "PKG59092", "payload": {"status": "RECEIVED"}, "sent_ts": 1758759093708, "arrival_ts": 1758759094013}
{"action": "recv", "src": "AN-N169", "dst": "AN-N99", "hlc": {"phys": 1758759125909, "cnt": 0, "node": "AN-N169"}, "package_id": "PKG59092", "payload": {"status": "DELIVERED"}, "sent_ts": 1758759094219, "arrival_ts": 1758759094259}
{"action": "send", "src": "AN-N99", "dst": "NA-N151", "hlc": {"phys": 1758764056660, "cnt": 0, "node": "AN-N99"}, "package_id": "PKG64025", "payload": {"status": "CREATED"}, "sent_ts": 1758764025670, "arrival_ts": 1758764025670}
{"action": "send", "src": "AN-N99", "dst": "NA-N151", "hlc": {"phys": 1758764057047, "cnt": 0, "node": "AN-N99"}, "package_id": "PKG64025", "payload": {"status": "SENT"}, "sent_ts": 1758764026057, "arrival_ts": 1758764026057}
{"action": "send", "src": "AN-N99", "dst": "NA-N151", "hlc": {"phys": 1758764057374, "cnt": 0, "node": "AN-N99"}, "package_id": "PKG64025", "payload": {"status": "IN_TRANSIT"}, "sent_ts": 1758764026384, "arrival_ts": 1758764026384}
{"action": "send", "src": "AN-N99", "dst": "NA-N151", "hlc": {"phys": 1758764058476, "cnt": 0, "node": "AN-N99"}, "package_id": "PKG64025", "payload": {"status": "RECEIVED"}, "sent_ts": 1758764027486, "arrival_ts": 1758764027486}
{"action": "send", "src": "AN-N99", "dst": "NA-N151", "hlc": {"phys": 1758764058784, "cnt": 0, "node": "AN-N99"}, "package_id": "PKG64025", "payload": {"status": "DELIVERED"}, "sent_ts": 1758764027794, "arrival_ts": 1758764027794}
{"action": "recv", "src": "NA-N180", "dst": "AN-N99", "hlc": {"phys": 1758764264491, "cnt": 0, "node": "NA-N180"}, "package_id": "PKG64262", "payload": {"status": "CREATED"}, "sent_ts": 1758764262691, "arrival_ts": 1758764262710}
{"action": "recv", "src": "NA-N180", "dst": "AN-N99", "hlc": {"phys": 1758764264712, "cnt": 0, "node": "NA-N180"}, "package_id": "PKG64262", "payload": {"status": "SENT"}, "sent_ts": 1758764262912, "arrival_ts": 1758764262968}
{"action": "recv", "src": "NA-N180", "dst": "AN-N99", "hlc": {"phys": 1758764264976, "cnt": 0, "node": "NA-N180"}, "package_id": "PKG64262", "payload": {"status": "IN_TRANSIT"}, "sent_ts": 1758764263176, "arrival_ts": 1758764263255}
{"action": "recv", "src": "NA-N180", "dst": "AN-N99", "hlc": {"phys": 1758764265254, "cnt": 0, "node": "NA-N180"}, "package_id": "PKG64262", "payload": {"status": "RECEIVED"}, "sent_ts": 1758764263454, "arrival_ts": 1758764263638}
{"action": "recv", "src": "NA-N180", "dst": "AN-N99", "hlc": {"phys": 1758764265639, "cnt": 0, "node": "NA-N180"}, "package_id": "PKG64262", "payload": {"status": "DELIVERED"}, "sent_ts": 1758764263839, "arrival_ts": 1758764263961}
{"action": "recv", "src": "AS-N8", "dst": "AN-N99", "hlc": {"phys": 1758765477108, "cnt": 0, "node": "AS-N8"}, "package_id": "PKG65467", "payload": {"status": "CREATED"}, "sent_ts": 1758765467028, "arrival_ts": 1758765467206}
{"action": "recv", "src": "AS-N8", "dst": "AN-N99", "hlc": {"phys": 1758765477496, "cnt": 0, "node": "AS-N8"}, "package_id": "PKG65467", "payload": {"status": "SENT"}, "sent_ts": 1758765467416, "arrival_ts": 1758765467540}
{"action": "recv", "src": "AS-N8", "dst": "AN-N99", "hlc": {"phys": 1758765477822, "cnt": 0, "node": "AS-N8"}, "package_id": "PKG65467", "payload": {"status": "IN_TRANSIT"}, "sent_ts": 1758765467742, "arrival_ts": 1758765467916}
{"action": "recv", "src": "AS-N8", "dst": "AN-N99", "hlc": {"phys": 1758765478193, "cnt": 0, "node": "AS-N8"}, "package_id": "PKG65467", "payload": {"status": "RECEIVED"}, "sent_ts": 1758765468113, "arrival_ts": 1758765468224}
{"action": "recv", "src": "AS-N8", "dst": "AN-N99", "hlc": {"phys": 1758765478506, "cnt": 0, "node": "AS-N8"}, "package_id": "PKG65467", "payload": {"status": "DELIVERED"}, "sent_ts": 1758765468426, "arrival_ts": 1758765468511}
{"action": "recv", "src": "AN-N144", "dst": "AN-N99", "hlc": {"phys": 1758800063765, "cnt": 0, "node": "AN-N144"}, "package_id": "PKG32", "payload": {"status": "CREATED"}, "sent_ts": 1758800032325, "arrival_ts": 1758800032489}
{"action": "recv", "src": "AN-N144", "dst": "AN-N99", "hlc": {"phys": 1758800064139, "cnt": 0, "node": "AN-N144"}, "package_id": "PKG32", "payload": {"status": "SENT"}, "sent_ts": 1758800032699, "arrival_ts": 1758800032794}
{"action": "recv", "src": "AN-N144", "dst": "AN-N99", "hlc": {"phys": 1758800064449, "cnt": 0, "node": "AN-N144"}, "package_id": "PKG32", "payload": {"status": "IN_TRANSIT"}, "sent_ts": 1758800033009, "arrival_ts": 1758800033153}
{"action": "recv", "src": "AN-N144", "dst": "AN-N99", "hlc": {"phys": 1758800064792, "cnt": 0, "node": "AN-N144"}, "package_id": "PKG32", "payload": {"status": "RECEIVED"}, "sent_ts": 1758800033352, "arrival_ts": 1758800033419}
{"action": "recv", "src": "AN-N144", "dst": "AN-N99", "hlc": {"phys": 1758800065074, "cnt": 0, "node": "AN-N144"}, "package_id": "PKG32", "payload": {"status": "DELIVERED"}, "sent_ts": 1758800033634, "arrival_ts": 1758800033748}
{"action": "send", "src": "AN-N99", "dst": "NA-N166", "hlc": {"phys": 1758800084052, "cnt": 0, "node": "AN-N99"}, "package_id": "PKG53", "payload": {"status": "CREATED"}, "sent_ts": 1758800053062, "arrival_ts": 1758800053062}
{"action": "send", "src": "AN-N99", "dst": "NA-N166", "hlc": {"phys": 1758800084285, "cnt": 0, "node": "AN-N99"}, "package_id": "PKG53", "payload": {"status": "SENT"}, "sent_ts": 1758800053295, "arrival_ts": 1758800053295}
{"action": "send", "src": "AN-N99", "dst": "NA-N166", "hlc": {"phys": 1758800084597, "cnt": 0, "node": "AN-N99"}, "package_id": "PKG53", "payload": {"status": "IN_TRANSIT"}, "sent_ts": 1758800053607, "arrival_ts": 1758800053607}
{"action": "send", "src": "AN-N99", "dst": "NA-N166", "hlc": {"phys": 1758800084971, "cnt": 0, "node": "AN-N99"}, "package_id": "PKG53", "payload": {"status": "RECEIVED"}, "sent_ts": 1758800053980, "arrival_ts": 1758800053981}
{"action": "send", "src": "AN-N99", "dst": "NA-N166", "hlc": {"phys": 1758800085341, "cnt": 0, "node": "AN-N99"}, "package_id": "PKG53", "payload": {"status": "DELIVERED"}, "sent_ts": 1758800054351, "arrival_ts": 1758800054351}
{"action": "send", "src": "AN-N99", "dst": "AU-N190", "hlc": {"phys": 1758803970198, "cnt": 0, "node": "AN-N99"}, "package_id": "PKG3939", "payload": {"status": "CREATED"}, "sent_ts": 1758803939208, "arrival_ts": 1758803939208}
{"action": "send", "src": "AN-N99", "dst": "AU-N190", "hlc": {"phys": 1758803970413, "cnt": 0, "node": "AN-N99"}, "package_id": "PKG3939", "payload": {"status": "SENT"}, "sent_ts": 1758803939423, "arrival_ts": 1758803939423}
{"action": "send", "src": "AN-N99", "dst": "AU-N190", "hlc": {"phys": 1758803970725, "cnt": 0, "node": "AN-N99"}, "package_id": "PKG3939", "payload": {"status": "IN_TRANSIT"}, "sent_ts": 1758803939735, "arrival_ts": 1758803939735}
{"action": "send", "src": "AN-N99", "dst": "AU-N190", "hlc": {"phys": 1758803971114, "cnt": 0, "node": "AN-N99"}, "package_id": "PKG3939", "payload": {"status": "RECEIVED"}, "sent_ts": 1758803940124, "arrival_ts": 1758803940124}
{"action": "send", "src": "AN-N99", "dst": "AU-N190", "hlc": {"phys": 1758803971334, "cnt": 0, "node": "AN-N99"}, "package_id": "PKG3939", "payload": {"status": "DELIVERED"}, "sent_ts": 1758803940344, "arrival_ts": 1758803940344}
{"action": "send", "src": "AN-N99", "dst": "EU-N133", "hlc": {"phys": 1758804313021, "cnt": 0, "node": "AN-N99"}, "package_id": "PKG4282", "payload": {"status": "CREATED"}, "sent_ts": 1758804282031, "arrival_ts": 1758804282031}
{"action": "send", "src": "AN-N99", "dst": "EU-N133", "hlc": {"phys": 1758804313279, "cnt": 0, "node": "AN-N99"}, "package_id": "PKG4282", "payload": {"status": "SENT"}, "sent_ts": 1758804282289, "arrival_ts": 1758804282289}
{"action": "send", "src": "AN-N99", "dst": "EU-N133", "hlc": {"phys": 1758804313649, "cnt": 0, "node": "AN-N99"}, "package_id": "PKG4282", "payload": {"status": "IN_TRANSIT"}, "sent_ts": 1758804282659, "arrival_ts": 1758804282659}
{"action": "send", "src": "AN-N99", "dst": "EU-N133", "hlc": {"phys": 1758804313986, "cnt": 0, "node": "AN-N99"}, "package_id": "PKG4282", "payload": {"status": "RECEIVED"}, "sent_ts": 1758804282996, "arrival_ts": 1758804282996}
{"action": "send", "src": "AN-N99", "dst": "EU-N133", "hlc": {"phys": 1758804314311, "cnt": 0, "node": "AN-N99"}, "package_id": "PKG4282", "payload": {"status": "DELIVERED"}, "sent_ts": 1758804283321, "arrival_ts": 1758804283321}
{"action": "recv", "src": "AF-N147", "dst": "AN-N99", "hlc": {"phys": 1758804842389, "cnt": 0, "node": "AF-N147"}, "package_id": "PKG4825", "payload": {"status": "CREATED"}, "sent_ts": 1758804825919, "arrival_ts": 1758804825964}
{"action": "recv", "src": "AF-N147", "dst": "AN-N99", "hlc": {"phys": 1758804842640, "cnt": 0, "node": "AF-N147"}, "package_id": "PKG4825", "payload": {"status": "SENT"}, "sent_ts": 1758804826170, "arrival_ts": 1758804826337}
{"action": "recv", "src": "AF-N147", "dst": "AN-N99", "hlc": {"phys": 1758804843018, "cnt": 0, "node": "AF-N147"}, "package_id": "PKG4825", "payload": {"status": "IN_TRANSIT"}, "sent_ts": 1758804826548, "arrival_ts": 1758804826688}
{"action": "recv", "src": "AF-N147", "dst": "AN-N99", "hlc": {"phys": 1758804843373, "cnt": 0, "node": "AF-N147"}, "package_id": "PKG4825", "payload": {"status": "RECEIVED"}, "sent_ts": 1758804826903, "arrival_ts": 1758804826983}
{"action": "recv", "src": "AF-N147", "dst": "AN-N99", "hlc": {"phys": 1758804843664, "cnt": 0, "node": "AF-N147"}, "package_id": "PKG4825", "payload": {"status": "DELIVERED"}, "sent_ts": 1758804827194, "arrival_ts": 1758804827279}
{"action": "recv", "src": "EU-N22", "dst": "AN-N99", "hlc": {"phys": 1758809859927, "cnt": 0, "node": "EU-N22"}, "package_id": "PKG9854", "payload": {"status": "CREATED"}, "sent_ts": 1758809854707, "arrival_ts": 1758809854872}
{"action": "recv", "src": "EU-N22", "dst": "AN-N99", "hlc": {"phys": 1758809860284, "cnt": 0, "node": "EU-N22"}, "package_id": "PKG9854", "payload": {"status": "SENT"}, "sent_ts": 1758809855064, "arrival_ts": 1758809855088}
{"action": "recv", "src": "EU-N22", "dst": "AN-N99", "hlc": {"phys": 1758809860518, "cnt": 0, "node": "EU-N22"}, "package_id": "PKG9854", "payload": {"status": "IN_TRANSIT"}, "sent_ts": 1758809855298, "arrival_ts": 1758809855420}
{"action": "recv", "src": "EU-N22", "dst": "AN-N99", "hlc": {"phys": 1758809860845, "cnt": 0, "node": "EU-N22"}, "package_id": "PKG9854", "payload": {"status": "RECEIVED"}, "sent_ts": 1758809855625, "arrival_ts": 1758809855745}
{"action": "recv", "src": "EU-N22", "dst": "AN-N99", "hlc": {"phys": 1758809861159, "cnt": 0, "node": "EU-N22"}, "package_id": "PKG9854", "payload": {"status": "DELIVERED"}, "sent_ts": 1758809855939, "arrival_ts": 1758809856115}
{"action": "recv", "src": "AS-N156", "dst": "AN-N99", "hlc": {"phys": 1758812164378, "cnt": 0, "node": "AS-N156"}, "package_id": "PKG12152", "payload": {"status": "CREATED"}, "sent_ts": 1758812152818, "arrival_ts": 1758812153018}
{"action": "recv", "src": "AS-N156", "dst": "AN-N99", "hlc": {"phys": 1758812164780, "cnt": 0, "node": "AS-N156"}, "package_id": "PKG12152", "payload": {"status": "SENT"}, "sent_ts": 1758812153220, "arrival_ts": 1758812153239}
{"action": "recv", "src": "AS-N156", "dst": "AN-N99", "hlc": {"phys": 1758812164997, "cnt": 0, "node": "AS-N156"}, "package_id": "PKG12152", "payload": {"status": "IN_TRANSIT"}, "sent_ts": 1758812153437, "arrival_ts": 1758812153626}
{"action": "recv", "src": "AS-N156", "dst": "AN-N99", "hlc": {"phys": 1758812165402, "cnt": 0, "node": "AS-N156"}, "package_id": "PKG12152", "payload": {"status": "RECEIVED"}, "sent_ts": 1758812153842, "arrival_ts": 1758812153855}
{"action": "recv", "src": "AS-N156", "dst": "AN-N99", "hlc": {"phys": 1758812165618, "cnt": 0, "node": "AS-N156"}, "package_id": "PKG12152", "payload": {"status": "DELIVERED"}, "sent_ts": 1758812154058, "arrival_ts": 1758812154103}
{"action": "recv", "src": "AS-N62", "dst": "AN-N99", "hlc": {"phys": 1758812431362, "cnt": 0, "node": "AS-N62"}, "package_id": "PKG12420", "payload": {"status": "CREATED"}, "sent_ts": 1758812420742, "arrival_ts": 1758812420874}
{"action": "recv", "src": "AS-N62", "dst": "AN-N99", "hlc": {"phys": 1758812431702, "cnt": 0, "node": "AS-N62"}, "package_id": "PKG12420", "payload": {"status": "SENT"}, "sent_ts": 1758812421082, "arrival_ts": 1758812421217}
{"action": "recv", "src": "AS-N62", "dst": "AN-N99", "hlc": {"phys": 1758812432046, "cnt": 0, "node": "AS-N62"}, "package_id": "PKG12420", "payload": {"status": "IN_TRANSIT"}, "sent_ts": 1758812421426, "arrival_ts": 1758812421476}
{"action": "recv", "src": "AS-N62", "dst": "AN-N99", "hlc": {"phys": 1758812432292, "cnt": 0, "node": "AS-N62"}, "package_id": "PKG12420", "payload": {"status": "RECEIVED"}, "sent_ts": 1758812421672, "arrival_ts": 1758812421753}
{"action": "recv", "src": "AS-N62", "dst": "AN-N99", "hlc": {"phys": 1758812432573, "cnt": 0, "node": "AS-N62"}, "package_id": "PKG12420", "payload": {"status": "DELIVERED"}, "sent_ts": 1758812421953, "arrival_ts": 1758812422086}
{"action": "recv", "src": "SA-N71", "dst": "AN-N99", "hlc": {"phys": 1758812910948, "cnt": 0, "node": "SA-N71"}, "package_id": "PKG12890", "payload": {"status": "CREATED"}, "sent_ts": 1758812890238, "arrival_ts": 1758812890416}
{"action": "recv", "src": "SA-N71", "dst": "AN-N99", "hlc": {"phys": 1758812911322, "cnt": 0, "node": "SA-N71"}, "package_id": "PKG12890", "payload": {"status": "SENT"}, "sent_ts": 1758812890612, "arrival_ts": 1758812890726}
{"action": "recv", "src": "SA-N71", "dst": "AN-N99", "hlc": {"phys": 1758812911633, "cnt": 0, "node": "SA-N71"}, "package_id": "PKG12890", "payload": {"status": "IN_TRANSIT"}, "sent_ts": 1758812890923, "arrival_ts": 1758812891041}
{"action": "recv", "src": "SA-N71", "dst": "AN-N99", "hlc": {"phys": 1758812911959, "cnt": 0, "node": "SA-N71"}, "package_id": "PKG12890", "payload": {"status": "RECEIVED"}, "sent_ts": 1758812891249, "arrival_ts": 1758812891350}
{"action": "recv", "src": "SA-N71", "dst": "AN-N99", "hlc": {"phys": 1758812912269, "cnt": 0, "node": "SA-N71"}, "package_id": "PKG12890", "payload": {"status": "DELIVERED"}, "sent_ts": 1758812891559, "arrival_ts": 1758812891597}
{"action": "send", "src": "AN-N99", "dst": "AN-N167", "hlc": {"phys": 1758813648607, "cnt": 0, "node": "AN-N99"}, "package_id": "PKG13617", "payload": {"status": "CREATED"}, "sent_ts": 1758813617617, "arrival_ts": 1758813617617}
{"action": "send", "src": "AN-N99", "dst": "AN-N167", "hlc": {"phys": 1758813648822, "cnt": 0, "node": "AN-N99"}, "package_id": "PKG13617", "payload": {"status": "SENT"}, "sent_ts": 1758813617832, "arrival_ts": 1758813617832}
{"action": "send", "src": "AN-N99", "dst": "AN-N167", "hlc": {"phys": 1758813649163, "cnt": 0, "node": "AN-N99"}, "package_id": "PKG13617", "payload": {"status": "IN_TRANSIT"}, "sent_ts": 1758813618173, "arrival_ts": 1758813618173}
{"action": "send", "src": "AN-N99", "dst": "AN-N167", "hlc": {"phys": 1758813649549, "cnt": 0, "node": "AN-N99"}, "package_id": "PKG13617", "payload": {"status": "RECEIVED"}, "sent_ts": 1758813618559, "arrival_ts": 1758813618559}
{"action": "send", "src": "AN-N99", "dst": "AN-N167", "hlc": {"phys": 1758813649921, "cnt": 0, "node": "AN-N99"}, "package_id": "PKG13617", "payload": {"status": "DELIVERED"}, "sent_ts": 1758813618931, "arrival_ts": 1758813618931}
{"action": "send", "src": "AN-N99", "dst": "SA-N92", "hlc": {"phys": 1758814362501, "cnt": 0, "node": "AN-N99"}, "package_id": "PKG14331", "payload": {"status": "CREATED"}, "sent_ts": 1758814331511, "arrival_ts": 1758814331511}
{"action": "send", "src": "AN-N99", "dst": "SA-N92", "hlc": {"phys": 1758814362813, "cnt": 0, "node": "AN-N99"}, "package_id": "PKG14331", "payload": {"status": "SENT"}, "sent_ts": 1758814331823, "arrival_ts": 1758814331823}
{"action": "send", "src": "AN-N99", "dst": "SA-N92", "hlc": {"phys": 1758814363110, "cnt": 0, "node": "AN-N99"}, "package_id": "PKG14331", "payload": {"status": "IN_TRANSIT"}, "sent_ts": 1758814332120, "arrival_ts": 1758814332120}
{"action": "send", "src": "AN-N99", "dst": "SA-N92", "hlc": {"phys": 1758814363499, "cnt": 0, "node": "AN-N99"}, "package_id": "PKG14331", "payload": {"status": "RECEIVED"}, "sent_ts": 1758814332509, "arrival_ts": 1758814332509}
{"action": "send", "src": "AN-N99", "dst": "SA-N92", "hlc": {"phys": 1758814363794, "cnt": 0, "node": "AN-N99"}, "package_id": "PKG14331", "payload": {"status": "DELIVERED"}, "sent_ts": 1758814332804, "arrival_ts": 1758814332804}
