{"action": "send", "src": "AN-N173", "dst": "AN-N175", "hlc": {"phys": 1758713503397, "cnt": 0, "node": "AN-N173"}, "package_id": "PKG13471", "payload": {"status": "CREATED"}, "sent_ts": 1758713471667, "arrival_ts": 1758713471667}
{"action": "send", "src": "AN-N173", "dst": "AN-N175", "hlc": {"phys": 1758713503764, "cnt": 0, "node": "AN-N173"}, "package_id": "PKG13471", "payload": {"status": "SENT"}, "sent_ts": 1758713472034, "arrival_ts": 1758713472034}
{"action": "send", "src": "AN-N173", "dst": "AN-N175", "hlc": {"phys": 1758713504026, "cnt": 0, "node": "AN-N173"}, "package_id": "PKG13471", "payload": {"status": "IN_TRANSIT"}, "sent_ts": 1758713472296, "arrival_ts": 1758713472296}
{"action": "send", "src": "AN-N173", "dst": "AN-N175", "hlc": {"phys": 1758713504429, "cnt": 0, "node": "AN-N173"}, "package_id": "PKG13471", "payload": {"status": "RECEIVED"}, "sent_ts": 1758713472699, "arrival_ts": 1758713472699}
{"action": "send", "src": "AN-N173", "dst": "AN-N175", "hlc": {"phys": 1758713504751, "cnt": 0, "node": "AN-N173"}, "package_id": "PKG13471", "payload": {"status": "DELIVERED"}, "sent_ts": 1758713473021, "arrival_ts": 1758713473021}
{"action": "recv", "src": "EU-N43", "dst": "AN-N173", "hlc": {"phys": 1758739113965, "cnt": 0, "node": "EU-N43"}, "package_id": "PKG39108", "payload": {"status": "CREATED"}, "sent_ts": 1758739108535, "arrival_ts": 1758739108707}
{"action": "recv", "src": "EU-N43", "dst": "AN-N173", "hlc": {"phys": 1758739114341, "cnt": 0, "node": "EU-N43"}, "package_id": "PKG39108", "payload": {"status": "SENT"}, "sent_ts": 1758739108911, "arrival_ts": 1758739108926}
{"action": "recv", "src": "EU-N43", "dst": "AN-N173", "hlc": {"phys": 1758739114556, "cnt": 0, "node": "EU-N43"}, "package_id": "PKG39108", "payload": {"status": "IN_TRANSIT"}, "sent_ts": 1758739109126, "arrival_ts": 1758739109289}
{"action": "recv", "src": "EU-N43", "dst": "AN-N173", "hlc": {"phys": 1758739114925, "cnt": 0, "node": "EU-N43"}, "package_id": "PKG39108", "payload": {"status": "RECEIVED"}, "sent_ts": 1758739109495, "arrival_ts": 1758739109623}
{"action": "recv", "src": "EU-N43", "dst": "AN-N173", "hlc": {"phys": 1758739115258, "cnt": 0, "node": "EU-N43"}, "package_id": "PKG39108", "payload": {"status": "DELIVERED"}, "sent_ts": 1758739109828, "arrival_ts": 1758739109955}
{"action": "send", "src": "AN-N173", "dst": "AF-N125", "hlc": {"phys": 1758743878039, "cnt": 0, "node": "AN-N173"}, "package_id": "PKG43846", "payload": {"status": "CREATED"}, "sent_ts": 1758743846309, "arrival_ts": 1758743846309}
{"action": "send", "src": "AN-N173", "dst": "AF-N125", "hlc": {"phys": 1758743878379, "cnt": 0, "node": "AN-N173"}, "package_id": "PKG43846", "payload": {"status": "SENT"}, "sent_ts": 1758743846649, "arrival_ts": 1758743846649}
{"action": "send", "src": "AN-N173", "dst": "AF-N125", "hlc": {"phys": 1758743878626, "cnt": 0, "node": "AN-N173"}, "package_id": "PKG43846", "payload": {"status": "IN_TRANSIT"}, "sent_ts": 1758743846896, "arrival_ts": 1758743846896}
{"action": "send", "src": "AN-N173", "dst": "AF-N125", "hlc": {"phys": 1758743878951, "cnt": 0, "node": "AN-N173"}, "package_id": "PKG43846", "payload": {"status": "RECEIVED"}, "sent_ts": 1758743847221, "arrival_ts": 1758743847221}
{"action": "send", "src": "AN-N173", "dst": "AF-N125", "hlc": {"phys": 1758743879276, "cnt": 0, "node": "AN-N173"}, "package_id": "PKG43846", "payload": {"status": "DELIVERED"}, "sent_ts": 1758743847546, "arrival_ts": 1758743847546}
{"action": "send", "src": "AN-N173", "dst": "EU-N135", "hlc": {"phys": 1758744760487, "cnt": 0, "node": "AN-N173"}, "package_id": "PKG44728", "payload": {"status": "CREATED"}, "sent_ts": 1758744728757, "arrival_ts": 1758744728757}
{"action": "send", "src": "AN-N173", "dst": "EU-N135", "hlc": {"phys": 1758744760809, "cnt": 0, "node": "AN-N173"}, "package_id": "PKG44728", "payload": {"status": "SENT"}, "sent_ts": 1758744729079, "arrival_ts": 1758744729079}
{"action": "send", "src": "AN-N173", "dst": "EU-N135", "hlc": {"phys": 1758744761182, "cnt": 0, "node": "AN-N173"}, "package_id": "PKG44728", "payload": {"status": "IN_TRANSIT"}, "sent_ts": 1758744729452, "arrival_ts": 1758744729452}
{"action": "send", "src": "AN-N173", "dst": "EU-N135", "hlc": {"phys": 1758744761507, "cnt": 0, "node": "AN-N173"}, "package_id": "PKG44728", "payload": {"status": "RECEIVED"}, "sent_ts": 1758744729777, "arrival_ts": 1758744729777}
{"action": "send", "src": "AN-N173", "dst": "EU-N135", "hlc": {"phys": 1758744761863, "cnt": 0, "node": "AN-N173"}, "package_id": "PKG44728", "payload": {"status": "DELIVERED"}, "sent_ts": 1758744730133, "arrival_ts": 1758744730133}
{"action": "recv", "src": "AN-N25", "dst": "AN-N173", "hlc": {"phys": 1758744838896, "cnt": 0, "node": "AN-N25"}, "package_id": "PKG44808", "payload": {"status": "CREATED"}, "sent_ts": 1758744808646, "arrival_ts": 1758744808777}
{"action": "recv", "src": "AN-N25", "dst": "AN-N173", "hlc": {"phys": 1758744839216, "cnt": 0, "node": "AN-N25"}, "package_id": "PKG44808", "payload": {"status": "SENT"}, "sent_ts": 1758744808966, "arrival_ts": 1758744808988}
{"action": "recv", "src": "AN-N25", "dst": "AN-N173", "hlc": {"phys": 1758744839447, "cnt": 0, "node": "AN-N25"}, "package_id": "PKG44808", "payload": {"status": "IN_TRANSIT"}, "sent_ts": 1758744809197, "arrival_ts": 1758744809265}
{"action": "recv", "src": "AN-N25", "dst": "AN-N173", "hlc": {"phys": 1758744840077, "cnt": 0, "node": "AN-N25"}, "package_id": "PKG44808", "payload": {"status": "RECEIVED"}, "sent_ts": 1758744809827, "arrival_ts": 1758744809963}
{"action": "recv", "src": "AN-N25", "dst": "AN-N173", "hlc": {"phys": 1758744840404, "cnt": 0, "node": "AN-N25"}, "package_id": "PKG44808", "payload": {"status": "DELIVERED"}, "sent_ts": 1758744810154, "arrival_ts": 1758744810321}
{"action": "send", "src": "AN-N173", "dst": "AS-N19", "hlc": {"phys": 1758746374135, "cnt": 0, "node": "AN-N173"}, "package_id": "PKG46342", "payload": {"status": "CREATED"}, "sent_ts": 1758746342405, "arrival_ts": 1758746342405}
{"action": "send", "src": "AN-N173", "dst": "AS-N19", "hlc": {"phys": 1758746374443, "cnt": 0, "node": "AN-N173"}, "package_id": "PKG46342", "payload": {"status": "SENT"}, "sent_ts": 1758746342713, "arrival_ts": 1758746342713}
{"action": "send", "src": "AN-N173", "dst": "AS-N19", "hlc": {"phys": 1758746374703, "cnt": 0, "node": "AN-N173"}, "package_id": "PKG46342", "payload": {"status": "IN_TRANSIT"}, "sent_ts": 1758746342973, "arrival_ts": 1758746342973}
{"action": "send", "src": "AN-N173", "dst": "AS-N19", "hlc": {"phys": 1758746375013, "cnt": 0, "node": "AN-N173"}, "package_id": "PKG46342", "payload": {"status": "RECEIVED"}, "sent_ts": 1758746343283, "arrival_ts": 1758746343283}
{"action": "send", "src": "AN-N173", "dst": "AS-N19", "hlc": {"phys": 1758746375248, "cnt": 0, "node": "AN-N173"}, "package_id": "PKG46342", "payload": {"status": "DELIVERED"}, "sent_ts": 1758746343518, "arrival_ts": 1758746343518}
{"action": "recv", "src": "NA-N7", "dst": "AN-N173", "hlc": {"phys": 1758750367480, "cnt": 0, "node": "NA-N7"}, "package_id": "PKG50367", "payload": {"status": "CREATED"}, "sent_ts": 1758750367410, "arrival_ts": 1758750367597}
{"action": "recv", "src": "NA-N7", "dst": "AN-N173", "hlc": {"phys": 1758750367891, "cnt": 0, "node": "NA-N7"}, "package_id": "PKG50367", "payload": {"status": "SENT"}, "sent_ts": 1758750367821, "arrival_ts": 1758750367857}
{"action": "recv", "src": "NA-N7", "dst": "AN-N173", "hlc": {"phys": 1758750368122, "cnt": 0, "node": "NA-N7"}, "package_id": "PKG50367", "payload": {"status": "IN_TRANSIT"}, "sent_ts": 1758750368052, "arrival_ts": 1758750368235}
{"action": "recv", "src": "NA-N7", "dst": "AN-N173", "hlc": {"phys": 1758750368525, "cnt": 0, "node": "NA-N7"}, "package_id": "PKG50367", "payload": {"status": "RECEIVED"}, "sent_ts": 1758750368455, "arrival_ts": 1758750368524}
{"action": "recv", "src": "NA-N7", "dst": "AN-N173", "hlc": {"phys": 1758750368806, "cnt": 0, "node": "NA-N7"}, "package_id": "PKG50367", "payload": {"status": "DELIVERED"}, "sent_ts": 1758750368736, "arrival_ts": 1758750368859}
{"action": "send", "src": "AN-N173", "dst": "AF-N22", "hlc": {"phys": 1758752542657, "cnt": 0, "node": "AN-N173"}, "package_id": "PKG52510", "payload": {"status": "CREATED"}, "sent_ts": 1758752510927, "arrival_ts": 1758752510927}
{"action": "send", "src": "AN-N173", "dst": "AF-N22", "hlc": {"phys": 1758752543028, "cnt": 0, "node": "AN-N173"}, "package_id": "PKG52510", "payload": {"status": "SENT"}, "sent_ts": 1758752511298, "arrival_ts": 1758752511298}
{"action": "send", "src": "AN-N173", "dst": "AF-N22", "hlc": {"phys": 1758752543394, "cnt": 0, "node": "AN-N173"}, "package_id": "PKG52510", "payload": {"status": "IN_TRANSIT"}, "sent_ts": 1758752511664, "arrival_ts": 1758752511664}
{"action": "send", "src": "AN-N173", "dst": "AF-N22", "hlc": {"phys": 1758752543715, "cnt": 0, "node": "AN-N173"}, "package_id": "PKG52510", "payload": {"status": "RECEIVED"}, "sent_ts": 1758752511985, "arrival_ts": 1758752511985}
{"action": "send", "src": "AN-N173", "dst": "AF-N22", "hlc": {"phys": 1758752543952, "cnt": 0, "node": "AN-N173"}, "package_id": "PKG52510", "payload": {"status": "DELIVERED"}, "sent_ts": 1758752512222, "arrival_ts": 1758752512222}
{"action": "send", "src": "AN-N173", "dst": "SA-N188", "hlc": {"phys": 1758759925403, "cnt": 0, "node": "AN-N173"}, "package_id": "PKG59893", "payload": {"status": "CREATED"}, "sent_ts": 1758759893673, "arrival_ts": 1758759893673}
{"action": "send", "src": "AN-N173", "dst": "SA-N188", "hlc": {"phys": 1758759925708, "cnt": 0, "node": "AN-N173"}, "package_id": "PKG59893", "payload": {"status": "SENT"}, "sent_ts": 1758759893978, "arrival_ts": 1758759893978}
{"action": "send", "src": "AN-N173", "dst": "SA-N188", "hlc": {"phys": 1758759926082, "cnt": 0, "node": "AN-N173"}, "package_id": "PKG59893", "payload": {"status": "IN_TRANSIT"}, "sent_ts": 1758759894352, "arrival_ts": 1758759894352}
{"action": "send", "src": "AN-N173", "dst": "SA-N188", "hlc": {"phys": 1758759926394, "cnt": 0, "node": "AN-N173"}, "package_id": "PKG59893", "payload": {"status": "RECEIVED"}, "sent_ts": 1758759894664, "arrival_ts": 1758759894664}
{"action": "send", "src": "AN-N173", "dst": "SA-N188", "hlc": {"phys": 1758759926764, "cnt": 0, "node": "AN-N173"}, "package_id": "PKG59893", "payload": {"status": "DELIVERED"}, "sent_ts": 1758759895034, "arrival_ts": 1758759895034}
{"action": "send", "src": "AN-N173", "dst": "NA-N114", "hlc": {"phys": 1758764672982, "cnt": 0, "node": "AN-N173"}, "package_id": "PKG64641", "payload": {"status": "CREATED"}, "sent_ts": 1758764641252, "arrival_ts": 1758764641252}
{"action": "send", "src": "AN-N173", "dst": "NA-N114", "hlc": {"phys": 1758764673364, "cnt": 0, "node": "AN-N173"}, "package_id": "PKG64641", "payload": {"status": "SENT"}, "sent_ts": 1758764641634, "arrival_ts": 1758764641634}
{"action": "send", "src": "AN-N173", "dst": "NA-N114", "hlc": {"phys": 1758764673773, "cnt": 0, "node": "AN-N173"}, "package_id": "PKG64641", "payload": {"status": "IN_TRANSIT"}, "sent_ts": 1758764642043, "arrival_ts": 1758764642043}
{"action": "send", "src": "AN-N173", "dst": "NA-N114", "hlc": {"phys": 1758764674031, "cnt": 0, "node": "AN-N173"}, "package_id": "PKG64641", "payload": {"status": "RECEIVED"}, "sent_ts": 1758764642301, "arrival_ts": 1758764642301}
{"action": "send", "src": "AN-N173", "dst": "NA-N114", "hlc": {"phys": 1758764674409, "cnt": 0, "node": "AN-N173"}, "package_id": "PKG64641", "payload": {"status": "DELIVERED"}, "sent_ts": 1758764642679, "arrival_ts": 1758764642679}
{"action": "recv", "src": "SA-N137", "dst": "AN-N173", "hlc": {"phys": 1758800026031, "cnt": 0, "node": "SA-N137"}, "package_id": "PKG4", "payload": {"status": "CREATED"}, "sent_ts": 1758800004661, "arrival_ts": 1758800004864}
{"action": "recv", "src": "SA-N137", "dst": "AN-N173", "hlc": {"phys": 1758800026448, "cnt": 0, "node": "SA-N137"}, "package_id": "PKG4", "payload": {"status": "SENT"}, "sent_ts": 1758800005078, "arrival_ts": 1758800005224}
{"action": "recv", "src": "SA-N137", "dst": "AN-N173", "hlc": {"phys": 1758800026817, "cnt": 0, "node": "SA-N137"}, "package_id": "PKG4", "payload": {"status": "IN_TRANSIT"}, "sent_ts": 1758800005447, "arrival_ts": 1758800005640}
{"action": "recv", "src": "SA-N137", "dst": "AN-N173", "hlc": {"phys": 1758800027204, "cnt": 0, "node": "SA-N137"}, "package_id": "PKG4", "payload": {"status": "RECEIVED"}, "sent_ts": 1758800005834, "arrival_ts": 1758800005880}
{"action": "recv", "src": "SA-N137", "dst": "AN-N173", "hlc": {"phys": 1758800027451, "cnt": 0, "node": "SA-N137"}, "package_id": "PKG4", "payload": {"status": "DELIVERED"}, "sent_ts": 1758800006081, "arrival_ts": 1758800006170}
{"action": "send", "src": "AN-N173", "dst": "NA-N126", "hlc": {"phys": 1758800455669, "cnt": 0, "node": "AN-N173"}, "package_id": "PKG423", "payload": {"status": "CREATED"}, "sent_ts": 1758800423939, "arrival_ts": 1758800423939}
{"action": "send", "src": "AN-N173", "dst": "NA-N126", "hlc": {"phys": 1758800455962, "cnt": 0, "node": "AN-N173"}, "package_id": "PKG423", "payload": {"status": "SENT"}, "sent_ts": 1758800424232, "arrival_ts": 1758800424232}
{"action": "send", "src": "AN-N173", "dst": "NA-N126", "hlc": {"phys": 1758800456195, "cnt": 0, "node": "AN-N173"}, "package_id": "PKG423", "payload": {"status": "IN_TRANSIT"}, "sent_ts": 1758800424465, "arrival_ts": 1758800424465}
{"action": "send", "src": "AN-N173", "dst": "NA-N126", "hlc": {"phys": 1758800456443, "cnt": 0, "node": "AN-N173"}, "package_id": "PKG423", "payload": {"status": "RECEIVED"}, "sent_ts": 1758800424713, "arrival_ts": 1758800424713}
{"action": "send", "src": "AN-N173", "dst": "NA-N126", "hlc": {"phys": 1758800456846, "cnt": 0, "node": "AN-N173"}, "package_id": "PKG423", "payload": {"status": "DELIVERED"}, "sent_ts": 1758800425115, "arrival_ts": 1758800425116}
{"action": "recv", "src": "AF-N23", "dst": "AN-N173", "hlc": {"phys": 1758800629305, "cnt": 0, "node": "AF-N23"}, "package_id": "PKG614", "payload": {"status": "CREATED"}, "sent_ts": 1758800614075, "arrival_ts": 1758800614101}
{"action": "recv", "src": "AF-N23", "dst": "AN-N173", "hlc": {"phys": 1758800629534, "cnt": 0, "node": "AF-N23"}, "package_id": "PKG614", "payload": {"status": "SENT"}, "sent_ts": 1758800614304, "arrival_ts": 1758800614459}
{"action": "recv", "src": "AF-N23", "dst": "AN-N173", "hlc": {"phys": 1758800629898, "cnt": 0, "node": "AF-N23"}, "package_id": "PKG614", "payload": {"status": "IN_TRANSIT"}, "sent_ts": 1758800614668, "arrival_ts": 1758800614769}
{"action": "recv", "src": "AF-N23", "dst": "AN-N173", "hlc": {"phys": 1758800630203, "cnt": 0, "node": "AF-N23"}, "package_id": "PKG614", "payload": {"status": "RECEIVED"}, "sent_ts": 1758800614973, "arrival_ts": 1758800615102}
{"action": "recv", "src": "AF-N23", "dst": "AN-N173", "hlc": {"phys": 1758800630539, "cnt": 0, "node": "AF-N23"}, "package_id": "PKG614", "payload": {"status": "DELIVERED"}, "sent_ts": 1758800615309, "arrival_ts": 1758800615335}
{"action": "send", "src": "AN-N173", "dst": "EU-N104", "hlc": {"phys": 1758804644247, "cnt": 0, "node": "AN-N173"}, "package_id": "PKG4612", "payload": {"status": "CREATED"}, "sent_ts": 1758804612517, "arrival_ts": 1758804612517}
{"action": "send", "src": "AN-N173", "dst": "EU-N104", "hlc": {"phys": 1758804644567, "cnt": 0, "node": "AN-N173"}, "package_id": "PKG4612", "payload": {"status": "SENT"}, "sent_ts": 1758804612836, "arrival_ts": 1758804612837}
{"action": "send", "src": "AN-N173", "dst": "EU-N104", "hlc": {"phys": 1758804644916, "cnt": 0, "node": "AN-N173"}, "package_id": "PKG4612", "payload": {"status": "IN_TRANSIT"}, "sent_ts": 1758804613186, "arrival_ts": 1758804613186}
{"action": "send", "src": "AN-N173", "dst": "EU-N104", "hlc": {"phys": 1758804645136, "cnt": 0, "node": "AN-N173"}, "package_id": "PKG4612", "payload": {"status": "RECEIVED"}, "sent_ts": 1758804613406, "arrival_ts": 1758804613406}
{"action": "send", "src": "AN-N173", "dst": "EU-N104", "hlc": {"phys": 1758804645498, "cnt": 0, "node": "AN-N173"}, "package_id": "PKG4612", "payload": {"status": "DELIVERED"}, "sent_ts": 1758804613768, "arrival_ts": 1758804613768}
{"action": "send", "src": "AN-N173", "dst": "AS-N83", "hlc": {"phys": 1758809860759, "cnt": 0, "node": "AN-N173"}, "package_id": "PKG9829", "payload": {"status": "CREATED"}, "sent_ts": 1758809829029, "arrival_ts": 1758809829029}
{"action": "send", "src": "AN-N173", "dst": "AS-N83", "hlc": {"phys": 1758809861051, "cnt": 0, "node": "AN-N173"}, "package_id": "PKG9829", "payload": {"status": "SENT"}, "sent_ts": 1758809829321, "arrival_ts": 1758809829321}
{"action": "send", "src": "AN-N173", "dst": "AS-N83", "hlc": {"phys": 1758809861269, "cnt": 0, "node": "AN-N173"}, "package_id": "PKG9829", "payload": {"status": "IN_TRANSIT"}, "sent_ts": 1758809829539, "arrival_ts": 1758809829539}
{"action": "send", "src": "AN-N173", "dst": "AS-N83", "hlc": {"phys": 1758809861488, "cnt": 0, "node": "AN-N173"}, "package_id": "PKG9829", "payload": {"status": "RECEIVED"}, "sent_ts": 1758809829758, "arrival_ts": 1758809829758}
{"action": "send", "src": "AN-N173", "dst": "AS-N83", "hlc": {"phys": 1758809861846, "cnt": 0, "node": "AN-N173"}, "package_id": "PKG9829", "payload": {"status": "DELIVERED"}, "sent_ts": 1758809830116, "arrival_ts": 1758809830116}
{"action": "recv", "src": "NA-N49", "dst": "AN-N173", "hlc": {"phys": 1758811627769, "cnt": 0, "node": "NA-N49"}, "package_id": "PKG11627", "payload": {"status": "CREATED"}, "sent_ts": 1758811627279, "arrival_ts": 1758811627450}
{"action": "recv", "src": "NA-N49", "dst": "AN-N173", "hlc": {"phys": 1758811628145, "cnt": 0, "node": "NA-N49"}, "package_id": "PKG11627", "payload": {"status": "SENT"}, "sent_ts": 1758811627655, "arrival_ts": 1758811627803}
{"action": "recv", "src": "NA-N49", "dst": "AN-N173", "hlc": {"phys": 1758811628504, "cnt": 0, "node": "NA-N49"}, "package_id": "PKG11627", "payload": {"status": "IN_TRANSIT"}, "sent_ts": 1758811628014, "arrival_ts": 1758811628153}
{"action": "recv", "src": "NA-N49", "dst": "AN-N173", "hlc": {"phys": 1758811628846, "cnt": 0, "node": "NA-N49"}, "package_id": "PKG11627", "payload": {"status": "RECEIVED"}, "sent_ts": 1758811628356, "arrival_ts": 1758811628447}
{"action": "recv", "src": "NA-N49", "dst": "AN-N173", "hlc": {"phys": 1758811629139, "cnt": 0, "node": "NA-N49"}, "package_id": "PKG11627", "payload": {"status": "DELIVERED"}, "sent_ts": 1758811628649, "arrival_ts": 1758811628727}
{"action": "recv", "src": "SA-N138", "dst": "AN-N173", "hlc": {"phys": 1758812575707, "cnt": 0, "node": "SA-N138"}, "package_id": "PKG12554", "payload": {"status": "CREATED"}, "sent_ts": 1758812554327, "arrival_ts": 1758812554398}
{"action": "recv", "src": "SA-N138", "dst": "AN-N173", "hlc": {"phys": 1758812575987, "cnt": 0, "node": "SA-N138"}, "package_id": "PKG12554", "payload": {"status": "SENT"}, "sent_ts": 1758812554607, "arrival_ts": 1758812554734}
{"action": "recv", "src": "SA-N138", "dst": "AN-N173", "hlc": {"phys": 1758812576329, "cnt": 0, "node": "SA-N138"}, "package_id": "PKG12554", "payload": {"status": "IN_TRANSIT"}, "sent_ts": 1758812554949, "arrival_ts": 1758812555041}
{"action": "recv", "src": "SA-N138", "dst": "AN-N173", "hlc": {"phys": 1758812576621, "cnt": 0, "node": "SA-N138"}, "package_id": "PKG12554", "payload": {"status": "RECEIVED"}, "sent_ts": 1758812555241, "arrival_ts": 1758812555305}
{"action": "recv", "src": "SA-N138", "dst": "AN-N173", "hlc": {"phys": 1758812576898, "cnt": 0, "node": "SA-N138"}, "package_id": "PKG12554", "payload": {"status": "DELIVERED"}, "sent_ts": 1758812555518, "arrival_ts": 1758812555599}
