{"action": "send", "src": "AN-N26", "dst": "AN-N156", "hlc": {"phys": 1758719467536, "cnt": 0, "node": "AN-N26"}, "package_id": "PKG19437", "payload": {"status": "CREATED"}, "sent_ts": 1758719437276, "arrival_ts": 1758719437276}
{"action": "send", "src": "AN-N26", "dst": "AN-N156", "hlc": {"phys": 1758719467938, "cnt": 0, "node": "AN-N26"}, "package_id": "PKG19437", "payload": {"status": "SENT"}, "sent_ts": 1758719437678, "arrival_ts": 1758719437678}
{"action": "send", "src": "AN-N26", "dst": "AN-N156", "hlc": {"phys": 1758719468153, "cnt": 0, "node": "AN-N26"}, "package_id": "PKG19437", "payload": {"status": "IN_TRANSIT"}, "sent_ts": 1758719437893, "arrival_ts": 1758719437893}
{"action": "send", "src": "AN-N26", "dst": "AN-N156", "hlc": {"phys": 1758719468458, "cnt": 0, "node": "AN-N26"}, "package_id": "PKG19437", "payload": {"status": "RECEIVED"}, "sent_ts": 1758719438198, "arrival_ts": 1758719438198}
{"action": "send", "src": "AN-N26", "dst": "AN-N156", "hlc": {"phys": 1758719468707, "cnt": 0, "node": "AN-N26"}, "package_id": "PKG19437", "payload": {"status": "DELIVERED"}, "sent_ts": 1758719438447, "arrival_ts": 1758719438447}
{"action": "send", "src": "AN-N26", "dst": "AU-N160", "hlc": {"phys": 1758739448169, "cnt": 0, "node": "AN-N26"}, "package_id": "PKG39417", "payload": {"status": "CREATED"}, "sent_ts": 1758739417909, "arrival_ts": 1758739417909}
{"action": "send", "src": "AN-N26", "dst": "AU-N160", "hlc": {"phys": 1758739448480, "cnt": 0, "node": "AN-N26"}, "package_id": "PKG39417", "payload": {"status": "SENT"}, "sent_ts": 1758739418220, "arrival_ts": 1758739418220}
{"action": "send", "src": "AN-N26", "dst": "AU-N160", "hlc": {"phys": 1758739448870, "cnt": 0, "node": "AN-N26"}, "package_id": "PKG39417", "payload": {"status": "IN_TRANSIT"}, "sent_ts": 1758739418610, "arrival_ts": 1758739418610}
{"action": "send", "src": "AN-N26", "dst": "AU-N160", "hlc": {"phys": 1758739449191, "cnt": 0, "node": "AN-N26"}, "package_id": "PKG39417", "payload": {"status": "RECEIVED"}, "sent_ts": 1758739418931, "arrival_ts": 1758739418931}
{"action": "send", "src": "AN-N26", "dst": "AU-N160", "hlc": {"phys": 1758739449465, "cnt": 0, "node": "AN-N26"}, "package_id": "PKG39417", "payload": {"status": "DELIVERED"}, "sent_ts": 1758739419205, "arrival_ts": 1758739419205}
{"action": "send", "src": "AN-N26", "dst": "NA-N147", "hlc": {"phys": 1758742862192, "cnt": 0, "node": "AN-N26"}, "package_id": "PKG42831", "payload": {"status": "CREATED"}, "sent_ts": 1758742831932, "arrival_ts": 1758742831932}
{"action": "send", "src": "AN-N26", "dst": "NA-N147", "hlc": {"phys": 1758742862517, "cnt": 0, "node": "AN-N26"}, "package_id": "PKG42831", "payload": {"status": "SENT"}, "sent_ts": 1758742832257, "arrival_ts": 1758742832257}
{"action": "send", "src": "AN-N26", "dst": "NA-N147", "hlc": {"phys": 1758742862922, "cnt": 0, "node": "AN-N26"}, "package_id": "PKG42831", "payload": {"status": "IN_TRANSIT"}, "sent_ts": 1758742832662, "arrival_ts": 1758742832662}
{"action": "send", "src": "AN-N26", "dst": "NA-N147", "hlc": {"phys": 1758742863246, "cnt": 0, "node": "AN-N26"}, "package_id": "PKG42831", "payload": {"status": "RECEIVED"}, "sent_ts": 1758742832986, "arrival_ts": 1758742832986}
{"action": "send", "src": "AN-N26", "dst": "NA-N147", "hlc": {"phys": 1758742863637, "cnt": 0, "node": "AN-N26"}, "package_id": "PKG42831", "payload": {"status": "DELIVERED"}, "sent_ts": 1758742833377, "arrival_ts": 1758742833377}
{"action": "recv", "src": "AN-N93", "dst": "AN-N26", "hlc": {"phys": 1758743947866, "cnt": 0, "node": "AN-N93"}, "package_id": "PKG43916", "payload": {"status": "CREATED"}, "sent_ts": 1758743916936, "arrival_ts": 1758743916996}
{"action": "recv", "src": "AN-N93", "dst": "AN-N26", "hlc": {"phys": 1758743948132, "cnt": 0, "node": "AN-N93"}, "package_id": "PKG43916", "payload": {"status": "SENT"}, "sent_ts": 1758743917202, "arrival_ts": 1758743917256}
{"action": "recv", "src": "AN-N93", "dst": "AN-N26", "hlc": {"phys": 1758743948380, "cnt": 0, "node": "AN-N93"}, "package_id": "PKG43916", "payload": {"status": "IN_TRANSIT"}, "sent_ts": 1758743917450, "arrival_ts": 1758743917551}
{"action": "recv", "src": "AN-N93", "dst": "AN-N26", "hlc": {"phys": 1758743948686, "cnt": 0, "node": "AN-N93"}, "package_id": "PKG43916", "payload": {"status": "RECEIVED"}, "sent_ts": 1758743917756, "arrival_ts": 1758743917893}
{"action": "recv", "src": "AN-N93", "dst": "AN-N26", "hlc": {"phys": 1758743949025, "cnt": 0, "node": "AN-N93"}, "package_id": "PKG43916", "payload": {"status": "DELIVERED"}, "sent_ts": 1758743918095, "arrival_ts": 1758743918117}
{"action": "send", "src": "AN-N26", "dst": "AS-N5", "hlc": {"phys": 1758745186307, "cnt": 0, "node": "AN-N26"}, "package_id": "PKG45156", "payload": {"status": "CREATED"}, "sent_ts": 1758745156047, "arrival_ts": 1758745156047}
{"action": "send", "src": "AN-N26", "dst": "AS-N5", "hlc": {"phys": 1758745186586, "cnt": 0, "node": "AN-N26"}, "package_id": "PKG45156", "payload": {"status": "SENT"}, "sent_ts": 1758745156326, "arrival_ts": 1758745156326}
{"action": "send", "src": "AN-N26", "dst": "AS-N5", "hlc": {"phys": 1758745186894, "cnt": 0, "node": "AN-N26"}, "package_id": "PKG45156", "payload": {"status": "IN_TRANSIT"}, "sent_ts": 1758745156634, "arrival_ts": 1758745156634}
{"action": "send", "src": "AN-N26", "dst": "AS-N5", "hlc": {"phys": 1758745187142, "cnt": 0, "node": "AN-N26"}, "package_id": "PKG45156", "payload": {"status": "RECEIVED"}, "sent_ts": 1758745156882, "arrival_ts": 1758745156882}
{"action": "send", "src": "AN-N26", "dst": "AS-N5", "hlc": {"phys": 1758745187358, "cnt": 0, "node": "AN-N26"}, "package_id": "PKG45156", "payload": {"status": "DELIVERED"}, "sent_ts": 1758745157098, "arrival_ts": 1758745157098}
{"action": "recv", "src": "SA-N99", "dst": "AN-N26", "hlc": {"phys": 1758745503449, "cnt": 0, "node": "SA-N99"}, "package_id": "PKG45482", "payload": {"status": "CREATED"}, "sent_ts": 1758745482459, "arrival_ts": 1758745482522}
{"action": "recv", "src": "SA-N99", "dst": "AN-N26", "hlc": {"phys": 1758745503711, "cnt": 0, "node": "SA-N99"}, "package_id": "PKG45482", "payload": {"status": "SENT"}, "sent_ts": 1758745482721, "arrival_ts": 1758745482796}
{"action": "recv", "src": "SA-N99", "dst": "AN-N26", "hlc": {"phys": 1758745503993, "cnt": 0, "node": "SA-N99"}, "package_id": "PKG45482", "payload": {"status": "IN_TRANSIT"}, "sent_ts": 1758745483003, "arrival_ts": 1758745483116}
{"action": "recv", "src": "SA-N99", "dst": "AN-N26", "hlc": {"phys": 1758745504302, "cnt": 0, "node": "SA-N99"}, "package_id": "PKG45482", "payload": {"status": "RECEIVED"}, "sent_ts": 1758745483312, "arrival_ts": 1758745483503}
{"action": "recv", "src": "SA-N99", "dst": "AN-N26", "hlc": {"phys": 1758745504705, "cnt": 0, "node": "SA-N99"}, "package_id": "PKG45482", "payload": {"status": "DELIVERED"}, "sent_ts": 1758745483715, "arrival_ts": 1758745483905}
{"action": "recv", "src": "AF-N99", "dst": "AN-N26", "hlc": {"phys": 1758746295080, "cnt": 0, "node": "AF-N99"}, "package_id": "PKG46279", "payload": {"status": "CREATED"}, "sent_ts": 1758746279090, "arrival_ts": 1758746279215}
{"action": "recv", "src": "AF-N99", "dst": "AN-N26", "hlc": {"phys": 1758746295422, "cnt": 0, "node": "AF-N99"}, "package_id": "PKG46279", "payload": {"status": "SENT"}, "sent_ts": 1758746279432, "arrival_ts": 1758746279595}
{"action": "recv", "src": "AF-N99", "dst": "AN-N26", "hlc": {"phys": 1758746295795, "cnt": 0, "node": "AF-N99"}, "package_id": "PKG46279", "payload": {"status": "IN_TRANSIT"}, "sent_ts": 1758746279805, "arrival_ts": 1758746279941}
{"action": "recv", "src": "AF-N99", "dst": "AN-N26", "hlc": {"phys": 1758746296136, "cnt": 0, "node": "AF-N99"}, "package_id": "PKG46279", "payload": {"status": "RECEIVED"}, "sent_ts": 1758746280146, "arrival_ts": 1758746280273}
{"action": "recv", "src": "AF-N99", "dst": "AN-N26", "hlc": {"phys": 1758746296467, "cnt": 0, "node": "AF-N99"}, "package_id": "PKG46279", "payload": {"status": "DELIVERED"}, "sent_ts": 1758746280477, "arrival_ts": 1758746280563}
{"action": "send", "src": "AN-N26", "dst": "AS-N34", "hlc": {"phys": 1758749289580, "cnt": 0, "node": "AN-N26"}, "package_id": "PKG49259", "payload": {"status": "CREATED"}, "sent_ts": 1758749259320, "arrival_ts": 1758749259320}
{"action": "send", "src": "AN-N26", "dst": "AS-N34", "hlc": {"phys": 1758749289832, "cnt": 0, "node": "AN-N26"}, "package_id": "PKG49259", "payload": {"status": "SENT"}, "sent_ts": 1758749259572, "arrival_ts": 1758749259572}
{"action": "send", "src": "AN-N26", "dst": "AS-N34", "hlc": {"phys": 1758749290146, "cnt": 0, "node": "AN-N26"}, "package_id": "PKG49259", "payload": {"status": "IN_TRANSIT"}, "sent_ts": 1758749259886, "arrival_ts": 1758749259886}
{"action": "send", "src": "AN-N26", "dst": "AS-N34", "hlc": {"phys": 1758749290518, "cnt": 0, "node": "AN-N26"}, "package_id": "PKG49259", "payload": {"status": "RECEIVED"}, "sent_ts": 1758749260258, "arrival_ts": 1758749260258}
{"action": "send", "src": "AN-N26", "dst": "AS-N34", "hlc": {"phys": 1758749290797, "cnt": 0, "node": "AN-N26"}, "package_id": "PKG49259", "payload": {"status": "DELIVERED"}, "sent_ts": 1758749260537, "arrival_ts": 1758749260537}
{"action": "send", "src": "AN-N26", "dst": "AU-N180", "hlc": {"phys": 1758749548753, "cnt": 0, "node": "AN-N26"}, "package_id": "PKG49518", "payload": {"status": "CREATED"}, "sent_ts": 1758749518493, "arrival_ts": 1758749518493}
{"action": "send", "src": "AN-N26", "dst": "AU-N180", "hlc": {"phys": 1758749549125, "cnt": 0, "node": "AN-N26"}, "package_id": "PKG49518", "payload": {"status": "SENT"}, "sent_ts": 1758749518865, "arrival_ts": 1758749518865}
{"action": "send", "src": "AN-N26", "dst": "AU-N180", "hlc": {"phys": 1758749549435, "cnt": 0, "node": "AN-N26"}, "package_id": "PKG49518", "payload": {"status": "IN_TRANSIT"}, "sent_ts": 1758749519175, "arrival_ts": 1758749519175}
{"action": "send", "src": "AN-N26", "dst": "AU-N180", "hlc": {"phys": 1758749549840, "cnt": 0, "node": "AN-N26"}, "package_id": "PKG49518", "payload": {"status": "RECEIVED"}, "sent_ts": 1758749519580, "arrival_ts": 1758749519580}
{"action": "send", "src": "AN-N26", "dst": "AU-N180", "hlc": {"phys": 1758749550132, "cnt": 0, "node": "AN-N26"}, "package_id": "PKG49518", "payload": {"status": "DELIVERED"}, "sent_ts": 1758749519872, "arrival_ts": 1758749519872}
{"action": "recv", "src": "AN-N81", "dst": "AN-N26", "hlc": {"phys": 1758749819639, "cnt": 0, "node": "AN-N81"}, "package_id": "PKG49788", "payload": {"status": "CREATED"}, "sent_ts": 1758749788829, "arrival_ts": 1758749789021}
{"action": "recv", "src": "AN-N81", "dst": "AN-N26", "hlc": {"phys": 1758749820037, "cnt": 0, "node": "AN-N81"}, "package_id": "PKG49788", "payload": {"status": "SENT"}, "sent_ts": 1758749789227, "arrival_ts": 1758749789247}
{"action": "recv", "src": "AN-N81", "dst": "AN-N26", "hlc": {"phys": 1758749820258, "cnt": 0, "node": "AN-N81"}, "package_id": "PKG49788", "payload": {"status": "IN_TRANSIT"}, "sent_ts": 1758749789448, "arrival_ts": 1758749789517}
{"action": "recv", "src": "AN-N81", "dst": "AN-N26", "hlc": {"phys": 1758749820541, "cnt": 0, "node": "AN-N81"}, "package_id": "PKG49788", "payload": {"status": "RECEIVED"}, "sent_ts": 1758749789731, "arrival_ts": 1758749789744}
{"action": "recv", "src": "AN-N81", "dst": "AN-N26", "hlc": {"phys": 1758749820741, "cnt": 0, "node": "AN-N81"}, "package_id": "PKG49788", "payload": {"status": "DELIVERED"}, "sent_ts": 1758749789931, "arrival_ts": 1758749789992}
{"action": "send", "src": "AN-N26", "dst": "AU-N29", "hlc": {"phys": 1758752603017, "cnt": 0, "node": "AN-N26"}, "package_id": "PKG52572", "payload": {"status": "CREATED"}, "sent_ts": 1758752572757, "arrival_ts": 1758752572757}
{"action": "send", "src": "AN-N26", "dst": "AU-N29", "hlc": {"phys": 1758752603300, "cnt": 0, "node": "AN-N26"}, "package_id": "PKG52572", "payload": {"status": "SENT"}, "sent_ts": 1758752573040, "arrival_ts": 1758752573040}
{"action": "send", "src": "AN-N26", "dst": "AU-N29", "hlc": {"phys": 1758752603559, "cnt": 0, "node": "AN-N26"}, "package_id": "PKG52572", "payload": {"status": "IN_TRANSIT"}, "sent_ts": 1758752573299, "arrival_ts": 1758752573299}
{"action": "send", "src": "AN-N26", "dst": "AU-N29", "hlc": {"phys": 1758752603802, "cnt": 0, "node": "AN-N26"}, "package_id": "PKG52572", "payload": {"status": "RECEIVED"}, "sent_ts": 1758752573542, "arrival_ts": 1758752573542}
{"action": "send", "src": "AN-N26", "dst": "AU-N29", "hlc": {"phys": 1758752604122, "cnt": 0, "node": "AN-N26"}, "package_id": "PKG52572", "payload": {"status": "DELIVERED"}, "sent_ts": 1758752573862, "arrival_ts": 1758752573862}
{"action": "send", "src": "AN-N26", "dst": "AF-N113", "hlc": {"phys": 1758755395247, "cnt": 0, "node": "AN-N26"}, "package_id": "PKG55364", "payload": {"status": "CREATED"}, "sent_ts": 1758755364987, "arrival_ts": 1758755364987}
{"action": "send", "src": "AN-N26", "dst": "AF-N113", "hlc": {"phys": 1758755395608, "cnt": 0, "node": "AN-N26"}, "package_id": "PKG55364", "payload": {"status": "SENT"}, "sent_ts": 1758755365348, "arrival_ts": 1758755365348}
{"action": "send", "src": "AN-N26", "dst": "AF-N113", "hlc": {"phys": 1758755395834, "cnt": 0, "node": "AN-N26"}, "package_id": "PKG55364", "payload": {"status": "IN_TRANSIT"}, "sent_ts": 1758755365574, "arrival_ts": 1758755365574}
{"action": "send", "src": "AN-N26", "dst": "AF-N113", "hlc": {"phys": 1758755396149, "cnt": 0, "node": "AN-N26"}, "package_id": "PKG55364", "payload": {"status": "RECEIVED"}, "sent_ts": 1758755365889, "arrival_ts": 1758755365889}
{"action": "send", "src": "AN-N26", "dst": "AF-N113", "hlc": {"phys": 1758755396521, "cnt": 0, "node": "AN-N26"}, "package_id": "PKG55364", "payload": {"status": "DELIVERED"}, "sent_ts": 1758755366261, "arrival_ts": 1758755366261}
{"action": "send", "src": "AN-N26", "dst": "AN-N78", "hlc": {"phys": 1758758424975, "cnt": 0, "node": "AN-N26"}, "package_id": "PKG58394", "payload": {"status": "CREATED"}, "sent_ts": 1758758394715, "arrival_ts": 1758758394715}
{"action": "send", "src": "AN-N26", "dst": "AN-N78", "hlc": {"phys": 1758758425379, "cnt": 0, "node": "AN-N26"}, "package_id": "PKG58394", "payload": {"status": "SENT"}, "sent_ts": 1758758395119, "arrival_ts": 1758758395119}
{"action": "send", "src": "AN-N26", "dst": "AN-N78", "hlc": {"phys": 1758758425641, "cnt": 0, "node": "AN-N26"}, "package_id": "PKG58394", "payload": {"status": "IN_TRANSIT"}, "sent_ts": 1758758395381, "arrival_ts": 1758758395381}
{"action": "send", "src": "AN-N26", "dst": "AN-N78", "hlc": {"phys": 1758758425904, "cnt": 0, "node": "AN-N26"}, "package_id": "PKG58394", "payload": {"status": "RECEIVED"}, "sent_ts": 1758758395644, "arrival_ts": 1758758395644}
{"action": "send", "src": "AN-N26", "dst": "AN-N78", "hlc": {"phys": 1758758426292, "cnt": 0, "node": "AN-N26"}, "package_id": "PKG58394", "payload": {"status": "DELIVERED"}, "sent_ts": 1758758396032, "arrival_ts": 1758758396032}
{"action": "send", "src": "AN-N26", "dst": "AS-N164", "hlc": {"phys": 1758759852016, "cnt": 0, "node": "AN-N26"}, "package_id": "PKG59821", "payload": {"status": "CREATED"}, "sent_ts": 1758759821756, "arrival_ts": 1758759821756}
{"action": "send", "src": "AN-N26", "dst": "AS-N164", "hlc": {"phys": 1758759852234, "cnt": 0, "node": "AN-N26"}, "package_id": "PKG59821", "payload": {"status": "SENT"}, "sent_ts": 1758759821974, "arrival_ts": 1758759821974}
{"action": "send", "src": "AN-N26", "dst": "AS-N164", "hlc": {"phys": 1758759852595, "cnt": 0, "node": "AN-N26"}, "package_id": "PKG59821", "payload": {"status": "IN_TRANSIT"}, "sent_ts": 1758759822335, "arrival_ts": 1758759822335}
{"action": "send", "src": "AN-N26", "dst": "AS-N164", "hlc": {"phys": 1758759852874, "cnt": 0, "node": "AN-N26"}, "package_id": "PKG59821", "payload": {"status": "RECEIVED"}, "sent_ts": 1758759822614, "arrival_ts": 1758759822614}
{"action": "send", "src": "AN-N26", "dst": "AS-N164", "hlc": {"phys": 1758759853167, "cnt": 0, "node": "AN-N26"}, "package_id": "PKG59821", "payload": {"status": "DELIVERED"}, "sent_ts": 1758759822907, "arrival_ts": 1758759822907}
{"action": "recv", "src": "AS-N1", "dst": "AN-N26", "hlc": {"phys": 1758761381780, "cnt": 0, "node": "AS-N1"}, "package_id": "PKG61371", "payload": {"status": "CREATED"}, "sent_ts": 1758761371770, "arrival_ts": 1758761371799}
{"action": "recv", "src": "AS-N1", "dst": "AN-N26", "hlc": {"phys": 1758761381996, "cnt": 0, "node": "AS-N1"}, "package_id": "PKG61371", "payload": {"status": "SENT"}, "sent_ts": 1758761371986, "arrival_ts": 1758761372141}
{"action": "recv", "src": "AS-N1", "dst": "AN-N26", "hlc": {"phys": 1758761382376, "cnt": 0, "node": "AS-N1"}, "package_id": "PKG61371", "payload": {"status": "IN_TRANSIT"}, "sent_ts": 1758761372366, "arrival_ts": 1758761372522}
{"action": "recv", "src": "AS-N1", "dst": "AN-N26", "hlc": {"phys": 1758761382743, "cnt": 0, "node": "AS-N1"}, "package_id": "PKG61371", "payload": {"status": "RECEIVED"}, "sent_ts": 1758761372733, "arrival_ts": 1758761372852}
{"action": "recv", "src": "AS-N1", "dst": "AN-N26", "hlc": {"phys": 1758761383069, "cnt": 0, "node": "AS-N1"}, "package_id": "PKG61371", "payload": {"status": "DELIVERED"}, "sent_ts": 1758761373059, "arrival_ts": 1758761373084}
{"action": "send", "src": "AN-N26", "dst": "AF-N8", "hlc": {"phys": 1758803565275, "cnt": 0, "node": "AN-N26"}, "package_id": "PKG3535", "payload": {"status": "CREATED"}, "sent_ts": 1758803535015, "arrival_ts": 1758803535015}
{"action": "send", "src": "AN-N26", "dst": "AF-N8", "hlc": {"phys": 1758803565553, "cnt": 0, "node": "AN-N26"}, "package_id": "PKG3535", "payload": {"status": "SENT"}, "sent_ts": 1758803535293, "arrival_ts": 1758803535293}
{"action": "send", "src": "AN-N26", "dst": "AF-N8", "hlc": {"phys": 1758803565941, "cnt": 0, "node": "AN-N26"}, "package_id": "PKG3535", "payload": {"status": "IN_TRANSIT"}, "sent_ts": 1758803535681, "arrival_ts": 1758803535681}
{"action": "send", "src": "AN-N26", "dst": "AF-N8", "hlc": {"phys": 1758803566236, "cnt": 0, "node": "AN-N26"}, "package_id": "PKG3535", "payload": {"status": "RECEIVED"}, "sent_ts": 1758803535976, "arrival_ts": 1758803535976}
{"action": "send", "src": "AN-N26", "dst": "AF-N8", "hlc": {"phys": 1758803566498, "cnt": 0, "node": "AN-N26"}, "package_id": "PKG3535", "payload": {"status": "DELIVERED"}, "sent_ts": 1758803536238, "arrival_ts": 1758803536238}
{"action": "send", "src": "AN-N26", "dst": "AU-N53", "hlc": {"phys": 1758804734342, "cnt": 0, "node": "AN-N26"}, "package_id": "PKG4704", "payload": {"status": "CREATED"}, "sent_ts": 1758804704082, "arrival_ts": 1758804704082}
{"action": "send", "src": "AN-N26", "dst": "AU-N53", "hlc": {"phys": 1758804734563, "cnt": 0, "node": "AN-N26"}, "package_id": "PKG4704", "payload": {"status": "SENT"}, "sent_ts": 1758804704303, "arrival_ts": 1758804704303}
{"action": "send", "src": "AN-N26", "dst": "AU-N53", "hlc": {"phys": 1758804734801, "cnt": 0, "node": "AN-N26"}, "package_id": "PKG4704", "payload": {"status": "IN_TRANSIT"}, "sent_ts": 1758804704541, "arrival_ts": 1758804704541}
{"action": "send", "src": "AN-N26", "dst": "AU-N53", "hlc": {"phys": 1758804735098, "cnt": 0, "node": "AN-N26"}, "package_id": "PKG4704", "payload": {"status": "RECEIVED"}, "sent_ts": 1758804704838, "arrival_ts": 1758804704838}
{"action": "send", "src": "AN-N26", "dst": "AU-N53", "hlc": {"phys": 1758804735457, "cnt": 0, "node": "AN-N26"}, "package_id": "PKG4704", "payload": {"status": "DELIVERED"}, "sent_ts": 1758804705197, "arrival_ts": 1758804705197}
{"action": "send", "src": "AN-N26", "dst": "AU-N38", "hlc": {"phys": 1758809921006, "cnt": 0, "node": "AN-N26"}, "package_id": "PKG9890", "payload": {"status": "CREATED"}, "sent_ts": 1758809890746, "arrival_ts": 1758809890746}
{"action": "send", "src": "AN-N26", "dst": "AU-N38", "hlc": {"phys": 1758809921321, "cnt": 0, "node": "AN-N26"}, "package_id": "PKG9890", "payload": {"status": "SENT"}, "sent_ts": 1758809891061, "arrival_ts": 1758809891061}
{"action": "send", "src": "AN-N26", "dst": "AU-N38", "hlc": {"phys": 1758809921571, "cnt": 0, "node": "AN-N26"}, "package_id": "PKG9890", "payload": {"status": "IN_TRANSIT"}, "sent_ts": 1758809891311, "arrival_ts": 1758809891311}
{"action": "send", "src": "AN-N26", "dst": "AU-N38", "hlc": {"phys": 1758809921911, "cnt": 0, "node": "AN-N26"}, "package_id": "PKG9890", "payload": {"status": "RECEIVED"}, "sent_ts": 1758809891651, "arrival_ts": 1758809891651}
{"action": "send", "src": "AN-N26", "dst": "AU-N38", "hlc": {"phys": 1758809922159, "cnt": 0, "node": "AN-N26"}, "package_id": "PKG9890", "payload": {"status": "DELIVERED"}, "sent_ts": 1758809891899, "arrival_ts": 1758809891899}
{"action": "recv", "src": "AN-N70", "dst": "AN-N26", "hlc": {"phys": 1758810053836, "cnt": 0, "node": "AN-N70"}, "package_id": "PKG10023", "payload": {"status": "CREATED"}, "sent_ts": 1758810023136, "arrival_ts": 1758810023152}
{"action": "recv", "src": "AN-N70", "dst": "AN-N26", "hlc": {"phys": 1758810054053, "cnt": 0, "node": "AN-N70"}, "package_id": "PKG10023", "payload": {"status": "SENT"}, "sent_ts": 1758810023353, "arrival_ts": 1758810023532}
{"action": "recv", "src": "AN-N70", "dst": "AN-N26", "hlc": {"phys": 1758810054441, "cnt": 0, "node": "AN-N70"}, "package_id": "PKG10023", "payload": {"status": "IN_TRANSIT"}, "sent_ts": 1758810023741, "arrival_ts": 1758810023896}
{"action": "recv", "src": "AN-N70", "dst": "AN-N26", "hlc": {"phys": 1758810054797, "cnt": 0, "node": "AN-N70"}, "package_id": "PKG10023", "payload": {"status": "RECEIVED"}, "sent_ts": 1758810024097, "arrival_ts": 1758810024161}
{"action": "recv", "src": "AN-N70", "dst": "AN-N26", "hlc": {"phys": 1758810055061, "cnt": 0, "node": "AN-N70"}, "package_id": "PKG10023", "payload": {"status": "DELIVERED"}, "sent_ts": 1758810024361, "arrival_ts": 1758810024524}
{"action": "recv", "src": "AN-N60", "dst": "AN-N26", "hlc": {"phys": 1758810226778, "cnt": 0, "node": "AN-N60"}, "package_id": "PKG10196", "payload": {"status": "CREATED"}, "sent_ts": 1758810196178, "arrival_ts": 1758810196341}
{"action": "recv", "src": "AN-N60", "dst": "AN-N26", "hlc": {"phys": 1758810227132, "cnt": 0, "node": "AN-N60"}, "package_id": "PKG10196", "payload": {"status": "SENT"}, "sent_ts": 1758810196532, "arrival_ts": 1758810196686}
{"action": "recv", "src": "AN-N60", "dst": "AN-N26", "hlc": {"phys": 1758810227503, "cnt": 0, "node": "AN-N60"}, "package_id": "PKG10196", "payload": {"status": "IN_TRANSIT"}, "sent_ts": 1758810196903, "arrival_ts": 1758810196960}
{"action": "recv", "src": "AN-N60", "dst": "AN-N26", "hlc": {"phys": 1758810227768, "cnt": 0, "node": "AN-N60"}, "package_id": "PKG10196", "payload": {"status": "RECEIVED"}, "sent_ts": 1758810197168, "arrival_ts": 1758810197314}
{"action": "recv", "src": "AN-N60", "dst": "AN-N26", "hlc": {"phys": 1758810228125, "cnt": 0, "node": "AN-N60"}, "package_id": "PKG10196", "payload": {"status": "DELIVERED"}, "sent_ts": 1758810197525, "arrival_ts": 1758810197536}
{"action": "recv", "src": "AF-N141", "dst": "AN-N26", "hlc": {"phys": 1758813535091, "cnt": 0, "node": "AF-N141"}, "package_id": "PKG13518", "payload": {"status": "CREATED"}, "sent_ts": 1758813518681, "arrival_ts": 1758813518851}
{"action": "recv", "src": "AF-N141", "dst": "AN-N26", "hlc": {"phys": 1758813535465, "cnt": 0, "node": "AF-N141"}, "package_id": "PKG13518", "payload": {"status": "SENT"}, "sent_ts": 1758813519055, "arrival_ts": 1758813519249}
{"action": "recv", "src": "AF-N141", "dst": "AN-N26", "hlc": {"phys": 1758813535869, "cnt": 0, "node": "AF-N141"}, "package_id": "PKG13518", "payload": {"status": "IN_TRANSIT"}, "sent_ts": 1758813519459, "arrival_ts": 1758813519624}
{"action": "recv", "src": "AF-N141", "dst": "AN-N26", "hlc": {"phys": 1758813536242, "cnt": 0, "node": "AF-N141"}, "package_id": "PKG13518", "payload": {"status": "RECEIVED"}, "sent_ts": 1758813519832, "arrival_ts": 1758813519927}
{"action": "recv", "src": "AF-N141", "dst": "AN-N26", "hlc": {"phys": 1758813536535, "cnt": 0, "node": "AF-N141"}, "package_id": "PKG13518", "payload": {"status": "DELIVERED"}, "sent_ts": 1758813520125, "arrival_ts": 1758813520274}
{"action": "recv", "src": "NA-N122", "dst": "AN-N26", "hlc": {"phys": 1758814285973, "cnt": 0, "node": "NA-N122"}, "package_id": "PKG14284", "payload": {"status": "CREATED"}, "sent_ts": 1758814284753, "arrival_ts": 1758814284931}
{"action": "recv", "src": "NA-N122", "dst": "AN-N26", "hlc": {"phys": 1758814286359, "cnt": 0, "node": "NA-N122"}, "package_id": "PKG14284", "payload": {"status": "SENT"}, "sent_ts": 1758814285139, "arrival_ts": 1758814285222}
{"action": "recv", "src": "NA-N122", "dst": "AN-N26", "hlc": {"phys": 1758814286651, "cnt": 0, "node": "NA-N122"}, "package_id": "PKG14284", "payload": {"status": "IN_TRANSIT"}, "sent_ts": 1758814285431, "arrival_ts": 1758814285464}
{"action": "recv", "src": "NA-N122", "dst": "AN-N26", "hlc": {"phys": 1758814286886, "cnt": 0, "node": "NA-N122"}, "package_id": "PKG14284", "payload": {"status": "RECEIVED"}, "sent_ts": 1758814285666, "arrival_ts": 1758814285826}
{"action": "recv", "src": "NA-N122", "dst": "AN-N26", "hlc": {"phys": 1758814287241, "cnt": 0, "node": "NA-N122"}, "package_id": "PKG14284", "payload": {"status": "DELIVERED"}, "sent_ts": 1758814286021, "arrival_ts": 1758814286140}
{"action": "send", "src": "AN-N26", "dst": "SA-N135", "hlc": {"phys": 1758814346142, "cnt": 0, "node": "AN-N26"}, "package_id": "PKG14315", "payload": {"status": "CREATED"}, "sent_ts": 1758814315882, "arrival_ts": 1758814315882}
{"action": "send", "src": "AN-N26", "dst": "SA-N135", "hlc": {"phys": 1758814346546, "cnt": 0, "node": "AN-N26"}, "package_id": "PKG14315", "payload": {"status": "SENT"}, "sent_ts": 1758814316286, "arrival_ts": 1758814316286}
{"action": "send", "src": "AN-N26", "dst": "SA-N135", "hlc": {"phys": 1758814346915, "cnt": 0, "node": "AN-N26"}, "package_id": "PKG14315", "payload": {"status": "IN_TRANSIT"}, "sent_ts": 1758814316655, "arrival_ts": 1758814316655}
{"action": "send", "src": "AN-N26", "dst": "SA-N135", "hlc": {"phys": 1758814347290, "cnt": 0, "node": "AN-N26"}, "package_id": "PKG14315", "payload": {"status": "RECEIVED"}, "sent_ts": 1758814317030, "arrival_ts": 1758814317030}
{"action": "send", "src": "AN-N26", "dst": "SA-N135", "hlc": {"phys": 1758814347646, "cnt": 0, "node": "AN-N26"}, "package_id": "PKG14315", "payload": {"status": "DELIVERED"}, "sent_ts": 1758814317386, "arrival_ts": 1758814317386}
{"action": "send", "src": "AN-N26", "dst": "AS-N198", "hlc": {"phys": 1758814472279, "cnt": 0, "node": "AN-N26"}, "package_id": "PKG14442", "payload": {"status": "CREATED"}, "sent_ts": 1758814442019, "arrival_ts": 1758814442019}
{"action": "send", "src": "AN-N26", "dst": "AS-N198", "hlc": {"phys": 1758814472604, "cnt": 0, "node": "AN-N26"}, "package_id": "PKG14442", "payload": {"status": "SENT"}, "sent_ts": 1758814442344, "arrival_ts": 1758814442344}
{"action": "send", "src": "AN-N26", "dst": "AS-N198", "hlc": {"phys": 1758814473007, "cnt": 0, "node": "AN-N26"}, "package_id": "PKG14442", "payload": {"status": "IN_TRANSIT"}, "sent_ts": 1758814442747, "arrival_ts": 1758814442747}
{"action": "send", "src": "AN-N26", "dst": "AS-N198", "hlc": {"phys": 1758814473319, "cnt": 0, "node": "AN-N26"}, "package_id": "PKG14442", "payload": {"status": "RECEIVED"}, "sent_ts": 1758814443059, "arrival_ts": 1758814443059}
{"action": "send", "src": "AN-N26", "dst": "AS-N198", "hlc": {"phys": 1758814473553, "cnt": 0, "node": "AN-N26"}, "package_id": "PKG14442", "payload": {"status": "DELIVERED"}, "sent_ts": 1758814443293, "arrival_ts": 1758814443293}
