{"action": "recv", "src": "SA-N145", "dst": "AN-N139", "hlc": {"phys": 1758713931815, "cnt": 0, "node": "SA-N145"}, "package_id": "PKG13910", "payload": {"status": "CREATED"}, "sent_ts": 1758713910365, "arrival_ts": 1758713910430}
{"action": "recv", "src": "SA-N145", "dst": "AN-N139", "hlc": {"phys": 1758713932097, "cnt": 0, "node": "SA-N145"}, "package_id": "PKG13910", "payload": {"status": "SENT"}, "sent_ts": 1758713910647, "arrival_ts": 1758713910762}
{"action": "recv", "src": "SA-N145", "dst": "AN-N139", "hlc": {"phys": 1758713932413, "cnt": 0, "node": "SA-N145"}, "package_id": "PKG13910", "payload": {"status": "IN_TRANSIT"}, "sent_ts": 1758713910963, "arrival_ts": 1758713911070}
{"action": "recv", "src": "SA-N145", "dst": "AN-N139", "hlc": {"phys": 1758713932727, "cnt": 0, "node": "SA-N145"}, "package_id": "PKG13910", "payload": {"status": "RECEIVED"}, "sent_ts": 1758713911277, "arrival_ts": 1758713911304}
{"action": "recv", "src": "SA-N145", "dst": "AN-N139", "hlc": {"phys": 1758713932957, "cnt": 0, "node": "SA-N145"}, "package_id": "PKG13910", "payload": {"status": "DELIVERED"}, "sent_ts": 1758713911507, "arrival_ts": 1758713911550}
{"action": "send", "src": "AN-N139", "dst": "AU-N143", "hlc": {"phys": 1758714000907, "cnt": 0, "node": "AN-N139"}, "package_id": "PKG13969", "payload": {"status": "CREATED"}, "sent_ts": 1758713969517, "arrival_ts": 1758713969517}
{"action": "send", "src": "AN-N139", "dst": "AU-N143", "hlc": {"phys": 1758714001277, "cnt": 0, "node": "AN-N139"}, "package_id": "PKG13969", "payload": {"status": "SENT"}, "sent_ts": 1758713969887, "arrival_ts": 1758713969887}
{"action": "send", "src": "AN-N139", "dst": "AU-N143", "hlc": {"phys": 1758714001576, "cnt": 0, "node": "AN-N139"}, "package_id": "PKG13969", "payload": {"status": "IN_TRANSIT"}, "sent_ts": 1758713970186, "arrival_ts": 1758713970186}
{"action": "send", "src": "AN-N139", "dst": "AU-N143", "hlc": {"phys": 1758714001827, "cnt": 0, "node": "AN-N139"}, "package_id": "PKG13969", "payload": {"status": "RECEIVED"}, "sent_ts": 1758713970437, "arrival_ts": 1758713970437}
{"action": "send", "src": "AN-N139", "dst": "AU-N143", "hlc": {"phys": 1758714002229, "cnt": 0, "node": "AN-N139"}, "package_id": "PKG13969", "payload": {"status": "DELIVERED"}, "sent_ts": 1758713970839, "arrival_ts": 1758713970839}
{"action": "recv", "src": "AU-N120", "dst": "AN-N139", "hlc": {"phys": 1758738886794, "cnt": 0, "node": "AU-N120"}, "package_id": "PKG38860", "payload": {"status": "CREATED"}, "sent_ts": 1758738860594, "arrival_ts": 1758738860731}
{"action": "recv", "src": "AU-N120", "dst": "AN-N139", "hlc": {"phys": 1758738887126, "cnt": 0, "node": "AU-N120"}, "package_id": "PKG38860", "payload": {"status": "SENT"}, "sent_ts": 1758738860926, "arrival_ts": 1758738860988}
{"action": "recv", "src": "AU-N120", "dst": "AN-N139", "hlc": {"phys": 1758738887400, "cnt": 0, "node": "AU-N120"}, "package_id": "PKG38860", "payload": {"status": "IN_TRANSIT"}, "sent_ts": 1758738861200, "arrival_ts": 1758738861397}
{"action": "recv", "src": "AU-N120", "dst": "AN-N139", "hlc": {"phys": 1758738887805, "cnt": 0, "node": "AU-N120"}, "package_id": "PKG38860", "payload": {"status": "RECEIVED"}, "sent_ts": 1758738861605, "arrival_ts": 1758738861628}
{"action": "recv", "src": "AU-N120", "dst": "AN-N139", "hlc": {"phys": 1758738888044, "cnt": 0, "node": "AU-N120"}, "package_id": "PKG38860", "payload": {"status": "DELIVERED"}, "sent_ts": 1758738861844, "arrival_ts": 1758738862027}
{"action": "send", "src": "AN-N139", "dst": "SA-N166", "hlc": {"phys": 1758741773338, "cnt": 0, "node": "AN-N139"}, "package_id": "PKG41741", "payload": {"status": "CREATED"}, "sent_ts": 1758741741948, "arrival_ts": 1758741741948}
{"action": "send", "src": "AN-N139", "dst": "SA-N166", "hlc": {"phys": 1758741773722, "cnt": 0, "node": "AN-N139"}, "package_id": "PKG41741", "payload": {"status": "SENT"}, "sent_ts": 1758741742332, "arrival_ts": 1758741742332}
{"action": "send", "src": "AN-N139", "dst": "SA-N166", "hlc": {"phys": 1758741774107, "cnt": 0, "node": "AN-N139"}, "package_id": "PKG41741", "payload": {"status": "IN_TRANSIT"}, "sent_ts": 1758741742717, "arrival_ts": 1758741742717}
{"action": "send", "src": "AN-N139", "dst": "SA-N166", "hlc": {"phys": 1758741774458, "cnt": 0, "node": "AN-N139"}, "package_id": "PKG41741", "payload": {"status": "RECEIVED"}, "sent_ts": 1758741743068, "arrival_ts": 1758741743068}
{"action": "send", "src": "AN-N139", "dst": "SA-N166", "hlc": {"phys": 1758741774826, "cnt": 0, "node": "AN-N139"}, "package_id": "PKG41741", "payload": {"status": "DELIVERED"}, "sent_ts": 1758741743436, "arrival_ts": 1758741743436}
{"action": "send", "src": "AN-N139", "dst": "EU-N137", "hlc": {"phys": 1758742446044, "cnt": 0, "node": "AN-N139"}, "package_id": "PKG42414", "payload": {"status": "CREATED"}, "sent_ts": 1758742414654, "arrival_ts": 1758742414654}
{"action": "send", "src": "AN-N139", "dst": "EU-N137", "hlc": {"phys": 1758742446447, "cnt": 0, "node": "AN-N139"}, "package_id": "PKG42414", "payload": {"status": "SENT"}, "sent_ts": 1758742415057, "arrival_ts": 1758742415057}
{"action": "send", "src": "AN-N139", "dst": "EU-N137", "hlc": {"phys": 1758742446801, "cnt": 0, "node": "AN-N139"}, "package_id": "PKG42414", "payload": {"status": "IN_TRANSIT"}, "sent_ts": 1758742415411, "arrival_ts": 1758742415411}
{"action": "send", "src": "AN-N139", "dst": "EU-N137", "hlc": {"phys": 1758742447051, "cnt": 0, "node": "AN-N139"}, "package_id": "PKG42414", "payload": {"status": "RECEIVED"}, "sent_ts": 1758742415661, "arrival_ts": 1758742415661}
{"action": "send", "src": "AN-N139", "dst": "EU-N137", "hlc": {"phys": 1758742447267, "cnt": 0, "node": "AN-N139"}, "package_id": "PKG42414", "payload": {"status": "DELIVERED"}, "sent_ts": 1758742415877, "arrival_ts": 1758742415877}
{"action": "send", "src": "AN-N139", "dst": "EU-N22", "hlc": {"phys": 1758742591390, "cnt": 0, "node": "AN-N139"}, "package_id": "PKG42560", "payload": {"status": "CREATED"}, "sent_ts": 1758742560000, "arrival_ts": 1758742560000}
{"action": "send", "src": "AN-N139", "dst": "EU-N22", "hlc": {"phys": 1758742591775, "cnt": 0, "node": "AN-N139"}, "package_id": "PKG42560", "payload": {"status": "SENT"}, "sent_ts": 1758742560385, "arrival_ts": 1758742560385}
{"action": "send", "src": "AN-N139", "dst": "EU-N22", "hlc": {"phys": 1758742592038, "cnt": 0, "node": "AN-N139"}, "package_id": "PKG42560", "payload": {"status": "IN_TRANSIT"}, "sent_ts": 1758742560648, "arrival_ts": 1758742560648}
{"action": "send", "src": "AN-N139", "dst": "EU-N22", "hlc": {"phys": 1758742592409, "cnt": 0, "node": "AN-N139"}, "package_id": "PKG42560", "payload": {"status": "RECEIVED"}, "sent_ts": 1758742561019, "arrival_ts": 1758742561019}
{"action": "send", "src": "AN-N139", "dst": "EU-N22", "hlc": {"phys": 1758742592626, "cnt": 0, "node": "AN-N139"}, "package_id": "PKG42560", "payload": {"status": "DELIVERED"}, "sent_ts": 1758742561236, "arrival_ts": 1758742561236}
{"action": "recv", "src": "AF-N37", "dst": "AN-N139", "hlc": {"phys": 1758745947581, "cnt": 0, "node": "AF-N37"}, "package_id": "PKG45932", "payload": {"status": "CREATED"}, "sent_ts": 1758745932211, "arrival_ts": 1758745932377}
{"action": "recv", "src": "AF-N37", "dst": "AN-N139", "hlc": {"phys": 1758745947962, "cnt": 0, "node": "AF-N37"}, "package_id": "PKG45932", "payload": {"status": "SENT"}, "sent_ts": 1758745932592, "arrival_ts": 1758745932753}
{"action": "recv", "src": "AF-N37", "dst": "AN-N139", "hlc": {"phys": 1758745948334, "cnt": 0, "node": "AF-N37"}, "package_id": "PKG45932", "payload": {"status": "IN_TRANSIT"}, "sent_ts": 1758745932964, "arrival_ts": 1758745933058}
{"action": "recv", "src": "AF-N37", "dst": "AN-N139", "hlc": {"phys": 1758745948629, "cnt": 0, "node": "AF-N37"}, "package_id": "PKG45932", "payload": {"status": "RECEIVED"}, "sent_ts": 1758745933259, "arrival_ts": 1758745933444}
{"action": "recv", "src": "AF-N37", "dst": "AN-N139", "hlc": {"phys": 1758745949024, "cnt": 0, "node": "AF-N37"}, "package_id": "PKG45932", "payload": {"status": "DELIVERED"}, "sent_ts": 1758745933654, "arrival_ts": 1758745933750}
{"action": "send", "src": "AN-N139", "dst": "AU-N62", "hlc": {"phys": 1758747254928, "cnt": 0, "node": "AN-N139"}, "package_id": "PKG47223", "payload": {"status": "CREATED"}, "sent_ts": 1758747223538, "arrival_ts": 1758747223538}
{"action": "send", "src": "AN-N139", "dst": "AU-N62", "hlc": {"phys": 1758747255225, "cnt": 0, "node": "AN-N139"}, "package_id": "PKG47223", "payload": {"status": "SENT"}, "sent_ts": 1758747223835, "arrival_ts": 1758747223835}
{"action": "send", "src": "AN-N139", "dst": "AU-N62", "hlc": {"phys": 1758747255567, "cnt": 0, "node": "AN-N139"}, "package_id": "PKG47223", "payload": {"status": "IN_TRANSIT"}, "sent_ts": 1758747224177, "arrival_ts": 1758747224177}
{"action": "send", "src": "AN-N139", "dst": "AU-N62", "hlc": {"phys": 1758747255790, "cnt": 0, "node": "AN-N139"}, "package_id": "PKG47223", "payload": {"status": "RECEIVED"}, "sent_ts": 1758747224400, "arrival_ts": 1758747224400}
{"action": "send", "src": "AN-N139", "dst": "AU-N62", "hlc": {"phys": 1758747256068, "cnt": 0, "node": "AN-N139"}, "package_id": "PKG47223", "payload": {"status": "DELIVERED"}, "sent_ts": 1758747224678, "arrival_ts": 1758747224678}
{"action": "send", "src": "AN-N139", "dst": "NA-N167", "hlc": {"phys": 1758749235061, "cnt": 0, "node": "AN-N139"}, "package_id": "PKG49203", "payload": {"status": "CREATED"}, "sent_ts": 1758749203671, "arrival_ts": 1758749203671}
{"action": "send", "src": "AN-N139", "dst": "NA-N167", "hlc": {"phys": 1758749235356, "cnt": 0, "node": "AN-N139"}, "package_id": "PKG49203", "payload": {"status": "SENT"}, "sent_ts": 1758749203966, "arrival_ts": 1758749203966}
{"action": "send", "src": "AN-N139", "dst": "NA-N167", "hlc": {"phys": 1758749235606, "cnt": 0, "node": "AN-N139"}, "package_id": "PKG49203", "payload": {"status": "IN_TRANSIT"}, "sent_ts": 1758749204216, "arrival_ts": 1758749204216}
{"action": "send", "src": "AN-N139", "dst": "NA-N167", "hlc": {"phys": 1758749235996, "cnt": 0, "node": "AN-N139"}, "package_id": "PKG49203", "payload": {"status": "RECEIVED"}, "sent_ts": 1758749204606, "arrival_ts": 1758749204606}
{"action": "send", "src": "AN-N139", "dst": "NA-N167", "hlc": {"phys": 1758749236323, "cnt": 0, "node": "AN-N139"}, "package_id": "PKG49203", "payload": {"status": "DELIVERED"}, "sent_ts": 1758749204933, "arrival_ts": 1758749204933}
{"action": "send", "src": "AN-N139", "dst": "AF-N78", "hlc": {"phys": 1758750406764, "cnt": 0, "node": "AN-N139"}, "package_id": "PKG50375", "payload": {"status": "CREATED"}, "sent_ts": 1758750375374, "arrival_ts": 1758750375374}
{"action": "send", "src": "AN-N139", "dst": "AF-N78", "hlc": {"phys": 1758750407001, "cnt": 0, "node": "AN-N139"}, "package_id": "PKG50375", "payload": {"status": "SENT"}, "sent_ts": 1758750375611, "arrival_ts": 1758750375611}
{"action": "send", "src": "AN-N139", "dst": "AF-N78", "hlc": {"phys": 1758750407298, "cnt": 0, "node": "AN-N139"}, "package_id": "PKG50375", "payload": {"status": "IN_TRANSIT"}, "sent_ts": 1758750375908, "arrival_ts": 1758750375908}
{"action": "send", "src": "AN-N139", "dst": "AF-N78", "hlc": {"phys": 1758750407530, "cnt": 0, "node": "AN-N139"}, "package_id": "PKG50375", "payload": {"status": "RECEIVED"}, "sent_ts": 1758750376140, "arrival_ts": 1758750376140}
{"action": "send", "src": "AN-N139", "dst": "AF-N78", "hlc": {"phys": 1758750407794, "cnt": 0, "node": "AN-N139"}, "package_id": "PKG50375", "payload": {"status": "DELIVERED"}, "sent_ts": 1758750376404, "arrival_ts": 1758750376404}
{"action": "recv", "src": "SA-N47", "dst": "AN-N139", "hlc": {"phys": 1758754165827, "cnt": 0, "node": "SA-N47"}, "package_id": "PKG54145", "payload": {"status": "CREATED"}, "sent_ts": 1758754145357, "arrival_ts": 1758754145480}
{"action": "recv", "src": "SA-N47", "dst": "AN-N139", "hlc": {"phys": 1758754166194, "cnt": 0, "node": "SA-N47"}, "package_id": "PKG54145", "payload": {"status": "SENT"}, "sent_ts": 1758754145724, "arrival_ts": 1758754145917}
{"action": "recv", "src": "SA-N47", "dst": "AN-N139", "hlc": {"phys": 1758754166595, "cnt": 0, "node": "SA-N47"}, "package_id": "PKG54145", "payload": {"status": "IN_TRANSIT"}, "sent_ts": 1758754146125, "arrival_ts": 1758754146212}
{"action": "recv", "src": "SA-N47", "dst": "AN-N139", "hlc": {"phys": 1758754166882, "cnt": 0, "node": "SA-N47"}, "package_id": "PKG54145", "payload": {"status": "RECEIVED"}, "sent_ts": 1758754146412, "arrival_ts": 1758754146472}
{"action": "recv", "src": "SA-N47", "dst": "AN-N139", "hlc": {"phys": 1758754167155, "cnt": 0, "node": "SA-N47"}, "package_id": "PKG54145", "payload": {"status": "DELIVERED"}, "sent_ts": 1758754146685, "arrival_ts": 1758754146814}
{"action": "recv", "src": "NA-N73", "dst": "AN-N139", "hlc": {"phys": 1758754370684, "cnt": 0, "node": "NA-N73"}, "package_id": "PKG54369", "payload": {"status": "CREATED"}, "sent_ts": 1758754369954, "arrival_ts": 1758754370033}
{"action": "recv", "src": "NA-N73", "dst": "AN-N139", "hlc": {"phys": 1758754370974, "cnt": 0, "node": "NA-N73"}, "package_id": "PKG54369", "payload": {"status": "SENT"}, "sent_ts": 1758754370244, "arrival_ts": 1758754370274}
{"action": "recv", "src": "NA-N73", "dst": "AN-N139", "hlc": {"phys": 1758754371199, "cnt": 0, "node": "NA-N73"}, "package_id": "PKG54369", "payload": {"status": "IN_TRANSIT"}, "sent_ts": 1758754370469, "arrival_ts": 1758754370585}
{"action": "recv", "src": "NA-N73", "dst": "AN-N139", "hlc": {"phys": 1758754371530, "cnt": 0, "node": "NA-N73"}, "package_id": "PKG54369", "payload": {"status": "RECEIVED"}, "sent_ts": 1758754370800, "arrival_ts": 1758754370919}
{"action": "recv", "src": "NA-N73", "dst": "AN-N139", "hlc": {"phys": 1758754371850, "cnt": 0, "node": "NA-N73"}, "package_id": "PKG54369", "payload": {"status": "DELIVERED"}, "sent_ts": 1758754371120, "arrival_ts": 1758754371141}
{"action": "recv", "src": "AU-N65", "dst": "AN-N139", "hlc": {"phys": 1758755284605, "cnt": 0, "node": "AU-N65"}, "package_id": "PKG55258", "payload": {"status": "CREATED"}, "sent_ts": 1758755258955, "arrival_ts": 1758755259070}
{"action": "recv", "src": "AU-N65", "dst": "AN-N139", "hlc": {"phys": 1758755284939, "cnt": 0, "node": "AU-N65"}, "package_id": "PKG55258", "payload": {"status": "SENT"}, "sent_ts": 1758755259289, "arrival_ts": 1758755259388}
{"action": "recv", "src": "AU-N65", "dst": "AN-N139", "hlc": {"phys": 1758755285249, "cnt": 0, "node": "AU-N65"}, "package_id": "PKG55258", "payload": {"status": "IN_TRANSIT"}, "sent_ts": 1758755259599, "arrival_ts": 1758755259701}
{"action": "recv", "src": "AU-N65", "dst": "AN-N139", "hlc": {"phys": 1758755285544, "cnt": 0, "node": "AU-N65"}, "package_id": "PKG55258", "payload": {"status": "RECEIVED"}, "sent_ts": 1758755259894, "arrival_ts": 1758755260094}
{"action": "recv", "src": "AU-N65", "dst": "AN-N139", "hlc": {"phys": 1758755285954, "cnt": 0, "node": "AU-N65"}, "package_id": "PKG55258", "payload": {"status": "DELIVERED"}, "sent_ts": 1758755260304, "arrival_ts": 1758755260346}
{"action": "send", "src": "AN-N139", "dst": "AU-N125", "hlc": {"phys": 1758759857495, "cnt": 0, "node": "AN-N139"}, "package_id": "PKG59826", "payload": {"status": "CREATED"}, "sent_ts": 1758759826105, "arrival_ts": 1758759826105}
{"action": "send", "src": "AN-N139", "dst": "AU-N125", "hlc": {"phys": 1758759857896, "cnt": 0, "node": "AN-N139"}, "package_id": "PKG59826", "payload": {"status": "SENT"}, "sent_ts": 1758759826506, "arrival_ts": 1758759826506}
{"action": "send", "src": "AN-N139", "dst": "AU-N125", "hlc": {"phys": 1758759858282, "cnt": 0, "node": "AN-N139"}, "package_id": "PKG59826", "payload": {"status": "IN_TRANSIT"}, "sent_ts": 1758759826892, "arrival_ts": 1758759826892}
{"action": "send", "src": "AN-N139", "dst": "AU-N125", "hlc": {"phys": 1758759858660, "cnt": 0, "node": "AN-N139"}, "package_id": "PKG59826", "payload": {"status": "RECEIVED"}, "sent_ts": 1758759827270, "arrival_ts": 1758759827270}
{"action": "send", "src": "AN-N139", "dst": "AU-N125", "hlc": {"phys": 1758759859061, "cnt": 0, "node": "AN-N139"}, "package_id": "PKG59826", "payload": {"status": "DELIVERED"}, "sent_ts": 1758759827671, "arrival_ts": 1758759827671}
{"action": "recv", "src": "AS-N4", "dst": "AN-N139", "hlc": {"phys": 1758762051411, "cnt": 0, "node": "AS-N4"}, "package_id": "PKG62041", "payload": {"status": "CREATED"}, "sent_ts": 1758762041371, "arrival_ts": 1758762041435}
{"action": "recv", "src": "AS-N4", "dst": "AN-N139", "hlc": {"phys": 1758762051677, "cnt": 0, "node": "AS-N4"}, "package_id": "PKG62041", "payload": {"status": "SENT"}, "sent_ts": 1758762041637, "arrival_ts": 1758762041768}
{"action": "recv", "src": "AS-N4", "dst": "AN-N139", "hlc": {"phys": 1758762052024, "cnt": 0, "node": "AS-N4"}, "package_id": "PKG62041", "payload": {"status": "IN_TRANSIT"}, "sent_ts": 1758762041984, "arrival_ts": 1758762042033}
{"action": "recv", "src": "AS-N4", "dst": "AN-N139", "hlc": {"phys": 1758762052285, "cnt": 0, "node": "AS-N4"}, "package_id": "PKG62041", "payload": {"status": "RECEIVED"}, "sent_ts": 1758762042245, "arrival_ts": 1758762042336}
{"action": "recv", "src": "AS-N4", "dst": "AN-N139", "hlc": {"phys": 1758762052577, "cnt": 0, "node": "AS-N4"}, "package_id": "PKG62041", "payload": {"status": "DELIVERED"}, "sent_ts": 1758762042537, "arrival_ts": 1758762042638}
{"action": "recv", "src": "AU-N66", "dst": "AN-N139", "hlc": {"phys": 1758763519688, "cnt": 0, "node": "AU-N66"}, "package_id": "PKG63494", "payload": {"status": "CREATED"}, "sent_ts": 1758763494028, "arrival_ts": 1758763494186}
{"action": "recv", "src": "AU-N66", "dst": "AN-N139", "hlc": {"phys": 1758763520059, "cnt": 0, "node": "AU-N66"}, "package_id": "PKG63494", "payload": {"status": "SENT"}, "sent_ts": 1758763494399, "arrival_ts": 1758763494486}
{"action": "recv", "src": "AU-N66", "dst": "AN-N139", "hlc": {"phys": 1758763520354, "cnt": 0, "node": "AU-N66"}, "package_id": "PKG63494", "payload": {"status": "IN_TRANSIT"}, "sent_ts": 1758763494694, "arrival_ts": 1758763494765}
{"action": "recv", "src": "AU-N66", "dst": "AN-N139", "hlc": {"phys": 1758763520633, "cnt": 0, "node": "AU-N66"}, "package_id": "PKG63494", "payload": {"status": "RECEIVED"}, "sent_ts": 1758763494973, "arrival_ts": 1758763495020}
{"action": "recv", "src": "AU-N66", "dst": "AN-N139", "hlc": {"phys": 1758763520881, "cnt": 0, "node": "AU-N66"}, "package_id": "PKG63494", "payload": {"status": "DELIVERED"}, "sent_ts": 1758763495221, "arrival_ts": 1758763495246}
{"action": "recv", "src": "AU-N63", "dst": "AN-N139", "hlc": {"phys": 1758799892575, "cnt": 0, "node": "AU-N63"}, "package_id": "PKG99866", "payload": {"status": "CREATED"}, "sent_ts": 1758799866945, "arrival_ts": 1758799866985}
{"action": "recv", "src": "AU-N63", "dst": "AN-N139", "hlc": {"phys": 1758799892826, "cnt": 0, "node": "AU-N63"}, "package_id": "PKG99866", "payload": {"status": "SENT"}, "sent_ts": 1758799867196, "arrival_ts": 1758799867364}
{"action": "recv", "src": "AU-N63", "dst": "AN-N139", "hlc": {"phys": 1758799893215, "cnt": 0, "node": "AU-N63"}, "package_id": "PKG99866", "payload": {"status": "IN_TRANSIT"}, "sent_ts": 1758799867585, "arrival_ts": 1758799867844}
{"action": "recv", "src": "AU-N63", "dst": "AN-N139", "hlc": {"phys": 1758799893692, "cnt": 0, "node": "AU-N63"}, "package_id": "PKG99866", "payload": {"status": "RECEIVED"}, "sent_ts": 1758799868062, "arrival_ts": 1758799868154}
{"action": "recv", "src": "AU-N63", "dst": "AN-N139", "hlc": {"phys": 1758799894041, "cnt": 0, "node": "AU-N63"}, "package_id": "PKG99866", "payload": {"status": "DELIVERED"}, "sent_ts": 1758799868411, "arrival_ts": 1758799868566}
{"action": "recv", "src": "AU-N178", "dst": "AN-N139", "hlc": {"phys": 1758802860412, "cnt": 0, "node": "AU-N178"}, "package_id": "PKG2833", "payload": {"status": "CREATED"}, "sent_ts": 1758802833632, "arrival_ts": 1758802833812}
{"action": "recv", "src": "AU-N178", "dst": "AN-N139", "hlc": {"phys": 1758802860806, "cnt": 0, "node": "AU-N178"}, "package_id": "PKG2833", "payload": {"status": "SENT"}, "sent_ts": 1758802834026, "arrival_ts": 1758802834053}
{"action": "recv", "src": "AU-N178", "dst": "AN-N139", "hlc": {"phys": 1758802861022, "cnt": 0, "node": "AU-N178"}, "package_id": "PKG2833", "payload": {"status": "IN_TRANSIT"}, "sent_ts": 1758802834242, "arrival_ts": 1758802834436}
{"action": "recv", "src": "AU-N178", "dst": "AN-N139", "hlc": {"phys": 1758802861424, "cnt": 0, "node": "AU-N178"}, "package_id": "PKG2833", "payload": {"status": "RECEIVED"}, "sent_ts": 1758802834644, "arrival_ts": 1758802834718}
{"action": "recv", "src": "AU-N178", "dst": "AN-N139", "hlc": {"phys": 1758802861706, "cnt": 0, "node": "AU-N178"}, "package_id": "PKG2833", "payload": {"status": "DELIVERED"}, "sent_ts": 1758802834926, "arrival_ts": 1758802835080}
{"action": "send", "src": "AN-N139", "dst": "EU-N148", "hlc": {"phys": 1758804785133, "cnt": 0, "node": "AN-N139"}, "package_id": "PKG4753", "payload": {"status": "CREATED"}, "sent_ts": 1758804753743, "arrival_ts": 1758804753743}
{"action": "send", "src": "AN-N139", "dst": "EU-N148", "hlc": {"phys": 1758804785433, "cnt": 0, "node": "AN-N139"}, "package_id": "PKG4753", "payload": {"status": "SENT"}, "sent_ts": 1758804754043, "arrival_ts": 1758804754043}
{"action": "send", "src": "AN-N139", "dst": "EU-N148", "hlc": {"phys": 1758804785770, "cnt": 0, "node": "AN-N139"}, "package_id": "PKG4753", "payload": {"status": "IN_TRANSIT"}, "sent_ts": 1758804754380, "arrival_ts": 1758804754380}
{"action": "send", "src": "AN-N139", "dst": "EU-N148", "hlc": {"phys": 1758804786070, "cnt": 0, "node": "AN-N139"}, "package_id": "PKG4753", "payload": {"status": "RECEIVED"}, "sent_ts": 1758804754680, "arrival_ts": 1758804754680}
{"action": "send", "src": "AN-N139", "dst": "EU-N148", "hlc": {"phys": 1758804786370, "cnt": 0, "node": "AN-N139"}, "package_id": "PKG4753", "payload": {"status": "DELIVERED"}, "sent_ts": 1758804754980, "arrival_ts": 1758804754980}
{"action": "recv", "src": "AU-N119", "dst": "AN-N139", "hlc": {"phys": 1758805929176, "cnt": 0, "node": "AU-N119"}, "package_id": "PKG5902", "payload": {"status": "CREATED"}, "sent_ts": 1758805902986, "arrival_ts": 1758805903182}
{"action": "recv", "src": "AU-N119", "dst": "AN-N139", "hlc": {"phys": 1758805929565, "cnt": 0, "node": "AU-N119"}, "package_id": "PKG5902", "payload": {"status": "SENT"}, "sent_ts": 1758805903375, "arrival_ts": 1758805903501}
{"action": "recv", "src": "AU-N119", "dst": "AN-N139", "hlc": {"phys": 1758805929905, "cnt": 0, "node": "AU-N119"}, "package_id": "PKG5902", "payload": {"status": "IN_TRANSIT"}, "sent_ts": 1758805903715, "arrival_ts": 1758805903735}
{"action": "recv", "src": "AU-N119", "dst": "AN-N139", "hlc": {"phys": 1758805930139, "cnt": 0, "node": "AU-N119"}, "package_id": "PKG5902", "payload": {"status": "RECEIVED"}, "sent_ts": 1758805903949, "arrival_ts": 1758805903962}
{"action": "recv", "src": "AU-N119", "dst": "AN-N139", "hlc": {"phys": 1758805930355, "cnt": 0, "node": "AU-N119"}, "package_id": "PKG5902", "payload": {"status": "DELIVERED"}, "sent_ts": 1758805904165, "arrival_ts": 1758805904353}
{"action": "recv", "src": "AN-N189", "dst": "AN-N139", "hlc": {"phys": 1758806022852, "cnt": 0, "node": "AN-N189"}, "package_id": "PKG5990", "payload": {"status": "CREATED"}, "sent_ts": 1758805990962, "arrival_ts": 1758805991134}
{"action": "recv", "src": "AN-N189", "dst": "AN-N139", "hlc": {"phys": 1758806023225, "cnt": 0, "node": "AN-N189"}, "package_id": "PKG5990", "payload": {"status": "SENT"}, "sent_ts": 1758805991335, "arrival_ts": 1758805991414}
{"action": "recv", "src": "AN-N189", "dst": "AN-N139", "hlc": {"phys": 1758806023501, "cnt": 0, "node": "AN-N189"}, "package_id": "PKG5990", "payload": {"status": "IN_TRANSIT"}, "sent_ts": 1758805991611, "arrival_ts": 1758805991755}
{"action": "recv", "src": "AN-N189", "dst": "AN-N139", "hlc": {"phys": 1758806023844, "cnt": 0, "node": "AN-N189"}, "package_id": "PKG5990", "payload": {"status": "RECEIVED"}, "sent_ts": 1758805991954, "arrival_ts": 1758805992058}
{"action": "recv", "src": "AN-N189", "dst": "AN-N139", "hlc": {"phys": 1758806024153, "cnt": 0, "node": "AN-N189"}, "package_id": "PKG5990", "payload": {"status": "DELIVERED"}, "sent_ts": 1758805992263, "arrival_ts": 1758805992331}
{"action": "recv", "src": "SA-N52", "dst": "AN-N139", "hlc": {"phys": 1758811712538, "cnt": 0, "node": "SA-N52"}, "package_id": "PKG11692", "payload": {"status": "CREATED"}, "sent_ts": 1758811692018, "arrival_ts": 1758811692057}
{"action": "recv", "src": "SA-N52", "dst": "AN-N139", "hlc": {"phys": 1758811712770, "cnt": 0, "node": "SA-N52"}, "package_id": "PKG11692", "payload": {"status": "SENT"}, "sent_ts": 1758811692250, "arrival_ts": 1758811692432}
{"action": "recv", "src": "SA-N52", "dst": "AN-N139", "hlc": {"phys": 1758811713160, "cnt": 0, "node": "SA-N52"}, "package_id": "PKG11692", "payload": {"status": "IN_TRANSIT"}, "sent_ts": 1758811692640, "arrival_ts": 1758811692702}
{"action": "recv", "src": "SA-N52", "dst": "AN-N139", "hlc": {"phys": 1758811713439, "cnt": 0, "node": "SA-N52"}, "package_id": "PKG11692", "payload": {"status": "RECEIVED"}, "sent_ts": 1758811692919, "arrival_ts": 1758811693018}
{"action": "recv", "src": "SA-N52", "dst": "AN-N139", "hlc": {"phys": 1758811713751, "cnt": 0, "node": "SA-N52"}, "package_id": "PKG11692", "payload": {"status": "DELIVERED"}, "sent_ts": 1758811693231, "arrival_ts": 1758811693370}
{"action": "send", "src": "AN-N139", "dst": "AS-N141", "hlc": {"phys": 1758814883209, "cnt": 0, "node": "AN-N139"}, "package_id": "PKG14851", "payload": {"status": "CREATED"}, "sent_ts": 1758814851819, "arrival_ts": 1758814851819}
{"action": "send", "src": "AN-N139", "dst": "AS-N141", "hlc": {"phys": 1758814883503, "cnt": 0, "node": "AN-N139"}, "package_id": "PKG14851", "payload": {"status": "SENT"}, "sent_ts": 1758814852113, "arrival_ts": 1758814852113}
{"action": "send", "src": "AN-N139", "dst": "AS-N141", "hlc": {"phys": 1758814883892, "cnt": 0, "node": "AN-N139"}, "package_id": "PKG14851", "payload": {"status": "IN_TRANSIT"}, "sent_ts": 1758814852502, "arrival_ts": 1758814852502}
{"action": "send", "src": "AN-N139", "dst": "AS-N141", "hlc": {"phys": 1758814884201, "cnt": 0, "node": "AN-N139"}, "package_id": "PKG14851", "payload": {"status": "RECEIVED"}, "sent_ts": 1758814852811, "arrival_ts": 1758814852811}
{"action": "send", "src": "AN-N139", "dst": "AS-N141", "hlc": {"phys": 1758814884509, "cnt": 0, "node": "AN-N139"}, "package_id": "PKG14851", "payload": {"status": "DELIVERED"}, "sent_ts": 1758814853119, "arrival_ts": 1758814853119}
{"action": "send", "src": "AN-N139", "dst": "AS-N186", "hlc": {"phys": 1758815379016, "cnt": 0, "node": "AN-N139"}, "package_id": "PKG15347", "payload": {"status": "CREATED"}, "sent_ts": 1758815347626, "arrival_ts": 1758815347626}
{"action": "send", "src": "AN-N139", "dst": "AS-N186", "hlc": {"phys": 1758815379385, "cnt": 0, "node": "AN-N139"}, "package_id": "PKG15347", "payload": {"status": "SENT"}, "sent_ts": 1758815347995, "arrival_ts": 1758815347995}
{"action": "send", "src": "AN-N139", "dst": "AS-N186", "hlc": {"phys": 1758815379664, "cnt": 0, "node": "AN-N139"}, "package_id": "PKG15347", "payload": {"status": "IN_TRANSIT"}, "sent_ts": 1758815348274, "arrival_ts": 1758815348274}
{"action": "send", "src": "AN-N139", "dst": "AS-N186", "hlc": {"phys": 1758815380053, "cnt": 0, "node": "AN-N139"}, "package_id": "PKG15347", "payload": {"status": "RECEIVED"}, "sent_ts": 1758815348663, "arrival_ts": 1758815348663}
{"action": "send", "src": "AN-N139", "dst": "AS-N186", "hlc": {"phys": 1758815380362, "cnt": 0, "node": "AN-N139"}, "package_id": "PKG15347", "payload": {"status": "DELIVERED"}, "sent_ts": 1758815348972, "arrival_ts": 1758815348972}
