{"action": "recv", "src": "NA-N63", "dst": "AN-N98", "hlc": {"phys": 1758712810462, "cnt": 0, "node": "NA-N63"}, "package_id": "PKG12809", "payload": {"status": "CREATED"}, "sent_ts": 1758712809832, "arrival_ts": 1758712809910}
{"action": "recv", "src": "NA-N63", "dst": "AN-N98", "hlc": {"phys": 1758712810742, "cnt": 0, "node": "NA-N63"}, "package_id": "PKG12809", "payload": {"status": "SENT"}, "sent_ts": 1758712810112, "arrival_ts": 1758712810257}
{"action": "recv", "src": "NA-N63", "dst": "AN-N98", "hlc": {"phys": 1758712811081, "cnt": 0, "node": "NA-N63"}, "package_id": "PKG12809", "payload": {"status": "IN_TRANSIT"}, "sent_ts": 1758712810451, "arrival_ts": 1758712810523}
{"action": "recv", "src": "NA-N63", "dst": "AN-N98", "hlc": {"phys": 1758712811359, "cnt": 0, "node": "NA-N63"}, "package_id": "PKG12809", "payload": {"status": "RECEIVED"}, "sent_ts": 1758712810729, "arrival_ts": 1758712810879}
{"action": "recv", "src": "NA-N63", "dst": "AN-N98", "hlc": {"phys": 1758712811714, "cnt": 0, "node": "NA-N63"}, "package_id": "PKG12809", "payload": {"status": "DELIVERED"}, "sent_ts": 1758712811084, "arrival_ts": 1758712811231}
{"action": "recv", "src": "NA-N38", "dst": "AN-N98", "hlc": {"phys": 1758713236984, "cnt": 0, "node": "NA-N38"}, "package_id": "PKG13236", "payload": {"status": "CREATED"}, "sent_ts": 1758713236604, "arrival_ts": 1758713236625}
{"action": "recv", "src": "NA-N38", "dst": "AN-N98", "hlc": {"phys": 1758713237216, "cnt": 0, "node": "NA-N38"}, "package_id": "PKG13236", "payload": {"status": "SENT"}, "sent_ts": 1758713236836, "arrival_ts": 1758713236890}
{"action": "recv", "src": "NA-N38", "dst": "AN-N98", "hlc": {"phys": 1758713237480, "cnt": 0, "node": "NA-N38"}, "package_id": "PKG13236", "payload": {"status": "IN_TRANSIT"}, "sent_ts": 1758713237100, "arrival_ts": 1758713237239}
{"action": "recv", "src": "NA-N38", "dst": "AN-N98", "hlc": {"phys": 1758713237820, "cnt": 0, "node": "NA-N38"}, "package_id": "PKG13236", "payload": {"status": "RECEIVED"}, "sent_ts": 1758713237440, "arrival_ts": 1758713237496}
{"action": "recv", "src": "NA-N38", "dst": "AN-N98", "hlc": {"phys": 1758713238067, "cnt": 0, "node": "NA-N38"}, "package_id": "PKG13236", "payload": {"status": "DELIVERED"}, "sent_ts": 1758713237687, "arrival_ts": 1758713237792}
{"action": "recv", "src": "AS-N115", "dst": "AN-N98", "hlc": {"phys": 1758718367484, "cnt": 0, "node": "AS-N115"}, "package_id": "PKG18356", "payload": {"status": "CREATED"}, "sent_ts": 1758718356334, "arrival_ts": 1758718356405}
{"action": "recv", "src": "AS-N115", "dst": "AN-N98", "hlc": {"phys": 1758718367764, "cnt": 0, "node": "AS-N115"}, "package_id": "PKG18356", "payload": {"status": "SENT"}, "sent_ts": 1758718356614, "arrival_ts": 1758718356730}
{"action": "recv", "src": "AS-N115", "dst": "AN-N98", "hlc": {"phys": 1758718368081, "cnt": 0, "node": "AS-N115"}, "package_id": "PKG18356", "payload": {"status": "IN_TRANSIT"}, "sent_ts": 1758718356931, "arrival_ts": 1758718356965}
{"action": "recv", "src": "AS-N115", "dst": "AN-N98", "hlc": {"phys": 1758718368313, "cnt": 0, "node": "AS-N115"}, "package_id": "PKG18356", "payload": {"status": "RECEIVED"}, "sent_ts": 1758718357163, "arrival_ts": 1758718357258}
{"action": "recv", "src": "AS-N115", "dst": "AN-N98", "hlc": {"phys": 1758718368608, "cnt": 0, "node": "AS-N115"}, "package_id": "PKG18356", "payload": {"status": "DELIVERED"}, "sent_ts": 1758718357458, "arrival_ts": 1758718357583}
{"action": "send", "src": "AN-N98", "dst": "AU-N146", "hlc": {"phys": 1758719085320, "cnt": 0, "node": "AN-N98"}, "package_id": "PKG19054", "payload": {"status": "CREATED"}, "sent_ts": 1758719054340, "arrival_ts": 1758719054340}
{"action": "send", "src": "AN-N98", "dst": "AU-N146", "hlc": {"phys": 1758719085718, "cnt": 0, "node": "AN-N98"}, "package_id": "PKG19054", "payload": {"status": "SENT"}, "sent_ts": 1758719054738, "arrival_ts": 1758719054738}
{"action": "send", "src": "AN-N98", "dst": "AU-N146", "hlc": {"phys": 1758719086092, "cnt": 0, "node": "AN-N98"}, "package_id": "PKG19054", "payload": {"status": "IN_TRANSIT"}, "sent_ts": 1758719055112, "arrival_ts": 1758719055112}
{"action": "send", "src": "AN-N98", "dst": "AU-N146", "hlc": {"phys": 1758719086418, "cnt": 0, "node": "AN-N98"}, "package_id": "PKG19054", "payload": {"status": "RECEIVED"}, "sent_ts": 1758719055438, "arrival_ts": 1758719055438}
{"action": "send", "src": "AN-N98", "dst": "AU-N146", "hlc": {"phys": 1758719086742, "cnt": 0, "node": "AN-N98"}, "package_id": "PKG19054", "payload": {"status": "DELIVERED"}, "sent_ts": 1758719055762, "arrival_ts": 1758719055762}
{"action": "send", "src": "AN-N98", "dst": "AF-N116", "hlc": {"phys": 1758739714748, "cnt": 0, "node": "AN-N98"}, "package_id": "PKG39683", "payload": {"status": "CREATED"}, "sent_ts": 1758739683768, "arrival_ts": 1758739683768}
{"action": "send", "src": "AN-N98", "dst": "AF-N116", "hlc": {"phys": 1758739715114, "cnt": 0, "node": "AN-N98"}, "package_id": "PKG39683", "payload": {"status": "SENT"}, "sent_ts": 1758739684134, "arrival_ts": 1758739684134}
{"action": "send", "src": "AN-N98", "dst": "AF-N116", "hlc": {"phys": 1758739715338, "cnt": 0, "node": "AN-N98"}, "package_id": "PKG39683", "payload": {"status": "IN_TRANSIT"}, "sent_ts": 1758739684358, "arrival_ts": 1758739684358}
{"action": "send", "src": "AN-N98", "dst": "AF-N116", "hlc": {"phys": 1758739715725, "cnt": 0, "node": "AN-N98"}, "package_id": "PKG39683", "payload": {"status": "RECEIVED"}, "sent_ts": 1758739684745, "arrival_ts": 1758739684745}
{"action": "send", "src": "AN-N98", "dst": "AF-N116", "hlc": {"phys": 1758739716094, "cnt": 0, "node": "AN-N98"}, "package_id": "PKG39683", "payload": {"status": "DELIVERED"}, "sent_ts": 1758739685114, "arrival_ts": 1758739685114}
{"action": "send", "src": "AN-N98", "dst": "AU-N195", "hlc": {"phys": 1758742027027, "cnt": 0, "node": "AN-N98"}, "package_id": "PKG41996", "payload": {"status": "CREATED"}, "sent_ts": 1758741996047, "arrival_ts": 1758741996047}
{"action": "send", "src": "AN-N98", "dst": "AU-N195", "hlc": {"phys": 1758742027323, "cnt": 0, "node": "AN-N98"}, "package_id": "PKG41996", "payload": {"status": "SENT"}, "sent_ts": 1758741996343, "arrival_ts": 1758741996343}
{"action": "send", "src": "AN-N98", "dst": "AU-N195", "hlc": {"phys": 1758742027603, "cnt": 0, "node": "AN-N98"}, "package_id": "PKG41996", "payload": {"status": "IN_TRANSIT"}, "sent_ts": 1758741996623, "arrival_ts": 1758741996623}
{"action": "send", "src": "AN-N98", "dst": "AU-N195", "hlc": {"phys": 1758742027975, "cnt": 0, "node": "AN-N98"}, "package_id": "PKG41996", "payload": {"status": "RECEIVED"}, "sent_ts": 1758741996995, "arrival_ts": 1758741996995}
{"action": "send", "src": "AN-N98", "dst": "AU-N195", "hlc": {"phys": 1758742028239, "cnt": 0, "node": "AN-N98"}, "package_id": "PKG41996", "payload": {"status": "DELIVERED"}, "sent_ts": 1758741997259, "arrival_ts": 1758741997259}
{"action": "recv", "src": "SA-N33", "dst": "AN-N98", "hlc": {"phys": 1758742985560, "cnt": 0, "node": "SA-N33"}, "package_id": "PKG42965", "payload": {"status": "CREATED"}, "sent_ts": 1758742965230, "arrival_ts": 1758742965366}
{"action": "recv", "src": "SA-N33", "dst": "AN-N98", "hlc": {"phys": 1758742985902, "cnt": 0, "node": "SA-N33"}, "package_id": "PKG42965", "payload": {"status": "SENT"}, "sent_ts": 1758742965572, "arrival_ts": 1758742965665}
{"action": "recv", "src": "SA-N33", "dst": "AN-N98", "hlc": {"phys": 1758742986202, "cnt": 0, "node": "SA-N33"}, "package_id": "PKG42965", "payload": {"status": "IN_TRANSIT"}, "sent_ts": 1758742965872, "arrival_ts": 1758742965976}
{"action": "recv", "src": "SA-N33", "dst": "AN-N98", "hlc": {"phys": 1758742986502, "cnt": 0, "node": "SA-N33"}, "package_id": "PKG42965", "payload": {"status": "RECEIVED"}, "sent_ts": 1758742966172, "arrival_ts": 1758742966350}
{"action": "recv", "src": "SA-N33", "dst": "AN-N98", "hlc": {"phys": 1758742986886, "cnt": 0, "node": "SA-N33"}, "package_id": "PKG42965", "payload": {"status": "DELIVERED"}, "sent_ts": 1758742966556, "arrival_ts": 1758742966592}
{"action": "recv", "src": "NA-N57", "dst": "AN-N98", "hlc": {"phys": 1758743103288, "cnt": 0, "node": "NA-N57"}, "package_id": "PKG43102", "payload": {"status": "CREATED"}, "sent_ts": 1758743102718, "arrival_ts": 1758743102788}
{"action": "recv", "src": "NA-N57", "dst": "AN-N98", "hlc": {"phys": 1758743103567, "cnt": 0, "node": "NA-N57"}, "package_id": "PKG43102", "payload": {"status": "SENT"}, "sent_ts": 1758743102997, "arrival_ts": 1758743103132}
{"action": "recv", "src": "NA-N57", "dst": "AN-N98", "hlc": {"phys": 1758743103909, "cnt": 0, "node": "NA-N57"}, "package_id": "PKG43102", "payload": {"status": "IN_TRANSIT"}, "sent_ts": 1758743103339, "arrival_ts": 1758743103395}
{"action": "recv", "src": "NA-N57", "dst": "AN-N98", "hlc": {"phys": 1758743104171, "cnt": 0, "node": "NA-N57"}, "package_id": "PKG43102", "payload": {"status": "RECEIVED"}, "sent_ts": 1758743103601, "arrival_ts": 1758743103718}
{"action": "recv", "src": "NA-N57", "dst": "AN-N98", "hlc": {"phys": 1758743104497, "cnt": 0, "node": "NA-N57"}, "package_id": "PKG43102", "payload": {"status": "DELIVERED"}, "sent_ts": 1758743103927, "arrival_ts": 1758743104020}
{"action": "send", "src": "AN-N98", "dst": "EU-N82", "hlc": {"phys": 1758743146266, "cnt": 0, "node": "AN-N98"}, "package_id": "PKG43115", "payload": {"status": "CREATED"}, "sent_ts": 1758743115286, "arrival_ts": 1758743115286}
{"action": "send", "src": "AN-N98", "dst": "EU-N82", "hlc": {"phys": 1758743146670, "cnt": 0, "node": "AN-N98"}, "package_id": "PKG43115", "payload": {"status": "SENT"}, "sent_ts": 1758743115690, "arrival_ts": 1758743115690}
{"action": "send", "src": "AN-N98", "dst": "EU-N82", "hlc": {"phys": 1758743146934, "cnt": 0, "node": "AN-N98"}, "package_id": "PKG43115", "payload": {"status": "IN_TRANSIT"}, "sent_ts": 1758743115954, "arrival_ts": 1758743115954}
{"action": "send", "src": "AN-N98", "dst": "EU-N82", "hlc": {"phys": 1758743147308, "cnt": 0, "node": "AN-N98"}, "package_id": "PKG43115", "payload": {"status": "RECEIVED"}, "sent_ts": 1758743116328, "arrival_ts": 1758743116328}
{"action": "send", "src": "AN-N98", "dst": "EU-N82", "hlc": {"phys": 1758743147711, "cnt": 0, "node": "AN-N98"}, "package_id": "PKG43115", "payload": {"status": "DELIVERED"}, "sent_ts": 1758743116731, "arrival_ts": 1758743116731}
{"action": "recv", "src": "AU-N9", "dst": "AN-N98", "hlc": {"phys": 1758743983537, "cnt": 0, "node": "AU-N9"}, "package_id": "PKG43958", "payload": {"status": "CREATED"}, "sent_ts": 1758743958447, "arrival_ts": 1758743958506}
{"action": "recv", "src": "AU-N9", "dst": "AN-N98", "hlc": {"phys": 1758743983802, "cnt": 0, "node": "AU-N9"}, "package_id": "PKG43958", "payload": {"status": "SENT"}, "sent_ts": 1758743958712, "arrival_ts": 1758743958818}
{"action": "recv", "src": "AU-N9", "dst": "AN-N98", "hlc": {"phys": 1758743984111, "cnt": 0, "node": "AU-N9"}, "package_id": "PKG43958", "payload": {"status": "IN_TRANSIT"}, "sent_ts": 1758743959021, "arrival_ts": 1758743959129}
{"action": "recv", "src": "AU-N9", "dst": "AN-N98", "hlc": {"phys": 1758743984425, "cnt": 0, "node": "AU-N9"}, "package_id": "PKG43958", "payload": {"status": "RECEIVED"}, "sent_ts": 1758743959335, "arrival_ts": 1758743959536}
{"action": "recv", "src": "AU-N9", "dst": "AN-N98", "hlc": {"phys": 1758743984840, "cnt": 0, "node": "AU-N9"}, "package_id": "PKG43958", "payload": {"status": "DELIVERED"}, "sent_ts": 1758743959750, "arrival_ts": 1758743959825}
{"action": "send", "src": "AN-N98", "dst": "NA-N173", "hlc": {"phys": 1758745095525, "cnt": 0, "node": "AN-N98"}, "package_id": "PKG45064", "payload": {"status": "CREATED"}, "sent_ts": 1758745064545, "arrival_ts": 1758745064545}
{"action": "send", "src": "AN-N98", "dst": "NA-N173", "hlc": {"phys": 1758745095866, "cnt": 0, "node": "AN-N98"}, "package_id": "PKG45064", "payload": {"status": "SENT"}, "sent_ts": 1758745064886, "arrival_ts": 1758745064886}
{"action": "send", "src": "AN-N98", "dst": "NA-N173", "hlc": {"phys": 1758745096159, "cnt": 0, "node": "AN-N98"}, "package_id": "PKG45064", "payload": {"status": "IN_TRANSIT"}, "sent_ts": 1758745065179, "arrival_ts": 1758745065179}
{"action": "send", "src": "AN-N98", "dst": "NA-N173", "hlc": {"phys": 1758745096544, "cnt": 0, "node": "AN-N98"}, "package_id": "PKG45064", "payload": {"status": "RECEIVED"}, "sent_ts": 1758745065564, "arrival_ts": 1758745065564}
{"action": "send", "src": "AN-N98", "dst": "NA-N173", "hlc": {"phys": 1758745096761, "cnt": 0, "node": "AN-N98"}, "package_id": "PKG45064", "payload": {"status": "DELIVERED"}, "sent_ts": 1758745065781, "arrival_ts": 1758745065781}
{"action": "send", "src": "AN-N98", "dst": "AF-N192", "hlc": {"phys": 1758747126327, "cnt": 0, "node": "AN-N98"}, "package_id": "PKG47095", "payload": {"status": "CREATED"}, "sent_ts": 1758747095347, "arrival_ts": 1758747095347}
{"action": "send", "src": "AN-N98", "dst": "AF-N192", "hlc": {"phys": 1758747126659, "cnt": 0, "node": "AN-N98"}, "package_id": "PKG47095", "payload": {"status": "SENT"}, "sent_ts": 1758747095679, "arrival_ts": 1758747095679}
{"action": "send", "src": "AN-N98", "dst": "AF-N192", "hlc": {"phys": 1758747127067, "cnt": 0, "node": "AN-N98"}, "package_id": "PKG47095", "payload": {"status": "IN_TRANSIT"}, "sent_ts": 1758747096087, "arrival_ts": 1758747096087}
{"action": "send", "src": "AN-N98", "dst": "AF-N192", "hlc": {"phys": 1758747127410, "cnt": 0, "node": "AN-N98"}, "package_id": "PKG47095", "payload": {"status": "RECEIVED"}, "sent_ts": 1758747096430, "arrival_ts": 1758747096430}
{"action": "send", "src": "AN-N98", "dst": "AF-N192", "hlc": {"phys": 1758747127849, "cnt": 0, "node": "AN-N98"}, "package_id": "PKG47095", "payload": {"status": "DELIVERED"}, "sent_ts": 1758747096869, "arrival_ts": 1758747096873}
{"action": "send", "src": "AN-N98", "dst": "NA-N133", "hlc": {"phys": 1758748010900, "cnt": 0, "node": "AN-N98"}, "package_id": "PKG47979", "payload": {"status": "CREATED"}, "sent_ts": 1758747979920, "arrival_ts": 1758747979920}
{"action": "send", "src": "AN-N98", "dst": "NA-N133", "hlc": {"phys": 1758748011252, "cnt": 0, "node": "AN-N98"}, "package_id": "PKG47979", "payload": {"status": "SENT"}, "sent_ts": 1758747980272, "arrival_ts": 1758747980272}
{"action": "send", "src": "AN-N98", "dst": "NA-N133", "hlc": {"phys": 1758748011516, "cnt": 0, "node": "AN-N98"}, "package_id": "PKG47979", "payload": {"status": "IN_TRANSIT"}, "sent_ts": 1758747980536, "arrival_ts": 1758747980536}
{"action": "send", "src": "AN-N98", "dst": "NA-N133", "hlc": {"phys": 1758748011730, "cnt": 0, "node": "AN-N98"}, "package_id": "PKG47979", "payload": {"status": "RECEIVED"}, "sent_ts": 1758747980750, "arrival_ts": 1758747980750}
{"action": "send", "src": "AN-N98", "dst": "NA-N133", "hlc": {"phys": 1758748012086, "cnt": 0, "node": "AN-N98"}, "package_id": "PKG47979", "payload": {"status": "DELIVERED"}, "sent_ts": 1758747981106, "arrival_ts": 1758747981106}
{"action": "recv", "src": "AS-N31", "dst": "AN-N98", "hlc": {"phys": 1758749405517, "cnt": 0, "node": "AS-N31"}, "package_id": "PKG49395", "payload": {"status": "CREATED"}, "sent_ts": 1758749395207, "arrival_ts": 1758749395288}
{"action": "recv", "src": "AS-N31", "dst": "AN-N98", "hlc": {"phys": 1758749405797, "cnt": 0, "node": "AS-N31"}, "package_id": "PKG49395", "payload": {"status": "SENT"}, "sent_ts": 1758749395487, "arrival_ts": 1758749395622}
{"action": "recv", "src": "AS-N31", "dst": "AN-N98", "hlc": {"phys": 1758749406142, "cnt": 0, "node": "AS-N31"}, "package_id": "PKG49395", "payload": {"status": "IN_TRANSIT"}, "sent_ts": 1758749395832, "arrival_ts": 1758749395850}
{"action": "recv", "src": "AS-N31", "dst": "AN-N98", "hlc": {"phys": 1758749406358, "cnt": 0, "node": "AS-N31"}, "package_id": "PKG49395", "payload": {"status": "RECEIVED"}, "sent_ts": 1758749396048, "arrival_ts": 1758749396212}
{"action": "recv", "src": "AS-N31", "dst": "AN-N98", "hlc": {"phys": 1758749406718, "cnt": 0, "node": "AS-N31"}, "package_id": "PKG49395", "payload": {"status": "DELIVERED"}, "sent_ts": 1758749396408, "arrival_ts": 1758749396420}
{"action": "recv", "src": "AS-N114", "dst": "AN-N98", "hlc": {"phys": 1758752344245, "cnt": 0, "node": "AS-N114"}, "package_id": "PKG52333", "payload": {"status": "CREATED"}, "sent_ts": 1758752333105, "arrival_ts": 1758752333269}
{"action": "recv", "src": "AS-N114", "dst": "AN-N98", "hlc": {"phys": 1758752344610, "cnt": 0, "node": "AS-N114"}, "package_id": "PKG52333", "payload": {"status": "SENT"}, "sent_ts": 1758752333470, "arrival_ts": 1758752333576}
{"action": "recv", "src": "AS-N114", "dst": "AN-N98", "hlc": {"phys": 1758752344909, "cnt": 0, "node": "AS-N114"}, "package_id": "PKG52333", "payload": {"status": "IN_TRANSIT"}, "sent_ts": 1758752333769, "arrival_ts": 1758752333794}
{"action": "recv", "src": "AS-N114", "dst": "AN-N98", "hlc": {"phys": 1758752345129, "cnt": 0, "node": "AS-N114"}, "package_id": "PKG52333", "payload": {"status": "RECEIVED"}, "sent_ts": 1758752333989, "arrival_ts": 1758752334054}
{"action": "recv", "src": "AS-N114", "dst": "AN-N98", "hlc": {"phys": 1758752345400, "cnt": 0, "node": "AS-N114"}, "package_id": "PKG52333", "payload": {"status": "DELIVERED"}, "sent_ts": 1758752334260, "arrival_ts": 1758752334402}
{"action": "recv", "src": "EU-N38", "dst": "AN-N98", "hlc": {"phys": 1758753769929, "cnt": 0, "node": "EU-N38"}, "package_id": "PKG53764", "payload": {"status": "CREATED"}, "sent_ts": 1758753764549, "arrival_ts": 1758753764584}
{"action": "recv", "src": "EU-N38", "dst": "AN-N98", "hlc": {"phys": 1758753770167, "cnt": 0, "node": "EU-N38"}, "package_id": "PKG53764", "payload": {"status": "SENT"}, "sent_ts": 1758753764787, "arrival_ts": 1758753764814}
{"action": "recv", "src": "EU-N38", "dst": "AN-N98", "hlc": {"phys": 1758753770409, "cnt": 0, "node": "EU-N38"}, "package_id": "PKG53764", "payload": {"status": "IN_TRANSIT"}, "sent_ts": 1758753765029, "arrival_ts": 1758753765152}
{"action": "recv", "src": "EU-N38", "dst": "AN-N98", "hlc": {"phys": 1758753770745, "cnt": 0, "node": "EU-N38"}, "package_id": "PKG53764", "payload": {"status": "RECEIVED"}, "sent_ts": 1758753765365, "arrival_ts": 1758753765460}
{"action": "recv", "src": "EU-N38", "dst": "AN-N98", "hlc": {"phys": 1758753771047, "cnt": 0, "node": "EU-N38"}, "package_id": "PKG53764", "payload": {"status": "DELIVERED"}, "sent_ts": 1758753765667, "arrival_ts": 1758753765862}
{"action": "recv", "src": "AU-N107", "dst": "AN-N98", "hlc": {"phys": 1758760483464, "cnt": 0, "node": "AU-N107"}, "package_id": "PKG60457", "payload": {"status": "CREATED"}, "sent_ts": 1758760457394, "arrival_ts": 1758760457478}
{"action": "recv", "src": "AU-N107", "dst": "AN-N98", "hlc": {"phys": 1758760483746, "cnt": 0, "node": "AU-N107"}, "package_id": "PKG60457", "payload": {"status": "SENT"}, "sent_ts": 1758760457676, "arrival_ts": 1758760457796}
{"action": "recv", "src": "AU-N107", "dst": "AN-N98", "hlc": {"phys": 1758760484072, "cnt": 0, "node": "AU-N107"}, "package_id": "PKG60457", "payload": {"status": "IN_TRANSIT"}, "sent_ts": 1758760458002, "arrival_ts": 1758760458127}
{"action": "recv", "src": "AU-N107", "dst": "AN-N98", "hlc": {"phys": 1758760484397, "cnt": 0, "node": "AU-N107"}, "package_id": "PKG60457", "payload": {"status": "RECEIVED"}, "sent_ts": 1758760458327, "arrival_ts": 1758760458447}
{"action": "recv", "src": "AU-N107", "dst": "AN-N98", "hlc": {"phys": 1758760484720, "cnt": 0, "node": "AU-N107"}, "package_id": "PKG60457", "payload": {"status": "DELIVERED"}, "sent_ts": 1758760458650, "arrival_ts": 1758760458745}
{"action": "send", "src": "AN-N98", "dst": "EU-N129", "hlc": {"phys": 1758761201669, "cnt": 0, "node": "AN-N98"}, "package_id": "PKG61170", "payload": {"status": "CREATED"}, "sent_ts": 1758761170689, "arrival_ts": 1758761170689}
{"action": "send", "src": "AN-N98", "dst": "EU-N129", "hlc": {"phys": 1758761202040, "cnt": 0, "node": "AN-N98"}, "package_id": "PKG61170", "payload": {"status": "SENT"}, "sent_ts": 1758761171060, "arrival_ts": 1758761171060}
{"action": "send", "src": "AN-N98", "dst": "EU-N129", "hlc": {"phys": 1758761202333, "cnt": 0, "node": "AN-N98"}, "package_id": "PKG61170", "payload": {"status": "IN_TRANSIT"}, "sent_ts": 1758761171353, "arrival_ts": 1758761171353}
{"action": "send", "src": "AN-N98", "dst": "EU-N129", "hlc": {"phys": 1758761202723, "cnt": 0, "node": "AN-N98"}, "package_id": "PKG61170", "payload": {"status": "RECEIVED"}, "sent_ts": 1758761171743, "arrival_ts": 1758761171743}
{"action": "send", "src": "AN-N98", "dst": "EU-N129", "hlc": {"phys": 1758761203059, "cnt": 0, "node": "AN-N98"}, "package_id": "PKG61170", "payload": {"status": "DELIVERED"}, "sent_ts": 1758761172079, "arrival_ts": 1758761172079}
{"action": "send", "src": "AN-N98", "dst": "SA-N109", "hlc": {"phys": 1758761794277, "cnt": 0, "node": "AN-N98"}, "package_id": "PKG61763", "payload": {"status": "CREATED"}, "sent_ts": 1758761763297, "arrival_ts": 1758761763297}
{"action": "send", "src": "AN-N98", "dst": "SA-N109", "hlc": {"phys": 1758761794559, "cnt": 0, "node": "AN-N98"}, "package_id": "PKG61763", "payload": {"status": "SENT"}, "sent_ts": 1758761763579, "arrival_ts": 1758761763580}
{"action": "send", "src": "AN-N98", "dst": "SA-N109", "hlc": {"phys": 1758761794819, "cnt": 0, "node": "AN-N98"}, "package_id": "PKG61763", "payload": {"status": "IN_TRANSIT"}, "sent_ts": 1758761763839, "arrival_ts": 1758761763839}
{"action": "send", "src": "AN-N98", "dst": "SA-N109", "hlc": {"phys": 1758761795089, "cnt": 0, "node": "AN-N98"}, "package_id": "PKG61763", "payload": {"status": "RECEIVED"}, "sent_ts": 1758761764109, "arrival_ts": 1758761764109}
{"action": "send", "src": "AN-N98", "dst": "SA-N109", "hlc": {"phys": 1758761795425, "cnt": 0, "node": "AN-N98"}, "package_id": "PKG61763", "payload": {"status": "DELIVERED"}, "sent_ts": 1758761764445, "arrival_ts": 1758761764445}
{"action": "recv", "src": "AS-N147", "dst": "AN-N98", "hlc": {"phys": 1758803706839, "cnt": 0, "node": "AS-N147"}, "package_id": "PKG3695", "payload": {"status": "CREATED"}, "sent_ts": 1758803695369, "arrival_ts": 1758803695529}
{"action": "recv", "src": "AS-N147", "dst": "AN-N98", "hlc": {"phys": 1758803707217, "cnt": 0, "node": "AS-N147"}, "package_id": "PKG3695", "payload": {"status": "SENT"}, "sent_ts": 1758803695747, "arrival_ts": 1758803695945}
{"action": "recv", "src": "AS-N147", "dst": "AN-N98", "hlc": {"phys": 1758803707637, "cnt": 0, "node": "AS-N147"}, "package_id": "PKG3695", "payload": {"status": "IN_TRANSIT"}, "sent_ts": 1758803696167, "arrival_ts": 1758803696207}
{"action": "recv", "src": "AS-N147", "dst": "AN-N98", "hlc": {"phys": 1758803707883, "cnt": 0, "node": "AS-N147"}, "package_id": "PKG3695", "payload": {"status": "RECEIVED"}, "sent_ts": 1758803696413, "arrival_ts": 1758803696533}
{"action": "recv", "src": "AS-N147", "dst": "AN-N98", "hlc": {"phys": 1758803708206, "cnt": 0, "node": "AS-N147"}, "package_id": "PKG3695", "payload": {"status": "DELIVERED"}, "sent_ts": 1758803696736, "arrival_ts": 1758803696929}
{"action": "recv", "src": "AF-N179", "dst": "AN-N98", "hlc": {"phys": 1758804224937, "cnt": 0, "node": "AF-N179"}, "package_id": "PKG4208", "payload": {"status": "CREATED"}, "sent_ts": 1758804208147, "arrival_ts": 1758804208325}
{"action": "recv", "src": "AF-N179", "dst": "AN-N98", "hlc": {"phys": 1758804225319, "cnt": 0, "node": "AF-N179"}, "package_id": "PKG4208", "payload": {"status": "SENT"}, "sent_ts": 1758804208529, "arrival_ts": 1758804208674}
{"action": "recv", "src": "AF-N179", "dst": "AN-N98", "hlc": {"phys": 1758804225686, "cnt": 0, "node": "AF-N179"}, "package_id": "PKG4208", "payload": {"status": "IN_TRANSIT"}, "sent_ts": 1758804208896, "arrival_ts": 1758804209088}
{"action": "recv", "src": "AF-N179", "dst": "AN-N98", "hlc": {"phys": 1758804226086, "cnt": 0, "node": "AF-N179"}, "package_id": "PKG4208", "payload": {"status": "RECEIVED"}, "sent_ts": 1758804209296, "arrival_ts": 1758804209410}
{"action": "recv", "src": "AF-N179", "dst": "AN-N98", "hlc": {"phys": 1758804226420, "cnt": 0, "node": "AF-N179"}, "package_id": "PKG4208", "payload": {"status": "DELIVERED"}, "sent_ts": 1758804209630, "arrival_ts": 1758804209681}
{"action": "recv", "src": "EU-N120", "dst": "AN-N98", "hlc": {"phys": 1758804258833, "cnt": 0, "node": "EU-N120"}, "package_id": "PKG4252", "payload": {"status": "CREATED"}, "sent_ts": 1758804252633, "arrival_ts": 1758804252795}
{"action": "recv", "src": "EU-N120", "dst": "AN-N98", "hlc": {"phys": 1758804259198, "cnt": 0, "node": "EU-N120"}, "package_id": "PKG4252", "payload": {"status": "SENT"}, "sent_ts": 1758804252998, "arrival_ts": 1758804253127}
{"action": "recv", "src": "EU-N120", "dst": "AN-N98", "hlc": {"phys": 1758804259530, "cnt": 0, "node": "EU-N120"}, "package_id": "PKG4252", "payload": {"status": "IN_TRANSIT"}, "sent_ts": 1758804253330, "arrival_ts": 1758804253532}
{"action": "recv", "src": "EU-N120", "dst": "AN-N98", "hlc": {"phys": 1758804259949, "cnt": 0, "node": "EU-N120"}, "package_id": "PKG4252", "payload": {"status": "RECEIVED"}, "sent_ts": 1758804253749, "arrival_ts": 1758804253905}
{"action": "recv", "src": "EU-N120", "dst": "AN-N98", "hlc": {"phys": 1758804260318, "cnt": 0, "node": "EU-N120"}, "package_id": "PKG4252", "payload": {"status": "DELIVERED"}, "sent_ts": 1758804254118, "arrival_ts": 1758804254250}
{"action": "recv", "src": "SA-N163", "dst": "AN-N98", "hlc": {"phys": 1758804367242, "cnt": 0, "node": "SA-N163"}, "package_id": "PKG4345", "payload": {"status": "CREATED"}, "sent_ts": 1758804345612, "arrival_ts": 1758804345659}
{"action": "recv", "src": "SA-N163", "dst": "AN-N98", "hlc": {"phys": 1758804367493, "cnt": 0, "node": "SA-N163"}, "package_id": "PKG4345", "payload": {"status": "SENT"}, "sent_ts": 1758804345863, "arrival_ts": 1758804345888}
{"action": "recv", "src": "SA-N163", "dst": "AN-N98", "hlc": {"phys": 1758804367709, "cnt": 0, "node": "SA-N163"}, "package_id": "PKG4345", "payload": {"status": "IN_TRANSIT"}, "sent_ts": 1758804346079, "arrival_ts": 1758804346237}
{"action": "recv", "src": "SA-N163", "dst": "AN-N98", "hlc": {"phys": 1758804368081, "cnt": 0, "node": "SA-N163"}, "package_id": "PKG4345", "payload": {"status": "RECEIVED"}, "sent_ts": 1758804346451, "arrival_ts": 1758804346571}
{"action": "recv", "src": "SA-N163", "dst": "AN-N98", "hlc": {"phys": 1758804368408, "cnt": 0, "node": "SA-N163"}, "package_id": "PKG4345", "payload": {"status": "DELIVERED"}, "sent_ts": 1758804346778, "arrival_ts": 1758804346794}
{"action": "recv", "src": "AF-N87", "dst": "AN-N98", "hlc": {"phys": 1758809596060, "cnt": 0, "node": "AF-N87"}, "package_id": "PKG9580", "payload": {"status": "CREATED"}, "sent_ts": 1758809580190, "arrival_ts": 1758809580337}
{"action": "recv", "src": "AF-N87", "dst": "AN-N98", "hlc": {"phys": 1758809596414, "cnt": 0, "node": "AF-N87"}, "package_id": "PKG9580", "payload": {"status": "SENT"}, "sent_ts": 1758809580544, "arrival_ts": 1758809580677}
{"action": "recv", "src": "AF-N87", "dst": "AN-N98", "hlc": {"phys": 1758809596755, "cnt": 0, "node": "AF-N87"}, "package_id": "PKG9580", "payload": {"status": "IN_TRANSIT"}, "sent_ts": 1758809580885, "arrival_ts": 1758809580903}
{"action": "recv", "src": "AF-N87", "dst": "AN-N98", "hlc": {"phys": 1758809596971, "cnt": 0, "node": "AF-N87"}, "package_id": "PKG9580", "payload": {"status": "RECEIVED"}, "sent_ts": 1758809581101, "arrival_ts": 1758809581177}
{"action": "recv", "src": "AF-N87", "dst": "AN-N98", "hlc": {"phys": 1758809597248, "cnt": 0, "node": "AF-N87"}, "package_id": "PKG9580", "payload": {"status": "DELIVERED"}, "sent_ts": 1758809581378, "arrival_ts": 1758809581566}
{"action": "recv", "src": "NA-N131", "dst": "AN-N98", "hlc": {"phys": 1758813025803, "cnt": 0, "node": "NA-N131"}, "package_id": "PKG13024", "payload": {"status": "CREATED"}, "sent_ts": 1758813024493, "arrival_ts": 1758813024667}
{"action": "recv", "src": "NA-N131", "dst": "AN-N98", "hlc": {"phys": 1758813026177, "cnt": 0, "node": "NA-N131"}, "package_id": "PKG13024", "payload": {"status": "SENT"}, "sent_ts": 1758813024867, "arrival_ts": 1758813025055}
{"action": "recv", "src": "NA-N131", "dst": "AN-N98", "hlc": {"phys": 1758813026573, "cnt": 0, "node": "NA-N131"}, "package_id": "PKG13024", "payload": {"status": "IN_TRANSIT"}, "sent_ts": 1758813025263, "arrival_ts": 1758813025309}
{"action": "recv", "src": "NA-N131", "dst": "AN-N98", "hlc": {"phys": 1758813026821, "cnt": 0, "node": "NA-N131"}, "package_id": "PKG13024", "payload": {"status": "RECEIVED"}, "sent_ts": 1758813025511, "arrival_ts": 1758813025657}
{"action": "recv", "src": "NA-N131", "dst": "AN-N98", "hlc": {"phys": 1758813027177, "cnt": 0, "node": "NA-N131"}, "package_id": "PKG13024", "payload": {"status": "DELIVERED"}, "sent_ts": 1758813025867, "arrival_ts": 1758813026018}
{"action": "recv", "src": "EU-N103", "dst": "AN-N98", "hlc": {"phys": 1758813174763, "cnt": 0, "node": "EU-N103"}, "package_id": "PKG13168", "payload": {"status": "CREATED"}, "sent_ts": 1758813168733, "arrival_ts": 1758813168791}
{"action": "recv", "src": "EU-N103", "dst": "AN-N98", "hlc": {"phys": 1758813175024, "cnt": 0, "node": "EU-N103"}, "package_id": "PKG13168", "payload": {"status": "SENT"}, "sent_ts": 1758813168994, "arrival_ts": 1758813169153}
{"action": "recv", "src": "EU-N103", "dst": "AN-N98", "hlc": {"phys": 1758813175392, "cnt": 0, "node": "EU-N103"}, "package_id": "PKG13168", "payload": {"status": "IN_TRANSIT"}, "sent_ts": 1758813169362, "arrival_ts": 1758813169441}
{"action": "recv", "src": "EU-N103", "dst": "AN-N98", "hlc": {"phys": 1758813175683, "cnt": 0, "node": "EU-N103"}, "package_id": "PKG13168", "payload": {"status": "RECEIVED"}, "sent_ts": 1758813169653, "arrival_ts": 1758813169685}
{"action": "recv", "src": "EU-N103", "dst": "AN-N98", "hlc": {"phys": 1758813175917, "cnt": 0, "node": "EU-N103"}, "package_id": "PKG13168", "payload": {"status": "DELIVERED"}, "sent_ts": 1758813169887, "arrival_ts": 1758813170085}
{"action": "recv", "src": "AN-N150", "dst": "AN-N98", "hlc": {"phys": 1758813542270, "cnt": 0, "node": "AN-N150"}, "package_id": "PKG13510", "payload": {"status": "CREATED"}, "sent_ts": 1758813510770, "arrival_ts": 1758813510962}
{"action": "recv", "src": "AN-N150", "dst": "AN-N98", "hlc": {"phys": 1758813542658, "cnt": 0, "node": "AN-N150"}, "package_id": "PKG13510", "payload": {"status": "SENT"}, "sent_ts": 1758813511158, "arrival_ts": 1758813511193}
{"action": "recv", "src": "AN-N150", "dst": "AN-N98", "hlc": {"phys": 1758813542905, "cnt": 0, "node": "AN-N150"}, "package_id": "PKG13510", "payload": {"status": "IN_TRANSIT"}, "sent_ts": 1758813511405, "arrival_ts": 1758813511578}
{"action": "recv", "src": "AN-N150", "dst": "AN-N98", "hlc": {"phys": 1758813543281, "cnt": 0, "node": "AN-N150"}, "package_id": "PKG13510", "payload": {"status": "RECEIVED"}, "sent_ts": 1758813511781, "arrival_ts": 1758813511867}
{"action": "recv", "src": "AN-N150", "dst": "AN-N98", "hlc": {"phys": 1758813543587, "cnt": 0, "node": "AN-N150"}, "package_id": "PKG13510", "payload": {"status": "DELIVERED"}, "sent_ts": 1758813512087, "arrival_ts": 1758813512227}
{"action": "recv", "src": "NA-N81", "dst": "AN-N98", "hlc": {"phys": 1758814756184, "cnt": 0, "node": "NA-N81"}, "package_id": "PKG14755", "payload": {"status": "CREATED"}, "sent_ts": 1758814755374, "arrival_ts": 1758814755468}
{"action": "recv", "src": "NA-N81", "dst": "AN-N98", "hlc": {"phys": 1758814756491, "cnt": 0, "node": "NA-N81"}, "package_id": "PKG14755", "payload": {"status": "SENT"}, "sent_ts": 1758814755681, "arrival_ts": 1758814755817}
{"action": "recv", "src": "NA-N81", "dst": "AN-N98", "hlc": {"phys": 1758814756835, "cnt": 0, "node": "NA-N81"}, "package_id": "PKG14755", "payload": {"status": "IN_TRANSIT"}, "sent_ts": 1758814756025, "arrival_ts": 1758814756163}
{"action": "recv", "src": "NA-N81", "dst": "AN-N98", "hlc": {"phys": 1758814757175, "cnt": 0, "node": "NA-N81"}, "package_id": "PKG14755", "payload": {"status": "RECEIVED"}, "sent_ts": 1758814756365, "arrival_ts": 1758814756544}
{"action": "recv", "src": "NA-N81", "dst": "AN-N98", "hlc": {"phys": 1758814757546, "cnt": 0, "node": "NA-N81"}, "package_id": "PKG14755", "payload": {"status": "DELIVERED"}, "sent_ts": 1758814756736, "arrival_ts": 1758814756902}
