{"action": "recv", "src": "AS-N186", "dst": "AN-N76", "hlc": {"phys": 1758712955589, "cnt": 0, "node": "AS-N186"}, "package_id": "PKG12943", "payload": {"status": "CREATED"}, "sent_ts": 1758712943728, "arrival_ts": 1758712943779}
{"action": "recv", "src": "AS-N186", "dst": "AN-N76", "hlc": {"phys": 1758712955852, "cnt": 0, "node": "AS-N186"}, "package_id": "PKG12943", "payload": {"status": "SENT"}, "sent_ts": 1758712943992, "arrival_ts": 1758712944073}
{"action": "recv", "src": "AS-N186", "dst": "AN-N76", "hlc": {"phys": 1758712956131, "cnt": 0, "node": "AS-N186"}, "package_id": "PKG12943", "payload": {"status": "IN_TRANSIT"}, "sent_ts": 1758712944271, "arrival_ts": 1758712944305}
{"action": "recv", "src": "AS-N186", "dst": "AN-N76", "hlc": {"phys": 1758712956365, "cnt": 0, "node": "AS-N186"}, "package_id": "PKG12943", "payload": {"status": "RECEIVED"}, "sent_ts": 1758712944505, "arrival_ts": 1758712944584}
{"action": "recv", "src": "AS-N186", "dst": "AN-N76", "hlc": {"phys": 1758712956646, "cnt": 0, "node": "AS-N186"}, "package_id": "PKG12943", "payload": {"status": "DELIVERED"}, "sent_ts": 1758712944786, "arrival_ts": 1758712944843}
{"action": "send", "src": "AN-N76", "dst": "NA-N28", "hlc": {"phys": 1758713020545, "cnt": 0, "node": "AN-N76"}, "package_id": "PKG12989", "payload": {"status": "CREATED"}, "sent_ts": 1758712989785, "arrival_ts": 1758712989785}
{"action": "send", "src": "AN-N76", "dst": "NA-N28", "hlc": {"phys": 1758713020902, "cnt": 0, "node": "AN-N76"}, "package_id": "PKG12989", "payload": {"status": "SENT"}, "sent_ts": 1758712990142, "arrival_ts": 1758712990142}
{"action": "send", "src": "AN-N76", "dst": "NA-N28", "hlc": {"phys": 1758713021272, "cnt": 0, "node": "AN-N76"}, "package_id": "PKG12989", "payload": {"status": "IN_TRANSIT"}, "sent_ts": 1758712990512, "arrival_ts": 1758712990512}
{"action": "send", "src": "AN-N76", "dst": "NA-N28", "hlc": {"phys": 1758713021660, "cnt": 0, "node": "AN-N76"}, "package_id": "PKG12989", "payload": {"status": "RECEIVED"}, "sent_ts": 1758712990900, "arrival_ts": 1758712990900}
{"action": "send", "src": "AN-N76", "dst": "NA-N28", "hlc": {"phys": 1758713021923, "cnt": 0, "node": "AN-N76"}, "package_id": "PKG12989", "payload": {"status": "DELIVERED"}, "sent_ts": 1758712991163, "arrival_ts": 1758712991163}
{"action": "send", "src": "AN-N76", "dst": "AN-N29", "hlc": {"phys": 1758719208234, "cnt": 0, "node": "AN-N76"}, "package_id": "PKG19177", "payload": {"status": "CREATED"}, "sent_ts": 1758719177474, "arrival_ts": 1758719177474}
{"action": "send", "src": "AN-N76", "dst": "AN-N29", "hlc": {"phys": 1758719208587, "cnt": 0, "node": "AN-N76"}, "package_id": "PKG19177", "payload": {"status": "SENT"}, "sent_ts": 1758719177827, "arrival_ts": 1758719177827}
{"action": "send", "src": "AN-N76", "dst": "AN-N29", "hlc": {"phys": 1758719208940, "cnt": 0, "node": "AN-N76"}, "package_id": "PKG19177", "payload": {"status": "IN_TRANSIT"}, "sent_ts": 1758719178180, "arrival_ts": 1758719178180}
{"action": "send", "src": "AN-N76", "dst": "AN-N29", "hlc": {"phys": 1758719209264, "cnt": 0, "node": "AN-N76"}, "package_id": "PKG19177", "payload": {"status": "RECEIVED"}, "sent_ts": 1758719178504, "arrival_ts": 1758719178504}
{"action": "send", "src": "AN-N76", "dst": "AN-N29", "hlc": {"phys": 1758719209511, "cnt": 0, "node": "AN-N76"}, "package_id": "PKG19177", "payload": {"status": "DELIVERED"}, "sent_ts": 1758719178751, "arrival_ts": 1758719178751}
{"action": "recv", "src": "AF-N178", "dst": "AN-N76", "hlc": {"phys": 1758739047666, "cnt": 0, "node": "AF-N178"}, "package_id": "PKG39030", "payload": {"status": "CREATED"}, "sent_ts": 1758739030886, "arrival_ts": 1758739030901}
{"action": "recv", "src": "AF-N178", "dst": "AN-N76", "hlc": {"phys": 1758739047888, "cnt": 0, "node": "AF-N178"}, "package_id": "PKG39030", "payload": {"status": "SENT"}, "sent_ts": 1758739031108, "arrival_ts": 1758739031174}
{"action": "recv", "src": "AF-N178", "dst": "AN-N76", "hlc": {"phys": 1758739048161, "cnt": 0, "node": "AF-N178"}, "package_id": "PKG39030", "payload": {"status": "IN_TRANSIT"}, "sent_ts": 1758739031381, "arrival_ts": 1758739031486}
{"action": "recv", "src": "AF-N178", "dst": "AN-N76", "hlc": {"phys": 1758739048481, "cnt": 0, "node": "AF-N178"}, "package_id": "PKG39030", "payload": {"status": "RECEIVED"}, "sent_ts": 1758739031701, "arrival_ts": 1758739031860}
{"action": "recv", "src": "AF-N178", "dst": "AN-N76", "hlc": {"phys": 1758739048865, "cnt": 0, "node": "AF-N178"}, "package_id": "PKG39030", "payload": {"status": "DELIVERED"}, "sent_ts": 1758739032085, "arrival_ts": 1758739032139}
{"action": "recv", "src": "AS-N178", "dst": "AN-N76", "hlc": {"phys": 1758741349214, "cnt": 0, "node": "AS-N178"}, "package_id": "PKG41337", "payload": {"status": "CREATED"}, "sent_ts": 1758741337434, "arrival_ts": 1758741337447}
{"action": "recv", "src": "AS-N178", "dst": "AN-N76", "hlc": {"phys": 1758741349428, "cnt": 0, "node": "AS-N178"}, "package_id": "PKG41337", "payload": {"status": "SENT"}, "sent_ts": 1758741337648, "arrival_ts": 1758741337746}
{"action": "recv", "src": "AS-N178", "dst": "AN-N76", "hlc": {"phys": 1758741349733, "cnt": 0, "node": "AS-N178"}, "package_id": "PKG41337", "payload": {"status": "IN_TRANSIT"}, "sent_ts": 1758741337953, "arrival_ts": 1758741338010}
{"action": "recv", "src": "AS-N178", "dst": "AN-N76", "hlc": {"phys": 1758741349989, "cnt": 0, "node": "AS-N178"}, "package_id": "PKG41337", "payload": {"status": "RECEIVED"}, "sent_ts": 1758741338209, "arrival_ts": 1758741338258}
{"action": "recv", "src": "AS-N178", "dst": "AN-N76", "hlc": {"phys": 1758741350233, "cnt": 0, "node": "AS-N178"}, "package_id": "PKG41337", "payload": {"status": "DELIVERED"}, "sent_ts": 1758741338453, "arrival_ts": 1758741338520}
{"action": "send", "src": "AN-N76", "dst": "NA-N158", "hlc": {"phys": 1758741905058, "cnt": 0, "node": "AN-N76"}, "package_id": "PKG41874", "payload": {"status": "CREATED"}, "sent_ts": 1758741874298, "arrival_ts": 1758741874298}
{"action": "send", "src": "AN-N76", "dst": "NA-N158", "hlc": {"phys": 1758741905444, "cnt": 0, "node": "AN-N76"}, "package_id": "PKG41874", "payload": {"status": "SENT"}, "sent_ts": 1758741874684, "arrival_ts": 1758741874684}
{"action": "send", "src": "AN-N76", "dst": "NA-N158", "hlc": {"phys": 1758741905817, "cnt": 0, "node": "AN-N76"}, "package_id": "PKG41874", "payload": {"status": "IN_TRANSIT"}, "sent_ts": 1758741875057, "arrival_ts": 1758741875057}
{"action": "send", "src": "AN-N76", "dst": "NA-N158", "hlc": {"phys": 1758741906143, "cnt": 0, "node": "AN-N76"}, "package_id": "PKG41874", "payload": {"status": "RECEIVED"}, "sent_ts": 1758741875383, "arrival_ts": 1758741875383}
{"action": "send", "src": "AN-N76", "dst": "NA-N158", "hlc": {"phys": 1758741906452, "cnt": 0, "node": "AN-N76"}, "package_id": "PKG41874", "payload": {"status": "DELIVERED"}, "sent_ts": 1758741875692, "arrival_ts": 1758741875692}
{"action": "send", "src": "AN-N76", "dst": "NA-N198", "hlc": {"phys": 1758742658570, "cnt": 0, "node": "AN-N76"}, "package_id": "PKG42627", "payload": {"status": "CREATED"}, "sent_ts": 1758742627810, "arrival_ts": 1758742627810}
{"action": "send", "src": "AN-N76", "dst": "NA-N198", "hlc": {"phys": 1758742658973, "cnt": 0, "node": "AN-N76"}, "package_id": "PKG42627", "payload": {"status": "SENT"}, "sent_ts": 1758742628213, "arrival_ts": 1758742628213}
{"action": "send", "src": "AN-N76", "dst": "NA-N198", "hlc": {"phys": 1758742659267, "cnt": 0, "node": "AN-N76"}, "package_id": "PKG42627", "payload": {"status": "IN_TRANSIT"}, "sent_ts": 1758742628507, "arrival_ts": 1758742628507}
{"action": "send", "src": "AN-N76", "dst": "NA-N198", "hlc": {"phys": 1758742659579, "cnt": 0, "node": "AN-N76"}, "package_id": "PKG42627", "payload": {"status": "RECEIVED"}, "sent_ts": 1758742628819, "arrival_ts": 1758742628819}
{"action": "send", "src": "AN-N76", "dst": "NA-N198", "hlc": {"phys": 1758742659952, "cnt": 0, "node": "AN-N76"}, "package_id": "PKG42627", "payload": {"status": "DELIVERED"}, "sent_ts": 1758742629192, "arrival_ts": 1758742629192}
{"action": "recv", "src": "AU-N41", "dst": "AN-N76", "hlc": {"phys": 1758746354555, "cnt": 0, "node": "AU-N41"}, "package_id": "PKG46329", "payload": {"status": "CREATED"}, "sent_ts": 1758746329145, "arrival_ts": 1758746329195}
{"action": "recv", "src": "AU-N41", "dst": "AN-N76", "hlc": {"phys": 1758746354800, "cnt": 0, "node": "AU-N41"}, "package_id": "PKG46329", "payload": {"status": "SENT"}, "sent_ts": 1758746329390, "arrival_ts": 1758746329515}
{"action": "recv", "src": "AU-N41", "dst": "AN-N76", "hlc": {"phys": 1758746355143, "cnt": 0, "node": "AU-N41"}, "package_id": "PKG46329", "payload": {"status": "IN_TRANSIT"}, "sent_ts": 1758746329733, "arrival_ts": 1758746329822}
{"action": "recv", "src": "AU-N41", "dst": "AN-N76", "hlc": {"phys": 1758746355450, "cnt": 0, "node": "AU-N41"}, "package_id": "PKG46329", "payload": {"status": "RECEIVED"}, "sent_ts": 1758746330040, "arrival_ts": 1758746330088}
{"action": "recv", "src": "AU-N41", "dst": "AN-N76", "hlc": {"phys": 1758746355737, "cnt": 0, "node": "AU-N41"}, "package_id": "PKG46329", "payload": {"status": "DELIVERED"}, "sent_ts": 1758746330327, "arrival_ts": 1758746330416}
{"action": "recv", "src": "AU-N148", "dst": "AN-N76", "hlc": {"phys": 1758746360846, "cnt": 0, "node": "AU-N148"}, "package_id": "PKG46334", "payload": {"status": "CREATED"}, "sent_ts": 1758746334366, "arrival_ts": 1758746334447}
{"action": "recv", "src": "AU-N148", "dst": "AN-N76", "hlc": {"phys": 1758746361124, "cnt": 0, "node": "AU-N148"}, "package_id": "PKG46334", "payload": {"status": "SENT"}, "sent_ts": 1758746334644, "arrival_ts": 1758746334845}
{"action": "recv", "src": "AU-N148", "dst": "AN-N76", "hlc": {"phys": 1758746361528, "cnt": 0, "node": "AU-N148"}, "package_id": "PKG46334", "payload": {"status": "IN_TRANSIT"}, "sent_ts": 1758746335048, "arrival_ts": 1758746335156}
{"action": "recv", "src": "AU-N148", "dst": "AN-N76", "hlc": {"phys": 1758746361840, "cnt": 0, "node": "AU-N148"}, "package_id": "PKG46334", "payload": {"status": "RECEIVED"}, "sent_ts": 1758746335360, "arrival_ts": 1758746335561}
{"action": "recv", "src": "AU-N148", "dst": "AN-N76", "hlc": {"phys": 1758746362258, "cnt": 0, "node": "AU-N148"}, "package_id": "PKG46334", "payload": {"status": "DELIVERED"}, "sent_ts": 1758746335778, "arrival_ts": 1758746335839}
{"action": "recv", "src": "AU-N54", "dst": "AN-N76", "hlc": {"phys": 1758753049902, "cnt": 0, "node": "AU-N54"}, "package_id": "PKG53024", "payload": {"status": "CREATED"}, "sent_ts": 1758753024362, "arrival_ts": 1758753024559}
{"action": "recv", "src": "AU-N54", "dst": "AN-N76", "hlc": {"phys": 1758753050302, "cnt": 0, "node": "AU-N54"}, "package_id": "PKG53024", "payload": {"status": "SENT"}, "sent_ts": 1758753024762, "arrival_ts": 1758753024855}
{"action": "recv", "src": "AU-N54", "dst": "AN-N76", "hlc": {"phys": 1758753050602, "cnt": 0, "node": "AU-N54"}, "package_id": "PKG53024", "payload": {"status": "IN_TRANSIT"}, "sent_ts": 1758753025062, "arrival_ts": 1758753025200}
{"action": "recv", "src": "AU-N54", "dst": "AN-N76", "hlc": {"phys": 1758753050940, "cnt": 0, "node": "AU-N54"}, "package_id": "PKG53024", "payload": {"status": "RECEIVED"}, "sent_ts": 1758753025400, "arrival_ts": 1758753025495}
{"action": "recv", "src": "AU-N54", "dst": "AN-N76", "hlc": {"phys": 1758753051242, "cnt": 0, "node": "AU-N54"}, "package_id": "PKG53024", "payload": {"status": "DELIVERED"}, "sent_ts": 1758753025702, "arrival_ts": 1758753025899}
{"action": "send", "src": "AN-N76", "dst": "AS-N3", "hlc": {"phys": 1758755040901, "cnt": 0, "node": "AN-N76"}, "package_id": "PKG55010", "payload": {"status": "CREATED"}, "sent_ts": 1758755010141, "arrival_ts": 1758755010141}
{"action": "send", "src": "AN-N76", "dst": "AS-N3", "hlc": {"phys": 1758755041162, "cnt": 0, "node": "AN-N76"}, "package_id": "PKG55010", "payload": {"status": "SENT"}, "sent_ts": 1758755010402, "arrival_ts": 1758755010402}
{"action": "send", "src": "AN-N76", "dst": "AS-N3", "hlc": {"phys": 1758755041529, "cnt": 0, "node": "AN-N76"}, "package_id": "PKG55010", "payload": {"status": "IN_TRANSIT"}, "sent_ts": 1758755010769, "arrival_ts": 1758755010769}
{"action": "send", "src": "AN-N76", "dst": "AS-N3", "hlc": {"phys": 1758755041934, "cnt": 0, "node": "AN-N76"}, "package_id": "PKG55010", "payload": {"status": "RECEIVED"}, "sent_ts": 1758755011174, "arrival_ts": 1758755011174}
{"action": "send", "src": "AN-N76", "dst": "AS-N3", "hlc": {"phys": 1758755042190, "cnt": 0, "node": "AN-N76"}, "package_id": "PKG55010", "payload": {"status": "DELIVERED"}, "sent_ts": 1758755011430, "arrival_ts": 1758755011430}
{"action": "send", "src": "AN-N76", "dst": "AU-N48", "hlc": {"phys": 1758755763949, "cnt": 0, "node": "AN-N76"}, "package_id": "PKG55733", "payload": {"status": "CREATED"}, "sent_ts": 1758755733189, "arrival_ts": 1758755733189}
{"action": "send", "src": "AN-N76", "dst": "AU-N48", "hlc": {"phys": 1758755764297, "cnt": 0, "node": "AN-N76"}, "package_id": "PKG55733", "payload": {"status": "SENT"}, "sent_ts": 1758755733537, "arrival_ts": 1758755733537}
{"action": "send", "src": "AN-N76", "dst": "AU-N48", "hlc": {"phys": 1758755764712, "cnt": 0, "node": "AN-N76"}, "package_id": "PKG55733", "payload": {"status": "IN_TRANSIT"}, "sent_ts": 1758755733952, "arrival_ts": 1758755733952}
{"action": "send", "src": "AN-N76", "dst": "AU-N48", "hlc": {"phys": 1758755765059, "cnt": 0, "node": "AN-N76"}, "package_id": "PKG55733", "payload": {"status": "RECEIVED"}, "sent_ts": 1758755734298, "arrival_ts": 1758755734299}
{"action": "send", "src": "AN-N76", "dst": "AU-N48", "hlc": {"phys": 1758755765373, "cnt": 0, "node": "AN-N76"}, "package_id": "PKG55733", "payload": {"status": "DELIVERED"}, "sent_ts": 1758755734613, "arrival_ts": 1758755734613}
{"action": "send", "src": "AN-N76", "dst": "SA-N160", "hlc": {"phys": 1758756657883, "cnt": 0, "node": "AN-N76"}, "package_id": "PKG56627", "payload": {"status": "CREATED"}, "sent_ts": 1758756627123, "arrival_ts": 1758756627123}
{"action": "send", "src": "AN-N76", "dst": "SA-N160", "hlc": {"phys": 1758756658234, "cnt": 0, "node": "AN-N76"}, "package_id": "PKG56627", "payload": {"status": "SENT"}, "sent_ts": 1758756627474, "arrival_ts": 1758756627474}
{"action": "send", "src": "AN-N76", "dst": "SA-N160", "hlc": {"phys": 1758756658622, "cnt": 0, "node": "AN-N76"}, "package_id": "PKG56627", "payload": {"status": "IN_TRANSIT"}, "sent_ts": 1758756627862, "arrival_ts": 1758756627862}
{"action": "send", "src": "AN-N76", "dst": "SA-N160", "hlc": {"phys": 1758756658929, "cnt": 0, "node": "AN-N76"}, "package_id": "PKG56627", "payload": {"status": "RECEIVED"}, "sent_ts": 1758756628169, "arrival_ts": 1758756628169}
{"action": "send", "src": "AN-N76", "dst": "SA-N160", "hlc": {"phys": 1758756659222, "cnt": 0, "node": "AN-N76"}, "package_id": "PKG56627", "payload": {"status": "DELIVERED"}, "sent_ts": 1758756628462, "arrival_ts": 1758756628462}
{"action": "send", "src": "AN-N76", "dst": "NA-N70", "hlc": {"phys": 1758757868164, "cnt": 0, "node": "AN-N76"}, "package_id": "PKG57837", "payload": {"status": "CREATED"}, "sent_ts": 1758757837404, "arrival_ts": 1758757837404}
{"action": "send", "src": "AN-N76", "dst": "NA-N70", "hlc": {"phys": 1758757868390, "cnt": 0, "node": "AN-N76"}, "package_id": "PKG57837", "payload": {"status": "SENT"}, "sent_ts": 1758757837630, "arrival_ts": 1758757837630}
{"action": "send", "src": "AN-N76", "dst": "NA-N70", "hlc": {"phys": 1758757868714, "cnt": 0, "node": "AN-N76"}, "package_id": "PKG57837", "payload": {"status": "IN_TRANSIT"}, "sent_ts": 1758757837954, "arrival_ts": 1758757837954}
{"action": "send", "src": "AN-N76", "dst": "NA-N70", "hlc": {"phys": 1758757869100, "cnt": 0, "node": "AN-N76"}, "package_id": "PKG57837", "payload": {"status": "RECEIVED"}, "sent_ts": 1758757838340, "arrival_ts": 1758757838340}
{"action": "send", "src": "AN-N76", "dst": "NA-N70", "hlc": {"phys": 1758757869503, "cnt": 0, "node": "AN-N76"}, "package_id": "PKG57837", "payload": {"status": "DELIVERED"}, "sent_ts": 1758757838743, "arrival_ts": 1758757838743}
{"action": "recv", "src": "AU-N196", "dst": "AN-N76", "hlc": {"phys": 1758758283525, "cnt": 0, "node": "AU-N196"}, "package_id": "PKG58256", "payload": {"status": "CREATED"}, "sent_ts": 1758758256565, "arrival_ts": 1758758256685}
{"action": "recv", "src": "AU-N196", "dst": "AN-N76", "hlc": {"phys": 1758758283852, "cnt": 0, "node": "AU-N196"}, "package_id": "PKG58256", "payload": {"status": "SENT"}, "sent_ts": 1758758256892, "arrival_ts": 1758758257076}
{"action": "recv", "src": "AU-N196", "dst": "AN-N76", "hlc": {"phys": 1758758284232, "cnt": 0, "node": "AU-N196"}, "package_id": "PKG58256", "payload": {"status": "IN_TRANSIT"}, "sent_ts": 1758758257272, "arrival_ts": 1758758257297}
{"action": "recv", "src": "AU-N196", "dst": "AN-N76", "hlc": {"phys": 1758758284477, "cnt": 0, "node": "AU-N196"}, "package_id": "PKG58256", "payload": {"status": "RECEIVED"}, "sent_ts": 1758758257517, "arrival_ts": 1758758257590}
{"action": "recv", "src": "AU-N196", "dst": "AN-N76", "hlc": {"phys": 1758758284772, "cnt": 0, "node": "AU-N196"}, "package_id": "PKG58256", "payload": {"status": "DELIVERED"}, "sent_ts": 1758758257812, "arrival_ts": 1758758257947}
{"action": "recv", "src": "AF-N148", "dst": "AN-N76", "hlc": {"phys": 1758760731916, "cnt": 0, "node": "AF-N148"}, "package_id": "PKG60715", "payload": {"status": "CREATED"}, "sent_ts": 1758760715436, "arrival_ts": 1758760715553}
{"action": "recv", "src": "AF-N148", "dst": "AN-N76", "hlc": {"phys": 1758760732243, "cnt": 0, "node": "AF-N148"}, "package_id": "PKG60715", "payload": {"status": "SENT"}, "sent_ts": 1758760715763, "arrival_ts": 1758760715895}
{"action": "recv", "src": "AF-N148", "dst": "AN-N76", "hlc": {"phys": 1758760732585, "cnt": 0, "node": "AF-N148"}, "package_id": "PKG60715", "payload": {"status": "IN_TRANSIT"}, "sent_ts": 1758760716105, "arrival_ts": 1758760716297}
{"action": "recv", "src": "AF-N148", "dst": "AN-N76", "hlc": {"phys": 1758760732986, "cnt": 0, "node": "AF-N148"}, "package_id": "PKG60715", "payload": {"status": "RECEIVED"}, "sent_ts": 1758760716506, "arrival_ts": 1758760716670}
{"action": "recv", "src": "AF-N148", "dst": "AN-N76", "hlc": {"phys": 1758760733341, "cnt": 0, "node": "AF-N148"}, "package_id": "PKG60715", "payload": {"status": "DELIVERED"}, "sent_ts": 1758760716861, "arrival_ts": 1758760717031}
{"action": "recv", "src": "SA-N82", "dst": "AN-N76", "hlc": {"phys": 1758761923535, "cnt": 0, "node": "SA-N82"}, "package_id": "PKG61902", "payload": {"status": "CREATED"}, "sent_ts": 1758761902715, "arrival_ts": 1758761902823}
{"action": "recv", "src": "SA-N82", "dst": "AN-N76", "hlc": {"phys": 1758761923858, "cnt": 0, "node": "SA-N82"}, "package_id": "PKG61902", "payload": {"status": "SENT"}, "sent_ts": 1758761903038, "arrival_ts": 1758761903223}
{"action": "recv", "src": "SA-N82", "dst": "AN-N76", "hlc": {"phys": 1758761924260, "cnt": 0, "node": "SA-N82"}, "package_id": "PKG61902", "payload": {"status": "IN_TRANSIT"}, "sent_ts": 1758761903440, "arrival_ts": 1758761903501}
{"action": "recv", "src": "SA-N82", "dst": "AN-N76", "hlc": {"phys": 1758761924529, "cnt": 0, "node": "SA-N82"}, "package_id": "PKG61902", "payload": {"status": "RECEIVED"}, "sent_ts": 1758761903709, "arrival_ts": 1758761903775}
{"action": "recv", "src": "SA-N82", "dst": "AN-N76", "hlc": {"phys": 1758761924798, "cnt": 0, "node": "SA-N82"}, "package_id": "PKG61902", "payload": {"status": "DELIVERED"}, "sent_ts": 1758761903978, "arrival_ts": 1758761903993}
{"action": "recv", "src": "AN-N38", "dst": "AN-N76", "hlc": {"phys": 1758762950548, "cnt": 0, "node": "AN-N38"}, "package_id": "PKG62920", "payload": {"status": "CREATED"}, "sent_ts": 1758762920168, "arrival_ts": 1758762920348}
{"action": "recv", "src": "AN-N38", "dst": "AN-N76", "hlc": {"phys": 1758762950935, "cnt": 0, "node": "AN-N38"}, "package_id": "PKG62920", "payload": {"status": "SENT"}, "sent_ts": 1758762920555, "arrival_ts": 1758762920657}
{"action": "recv", "src": "AN-N38", "dst": "AN-N76", "hlc": {"phys": 1758762951245, "cnt": 0, "node": "AN-N38"}, "package_id": "PKG62920", "payload": {"status": "IN_TRANSIT"}, "sent_ts": 1758762920865, "arrival_ts": 1758762920876}
{"action": "recv", "src": "AN-N38", "dst": "AN-N76", "hlc": {"phys": 1758762951462, "cnt": 0, "node": "AN-N38"}, "package_id": "PKG62920", "payload": {"status": "RECEIVED"}, "sent_ts": 1758762921082, "arrival_ts": 1758762921184}
{"action": "recv", "src": "AN-N38", "dst": "AN-N76", "hlc": {"phys": 1758762951757, "cnt": 0, "node": "AN-N38"}, "package_id": "PKG62920", "payload": {"status": "DELIVERED"}, "sent_ts": 1758762921377, "arrival_ts": 1758762921467}
{"action": "recv", "src": "EU-N3", "dst": "AN-N76", "hlc": {"phys": 1758764464023, "cnt": 0, "node": "EU-N3"}, "package_id": "PKG64458", "payload": {"status": "CREATED"}, "sent_ts": 1758764458993, "arrival_ts": 1758764459086}
{"action": "recv", "src": "EU-N3", "dst": "AN-N76", "hlc": {"phys": 1758764464316, "cnt": 0, "node": "EU-N3"}, "package_id": "PKG64458", "payload": {"status": "SENT"}, "sent_ts": 1758764459286, "arrival_ts": 1758764459330}
{"action": "recv", "src": "EU-N3", "dst": "AN-N76", "hlc": {"phys": 1758764464565, "cnt": 0, "node": "EU-N3"}, "package_id": "PKG64458", "payload": {"status": "IN_TRANSIT"}, "sent_ts": 1758764459535, "arrival_ts": 1758764459733}
{"action": "recv", "src": "EU-N3", "dst": "AN-N76", "hlc": {"phys": 1758764464973, "cnt": 0, "node": "EU-N3"}, "package_id": "PKG64458", "payload": {"status": "RECEIVED"}, "sent_ts": 1758764459943, "arrival_ts": 1758764460008}
{"action": "recv", "src": "EU-N3", "dst": "AN-N76", "hlc": {"phys": 1758764465237, "cnt": 0, "node": "EU-N3"}, "package_id": "PKG64458", "payload": {"status": "DELIVERED"}, "sent_ts": 1758764460207, "arrival_ts": 1758764460276}
{"action": "recv", "src": "AU-N78", "dst": "AN-N76", "hlc": {"phys": 1758800076370, "cnt": 0, "node": "AU-N78"}, "package_id": "PKG50", "payload": {"status": "CREATED"}, "sent_ts": 1758800050590, "arrival_ts": 1758800050795}
{"action": "recv", "src": "AU-N78", "dst": "AN-N76", "hlc": {"phys": 1758800076796, "cnt": 0, "node": "AU-N78"}, "package_id": "PKG50", "payload": {"status": "SENT"}, "sent_ts": 1758800051016, "arrival_ts": 1758800051062}
{"action": "recv", "src": "AU-N78", "dst": "AN-N76", "hlc": {"phys": 1758800077055, "cnt": 0, "node": "AU-N78"}, "package_id": "PKG50", "payload": {"status": "IN_TRANSIT"}, "sent_ts": 1758800051275, "arrival_ts": 1758800051315}
{"action": "recv", "src": "AU-N78", "dst": "AN-N76", "hlc": {"phys": 1758800077285, "cnt": 0, "node": "AU-N78"}, "package_id": "PKG50", "payload": {"status": "RECEIVED"}, "sent_ts": 1758800051505, "arrival_ts": 1758800051632}
{"action": "recv", "src": "AU-N78", "dst": "AN-N76", "hlc": {"phys": 1758800077611, "cnt": 0, "node": "AU-N78"}, "package_id": "PKG50", "payload": {"status": "DELIVERED"}, "sent_ts": 1758800051831, "arrival_ts": 1758800051844}
{"action": "send", "src": "AN-N76", "dst": "AS-N101", "hlc": {"phys": 1758804498494, "cnt": 0, "node": "AN-N76"}, "package_id": "PKG4467", "payload": {"status": "CREATED"}, "sent_ts": 1758804467734, "arrival_ts": 1758804467734}
{"action": "send", "src": "AN-N76", "dst": "AS-N101", "hlc": {"phys": 1758804498866, "cnt": 0, "node": "AN-N76"}, "package_id": "PKG4467", "payload": {"status": "SENT"}, "sent_ts": 1758804468106, "arrival_ts": 1758804468106}
{"action": "send", "src": "AN-N76", "dst": "AS-N101", "hlc": {"phys": 1758804499132, "cnt": 0, "node": "AN-N76"}, "package_id": "PKG4467", "payload": {"status": "IN_TRANSIT"}, "sent_ts": 1758804468372, "arrival_ts": 1758804468372}
{"action": "send", "src": "AN-N76", "dst": "AS-N101", "hlc": {"phys": 1758804499480, "cnt": 0, "node": "AN-N76"}, "package_id": "PKG4467", "payload": {"status": "RECEIVED"}, "sent_ts": 1758804468720, "arrival_ts": 1758804468720}
{"action": "send", "src": "AN-N76", "dst": "AS-N101", "hlc": {"phys": 1758804499811, "cnt": 0, "node": "AN-N76"}, "package_id": "PKG4467", "payload": {"status": "DELIVERED"}, "sent_ts": 1758804469051, "arrival_ts": 1758804469051}
{"action": "send", "src": "AN-N76", "dst": "EU-N106", "hlc": {"phys": 1758812890072, "cnt": 0, "node": "AN-N76"}, "package_id": "PKG12859", "payload": {"status": "CREATED"}, "sent_ts": 1758812859312, "arrival_ts": 1758812859312}
{"action": "send", "src": "AN-N76", "dst": "EU-N106", "hlc": {"phys": 1758812890335, "cnt": 0, "node": "AN-N76"}, "package_id": "PKG12859", "payload": {"status": "SENT"}, "sent_ts": 1758812859575, "arrival_ts": 1758812859575}
{"action": "send", "src": "AN-N76", "dst": "EU-N106", "hlc": {"phys": 1758812890722, "cnt": 0, "node": "AN-N76"}, "package_id": "PKG12859", "payload": {"status": "IN_TRANSIT"}, "sent_ts": 1758812859962, "arrival_ts": 1758812859962}
{"action": "send", "src": "AN-N76", "dst": "EU-N106", "hlc": {"phys": 1758812891001, "cnt": 0, "node": "AN-N76"}, "package_id": "PKG12859", "payload": {"status": "RECEIVED"}, "sent_ts": 1758812860241, "arrival_ts": 1758812860241}
{"action": "send", "src": "AN-N76", "dst": "EU-N106", "hlc": {"phys": 1758812891325, "cnt": 0, "node": "AN-N76"}, "package_id": "PKG12859", "payload": {"status": "DELIVERED"}, "sent_ts": 1758812860565, "arrival_ts": 1758812860565}
