{"action": "recv", "src": "AS-N28", "dst": "AN-N191", "hlc": {"phys": 1758713748860, "cnt": 0, "node": "AS-N28"}, "package_id": "PKG13738", "payload": {"status": "CREATED"}, "sent_ts": 1758713738580, "arrival_ts": 1758713738650}
{"action": "recv", "src": "AS-N28", "dst": "AN-N191", "hlc": {"phys": 1758713749123, "cnt": 0, "node": "AS-N28"}, "package_id": "PKG13738", "payload": {"status": "SENT"}, "sent_ts": 1758713738843, "arrival_ts": 1758713738949}
{"action": "recv", "src": "AS-N28", "dst": "AN-N191", "hlc": {"phys": 1758713749442, "cnt": 0, "node": "AS-N28"}, "package_id": "PKG13738", "payload": {"status": "IN_TRANSIT"}, "sent_ts": 1758713739162, "arrival_ts": 1758713739244}
{"action": "recv", "src": "AS-N28", "dst": "AN-N191", "hlc": {"phys": 1758713749719, "cnt": 0, "node": "AS-N28"}, "package_id": "PKG13738", "payload": {"status": "RECEIVED"}, "sent_ts": 1758713739439, "arrival_ts": 1758713739472}
{"action": "recv", "src": "AS-N28", "dst": "AN-N191", "hlc": {"phys": 1758713749958, "cnt": 0, "node": "AS-N28"}, "package_id": "PKG13738", "payload": {"status": "DELIVERED"}, "sent_ts": 1758713739678, "arrival_ts": 1758713739699}
{"action": "recv", "src": "AS-N39", "dst": "AN-N191", "hlc": {"phys": 1758718301596, "cnt": 0, "node": "AS-N39"}, "package_id": "PKG18291", "payload": {"status": "CREATED"}, "sent_ts": 1758718291206, "arrival_ts": 1758718291372}
{"action": "recv", "src": "AS-N39", "dst": "AN-N191", "hlc": {"phys": 1758718301968, "cnt": 0, "node": "AS-N39"}, "package_id": "PKG18291", "payload": {"status": "SENT"}, "sent_ts": 1758718291578, "arrival_ts": 1758718291602}
{"action": "recv", "src": "AS-N39", "dst": "AN-N191", "hlc": {"phys": 1758718302198, "cnt": 0, "node": "AS-N39"}, "package_id": "PKG18291", "payload": {"status": "IN_TRANSIT"}, "sent_ts": 1758718291808, "arrival_ts": 1758718291848}
{"action": "recv", "src": "AS-N39", "dst": "AN-N191", "hlc": {"phys": 1758718302447, "cnt": 0, "node": "AS-N39"}, "package_id": "PKG18291", "payload": {"status": "RECEIVED"}, "sent_ts": 1758718292057, "arrival_ts": 1758718292235}
{"action": "recv", "src": "AS-N39", "dst": "AN-N191", "hlc": {"phys": 1758718302836, "cnt": 0, "node": "AS-N39"}, "package_id": "PKG18291", "payload": {"status": "DELIVERED"}, "sent_ts": 1758718292446, "arrival_ts": 1758718292515}
{"action": "send", "src": "AN-N191", "dst": "NA-N128", "hlc": {"phys": 1758719358187, "cnt": 0, "node": "AN-N191"}, "package_id": "PKG19326", "payload": {"status": "CREATED"}, "sent_ts": 1758719326277, "arrival_ts": 1758719326277}
{"action": "send", "src": "AN-N191", "dst": "NA-N128", "hlc": {"phys": 1758719358576, "cnt": 0, "node": "AN-N191"}, "package_id": "PKG19326", "payload": {"status": "SENT"}, "sent_ts": 1758719326666, "arrival_ts": 1758719326666}
{"action": "send", "src": "AN-N191", "dst": "NA-N128", "hlc": {"phys": 1758719358888, "cnt": 0, "node": "AN-N191"}, "package_id": "PKG19326", "payload": {"status": "IN_TRANSIT"}, "sent_ts": 1758719326978, "arrival_ts": 1758719326978}
{"action": "send", "src": "AN-N191", "dst": "NA-N128", "hlc": {"phys": 1758719359292, "cnt": 0, "node": "AN-N191"}, "package_id": "PKG19326", "payload": {"status": "RECEIVED"}, "sent_ts": 1758719327382, "arrival_ts": 1758719327382}
{"action": "send", "src": "AN-N191", "dst": "NA-N128", "hlc": {"phys": 1758719359617, "cnt": 0, "node": "AN-N191"}, "package_id": "PKG19326", "payload": {"status": "DELIVERED"}, "sent_ts": 1758719327707, "arrival_ts": 1758719327707}
{"action": "recv", "src": "EU-N158", "dst": "AN-N191", "hlc": {"phys": 1758741538428, "cnt": 0, "node": "EU-N158"}, "package_id": "PKG41531", "payload": {"status": "CREATED"}, "sent_ts": 1758741531848, "arrival_ts": 1758741531871}
{"action": "recv", "src": "EU-N158", "dst": "AN-N191", "hlc": {"phys": 1758741538668, "cnt": 0, "node": "EU-N158"}, "package_id": "PKG41531", "payload": {"status": "SENT"}, "sent_ts": 1758741532088, "arrival_ts": 1758741532115}
{"action": "recv", "src": "EU-N158", "dst": "AN-N191", "hlc": {"phys": 1758741538905, "cnt": 0, "node": "EU-N158"}, "package_id": "PKG41531", "payload": {"status": "IN_TRANSIT"}, "sent_ts": 1758741532325, "arrival_ts": 1758741532450}
{"action": "recv", "src": "EU-N158", "dst": "AN-N191", "hlc": {"phys": 1758741539253, "cnt": 0, "node": "EU-N158"}, "package_id": "PKG41531", "payload": {"status": "RECEIVED"}, "sent_ts": 1758741532673, "arrival_ts": 1758741532820}
{"action": "recv", "src": "EU-N158", "dst": "AN-N191", "hlc": {"phys": 1758741539609, "cnt": 0, "node": "EU-N158"}, "package_id": "PKG41531", "payload": {"status": "DELIVERED"}, "sent_ts": 1758741533029, "arrival_ts": 1758741533123}
{"action": "send", "src": "AN-N191", "dst": "NA-N140", "hlc": {"phys": 1758744549859, "cnt": 0, "node": "AN-N191"}, "package_id": "PKG44517", "payload": {"status": "CREATED"}, "sent_ts": 1758744517949, "arrival_ts": 1758744517949}
{"action": "send", "src": "AN-N191", "dst": "NA-N140", "hlc": {"phys": 1758744550121, "cnt": 0, "node": "AN-N191"}, "package_id": "PKG44517", "payload": {"status": "SENT"}, "sent_ts": 1758744518211, "arrival_ts": 1758744518211}
{"action": "send", "src": "AN-N191", "dst": "NA-N140", "hlc": {"phys": 1758744550506, "cnt": 0, "node": "AN-N191"}, "package_id": "PKG44517", "payload": {"status": "IN_TRANSIT"}, "sent_ts": 1758744518596, "arrival_ts": 1758744518596}
{"action": "send", "src": "AN-N191", "dst": "NA-N140", "hlc": {"phys": 1758744550832, "cnt": 0, "node": "AN-N191"}, "package_id": "PKG44517", "payload": {"status": "RECEIVED"}, "sent_ts": 1758744518922, "arrival_ts": 1758744518922}
{"action": "send", "src": "AN-N191", "dst": "NA-N140", "hlc": {"phys": 1758744551066, "cnt": 0, "node": "AN-N191"}, "package_id": "PKG44517", "payload": {"status": "DELIVERED"}, "sent_ts": 1758744519156, "arrival_ts": 1758744519156}
{"action": "recv", "src": "NA-N180", "dst": "AN-N191", "hlc": {"phys": 1758744908746, "cnt": 0, "node": "NA-N180"}, "package_id": "PKG44906", "payload": {"status": "CREATED"}, "sent_ts": 1758744906946, "arrival_ts": 1758744907104}
{"action": "recv", "src": "NA-N180", "dst": "AN-N191", "hlc": {"phys": 1758744909110, "cnt": 0, "node": "NA-N180"}, "package_id": "PKG44906", "payload": {"status": "SENT"}, "sent_ts": 1758744907310, "arrival_ts": 1758744907503}
{"action": "recv", "src": "NA-N180", "dst": "AN-N191", "hlc": {"phys": 1758744909514, "cnt": 0, "node": "NA-N180"}, "package_id": "PKG44906", "payload": {"status": "IN_TRANSIT"}, "sent_ts": 1758744907714, "arrival_ts": 1758744907857}
{"action": "recv", "src": "NA-N180", "dst": "AN-N191", "hlc": {"phys": 1758744909882, "cnt": 0, "node": "NA-N180"}, "package_id": "PKG44906", "payload": {"status": "RECEIVED"}, "sent_ts": 1758744908082, "arrival_ts": 1758744908201}
{"action": "recv", "src": "NA-N180", "dst": "AN-N191", "hlc": {"phys": 1758744910206, "cnt": 0, "node": "NA-N180"}, "package_id": "PKG44906", "payload": {"status": "DELIVERED"}, "sent_ts": 1758744908406, "arrival_ts": 1758744908540}
{"action": "recv", "src": "NA-N190", "dst": "AN-N191", "hlc": {"phys": 1758745415593, "cnt": 0, "node": "NA-N190"}, "package_id": "PKG45413", "payload": {"status": "CREATED"}, "sent_ts": 1758745413693, "arrival_ts": 1758745413709}
{"action": "recv", "src": "NA-N190", "dst": "AN-N191", "hlc": {"phys": 1758745415817, "cnt": 0, "node": "NA-N190"}, "package_id": "PKG45413", "payload": {"status": "SENT"}, "sent_ts": 1758745413917, "arrival_ts": 1758745413955}
{"action": "recv", "src": "NA-N190", "dst": "AN-N191", "hlc": {"phys": 1758745416065, "cnt": 0, "node": "NA-N190"}, "package_id": "PKG45413", "payload": {"status": "IN_TRANSIT"}, "sent_ts": 1758745414165, "arrival_ts": 1758745414366}
{"action": "recv", "src": "NA-N190", "dst": "AN-N191", "hlc": {"phys": 1758745416474, "cnt": 0, "node": "NA-N190"}, "package_id": "PKG45413", "payload": {"status": "RECEIVED"}, "sent_ts": 1758745414574, "arrival_ts": 1758745414656}
{"action": "recv", "src": "NA-N190", "dst": "AN-N191", "hlc": {"phys": 1758745416774, "cnt": 0, "node": "NA-N190"}, "package_id": "PKG45413", "payload": {"status": "DELIVERED"}, "sent_ts": 1758745414874, "arrival_ts": 1758745415010}
{"action": "send", "src": "AN-N191", "dst": "EU-N116", "hlc": {"phys": 1758748235406, "cnt": 0, "node": "AN-N191"}, "package_id": "PKG48203", "payload": {"status": "CREATED"}, "sent_ts": 1758748203496, "arrival_ts": 1758748203496}
{"action": "send", "src": "AN-N191", "dst": "EU-N116", "hlc": {"phys": 1758748235821, "cnt": 0, "node": "AN-N191"}, "package_id": "PKG48203", "payload": {"status": "SENT"}, "sent_ts": 1758748203911, "arrival_ts": 1758748203911}
{"action": "send", "src": "AN-N191", "dst": "EU-N116", "hlc": {"phys": 1758748236082, "cnt": 0, "node": "AN-N191"}, "package_id": "PKG48203", "payload": {"status": "IN_TRANSIT"}, "sent_ts": 1758748204172, "arrival_ts": 1758748204172}
{"action": "send", "src": "AN-N191", "dst": "EU-N116", "hlc": {"phys": 1758748236362, "cnt": 0, "node": "AN-N191"}, "package_id": "PKG48203", "payload": {"status": "RECEIVED"}, "sent_ts": 1758748204452, "arrival_ts": 1758748204452}
{"action": "send", "src": "AN-N191", "dst": "EU-N116", "hlc": {"phys": 1758748236639, "cnt": 0, "node": "AN-N191"}, "package_id": "PKG48203", "payload": {"status": "DELIVERED"}, "sent_ts": 1758748204729, "arrival_ts": 1758748204729}
{"action": "recv", "src": "AN-N89", "dst": "AN-N191", "hlc": {"phys": 1758749712145, "cnt": 0, "node": "AN-N89"}, "package_id": "PKG49681", "payload": {"status": "CREATED"}, "sent_ts": 1758749681255, "arrival_ts": 1758749681400}
{"action": "recv", "src": "AN-N89", "dst": "AN-N191", "hlc": {"phys": 1758749712485, "cnt": 0, "node": "AN-N89"}, "package_id": "PKG49681", "payload": {"status": "SENT"}, "sent_ts": 1758749681595, "arrival_ts": 1758749681675}
{"action": "recv", "src": "AN-N89", "dst": "AN-N191", "hlc": {"phys": 1758749712776, "cnt": 0, "node": "AN-N89"}, "package_id": "PKG49681", "payload": {"status": "IN_TRANSIT"}, "sent_ts": 1758749681886, "arrival_ts": 1758749681970}
{"action": "recv", "src": "AN-N89", "dst": "AN-N191", "hlc": {"phys": 1758749713074, "cnt": 0, "node": "AN-N89"}, "package_id": "PKG49681", "payload": {"status": "RECEIVED"}, "sent_ts": 1758749682184, "arrival_ts": 1758749682217}
{"action": "recv", "src": "AN-N89", "dst": "AN-N191", "hlc": {"phys": 1758749713287, "cnt": 0, "node": "AN-N89"}, "package_id": "PKG49681", "payload": {"status": "DELIVERED"}, "sent_ts": 1758749682397, "arrival_ts": 1758749682415}
{"action": "send", "src": "AN-N191", "dst": "AF-N88", "hlc": {"phys": 1758750132235, "cnt": 0, "node": "AN-N191"}, "package_id": "PKG50100", "payload": {"status": "CREATED"}, "sent_ts": 1758750100325, "arrival_ts": 1758750100325}
{"action": "send", "src": "AN-N191", "dst": "AF-N88", "hlc": {"phys": 1758750132620, "cnt": 0, "node": "AN-N191"}, "package_id": "PKG50100", "payload": {"status": "SENT"}, "sent_ts": 1758750100710, "arrival_ts": 1758750100710}
{"action": "send", "src": "AN-N191", "dst": "AF-N88", "hlc": {"phys": 1758750132990, "cnt": 0, "node": "AN-N191"}, "package_id": "PKG50100", "payload": {"status": "IN_TRANSIT"}, "sent_ts": 1758750101080, "arrival_ts": 1758750101080}
{"action": "send", "src": "AN-N191", "dst": "AF-N88", "hlc": {"phys": 1758750133281, "cnt": 0, "node": "AN-N191"}, "package_id": "PKG50100", "payload": {"status": "RECEIVED"}, "sent_ts": 1758750101371, "arrival_ts": 1758750101371}
{"action": "send", "src": "AN-N191", "dst": "AF-N88", "hlc": {"phys": 1758750133868, "cnt": 0, "node": "AN-N191"}, "package_id": "PKG50100", "payload": {"status": "DELIVERED"}, "sent_ts": 1758750101958, "arrival_ts": 1758750101958}
{"action": "recv", "src": "SA-N175", "dst": "AN-N191", "hlc": {"phys": 1758751556375, "cnt": 0, "node": "SA-N175"}, "package_id": "PKG51534", "payload": {"status": "CREATED"}, "sent_ts": 1758751534625, "arrival_ts": 1758751534671}
{"action": "recv", "src": "SA-N175", "dst": "AN-N191", "hlc": {"phys": 1758751556615, "cnt": 0, "node": "SA-N175"}, "package_id": "PKG51534", "payload": {"status": "SENT"}, "sent_ts": 1758751534865, "arrival_ts": 1758751535044}
{"action": "recv", "src": "SA-N175", "dst": "AN-N191", "hlc": {"phys": 1758751556992, "cnt": 0, "node": "SA-N175"}, "package_id": "PKG51534", "payload": {"status": "IN_TRANSIT"}, "sent_ts": 1758751535242, "arrival_ts": 1758751535360}
{"action": "recv", "src": "SA-N175", "dst": "AN-N191", "hlc": {"phys": 1758751557324, "cnt": 0, "node": "SA-N175"}, "package_id": "PKG51534", "payload": {"status": "RECEIVED"}, "sent_ts": 1758751535574, "arrival_ts": 1758751535596}
{"action": "recv", "src": "SA-N175", "dst": "AN-N191", "hlc": {"phys": 1758751557572, "cnt": 0, "node": "SA-N175"}, "package_id": "PKG51534", "payload": {"status": "DELIVERED"}, "sent_ts": 1758751535822, "arrival_ts": 1758751535872}
{"action": "recv", "src": "AF-N146", "dst": "AN-N191", "hlc": {"phys": 1758752509277, "cnt": 0, "node": "AF-N146"}, "package_id": "PKG52492", "payload": {"status": "CREATED"}, "sent_ts": 1758752492817, "arrival_ts": 1758752492907}
{"action": "recv", "src": "AF-N146", "dst": "AN-N191", "hlc": {"phys": 1758752509587, "cnt": 0, "node": "AF-N146"}, "package_id": "PKG52492", "payload": {"status": "SENT"}, "sent_ts": 1758752493127, "arrival_ts": 1758752493146}
{"action": "recv", "src": "AF-N146", "dst": "AN-N191", "hlc": {"phys": 1758752509798, "cnt": 0, "node": "AF-N146"}, "package_id": "PKG52492", "payload": {"status": "IN_TRANSIT"}, "sent_ts": 1758752493338, "arrival_ts": 1758752493476}
{"action": "recv", "src": "AF-N146", "dst": "AN-N191", "hlc": {"phys": 1758752510153, "cnt": 0, "node": "AF-N146"}, "package_id": "PKG52492", "payload": {"status": "RECEIVED"}, "sent_ts": 1758752493693, "arrival_ts": 1758752493861}
{"action": "recv", "src": "AF-N146", "dst": "AN-N191", "hlc": {"phys": 1758752510527, "cnt": 0, "node": "AF-N146"}, "package_id": "PKG52492", "payload": {"status": "DELIVERED"}, "sent_ts": 1758752494067, "arrival_ts": 1758752494107}
{"action": "send", "src": "AN-N191", "dst": "AN-N143", "hlc": {"phys": 1758753393697, "cnt": 0, "node": "AN-N191"}, "package_id": "PKG53361", "payload": {"status": "CREATED"}, "sent_ts": 1758753361787, "arrival_ts": 1758753361787}
{"action": "send", "src": "AN-N191", "dst": "AN-N143", "hlc": {"phys": 1758753394047, "cnt": 0, "node": "AN-N191"}, "package_id": "PKG53361", "payload": {"status": "SENT"}, "sent_ts": 1758753362137, "arrival_ts": 1758753362137}
{"action": "send", "src": "AN-N191", "dst": "AN-N143", "hlc": {"phys": 1758753394335, "cnt": 0, "node": "AN-N191"}, "package_id": "PKG53361", "payload": {"status": "IN_TRANSIT"}, "sent_ts": 1758753362425, "arrival_ts": 1758753362425}
{"action": "send", "src": "AN-N191", "dst": "AN-N143", "hlc": {"phys": 1758753394607, "cnt": 0, "node": "AN-N191"}, "package_id": "PKG53361", "payload": {"status": "RECEIVED"}, "sent_ts": 1758753362697, "arrival_ts": 1758753362697}
{"action": "send", "src": "AN-N191", "dst": "AN-N143", "hlc": {"phys": 1758753394882, "cnt": 0, "node": "AN-N191"}, "package_id": "PKG53361", "payload": {"status": "DELIVERED"}, "sent_ts": 1758753362972, "arrival_ts": 1758753362972}
{"action": "send", "src": "AN-N191", "dst": "EU-N96", "hlc": {"phys": 1758753802216, "cnt": 0, "node": "AN-N191"}, "package_id": "PKG53770", "payload": {"status": "CREATED"}, "sent_ts": 1758753770306, "arrival_ts": 1758753770306}
{"action": "send", "src": "AN-N191", "dst": "EU-N96", "hlc": {"phys": 1758753802586, "cnt": 0, "node": "AN-N191"}, "package_id": "PKG53770", "payload": {"status": "SENT"}, "sent_ts": 1758753770676, "arrival_ts": 1758753770676}
{"action": "send", "src": "AN-N191", "dst": "EU-N96", "hlc": {"phys": 1758753802965, "cnt": 0, "node": "AN-N191"}, "package_id": "PKG53770", "payload": {"status": "IN_TRANSIT"}, "sent_ts": 1758753771055, "arrival_ts": 1758753771055}
{"action": "send", "src": "AN-N191", "dst": "EU-N96", "hlc": {"phys": 1758753803209, "cnt": 0, "node": "AN-N191"}, "package_id": "PKG53770", "payload": {"status": "RECEIVED"}, "sent_ts": 1758753771299, "arrival_ts": 1758753771299}
{"action": "send", "src": "AN-N191", "dst": "EU-N96", "hlc": {"phys": 1758753803569, "cnt": 0, "node": "AN-N191"}, "package_id": "PKG53770", "payload": {"status": "DELIVERED"}, "sent_ts": 1758753771659, "arrival_ts": 1758753771659}
{"action": "send", "src": "AN-N191", "dst": "SA-N80", "hlc": {"phys": 1758753836324, "cnt": 0, "node": "AN-N191"}, "package_id": "PKG53804", "payload": {"status": "CREATED"}, "sent_ts": 1758753804414, "arrival_ts": 1758753804414}
{"action": "send", "src": "AN-N191", "dst": "SA-N80", "hlc": {"phys": 1758753836694, "cnt": 0, "node": "AN-N191"}, "package_id": "PKG53804", "payload": {"status": "SENT"}, "sent_ts": 1758753804784, "arrival_ts": 1758753804784}
{"action": "send", "src": "AN-N191", "dst": "SA-N80", "hlc": {"phys": 1758753836943, "cnt": 0, "node": "AN-N191"}, "package_id": "PKG53804", "payload": {"status": "IN_TRANSIT"}, "sent_ts": 1758753805033, "arrival_ts": 1758753805033}
{"action": "send", "src": "AN-N191", "dst": "SA-N80", "hlc": {"phys": 1758753837219, "cnt": 0, "node": "AN-N191"}, "package_id": "PKG53804", "payload": {"status": "RECEIVED"}, "sent_ts": 1758753805309, "arrival_ts": 1758753805309}
{"action": "send", "src": "AN-N191", "dst": "SA-N80", "hlc": {"phys": 1758753837589, "cnt": 0, "node": "AN-N191"}, "package_id": "PKG53804", "payload": {"status": "DELIVERED"}, "sent_ts": 1758753805679, "arrival_ts": 1758753805679}
{"action": "recv", "src": "AF-N56", "dst": "AN-N191", "hlc": {"phys": 1758756286464, "cnt": 0, "node": "AF-N56"}, "package_id": "PKG56270", "payload": {"status": "CREATED"}, "sent_ts": 1758756270904, "arrival_ts": 1758756271090}
{"action": "recv", "src": "AF-N56", "dst": "AN-N191", "hlc": {"phys": 1758756286857, "cnt": 0, "node": "AF-N56"}, "package_id": "PKG56270", "payload": {"status": "SENT"}, "sent_ts": 1758756271297, "arrival_ts": 1758756271403}
{"action": "recv", "src": "AF-N56", "dst": "AN-N191", "hlc": {"phys": 1758756287171, "cnt": 0, "node": "AF-N56"}, "package_id": "PKG56270", "payload": {"status": "IN_TRANSIT"}, "sent_ts": 1758756271611, "arrival_ts": 1758756271812}
{"action": "recv", "src": "AF-N56", "dst": "AN-N191", "hlc": {"phys": 1758756287583, "cnt": 0, "node": "AF-N56"}, "package_id": "PKG56270", "payload": {"status": "RECEIVED"}, "sent_ts": 1758756272023, "arrival_ts": 1758756272068}
{"action": "recv", "src": "AF-N56", "dst": "AN-N191", "hlc": {"phys": 1758756287840, "cnt": 0, "node": "AF-N56"}, "package_id": "PKG56270", "payload": {"status": "DELIVERED"}, "sent_ts": 1758756272280, "arrival_ts": 1758756272307}
{"action": "recv", "src": "AU-N146", "dst": "AN-N191", "hlc": {"phys": 1758757780416, "cnt": 0, "node": "AU-N146"}, "package_id": "PKG57753", "payload": {"status": "CREATED"}, "sent_ts": 1758757753956, "arrival_ts": 1758757754005}
{"action": "recv", "src": "AU-N146", "dst": "AN-N191", "hlc": {"phys": 1758757780672, "cnt": 0, "node": "AU-N146"}, "package_id": "PKG57753", "payload": {"status": "SENT"}, "sent_ts": 1758757754212, "arrival_ts": 1758757754350}
{"action": "recv", "src": "AU-N146", "dst": "AN-N191", "hlc": {"phys": 1758757781014, "cnt": 0, "node": "AU-N146"}, "package_id": "PKG57753", "payload": {"status": "IN_TRANSIT"}, "sent_ts": 1758757754554, "arrival_ts": 1758757754639}
{"action": "recv", "src": "AU-N146", "dst": "AN-N191", "hlc": {"phys": 1758757781305, "cnt": 0, "node": "AU-N146"}, "package_id": "PKG57753", "payload": {"status": "RECEIVED"}, "sent_ts": 1758757754845, "arrival_ts": 1758757754990}
{"action": "recv", "src": "AU-N146", "dst": "AN-N191", "hlc": {"phys": 1758757781654, "cnt": 0, "node": "AU-N146"}, "package_id": "PKG57753", "payload": {"status": "DELIVERED"}, "sent_ts": 1758757755194, "arrival_ts": 1758757755348}
{"action": "send", "src": "AN-N191", "dst": "AF-N116", "hlc": {"phys": 1758760007530, "cnt": 0, "node": "AN-N191"}, "package_id": "PKG59975", "payload": {"status": "CREATED"}, "sent_ts": 1758759975620, "arrival_ts": 1758759975620}
{"action": "send", "src": "AN-N191", "dst": "AF-N116", "hlc": {"phys": 1758760007843, "cnt": 0, "node": "AN-N191"}, "package_id": "PKG59975", "payload": {"status": "SENT"}, "sent_ts": 1758759975933, "arrival_ts": 1758759975933}
{"action": "send", "src": "AN-N191", "dst": "AF-N116", "hlc": {"phys": 1758760008119, "cnt": 0, "node": "AN-N191"}, "package_id": "PKG59975", "payload": {"status": "IN_TRANSIT"}, "sent_ts": 1758759976209, "arrival_ts": 1758759976209}
{"action": "send", "src": "AN-N191", "dst": "AF-N116", "hlc": {"phys": 1758760008340, "cnt": 0, "node": "AN-N191"}, "package_id": "PKG59975", "payload": {"status": "RECEIVED"}, "sent_ts": 1758759976430, "arrival_ts": 1758759976430}
{"action": "send", "src": "AN-N191", "dst": "AF-N116", "hlc": {"phys": 1758760008722, "cnt": 0, "node": "AN-N191"}, "package_id": "PKG59975", "payload": {"status": "DELIVERED"}, "sent_ts": 1758759976812, "arrival_ts": 1758759976812}
{"action": "recv", "src": "AF-N136", "dst": "AN-N191", "hlc": {"phys": 1758800819025, "cnt": 0, "node": "AF-N136"}, "package_id": "PKG802", "payload": {"status": "CREATED"}, "sent_ts": 1758800802665, "arrival_ts": 1758800802828}
{"action": "recv", "src": "AF-N136", "dst": "AN-N191", "hlc": {"phys": 1758800819403, "cnt": 0, "node": "AF-N136"}, "package_id": "PKG802", "payload": {"status": "SENT"}, "sent_ts": 1758800803043, "arrival_ts": 1758800803070}
{"action": "recv", "src": "AF-N136", "dst": "AN-N191", "hlc": {"phys": 1758800819620, "cnt": 0, "node": "AF-N136"}, "package_id": "PKG802", "payload": {"status": "IN_TRANSIT"}, "sent_ts": 1758800803260, "arrival_ts": 1758800803359}
{"action": "recv", "src": "AF-N136", "dst": "AN-N191", "hlc": {"phys": 1758800819935, "cnt": 0, "node": "AF-N136"}, "package_id": "PKG802", "payload": {"status": "RECEIVED"}, "sent_ts": 1758800803575, "arrival_ts": 1758800803731}
{"action": "recv", "src": "AF-N136", "dst": "AN-N191", "hlc": {"phys": 1758800820302, "cnt": 0, "node": "AF-N136"}, "package_id": "PKG802", "payload": {"status": "DELIVERED"}, "sent_ts": 1758800803942, "arrival_ts": 1758800804043}
{"action": "send", "src": "AN-N191", "dst": "AS-N37", "hlc": {"phys": 1758804949570, "cnt": 0, "node": "AN-N191"}, "package_id": "PKG4917", "payload": {"status": "CREATED"}, "sent_ts": 1758804917660, "arrival_ts": 1758804917660}
{"action": "send", "src": "AN-N191", "dst": "AS-N37", "hlc": {"phys": 1758804949957, "cnt": 0, "node": "AN-N191"}, "package_id": "PKG4917", "payload": {"status": "SENT"}, "sent_ts": 1758804918047, "arrival_ts": 1758804918047}
{"action": "send", "src": "AN-N191", "dst": "AS-N37", "hlc": {"phys": 1758804950345, "cnt": 0, "node": "AN-N191"}, "package_id": "PKG4917", "payload": {"status": "IN_TRANSIT"}, "sent_ts": 1758804918435, "arrival_ts": 1758804918435}
{"action": "send", "src": "AN-N191", "dst": "AS-N37", "hlc": {"phys": 1758804950685, "cnt": 0, "node": "AN-N191"}, "package_id": "PKG4917", "payload": {"status": "RECEIVED"}, "sent_ts": 1758804918775, "arrival_ts": 1758804918775}
{"action": "send", "src": "AN-N191", "dst": "AS-N37", "hlc": {"phys": 1758804951026, "cnt": 0, "node": "AN-N191"}, "package_id": "PKG4917", "payload": {"status": "DELIVERED"}, "sent_ts": 1758804919116, "arrival_ts": 1758804919116}
{"action": "send", "src": "AN-N191", "dst": "SA-N190", "hlc": {"phys": 1758811852090, "cnt": 0, "node": "AN-N191"}, "package_id": "PKG11820", "payload": {"status": "CREATED"}, "sent_ts": 1758811820180, "arrival_ts": 1758811820180}
{"action": "send", "src": "AN-N191", "dst": "SA-N190", "hlc": {"phys": 1758811852305, "cnt": 0, "node": "AN-N191"}, "package_id": "PKG11820", "payload": {"status": "SENT"}, "sent_ts": 1758811820395, "arrival_ts": 1758811820395}
{"action": "send", "src": "AN-N191", "dst": "SA-N190", "hlc": {"phys": 1758811852585, "cnt": 0, "node": "AN-N191"}, "package_id": "PKG11820", "payload": {"status": "IN_TRANSIT"}, "sent_ts": 1758811820675, "arrival_ts": 1758811820675}
{"action": "send", "src": "AN-N191", "dst": "SA-N190", "hlc": {"phys": 1758811852907, "cnt": 0, "node": "AN-N191"}, "package_id": "PKG11820", "payload": {"status": "RECEIVED"}, "sent_ts": 1758811820997, "arrival_ts": 1758811820997}
{"action": "send", "src": "AN-N191", "dst": "SA-N190", "hlc": {"phys": 1758811853203, "cnt": 0, "node": "AN-N191"}, "package_id": "PKG11820", "payload": {"status": "DELIVERED"}, "sent_ts": 1758811821293, "arrival_ts": 1758811821293}
{"action": "recv", "src": "EU-N128", "dst": "AN-N191", "hlc": {"phys": 1758812190859, "cnt": 0, "node": "EU-N128"}, "package_id": "PKG12184", "payload": {"status": "CREATED"}, "sent_ts": 1758812184579, "arrival_ts": 1758812184634}
{"action": "recv", "src": "EU-N128", "dst": "AN-N191", "hlc": {"phys": 1758812191108, "cnt": 0, "node": "EU-N128"}, "package_id": "PKG12184", "payload": {"status": "SENT"}, "sent_ts": 1758812184828, "arrival_ts": 1758812184977}
{"action": "recv", "src": "EU-N128", "dst": "AN-N191", "hlc": {"phys": 1758812191467, "cnt": 0, "node": "EU-N128"}, "package_id": "PKG12184", "payload": {"status": "IN_TRANSIT"}, "sent_ts": 1758812185187, "arrival_ts": 1758812185200}
{"action": "recv", "src": "EU-N128", "dst": "AN-N191", "hlc": {"phys": 1758812191695, "cnt": 0, "node": "EU-N128"}, "package_id": "PKG12184", "payload": {"status": "RECEIVED"}, "sent_ts": 1758812185415, "arrival_ts": 1758812185476}
{"action": "recv", "src": "EU-N128", "dst": "AN-N191", "hlc": {"phys": 1758812191959, "cnt": 0, "node": "EU-N128"}, "package_id": "PKG12184", "payload": {"status": "DELIVERED"}, "sent_ts": 1758812185679, "arrival_ts": 1758812185770}
{"action": "recv", "src": "AN-N110", "dst": "AN-N191", "hlc": {"phys": 1758812292393, "cnt": 0, "node": "AN-N110"}, "package_id": "PKG12261", "payload": {"status": "CREATED"}, "sent_ts": 1758812261293, "arrival_ts": 1758812261421}
{"action": "recv", "src": "AN-N110", "dst": "AN-N191", "hlc": {"phys": 1758812292734, "cnt": 0, "node": "AN-N110"}, "package_id": "PKG12261", "payload": {"status": "SENT"}, "sent_ts": 1758812261634, "arrival_ts": 1758812261675}
{"action": "recv", "src": "AN-N110", "dst": "AN-N191", "hlc": {"phys": 1758812292984, "cnt": 0, "node": "AN-N110"}, "package_id": "PKG12261", "payload": {"status": "IN_TRANSIT"}, "sent_ts": 1758812261884, "arrival_ts": 1758812262067}
{"action": "recv", "src": "AN-N110", "dst": "AN-N191", "hlc": {"phys": 1758812293374, "cnt": 0, "node": "AN-N110"}, "package_id": "PKG12261", "payload": {"status": "RECEIVED"}, "sent_ts": 1758812262274, "arrival_ts": 1758812262324}
{"action": "recv", "src": "AN-N110", "dst": "AN-N191", "hlc": {"phys": 1758812293625, "cnt": 0, "node": "AN-N110"}, "package_id": "PKG12261", "payload": {"status": "DELIVERED"}, "sent_ts": 1758812262525, "arrival_ts": 1758812262716}
{"action": "recv", "src": "AF-N178", "dst": "AN-N191", "hlc": {"phys": 1758814566815, "cnt": 0, "node": "AF-N178"}, "package_id": "PKG14550", "payload": {"status": "CREATED"}, "sent_ts": 1758814550035, "arrival_ts": 1758814550216}
{"action": "recv", "src": "AF-N178", "dst": "AN-N191", "hlc": {"phys": 1758814567189, "cnt": 0, "node": "AF-N178"}, "package_id": "PKG14550", "payload": {"status": "SENT"}, "sent_ts": 1758814550409, "arrival_ts": 1758814550466}
{"action": "recv", "src": "AF-N178", "dst": "AN-N191", "hlc": {"phys": 1758814567440, "cnt": 0, "node": "AF-N178"}, "package_id": "PKG14550", "payload": {"status": "IN_TRANSIT"}, "sent_ts": 1758814550660, "arrival_ts": 1758814550832}
{"action": "recv", "src": "AF-N178", "dst": "AN-N191", "hlc": {"phys": 1758814567814, "cnt": 0, "node": "AF-N178"}, "package_id": "PKG14550", "payload": {"status": "RECEIVED"}, "sent_ts": 1758814551034, "arrival_ts": 1758814551173}
{"action": "recv", "src": "AF-N178", "dst": "AN-N191", "hlc": {"phys": 1758814568169, "cnt": 0, "node": "AF-N178"}, "package_id": "PKG14550", "payload": {"status": "DELIVERED"}, "sent_ts": 1758814551389, "arrival_ts": 1758814551463}
{"action": "send", "src": "AN-N191", "dst": "SA-N9", "hlc": {"phys": 1758815639581, "cnt": 0, "node": "AN-N191"}, "package_id": "PKG15607", "payload": {"status": "CREATED"}, "sent_ts": 1758815607671, "arrival_ts": 1758815607671}
{"action": "send", "src": "AN-N191", "dst": "SA-N9", "hlc": {"phys": 1758815639860, "cnt": 0, "node": "AN-N191"}, "package_id": "PKG15607", "payload": {"status": "SENT"}, "sent_ts": 1758815607950, "arrival_ts": 1758815607950}
{"action": "send", "src": "AN-N191", "dst": "SA-N9", "hlc": {"phys": 1758815640274, "cnt": 0, "node": "AN-N191"}, "package_id": "PKG15607", "payload": {"status": "IN_TRANSIT"}, "sent_ts": 1758815608364, "arrival_ts": 1758815608364}
{"action": "send", "src": "AN-N191", "dst": "SA-N9", "hlc": {"phys": 1758815640553, "cnt": 0, "node": "AN-N191"}, "package_id": "PKG15607", "payload": {"status": "RECEIVED"}, "sent_ts": 1758815608643, "arrival_ts": 1758815608643}
{"action": "send", "src": "AN-N191", "dst": "SA-N9", "hlc": {"phys": 1758815640834, "cnt": 0, "node": "AN-N191"}, "package_id": "PKG15607", "payload": {"status": "DELIVERED"}, "sent_ts": 1758815608924, "arrival_ts": 1758815608924}
{"action": "recv", "src": "NA-N151", "dst": "AN-N191", "hlc": {"phys": 1758816370681, "cnt": 0, "node": "NA-N151"}, "package_id": "PKG16369", "payload": {"status": "CREATED"}, "sent_ts": 1758816369171, "arrival_ts": 1758816369199}
{"action": "recv", "src": "NA-N151", "dst": "AN-N191", "hlc": {"phys": 1758816370892, "cnt": 0, "node": "NA-N151"}, "package_id": "PKG16369", "payload": {"status": "SENT"}, "sent_ts": 1758816369382, "arrival_ts": 1758816369487}
{"action": "recv", "src": "NA-N151", "dst": "AN-N191", "hlc": {"phys": 1758816371201, "cnt": 0, "node": "NA-N151"}, "package_id": "PKG16369", "payload": {"status": "IN_TRANSIT"}, "sent_ts": 1758816369691, "arrival_ts": 1758816369837}
{"action": "recv", "src": "NA-N151", "dst": "AN-N191", "hlc": {"phys": 1758816371546, "cnt": 0, "node": "NA-N151"}, "package_id": "PKG16369", "payload": {"status": "RECEIVED"}, "sent_ts": 1758816370036, "arrival_ts": 1758816370118}
{"action": "recv", "src": "NA-N151", "dst": "AN-N191", "hlc": {"phys": 1758816371827, "cnt": 0, "node": "NA-N151"}, "package_id": "PKG16369", "payload": {"status": "DELIVERED"}, "sent_ts": 1758816370317, "arrival_ts": 1758816370477}
{"action": "recv", "src": "AU-N19", "dst": "AN-N191", "hlc": {"phys": 1758816849970, "cnt": 0, "node": "AU-N19"}, "package_id": "PKG16824", "payload": {"status": "CREATED"}, "sent_ts": 1758816824780, "arrival_ts": 1758816824812}
{"action": "recv", "src": "AU-N19", "dst": "AN-N191", "hlc": {"phys": 1758816850218, "cnt": 0, "node": "AU-N19"}, "package_id": "PKG16824", "payload": {"status": "SENT"}, "sent_ts": 1758816825028, "arrival_ts": 1758816825136}
{"action": "recv", "src": "AU-N19", "dst": "AN-N191", "hlc": {"phys": 1758816850531, "cnt": 0, "node": "AU-N19"}, "package_id": "PKG16824", "payload": {"status": "IN_TRANSIT"}, "sent_ts": 1758816825341, "arrival_ts": 1758816825436}
{"action": "recv", "src": "AU-N19", "dst": "AN-N191", "hlc": {"phys": 1758816850842, "cnt": 0, "node": "AU-N19"}, "package_id": "PKG16824", "payload": {"status": "RECEIVED"}, "sent_ts": 1758816825652, "arrival_ts": 1758816825806}
{"action": "recv", "src": "AU-N19", "dst": "AN-N191", "hlc": {"phys": 1758816851199, "cnt": 0, "node": "AU-N19"}, "package_id": "PKG16824", "payload": {"status": "DELIVERED"}, "sent_ts": 1758816826009, "arrival_ts": 1758816826054}
