{"action": "send", "src": "AN-N14", "dst": "SA-N170", "hlc": {"phys": 1758712685402, "cnt": 0, "node": "AN-N14"}, "package_id": "PKG12655", "payload": {"status": "CREATED"}, "sent_ts": 1758712655262, "arrival_ts": 1758712655262}
{"action": "send", "src": "AN-N14", "dst": "SA-N170", "hlc": {"phys": 1758712685617, "cnt": 0, "node": "AN-N14"}, "package_id": "PKG12655", "payload": {"status": "SENT"}, "sent_ts": 1758712655477, "arrival_ts": 1758712655477}
{"action": "send", "src": "AN-N14", "dst": "SA-N170", "hlc": {"phys": 1758712685942, "cnt": 0, "node": "AN-N14"}, "package_id": "PKG12655", "payload": {"status": "IN_TRANSIT"}, "sent_ts": 1758712655802, "arrival_ts": 1758712655802}
{"action": "send", "src": "AN-N14", "dst": "SA-N170", "hlc": {"phys": 1758712686196, "cnt": 0, "node": "AN-N14"}, "package_id": "PKG12655", "payload": {"status": "RECEIVED"}, "sent_ts": 1758712656056, "arrival_ts": 1758712656056}
{"action": "send", "src": "AN-N14", "dst": "SA-N170", "hlc": {"phys": 1758712686502, "cnt": 0, "node": "AN-N14"}, "package_id": "PKG12655", "payload": {"status": "DELIVERED"}, "sent_ts": 1758712656362, "arrival_ts": 1758712656362}
{"action": "recv", "src": "AN-N97", "dst": "AN-N14", "hlc": {"phys": 1758713520520, "cnt": 0, "node": "AN-N97"}, "package_id": "PKG13489", "payload": {"status": "CREATED"}, "sent_ts": 1758713489550, "arrival_ts": 1758713489649}
{"action": "recv", "src": "AN-N97", "dst": "AN-N14", "hlc": {"phys": 1758713520814, "cnt": 0, "node": "AN-N97"}, "package_id": "PKG13489", "payload": {"status": "SENT"}, "sent_ts": 1758713489844, "arrival_ts": 1758713489895}
{"action": "recv", "src": "AN-N97", "dst": "AN-N14", "hlc": {"phys": 1758713521081, "cnt": 0, "node": "AN-N97"}, "package_id": "PKG13489", "payload": {"status": "IN_TRANSIT"}, "sent_ts": 1758713490111, "arrival_ts": 1758713490157}
{"action": "recv", "src": "AN-N97", "dst": "AN-N14", "hlc": {"phys": 1758713521339, "cnt": 0, "node": "AN-N97"}, "package_id": "PKG13489", "payload": {"status": "RECEIVED"}, "sent_ts": 1758713490369, "arrival_ts": 1758713490541}
{"action": "recv", "src": "AN-N97", "dst": "AN-N14", "hlc": {"phys": 1758713521720, "cnt": 0, "node": "AN-N97"}, "package_id": "PKG13489", "payload": {"status": "DELIVERED"}, "sent_ts": 1758713490750, "arrival_ts": 1758713490949}
{"action": "send", "src": "AN-N14", "dst": "AU-N178", "hlc": {"phys": 1758718644632, "cnt": 0, "node": "AN-N14"}, "package_id": "PKG18614", "payload": {"status": "CREATED"}, "sent_ts": 1758718614492, "arrival_ts": 1758718614492}
{"action": "send", "src": "AN-N14", "dst": "AU-N178", "hlc": {"phys": 1758718644989, "cnt": 0, "node": "AN-N14"}, "package_id": "PKG18614", "payload": {"status": "SENT"}, "sent_ts": 1758718614849, "arrival_ts": 1758718614849}
{"action": "send", "src": "AN-N14", "dst": "AU-N178", "hlc": {"phys": 1758718645403, "cnt": 0, "node": "AN-N14"}, "package_id": "PKG18614", "payload": {"status": "IN_TRANSIT"}, "sent_ts": 1758718615263, "arrival_ts": 1758718615263}
{"action": "send", "src": "AN-N14", "dst": "AU-N178", "hlc": {"phys": 1758718645777, "cnt": 0, "node": "AN-N14"}, "package_id": "PKG18614", "payload": {"status": "RECEIVED"}, "sent_ts": 1758718615637, "arrival_ts": 1758718615637}
{"action": "send", "src": "AN-N14", "dst": "AU-N178", "hlc": {"phys": 1758718646132, "cnt": 0, "node": "AN-N14"}, "package_id": "PKG18614", "payload": {"status": "DELIVERED"}, "sent_ts": 1758718615992, "arrival_ts": 1758718615992}
{"action": "send", "src": "AN-N14", "dst": "AU-N113", "hlc": {"phys": 1758738381431, "cnt": 0, "node": "AN-N14"}, "package_id": "PKG38351", "payload": {"status": "CREATED"}, "sent_ts": 1758738351291, "arrival_ts": 1758738351291}
{"action": "send", "src": "AN-N14", "dst": "AU-N113", "hlc": {"phys": 1758738381787, "cnt": 0, "node": "AN-N14"}, "package_id": "PKG38351", "payload": {"status": "SENT"}, "sent_ts": 1758738351647, "arrival_ts": 1758738351647}
{"action": "send", "src": "AN-N14", "dst": "AU-N113", "hlc": {"phys": 1758738382083, "cnt": 0, "node": "AN-N14"}, "package_id": "PKG38351", "payload": {"status": "IN_TRANSIT"}, "sent_ts": 1758738351943, "arrival_ts": 1758738351943}
{"action": "send", "src": "AN-N14", "dst": "AU-N113", "hlc": {"phys": 1758738382367, "cnt": 0, "node": "AN-N14"}, "package_id": "PKG38351", "payload": {"status": "RECEIVED"}, "sent_ts": 1758738352227, "arrival_ts": 1758738352227}
{"action": "send", "src": "AN-N14", "dst": "AU-N113", "hlc": {"phys": 1758738382742, "cnt": 0, "node": "AN-N14"}, "package_id": "PKG38351", "payload": {"status": "DELIVERED"}, "sent_ts": 1758738352602, "arrival_ts": 1758738352602}
{"action": "send", "src": "AN-N14", "dst": "AS-N166", "hlc": {"phys": 1758740404015, "cnt": 0, "node": "AN-N14"}, "package_id": "PKG40373", "payload": {"status": "CREATED"}, "sent_ts": 1758740373875, "arrival_ts": 1758740373875}
{"action": "send", "src": "AN-N14", "dst": "AS-N166", "hlc": {"phys": 1758740404310, "cnt": 0, "node": "AN-N14"}, "package_id": "PKG40373", "payload": {"status": "SENT"}, "sent_ts": 1758740374170, "arrival_ts": 1758740374170}
{"action": "send", "src": "AN-N14", "dst": "AS-N166", "hlc": {"phys": 1758740404557, "cnt": 0, "node": "AN-N14"}, "package_id": "PKG40373", "payload": {"status": "IN_TRANSIT"}, "sent_ts": 1758740374417, "arrival_ts": 1758740374417}
{"action": "send", "src": "AN-N14", "dst": "AS-N166", "hlc": {"phys": 1758740404841, "cnt": 0, "node": "AN-N14"}, "package_id": "PKG40373", "payload": {"status": "RECEIVED"}, "sent_ts": 1758740374701, "arrival_ts": 1758740374701}
{"action": "send", "src": "AN-N14", "dst": "AS-N166", "hlc": {"phys": 1758740405057, "cnt": 0, "node": "AN-N14"}, "package_id": "PKG40373", "payload": {"status": "DELIVERED"}, "sent_ts": 1758740374917, "arrival_ts": 1758740374917}
{"action": "recv", "src": "AS-N129", "dst": "AN-N14", "hlc": {"phys": 1758741296441, "cnt": 0, "node": "AS-N129"}, "package_id": "PKG41285", "payload": {"status": "CREATED"}, "sent_ts": 1758741285151, "arrival_ts": 1758741285251}
{"action": "recv", "src": "AS-N129", "dst": "AN-N14", "hlc": {"phys": 1758741296760, "cnt": 0, "node": "AS-N129"}, "package_id": "PKG41285", "payload": {"status": "SENT"}, "sent_ts": 1758741285470, "arrival_ts": 1758741285603}
{"action": "recv", "src": "AS-N129", "dst": "AN-N14", "hlc": {"phys": 1758741297099, "cnt": 0, "node": "AS-N129"}, "package_id": "PKG41285", "payload": {"status": "IN_TRANSIT"}, "sent_ts": 1758741285809, "arrival_ts": 1758741285897}
{"action": "recv", "src": "AS-N129", "dst": "AN-N14", "hlc": {"phys": 1758741297400, "cnt": 0, "node": "AS-N129"}, "package_id": "PKG41285", "payload": {"status": "RECEIVED"}, "sent_ts": 1758741286110, "arrival_ts": 1758741286132}
{"action": "recv", "src": "AS-N129", "dst": "AN-N14", "hlc": {"phys": 1758741297635, "cnt": 0, "node": "AS-N129"}, "package_id": "PKG41285", "payload": {"status": "DELIVERED"}, "sent_ts": 1758741286345, "arrival_ts": 1758741286394}
{"action": "send", "src": "AN-N14", "dst": "NA-N22", "hlc": {"phys": 1758741375127, "cnt": 0, "node": "AN-N14"}, "package_id": "PKG41344", "payload": {"status": "CREATED"}, "sent_ts": 1758741344987, "arrival_ts": 1758741344987}
{"action": "send", "src": "AN-N14", "dst": "NA-N22", "hlc": {"phys": 1758741375482, "cnt": 0, "node": "AN-N14"}, "package_id": "PKG41344", "payload": {"status": "SENT"}, "sent_ts": 1758741345342, "arrival_ts": 1758741345342}
{"action": "send", "src": "AN-N14", "dst": "NA-N22", "hlc": {"phys": 1758741375715, "cnt": 0, "node": "AN-N14"}, "package_id": "PKG41344", "payload": {"status": "IN_TRANSIT"}, "sent_ts": 1758741345575, "arrival_ts": 1758741345575}
{"action": "send", "src": "AN-N14", "dst": "NA-N22", "hlc": {"phys": 1758741376040, "cnt": 0, "node": "AN-N14"}, "package_id": "PKG41344", "payload": {"status": "RECEIVED"}, "sent_ts": 1758741345900, "arrival_ts": 1758741345900}
{"action": "send", "src": "AN-N14", "dst": "NA-N22", "hlc": {"phys": 1758741376261, "cnt": 0, "node": "AN-N14"}, "package_id": "PKG41344", "payload": {"status": "DELIVERED"}, "sent_ts": 1758741346121, "arrival_ts": 1758741346121}
{"action": "recv", "src": "AN-N162", "dst": "AN-N14", "hlc": {"phys": 1758741405080, "cnt": 0, "node": "AN-N162"}, "package_id": "PKG41373", "payload": {"status": "CREATED"}, "sent_ts": 1758741373460, "arrival_ts": 1758741373485}
{"action": "recv", "src": "AN-N162", "dst": "AN-N14", "hlc": {"phys": 1758741405315, "cnt": 0, "node": "AN-N162"}, "package_id": "PKG41373", "payload": {"status": "SENT"}, "sent_ts": 1758741373695, "arrival_ts": 1758741373813}
{"action": "recv", "src": "AN-N162", "dst": "AN-N14", "hlc": {"phys": 1758741405640, "cnt": 0, "node": "AN-N162"}, "package_id": "PKG41373", "payload": {"status": "IN_TRANSIT"}, "sent_ts": 1758741374020, "arrival_ts": 1758741374045}
{"action": "recv", "src": "AN-N162", "dst": "AN-N14", "hlc": {"phys": 1758741405874, "cnt": 0, "node": "AN-N162"}, "package_id": "PKG41373", "payload": {"status": "RECEIVED"}, "sent_ts": 1758741374254, "arrival_ts": 1758741374411}
{"action": "recv", "src": "AN-N162", "dst": "AN-N14", "hlc": {"phys": 1758741406230, "cnt": 0, "node": "AN-N162"}, "package_id": "PKG41373", "payload": {"status": "DELIVERED"}, "sent_ts": 1758741374610, "arrival_ts": 1758741374623}
{"action": "send", "src": "AN-N14", "dst": "SA-N57", "hlc": {"phys": 1758741618438, "cnt": 0, "node": "AN-N14"}, "package_id": "PKG41588", "payload": {"status": "CREATED"}, "sent_ts": 1758741588298, "arrival_ts": 1758741588298}
{"action": "send", "src": "AN-N14", "dst": "SA-N57", "hlc": {"phys": 1758741618704, "cnt": 0, "node": "AN-N14"}, "package_id": "PKG41588", "payload": {"status": "SENT"}, "sent_ts": 1758741588564, "arrival_ts": 1758741588564}
{"action": "send", "src": "AN-N14", "dst": "SA-N57", "hlc": {"phys": 1758741618986, "cnt": 0, "node": "AN-N14"}, "package_id": "PKG41588", "payload": {"status": "IN_TRANSIT"}, "sent_ts": 1758741588846, "arrival_ts": 1758741588846}
{"action": "send", "src": "AN-N14", "dst": "SA-N57", "hlc": {"phys": 1758741619347, "cnt": 0, "node": "AN-N14"}, "package_id": "PKG41588", "payload": {"status": "RECEIVED"}, "sent_ts": 1758741589207, "arrival_ts": 1758741589207}
{"action": "send", "src": "AN-N14", "dst": "SA-N57", "hlc": {"phys": 1758741619628, "cnt": 0, "node": "AN-N14"}, "package_id": "PKG41588", "payload": {"status": "DELIVERED"}, "sent_ts": 1758741589488, "arrival_ts": 1758741589488}
{"action": "recv", "src": "EU-N159", "dst": "AN-N14", "hlc": {"phys": 1758747888738, "cnt": 0, "node": "EU-N159"}, "package_id": "PKG47882", "payload": {"status": "CREATED"}, "sent_ts": 1758747882148, "arrival_ts": 1758747882194}
{"action": "recv", "src": "EU-N159", "dst": "AN-N14", "hlc": {"phys": 1758747888984, "cnt": 0, "node": "EU-N159"}, "package_id": "PKG47882", "payload": {"status": "SENT"}, "sent_ts": 1758747882394, "arrival_ts": 1758747882406}
{"action": "recv", "src": "EU-N159", "dst": "AN-N14", "hlc": {"phys": 1758747889201, "cnt": 0, "node": "EU-N159"}, "package_id": "PKG47882", "payload": {"status": "IN_TRANSIT"}, "sent_ts": 1758747882611, "arrival_ts": 1758747882784}
{"action": "recv", "src": "EU-N159", "dst": "AN-N14", "hlc": {"phys": 1758747889584, "cnt": 0, "node": "EU-N159"}, "package_id": "PKG47882", "payload": {"status": "RECEIVED"}, "sent_ts": 1758747882994, "arrival_ts": 1758747883096}
{"action": "recv", "src": "EU-N159", "dst": "AN-N14", "hlc": {"phys": 1758747889890, "cnt": 0, "node": "EU-N159"}, "package_id": "PKG47882", "payload": {"status": "DELIVERED"}, "sent_ts": 1758747883300, "arrival_ts": 1758747883341}
{"action": "send", "src": "AN-N14", "dst": "AS-N138", "hlc": {"phys": 1758749132005, "cnt": 0, "node": "AN-N14"}, "package_id": "PKG49101", "payload": {"status": "CREATED"}, "sent_ts": 1758749101865, "arrival_ts": 1758749101865}
{"action": "send", "src": "AN-N14", "dst": "AS-N138", "hlc": {"phys": 1758749132285, "cnt": 0, "node": "AN-N14"}, "package_id": "PKG49101", "payload": {"status": "SENT"}, "sent_ts": 1758749102145, "arrival_ts": 1758749102145}
{"action": "send", "src": "AN-N14", "dst": "AS-N138", "hlc": {"phys": 1758749132596, "cnt": 0, "node": "AN-N14"}, "package_id": "PKG49101", "payload": {"status": "IN_TRANSIT"}, "sent_ts": 1758749102456, "arrival_ts": 1758749102456}
{"action": "send", "src": "AN-N14", "dst": "AS-N138", "hlc": {"phys": 1758749132985, "cnt": 0, "node": "AN-N14"}, "package_id": "PKG49101", "payload": {"status": "RECEIVED"}, "sent_ts": 1758749102845, "arrival_ts": 1758749102845}
{"action": "send", "src": "AN-N14", "dst": "AS-N138", "hlc": {"phys": 1758749133281, "cnt": 0, "node": "AN-N14"}, "package_id": "PKG49101", "payload": {"status": "DELIVERED"}, "sent_ts": 1758749103141, "arrival_ts": 1758749103141}
{"action": "send", "src": "AN-N14", "dst": "AF-N195", "hlc": {"phys": 1758751754756, "cnt": 0, "node": "AN-N14"}, "package_id": "PKG51724", "payload": {"status": "CREATED"}, "sent_ts": 1758751724616, "arrival_ts": 1758751724616}
{"action": "send", "src": "AN-N14", "dst": "AF-N195", "hlc": {"phys": 1758751755151, "cnt": 0, "node": "AN-N14"}, "package_id": "PKG51724", "payload": {"status": "SENT"}, "sent_ts": 1758751725011, "arrival_ts": 1758751725011}
{"action": "send", "src": "AN-N14", "dst": "AF-N195", "hlc": {"phys": 1758751755420, "cnt": 0, "node": "AN-N14"}, "package_id": "PKG51724", "payload": {"status": "IN_TRANSIT"}, "sent_ts": 1758751725280, "arrival_ts": 1758751725280}
{"action": "send", "src": "AN-N14", "dst": "AF-N195", "hlc": {"phys": 1758751755767, "cnt": 0, "node": "AN-N14"}, "package_id": "PKG51724", "payload": {"status": "RECEIVED"}, "sent_ts": 1758751725627, "arrival_ts": 1758751725627}
{"action": "send", "src": "AN-N14", "dst": "AF-N195", "hlc": {"phys": 1758751756129, "cnt": 0, "node": "AN-N14"}, "package_id": "PKG51724", "payload": {"status": "DELIVERED"}, "sent_ts": 1758751725989, "arrival_ts": 1758751725989}
{"action": "recv", "src": "AU-N109", "dst": "AN-N14", "hlc": {"phys": 1758754578524, "cnt": 0, "node": "AU-N109"}, "package_id": "PKG54552", "payload": {"status": "CREATED"}, "sent_ts": 1758754552434, "arrival_ts": 1758754552599}
{"action": "recv", "src": "AU-N109", "dst": "AN-N14", "hlc": {"phys": 1758754578892, "cnt": 0, "node": "AU-N109"}, "package_id": "PKG54552", "payload": {"status": "SENT"}, "sent_ts": 1758754552802, "arrival_ts": 1758754552840}
{"action": "recv", "src": "AU-N109", "dst": "AN-N14", "hlc": {"phys": 1758754579120, "cnt": 0, "node": "AU-N109"}, "package_id": "PKG54552", "payload": {"status": "IN_TRANSIT"}, "sent_ts": 1758754553030, "arrival_ts": 1758754553206}
{"action": "recv", "src": "AU-N109", "dst": "AN-N14", "hlc": {"phys": 1758754579509, "cnt": 0, "node": "AU-N109"}, "package_id": "PKG54552", "payload": {"status": "RECEIVED"}, "sent_ts": 1758754553419, "arrival_ts": 1758754553460}
{"action": "recv", "src": "AU-N109", "dst": "AN-N14", "hlc": {"phys": 1758754579759, "cnt": 0, "node": "AU-N109"}, "package_id": "PKG54552", "payload": {"status": "DELIVERED"}, "sent_ts": 1758754553669, "arrival_ts": 1758754553737}
{"action": "recv", "src": "NA-N62", "dst": "AN-N14", "hlc": {"phys": 1758755697509, "cnt": 0, "node": "NA-N62"}, "package_id": "PKG55696", "payload": {"status": "CREATED"}, "sent_ts": 1758755696889, "arrival_ts": 1758755696957}
{"action": "recv", "src": "NA-N62", "dst": "AN-N14", "hlc": {"phys": 1758755697789, "cnt": 0, "node": "NA-N62"}, "package_id": "PKG55696", "payload": {"status": "SENT"}, "sent_ts": 1758755697169, "arrival_ts": 1758755697183}
{"action": "recv", "src": "NA-N62", "dst": "AN-N14", "hlc": {"phys": 1758755698004, "cnt": 0, "node": "NA-N62"}, "package_id": "PKG55696", "payload": {"status": "IN_TRANSIT"}, "sent_ts": 1758755697384, "arrival_ts": 1758755697570}
{"action": "recv", "src": "NA-N62", "dst": "AN-N14", "hlc": {"phys": 1758755698408, "cnt": 0, "node": "NA-N62"}, "package_id": "PKG55696", "payload": {"status": "RECEIVED"}, "sent_ts": 1758755697788, "arrival_ts": 1758755697973}
{"action": "recv", "src": "NA-N62", "dst": "AN-N14", "hlc": {"phys": 1758755698799, "cnt": 0, "node": "NA-N62"}, "package_id": "PKG55696", "payload": {"status": "DELIVERED"}, "sent_ts": 1758755698179, "arrival_ts": 1758755698204}
{"action": "recv", "src": "EU-N146", "dst": "AN-N14", "hlc": {"phys": 1758756649494, "cnt": 0, "node": "EU-N146"}, "package_id": "PKG56643", "payload": {"status": "CREATED"}, "sent_ts": 1758756643034, "arrival_ts": 1758756643053}
{"action": "recv", "src": "EU-N146", "dst": "AN-N14", "hlc": {"phys": 1758756649715, "cnt": 0, "node": "EU-N146"}, "package_id": "PKG56643", "payload": {"status": "SENT"}, "sent_ts": 1758756643255, "arrival_ts": 1758756643398}
{"action": "recv", "src": "EU-N146", "dst": "AN-N14", "hlc": {"phys": 1758756650064, "cnt": 0, "node": "EU-N146"}, "package_id": "PKG56643", "payload": {"status": "IN_TRANSIT"}, "sent_ts": 1758756643604, "arrival_ts": 1758756643672}
{"action": "recv", "src": "EU-N146", "dst": "AN-N14", "hlc": {"phys": 1758756650344, "cnt": 0, "node": "EU-N146"}, "package_id": "PKG56643", "payload": {"status": "RECEIVED"}, "sent_ts": 1758756643884, "arrival_ts": 1758756644076}
{"action": "recv", "src": "EU-N146", "dst": "AN-N14", "hlc": {"phys": 1758756650759, "cnt": 0, "node": "EU-N146"}, "package_id": "PKG56643", "payload": {"status": "DELIVERED"}, "sent_ts": 1758756644299, "arrival_ts": 1758756644464}
{"action": "recv", "src": "SA-N166", "dst": "AN-N14", "hlc": {"phys": 1758757123945, "cnt": 0, "node": "SA-N166"}, "package_id": "PKG57102", "payload": {"status": "CREATED"}, "sent_ts": 1758757102285, "arrival_ts": 1758757102390}
{"action": "recv", "src": "SA-N166", "dst": "AN-N14", "hlc": {"phys": 1758757124264, "cnt": 0, "node": "SA-N166"}, "package_id": "PKG57102", "payload": {"status": "SENT"}, "sent_ts": 1758757102604, "arrival_ts": 1758757102750}
{"action": "recv", "src": "SA-N166", "dst": "AN-N14", "hlc": {"phys": 1758757124613, "cnt": 0, "node": "SA-N166"}, "package_id": "PKG57102", "payload": {"status": "IN_TRANSIT"}, "sent_ts": 1758757102953, "arrival_ts": 1758757103151}
{"action": "recv", "src": "SA-N166", "dst": "AN-N14", "hlc": {"phys": 1758757125017, "cnt": 0, "node": "SA-N166"}, "package_id": "PKG57102", "payload": {"status": "RECEIVED"}, "sent_ts": 1758757103357, "arrival_ts": 1758757103537}
{"action": "recv", "src": "SA-N166", "dst": "AN-N14", "hlc": {"phys": 1758757125414, "cnt": 0, "node": "SA-N166"}, "package_id": "PKG57102", "payload": {"status": "DELIVERED"}, "sent_ts": 1758757103754, "arrival_ts": 1758757103809}
{"action": "send", "src": "AN-N14", "dst": "AU-N95", "hlc": {"phys": 1758757388900, "cnt": 0, "node": "AN-N14"}, "package_id": "PKG57358", "payload": {"status": "CREATED"}, "sent_ts": 1758757358760, "arrival_ts": 1758757358760}
{"action": "send", "src": "AN-N14", "dst": "AU-N95", "hlc": {"phys": 1758757389172, "cnt": 0, "node": "AN-N14"}, "package_id": "PKG57358", "payload": {"status": "SENT"}, "sent_ts": 1758757359032, "arrival_ts": 1758757359032}
{"action": "send", "src": "AN-N14", "dst": "AU-N95", "hlc": {"phys": 1758757389512, "cnt": 0, "node": "AN-N14"}, "package_id": "PKG57358", "payload": {"status": "IN_TRANSIT"}, "sent_ts": 1758757359372, "arrival_ts": 1758757359372}
{"action": "send", "src": "AN-N14", "dst": "AU-N95", "hlc": {"phys": 1758757389805, "cnt": 0, "node": "AN-N14"}, "package_id": "PKG57358", "payload": {"status": "RECEIVED"}, "sent_ts": 1758757359665, "arrival_ts": 1758757359665}
{"action": "send", "src": "AN-N14", "dst": "AU-N95", "hlc": {"phys": 1758757390034, "cnt": 0, "node": "AN-N14"}, "package_id": "PKG57358", "payload": {"status": "DELIVERED"}, "sent_ts": 1758757359894, "arrival_ts": 1758757359894}
{"action": "recv", "src": "AS-N99", "dst": "AN-N14", "hlc": {"phys": 1758757406130, "cnt": 0, "node": "AS-N99"}, "package_id": "PKG57395", "payload": {"status": "CREATED"}, "sent_ts": 1758757395140, "arrival_ts": 1758757395331}
{"action": "recv", "src": "AS-N99", "dst": "AN-N14", "hlc": {"phys": 1758757406527, "cnt": 0, "node": "AS-N99"}, "package_id": "PKG57395", "payload": {"status": "SENT"}, "sent_ts": 1758757395537, "arrival_ts": 1758757395723}
{"action": "recv", "src": "AS-N99", "dst": "AN-N14", "hlc": {"phys": 1758757406934, "cnt": 0, "node": "AS-N99"}, "package_id": "PKG57395", "payload": {"status": "IN_TRANSIT"}, "sent_ts": 1758757395944, "arrival_ts": 1758757396117}
{"action": "recv", "src": "AS-N99", "dst": "AN-N14", "hlc": {"phys": 1758757407319, "cnt": 0, "node": "AS-N99"}, "package_id": "PKG57395", "payload": {"status": "RECEIVED"}, "sent_ts": 1758757396329, "arrival_ts": 1758757396420}
{"action": "recv", "src": "AS-N99", "dst": "AN-N14", "hlc": {"phys": 1758757407609, "cnt": 0, "node": "AS-N99"}, "package_id": "PKG57395", "payload": {"status": "DELIVERED"}, "sent_ts": 1758757396619, "arrival_ts": 1758757396635}
{"action": "recv", "src": "SA-N195", "dst": "AN-N14", "hlc": {"phys": 1758757936638, "cnt": 0, "node": "SA-N195"}, "package_id": "PKG57914", "payload": {"status": "CREATED"}, "sent_ts": 1758757914688, "arrival_ts": 1758757914791}
{"action": "recv", "src": "SA-N195", "dst": "AN-N14", "hlc": {"phys": 1758757936946, "cnt": 0, "node": "SA-N195"}, "package_id": "PKG57914", "payload": {"status": "SENT"}, "sent_ts": 1758757914996, "arrival_ts": 1758757915046}
{"action": "recv", "src": "SA-N195", "dst": "AN-N14", "hlc": {"phys": 1758757937209, "cnt": 0, "node": "SA-N195"}, "package_id": "PKG57914", "payload": {"status": "IN_TRANSIT"}, "sent_ts": 1758757915259, "arrival_ts": 1758757915420}
{"action": "recv", "src": "SA-N195", "dst": "AN-N14", "hlc": {"phys": 1758757937562, "cnt": 0, "node": "SA-N195"}, "package_id": "PKG57914", "payload": {"status": "RECEIVED"}, "sent_ts": 1758757915612, "arrival_ts": 1758757915796}
{"action": "recv", "src": "SA-N195", "dst": "AN-N14", "hlc": {"phys": 1758757937942, "cnt": 0, "node": "SA-N195"}, "package_id": "PKG57914", "payload": {"status": "DELIVERED"}, "sent_ts": 1758757915992, "arrival_ts": 1758757916138}
{"action": "recv", "src": "NA-N91", "dst": "AN-N14", "hlc": {"phys": 1758758722663, "cnt": 0, "node": "NA-N91"}, "package_id": "PKG58721", "payload": {"status": "CREATED"}, "sent_ts": 1758758721753, "arrival_ts": 1758758721831}
{"action": "recv", "src": "NA-N91", "dst": "AN-N14", "hlc": {"phys": 1758758722941, "cnt": 0, "node": "NA-N91"}, "package_id": "PKG58721", "payload": {"status": "SENT"}, "sent_ts": 1758758722031, "arrival_ts": 1758758722076}
{"action": "recv", "src": "NA-N91", "dst": "AN-N14", "hlc": {"phys": 1758758723205, "cnt": 0, "node": "NA-N91"}, "package_id": "PKG58721", "payload": {"status": "IN_TRANSIT"}, "sent_ts": 1758758722295, "arrival_ts": 1758758722429}
{"action": "recv", "src": "NA-N91", "dst": "AN-N14", "hlc": {"phys": 1758758723547, "cnt": 0, "node": "NA-N91"}, "package_id": "PKG58721", "payload": {"status": "RECEIVED"}, "sent_ts": 1758758722637, "arrival_ts": 1758758722683}
{"action": "recv", "src": "NA-N91", "dst": "AN-N14", "hlc": {"phys": 1758758723809, "cnt": 0, "node": "NA-N91"}, "package_id": "PKG58721", "payload": {"status": "DELIVERED"}, "sent_ts": 1758758722899, "arrival_ts": 1758758722943}
{"action": "send", "src": "AN-N14", "dst": "NA-N51", "hlc": {"phys": 1758758860870, "cnt": 0, "node": "AN-N14"}, "package_id": "PKG58830", "payload": {"status": "CREATED"}, "sent_ts": 1758758830730, "arrival_ts": 1758758830730}
{"action": "send", "src": "AN-N14", "dst": "NA-N51", "hlc": {"phys": 1758758861103, "cnt": 0, "node": "AN-N14"}, "package_id": "PKG58830", "payload": {"status": "SENT"}, "sent_ts": 1758758830963, "arrival_ts": 1758758830963}
{"action": "send", "src": "AN-N14", "dst": "NA-N51", "hlc": {"phys": 1758758861382, "cnt": 0, "node": "AN-N14"}, "package_id": "PKG58830", "payload": {"status": "IN_TRANSIT"}, "sent_ts": 1758758831242, "arrival_ts": 1758758831242}
{"action": "send", "src": "AN-N14", "dst": "NA-N51", "hlc": {"phys": 1758758861755, "cnt": 0, "node": "AN-N14"}, "package_id": "PKG58830", "payload": {"status": "RECEIVED"}, "sent_ts": 1758758831615, "arrival_ts": 1758758831615}
{"action": "send", "src": "AN-N14", "dst": "NA-N51", "hlc": {"phys": 1758758862113, "cnt": 0, "node": "AN-N14"}, "package_id": "PKG58830", "payload": {"status": "DELIVERED"}, "sent_ts": 1758758831973, "arrival_ts": 1758758831973}
{"action": "send", "src": "AN-N14", "dst": "NA-N20", "hlc": {"phys": 1758761171179, "cnt": 0, "node": "AN-N14"}, "package_id": "PKG61141", "payload": {"status": "CREATED"}, "sent_ts": 1758761141039, "arrival_ts": 1758761141039}
{"action": "send", "src": "AN-N14", "dst": "NA-N20", "hlc": {"phys": 1758761171427, "cnt": 0, "node": "AN-N14"}, "package_id": "PKG61141", "payload": {"status": "SENT"}, "sent_ts": 1758761141287, "arrival_ts": 1758761141287}
{"action": "send", "src": "AN-N14", "dst": "NA-N20", "hlc": {"phys": 1758761171706, "cnt": 0, "node": "AN-N14"}, "package_id": "PKG61141", "payload": {"status": "IN_TRANSIT"}, "sent_ts": 1758761141566, "arrival_ts": 1758761141566}
{"action": "send", "src": "AN-N14", "dst": "NA-N20", "hlc": {"phys": 1758761172241, "cnt": 0, "node": "AN-N14"}, "package_id": "PKG61141", "payload": {"status": "RECEIVED"}, "sent_ts": 1758761142101, "arrival_ts": 1758761142101}
{"action": "send", "src": "AN-N14", "dst": "NA-N20", "hlc": {"phys": 1758761172761, "cnt": 0, "node": "AN-N14"}, "package_id": "PKG61141", "payload": {"status": "DELIVERED"}, "sent_ts": 1758761142621, "arrival_ts": 1758761142621}
{"action": "recv", "src": "EU-N154", "dst": "AN-N14", "hlc": {"phys": 1758761309202, "cnt": 0, "node": "EU-N154"}, "package_id": "PKG61302", "payload": {"status": "CREATED"}, "sent_ts": 1758761302662, "arrival_ts": 1758761302722}
{"action": "recv", "src": "EU-N154", "dst": "AN-N14", "hlc": {"phys": 1758761309478, "cnt": 0, "node": "EU-N154"}, "package_id": "PKG61302", "payload": {"status": "SENT"}, "sent_ts": 1758761302938, "arrival_ts": 1758761302991}
{"action": "recv", "src": "EU-N154", "dst": "AN-N14", "hlc": {"phys": 1758761309734, "cnt": 0, "node": "EU-N154"}, "package_id": "PKG61302", "payload": {"status": "IN_TRANSIT"}, "sent_ts": 1758761303194, "arrival_ts": 1758761303294}
{"action": "recv", "src": "EU-N154", "dst": "AN-N14", "hlc": {"phys": 1758761310036, "cnt": 0, "node": "EU-N154"}, "package_id": "PKG61302", "payload": {"status": "RECEIVED"}, "sent_ts": 1758761303496, "arrival_ts": 1758761303541}
{"action": "recv", "src": "EU-N154", "dst": "AN-N14", "hlc": {"phys": 1758761310294, "cnt": 0, "node": "EU-N154"}, "package_id": "PKG61302", "payload": {"status": "DELIVERED"}, "sent_ts": 1758761303754, "arrival_ts": 1758761303794}
{"action": "recv", "src": "SA-N175", "dst": "AN-N14", "hlc": {"phys": 1758761553117, "cnt": 0, "node": "SA-N175"}, "package_id": "PKG61531", "payload": {"status": "CREATED"}, "sent_ts": 1758761531367, "arrival_ts": 1758761531464}
{"action": "recv", "src": "SA-N175", "dst": "AN-N14", "hlc": {"phys": 1758761553418, "cnt": 0, "node": "SA-N175"}, "package_id": "PKG61531", "payload": {"status": "SENT"}, "sent_ts": 1758761531668, "arrival_ts": 1758761531861}
{"action": "recv", "src": "SA-N175", "dst": "AN-N14", "hlc": {"phys": 1758761553826, "cnt": 0, "node": "SA-N175"}, "package_id": "PKG61531", "payload": {"status": "IN_TRANSIT"}, "sent_ts": 1758761532076, "arrival_ts": 1758761532228}
{"action": "recv", "src": "SA-N175", "dst": "AN-N14", "hlc": {"phys": 1758761554176, "cnt": 0, "node": "SA-N175"}, "package_id": "PKG61531", "payload": {"status": "RECEIVED"}, "sent_ts": 1758761532426, "arrival_ts": 1758761532519}
{"action": "recv", "src": "SA-N175", "dst": "AN-N14", "hlc": {"phys": 1758761554483, "cnt": 0, "node": "SA-N175"}, "package_id": "PKG61531", "payload": {"status": "DELIVERED"}, "sent_ts": 1758761532733, "arrival_ts": 1758761532814}
{"action": "recv", "src": "EU-N159", "dst": "AN-N14", "hlc": {"phys": 1758763011240, "cnt": 0, "node": "EU-N159"}, "package_id": "PKG63004", "payload": {"status": "CREATED"}, "sent_ts": 1758763004650, "arrival_ts": 1758763004733}
{"action": "recv", "src": "EU-N159", "dst": "AN-N14", "hlc": {"phys": 1758763011539, "cnt": 0, "node": "EU-N159"}, "package_id": "PKG63004", "payload": {"status": "SENT"}, "sent_ts": 1758763004949, "arrival_ts": 1758763005003}
{"action": "recv", "src": "EU-N159", "dst": "AN-N14", "hlc": {"phys": 1758763011808, "cnt": 0, "node": "EU-N159"}, "package_id": "PKG63004", "payload": {"status": "IN_TRANSIT"}, "sent_ts": 1758763005218, "arrival_ts": 1758763005412}
{"action": "recv", "src": "EU-N159", "dst": "AN-N14", "hlc": {"phys": 1758763012200, "cnt": 0, "node": "EU-N159"}, "package_id": "PKG63004", "payload": {"status": "RECEIVED"}, "sent_ts": 1758763005610, "arrival_ts": 1758763005751}
{"action": "recv", "src": "EU-N159", "dst": "AN-N14", "hlc": {"phys": 1758763012550, "cnt": 0, "node": "EU-N159"}, "package_id": "PKG63004", "payload": {"status": "DELIVERED"}, "sent_ts": 1758763005960, "arrival_ts": 1758763006011}
{"action": "send", "src": "AN-N14", "dst": "EU-N95", "hlc": {"phys": 1758763229718, "cnt": 0, "node": "AN-N14"}, "package_id": "PKG63199", "payload": {"status": "CREATED"}, "sent_ts": 1758763199578, "arrival_ts": 1758763199578}
{"action": "send", "src": "AN-N14", "dst": "EU-N95", "hlc": {"phys": 1758763230100, "cnt": 0, "node": "AN-N14"}, "package_id": "PKG63199", "payload": {"status": "SENT"}, "sent_ts": 1758763199960, "arrival_ts": 1758763199960}
{"action": "send", "src": "AN-N14", "dst": "EU-N95", "hlc": {"phys": 1758763230400, "cnt": 0, "node": "AN-N14"}, "package_id": "PKG63199", "payload": {"status": "IN_TRANSIT"}, "sent_ts": 1758763200260, "arrival_ts": 1758763200260}
{"action": "send", "src": "AN-N14", "dst": "EU-N95", "hlc": {"phys": 1758763230734, "cnt": 0, "node": "AN-N14"}, "package_id": "PKG63199", "payload": {"status": "RECEIVED"}, "sent_ts": 1758763200594, "arrival_ts": 1758763200594}
{"action": "send", "src": "AN-N14", "dst": "EU-N95", "hlc": {"phys": 1758763231066, "cnt": 0, "node": "AN-N14"}, "package_id": "PKG63199", "payload": {"status": "DELIVERED"}, "sent_ts": 1758763200926, "arrival_ts": 1758763200926}
{"action": "recv", "src": "AF-N99", "dst": "AN-N14", "hlc": {"phys": 1758763846104, "cnt": 0, "node": "AF-N99"}, "package_id": "PKG63830", "payload": {"status": "CREATED"}, "sent_ts": 1758763830114, "arrival_ts": 1758763830302}
{"action": "recv", "src": "AF-N99", "dst": "AN-N14", "hlc": {"phys": 1758763846496, "cnt": 0, "node": "AF-N99"}, "package_id": "PKG63830", "payload": {"status": "SENT"}, "sent_ts": 1758763830506, "arrival_ts": 1758763830703}
{"action": "recv", "src": "AF-N99", "dst": "AN-N14", "hlc": {"phys": 1758763846896, "cnt": 0, "node": "AF-N99"}, "package_id": "PKG63830", "payload": {"status": "IN_TRANSIT"}, "sent_ts": 1758763830906, "arrival_ts": 1758763831105}
{"action": "recv", "src": "AF-N99", "dst": "AN-N14", "hlc": {"phys": 1758763847301, "cnt": 0, "node": "AF-N99"}, "package_id": "PKG63830", "payload": {"status": "RECEIVED"}, "sent_ts": 1758763831311, "arrival_ts": 1758763831445}
{"action": "recv", "src": "AF-N99", "dst": "AN-N14", "hlc": {"phys": 1758763847639, "cnt": 0, "node": "AF-N99"}, "package_id": "PKG63830", "payload": {"status": "DELIVERED"}, "sent_ts": 1758763831649, "arrival_ts": 1758763831722}
{"action": "send", "src": "AN-N14", "dst": "AU-N82", "hlc": {"phys": 1758765205971, "cnt": 0, "node": "AN-N14"}, "package_id": "PKG65175", "payload": {"status": "CREATED"}, "sent_ts": 1758765175831, "arrival_ts": 1758765175831}
{"action": "send", "src": "AN-N14", "dst": "AU-N82", "hlc": {"phys": 1758765206226, "cnt": 0, "node": "AN-N14"}, "package_id": "PKG65175", "payload": {"status": "SENT"}, "sent_ts": 1758765176086, "arrival_ts": 1758765176086}
{"action": "send", "src": "AN-N14", "dst": "AU-N82", "hlc": {"phys": 1758765206529, "cnt": 0, "node": "AN-N14"}, "package_id": "PKG65175", "payload": {"status": "IN_TRANSIT"}, "sent_ts": 1758765176389, "arrival_ts": 1758765176389}
{"action": "send", "src": "AN-N14", "dst": "AU-N82", "hlc": {"phys": 1758765206895, "cnt": 0, "node": "AN-N14"}, "package_id": "PKG65175", "payload": {"status": "RECEIVED"}, "sent_ts": 1758765176755, "arrival_ts": 1758765176755}
{"action": "send", "src": "AN-N14", "dst": "AU-N82", "hlc": {"phys": 1758765207135, "cnt": 0, "node": "AN-N14"}, "package_id": "PKG65175", "payload": {"status": "DELIVERED"}, "sent_ts": 1758765176995, "arrival_ts": 1758765176995}
{"action": "recv", "src": "EU-N179", "dst": "AN-N14", "hlc": {"phys": 1758801298275, "cnt": 0, "node": "EU-N179"}, "package_id": "PKG1291", "payload": {"status": "CREATED"}, "sent_ts": 1758801291485, "arrival_ts": 1758801291631}
{"action": "recv", "src": "EU-N179", "dst": "AN-N14", "hlc": {"phys": 1758801298624, "cnt": 0, "node": "EU-N179"}, "package_id": "PKG1291", "payload": {"status": "SENT"}, "sent_ts": 1758801291834, "arrival_ts": 1758801291867}
{"action": "recv", "src": "EU-N179", "dst": "AN-N14", "hlc": {"phys": 1758801298863, "cnt": 0, "node": "EU-N179"}, "package_id": "PKG1291", "payload": {"status": "IN_TRANSIT"}, "sent_ts": 1758801292073, "arrival_ts": 1758801292140}
{"action": "recv", "src": "EU-N179", "dst": "AN-N14", "hlc": {"phys": 1758801299126, "cnt": 0, "node": "EU-N179"}, "package_id": "PKG1291", "payload": {"status": "RECEIVED"}, "sent_ts": 1758801292336, "arrival_ts": 1758801292446}
{"action": "recv", "src": "EU-N179", "dst": "AN-N14", "hlc": {"phys": 1758801299455, "cnt": 0, "node": "EU-N179"}, "package_id": "PKG1291", "payload": {"status": "DELIVERED"}, "sent_ts": 1758801292665, "arrival_ts": 1758801292721}
{"action": "recv", "src": "AF-N39", "dst": "AN-N14", "hlc": {"phys": 1758803547752, "cnt": 0, "node": "AF-N39"}, "package_id": "PKG3532", "payload": {"status": "CREATED"}, "sent_ts": 1758803532362, "arrival_ts": 1758803532504}
{"action": "recv", "src": "AF-N39", "dst": "AN-N14", "hlc": {"phys": 1758803548095, "cnt": 0, "node": "AF-N39"}, "package_id": "PKG3532", "payload": {"status": "SENT"}, "sent_ts": 1758803532705, "arrival_ts": 1758803532717}
{"action": "recv", "src": "AF-N39", "dst": "AN-N14", "hlc": {"phys": 1758803548311, "cnt": 0, "node": "AF-N39"}, "package_id": "PKG3532", "payload": {"status": "IN_TRANSIT"}, "sent_ts": 1758803532921, "arrival_ts": 1758803532989}
{"action": "recv", "src": "AF-N39", "dst": "AN-N14", "hlc": {"phys": 1758803548604, "cnt": 0, "node": "AF-N39"}, "package_id": "PKG3532", "payload": {"status": "RECEIVED"}, "sent_ts": 1758803533214, "arrival_ts": 1758803533411}
{"action": "recv", "src": "AF-N39", "dst": "AN-N14", "hlc": {"phys": 1758803549009, "cnt": 0, "node": "AF-N39"}, "package_id": "PKG3532", "payload": {"status": "DELIVERED"}, "sent_ts": 1758803533619, "arrival_ts": 1758803533780}
{"action": "recv", "src": "SA-N165", "dst": "AN-N14", "hlc": {"phys": 1758803740601, "cnt": 0, "node": "SA-N165"}, "package_id": "PKG3718", "payload": {"status": "CREATED"}, "sent_ts": 1758803718951, "arrival_ts": 1758803719126}
{"action": "recv", "src": "SA-N165", "dst": "AN-N14", "hlc": {"phys": 1758803740983, "cnt": 0, "node": "SA-N165"}, "package_id": "PKG3718", "payload": {"status": "SENT"}, "sent_ts": 1758803719333, "arrival_ts": 1758803719398}
{"action": "recv", "src": "SA-N165", "dst": "AN-N14", "hlc": {"phys": 1758803741263, "cnt": 0, "node": "SA-N165"}, "package_id": "PKG3718", "payload": {"status": "IN_TRANSIT"}, "sent_ts": 1758803719613, "arrival_ts": 1758803719806}
{"action": "recv", "src": "SA-N165", "dst": "AN-N14", "hlc": {"phys": 1758803741659, "cnt": 0, "node": "SA-N165"}, "package_id": "PKG3718", "payload": {"status": "RECEIVED"}, "sent_ts": 1758803720009, "arrival_ts": 1758803720024}
{"action": "recv", "src": "SA-N165", "dst": "AN-N14", "hlc": {"phys": 1758803741889, "cnt": 0, "node": "SA-N165"}, "package_id": "PKG3718", "payload": {"status": "DELIVERED"}, "sent_ts": 1758803720239, "arrival_ts": 1758803720280}
{"action": "recv", "src": "NA-N61", "dst": "AN-N14", "hlc": {"phys": 1758804915725, "cnt": 0, "node": "NA-N61"}, "package_id": "PKG4915", "payload": {"status": "CREATED"}, "sent_ts": 1758804915115, "arrival_ts": 1758804915246}
{"action": "recv", "src": "NA-N61", "dst": "AN-N14", "hlc": {"phys": 1758804916054, "cnt": 0, "node": "NA-N61"}, "package_id": "PKG4915", "payload": {"status": "SENT"}, "sent_ts": 1758804915444, "arrival_ts": 1758804915498}
{"action": "recv", "src": "NA-N61", "dst": "AN-N14", "hlc": {"phys": 1758804916301, "cnt": 0, "node": "NA-N61"}, "package_id": "PKG4915", "payload": {"status": "IN_TRANSIT"}, "sent_ts": 1758804915691, "arrival_ts": 1758804915712}
{"action": "recv", "src": "NA-N61", "dst": "AN-N14", "hlc": {"phys": 1758804916518, "cnt": 0, "node": "NA-N61"}, "package_id": "PKG4915", "payload": {"status": "RECEIVED"}, "sent_ts": 1758804915908, "arrival_ts": 1758804916065}
{"action": "recv", "src": "NA-N61", "dst": "AN-N14", "hlc": {"phys": 1758804916888, "cnt": 0, "node": "NA-N61"}, "package_id": "PKG4915", "payload": {"status": "DELIVERED"}, "sent_ts": 1758804916278, "arrival_ts": 1758804916467}
{"action": "recv", "src": "AF-N110", "dst": "AN-N14", "hlc": {"phys": 1758805088913, "cnt": 0, "node": "AF-N110"}, "package_id": "PKG5072", "payload": {"status": "CREATED"}, "sent_ts": 1758805072813, "arrival_ts": 1758805072859}
{"action": "recv", "src": "AF-N110", "dst": "AN-N14", "hlc": {"phys": 1758805089174, "cnt": 0, "node": "AF-N110"}, "package_id": "PKG5072", "payload": {"status": "SENT"}, "sent_ts": 1758805073074, "arrival_ts": 1758805073091}
{"action": "recv", "src": "AF-N110", "dst": "AN-N14", "hlc": {"phys": 1758805089390, "cnt": 0, "node": "AF-N110"}, "package_id": "PKG5072", "payload": {"status": "IN_TRANSIT"}, "sent_ts": 1758805073290, "arrival_ts": 1758805073486}
{"action": "recv", "src": "AF-N110", "dst": "AN-N14", "hlc": {"phys": 1758805089794, "cnt": 0, "node": "AF-N110"}, "package_id": "PKG5072", "payload": {"status": "RECEIVED"}, "sent_ts": 1758805073694, "arrival_ts": 1758805073754}
{"action": "recv", "src": "AF-N110", "dst": "AN-N14", "hlc": {"phys": 1758805090058, "cnt": 0, "node": "AF-N110"}, "package_id": "PKG5072", "payload": {"status": "DELIVERED"}, "sent_ts": 1758805073958, "arrival_ts": 1758805074066}
{"action": "recv", "src": "AF-N47", "dst": "AN-N14", "hlc": {"phys": 1758809815904, "cnt": 0, "node": "AF-N47"}, "package_id": "PKG9800", "payload": {"status": "CREATED"}, "sent_ts": 1758809800434, "arrival_ts": 1758809800510}
{"action": "recv", "src": "AF-N47", "dst": "AN-N14", "hlc": {"phys": 1758809816186, "cnt": 0, "node": "AF-N47"}, "package_id": "PKG9800", "payload": {"status": "SENT"}, "sent_ts": 1758809800716, "arrival_ts": 1758809800802}
{"action": "recv", "src": "AF-N47", "dst": "AN-N14", "hlc": {"phys": 1758809816478, "cnt": 0, "node": "AF-N47"}, "package_id": "PKG9800", "payload": {"status": "IN_TRANSIT"}, "sent_ts": 1758809801008, "arrival_ts": 1758809801051}
{"action": "recv", "src": "AF-N47", "dst": "AN-N14", "hlc": {"phys": 1758809816740, "cnt": 0, "node": "AF-N47"}, "package_id": "PKG9800", "payload": {"status": "RECEIVED"}, "sent_ts": 1758809801270, "arrival_ts": 1758809801440}
{"action": "recv", "src": "AF-N47", "dst": "AN-N14", "hlc": {"phys": 1758809817112, "cnt": 0, "node": "AF-N47"}, "package_id": "PKG9800", "payload": {"status": "DELIVERED"}, "sent_ts": 1758809801642, "arrival_ts": 1758809801655}
{"action": "send", "src": "AN-N14", "dst": "EU-N39", "hlc": {"phys": 1758810570289, "cnt": 0, "node": "AN-N14"}, "package_id": "PKG10540", "payload": {"status": "CREATED"}, "sent_ts": 1758810540149, "arrival_ts": 1758810540149}
{"action": "send", "src": "AN-N14", "dst": "EU-N39", "hlc": {"phys": 1758810570666, "cnt": 0, "node": "AN-N14"}, "package_id": "PKG10540", "payload": {"status": "SENT"}, "sent_ts": 1758810540526, "arrival_ts": 1758810540526}
{"action": "send", "src": "AN-N14", "dst": "EU-N39", "hlc": {"phys": 1758810570945, "cnt": 0, "node": "AN-N14"}, "package_id": "PKG10540", "payload": {"status": "IN_TRANSIT"}, "sent_ts": 1758810540805, "arrival_ts": 1758810540805}
{"action": "send", "src": "AN-N14", "dst": "EU-N39", "hlc": {"phys": 1758810571164, "cnt": 0, "node": "AN-N14"}, "package_id": "PKG10540", "payload": {"status": "RECEIVED"}, "sent_ts": 1758810541024, "arrival_ts": 1758810541024}
{"action": "send", "src": "AN-N14", "dst": "EU-N39", "hlc": {"phys": 1758810571458, "cnt": 0, "node": "AN-N14"}, "package_id": "PKG10540", "payload": {"status": "DELIVERED"}, "sent_ts": 1758810541318, "arrival_ts": 1758810541318}
{"action": "send", "src": "AN-N14", "dst": "AF-N54", "hlc": {"phys": 1758813269807, "cnt": 0, "node": "AN-N14"}, "package_id": "PKG13239", "payload": {"status": "CREATED"}, "sent_ts": 1758813239667, "arrival_ts": 1758813239667}
{"action": "send", "src": "AN-N14", "dst": "AF-N54", "hlc": {"phys": 1758813270131, "cnt": 0, "node": "AN-N14"}, "package_id": "PKG13239", "payload": {"status": "SENT"}, "sent_ts": 1758813239991, "arrival_ts": 1758813239991}
{"action": "send", "src": "AN-N14", "dst": "AF-N54", "hlc": {"phys": 1758813270522, "cnt": 0, "node": "AN-N14"}, "package_id": "PKG13239", "payload": {"status": "IN_TRANSIT"}, "sent_ts": 1758813240382, "arrival_ts": 1758813240382}
{"action": "send", "src": "AN-N14", "dst": "AF-N54", "hlc": {"phys": 1758813270802, "cnt": 0, "node": "AN-N14"}, "package_id": "PKG13239", "payload": {"status": "RECEIVED"}, "sent_ts": 1758813240662, "arrival_ts": 1758813240662}
{"action": "send", "src": "AN-N14", "dst": "AF-N54", "hlc": {"phys": 1758813271095, "cnt": 0, "node": "AN-N14"}, "package_id": "PKG13239", "payload": {"status": "DELIVERED"}, "sent_ts": 1758813240955, "arrival_ts": 1758813240955}
{"action": "send", "src": "AN-N14", "dst": "EU-N127", "hlc": {"phys": 1758814827789, "cnt": 0, "node": "AN-N14"}, "package_id": "PKG14797", "payload": {"status": "CREATED"}, "sent_ts": 1758814797649, "arrival_ts": 1758814797649}
{"action": "send", "src": "AN-N14", "dst": "EU-N127", "hlc": {"phys": 1758814828036, "cnt": 0, "node": "AN-N14"}, "package_id": "PKG14797", "payload": {"status": "SENT"}, "sent_ts": 1758814797896, "arrival_ts": 1758814797896}
{"action": "send", "src": "AN-N14", "dst": "EU-N127", "hlc": {"phys": 1758814828380, "cnt": 0, "node": "AN-N14"}, "package_id": "PKG14797", "payload": {"status": "IN_TRANSIT"}, "sent_ts": 1758814798240, "arrival_ts": 1758814798240}
{"action": "send", "src": "AN-N14", "dst": "EU-N127", "hlc": {"phys": 1758814828677, "cnt": 0, "node": "AN-N14"}, "package_id": "PKG14797", "payload": {"status": "RECEIVED"}, "sent_ts": 1758814798537, "arrival_ts": 1758814798537}
{"action": "send", "src": "AN-N14", "dst": "EU-N127", "hlc": {"phys": 1758814828988, "cnt": 0, "node": "AN-N14"}, "package_id": "PKG14797", "payload": {"status": "DELIVERED"}, "sent_ts": 1758814798848, "arrival_ts": 1758814798848}
{"action": "send", "src": "AN-N14", "dst": "SA-N134", "hlc": {"phys": 1758815025073, "cnt": 0, "node": "AN-N14"}, "package_id": "PKG14994", "payload": {"status": "CREATED"}, "sent_ts": 1758814994933, "arrival_ts": 1758814994933}
{"action": "send", "src": "AN-N14", "dst": "SA-N134", "hlc": {"phys": 1758815025336, "cnt": 0, "node": "AN-N14"}, "package_id": "PKG14994", "payload": {"status": "SENT"}, "sent_ts": 1758814995196, "arrival_ts": 1758814995196}
{"action": "send", "src": "AN-N14", "dst": "SA-N134", "hlc": {"phys": 1758815025601, "cnt": 0, "node": "AN-N14"}, "package_id": "PKG14994", "payload": {"status": "IN_TRANSIT"}, "sent_ts": 1758814995461, "arrival_ts": 1758814995461}
{"action": "send", "src": "AN-N14", "dst": "SA-N134", "hlc": {"phys": 1758815026006, "cnt": 0, "node": "AN-N14"}, "package_id": "PKG14994", "payload": {"status": "RECEIVED"}, "sent_ts": 1758814995866, "arrival_ts": 1758814995866}
{"action": "send", "src": "AN-N14", "dst": "SA-N134", "hlc": {"phys": 1758815026222, "cnt": 0, "node": "AN-N14"}, "package_id": "PKG14994", "payload": {"status": "DELIVERED"}, "sent_ts": 1758814996082, "arrival_ts": 1758814996082}
{"action": "send", "src": "AN-N14", "dst": "AS-N71", "hlc": {"phys": 1758815290502, "cnt": 0, "node": "AN-N14"}, "package_id": "PKG15260", "payload": {"status": "CREATED"}, "sent_ts": 1758815260362, "arrival_ts": 1758815260362}
{"action": "send", "src": "AN-N14", "dst": "AS-N71", "hlc": {"phys": 1758815290812, "cnt": 0, "node": "AN-N14"}, "package_id": "PKG15260", "payload": {"status": "SENT"}, "sent_ts": 1758815260672, "arrival_ts": 1758815260672}
{"action": "send", "src": "AN-N14", "dst": "AS-N71", "hlc": {"phys": 1758815291228, "cnt": 0, "node": "AN-N14"}, "package_id": "PKG15260", "payload": {"status": "IN_TRANSIT"}, "sent_ts": 1758815261088, "arrival_ts": 1758815261088}
{"action": "send", "src": "AN-N14", "dst": "AS-N71", "hlc": {"phys": 1758815291588, "cnt": 0, "node": "AN-N14"}, "package_id": "PKG15260", "payload": {"status": "RECEIVED"}, "sent_ts": 1758815261448, "arrival_ts": 1758815261448}
{"action": "send", "src": "AN-N14", "dst": "AS-N71", "hlc": {"phys": 1758815291959, "cnt": 0, "node": "AN-N14"}, "package_id": "PKG15260", "payload": {"status": "DELIVERED"}, "sent_ts": 1758815261819, "arrival_ts": 1758815261819}
