{"action": "send", "src": "AN-N162", "dst": "AF-N149", "hlc": {"phys": 1758717546707, "cnt": 0, "node": "AN-N162"}, "package_id": "PKG17515", "payload": {"status": "CREATED"}, "sent_ts": 1758717515087, "arrival_ts": 1758717515087}
{"action": "send", "src": "AN-N162", "dst": "AF-N149", "hlc": {"phys": 1758717547109, "cnt": 0, "node": "AN-N162"}, "package_id": "PKG17515", "payload": {"status": "SENT"}, "sent_ts": 1758717515489, "arrival_ts": 1758717515489}
{"action": "send", "src": "AN-N162", "dst": "AF-N149", "hlc": {"phys": 1758717547342, "cnt": 0, "node": "AN-N162"}, "package_id": "PKG17515", "payload": {"status": "IN_TRANSIT"}, "sent_ts": 1758717515722, "arrival_ts": 1758717515722}
{"action": "send", "src": "AN-N162", "dst": "AF-N149", "hlc": {"phys": 1758717547715, "cnt": 0, "node": "AN-N162"}, "package_id": "PKG17515", "payload": {"status": "RECEIVED"}, "sent_ts": 1758717516095, "arrival_ts": 1758717516095}
{"action": "send", "src": "AN-N162", "dst": "AF-N149", "hlc": {"phys": 1758717547952, "cnt": 0, "node": "AN-N162"}, "package_id": "PKG17515", "payload": {"status": "DELIVERED"}, "sent_ts": 1758717516332, "arrival_ts": 1758717516332}
{"action": "send", "src": "AN-N162", "dst": "AU-N19", "hlc": {"phys": 1758724106852, "cnt": 0, "node": "AN-N162"}, "package_id": "PKG24075", "payload": {"status": "CREATED"}, "sent_ts": 1758724075232, "arrival_ts": 1758724075232}
{"action": "send", "src": "AN-N162", "dst": "AU-N19", "hlc": {"phys": 1758724107221, "cnt": 0, "node": "AN-N162"}, "package_id": "PKG24075", "payload": {"status": "SENT"}, "sent_ts": 1758724075601, "arrival_ts": 1758724075601}
{"action": "send", "src": "AN-N162", "dst": "AU-N19", "hlc": {"phys": 1758724107624, "cnt": 0, "node": "AN-N162"}, "package_id": "PKG24075", "payload": {"status": "IN_TRANSIT"}, "sent_ts": 1758724076004, "arrival_ts": 1758724076004}
{"action": "send", "src": "AN-N162", "dst": "AU-N19", "hlc": {"phys": 1758724107997, "cnt": 0, "node": "AN-N162"}, "package_id": "PKG24075", "payload": {"status": "RECEIVED"}, "sent_ts": 1758724076377, "arrival_ts": 1758724076377}
{"action": "send", "src": "AN-N162", "dst": "AU-N19", "hlc": {"phys": 1758724108390, "cnt": 0, "node": "AN-N162"}, "package_id": "PKG24075", "payload": {"status": "DELIVERED"}, "sent_ts": 1758724076770, "arrival_ts": 1758724076770}
{"action": "send", "src": "AN-N162", "dst": "NA-N111", "hlc": {"phys": 1758739008509, "cnt": 0, "node": "AN-N162"}, "package_id": "PKG38976", "payload": {"status": "CREATED"}, "sent_ts": 1758738976889, "arrival_ts": 1758738976889}
{"action": "send", "src": "AN-N162", "dst": "NA-N111", "hlc": {"phys": 1758739008809, "cnt": 0, "node": "AN-N162"}, "package_id": "PKG38976", "payload": {"status": "SENT"}, "sent_ts": 1758738977189, "arrival_ts": 1758738977189}
{"action": "send", "src": "AN-N162", "dst": "NA-N111", "hlc": {"phys": 1758739009229, "cnt": 0, "node": "AN-N162"}, "package_id": "PKG38976", "payload": {"status": "IN_TRANSIT"}, "sent_ts": 1758738977609, "arrival_ts": 1758738977609}
{"action": "send", "src": "AN-N162", "dst": "NA-N111", "hlc": {"phys": 1758739009612, "cnt": 0, "node": "AN-N162"}, "package_id": "PKG38976", "payload": {"status": "RECEIVED"}, "sent_ts": 1758738977992, "arrival_ts": 1758738977992}
{"action": "send", "src": "AN-N162", "dst": "NA-N111", "hlc": {"phys": 1758739009820, "cnt": 0, "node": "AN-N162"}, "package_id": "PKG38976", "payload": {"status": "DELIVERED"}, "sent_ts": 1758738978200, "arrival_ts": 1758738978200}
{"action": "send", "src": "AN-N162", "dst": "AU-N29", "hlc": {"phys": 1758740027117, "cnt": 0, "node": "AN-N162"}, "package_id": "PKG39995", "payload": {"status": "CREATED"}, "sent_ts": 1758739995497, "arrival_ts": 1758739995497}
{"action": "send", "src": "AN-N162", "dst": "AU-N29", "hlc": {"phys": 1758740027341, "cnt": 0, "node": "AN-N162"}, "package_id": "PKG39995", "payload": {"status": "SENT"}, "sent_ts": 1758739995721, "arrival_ts": 1758739995721}
{"action": "send", "src": "AN-N162", "dst": "AU-N29", "hlc": {"phys": 1758740027628, "cnt": 0, "node": "AN-N162"}, "package_id": "PKG39995", "payload": {"status": "IN_TRANSIT"}, "sent_ts": 1758739996008, "arrival_ts": 1758739996008}
{"action": "send", "src": "AN-N162", "dst": "AU-N29", "hlc": {"phys": 1758740028045, "cnt": 0, "node": "AN-N162"}, "package_id": "PKG39995", "payload": {"status": "RECEIVED"}, "sent_ts": 1758739996425, "arrival_ts": 1758739996425}
{"action": "send", "src": "AN-N162", "dst": "AU-N29", "hlc": {"phys": 1758740028414, "cnt": 0, "node": "AN-N162"}, "package_id": "PKG39995", "payload": {"status": "DELIVERED"}, "sent_ts": 1758739996794, "arrival_ts": 1758739996795}
{"action": "send", "src": "AN-N162", "dst": "AN-N14", "hlc": {"phys": 1758741405080, "cnt": 0, "node": "AN-N162"}, "package_id": "PKG41373", "payload": {"status": "CREATED"}, "sent_ts": 1758741373460, "arrival_ts": 1758741373460}
{"action": "send", "src": "AN-N162", "dst": "AN-N14", "hlc": {"phys": 1758741405315, "cnt": 0, "node": "AN-N162"}, "package_id": "PKG41373", "payload": {"status": "SENT"}, "sent_ts": 1758741373695, "arrival_ts": 1758741373695}
{"action": "send", "src": "AN-N162", "dst": "AN-N14", "hlc": {"phys": 1758741405640, "cnt": 0, "node": "AN-N162"}, "package_id": "PKG41373", "payload": {"status": "IN_TRANSIT"}, "sent_ts": 1758741374020, "arrival_ts": 1758741374020}
{"action": "send", "src": "AN-N162", "dst": "AN-N14", "hlc": {"phys": 1758741405874, "cnt": 0, "node": "AN-N162"}, "package_id": "PKG41373", "payload": {"status": "RECEIVED"}, "sent_ts": 1758741374254, "arrival_ts": 1758741374254}
{"action": "send", "src": "AN-N162", "dst": "AN-N14", "hlc": {"phys": 1758741406230, "cnt": 0, "node": "AN-N162"}, "package_id": "PKG41373", "payload": {"status": "DELIVERED"}, "sent_ts": 1758741374610, "arrival_ts": 1758741374610}
{"action": "recv", "src": "AN-N137", "dst": "AN-N162", "hlc": {"phys": 1758744592834, "cnt": 0, "node": "AN-N137"}, "package_id": "PKG44561", "payload": {"status": "CREATED"}, "sent_ts": 1758744561464, "arrival_ts": 1758744561524}
{"action": "recv", "src": "AN-N137", "dst": "AN-N162", "hlc": {"phys": 1758744593095, "cnt": 0, "node": "AN-N137"}, "package_id": "PKG44561", "payload": {"status": "SENT"}, "sent_ts": 1758744561725, "arrival_ts": 1758744561826}
{"action": "recv", "src": "AN-N137", "dst": "AN-N162", "hlc": {"phys": 1758744593391, "cnt": 0, "node": "AN-N137"}, "package_id": "PKG44561", "payload": {"status": "IN_TRANSIT"}, "sent_ts": 1758744562021, "arrival_ts": 1758744562057}
{"action": "recv", "src": "AN-N137", "dst": "AN-N162", "hlc": {"phys": 1758744593622, "cnt": 0, "node": "AN-N137"}, "package_id": "PKG44561", "payload": {"status": "RECEIVED"}, "sent_ts": 1758744562252, "arrival_ts": 1758744562328}
{"action": "recv", "src": "AN-N137", "dst": "AN-N162", "hlc": {"phys": 1758744593901, "cnt": 0, "node": "AN-N137"}, "package_id": "PKG44561", "payload": {"status": "DELIVERED"}, "sent_ts": 1758744562531, "arrival_ts": 1758744562571}
{"action": "send", "src": "AN-N162", "dst": "NA-N69", "hlc": {"phys": 1758745712657, "cnt": 0, "node": "AN-N162"}, "package_id": "PKG45681", "payload": {"status": "CREATED"}, "sent_ts": 1758745681037, "arrival_ts": 1758745681037}
{"action": "send", "src": "AN-N162", "dst": "NA-N69", "hlc": {"phys": 1758745712984, "cnt": 0, "node": "AN-N162"}, "package_id": "PKG45681", "payload": {"status": "SENT"}, "sent_ts": 1758745681364, "arrival_ts": 1758745681364}
{"action": "send", "src": "AN-N162", "dst": "NA-N69", "hlc": {"phys": 1758745713262, "cnt": 0, "node": "AN-N162"}, "package_id": "PKG45681", "payload": {"status": "IN_TRANSIT"}, "sent_ts": 1758745681642, "arrival_ts": 1758745681642}
{"action": "send", "src": "AN-N162", "dst": "NA-N69", "hlc": {"phys": 1758745713636, "cnt": 0, "node": "AN-N162"}, "package_id": "PKG45681", "payload": {"status": "RECEIVED"}, "sent_ts": 1758745682016, "arrival_ts": 1758745682016}
{"action": "send", "src": "AN-N162", "dst": "NA-N69", "hlc": {"phys": 1758745713855, "cnt": 0, "node": "AN-N162"}, "package_id": "PKG45681", "payload": {"status": "DELIVERED"}, "sent_ts": 1758745682235, "arrival_ts": 1758745682235}
{"action": "send", "src": "AN-N162", "dst": "AF-N33", "hlc": {"phys": 1758745771710, "cnt": 0, "node": "AN-N162"}, "package_id": "PKG45740", "payload": {"status": "CREATED"}, "sent_ts": 1758745740090, "arrival_ts": 1758745740090}
{"action": "send", "src": "AN-N162", "dst": "AF-N33", "hlc": {"phys": 1758745772055, "cnt": 0, "node": "AN-N162"}, "package_id": "PKG45740", "payload": {"status": "SENT"}, "sent_ts": 1758745740435, "arrival_ts": 1758745740435}
{"action": "send", "src": "AN-N162", "dst": "AF-N33", "hlc": {"phys": 1758745772319, "cnt": 0, "node": "AN-N162"}, "package_id": "PKG45740", "payload": {"status": "IN_TRANSIT"}, "sent_ts": 1758745740699, "arrival_ts": 1758745740699}
{"action": "send", "src": "AN-N162", "dst": "AF-N33", "hlc": {"phys": 1758745772683, "cnt": 0, "node": "AN-N162"}, "package_id": "PKG45740", "payload": {"status": "RECEIVED"}, "sent_ts": 1758745741063, "arrival_ts": 1758745741063}
{"action": "send", "src": "AN-N162", "dst": "AF-N33", "hlc": {"phys": 1758745772995, "cnt": 0, "node": "AN-N162"}, "package_id": "PKG45740", "payload": {"status": "DELIVERED"}, "sent_ts": 1758745741375, "arrival_ts": 1758745741375}
{"action": "send", "src": "AN-N162", "dst": "SA-N132", "hlc": {"phys": 1758746579997, "cnt": 0, "node": "AN-N162"}, "package_id": "PKG46548", "payload": {"status": "CREATED"}, "sent_ts": 1758746548377, "arrival_ts": 1758746548377}
{"action": "send", "src": "AN-N162", "dst": "SA-N132", "hlc": {"phys": 1758746580337, "cnt": 0, "node": "AN-N162"}, "package_id": "PKG46548", "payload": {"status": "SENT"}, "sent_ts": 1758746548717, "arrival_ts": 1758746548717}
{"action": "send", "src": "AN-N162", "dst": "SA-N132", "hlc": {"phys": 1758746580646, "cnt": 0, "node": "AN-N162"}, "package_id": "PKG46548", "payload": {"status": "IN_TRANSIT"}, "sent_ts": 1758746549026, "arrival_ts": 1758746549026}
{"action": "send", "src": "AN-N162", "dst": "SA-N132", "hlc": {"phys": 1758746581037, "cnt": 0, "node": "AN-N162"}, "package_id": "PKG46548", "payload": {"status": "RECEIVED"}, "sent_ts": 1758746549417, "arrival_ts": 1758746549417}
{"action": "send", "src": "AN-N162", "dst": "SA-N132", "hlc": {"phys": 1758746581422, "cnt": 0, "node": "AN-N162"}, "package_id": "PKG46548", "payload": {"status": "DELIVERED"}, "sent_ts": 1758746549802, "arrival_ts": 1758746549802}
{"action": "send", "src": "AN-N162", "dst": "AU-N12", "hlc": {"phys": 1758748413715, "cnt": 0, "node": "AN-N162"}, "package_id": "PKG48382", "payload": {"status": "CREATED"}, "sent_ts": 1758748382095, "arrival_ts": 1758748382095}
{"action": "send", "src": "AN-N162", "dst": "AU-N12", "hlc": {"phys": 1758748414049, "cnt": 0, "node": "AN-N162"}, "package_id": "PKG48382", "payload": {"status": "SENT"}, "sent_ts": 1758748382429, "arrival_ts": 1758748382429}
{"action": "send", "src": "AN-N162", "dst": "AU-N12", "hlc": {"phys": 1758748414288, "cnt": 0, "node": "AN-N162"}, "package_id": "PKG48382", "payload": {"status": "IN_TRANSIT"}, "sent_ts": 1758748382668, "arrival_ts": 1758748382668}
{"action": "send", "src": "AN-N162", "dst": "AU-N12", "hlc": {"phys": 1758748414572, "cnt": 0, "node": "AN-N162"}, "package_id": "PKG48382", "payload": {"status": "RECEIVED"}, "sent_ts": 1758748382952, "arrival_ts": 1758748382952}
{"action": "send", "src": "AN-N162", "dst": "AU-N12", "hlc": {"phys": 1758748414814, "cnt": 0, "node": "AN-N162"}, "package_id": "PKG48382", "payload": {"status": "DELIVERED"}, "sent_ts": 1758748383194, "arrival_ts": 1758748383194}
{"action": "send", "src": "AN-N162", "dst": "EU-N17", "hlc": {"phys": 1758748675733, "cnt": 0, "node": "AN-N162"}, "package_id": "PKG48644", "payload": {"status": "CREATED"}, "sent_ts": 1758748644113, "arrival_ts": 1758748644113}
{"action": "send", "src": "AN-N162", "dst": "EU-N17", "hlc": {"phys": 1758748675995, "cnt": 0, "node": "AN-N162"}, "package_id": "PKG48644", "payload": {"status": "SENT"}, "sent_ts": 1758748644375, "arrival_ts": 1758748644375}
{"action": "send", "src": "AN-N162", "dst": "EU-N17", "hlc": {"phys": 1758748676256, "cnt": 0, "node": "AN-N162"}, "package_id": "PKG48644", "payload": {"status": "IN_TRANSIT"}, "sent_ts": 1758748644636, "arrival_ts": 1758748644636}
{"action": "send", "src": "AN-N162", "dst": "EU-N17", "hlc": {"phys": 1758748676625, "cnt": 0, "node": "AN-N162"}, "package_id": "PKG48644", "payload": {"status": "RECEIVED"}, "sent_ts": 1758748645005, "arrival_ts": 1758748645005}
{"action": "send", "src": "AN-N162", "dst": "EU-N17", "hlc": {"phys": 1758748676872, "cnt": 0, "node": "AN-N162"}, "package_id": "PKG48644", "payload": {"status": "DELIVERED"}, "sent_ts": 1758748645252, "arrival_ts": 1758748645252}
{"action": "recv", "src": "NA-N151", "dst": "AN-N162", "hlc": {"phys": 1758749551244, "cnt": 0, "node": "NA-N151"}, "package_id": "PKG49549", "payload": {"status": "CREATED"}, "sent_ts": 1758749549734, "arrival_ts": 1758749549752}
{"action": "recv", "src": "NA-N151", "dst": "AN-N162", "hlc": {"phys": 1758749551463, "cnt": 0, "node": "NA-N151"}, "package_id": "PKG49549", "payload": {"status": "SENT"}, "sent_ts": 1758749549953, "arrival_ts": 1758749550091}
{"action": "recv", "src": "NA-N151", "dst": "AN-N162", "hlc": {"phys": 1758749551805, "cnt": 0, "node": "NA-N151"}, "package_id": "PKG49549", "payload": {"status": "IN_TRANSIT"}, "sent_ts": 1758749550295, "arrival_ts": 1758749550495}
{"action": "recv", "src": "NA-N151", "dst": "AN-N162", "hlc": {"phys": 1758749552207, "cnt": 0, "node": "NA-N151"}, "package_id": "PKG49549", "payload": {"status": "RECEIVED"}, "sent_ts": 1758749550697, "arrival_ts": 1758749550777}
{"action": "recv", "src": "NA-N151", "dst": "AN-N162", "hlc": {"phys": 1758749552499, "cnt": 0, "node": "NA-N151"}, "package_id": "PKG49549", "payload": {"status": "DELIVERED"}, "sent_ts": 1758749550989, "arrival_ts": 1758749551015}
{"action": "send", "src": "AN-N162", "dst": "AF-N169", "hlc": {"phys": 1758753149999, "cnt": 0, "node": "AN-N162"}, "package_id": "PKG53118", "payload": {"status": "CREATED"}, "sent_ts": 1758753118379, "arrival_ts": 1758753118379}
{"action": "send", "src": "AN-N162", "dst": "AF-N169", "hlc": {"phys": 1758753150322, "cnt": 0, "node": "AN-N162"}, "package_id": "PKG53118", "payload": {"status": "SENT"}, "sent_ts": 1758753118702, "arrival_ts": 1758753118702}
{"action": "send", "src": "AN-N162", "dst": "AF-N169", "hlc": {"phys": 1758753150608, "cnt": 0, "node": "AN-N162"}, "package_id": "PKG53118", "payload": {"status": "IN_TRANSIT"}, "sent_ts": 1758753118988, "arrival_ts": 1758753118988}
{"action": "send", "src": "AN-N162", "dst": "AF-N169", "hlc": {"phys": 1758753150971, "cnt": 0, "node": "AN-N162"}, "package_id": "PKG53118", "payload": {"status": "RECEIVED"}, "sent_ts": 1758753119351, "arrival_ts": 1758753119351}
{"action": "send", "src": "AN-N162", "dst": "AF-N169", "hlc": {"phys": 1758753151269, "cnt": 0, "node": "AN-N162"}, "package_id": "PKG53118", "payload": {"status": "DELIVERED"}, "sent_ts": 1758753119649, "arrival_ts": 1758753119649}
{"action": "send", "src": "AN-N162", "dst": "SA-N169", "hlc": {"phys": 1758755679125, "cnt": 0, "node": "AN-N162"}, "package_id": "PKG55647", "payload": {"status": "CREATED"}, "sent_ts": 1758755647505, "arrival_ts": 1758755647505}
{"action": "send", "src": "AN-N162", "dst": "SA-N169", "hlc": {"phys": 1758755679474, "cnt": 0, "node": "AN-N162"}, "package_id": "PKG55647", "payload": {"status": "SENT"}, "sent_ts": 1758755647854, "arrival_ts": 1758755647854}
{"action": "send", "src": "AN-N162", "dst": "SA-N169", "hlc": {"phys": 1758755679862, "cnt": 0, "node": "AN-N162"}, "package_id": "PKG55647", "payload": {"status": "IN_TRANSIT"}, "sent_ts": 1758755648242, "arrival_ts": 1758755648242}
{"action": "send", "src": "AN-N162", "dst": "SA-N169", "hlc": {"phys": 1758755680103, "cnt": 0, "node": "AN-N162"}, "package_id": "PKG55647", "payload": {"status": "RECEIVED"}, "sent_ts": 1758755648483, "arrival_ts": 1758755648483}
{"action": "send", "src": "AN-N162", "dst": "SA-N169", "hlc": {"phys": 1758755680401, "cnt": 0, "node": "AN-N162"}, "package_id": "PKG55647", "payload": {"status": "DELIVERED"}, "sent_ts": 1758755648781, "arrival_ts": 1758755648781}
{"action": "send", "src": "AN-N162", "dst": "AN-N190", "hlc": {"phys": 1758763630062, "cnt": 0, "node": "AN-N162"}, "package_id": "PKG63598", "payload": {"status": "CREATED"}, "sent_ts": 1758763598442, "arrival_ts": 1758763598442}
{"action": "send", "src": "AN-N162", "dst": "AN-N190", "hlc": {"phys": 1758763630387, "cnt": 0, "node": "AN-N162"}, "package_id": "PKG63598", "payload": {"status": "SENT"}, "sent_ts": 1758763598767, "arrival_ts": 1758763598767}
{"action": "send", "src": "AN-N162", "dst": "AN-N190", "hlc": {"phys": 1758763630604, "cnt": 0, "node": "AN-N162"}, "package_id": "PKG63598", "payload": {"status": "IN_TRANSIT"}, "sent_ts": 1758763598984, "arrival_ts": 1758763598984}
{"action": "send", "src": "AN-N162", "dst": "AN-N190", "hlc": {"phys": 1758763630990, "cnt": 0, "node": "AN-N162"}, "package_id": "PKG63598", "payload": {"status": "RECEIVED"}, "sent_ts": 1758763599370, "arrival_ts": 1758763599370}
{"action": "send", "src": "AN-N162", "dst": "AN-N190", "hlc": {"phys": 1758763631239, "cnt": 0, "node": "AN-N162"}, "package_id": "PKG63598", "payload": {"status": "DELIVERED"}, "sent_ts": 1758763599619, "arrival_ts": 1758763599619}
{"action": "send", "src": "AN-N162", "dst": "AU-N3", "hlc": {"phys": 1758800463130, "cnt": 0, "node": "AN-N162"}, "package_id": "PKG431", "payload": {"status": "CREATED"}, "sent_ts": 1758800431510, "arrival_ts": 1758800431510}
{"action": "send", "src": "AN-N162", "dst": "AU-N3", "hlc": {"phys": 1758800463390, "cnt": 0, "node": "AN-N162"}, "package_id": "PKG431", "payload": {"status": "SENT"}, "sent_ts": 1758800431770, "arrival_ts": 1758800431770}
{"action": "send", "src": "AN-N162", "dst": "AU-N3", "hlc": {"phys": 1758800463639, "cnt": 0, "node": "AN-N162"}, "package_id": "PKG431", "payload": {"status": "IN_TRANSIT"}, "sent_ts": 1758800432018, "arrival_ts": 1758800432019}
{"action": "send", "src": "AN-N162", "dst": "AU-N3", "hlc": {"phys": 1758800463886, "cnt": 0, "node": "AN-N162"}, "package_id": "PKG431", "payload": {"status": "RECEIVED"}, "sent_ts": 1758800432266, "arrival_ts": 1758800432266}
{"action": "send", "src": "AN-N162", "dst": "AU-N3", "hlc": {"phys": 1758800464241, "cnt": 0, "node": "AN-N162"}, "package_id": "PKG431", "payload": {"status": "DELIVERED"}, "sent_ts": 1758800432621, "arrival_ts": 1758800432621}
{"action": "recv", "src": "AF-N23", "dst": "AN-N162", "hlc": {"phys": 1758804558426, "cnt": 0, "node": "AF-N23"}, "package_id": "PKG4543", "payload": {"status": "CREATED"}, "sent_ts": 1758804543196, "arrival_ts": 1758804543423}
{"action": "recv", "src": "AF-N23", "dst": "AN-N162", "hlc": {"phys": 1758804558866, "cnt": 0, "node": "AF-N23"}, "package_id": "PKG4543", "payload": {"status": "SENT"}, "sent_ts": 1758804543636, "arrival_ts": 1758804543711}
{"action": "recv", "src": "AF-N23", "dst": "AN-N162", "hlc": {"phys": 1758804559146, "cnt": 0, "node": "AF-N23"}, "package_id": "PKG4543", "payload": {"status": "IN_TRANSIT"}, "sent_ts": 1758804543916, "arrival_ts": 1758804544093}
{"action": "recv", "src": "AF-N23", "dst": "AN-N162", "hlc": {"phys": 1758804559526, "cnt": 0, "node": "AF-N23"}, "package_id": "PKG4543", "payload": {"status": "RECEIVED"}, "sent_ts": 1758804544296, "arrival_ts": 1758804544463}
{"action": "recv", "src": "AF-N23", "dst": "AN-N162", "hlc": {"phys": 1758804559897, "cnt": 0, "node": "AF-N23"}, "package_id": "PKG4543", "payload": {"status": "DELIVERED"}, "sent_ts": 1758804544667, "arrival_ts": 1758804544729}
{"action": "send", "src": "AN-N162", "dst": "EU-N20", "hlc": {"phys": 1758804936237, "cnt": 0, "node": "AN-N162"}, "package_id": "PKG4904", "payload": {"status": "CREATED"}, "sent_ts": 1758804904617, "arrival_ts": 1758804904617}
{"action": "send", "src": "AN-N162", "dst": "EU-N20", "hlc": {"phys": 1758804936514, "cnt": 0, "node": "AN-N162"}, "package_id": "PKG4904", "payload": {"status": "SENT"}, "sent_ts": 1758804904894, "arrival_ts": 1758804904894}
{"action": "send", "src": "AN-N162", "dst": "EU-N20", "hlc": {"phys": 1758804936794, "cnt": 0, "node": "AN-N162"}, "package_id": "PKG4904", "payload": {"status": "IN_TRANSIT"}, "sent_ts": 1758804905174, "arrival_ts": 1758804905174}
{"action": "send", "src": "AN-N162", "dst": "EU-N20", "hlc": {"phys": 1758804937150, "cnt": 0, "node": "AN-N162"}, "package_id": "PKG4904", "payload": {"status": "RECEIVED"}, "sent_ts": 1758804905530, "arrival_ts": 1758804905530}
{"action": "send", "src": "AN-N162", "dst": "EU-N20", "hlc": {"phys": 1758804937540, "cnt": 0, "node": "AN-N162"}, "package_id": "PKG4904", "payload": {"status": "DELIVERED"}, "sent_ts": 1758804905920, "arrival_ts": 1758804905920}
{"action": "recv", "src": "AF-N132", "dst": "AN-N162", "hlc": {"phys": 1758810416762, "cnt": 0, "node": "AF-N132"}, "package_id": "PKG10400", "payload": {"status": "CREATED"}, "sent_ts": 1758810400442, "arrival_ts": 1758810400609}
{"action": "recv", "src": "AF-N132", "dst": "AN-N162", "hlc": {"phys": 1758810417136, "cnt": 0, "node": "AF-N132"}, "package_id": "PKG10400", "payload": {"status": "SENT"}, "sent_ts": 1758810400816, "arrival_ts": 1758810400937}
{"action": "recv", "src": "AF-N132", "dst": "AN-N162", "hlc": {"phys": 1758810417444, "cnt": 0, "node": "AF-N132"}, "package_id": "PKG10400", "payload": {"status": "IN_TRANSIT"}, "sent_ts": 1758810401124, "arrival_ts": 1758810401200}
{"action": "recv", "src": "AF-N132", "dst": "AN-N162", "hlc": {"phys": 1758810417723, "cnt": 0, "node": "AF-N132"}, "package_id": "PKG10400", "payload": {"status": "RECEIVED"}, "sent_ts": 1758810401403, "arrival_ts": 1758810401428}
{"action": "recv", "src": "AF-N132", "dst": "AN-N162", "hlc": {"phys": 1758810417954, "cnt": 0, "node": "AF-N132"}, "package_id": "PKG10400", "payload": {"status": "DELIVERED"}, "sent_ts": 1758810401634, "arrival_ts": 1758810401694}
{"action": "recv", "src": "AU-N109", "dst": "AN-N162", "hlc": {"phys": 1758811848722, "cnt": 0, "node": "AU-N109"}, "package_id": "PKG11822", "payload": {"status": "CREATED"}, "sent_ts": 1758811822632, "arrival_ts": 1758811822716}
{"action": "recv", "src": "AU-N109", "dst": "AN-N162", "hlc": {"phys": 1758811849014, "cnt": 0, "node": "AU-N109"}, "package_id": "PKG11822", "payload": {"status": "SENT"}, "sent_ts": 1758811822924, "arrival_ts": 1758811822984}
{"action": "recv", "src": "AU-N109", "dst": "AN-N162", "hlc": {"phys": 1758811849292, "cnt": 0, "node": "AU-N109"}, "package_id": "PKG11822", "payload": {"status": "IN_TRANSIT"}, "sent_ts": 1758811823202, "arrival_ts": 1758811823299}
{"action": "recv", "src": "AU-N109", "dst": "AN-N162", "hlc": {"phys": 1758811849600, "cnt": 0, "node": "AU-N109"}, "package_id": "PKG11822", "payload": {"status": "RECEIVED"}, "sent_ts": 1758811823510, "arrival_ts": 1758811823611}
{"action": "recv", "src": "AU-N109", "dst": "AN-N162", "hlc": {"phys": 1758811849924, "cnt": 0, "node": "AU-N109"}, "package_id": "PKG11822", "payload": {"status": "DELIVERED"}, "sent_ts": 1758811823834, "arrival_ts": 1758811823922}
{"action": "recv", "src": "AS-N130", "dst": "AN-N162", "hlc": {"phys": 1758811993314, "cnt": 0, "node": "AS-N130"}, "package_id": "PKG11982", "payload": {"status": "CREATED"}, "sent_ts": 1758811982014, "arrival_ts": 1758811982181}
{"action": "recv", "src": "AS-N130", "dst": "AN-N162", "hlc": {"phys": 1758811993685, "cnt": 0, "node": "AS-N130"}, "package_id": "PKG11982", "payload": {"status": "SENT"}, "sent_ts": 1758811982385, "arrival_ts": 1758811982493}
{"action": "recv", "src": "AS-N130", "dst": "AN-N162", "hlc": {"phys": 1758811993996, "cnt": 0, "node": "AS-N130"}, "package_id": "PKG11982", "payload": {"status": "IN_TRANSIT"}, "sent_ts": 1758811982696, "arrival_ts": 1758811982829}
{"action": "recv", "src": "AS-N130", "dst": "AN-N162", "hlc": {"phys": 1758811994339, "cnt": 0, "node": "AS-N130"}, "package_id": "PKG11982", "payload": {"status": "RECEIVED"}, "sent_ts": 1758811983039, "arrival_ts": 1758811983166}
{"action": "recv", "src": "AS-N130", "dst": "AN-N162", "hlc": {"phys": 1758811994665, "cnt": 0, "node": "AS-N130"}, "package_id": "PKG11982", "payload": {"status": "DELIVERED"}, "sent_ts": 1758811983365, "arrival_ts": 1758811983408}
