{"action": "recv", "src": "EU-N19", "dst": "AN-N7", "hlc": {"phys": 1758713982646, "cnt": 0, "node": "EU-N19"}, "package_id": "PKG13977", "payload": {"status": "CREATED"}, "sent_ts": 1758713977456, "arrival_ts": 1758713977574}
{"action": "recv", "src": "EU-N19", "dst": "AN-N7", "hlc": {"phys": 1758713982963, "cnt": 0, "node": "EU-N19"}, "package_id": "PKG13977", "payload": {"status": "SENT"}, "sent_ts": 1758713977773, "arrival_ts": 1758713977799}
{"action": "recv", "src": "EU-N19", "dst": "AN-N7", "hlc": {"phys": 1758713983195, "cnt": 0, "node": "EU-N19"}, "package_id": "PKG13977", "payload": {"status": "IN_TRANSIT"}, "sent_ts": 1758713978005, "arrival_ts": 1758713978158}
{"action": "recv", "src": "EU-N19", "dst": "AN-N7", "hlc": {"phys": 1758713983552, "cnt": 0, "node": "EU-N19"}, "package_id": "PKG13977", "payload": {"status": "RECEIVED"}, "sent_ts": 1758713978362, "arrival_ts": 1758713978522}
{"action": "recv", "src": "EU-N19", "dst": "AN-N7", "hlc": {"phys": 1758713983910, "cnt": 0, "node": "EU-N19"}, "package_id": "PKG13977", "payload": {"status": "DELIVERED"}, "sent_ts": 1758713978720, "arrival_ts": 1758713978917}
{"action": "send", "src": "AN-N7", "dst": "EU-N54", "hlc": {"phys": 1758714552561, "cnt": 0, "node": "AN-N7"}, "package_id": "PKG14522", "payload": {"status": "CREATED"}, "sent_ts": 1758714522491, "arrival_ts": 1758714522491}
{"action": "send", "src": "AN-N7", "dst": "EU-N54", "hlc": {"phys": 1758714552922, "cnt": 0, "node": "AN-N7"}, "package_id": "PKG14522", "payload": {"status": "SENT"}, "sent_ts": 1758714522852, "arrival_ts": 1758714522852}
{"action": "send", "src": "AN-N7", "dst": "EU-N54", "hlc": {"phys": 1758714553176, "cnt": 0, "node": "AN-N7"}, "package_id": "PKG14522", "payload": {"status": "IN_TRANSIT"}, "sent_ts": 1758714523106, "arrival_ts": 1758714523106}
{"action": "send", "src": "AN-N7", "dst": "EU-N54", "hlc": {"phys": 1758714553398, "cnt": 0, "node": "AN-N7"}, "package_id": "PKG14522", "payload": {"status": "RECEIVED"}, "sent_ts": 1758714523328, "arrival_ts": 1758714523328}
{"action": "send", "src": "AN-N7", "dst": "EU-N54", "hlc": {"phys": 1758714553651, "cnt": 0, "node": "AN-N7"}, "package_id": "PKG14522", "payload": {"status": "DELIVERED"}, "sent_ts": 1758714523581, "arrival_ts": 1758714523581}
{"action": "recv", "src": "AF-N21", "dst": "AN-N7", "hlc": {"phys": 1758716923736, "cnt": 0, "node": "AF-N21"}, "package_id": "PKG16908", "payload": {"status": "CREATED"}, "sent_ts": 1758716908526, "arrival_ts": 1758716908705}
{"action": "recv", "src": "AF-N21", "dst": "AN-N7", "hlc": {"phys": 1758716924134, "cnt": 0, "node": "AF-N21"}, "package_id": "PKG16908", "payload": {"status": "SENT"}, "sent_ts": 1758716908924, "arrival_ts": 1758716909057}
{"action": "recv", "src": "AF-N21", "dst": "AN-N7", "hlc": {"phys": 1758716924470, "cnt": 0, "node": "AF-N21"}, "package_id": "PKG16908", "payload": {"status": "IN_TRANSIT"}, "sent_ts": 1758716909260, "arrival_ts": 1758716909313}
{"action": "recv", "src": "AF-N21", "dst": "AN-N7", "hlc": {"phys": 1758716924736, "cnt": 0, "node": "AF-N21"}, "package_id": "PKG16908", "payload": {"status": "RECEIVED"}, "sent_ts": 1758716909526, "arrival_ts": 1758716909597}
{"action": "recv", "src": "AF-N21", "dst": "AN-N7", "hlc": {"phys": 1758716925016, "cnt": 0, "node": "AF-N21"}, "package_id": "PKG16908", "payload": {"status": "DELIVERED"}, "sent_ts": 1758716909806, "arrival_ts": 1758716909977}
{"action": "send", "src": "AN-N7", "dst": "NA-N115", "hlc": {"phys": 1758737966014, "cnt": 0, "node": "AN-N7"}, "package_id": "PKG37935", "payload": {"status": "CREATED"}, "sent_ts": 1758737935944, "arrival_ts": 1758737935944}
{"action": "send", "src": "AN-N7", "dst": "NA-N115", "hlc": {"phys": 1758737966300, "cnt": 0, "node": "AN-N7"}, "package_id": "PKG37935", "payload": {"status": "SENT"}, "sent_ts": 1758737936230, "arrival_ts": 1758737936230}
{"action": "send", "src": "AN-N7", "dst": "NA-N115", "hlc": {"phys": 1758737966520, "cnt": 0, "node": "AN-N7"}, "package_id": "PKG37935", "payload": {"status": "IN_TRANSIT"}, "sent_ts": 1758737936450, "arrival_ts": 1758737936450}
{"action": "send", "src": "AN-N7", "dst": "NA-N115", "hlc": {"phys": 1758737966815, "cnt": 0, "node": "AN-N7"}, "package_id": "PKG37935", "payload": {"status": "RECEIVED"}, "sent_ts": 1758737936745, "arrival_ts": 1758737936745}
{"action": "send", "src": "AN-N7", "dst": "NA-N115", "hlc": {"phys": 1758737967191, "cnt": 0, "node": "AN-N7"}, "package_id": "PKG37935", "payload": {"status": "DELIVERED"}, "sent_ts": 1758737937121, "arrival_ts": 1758737937122}
{"action": "send", "src": "AN-N7", "dst": "NA-N58", "hlc": {"phys": 1758742943122, "cnt": 0, "node": "AN-N7"}, "package_id": "PKG42913", "payload": {"status": "CREATED"}, "sent_ts": 1758742913052, "arrival_ts": 1758742913052}
{"action": "send", "src": "AN-N7", "dst": "NA-N58", "hlc": {"phys": 1758742943496, "cnt": 0, "node": "AN-N7"}, "package_id": "PKG42913", "payload": {"status": "SENT"}, "sent_ts": 1758742913426, "arrival_ts": 1758742913426}
{"action": "send", "src": "AN-N7", "dst": "NA-N58", "hlc": {"phys": 1758742943761, "cnt": 0, "node": "AN-N7"}, "package_id": "PKG42913", "payload": {"status": "IN_TRANSIT"}, "sent_ts": 1758742913691, "arrival_ts": 1758742913691}
{"action": "send", "src": "AN-N7", "dst": "NA-N58", "hlc": {"phys": 1758742943992, "cnt": 0, "node": "AN-N7"}, "package_id": "PKG42913", "payload": {"status": "RECEIVED"}, "sent_ts": 1758742913922, "arrival_ts": 1758742913922}
{"action": "send", "src": "AN-N7", "dst": "NA-N58", "hlc": {"phys": 1758742944348, "cnt": 0, "node": "AN-N7"}, "package_id": "PKG42913", "payload": {"status": "DELIVERED"}, "sent_ts": 1758742914278, "arrival_ts": 1758742914278}
{"action": "send", "src": "AN-N7", "dst": "AS-N56", "hlc": {"phys": 1758745875413, "cnt": 0, "node": "AN-N7"}, "package_id": "PKG45845", "payload": {"status": "CREATED"}, "sent_ts": 1758745845343, "arrival_ts": 1758745845343}
{"action": "send", "src": "AN-N7", "dst": "AS-N56", "hlc": {"phys": 1758745875770, "cnt": 0, "node": "AN-N7"}, "package_id": "PKG45845", "payload": {"status": "SENT"}, "sent_ts": 1758745845700, "arrival_ts": 1758745845700}
{"action": "send", "src": "AN-N7", "dst": "AS-N56", "hlc": {"phys": 1758745876129, "cnt": 0, "node": "AN-N7"}, "package_id": "PKG45845", "payload": {"status": "IN_TRANSIT"}, "sent_ts": 1758745846059, "arrival_ts": 1758745846059}
{"action": "send", "src": "AN-N7", "dst": "AS-N56", "hlc": {"phys": 1758745876422, "cnt": 0, "node": "AN-N7"}, "package_id": "PKG45845", "payload": {"status": "RECEIVED"}, "sent_ts": 1758745846352, "arrival_ts": 1758745846352}
{"action": "send", "src": "AN-N7", "dst": "AS-N56", "hlc": {"phys": 1758745876749, "cnt": 0, "node": "AN-N7"}, "package_id": "PKG45845", "payload": {"status": "DELIVERED"}, "sent_ts": 1758745846679, "arrival_ts": 1758745846679}
{"action": "send", "src": "AN-N7", "dst": "AN-N142", "hlc": {"phys": 1758746015374, "cnt": 0, "node": "AN-N7"}, "package_id": "PKG45985", "payload": {"status": "CREATED"}, "sent_ts": 1758745985304, "arrival_ts": 1758745985304}
{"action": "send", "src": "AN-N7", "dst": "AN-N142", "hlc": {"phys": 1758746015651, "cnt": 0, "node": "AN-N7"}, "package_id": "PKG45985", "payload": {"status": "SENT"}, "sent_ts": 1758745985581, "arrival_ts": 1758745985581}
{"action": "send", "src": "AN-N7", "dst": "AN-N142", "hlc": {"phys": 1758746016065, "cnt": 0, "node": "AN-N7"}, "package_id": "PKG45985", "payload": {"status": "IN_TRANSIT"}, "sent_ts": 1758745985995, "arrival_ts": 1758745985995}
{"action": "send", "src": "AN-N7", "dst": "AN-N142", "hlc": {"phys": 1758746016372, "cnt": 0, "node": "AN-N7"}, "package_id": "PKG45985", "payload": {"status": "RECEIVED"}, "sent_ts": 1758745986302, "arrival_ts": 1758745986302}
{"action": "send", "src": "AN-N7", "dst": "AN-N142", "hlc": {"phys": 1758746016691, "cnt": 0, "node": "AN-N7"}, "package_id": "PKG45985", "payload": {"status": "DELIVERED"}, "sent_ts": 1758745986621, "arrival_ts": 1758745986621}
{"action": "recv", "src": "NA-N124", "dst": "AN-N7", "hlc": {"phys": 1758756223603, "cnt": 0, "node": "NA-N124"}, "package_id": "PKG56222", "payload": {"status": "CREATED"}, "sent_ts": 1758756222363, "arrival_ts": 1758756222468}
{"action": "recv", "src": "NA-N124", "dst": "AN-N7", "hlc": {"phys": 1758756223924, "cnt": 0, "node": "NA-N124"}, "package_id": "PKG56222", "payload": {"status": "SENT"}, "sent_ts": 1758756222684, "arrival_ts": 1758756222754}
{"action": "recv", "src": "NA-N124", "dst": "AN-N7", "hlc": {"phys": 1758756224196, "cnt": 0, "node": "NA-N124"}, "package_id": "PKG56222", "payload": {"status": "IN_TRANSIT"}, "sent_ts": 1758756222956, "arrival_ts": 1758756223097}
{"action": "recv", "src": "NA-N124", "dst": "AN-N7", "hlc": {"phys": 1758756224554, "cnt": 0, "node": "NA-N124"}, "package_id": "PKG56222", "payload": {"status": "RECEIVED"}, "sent_ts": 1758756223314, "arrival_ts": 1758756223413}
{"action": "recv", "src": "NA-N124", "dst": "AN-N7", "hlc": {"phys": 1758756224856, "cnt": 0, "node": "NA-N124"}, "package_id": "PKG56222", "payload": {"status": "DELIVERED"}, "sent_ts": 1758756223616, "arrival_ts": 1758756223744}
