{"action": "send", "src": "AN-N35", "dst": "NA-N111", "hlc": {"phys": 1758713717089, "cnt": 0, "node": "AN-N35"}, "package_id": "PKG13686", "payload": {"status": "CREATED"}, "sent_ts": 1758713686739, "arrival_ts": 1758713686739}
{"action": "send", "src": "AN-N35", "dst": "NA-N111", "hlc": {"phys": 1758713717419, "cnt": 0, "node": "AN-N35"}, "package_id": "PKG13686", "payload": {"status": "SENT"}, "sent_ts": 1758713687069, "arrival_ts": 1758713687069}
{"action": "send", "src": "AN-N35", "dst": "NA-N111", "hlc": {"phys": 1758713717769, "cnt": 0, "node": "AN-N35"}, "package_id": "PKG13686", "payload": {"status": "IN_TRANSIT"}, "sent_ts": 1758713687419, "arrival_ts": 1758713687419}
{"action": "send", "src": "AN-N35", "dst": "NA-N111", "hlc": {"phys": 1758713718178, "cnt": 0, "node": "AN-N35"}, "package_id": "PKG13686", "payload": {"status": "RECEIVED"}, "sent_ts": 1758713687828, "arrival_ts": 1758713687828}
{"action": "send", "src": "AN-N35", "dst": "NA-N111", "hlc": {"phys": 1758713718545, "cnt": 0, "node": "AN-N35"}, "package_id": "PKG13686", "payload": {"status": "DELIVERED"}, "sent_ts": 1758713688195, "arrival_ts": 1758713688195}
{"action": "recv", "src": "NA-N195", "dst": "AN-N35", "hlc": {"phys": 1758717011457, "cnt": 0, "node": "NA-N195"}, "package_id": "PKG17009", "payload": {"status": "CREATED"}, "sent_ts": 1758717009507, "arrival_ts": 1758717009609}
{"action": "recv", "src": "NA-N195", "dst": "AN-N35", "hlc": {"phys": 1758717011769, "cnt": 0, "node": "NA-N195"}, "package_id": "PKG17009", "payload": {"status": "SENT"}, "sent_ts": 1758717009819, "arrival_ts": 1758717009873}
{"action": "recv", "src": "NA-N195", "dst": "AN-N35", "hlc": {"phys": 1758717012013, "cnt": 0, "node": "NA-N195"}, "package_id": "PKG17009", "payload": {"status": "IN_TRANSIT"}, "sent_ts": 1758717010063, "arrival_ts": 1758717010124}
{"action": "recv", "src": "NA-N195", "dst": "AN-N35", "hlc": {"phys": 1758717012280, "cnt": 0, "node": "NA-N195"}, "package_id": "PKG17009", "payload": {"status": "RECEIVED"}, "sent_ts": 1758717010330, "arrival_ts": 1758717010509}
{"action": "recv", "src": "NA-N195", "dst": "AN-N35", "hlc": {"phys": 1758717012667, "cnt": 0, "node": "NA-N195"}, "package_id": "PKG17009", "payload": {"status": "DELIVERED"}, "sent_ts": 1758717010717, "arrival_ts": 1758717010822}
{"action": "send", "src": "AN-N35", "dst": "EU-N131", "hlc": {"phys": 1758718381590, "cnt": 0, "node": "AN-N35"}, "package_id": "PKG18351", "payload": {"status": "CREATED"}, "sent_ts": 1758718351240, "arrival_ts": 1758718351240}
{"action": "send", "src": "AN-N35", "dst": "EU-N131", "hlc": {"phys": 1758718381956, "cnt": 0, "node": "AN-N35"}, "package_id": "PKG18351", "payload": {"status": "SENT"}, "sent_ts": 1758718351606, "arrival_ts": 1758718351606}
{"action": "send", "src": "AN-N35", "dst": "EU-N131", "hlc": {"phys": 1758718382241, "cnt": 0, "node": "AN-N35"}, "package_id": "PKG18351", "payload": {"status": "IN_TRANSIT"}, "sent_ts": 1758718351891, "arrival_ts": 1758718351891}
{"action": "send", "src": "AN-N35", "dst": "EU-N131", "hlc": {"phys": 1758718382593, "cnt": 0, "node": "AN-N35"}, "package_id": "PKG18351", "payload": {"status": "RECEIVED"}, "sent_ts": 1758718352243, "arrival_ts": 1758718352243}
{"action": "send", "src": "AN-N35", "dst": "EU-N131", "hlc": {"phys": 1758718382940, "cnt": 0, "node": "AN-N35"}, "package_id": "PKG18351", "payload": {"status": "DELIVERED"}, "sent_ts": 1758718352590, "arrival_ts": 1758718352590}
{"action": "send", "src": "AN-N35", "dst": "NA-N187", "hlc": {"phys": 1758740005442, "cnt": 0, "node": "AN-N35"}, "package_id": "PKG39975", "payload": {"status": "CREATED"}, "sent_ts": 1758739975092, "arrival_ts": 1758739975092}
{"action": "send", "src": "AN-N35", "dst": "NA-N187", "hlc": {"phys": 1758740005693, "cnt": 0, "node": "AN-N35"}, "package_id": "PKG39975", "payload": {"status": "SENT"}, "sent_ts": 1758739975343, "arrival_ts": 1758739975343}
{"action": "send", "src": "AN-N35", "dst": "NA-N187", "hlc": {"phys": 1758740005920, "cnt": 0, "node": "AN-N35"}, "package_id": "PKG39975", "payload": {"status": "IN_TRANSIT"}, "sent_ts": 1758739975570, "arrival_ts": 1758739975570}
{"action": "send", "src": "AN-N35", "dst": "NA-N187", "hlc": {"phys": 1758740006174, "cnt": 0, "node": "AN-N35"}, "package_id": "PKG39975", "payload": {"status": "RECEIVED"}, "sent_ts": 1758739975824, "arrival_ts": 1758739975824}
{"action": "send", "src": "AN-N35", "dst": "NA-N187", "hlc": {"phys": 1758740006508, "cnt": 0, "node": "AN-N35"}, "package_id": "PKG39975", "payload": {"status": "DELIVERED"}, "sent_ts": 1758739976158, "arrival_ts": 1758739976158}
{"action": "recv", "src": "SA-N25", "dst": "AN-N35", "hlc": {"phys": 1758746068410, "cnt": 0, "node": "SA-N25"}, "package_id": "PKG46048", "payload": {"status": "CREATED"}, "sent_ts": 1758746048160, "arrival_ts": 1758746048196}
{"action": "recv", "src": "SA-N25", "dst": "AN-N35", "hlc": {"phys": 1758746068644, "cnt": 0, "node": "SA-N25"}, "package_id": "PKG46048", "payload": {"status": "SENT"}, "sent_ts": 1758746048394, "arrival_ts": 1758746048477}
{"action": "recv", "src": "SA-N25", "dst": "AN-N35", "hlc": {"phys": 1758746068937, "cnt": 0, "node": "SA-N25"}, "package_id": "PKG46048", "payload": {"status": "IN_TRANSIT"}, "sent_ts": 1758746048687, "arrival_ts": 1758746048819}
{"action": "recv", "src": "SA-N25", "dst": "AN-N35", "hlc": {"phys": 1758746069285, "cnt": 0, "node": "SA-N25"}, "package_id": "PKG46048", "payload": {"status": "RECEIVED"}, "sent_ts": 1758746049035, "arrival_ts": 1758746049094}
{"action": "recv", "src": "SA-N25", "dst": "AN-N35", "hlc": {"phys": 1758746069555, "cnt": 0, "node": "SA-N25"}, "package_id": "PKG46048", "payload": {"status": "DELIVERED"}, "sent_ts": 1758746049305, "arrival_ts": 1758746049384}
{"action": "recv", "src": "AU-N57", "dst": "AN-N35", "hlc": {"phys": 1758746393323, "cnt": 0, "node": "AU-N57"}, "package_id": "PKG46367", "payload": {"status": "CREATED"}, "sent_ts": 1758746367753, "arrival_ts": 1758746367818}
{"action": "recv", "src": "AU-N57", "dst": "AN-N35", "hlc": {"phys": 1758746393600, "cnt": 0, "node": "AU-N57"}, "package_id": "PKG46367", "payload": {"status": "SENT"}, "sent_ts": 1758746368030, "arrival_ts": 1758746368140}
{"action": "recv", "src": "AU-N57", "dst": "AN-N35", "hlc": {"phys": 1758746393913, "cnt": 0, "node": "AU-N57"}, "package_id": "PKG46367", "payload": {"status": "IN_TRANSIT"}, "sent_ts": 1758746368343, "arrival_ts": 1758746368398}
{"action": "recv", "src": "AU-N57", "dst": "AN-N35", "hlc": {"phys": 1758746394176, "cnt": 0, "node": "AU-N57"}, "package_id": "PKG46367", "payload": {"status": "RECEIVED"}, "sent_ts": 1758746368606, "arrival_ts": 1758746368632}
{"action": "recv", "src": "AU-N57", "dst": "AN-N35", "hlc": {"phys": 1758746394408, "cnt": 0, "node": "AU-N57"}, "package_id": "PKG46367", "payload": {"status": "DELIVERED"}, "sent_ts": 1758746368838, "arrival_ts": 1758746368870}
{"action": "send", "src": "AN-N35", "dst": "EU-N199", "hlc": {"phys": 1758749599633, "cnt": 0, "node": "AN-N35"}, "package_id": "PKG49569", "payload": {"status": "CREATED"}, "sent_ts": 1758749569283, "arrival_ts": 1758749569283}
{"action": "send", "src": "AN-N35", "dst": "EU-N199", "hlc": {"phys": 1758749600053, "cnt": 0, "node": "AN-N35"}, "package_id": "PKG49569", "payload": {"status": "SENT"}, "sent_ts": 1758749569703, "arrival_ts": 1758749569703}
{"action": "send", "src": "AN-N35", "dst": "EU-N199", "hlc": {"phys": 1758749600425, "cnt": 0, "node": "AN-N35"}, "package_id": "PKG49569", "payload": {"status": "IN_TRANSIT"}, "sent_ts": 1758749570075, "arrival_ts": 1758749570075}
{"action": "send", "src": "AN-N35", "dst": "EU-N199", "hlc": {"phys": 1758749600787, "cnt": 0, "node": "AN-N35"}, "package_id": "PKG49569", "payload": {"status": "RECEIVED"}, "sent_ts": 1758749570437, "arrival_ts": 1758749570437}
{"action": "send", "src": "AN-N35", "dst": "EU-N199", "hlc": {"phys": 1758749601129, "cnt": 0, "node": "AN-N35"}, "package_id": "PKG49569", "payload": {"status": "DELIVERED"}, "sent_ts": 1758749570779, "arrival_ts": 1758749570779}
{"action": "recv", "src": "AN-N165", "dst": "AN-N35", "hlc": {"phys": 1758757780174, "cnt": 0, "node": "AN-N165"}, "package_id": "PKG57748", "payload": {"status": "CREATED"}, "sent_ts": 1758757748524, "arrival_ts": 1758757748697}
{"action": "recv", "src": "AN-N165", "dst": "AN-N35", "hlc": {"phys": 1758757780558, "cnt": 0, "node": "AN-N165"}, "package_id": "PKG57748", "payload": {"status": "SENT"}, "sent_ts": 1758757748908, "arrival_ts": 1758757749031}
{"action": "recv", "src": "AN-N165", "dst": "AN-N35", "hlc": {"phys": 1758757780893, "cnt": 0, "node": "AN-N165"}, "package_id": "PKG57748", "payload": {"status": "IN_TRANSIT"}, "sent_ts": 1758757749243, "arrival_ts": 1758757749440}
{"action": "recv", "src": "AN-N165", "dst": "AN-N35", "hlc": {"phys": 1758757781296, "cnt": 0, "node": "AN-N165"}, "package_id": "PKG57748", "payload": {"status": "RECEIVED"}, "sent_ts": 1758757749646, "arrival_ts": 1758757749708}
{"action": "recv", "src": "AN-N165", "dst": "AN-N35", "hlc": {"phys": 1758757781561, "cnt": 0, "node": "AN-N165"}, "package_id": "PKG57748", "payload": {"status": "DELIVERED"}, "sent_ts": 1758757749911, "arrival_ts": 1758757750065}
{"action": "send", "src": "AN-N35", "dst": "AS-N25", "hlc": {"phys": 1758762958065, "cnt": 0, "node": "AN-N35"}, "package_id": "PKG62927", "payload": {"status": "CREATED"}, "sent_ts": 1758762927715, "arrival_ts": 1758762927715}
{"action": "send", "src": "AN-N35", "dst": "AS-N25", "hlc": {"phys": 1758762958392, "cnt": 0, "node": "AN-N35"}, "package_id": "PKG62927", "payload": {"status": "SENT"}, "sent_ts": 1758762928042, "arrival_ts": 1758762928042}
{"action": "send", "src": "AN-N35", "dst": "AS-N25", "hlc": {"phys": 1758762958607, "cnt": 0, "node": "AN-N35"}, "package_id": "PKG62927", "payload": {"status": "IN_TRANSIT"}, "sent_ts": 1758762928257, "arrival_ts": 1758762928257}
{"action": "send", "src": "AN-N35", "dst": "AS-N25", "hlc": {"phys": 1758762958888, "cnt": 0, "node": "AN-N35"}, "package_id": "PKG62927", "payload": {"status": "RECEIVED"}, "sent_ts": 1758762928538, "arrival_ts": 1758762928538}
{"action": "send", "src": "AN-N35", "dst": "AS-N25", "hlc": {"phys": 1758762959168, "cnt": 0, "node": "AN-N35"}, "package_id": "PKG62927", "payload": {"status": "DELIVERED"}, "sent_ts": 1758762928818, "arrival_ts": 1758762928818}
{"action": "recv", "src": "AF-N84", "dst": "AN-N35", "hlc": {"phys": 1758763272753, "cnt": 0, "node": "AF-N84"}, "package_id": "PKG63256", "payload": {"status": "CREATED"}, "sent_ts": 1758763256913, "arrival_ts": 1758763256940}
{"action": "recv", "src": "AF-N84", "dst": "AN-N35", "hlc": {"phys": 1758763272993, "cnt": 0, "node": "AF-N84"}, "package_id": "PKG63256", "payload": {"status": "SENT"}, "sent_ts": 1758763257153, "arrival_ts": 1758763257269}
{"action": "recv", "src": "AF-N84", "dst": "AN-N35", "hlc": {"phys": 1758763273314, "cnt": 0, "node": "AF-N84"}, "package_id": "PKG63256", "payload": {"status": "IN_TRANSIT"}, "sent_ts": 1758763257474, "arrival_ts": 1758763257497}
{"action": "recv", "src": "AF-N84", "dst": "AN-N35", "hlc": {"phys": 1758763273553, "cnt": 0, "node": "AF-N84"}, "package_id": "PKG63256", "payload": {"status": "RECEIVED"}, "sent_ts": 1758763257713, "arrival_ts": 1758763257789}
{"action": "recv", "src": "AF-N84", "dst": "AN-N35", "hlc": {"phys": 1758763273828, "cnt": 0, "node": "AF-N84"}, "package_id": "PKG63256", "payload": {"status": "DELIVERED"}, "sent_ts": 1758763257988, "arrival_ts": 1758763258068}
{"action": "recv", "src": "SA-N31", "dst": "AN-N35", "hlc": {"phys": 1758799921633, "cnt": 0, "node": "SA-N31"}, "package_id": "PKG99901", "payload": {"status": "CREATED"}, "sent_ts": 1758799901323, "arrival_ts": 1758799901488}
{"action": "recv", "src": "SA-N31", "dst": "AN-N35", "hlc": {"phys": 1758799922014, "cnt": 0, "node": "SA-N31"}, "package_id": "PKG99901", "payload": {"status": "SENT"}, "sent_ts": 1758799901704, "arrival_ts": 1758799901881}
{"action": "recv", "src": "SA-N31", "dst": "AN-N35", "hlc": {"phys": 1758799922402, "cnt": 0, "node": "SA-N31"}, "package_id": "PKG99901", "payload": {"status": "IN_TRANSIT"}, "sent_ts": 1758799902092, "arrival_ts": 1758799902196}
{"action": "recv", "src": "SA-N31", "dst": "AN-N35", "hlc": {"phys": 1758799922706, "cnt": 0, "node": "SA-N31"}, "package_id": "PKG99901", "payload": {"status": "RECEIVED"}, "sent_ts": 1758799902396, "arrival_ts": 1758799902456}
{"action": "recv", "src": "SA-N31", "dst": "AN-N35", "hlc": {"phys": 1758799924321, "cnt": 0, "node": "SA-N31"}, "package_id": "PKG99901", "payload": {"status": "DELIVERED"}, "sent_ts": 1758799904011, "arrival_ts": 1758799904079}
{"action": "recv", "src": "AS-N23", "dst": "AN-N35", "hlc": {"phys": 1758801104617, "cnt": 0, "node": "AS-N23"}, "package_id": "PKG1094", "payload": {"status": "CREATED"}, "sent_ts": 1758801094387, "arrival_ts": 1758801094465}
{"action": "recv", "src": "AS-N23", "dst": "AN-N35", "hlc": {"phys": 1758801104915, "cnt": 0, "node": "AS-N23"}, "package_id": "PKG1094", "payload": {"status": "SENT"}, "sent_ts": 1758801094685, "arrival_ts": 1758801094780}
{"action": "recv", "src": "AS-N23", "dst": "AN-N35", "hlc": {"phys": 1758801105224, "cnt": 0, "node": "AS-N23"}, "package_id": "PKG1094", "payload": {"status": "IN_TRANSIT"}, "sent_ts": 1758801094994, "arrival_ts": 1758801095114}
{"action": "recv", "src": "AS-N23", "dst": "AN-N35", "hlc": {"phys": 1758801105549, "cnt": 0, "node": "AS-N23"}, "package_id": "PKG1094", "payload": {"status": "RECEIVED"}, "sent_ts": 1758801095319, "arrival_ts": 1758801095369}
{"action": "recv", "src": "AS-N23", "dst": "AN-N35", "hlc": {"phys": 1758801105799, "cnt": 0, "node": "AS-N23"}, "package_id": "PKG1094", "payload": {"status": "DELIVERED"}, "sent_ts": 1758801095569, "arrival_ts": 1758801095668}
{"action": "send", "src": "AN-N35", "dst": "NA-N46", "hlc": {"phys": 1758804127662, "cnt": 0, "node": "AN-N35"}, "package_id": "PKG4097", "payload": {"status": "CREATED"}, "sent_ts": 1758804097312, "arrival_ts": 1758804097312}
{"action": "send", "src": "AN-N35", "dst": "NA-N46", "hlc": {"phys": 1758804127910, "cnt": 0, "node": "AN-N35"}, "package_id": "PKG4097", "payload": {"status": "SENT"}, "sent_ts": 1758804097560, "arrival_ts": 1758804097560}
{"action": "send", "src": "AN-N35", "dst": "NA-N46", "hlc": {"phys": 1758804128200, "cnt": 0, "node": "AN-N35"}, "package_id": "PKG4097", "payload": {"status": "IN_TRANSIT"}, "sent_ts": 1758804097850, "arrival_ts": 1758804097850}
{"action": "send", "src": "AN-N35", "dst": "NA-N46", "hlc": {"phys": 1758804128445, "cnt": 0, "node": "AN-N35"}, "package_id": "PKG4097", "payload": {"status": "RECEIVED"}, "sent_ts": 1758804098095, "arrival_ts": 1758804098095}
{"action": "send", "src": "AN-N35", "dst": "NA-N46", "hlc": {"phys": 1758804128781, "cnt": 0, "node": "AN-N35"}, "package_id": "PKG4097", "payload": {"status": "DELIVERED"}, "sent_ts": 1758804098431, "arrival_ts": 1758804098431}
{"action": "recv", "src": "NA-N193", "dst": "AN-N35", "hlc": {"phys": 1758810537063, "cnt": 0, "node": "NA-N193"}, "package_id": "PKG10535", "payload": {"status": "CREATED"}, "sent_ts": 1758810535133, "arrival_ts": 1758810535189}
{"action": "recv", "src": "NA-N193", "dst": "AN-N35", "hlc": {"phys": 1758810537327, "cnt": 0, "node": "NA-N193"}, "package_id": "PKG10535", "payload": {"status": "SENT"}, "sent_ts": 1758810535397, "arrival_ts": 1758810535581}
{"action": "recv", "src": "NA-N193", "dst": "AN-N35", "hlc": {"phys": 1758810537713, "cnt": 0, "node": "NA-N193"}, "package_id": "PKG10535", "payload": {"status": "IN_TRANSIT"}, "sent_ts": 1758810535783, "arrival_ts": 1758810535859}
{"action": "recv", "src": "NA-N193", "dst": "AN-N35", "hlc": {"phys": 1758810537979, "cnt": 0, "node": "NA-N193"}, "package_id": "PKG10535", "payload": {"status": "RECEIVED"}, "sent_ts": 1758810536049, "arrival_ts": 1758810536076}
{"action": "recv", "src": "NA-N193", "dst": "AN-N35", "hlc": {"phys": 1758810538196, "cnt": 0, "node": "NA-N193"}, "package_id": "PKG10535", "payload": {"status": "DELIVERED"}, "sent_ts": 1758810536266, "arrival_ts": 1758810536413}
{"action": "recv", "src": "NA-N35", "dst": "AN-N35", "hlc": {"phys": 1758811889964, "cnt": 0, "node": "NA-N35"}, "package_id": "PKG11889", "payload": {"status": "CREATED"}, "sent_ts": 1758811889614, "arrival_ts": 1758811889725}
{"action": "recv", "src": "NA-N35", "dst": "AN-N35", "hlc": {"phys": 1758811890273, "cnt": 0, "node": "NA-N35"}, "package_id": "PKG11889", "payload": {"status": "SENT"}, "sent_ts": 1758811889923, "arrival_ts": 1758811889940}
{"action": "recv", "src": "NA-N35", "dst": "AN-N35", "hlc": {"phys": 1758811890505, "cnt": 0, "node": "NA-N35"}, "package_id": "PKG11889", "payload": {"status": "IN_TRANSIT"}, "sent_ts": 1758811890155, "arrival_ts": 1758811890286}
{"action": "recv", "src": "NA-N35", "dst": "AN-N35", "hlc": {"phys": 1758811890850, "cnt": 0, "node": "NA-N35"}, "package_id": "PKG11889", "payload": {"status": "RECEIVED"}, "sent_ts": 1758811890500, "arrival_ts": 1758811890678}
{"action": "recv", "src": "NA-N35", "dst": "AN-N35", "hlc": {"phys": 1758811891241, "cnt": 0, "node": "NA-N35"}, "package_id": "PKG11889", "payload": {"status": "DELIVERED"}, "sent_ts": 1758811890891, "arrival_ts": 1758811890923}
{"action": "recv", "src": "AU-N72", "dst": "AN-N35", "hlc": {"phys": 1758815145839, "cnt": 0, "node": "AU-N72"}, "package_id": "PKG15120", "payload": {"status": "CREATED"}, "sent_ts": 1758815120119, "arrival_ts": 1758815120223}
{"action": "recv", "src": "AU-N72", "dst": "AN-N35", "hlc": {"phys": 1758815146163, "cnt": 0, "node": "AU-N72"}, "package_id": "PKG15120", "payload": {"status": "SENT"}, "sent_ts": 1758815120443, "arrival_ts": 1758815120473}
{"action": "recv", "src": "AU-N72", "dst": "AN-N35", "hlc": {"phys": 1758815146394, "cnt": 0, "node": "AU-N72"}, "package_id": "PKG15120", "payload": {"status": "IN_TRANSIT"}, "sent_ts": 1758815120674, "arrival_ts": 1758815120780}
{"action": "recv", "src": "AU-N72", "dst": "AN-N35", "hlc": {"phys": 1758815146705, "cnt": 0, "node": "AU-N72"}, "package_id": "PKG15120", "payload": {"status": "RECEIVED"}, "sent_ts": 1758815120985, "arrival_ts": 1758815121036}
{"action": "recv", "src": "AU-N72", "dst": "AN-N35", "hlc": {"phys": 1758815146955, "cnt": 0, "node": "AU-N72"}, "package_id": "PKG15120", "payload": {"status": "DELIVERED"}, "sent_ts": 1758815121235, "arrival_ts": 1758815121418}
{"action": "send", "src": "AN-N35", "dst": "NA-N8", "hlc": {"phys": 1758816068285, "cnt": 0, "node": "AN-N35"}, "package_id": "PKG16037", "payload": {"status": "CREATED"}, "sent_ts": 1758816037935, "arrival_ts": 1758816037935}
{"action": "send", "src": "AN-N35", "dst": "NA-N8", "hlc": {"phys": 1758816068659, "cnt": 0, "node": "AN-N35"}, "package_id": "PKG16037", "payload": {"status": "SENT"}, "sent_ts": 1758816038309, "arrival_ts": 1758816038309}
{"action": "send", "src": "AN-N35", "dst": "NA-N8", "hlc": {"phys": 1758816068940, "cnt": 0, "node": "AN-N35"}, "package_id": "PKG16037", "payload": {"status": "IN_TRANSIT"}, "sent_ts": 1758816038590, "arrival_ts": 1758816038590}
{"action": "send", "src": "AN-N35", "dst": "NA-N8", "hlc": {"phys": 1758816069252, "cnt": 0, "node": "AN-N35"}, "package_id": "PKG16037", "payload": {"status": "RECEIVED"}, "sent_ts": 1758816038902, "arrival_ts": 1758816038902}
{"action": "send", "src": "AN-N35", "dst": "NA-N8", "hlc": {"phys": 1758816069530, "cnt": 0, "node": "AN-N35"}, "package_id": "PKG16037", "payload": {"status": "DELIVERED"}, "sent_ts": 1758816039180, "arrival_ts": 1758816039180}
