{"action": "send", "src": "AN-N158", "dst": "AF-N195", "hlc": {"phys": 1758713253231, "cnt": 0, "node": "AN-N158"}, "package_id": "PKG13221", "payload": {"status": "CREATED"}, "sent_ts": 1758713221651, "arrival_ts": 1758713221651}
{"action": "send", "src": "AN-N158", "dst": "AF-N195", "hlc": {"phys": 1758713253493, "cnt": 0, "node": "AN-N158"}, "package_id": "PKG13221", "payload": {"status": "SENT"}, "sent_ts": 1758713221913, "arrival_ts": 1758713221913}
{"action": "send", "src": "AN-N158", "dst": "AF-N195", "hlc": {"phys": 1758713253835, "cnt": 0, "node": "AN-N158"}, "package_id": "PKG13221", "payload": {"status": "IN_TRANSIT"}, "sent_ts": 1758713222255, "arrival_ts": 1758713222255}
{"action": "send", "src": "AN-N158", "dst": "AF-N195", "hlc": {"phys": 1758713254083, "cnt": 0, "node": "AN-N158"}, "package_id": "PKG13221", "payload": {"status": "RECEIVED"}, "sent_ts": 1758713222503, "arrival_ts": 1758713222503}
{"action": "send", "src": "AN-N158", "dst": "AF-N195", "hlc": {"phys": 1758713254333, "cnt": 0, "node": "AN-N158"}, "package_id": "PKG13221", "payload": {"status": "DELIVERED"}, "sent_ts": 1758713222753, "arrival_ts": 1758713222753}
{"action": "send", "src": "AN-N158", "dst": "AS-N15", "hlc": {"phys": 1758713670421, "cnt": 0, "node": "AN-N158"}, "package_id": "PKG13638", "payload": {"status": "CREATED"}, "sent_ts": 1758713638841, "arrival_ts": 1758713638841}
{"action": "send", "src": "AN-N158", "dst": "AS-N15", "hlc": {"phys": 1758713670779, "cnt": 0, "node": "AN-N158"}, "package_id": "PKG13638", "payload": {"status": "SENT"}, "sent_ts": 1758713639199, "arrival_ts": 1758713639199}
{"action": "send", "src": "AN-N158", "dst": "AS-N15", "hlc": {"phys": 1758713671167, "cnt": 0, "node": "AN-N158"}, "package_id": "PKG13638", "payload": {"status": "IN_TRANSIT"}, "sent_ts": 1758713639587, "arrival_ts": 1758713639587}
{"action": "send", "src": "AN-N158", "dst": "AS-N15", "hlc": {"phys": 1758713671437, "cnt": 0, "node": "AN-N158"}, "package_id": "PKG13638", "payload": {"status": "RECEIVED"}, "sent_ts": 1758713639857, "arrival_ts": 1758713639857}
{"action": "send", "src": "AN-N158", "dst": "AS-N15", "hlc": {"phys": 1758713671842, "cnt": 0, "node": "AN-N158"}, "package_id": "PKG13638", "payload": {"status": "DELIVERED"}, "sent_ts": 1758713640262, "arrival_ts": 1758713640262}
{"action": "send", "src": "AN-N158", "dst": "AU-N131", "hlc": {"phys": 1758739568027, "cnt": 0, "node": "AN-N158"}, "package_id": "PKG39536", "payload": {"status": "CREATED"}, "sent_ts": 1758739536447, "arrival_ts": 1758739536447}
{"action": "send", "src": "AN-N158", "dst": "AU-N131", "hlc": {"phys": 1758739568289, "cnt": 0, "node": "AN-N158"}, "package_id": "PKG39536", "payload": {"status": "SENT"}, "sent_ts": 1758739536709, "arrival_ts": 1758739536709}
{"action": "send", "src": "AN-N158", "dst": "AU-N131", "hlc": {"phys": 1758739568583, "cnt": 0, "node": "AN-N158"}, "package_id": "PKG39536", "payload": {"status": "IN_TRANSIT"}, "sent_ts": 1758739537003, "arrival_ts": 1758739537003}
{"action": "send", "src": "AN-N158", "dst": "AU-N131", "hlc": {"phys": 1758739568894, "cnt": 0, "node": "AN-N158"}, "package_id": "PKG39536", "payload": {"status": "RECEIVED"}, "sent_ts": 1758739537314, "arrival_ts": 1758739537314}
{"action": "send", "src": "AN-N158", "dst": "AU-N131", "hlc": {"phys": 1758739569137, "cnt": 0, "node": "AN-N158"}, "package_id": "PKG39536", "payload": {"status": "DELIVERED"}, "sent_ts": 1758739537557, "arrival_ts": 1758739537557}
{"action": "send", "src": "AN-N158", "dst": "EU-N174", "hlc": {"phys": 1758740021921, "cnt": 0, "node": "AN-N158"}, "package_id": "PKG39990", "payload": {"status": "CREATED"}, "sent_ts": 1758739990341, "arrival_ts": 1758739990341}
{"action": "send", "src": "AN-N158", "dst": "EU-N174", "hlc": {"phys": 1758740022213, "cnt": 0, "node": "AN-N158"}, "package_id": "PKG39990", "payload": {"status": "SENT"}, "sent_ts": 1758739990633, "arrival_ts": 1758739990633}
{"action": "send", "src": "AN-N158", "dst": "EU-N174", "hlc": {"phys": 1758740022559, "cnt": 0, "node": "AN-N158"}, "package_id": "PKG39990", "payload": {"status": "IN_TRANSIT"}, "sent_ts": 1758739990979, "arrival_ts": 1758739990979}
{"action": "send", "src": "AN-N158", "dst": "EU-N174", "hlc": {"phys": 1758740022782, "cnt": 0, "node": "AN-N158"}, "package_id": "PKG39990", "payload": {"status": "RECEIVED"}, "sent_ts": 1758739991202, "arrival_ts": 1758739991202}
{"action": "send", "src": "AN-N158", "dst": "EU-N174", "hlc": {"phys": 1758740023176, "cnt": 0, "node": "AN-N158"}, "package_id": "PKG39990", "payload": {"status": "DELIVERED"}, "sent_ts": 1758739991596, "arrival_ts": 1758739991596}
{"action": "recv", "src": "NA-N68", "dst": "AN-N158", "hlc": {"phys": 1758742012184, "cnt": 0, "node": "NA-N68"}, "package_id": "PKG42011", "payload": {"status": "CREATED"}, "sent_ts": 1758742011504, "arrival_ts": 1758742011592}
{"action": "recv", "src": "NA-N68", "dst": "AN-N158", "hlc": {"phys": 1758742012477, "cnt": 0, "node": "NA-N68"}, "package_id": "PKG42011", "payload": {"status": "SENT"}, "sent_ts": 1758742011797, "arrival_ts": 1758742011875}
{"action": "recv", "src": "NA-N68", "dst": "AN-N158", "hlc": {"phys": 1758742012769, "cnt": 0, "node": "NA-N68"}, "package_id": "PKG42011", "payload": {"status": "IN_TRANSIT"}, "sent_ts": 1758742012089, "arrival_ts": 1758742012210}
{"action": "recv", "src": "NA-N68", "dst": "AN-N158", "hlc": {"phys": 1758742013092, "cnt": 0, "node": "NA-N68"}, "package_id": "PKG42011", "payload": {"status": "RECEIVED"}, "sent_ts": 1758742012412, "arrival_ts": 1758742012588}
{"action": "recv", "src": "NA-N68", "dst": "AN-N158", "hlc": {"phys": 1758742013465, "cnt": 0, "node": "NA-N68"}, "package_id": "PKG42011", "payload": {"status": "DELIVERED"}, "sent_ts": 1758742012785, "arrival_ts": 1758742012954}
{"action": "send", "src": "AN-N158", "dst": "EU-N113", "hlc": {"phys": 1758743082068, "cnt": 0, "node": "AN-N158"}, "package_id": "PKG43050", "payload": {"status": "CREATED"}, "sent_ts": 1758743050488, "arrival_ts": 1758743050488}
{"action": "send", "src": "AN-N158", "dst": "EU-N113", "hlc": {"phys": 1758743082379, "cnt": 0, "node": "AN-N158"}, "package_id": "PKG43050", "payload": {"status": "SENT"}, "sent_ts": 1758743050799, "arrival_ts": 1758743050799}
{"action": "send", "src": "AN-N158", "dst": "EU-N113", "hlc": {"phys": 1758743082700, "cnt": 0, "node": "AN-N158"}, "package_id": "PKG43050", "payload": {"status": "IN_TRANSIT"}, "sent_ts": 1758743051120, "arrival_ts": 1758743051120}
{"action": "send", "src": "AN-N158", "dst": "EU-N113", "hlc": {"phys": 1758743083074, "cnt": 0, "node": "AN-N158"}, "package_id": "PKG43050", "payload": {"status": "RECEIVED"}, "sent_ts": 1758743051494, "arrival_ts": 1758743051494}
{"action": "send", "src": "AN-N158", "dst": "EU-N113", "hlc": {"phys": 1758743083379, "cnt": 0, "node": "AN-N158"}, "package_id": "PKG43050", "payload": {"status": "DELIVERED"}, "sent_ts": 1758743051799, "arrival_ts": 1758743051799}
{"action": "recv", "src": "AU-N182", "dst": "AN-N158", "hlc": {"phys": 1758745486139, "cnt": 0, "node": "AU-N182"}, "package_id": "PKG45459", "payload": {"status": "CREATED"}, "sent_ts": 1758745459319, "arrival_ts": 1758745459388}
{"action": "recv", "src": "AU-N182", "dst": "AN-N158", "hlc": {"phys": 1758745486400, "cnt": 0, "node": "AU-N182"}, "package_id": "PKG45459", "payload": {"status": "SENT"}, "sent_ts": 1758745459580, "arrival_ts": 1758745459687}
{"action": "recv", "src": "AU-N182", "dst": "AN-N158", "hlc": {"phys": 1758745486726, "cnt": 0, "node": "AU-N182"}, "package_id": "PKG45459", "payload": {"status": "IN_TRANSIT"}, "sent_ts": 1758745459906, "arrival_ts": 1758745460094}
{"action": "recv", "src": "AU-N182", "dst": "AN-N158", "hlc": {"phys": 1758745487116, "cnt": 0, "node": "AU-N182"}, "package_id": "PKG45459", "payload": {"status": "RECEIVED"}, "sent_ts": 1758745460296, "arrival_ts": 1758745460487}
{"action": "recv", "src": "AU-N182", "dst": "AN-N158", "hlc": {"phys": 1758745487520, "cnt": 0, "node": "AU-N182"}, "package_id": "PKG45459", "payload": {"status": "DELIVERED"}, "sent_ts": 1758745460700, "arrival_ts": 1758745460738}
{"action": "recv", "src": "AN-N51", "dst": "AN-N158", "hlc": {"phys": 1758746806582, "cnt": 0, "node": "AN-N51"}, "package_id": "PKG46776", "payload": {"status": "CREATED"}, "sent_ts": 1758746776072, "arrival_ts": 1758746776121}
{"action": "recv", "src": "AN-N51", "dst": "AN-N158", "hlc": {"phys": 1758746806852, "cnt": 0, "node": "AN-N51"}, "package_id": "PKG46776", "payload": {"status": "SENT"}, "sent_ts": 1758746776342, "arrival_ts": 1758746776525}
{"action": "recv", "src": "AN-N51", "dst": "AN-N158", "hlc": {"phys": 1758746807245, "cnt": 0, "node": "AN-N51"}, "package_id": "PKG46776", "payload": {"status": "IN_TRANSIT"}, "sent_ts": 1758746776735, "arrival_ts": 1758746776855}
{"action": "recv", "src": "AN-N51", "dst": "AN-N158", "hlc": {"phys": 1758746807575, "cnt": 0, "node": "AN-N51"}, "package_id": "PKG46776", "payload": {"status": "RECEIVED"}, "sent_ts": 1758746777065, "arrival_ts": 1758746777145}
{"action": "recv", "src": "AN-N51", "dst": "AN-N158", "hlc": {"phys": 1758746807861, "cnt": 0, "node": "AN-N51"}, "package_id": "PKG46776", "payload": {"status": "DELIVERED"}, "sent_ts": 1758746777351, "arrival_ts": 1758746777432}
{"action": "recv", "src": "AS-N58", "dst": "AN-N158", "hlc": {"phys": 1758748018284, "cnt": 0, "node": "AS-N58"}, "package_id": "PKG48007", "payload": {"status": "CREATED"}, "sent_ts": 1758748007704, "arrival_ts": 1758748007784}
{"action": "recv", "src": "AS-N58", "dst": "AN-N158", "hlc": {"phys": 1758748018564, "cnt": 0, "node": "AS-N58"}, "package_id": "PKG48007", "payload": {"status": "SENT"}, "sent_ts": 1758748007984, "arrival_ts": 1758748008122}
{"action": "recv", "src": "AS-N58", "dst": "AN-N158", "hlc": {"phys": 1758748018921, "cnt": 0, "node": "AS-N58"}, "package_id": "PKG48007", "payload": {"status": "IN_TRANSIT"}, "sent_ts": 1758748008341, "arrival_ts": 1758748008401}
{"action": "recv", "src": "AS-N58", "dst": "AN-N158", "hlc": {"phys": 1758748019185, "cnt": 0, "node": "AS-N58"}, "package_id": "PKG48007", "payload": {"status": "RECEIVED"}, "sent_ts": 1758748008605, "arrival_ts": 1758748008630}
{"action": "recv", "src": "AS-N58", "dst": "AN-N158", "hlc": {"phys": 1758748019419, "cnt": 0, "node": "AS-N58"}, "package_id": "PKG48007", "payload": {"status": "DELIVERED"}, "sent_ts": 1758748008839, "arrival_ts": 1758748008995}
{"action": "send", "src": "AN-N158", "dst": "AS-N4", "hlc": {"phys": 1758752826127, "cnt": 0, "node": "AN-N158"}, "package_id": "PKG52794", "payload": {"status": "CREATED"}, "sent_ts": 1758752794547, "arrival_ts": 1758752794547}
{"action": "send", "src": "AN-N158", "dst": "AS-N4", "hlc": {"phys": 1758752826498, "cnt": 0, "node": "AN-N158"}, "package_id": "PKG52794", "payload": {"status": "SENT"}, "sent_ts": 1758752794918, "arrival_ts": 1758752794918}
{"action": "send", "src": "AN-N158", "dst": "AS-N4", "hlc": {"phys": 1758752826873, "cnt": 0, "node": "AN-N158"}, "package_id": "PKG52794", "payload": {"status": "IN_TRANSIT"}, "sent_ts": 1758752795293, "arrival_ts": 1758752795293}
{"action": "send", "src": "AN-N158", "dst": "AS-N4", "hlc": {"phys": 1758752827204, "cnt": 0, "node": "AN-N158"}, "package_id": "PKG52794", "payload": {"status": "RECEIVED"}, "sent_ts": 1758752795624, "arrival_ts": 1758752795624}
{"action": "send", "src": "AN-N158", "dst": "AS-N4", "hlc": {"phys": 1758752827577, "cnt": 0, "node": "AN-N158"}, "package_id": "PKG52794", "payload": {"status": "DELIVERED"}, "sent_ts": 1758752795997, "arrival_ts": 1758752795997}
{"action": "send", "src": "AN-N158", "dst": "SA-N121", "hlc": {"phys": 1758756069615, "cnt": 0, "node": "AN-N158"}, "package_id": "PKG56038", "payload": {"status": "CREATED"}, "sent_ts": 1758756038035, "arrival_ts": 1758756038036}
{"action": "send", "src": "AN-N158", "dst": "SA-N121", "hlc": {"phys": 1758756069974, "cnt": 0, "node": "AN-N158"}, "package_id": "PKG56038", "payload": {"status": "SENT"}, "sent_ts": 1758756038394, "arrival_ts": 1758756038394}
{"action": "send", "src": "AN-N158", "dst": "SA-N121", "hlc": {"phys": 1758756070308, "cnt": 0, "node": "AN-N158"}, "package_id": "PKG56038", "payload": {"status": "IN_TRANSIT"}, "sent_ts": 1758756038728, "arrival_ts": 1758756038728}
{"action": "send", "src": "AN-N158", "dst": "SA-N121", "hlc": {"phys": 1758756070599, "cnt": 0, "node": "AN-N158"}, "package_id": "PKG56038", "payload": {"status": "RECEIVED"}, "sent_ts": 1758756039019, "arrival_ts": 1758756039019}
{"action": "send", "src": "AN-N158", "dst": "SA-N121", "hlc": {"phys": 1758756070914, "cnt": 0, "node": "AN-N158"}, "package_id": "PKG56038", "payload": {"status": "DELIVERED"}, "sent_ts": 1758756039334, "arrival_ts": 1758756039334}
{"action": "send", "src": "AN-N158", "dst": "NA-N149", "hlc": {"phys": 1758756387891, "cnt": 0, "node": "AN-N158"}, "package_id": "PKG56356", "payload": {"status": "CREATED"}, "sent_ts": 1758756356311, "arrival_ts": 1758756356311}
{"action": "send", "src": "AN-N158", "dst": "NA-N149", "hlc": {"phys": 1758756388115, "cnt": 0, "node": "AN-N158"}, "package_id": "PKG56356", "payload": {"status": "SENT"}, "sent_ts": 1758756356535, "arrival_ts": 1758756356535}
{"action": "send", "src": "AN-N158", "dst": "NA-N149", "hlc": {"phys": 1758756388416, "cnt": 0, "node": "AN-N158"}, "package_id": "PKG56356", "payload": {"status": "IN_TRANSIT"}, "sent_ts": 1758756356836, "arrival_ts": 1758756356836}
{"action": "send", "src": "AN-N158", "dst": "NA-N149", "hlc": {"phys": 1758756388762, "cnt": 0, "node": "AN-N158"}, "package_id": "PKG56356", "payload": {"status": "RECEIVED"}, "sent_ts": 1758756357182, "arrival_ts": 1758756357182}
{"action": "send", "src": "AN-N158", "dst": "NA-N149", "hlc": {"phys": 1758756390709, "cnt": 0, "node": "AN-N158"}, "package_id": "PKG56356", "payload": {"status": "DELIVERED"}, "sent_ts": 1758756359129, "arrival_ts": 1758756359129}
{"action": "send", "src": "AN-N158", "dst": "AU-N133", "hlc": {"phys": 1758757295060, "cnt": 0, "node": "AN-N158"}, "package_id": "PKG57263", "payload": {"status": "CREATED"}, "sent_ts": 1758757263480, "arrival_ts": 1758757263480}
{"action": "send", "src": "AN-N158", "dst": "AU-N133", "hlc": {"phys": 1758757295322, "cnt": 0, "node": "AN-N158"}, "package_id": "PKG57263", "payload": {"status": "SENT"}, "sent_ts": 1758757263742, "arrival_ts": 1758757263742}
{"action": "send", "src": "AN-N158", "dst": "AU-N133", "hlc": {"phys": 1758757295572, "cnt": 0, "node": "AN-N158"}, "package_id": "PKG57263", "payload": {"status": "IN_TRANSIT"}, "sent_ts": 1758757263992, "arrival_ts": 1758757263992}
{"action": "send", "src": "AN-N158", "dst": "AU-N133", "hlc": {"phys": 1758757295976, "cnt": 0, "node": "AN-N158"}, "package_id": "PKG57263", "payload": {"status": "RECEIVED"}, "sent_ts": 1758757264396, "arrival_ts": 1758757264396}
{"action": "send", "src": "AN-N158", "dst": "AU-N133", "hlc": {"phys": 1758757296237, "cnt": 0, "node": "AN-N158"}, "package_id": "PKG57263", "payload": {"status": "DELIVERED"}, "sent_ts": 1758757264657, "arrival_ts": 1758757264657}
{"action": "send", "src": "AN-N158", "dst": "AU-N183", "hlc": {"phys": 1758760298082, "cnt": 0, "node": "AN-N158"}, "package_id": "PKG60266", "payload": {"status": "CREATED"}, "sent_ts": 1758760266502, "arrival_ts": 1758760266502}
{"action": "send", "src": "AN-N158", "dst": "AU-N183", "hlc": {"phys": 1758760298423, "cnt": 0, "node": "AN-N158"}, "package_id": "PKG60266", "payload": {"status": "SENT"}, "sent_ts": 1758760266843, "arrival_ts": 1758760266843}
{"action": "send", "src": "AN-N158", "dst": "AU-N183", "hlc": {"phys": 1758760298724, "cnt": 0, "node": "AN-N158"}, "package_id": "PKG60266", "payload": {"status": "IN_TRANSIT"}, "sent_ts": 1758760267144, "arrival_ts": 1758760267144}
{"action": "send", "src": "AN-N158", "dst": "AU-N183", "hlc": {"phys": 1758760298952, "cnt": 0, "node": "AN-N158"}, "package_id": "PKG60266", "payload": {"status": "RECEIVED"}, "sent_ts": 1758760267372, "arrival_ts": 1758760267372}
{"action": "send", "src": "AN-N158", "dst": "AU-N183", "hlc": {"phys": 1758760299180, "cnt": 0, "node": "AN-N158"}, "package_id": "PKG60266", "payload": {"status": "DELIVERED"}, "sent_ts": 1758760267600, "arrival_ts": 1758760267600}
{"action": "recv", "src": "AN-N199", "dst": "AN-N158", "hlc": {"phys": 1758762993068, "cnt": 0, "node": "AN-N199"}, "package_id": "PKG62961", "payload": {"status": "CREATED"}, "sent_ts": 1758762961078, "arrival_ts": 1758762961270}
{"action": "recv", "src": "AN-N199", "dst": "AN-N158", "hlc": {"phys": 1758762993472, "cnt": 0, "node": "AN-N199"}, "package_id": "PKG62961", "payload": {"status": "SENT"}, "sent_ts": 1758762961482, "arrival_ts": 1758762961623}
{"action": "recv", "src": "AN-N199", "dst": "AN-N158", "hlc": {"phys": 1758762993824, "cnt": 0, "node": "AN-N199"}, "package_id": "PKG62961", "payload": {"status": "IN_TRANSIT"}, "sent_ts": 1758762961834, "arrival_ts": 1758762962035}
{"action": "recv", "src": "AN-N199", "dst": "AN-N158", "hlc": {"phys": 1758762994226, "cnt": 0, "node": "AN-N199"}, "package_id": "PKG62961", "payload": {"status": "RECEIVED"}, "sent_ts": 1758762962236, "arrival_ts": 1758762962367}
{"action": "recv", "src": "AN-N199", "dst": "AN-N158", "hlc": {"phys": 1758762994563, "cnt": 0, "node": "AN-N199"}, "package_id": "PKG62961", "payload": {"status": "DELIVERED"}, "sent_ts": 1758762962573, "arrival_ts": 1758762962613}
{"action": "send", "src": "AN-N158", "dst": "AN-N27", "hlc": {"phys": 1758802673151, "cnt": 0, "node": "AN-N158"}, "package_id": "PKG2641", "payload": {"status": "CREATED"}, "sent_ts": 1758802641571, "arrival_ts": 1758802641571}
{"action": "send", "src": "AN-N158", "dst": "AN-N27", "hlc": {"phys": 1758802673507, "cnt": 0, "node": "AN-N158"}, "package_id": "PKG2641", "payload": {"status": "SENT"}, "sent_ts": 1758802641927, "arrival_ts": 1758802641927}
{"action": "send", "src": "AN-N158", "dst": "AN-N27", "hlc": {"phys": 1758802673820, "cnt": 0, "node": "AN-N158"}, "package_id": "PKG2641", "payload": {"status": "IN_TRANSIT"}, "sent_ts": 1758802642240, "arrival_ts": 1758802642240}
{"action": "send", "src": "AN-N158", "dst": "AN-N27", "hlc": {"phys": 1758802674182, "cnt": 0, "node": "AN-N158"}, "package_id": "PKG2641", "payload": {"status": "RECEIVED"}, "sent_ts": 1758802642602, "arrival_ts": 1758802642602}
{"action": "send", "src": "AN-N158", "dst": "AN-N27", "hlc": {"phys": 1758802674483, "cnt": 0, "node": "AN-N158"}, "package_id": "PKG2641", "payload": {"status": "DELIVERED"}, "sent_ts": 1758802642903, "arrival_ts": 1758802642903}
{"action": "send", "src": "AN-N158", "dst": "NA-N148", "hlc": {"phys": 1758803172960, "cnt": 0, "node": "AN-N158"}, "package_id": "PKG3141", "payload": {"status": "CREATED"}, "sent_ts": 1758803141380, "arrival_ts": 1758803141380}
{"action": "send", "src": "AN-N158", "dst": "NA-N148", "hlc": {"phys": 1758803173205, "cnt": 0, "node": "AN-N158"}, "package_id": "PKG3141", "payload": {"status": "SENT"}, "sent_ts": 1758803141625, "arrival_ts": 1758803141625}
{"action": "send", "src": "AN-N158", "dst": "NA-N148", "hlc": {"phys": 1758803173423, "cnt": 0, "node": "AN-N158"}, "package_id": "PKG3141", "payload": {"status": "IN_TRANSIT"}, "sent_ts": 1758803141843, "arrival_ts": 1758803141843}
{"action": "send", "src": "AN-N158", "dst": "NA-N148", "hlc": {"phys": 1758803173783, "cnt": 0, "node": "AN-N158"}, "package_id": "PKG3141", "payload": {"status": "RECEIVED"}, "sent_ts": 1758803142203, "arrival_ts": 1758803142203}
{"action": "send", "src": "AN-N158", "dst": "NA-N148", "hlc": {"phys": 1758803174057, "cnt": 0, "node": "AN-N158"}, "package_id": "PKG3141", "payload": {"status": "DELIVERED"}, "sent_ts": 1758803142477, "arrival_ts": 1758803142477}
{"action": "send", "src": "AN-N158", "dst": "SA-N91", "hlc": {"phys": 1758803847068, "cnt": 0, "node": "AN-N158"}, "package_id": "PKG3815", "payload": {"status": "CREATED"}, "sent_ts": 1758803815488, "arrival_ts": 1758803815488}
{"action": "send", "src": "AN-N158", "dst": "SA-N91", "hlc": {"phys": 1758803847408, "cnt": 0, "node": "AN-N158"}, "package_id": "PKG3815", "payload": {"status": "SENT"}, "sent_ts": 1758803815828, "arrival_ts": 1758803815828}
{"action": "send", "src": "AN-N158", "dst": "SA-N91", "hlc": {"phys": 1758803847808, "cnt": 0, "node": "AN-N158"}, "package_id": "PKG3815", "payload": {"status": "IN_TRANSIT"}, "sent_ts": 1758803816227, "arrival_ts": 1758803816228}
{"action": "send", "src": "AN-N158", "dst": "SA-N91", "hlc": {"phys": 1758803848165, "cnt": 0, "node": "AN-N158"}, "package_id": "PKG3815", "payload": {"status": "RECEIVED"}, "sent_ts": 1758803816585, "arrival_ts": 1758803816585}
{"action": "send", "src": "AN-N158", "dst": "SA-N91", "hlc": {"phys": 1758803848494, "cnt": 0, "node": "AN-N158"}, "package_id": "PKG3815", "payload": {"status": "DELIVERED"}, "sent_ts": 1758803816914, "arrival_ts": 1758803816914}
{"action": "recv", "src": "AS-N47", "dst": "AN-N158", "hlc": {"phys": 1758813819995, "cnt": 0, "node": "AS-N47"}, "package_id": "PKG13809", "payload": {"status": "CREATED"}, "sent_ts": 1758813809525, "arrival_ts": 1758813809642}
{"action": "recv", "src": "AS-N47", "dst": "AN-N158", "hlc": {"phys": 1758813820323, "cnt": 0, "node": "AS-N47"}, "package_id": "PKG13809", "payload": {"status": "SENT"}, "sent_ts": 1758813809853, "arrival_ts": 1758813809970}
{"action": "recv", "src": "AS-N47", "dst": "AN-N158", "hlc": {"phys": 1758813820647, "cnt": 0, "node": "AS-N47"}, "package_id": "PKG13809", "payload": {"status": "IN_TRANSIT"}, "sent_ts": 1758813810177, "arrival_ts": 1758813810311}
{"action": "recv", "src": "AS-N47", "dst": "AN-N158", "hlc": {"phys": 1758813820974, "cnt": 0, "node": "AS-N47"}, "package_id": "PKG13809", "payload": {"status": "RECEIVED"}, "sent_ts": 1758813810504, "arrival_ts": 1758813810653}
{"action": "recv", "src": "AS-N47", "dst": "AN-N158", "hlc": {"phys": 1758813821330, "cnt": 0, "node": "AS-N47"}, "package_id": "PKG13809", "payload": {"status": "DELIVERED"}, "sent_ts": 1758813810860, "arrival_ts": 1758813810981}
{"action": "recv", "src": "EU-N178", "dst": "AN-N158", "hlc": {"phys": 1758813903496, "cnt": 0, "node": "EU-N178"}, "package_id": "PKG13896", "payload": {"status": "CREATED"}, "sent_ts": 1758813896716, "arrival_ts": 1758813896858}
{"action": "recv", "src": "EU-N178", "dst": "AN-N158", "hlc": {"phys": 1758813903835, "cnt": 0, "node": "EU-N178"}, "package_id": "PKG13896", "payload": {"status": "SENT"}, "sent_ts": 1758813897055, "arrival_ts": 1758813897237}
{"action": "recv", "src": "EU-N178", "dst": "AN-N158", "hlc": {"phys": 1758813904225, "cnt": 0, "node": "EU-N178"}, "package_id": "PKG13896", "payload": {"status": "IN_TRANSIT"}, "sent_ts": 1758813897445, "arrival_ts": 1758813897516}
{"action": "recv", "src": "EU-N178", "dst": "AN-N158", "hlc": {"phys": 1758813904487, "cnt": 0, "node": "EU-N178"}, "package_id": "PKG13896", "payload": {"status": "RECEIVED"}, "sent_ts": 1758813897707, "arrival_ts": 1758813897849}
{"action": "recv", "src": "EU-N178", "dst": "AN-N158", "hlc": {"phys": 1758813904831, "cnt": 0, "node": "EU-N178"}, "package_id": "PKG13896", "payload": {"status": "DELIVERED"}, "sent_ts": 1758813898051, "arrival_ts": 1758813898208}
{"action": "recv", "src": "AS-N38", "dst": "AN-N158", "hlc": {"phys": 1758815321991, "cnt": 0, "node": "AS-N38"}, "package_id": "PKG15311", "payload": {"status": "CREATED"}, "sent_ts": 1758815311611, "arrival_ts": 1758815311751}
{"action": "recv", "src": "AS-N38", "dst": "AN-N158", "hlc": {"phys": 1758815322348, "cnt": 0, "node": "AS-N38"}, "package_id": "PKG15311", "payload": {"status": "SENT"}, "sent_ts": 1758815311968, "arrival_ts": 1758815312055}
{"action": "recv", "src": "AS-N38", "dst": "AN-N158", "hlc": {"phys": 1758815322657, "cnt": 0, "node": "AS-N38"}, "package_id": "PKG15311", "payload": {"status": "IN_TRANSIT"}, "sent_ts": 1758815312277, "arrival_ts": 1758815312338}
{"action": "recv", "src": "AS-N38", "dst": "AN-N158", "hlc": {"phys": 1758815322920, "cnt": 0, "node": "AS-N38"}, "package_id": "PKG15311", "payload": {"status": "RECEIVED"}, "sent_ts": 1758815312540, "arrival_ts": 1758815312571}
{"action": "recv", "src": "AS-N38", "dst": "AN-N158", "hlc": {"phys": 1758815323155, "cnt": 0, "node": "AS-N38"}, "package_id": "PKG15311", "payload": {"status": "DELIVERED"}, "sent_ts": 1758815312775, "arrival_ts": 1758815312839}
