{"action": "send", "src": "AN-N28", "dst": "EU-N45", "hlc": {"phys": 1758713997048, "cnt": 0, "node": "AN-N28"}, "package_id": "PKG13966", "payload": {"status": "CREATED"}, "sent_ts": 1758713966768, "arrival_ts": 1758713966768}
{"action": "send", "src": "AN-N28", "dst": "EU-N45", "hlc": {"phys": 1758713997278, "cnt": 0, "node": "AN-N28"}, "package_id": "PKG13966", "payload": {"status": "SENT"}, "sent_ts": 1758713966998, "arrival_ts": 1758713966998}
{"action": "send", "src": "AN-N28", "dst": "EU-N45", "hlc": {"phys": 1758713997648, "cnt": 0, "node": "AN-N28"}, "package_id": "PKG13966", "payload": {"status": "IN_TRANSIT"}, "sent_ts": 1758713967368, "arrival_ts": 1758713967368}
{"action": "send", "src": "AN-N28", "dst": "EU-N45", "hlc": {"phys": 1758713998058, "cnt": 0, "node": "AN-N28"}, "package_id": "PKG13966", "payload": {"status": "RECEIVED"}, "sent_ts": 1758713967778, "arrival_ts": 1758713967778}
{"action": "send", "src": "AN-N28", "dst": "EU-N45", "hlc": {"phys": 1758713998374, "cnt": 0, "node": "AN-N28"}, "package_id": "PKG13966", "payload": {"status": "DELIVERED"}, "sent_ts": 1758713968093, "arrival_ts": 1758713968094}
{"action": "recv", "src": "NA-N174", "dst": "AN-N28", "hlc": {"phys": 1758716747138, "cnt": 0, "node": "NA-N174"}, "package_id": "PKG16745", "payload": {"status": "CREATED"}, "sent_ts": 1758716745398, "arrival_ts": 1758716745590}
{"action": "recv", "src": "NA-N174", "dst": "AN-N28", "hlc": {"phys": 1758716747542, "cnt": 0, "node": "NA-N174"}, "package_id": "PKG16745", "payload": {"status": "SENT"}, "sent_ts": 1758716745802, "arrival_ts": 1758716745840}
{"action": "recv", "src": "NA-N174", "dst": "AN-N28", "hlc": {"phys": 1758716747774, "cnt": 0, "node": "NA-N174"}, "package_id": "PKG16745", "payload": {"status": "IN_TRANSIT"}, "sent_ts": 1758716746034, "arrival_ts": 1758716746080}
{"action": "recv", "src": "NA-N174", "dst": "AN-N28", "hlc": {"phys": 1758716748025, "cnt": 0, "node": "NA-N174"}, "package_id": "PKG16745", "payload": {"status": "RECEIVED"}, "sent_ts": 1758716746285, "arrival_ts": 1758716746487}
{"action": "recv", "src": "NA-N174", "dst": "AN-N28", "hlc": {"phys": 1758716748441, "cnt": 0, "node": "NA-N174"}, "package_id": "PKG16745", "payload": {"status": "DELIVERED"}, "sent_ts": 1758716746701, "arrival_ts": 1758716746852}
{"action": "recv", "src": "AS-N182", "dst": "AN-N28", "hlc": {"phys": 1758716943621, "cnt": 0, "node": "AS-N182"}, "package_id": "PKG16931", "payload": {"status": "CREATED"}, "sent_ts": 1758716931801, "arrival_ts": 1758716931999}
{"action": "recv", "src": "AS-N182", "dst": "AN-N28", "hlc": {"phys": 1758716944035, "cnt": 0, "node": "AS-N182"}, "package_id": "PKG16931", "payload": {"status": "SENT"}, "sent_ts": 1758716932215, "arrival_ts": 1758716932346}
{"action": "recv", "src": "AS-N182", "dst": "AN-N28", "hlc": {"phys": 1758716944385, "cnt": 0, "node": "AS-N182"}, "package_id": "PKG16931", "payload": {"status": "IN_TRANSIT"}, "sent_ts": 1758716932565, "arrival_ts": 1758716932738}
{"action": "recv", "src": "AS-N182", "dst": "AN-N28", "hlc": {"phys": 1758716944765, "cnt": 0, "node": "AS-N182"}, "package_id": "PKG16931", "payload": {"status": "RECEIVED"}, "sent_ts": 1758716932945, "arrival_ts": 1758716933056}
{"action": "recv", "src": "AS-N182", "dst": "AN-N28", "hlc": {"phys": 1758716945087, "cnt": 0, "node": "AS-N182"}, "package_id": "PKG16931", "payload": {"status": "DELIVERED"}, "sent_ts": 1758716933267, "arrival_ts": 1758716933355}
{"action": "recv", "src": "SA-N16", "dst": "AN-N28", "hlc": {"phys": 1758717306886, "cnt": 0, "node": "SA-N16"}, "package_id": "PKG17286", "payload": {"status": "CREATED"}, "sent_ts": 1758717286726, "arrival_ts": 1758717286824}
{"action": "recv", "src": "SA-N16", "dst": "AN-N28", "hlc": {"phys": 1758717307189, "cnt": 0, "node": "SA-N16"}, "package_id": "PKG17286", "payload": {"status": "SENT"}, "sent_ts": 1758717287029, "arrival_ts": 1758717287204}
{"action": "recv", "src": "SA-N16", "dst": "AN-N28", "hlc": {"phys": 1758717307580, "cnt": 0, "node": "SA-N16"}, "package_id": "PKG17286", "payload": {"status": "IN_TRANSIT"}, "sent_ts": 1758717287420, "arrival_ts": 1758717287527}
{"action": "recv", "src": "SA-N16", "dst": "AN-N28", "hlc": {"phys": 1758717307895, "cnt": 0, "node": "SA-N16"}, "package_id": "PKG17286", "payload": {"status": "RECEIVED"}, "sent_ts": 1758717287735, "arrival_ts": 1758717287864}
{"action": "recv", "src": "SA-N16", "dst": "AN-N28", "hlc": {"phys": 1758717308230, "cnt": 0, "node": "SA-N16"}, "package_id": "PKG17286", "payload": {"status": "DELIVERED"}, "sent_ts": 1758717288070, "arrival_ts": 1758717288147}
{"action": "recv", "src": "AF-N80", "dst": "AN-N28", "hlc": {"phys": 1758739307503, "cnt": 0, "node": "AF-N80"}, "package_id": "PKG39291", "payload": {"status": "CREATED"}, "sent_ts": 1758739291703, "arrival_ts": 1758739291785}
{"action": "recv", "src": "AF-N80", "dst": "AN-N28", "hlc": {"phys": 1758739307799, "cnt": 0, "node": "AF-N80"}, "package_id": "PKG39291", "payload": {"status": "SENT"}, "sent_ts": 1758739291999, "arrival_ts": 1758739292151}
{"action": "recv", "src": "AF-N80", "dst": "AN-N28", "hlc": {"phys": 1758739308153, "cnt": 0, "node": "AF-N80"}, "package_id": "PKG39291", "payload": {"status": "IN_TRANSIT"}, "sent_ts": 1758739292353, "arrival_ts": 1758739292472}
{"action": "recv", "src": "AF-N80", "dst": "AN-N28", "hlc": {"phys": 1758739308482, "cnt": 0, "node": "AF-N80"}, "package_id": "PKG39291", "payload": {"status": "RECEIVED"}, "sent_ts": 1758739292682, "arrival_ts": 1758739292742}
{"action": "recv", "src": "AF-N80", "dst": "AN-N28", "hlc": {"phys": 1758739308754, "cnt": 0, "node": "AF-N80"}, "package_id": "PKG39291", "payload": {"status": "DELIVERED"}, "sent_ts": 1758739292954, "arrival_ts": 1758739293065}
{"action": "send", "src": "AN-N28", "dst": "AU-N33", "hlc": {"phys": 1758741795272, "cnt": 0, "node": "AN-N28"}, "package_id": "PKG41764", "payload": {"status": "CREATED"}, "sent_ts": 1758741764992, "arrival_ts": 1758741764992}
{"action": "send", "src": "AN-N28", "dst": "AU-N33", "hlc": {"phys": 1758741795566, "cnt": 0, "node": "AN-N28"}, "package_id": "PKG41764", "payload": {"status": "SENT"}, "sent_ts": 1758741765286, "arrival_ts": 1758741765286}
{"action": "send", "src": "AN-N28", "dst": "AU-N33", "hlc": {"phys": 1758741795796, "cnt": 0, "node": "AN-N28"}, "package_id": "PKG41764", "payload": {"status": "IN_TRANSIT"}, "sent_ts": 1758741765516, "arrival_ts": 1758741765516}
{"action": "send", "src": "AN-N28", "dst": "AU-N33", "hlc": {"phys": 1758741796060, "cnt": 0, "node": "AN-N28"}, "package_id": "PKG41764", "payload": {"status": "RECEIVED"}, "sent_ts": 1758741765780, "arrival_ts": 1758741765780}
{"action": "send", "src": "AN-N28", "dst": "AU-N33", "hlc": {"phys": 1758741796316, "cnt": 0, "node": "AN-N28"}, "package_id": "PKG41764", "payload": {"status": "DELIVERED"}, "sent_ts": 1758741766036, "arrival_ts": 1758741766036}
{"action": "recv", "src": "NA-N175", "dst": "AN-N28", "hlc": {"phys": 1758741792460, "cnt": 0, "node": "NA-N175"}, "package_id": "PKG41790", "payload": {"status": "CREATED"}, "sent_ts": 1758741790710, "arrival_ts": 1758741790958}
{"action": "recv", "src": "NA-N175", "dst": "AN-N28", "hlc": {"phys": 1758741792905, "cnt": 0, "node": "NA-N175"}, "package_id": "PKG41790", "payload": {"status": "SENT"}, "sent_ts": 1758741791155, "arrival_ts": 1758741791276}
{"action": "recv", "src": "NA-N175", "dst": "AN-N28", "hlc": {"phys": 1758741793232, "cnt": 0, "node": "NA-N175"}, "package_id": "PKG41790", "payload": {"status": "IN_TRANSIT"}, "sent_ts": 1758741791482, "arrival_ts": 1758741791538}
{"action": "recv", "src": "NA-N175", "dst": "AN-N28", "hlc": {"phys": 1758741793497, "cnt": 0, "node": "NA-N175"}, "package_id": "PKG41790", "payload": {"status": "RECEIVED"}, "sent_ts": 1758741791747, "arrival_ts": 1758741791915}
{"action": "recv", "src": "NA-N175", "dst": "AN-N28", "hlc": {"phys": 1758741793872, "cnt": 0, "node": "NA-N175"}, "package_id": "PKG41790", "payload": {"status": "DELIVERED"}, "sent_ts": 1758741792122, "arrival_ts": 1758741792214}
{"action": "recv", "src": "AU-N17", "dst": "AN-N28", "hlc": {"phys": 1758744699434, "cnt": 0, "node": "AU-N17"}, "package_id": "PKG44674", "payload": {"status": "CREATED"}, "sent_ts": 1758744674264, "arrival_ts": 1758744674434}
{"action": "recv", "src": "AU-N17", "dst": "AN-N28", "hlc": {"phys": 1758744699826, "cnt": 0, "node": "AU-N17"}, "package_id": "PKG44674", "payload": {"status": "SENT"}, "sent_ts": 1758744674656, "arrival_ts": 1758744674813}
{"action": "recv", "src": "AU-N17", "dst": "AN-N28", "hlc": {"phys": 1758744700203, "cnt": 0, "node": "AU-N17"}, "package_id": "PKG44674", "payload": {"status": "IN_TRANSIT"}, "sent_ts": 1758744675033, "arrival_ts": 1758744675230}
{"action": "recv", "src": "AU-N17", "dst": "AN-N28", "hlc": {"phys": 1758744700606, "cnt": 0, "node": "AU-N17"}, "package_id": "PKG44674", "payload": {"status": "RECEIVED"}, "sent_ts": 1758744675436, "arrival_ts": 1758744675538}
{"action": "recv", "src": "AU-N17", "dst": "AN-N28", "hlc": {"phys": 1758744700921, "cnt": 0, "node": "AU-N17"}, "package_id": "PKG44674", "payload": {"status": "DELIVERED"}, "sent_ts": 1758744675751, "arrival_ts": 1758744675951}
{"action": "recv", "src": "AS-N85", "dst": "AN-N28", "hlc": {"phys": 1758745472814, "cnt": 0, "node": "AS-N85"}, "package_id": "PKG45461", "payload": {"status": "CREATED"}, "sent_ts": 1758745461964, "arrival_ts": 1758745462148}
{"action": "recv", "src": "AS-N85", "dst": "AN-N28", "hlc": {"phys": 1758745473217, "cnt": 0, "node": "AS-N85"}, "package_id": "PKG45461", "payload": {"status": "SENT"}, "sent_ts": 1758745462367, "arrival_ts": 1758745462505}
{"action": "recv", "src": "AS-N85", "dst": "AN-N28", "hlc": {"phys": 1758745473561, "cnt": 0, "node": "AS-N85"}, "package_id": "PKG45461", "payload": {"status": "IN_TRANSIT"}, "sent_ts": 1758745462711, "arrival_ts": 1758745462794}
{"action": "recv", "src": "AS-N85", "dst": "AN-N28", "hlc": {"phys": 1758745473857, "cnt": 0, "node": "AS-N85"}, "package_id": "PKG45461", "payload": {"status": "RECEIVED"}, "sent_ts": 1758745463007, "arrival_ts": 1758745463054}
{"action": "recv", "src": "AS-N85", "dst": "AN-N28", "hlc": {"phys": 1758745474105, "cnt": 0, "node": "AS-N85"}, "package_id": "PKG45461", "payload": {"status": "DELIVERED"}, "sent_ts": 1758745463255, "arrival_ts": 1758745463306}
{"action": "recv", "src": "AF-N122", "dst": "AN-N28", "hlc": {"phys": 1758746072006, "cnt": 0, "node": "AF-N122"}, "package_id": "PKG46055", "payload": {"status": "CREATED"}, "sent_ts": 1758746055786, "arrival_ts": 1758746055946}
{"action": "recv", "src": "AF-N122", "dst": "AN-N28", "hlc": {"phys": 1758746072376, "cnt": 0, "node": "AF-N122"}, "package_id": "PKG46055", "payload": {"status": "SENT"}, "sent_ts": 1758746056156, "arrival_ts": 1758746056243}
{"action": "recv", "src": "AF-N122", "dst": "AN-N28", "hlc": {"phys": 1758746072668, "cnt": 0, "node": "AF-N122"}, "package_id": "PKG46055", "payload": {"status": "IN_TRANSIT"}, "sent_ts": 1758746056448, "arrival_ts": 1758746056609}
{"action": "recv", "src": "AF-N122", "dst": "AN-N28", "hlc": {"phys": 1758746073048, "cnt": 0, "node": "AF-N122"}, "package_id": "PKG46055", "payload": {"status": "RECEIVED"}, "sent_ts": 1758746056828, "arrival_ts": 1758746056841}
{"action": "recv", "src": "AF-N122", "dst": "AN-N28", "hlc": {"phys": 1758746073246, "cnt": 0, "node": "AF-N122"}, "package_id": "PKG46055", "payload": {"status": "DELIVERED"}, "sent_ts": 1758746057026, "arrival_ts": 1758746057134}
{"action": "send", "src": "AN-N28", "dst": "AU-N77", "hlc": {"phys": 1758746335451, "cnt": 0, "node": "AN-N28"}, "package_id": "PKG46305", "payload": {"status": "CREATED"}, "sent_ts": 1758746305171, "arrival_ts": 1758746305171}
{"action": "send", "src": "AN-N28", "dst": "AU-N77", "hlc": {"phys": 1758746335686, "cnt": 0, "node": "AN-N28"}, "package_id": "PKG46305", "payload": {"status": "SENT"}, "sent_ts": 1758746305406, "arrival_ts": 1758746305406}
{"action": "send", "src": "AN-N28", "dst": "AU-N77", "hlc": {"phys": 1758746335995, "cnt": 0, "node": "AN-N28"}, "package_id": "PKG46305", "payload": {"status": "IN_TRANSIT"}, "sent_ts": 1758746305715, "arrival_ts": 1758746305715}
{"action": "send", "src": "AN-N28", "dst": "AU-N77", "hlc": {"phys": 1758746336275, "cnt": 0, "node": "AN-N28"}, "package_id": "PKG46305", "payload": {"status": "RECEIVED"}, "sent_ts": 1758746305995, "arrival_ts": 1758746305995}
{"action": "send", "src": "AN-N28", "dst": "AU-N77", "hlc": {"phys": 1758746336509, "cnt": 0, "node": "AN-N28"}, "package_id": "PKG46305", "payload": {"status": "DELIVERED"}, "sent_ts": 1758746306229, "arrival_ts": 1758746306229}
{"action": "recv", "src": "AF-N75", "dst": "AN-N28", "hlc": {"phys": 1758747156600, "cnt": 0, "node": "AF-N75"}, "package_id": "PKG47140", "payload": {"status": "CREATED"}, "sent_ts": 1758747140850, "arrival_ts": 1758747140900}
{"action": "recv", "src": "AF-N75", "dst": "AN-N28", "hlc": {"phys": 1758747156855, "cnt": 0, "node": "AF-N75"}, "package_id": "PKG47140", "payload": {"status": "SENT"}, "sent_ts": 1758747141105, "arrival_ts": 1758747141165}
{"action": "recv", "src": "AF-N75", "dst": "AN-N28", "hlc": {"phys": 1758747157127, "cnt": 0, "node": "AF-N75"}, "package_id": "PKG47140", "payload": {"status": "IN_TRANSIT"}, "sent_ts": 1758747141377, "arrival_ts": 1758747141507}
{"action": "recv", "src": "AF-N75", "dst": "AN-N28", "hlc": {"phys": 1758747157475, "cnt": 0, "node": "AF-N75"}, "package_id": "PKG47140", "payload": {"status": "RECEIVED"}, "sent_ts": 1758747141725, "arrival_ts": 1758747141776}
{"action": "recv", "src": "AF-N75", "dst": "AN-N28", "hlc": {"phys": 1758747157722, "cnt": 0, "node": "AF-N75"}, "package_id": "PKG47140", "payload": {"status": "DELIVERED"}, "sent_ts": 1758747141972, "arrival_ts": 1758747142129}
{"action": "recv", "src": "AF-N24", "dst": "AN-N28", "hlc": {"phys": 1758749194156, "cnt": 0, "node": "AF-N24"}, "package_id": "PKG49178", "payload": {"status": "CREATED"}, "sent_ts": 1758749178916, "arrival_ts": 1758749178934}
{"action": "recv", "src": "AF-N24", "dst": "AN-N28", "hlc": {"phys": 1758749194390, "cnt": 0, "node": "AF-N24"}, "package_id": "PKG49178", "payload": {"status": "SENT"}, "sent_ts": 1758749179150, "arrival_ts": 1758749179333}
{"action": "recv", "src": "AF-N24", "dst": "AN-N28", "hlc": {"phys": 1758749194782, "cnt": 0, "node": "AF-N24"}, "package_id": "PKG49178", "payload": {"status": "IN_TRANSIT"}, "sent_ts": 1758749179542, "arrival_ts": 1758749179731}
{"action": "recv", "src": "AF-N24", "dst": "AN-N28", "hlc": {"phys": 1758749195190, "cnt": 0, "node": "AF-N24"}, "package_id": "PKG49178", "payload": {"status": "RECEIVED"}, "sent_ts": 1758749179950, "arrival_ts": 1758749180030}
{"action": "recv", "src": "AF-N24", "dst": "AN-N28", "hlc": {"phys": 1758749195485, "cnt": 0, "node": "AF-N24"}, "package_id": "PKG49178", "payload": {"status": "DELIVERED"}, "sent_ts": 1758749180245, "arrival_ts": 1758749180268}
{"action": "recv", "src": "AF-N198", "dst": "AN-N28", "hlc": {"phys": 1758749556308, "cnt": 0, "node": "AF-N198"}, "package_id": "PKG49539", "payload": {"status": "CREATED"}, "sent_ts": 1758749539328, "arrival_ts": 1758749539349}
{"action": "recv", "src": "AF-N198", "dst": "AN-N28", "hlc": {"phys": 1758749556542, "cnt": 0, "node": "AF-N198"}, "package_id": "PKG49539", "payload": {"status": "SENT"}, "sent_ts": 1758749539562, "arrival_ts": 1758749539644}
{"action": "recv", "src": "AF-N198", "dst": "AN-N28", "hlc": {"phys": 1758749556837, "cnt": 0, "node": "AF-N198"}, "package_id": "PKG49539", "payload": {"status": "IN_TRANSIT"}, "sent_ts": 1758749539857, "arrival_ts": 1758749540030}
{"action": "recv", "src": "AF-N198", "dst": "AN-N28", "hlc": {"phys": 1758749557229, "cnt": 0, "node": "AF-N198"}, "package_id": "PKG49539", "payload": {"status": "RECEIVED"}, "sent_ts": 1758749540249, "arrival_ts": 1758749540391}
{"action": "recv", "src": "AF-N198", "dst": "AN-N28", "hlc": {"phys": 1758749557588, "cnt": 0, "node": "AF-N198"}, "package_id": "PKG49539", "payload": {"status": "DELIVERED"}, "sent_ts": 1758749540608, "arrival_ts": 1758749540760}
{"action": "send", "src": "AN-N28", "dst": "NA-N5", "hlc": {"phys": 1758752620829, "cnt": 0, "node": "AN-N28"}, "package_id": "PKG52590", "payload": {"status": "CREATED"}, "sent_ts": 1758752590549, "arrival_ts": 1758752590549}
{"action": "send", "src": "AN-N28", "dst": "NA-N5", "hlc": {"phys": 1758752621115, "cnt": 0, "node": "AN-N28"}, "package_id": "PKG52590", "payload": {"status": "SENT"}, "sent_ts": 1758752590835, "arrival_ts": 1758752590835}
{"action": "send", "src": "AN-N28", "dst": "NA-N5", "hlc": {"phys": 1758752621482, "cnt": 0, "node": "AN-N28"}, "package_id": "PKG52590", "payload": {"status": "IN_TRANSIT"}, "sent_ts": 1758752591202, "arrival_ts": 1758752591202}
{"action": "send", "src": "AN-N28", "dst": "NA-N5", "hlc": {"phys": 1758752621877, "cnt": 0, "node": "AN-N28"}, "package_id": "PKG52590", "payload": {"status": "RECEIVED"}, "sent_ts": 1758752591597, "arrival_ts": 1758752591597}
{"action": "send", "src": "AN-N28", "dst": "NA-N5", "hlc": {"phys": 1758752622137, "cnt": 0, "node": "AN-N28"}, "package_id": "PKG52590", "payload": {"status": "DELIVERED"}, "sent_ts": 1758752591857, "arrival_ts": 1758752591857}
{"action": "recv", "src": "AU-N190", "dst": "AN-N28", "hlc": {"phys": 1758753210530, "cnt": 0, "node": "AU-N190"}, "package_id": "PKG53183", "payload": {"status": "CREATED"}, "sent_ts": 1758753183630, "arrival_ts": 1758753183798}
{"action": "recv", "src": "AU-N190", "dst": "AN-N28", "hlc": {"phys": 1758753210902, "cnt": 0, "node": "AU-N190"}, "package_id": "PKG53183", "payload": {"status": "SENT"}, "sent_ts": 1758753184002, "arrival_ts": 1758753184111}
{"action": "recv", "src": "AU-N190", "dst": "AN-N28", "hlc": {"phys": 1758753211220, "cnt": 0, "node": "AU-N190"}, "package_id": "PKG53183", "payload": {"status": "IN_TRANSIT"}, "sent_ts": 1758753184320, "arrival_ts": 1758753184436}
{"action": "recv", "src": "AU-N190", "dst": "AN-N28", "hlc": {"phys": 1758753211537, "cnt": 0, "node": "AU-N190"}, "package_id": "PKG53183", "payload": {"status": "RECEIVED"}, "sent_ts": 1758753184637, "arrival_ts": 1758753184778}
{"action": "recv", "src": "AU-N190", "dst": "AN-N28", "hlc": {"phys": 1758753211898, "cnt": 0, "node": "AU-N190"}, "package_id": "PKG53183", "payload": {"status": "DELIVERED"}, "sent_ts": 1758753184998, "arrival_ts": 1758753185157}
{"action": "send", "src": "AN-N28", "dst": "NA-N90", "hlc": {"phys": 1758758866253, "cnt": 0, "node": "AN-N28"}, "package_id": "PKG58835", "payload": {"status": "CREATED"}, "sent_ts": 1758758835973, "arrival_ts": 1758758835973}
{"action": "send", "src": "AN-N28", "dst": "NA-N90", "hlc": {"phys": 1758758866640, "cnt": 0, "node": "AN-N28"}, "package_id": "PKG58835", "payload": {"status": "SENT"}, "sent_ts": 1758758836360, "arrival_ts": 1758758836360}
{"action": "send", "src": "AN-N28", "dst": "NA-N90", "hlc": {"phys": 1758758868772, "cnt": 0, "node": "AN-N28"}, "package_id": "PKG58835", "payload": {"status": "IN_TRANSIT"}, "sent_ts": 1758758838492, "arrival_ts": 1758758838492}
{"action": "send", "src": "AN-N28", "dst": "NA-N90", "hlc": {"phys": 1758758869151, "cnt": 0, "node": "AN-N28"}, "package_id": "PKG58835", "payload": {"status": "RECEIVED"}, "sent_ts": 1758758838871, "arrival_ts": 1758758838871}
{"action": "send", "src": "AN-N28", "dst": "NA-N90", "hlc": {"phys": 1758758869445, "cnt": 0, "node": "AN-N28"}, "package_id": "PKG58835", "payload": {"status": "DELIVERED"}, "sent_ts": 1758758839165, "arrival_ts": 1758758839165}
{"action": "send", "src": "AN-N28", "dst": "AU-N124", "hlc": {"phys": 1758763982335, "cnt": 0, "node": "AN-N28"}, "package_id": "PKG63952", "payload": {"status": "CREATED"}, "sent_ts": 1758763952055, "arrival_ts": 1758763952055}
{"action": "send", "src": "AN-N28", "dst": "AU-N124", "hlc": {"phys": 1758763982585, "cnt": 0, "node": "AN-N28"}, "package_id": "PKG63952", "payload": {"status": "SENT"}, "sent_ts": 1758763952305, "arrival_ts": 1758763952305}
{"action": "send", "src": "AN-N28", "dst": "AU-N124", "hlc": {"phys": 1758763982940, "cnt": 0, "node": "AN-N28"}, "package_id": "PKG63952", "payload": {"status": "IN_TRANSIT"}, "sent_ts": 1758763952660, "arrival_ts": 1758763952660}
{"action": "send", "src": "AN-N28", "dst": "AU-N124", "hlc": {"phys": 1758763983233, "cnt": 0, "node": "AN-N28"}, "package_id": "PKG63952", "payload": {"status": "RECEIVED"}, "sent_ts": 1758763952953, "arrival_ts": 1758763952953}
{"action": "send", "src": "AN-N28", "dst": "AU-N124", "hlc": {"phys": 1758763983604, "cnt": 0, "node": "AN-N28"}, "package_id": "PKG63952", "payload": {"status": "DELIVERED"}, "sent_ts": 1758763953324, "arrival_ts": 1758763953324}
{"action": "recv", "src": "SA-N167", "dst": "AN-N28", "hlc": {"phys": 1758800330782, "cnt": 0, "node": "SA-N167"}, "package_id": "PKG309", "payload": {"status": "CREATED"}, "sent_ts": 1758800309112, "arrival_ts": 1758800309310}
{"action": "recv", "src": "SA-N167", "dst": "AN-N28", "hlc": {"phys": 1758800331204, "cnt": 0, "node": "SA-N167"}, "package_id": "PKG309", "payload": {"status": "SENT"}, "sent_ts": 1758800309534, "arrival_ts": 1758800309736}
{"action": "recv", "src": "SA-N167", "dst": "AN-N28", "hlc": {"phys": 1758800331619, "cnt": 0, "node": "SA-N167"}, "package_id": "PKG309", "payload": {"status": "IN_TRANSIT"}, "sent_ts": 1758800309949, "arrival_ts": 1758800310141}
{"action": "recv", "src": "SA-N167", "dst": "AN-N28", "hlc": {"phys": 1758800332026, "cnt": 0, "node": "SA-N167"}, "package_id": "PKG309", "payload": {"status": "RECEIVED"}, "sent_ts": 1758800310356, "arrival_ts": 1758800310396}
{"action": "recv", "src": "SA-N167", "dst": "AN-N28", "hlc": {"phys": 1758800332283, "cnt": 0, "node": "SA-N167"}, "package_id": "PKG309", "payload": {"status": "DELIVERED"}, "sent_ts": 1758800310613, "arrival_ts": 1758800310683}
{"action": "send", "src": "AN-N28", "dst": "EU-N105", "hlc": {"phys": 1758800449289, "cnt": 0, "node": "AN-N28"}, "package_id": "PKG419", "payload": {"status": "CREATED"}, "sent_ts": 1758800419009, "arrival_ts": 1758800419009}
{"action": "send", "src": "AN-N28", "dst": "EU-N105", "hlc": {"phys": 1758800449676, "cnt": 0, "node": "AN-N28"}, "package_id": "PKG419", "payload": {"status": "SENT"}, "sent_ts": 1758800419396, "arrival_ts": 1758800419396}
{"action": "send", "src": "AN-N28", "dst": "EU-N105", "hlc": {"phys": 1758800449895, "cnt": 0, "node": "AN-N28"}, "package_id": "PKG419", "payload": {"status": "IN_TRANSIT"}, "sent_ts": 1758800419615, "arrival_ts": 1758800419615}
{"action": "send", "src": "AN-N28", "dst": "EU-N105", "hlc": {"phys": 1758800450159, "cnt": 0, "node": "AN-N28"}, "package_id": "PKG419", "payload": {"status": "RECEIVED"}, "sent_ts": 1758800419879, "arrival_ts": 1758800419879}
{"action": "send", "src": "AN-N28", "dst": "EU-N105", "hlc": {"phys": 1758800450424, "cnt": 0, "node": "AN-N28"}, "package_id": "PKG419", "payload": {"status": "DELIVERED"}, "sent_ts": 1758800420144, "arrival_ts": 1758800420144}
{"action": "recv", "src": "EU-N164", "dst": "AN-N28", "hlc": {"phys": 1758800677048, "cnt": 0, "node": "EU-N164"}, "package_id": "PKG670", "payload": {"status": "CREATED"}, "sent_ts": 1758800670408, "arrival_ts": 1758800670576}
{"action": "recv", "src": "EU-N164", "dst": "AN-N28", "hlc": {"phys": 1758800677421, "cnt": 0, "node": "EU-N164"}, "package_id": "PKG670", "payload": {"status": "SENT"}, "sent_ts": 1758800670781, "arrival_ts": 1758800670885}
{"action": "recv", "src": "EU-N164", "dst": "AN-N28", "hlc": {"phys": 1758800677718, "cnt": 0, "node": "EU-N164"}, "package_id": "PKG670", "payload": {"status": "IN_TRANSIT"}, "sent_ts": 1758800671078, "arrival_ts": 1758800671215}
{"action": "recv", "src": "EU-N164", "dst": "AN-N28", "hlc": {"phys": 1758800678045, "cnt": 0, "node": "EU-N164"}, "package_id": "PKG670", "payload": {"status": "RECEIVED"}, "sent_ts": 1758800671405, "arrival_ts": 1758800671537}
{"action": "recv", "src": "EU-N164", "dst": "AN-N28", "hlc": {"phys": 1758800678390, "cnt": 0, "node": "EU-N164"}, "package_id": "PKG670", "payload": {"status": "DELIVERED"}, "sent_ts": 1758800671750, "arrival_ts": 1758800671862}
{"action": "send", "src": "AN-N28", "dst": "AF-N87", "hlc": {"phys": 1758804217392, "cnt": 0, "node": "AN-N28"}, "package_id": "PKG4187", "payload": {"status": "CREATED"}, "sent_ts": 1758804187112, "arrival_ts": 1758804187112}
{"action": "send", "src": "AN-N28", "dst": "AF-N87", "hlc": {"phys": 1758804217762, "cnt": 0, "node": "AN-N28"}, "package_id": "PKG4187", "payload": {"status": "SENT"}, "sent_ts": 1758804187482, "arrival_ts": 1758804187482}
{"action": "send", "src": "AN-N28", "dst": "AF-N87", "hlc": {"phys": 1758804218053, "cnt": 0, "node": "AN-N28"}, "package_id": "PKG4187", "payload": {"status": "IN_TRANSIT"}, "sent_ts": 1758804187773, "arrival_ts": 1758804187773}
{"action": "send", "src": "AN-N28", "dst": "AF-N87", "hlc": {"phys": 1758804218445, "cnt": 0, "node": "AN-N28"}, "package_id": "PKG4187", "payload": {"status": "RECEIVED"}, "sent_ts": 1758804188165, "arrival_ts": 1758804188165}
{"action": "send", "src": "AN-N28", "dst": "AF-N87", "hlc": {"phys": 1758804218842, "cnt": 0, "node": "AN-N28"}, "package_id": "PKG4187", "payload": {"status": "DELIVERED"}, "sent_ts": 1758804188562, "arrival_ts": 1758804188562}
{"action": "send", "src": "AN-N28", "dst": "AF-N114", "hlc": {"phys": 1758814751725, "cnt": 0, "node": "AN-N28"}, "package_id": "PKG14721", "payload": {"status": "CREATED"}, "sent_ts": 1758814721445, "arrival_ts": 1758814721445}
{"action": "send", "src": "AN-N28", "dst": "AF-N114", "hlc": {"phys": 1758814752111, "cnt": 0, "node": "AN-N28"}, "package_id": "PKG14721", "payload": {"status": "SENT"}, "sent_ts": 1758814721831, "arrival_ts": 1758814721831}
{"action": "send", "src": "AN-N28", "dst": "AF-N114", "hlc": {"phys": 1758814752470, "cnt": 0, "node": "AN-N28"}, "package_id": "PKG14721", "payload": {"status": "IN_TRANSIT"}, "sent_ts": 1758814722190, "arrival_ts": 1758814722190}
{"action": "send", "src": "AN-N28", "dst": "AF-N114", "hlc": {"phys": 1758814752748, "cnt": 0, "node": "AN-N28"}, "package_id": "PKG14721", "payload": {"status": "RECEIVED"}, "sent_ts": 1758814722468, "arrival_ts": 1758814722468}
{"action": "send", "src": "AN-N28", "dst": "AF-N114", "hlc": {"phys": 1758814753013, "cnt": 0, "node": "AN-N28"}, "package_id": "PKG14721", "payload": {"status": "DELIVERED"}, "sent_ts": 1758814722733, "arrival_ts": 1758814722733}
{"action": "recv", "src": "NA-N105", "dst": "AN-N28", "hlc": {"phys": 1758815705438, "cnt": 0, "node": "NA-N105"}, "package_id": "PKG15704", "payload": {"status": "CREATED"}, "sent_ts": 1758815704388, "arrival_ts": 1758815704463}
{"action": "recv", "src": "NA-N105", "dst": "AN-N28", "hlc": {"phys": 1758815705716, "cnt": 0, "node": "NA-N105"}, "package_id": "PKG15704", "payload": {"status": "SENT"}, "sent_ts": 1758815704666, "arrival_ts": 1758815704852}
{"action": "recv", "src": "NA-N105", "dst": "AN-N28", "hlc": {"phys": 1758815706105, "cnt": 0, "node": "NA-N105"}, "package_id": "PKG15704", "payload": {"status": "IN_TRANSIT"}, "sent_ts": 1758815705055, "arrival_ts": 1758815705233}
{"action": "recv", "src": "NA-N105", "dst": "AN-N28", "hlc": {"phys": 1758815706495, "cnt": 0, "node": "NA-N105"}, "package_id": "PKG15704", "payload": {"status": "RECEIVED"}, "sent_ts": 1758815705445, "arrival_ts": 1758815705525}
{"action": "recv", "src": "NA-N105", "dst": "AN-N28", "hlc": {"phys": 1758815706776, "cnt": 0, "node": "NA-N105"}, "package_id": "PKG15704", "payload": {"status": "DELIVERED"}, "sent_ts": 1758815705726, "arrival_ts": 1758815705774}
{"action": "send", "src": "AN-N28", "dst": "AS-N169", "hlc": {"phys": 1758816777418, "cnt": 0, "node": "AN-N28"}, "package_id": "PKG16747", "payload": {"status": "CREATED"}, "sent_ts": 1758816747138, "arrival_ts": 1758816747138}
{"action": "send", "src": "AN-N28", "dst": "AS-N169", "hlc": {"phys": 1758816777651, "cnt": 0, "node": "AN-N28"}, "package_id": "PKG16747", "payload": {"status": "SENT"}, "sent_ts": 1758816747371, "arrival_ts": 1758816747371}
{"action": "send", "src": "AN-N28", "dst": "AS-N169", "hlc": {"phys": 1758816778026, "cnt": 0, "node": "AN-N28"}, "package_id": "PKG16747", "payload": {"status": "IN_TRANSIT"}, "sent_ts": 1758816747746, "arrival_ts": 1758816747746}
{"action": "send", "src": "AN-N28", "dst": "AS-N169", "hlc": {"phys": 1758816778290, "cnt": 0, "node": "AN-N28"}, "package_id": "PKG16747", "payload": {"status": "RECEIVED"}, "sent_ts": 1758816748010, "arrival_ts": 1758816748010}
{"action": "send", "src": "AN-N28", "dst": "AS-N169", "hlc": {"phys": 1758816778678, "cnt": 0, "node": "AN-N28"}, "package_id": "PKG16747", "payload": {"status": "DELIVERED"}, "sent_ts": 1758816748398, "arrival_ts": 1758816748398}
