{"action": "recv", "src": "EU-N96", "dst": "AN-N22", "hlc": {"phys": 1758716562859, "cnt": 0, "node": "EU-N96"}, "package_id": "PKG16556", "payload": {"status": "CREATED"}, "sent_ts": 1758716556899, "arrival_ts": 1758716556976}
{"action": "recv", "src": "EU-N96", "dst": "AN-N22", "hlc": {"phys": 1758716563146, "cnt": 0, "node": "EU-N96"}, "package_id": "PKG16556", "payload": {"status": "SENT"}, "sent_ts": 1758716557186, "arrival_ts": 1758716557298}
{"action": "recv", "src": "EU-N96", "dst": "AN-N22", "hlc": {"phys": 1758716563474, "cnt": 0, "node": "EU-N96"}, "package_id": "PKG16556", "payload": {"status": "IN_TRANSIT"}, "sent_ts": 1758716557514, "arrival_ts": 1758716557670}
{"action": "recv", "src": "EU-N96", "dst": "AN-N22", "hlc": {"phys": 1758716563820, "cnt": 0, "node": "EU-N96"}, "package_id": "PKG16556", "payload": {"status": "RECEIVED"}, "sent_ts": 1758716557860, "arrival_ts": 1758716557952}
{"action": "recv", "src": "EU-N96", "dst": "AN-N22", "hlc": {"phys": 1758716564107, "cnt": 0, "node": "EU-N96"}, "package_id": "PKG16556", "payload": {"status": "DELIVERED"}, "sent_ts": 1758716558147, "arrival_ts": 1758716558250}
{"action": "recv", "src": "AU-N125", "dst": "AN-N22", "hlc": {"phys": 1758718299100, "cnt": 0, "node": "AU-N125"}, "package_id": "PKG18272", "payload": {"status": "CREATED"}, "sent_ts": 1758718272850, "arrival_ts": 1758718273044}
{"action": "recv", "src": "AU-N125", "dst": "AN-N22", "hlc": {"phys": 1758718299503, "cnt": 0, "node": "AU-N125"}, "package_id": "PKG18272", "payload": {"status": "SENT"}, "sent_ts": 1758718273253, "arrival_ts": 1758718273358}
{"action": "recv", "src": "AU-N125", "dst": "AN-N22", "hlc": {"phys": 1758718299812, "cnt": 0, "node": "AU-N125"}, "package_id": "PKG18272", "payload": {"status": "IN_TRANSIT"}, "sent_ts": 1758718273562, "arrival_ts": 1758718273735}
{"action": "recv", "src": "AU-N125", "dst": "AN-N22", "hlc": {"phys": 1758718300198, "cnt": 0, "node": "AU-N125"}, "package_id": "PKG18272", "payload": {"status": "RECEIVED"}, "sent_ts": 1758718273948, "arrival_ts": 1758718274142}
{"action": "recv", "src": "AU-N125", "dst": "AN-N22", "hlc": {"phys": 1758718300600, "cnt": 0, "node": "AU-N125"}, "package_id": "PKG18272", "payload": {"status": "DELIVERED"}, "sent_ts": 1758718274350, "arrival_ts": 1758718274384}
{"action": "send", "src": "AN-N22", "dst": "AU-N101", "hlc": {"phys": 1758719680661, "cnt": 0, "node": "AN-N22"}, "package_id": "PKG19650", "payload": {"status": "CREATED"}, "sent_ts": 1758719650441, "arrival_ts": 1758719650441}
{"action": "send", "src": "AN-N22", "dst": "AU-N101", "hlc": {"phys": 1758719680894, "cnt": 0, "node": "AN-N22"}, "package_id": "PKG19650", "payload": {"status": "SENT"}, "sent_ts": 1758719650674, "arrival_ts": 1758719650674}
{"action": "send", "src": "AN-N22", "dst": "AU-N101", "hlc": {"phys": 1758719681267, "cnt": 0, "node": "AN-N22"}, "package_id": "PKG19650", "payload": {"status": "IN_TRANSIT"}, "sent_ts": 1758719651047, "arrival_ts": 1758719651047}
{"action": "send", "src": "AN-N22", "dst": "AU-N101", "hlc": {"phys": 1758719681668, "cnt": 0, "node": "AN-N22"}, "package_id": "PKG19650", "payload": {"status": "RECEIVED"}, "sent_ts": 1758719651448, "arrival_ts": 1758719651448}
{"action": "send", "src": "AN-N22", "dst": "AU-N101", "hlc": {"phys": 1758719681934, "cnt": 0, "node": "AN-N22"}, "package_id": "PKG19650", "payload": {"status": "DELIVERED"}, "sent_ts": 1758719651714, "arrival_ts": 1758719651714}
{"action": "recv", "src": "AU-N40", "dst": "AN-N22", "hlc": {"phys": 1758739383743, "cnt": 0, "node": "AU-N40"}, "package_id": "PKG39358", "payload": {"status": "CREATED"}, "sent_ts": 1758739358343, "arrival_ts": 1758739358497}
{"action": "recv", "src": "AU-N40", "dst": "AN-N22", "hlc": {"phys": 1758739384112, "cnt": 0, "node": "AU-N40"}, "package_id": "PKG39358", "payload": {"status": "SENT"}, "sent_ts": 1758739358712, "arrival_ts": 1758739358786}
{"action": "recv", "src": "AU-N40", "dst": "AN-N22", "hlc": {"phys": 1758739384392, "cnt": 0, "node": "AU-N40"}, "package_id": "PKG39358", "payload": {"status": "IN_TRANSIT"}, "sent_ts": 1758739358992, "arrival_ts": 1758739359069}
{"action": "recv", "src": "AU-N40", "dst": "AN-N22", "hlc": {"phys": 1758739384673, "cnt": 0, "node": "AU-N40"}, "package_id": "PKG39358", "payload": {"status": "RECEIVED"}, "sent_ts": 1758739359273, "arrival_ts": 1758739359304}
{"action": "recv", "src": "AU-N40", "dst": "AN-N22", "hlc": {"phys": 1758739384918, "cnt": 0, "node": "AU-N40"}, "package_id": "PKG39358", "payload": {"status": "DELIVERED"}, "sent_ts": 1758739359518, "arrival_ts": 1758739359626}
{"action": "send", "src": "AN-N22", "dst": "NA-N81", "hlc": {"phys": 1758739463866, "cnt": 0, "node": "AN-N22"}, "package_id": "PKG39433", "payload": {"status": "CREATED"}, "sent_ts": 1758739433646, "arrival_ts": 1758739433646}
{"action": "send", "src": "AN-N22", "dst": "NA-N81", "hlc": {"phys": 1758739464170, "cnt": 0, "node": "AN-N22"}, "package_id": "PKG39433", "payload": {"status": "SENT"}, "sent_ts": 1758739433950, "arrival_ts": 1758739433950}
{"action": "send", "src": "AN-N22", "dst": "NA-N81", "hlc": {"phys": 1758739464402, "cnt": 0, "node": "AN-N22"}, "package_id": "PKG39433", "payload": {"status": "IN_TRANSIT"}, "sent_ts": 1758739434182, "arrival_ts": 1758739434183}
{"action": "send", "src": "AN-N22", "dst": "NA-N81", "hlc": {"phys": 1758739464780, "cnt": 0, "node": "AN-N22"}, "package_id": "PKG39433", "payload": {"status": "RECEIVED"}, "sent_ts": 1758739434560, "arrival_ts": 1758739434560}
{"action": "send", "src": "AN-N22", "dst": "NA-N81", "hlc": {"phys": 1758739465131, "cnt": 0, "node": "AN-N22"}, "package_id": "PKG39433", "payload": {"status": "DELIVERED"}, "sent_ts": 1758739434911, "arrival_ts": 1758739434911}
{"action": "send", "src": "AN-N22", "dst": "AU-N97", "hlc": {"phys": 1758744305778, "cnt": 0, "node": "AN-N22"}, "package_id": "PKG44275", "payload": {"status": "CREATED"}, "sent_ts": 1758744275558, "arrival_ts": 1758744275558}
{"action": "send", "src": "AN-N22", "dst": "AU-N97", "hlc": {"phys": 1758744306180, "cnt": 0, "node": "AN-N22"}, "package_id": "PKG44275", "payload": {"status": "SENT"}, "sent_ts": 1758744275960, "arrival_ts": 1758744275960}
{"action": "send", "src": "AN-N22", "dst": "AU-N97", "hlc": {"phys": 1758744306506, "cnt": 0, "node": "AN-N22"}, "package_id": "PKG44275", "payload": {"status": "IN_TRANSIT"}, "sent_ts": 1758744276286, "arrival_ts": 1758744276286}
{"action": "send", "src": "AN-N22", "dst": "AU-N97", "hlc": {"phys": 1758744306875, "cnt": 0, "node": "AN-N22"}, "package_id": "PKG44275", "payload": {"status": "RECEIVED"}, "sent_ts": 1758744276655, "arrival_ts": 1758744276655}
{"action": "send", "src": "AN-N22", "dst": "AU-N97", "hlc": {"phys": 1758744307259, "cnt": 0, "node": "AN-N22"}, "package_id": "PKG44275", "payload": {"status": "DELIVERED"}, "sent_ts": 1758744277039, "arrival_ts": 1758744277039}
{"action": "recv", "src": "AU-N175", "dst": "AN-N22", "hlc": {"phys": 1758744554801, "cnt": 0, "node": "AU-N175"}, "package_id": "PKG44528", "payload": {"status": "CREATED"}, "sent_ts": 1758744528051, "arrival_ts": 1758744528085}
{"action": "recv", "src": "AU-N175", "dst": "AN-N22", "hlc": {"phys": 1758744555032, "cnt": 0, "node": "AU-N175"}, "package_id": "PKG44528", "payload": {"status": "SENT"}, "sent_ts": 1758744528282, "arrival_ts": 1758744528324}
{"action": "recv", "src": "AU-N175", "dst": "AN-N22", "hlc": {"phys": 1758744555279, "cnt": 0, "node": "AU-N175"}, "package_id": "PKG44528", "payload": {"status": "IN_TRANSIT"}, "sent_ts": 1758744528529, "arrival_ts": 1758744528652}
{"action": "recv", "src": "AU-N175", "dst": "AN-N22", "hlc": {"phys": 1758744555633, "cnt": 0, "node": "AU-N175"}, "package_id": "PKG44528", "payload": {"status": "RECEIVED"}, "sent_ts": 1758744528883, "arrival_ts": 1758744529042}
{"action": "recv", "src": "AU-N175", "dst": "AN-N22", "hlc": {"phys": 1758744555992, "cnt": 0, "node": "AU-N175"}, "package_id": "PKG44528", "payload": {"status": "DELIVERED"}, "sent_ts": 1758744529242, "arrival_ts": 1758744529297}
{"action": "recv", "src": "AF-N41", "dst": "AN-N22", "hlc": {"phys": 1758747312278, "cnt": 0, "node": "AF-N41"}, "package_id": "PKG47296", "payload": {"status": "CREATED"}, "sent_ts": 1758747296868, "arrival_ts": 1758747296967}
{"action": "recv", "src": "AF-N41", "dst": "AN-N22", "hlc": {"phys": 1758747312600, "cnt": 0, "node": "AF-N41"}, "package_id": "PKG47296", "payload": {"status": "SENT"}, "sent_ts": 1758747297190, "arrival_ts": 1758747297278}
{"action": "recv", "src": "AF-N41", "dst": "AN-N22", "hlc": {"phys": 1758747312904, "cnt": 0, "node": "AF-N41"}, "package_id": "PKG47296", "payload": {"status": "IN_TRANSIT"}, "sent_ts": 1758747297494, "arrival_ts": 1758747297682}
{"action": "recv", "src": "AF-N41", "dst": "AN-N22", "hlc": {"phys": 1758747313288, "cnt": 0, "node": "AF-N41"}, "package_id": "PKG47296", "payload": {"status": "RECEIVED"}, "sent_ts": 1758747297878, "arrival_ts": 1758747298006}
{"action": "recv", "src": "AF-N41", "dst": "AN-N22", "hlc": {"phys": 1758747313625, "cnt": 0, "node": "AF-N41"}, "package_id": "PKG47296", "payload": {"status": "DELIVERED"}, "sent_ts": 1758747298215, "arrival_ts": 1758747298393}
{"action": "recv", "src": "SA-N176", "dst": "AN-N22", "hlc": {"phys": 1758751879446, "cnt": 0, "node": "SA-N176"}, "package_id": "PKG51857", "payload": {"status": "CREATED"}, "sent_ts": 1758751857686, "arrival_ts": 1758751857863}
{"action": "recv", "src": "SA-N176", "dst": "AN-N22", "hlc": {"phys": 1758751879827, "cnt": 0, "node": "SA-N176"}, "package_id": "PKG51857", "payload": {"status": "SENT"}, "sent_ts": 1758751858067, "arrival_ts": 1758751858140}
{"action": "recv", "src": "SA-N176", "dst": "AN-N22", "hlc": {"phys": 1758751880105, "cnt": 0, "node": "SA-N176"}, "package_id": "PKG51857", "payload": {"status": "IN_TRANSIT"}, "sent_ts": 1758751858345, "arrival_ts": 1758751858473}
{"action": "recv", "src": "SA-N176", "dst": "AN-N22", "hlc": {"phys": 1758751880445, "cnt": 0, "node": "SA-N176"}, "package_id": "PKG51857", "payload": {"status": "RECEIVED"}, "sent_ts": 1758751858685, "arrival_ts": 1758751858791}
{"action": "recv", "src": "SA-N176", "dst": "AN-N22", "hlc": {"phys": 1758751880753, "cnt": 0, "node": "SA-N176"}, "package_id": "PKG51857", "payload": {"status": "DELIVERED"}, "sent_ts": 1758751858993, "arrival_ts": 1758751859033}
{"action": "send", "src": "AN-N22", "dst": "NA-N55", "hlc": {"phys": 1758752590233, "cnt": 0, "node": "AN-N22"}, "package_id": "PKG52560", "payload": {"status": "CREATED"}, "sent_ts": 1758752560013, "arrival_ts": 1758752560013}
{"action": "send", "src": "AN-N22", "dst": "NA-N55", "hlc": {"phys": 1758752590622, "cnt": 0, "node": "AN-N22"}, "package_id": "PKG52560", "payload": {"status": "SENT"}, "sent_ts": 1758752560402, "arrival_ts": 1758752560402}
{"action": "send", "src": "AN-N22", "dst": "NA-N55", "hlc": {"phys": 1758752590853, "cnt": 0, "node": "AN-N22"}, "package_id": "PKG52560", "payload": {"status": "IN_TRANSIT"}, "sent_ts": 1758752560633, "arrival_ts": 1758752560633}
{"action": "send", "src": "AN-N22", "dst": "NA-N55", "hlc": {"phys": 1758752591157, "cnt": 0, "node": "AN-N22"}, "package_id": "PKG52560", "payload": {"status": "RECEIVED"}, "sent_ts": 1758752560937, "arrival_ts": 1758752560937}
{"action": "send", "src": "AN-N22", "dst": "NA-N55", "hlc": {"phys": 1758752591473, "cnt": 0, "node": "AN-N22"}, "package_id": "PKG52560", "payload": {"status": "DELIVERED"}, "sent_ts": 1758752561253, "arrival_ts": 1758752561253}
{"action": "recv", "src": "EU-N51", "dst": "AN-N22", "hlc": {"phys": 1758753862449, "cnt": 0, "node": "EU-N51"}, "package_id": "PKG53856", "payload": {"status": "CREATED"}, "sent_ts": 1758753856939, "arrival_ts": 1758753857007}
{"action": "recv", "src": "EU-N51", "dst": "AN-N22", "hlc": {"phys": 1758753862736, "cnt": 0, "node": "EU-N51"}, "package_id": "PKG53856", "payload": {"status": "SENT"}, "sent_ts": 1758753857226, "arrival_ts": 1758753857388}
{"action": "recv", "src": "EU-N51", "dst": "AN-N22", "hlc": {"phys": 1758753863094, "cnt": 0, "node": "EU-N51"}, "package_id": "PKG53856", "payload": {"status": "IN_TRANSIT"}, "sent_ts": 1758753857584, "arrival_ts": 1758753857618}
{"action": "recv", "src": "EU-N51", "dst": "AN-N22", "hlc": {"phys": 1758753863324, "cnt": 0, "node": "EU-N51"}, "package_id": "PKG53856", "payload": {"status": "RECEIVED"}, "sent_ts": 1758753857814, "arrival_ts": 1758753857845}
{"action": "recv", "src": "EU-N51", "dst": "AN-N22", "hlc": {"phys": 1758753863573, "cnt": 0, "node": "EU-N51"}, "package_id": "PKG53856", "payload": {"status": "DELIVERED"}, "sent_ts": 1758753858063, "arrival_ts": 1758753858158}
{"action": "send", "src": "AN-N22", "dst": "AS-N82", "hlc": {"phys": 1758755603370, "cnt": 0, "node": "AN-N22"}, "package_id": "PKG55573", "payload": {"status": "CREATED"}, "sent_ts": 1758755573150, "arrival_ts": 1758755573150}
{"action": "send", "src": "AN-N22", "dst": "AS-N82", "hlc": {"phys": 1758755603624, "cnt": 0, "node": "AN-N22"}, "package_id": "PKG55573", "payload": {"status": "SENT"}, "sent_ts": 1758755573404, "arrival_ts": 1758755573404}
{"action": "send", "src": "AN-N22", "dst": "AS-N82", "hlc": {"phys": 1758755604005, "cnt": 0, "node": "AN-N22"}, "package_id": "PKG55573", "payload": {"status": "IN_TRANSIT"}, "sent_ts": 1758755573785, "arrival_ts": 1758755573785}
{"action": "send", "src": "AN-N22", "dst": "AS-N82", "hlc": {"phys": 1758755604410, "cnt": 0, "node": "AN-N22"}, "package_id": "PKG55573", "payload": {"status": "RECEIVED"}, "sent_ts": 1758755574190, "arrival_ts": 1758755574190}
{"action": "send", "src": "AN-N22", "dst": "AS-N82", "hlc": {"phys": 1758755604665, "cnt": 0, "node": "AN-N22"}, "package_id": "PKG55573", "payload": {"status": "DELIVERED"}, "sent_ts": 1758755574445, "arrival_ts": 1758755574445}
{"action": "send", "src": "AN-N22", "dst": "AN-N124", "hlc": {"phys": 1758756278209, "cnt": 0, "node": "AN-N22"}, "package_id": "PKG56247", "payload": {"status": "CREATED"}, "sent_ts": 1758756247989, "arrival_ts": 1758756247989}
{"action": "send", "src": "AN-N22", "dst": "AN-N124", "hlc": {"phys": 1758756278429, "cnt": 0, "node": "AN-N22"}, "package_id": "PKG56247", "payload": {"status": "SENT"}, "sent_ts": 1758756248209, "arrival_ts": 1758756248209}
{"action": "send", "src": "AN-N22", "dst": "AN-N124", "hlc": {"phys": 1758756278825, "cnt": 0, "node": "AN-N22"}, "package_id": "PKG56247", "payload": {"status": "IN_TRANSIT"}, "sent_ts": 1758756248605, "arrival_ts": 1758756248605}
{"action": "send", "src": "AN-N22", "dst": "AN-N124", "hlc": {"phys": 1758756279124, "cnt": 0, "node": "AN-N22"}, "package_id": "PKG56247", "payload": {"status": "RECEIVED"}, "sent_ts": 1758756248904, "arrival_ts": 1758756248904}
{"action": "send", "src": "AN-N22", "dst": "AN-N124", "hlc": {"phys": 1758756279411, "cnt": 0, "node": "AN-N22"}, "package_id": "PKG56247", "payload": {"status": "DELIVERED"}, "sent_ts": 1758756249191, "arrival_ts": 1758756249191}
{"action": "send", "src": "AN-N22", "dst": "NA-N194", "hlc": {"phys": 1758757845118, "cnt": 0, "node": "AN-N22"}, "package_id": "PKG57814", "payload": {"status": "CREATED"}, "sent_ts": 1758757814898, "arrival_ts": 1758757814898}
{"action": "send", "src": "AN-N22", "dst": "NA-N194", "hlc": {"phys": 1758757845400, "cnt": 0, "node": "AN-N22"}, "package_id": "PKG57814", "payload": {"status": "SENT"}, "sent_ts": 1758757815180, "arrival_ts": 1758757815180}
{"action": "send", "src": "AN-N22", "dst": "NA-N194", "hlc": {"phys": 1758757845716, "cnt": 0, "node": "AN-N22"}, "package_id": "PKG57814", "payload": {"status": "IN_TRANSIT"}, "sent_ts": 1758757815496, "arrival_ts": 1758757815496}
{"action": "send", "src": "AN-N22", "dst": "NA-N194", "hlc": {"phys": 1758757846054, "cnt": 0, "node": "AN-N22"}, "package_id": "PKG57814", "payload": {"status": "RECEIVED"}, "sent_ts": 1758757815834, "arrival_ts": 1758757815834}
{"action": "send", "src": "AN-N22", "dst": "NA-N194", "hlc": {"phys": 1758757846294, "cnt": 0, "node": "AN-N22"}, "package_id": "PKG57814", "payload": {"status": "DELIVERED"}, "sent_ts": 1758757816074, "arrival_ts": 1758757816074}
{"action": "send", "src": "AN-N22", "dst": "AF-N50", "hlc": {"phys": 1758762442752, "cnt": 0, "node": "AN-N22"}, "package_id": "PKG62412", "payload": {"status": "CREATED"}, "sent_ts": 1758762412532, "arrival_ts": 1758762412532}
{"action": "send", "src": "AN-N22", "dst": "AF-N50", "hlc": {"phys": 1758762443199, "cnt": 0, "node": "AN-N22"}, "package_id": "PKG62412", "payload": {"status": "SENT"}, "sent_ts": 1758762412979, "arrival_ts": 1758762412979}
{"action": "send", "src": "AN-N22", "dst": "AF-N50", "hlc": {"phys": 1758762443584, "cnt": 0, "node": "AN-N22"}, "package_id": "PKG62412", "payload": {"status": "IN_TRANSIT"}, "sent_ts": 1758762413364, "arrival_ts": 1758762413364}
{"action": "send", "src": "AN-N22", "dst": "AF-N50", "hlc": {"phys": 1758762443936, "cnt": 0, "node": "AN-N22"}, "package_id": "PKG62412", "payload": {"status": "RECEIVED"}, "sent_ts": 1758762413716, "arrival_ts": 1758762413716}
{"action": "send", "src": "AN-N22", "dst": "AF-N50", "hlc": {"phys": 1758762444237, "cnt": 0, "node": "AN-N22"}, "package_id": "PKG62412", "payload": {"status": "DELIVERED"}, "sent_ts": 1758762414017, "arrival_ts": 1758762414017}
{"action": "recv", "src": "AN-N180", "dst": "AN-N22", "hlc": {"phys": 1758763776811, "cnt": 0, "node": "AN-N180"}, "package_id": "PKG63745", "payload": {"status": "CREATED"}, "sent_ts": 1758763745011, "arrival_ts": 1758763745138}
{"action": "recv", "src": "AN-N180", "dst": "AN-N22", "hlc": {"phys": 1758763777135, "cnt": 0, "node": "AN-N180"}, "package_id": "PKG63745", "payload": {"status": "SENT"}, "sent_ts": 1758763745335, "arrival_ts": 1758763745418}
{"action": "recv", "src": "AN-N180", "dst": "AN-N22", "hlc": {"phys": 1758763777414, "cnt": 0, "node": "AN-N180"}, "package_id": "PKG63745", "payload": {"status": "IN_TRANSIT"}, "sent_ts": 1758763745614, "arrival_ts": 1758763745751}
{"action": "recv", "src": "AN-N180", "dst": "AN-N22", "hlc": {"phys": 1758763777754, "cnt": 0, "node": "AN-N180"}, "package_id": "PKG63745", "payload": {"status": "RECEIVED"}, "sent_ts": 1758763745954, "arrival_ts": 1758763746090}
{"action": "recv", "src": "AN-N180", "dst": "AN-N22", "hlc": {"phys": 1758763778094, "cnt": 0, "node": "AN-N180"}, "package_id": "PKG63745", "payload": {"status": "DELIVERED"}, "sent_ts": 1758763746294, "arrival_ts": 1758763746369}
{"action": "recv", "src": "EU-N135", "dst": "AN-N22", "hlc": {"phys": 1758763862228, "cnt": 0, "node": "EU-N135"}, "package_id": "PKG63855", "payload": {"status": "CREATED"}, "sent_ts": 1758763855878, "arrival_ts": 1758763856059}
{"action": "recv", "src": "EU-N135", "dst": "AN-N22", "hlc": {"phys": 1758763862614, "cnt": 0, "node": "EU-N135"}, "package_id": "PKG63855", "payload": {"status": "SENT"}, "sent_ts": 1758763856264, "arrival_ts": 1758763856357}
{"action": "recv", "src": "EU-N135", "dst": "AN-N22", "hlc": {"phys": 1758763862909, "cnt": 0, "node": "EU-N135"}, "package_id": "PKG63855", "payload": {"status": "IN_TRANSIT"}, "sent_ts": 1758763856559, "arrival_ts": 1758763856712}
{"action": "recv", "src": "EU-N135", "dst": "AN-N22", "hlc": {"phys": 1758763863267, "cnt": 0, "node": "EU-N135"}, "package_id": "PKG63855", "payload": {"status": "RECEIVED"}, "sent_ts": 1758763856917, "arrival_ts": 1758763857041}
{"action": "recv", "src": "EU-N135", "dst": "AN-N22", "hlc": {"phys": 1758763863593, "cnt": 0, "node": "EU-N135"}, "package_id": "PKG63855", "payload": {"status": "DELIVERED"}, "sent_ts": 1758763857243, "arrival_ts": 1758763857260}
{"action": "recv", "src": "SA-N179", "dst": "AN-N22", "hlc": {"phys": 1758765442880, "cnt": 0, "node": "SA-N179"}, "package_id": "PKG65421", "payload": {"status": "CREATED"}, "sent_ts": 1758765421090, "arrival_ts": 1758765421241}
{"action": "recv", "src": "SA-N179", "dst": "AN-N22", "hlc": {"phys": 1758765443238, "cnt": 0, "node": "SA-N179"}, "package_id": "PKG65421", "payload": {"status": "SENT"}, "sent_ts": 1758765421448, "arrival_ts": 1758765421630}
{"action": "recv", "src": "SA-N179", "dst": "AN-N22", "hlc": {"phys": 1758765443627, "cnt": 0, "node": "SA-N179"}, "package_id": "PKG65421", "payload": {"status": "IN_TRANSIT"}, "sent_ts": 1758765421837, "arrival_ts": 1758765421902}
{"action": "recv", "src": "SA-N179", "dst": "AN-N22", "hlc": {"phys": 1758765443908, "cnt": 0, "node": "SA-N179"}, "package_id": "PKG65421", "payload": {"status": "RECEIVED"}, "sent_ts": 1758765422118, "arrival_ts": 1758765422166}
{"action": "recv", "src": "SA-N179", "dst": "AN-N22", "hlc": {"phys": 1758765444156, "cnt": 0, "node": "SA-N179"}, "package_id": "PKG65421", "payload": {"status": "DELIVERED"}, "sent_ts": 1758765422366, "arrival_ts": 1758765422391}
{"action": "recv", "src": "AF-N83", "dst": "AN-N22", "hlc": {"phys": 1758803111911, "cnt": 0, "node": "AF-N83"}, "package_id": "PKG3096", "payload": {"status": "CREATED"}, "sent_ts": 1758803096081, "arrival_ts": 1758803096176}
{"action": "recv", "src": "AF-N83", "dst": "AN-N22", "hlc": {"phys": 1758803112224, "cnt": 0, "node": "AF-N83"}, "package_id": "PKG3096", "payload": {"status": "SENT"}, "sent_ts": 1758803096394, "arrival_ts": 1758803096559}
{"action": "recv", "src": "AF-N83", "dst": "AN-N22", "hlc": {"phys": 1758803112585, "cnt": 0, "node": "AF-N83"}, "package_id": "PKG3096", "payload": {"status": "IN_TRANSIT"}, "sent_ts": 1758803096755, "arrival_ts": 1758803096885}
{"action": "recv", "src": "AF-N83", "dst": "AN-N22", "hlc": {"phys": 1758803112906, "cnt": 0, "node": "AF-N83"}, "package_id": "PKG3096", "payload": {"status": "RECEIVED"}, "sent_ts": 1758803097076, "arrival_ts": 1758803097156}
{"action": "recv", "src": "AF-N83", "dst": "AN-N22", "hlc": {"phys": 1758803113201, "cnt": 0, "node": "AF-N83"}, "package_id": "PKG3096", "payload": {"status": "DELIVERED"}, "sent_ts": 1758803097371, "arrival_ts": 1758803097399}
{"action": "recv", "src": "AS-N200", "dst": "AN-N22", "hlc": {"phys": 1758803636663, "cnt": 0, "node": "AS-N200"}, "package_id": "PKG3624", "payload": {"status": "CREATED"}, "sent_ts": 1758803624663, "arrival_ts": 1758803624694}
{"action": "recv", "src": "AS-N200", "dst": "AN-N22", "hlc": {"phys": 1758803636911, "cnt": 0, "node": "AS-N200"}, "package_id": "PKG3624", "payload": {"status": "SENT"}, "sent_ts": 1758803624911, "arrival_ts": 1758803625063}
{"action": "recv", "src": "AS-N200", "dst": "AN-N22", "hlc": {"phys": 1758803637278, "cnt": 0, "node": "AS-N200"}, "package_id": "PKG3624", "payload": {"status": "IN_TRANSIT"}, "sent_ts": 1758803625278, "arrival_ts": 1758803625466}
{"action": "recv", "src": "AS-N200", "dst": "AN-N22", "hlc": {"phys": 1758803637662, "cnt": 0, "node": "AS-N200"}, "package_id": "PKG3624", "payload": {"status": "RECEIVED"}, "sent_ts": 1758803625662, "arrival_ts": 1758803625805}
{"action": "recv", "src": "AS-N200", "dst": "AN-N22", "hlc": {"phys": 1758803638019, "cnt": 0, "node": "AS-N200"}, "package_id": "PKG3624", "payload": {"status": "DELIVERED"}, "sent_ts": 1758803626019, "arrival_ts": 1758803626152}
{"action": "send", "src": "AN-N22", "dst": "AN-N115", "hlc": {"phys": 1758803696642, "cnt": 0, "node": "AN-N22"}, "package_id": "PKG3666", "payload": {"status": "CREATED"}, "sent_ts": 1758803666422, "arrival_ts": 1758803666422}
{"action": "send", "src": "AN-N22", "dst": "AN-N115", "hlc": {"phys": 1758803696887, "cnt": 0, "node": "AN-N22"}, "package_id": "PKG3666", "payload": {"status": "SENT"}, "sent_ts": 1758803666667, "arrival_ts": 1758803666667}
{"action": "send", "src": "AN-N22", "dst": "AN-N115", "hlc": {"phys": 1758803697150, "cnt": 0, "node": "AN-N22"}, "package_id": "PKG3666", "payload": {"status": "IN_TRANSIT"}, "sent_ts": 1758803666930, "arrival_ts": 1758803666930}
{"action": "send", "src": "AN-N22", "dst": "AN-N115", "hlc": {"phys": 1758803697557, "cnt": 0, "node": "AN-N22"}, "package_id": "PKG3666", "payload": {"status": "RECEIVED"}, "sent_ts": 1758803667337, "arrival_ts": 1758803667337}
{"action": "send", "src": "AN-N22", "dst": "AN-N115", "hlc": {"phys": 1758803697840, "cnt": 0, "node": "AN-N22"}, "package_id": "PKG3666", "payload": {"status": "DELIVERED"}, "sent_ts": 1758803667620, "arrival_ts": 1758803667620}
{"action": "recv", "src": "EU-N22", "dst": "AN-N22", "hlc": {"phys": 1758809619773, "cnt": 0, "node": "EU-N22"}, "package_id": "PKG9614", "payload": {"status": "CREATED"}, "sent_ts": 1758809614553, "arrival_ts": 1758809614620}
{"action": "recv", "src": "EU-N22", "dst": "AN-N22", "hlc": {"phys": 1758809620035, "cnt": 0, "node": "EU-N22"}, "package_id": "PKG9614", "payload": {"status": "SENT"}, "sent_ts": 1758809614815, "arrival_ts": 1758809614967}
{"action": "recv", "src": "EU-N22", "dst": "AN-N22", "hlc": {"phys": 1758809620405, "cnt": 0, "node": "EU-N22"}, "package_id": "PKG9614", "payload": {"status": "IN_TRANSIT"}, "sent_ts": 1758809615185, "arrival_ts": 1758809615326}
{"action": "recv", "src": "EU-N22", "dst": "AN-N22", "hlc": {"phys": 1758809620759, "cnt": 0, "node": "EU-N22"}, "package_id": "PKG9614", "payload": {"status": "RECEIVED"}, "sent_ts": 1758809615539, "arrival_ts": 1758809615655}
{"action": "recv", "src": "EU-N22", "dst": "AN-N22", "hlc": {"phys": 1758809621082, "cnt": 0, "node": "EU-N22"}, "package_id": "PKG9614", "payload": {"status": "DELIVERED"}, "sent_ts": 1758809615862, "arrival_ts": 1758809616035}
{"action": "send", "src": "AN-N22", "dst": "AF-N92", "hlc": {"phys": 1758810174117, "cnt": 0, "node": "AN-N22"}, "package_id": "PKG10143", "payload": {"status": "CREATED"}, "sent_ts": 1758810143897, "arrival_ts": 1758810143897}
{"action": "send", "src": "AN-N22", "dst": "AF-N92", "hlc": {"phys": 1758810174488, "cnt": 0, "node": "AN-N22"}, "package_id": "PKG10143", "payload": {"status": "SENT"}, "sent_ts": 1758810144268, "arrival_ts": 1758810144268}
{"action": "send", "src": "AN-N22", "dst": "AF-N92", "hlc": {"phys": 1758810174736, "cnt": 0, "node": "AN-N22"}, "package_id": "PKG10143", "payload": {"status": "IN_TRANSIT"}, "sent_ts": 1758810144516, "arrival_ts": 1758810144516}
{"action": "send", "src": "AN-N22", "dst": "AF-N92", "hlc": {"phys": 1758810175016, "cnt": 0, "node": "AN-N22"}, "package_id": "PKG10143", "payload": {"status": "RECEIVED"}, "sent_ts": 1758810144796, "arrival_ts": 1758810144796}
{"action": "send", "src": "AN-N22", "dst": "AF-N92", "hlc": {"phys": 1758810175420, "cnt": 0, "node": "AN-N22"}, "package_id": "PKG10143", "payload": {"status": "DELIVERED"}, "sent_ts": 1758810145200, "arrival_ts": 1758810145200}
{"action": "recv", "src": "NA-N115", "dst": "AN-N22", "hlc": {"phys": 1758810258921, "cnt": 0, "node": "NA-N115"}, "package_id": "PKG10257", "payload": {"status": "CREATED"}, "sent_ts": 1758810257771, "arrival_ts": 1758810257878}
{"action": "recv", "src": "NA-N115", "dst": "AN-N22", "hlc": {"phys": 1758810259232, "cnt": 0, "node": "NA-N115"}, "package_id": "PKG10257", "payload": {"status": "SENT"}, "sent_ts": 1758810258082, "arrival_ts": 1758810258191}
{"action": "recv", "src": "NA-N115", "dst": "AN-N22", "hlc": {"phys": 1758810259542, "cnt": 0, "node": "NA-N115"}, "package_id": "PKG10257", "payload": {"status": "IN_TRANSIT"}, "sent_ts": 1758810258392, "arrival_ts": 1758810258485}
{"action": "recv", "src": "NA-N115", "dst": "AN-N22", "hlc": {"phys": 1758810259838, "cnt": 0, "node": "NA-N115"}, "package_id": "PKG10257", "payload": {"status": "RECEIVED"}, "sent_ts": 1758810258688, "arrival_ts": 1758810258877}
{"action": "recv", "src": "NA-N115", "dst": "AN-N22", "hlc": {"phys": 1758810260243, "cnt": 0, "node": "NA-N115"}, "package_id": "PKG10257", "payload": {"status": "DELIVERED"}, "sent_ts": 1758810259093, "arrival_ts": 1758810259166}
