{"action": "recv", "src": "AU-N191", "dst": "AN-N51", "hlc": {"phys": 1758717069627, "cnt": 0, "node": "AU-N191"}, "package_id": "PKG17042", "payload": {"status": "CREATED"}, "sent_ts": 1758717042717, "arrival_ts": 1758717042832}
{"action": "recv", "src": "AU-N191", "dst": "AN-N51", "hlc": {"phys": 1758717069952, "cnt": 0, "node": "AU-N191"}, "package_id": "PKG17042", "payload": {"status": "SENT"}, "sent_ts": 1758717043042, "arrival_ts": 1758717043170}
{"action": "recv", "src": "AU-N191", "dst": "AN-N51", "hlc": {"phys": 1758717070286, "cnt": 0, "node": "AU-N191"}, "package_id": "PKG17042", "payload": {"status": "IN_TRANSIT"}, "sent_ts": 1758717043376, "arrival_ts": 1758717043521}
{"action": "recv", "src": "AU-N191", "dst": "AN-N51", "hlc": {"phys": 1758717070639, "cnt": 0, "node": "AU-N191"}, "package_id": "PKG17042", "payload": {"status": "RECEIVED"}, "sent_ts": 1758717043729, "arrival_ts": 1758717043867}
{"action": "recv", "src": "AU-N191", "dst": "AN-N51", "hlc": {"phys": 1758717070995, "cnt": 0, "node": "AU-N191"}, "package_id": "PKG17042", "payload": {"status": "DELIVERED"}, "sent_ts": 1758717044085, "arrival_ts": 1758717044182}
{"action": "recv", "src": "EU-N45", "dst": "AN-N51", "hlc": {"phys": 1758717533462, "cnt": 0, "node": "EU-N45"}, "package_id": "PKG17528", "payload": {"status": "CREATED"}, "sent_ts": 1758717528012, "arrival_ts": 1758717528047}
{"action": "recv", "src": "EU-N45", "dst": "AN-N51", "hlc": {"phys": 1758717533709, "cnt": 0, "node": "EU-N45"}, "package_id": "PKG17528", "payload": {"status": "SENT"}, "sent_ts": 1758717528259, "arrival_ts": 1758717528351}
{"action": "recv", "src": "EU-N45", "dst": "AN-N51", "hlc": {"phys": 1758717534003, "cnt": 0, "node": "EU-N45"}, "package_id": "PKG17528", "payload": {"status": "IN_TRANSIT"}, "sent_ts": 1758717528553, "arrival_ts": 1758717528606}
{"action": "recv", "src": "EU-N45", "dst": "AN-N51", "hlc": {"phys": 1758717534265, "cnt": 0, "node": "EU-N45"}, "package_id": "PKG17528", "payload": {"status": "RECEIVED"}, "sent_ts": 1758717528815, "arrival_ts": 1758717528879}
{"action": "recv", "src": "EU-N45", "dst": "AN-N51", "hlc": {"phys": 1758717534542, "cnt": 0, "node": "EU-N45"}, "package_id": "PKG17528", "payload": {"status": "DELIVERED"}, "sent_ts": 1758717529092, "arrival_ts": 1758717529252}
{"action": "recv", "src": "AF-N101", "dst": "AN-N51", "hlc": {"phys": 1758739516386, "cnt": 0, "node": "AF-N101"}, "package_id": "PKG39500", "payload": {"status": "CREATED"}, "sent_ts": 1758739500376, "arrival_ts": 1758739500407}
{"action": "recv", "src": "AF-N101", "dst": "AN-N51", "hlc": {"phys": 1758739516630, "cnt": 0, "node": "AF-N101"}, "package_id": "PKG39500", "payload": {"status": "SENT"}, "sent_ts": 1758739500620, "arrival_ts": 1758739500677}
{"action": "recv", "src": "AF-N101", "dst": "AN-N51", "hlc": {"phys": 1758739516883, "cnt": 0, "node": "AF-N101"}, "package_id": "PKG39500", "payload": {"status": "IN_TRANSIT"}, "sent_ts": 1758739500873, "arrival_ts": 1758739501074}
{"action": "recv", "src": "AF-N101", "dst": "AN-N51", "hlc": {"phys": 1758739517294, "cnt": 0, "node": "AF-N101"}, "package_id": "PKG39500", "payload": {"status": "RECEIVED"}, "sent_ts": 1758739501284, "arrival_ts": 1758739501479}
{"action": "recv", "src": "AF-N101", "dst": "AN-N51", "hlc": {"phys": 1758739517688, "cnt": 0, "node": "AF-N101"}, "package_id": "PKG39500", "payload": {"status": "DELIVERED"}, "sent_ts": 1758739501678, "arrival_ts": 1758739501803}
{"action": "recv", "src": "SA-N156", "dst": "AN-N51", "hlc": {"phys": 1758741464611, "cnt": 0, "node": "SA-N156"}, "package_id": "PKG41443", "payload": {"status": "CREATED"}, "sent_ts": 1758741443051, "arrival_ts": 1758741443174}
{"action": "recv", "src": "SA-N156", "dst": "AN-N51", "hlc": {"phys": 1758741464936, "cnt": 0, "node": "SA-N156"}, "package_id": "PKG41443", "payload": {"status": "SENT"}, "sent_ts": 1758741443376, "arrival_ts": 1758741443388}
{"action": "recv", "src": "SA-N156", "dst": "AN-N51", "hlc": {"phys": 1758741465155, "cnt": 0, "node": "SA-N156"}, "package_id": "PKG41443", "payload": {"status": "IN_TRANSIT"}, "sent_ts": 1758741443595, "arrival_ts": 1758741443673}
{"action": "recv", "src": "SA-N156", "dst": "AN-N51", "hlc": {"phys": 1758741465435, "cnt": 0, "node": "SA-N156"}, "package_id": "PKG41443", "payload": {"status": "RECEIVED"}, "sent_ts": 1758741443875, "arrival_ts": 1758741443904}
{"action": "recv", "src": "SA-N156", "dst": "AN-N51", "hlc": {"phys": 1758741465682, "cnt": 0, "node": "SA-N156"}, "package_id": "PKG41443", "payload": {"status": "DELIVERED"}, "sent_ts": 1758741444122, "arrival_ts": 1758741444162}
{"action": "recv", "src": "EU-N112", "dst": "AN-N51", "hlc": {"phys": 1758742932195, "cnt": 0, "node": "EU-N112"}, "package_id": "PKG42926", "payload": {"status": "CREATED"}, "sent_ts": 1758742926075, "arrival_ts": 1758742926144}
{"action": "recv", "src": "EU-N112", "dst": "AN-N51", "hlc": {"phys": 1758742932466, "cnt": 0, "node": "EU-N112"}, "package_id": "PKG42926", "payload": {"status": "SENT"}, "sent_ts": 1758742926346, "arrival_ts": 1758742926479}
{"action": "recv", "src": "EU-N112", "dst": "AN-N51", "hlc": {"phys": 1758742932797, "cnt": 0, "node": "EU-N112"}, "package_id": "PKG42926", "payload": {"status": "IN_TRANSIT"}, "sent_ts": 1758742926677, "arrival_ts": 1758742926712}
{"action": "recv", "src": "EU-N112", "dst": "AN-N51", "hlc": {"phys": 1758742933035, "cnt": 0, "node": "EU-N112"}, "package_id": "PKG42926", "payload": {"status": "RECEIVED"}, "sent_ts": 1758742926915, "arrival_ts": 1758742927035}
{"action": "recv", "src": "EU-N112", "dst": "AN-N51", "hlc": {"phys": 1758742933361, "cnt": 0, "node": "EU-N112"}, "package_id": "PKG42926", "payload": {"status": "DELIVERED"}, "sent_ts": 1758742927241, "arrival_ts": 1758742927356}
{"action": "send", "src": "AN-N51", "dst": "AF-N3", "hlc": {"phys": 1758745831324, "cnt": 0, "node": "AN-N51"}, "package_id": "PKG45800", "payload": {"status": "CREATED"}, "sent_ts": 1758745800814, "arrival_ts": 1758745800814}
{"action": "send", "src": "AN-N51", "dst": "AF-N3", "hlc": {"phys": 1758745831728, "cnt": 0, "node": "AN-N51"}, "package_id": "PKG45800", "payload": {"status": "SENT"}, "sent_ts": 1758745801218, "arrival_ts": 1758745801218}
{"action": "send", "src": "AN-N51", "dst": "AF-N3", "hlc": {"phys": 1758745832095, "cnt": 0, "node": "AN-N51"}, "package_id": "PKG45800", "payload": {"status": "IN_TRANSIT"}, "sent_ts": 1758745801585, "arrival_ts": 1758745801585}
{"action": "send", "src": "AN-N51", "dst": "AF-N3", "hlc": {"phys": 1758745832503, "cnt": 0, "node": "AN-N51"}, "package_id": "PKG45800", "payload": {"status": "RECEIVED"}, "sent_ts": 1758745801993, "arrival_ts": 1758745801993}
{"action": "send", "src": "AN-N51", "dst": "AF-N3", "hlc": {"phys": 1758745832812, "cnt": 0, "node": "AN-N51"}, "package_id": "PKG45800", "payload": {"status": "DELIVERED"}, "sent_ts": 1758745802302, "arrival_ts": 1758745802302}
{"action": "send", "src": "AN-N51", "dst": "AN-N158", "hlc": {"phys": 1758746806582, "cnt": 0, "node": "AN-N51"}, "package_id": "PKG46776", "payload": {"status": "CREATED"}, "sent_ts": 1758746776072, "arrival_ts": 1758746776072}
{"action": "send", "src": "AN-N51", "dst": "AN-N158", "hlc": {"phys": 1758746806852, "cnt": 0, "node": "AN-N51"}, "package_id": "PKG46776", "payload": {"status": "SENT"}, "sent_ts": 1758746776342, "arrival_ts": 1758746776342}
{"action": "send", "src": "AN-N51", "dst": "AN-N158", "hlc": {"phys": 1758746807245, "cnt": 0, "node": "AN-N51"}, "package_id": "PKG46776", "payload": {"status": "IN_TRANSIT"}, "sent_ts": 1758746776735, "arrival_ts": 1758746776735}
{"action": "send", "src": "AN-N51", "dst": "AN-N158", "hlc": {"phys": 1758746807575, "cnt": 0, "node": "AN-N51"}, "package_id": "PKG46776", "payload": {"status": "RECEIVED"}, "sent_ts": 1758746777065, "arrival_ts": 1758746777065}
{"action": "send", "src": "AN-N51", "dst": "AN-N158", "hlc": {"phys": 1758746807861, "cnt": 0, "node": "AN-N51"}, "package_id": "PKG46776", "payload": {"status": "DELIVERED"}, "sent_ts": 1758746777351, "arrival_ts": 1758746777351}
{"action": "send", "src": "AN-N51", "dst": "EU-N130", "hlc": {"phys": 1758747696942, "cnt": 0, "node": "AN-N51"}, "package_id": "PKG47666", "payload": {"status": "CREATED"}, "sent_ts": 1758747666432, "arrival_ts": 1758747666432}
{"action": "send", "src": "AN-N51", "dst": "EU-N130", "hlc": {"phys": 1758747697189, "cnt": 0, "node": "AN-N51"}, "package_id": "PKG47666", "payload": {"status": "SENT"}, "sent_ts": 1758747666679, "arrival_ts": 1758747666679}
{"action": "send", "src": "AN-N51", "dst": "EU-N130", "hlc": {"phys": 1758747697484, "cnt": 0, "node": "AN-N51"}, "package_id": "PKG47666", "payload": {"status": "IN_TRANSIT"}, "sent_ts": 1758747666974, "arrival_ts": 1758747666974}
{"action": "send", "src": "AN-N51", "dst": "EU-N130", "hlc": {"phys": 1758747697795, "cnt": 0, "node": "AN-N51"}, "package_id": "PKG47666", "payload": {"status": "RECEIVED"}, "sent_ts": 1758747667285, "arrival_ts": 1758747667285}
{"action": "send", "src": "AN-N51", "dst": "EU-N130", "hlc": {"phys": 1758747698089, "cnt": 0, "node": "AN-N51"}, "package_id": "PKG47666", "payload": {"status": "DELIVERED"}, "sent_ts": 1758747667579, "arrival_ts": 1758747667579}
{"action": "recv", "src": "AU-N180", "dst": "AN-N51", "hlc": {"phys": 1758748803485, "cnt": 0, "node": "AU-N180"}, "package_id": "PKG48776", "payload": {"status": "CREATED"}, "sent_ts": 1758748776685, "arrival_ts": 1758748776808}
{"action": "recv", "src": "AU-N180", "dst": "AN-N51", "hlc": {"phys": 1758748803804, "cnt": 0, "node": "AU-N180"}, "package_id": "PKG48776", "payload": {"status": "SENT"}, "sent_ts": 1758748777004, "arrival_ts": 1758748777017}
{"action": "recv", "src": "AU-N180", "dst": "AN-N51", "hlc": {"phys": 1758748804026, "cnt": 0, "node": "AU-N180"}, "package_id": "PKG48776", "payload": {"status": "IN_TRANSIT"}, "sent_ts": 1758748777226, "arrival_ts": 1758748777303}
{"action": "recv", "src": "AU-N180", "dst": "AN-N51", "hlc": {"phys": 1758748804315, "cnt": 0, "node": "AU-N180"}, "package_id": "PKG48776", "payload": {"status": "RECEIVED"}, "sent_ts": 1758748777515, "arrival_ts": 1758748777584}
{"action": "recv", "src": "AU-N180", "dst": "AN-N51", "hlc": {"phys": 1758748804585, "cnt": 0, "node": "AU-N180"}, "package_id": "PKG48776", "payload": {"status": "DELIVERED"}, "sent_ts": 1758748777785, "arrival_ts": 1758748777890}
{"action": "send", "src": "AN-N51", "dst": "NA-N14", "hlc": {"phys": 1758752924629, "cnt": 0, "node": "AN-N51"}, "package_id": "PKG52894", "payload": {"status": "CREATED"}, "sent_ts": 1758752894119, "arrival_ts": 1758752894119}
{"action": "send", "src": "AN-N51", "dst": "NA-N14", "hlc": {"phys": 1758752925041, "cnt": 0, "node": "AN-N51"}, "package_id": "PKG52894", "payload": {"status": "SENT"}, "sent_ts": 1758752894531, "arrival_ts": 1758752894531}
{"action": "send", "src": "AN-N51", "dst": "NA-N14", "hlc": {"phys": 1758752925317, "cnt": 0, "node": "AN-N51"}, "package_id": "PKG52894", "payload": {"status": "IN_TRANSIT"}, "sent_ts": 1758752894807, "arrival_ts": 1758752894807}
{"action": "send", "src": "AN-N51", "dst": "NA-N14", "hlc": {"phys": 1758752925637, "cnt": 0, "node": "AN-N51"}, "package_id": "PKG52894", "payload": {"status": "RECEIVED"}, "sent_ts": 1758752895127, "arrival_ts": 1758752895127}
{"action": "send", "src": "AN-N51", "dst": "NA-N14", "hlc": {"phys": 1758752925982, "cnt": 0, "node": "AN-N51"}, "package_id": "PKG52894", "payload": {"status": "DELIVERED"}, "sent_ts": 1758752895472, "arrival_ts": 1758752895472}
{"action": "recv", "src": "AU-N75", "dst": "AN-N51", "hlc": {"phys": 1758755303007, "cnt": 0, "node": "AU-N75"}, "package_id": "PKG55277", "payload": {"status": "CREATED"}, "sent_ts": 1758755277257, "arrival_ts": 1758755277369}
{"action": "recv", "src": "AU-N75", "dst": "AN-N51", "hlc": {"phys": 1758755303331, "cnt": 0, "node": "AU-N75"}, "package_id": "PKG55277", "payload": {"status": "SENT"}, "sent_ts": 1758755277581, "arrival_ts": 1758755277685}
{"action": "recv", "src": "AU-N75", "dst": "AN-N51", "hlc": {"phys": 1758755303642, "cnt": 0, "node": "AU-N75"}, "package_id": "PKG55277", "payload": {"status": "IN_TRANSIT"}, "sent_ts": 1758755277892, "arrival_ts": 1758755278050}
{"action": "recv", "src": "AU-N75", "dst": "AN-N51", "hlc": {"phys": 1758755304011, "cnt": 0, "node": "AU-N75"}, "package_id": "PKG55277", "payload": {"status": "RECEIVED"}, "sent_ts": 1758755278261, "arrival_ts": 1758755278351}
{"action": "recv", "src": "AU-N75", "dst": "AN-N51", "hlc": {"phys": 1758755304316, "cnt": 0, "node": "AU-N75"}, "package_id": "PKG55277", "payload": {"status": "DELIVERED"}, "sent_ts": 1758755278566, "arrival_ts": 1758755278598}
{"action": "recv", "src": "SA-N29", "dst": "AN-N51", "hlc": {"phys": 1758760209482, "cnt": 0, "node": "SA-N29"}, "package_id": "PKG60189", "payload": {"status": "CREATED"}, "sent_ts": 1758760189192, "arrival_ts": 1758760189222}
{"action": "recv", "src": "SA-N29", "dst": "AN-N51", "hlc": {"phys": 1758760209700, "cnt": 0, "node": "SA-N29"}, "package_id": "PKG60189", "payload": {"status": "SENT"}, "sent_ts": 1758760189410, "arrival_ts": 1758760189563}
{"action": "recv", "src": "SA-N29", "dst": "AN-N51", "hlc": {"phys": 1758760210056, "cnt": 0, "node": "SA-N29"}, "package_id": "PKG60189", "payload": {"status": "IN_TRANSIT"}, "sent_ts": 1758760189766, "arrival_ts": 1758760189901}
{"action": "recv", "src": "SA-N29", "dst": "AN-N51", "hlc": {"phys": 1758760210394, "cnt": 0, "node": "SA-N29"}, "package_id": "PKG60189", "payload": {"status": "RECEIVED"}, "sent_ts": 1758760190104, "arrival_ts": 1758760190223}
{"action": "recv", "src": "SA-N29", "dst": "AN-N51", "hlc": {"phys": 1758760210718, "cnt": 0, "node": "SA-N29"}, "package_id": "PKG60189", "payload": {"status": "DELIVERED"}, "sent_ts": 1758760190428, "arrival_ts": 1758760190625}
{"action": "send", "src": "AN-N51", "dst": "SA-N50", "hlc": {"phys": 1758760475129, "cnt": 0, "node": "AN-N51"}, "package_id": "PKG60444", "payload": {"status": "CREATED"}, "sent_ts": 1758760444619, "arrival_ts": 1758760444619}
{"action": "send", "src": "AN-N51", "dst": "SA-N50", "hlc": {"phys": 1758760475394, "cnt": 0, "node": "AN-N51"}, "package_id": "PKG60444", "payload": {"status": "SENT"}, "sent_ts": 1758760444884, "arrival_ts": 1758760444884}
{"action": "send", "src": "AN-N51", "dst": "SA-N50", "hlc": {"phys": 1758760475690, "cnt": 0, "node": "AN-N51"}, "package_id": "PKG60444", "payload": {"status": "IN_TRANSIT"}, "sent_ts": 1758760445180, "arrival_ts": 1758760445180}
{"action": "send", "src": "AN-N51", "dst": "SA-N50", "hlc": {"phys": 1758760476032, "cnt": 0, "node": "AN-N51"}, "package_id": "PKG60444", "payload": {"status": "RECEIVED"}, "sent_ts": 1758760445522, "arrival_ts": 1758760445522}
{"action": "send", "src": "AN-N51", "dst": "SA-N50", "hlc": {"phys": 1758760476436, "cnt": 0, "node": "AN-N51"}, "package_id": "PKG60444", "payload": {"status": "DELIVERED"}, "sent_ts": 1758760445926, "arrival_ts": 1758760445926}
{"action": "send", "src": "AN-N51", "dst": "AS-N91", "hlc": {"phys": 1758760576347, "cnt": 0, "node": "AN-N51"}, "package_id": "PKG60545", "payload": {"status": "CREATED"}, "sent_ts": 1758760545837, "arrival_ts": 1758760545837}
{"action": "send", "src": "AN-N51", "dst": "AS-N91", "hlc": {"phys": 1758760576601, "cnt": 0, "node": "AN-N51"}, "package_id": "PKG60545", "payload": {"status": "SENT"}, "sent_ts": 1758760546091, "arrival_ts": 1758760546091}
{"action": "send", "src": "AN-N51", "dst": "AS-N91", "hlc": {"phys": 1758760577015, "cnt": 0, "node": "AN-N51"}, "package_id": "PKG60545", "payload": {"status": "IN_TRANSIT"}, "sent_ts": 1758760546505, "arrival_ts": 1758760546505}
{"action": "send", "src": "AN-N51", "dst": "AS-N91", "hlc": {"phys": 1758760577314, "cnt": 0, "node": "AN-N51"}, "package_id": "PKG60545", "payload": {"status": "RECEIVED"}, "sent_ts": 1758760546804, "arrival_ts": 1758760546804}
{"action": "send", "src": "AN-N51", "dst": "AS-N91", "hlc": {"phys": 1758760577696, "cnt": 0, "node": "AN-N51"}, "package_id": "PKG60545", "payload": {"status": "DELIVERED"}, "sent_ts": 1758760547186, "arrival_ts": 1758760547186}
{"action": "recv", "src": "EU-N81", "dst": "AN-N51", "hlc": {"phys": 1758800455717, "cnt": 0, "node": "EU-N81"}, "package_id": "PKG449", "payload": {"status": "CREATED"}, "sent_ts": 1758800449907, "arrival_ts": 1758800450085}
{"action": "recv", "src": "EU-N81", "dst": "AN-N51", "hlc": {"phys": 1758800456106, "cnt": 0, "node": "EU-N81"}, "package_id": "PKG449", "payload": {"status": "SENT"}, "sent_ts": 1758800450296, "arrival_ts": 1758800450419}
{"action": "recv", "src": "EU-N81", "dst": "AN-N51", "hlc": {"phys": 1758800456449, "cnt": 0, "node": "EU-N81"}, "package_id": "PKG449", "payload": {"status": "IN_TRANSIT"}, "sent_ts": 1758800450639, "arrival_ts": 1758800450777}
{"action": "recv", "src": "EU-N81", "dst": "AN-N51", "hlc": {"phys": 1758800456788, "cnt": 0, "node": "EU-N81"}, "package_id": "PKG449", "payload": {"status": "RECEIVED"}, "sent_ts": 1758800450977, "arrival_ts": 1758800451069}
{"action": "recv", "src": "EU-N81", "dst": "AN-N51", "hlc": {"phys": 1758800457082, "cnt": 0, "node": "EU-N81"}, "package_id": "PKG449", "payload": {"status": "DELIVERED"}, "sent_ts": 1758800451272, "arrival_ts": 1758800451420}
{"action": "recv", "src": "AF-N128", "dst": "AN-N51", "hlc": {"phys": 1758800965845, "cnt": 0, "node": "AF-N128"}, "package_id": "PKG949", "payload": {"status": "CREATED"}, "sent_ts": 1758800949565, "arrival_ts": 1758800949763}
{"action": "recv", "src": "AF-N128", "dst": "AN-N51", "hlc": {"phys": 1758800966262, "cnt": 0, "node": "AF-N128"}, "package_id": "PKG949", "payload": {"status": "SENT"}, "sent_ts": 1758800949982, "arrival_ts": 1758800950039}
{"action": "recv", "src": "AF-N128", "dst": "AN-N51", "hlc": {"phys": 1758800966533, "cnt": 0, "node": "AF-N128"}, "package_id": "PKG949", "payload": {"status": "IN_TRANSIT"}, "sent_ts": 1758800950253, "arrival_ts": 1758800950275}
{"action": "recv", "src": "AF-N128", "dst": "AN-N51", "hlc": {"phys": 1758800966752, "cnt": 0, "node": "AF-N128"}, "package_id": "PKG949", "payload": {"status": "RECEIVED"}, "sent_ts": 1758800950472, "arrival_ts": 1758800950578}
{"action": "recv", "src": "AF-N128", "dst": "AN-N51", "hlc": {"phys": 1758800967071, "cnt": 0, "node": "AF-N128"}, "package_id": "PKG949", "payload": {"status": "DELIVERED"}, "sent_ts": 1758800950791, "arrival_ts": 1758800950883}
{"action": "send", "src": "AN-N51", "dst": "NA-N14", "hlc": {"phys": 1758802626652, "cnt": 0, "node": "AN-N51"}, "package_id": "PKG2596", "payload": {"status": "CREATED"}, "sent_ts": 1758802596142, "arrival_ts": 1758802596142}
{"action": "send", "src": "AN-N51", "dst": "NA-N14", "hlc": {"phys": 1758802627379, "cnt": 0, "node": "AN-N51"}, "package_id": "PKG2596", "payload": {"status": "SENT"}, "sent_ts": 1758802596869, "arrival_ts": 1758802596869}
{"action": "send", "src": "AN-N51", "dst": "NA-N14", "hlc": {"phys": 1758802627599, "cnt": 0, "node": "AN-N51"}, "package_id": "PKG2596", "payload": {"status": "IN_TRANSIT"}, "sent_ts": 1758802597089, "arrival_ts": 1758802597089}
{"action": "send", "src": "AN-N51", "dst": "NA-N14", "hlc": {"phys": 1758802627953, "cnt": 0, "node": "AN-N51"}, "package_id": "PKG2596", "payload": {"status": "RECEIVED"}, "sent_ts": 1758802597443, "arrival_ts": 1758802597443}
{"action": "send", "src": "AN-N51", "dst": "NA-N14", "hlc": {"phys": 1758802628187, "cnt": 0, "node": "AN-N51"}, "package_id": "PKG2596", "payload": {"status": "DELIVERED"}, "sent_ts": 1758802597677, "arrival_ts": 1758802597677}
{"action": "send", "src": "AN-N51", "dst": "SA-N103", "hlc": {"phys": 1758812139531, "cnt": 0, "node": "AN-N51"}, "package_id": "PKG12109", "payload": {"status": "CREATED"}, "sent_ts": 1758812109021, "arrival_ts": 1758812109021}
{"action": "send", "src": "AN-N51", "dst": "SA-N103", "hlc": {"phys": 1758812139871, "cnt": 0, "node": "AN-N51"}, "package_id": "PKG12109", "payload": {"status": "SENT"}, "sent_ts": 1758812109361, "arrival_ts": 1758812109361}
{"action": "send", "src": "AN-N51", "dst": "SA-N103", "hlc": {"phys": 1758812140239, "cnt": 0, "node": "AN-N51"}, "package_id": "PKG12109", "payload": {"status": "IN_TRANSIT"}, "sent_ts": 1758812109729, "arrival_ts": 1758812109729}
{"action": "send", "src": "AN-N51", "dst": "SA-N103", "hlc": {"phys": 1758812140521, "cnt": 0, "node": "AN-N51"}, "package_id": "PKG12109", "payload": {"status": "RECEIVED"}, "sent_ts": 1758812110011, "arrival_ts": 1758812110011}
{"action": "send", "src": "AN-N51", "dst": "SA-N103", "hlc": {"phys": 1758812140831, "cnt": 0, "node": "AN-N51"}, "package_id": "PKG12109", "payload": {"status": "DELIVERED"}, "sent_ts": 1758812110321, "arrival_ts": 1758812110321}
{"action": "recv", "src": "NA-N120", "dst": "AN-N51", "hlc": {"phys": 1758812272569, "cnt": 0, "node": "NA-N120"}, "package_id": "PKG12271", "payload": {"status": "CREATED"}, "sent_ts": 1758812271369, "arrival_ts": 1758812271414}
{"action": "recv", "src": "NA-N120", "dst": "AN-N51", "hlc": {"phys": 1758812272817, "cnt": 0, "node": "NA-N120"}, "package_id": "PKG12271", "payload": {"status": "SENT"}, "sent_ts": 1758812271617, "arrival_ts": 1758812271656}
{"action": "recv", "src": "NA-N120", "dst": "AN-N51", "hlc": {"phys": 1758812273063, "cnt": 0, "node": "NA-N120"}, "package_id": "PKG12271", "payload": {"status": "IN_TRANSIT"}, "sent_ts": 1758812271863, "arrival_ts": 1758812271875}
{"action": "recv", "src": "NA-N120", "dst": "AN-N51", "hlc": {"phys": 1758812273281, "cnt": 0, "node": "NA-N120"}, "package_id": "PKG12271", "payload": {"status": "RECEIVED"}, "sent_ts": 1758812272081, "arrival_ts": 1758812272146}
{"action": "recv", "src": "NA-N120", "dst": "AN-N51", "hlc": {"phys": 1758812273543, "cnt": 0, "node": "NA-N120"}, "package_id": "PKG12271", "payload": {"status": "DELIVERED"}, "sent_ts": 1758812272343, "arrival_ts": 1758812272505}
{"action": "recv", "src": "SA-N92", "dst": "AN-N51", "hlc": {"phys": 1758813068913, "cnt": 0, "node": "SA-N92"}, "package_id": "PKG13047", "payload": {"status": "CREATED"}, "sent_ts": 1758813047993, "arrival_ts": 1758813048008}
{"action": "recv", "src": "SA-N92", "dst": "AN-N51", "hlc": {"phys": 1758813069130, "cnt": 0, "node": "SA-N92"}, "package_id": "PKG13047", "payload": {"status": "SENT"}, "sent_ts": 1758813048210, "arrival_ts": 1758813048346}
{"action": "recv", "src": "SA-N92", "dst": "AN-N51", "hlc": {"phys": 1758813069487, "cnt": 0, "node": "SA-N92"}, "package_id": "PKG13047", "payload": {"status": "IN_TRANSIT"}, "sent_ts": 1758813048567, "arrival_ts": 1758813048701}
{"action": "recv", "src": "SA-N92", "dst": "AN-N51", "hlc": {"phys": 1758813069814, "cnt": 0, "node": "SA-N92"}, "package_id": "PKG13047", "payload": {"status": "RECEIVED"}, "sent_ts": 1758813048894, "arrival_ts": 1758813048937}
{"action": "recv", "src": "SA-N92", "dst": "AN-N51", "hlc": {"phys": 1758813070047, "cnt": 0, "node": "SA-N92"}, "package_id": "PKG13047", "payload": {"status": "DELIVERED"}, "sent_ts": 1758813049127, "arrival_ts": 1758813049139}
{"action": "send", "src": "AN-N51", "dst": "AU-N186", "hlc": {"phys": 1758813845624, "cnt": 0, "node": "AN-N51"}, "package_id": "PKG13815", "payload": {"status": "CREATED"}, "sent_ts": 1758813815114, "arrival_ts": 1758813815114}
{"action": "send", "src": "AN-N51", "dst": "AU-N186", "hlc": {"phys": 1758813845967, "cnt": 0, "node": "AN-N51"}, "package_id": "PKG13815", "payload": {"status": "SENT"}, "sent_ts": 1758813815457, "arrival_ts": 1758813815457}
{"action": "send", "src": "AN-N51", "dst": "AU-N186", "hlc": {"phys": 1758813846323, "cnt": 0, "node": "AN-N51"}, "package_id": "PKG13815", "payload": {"status": "IN_TRANSIT"}, "sent_ts": 1758813815813, "arrival_ts": 1758813815813}
{"action": "send", "src": "AN-N51", "dst": "AU-N186", "hlc": {"phys": 1758813846558, "cnt": 0, "node": "AN-N51"}, "package_id": "PKG13815", "payload": {"status": "RECEIVED"}, "sent_ts": 1758813816048, "arrival_ts": 1758813816048}
{"action": "send", "src": "AN-N51", "dst": "AU-N186", "hlc": {"phys": 1758813846823, "cnt": 0, "node": "AN-N51"}, "package_id": "PKG13815", "payload": {"status": "DELIVERED"}, "sent_ts": 1758813816313, "arrival_ts": 1758813816313}
{"action": "recv", "src": "AU-N41", "dst": "AN-N51", "hlc": {"phys": 1758816338411, "cnt": 0, "node": "AU-N41"}, "package_id": "PKG16313", "payload": {"status": "CREATED"}, "sent_ts": 1758816313001, "arrival_ts": 1758816313168}
{"action": "recv", "src": "AU-N41", "dst": "AN-N51", "hlc": {"phys": 1758816338784, "cnt": 0, "node": "AU-N41"}, "package_id": "PKG16313", "payload": {"status": "SENT"}, "sent_ts": 1758816313374, "arrival_ts": 1758816313545}
{"action": "recv", "src": "AU-N41", "dst": "AN-N51", "hlc": {"phys": 1758816339152, "cnt": 0, "node": "AU-N41"}, "package_id": "PKG16313", "payload": {"status": "IN_TRANSIT"}, "sent_ts": 1758816313742, "arrival_ts": 1758816313763}
{"action": "recv", "src": "AU-N41", "dst": "AN-N51", "hlc": {"phys": 1758816339385, "cnt": 0, "node": "AU-N41"}, "package_id": "PKG16313", "payload": {"status": "RECEIVED"}, "sent_ts": 1758816313975, "arrival_ts": 1758816314085}
{"action": "recv", "src": "AU-N41", "dst": "AN-N51", "hlc": {"phys": 1758816339696, "cnt": 0, "node": "AU-N41"}, "package_id": "PKG16313", "payload": {"status": "DELIVERED"}, "sent_ts": 1758816314286, "arrival_ts": 1758816314435}
