{"action": "send", "src": "AN-N184", "dst": "NA-N182", "hlc": {"phys": 1758714427052, "cnt": 0, "node": "AN-N184"}, "package_id": "PKG14395", "payload": {"status": "CREATED"}, "sent_ts": 1758714395212, "arrival_ts": 1758714395212}
{"action": "send", "src": "AN-N184", "dst": "NA-N182", "hlc": {"phys": 1758714427319, "cnt": 0, "node": "AN-N184"}, "package_id": "PKG14395", "payload": {"status": "SENT"}, "sent_ts": 1758714395479, "arrival_ts": 1758714395479}
{"action": "send", "src": "AN-N184", "dst": "NA-N182", "hlc": {"phys": 1758714427697, "cnt": 0, "node": "AN-N184"}, "package_id": "PKG14395", "payload": {"status": "IN_TRANSIT"}, "sent_ts": 1758714395857, "arrival_ts": 1758714395857}
{"action": "send", "src": "AN-N184", "dst": "NA-N182", "hlc": {"phys": 1758714428078, "cnt": 0, "node": "AN-N184"}, "package_id": "PKG14395", "payload": {"status": "RECEIVED"}, "sent_ts": 1758714396238, "arrival_ts": 1758714396238}
{"action": "send", "src": "AN-N184", "dst": "NA-N182", "hlc": {"phys": 1758714428331, "cnt": 0, "node": "AN-N184"}, "package_id": "PKG14395", "payload": {"status": "DELIVERED"}, "sent_ts": 1758714396491, "arrival_ts": 1758714396491}
{"action": "recv", "src": "NA-N81", "dst": "AN-N184", "hlc": {"phys": 1758717924956, "cnt": 0, "node": "NA-N81"}, "package_id": "PKG17924", "payload": {"status": "CREATED"}, "sent_ts": 1758717924146, "arrival_ts": 1758717924271}
{"action": "recv", "src": "NA-N81", "dst": "AN-N184", "hlc": {"phys": 1758717925280, "cnt": 0, "node": "NA-N81"}, "package_id": "PKG17924", "payload": {"status": "SENT"}, "sent_ts": 1758717924470, "arrival_ts": 1758717924493}
{"action": "recv", "src": "NA-N81", "dst": "AN-N184", "hlc": {"phys": 1758717925507, "cnt": 0, "node": "NA-N81"}, "package_id": "PKG17924", "payload": {"status": "IN_TRANSIT"}, "sent_ts": 1758717924697, "arrival_ts": 1758717924804}
{"action": "recv", "src": "NA-N81", "dst": "AN-N184", "hlc": {"phys": 1758717925813, "cnt": 0, "node": "NA-N81"}, "package_id": "PKG17924", "payload": {"status": "RECEIVED"}, "sent_ts": 1758717925003, "arrival_ts": 1758717925140}
{"action": "recv", "src": "NA-N81", "dst": "AN-N184", "hlc": {"phys": 1758717926175, "cnt": 0, "node": "NA-N81"}, "package_id": "PKG17924", "payload": {"status": "DELIVERED"}, "sent_ts": 1758717925365, "arrival_ts": 1758717925504}
{"action": "send", "src": "AN-N184", "dst": "AN-N80", "hlc": {"phys": 1758718721110, "cnt": 0, "node": "AN-N184"}, "package_id": "PKG18689", "payload": {"status": "CREATED"}, "sent_ts": 1758718689270, "arrival_ts": 1758718689270}
{"action": "send", "src": "AN-N184", "dst": "AN-N80", "hlc": {"phys": 1758718721524, "cnt": 0, "node": "AN-N184"}, "package_id": "PKG18689", "payload": {"status": "SENT"}, "sent_ts": 1758718689684, "arrival_ts": 1758718689684}
{"action": "send", "src": "AN-N184", "dst": "AN-N80", "hlc": {"phys": 1758718721892, "cnt": 0, "node": "AN-N184"}, "package_id": "PKG18689", "payload": {"status": "IN_TRANSIT"}, "sent_ts": 1758718690052, "arrival_ts": 1758718690052}
{"action": "send", "src": "AN-N184", "dst": "AN-N80", "hlc": {"phys": 1758718722146, "cnt": 0, "node": "AN-N184"}, "package_id": "PKG18689", "payload": {"status": "RECEIVED"}, "sent_ts": 1758718690306, "arrival_ts": 1758718690306}
{"action": "send", "src": "AN-N184", "dst": "AN-N80", "hlc": {"phys": 1758718722447, "cnt": 0, "node": "AN-N184"}, "package_id": "PKG18689", "payload": {"status": "DELIVERED"}, "sent_ts": 1758718690607, "arrival_ts": 1758718690607}
{"action": "recv", "src": "AU-N33", "dst": "AN-N184", "hlc": {"phys": 1758738072514, "cnt": 0, "node": "AU-N33"}, "package_id": "PKG38047", "payload": {"status": "CREATED"}, "sent_ts": 1758738047184, "arrival_ts": 1758738047374}
{"action": "recv", "src": "AU-N33", "dst": "AN-N184", "hlc": {"phys": 1758738072918, "cnt": 0, "node": "AU-N33"}, "package_id": "PKG38047", "payload": {"status": "SENT"}, "sent_ts": 1758738047588, "arrival_ts": 1758738047764}
{"action": "recv", "src": "AU-N33", "dst": "AN-N184", "hlc": {"phys": 1758738073312, "cnt": 0, "node": "AU-N33"}, "package_id": "PKG38047", "payload": {"status": "IN_TRANSIT"}, "sent_ts": 1758738047982, "arrival_ts": 1758738048101}
{"action": "recv", "src": "AU-N33", "dst": "AN-N184", "hlc": {"phys": 1758738073639, "cnt": 0, "node": "AU-N33"}, "package_id": "PKG38047", "payload": {"status": "RECEIVED"}, "sent_ts": 1758738048309, "arrival_ts": 1758738048419}
{"action": "recv", "src": "AU-N33", "dst": "AN-N184", "hlc": {"phys": 1758738073955, "cnt": 0, "node": "AU-N33"}, "package_id": "PKG38047", "payload": {"status": "DELIVERED"}, "sent_ts": 1758738048625, "arrival_ts": 1758738048685}
{"action": "recv", "src": "AS-N69", "dst": "AN-N184", "hlc": {"phys": 1758738525540, "cnt": 0, "node": "AS-N69"}, "package_id": "PKG38514", "payload": {"status": "CREATED"}, "sent_ts": 1758738514850, "arrival_ts": 1758738514975}
{"action": "recv", "src": "AS-N69", "dst": "AN-N184", "hlc": {"phys": 1758738525876, "cnt": 0, "node": "AS-N69"}, "package_id": "PKG38514", "payload": {"status": "SENT"}, "sent_ts": 1758738515186, "arrival_ts": 1758738515351}
{"action": "recv", "src": "AS-N69", "dst": "AN-N184", "hlc": {"phys": 1758738526247, "cnt": 0, "node": "AS-N69"}, "package_id": "PKG38514", "payload": {"status": "IN_TRANSIT"}, "sent_ts": 1758738515557, "arrival_ts": 1758738515660}
{"action": "recv", "src": "AS-N69", "dst": "AN-N184", "hlc": {"phys": 1758738526562, "cnt": 0, "node": "AS-N69"}, "package_id": "PKG38514", "payload": {"status": "RECEIVED"}, "sent_ts": 1758738515872, "arrival_ts": 1758738515959}
{"action": "recv", "src": "AS-N69", "dst": "AN-N184", "hlc": {"phys": 1758738526865, "cnt": 0, "node": "AS-N69"}, "package_id": "PKG38514", "payload": {"status": "DELIVERED"}, "sent_ts": 1758738516175, "arrival_ts": 1758738516316}
{"action": "recv", "src": "SA-N88", "dst": "AN-N184", "hlc": {"phys": 1758738794348, "cnt": 0, "node": "SA-N88"}, "package_id": "PKG38773", "payload": {"status": "CREATED"}, "sent_ts": 1758738773468, "arrival_ts": 1758738775235}
{"action": "recv", "src": "SA-N88", "dst": "AN-N184", "hlc": {"phys": 1758738796321, "cnt": 0, "node": "SA-N88"}, "package_id": "PKG38773", "payload": {"status": "SENT"}, "sent_ts": 1758738775441, "arrival_ts": 1758738775633}
{"action": "recv", "src": "SA-N88", "dst": "AN-N184", "hlc": {"phys": 1758738796711, "cnt": 0, "node": "SA-N88"}, "package_id": "PKG38773", "payload": {"status": "IN_TRANSIT"}, "sent_ts": 1758738775831, "arrival_ts": 1758738776031}
{"action": "recv", "src": "SA-N88", "dst": "AN-N184", "hlc": {"phys": 1758738797122, "cnt": 0, "node": "SA-N88"}, "package_id": "PKG38773", "payload": {"status": "RECEIVED"}, "sent_ts": 1758738776242, "arrival_ts": 1758738776322}
{"action": "recv", "src": "SA-N88", "dst": "AN-N184", "hlc": {"phys": 1758738797418, "cnt": 0, "node": "SA-N88"}, "package_id": "PKG38773", "payload": {"status": "DELIVERED"}, "sent_ts": 1758738776538, "arrival_ts": 1758738776635}
{"action": "recv", "src": "AS-N28", "dst": "AN-N184", "hlc": {"phys": 1758738902330, "cnt": 0, "node": "AS-N28"}, "package_id": "PKG38892", "payload": {"status": "CREATED"}, "sent_ts": 1758738892050, "arrival_ts": 1758738892102}
{"action": "recv", "src": "AS-N28", "dst": "AN-N184", "hlc": {"phys": 1758738902598, "cnt": 0, "node": "AS-N28"}, "package_id": "PKG38892", "payload": {"status": "SENT"}, "sent_ts": 1758738892318, "arrival_ts": 1758738892429}
{"action": "recv", "src": "AS-N28", "dst": "AN-N184", "hlc": {"phys": 1758738902914, "cnt": 0, "node": "AS-N28"}, "package_id": "PKG38892", "payload": {"status": "IN_TRANSIT"}, "sent_ts": 1758738892634, "arrival_ts": 1758738892835}
{"action": "recv", "src": "AS-N28", "dst": "AN-N184", "hlc": {"phys": 1758738903313, "cnt": 0, "node": "AS-N28"}, "package_id": "PKG38892", "payload": {"status": "RECEIVED"}, "sent_ts": 1758738893033, "arrival_ts": 1758738893150}
{"action": "recv", "src": "AS-N28", "dst": "AN-N184", "hlc": {"phys": 1758738903648, "cnt": 0, "node": "AS-N28"}, "package_id": "PKG38892", "payload": {"status": "DELIVERED"}, "sent_ts": 1758738893368, "arrival_ts": 1758738893560}
{"action": "send", "src": "AN-N184", "dst": "AN-N87", "hlc": {"phys": 1758739021461, "cnt": 0, "node": "AN-N184"}, "package_id": "PKG38989", "payload": {"status": "CREATED"}, "sent_ts": 1758738989621, "arrival_ts": 1758738989621}
{"action": "send", "src": "AN-N184", "dst": "AN-N87", "hlc": {"phys": 1758739021833, "cnt": 0, "node": "AN-N184"}, "package_id": "PKG38989", "payload": {"status": "SENT"}, "sent_ts": 1758738989993, "arrival_ts": 1758738989993}
{"action": "send", "src": "AN-N184", "dst": "AN-N87", "hlc": {"phys": 1758739022120, "cnt": 0, "node": "AN-N184"}, "package_id": "PKG38989", "payload": {"status": "IN_TRANSIT"}, "sent_ts": 1758738990280, "arrival_ts": 1758738990280}
{"action": "send", "src": "AN-N184", "dst": "AN-N87", "hlc": {"phys": 1758739022387, "cnt": 0, "node": "AN-N184"}, "package_id": "PKG38989", "payload": {"status": "RECEIVED"}, "sent_ts": 1758738990547, "arrival_ts": 1758738990547}
{"action": "send", "src": "AN-N184", "dst": "AN-N87", "hlc": {"phys": 1758739022648, "cnt": 0, "node": "AN-N184"}, "package_id": "PKG38989", "payload": {"status": "DELIVERED"}, "sent_ts": 1758738990808, "arrival_ts": 1758738990808}
{"action": "recv", "src": "AS-N183", "dst": "AN-N184", "hlc": {"phys": 1758739618565, "cnt": 0, "node": "AS-N183"}, "package_id": "PKG39606", "payload": {"status": "CREATED"}, "sent_ts": 1758739606735, "arrival_ts": 1758739606811}
{"action": "recv", "src": "AS-N183", "dst": "AN-N184", "hlc": {"phys": 1758739618849, "cnt": 0, "node": "AS-N183"}, "package_id": "PKG39606", "payload": {"status": "SENT"}, "sent_ts": 1758739607019, "arrival_ts": 1758739607125}
{"action": "recv", "src": "AS-N183", "dst": "AN-N184", "hlc": {"phys": 1758739619165, "cnt": 0, "node": "AS-N183"}, "package_id": "PKG39606", "payload": {"status": "IN_TRANSIT"}, "sent_ts": 1758739607335, "arrival_ts": 1758739607390}
{"action": "recv", "src": "AS-N183", "dst": "AN-N184", "hlc": {"phys": 1758739619425, "cnt": 0, "node": "AS-N183"}, "package_id": "PKG39606", "payload": {"status": "RECEIVED"}, "sent_ts": 1758739607595, "arrival_ts": 1758739607689}
{"action": "recv", "src": "AS-N183", "dst": "AN-N184", "hlc": {"phys": 1758739619736, "cnt": 0, "node": "AS-N183"}, "package_id": "PKG39606", "payload": {"status": "DELIVERED"}, "sent_ts": 1758739607906, "arrival_ts": 1758739607929}
{"action": "send", "src": "AN-N184", "dst": "AN-N105", "hlc": {"phys": 1758740783704, "cnt": 0, "node": "AN-N184"}, "package_id": "PKG40751", "payload": {"status": "CREATED"}, "sent_ts": 1758740751864, "arrival_ts": 1758740751864}
{"action": "send", "src": "AN-N184", "dst": "AN-N105", "hlc": {"phys": 1758740784010, "cnt": 0, "node": "AN-N184"}, "package_id": "PKG40751", "payload": {"status": "SENT"}, "sent_ts": 1758740752170, "arrival_ts": 1758740752170}
{"action": "send", "src": "AN-N184", "dst": "AN-N105", "hlc": {"phys": 1758740784288, "cnt": 0, "node": "AN-N184"}, "package_id": "PKG40751", "payload": {"status": "IN_TRANSIT"}, "sent_ts": 1758740752448, "arrival_ts": 1758740752448}
{"action": "send", "src": "AN-N184", "dst": "AN-N105", "hlc": {"phys": 1758740784645, "cnt": 0, "node": "AN-N184"}, "package_id": "PKG40751", "payload": {"status": "RECEIVED"}, "sent_ts": 1758740752805, "arrival_ts": 1758740752805}
{"action": "send", "src": "AN-N184", "dst": "AN-N105", "hlc": {"phys": 1758740785003, "cnt": 0, "node": "AN-N184"}, "package_id": "PKG40751", "payload": {"status": "DELIVERED"}, "sent_ts": 1758740753163, "arrival_ts": 1758740753163}
{"action": "recv", "src": "AN-N96", "dst": "AN-N184", "hlc": {"phys": 1758743211985, "cnt": 0, "node": "AN-N96"}, "package_id": "PKG43181", "payload": {"status": "CREATED"}, "sent_ts": 1758743181025, "arrival_ts": 1758743181106}
{"action": "recv", "src": "AN-N96", "dst": "AN-N184", "hlc": {"phys": 1758743212276, "cnt": 0, "node": "AN-N96"}, "package_id": "PKG43181", "payload": {"status": "SENT"}, "sent_ts": 1758743181316, "arrival_ts": 1758743181463}
{"action": "recv", "src": "AN-N96", "dst": "AN-N184", "hlc": {"phys": 1758743212616, "cnt": 0, "node": "AN-N96"}, "package_id": "PKG43181", "payload": {"status": "IN_TRANSIT"}, "sent_ts": 1758743181656, "arrival_ts": 1758743181840}
{"action": "recv", "src": "AN-N96", "dst": "AN-N184", "hlc": {"phys": 1758743213003, "cnt": 0, "node": "AN-N96"}, "package_id": "PKG43181", "payload": {"status": "RECEIVED"}, "sent_ts": 1758743182043, "arrival_ts": 1758743182204}
{"action": "recv", "src": "AN-N96", "dst": "AN-N184", "hlc": {"phys": 1758743213374, "cnt": 0, "node": "AN-N96"}, "package_id": "PKG43181", "payload": {"status": "DELIVERED"}, "sent_ts": 1758743182414, "arrival_ts": 1758743182493}
{"action": "send", "src": "AN-N184", "dst": "SA-N139", "hlc": {"phys": 1758751944467, "cnt": 0, "node": "AN-N184"}, "package_id": "PKG51912", "payload": {"status": "CREATED"}, "sent_ts": 1758751912627, "arrival_ts": 1758751912627}
{"action": "send", "src": "AN-N184", "dst": "SA-N139", "hlc": {"phys": 1758751944753, "cnt": 0, "node": "AN-N184"}, "package_id": "PKG51912", "payload": {"status": "SENT"}, "sent_ts": 1758751912913, "arrival_ts": 1758751912913}
{"action": "send", "src": "AN-N184", "dst": "SA-N139", "hlc": {"phys": 1758751944990, "cnt": 0, "node": "AN-N184"}, "package_id": "PKG51912", "payload": {"status": "IN_TRANSIT"}, "sent_ts": 1758751913150, "arrival_ts": 1758751913150}
{"action": "send", "src": "AN-N184", "dst": "SA-N139", "hlc": {"phys": 1758751945308, "cnt": 0, "node": "AN-N184"}, "package_id": "PKG51912", "payload": {"status": "RECEIVED"}, "sent_ts": 1758751913468, "arrival_ts": 1758751913468}
{"action": "send", "src": "AN-N184", "dst": "SA-N139", "hlc": {"phys": 1758751945703, "cnt": 0, "node": "AN-N184"}, "package_id": "PKG51912", "payload": {"status": "DELIVERED"}, "sent_ts": 1758751913863, "arrival_ts": 1758751913863}
{"action": "recv", "src": "AU-N31", "dst": "AN-N184", "hlc": {"phys": 1758752941442, "cnt": 0, "node": "AU-N31"}, "package_id": "PKG52916", "payload": {"status": "CREATED"}, "sent_ts": 1758752916132, "arrival_ts": 1758752916207}
{"action": "recv", "src": "AU-N31", "dst": "AN-N184", "hlc": {"phys": 1758752941741, "cnt": 0, "node": "AU-N31"}, "package_id": "PKG52916", "payload": {"status": "SENT"}, "sent_ts": 1758752916431, "arrival_ts": 1758752916537}
{"action": "recv", "src": "AU-N31", "dst": "AN-N184", "hlc": {"phys": 1758752942045, "cnt": 0, "node": "AU-N31"}, "package_id": "PKG52916", "payload": {"status": "IN_TRANSIT"}, "sent_ts": 1758752916735, "arrival_ts": 1758752916921}
{"action": "recv", "src": "AU-N31", "dst": "AN-N184", "hlc": {"phys": 1758752942453, "cnt": 0, "node": "AU-N31"}, "package_id": "PKG52916", "payload": {"status": "RECEIVED"}, "sent_ts": 1758752917143, "arrival_ts": 1758752917339}
{"action": "recv", "src": "AU-N31", "dst": "AN-N184", "hlc": {"phys": 1758752942862, "cnt": 0, "node": "AU-N31"}, "package_id": "PKG52916", "payload": {"status": "DELIVERED"}, "sent_ts": 1758752917552, "arrival_ts": 1758752917686}
{"action": "send", "src": "AN-N184", "dst": "AN-N10", "hlc": {"phys": 1758753669882, "cnt": 0, "node": "AN-N184"}, "package_id": "PKG53638", "payload": {"status": "CREATED"}, "sent_ts": 1758753638042, "arrival_ts": 1758753638042}
{"action": "send", "src": "AN-N184", "dst": "AN-N10", "hlc": {"phys": 1758753670232, "cnt": 0, "node": "AN-N184"}, "package_id": "PKG53638", "payload": {"status": "SENT"}, "sent_ts": 1758753638392, "arrival_ts": 1758753638392}
{"action": "send", "src": "AN-N184", "dst": "AN-N10", "hlc": {"phys": 1758753670555, "cnt": 0, "node": "AN-N184"}, "package_id": "PKG53638", "payload": {"status": "IN_TRANSIT"}, "sent_ts": 1758753638715, "arrival_ts": 1758753638715}
{"action": "send", "src": "AN-N184", "dst": "AN-N10", "hlc": {"phys": 1758753670832, "cnt": 0, "node": "AN-N184"}, "package_id": "PKG53638", "payload": {"status": "RECEIVED"}, "sent_ts": 1758753638992, "arrival_ts": 1758753638992}
{"action": "send", "src": "AN-N184", "dst": "AN-N10", "hlc": {"phys": 1758753671252, "cnt": 0, "node": "AN-N184"}, "package_id": "PKG53638", "payload": {"status": "DELIVERED"}, "sent_ts": 1758753639412, "arrival_ts": 1758753639412}
{"action": "recv", "src": "AN-N176", "dst": "AN-N184", "hlc": {"phys": 1758754456779, "cnt": 0, "node": "AN-N176"}, "package_id": "PKG54425", "payload": {"status": "CREATED"}, "sent_ts": 1758754425019, "arrival_ts": 1758754425065}
{"action": "recv", "src": "AN-N176", "dst": "AN-N184", "hlc": {"phys": 1758754457041, "cnt": 0, "node": "AN-N176"}, "package_id": "PKG54425", "payload": {"status": "SENT"}, "sent_ts": 1758754425281, "arrival_ts": 1758754425345}
{"action": "recv", "src": "AN-N176", "dst": "AN-N184", "hlc": {"phys": 1758754457322, "cnt": 0, "node": "AN-N176"}, "package_id": "PKG54425", "payload": {"status": "IN_TRANSIT"}, "sent_ts": 1758754425562, "arrival_ts": 1758754425584}
{"action": "recv", "src": "AN-N176", "dst": "AN-N184", "hlc": {"phys": 1758754457547, "cnt": 0, "node": "AN-N176"}, "package_id": "PKG54425", "payload": {"status": "RECEIVED"}, "sent_ts": 1758754425787, "arrival_ts": 1758754425870}
{"action": "recv", "src": "AN-N176", "dst": "AN-N184", "hlc": {"phys": 1758754457840, "cnt": 0, "node": "AN-N176"}, "package_id": "PKG54425", "payload": {"status": "DELIVERED"}, "sent_ts": 1758754426080, "arrival_ts": 1758754426254}
{"action": "send", "src": "AN-N184", "dst": "AS-N67", "hlc": {"phys": 1758754924746, "cnt": 0, "node": "AN-N184"}, "package_id": "PKG54892", "payload": {"status": "CREATED"}, "sent_ts": 1758754892906, "arrival_ts": 1758754892906}
{"action": "send", "src": "AN-N184", "dst": "AS-N67", "hlc": {"phys": 1758754925109, "cnt": 0, "node": "AN-N184"}, "package_id": "PKG54892", "payload": {"status": "SENT"}, "sent_ts": 1758754893269, "arrival_ts": 1758754893269}
{"action": "send", "src": "AN-N184", "dst": "AS-N67", "hlc": {"phys": 1758754925484, "cnt": 0, "node": "AN-N184"}, "package_id": "PKG54892", "payload": {"status": "IN_TRANSIT"}, "sent_ts": 1758754893644, "arrival_ts": 1758754893644}
{"action": "send", "src": "AN-N184", "dst": "AS-N67", "hlc": {"phys": 1758754925789, "cnt": 0, "node": "AN-N184"}, "package_id": "PKG54892", "payload": {"status": "RECEIVED"}, "sent_ts": 1758754893949, "arrival_ts": 1758754893949}
{"action": "send", "src": "AN-N184", "dst": "AS-N67", "hlc": {"phys": 1758754926094, "cnt": 0, "node": "AN-N184"}, "package_id": "PKG54892", "payload": {"status": "DELIVERED"}, "sent_ts": 1758754894254, "arrival_ts": 1758754894254}
{"action": "send", "src": "AN-N184", "dst": "AS-N108", "hlc": {"phys": 1758755914204, "cnt": 0, "node": "AN-N184"}, "package_id": "PKG55882", "payload": {"status": "CREATED"}, "sent_ts": 1758755882364, "arrival_ts": 1758755882364}
{"action": "send", "src": "AN-N184", "dst": "AS-N108", "hlc": {"phys": 1758755914461, "cnt": 0, "node": "AN-N184"}, "package_id": "PKG55882", "payload": {"status": "SENT"}, "sent_ts": 1758755882621, "arrival_ts": 1758755882621}
{"action": "send", "src": "AN-N184", "dst": "AS-N108", "hlc": {"phys": 1758755914744, "cnt": 0, "node": "AN-N184"}, "package_id": "PKG55882", "payload": {"status": "IN_TRANSIT"}, "sent_ts": 1758755882904, "arrival_ts": 1758755882904}
{"action": "send", "src": "AN-N184", "dst": "AS-N108", "hlc": {"phys": 1758755915136, "cnt": 0, "node": "AN-N184"}, "package_id": "PKG55882", "payload": {"status": "RECEIVED"}, "sent_ts": 1758755883296, "arrival_ts": 1758755883296}
{"action": "send", "src": "AN-N184", "dst": "AS-N108", "hlc": {"phys": 1758755915443, "cnt": 0, "node": "AN-N184"}, "package_id": "PKG55882", "payload": {"status": "DELIVERED"}, "sent_ts": 1758755883603, "arrival_ts": 1758755883603}
{"action": "recv", "src": "AN-N160", "dst": "AN-N184", "hlc": {"phys": 1758760912798, "cnt": 0, "node": "AN-N160"}, "package_id": "PKG60881", "payload": {"status": "CREATED"}, "sent_ts": 1758760881198, "arrival_ts": 1758760881323}
{"action": "recv", "src": "AN-N160", "dst": "AN-N184", "hlc": {"phys": 1758760913140, "cnt": 0, "node": "AN-N160"}, "package_id": "PKG60881", "payload": {"status": "SENT"}, "sent_ts": 1758760881540, "arrival_ts": 1758760881661}
{"action": "recv", "src": "AN-N160", "dst": "AN-N184", "hlc": {"phys": 1758760913468, "cnt": 0, "node": "AN-N160"}, "package_id": "PKG60881", "payload": {"status": "IN_TRANSIT"}, "sent_ts": 1758760881868, "arrival_ts": 1758760881956}
{"action": "recv", "src": "AN-N160", "dst": "AN-N184", "hlc": {"phys": 1758760913764, "cnt": 0, "node": "AN-N160"}, "package_id": "PKG60881", "payload": {"status": "RECEIVED"}, "sent_ts": 1758760882164, "arrival_ts": 1758760882356}
{"action": "recv", "src": "AN-N160", "dst": "AN-N184", "hlc": {"phys": 1758760914152, "cnt": 0, "node": "AN-N160"}, "package_id": "PKG60881", "payload": {"status": "DELIVERED"}, "sent_ts": 1758760882552, "arrival_ts": 1758760882643}
{"action": "recv", "src": "AF-N31", "dst": "AN-N184", "hlc": {"phys": 1758762814390, "cnt": 0, "node": "AF-N31"}, "package_id": "PKG62799", "payload": {"status": "CREATED"}, "sent_ts": 1758762799080, "arrival_ts": 1758762799198}
{"action": "recv", "src": "AF-N31", "dst": "AN-N184", "hlc": {"phys": 1758762814701, "cnt": 0, "node": "AF-N31"}, "package_id": "PKG62799", "payload": {"status": "SENT"}, "sent_ts": 1758762799391, "arrival_ts": 1758762799518}
{"action": "recv", "src": "AF-N31", "dst": "AN-N184", "hlc": {"phys": 1758762815044, "cnt": 0, "node": "AF-N31"}, "package_id": "PKG62799", "payload": {"status": "IN_TRANSIT"}, "sent_ts": 1758762799734, "arrival_ts": 1758762799900}
{"action": "recv", "src": "AF-N31", "dst": "AN-N184", "hlc": {"phys": 1758762815415, "cnt": 0, "node": "AF-N31"}, "package_id": "PKG62799", "payload": {"status": "RECEIVED"}, "sent_ts": 1758762800105, "arrival_ts": 1758762800160}
{"action": "recv", "src": "AF-N31", "dst": "AN-N184", "hlc": {"phys": 1758762815681, "cnt": 0, "node": "AF-N31"}, "package_id": "PKG62799", "payload": {"status": "DELIVERED"}, "sent_ts": 1758762800371, "arrival_ts": 1758762800490}
{"action": "recv", "src": "SA-N4", "dst": "AN-N184", "hlc": {"phys": 1758764920158, "cnt": 0, "node": "SA-N4"}, "package_id": "PKG64900", "payload": {"status": "CREATED"}, "sent_ts": 1758764900118, "arrival_ts": 1758764900134}
{"action": "recv", "src": "SA-N4", "dst": "AN-N184", "hlc": {"phys": 1758764920378, "cnt": 0, "node": "SA-N4"}, "package_id": "PKG64900", "payload": {"status": "SENT"}, "sent_ts": 1758764900338, "arrival_ts": 1758764900452}
{"action": "recv", "src": "SA-N4", "dst": "AN-N184", "hlc": {"phys": 1758764920697, "cnt": 0, "node": "SA-N4"}, "package_id": "PKG64900", "payload": {"status": "IN_TRANSIT"}, "sent_ts": 1758764900657, "arrival_ts": 1758764900837}
{"action": "recv", "src": "SA-N4", "dst": "AN-N184", "hlc": {"phys": 1758764921088, "cnt": 0, "node": "SA-N4"}, "package_id": "PKG64900", "payload": {"status": "RECEIVED"}, "sent_ts": 1758764901048, "arrival_ts": 1758764901209}
{"action": "recv", "src": "SA-N4", "dst": "AN-N184", "hlc": {"phys": 1758764921453, "cnt": 0, "node": "SA-N4"}, "package_id": "PKG64900", "payload": {"status": "DELIVERED"}, "sent_ts": 1758764901413, "arrival_ts": 1758764901519}
{"action": "send", "src": "AN-N184", "dst": "AF-N178", "hlc": {"phys": 1758804855245, "cnt": 0, "node": "AN-N184"}, "package_id": "PKG4823", "payload": {"status": "CREATED"}, "sent_ts": 1758804823405, "arrival_ts": 1758804823406}
{"action": "send", "src": "AN-N184", "dst": "AF-N178", "hlc": {"phys": 1758804855526, "cnt": 0, "node": "AN-N184"}, "package_id": "PKG4823", "payload": {"status": "SENT"}, "sent_ts": 1758804823686, "arrival_ts": 1758804823686}
{"action": "send", "src": "AN-N184", "dst": "AF-N178", "hlc": {"phys": 1758804855764, "cnt": 0, "node": "AN-N184"}, "package_id": "PKG4823", "payload": {"status": "IN_TRANSIT"}, "sent_ts": 1758804823924, "arrival_ts": 1758804823924}
{"action": "send", "src": "AN-N184", "dst": "AF-N178", "hlc": {"phys": 1758804856103, "cnt": 0, "node": "AN-N184"}, "package_id": "PKG4823", "payload": {"status": "RECEIVED"}, "sent_ts": 1758804824263, "arrival_ts": 1758804824263}
{"action": "send", "src": "AN-N184", "dst": "AF-N178", "hlc": {"phys": 1758804856452, "cnt": 0, "node": "AN-N184"}, "package_id": "PKG4823", "payload": {"status": "DELIVERED"}, "sent_ts": 1758804824612, "arrival_ts": 1758804824612}
{"action": "send", "src": "AN-N184", "dst": "NA-N187", "hlc": {"phys": 1758809672275, "cnt": 0, "node": "AN-N184"}, "package_id": "PKG9640", "payload": {"status": "CREATED"}, "sent_ts": 1758809640435, "arrival_ts": 1758809640435}
{"action": "send", "src": "AN-N184", "dst": "NA-N187", "hlc": {"phys": 1758809672522, "cnt": 0, "node": "AN-N184"}, "package_id": "PKG9640", "payload": {"status": "SENT"}, "sent_ts": 1758809640682, "arrival_ts": 1758809640682}
{"action": "send", "src": "AN-N184", "dst": "NA-N187", "hlc": {"phys": 1758809672786, "cnt": 0, "node": "AN-N184"}, "package_id": "PKG9640", "payload": {"status": "IN_TRANSIT"}, "sent_ts": 1758809640946, "arrival_ts": 1758809640946}
{"action": "send", "src": "AN-N184", "dst": "NA-N187", "hlc": {"phys": 1758809673111, "cnt": 0, "node": "AN-N184"}, "package_id": "PKG9640", "payload": {"status": "RECEIVED"}, "sent_ts": 1758809641271, "arrival_ts": 1758809641271}
{"action": "send", "src": "AN-N184", "dst": "NA-N187", "hlc": {"phys": 1758809673328, "cnt": 0, "node": "AN-N184"}, "package_id": "PKG9640", "payload": {"status": "DELIVERED"}, "sent_ts": 1758809641488, "arrival_ts": 1758809641488}
{"action": "send", "src": "AN-N184", "dst": "AS-N16", "hlc": {"phys": 1758814620256, "cnt": 0, "node": "AN-N184"}, "package_id": "PKG14588", "payload": {"status": "CREATED"}, "sent_ts": 1758814588416, "arrival_ts": 1758814588416}
{"action": "send", "src": "AN-N184", "dst": "AS-N16", "hlc": {"phys": 1758814620521, "cnt": 0, "node": "AN-N184"}, "package_id": "PKG14588", "payload": {"status": "SENT"}, "sent_ts": 1758814588681, "arrival_ts": 1758814588681}
{"action": "send", "src": "AN-N184", "dst": "AS-N16", "hlc": {"phys": 1758814620877, "cnt": 0, "node": "AN-N184"}, "package_id": "PKG14588", "payload": {"status": "IN_TRANSIT"}, "sent_ts": 1758814589037, "arrival_ts": 1758814589037}
{"action": "send", "src": "AN-N184", "dst": "AS-N16", "hlc": {"phys": 1758814621216, "cnt": 0, "node": "AN-N184"}, "package_id": "PKG14588", "payload": {"status": "RECEIVED"}, "sent_ts": 1758814589376, "arrival_ts": 1758814589376}
{"action": "send", "src": "AN-N184", "dst": "AS-N16", "hlc": {"phys": 1758814621572, "cnt": 0, "node": "AN-N184"}, "package_id": "PKG14588", "payload": {"status": "DELIVERED"}, "sent_ts": 1758814589732, "arrival_ts": 1758814589732}
{"action": "recv", "src": "EU-N24", "dst": "AN-N184", "hlc": {"phys": 1758814879785, "cnt": 0, "node": "EU-N24"}, "package_id": "PKG14874", "payload": {"status": "CREATED"}, "sent_ts": 1758814874545, "arrival_ts": 1758814874720}
{"action": "recv", "src": "EU-N24", "dst": "AN-N184", "hlc": {"phys": 1758814880173, "cnt": 0, "node": "EU-N24"}, "package_id": "PKG14874", "payload": {"status": "SENT"}, "sent_ts": 1758814874933, "arrival_ts": 1758814874952}
{"action": "recv", "src": "EU-N24", "dst": "AN-N184", "hlc": {"phys": 1758814880403, "cnt": 0, "node": "EU-N24"}, "package_id": "PKG14874", "payload": {"status": "IN_TRANSIT"}, "sent_ts": 1758814875163, "arrival_ts": 1758814875323}
{"action": "recv", "src": "EU-N24", "dst": "AN-N184", "hlc": {"phys": 1758814880760, "cnt": 0, "node": "EU-N24"}, "package_id": "PKG14874", "payload": {"status": "RECEIVED"}, "sent_ts": 1758814875520, "arrival_ts": 1758814875579}
{"action": "recv", "src": "EU-N24", "dst": "AN-N184", "hlc": {"phys": 1758814881024, "cnt": 0, "node": "EU-N24"}, "package_id": "PKG14874", "payload": {"status": "DELIVERED"}, "sent_ts": 1758814875784, "arrival_ts": 1758814875925}
{"action": "send", "src": "AN-N184", "dst": "AU-N198", "hlc": {"phys": 1758815818662, "cnt": 0, "node": "AN-N184"}, "package_id": "PKG15786", "payload": {"status": "CREATED"}, "sent_ts": 1758815786822, "arrival_ts": 1758815786822}
{"action": "send", "src": "AN-N184", "dst": "AU-N198", "hlc": {"phys": 1758815818973, "cnt": 0, "node": "AN-N184"}, "package_id": "PKG15786", "payload": {"status": "SENT"}, "sent_ts": 1758815787133, "arrival_ts": 1758815787133}
{"action": "send", "src": "AN-N184", "dst": "AU-N198", "hlc": {"phys": 1758815819297, "cnt": 0, "node": "AN-N184"}, "package_id": "PKG15786", "payload": {"status": "IN_TRANSIT"}, "sent_ts": 1758815787457, "arrival_ts": 1758815787457}
{"action": "send", "src": "AN-N184", "dst": "AU-N198", "hlc": {"phys": 1758815819636, "cnt": 0, "node": "AN-N184"}, "package_id": "PKG15786", "payload": {"status": "RECEIVED"}, "sent_ts": 1758815787796, "arrival_ts": 1758815787796}
{"action": "send", "src": "AN-N184", "dst": "AU-N198", "hlc": {"phys": 1758815819932, "cnt": 0, "node": "AN-N184"}, "package_id": "PKG15786", "payload": {"status": "DELIVERED"}, "sent_ts": 1758815788092, "arrival_ts": 1758815788092}
