{"action": "send", "src": "AS-N158", "dst": "AF-N41", "hlc": {"phys": 1758713784008, "cnt": 0, "node": "AS-N158"}, "package_id": "PKG13772", "payload": {"status": "CREATED"}, "sent_ts": 1758713772428, "arrival_ts": 1758713772428}
{"action": "send", "src": "AS-N158", "dst": "AF-N41", "hlc": {"phys": 1758713784270, "cnt": 0, "node": "AS-N158"}, "package_id": "PKG13772", "payload": {"status": "SENT"}, "sent_ts": 1758713772690, "arrival_ts": 1758713772690}
{"action": "send", "src": "AS-N158", "dst": "AF-N41", "hlc": {"phys": 1758713784510, "cnt": 0, "node": "AS-N158"}, "package_id": "PKG13772", "payload": {"status": "IN_TRANSIT"}, "sent_ts": 1758713772930, "arrival_ts": 1758713772930}
{"action": "send", "src": "AS-N158", "dst": "AF-N41", "hlc": {"phys": 1758713784739, "cnt": 0, "node": "AS-N158"}, "package_id": "PKG13772", "payload": {"status": "RECEIVED"}, "sent_ts": 1758713773159, "arrival_ts": 1758713773159}
{"action": "send", "src": "AS-N158", "dst": "AF-N41", "hlc": {"phys": 1758713784961, "cnt": 0, "node": "AS-N158"}, "package_id": "PKG13772", "payload": {"status": "DELIVERED"}, "sent_ts": 1758713773381, "arrival_ts": 1758713773381}
{"action": "recv", "src": "AF-N165", "dst": "AS-N158", "hlc": {"phys": 1758714163279, "cnt": 0, "node": "AF-N165"}, "package_id": "PKG14146", "payload": {"status": "CREATED"}, "sent_ts": 1758714146629, "arrival_ts": 1758714146740}
{"action": "recv", "src": "AF-N165", "dst": "AS-N158", "hlc": {"phys": 1758714163602, "cnt": 0, "node": "AF-N165"}, "package_id": "PKG14146", "payload": {"status": "SENT"}, "sent_ts": 1758714146952, "arrival_ts": 1758714147132}
{"action": "recv", "src": "AF-N165", "dst": "AS-N158", "hlc": {"phys": 1758714163984, "cnt": 0, "node": "AF-N165"}, "package_id": "PKG14146", "payload": {"status": "IN_TRANSIT"}, "sent_ts": 1758714147334, "arrival_ts": 1758714147381}
{"action": "recv", "src": "AF-N165", "dst": "AS-N158", "hlc": {"phys": 1758714164229, "cnt": 0, "node": "AF-N165"}, "package_id": "PKG14146", "payload": {"status": "RECEIVED"}, "sent_ts": 1758714147579, "arrival_ts": 1758714147621}
{"action": "recv", "src": "AF-N165", "dst": "AS-N158", "hlc": {"phys": 1758714164483, "cnt": 0, "node": "AF-N165"}, "package_id": "PKG14146", "payload": {"status": "DELIVERED"}, "sent_ts": 1758714147833, "arrival_ts": 1758714147966}
{"action": "send", "src": "AS-N158", "dst": "AN-N172", "hlc": {"phys": 1758717318613, "cnt": 0, "node": "AS-N158"}, "package_id": "PKG17307", "payload": {"status": "CREATED"}, "sent_ts": 1758717307033, "arrival_ts": 1758717307033}
{"action": "send", "src": "AS-N158", "dst": "AN-N172", "hlc": {"phys": 1758717318847, "cnt": 0, "node": "AS-N158"}, "package_id": "PKG17307", "payload": {"status": "SENT"}, "sent_ts": 1758717307267, "arrival_ts": 1758717307267}
{"action": "send", "src": "AS-N158", "dst": "AN-N172", "hlc": {"phys": 1758717319080, "cnt": 0, "node": "AS-N158"}, "package_id": "PKG17307", "payload": {"status": "IN_TRANSIT"}, "sent_ts": 1758717307500, "arrival_ts": 1758717307500}
{"action": "send", "src": "AS-N158", "dst": "AN-N172", "hlc": {"phys": 1758717319322, "cnt": 0, "node": "AS-N158"}, "package_id": "PKG17307", "payload": {"status": "RECEIVED"}, "sent_ts": 1758717307742, "arrival_ts": 1758717307742}
{"action": "send", "src": "AS-N158", "dst": "AN-N172", "hlc": {"phys": 1758717319586, "cnt": 0, "node": "AS-N158"}, "package_id": "PKG17307", "payload": {"status": "DELIVERED"}, "sent_ts": 1758717308006, "arrival_ts": 1758717308006}
{"action": "send", "src": "AS-N158", "dst": "SA-N51", "hlc": {"phys": 1758718918605, "cnt": 0, "node": "AS-N158"}, "package_id": "PKG18907", "payload": {"status": "CREATED"}, "sent_ts": 1758718907025, "arrival_ts": 1758718907025}
{"action": "send", "src": "AS-N158", "dst": "SA-N51", "hlc": {"phys": 1758718918929, "cnt": 0, "node": "AS-N158"}, "package_id": "PKG18907", "payload": {"status": "SENT"}, "sent_ts": 1758718907349, "arrival_ts": 1758718907349}
{"action": "send", "src": "AS-N158", "dst": "SA-N51", "hlc": {"phys": 1758718919265, "cnt": 0, "node": "AS-N158"}, "package_id": "PKG18907", "payload": {"status": "IN_TRANSIT"}, "sent_ts": 1758718907685, "arrival_ts": 1758718907685}
{"action": "send", "src": "AS-N158", "dst": "SA-N51", "hlc": {"phys": 1758718919590, "cnt": 0, "node": "AS-N158"}, "package_id": "PKG18907", "payload": {"status": "RECEIVED"}, "sent_ts": 1758718908010, "arrival_ts": 1758718908010}
{"action": "send", "src": "AS-N158", "dst": "SA-N51", "hlc": {"phys": 1758718919838, "cnt": 0, "node": "AS-N158"}, "package_id": "PKG18907", "payload": {"status": "DELIVERED"}, "sent_ts": 1758718908258, "arrival_ts": 1758718908258}
{"action": "send", "src": "AS-N158", "dst": "AU-N147", "hlc": {"phys": 1758719574454, "cnt": 0, "node": "AS-N158"}, "package_id": "PKG19562", "payload": {"status": "CREATED"}, "sent_ts": 1758719562874, "arrival_ts": 1758719562874}
{"action": "send", "src": "AS-N158", "dst": "AU-N147", "hlc": {"phys": 1758719574817, "cnt": 0, "node": "AS-N158"}, "package_id": "PKG19562", "payload": {"status": "SENT"}, "sent_ts": 1758719563237, "arrival_ts": 1758719563237}
{"action": "send", "src": "AS-N158", "dst": "AU-N147", "hlc": {"phys": 1758719575053, "cnt": 0, "node": "AS-N158"}, "package_id": "PKG19562", "payload": {"status": "IN_TRANSIT"}, "sent_ts": 1758719563473, "arrival_ts": 1758719563473}
{"action": "send", "src": "AS-N158", "dst": "AU-N147", "hlc": {"phys": 1758719575317, "cnt": 0, "node": "AS-N158"}, "package_id": "PKG19562", "payload": {"status": "RECEIVED"}, "sent_ts": 1758719563737, "arrival_ts": 1758719563737}
{"action": "send", "src": "AS-N158", "dst": "AU-N147", "hlc": {"phys": 1758719575554, "cnt": 0, "node": "AS-N158"}, "package_id": "PKG19562", "payload": {"status": "DELIVERED"}, "sent_ts": 1758719563974, "arrival_ts": 1758719563974}
{"action": "recv", "src": "EU-N155", "dst": "AS-N158", "hlc": {"phys": 1758738121637, "cnt": 0, "node": "EU-N155"}, "package_id": "PKG38115", "payload": {"status": "CREATED"}, "sent_ts": 1758738115087, "arrival_ts": 1758738115235}
{"action": "recv", "src": "EU-N155", "dst": "AS-N158", "hlc": {"phys": 1758738121992, "cnt": 0, "node": "EU-N155"}, "package_id": "PKG38115", "payload": {"status": "SENT"}, "sent_ts": 1758738115441, "arrival_ts": 1758738115585}
{"action": "recv", "src": "EU-N155", "dst": "AS-N158", "hlc": {"phys": 1758738122332, "cnt": 0, "node": "EU-N155"}, "package_id": "PKG38115", "payload": {"status": "IN_TRANSIT"}, "sent_ts": 1758738115782, "arrival_ts": 1758738115815}
{"action": "recv", "src": "EU-N155", "dst": "AS-N158", "hlc": {"phys": 1758738122580, "cnt": 0, "node": "EU-N155"}, "package_id": "PKG38115", "payload": {"status": "RECEIVED"}, "sent_ts": 1758738116030, "arrival_ts": 1758738116105}
{"action": "recv", "src": "EU-N155", "dst": "AS-N158", "hlc": {"phys": 1758738122866, "cnt": 0, "node": "EU-N155"}, "package_id": "PKG38115", "payload": {"status": "DELIVERED"}, "sent_ts": 1758738116316, "arrival_ts": 1758738116693}
{"action": "send", "src": "AS-N158", "dst": "AU-N125", "hlc": {"phys": 1758738699891, "cnt": 0, "node": "AS-N158"}, "package_id": "PKG38688", "payload": {"status": "CREATED"}, "sent_ts": 1758738688311, "arrival_ts": 1758738688311}
{"action": "send", "src": "AS-N158", "dst": "AU-N125", "hlc": {"phys": 1758738700213, "cnt": 0, "node": "AS-N158"}, "package_id": "PKG38688", "payload": {"status": "SENT"}, "sent_ts": 1758738688633, "arrival_ts": 1758738688633}
{"action": "send", "src": "AS-N158", "dst": "AU-N125", "hlc": {"phys": 1758738700579, "cnt": 0, "node": "AS-N158"}, "package_id": "PKG38688", "payload": {"status": "IN_TRANSIT"}, "sent_ts": 1758738688999, "arrival_ts": 1758738688999}
{"action": "send", "src": "AS-N158", "dst": "AU-N125", "hlc": {"phys": 1758738700966, "cnt": 0, "node": "AS-N158"}, "package_id": "PKG38688", "payload": {"status": "RECEIVED"}, "sent_ts": 1758738689386, "arrival_ts": 1758738689386}
{"action": "send", "src": "AS-N158", "dst": "AU-N125", "hlc": {"phys": 1758738701223, "cnt": 0, "node": "AS-N158"}, "package_id": "PKG38688", "payload": {"status": "DELIVERED"}, "sent_ts": 1758738689643, "arrival_ts": 1758738689643}
{"action": "recv", "src": "AS-N146", "dst": "AS-N158", "hlc": {"phys": 1758742599885, "cnt": 0, "node": "AS-N146"}, "package_id": "PKG42588", "payload": {"status": "CREATED"}, "sent_ts": 1758742588425, "arrival_ts": 1758742588498}
{"action": "recv", "src": "AS-N146", "dst": "AS-N158", "hlc": {"phys": 1758742600170, "cnt": 0, "node": "AS-N146"}, "package_id": "PKG42588", "payload": {"status": "SENT"}, "sent_ts": 1758742588710, "arrival_ts": 1758742588798}
{"action": "recv", "src": "AS-N146", "dst": "AS-N158", "hlc": {"phys": 1758742600465, "cnt": 0, "node": "AS-N146"}, "package_id": "PKG42588", "payload": {"status": "IN_TRANSIT"}, "sent_ts": 1758742589005, "arrival_ts": 1758742589167}
{"action": "recv", "src": "AS-N146", "dst": "AS-N158", "hlc": {"phys": 1758742600832, "cnt": 0, "node": "AS-N146"}, "package_id": "PKG42588", "payload": {"status": "RECEIVED"}, "sent_ts": 1758742589372, "arrival_ts": 1758742589400}
{"action": "recv", "src": "AS-N146", "dst": "AS-N158", "hlc": {"phys": 1758742601047, "cnt": 0, "node": "AS-N146"}, "package_id": "PKG42588", "payload": {"status": "DELIVERED"}, "sent_ts": 1758742589587, "arrival_ts": 1758742589680}
{"action": "recv", "src": "NA-N164", "dst": "AS-N158", "hlc": {"phys": 1758746319819, "cnt": 0, "node": "NA-N164"}, "package_id": "PKG46318", "payload": {"status": "CREATED"}, "sent_ts": 1758746318179, "arrival_ts": 1758746318314}
{"action": "recv", "src": "NA-N164", "dst": "AS-N158", "hlc": {"phys": 1758746320159, "cnt": 0, "node": "NA-N164"}, "package_id": "PKG46318", "payload": {"status": "SENT"}, "sent_ts": 1758746318519, "arrival_ts": 1758746318563}
{"action": "recv", "src": "NA-N164", "dst": "AS-N158", "hlc": {"phys": 1758746320409, "cnt": 0, "node": "NA-N164"}, "package_id": "PKG46318", "payload": {"status": "IN_TRANSIT"}, "sent_ts": 1758746318769, "arrival_ts": 1758746318928}
{"action": "recv", "src": "NA-N164", "dst": "AS-N158", "hlc": {"phys": 1758746320767, "cnt": 0, "node": "NA-N164"}, "package_id": "PKG46318", "payload": {"status": "RECEIVED"}, "sent_ts": 1758746319127, "arrival_ts": 1758746319259}
{"action": "recv", "src": "NA-N164", "dst": "AS-N158", "hlc": {"phys": 1758746321108, "cnt": 0, "node": "NA-N164"}, "package_id": "PKG46318", "payload": {"status": "DELIVERED"}, "sent_ts": 1758746319468, "arrival_ts": 1758746319519}
{"action": "send", "src": "AS-N158", "dst": "AF-N64", "hlc": {"phys": 1758746489269, "cnt": 0, "node": "AS-N158"}, "package_id": "PKG46477", "payload": {"status": "CREATED"}, "sent_ts": 1758746477689, "arrival_ts": 1758746477689}
{"action": "send", "src": "AS-N158", "dst": "AF-N64", "hlc": {"phys": 1758746489540, "cnt": 0, "node": "AS-N158"}, "package_id": "PKG46477", "payload": {"status": "SENT"}, "sent_ts": 1758746477960, "arrival_ts": 1758746477960}
{"action": "send", "src": "AS-N158", "dst": "AF-N64", "hlc": {"phys": 1758746489938, "cnt": 0, "node": "AS-N158"}, "package_id": "PKG46477", "payload": {"status": "IN_TRANSIT"}, "sent_ts": 1758746478358, "arrival_ts": 1758746478358}
{"action": "send", "src": "AS-N158", "dst": "AF-N64", "hlc": {"phys": 1758746490261, "cnt": 0, "node": "AS-N158"}, "package_id": "PKG46477", "payload": {"status": "RECEIVED"}, "sent_ts": 1758746478681, "arrival_ts": 1758746478681}
{"action": "send", "src": "AS-N158", "dst": "AF-N64", "hlc": {"phys": 1758746490517, "cnt": 0, "node": "AS-N158"}, "package_id": "PKG46477", "payload": {"status": "DELIVERED"}, "sent_ts": 1758746478937, "arrival_ts": 1758746478937}
{"action": "send", "src": "AS-N158", "dst": "AU-N141", "hlc": {"phys": 1758752103761, "cnt": 0, "node": "AS-N158"}, "package_id": "PKG52092", "payload": {"status": "CREATED"}, "sent_ts": 1758752092181, "arrival_ts": 1758752092181}
{"action": "send", "src": "AS-N158", "dst": "AU-N141", "hlc": {"phys": 1758752104172, "cnt": 0, "node": "AS-N158"}, "package_id": "PKG52092", "payload": {"status": "SENT"}, "sent_ts": 1758752092592, "arrival_ts": 1758752092592}
{"action": "send", "src": "AS-N158", "dst": "AU-N141", "hlc": {"phys": 1758752104395, "cnt": 0, "node": "AS-N158"}, "package_id": "PKG52092", "payload": {"status": "IN_TRANSIT"}, "sent_ts": 1758752092815, "arrival_ts": 1758752092815}
{"action": "send", "src": "AS-N158", "dst": "AU-N141", "hlc": {"phys": 1758752104682, "cnt": 0, "node": "AS-N158"}, "package_id": "PKG52092", "payload": {"status": "RECEIVED"}, "sent_ts": 1758752093102, "arrival_ts": 1758752093102}
{"action": "send", "src": "AS-N158", "dst": "AU-N141", "hlc": {"phys": 1758752104942, "cnt": 0, "node": "AS-N158"}, "package_id": "PKG52092", "payload": {"status": "DELIVERED"}, "sent_ts": 1758752093362, "arrival_ts": 1758752093362}
{"action": "recv", "src": "AN-N125", "dst": "AS-N158", "hlc": {"phys": 1758752301974, "cnt": 0, "node": "AN-N125"}, "package_id": "PKG52270", "payload": {"status": "CREATED"}, "sent_ts": 1758752270724, "arrival_ts": 1758752270849}
{"action": "recv", "src": "AN-N125", "dst": "AS-N158", "hlc": {"phys": 1758752302308, "cnt": 0, "node": "AN-N125"}, "package_id": "PKG52270", "payload": {"status": "SENT"}, "sent_ts": 1758752271058, "arrival_ts": 1758752271152}
{"action": "recv", "src": "AN-N125", "dst": "AS-N158", "hlc": {"phys": 1758752302609, "cnt": 0, "node": "AN-N125"}, "package_id": "PKG52270", "payload": {"status": "IN_TRANSIT"}, "sent_ts": 1758752271359, "arrival_ts": 1758752271403}
{"action": "recv", "src": "AN-N125", "dst": "AS-N158", "hlc": {"phys": 1758752302849, "cnt": 0, "node": "AN-N125"}, "package_id": "PKG52270", "payload": {"status": "RECEIVED"}, "sent_ts": 1758752271599, "arrival_ts": 1758752271695}
{"action": "recv", "src": "AN-N125", "dst": "AS-N158", "hlc": {"phys": 1758752303150, "cnt": 0, "node": "AN-N125"}, "package_id": "PKG52270", "payload": {"status": "DELIVERED"}, "sent_ts": 1758752271900, "arrival_ts": 1758752272072}
{"action": "send", "src": "AS-N158", "dst": "AF-N70", "hlc": {"phys": 1758752413337, "cnt": 0, "node": "AS-N158"}, "package_id": "PKG52401", "payload": {"status": "CREATED"}, "sent_ts": 1758752401757, "arrival_ts": 1758752401757}
{"action": "send", "src": "AS-N158", "dst": "AF-N70", "hlc": {"phys": 1758752413672, "cnt": 0, "node": "AS-N158"}, "package_id": "PKG52401", "payload": {"status": "SENT"}, "sent_ts": 1758752402092, "arrival_ts": 1758752402092}
{"action": "send", "src": "AS-N158", "dst": "AF-N70", "hlc": {"phys": 1758752414002, "cnt": 0, "node": "AS-N158"}, "package_id": "PKG52401", "payload": {"status": "IN_TRANSIT"}, "sent_ts": 1758752402422, "arrival_ts": 1758752402422}
{"action": "send", "src": "AS-N158", "dst": "AF-N70", "hlc": {"phys": 1758752414257, "cnt": 0, "node": "AS-N158"}, "package_id": "PKG52401", "payload": {"status": "RECEIVED"}, "sent_ts": 1758752402677, "arrival_ts": 1758752402677}
{"action": "send", "src": "AS-N158", "dst": "AF-N70", "hlc": {"phys": 1758752414602, "cnt": 0, "node": "AS-N158"}, "package_id": "PKG52401", "payload": {"status": "DELIVERED"}, "sent_ts": 1758752403022, "arrival_ts": 1758752403022}
{"action": "send", "src": "AS-N158", "dst": "EU-N152", "hlc": {"phys": 1758755117172, "cnt": 0, "node": "AS-N158"}, "package_id": "PKG55105", "payload": {"status": "CREATED"}, "sent_ts": 1758755105592, "arrival_ts": 1758755105592}
{"action": "send", "src": "AS-N158", "dst": "EU-N152", "hlc": {"phys": 1758755117593, "cnt": 0, "node": "AS-N158"}, "package_id": "PKG55105", "payload": {"status": "SENT"}, "sent_ts": 1758755106013, "arrival_ts": 1758755106013}
{"action": "send", "src": "AS-N158", "dst": "EU-N152", "hlc": {"phys": 1758755117965, "cnt": 0, "node": "AS-N158"}, "package_id": "PKG55105", "payload": {"status": "IN_TRANSIT"}, "sent_ts": 1758755106385, "arrival_ts": 1758755106385}
{"action": "send", "src": "AS-N158", "dst": "EU-N152", "hlc": {"phys": 1758755118198, "cnt": 0, "node": "AS-N158"}, "package_id": "PKG55105", "payload": {"status": "RECEIVED"}, "sent_ts": 1758755106618, "arrival_ts": 1758755106618}
{"action": "send", "src": "AS-N158", "dst": "EU-N152", "hlc": {"phys": 1758755118545, "cnt": 0, "node": "AS-N158"}, "package_id": "PKG55105", "payload": {"status": "DELIVERED"}, "sent_ts": 1758755106965, "arrival_ts": 1758755106965}
{"action": "send", "src": "AS-N158", "dst": "AU-N142", "hlc": {"phys": 1758756172815, "cnt": 0, "node": "AS-N158"}, "package_id": "PKG56161", "payload": {"status": "CREATED"}, "sent_ts": 1758756161235, "arrival_ts": 1758756161235}
{"action": "send", "src": "AS-N158", "dst": "AU-N142", "hlc": {"phys": 1758756173134, "cnt": 0, "node": "AS-N158"}, "package_id": "PKG56161", "payload": {"status": "SENT"}, "sent_ts": 1758756161554, "arrival_ts": 1758756161554}
{"action": "send", "src": "AS-N158", "dst": "AU-N142", "hlc": {"phys": 1758756173349, "cnt": 0, "node": "AS-N158"}, "package_id": "PKG56161", "payload": {"status": "IN_TRANSIT"}, "sent_ts": 1758756161769, "arrival_ts": 1758756161769}
{"action": "send", "src": "AS-N158", "dst": "AU-N142", "hlc": {"phys": 1758756173692, "cnt": 0, "node": "AS-N158"}, "package_id": "PKG56161", "payload": {"status": "RECEIVED"}, "sent_ts": 1758756162112, "arrival_ts": 1758756162112}
{"action": "send", "src": "AS-N158", "dst": "AU-N142", "hlc": {"phys": 1758756174029, "cnt": 0, "node": "AS-N158"}, "package_id": "PKG56161", "payload": {"status": "DELIVERED"}, "sent_ts": 1758756162449, "arrival_ts": 1758756162449}
{"action": "send", "src": "AS-N158", "dst": "AS-N115", "hlc": {"phys": 1758758316711, "cnt": 0, "node": "AS-N158"}, "package_id": "PKG58305", "payload": {"status": "CREATED"}, "sent_ts": 1758758305131, "arrival_ts": 1758758305131}
{"action": "send", "src": "AS-N158", "dst": "AS-N115", "hlc": {"phys": 1758758317063, "cnt": 0, "node": "AS-N158"}, "package_id": "PKG58305", "payload": {"status": "SENT"}, "sent_ts": 1758758305483, "arrival_ts": 1758758305483}
{"action": "send", "src": "AS-N158", "dst": "AS-N115", "hlc": {"phys": 1758758317301, "cnt": 0, "node": "AS-N158"}, "package_id": "PKG58305", "payload": {"status": "IN_TRANSIT"}, "sent_ts": 1758758305721, "arrival_ts": 1758758305721}
{"action": "send", "src": "AS-N158", "dst": "AS-N115", "hlc": {"phys": 1758758317571, "cnt": 0, "node": "AS-N158"}, "package_id": "PKG58305", "payload": {"status": "RECEIVED"}, "sent_ts": 1758758305991, "arrival_ts": 1758758305991}
{"action": "send", "src": "AS-N158", "dst": "AS-N115", "hlc": {"phys": 1758758317875, "cnt": 0, "node": "AS-N158"}, "package_id": "PKG58305", "payload": {"status": "DELIVERED"}, "sent_ts": 1758758306295, "arrival_ts": 1758758306295}
{"action": "recv", "src": "NA-N139", "dst": "AS-N158", "hlc": {"phys": 1758764108246, "cnt": 0, "node": "NA-N139"}, "package_id": "PKG64106", "payload": {"status": "CREATED"}, "sent_ts": 1758764106856, "arrival_ts": 1758764106912}
{"action": "recv", "src": "NA-N139", "dst": "AS-N158", "hlc": {"phys": 1758764108511, "cnt": 0, "node": "NA-N139"}, "package_id": "PKG64106", "payload": {"status": "SENT"}, "sent_ts": 1758764107121, "arrival_ts": 1758764107187}
{"action": "recv", "src": "NA-N139", "dst": "AS-N158", "hlc": {"phys": 1758764108790, "cnt": 0, "node": "NA-N139"}, "package_id": "PKG64106", "payload": {"status": "IN_TRANSIT"}, "sent_ts": 1758764107400, "arrival_ts": 1758764107580}
{"action": "recv", "src": "NA-N139", "dst": "AS-N158", "hlc": {"phys": 1758764109177, "cnt": 0, "node": "NA-N139"}, "package_id": "PKG64106", "payload": {"status": "RECEIVED"}, "sent_ts": 1758764107787, "arrival_ts": 1758764107843}
{"action": "recv", "src": "NA-N139", "dst": "AS-N158", "hlc": {"phys": 1758764109439, "cnt": 0, "node": "NA-N139"}, "package_id": "PKG64106", "payload": {"status": "DELIVERED"}, "sent_ts": 1758764108049, "arrival_ts": 1758764108218}
{"action": "recv", "src": "AF-N171", "dst": "AS-N158", "hlc": {"phys": 1758764423567, "cnt": 0, "node": "AF-N171"}, "package_id": "PKG64406", "payload": {"status": "CREATED"}, "sent_ts": 1758764406857, "arrival_ts": 1758764407016}
{"action": "recv", "src": "AF-N171", "dst": "AS-N158", "hlc": {"phys": 1758764423942, "cnt": 0, "node": "AF-N171"}, "package_id": "PKG64406", "payload": {"status": "SENT"}, "sent_ts": 1758764407232, "arrival_ts": 1758764407388}
{"action": "recv", "src": "AF-N171", "dst": "AS-N158", "hlc": {"phys": 1758764424310, "cnt": 0, "node": "AF-N171"}, "package_id": "PKG64406", "payload": {"status": "IN_TRANSIT"}, "sent_ts": 1758764407600, "arrival_ts": 1758764407794}
{"action": "recv", "src": "AF-N171", "dst": "AS-N158", "hlc": {"phys": 1758764424698, "cnt": 0, "node": "AF-N171"}, "package_id": "PKG64406", "payload": {"status": "RECEIVED"}, "sent_ts": 1758764407988, "arrival_ts": 1758764408118}
{"action": "recv", "src": "AF-N171", "dst": "AS-N158", "hlc": {"phys": 1758764425024, "cnt": 0, "node": "AF-N171"}, "package_id": "PKG64406", "payload": {"status": "DELIVERED"}, "sent_ts": 1758764408314, "arrival_ts": 1758764408462}
{"action": "recv", "src": "AN-N9", "dst": "AS-N158", "hlc": {"phys": 1758800178718, "cnt": 0, "node": "AN-N9"}, "package_id": "PKG148", "payload": {"status": "CREATED"}, "sent_ts": 1758800148628, "arrival_ts": 1758800148720}
{"action": "recv", "src": "AN-N9", "dst": "AS-N158", "hlc": {"phys": 1758800179027, "cnt": 0, "node": "AN-N9"}, "package_id": "PKG148", "payload": {"status": "SENT"}, "sent_ts": 1758800148937, "arrival_ts": 1758800149043}
{"action": "recv", "src": "AN-N9", "dst": "AS-N158", "hlc": {"phys": 1758800179338, "cnt": 0, "node": "AN-N9"}, "package_id": "PKG148", "payload": {"status": "IN_TRANSIT"}, "sent_ts": 1758800149248, "arrival_ts": 1758800149276}
{"action": "recv", "src": "AN-N9", "dst": "AS-N158", "hlc": {"phys": 1758800179570, "cnt": 0, "node": "AN-N9"}, "package_id": "PKG148", "payload": {"status": "RECEIVED"}, "sent_ts": 1758800149480, "arrival_ts": 1758800149504}
{"action": "recv", "src": "AN-N9", "dst": "AS-N158", "hlc": {"phys": 1758800179788, "cnt": 0, "node": "AN-N9"}, "package_id": "PKG148", "payload": {"status": "DELIVERED"}, "sent_ts": 1758800149698, "arrival_ts": 1758800149793}
{"action": "send", "src": "AS-N158", "dst": "SA-N152", "hlc": {"phys": 1758803169396, "cnt": 0, "node": "AS-N158"}, "package_id": "PKG3157", "payload": {"status": "CREATED"}, "sent_ts": 1758803157816, "arrival_ts": 1758803157816}
{"action": "send", "src": "AS-N158", "dst": "SA-N152", "hlc": {"phys": 1758803169663, "cnt": 0, "node": "AS-N158"}, "package_id": "PKG3157", "payload": {"status": "SENT"}, "sent_ts": 1758803158083, "arrival_ts": 1758803158083}
{"action": "send", "src": "AS-N158", "dst": "SA-N152", "hlc": {"phys": 1758803169988, "cnt": 0, "node": "AS-N158"}, "package_id": "PKG3157", "payload": {"status": "IN_TRANSIT"}, "sent_ts": 1758803158408, "arrival_ts": 1758803158408}
{"action": "send", "src": "AS-N158", "dst": "SA-N152", "hlc": {"phys": 1758803170332, "cnt": 0, "node": "AS-N158"}, "package_id": "PKG3157", "payload": {"status": "RECEIVED"}, "sent_ts": 1758803158752, "arrival_ts": 1758803158752}
{"action": "send", "src": "AS-N158", "dst": "SA-N152", "hlc": {"phys": 1758803170611, "cnt": 0, "node": "AS-N158"}, "package_id": "PKG3157", "payload": {"status": "DELIVERED"}, "sent_ts": 1758803159031, "arrival_ts": 1758803159031}
{"action": "recv", "src": "AN-N13", "dst": "AS-N158", "hlc": {"phys": 1758804346017, "cnt": 0, "node": "AN-N13"}, "package_id": "PKG4315", "payload": {"status": "CREATED"}, "sent_ts": 1758804315887, "arrival_ts": 1758804316041}
{"action": "recv", "src": "AN-N13", "dst": "AS-N158", "hlc": {"phys": 1758804346366, "cnt": 0, "node": "AN-N13"}, "package_id": "PKG4315", "payload": {"status": "SENT"}, "sent_ts": 1758804316236, "arrival_ts": 1758804316352}
{"action": "recv", "src": "AN-N13", "dst": "AS-N158", "hlc": {"phys": 1758804346692, "cnt": 0, "node": "AN-N13"}, "package_id": "PKG4315", "payload": {"status": "IN_TRANSIT"}, "sent_ts": 1758804316562, "arrival_ts": 1758804316686}
{"action": "recv", "src": "AN-N13", "dst": "AS-N158", "hlc": {"phys": 1758804347007, "cnt": 0, "node": "AN-N13"}, "package_id": "PKG4315", "payload": {"status": "RECEIVED"}, "sent_ts": 1758804316877, "arrival_ts": 1758804316932}
{"action": "recv", "src": "AN-N13", "dst": "AS-N158", "hlc": {"phys": 1758804347268, "cnt": 0, "node": "AN-N13"}, "package_id": "PKG4315", "payload": {"status": "DELIVERED"}, "sent_ts": 1758804317138, "arrival_ts": 1758804317282}
{"action": "send", "src": "AS-N158", "dst": "EU-N198", "hlc": {"phys": 1758809609726, "cnt": 0, "node": "AS-N158"}, "package_id": "PKG9598", "payload": {"status": "CREATED"}, "sent_ts": 1758809598146, "arrival_ts": 1758809598146}
{"action": "send", "src": "AS-N158", "dst": "EU-N198", "hlc": {"phys": 1758809609988, "cnt": 0, "node": "AS-N158"}, "package_id": "PKG9598", "payload": {"status": "SENT"}, "sent_ts": 1758809598408, "arrival_ts": 1758809598408}
{"action": "send", "src": "AS-N158", "dst": "EU-N198", "hlc": {"phys": 1758809610253, "cnt": 0, "node": "AS-N158"}, "package_id": "PKG9598", "payload": {"status": "IN_TRANSIT"}, "sent_ts": 1758809598673, "arrival_ts": 1758809598673}
{"action": "send", "src": "AS-N158", "dst": "EU-N198", "hlc": {"phys": 1758809610530, "cnt": 0, "node": "AS-N158"}, "package_id": "PKG9598", "payload": {"status": "RECEIVED"}, "sent_ts": 1758809598950, "arrival_ts": 1758809598950}
{"action": "send", "src": "AS-N158", "dst": "EU-N198", "hlc": {"phys": 1758809610806, "cnt": 0, "node": "AS-N158"}, "package_id": "PKG9598", "payload": {"status": "DELIVERED"}, "sent_ts": 1758809599226, "arrival_ts": 1758809599226}
{"action": "recv", "src": "AS-N153", "dst": "AS-N158", "hlc": {"phys": 1758809745126, "cnt": 0, "node": "AS-N153"}, "package_id": "PKG9733", "payload": {"status": "CREATED"}, "sent_ts": 1758809733596, "arrival_ts": 1758809733625}
{"action": "recv", "src": "AS-N153", "dst": "AS-N158", "hlc": {"phys": 1758809745360, "cnt": 0, "node": "AS-N153"}, "package_id": "PKG9733", "payload": {"status": "SENT"}, "sent_ts": 1758809733830, "arrival_ts": 1758809733962}
{"action": "recv", "src": "AS-N153", "dst": "AS-N158", "hlc": {"phys": 1758809745688, "cnt": 0, "node": "AS-N153"}, "package_id": "PKG9733", "payload": {"status": "IN_TRANSIT"}, "sent_ts": 1758809734158, "arrival_ts": 1758809734272}
{"action": "recv", "src": "AS-N153", "dst": "AS-N158", "hlc": {"phys": 1758809745998, "cnt": 0, "node": "AS-N153"}, "package_id": "PKG9733", "payload": {"status": "RECEIVED"}, "sent_ts": 1758809734468, "arrival_ts": 1758809734590}
{"action": "recv", "src": "AS-N153", "dst": "AS-N158", "hlc": {"phys": 1758809746324, "cnt": 0, "node": "AS-N153"}, "package_id": "PKG9733", "payload": {"status": "DELIVERED"}, "sent_ts": 1758809734794, "arrival_ts": 1758809734910}
{"action": "recv", "src": "AF-N16", "dst": "AS-N158", "hlc": {"phys": 1758809820706, "cnt": 0, "node": "AF-N16"}, "package_id": "PKG9805", "payload": {"status": "CREATED"}, "sent_ts": 1758809805546, "arrival_ts": 1758809805581}
{"action": "recv", "src": "AF-N16", "dst": "AS-N158", "hlc": {"phys": 1758809820955, "cnt": 0, "node": "AF-N16"}, "package_id": "PKG9805", "payload": {"status": "SENT"}, "sent_ts": 1758809805795, "arrival_ts": 1758809805861}
{"action": "recv", "src": "AF-N16", "dst": "AS-N158", "hlc": {"phys": 1758809821234, "cnt": 0, "node": "AF-N16"}, "package_id": "PKG9805", "payload": {"status": "IN_TRANSIT"}, "sent_ts": 1758809806074, "arrival_ts": 1758809806243}
{"action": "recv", "src": "AF-N16", "dst": "AS-N158", "hlc": {"phys": 1758809821608, "cnt": 0, "node": "AF-N16"}, "package_id": "PKG9805", "payload": {"status": "RECEIVED"}, "sent_ts": 1758809806448, "arrival_ts": 1758809806587}
{"action": "recv", "src": "AF-N16", "dst": "AS-N158", "hlc": {"phys": 1758809821950, "cnt": 0, "node": "AF-N16"}, "package_id": "PKG9805", "payload": {"status": "DELIVERED"}, "sent_ts": 1758809806790, "arrival_ts": 1758809806914}
{"action": "send", "src": "AS-N158", "dst": "AU-N35", "hlc": {"phys": 1758815984269, "cnt": 0, "node": "AS-N158"}, "package_id": "PKG15972", "payload": {"status": "CREATED"}, "sent_ts": 1758815972689, "arrival_ts": 1758815972689}
{"action": "send", "src": "AS-N158", "dst": "AU-N35", "hlc": {"phys": 1758815984502, "cnt": 0, "node": "AS-N158"}, "package_id": "PKG15972", "payload": {"status": "SENT"}, "sent_ts": 1758815972922, "arrival_ts": 1758815972922}
{"action": "send", "src": "AS-N158", "dst": "AU-N35", "hlc": {"phys": 1758815984796, "cnt": 0, "node": "AS-N158"}, "package_id": "PKG15972", "payload": {"status": "IN_TRANSIT"}, "sent_ts": 1758815973216, "arrival_ts": 1758815973216}
{"action": "send", "src": "AS-N158", "dst": "AU-N35", "hlc": {"phys": 1758815985028, "cnt": 0, "node": "AS-N158"}, "package_id": "PKG15972", "payload": {"status": "RECEIVED"}, "sent_ts": 1758815973448, "arrival_ts": 1758815973448}
{"action": "send", "src": "AS-N158", "dst": "AU-N35", "hlc": {"phys": 1758815985372, "cnt": 0, "node": "AS-N158"}, "package_id": "PKG15972", "payload": {"status": "DELIVERED"}, "sent_ts": 1758815973792, "arrival_ts": 1758815973792}
{"action": "send", "src": "AS-N158", "dst": "EU-N71", "hlc": {"phys": 1758816419517, "cnt": 0, "node": "AS-N158"}, "package_id": "PKG16407", "payload": {"status": "CREATED"}, "sent_ts": 1758816407937, "arrival_ts": 1758816407937}
{"action": "send", "src": "AS-N158", "dst": "EU-N71", "hlc": {"phys": 1758816419768, "cnt": 0, "node": "AS-N158"}, "package_id": "PKG16407", "payload": {"status": "SENT"}, "sent_ts": 1758816408188, "arrival_ts": 1758816408188}
{"action": "send", "src": "AS-N158", "dst": "EU-N71", "hlc": {"phys": 1758816420017, "cnt": 0, "node": "AS-N158"}, "package_id": "PKG16407", "payload": {"status": "IN_TRANSIT"}, "sent_ts": 1758816408437, "arrival_ts": 1758816408437}
{"action": "send", "src": "AS-N158", "dst": "EU-N71", "hlc": {"phys": 1758816420253, "cnt": 0, "node": "AS-N158"}, "package_id": "PKG16407", "payload": {"status": "RECEIVED"}, "sent_ts": 1758816408673, "arrival_ts": 1758816408673}
{"action": "send", "src": "AS-N158", "dst": "EU-N71", "hlc": {"phys": 1758816420624, "cnt": 0, "node": "AS-N158"}, "package_id": "PKG16407", "payload": {"status": "DELIVERED"}, "sent_ts": 1758816409044, "arrival_ts": 1758816409044}
{"action": "recv", "src": "NA-N145", "dst": "AS-N158", "hlc": {"phys": 1758816479056, "cnt": 0, "node": "NA-N145"}, "package_id": "PKG16477", "payload": {"status": "CREATED"}, "sent_ts": 1758816477606, "arrival_ts": 1758816477671}
{"action": "recv", "src": "NA-N145", "dst": "AS-N158", "hlc": {"phys": 1758816479333, "cnt": 0, "node": "NA-N145"}, "package_id": "PKG16477", "payload": {"status": "SENT"}, "sent_ts": 1758816477883, "arrival_ts": 1758816477926}
{"action": "recv", "src": "NA-N145", "dst": "AS-N158", "hlc": {"phys": 1758816479581, "cnt": 0, "node": "NA-N145"}, "package_id": "PKG16477", "payload": {"status": "IN_TRANSIT"}, "sent_ts": 1758816478131, "arrival_ts": 1758816478230}
{"action": "recv", "src": "NA-N145", "dst": "AS-N158", "hlc": {"phys": 1758816479873, "cnt": 0, "node": "NA-N145"}, "package_id": "PKG16477", "payload": {"status": "RECEIVED"}, "sent_ts": 1758816478423, "arrival_ts": 1758816478565}
{"action": "recv", "src": "NA-N145", "dst": "AS-N158", "hlc": {"phys": 1758816480216, "cnt": 0, "node": "NA-N145"}, "package_id": "PKG16477", "payload": {"status": "DELIVERED"}, "sent_ts": 1758816478766, "arrival_ts": 1758816478850}
