{"action": "recv", "src": "NA-N76", "dst": "AS-N162", "hlc": {"phys": 1758718024161, "cnt": 0, "node": "NA-N76"}, "package_id": "PKG18023", "payload": {"status": "CREATED"}, "sent_ts": 1758718023401, "arrival_ts": 1758718023423}
{"action": "recv", "src": "NA-N76", "dst": "AS-N162", "hlc": {"phys": 1758718024398, "cnt": 0, "node": "NA-N76"}, "package_id": "PKG18023", "payload": {"status": "SENT"}, "sent_ts": 1758718023638, "arrival_ts": 1758718023716}
{"action": "recv", "src": "NA-N76", "dst": "AS-N162", "hlc": {"phys": 1758718024683, "cnt": 0, "node": "NA-N76"}, "package_id": "PKG18023", "payload": {"status": "IN_TRANSIT"}, "sent_ts": 1758718023923, "arrival_ts": 1758718024108}
{"action": "recv", "src": "NA-N76", "dst": "AS-N162", "hlc": {"phys": 1758718025075, "cnt": 0, "node": "NA-N76"}, "package_id": "PKG18023", "payload": {"status": "RECEIVED"}, "sent_ts": 1758718024315, "arrival_ts": 1758718024366}
{"action": "recv", "src": "NA-N76", "dst": "AS-N162", "hlc": {"phys": 1758718025339, "cnt": 0, "node": "NA-N76"}, "package_id": "PKG18023", "payload": {"status": "DELIVERED"}, "sent_ts": 1758718024578, "arrival_ts": 1758718024773}
{"action": "send", "src": "AS-N162", "dst": "AS-N11", "hlc": {"phys": 1758737896008, "cnt": 0, "node": "AS-N162"}, "package_id": "PKG37884", "payload": {"status": "CREATED"}, "sent_ts": 1758737884388, "arrival_ts": 1758737884388}
{"action": "send", "src": "AS-N162", "dst": "AS-N11", "hlc": {"phys": 1758737896395, "cnt": 0, "node": "AS-N162"}, "package_id": "PKG37884", "payload": {"status": "SENT"}, "sent_ts": 1758737884775, "arrival_ts": 1758737884775}
{"action": "send", "src": "AS-N162", "dst": "AS-N11", "hlc": {"phys": 1758737896611, "cnt": 0, "node": "AS-N162"}, "package_id": "PKG37884", "payload": {"status": "IN_TRANSIT"}, "sent_ts": 1758737884991, "arrival_ts": 1758737884991}
{"action": "send", "src": "AS-N162", "dst": "AS-N11", "hlc": {"phys": 1758737896857, "cnt": 0, "node": "AS-N162"}, "package_id": "PKG37884", "payload": {"status": "RECEIVED"}, "sent_ts": 1758737885237, "arrival_ts": 1758737885237}
{"action": "send", "src": "AS-N162", "dst": "AS-N11", "hlc": {"phys": 1758737897246, "cnt": 0, "node": "AS-N162"}, "package_id": "PKG37884", "payload": {"status": "DELIVERED"}, "sent_ts": 1758737885626, "arrival_ts": 1758737885626}
{"action": "recv", "src": "EU-N54", "dst": "AS-N162", "hlc": {"phys": 1758738638293, "cnt": 0, "node": "EU-N54"}, "package_id": "PKG38632", "payload": {"status": "CREATED"}, "sent_ts": 1758738632753, "arrival_ts": 1758738632860}
{"action": "recv", "src": "EU-N54", "dst": "AS-N162", "hlc": {"phys": 1758738638610, "cnt": 0, "node": "EU-N54"}, "package_id": "PKG38632", "payload": {"status": "SENT"}, "sent_ts": 1758738633070, "arrival_ts": 1758738633223}
{"action": "recv", "src": "EU-N54", "dst": "AS-N162", "hlc": {"phys": 1758738638974, "cnt": 0, "node": "EU-N54"}, "package_id": "PKG38632", "payload": {"status": "IN_TRANSIT"}, "sent_ts": 1758738633434, "arrival_ts": 1758738633551}
{"action": "recv", "src": "EU-N54", "dst": "AS-N162", "hlc": {"phys": 1758738639294, "cnt": 0, "node": "EU-N54"}, "package_id": "PKG38632", "payload": {"status": "RECEIVED"}, "sent_ts": 1758738633754, "arrival_ts": 1758738633821}
{"action": "recv", "src": "EU-N54", "dst": "AS-N162", "hlc": {"phys": 1758738639572, "cnt": 0, "node": "EU-N54"}, "package_id": "PKG38632", "payload": {"status": "DELIVERED"}, "sent_ts": 1758738634032, "arrival_ts": 1758738634044}
{"action": "recv", "src": "AU-N105", "dst": "AS-N162", "hlc": {"phys": 1758739951402, "cnt": 0, "node": "AU-N105"}, "package_id": "PKG39925", "payload": {"status": "CREATED"}, "sent_ts": 1758739925352, "arrival_ts": 1758739925507}
{"action": "recv", "src": "AU-N105", "dst": "AS-N162", "hlc": {"phys": 1758739951773, "cnt": 0, "node": "AU-N105"}, "package_id": "PKG39925", "payload": {"status": "SENT"}, "sent_ts": 1758739925723, "arrival_ts": 1758739925919}
{"action": "recv", "src": "AU-N105", "dst": "AS-N162", "hlc": {"phys": 1758739952175, "cnt": 0, "node": "AU-N105"}, "package_id": "PKG39925", "payload": {"status": "IN_TRANSIT"}, "sent_ts": 1758739926125, "arrival_ts": 1758739926139}
{"action": "recv", "src": "AU-N105", "dst": "AS-N162", "hlc": {"phys": 1758739952403, "cnt": 0, "node": "AU-N105"}, "package_id": "PKG39925", "payload": {"status": "RECEIVED"}, "sent_ts": 1758739926353, "arrival_ts": 1758739926526}
{"action": "recv", "src": "AU-N105", "dst": "AS-N162", "hlc": {"phys": 1758739952784, "cnt": 0, "node": "AU-N105"}, "package_id": "PKG39925", "payload": {"status": "DELIVERED"}, "sent_ts": 1758739926734, "arrival_ts": 1758739926784}
{"action": "send", "src": "AS-N162", "dst": "AF-N173", "hlc": {"phys": 1758740014857, "cnt": 0, "node": "AS-N162"}, "package_id": "PKG40003", "payload": {"status": "CREATED"}, "sent_ts": 1758740003237, "arrival_ts": 1758740003237}
{"action": "send", "src": "AS-N162", "dst": "AF-N173", "hlc": {"phys": 1758740015066, "cnt": 0, "node": "AS-N162"}, "package_id": "PKG40003", "payload": {"status": "SENT"}, "sent_ts": 1758740003446, "arrival_ts": 1758740003446}
{"action": "send", "src": "AS-N162", "dst": "AF-N173", "hlc": {"phys": 1758740015422, "cnt": 0, "node": "AS-N162"}, "package_id": "PKG40003", "payload": {"status": "IN_TRANSIT"}, "sent_ts": 1758740003802, "arrival_ts": 1758740003802}
{"action": "send", "src": "AS-N162", "dst": "AF-N173", "hlc": {"phys": 1758740015702, "cnt": 0, "node": "AS-N162"}, "package_id": "PKG40003", "payload": {"status": "RECEIVED"}, "sent_ts": 1758740004082, "arrival_ts": 1758740004082}
{"action": "send", "src": "AS-N162", "dst": "AF-N173", "hlc": {"phys": 1758740015932, "cnt": 0, "node": "AS-N162"}, "package_id": "PKG40003", "payload": {"status": "DELIVERED"}, "sent_ts": 1758740004312, "arrival_ts": 1758740004312}
{"action": "send", "src": "AS-N162", "dst": "AN-N32", "hlc": {"phys": 1758741221679, "cnt": 0, "node": "AS-N162"}, "package_id": "PKG41210", "payload": {"status": "CREATED"}, "sent_ts": 1758741210059, "arrival_ts": 1758741210059}
{"action": "send", "src": "AS-N162", "dst": "AN-N32", "hlc": {"phys": 1758741221945, "cnt": 0, "node": "AS-N162"}, "package_id": "PKG41210", "payload": {"status": "SENT"}, "sent_ts": 1758741210325, "arrival_ts": 1758741210325}
{"action": "send", "src": "AS-N162", "dst": "AN-N32", "hlc": {"phys": 1758741222273, "cnt": 0, "node": "AS-N162"}, "package_id": "PKG41210", "payload": {"status": "IN_TRANSIT"}, "sent_ts": 1758741210653, "arrival_ts": 1758741210653}
{"action": "send", "src": "AS-N162", "dst": "AN-N32", "hlc": {"phys": 1758741222490, "cnt": 0, "node": "AS-N162"}, "package_id": "PKG41210", "payload": {"status": "RECEIVED"}, "sent_ts": 1758741210870, "arrival_ts": 1758741210870}
{"action": "send", "src": "AS-N162", "dst": "AN-N32", "hlc": {"phys": 1758741222738, "cnt": 0, "node": "AS-N162"}, "package_id": "PKG41210", "payload": {"status": "DELIVERED"}, "sent_ts": 1758741211118, "arrival_ts": 1758741211118}
{"action": "send", "src": "AS-N162", "dst": "AF-N1", "hlc": {"phys": 1758742093441, "cnt": 0, "node": "AS-N162"}, "package_id": "PKG42081", "payload": {"status": "CREATED"}, "sent_ts": 1758742081821, "arrival_ts": 1758742081821}
{"action": "send", "src": "AS-N162", "dst": "AF-N1", "hlc": {"phys": 1758742093840, "cnt": 0, "node": "AS-N162"}, "package_id": "PKG42081", "payload": {"status": "SENT"}, "sent_ts": 1758742082220, "arrival_ts": 1758742082220}
{"action": "send", "src": "AS-N162", "dst": "AF-N1", "hlc": {"phys": 1758742094073, "cnt": 0, "node": "AS-N162"}, "package_id": "PKG42081", "payload": {"status": "IN_TRANSIT"}, "sent_ts": 1758742082453, "arrival_ts": 1758742082453}
{"action": "send", "src": "AS-N162", "dst": "AF-N1", "hlc": {"phys": 1758742094353, "cnt": 0, "node": "AS-N162"}, "package_id": "PKG42081", "payload": {"status": "RECEIVED"}, "sent_ts": 1758742082733, "arrival_ts": 1758742082733}
{"action": "send", "src": "AS-N162", "dst": "AF-N1", "hlc": {"phys": 1758742094602, "cnt": 0, "node": "AS-N162"}, "package_id": "PKG42081", "payload": {"status": "DELIVERED"}, "sent_ts": 1758742082982, "arrival_ts": 1758742082982}
{"action": "send", "src": "AS-N162", "dst": "NA-N63", "hlc": {"phys": 1758746767018, "cnt": 0, "node": "AS-N162"}, "package_id": "PKG46755", "payload": {"status": "CREATED"}, "sent_ts": 1758746755398, "arrival_ts": 1758746755398}
{"action": "send", "src": "AS-N162", "dst": "NA-N63", "hlc": {"phys": 1758746767304, "cnt": 0, "node": "AS-N162"}, "package_id": "PKG46755", "payload": {"status": "SENT"}, "sent_ts": 1758746755684, "arrival_ts": 1758746755684}
{"action": "send", "src": "AS-N162", "dst": "NA-N63", "hlc": {"phys": 1758746767648, "cnt": 0, "node": "AS-N162"}, "package_id": "PKG46755", "payload": {"status": "IN_TRANSIT"}, "sent_ts": 1758746756028, "arrival_ts": 1758746756028}
{"action": "send", "src": "AS-N162", "dst": "NA-N63", "hlc": {"phys": 1758746767911, "cnt": 0, "node": "AS-N162"}, "package_id": "PKG46755", "payload": {"status": "RECEIVED"}, "sent_ts": 1758746756291, "arrival_ts": 1758746756291}
{"action": "send", "src": "AS-N162", "dst": "NA-N63", "hlc": {"phys": 1758746768295, "cnt": 0, "node": "AS-N162"}, "package_id": "PKG46755", "payload": {"status": "DELIVERED"}, "sent_ts": 1758746756675, "arrival_ts": 1758746756675}
{"action": "send", "src": "AS-N162", "dst": "AF-N153", "hlc": {"phys": 1758746834584, "cnt": 0, "node": "AS-N162"}, "package_id": "PKG46822", "payload": {"status": "CREATED"}, "sent_ts": 1758746822964, "arrival_ts": 1758746822964}
{"action": "send", "src": "AS-N162", "dst": "AF-N153", "hlc": {"phys": 1758746834948, "cnt": 0, "node": "AS-N162"}, "package_id": "PKG46822", "payload": {"status": "SENT"}, "sent_ts": 1758746823328, "arrival_ts": 1758746823328}
{"action": "send", "src": "AS-N162", "dst": "AF-N153", "hlc": {"phys": 1758746835305, "cnt": 0, "node": "AS-N162"}, "package_id": "PKG46822", "payload": {"status": "IN_TRANSIT"}, "sent_ts": 1758746823685, "arrival_ts": 1758746823685}
{"action": "send", "src": "AS-N162", "dst": "AF-N153", "hlc": {"phys": 1758746835717, "cnt": 0, "node": "AS-N162"}, "package_id": "PKG46822", "payload": {"status": "RECEIVED"}, "sent_ts": 1758746824097, "arrival_ts": 1758746824097}
{"action": "send", "src": "AS-N162", "dst": "AF-N153", "hlc": {"phys": 1758746835995, "cnt": 0, "node": "AS-N162"}, "package_id": "PKG46822", "payload": {"status": "DELIVERED"}, "sent_ts": 1758746824375, "arrival_ts": 1758746824375}
{"action": "send", "src": "AS-N162", "dst": "SA-N156", "hlc": {"phys": 1758747675305, "cnt": 0, "node": "AS-N162"}, "package_id": "PKG47663", "payload": {"status": "CREATED"}, "sent_ts": 1758747663685, "arrival_ts": 1758747663685}
{"action": "send", "src": "AS-N162", "dst": "SA-N156", "hlc": {"phys": 1758747675679, "cnt": 0, "node": "AS-N162"}, "package_id": "PKG47663", "payload": {"status": "SENT"}, "sent_ts": 1758747664059, "arrival_ts": 1758747664059}
{"action": "send", "src": "AS-N162", "dst": "SA-N156", "hlc": {"phys": 1758747676035, "cnt": 0, "node": "AS-N162"}, "package_id": "PKG47663", "payload": {"status": "IN_TRANSIT"}, "sent_ts": 1758747664415, "arrival_ts": 1758747664415}
{"action": "send", "src": "AS-N162", "dst": "SA-N156", "hlc": {"phys": 1758747676424, "cnt": 0, "node": "AS-N162"}, "package_id": "PKG47663", "payload": {"status": "RECEIVED"}, "sent_ts": 1758747664804, "arrival_ts": 1758747664804}
{"action": "send", "src": "AS-N162", "dst": "SA-N156", "hlc": {"phys": 1758747676704, "cnt": 0, "node": "AS-N162"}, "package_id": "PKG47663", "payload": {"status": "DELIVERED"}, "sent_ts": 1758747665084, "arrival_ts": 1758747665084}
{"action": "recv", "src": "AS-N167", "dst": "AS-N162", "hlc": {"phys": 1758752075138, "cnt": 0, "node": "AS-N167"}, "package_id": "PKG52063", "payload": {"status": "CREATED"}, "sent_ts": 1758752063468, "arrival_ts": 1758752063670}
{"action": "recv", "src": "AS-N167", "dst": "AS-N162", "hlc": {"phys": 1758752075553, "cnt": 0, "node": "AS-N167"}, "package_id": "PKG52063", "payload": {"status": "SENT"}, "sent_ts": 1758752063883, "arrival_ts": 1758752064042}
{"action": "recv", "src": "AS-N167", "dst": "AS-N162", "hlc": {"phys": 1758752075912, "cnt": 0, "node": "AS-N167"}, "package_id": "PKG52063", "payload": {"status": "IN_TRANSIT"}, "sent_ts": 1758752064242, "arrival_ts": 1758752064431}
{"action": "recv", "src": "AS-N167", "dst": "AS-N162", "hlc": {"phys": 1758752076301, "cnt": 0, "node": "AS-N167"}, "package_id": "PKG52063", "payload": {"status": "RECEIVED"}, "sent_ts": 1758752064631, "arrival_ts": 1758752064770}
{"action": "recv", "src": "AS-N167", "dst": "AS-N162", "hlc": {"phys": 1758752076640, "cnt": 0, "node": "AS-N167"}, "package_id": "PKG52063", "payload": {"status": "DELIVERED"}, "sent_ts": 1758752064970, "arrival_ts": 1758752065041}
{"action": "send", "src": "AS-N162", "dst": "AU-N161", "hlc": {"phys": 1758753813566, "cnt": 0, "node": "AS-N162"}, "package_id": "PKG53801", "payload": {"status": "CREATED"}, "sent_ts": 1758753801946, "arrival_ts": 1758753801946}
{"action": "send", "src": "AS-N162", "dst": "AU-N161", "hlc": {"phys": 1758753813904, "cnt": 0, "node": "AS-N162"}, "package_id": "PKG53801", "payload": {"status": "SENT"}, "sent_ts": 1758753802284, "arrival_ts": 1758753802284}
{"action": "send", "src": "AS-N162", "dst": "AU-N161", "hlc": {"phys": 1758753814141, "cnt": 0, "node": "AS-N162"}, "package_id": "PKG53801", "payload": {"status": "IN_TRANSIT"}, "sent_ts": 1758753802521, "arrival_ts": 1758753802521}
{"action": "send", "src": "AS-N162", "dst": "AU-N161", "hlc": {"phys": 1758753814516, "cnt": 0, "node": "AS-N162"}, "package_id": "PKG53801", "payload": {"status": "RECEIVED"}, "sent_ts": 1758753802896, "arrival_ts": 1758753802896}
{"action": "send", "src": "AS-N162", "dst": "AU-N161", "hlc": {"phys": 1758753814744, "cnt": 0, "node": "AS-N162"}, "package_id": "PKG53801", "payload": {"status": "DELIVERED"}, "sent_ts": 1758753803124, "arrival_ts": 1758753803124}
{"action": "send", "src": "AS-N162", "dst": "EU-N24", "hlc": {"phys": 1758758492979, "cnt": 0, "node": "AS-N162"}, "package_id": "PKG58481", "payload": {"status": "CREATED"}, "sent_ts": 1758758481359, "arrival_ts": 1758758481359}
{"action": "send", "src": "AS-N162", "dst": "EU-N24", "hlc": {"phys": 1758758493366, "cnt": 0, "node": "AS-N162"}, "package_id": "PKG58481", "payload": {"status": "SENT"}, "sent_ts": 1758758481746, "arrival_ts": 1758758481746}
{"action": "send", "src": "AS-N162", "dst": "EU-N24", "hlc": {"phys": 1758758493598, "cnt": 0, "node": "AS-N162"}, "package_id": "PKG58481", "payload": {"status": "IN_TRANSIT"}, "sent_ts": 1758758481978, "arrival_ts": 1758758481978}
{"action": "send", "src": "AS-N162", "dst": "EU-N24", "hlc": {"phys": 1758758493969, "cnt": 0, "node": "AS-N162"}, "package_id": "PKG58481", "payload": {"status": "RECEIVED"}, "sent_ts": 1758758482349, "arrival_ts": 1758758482349}
{"action": "send", "src": "AS-N162", "dst": "EU-N24", "hlc": {"phys": 1758758494201, "cnt": 0, "node": "AS-N162"}, "package_id": "PKG58481", "payload": {"status": "DELIVERED"}, "sent_ts": 1758758482581, "arrival_ts": 1758758482581}
{"action": "recv", "src": "AN-N60", "dst": "AS-N162", "hlc": {"phys": 1758761027022, "cnt": 0, "node": "AN-N60"}, "package_id": "PKG60996", "payload": {"status": "CREATED"}, "sent_ts": 1758760996422, "arrival_ts": 1758760996580}
{"action": "recv", "src": "AN-N60", "dst": "AS-N162", "hlc": {"phys": 1758761027398, "cnt": 0, "node": "AN-N60"}, "package_id": "PKG60996", "payload": {"status": "SENT"}, "sent_ts": 1758760996798, "arrival_ts": 1758760996853}
{"action": "recv", "src": "AN-N60", "dst": "AS-N162", "hlc": {"phys": 1758761027650, "cnt": 0, "node": "AN-N60"}, "package_id": "PKG60996", "payload": {"status": "IN_TRANSIT"}, "sent_ts": 1758760997050, "arrival_ts": 1758760997189}
{"action": "recv", "src": "AN-N60", "dst": "AS-N162", "hlc": {"phys": 1758761028011, "cnt": 0, "node": "AN-N60"}, "package_id": "PKG60996", "payload": {"status": "RECEIVED"}, "sent_ts": 1758760997411, "arrival_ts": 1758760997532}
{"action": "recv", "src": "AN-N60", "dst": "AS-N162", "hlc": {"phys": 1758761028351, "cnt": 0, "node": "AN-N60"}, "package_id": "PKG60996", "payload": {"status": "DELIVERED"}, "sent_ts": 1758760997751, "arrival_ts": 1758760997942}
{"action": "recv", "src": "NA-N188", "dst": "AS-N162", "hlc": {"phys": 1758761011403, "cnt": 0, "node": "NA-N188"}, "package_id": "PKG61009", "payload": {"status": "CREATED"}, "sent_ts": 1758761009523, "arrival_ts": 1758761009705}
{"action": "recv", "src": "NA-N188", "dst": "AS-N162", "hlc": {"phys": 1758761011796, "cnt": 0, "node": "NA-N188"}, "package_id": "PKG61009", "payload": {"status": "SENT"}, "sent_ts": 1758761009916, "arrival_ts": 1758761010023}
{"action": "recv", "src": "NA-N188", "dst": "AS-N162", "hlc": {"phys": 1758761012111, "cnt": 0, "node": "NA-N188"}, "package_id": "PKG61009", "payload": {"status": "IN_TRANSIT"}, "sent_ts": 1758761010231, "arrival_ts": 1758761010383}
{"action": "recv", "src": "NA-N188", "dst": "AS-N162", "hlc": {"phys": 1758761012468, "cnt": 0, "node": "NA-N188"}, "package_id": "PKG61009", "payload": {"status": "RECEIVED"}, "sent_ts": 1758761010588, "arrival_ts": 1758761010674}
{"action": "recv", "src": "NA-N188", "dst": "AS-N162", "hlc": {"phys": 1758761012775, "cnt": 0, "node": "NA-N188"}, "package_id": "PKG61009", "payload": {"status": "DELIVERED"}, "sent_ts": 1758761010895, "arrival_ts": 1758761011062}
{"action": "recv", "src": "AN-N79", "dst": "AS-N162", "hlc": {"phys": 1758762610853, "cnt": 0, "node": "AN-N79"}, "package_id": "PKG62580", "payload": {"status": "CREATED"}, "sent_ts": 1758762580063, "arrival_ts": 1758762580205}
{"action": "recv", "src": "AN-N79", "dst": "AS-N162", "hlc": {"phys": 1758762611203, "cnt": 0, "node": "AN-N79"}, "package_id": "PKG62580", "payload": {"status": "SENT"}, "sent_ts": 1758762580413, "arrival_ts": 1758762580523}
{"action": "recv", "src": "AN-N79", "dst": "AS-N162", "hlc": {"phys": 1758762611521, "cnt": 0, "node": "AN-N79"}, "package_id": "PKG62580", "payload": {"status": "IN_TRANSIT"}, "sent_ts": 1758762580731, "arrival_ts": 1758762580758}
{"action": "recv", "src": "AN-N79", "dst": "AS-N162", "hlc": {"phys": 1758762611753, "cnt": 0, "node": "AN-N79"}, "package_id": "PKG62580", "payload": {"status": "RECEIVED"}, "sent_ts": 1758762580963, "arrival_ts": 1758762581165}
{"action": "recv", "src": "AN-N79", "dst": "AS-N162", "hlc": {"phys": 1758762612171, "cnt": 0, "node": "AN-N79"}, "package_id": "PKG62580", "payload": {"status": "DELIVERED"}, "sent_ts": 1758762581381, "arrival_ts": 1758762581451}
{"action": "send", "src": "AS-N162", "dst": "AF-N136", "hlc": {"phys": 1758764027191, "cnt": 0, "node": "AS-N162"}, "package_id": "PKG64015", "payload": {"status": "CREATED"}, "sent_ts": 1758764015571, "arrival_ts": 1758764015571}
{"action": "send", "src": "AS-N162", "dst": "AF-N136", "hlc": {"phys": 1758764027560, "cnt": 0, "node": "AS-N162"}, "package_id": "PKG64015", "payload": {"status": "SENT"}, "sent_ts": 1758764015940, "arrival_ts": 1758764015940}
{"action": "send", "src": "AS-N162", "dst": "AF-N136", "hlc": {"phys": 1758764027825, "cnt": 0, "node": "AS-N162"}, "package_id": "PKG64015", "payload": {"status": "IN_TRANSIT"}, "sent_ts": 1758764016205, "arrival_ts": 1758764016205}
{"action": "send", "src": "AS-N162", "dst": "AF-N136", "hlc": {"phys": 1758764028151, "cnt": 0, "node": "AS-N162"}, "package_id": "PKG64015", "payload": {"status": "RECEIVED"}, "sent_ts": 1758764016531, "arrival_ts": 1758764016531}
{"action": "send", "src": "AS-N162", "dst": "AF-N136", "hlc": {"phys": 1758764028417, "cnt": 0, "node": "AS-N162"}, "package_id": "PKG64015", "payload": {"status": "DELIVERED"}, "sent_ts": 1758764016797, "arrival_ts": 1758764016797}
{"action": "recv", "src": "SA-N9", "dst": "AS-N162", "hlc": {"phys": 1758764791235, "cnt": 0, "node": "SA-N9"}, "package_id": "PKG64771", "payload": {"status": "CREATED"}, "sent_ts": 1758764771145, "arrival_ts": 1758764771336}
{"action": "recv", "src": "SA-N9", "dst": "AS-N162", "hlc": {"phys": 1758764791625, "cnt": 0, "node": "SA-N9"}, "package_id": "PKG64771", "payload": {"status": "SENT"}, "sent_ts": 1758764771535, "arrival_ts": 1758764771556}
{"action": "recv", "src": "SA-N9", "dst": "AS-N162", "hlc": {"phys": 1758764791849, "cnt": 0, "node": "SA-N9"}, "package_id": "PKG64771", "payload": {"status": "IN_TRANSIT"}, "sent_ts": 1758764771759, "arrival_ts": 1758764771942}
{"action": "recv", "src": "SA-N9", "dst": "AS-N162", "hlc": {"phys": 1758764792247, "cnt": 0, "node": "SA-N9"}, "package_id": "PKG64771", "payload": {"status": "RECEIVED"}, "sent_ts": 1758764772157, "arrival_ts": 1758764772265}
{"action": "recv", "src": "SA-N9", "dst": "AS-N162", "hlc": {"phys": 1758764792548, "cnt": 0, "node": "SA-N9"}, "package_id": "PKG64771", "payload": {"status": "DELIVERED"}, "sent_ts": 1758764772458, "arrival_ts": 1758764772642}
{"action": "recv", "src": "AN-N170", "dst": "AS-N162", "hlc": {"phys": 1758800071909, "cnt": 0, "node": "AN-N170"}, "package_id": "PKG40", "payload": {"status": "CREATED"}, "sent_ts": 1758800040209, "arrival_ts": 1758800040262}
{"action": "recv", "src": "AN-N170", "dst": "AS-N162", "hlc": {"phys": 1758800072173, "cnt": 0, "node": "AN-N170"}, "package_id": "PKG40", "payload": {"status": "SENT"}, "sent_ts": 1758800040473, "arrival_ts": 1758800040514}
{"action": "recv", "src": "AN-N170", "dst": "AS-N162", "hlc": {"phys": 1758800072421, "cnt": 0, "node": "AN-N170"}, "package_id": "PKG40", "payload": {"status": "IN_TRANSIT"}, "sent_ts": 1758800040721, "arrival_ts": 1758800040766}
{"action": "recv", "src": "AN-N170", "dst": "AS-N162", "hlc": {"phys": 1758800072671, "cnt": 0, "node": "AN-N170"}, "package_id": "PKG40", "payload": {"status": "RECEIVED"}, "sent_ts": 1758800040971, "arrival_ts": 1758800041139}
{"action": "recv", "src": "AN-N170", "dst": "AS-N162", "hlc": {"phys": 1758800073056, "cnt": 0, "node": "AN-N170"}, "package_id": "PKG40", "payload": {"status": "DELIVERED"}, "sent_ts": 1758800041356, "arrival_ts": 1758800041474}
{"action": "send", "src": "AS-N162", "dst": "EU-N30", "hlc": {"phys": 1758800073056, "cnt": 1, "node": "AS-N162"}, "package_id": "PKG45", "payload": {"status": "CREATED"}, "sent_ts": 1758800045243, "arrival_ts": 1758800045243}
{"action": "send", "src": "AS-N162", "dst": "EU-N30", "hlc": {"phys": 1758800073056, "cnt": 2, "node": "AS-N162"}, "package_id": "PKG45", "payload": {"status": "SENT"}, "sent_ts": 1758800045601, "arrival_ts": 1758800045601}
{"action": "send", "src": "AS-N162", "dst": "EU-N30", "hlc": {"phys": 1758800073056, "cnt": 3, "node": "AS-N162"}, "package_id": "PKG45", "payload": {"status": "IN_TRANSIT"}, "sent_ts": 1758800045913, "arrival_ts": 1758800045913}
{"action": "send", "src": "AS-N162", "dst": "EU-N30", "hlc": {"phys": 1758800073056, "cnt": 4, "node": "AS-N162"}, "package_id": "PKG45", "payload": {"status": "RECEIVED"}, "sent_ts": 1758800046252, "arrival_ts": 1758800046252}
{"action": "send", "src": "AS-N162", "dst": "EU-N30", "hlc": {"phys": 1758800073056, "cnt": 5, "node": "AS-N162"}, "package_id": "PKG45", "payload": {"status": "DELIVERED"}, "sent_ts": 1758800046575, "arrival_ts": 1758800046575}
{"action": "send", "src": "AS-N162", "dst": "AU-N2", "hlc": {"phys": 1758809920754, "cnt": 0, "node": "AS-N162"}, "package_id": "PKG9909", "payload": {"status": "CREATED"}, "sent_ts": 1758809909134, "arrival_ts": 1758809909134}
{"action": "send", "src": "AS-N162", "dst": "AU-N2", "hlc": {"phys": 1758809921083, "cnt": 0, "node": "AS-N162"}, "package_id": "PKG9909", "payload": {"status": "SENT"}, "sent_ts": 1758809909463, "arrival_ts": 1758809909463}
{"action": "send", "src": "AS-N162", "dst": "AU-N2", "hlc": {"phys": 1758809922025, "cnt": 0, "node": "AS-N162"}, "package_id": "PKG9909", "payload": {"status": "IN_TRANSIT"}, "sent_ts": 1758809910405, "arrival_ts": 1758809910405}
{"action": "send", "src": "AS-N162", "dst": "AU-N2", "hlc": {"phys": 1758809922354, "cnt": 0, "node": "AS-N162"}, "package_id": "PKG9909", "payload": {"status": "RECEIVED"}, "sent_ts": 1758809910734, "arrival_ts": 1758809910734}
{"action": "send", "src": "AS-N162", "dst": "AU-N2", "hlc": {"phys": 1758809922757, "cnt": 0, "node": "AS-N162"}, "package_id": "PKG9909", "payload": {"status": "DELIVERED"}, "sent_ts": 1758809911137, "arrival_ts": 1758809911137}
{"action": "send", "src": "AS-N162", "dst": "AN-N80", "hlc": {"phys": 1758810622830, "cnt": 0, "node": "AS-N162"}, "package_id": "PKG10611", "payload": {"status": "CREATED"}, "sent_ts": 1758810611210, "arrival_ts": 1758810611210}
{"action": "send", "src": "AS-N162", "dst": "AN-N80", "hlc": {"phys": 1758810623201, "cnt": 0, "node": "AS-N162"}, "package_id": "PKG10611", "payload": {"status": "SENT"}, "sent_ts": 1758810611581, "arrival_ts": 1758810611581}
{"action": "send", "src": "AS-N162", "dst": "AN-N80", "hlc": {"phys": 1758810623514, "cnt": 0, "node": "AS-N162"}, "package_id": "PKG10611", "payload": {"status": "IN_TRANSIT"}, "sent_ts": 1758810611894, "arrival_ts": 1758810611894}
{"action": "send", "src": "AS-N162", "dst": "AN-N80", "hlc": {"phys": 1758810623901, "cnt": 0, "node": "AS-N162"}, "package_id": "PKG10611", "payload": {"status": "RECEIVED"}, "sent_ts": 1758810612281, "arrival_ts": 1758810612281}
{"action": "send", "src": "AS-N162", "dst": "AN-N80", "hlc": {"phys": 1758810624289, "cnt": 0, "node": "AS-N162"}, "package_id": "PKG10611", "payload": {"status": "DELIVERED"}, "sent_ts": 1758810612669, "arrival_ts": 1758810612669}
{"action": "send", "src": "AS-N162", "dst": "AS-N198", "hlc": {"phys": 1758812696928, "cnt": 0, "node": "AS-N162"}, "package_id": "PKG12685", "payload": {"status": "CREATED"}, "sent_ts": 1758812685308, "arrival_ts": 1758812685308}
{"action": "send", "src": "AS-N162", "dst": "AS-N198", "hlc": {"phys": 1758812697266, "cnt": 0, "node": "AS-N162"}, "package_id": "PKG12685", "payload": {"status": "SENT"}, "sent_ts": 1758812685646, "arrival_ts": 1758812685646}
{"action": "send", "src": "AS-N162", "dst": "AS-N198", "hlc": {"phys": 1758812697591, "cnt": 0, "node": "AS-N162"}, "package_id": "PKG12685", "payload": {"status": "IN_TRANSIT"}, "sent_ts": 1758812685971, "arrival_ts": 1758812685971}
{"action": "send", "src": "AS-N162", "dst": "AS-N198", "hlc": {"phys": 1758812697883, "cnt": 0, "node": "AS-N162"}, "package_id": "PKG12685", "payload": {"status": "RECEIVED"}, "sent_ts": 1758812686263, "arrival_ts": 1758812686263}
{"action": "send", "src": "AS-N162", "dst": "AS-N198", "hlc": {"phys": 1758812698117, "cnt": 0, "node": "AS-N162"}, "package_id": "PKG12685", "payload": {"status": "DELIVERED"}, "sent_ts": 1758812686497, "arrival_ts": 1758812686497}
{"action": "send", "src": "AS-N162", "dst": "AN-N71", "hlc": {"phys": 1758813849912, "cnt": 0, "node": "AS-N162"}, "package_id": "PKG13838", "payload": {"status": "CREATED"}, "sent_ts": 1758813838292, "arrival_ts": 1758813838292}
{"action": "send", "src": "AS-N162", "dst": "AN-N71", "hlc": {"phys": 1758813850144, "cnt": 0, "node": "AS-N162"}, "package_id": "PKG13838", "payload": {"status": "SENT"}, "sent_ts": 1758813838524, "arrival_ts": 1758813838524}
{"action": "send", "src": "AS-N162", "dst": "AN-N71", "hlc": {"phys": 1758813850451, "cnt": 0, "node": "AS-N162"}, "package_id": "PKG13838", "payload": {"status": "IN_TRANSIT"}, "sent_ts": 1758813838831, "arrival_ts": 1758813838831}
{"action": "send", "src": "AS-N162", "dst": "AN-N71", "hlc": {"phys": 1758813850731, "cnt": 0, "node": "AS-N162"}, "package_id": "PKG13838", "payload": {"status": "RECEIVED"}, "sent_ts": 1758813839111, "arrival_ts": 1758813839111}
{"action": "send", "src": "AS-N162", "dst": "AN-N71", "hlc": {"phys": 1758813851103, "cnt": 0, "node": "AS-N162"}, "package_id": "PKG13838", "payload": {"status": "DELIVERED"}, "sent_ts": 1758813839483, "arrival_ts": 1758813839483}
{"action": "recv", "src": "EU-N70", "dst": "AS-N162", "hlc": {"phys": 1758814329537, "cnt": 0, "node": "EU-N70"}, "package_id": "PKG14323", "payload": {"status": "CREATED"}, "sent_ts": 1758814323837, "arrival_ts": 1758814323880}
{"action": "recv", "src": "EU-N70", "dst": "AS-N162", "hlc": {"phys": 1758814329785, "cnt": 0, "node": "EU-N70"}, "package_id": "PKG14323", "payload": {"status": "SENT"}, "sent_ts": 1758814324085, "arrival_ts": 1758814324235}
{"action": "recv", "src": "EU-N70", "dst": "AS-N162", "hlc": {"phys": 1758814330140, "cnt": 0, "node": "EU-N70"}, "package_id": "PKG14323", "payload": {"status": "IN_TRANSIT"}, "sent_ts": 1758814324440, "arrival_ts": 1758814324618}
{"action": "recv", "src": "EU-N70", "dst": "AS-N162", "hlc": {"phys": 1758814330514, "cnt": 0, "node": "EU-N70"}, "package_id": "PKG14323", "payload": {"status": "RECEIVED"}, "sent_ts": 1758814324814, "arrival_ts": 1758814324865}
{"action": "recv", "src": "EU-N70", "dst": "AS-N162", "hlc": {"phys": 1758814330764, "cnt": 0, "node": "EU-N70"}, "package_id": "PKG14323", "payload": {"status": "DELIVERED"}, "sent_ts": 1758814325064, "arrival_ts": 1758814325258}
{"action": "send", "src": "AS-N162", "dst": "SA-N105", "hlc": {"phys": 1758815929382, "cnt": 0, "node": "AS-N162"}, "package_id": "PKG15917", "payload": {"status": "CREATED"}, "sent_ts": 1758815917762, "arrival_ts": 1758815917762}
{"action": "send", "src": "AS-N162", "dst": "SA-N105", "hlc": {"phys": 1758815929708, "cnt": 0, "node": "AS-N162"}, "package_id": "PKG15917", "payload": {"status": "SENT"}, "sent_ts": 1758815918088, "arrival_ts": 1758815918088}
{"action": "send", "src": "AS-N162", "dst": "SA-N105", "hlc": {"phys": 1758815929942, "cnt": 0, "node": "AS-N162"}, "package_id": "PKG15917", "payload": {"status": "IN_TRANSIT"}, "sent_ts": 1758815918322, "arrival_ts": 1758815918322}
{"action": "send", "src": "AS-N162", "dst": "SA-N105", "hlc": {"phys": 1758815930253, "cnt": 0, "node": "AS-N162"}, "package_id": "PKG15917", "payload": {"status": "RECEIVED"}, "sent_ts": 1758815918633, "arrival_ts": 1758815918633}
{"action": "send", "src": "AS-N162", "dst": "SA-N105", "hlc": {"phys": 1758815930575, "cnt": 0, "node": "AS-N162"}, "package_id": "PKG15917", "payload": {"status": "DELIVERED"}, "sent_ts": 1758815918955, "arrival_ts": 1758815918955}
{"action": "send", "src": "AS-N162", "dst": "AS-N82", "hlc": {"phys": 1758816463740, "cnt": 0, "node": "AS-N162"}, "package_id": "PKG16452", "payload": {"status": "CREATED"}, "sent_ts": 1758816452120, "arrival_ts": 1758816452120}
{"action": "send", "src": "AS-N162", "dst": "AS-N82", "hlc": {"phys": 1758816464050, "cnt": 0, "node": "AS-N162"}, "package_id": "PKG16452", "payload": {"status": "SENT"}, "sent_ts": 1758816452430, "arrival_ts": 1758816452430}
{"action": "send", "src": "AS-N162", "dst": "AS-N82", "hlc": {"phys": 1758816464346, "cnt": 0, "node": "AS-N162"}, "package_id": "PKG16452", "payload": {"status": "IN_TRANSIT"}, "sent_ts": 1758816452726, "arrival_ts": 1758816452726}
{"action": "send", "src": "AS-N162", "dst": "AS-N82", "hlc": {"phys": 1758816464687, "cnt": 0, "node": "AS-N162"}, "package_id": "PKG16452", "payload": {"status": "RECEIVED"}, "sent_ts": 1758816453067, "arrival_ts": 1758816453067}
{"action": "send", "src": "AS-N162", "dst": "AS-N82", "hlc": {"phys": 1758816464982, "cnt": 0, "node": "AS-N162"}, "package_id": "PKG16452", "payload": {"status": "DELIVERED"}, "sent_ts": 1758816453362, "arrival_ts": 1758816453362}
