{"action": "send", "src": "AS-N90", "dst": "AF-N93", "hlc": {"phys": 1758713720787, "cnt": 0, "node": "AS-N90"}, "package_id": "PKG13709", "payload": {"status": "CREATED"}, "sent_ts": 1758713709887, "arrival_ts": 1758713709887}
{"action": "send", "src": "AS-N90", "dst": "AF-N93", "hlc": {"phys": 1758713721170, "cnt": 0, "node": "AS-N90"}, "package_id": "PKG13709", "payload": {"status": "SENT"}, "sent_ts": 1758713710270, "arrival_ts": 1758713710270}
{"action": "send", "src": "AS-N90", "dst": "AF-N93", "hlc": {"phys": 1758713721570, "cnt": 0, "node": "AS-N90"}, "package_id": "PKG13709", "payload": {"status": "IN_TRANSIT"}, "sent_ts": 1758713710670, "arrival_ts": 1758713710670}
{"action": "send", "src": "AS-N90", "dst": "AF-N93", "hlc": {"phys": 1758713721954, "cnt": 0, "node": "AS-N90"}, "package_id": "PKG13709", "payload": {"status": "RECEIVED"}, "sent_ts": 1758713711054, "arrival_ts": 1758713711054}
{"action": "send", "src": "AS-N90", "dst": "AF-N93", "hlc": {"phys": 1758713722354, "cnt": 0, "node": "AS-N90"}, "package_id": "PKG13709", "payload": {"status": "DELIVERED"}, "sent_ts": 1758713711454, "arrival_ts": 1758713711454}
{"action": "send", "src": "AS-N90", "dst": "AU-N169", "hlc": {"phys": 1758713944254, "cnt": 0, "node": "AS-N90"}, "package_id": "PKG13933", "payload": {"status": "CREATED"}, "sent_ts": 1758713933354, "arrival_ts": 1758713933354}
{"action": "send", "src": "AS-N90", "dst": "AU-N169", "hlc": {"phys": 1758713944515, "cnt": 0, "node": "AS-N90"}, "package_id": "PKG13933", "payload": {"status": "SENT"}, "sent_ts": 1758713933615, "arrival_ts": 1758713933615}
{"action": "send", "src": "AS-N90", "dst": "AU-N169", "hlc": {"phys": 1758713944769, "cnt": 0, "node": "AS-N90"}, "package_id": "PKG13933", "payload": {"status": "IN_TRANSIT"}, "sent_ts": 1758713933869, "arrival_ts": 1758713933870}
{"action": "send", "src": "AS-N90", "dst": "AU-N169", "hlc": {"phys": 1758713945134, "cnt": 0, "node": "AS-N90"}, "package_id": "PKG13933", "payload": {"status": "RECEIVED"}, "sent_ts": 1758713934234, "arrival_ts": 1758713934234}
{"action": "send", "src": "AS-N90", "dst": "AU-N169", "hlc": {"phys": 1758713945533, "cnt": 0, "node": "AS-N90"}, "package_id": "PKG13933", "payload": {"status": "DELIVERED"}, "sent_ts": 1758713934633, "arrival_ts": 1758713934633}
{"action": "recv", "src": "AN-N106", "dst": "AS-N90", "hlc": {"phys": 1758718069984, "cnt": 0, "node": "AN-N106"}, "package_id": "PKG18038", "payload": {"status": "CREATED"}, "sent_ts": 1758718038924, "arrival_ts": 1758718038994}
{"action": "recv", "src": "AN-N106", "dst": "AS-N90", "hlc": {"phys": 1758718070266, "cnt": 0, "node": "AN-N106"}, "package_id": "PKG18038", "payload": {"status": "SENT"}, "sent_ts": 1758718039206, "arrival_ts": 1758718039309}
{"action": "recv", "src": "AN-N106", "dst": "AS-N90", "hlc": {"phys": 1758718070569, "cnt": 0, "node": "AN-N106"}, "package_id": "PKG18038", "payload": {"status": "IN_TRANSIT"}, "sent_ts": 1758718039509, "arrival_ts": 1758718039551}
{"action": "recv", "src": "AN-N106", "dst": "AS-N90", "hlc": {"phys": 1758718070823, "cnt": 0, "node": "AN-N106"}, "package_id": "PKG18038", "payload": {"status": "RECEIVED"}, "sent_ts": 1758718039763, "arrival_ts": 1758718039921}
{"action": "recv", "src": "AN-N106", "dst": "AS-N90", "hlc": {"phys": 1758718071189, "cnt": 0, "node": "AN-N106"}, "package_id": "PKG18038", "payload": {"status": "DELIVERED"}, "sent_ts": 1758718040129, "arrival_ts": 1758718040300}
{"action": "send", "src": "AS-N90", "dst": "NA-N61", "hlc": {"phys": 1758718856576, "cnt": 0, "node": "AS-N90"}, "package_id": "PKG18845", "payload": {"status": "CREATED"}, "sent_ts": 1758718845676, "arrival_ts": 1758718845676}
{"action": "send", "src": "AS-N90", "dst": "NA-N61", "hlc": {"phys": 1758718856932, "cnt": 0, "node": "AS-N90"}, "package_id": "PKG18845", "payload": {"status": "SENT"}, "sent_ts": 1758718846032, "arrival_ts": 1758718846032}
{"action": "send", "src": "AS-N90", "dst": "NA-N61", "hlc": {"phys": 1758718857297, "cnt": 0, "node": "AS-N90"}, "package_id": "PKG18845", "payload": {"status": "IN_TRANSIT"}, "sent_ts": 1758718846397, "arrival_ts": 1758718846397}
{"action": "send", "src": "AS-N90", "dst": "NA-N61", "hlc": {"phys": 1758718857692, "cnt": 0, "node": "AS-N90"}, "package_id": "PKG18845", "payload": {"status": "RECEIVED"}, "sent_ts": 1758718846792, "arrival_ts": 1758718846792}
{"action": "send", "src": "AS-N90", "dst": "NA-N61", "hlc": {"phys": 1758718857983, "cnt": 0, "node": "AS-N90"}, "package_id": "PKG18845", "payload": {"status": "DELIVERED"}, "sent_ts": 1758718847083, "arrival_ts": 1758718847083}
{"action": "send", "src": "AS-N90", "dst": "AS-N200", "hlc": {"phys": 1758739003036, "cnt": 0, "node": "AS-N90"}, "package_id": "PKG38992", "payload": {"status": "CREATED"}, "sent_ts": 1758738992136, "arrival_ts": 1758738992136}
{"action": "send", "src": "AS-N90", "dst": "AS-N200", "hlc": {"phys": 1758739003418, "cnt": 0, "node": "AS-N90"}, "package_id": "PKG38992", "payload": {"status": "SENT"}, "sent_ts": 1758738992518, "arrival_ts": 1758738992518}
{"action": "send", "src": "AS-N90", "dst": "AS-N200", "hlc": {"phys": 1758739003824, "cnt": 0, "node": "AS-N90"}, "package_id": "PKG38992", "payload": {"status": "IN_TRANSIT"}, "sent_ts": 1758738992924, "arrival_ts": 1758738992924}
{"action": "send", "src": "AS-N90", "dst": "AS-N200", "hlc": {"phys": 1758739004127, "cnt": 0, "node": "AS-N90"}, "package_id": "PKG38992", "payload": {"status": "RECEIVED"}, "sent_ts": 1758738993227, "arrival_ts": 1758738993227}
{"action": "send", "src": "AS-N90", "dst": "AS-N200", "hlc": {"phys": 1758739004391, "cnt": 0, "node": "AS-N90"}, "package_id": "PKG38992", "payload": {"status": "DELIVERED"}, "sent_ts": 1758738993491, "arrival_ts": 1758738993491}
{"action": "recv", "src": "AF-N15", "dst": "AS-N90", "hlc": {"phys": 1758744254369, "cnt": 0, "node": "AF-N15"}, "package_id": "PKG44239", "payload": {"status": "CREATED"}, "sent_ts": 1758744239219, "arrival_ts": 1758744239327}
{"action": "recv", "src": "AF-N15", "dst": "AS-N90", "hlc": {"phys": 1758744254691, "cnt": 0, "node": "AF-N15"}, "package_id": "PKG44239", "payload": {"status": "SENT"}, "sent_ts": 1758744239541, "arrival_ts": 1758744239694}
{"action": "recv", "src": "AF-N15", "dst": "AS-N90", "hlc": {"phys": 1758744255044, "cnt": 0, "node": "AF-N15"}, "package_id": "PKG44239", "payload": {"status": "IN_TRANSIT"}, "sent_ts": 1758744239894, "arrival_ts": 1758744240010}
{"action": "recv", "src": "AF-N15", "dst": "AS-N90", "hlc": {"phys": 1758744255371, "cnt": 0, "node": "AF-N15"}, "package_id": "PKG44239", "payload": {"status": "RECEIVED"}, "sent_ts": 1758744240221, "arrival_ts": 1758744240357}
{"action": "recv", "src": "AF-N15", "dst": "AS-N90", "hlc": {"phys": 1758744255726, "cnt": 0, "node": "AF-N15"}, "package_id": "PKG44239", "payload": {"status": "DELIVERED"}, "sent_ts": 1758744240576, "arrival_ts": 1758744240766}
{"action": "send", "src": "AS-N90", "dst": "AN-N192", "hlc": {"phys": 1758745508901, "cnt": 0, "node": "AS-N90"}, "package_id": "PKG45498", "payload": {"status": "CREATED"}, "sent_ts": 1758745498001, "arrival_ts": 1758745498001}
{"action": "send", "src": "AS-N90", "dst": "AN-N192", "hlc": {"phys": 1758745509287, "cnt": 0, "node": "AS-N90"}, "package_id": "PKG45498", "payload": {"status": "SENT"}, "sent_ts": 1758745498387, "arrival_ts": 1758745498387}
{"action": "send", "src": "AS-N90", "dst": "AN-N192", "hlc": {"phys": 1758745509535, "cnt": 0, "node": "AS-N90"}, "package_id": "PKG45498", "payload": {"status": "IN_TRANSIT"}, "sent_ts": 1758745498635, "arrival_ts": 1758745498635}
{"action": "send", "src": "AS-N90", "dst": "AN-N192", "hlc": {"phys": 1758745509858, "cnt": 0, "node": "AS-N90"}, "package_id": "PKG45498", "payload": {"status": "RECEIVED"}, "sent_ts": 1758745498958, "arrival_ts": 1758745498958}
{"action": "send", "src": "AS-N90", "dst": "AN-N192", "hlc": {"phys": 1758745510151, "cnt": 0, "node": "AS-N90"}, "package_id": "PKG45498", "payload": {"status": "DELIVERED"}, "sent_ts": 1758745499251, "arrival_ts": 1758745499251}
{"action": "recv", "src": "AU-N182", "dst": "AS-N90", "hlc": {"phys": 1758752410855, "cnt": 0, "node": "AU-N182"}, "package_id": "PKG52384", "payload": {"status": "CREATED"}, "sent_ts": 1758752384035, "arrival_ts": 1758752384172}
{"action": "recv", "src": "AU-N182", "dst": "AS-N90", "hlc": {"phys": 1758752411212, "cnt": 0, "node": "AU-N182"}, "package_id": "PKG52384", "payload": {"status": "SENT"}, "sent_ts": 1758752384392, "arrival_ts": 1758752384511}
{"action": "recv", "src": "AU-N182", "dst": "AS-N90", "hlc": {"phys": 1758752411534, "cnt": 0, "node": "AU-N182"}, "package_id": "PKG52384", "payload": {"status": "IN_TRANSIT"}, "sent_ts": 1758752384714, "arrival_ts": 1758752384798}
{"action": "recv", "src": "AU-N182", "dst": "AS-N90", "hlc": {"phys": 1758752411832, "cnt": 0, "node": "AU-N182"}, "package_id": "PKG52384", "payload": {"status": "RECEIVED"}, "sent_ts": 1758752385012, "arrival_ts": 1758752385069}
{"action": "recv", "src": "AU-N182", "dst": "AS-N90", "hlc": {"phys": 1758752412102, "cnt": 0, "node": "AU-N182"}, "package_id": "PKG52384", "payload": {"status": "DELIVERED"}, "sent_ts": 1758752385282, "arrival_ts": 1758752385437}
{"action": "recv", "src": "SA-N131", "dst": "AS-N90", "hlc": {"phys": 1758754415270, "cnt": 0, "node": "SA-N131"}, "package_id": "PKG54393", "payload": {"status": "CREATED"}, "sent_ts": 1758754393960, "arrival_ts": 1758754394029}
{"action": "recv", "src": "SA-N131", "dst": "AS-N90", "hlc": {"phys": 1758754415549, "cnt": 0, "node": "SA-N131"}, "package_id": "PKG54393", "payload": {"status": "SENT"}, "sent_ts": 1758754394239, "arrival_ts": 1758754394346}
{"action": "recv", "src": "SA-N131", "dst": "AS-N90", "hlc": {"phys": 1758754415881, "cnt": 0, "node": "SA-N131"}, "package_id": "PKG54393", "payload": {"status": "IN_TRANSIT"}, "sent_ts": 1758754394571, "arrival_ts": 1758754394723}
{"action": "recv", "src": "SA-N131", "dst": "AS-N90", "hlc": {"phys": 1758754416245, "cnt": 0, "node": "SA-N131"}, "package_id": "PKG54393", "payload": {"status": "RECEIVED"}, "sent_ts": 1758754394935, "arrival_ts": 1758754395096}
{"action": "recv", "src": "SA-N131", "dst": "AS-N90", "hlc": {"phys": 1758754416623, "cnt": 0, "node": "SA-N131"}, "package_id": "PKG54393", "payload": {"status": "DELIVERED"}, "sent_ts": 1758754395313, "arrival_ts": 1758754395483}
{"action": "send", "src": "AS-N90", "dst": "EU-N79", "hlc": {"phys": 1758754800727, "cnt": 0, "node": "AS-N90"}, "package_id": "PKG54789", "payload": {"status": "CREATED"}, "sent_ts": 1758754789827, "arrival_ts": 1758754789827}
{"action": "send", "src": "AS-N90", "dst": "EU-N79", "hlc": {"phys": 1758754801006, "cnt": 0, "node": "AS-N90"}, "package_id": "PKG54789", "payload": {"status": "SENT"}, "sent_ts": 1758754790106, "arrival_ts": 1758754790106}
{"action": "send", "src": "AS-N90", "dst": "EU-N79", "hlc": {"phys": 1758754801314, "cnt": 0, "node": "AS-N90"}, "package_id": "PKG54789", "payload": {"status": "IN_TRANSIT"}, "sent_ts": 1758754790414, "arrival_ts": 1758754790414}
{"action": "send", "src": "AS-N90", "dst": "EU-N79", "hlc": {"phys": 1758754801641, "cnt": 0, "node": "AS-N90"}, "package_id": "PKG54789", "payload": {"status": "RECEIVED"}, "sent_ts": 1758754790741, "arrival_ts": 1758754790741}
{"action": "send", "src": "AS-N90", "dst": "EU-N79", "hlc": {"phys": 1758754801936, "cnt": 0, "node": "AS-N90"}, "package_id": "PKG54789", "payload": {"status": "DELIVERED"}, "sent_ts": 1758754791036, "arrival_ts": 1758754791036}
{"action": "recv", "src": "AN-N52", "dst": "AS-N90", "hlc": {"phys": 1758758910707, "cnt": 0, "node": "AN-N52"}, "package_id": "PKG58880", "payload": {"status": "CREATED"}, "sent_ts": 1758758880187, "arrival_ts": 1758758880405}
{"action": "recv", "src": "AN-N52", "dst": "AS-N90", "hlc": {"phys": 1758758911139, "cnt": 0, "node": "AN-N52"}, "package_id": "PKG58880", "payload": {"status": "SENT"}, "sent_ts": 1758758880619, "arrival_ts": 1758758880758}
{"action": "recv", "src": "AN-N52", "dst": "AS-N90", "hlc": {"phys": 1758758911480, "cnt": 0, "node": "AN-N52"}, "package_id": "PKG58880", "payload": {"status": "IN_TRANSIT"}, "sent_ts": 1758758880960, "arrival_ts": 1758758881093}
{"action": "recv", "src": "AN-N52", "dst": "AS-N90", "hlc": {"phys": 1758758911835, "cnt": 0, "node": "AN-N52"}, "package_id": "PKG58880", "payload": {"status": "RECEIVED"}, "sent_ts": 1758758881315, "arrival_ts": 1758758881516}
{"action": "recv", "src": "AN-N52", "dst": "AS-N90", "hlc": {"phys": 1758758912248, "cnt": 0, "node": "AN-N52"}, "package_id": "PKG58880", "payload": {"status": "DELIVERED"}, "sent_ts": 1758758881728, "arrival_ts": 1758758881782}
{"action": "send", "src": "AS-N90", "dst": "NA-N36", "hlc": {"phys": 1758759129410, "cnt": 0, "node": "AS-N90"}, "package_id": "PKG59118", "payload": {"status": "CREATED"}, "sent_ts": 1758759118510, "arrival_ts": 1758759118510}
{"action": "send", "src": "AS-N90", "dst": "NA-N36", "hlc": {"phys": 1758759129734, "cnt": 0, "node": "AS-N90"}, "package_id": "PKG59118", "payload": {"status": "SENT"}, "sent_ts": 1758759118834, "arrival_ts": 1758759118834}
{"action": "send", "src": "AS-N90", "dst": "NA-N36", "hlc": {"phys": 1758759130136, "cnt": 0, "node": "AS-N90"}, "package_id": "PKG59118", "payload": {"status": "IN_TRANSIT"}, "sent_ts": 1758759119236, "arrival_ts": 1758759119236}
{"action": "send", "src": "AS-N90", "dst": "NA-N36", "hlc": {"phys": 1758759130466, "cnt": 0, "node": "AS-N90"}, "package_id": "PKG59118", "payload": {"status": "RECEIVED"}, "sent_ts": 1758759119566, "arrival_ts": 1758759119566}
{"action": "send", "src": "AS-N90", "dst": "NA-N36", "hlc": {"phys": 1758759130820, "cnt": 0, "node": "AS-N90"}, "package_id": "PKG59118", "payload": {"status": "DELIVERED"}, "sent_ts": 1758759119920, "arrival_ts": 1758759119920}
{"action": "send", "src": "AS-N90", "dst": "NA-N2", "hlc": {"phys": 1758760394695, "cnt": 0, "node": "AS-N90"}, "package_id": "PKG60383", "payload": {"status": "CREATED"}, "sent_ts": 1758760383795, "arrival_ts": 1758760383795}
{"action": "send", "src": "AS-N90", "dst": "NA-N2", "hlc": {"phys": 1758760395114, "cnt": 0, "node": "AS-N90"}, "package_id": "PKG60383", "payload": {"status": "SENT"}, "sent_ts": 1758760384214, "arrival_ts": 1758760384214}
{"action": "send", "src": "AS-N90", "dst": "NA-N2", "hlc": {"phys": 1758760395470, "cnt": 0, "node": "AS-N90"}, "package_id": "PKG60383", "payload": {"status": "IN_TRANSIT"}, "sent_ts": 1758760384570, "arrival_ts": 1758760384570}
{"action": "send", "src": "AS-N90", "dst": "NA-N2", "hlc": {"phys": 1758760395798, "cnt": 0, "node": "AS-N90"}, "package_id": "PKG60383", "payload": {"status": "RECEIVED"}, "sent_ts": 1758760384898, "arrival_ts": 1758760384898}
{"action": "send", "src": "AS-N90", "dst": "NA-N2", "hlc": {"phys": 1758760396015, "cnt": 0, "node": "AS-N90"}, "package_id": "PKG60383", "payload": {"status": "DELIVERED"}, "sent_ts": 1758760385115, "arrival_ts": 1758760385115}
{"action": "recv", "src": "AF-N15", "dst": "AS-N90", "hlc": {"phys": 1758761126802, "cnt": 0, "node": "AF-N15"}, "package_id": "PKG61111", "payload": {"status": "CREATED"}, "sent_ts": 1758761111652, "arrival_ts": 1758761111770}
{"action": "recv", "src": "AF-N15", "dst": "AS-N90", "hlc": {"phys": 1758761127128, "cnt": 0, "node": "AF-N15"}, "package_id": "PKG61111", "payload": {"status": "SENT"}, "sent_ts": 1758761111978, "arrival_ts": 1758761112029}
{"action": "recv", "src": "AF-N15", "dst": "AS-N90", "hlc": {"phys": 1758761127391, "cnt": 0, "node": "AF-N15"}, "package_id": "PKG61111", "payload": {"status": "IN_TRANSIT"}, "sent_ts": 1758761112241, "arrival_ts": 1758761112325}
{"action": "recv", "src": "AF-N15", "dst": "AS-N90", "hlc": {"phys": 1758761127685, "cnt": 0, "node": "AF-N15"}, "package_id": "PKG61111", "payload": {"status": "RECEIVED"}, "sent_ts": 1758761112535, "arrival_ts": 1758761112582}
{"action": "recv", "src": "AF-N15", "dst": "AS-N90", "hlc": {"phys": 1758761127935, "cnt": 0, "node": "AF-N15"}, "package_id": "PKG61111", "payload": {"status": "DELIVERED"}, "sent_ts": 1758761112785, "arrival_ts": 1758761112956}
{"action": "send", "src": "AS-N90", "dst": "EU-N168", "hlc": {"phys": 1758761373208, "cnt": 0, "node": "AS-N90"}, "package_id": "PKG61362", "payload": {"status": "CREATED"}, "sent_ts": 1758761362308, "arrival_ts": 1758761362308}
{"action": "send", "src": "AS-N90", "dst": "EU-N168", "hlc": {"phys": 1758761373474, "cnt": 0, "node": "AS-N90"}, "package_id": "PKG61362", "payload": {"status": "SENT"}, "sent_ts": 1758761362574, "arrival_ts": 1758761362574}
{"action": "send", "src": "AS-N90", "dst": "EU-N168", "hlc": {"phys": 1758761373845, "cnt": 0, "node": "AS-N90"}, "package_id": "PKG61362", "payload": {"status": "IN_TRANSIT"}, "sent_ts": 1758761362945, "arrival_ts": 1758761362945}
{"action": "send", "src": "AS-N90", "dst": "EU-N168", "hlc": {"phys": 1758761374185, "cnt": 0, "node": "AS-N90"}, "package_id": "PKG61362", "payload": {"status": "RECEIVED"}, "sent_ts": 1758761363285, "arrival_ts": 1758761363285}
{"action": "send", "src": "AS-N90", "dst": "EU-N168", "hlc": {"phys": 1758761374533, "cnt": 0, "node": "AS-N90"}, "package_id": "PKG61362", "payload": {"status": "DELIVERED"}, "sent_ts": 1758761363633, "arrival_ts": 1758761363633}
{"action": "recv", "src": "EU-N50", "dst": "AS-N90", "hlc": {"phys": 1758762775034, "cnt": 0, "node": "EU-N50"}, "package_id": "PKG62769", "payload": {"status": "CREATED"}, "sent_ts": 1758762769534, "arrival_ts": 1758762769565}
{"action": "recv", "src": "EU-N50", "dst": "AS-N90", "hlc": {"phys": 1758762775267, "cnt": 0, "node": "EU-N50"}, "package_id": "PKG62769", "payload": {"status": "SENT"}, "sent_ts": 1758762769767, "arrival_ts": 1758762769898}
{"action": "recv", "src": "EU-N50", "dst": "AS-N90", "hlc": {"phys": 1758762775594, "cnt": 0, "node": "EU-N50"}, "package_id": "PKG62769", "payload": {"status": "IN_TRANSIT"}, "sent_ts": 1758762770094, "arrival_ts": 1758762770262}
{"action": "recv", "src": "EU-N50", "dst": "AS-N90", "hlc": {"phys": 1758762775981, "cnt": 0, "node": "EU-N50"}, "package_id": "PKG62769", "payload": {"status": "RECEIVED"}, "sent_ts": 1758762770481, "arrival_ts": 1758762770672}
{"action": "recv", "src": "EU-N50", "dst": "AS-N90", "hlc": {"phys": 1758762776385, "cnt": 0, "node": "EU-N50"}, "package_id": "PKG62769", "payload": {"status": "DELIVERED"}, "sent_ts": 1758762770885, "arrival_ts": 1758762770974}
{"action": "send", "src": "AS-N90", "dst": "AN-N61", "hlc": {"phys": 1758764450945, "cnt": 0, "node": "AS-N90"}, "package_id": "PKG64440", "payload": {"status": "CREATED"}, "sent_ts": 1758764440045, "arrival_ts": 1758764440045}
{"action": "send", "src": "AS-N90", "dst": "AN-N61", "hlc": {"phys": 1758764451241, "cnt": 0, "node": "AS-N90"}, "package_id": "PKG64440", "payload": {"status": "SENT"}, "sent_ts": 1758764440341, "arrival_ts": 1758764440341}
{"action": "send", "src": "AS-N90", "dst": "AN-N61", "hlc": {"phys": 1758764451569, "cnt": 0, "node": "AS-N90"}, "package_id": "PKG64440", "payload": {"status": "IN_TRANSIT"}, "sent_ts": 1758764440669, "arrival_ts": 1758764440669}
{"action": "send", "src": "AS-N90", "dst": "AN-N61", "hlc": {"phys": 1758764451792, "cnt": 0, "node": "AS-N90"}, "package_id": "PKG64440", "payload": {"status": "RECEIVED"}, "sent_ts": 1758764440892, "arrival_ts": 1758764440892}
{"action": "send", "src": "AS-N90", "dst": "AN-N61", "hlc": {"phys": 1758764452177, "cnt": 0, "node": "AS-N90"}, "package_id": "PKG64440", "payload": {"status": "DELIVERED"}, "sent_ts": 1758764441277, "arrival_ts": 1758764441277}
{"action": "recv", "src": "SA-N160", "dst": "AS-N90", "hlc": {"phys": 1758800857165, "cnt": 0, "node": "SA-N160"}, "package_id": "PKG835", "payload": {"status": "CREATED"}, "sent_ts": 1758800835565, "arrival_ts": 1758800835649}
{"action": "recv", "src": "SA-N160", "dst": "AS-N90", "hlc": {"phys": 1758800857458, "cnt": 0, "node": "SA-N160"}, "package_id": "PKG835", "payload": {"status": "SENT"}, "sent_ts": 1758800835858, "arrival_ts": 1758800836017}
{"action": "recv", "src": "SA-N160", "dst": "AS-N90", "hlc": {"phys": 1758800857826, "cnt": 0, "node": "SA-N160"}, "package_id": "PKG835", "payload": {"status": "IN_TRANSIT"}, "sent_ts": 1758800836226, "arrival_ts": 1758800836264}
{"action": "recv", "src": "SA-N160", "dst": "AS-N90", "hlc": {"phys": 1758800858074, "cnt": 0, "node": "SA-N160"}, "package_id": "PKG835", "payload": {"status": "RECEIVED"}, "sent_ts": 1758800836474, "arrival_ts": 1758800836619}
{"action": "recv", "src": "SA-N160", "dst": "AS-N90", "hlc": {"phys": 1758800858414, "cnt": 0, "node": "SA-N160"}, "package_id": "PKG835", "payload": {"status": "DELIVERED"}, "sent_ts": 1758800836814, "arrival_ts": 1758800836846}
{"action": "send", "src": "AS-N90", "dst": "SA-N88", "hlc": {"phys": 1758800944917, "cnt": 0, "node": "AS-N90"}, "package_id": "PKG934", "payload": {"status": "CREATED"}, "sent_ts": 1758800934017, "arrival_ts": 1758800934017}
{"action": "send", "src": "AS-N90", "dst": "SA-N88", "hlc": {"phys": 1758800945161, "cnt": 0, "node": "AS-N90"}, "package_id": "PKG934", "payload": {"status": "SENT"}, "sent_ts": 1758800934261, "arrival_ts": 1758800934261}
{"action": "send", "src": "AS-N90", "dst": "SA-N88", "hlc": {"phys": 1758800945502, "cnt": 0, "node": "AS-N90"}, "package_id": "PKG934", "payload": {"status": "IN_TRANSIT"}, "sent_ts": 1758800934602, "arrival_ts": 1758800934602}
{"action": "send", "src": "AS-N90", "dst": "SA-N88", "hlc": {"phys": 1758800945865, "cnt": 0, "node": "AS-N90"}, "package_id": "PKG934", "payload": {"status": "RECEIVED"}, "sent_ts": 1758800934965, "arrival_ts": 1758800934965}
{"action": "send", "src": "AS-N90", "dst": "SA-N88", "hlc": {"phys": 1758800946112, "cnt": 0, "node": "AS-N90"}, "package_id": "PKG934", "payload": {"status": "DELIVERED"}, "sent_ts": 1758800935212, "arrival_ts": 1758800935212}
{"action": "send", "src": "AS-N90", "dst": "SA-N199", "hlc": {"phys": 1758812174188, "cnt": 0, "node": "AS-N90"}, "package_id": "PKG12163", "payload": {"status": "CREATED"}, "sent_ts": 1758812163288, "arrival_ts": 1758812163288}
{"action": "send", "src": "AS-N90", "dst": "SA-N199", "hlc": {"phys": 1758812174577, "cnt": 0, "node": "AS-N90"}, "package_id": "PKG12163", "payload": {"status": "SENT"}, "sent_ts": 1758812163677, "arrival_ts": 1758812163677}
{"action": "send", "src": "AS-N90", "dst": "SA-N199", "hlc": {"phys": 1758812174801, "cnt": 0, "node": "AS-N90"}, "package_id": "PKG12163", "payload": {"status": "IN_TRANSIT"}, "sent_ts": 1758812163901, "arrival_ts": 1758812163902}
{"action": "send", "src": "AS-N90", "dst": "SA-N199", "hlc": {"phys": 1758812175238, "cnt": 0, "node": "AS-N90"}, "package_id": "PKG12163", "payload": {"status": "RECEIVED"}, "sent_ts": 1758812164338, "arrival_ts": 1758812164338}
{"action": "send", "src": "AS-N90", "dst": "SA-N199", "hlc": {"phys": 1758812175513, "cnt": 0, "node": "AS-N90"}, "package_id": "PKG12163", "payload": {"status": "DELIVERED"}, "sent_ts": 1758812164613, "arrival_ts": 1758812164613}
{"action": "recv", "src": "AF-N35", "dst": "AS-N90", "hlc": {"phys": 1758812210368, "cnt": 0, "node": "AF-N35"}, "package_id": "PKG12195", "payload": {"status": "CREATED"}, "sent_ts": 1758812195018, "arrival_ts": 1758812195077}
{"action": "recv", "src": "AF-N35", "dst": "AS-N90", "hlc": {"phys": 1758812210645, "cnt": 0, "node": "AF-N35"}, "package_id": "PKG12195", "payload": {"status": "SENT"}, "sent_ts": 1758812195295, "arrival_ts": 1758812195448}
{"action": "recv", "src": "AF-N35", "dst": "AS-N90", "hlc": {"phys": 1758812211005, "cnt": 0, "node": "AF-N35"}, "package_id": "PKG12195", "payload": {"status": "IN_TRANSIT"}, "sent_ts": 1758812195655, "arrival_ts": 1758812195843}
{"action": "recv", "src": "AF-N35", "dst": "AS-N90", "hlc": {"phys": 1758812211409, "cnt": 0, "node": "AF-N35"}, "package_id": "PKG12195", "payload": {"status": "RECEIVED"}, "sent_ts": 1758812196059, "arrival_ts": 1758812196144}
{"action": "recv", "src": "AF-N35", "dst": "AS-N90", "hlc": {"phys": 1758812211704, "cnt": 0, "node": "AF-N35"}, "package_id": "PKG12195", "payload": {"status": "DELIVERED"}, "sent_ts": 1758812196354, "arrival_ts": 1758812196393}
{"action": "recv", "src": "AF-N190", "dst": "AS-N90", "hlc": {"phys": 1758812239717, "cnt": 0, "node": "AF-N190"}, "package_id": "PKG12222", "payload": {"status": "CREATED"}, "sent_ts": 1758812222817, "arrival_ts": 1758812222866}
{"action": "recv", "src": "AF-N190", "dst": "AS-N90", "hlc": {"phys": 1758812239963, "cnt": 0, "node": "AF-N190"}, "package_id": "PKG12222", "payload": {"status": "SENT"}, "sent_ts": 1758812223063, "arrival_ts": 1758812223146}
{"action": "recv", "src": "AF-N190", "dst": "AS-N90", "hlc": {"phys": 1758812240258, "cnt": 0, "node": "AF-N190"}, "package_id": "PKG12222", "payload": {"status": "IN_TRANSIT"}, "sent_ts": 1758812223358, "arrival_ts": 1758812223495}
{"action": "recv", "src": "AF-N190", "dst": "AS-N90", "hlc": {"phys": 1758812240600, "cnt": 0, "node": "AF-N190"}, "package_id": "PKG12222", "payload": {"status": "RECEIVED"}, "sent_ts": 1758812223700, "arrival_ts": 1758812223774}
{"action": "recv", "src": "AF-N190", "dst": "AS-N90", "hlc": {"phys": 1758812240879, "cnt": 0, "node": "AF-N190"}, "package_id": "PKG12222", "payload": {"status": "DELIVERED"}, "sent_ts": 1758812223979, "arrival_ts": 1758812224150}
{"action": "recv", "src": "NA-N88", "dst": "AS-N90", "hlc": {"phys": 1758812361011, "cnt": 0, "node": "NA-N88"}, "package_id": "PKG12360", "payload": {"status": "CREATED"}, "sent_ts": 1758812360131, "arrival_ts": 1758812360176}
{"action": "recv", "src": "NA-N88", "dst": "AS-N90", "hlc": {"phys": 1758812361271, "cnt": 0, "node": "NA-N88"}, "package_id": "PKG12360", "payload": {"status": "SENT"}, "sent_ts": 1758812360391, "arrival_ts": 1758812360495}
{"action": "recv", "src": "NA-N88", "dst": "AS-N90", "hlc": {"phys": 1758812361569, "cnt": 0, "node": "NA-N88"}, "package_id": "PKG12360", "payload": {"status": "IN_TRANSIT"}, "sent_ts": 1758812360689, "arrival_ts": 1758812360827}
{"action": "recv", "src": "NA-N88", "dst": "AS-N90", "hlc": {"phys": 1758812361911, "cnt": 0, "node": "NA-N88"}, "package_id": "PKG12360", "payload": {"status": "RECEIVED"}, "sent_ts": 1758812361031, "arrival_ts": 1758812361214}
{"action": "recv", "src": "NA-N88", "dst": "AS-N90", "hlc": {"phys": 1758812362302, "cnt": 0, "node": "NA-N88"}, "package_id": "PKG12360", "payload": {"status": "DELIVERED"}, "sent_ts": 1758812361422, "arrival_ts": 1758812361616}
{"action": "send", "src": "AS-N90", "dst": "AN-N41", "hlc": {"phys": 1758812983499, "cnt": 0, "node": "AS-N90"}, "package_id": "PKG12972", "payload": {"status": "CREATED"}, "sent_ts": 1758812972599, "arrival_ts": 1758812972599}
{"action": "send", "src": "AS-N90", "dst": "AN-N41", "hlc": {"phys": 1758812983824, "cnt": 0, "node": "AS-N90"}, "package_id": "PKG12972", "payload": {"status": "SENT"}, "sent_ts": 1758812972924, "arrival_ts": 1758812972924}
{"action": "send", "src": "AS-N90", "dst": "AN-N41", "hlc": {"phys": 1758812984148, "cnt": 0, "node": "AS-N90"}, "package_id": "PKG12972", "payload": {"status": "IN_TRANSIT"}, "sent_ts": 1758812973248, "arrival_ts": 1758812973248}
{"action": "send", "src": "AS-N90", "dst": "AN-N41", "hlc": {"phys": 1758812984552, "cnt": 0, "node": "AS-N90"}, "package_id": "PKG12972", "payload": {"status": "RECEIVED"}, "sent_ts": 1758812973652, "arrival_ts": 1758812973652}
{"action": "send", "src": "AS-N90", "dst": "AN-N41", "hlc": {"phys": 1758812984941, "cnt": 0, "node": "AS-N90"}, "package_id": "PKG12972", "payload": {"status": "DELIVERED"}, "sent_ts": 1758812974041, "arrival_ts": 1758812974041}
{"action": "recv", "src": "NA-N143", "dst": "AS-N90", "hlc": {"phys": 1758814221093, "cnt": 0, "node": "NA-N143"}, "package_id": "PKG14219", "payload": {"status": "CREATED"}, "sent_ts": 1758814219663, "arrival_ts": 1758814219746}
{"action": "recv", "src": "NA-N143", "dst": "AS-N90", "hlc": {"phys": 1758814221373, "cnt": 0, "node": "NA-N143"}, "package_id": "PKG14219", "payload": {"status": "SENT"}, "sent_ts": 1758814219943, "arrival_ts": 1758814220090}
{"action": "recv", "src": "NA-N143", "dst": "AS-N90", "hlc": {"phys": 1758814221716, "cnt": 0, "node": "NA-N143"}, "package_id": "PKG14219", "payload": {"status": "IN_TRANSIT"}, "sent_ts": 1758814220286, "arrival_ts": 1758814220424}
{"action": "recv", "src": "NA-N143", "dst": "AS-N90", "hlc": {"phys": 1758814222060, "cnt": 0, "node": "NA-N143"}, "package_id": "PKG14219", "payload": {"status": "RECEIVED"}, "sent_ts": 1758814220630, "arrival_ts": 1758814220741}
{"action": "recv", "src": "NA-N143", "dst": "AS-N90", "hlc": {"phys": 1758814222370, "cnt": 0, "node": "NA-N143"}, "package_id": "PKG14219", "payload": {"status": "DELIVERED"}, "sent_ts": 1758814220940, "arrival_ts": 1758814221102}
{"action": "recv", "src": "AS-N146", "dst": "AS-N90", "hlc": {"phys": 1758816598238, "cnt": 0, "node": "AS-N146"}, "package_id": "PKG16586", "payload": {"status": "CREATED"}, "sent_ts": 1758816586778, "arrival_ts": 1758816586934}
{"action": "recv", "src": "AS-N146", "dst": "AS-N90", "hlc": {"phys": 1758816598597, "cnt": 0, "node": "AS-N146"}, "package_id": "PKG16586", "payload": {"status": "SENT"}, "sent_ts": 1758816587137, "arrival_ts": 1758816587337}
{"action": "recv", "src": "AS-N146", "dst": "AS-N90", "hlc": {"phys": 1758816599002, "cnt": 0, "node": "AS-N146"}, "package_id": "PKG16586", "payload": {"status": "IN_TRANSIT"}, "sent_ts": 1758816587542, "arrival_ts": 1758816587615}
{"action": "recv", "src": "AS-N146", "dst": "AS-N90", "hlc": {"phys": 1758816599284, "cnt": 0, "node": "AS-N146"}, "package_id": "PKG16586", "payload": {"status": "RECEIVED"}, "sent_ts": 1758816587824, "arrival_ts": 1758816587938}
{"action": "recv", "src": "AS-N146", "dst": "AS-N90", "hlc": {"phys": 1758816599607, "cnt": 0, "node": "AS-N146"}, "package_id": "PKG16586", "payload": {"status": "DELIVERED"}, "sent_ts": 1758816588147, "arrival_ts": 1758816588170}
