{"action": "recv", "src": "AU-N95", "dst": "AS-N168", "hlc": {"phys": 1758713680831, "cnt": 0, "node": "AU-N95"}, "package_id": "PKG13654", "payload": {"status": "CREATED"}, "sent_ts": 1758713654881, "arrival_ts": 1758713655022}
{"action": "recv", "src": "AU-N95", "dst": "AS-N168", "hlc": {"phys": 1758713681169, "cnt": 0, "node": "AU-N95"}, "package_id": "PKG13654", "payload": {"status": "SENT"}, "sent_ts": 1758713655219, "arrival_ts": 1758713655261}
{"action": "recv", "src": "AU-N95", "dst": "AS-N168", "hlc": {"phys": 1758713681413, "cnt": 0, "node": "AU-N95"}, "package_id": "PKG13654", "payload": {"status": "IN_TRANSIT"}, "sent_ts": 1758713655463, "arrival_ts": 1758713655644}
{"action": "recv", "src": "AU-N95", "dst": "AS-N168", "hlc": {"phys": 1758713681806, "cnt": 0, "node": "AU-N95"}, "package_id": "PKG13654", "payload": {"status": "RECEIVED"}, "sent_ts": 1758713655856, "arrival_ts": 1758713656031}
{"action": "recv", "src": "AU-N95", "dst": "AS-N168", "hlc": {"phys": 1758713682184, "cnt": 0, "node": "AU-N95"}, "package_id": "PKG13654", "payload": {"status": "DELIVERED"}, "sent_ts": 1758713656234, "arrival_ts": 1758713656384}
{"action": "recv", "src": "AS-N51", "dst": "AS-N168", "hlc": {"phys": 1758718583296, "cnt": 0, "node": "AS-N51"}, "package_id": "PKG18572", "payload": {"status": "CREATED"}, "sent_ts": 1758718572786, "arrival_ts": 1758718572897}
{"action": "recv", "src": "AS-N51", "dst": "AS-N168", "hlc": {"phys": 1758718583621, "cnt": 0, "node": "AS-N51"}, "package_id": "PKG18572", "payload": {"status": "SENT"}, "sent_ts": 1758718573111, "arrival_ts": 1758718573218}
{"action": "recv", "src": "AS-N51", "dst": "AS-N168", "hlc": {"phys": 1758718583944, "cnt": 0, "node": "AS-N51"}, "package_id": "PKG18572", "payload": {"status": "IN_TRANSIT"}, "sent_ts": 1758718573434, "arrival_ts": 1758718573612}
{"action": "recv", "src": "AS-N51", "dst": "AS-N168", "hlc": {"phys": 1758718584321, "cnt": 0, "node": "AS-N51"}, "package_id": "PKG18572", "payload": {"status": "RECEIVED"}, "sent_ts": 1758718573811, "arrival_ts": 1758718573907}
{"action": "recv", "src": "AS-N51", "dst": "AS-N168", "hlc": {"phys": 1758718584631, "cnt": 0, "node": "AS-N51"}, "package_id": "PKG18572", "payload": {"status": "DELIVERED"}, "sent_ts": 1758718574121, "arrival_ts": 1758718574244}
{"action": "recv", "src": "AU-N38", "dst": "AS-N168", "hlc": {"phys": 1758719315272, "cnt": 0, "node": "AU-N38"}, "package_id": "PKG19289", "payload": {"status": "CREATED"}, "sent_ts": 1758719289892, "arrival_ts": 1758719289964}
{"action": "recv", "src": "AU-N38", "dst": "AS-N168", "hlc": {"phys": 1758719315552, "cnt": 0, "node": "AU-N38"}, "package_id": "PKG19289", "payload": {"status": "SENT"}, "sent_ts": 1758719290172, "arrival_ts": 1758719290341}
{"action": "recv", "src": "AU-N38", "dst": "AS-N168", "hlc": {"phys": 1758719315916, "cnt": 0, "node": "AU-N38"}, "package_id": "PKG19289", "payload": {"status": "IN_TRANSIT"}, "sent_ts": 1758719290536, "arrival_ts": 1758719290654}
{"action": "recv", "src": "AU-N38", "dst": "AS-N168", "hlc": {"phys": 1758719316226, "cnt": 0, "node": "AU-N38"}, "package_id": "PKG19289", "payload": {"status": "RECEIVED"}, "sent_ts": 1758719290846, "arrival_ts": 1758719291024}
{"action": "recv", "src": "AU-N38", "dst": "AS-N168", "hlc": {"phys": 1758719316600, "cnt": 0, "node": "AU-N38"}, "package_id": "PKG19289", "payload": {"status": "DELIVERED"}, "sent_ts": 1758719291220, "arrival_ts": 1758719291349}
{"action": "recv", "src": "AS-N195", "dst": "AS-N168", "hlc": {"phys": 1758741525723, "cnt": 0, "node": "AS-N195"}, "package_id": "PKG41513", "payload": {"status": "CREATED"}, "sent_ts": 1758741513773, "arrival_ts": 1758741513896}
{"action": "recv", "src": "AS-N195", "dst": "AS-N168", "hlc": {"phys": 1758741526052, "cnt": 0, "node": "AS-N195"}, "package_id": "PKG41513", "payload": {"status": "SENT"}, "sent_ts": 1758741514102, "arrival_ts": 1758741514228}
{"action": "recv", "src": "AS-N195", "dst": "AS-N168", "hlc": {"phys": 1758741526391, "cnt": 0, "node": "AS-N195"}, "package_id": "PKG41513", "payload": {"status": "IN_TRANSIT"}, "sent_ts": 1758741514441, "arrival_ts": 1758741514581}
{"action": "recv", "src": "AS-N195", "dst": "AS-N168", "hlc": {"phys": 1758741526746, "cnt": 0, "node": "AS-N195"}, "package_id": "PKG41513", "payload": {"status": "RECEIVED"}, "sent_ts": 1758741514796, "arrival_ts": 1758741514937}
{"action": "recv", "src": "AS-N195", "dst": "AS-N168", "hlc": {"phys": 1758741527092, "cnt": 0, "node": "AS-N195"}, "package_id": "PKG41513", "payload": {"status": "DELIVERED"}, "sent_ts": 1758741515142, "arrival_ts": 1758741515256}
{"action": "recv", "src": "NA-N116", "dst": "AS-N168", "hlc": {"phys": 1758741981651, "cnt": 0, "node": "NA-N116"}, "package_id": "PKG41980", "payload": {"status": "CREATED"}, "sent_ts": 1758741980491, "arrival_ts": 1758741980659}
{"action": "recv", "src": "NA-N116", "dst": "AS-N168", "hlc": {"phys": 1758741982035, "cnt": 0, "node": "NA-N116"}, "package_id": "PKG41980", "payload": {"status": "SENT"}, "sent_ts": 1758741980875, "arrival_ts": 1758741980918}
{"action": "recv", "src": "NA-N116", "dst": "AS-N168", "hlc": {"phys": 1758741982268, "cnt": 0, "node": "NA-N116"}, "package_id": "PKG41980", "payload": {"status": "IN_TRANSIT"}, "sent_ts": 1758741981108, "arrival_ts": 1758741981222}
{"action": "recv", "src": "NA-N116", "dst": "AS-N168", "hlc": {"phys": 1758741982595, "cnt": 0, "node": "NA-N116"}, "package_id": "PKG41980", "payload": {"status": "RECEIVED"}, "sent_ts": 1758741981435, "arrival_ts": 1758741981555}
{"action": "recv", "src": "NA-N116", "dst": "AS-N168", "hlc": {"phys": 1758741982920, "cnt": 0, "node": "NA-N116"}, "package_id": "PKG41980", "payload": {"status": "DELIVERED"}, "sent_ts": 1758741981760, "arrival_ts": 1758741981792}
{"action": "recv", "src": "AN-N8", "dst": "AS-N168", "hlc": {"phys": 1758742740221, "cnt": 0, "node": "AN-N8"}, "package_id": "PKG42710", "payload": {"status": "CREATED"}, "sent_ts": 1758742710141, "arrival_ts": 1758742710230}
{"action": "recv", "src": "AN-N8", "dst": "AS-N168", "hlc": {"phys": 1758742740509, "cnt": 0, "node": "AN-N8"}, "package_id": "PKG42710", "payload": {"status": "SENT"}, "sent_ts": 1758742710429, "arrival_ts": 1758742710538}
{"action": "recv", "src": "AN-N8", "dst": "AS-N168", "hlc": {"phys": 1758742740839, "cnt": 0, "node": "AN-N8"}, "package_id": "PKG42710", "payload": {"status": "IN_TRANSIT"}, "sent_ts": 1758742710759, "arrival_ts": 1758742710794}
{"action": "recv", "src": "AN-N8", "dst": "AS-N168", "hlc": {"phys": 1758742741088, "cnt": 0, "node": "AN-N8"}, "package_id": "PKG42710", "payload": {"status": "RECEIVED"}, "sent_ts": 1758742711008, "arrival_ts": 1758742711027}
{"action": "recv", "src": "AN-N8", "dst": "AS-N168", "hlc": {"phys": 1758742741304, "cnt": 0, "node": "AN-N8"}, "package_id": "PKG42710", "payload": {"status": "DELIVERED"}, "sent_ts": 1758742711224, "arrival_ts": 1758742711247}
{"action": "recv", "src": "AU-N183", "dst": "AS-N168", "hlc": {"phys": 1758744020543, "cnt": 0, "node": "AU-N183"}, "package_id": "PKG43993", "payload": {"status": "CREATED"}, "sent_ts": 1758743993713, "arrival_ts": 1758743993774}
{"action": "recv", "src": "AU-N183", "dst": "AS-N168", "hlc": {"phys": 1758744020809, "cnt": 0, "node": "AU-N183"}, "package_id": "PKG43993", "payload": {"status": "SENT"}, "sent_ts": 1758743993979, "arrival_ts": 1758743994114}
{"action": "recv", "src": "AU-N183", "dst": "AS-N168", "hlc": {"phys": 1758744021154, "cnt": 0, "node": "AU-N183"}, "package_id": "PKG43993", "payload": {"status": "IN_TRANSIT"}, "sent_ts": 1758743994324, "arrival_ts": 1758743994352}
{"action": "recv", "src": "AU-N183", "dst": "AS-N168", "hlc": {"phys": 1758744021376, "cnt": 0, "node": "AU-N183"}, "package_id": "PKG43993", "payload": {"status": "RECEIVED"}, "sent_ts": 1758743994546, "arrival_ts": 1758743994631}
{"action": "recv", "src": "AU-N183", "dst": "AS-N168", "hlc": {"phys": 1758744021672, "cnt": 0, "node": "AU-N183"}, "package_id": "PKG43993", "payload": {"status": "DELIVERED"}, "sent_ts": 1758743994842, "arrival_ts": 1758743994943}
{"action": "send", "src": "AS-N168", "dst": "AS-N9", "hlc": {"phys": 1758745259133, "cnt": 0, "node": "AS-N168"}, "package_id": "PKG45247", "payload": {"status": "CREATED"}, "sent_ts": 1758745247453, "arrival_ts": 1758745247453}
{"action": "send", "src": "AS-N168", "dst": "AS-N9", "hlc": {"phys": 1758745259475, "cnt": 0, "node": "AS-N168"}, "package_id": "PKG45247", "payload": {"status": "SENT"}, "sent_ts": 1758745247795, "arrival_ts": 1758745247795}
{"action": "send", "src": "AS-N168", "dst": "AS-N9", "hlc": {"phys": 1758745259773, "cnt": 0, "node": "AS-N168"}, "package_id": "PKG45247", "payload": {"status": "IN_TRANSIT"}, "sent_ts": 1758745248093, "arrival_ts": 1758745248093}
{"action": "send", "src": "AS-N168", "dst": "AS-N9", "hlc": {"phys": 1758745260097, "cnt": 0, "node": "AS-N168"}, "package_id": "PKG45247", "payload": {"status": "RECEIVED"}, "sent_ts": 1758745248417, "arrival_ts": 1758745248417}
{"action": "send", "src": "AS-N168", "dst": "AS-N9", "hlc": {"phys": 1758745260404, "cnt": 0, "node": "AS-N168"}, "package_id": "PKG45247", "payload": {"status": "DELIVERED"}, "sent_ts": 1758745248724, "arrival_ts": 1758745248724}
{"action": "recv", "src": "AU-N6", "dst": "AS-N168", "hlc": {"phys": 1758746320098, "cnt": 0, "node": "AU-N6"}, "package_id": "PKG46295", "payload": {"status": "CREATED"}, "sent_ts": 1758746295038, "arrival_ts": 1758746295181}
{"action": "recv", "src": "AU-N6", "dst": "AS-N168", "hlc": {"phys": 1758746320455, "cnt": 0, "node": "AU-N6"}, "package_id": "PKG46295", "payload": {"status": "SENT"}, "sent_ts": 1758746295395, "arrival_ts": 1758746295413}
{"action": "recv", "src": "AU-N6", "dst": "AS-N168", "hlc": {"phys": 1758746320693, "cnt": 0, "node": "AU-N6"}, "package_id": "PKG46295", "payload": {"status": "IN_TRANSIT"}, "sent_ts": 1758746295633, "arrival_ts": 1758746295702}
{"action": "recv", "src": "AU-N6", "dst": "AS-N168", "hlc": {"phys": 1758746320977, "cnt": 0, "node": "AU-N6"}, "package_id": "PKG46295", "payload": {"status": "RECEIVED"}, "sent_ts": 1758746295917, "arrival_ts": 1758746296026}
{"action": "recv", "src": "AU-N6", "dst": "AS-N168", "hlc": {"phys": 1758746321287, "cnt": 0, "node": "AU-N6"}, "package_id": "PKG46295", "payload": {"status": "DELIVERED"}, "sent_ts": 1758746296227, "arrival_ts": 1758746296308}
{"action": "recv", "src": "AN-N31", "dst": "AS-N168", "hlc": {"phys": 1758747944191, "cnt": 0, "node": "AN-N31"}, "package_id": "PKG47913", "payload": {"status": "CREATED"}, "sent_ts": 1758747913881, "arrival_ts": 1758747913910}
{"action": "recv", "src": "AN-N31", "dst": "AS-N168", "hlc": {"phys": 1758747944424, "cnt": 0, "node": "AN-N31"}, "package_id": "PKG47913", "payload": {"status": "SENT"}, "sent_ts": 1758747914114, "arrival_ts": 1758747914144}
{"action": "recv", "src": "AN-N31", "dst": "AS-N168", "hlc": {"phys": 1758747944655, "cnt": 0, "node": "AN-N31"}, "package_id": "PKG47913", "payload": {"status": "IN_TRANSIT"}, "sent_ts": 1758747914345, "arrival_ts": 1758747914493}
{"action": "recv", "src": "AN-N31", "dst": "AS-N168", "hlc": {"phys": 1758747945025, "cnt": 0, "node": "AN-N31"}, "package_id": "PKG47913", "payload": {"status": "RECEIVED"}, "sent_ts": 1758747914715, "arrival_ts": 1758747914917}
{"action": "recv", "src": "AN-N31", "dst": "AS-N168", "hlc": {"phys": 1758747945429, "cnt": 0, "node": "AN-N31"}, "package_id": "PKG47913", "payload": {"status": "DELIVERED"}, "sent_ts": 1758747915119, "arrival_ts": 1758747915265}
{"action": "send", "src": "AS-N168", "dst": "NA-N140", "hlc": {"phys": 1758748475935, "cnt": 0, "node": "AS-N168"}, "package_id": "PKG48464", "payload": {"status": "CREATED"}, "sent_ts": 1758748464255, "arrival_ts": 1758748464255}
{"action": "send", "src": "AS-N168", "dst": "NA-N140", "hlc": {"phys": 1758748476257, "cnt": 0, "node": "AS-N168"}, "package_id": "PKG48464", "payload": {"status": "SENT"}, "sent_ts": 1758748464577, "arrival_ts": 1758748464577}
{"action": "send", "src": "AS-N168", "dst": "NA-N140", "hlc": {"phys": 1758748476538, "cnt": 0, "node": "AS-N168"}, "package_id": "PKG48464", "payload": {"status": "IN_TRANSIT"}, "sent_ts": 1758748464858, "arrival_ts": 1758748464858}
{"action": "send", "src": "AS-N168", "dst": "NA-N140", "hlc": {"phys": 1758748476928, "cnt": 0, "node": "AS-N168"}, "package_id": "PKG48464", "payload": {"status": "RECEIVED"}, "sent_ts": 1758748465248, "arrival_ts": 1758748465248}
{"action": "send", "src": "AS-N168", "dst": "NA-N140", "hlc": {"phys": 1758748477175, "cnt": 0, "node": "AS-N168"}, "package_id": "PKG48464", "payload": {"status": "DELIVERED"}, "sent_ts": 1758748465495, "arrival_ts": 1758748465495}
{"action": "send", "src": "AS-N168", "dst": "AF-N184", "hlc": {"phys": 1758748928510, "cnt": 0, "node": "AS-N168"}, "package_id": "PKG48916", "payload": {"status": "CREATED"}, "sent_ts": 1758748916830, "arrival_ts": 1758748916830}
{"action": "send", "src": "AS-N168", "dst": "AF-N184", "hlc": {"phys": 1758748928799, "cnt": 0, "node": "AS-N168"}, "package_id": "PKG48916", "payload": {"status": "SENT"}, "sent_ts": 1758748917119, "arrival_ts": 1758748917119}
{"action": "send", "src": "AS-N168", "dst": "AF-N184", "hlc": {"phys": 1758748929157, "cnt": 0, "node": "AS-N168"}, "package_id": "PKG48916", "payload": {"status": "IN_TRANSIT"}, "sent_ts": 1758748917477, "arrival_ts": 1758748917477}
{"action": "send", "src": "AS-N168", "dst": "AF-N184", "hlc": {"phys": 1758748929503, "cnt": 0, "node": "AS-N168"}, "package_id": "PKG48916", "payload": {"status": "RECEIVED"}, "sent_ts": 1758748917823, "arrival_ts": 1758748917823}
{"action": "send", "src": "AS-N168", "dst": "AF-N184", "hlc": {"phys": 1758748929823, "cnt": 0, "node": "AS-N168"}, "package_id": "PKG48916", "payload": {"status": "DELIVERED"}, "sent_ts": 1758748918143, "arrival_ts": 1758748918143}
{"action": "send", "src": "AS-N168", "dst": "AF-N54", "hlc": {"phys": 1758750159505, "cnt": 0, "node": "AS-N168"}, "package_id": "PKG50147", "payload": {"status": "CREATED"}, "sent_ts": 1758750147825, "arrival_ts": 1758750147825}
{"action": "send", "src": "AS-N168", "dst": "AF-N54", "hlc": {"phys": 1758750159833, "cnt": 0, "node": "AS-N168"}, "package_id": "PKG50147", "payload": {"status": "SENT"}, "sent_ts": 1758750148153, "arrival_ts": 1758750148153}
{"action": "send", "src": "AS-N168", "dst": "AF-N54", "hlc": {"phys": 1758750160164, "cnt": 0, "node": "AS-N168"}, "package_id": "PKG50147", "payload": {"status": "IN_TRANSIT"}, "sent_ts": 1758750148484, "arrival_ts": 1758750148484}
{"action": "send", "src": "AS-N168", "dst": "AF-N54", "hlc": {"phys": 1758750160535, "cnt": 0, "node": "AS-N168"}, "package_id": "PKG50147", "payload": {"status": "RECEIVED"}, "sent_ts": 1758750148855, "arrival_ts": 1758750148855}
{"action": "send", "src": "AS-N168", "dst": "AF-N54", "hlc": {"phys": 1758750160754, "cnt": 0, "node": "AS-N168"}, "package_id": "PKG50147", "payload": {"status": "DELIVERED"}, "sent_ts": 1758750149074, "arrival_ts": 1758750149074}
{"action": "send", "src": "AS-N168", "dst": "AS-N4", "hlc": {"phys": 1758753087111, "cnt": 0, "node": "AS-N168"}, "package_id": "PKG53075", "payload": {"status": "CREATED"}, "sent_ts": 1758753075431, "arrival_ts": 1758753075431}
{"action": "send", "src": "AS-N168", "dst": "AS-N4", "hlc": {"phys": 1758753087367, "cnt": 0, "node": "AS-N168"}, "package_id": "PKG53075", "payload": {"status": "SENT"}, "sent_ts": 1758753075687, "arrival_ts": 1758753075687}
{"action": "send", "src": "AS-N168", "dst": "AS-N4", "hlc": {"phys": 1758753087764, "cnt": 0, "node": "AS-N168"}, "package_id": "PKG53075", "payload": {"status": "IN_TRANSIT"}, "sent_ts": 1758753076084, "arrival_ts": 1758753076084}
{"action": "send", "src": "AS-N168", "dst": "AS-N4", "hlc": {"phys": 1758753088154, "cnt": 0, "node": "AS-N168"}, "package_id": "PKG53075", "payload": {"status": "RECEIVED"}, "sent_ts": 1758753076474, "arrival_ts": 1758753076474}
{"action": "send", "src": "AS-N168", "dst": "AS-N4", "hlc": {"phys": 1758753088447, "cnt": 0, "node": "AS-N168"}, "package_id": "PKG53075", "payload": {"status": "DELIVERED"}, "sent_ts": 1758753076767, "arrival_ts": 1758753076767}
{"action": "recv", "src": "NA-N54", "dst": "AS-N168", "hlc": {"phys": 1758759243574, "cnt": 0, "node": "NA-N54"}, "package_id": "PKG59243", "payload": {"status": "CREATED"}, "sent_ts": 1758759243034, "arrival_ts": 1758759243229}
{"action": "recv", "src": "NA-N54", "dst": "AS-N168", "hlc": {"phys": 1758759243985, "cnt": 0, "node": "NA-N54"}, "package_id": "PKG59243", "payload": {"status": "SENT"}, "sent_ts": 1758759243445, "arrival_ts": 1758759243641}
{"action": "recv", "src": "NA-N54", "dst": "AS-N168", "hlc": {"phys": 1758759244387, "cnt": 0, "node": "NA-N54"}, "package_id": "PKG59243", "payload": {"status": "IN_TRANSIT"}, "sent_ts": 1758759243847, "arrival_ts": 1758759243949}
{"action": "recv", "src": "NA-N54", "dst": "AS-N168", "hlc": {"phys": 1758759244701, "cnt": 0, "node": "NA-N54"}, "package_id": "PKG59243", "payload": {"status": "RECEIVED"}, "sent_ts": 1758759244161, "arrival_ts": 1758759244221}
{"action": "recv", "src": "NA-N54", "dst": "AS-N168", "hlc": {"phys": 1758759244973, "cnt": 0, "node": "NA-N54"}, "package_id": "PKG59243", "payload": {"status": "DELIVERED"}, "sent_ts": 1758759244433, "arrival_ts": 1758759244564}
{"action": "send", "src": "AS-N168", "dst": "SA-N14", "hlc": {"phys": 1758762554462, "cnt": 0, "node": "AS-N168"}, "package_id": "PKG62542", "payload": {"status": "CREATED"}, "sent_ts": 1758762542782, "arrival_ts": 1758762542782}
{"action": "send", "src": "AS-N168", "dst": "SA-N14", "hlc": {"phys": 1758762554709, "cnt": 0, "node": "AS-N168"}, "package_id": "PKG62542", "payload": {"status": "SENT"}, "sent_ts": 1758762543029, "arrival_ts": 1758762543029}
{"action": "send", "src": "AS-N168", "dst": "SA-N14", "hlc": {"phys": 1758762554928, "cnt": 0, "node": "AS-N168"}, "package_id": "PKG62542", "payload": {"status": "IN_TRANSIT"}, "sent_ts": 1758762543248, "arrival_ts": 1758762543248}
{"action": "send", "src": "AS-N168", "dst": "SA-N14", "hlc": {"phys": 1758762555253, "cnt": 0, "node": "AS-N168"}, "package_id": "PKG62542", "payload": {"status": "RECEIVED"}, "sent_ts": 1758762543573, "arrival_ts": 1758762543573}
{"action": "send", "src": "AS-N168", "dst": "SA-N14", "hlc": {"phys": 1758762555486, "cnt": 0, "node": "AS-N168"}, "package_id": "PKG62542", "payload": {"status": "DELIVERED"}, "sent_ts": 1758762543806, "arrival_ts": 1758762543806}
{"action": "send", "src": "AS-N168", "dst": "EU-N111", "hlc": {"phys": 1758764891453, "cnt": 0, "node": "AS-N168"}, "package_id": "PKG64879", "payload": {"status": "CREATED"}, "sent_ts": 1758764879773, "arrival_ts": 1758764879773}
{"action": "send", "src": "AS-N168", "dst": "EU-N111", "hlc": {"phys": 1758764891738, "cnt": 0, "node": "AS-N168"}, "package_id": "PKG64879", "payload": {"status": "SENT"}, "sent_ts": 1758764880058, "arrival_ts": 1758764880058}
{"action": "send", "src": "AS-N168", "dst": "EU-N111", "hlc": {"phys": 1758764892008, "cnt": 0, "node": "AS-N168"}, "package_id": "PKG64879", "payload": {"status": "IN_TRANSIT"}, "sent_ts": 1758764880328, "arrival_ts": 1758764880328}
{"action": "send", "src": "AS-N168", "dst": "EU-N111", "hlc": {"phys": 1758764892375, "cnt": 0, "node": "AS-N168"}, "package_id": "PKG64879", "payload": {"status": "RECEIVED"}, "sent_ts": 1758764880695, "arrival_ts": 1758764880695}
{"action": "send", "src": "AS-N168", "dst": "EU-N111", "hlc": {"phys": 1758764892730, "cnt": 0, "node": "AS-N168"}, "package_id": "PKG64879", "payload": {"status": "DELIVERED"}, "sent_ts": 1758764881050, "arrival_ts": 1758764881050}
{"action": "send", "src": "AS-N168", "dst": "SA-N60", "hlc": {"phys": 1758800144852, "cnt": 0, "node": "AS-N168"}, "package_id": "PKG133", "payload": {"status": "CREATED"}, "sent_ts": 1758800133172, "arrival_ts": 1758800133172}
{"action": "send", "src": "AS-N168", "dst": "SA-N60", "hlc": {"phys": 1758800145102, "cnt": 0, "node": "AS-N168"}, "package_id": "PKG133", "payload": {"status": "SENT"}, "sent_ts": 1758800133422, "arrival_ts": 1758800133422}
{"action": "send", "src": "AS-N168", "dst": "SA-N60", "hlc": {"phys": 1758800145474, "cnt": 0, "node": "AS-N168"}, "package_id": "PKG133", "payload": {"status": "IN_TRANSIT"}, "sent_ts": 1758800133794, "arrival_ts": 1758800133794}
{"action": "send", "src": "AS-N168", "dst": "SA-N60", "hlc": {"phys": 1758800145830, "cnt": 0, "node": "AS-N168"}, "package_id": "PKG133", "payload": {"status": "RECEIVED"}, "sent_ts": 1758800134150, "arrival_ts": 1758800134150}
{"action": "send", "src": "AS-N168", "dst": "SA-N60", "hlc": {"phys": 1758800146234, "cnt": 0, "node": "AS-N168"}, "package_id": "PKG133", "payload": {"status": "DELIVERED"}, "sent_ts": 1758800134554, "arrival_ts": 1758800134554}
{"action": "send", "src": "AS-N168", "dst": "NA-N171", "hlc": {"phys": 1758801267256, "cnt": 0, "node": "AS-N168"}, "package_id": "PKG1255", "payload": {"status": "CREATED"}, "sent_ts": 1758801255576, "arrival_ts": 1758801255576}
{"action": "send", "src": "AS-N168", "dst": "NA-N171", "hlc": {"phys": 1758801267623, "cnt": 0, "node": "AS-N168"}, "package_id": "PKG1255", "payload": {"status": "SENT"}, "sent_ts": 1758801255943, "arrival_ts": 1758801255943}
{"action": "send", "src": "AS-N168", "dst": "NA-N171", "hlc": {"phys": 1758801267923, "cnt": 0, "node": "AS-N168"}, "package_id": "PKG1255", "payload": {"status": "IN_TRANSIT"}, "sent_ts": 1758801256243, "arrival_ts": 1758801256243}
{"action": "send", "src": "AS-N168", "dst": "NA-N171", "hlc": {"phys": 1758801268202, "cnt": 0, "node": "AS-N168"}, "package_id": "PKG1255", "payload": {"status": "RECEIVED"}, "sent_ts": 1758801256522, "arrival_ts": 1758801256522}
{"action": "send", "src": "AS-N168", "dst": "NA-N171", "hlc": {"phys": 1758801268497, "cnt": 0, "node": "AS-N168"}, "package_id": "PKG1255", "payload": {"status": "DELIVERED"}, "sent_ts": 1758801256817, "arrival_ts": 1758801256817}
{"action": "send", "src": "AS-N168", "dst": "AU-N189", "hlc": {"phys": 1758803177267, "cnt": 0, "node": "AS-N168"}, "package_id": "PKG3165", "payload": {"status": "CREATED"}, "sent_ts": 1758803165587, "arrival_ts": 1758803165587}
{"action": "send", "src": "AS-N168", "dst": "AU-N189", "hlc": {"phys": 1758803177547, "cnt": 0, "node": "AS-N168"}, "package_id": "PKG3165", "payload": {"status": "SENT"}, "sent_ts": 1758803165867, "arrival_ts": 1758803165867}
{"action": "send", "src": "AS-N168", "dst": "AU-N189", "hlc": {"phys": 1758803177766, "cnt": 0, "node": "AS-N168"}, "package_id": "PKG3165", "payload": {"status": "IN_TRANSIT"}, "sent_ts": 1758803166086, "arrival_ts": 1758803166086}
{"action": "send", "src": "AS-N168", "dst": "AU-N189", "hlc": {"phys": 1758803178073, "cnt": 0, "node": "AS-N168"}, "package_id": "PKG3165", "payload": {"status": "RECEIVED"}, "sent_ts": 1758803166393, "arrival_ts": 1758803166393}
{"action": "send", "src": "AS-N168", "dst": "AU-N189", "hlc": {"phys": 1758803178338, "cnt": 0, "node": "AS-N168"}, "package_id": "PKG3165", "payload": {"status": "DELIVERED"}, "sent_ts": 1758803166658, "arrival_ts": 1758803166658}
{"action": "send", "src": "AS-N168", "dst": "AF-N32", "hlc": {"phys": 1758805228479, "cnt": 0, "node": "AS-N168"}, "package_id": "PKG5216", "payload": {"status": "CREATED"}, "sent_ts": 1758805216799, "arrival_ts": 1758805216799}
{"action": "send", "src": "AS-N168", "dst": "AF-N32", "hlc": {"phys": 1758805228893, "cnt": 0, "node": "AS-N168"}, "package_id": "PKG5216", "payload": {"status": "SENT"}, "sent_ts": 1758805217213, "arrival_ts": 1758805217213}
{"action": "send", "src": "AS-N168", "dst": "AF-N32", "hlc": {"phys": 1758805229186, "cnt": 0, "node": "AS-N168"}, "package_id": "PKG5216", "payload": {"status": "IN_TRANSIT"}, "sent_ts": 1758805217506, "arrival_ts": 1758805217506}
{"action": "send", "src": "AS-N168", "dst": "AF-N32", "hlc": {"phys": 1758805229460, "cnt": 0, "node": "AS-N168"}, "package_id": "PKG5216", "payload": {"status": "RECEIVED"}, "sent_ts": 1758805217780, "arrival_ts": 1758805217780}
{"action": "send", "src": "AS-N168", "dst": "AF-N32", "hlc": {"phys": 1758805229755, "cnt": 0, "node": "AS-N168"}, "package_id": "PKG5216", "payload": {"status": "DELIVERED"}, "sent_ts": 1758805218075, "arrival_ts": 1758805218075}
{"action": "send", "src": "AS-N168", "dst": "AS-N145", "hlc": {"phys": 1758805601212, "cnt": 0, "node": "AS-N168"}, "package_id": "PKG5589", "payload": {"status": "CREATED"}, "sent_ts": 1758805589532, "arrival_ts": 1758805589532}
{"action": "send", "src": "AS-N168", "dst": "AS-N145", "hlc": {"phys": 1758805601538, "cnt": 0, "node": "AS-N168"}, "package_id": "PKG5589", "payload": {"status": "SENT"}, "sent_ts": 1758805589858, "arrival_ts": 1758805589858}
{"action": "send", "src": "AS-N168", "dst": "AS-N145", "hlc": {"phys": 1758805601846, "cnt": 0, "node": "AS-N168"}, "package_id": "PKG5589", "payload": {"status": "IN_TRANSIT"}, "sent_ts": 1758805590166, "arrival_ts": 1758805590166}
{"action": "send", "src": "AS-N168", "dst": "AS-N145", "hlc": {"phys": 1758805602203, "cnt": 0, "node": "AS-N168"}, "package_id": "PKG5589", "payload": {"status": "RECEIVED"}, "sent_ts": 1758805590523, "arrival_ts": 1758805590523}
{"action": "send", "src": "AS-N168", "dst": "AS-N145", "hlc": {"phys": 1758805602498, "cnt": 0, "node": "AS-N168"}, "package_id": "PKG5589", "payload": {"status": "DELIVERED"}, "sent_ts": 1758805590818, "arrival_ts": 1758805590818}
{"action": "recv", "src": "AS-N70", "dst": "AS-N168", "hlc": {"phys": 1758805783147, "cnt": 0, "node": "AS-N70"}, "package_id": "PKG5772", "payload": {"status": "CREATED"}, "sent_ts": 1758805772447, "arrival_ts": 1758805772476}
{"action": "recv", "src": "AS-N70", "dst": "AS-N168", "hlc": {"phys": 1758805783382, "cnt": 0, "node": "AS-N70"}, "package_id": "PKG5772", "payload": {"status": "SENT"}, "sent_ts": 1758805772682, "arrival_ts": 1758805772794}
{"action": "recv", "src": "AS-N70", "dst": "AS-N168", "hlc": {"phys": 1758805783679, "cnt": 0, "node": "AS-N70"}, "package_id": "PKG5772", "payload": {"status": "IN_TRANSIT"}, "sent_ts": 1758805772979, "arrival_ts": 1758805773012}
{"action": "recv", "src": "AS-N70", "dst": "AS-N168", "hlc": {"phys": 1758805783910, "cnt": 0, "node": "AS-N70"}, "package_id": "PKG5772", "payload": {"status": "RECEIVED"}, "sent_ts": 1758805773210, "arrival_ts": 1758805773300}
{"action": "recv", "src": "AS-N70", "dst": "AS-N168", "hlc": {"phys": 1758805784206, "cnt": 0, "node": "AS-N70"}, "package_id": "PKG5772", "payload": {"status": "DELIVERED"}, "sent_ts": 1758805773506, "arrival_ts": 1758805773630}
{"action": "recv", "src": "AU-N121", "dst": "AS-N168", "hlc": {"phys": 1758813276537, "cnt": 0, "node": "AU-N121"}, "package_id": "PKG13250", "payload": {"status": "CREATED"}, "sent_ts": 1758813250327, "arrival_ts": 1758813250450}
{"action": "recv", "src": "AU-N121", "dst": "AS-N168", "hlc": {"phys": 1758813276862, "cnt": 0, "node": "AU-N121"}, "package_id": "PKG13250", "payload": {"status": "SENT"}, "sent_ts": 1758813250652, "arrival_ts": 1758813250733}
{"action": "recv", "src": "AU-N121", "dst": "AS-N168", "hlc": {"phys": 1758813277138, "cnt": 0, "node": "AU-N121"}, "package_id": "PKG13250", "payload": {"status": "IN_TRANSIT"}, "sent_ts": 1758813250928, "arrival_ts": 1758813251045}
{"action": "recv", "src": "AU-N121", "dst": "AS-N168", "hlc": {"phys": 1758813277446, "cnt": 0, "node": "AU-N121"}, "package_id": "PKG13250", "payload": {"status": "RECEIVED"}, "sent_ts": 1758813251236, "arrival_ts": 1758813251423}
{"action": "recv", "src": "AU-N121", "dst": "AS-N168", "hlc": {"phys": 1758813277850, "cnt": 0, "node": "AU-N121"}, "package_id": "PKG13250", "payload": {"status": "DELIVERED"}, "sent_ts": 1758813251640, "arrival_ts": 1758813251836}
