{"action": "send", "src": "AS-N175", "dst": "NA-N187", "hlc": {"phys": 1758714102018, "cnt": 0, "node": "AS-N175"}, "package_id": "PKG14090", "payload": {"status": "CREATED"}, "sent_ts": 1758714090268, "arrival_ts": 1758714090268}
{"action": "send", "src": "AS-N175", "dst": "NA-N187", "hlc": {"phys": 1758714102300, "cnt": 0, "node": "AS-N175"}, "package_id": "PKG14090", "payload": {"status": "SENT"}, "sent_ts": 1758714090550, "arrival_ts": 1758714090550}
{"action": "send", "src": "AS-N175", "dst": "NA-N187", "hlc": {"phys": 1758714102526, "cnt": 0, "node": "AS-N175"}, "package_id": "PKG14090", "payload": {"status": "IN_TRANSIT"}, "sent_ts": 1758714090776, "arrival_ts": 1758714090776}
{"action": "send", "src": "AS-N175", "dst": "NA-N187", "hlc": {"phys": 1758714102870, "cnt": 0, "node": "AS-N175"}, "package_id": "PKG14090", "payload": {"status": "RECEIVED"}, "sent_ts": 1758714091120, "arrival_ts": 1758714091120}
{"action": "send", "src": "AS-N175", "dst": "NA-N187", "hlc": {"phys": 1758714103131, "cnt": 0, "node": "AS-N175"}, "package_id": "PKG14090", "payload": {"status": "DELIVERED"}, "sent_ts": 1758714091381, "arrival_ts": 1758714091381}
{"action": "send", "src": "AS-N175", "dst": "AF-N131", "hlc": {"phys": 1758737841745, "cnt": 0, "node": "AS-N175"}, "package_id": "PKG37829", "payload": {"status": "CREATED"}, "sent_ts": 1758737829995, "arrival_ts": 1758737829995}
{"action": "send", "src": "AS-N175", "dst": "AF-N131", "hlc": {"phys": 1758737842146, "cnt": 0, "node": "AS-N175"}, "package_id": "PKG37829", "payload": {"status": "SENT"}, "sent_ts": 1758737830396, "arrival_ts": 1758737830396}
{"action": "send", "src": "AS-N175", "dst": "AF-N131", "hlc": {"phys": 1758737842489, "cnt": 0, "node": "AS-N175"}, "package_id": "PKG37829", "payload": {"status": "IN_TRANSIT"}, "sent_ts": 1758737830739, "arrival_ts": 1758737830739}
{"action": "send", "src": "AS-N175", "dst": "AF-N131", "hlc": {"phys": 1758737842813, "cnt": 0, "node": "AS-N175"}, "package_id": "PKG37829", "payload": {"status": "RECEIVED"}, "sent_ts": 1758737831063, "arrival_ts": 1758737831063}
{"action": "send", "src": "AS-N175", "dst": "AF-N131", "hlc": {"phys": 1758737843214, "cnt": 0, "node": "AS-N175"}, "package_id": "PKG37829", "payload": {"status": "DELIVERED"}, "sent_ts": 1758737831464, "arrival_ts": 1758737831464}
{"action": "recv", "src": "AS-N31", "dst": "AS-N175", "hlc": {"phys": 1758739360813, "cnt": 0, "node": "AS-N31"}, "package_id": "PKG39350", "payload": {"status": "CREATED"}, "sent_ts": 1758739350503, "arrival_ts": 1758739350571}
{"action": "recv", "src": "AS-N31", "dst": "AS-N175", "hlc": {"phys": 1758739361077, "cnt": 0, "node": "AS-N31"}, "package_id": "PKG39350", "payload": {"status": "SENT"}, "sent_ts": 1758739350767, "arrival_ts": 1758739350898}
{"action": "recv", "src": "AS-N31", "dst": "AS-N175", "hlc": {"phys": 1758739361404, "cnt": 0, "node": "AS-N31"}, "package_id": "PKG39350", "payload": {"status": "IN_TRANSIT"}, "sent_ts": 1758739351094, "arrival_ts": 1758739351205}
{"action": "recv", "src": "AS-N31", "dst": "AS-N175", "hlc": {"phys": 1758739361716, "cnt": 0, "node": "AS-N31"}, "package_id": "PKG39350", "payload": {"status": "RECEIVED"}, "sent_ts": 1758739351406, "arrival_ts": 1758739351493}
{"action": "recv", "src": "AS-N31", "dst": "AS-N175", "hlc": {"phys": 1758739362000, "cnt": 0, "node": "AS-N31"}, "package_id": "PKG39350", "payload": {"status": "DELIVERED"}, "sent_ts": 1758739351689, "arrival_ts": 1758739351826}
{"action": "recv", "src": "AN-N16", "dst": "AS-N175", "hlc": {"phys": 1758744251373, "cnt": 0, "node": "AN-N16"}, "package_id": "PKG44221", "payload": {"status": "CREATED"}, "sent_ts": 1758744221213, "arrival_ts": 1758744221305}
{"action": "recv", "src": "AN-N16", "dst": "AS-N175", "hlc": {"phys": 1758744251666, "cnt": 0, "node": "AN-N16"}, "package_id": "PKG44221", "payload": {"status": "SENT"}, "sent_ts": 1758744221506, "arrival_ts": 1758744221565}
{"action": "recv", "src": "AN-N16", "dst": "AS-N175", "hlc": {"phys": 1758744251928, "cnt": 0, "node": "AN-N16"}, "package_id": "PKG44221", "payload": {"status": "IN_TRANSIT"}, "sent_ts": 1758744221768, "arrival_ts": 1758744221844}
{"action": "recv", "src": "AN-N16", "dst": "AS-N175", "hlc": {"phys": 1758744252192, "cnt": 0, "node": "AN-N16"}, "package_id": "PKG44221", "payload": {"status": "RECEIVED"}, "sent_ts": 1758744222031, "arrival_ts": 1758744222135}
{"action": "recv", "src": "AN-N16", "dst": "AS-N175", "hlc": {"phys": 1758744252516, "cnt": 0, "node": "AN-N16"}, "package_id": "PKG44221", "payload": {"status": "DELIVERED"}, "sent_ts": 1758744222356, "arrival_ts": 1758744222539}
{"action": "send", "src": "AS-N175", "dst": "AN-N167", "hlc": {"phys": 1758745674715, "cnt": 0, "node": "AS-N175"}, "package_id": "PKG45662", "payload": {"status": "CREATED"}, "sent_ts": 1758745662965, "arrival_ts": 1758745662965}
{"action": "send", "src": "AS-N175", "dst": "AN-N167", "hlc": {"phys": 1758745675068, "cnt": 0, "node": "AS-N175"}, "package_id": "PKG45662", "payload": {"status": "SENT"}, "sent_ts": 1758745663318, "arrival_ts": 1758745663318}
{"action": "send", "src": "AS-N175", "dst": "AN-N167", "hlc": {"phys": 1758745675411, "cnt": 0, "node": "AS-N175"}, "package_id": "PKG45662", "payload": {"status": "IN_TRANSIT"}, "sent_ts": 1758745663661, "arrival_ts": 1758745663661}
{"action": "send", "src": "AS-N175", "dst": "AN-N167", "hlc": {"phys": 1758745675751, "cnt": 0, "node": "AS-N175"}, "package_id": "PKG45662", "payload": {"status": "RECEIVED"}, "sent_ts": 1758745664001, "arrival_ts": 1758745664001}
{"action": "send", "src": "AS-N175", "dst": "AN-N167", "hlc": {"phys": 1758745676137, "cnt": 0, "node": "AS-N175"}, "package_id": "PKG45662", "payload": {"status": "DELIVERED"}, "sent_ts": 1758745664387, "arrival_ts": 1758745664387}
{"action": "recv", "src": "AU-N125", "dst": "AS-N175", "hlc": {"phys": 1758745811547, "cnt": 0, "node": "AU-N125"}, "package_id": "PKG45785", "payload": {"status": "CREATED"}, "sent_ts": 1758745785297, "arrival_ts": 1758745785419}
{"action": "recv", "src": "AU-N125", "dst": "AS-N175", "hlc": {"phys": 1758745811876, "cnt": 0, "node": "AU-N125"}, "package_id": "PKG45785", "payload": {"status": "SENT"}, "sent_ts": 1758745785626, "arrival_ts": 1758745785707}
{"action": "recv", "src": "AU-N125", "dst": "AS-N175", "hlc": {"phys": 1758745812167, "cnt": 0, "node": "AU-N125"}, "package_id": "PKG45785", "payload": {"status": "IN_TRANSIT"}, "sent_ts": 1758745785917, "arrival_ts": 1758745785991}
{"action": "recv", "src": "AU-N125", "dst": "AS-N175", "hlc": {"phys": 1758745812455, "cnt": 0, "node": "AU-N125"}, "package_id": "PKG45785", "payload": {"status": "RECEIVED"}, "sent_ts": 1758745786205, "arrival_ts": 1758745786267}
{"action": "recv", "src": "AU-N125", "dst": "AS-N175", "hlc": {"phys": 1758745812743, "cnt": 0, "node": "AU-N125"}, "package_id": "PKG45785", "payload": {"status": "DELIVERED"}, "sent_ts": 1758745786493, "arrival_ts": 1758745786631}
{"action": "send", "src": "AS-N175", "dst": "SA-N111", "hlc": {"phys": 1758747365749, "cnt": 0, "node": "AS-N175"}, "package_id": "PKG47353", "payload": {"status": "CREATED"}, "sent_ts": 1758747353999, "arrival_ts": 1758747353999}
{"action": "send", "src": "AS-N175", "dst": "SA-N111", "hlc": {"phys": 1758747366105, "cnt": 0, "node": "AS-N175"}, "package_id": "PKG47353", "payload": {"status": "SENT"}, "sent_ts": 1758747354355, "arrival_ts": 1758747354355}
{"action": "send", "src": "AS-N175", "dst": "SA-N111", "hlc": {"phys": 1758747366485, "cnt": 0, "node": "AS-N175"}, "package_id": "PKG47353", "payload": {"status": "IN_TRANSIT"}, "sent_ts": 1758747354735, "arrival_ts": 1758747354735}
{"action": "send", "src": "AS-N175", "dst": "SA-N111", "hlc": {"phys": 1758747366836, "cnt": 0, "node": "AS-N175"}, "package_id": "PKG47353", "payload": {"status": "RECEIVED"}, "sent_ts": 1758747355086, "arrival_ts": 1758747355086}
{"action": "send", "src": "AS-N175", "dst": "SA-N111", "hlc": {"phys": 1758747367134, "cnt": 0, "node": "AS-N175"}, "package_id": "PKG47353", "payload": {"status": "DELIVERED"}, "sent_ts": 1758747355384, "arrival_ts": 1758747355384}
{"action": "recv", "src": "AS-N76", "dst": "AS-N175", "hlc": {"phys": 1758748528492, "cnt": 0, "node": "AS-N76"}, "package_id": "PKG48517", "payload": {"status": "CREATED"}, "sent_ts": 1758748517732, "arrival_ts": 1758748517764}
{"action": "recv", "src": "AS-N76", "dst": "AS-N175", "hlc": {"phys": 1758748528740, "cnt": 0, "node": "AS-N76"}, "package_id": "PKG48517", "payload": {"status": "SENT"}, "sent_ts": 1758748517980, "arrival_ts": 1758748518047}
{"action": "recv", "src": "AS-N76", "dst": "AS-N175", "hlc": {"phys": 1758748529023, "cnt": 0, "node": "AS-N76"}, "package_id": "PKG48517", "payload": {"status": "IN_TRANSIT"}, "sent_ts": 1758748518263, "arrival_ts": 1758748518461}
{"action": "recv", "src": "AS-N76", "dst": "AS-N175", "hlc": {"phys": 1758748529432, "cnt": 0, "node": "AS-N76"}, "package_id": "PKG48517", "payload": {"status": "RECEIVED"}, "sent_ts": 1758748518672, "arrival_ts": 1758748518817}
{"action": "recv", "src": "AS-N76", "dst": "AS-N175", "hlc": {"phys": 1758748529782, "cnt": 0, "node": "AS-N76"}, "package_id": "PKG48517", "payload": {"status": "DELIVERED"}, "sent_ts": 1758748519022, "arrival_ts": 1758748519094}
{"action": "recv", "src": "EU-N160", "dst": "AS-N175", "hlc": {"phys": 1758755122877, "cnt": 0, "node": "EU-N160"}, "package_id": "PKG55116", "payload": {"status": "CREATED"}, "sent_ts": 1758755116277, "arrival_ts": 1758755116386}
{"action": "recv", "src": "EU-N160", "dst": "AS-N175", "hlc": {"phys": 1758755123191, "cnt": 0, "node": "EU-N160"}, "package_id": "PKG55116", "payload": {"status": "SENT"}, "sent_ts": 1758755116591, "arrival_ts": 1758755116668}
{"action": "recv", "src": "EU-N160", "dst": "AS-N175", "hlc": {"phys": 1758755123469, "cnt": 0, "node": "EU-N160"}, "package_id": "PKG55116", "payload": {"status": "IN_TRANSIT"}, "sent_ts": 1758755116869, "arrival_ts": 1758755116967}
{"action": "recv", "src": "EU-N160", "dst": "AS-N175", "hlc": {"phys": 1758755123785, "cnt": 0, "node": "EU-N160"}, "package_id": "PKG55116", "payload": {"status": "RECEIVED"}, "sent_ts": 1758755117185, "arrival_ts": 1758755117239}
{"action": "recv", "src": "EU-N160", "dst": "AS-N175", "hlc": {"phys": 1758755124064, "cnt": 0, "node": "EU-N160"}, "package_id": "PKG55116", "payload": {"status": "DELIVERED"}, "sent_ts": 1758755117464, "arrival_ts": 1758755117606}
{"action": "send", "src": "AS-N175", "dst": "NA-N170", "hlc": {"phys": 1758756034255, "cnt": 0, "node": "AS-N175"}, "package_id": "PKG56022", "payload": {"status": "CREATED"}, "sent_ts": 1758756022505, "arrival_ts": 1758756022505}
{"action": "send", "src": "AS-N175", "dst": "NA-N170", "hlc": {"phys": 1758756034647, "cnt": 0, "node": "AS-N175"}, "package_id": "PKG56022", "payload": {"status": "SENT"}, "sent_ts": 1758756022897, "arrival_ts": 1758756022897}
{"action": "send", "src": "AS-N175", "dst": "NA-N170", "hlc": {"phys": 1758756035024, "cnt": 0, "node": "AS-N175"}, "package_id": "PKG56022", "payload": {"status": "IN_TRANSIT"}, "sent_ts": 1758756023274, "arrival_ts": 1758756023274}
{"action": "send", "src": "AS-N175", "dst": "NA-N170", "hlc": {"phys": 1758756035374, "cnt": 0, "node": "AS-N175"}, "package_id": "PKG56022", "payload": {"status": "RECEIVED"}, "sent_ts": 1758756023624, "arrival_ts": 1758756023624}
{"action": "send", "src": "AS-N175", "dst": "NA-N170", "hlc": {"phys": 1758756035714, "cnt": 0, "node": "AS-N175"}, "package_id": "PKG56022", "payload": {"status": "DELIVERED"}, "sent_ts": 1758756023964, "arrival_ts": 1758756023964}
{"action": "send", "src": "AS-N175", "dst": "AS-N71", "hlc": {"phys": 1758756837587, "cnt": 0, "node": "AS-N175"}, "package_id": "PKG56825", "payload": {"status": "CREATED"}, "sent_ts": 1758756825837, "arrival_ts": 1758756825837}
{"action": "send", "src": "AS-N175", "dst": "AS-N71", "hlc": {"phys": 1758756837860, "cnt": 0, "node": "AS-N175"}, "package_id": "PKG56825", "payload": {"status": "SENT"}, "sent_ts": 1758756826109, "arrival_ts": 1758756826110}
{"action": "send", "src": "AS-N175", "dst": "AS-N71", "hlc": {"phys": 1758756838203, "cnt": 0, "node": "AS-N175"}, "package_id": "PKG56825", "payload": {"status": "IN_TRANSIT"}, "sent_ts": 1758756826453, "arrival_ts": 1758756826453}
{"action": "send", "src": "AS-N175", "dst": "AS-N71", "hlc": {"phys": 1758756838578, "cnt": 0, "node": "AS-N175"}, "package_id": "PKG56825", "payload": {"status": "RECEIVED"}, "sent_ts": 1758756826828, "arrival_ts": 1758756826828}
{"action": "send", "src": "AS-N175", "dst": "AS-N71", "hlc": {"phys": 1758756838900, "cnt": 0, "node": "AS-N175"}, "package_id": "PKG56825", "payload": {"status": "DELIVERED"}, "sent_ts": 1758756827150, "arrival_ts": 1758756827150}
{"action": "recv", "src": "EU-N24", "dst": "AS-N175", "hlc": {"phys": 1758757227761, "cnt": 0, "node": "EU-N24"}, "package_id": "PKG57222", "payload": {"status": "CREATED"}, "sent_ts": 1758757222521, "arrival_ts": 1758757222559}
{"action": "recv", "src": "EU-N24", "dst": "AS-N175", "hlc": {"phys": 1758757228002, "cnt": 0, "node": "EU-N24"}, "package_id": "PKG57222", "payload": {"status": "SENT"}, "sent_ts": 1758757222762, "arrival_ts": 1758757222902}
{"action": "recv", "src": "EU-N24", "dst": "AS-N175", "hlc": {"phys": 1758757228350, "cnt": 0, "node": "EU-N24"}, "package_id": "PKG57222", "payload": {"status": "IN_TRANSIT"}, "sent_ts": 1758757223110, "arrival_ts": 1758757223156}
{"action": "recv", "src": "EU-N24", "dst": "AS-N175", "hlc": {"phys": 1758757228615, "cnt": 0, "node": "EU-N24"}, "package_id": "PKG57222", "payload": {"status": "RECEIVED"}, "sent_ts": 1758757223375, "arrival_ts": 1758757223515}
{"action": "recv", "src": "EU-N24", "dst": "AS-N175", "hlc": {"phys": 1758757228965, "cnt": 0, "node": "EU-N24"}, "package_id": "PKG57222", "payload": {"status": "DELIVERED"}, "sent_ts": 1758757223725, "arrival_ts": 1758757223850}
{"action": "send", "src": "AS-N175", "dst": "SA-N35", "hlc": {"phys": 1758757555314, "cnt": 0, "node": "AS-N175"}, "package_id": "PKG57543", "payload": {"status": "CREATED"}, "sent_ts": 1758757543564, "arrival_ts": 1758757543564}
{"action": "send", "src": "AS-N175", "dst": "SA-N35", "hlc": {"phys": 1758757555694, "cnt": 0, "node": "AS-N175"}, "package_id": "PKG57543", "payload": {"status": "SENT"}, "sent_ts": 1758757543944, "arrival_ts": 1758757543944}
{"action": "send", "src": "AS-N175", "dst": "SA-N35", "hlc": {"phys": 1758757555940, "cnt": 0, "node": "AS-N175"}, "package_id": "PKG57543", "payload": {"status": "IN_TRANSIT"}, "sent_ts": 1758757544190, "arrival_ts": 1758757544190}
{"action": "send", "src": "AS-N175", "dst": "SA-N35", "hlc": {"phys": 1758757556179, "cnt": 0, "node": "AS-N175"}, "package_id": "PKG57543", "payload": {"status": "RECEIVED"}, "sent_ts": 1758757544429, "arrival_ts": 1758757544430}
{"action": "send", "src": "AS-N175", "dst": "SA-N35", "hlc": {"phys": 1758757556449, "cnt": 0, "node": "AS-N175"}, "package_id": "PKG57543", "payload": {"status": "DELIVERED"}, "sent_ts": 1758757544699, "arrival_ts": 1758757544699}
{"action": "recv", "src": "EU-N65", "dst": "AS-N175", "hlc": {"phys": 1758759689403, "cnt": 0, "node": "EU-N65"}, "package_id": "PKG59683", "payload": {"status": "CREATED"}, "sent_ts": 1758759683753, "arrival_ts": 1758759683944}
{"action": "recv", "src": "EU-N65", "dst": "AS-N175", "hlc": {"phys": 1758759689791, "cnt": 0, "node": "EU-N65"}, "package_id": "PKG59683", "payload": {"status": "SENT"}, "sent_ts": 1758759684141, "arrival_ts": 1758759684158}
{"action": "recv", "src": "EU-N65", "dst": "AS-N175", "hlc": {"phys": 1758759690026, "cnt": 0, "node": "EU-N65"}, "package_id": "PKG59683", "payload": {"status": "IN_TRANSIT"}, "sent_ts": 1758759684376, "arrival_ts": 1758759684573}
{"action": "recv", "src": "EU-N65", "dst": "AS-N175", "hlc": {"phys": 1758759690443, "cnt": 0, "node": "EU-N65"}, "package_id": "PKG59683", "payload": {"status": "RECEIVED"}, "sent_ts": 1758759684793, "arrival_ts": 1758759684893}
{"action": "recv", "src": "EU-N65", "dst": "AS-N175", "hlc": {"phys": 1758759690736, "cnt": 0, "node": "EU-N65"}, "package_id": "PKG59683", "payload": {"status": "DELIVERED"}, "sent_ts": 1758759685086, "arrival_ts": 1758759685240}
{"action": "send", "src": "AS-N175", "dst": "AU-N180", "hlc": {"phys": 1758764434235, "cnt": 0, "node": "AS-N175"}, "package_id": "PKG64422", "payload": {"status": "CREATED"}, "sent_ts": 1758764422485, "arrival_ts": 1758764422485}
{"action": "send", "src": "AS-N175", "dst": "AU-N180", "hlc": {"phys": 1758764434501, "cnt": 0, "node": "AS-N175"}, "package_id": "PKG64422", "payload": {"status": "SENT"}, "sent_ts": 1758764422751, "arrival_ts": 1758764422751}
{"action": "send", "src": "AS-N175", "dst": "AU-N180", "hlc": {"phys": 1758764434765, "cnt": 0, "node": "AS-N175"}, "package_id": "PKG64422", "payload": {"status": "IN_TRANSIT"}, "sent_ts": 1758764423015, "arrival_ts": 1758764423015}
{"action": "send", "src": "AS-N175", "dst": "AU-N180", "hlc": {"phys": 1758764435166, "cnt": 0, "node": "AS-N175"}, "package_id": "PKG64422", "payload": {"status": "RECEIVED"}, "sent_ts": 1758764423416, "arrival_ts": 1758764423416}
{"action": "send", "src": "AS-N175", "dst": "AU-N180", "hlc": {"phys": 1758764435402, "cnt": 0, "node": "AS-N175"}, "package_id": "PKG64422", "payload": {"status": "DELIVERED"}, "sent_ts": 1758764423652, "arrival_ts": 1758764423652}
{"action": "recv", "src": "AS-N68", "dst": "AS-N175", "hlc": {"phys": 1758803494002, "cnt": 0, "node": "AS-N68"}, "package_id": "PKG3483", "payload": {"status": "CREATED"}, "sent_ts": 1758803483322, "arrival_ts": 1758803483474}
{"action": "recv", "src": "AS-N68", "dst": "AS-N175", "hlc": {"phys": 1758803494343, "cnt": 0, "node": "AS-N68"}, "package_id": "PKG3483", "payload": {"status": "SENT"}, "sent_ts": 1758803483663, "arrival_ts": 1758803483689}
{"action": "recv", "src": "AS-N68", "dst": "AS-N175", "hlc": {"phys": 1758803494580, "cnt": 0, "node": "AS-N68"}, "package_id": "PKG3483", "payload": {"status": "IN_TRANSIT"}, "sent_ts": 1758803483900, "arrival_ts": 1758803483996}
{"action": "recv", "src": "AS-N68", "dst": "AS-N175", "hlc": {"phys": 1758803494875, "cnt": 0, "node": "AS-N68"}, "package_id": "PKG3483", "payload": {"status": "RECEIVED"}, "sent_ts": 1758803484195, "arrival_ts": 1758803484320}
{"action": "recv", "src": "AS-N68", "dst": "AS-N175", "hlc": {"phys": 1758803495213, "cnt": 0, "node": "AS-N68"}, "package_id": "PKG3483", "payload": {"status": "DELIVERED"}, "sent_ts": 1758803484533, "arrival_ts": 1758803484567}
{"action": "send", "src": "AS-N175", "dst": "AS-N98", "hlc": {"phys": 1758809615035, "cnt": 0, "node": "AS-N175"}, "package_id": "PKG9603", "payload": {"status": "CREATED"}, "sent_ts": 1758809603285, "arrival_ts": 1758809603285}
{"action": "send", "src": "AS-N175", "dst": "AS-N98", "hlc": {"phys": 1758809615436, "cnt": 0, "node": "AS-N175"}, "package_id": "PKG9603", "payload": {"status": "SENT"}, "sent_ts": 1758809603686, "arrival_ts": 1758809603686}
{"action": "send", "src": "AS-N175", "dst": "AS-N98", "hlc": {"phys": 1758809615791, "cnt": 0, "node": "AS-N175"}, "package_id": "PKG9603", "payload": {"status": "IN_TRANSIT"}, "sent_ts": 1758809604041, "arrival_ts": 1758809604041}
{"action": "send", "src": "AS-N175", "dst": "AS-N98", "hlc": {"phys": 1758809616037, "cnt": 0, "node": "AS-N175"}, "package_id": "PKG9603", "payload": {"status": "RECEIVED"}, "sent_ts": 1758809604287, "arrival_ts": 1758809604287}
{"action": "send", "src": "AS-N175", "dst": "AS-N98", "hlc": {"phys": 1758809616410, "cnt": 0, "node": "AS-N175"}, "package_id": "PKG9603", "payload": {"status": "DELIVERED"}, "sent_ts": 1758809604660, "arrival_ts": 1758809604660}
{"action": "recv", "src": "AU-N54", "dst": "AS-N175", "hlc": {"phys": 1758810586157, "cnt": 0, "node": "AU-N54"}, "package_id": "PKG10560", "payload": {"status": "CREATED"}, "sent_ts": 1758810560617, "arrival_ts": 1758810560719}
{"action": "recv", "src": "AU-N54", "dst": "AS-N175", "hlc": {"phys": 1758810586465, "cnt": 0, "node": "AU-N54"}, "package_id": "PKG10560", "payload": {"status": "SENT"}, "sent_ts": 1758810560925, "arrival_ts": 1758810560970}
{"action": "recv", "src": "AU-N54", "dst": "AS-N175", "hlc": {"phys": 1758810586713, "cnt": 0, "node": "AU-N54"}, "package_id": "PKG10560", "payload": {"status": "IN_TRANSIT"}, "sent_ts": 1758810561173, "arrival_ts": 1758810561317}
{"action": "recv", "src": "AU-N54", "dst": "AS-N175", "hlc": {"phys": 1758810587071, "cnt": 0, "node": "AU-N54"}, "package_id": "PKG10560", "payload": {"status": "RECEIVED"}, "sent_ts": 1758810561531, "arrival_ts": 1758810561670}
{"action": "recv", "src": "AU-N54", "dst": "AS-N175", "hlc": {"phys": 1758810587412, "cnt": 0, "node": "AU-N54"}, "package_id": "PKG10560", "payload": {"status": "DELIVERED"}, "sent_ts": 1758810561872, "arrival_ts": 1758810561959}
{"action": "send", "src": "AS-N175", "dst": "AF-N55", "hlc": {"phys": 1758813511816, "cnt": 0, "node": "AS-N175"}, "package_id": "PKG13500", "payload": {"status": "CREATED"}, "sent_ts": 1758813500066, "arrival_ts": 1758813500066}
{"action": "send", "src": "AS-N175", "dst": "AF-N55", "hlc": {"phys": 1758813512127, "cnt": 0, "node": "AS-N175"}, "package_id": "PKG13500", "payload": {"status": "SENT"}, "sent_ts": 1758813500377, "arrival_ts": 1758813500377}
{"action": "send", "src": "AS-N175", "dst": "AF-N55", "hlc": {"phys": 1758813512361, "cnt": 0, "node": "AS-N175"}, "package_id": "PKG13500", "payload": {"status": "IN_TRANSIT"}, "sent_ts": 1758813500611, "arrival_ts": 1758813500611}
{"action": "send", "src": "AS-N175", "dst": "AF-N55", "hlc": {"phys": 1758813512577, "cnt": 0, "node": "AS-N175"}, "package_id": "PKG13500", "payload": {"status": "RECEIVED"}, "sent_ts": 1758813500827, "arrival_ts": 1758813500827}
{"action": "send", "src": "AS-N175", "dst": "AF-N55", "hlc": {"phys": 1758813512908, "cnt": 0, "node": "AS-N175"}, "package_id": "PKG13500", "payload": {"status": "DELIVERED"}, "sent_ts": 1758813501158, "arrival_ts": 1758813501158}
{"action": "recv", "src": "AN-N43", "dst": "AS-N175", "hlc": {"phys": 1758814229523, "cnt": 0, "node": "AN-N43"}, "package_id": "PKG14199", "payload": {"status": "CREATED"}, "sent_ts": 1758814199093, "arrival_ts": 1758814199175}
{"action": "recv", "src": "AN-N43", "dst": "AS-N175", "hlc": {"phys": 1758814229806, "cnt": 0, "node": "AN-N43"}, "package_id": "PKG14199", "payload": {"status": "SENT"}, "sent_ts": 1758814199376, "arrival_ts": 1758814199497}
{"action": "recv", "src": "AN-N43", "dst": "AS-N175", "hlc": {"phys": 1758814230130, "cnt": 0, "node": "AN-N43"}, "package_id": "PKG14199", "payload": {"status": "IN_TRANSIT"}, "sent_ts": 1758814199700, "arrival_ts": 1758814199876}
{"action": "recv", "src": "AN-N43", "dst": "AS-N175", "hlc": {"phys": 1758814230520, "cnt": 0, "node": "AN-N43"}, "package_id": "PKG14199", "payload": {"status": "RECEIVED"}, "sent_ts": 1758814200090, "arrival_ts": 1758814200261}
{"action": "recv", "src": "AN-N43", "dst": "AS-N175", "hlc": {"phys": 1758814230891, "cnt": 0, "node": "AN-N43"}, "package_id": "PKG14199", "payload": {"status": "DELIVERED"}, "sent_ts": 1758814200461, "arrival_ts": 1758814200599}
