{"action": "send", "src": "AS-N139", "dst": "AN-N175", "hlc": {"phys": 1758713358775, "cnt": 0, "node": "AS-N139"}, "package_id": "PKG13347", "payload": {"status": "CREATED"}, "sent_ts": 1758713347385, "arrival_ts": 1758713347385}
{"action": "send", "src": "AS-N139", "dst": "AN-N175", "hlc": {"phys": 1758713358996, "cnt": 0, "node": "AS-N139"}, "package_id": "PKG13347", "payload": {"status": "SENT"}, "sent_ts": 1758713347606, "arrival_ts": 1758713347606}
{"action": "send", "src": "AS-N139", "dst": "AN-N175", "hlc": {"phys": 1758713359350, "cnt": 0, "node": "AS-N139"}, "package_id": "PKG13347", "payload": {"status": "IN_TRANSIT"}, "sent_ts": 1758713347960, "arrival_ts": 1758713347960}
{"action": "send", "src": "AS-N139", "dst": "AN-N175", "hlc": {"phys": 1758713359686, "cnt": 0, "node": "AS-N139"}, "package_id": "PKG13347", "payload": {"status": "RECEIVED"}, "sent_ts": 1758713348296, "arrival_ts": 1758713348296}
{"action": "send", "src": "AS-N139", "dst": "AN-N175", "hlc": {"phys": 1758713360072, "cnt": 0, "node": "AS-N139"}, "package_id": "PKG13347", "payload": {"status": "DELIVERED"}, "sent_ts": 1758713348682, "arrival_ts": 1758713348682}
{"action": "recv", "src": "EU-N26", "dst": "AS-N139", "hlc": {"phys": 1758716592964, "cnt": 0, "node": "EU-N26"}, "package_id": "PKG16587", "payload": {"status": "CREATED"}, "sent_ts": 1758716587704, "arrival_ts": 1758716587814}
{"action": "recv", "src": "EU-N26", "dst": "AS-N139", "hlc": {"phys": 1758716593286, "cnt": 0, "node": "EU-N26"}, "package_id": "PKG16587", "payload": {"status": "SENT"}, "sent_ts": 1758716588026, "arrival_ts": 1758716588159}
{"action": "recv", "src": "EU-N26", "dst": "AS-N139", "hlc": {"phys": 1758716593629, "cnt": 0, "node": "EU-N26"}, "package_id": "PKG16587", "payload": {"status": "IN_TRANSIT"}, "sent_ts": 1758716588369, "arrival_ts": 1758716588398}
{"action": "recv", "src": "EU-N26", "dst": "AS-N139", "hlc": {"phys": 1758716593859, "cnt": 0, "node": "EU-N26"}, "package_id": "PKG16587", "payload": {"status": "RECEIVED"}, "sent_ts": 1758716588599, "arrival_ts": 1758716588771}
{"action": "recv", "src": "EU-N26", "dst": "AS-N139", "hlc": {"phys": 1758716594281, "cnt": 0, "node": "EU-N26"}, "package_id": "PKG16587", "payload": {"status": "DELIVERED"}, "sent_ts": 1758716589021, "arrival_ts": 1758716589184}
{"action": "send", "src": "AS-N139", "dst": "SA-N30", "hlc": {"phys": 1758717454602, "cnt": 0, "node": "AS-N139"}, "package_id": "PKG17443", "payload": {"status": "CREATED"}, "sent_ts": 1758717443212, "arrival_ts": 1758717443212}
{"action": "send", "src": "AS-N139", "dst": "SA-N30", "hlc": {"phys": 1758717454953, "cnt": 0, "node": "AS-N139"}, "package_id": "PKG17443", "payload": {"status": "SENT"}, "sent_ts": 1758717443563, "arrival_ts": 1758717443563}
{"action": "send", "src": "AS-N139", "dst": "SA-N30", "hlc": {"phys": 1758717455172, "cnt": 0, "node": "AS-N139"}, "package_id": "PKG17443", "payload": {"status": "IN_TRANSIT"}, "sent_ts": 1758717443782, "arrival_ts": 1758717443782}
{"action": "send", "src": "AS-N139", "dst": "SA-N30", "hlc": {"phys": 1758717455484, "cnt": 0, "node": "AS-N139"}, "package_id": "PKG17443", "payload": {"status": "RECEIVED"}, "sent_ts": 1758717444094, "arrival_ts": 1758717444094}
{"action": "send", "src": "AS-N139", "dst": "SA-N30", "hlc": {"phys": 1758717455764, "cnt": 0, "node": "AS-N139"}, "package_id": "PKG17443", "payload": {"status": "DELIVERED"}, "sent_ts": 1758717444374, "arrival_ts": 1758717444374}
{"action": "send", "src": "AS-N139", "dst": "NA-N171", "hlc": {"phys": 1758718429124, "cnt": 0, "node": "AS-N139"}, "package_id": "PKG18417", "payload": {"status": "CREATED"}, "sent_ts": 1758718417734, "arrival_ts": 1758718417734}
{"action": "send", "src": "AS-N139", "dst": "NA-N171", "hlc": {"phys": 1758718429483, "cnt": 0, "node": "AS-N139"}, "package_id": "PKG18417", "payload": {"status": "SENT"}, "sent_ts": 1758718418093, "arrival_ts": 1758718418093}
{"action": "send", "src": "AS-N139", "dst": "NA-N171", "hlc": {"phys": 1758718429761, "cnt": 0, "node": "AS-N139"}, "package_id": "PKG18417", "payload": {"status": "IN_TRANSIT"}, "sent_ts": 1758718418371, "arrival_ts": 1758718418371}
{"action": "send", "src": "AS-N139", "dst": "NA-N171", "hlc": {"phys": 1758718430049, "cnt": 0, "node": "AS-N139"}, "package_id": "PKG18417", "payload": {"status": "RECEIVED"}, "sent_ts": 1758718418659, "arrival_ts": 1758718418659}
{"action": "send", "src": "AS-N139", "dst": "NA-N171", "hlc": {"phys": 1758718430453, "cnt": 0, "node": "AS-N139"}, "package_id": "PKG18417", "payload": {"status": "DELIVERED"}, "sent_ts": 1758718419063, "arrival_ts": 1758718419063}
{"action": "send", "src": "AS-N139", "dst": "AS-N42", "hlc": {"phys": 1758739955168, "cnt": 0, "node": "AS-N139"}, "package_id": "PKG39943", "payload": {"status": "CREATED"}, "sent_ts": 1758739943778, "arrival_ts": 1758739943778}
{"action": "send", "src": "AS-N139", "dst": "AS-N42", "hlc": {"phys": 1758739955470, "cnt": 0, "node": "AS-N139"}, "package_id": "PKG39943", "payload": {"status": "SENT"}, "sent_ts": 1758739944080, "arrival_ts": 1758739944080}
{"action": "send", "src": "AS-N139", "dst": "AS-N42", "hlc": {"phys": 1758739955737, "cnt": 0, "node": "AS-N139"}, "package_id": "PKG39943", "payload": {"status": "IN_TRANSIT"}, "sent_ts": 1758739944347, "arrival_ts": 1758739944348}
{"action": "send", "src": "AS-N139", "dst": "AS-N42", "hlc": {"phys": 1758739956130, "cnt": 0, "node": "AS-N139"}, "package_id": "PKG39943", "payload": {"status": "RECEIVED"}, "sent_ts": 1758739944740, "arrival_ts": 1758739944740}
{"action": "send", "src": "AS-N139", "dst": "AS-N42", "hlc": {"phys": 1758739956471, "cnt": 0, "node": "AS-N139"}, "package_id": "PKG39943", "payload": {"status": "DELIVERED"}, "sent_ts": 1758739945081, "arrival_ts": 1758739945081}
{"action": "send", "src": "AS-N139", "dst": "AN-N132", "hlc": {"phys": 1758741389547, "cnt": 0, "node": "AS-N139"}, "package_id": "PKG41378", "payload": {"status": "CREATED"}, "sent_ts": 1758741378157, "arrival_ts": 1758741378157}
{"action": "send", "src": "AS-N139", "dst": "AN-N132", "hlc": {"phys": 1758741389811, "cnt": 0, "node": "AS-N139"}, "package_id": "PKG41378", "payload": {"status": "SENT"}, "sent_ts": 1758741378421, "arrival_ts": 1758741378421}
{"action": "send", "src": "AS-N139", "dst": "AN-N132", "hlc": {"phys": 1758741390135, "cnt": 0, "node": "AS-N139"}, "package_id": "PKG41378", "payload": {"status": "IN_TRANSIT"}, "sent_ts": 1758741378745, "arrival_ts": 1758741378745}
{"action": "send", "src": "AS-N139", "dst": "AN-N132", "hlc": {"phys": 1758741390474, "cnt": 0, "node": "AS-N139"}, "package_id": "PKG41378", "payload": {"status": "RECEIVED"}, "sent_ts": 1758741379084, "arrival_ts": 1758741379084}
{"action": "send", "src": "AS-N139", "dst": "AN-N132", "hlc": {"phys": 1758741390767, "cnt": 0, "node": "AS-N139"}, "package_id": "PKG41378", "payload": {"status": "DELIVERED"}, "sent_ts": 1758741379377, "arrival_ts": 1758741379377}
{"action": "recv", "src": "AF-N10", "dst": "AS-N139", "hlc": {"phys": 1758742619064, "cnt": 0, "node": "AF-N10"}, "package_id": "PKG42603", "payload": {"status": "CREATED"}, "sent_ts": 1758742603964, "arrival_ts": 1758742604041}
{"action": "recv", "src": "AF-N10", "dst": "AS-N139", "hlc": {"phys": 1758742619342, "cnt": 0, "node": "AF-N10"}, "package_id": "PKG42603", "payload": {"status": "SENT"}, "sent_ts": 1758742604242, "arrival_ts": 1758742604293}
{"action": "recv", "src": "AF-N10", "dst": "AS-N139", "hlc": {"phys": 1758742619590, "cnt": 0, "node": "AF-N10"}, "package_id": "PKG42603", "payload": {"status": "IN_TRANSIT"}, "sent_ts": 1758742604490, "arrival_ts": 1758742604535}
{"action": "recv", "src": "AF-N10", "dst": "AS-N139", "hlc": {"phys": 1758742619837, "cnt": 0, "node": "AF-N10"}, "package_id": "PKG42603", "payload": {"status": "RECEIVED"}, "sent_ts": 1758742604737, "arrival_ts": 1758742604936}
{"action": "recv", "src": "AF-N10", "dst": "AS-N139", "hlc": {"phys": 1758742620239, "cnt": 0, "node": "AF-N10"}, "package_id": "PKG42603", "payload": {"status": "DELIVERED"}, "sent_ts": 1758742605139, "arrival_ts": 1758742605313}
{"action": "recv", "src": "AF-N11", "dst": "AS-N139", "hlc": {"phys": 1758746508592, "cnt": 0, "node": "AF-N11"}, "package_id": "PKG46493", "payload": {"status": "CREATED"}, "sent_ts": 1758746493482, "arrival_ts": 1758746493556}
{"action": "recv", "src": "AF-N11", "dst": "AS-N139", "hlc": {"phys": 1758746508876, "cnt": 0, "node": "AF-N11"}, "package_id": "PKG46493", "payload": {"status": "SENT"}, "sent_ts": 1758746493766, "arrival_ts": 1758746493805}
{"action": "recv", "src": "AF-N11", "dst": "AS-N139", "hlc": {"phys": 1758746509116, "cnt": 0, "node": "AF-N11"}, "package_id": "PKG46493", "payload": {"status": "IN_TRANSIT"}, "sent_ts": 1758746494006, "arrival_ts": 1758746494030}
{"action": "recv", "src": "AF-N11", "dst": "AS-N139", "hlc": {"phys": 1758746509354, "cnt": 0, "node": "AF-N11"}, "package_id": "PKG46493", "payload": {"status": "RECEIVED"}, "sent_ts": 1758746494244, "arrival_ts": 1758746494359}
{"action": "recv", "src": "AF-N11", "dst": "AS-N139", "hlc": {"phys": 1758746509683, "cnt": 0, "node": "AF-N11"}, "package_id": "PKG46493", "payload": {"status": "DELIVERED"}, "sent_ts": 1758746494573, "arrival_ts": 1758746494768}
{"action": "recv", "src": "AN-N113", "dst": "AS-N139", "hlc": {"phys": 1758746901678, "cnt": 0, "node": "AN-N113"}, "package_id": "PKG46870", "payload": {"status": "CREATED"}, "sent_ts": 1758746870548, "arrival_ts": 1758746870653}
{"action": "recv", "src": "AN-N113", "dst": "AS-N139", "hlc": {"phys": 1758746902000, "cnt": 0, "node": "AN-N113"}, "package_id": "PKG46870", "payload": {"status": "SENT"}, "sent_ts": 1758746870870, "arrival_ts": 1758746870995}
{"action": "recv", "src": "AN-N113", "dst": "AS-N139", "hlc": {"phys": 1758746902326, "cnt": 0, "node": "AN-N113"}, "package_id": "PKG46870", "payload": {"status": "IN_TRANSIT"}, "sent_ts": 1758746871195, "arrival_ts": 1758746871275}
{"action": "recv", "src": "AN-N113", "dst": "AS-N139", "hlc": {"phys": 1758746902615, "cnt": 0, "node": "AN-N113"}, "package_id": "PKG46870", "payload": {"status": "RECEIVED"}, "sent_ts": 1758746871485, "arrival_ts": 1758746871650}
{"action": "recv", "src": "AN-N113", "dst": "AS-N139", "hlc": {"phys": 1758746902978, "cnt": 0, "node": "AN-N113"}, "package_id": "PKG46870", "payload": {"status": "DELIVERED"}, "sent_ts": 1758746871848, "arrival_ts": 1758746872041}
{"action": "send", "src": "AS-N139", "dst": "AF-N187", "hlc": {"phys": 1758749182257, "cnt": 0, "node": "AS-N139"}, "package_id": "PKG49170", "payload": {"status": "CREATED"}, "sent_ts": 1758749170867, "arrival_ts": 1758749170867}
{"action": "send", "src": "AS-N139", "dst": "AF-N187", "hlc": {"phys": 1758749182603, "cnt": 0, "node": "AS-N139"}, "package_id": "PKG49170", "payload": {"status": "SENT"}, "sent_ts": 1758749171213, "arrival_ts": 1758749171213}
{"action": "send", "src": "AS-N139", "dst": "AF-N187", "hlc": {"phys": 1758749183004, "cnt": 0, "node": "AS-N139"}, "package_id": "PKG49170", "payload": {"status": "IN_TRANSIT"}, "sent_ts": 1758749171614, "arrival_ts": 1758749171614}
{"action": "send", "src": "AS-N139", "dst": "AF-N187", "hlc": {"phys": 1758749183399, "cnt": 0, "node": "AS-N139"}, "package_id": "PKG49170", "payload": {"status": "RECEIVED"}, "sent_ts": 1758749172009, "arrival_ts": 1758749172009}
{"action": "send", "src": "AS-N139", "dst": "AF-N187", "hlc": {"phys": 1758749183631, "cnt": 0, "node": "AS-N139"}, "package_id": "PKG49170", "payload": {"status": "DELIVERED"}, "sent_ts": 1758749172241, "arrival_ts": 1758749172241}
{"action": "send", "src": "AS-N139", "dst": "SA-N172", "hlc": {"phys": 1758753256282, "cnt": 0, "node": "AS-N139"}, "package_id": "PKG53244", "payload": {"status": "CREATED"}, "sent_ts": 1758753244892, "arrival_ts": 1758753244892}
{"action": "send", "src": "AS-N139", "dst": "SA-N172", "hlc": {"phys": 1758753256593, "cnt": 0, "node": "AS-N139"}, "package_id": "PKG53244", "payload": {"status": "SENT"}, "sent_ts": 1758753245203, "arrival_ts": 1758753245203}
{"action": "send", "src": "AS-N139", "dst": "SA-N172", "hlc": {"phys": 1758753256857, "cnt": 0, "node": "AS-N139"}, "package_id": "PKG53244", "payload": {"status": "IN_TRANSIT"}, "sent_ts": 1758753245467, "arrival_ts": 1758753245467}
{"action": "send", "src": "AS-N139", "dst": "SA-N172", "hlc": {"phys": 1758753257103, "cnt": 0, "node": "AS-N139"}, "package_id": "PKG53244", "payload": {"status": "RECEIVED"}, "sent_ts": 1758753245713, "arrival_ts": 1758753245713}
{"action": "send", "src": "AS-N139", "dst": "SA-N172", "hlc": {"phys": 1758753257386, "cnt": 0, "node": "AS-N139"}, "package_id": "PKG53244", "payload": {"status": "DELIVERED"}, "sent_ts": 1758753245996, "arrival_ts": 1758753245996}
{"action": "send", "src": "AS-N139", "dst": "EU-N28", "hlc": {"phys": 1758757144310, "cnt": 0, "node": "AS-N139"}, "package_id": "PKG57132", "payload": {"status": "CREATED"}, "sent_ts": 1758757132920, "arrival_ts": 1758757132920}
{"action": "send", "src": "AS-N139", "dst": "EU-N28", "hlc": {"phys": 1758757144559, "cnt": 0, "node": "AS-N139"}, "package_id": "PKG57132", "payload": {"status": "SENT"}, "sent_ts": 1758757133169, "arrival_ts": 1758757133169}
{"action": "send", "src": "AS-N139", "dst": "EU-N28", "hlc": {"phys": 1758757144870, "cnt": 0, "node": "AS-N139"}, "package_id": "PKG57132", "payload": {"status": "IN_TRANSIT"}, "sent_ts": 1758757133480, "arrival_ts": 1758757133480}
{"action": "send", "src": "AS-N139", "dst": "EU-N28", "hlc": {"phys": 1758757145084, "cnt": 0, "node": "AS-N139"}, "package_id": "PKG57132", "payload": {"status": "RECEIVED"}, "sent_ts": 1758757133694, "arrival_ts": 1758757133694}
{"action": "send", "src": "AS-N139", "dst": "EU-N28", "hlc": {"phys": 1758757145386, "cnt": 0, "node": "AS-N139"}, "package_id": "PKG57132", "payload": {"status": "DELIVERED"}, "sent_ts": 1758757133996, "arrival_ts": 1758757133996}
{"action": "recv", "src": "AS-N119", "dst": "AS-N139", "hlc": {"phys": 1758802906882, "cnt": 0, "node": "AS-N119"}, "package_id": "PKG2895", "payload": {"status": "CREATED"}, "sent_ts": 1758802895692, "arrival_ts": 1758802895832}
{"action": "recv", "src": "AS-N119", "dst": "AS-N139", "hlc": {"phys": 1758802907223, "cnt": 0, "node": "AS-N119"}, "package_id": "PKG2895", "payload": {"status": "SENT"}, "sent_ts": 1758802896033, "arrival_ts": 1758802896166}
{"action": "recv", "src": "AS-N119", "dst": "AS-N139", "hlc": {"phys": 1758802907551, "cnt": 0, "node": "AS-N119"}, "package_id": "PKG2895", "payload": {"status": "IN_TRANSIT"}, "sent_ts": 1758802896361, "arrival_ts": 1758802896407}
{"action": "recv", "src": "AS-N119", "dst": "AS-N139", "hlc": {"phys": 1758802907800, "cnt": 0, "node": "AS-N119"}, "package_id": "PKG2895", "payload": {"status": "RECEIVED"}, "sent_ts": 1758802896610, "arrival_ts": 1758802896658}
{"action": "recv", "src": "AS-N119", "dst": "AS-N139", "hlc": {"phys": 1758802908051, "cnt": 0, "node": "AS-N119"}, "package_id": "PKG2895", "payload": {"status": "DELIVERED"}, "sent_ts": 1758802896861, "arrival_ts": 1758802896984}
{"action": "send", "src": "AS-N139", "dst": "AF-N31", "hlc": {"phys": 1758803442209, "cnt": 0, "node": "AS-N139"}, "package_id": "PKG3430", "payload": {"status": "CREATED"}, "sent_ts": 1758803430819, "arrival_ts": 1758803430819}
{"action": "send", "src": "AS-N139", "dst": "AF-N31", "hlc": {"phys": 1758803442584, "cnt": 0, "node": "AS-N139"}, "package_id": "PKG3430", "payload": {"status": "SENT"}, "sent_ts": 1758803431194, "arrival_ts": 1758803431194}
{"action": "send", "src": "AS-N139", "dst": "AF-N31", "hlc": {"phys": 1758803442822, "cnt": 0, "node": "AS-N139"}, "package_id": "PKG3430", "payload": {"status": "IN_TRANSIT"}, "sent_ts": 1758803431432, "arrival_ts": 1758803431432}
{"action": "send", "src": "AS-N139", "dst": "AF-N31", "hlc": {"phys": 1758803443163, "cnt": 0, "node": "AS-N139"}, "package_id": "PKG3430", "payload": {"status": "RECEIVED"}, "sent_ts": 1758803431773, "arrival_ts": 1758803431773}
{"action": "send", "src": "AS-N139", "dst": "AF-N31", "hlc": {"phys": 1758803443434, "cnt": 0, "node": "AS-N139"}, "package_id": "PKG3430", "payload": {"status": "DELIVERED"}, "sent_ts": 1758803432044, "arrival_ts": 1758803432044}
{"action": "send", "src": "AS-N139", "dst": "AN-N114", "hlc": {"phys": 1758809656550, "cnt": 0, "node": "AS-N139"}, "package_id": "PKG9645", "payload": {"status": "CREATED"}, "sent_ts": 1758809645160, "arrival_ts": 1758809645160}
{"action": "send", "src": "AS-N139", "dst": "AN-N114", "hlc": {"phys": 1758809656859, "cnt": 0, "node": "AS-N139"}, "package_id": "PKG9645", "payload": {"status": "SENT"}, "sent_ts": 1758809645469, "arrival_ts": 1758809645469}
{"action": "send", "src": "AS-N139", "dst": "AN-N114", "hlc": {"phys": 1758809657233, "cnt": 0, "node": "AS-N139"}, "package_id": "PKG9645", "payload": {"status": "IN_TRANSIT"}, "sent_ts": 1758809645843, "arrival_ts": 1758809645843}
{"action": "send", "src": "AS-N139", "dst": "AN-N114", "hlc": {"phys": 1758809657634, "cnt": 0, "node": "AS-N139"}, "package_id": "PKG9645", "payload": {"status": "RECEIVED"}, "sent_ts": 1758809646244, "arrival_ts": 1758809646244}
{"action": "send", "src": "AS-N139", "dst": "AN-N114", "hlc": {"phys": 1758809657962, "cnt": 0, "node": "AS-N139"}, "package_id": "PKG9645", "payload": {"status": "DELIVERED"}, "sent_ts": 1758809646572, "arrival_ts": 1758809646572}
{"action": "recv", "src": "AN-N117", "dst": "AS-N139", "hlc": {"phys": 1758815096101, "cnt": 0, "node": "AN-N117"}, "package_id": "PKG15064", "payload": {"status": "CREATED"}, "sent_ts": 1758815064931, "arrival_ts": 1758815064984}
{"action": "recv", "src": "AN-N117", "dst": "AS-N139", "hlc": {"phys": 1758815096365, "cnt": 0, "node": "AN-N117"}, "package_id": "PKG15064", "payload": {"status": "SENT"}, "sent_ts": 1758815065195, "arrival_ts": 1758815065307}
{"action": "recv", "src": "AN-N117", "dst": "AS-N139", "hlc": {"phys": 1758815096676, "cnt": 0, "node": "AN-N117"}, "package_id": "PKG15064", "payload": {"status": "IN_TRANSIT"}, "sent_ts": 1758815065506, "arrival_ts": 1758815065587}
{"action": "recv", "src": "AN-N117", "dst": "AS-N139", "hlc": {"phys": 1758815096956, "cnt": 0, "node": "AN-N117"}, "package_id": "PKG15064", "payload": {"status": "RECEIVED"}, "sent_ts": 1758815065786, "arrival_ts": 1758815065895}
{"action": "recv", "src": "AN-N117", "dst": "AS-N139", "hlc": {"phys": 1758815097279, "cnt": 0, "node": "AN-N117"}, "package_id": "PKG15064", "payload": {"status": "DELIVERED"}, "sent_ts": 1758815066109, "arrival_ts": 1758815066224}
