{"action": "send", "src": "AS-N103", "dst": "EU-N18", "hlc": {"phys": 1758714559817, "cnt": 0, "node": "AS-N103"}, "package_id": "PKG14548", "payload": {"status": "CREATED"}, "sent_ts": 1758714548787, "arrival_ts": 1758714548787}
{"action": "send", "src": "AS-N103", "dst": "EU-N18", "hlc": {"phys": 1758714560230, "cnt": 0, "node": "AS-N103"}, "package_id": "PKG14548", "payload": {"status": "SENT"}, "sent_ts": 1758714549200, "arrival_ts": 1758714549200}
{"action": "send", "src": "AS-N103", "dst": "EU-N18", "hlc": {"phys": 1758714560527, "cnt": 0, "node": "AS-N103"}, "package_id": "PKG14548", "payload": {"status": "IN_TRANSIT"}, "sent_ts": 1758714549497, "arrival_ts": 1758714549497}
{"action": "send", "src": "AS-N103", "dst": "EU-N18", "hlc": {"phys": 1758714560868, "cnt": 0, "node": "AS-N103"}, "package_id": "PKG14548", "payload": {"status": "RECEIVED"}, "sent_ts": 1758714549838, "arrival_ts": 1758714549838}
{"action": "send", "src": "AS-N103", "dst": "EU-N18", "hlc": {"phys": 1758714561121, "cnt": 0, "node": "AS-N103"}, "package_id": "PKG14548", "payload": {"status": "DELIVERED"}, "sent_ts": 1758714550091, "arrival_ts": 1758714550091}
{"action": "recv", "src": "AU-N134", "dst": "AS-N103", "hlc": {"phys": 1758718129423, "cnt": 0, "node": "AU-N134"}, "package_id": "PKG18103", "payload": {"status": "CREATED"}, "sent_ts": 1758718103083, "arrival_ts": 1758718103212}
{"action": "recv", "src": "AU-N134", "dst": "AS-N103", "hlc": {"phys": 1758718129751, "cnt": 0, "node": "AU-N134"}, "package_id": "PKG18103", "payload": {"status": "SENT"}, "sent_ts": 1758718103411, "arrival_ts": 1758718103528}
{"action": "recv", "src": "AU-N134", "dst": "AS-N103", "hlc": {"phys": 1758718130077, "cnt": 0, "node": "AU-N134"}, "package_id": "PKG18103", "payload": {"status": "IN_TRANSIT"}, "sent_ts": 1758718103737, "arrival_ts": 1758718103786}
{"action": "recv", "src": "AU-N134", "dst": "AS-N103", "hlc": {"phys": 1758718130325, "cnt": 0, "node": "AU-N134"}, "package_id": "PKG18103", "payload": {"status": "RECEIVED"}, "sent_ts": 1758718103985, "arrival_ts": 1758718104145}
{"action": "recv", "src": "AU-N134", "dst": "AS-N103", "hlc": {"phys": 1758718130695, "cnt": 0, "node": "AU-N134"}, "package_id": "PKG18103", "payload": {"status": "DELIVERED"}, "sent_ts": 1758718104355, "arrival_ts": 1758718104487}
{"action": "recv", "src": "AS-N31", "dst": "AS-N103", "hlc": {"phys": 1758719237120, "cnt": 0, "node": "AS-N31"}, "package_id": "PKG19226", "payload": {"status": "CREATED"}, "sent_ts": 1758719226810, "arrival_ts": 1758719226968}
{"action": "recv", "src": "AS-N31", "dst": "AS-N103", "hlc": {"phys": 1758719237492, "cnt": 0, "node": "AS-N31"}, "package_id": "PKG19226", "payload": {"status": "SENT"}, "sent_ts": 1758719227182, "arrival_ts": 1758719227378}
{"action": "recv", "src": "AS-N31", "dst": "AS-N103", "hlc": {"phys": 1758719237894, "cnt": 0, "node": "AS-N31"}, "package_id": "PKG19226", "payload": {"status": "IN_TRANSIT"}, "sent_ts": 1758719227584, "arrival_ts": 1758719227634}
{"action": "recv", "src": "AS-N31", "dst": "AS-N103", "hlc": {"phys": 1758719238155, "cnt": 0, "node": "AS-N31"}, "package_id": "PKG19226", "payload": {"status": "RECEIVED"}, "sent_ts": 1758719227845, "arrival_ts": 1758719227939}
{"action": "recv", "src": "AS-N31", "dst": "AS-N103", "hlc": {"phys": 1758719238449, "cnt": 0, "node": "AS-N31"}, "package_id": "PKG19226", "payload": {"status": "DELIVERED"}, "sent_ts": 1758719228139, "arrival_ts": 1758719228314}
{"action": "recv", "src": "AS-N93", "dst": "AS-N103", "hlc": {"phys": 1758737890285, "cnt": 0, "node": "AS-N93"}, "package_id": "PKG37879", "payload": {"status": "CREATED"}, "sent_ts": 1758737879355, "arrival_ts": 1758737879411}
{"action": "recv", "src": "AS-N93", "dst": "AS-N103", "hlc": {"phys": 1758737890553, "cnt": 0, "node": "AS-N93"}, "package_id": "PKG37879", "payload": {"status": "SENT"}, "sent_ts": 1758737879623, "arrival_ts": 1758737879748}
{"action": "recv", "src": "AS-N93", "dst": "AS-N103", "hlc": {"phys": 1758737890895, "cnt": 0, "node": "AS-N93"}, "package_id": "PKG37879", "payload": {"status": "IN_TRANSIT"}, "sent_ts": 1758737879965, "arrival_ts": 1758737880065}
{"action": "recv", "src": "AS-N93", "dst": "AS-N103", "hlc": {"phys": 1758737891213, "cnt": 0, "node": "AS-N93"}, "package_id": "PKG37879", "payload": {"status": "RECEIVED"}, "sent_ts": 1758737880283, "arrival_ts": 1758737880314}
{"action": "recv", "src": "AS-N93", "dst": "AS-N103", "hlc": {"phys": 1758737891447, "cnt": 0, "node": "AS-N93"}, "package_id": "PKG37879", "payload": {"status": "DELIVERED"}, "sent_ts": 1758737880517, "arrival_ts": 1758737880595}
{"action": "recv", "src": "AS-N155", "dst": "AS-N103", "hlc": {"phys": 1758741771349, "cnt": 0, "node": "AS-N155"}, "package_id": "PKG41759", "payload": {"status": "CREATED"}, "sent_ts": 1758741759799, "arrival_ts": 1758741759982}
{"action": "recv", "src": "AS-N155", "dst": "AS-N103", "hlc": {"phys": 1758741771749, "cnt": 0, "node": "AS-N155"}, "package_id": "PKG41759", "payload": {"status": "SENT"}, "sent_ts": 1758741760199, "arrival_ts": 1758741760370}
{"action": "recv", "src": "AS-N155", "dst": "AS-N103", "hlc": {"phys": 1758741772118, "cnt": 0, "node": "AS-N155"}, "package_id": "PKG41759", "payload": {"status": "IN_TRANSIT"}, "sent_ts": 1758741760568, "arrival_ts": 1758741760587}
{"action": "recv", "src": "AS-N155", "dst": "AS-N103", "hlc": {"phys": 1758741772333, "cnt": 0, "node": "AS-N155"}, "package_id": "PKG41759", "payload": {"status": "RECEIVED"}, "sent_ts": 1758741760783, "arrival_ts": 1758741760797}
{"action": "recv", "src": "AS-N155", "dst": "AS-N103", "hlc": {"phys": 1758741772553, "cnt": 0, "node": "AS-N155"}, "package_id": "PKG41759", "payload": {"status": "DELIVERED"}, "sent_ts": 1758741761003, "arrival_ts": 1758741761191}
{"action": "send", "src": "AS-N103", "dst": "NA-N69", "hlc": {"phys": 1758743940802, "cnt": 0, "node": "AS-N103"}, "package_id": "PKG43929", "payload": {"status": "CREATED"}, "sent_ts": 1758743929772, "arrival_ts": 1758743929772}
{"action": "send", "src": "AS-N103", "dst": "NA-N69", "hlc": {"phys": 1758743941083, "cnt": 0, "node": "AS-N103"}, "package_id": "PKG43929", "payload": {"status": "SENT"}, "sent_ts": 1758743930053, "arrival_ts": 1758743930053}
{"action": "send", "src": "AS-N103", "dst": "NA-N69", "hlc": {"phys": 1758743941438, "cnt": 0, "node": "AS-N103"}, "package_id": "PKG43929", "payload": {"status": "IN_TRANSIT"}, "sent_ts": 1758743930408, "arrival_ts": 1758743930408}
{"action": "send", "src": "AS-N103", "dst": "NA-N69", "hlc": {"phys": 1758743941779, "cnt": 0, "node": "AS-N103"}, "package_id": "PKG43929", "payload": {"status": "RECEIVED"}, "sent_ts": 1758743930749, "arrival_ts": 1758743930749}
{"action": "send", "src": "AS-N103", "dst": "NA-N69", "hlc": {"phys": 1758743942089, "cnt": 0, "node": "AS-N103"}, "package_id": "PKG43929", "payload": {"status": "DELIVERED"}, "sent_ts": 1758743931059, "arrival_ts": 1758743931059}
{"action": "recv", "src": "EU-N48", "dst": "AS-N103", "hlc": {"phys": 1758746176488, "cnt": 0, "node": "EU-N48"}, "package_id": "PKG46171", "payload": {"status": "CREATED"}, "sent_ts": 1758746171008, "arrival_ts": 1758746171099}
{"action": "recv", "src": "EU-N48", "dst": "AS-N103", "hlc": {"phys": 1758746176783, "cnt": 0, "node": "EU-N48"}, "package_id": "PKG46171", "payload": {"status": "SENT"}, "sent_ts": 1758746171303, "arrival_ts": 1758746171385}
{"action": "recv", "src": "EU-N48", "dst": "AS-N103", "hlc": {"phys": 1758746177064, "cnt": 0, "node": "EU-N48"}, "package_id": "PKG46171", "payload": {"status": "IN_TRANSIT"}, "sent_ts": 1758746171584, "arrival_ts": 1758746171614}
{"action": "recv", "src": "EU-N48", "dst": "AS-N103", "hlc": {"phys": 1758746177296, "cnt": 0, "node": "EU-N48"}, "package_id": "PKG46171", "payload": {"status": "RECEIVED"}, "sent_ts": 1758746171816, "arrival_ts": 1758746171886}
{"action": "recv", "src": "EU-N48", "dst": "AS-N103", "hlc": {"phys": 1758746177559, "cnt": 0, "node": "EU-N48"}, "package_id": "PKG46171", "payload": {"status": "DELIVERED"}, "sent_ts": 1758746172079, "arrival_ts": 1758746172132}
{"action": "recv", "src": "AF-N166", "dst": "AS-N103", "hlc": {"phys": 1758746774535, "cnt": 0, "node": "AF-N166"}, "package_id": "PKG46757", "payload": {"status": "CREATED"}, "sent_ts": 1758746757875, "arrival_ts": 1758746758005}
{"action": "recv", "src": "AF-N166", "dst": "AS-N103", "hlc": {"phys": 1758746774905, "cnt": 0, "node": "AF-N166"}, "package_id": "PKG46757", "payload": {"status": "SENT"}, "sent_ts": 1758746758245, "arrival_ts": 1758746758351}
{"action": "recv", "src": "AF-N166", "dst": "AS-N103", "hlc": {"phys": 1758746775217, "cnt": 0, "node": "AF-N166"}, "package_id": "PKG46757", "payload": {"status": "IN_TRANSIT"}, "sent_ts": 1758746758557, "arrival_ts": 1758746758730}
{"action": "recv", "src": "AF-N166", "dst": "AS-N103", "hlc": {"phys": 1758746775614, "cnt": 0, "node": "AF-N166"}, "package_id": "PKG46757", "payload": {"status": "RECEIVED"}, "sent_ts": 1758746758954, "arrival_ts": 1758746759085}
{"action": "recv", "src": "AF-N166", "dst": "AS-N103", "hlc": {"phys": 1758746775946, "cnt": 0, "node": "AF-N166"}, "package_id": "PKG46757", "payload": {"status": "DELIVERED"}, "sent_ts": 1758746759286, "arrival_ts": 1758746759363}
{"action": "send", "src": "AS-N103", "dst": "SA-N156", "hlc": {"phys": 1758748160681, "cnt": 0, "node": "AS-N103"}, "package_id": "PKG48149", "payload": {"status": "CREATED"}, "sent_ts": 1758748149651, "arrival_ts": 1758748149651}
{"action": "send", "src": "AS-N103", "dst": "SA-N156", "hlc": {"phys": 1758748161082, "cnt": 0, "node": "AS-N103"}, "package_id": "PKG48149", "payload": {"status": "SENT"}, "sent_ts": 1758748150052, "arrival_ts": 1758748150052}
{"action": "send", "src": "AS-N103", "dst": "SA-N156", "hlc": {"phys": 1758748161446, "cnt": 0, "node": "AS-N103"}, "package_id": "PKG48149", "payload": {"status": "IN_TRANSIT"}, "sent_ts": 1758748150416, "arrival_ts": 1758748150416}
{"action": "send", "src": "AS-N103", "dst": "SA-N156", "hlc": {"phys": 1758748161794, "cnt": 0, "node": "AS-N103"}, "package_id": "PKG48149", "payload": {"status": "RECEIVED"}, "sent_ts": 1758748150764, "arrival_ts": 1758748150764}
{"action": "send", "src": "AS-N103", "dst": "SA-N156", "hlc": {"phys": 1758748162056, "cnt": 0, "node": "AS-N103"}, "package_id": "PKG48149", "payload": {"status": "DELIVERED"}, "sent_ts": 1758748151026, "arrival_ts": 1758748151026}
{"action": "recv", "src": "NA-N44", "dst": "AS-N103", "hlc": {"phys": 1758750440082, "cnt": 0, "node": "NA-N44"}, "package_id": "PKG50439", "payload": {"status": "CREATED"}, "sent_ts": 1758750439642, "arrival_ts": 1758750439676}
{"action": "recv", "src": "NA-N44", "dst": "AS-N103", "hlc": {"phys": 1758750440300, "cnt": 0, "node": "NA-N44"}, "package_id": "PKG50439", "payload": {"status": "SENT"}, "sent_ts": 1758750439860, "arrival_ts": 1758750439965}
{"action": "recv", "src": "NA-N44", "dst": "AS-N103", "hlc": {"phys": 1758750440610, "cnt": 0, "node": "NA-N44"}, "package_id": "PKG50439", "payload": {"status": "IN_TRANSIT"}, "sent_ts": 1758750440170, "arrival_ts": 1758750440287}
{"action": "recv", "src": "NA-N44", "dst": "AS-N103", "hlc": {"phys": 1758750440934, "cnt": 0, "node": "NA-N44"}, "package_id": "PKG50439", "payload": {"status": "RECEIVED"}, "sent_ts": 1758750440494, "arrival_ts": 1758750440586}
{"action": "recv", "src": "NA-N44", "dst": "AS-N103", "hlc": {"phys": 1758750441231, "cnt": 0, "node": "NA-N44"}, "package_id": "PKG50439", "payload": {"status": "DELIVERED"}, "sent_ts": 1758750440791, "arrival_ts": 1758750440896}
{"action": "recv", "src": "NA-N8", "dst": "AS-N103", "hlc": {"phys": 1758753242477, "cnt": 0, "node": "NA-N8"}, "package_id": "PKG53242", "payload": {"status": "CREATED"}, "sent_ts": 1758753242397, "arrival_ts": 1758753242600}
{"action": "recv", "src": "NA-N8", "dst": "AS-N103", "hlc": {"phys": 1758753242877, "cnt": 0, "node": "NA-N8"}, "package_id": "PKG53242", "payload": {"status": "SENT"}, "sent_ts": 1758753242797, "arrival_ts": 1758753242886}
{"action": "recv", "src": "NA-N8", "dst": "AS-N103", "hlc": {"phys": 1758753243159, "cnt": 0, "node": "NA-N8"}, "package_id": "PKG53242", "payload": {"status": "IN_TRANSIT"}, "sent_ts": 1758753243079, "arrival_ts": 1758753243193}
{"action": "recv", "src": "NA-N8", "dst": "AS-N103", "hlc": {"phys": 1758753243484, "cnt": 0, "node": "NA-N8"}, "package_id": "PKG53242", "payload": {"status": "RECEIVED"}, "sent_ts": 1758753243404, "arrival_ts": 1758753243447}
{"action": "recv", "src": "NA-N8", "dst": "AS-N103", "hlc": {"phys": 1758753243731, "cnt": 0, "node": "NA-N8"}, "package_id": "PKG53242", "payload": {"status": "DELIVERED"}, "sent_ts": 1758753243651, "arrival_ts": 1758753243675}
{"action": "recv", "src": "SA-N90", "dst": "AS-N103", "hlc": {"phys": 1758756449489, "cnt": 0, "node": "SA-N90"}, "package_id": "PKG56428", "payload": {"status": "CREATED"}, "sent_ts": 1758756428589, "arrival_ts": 1758756428766}
{"action": "recv", "src": "SA-N90", "dst": "AS-N103", "hlc": {"phys": 1758756449879, "cnt": 0, "node": "SA-N90"}, "package_id": "PKG56428", "payload": {"status": "SENT"}, "sent_ts": 1758756428979, "arrival_ts": 1758756429136}
{"action": "recv", "src": "SA-N90", "dst": "AS-N103", "hlc": {"phys": 1758756450243, "cnt": 0, "node": "SA-N90"}, "package_id": "PKG56428", "payload": {"status": "IN_TRANSIT"}, "sent_ts": 1758756429343, "arrival_ts": 1758756429375}
{"action": "recv", "src": "SA-N90", "dst": "AS-N103", "hlc": {"phys": 1758756450489, "cnt": 0, "node": "SA-N90"}, "package_id": "PKG56428", "payload": {"status": "RECEIVED"}, "sent_ts": 1758756429589, "arrival_ts": 1758756429614}
{"action": "recv", "src": "SA-N90", "dst": "AS-N103", "hlc": {"phys": 1758756450700, "cnt": 0, "node": "SA-N90"}, "package_id": "PKG56428", "payload": {"status": "DELIVERED"}, "sent_ts": 1758756429800, "arrival_ts": 1758756429909}
{"action": "send", "src": "AS-N103", "dst": "AF-N149", "hlc": {"phys": 1758757521650, "cnt": 0, "node": "AS-N103"}, "package_id": "PKG57510", "payload": {"status": "CREATED"}, "sent_ts": 1758757510620, "arrival_ts": 1758757510620}
{"action": "send", "src": "AS-N103", "dst": "AF-N149", "hlc": {"phys": 1758757522010, "cnt": 0, "node": "AS-N103"}, "package_id": "PKG57510", "payload": {"status": "SENT"}, "sent_ts": 1758757510980, "arrival_ts": 1758757510980}
{"action": "send", "src": "AS-N103", "dst": "AF-N149", "hlc": {"phys": 1758757522361, "cnt": 0, "node": "AS-N103"}, "package_id": "PKG57510", "payload": {"status": "IN_TRANSIT"}, "sent_ts": 1758757511331, "arrival_ts": 1758757511331}
{"action": "send", "src": "AS-N103", "dst": "AF-N149", "hlc": {"phys": 1758757522670, "cnt": 0, "node": "AS-N103"}, "package_id": "PKG57510", "payload": {"status": "RECEIVED"}, "sent_ts": 1758757511640, "arrival_ts": 1758757511640}
{"action": "send", "src": "AS-N103", "dst": "AF-N149", "hlc": {"phys": 1758757522991, "cnt": 0, "node": "AS-N103"}, "package_id": "PKG57510", "payload": {"status": "DELIVERED"}, "sent_ts": 1758757511961, "arrival_ts": 1758757511961}
{"action": "recv", "src": "AF-N158", "dst": "AS-N103", "hlc": {"phys": 1758758194743, "cnt": 0, "node": "AF-N158"}, "package_id": "PKG58178", "payload": {"status": "CREATED"}, "sent_ts": 1758758178163, "arrival_ts": 1758758178191}
{"action": "recv", "src": "AF-N158", "dst": "AS-N103", "hlc": {"phys": 1758758194974, "cnt": 0, "node": "AF-N158"}, "package_id": "PKG58178", "payload": {"status": "SENT"}, "sent_ts": 1758758178394, "arrival_ts": 1758758178560}
{"action": "recv", "src": "AF-N158", "dst": "AS-N103", "hlc": {"phys": 1758758195346, "cnt": 0, "node": "AF-N158"}, "package_id": "PKG58178", "payload": {"status": "IN_TRANSIT"}, "sent_ts": 1758758178766, "arrival_ts": 1758758178797}
{"action": "recv", "src": "AF-N158", "dst": "AS-N103", "hlc": {"phys": 1758758195592, "cnt": 0, "node": "AF-N158"}, "package_id": "PKG58178", "payload": {"status": "RECEIVED"}, "sent_ts": 1758758179012, "arrival_ts": 1758758179177}
{"action": "recv", "src": "AF-N158", "dst": "AS-N103", "hlc": {"phys": 1758758195964, "cnt": 0, "node": "AF-N158"}, "package_id": "PKG58178", "payload": {"status": "DELIVERED"}, "sent_ts": 1758758179384, "arrival_ts": 1758758179506}
{"action": "recv", "src": "AU-N187", "dst": "AS-N103", "hlc": {"phys": 1758758711548, "cnt": 0, "node": "AU-N187"}, "package_id": "PKG58684", "payload": {"status": "CREATED"}, "sent_ts": 1758758684678, "arrival_ts": 1758758684700}
{"action": "recv", "src": "AU-N187", "dst": "AS-N103", "hlc": {"phys": 1758758711783, "cnt": 0, "node": "AU-N187"}, "package_id": "PKG58684", "payload": {"status": "SENT"}, "sent_ts": 1758758684913, "arrival_ts": 1758758684937}
{"action": "recv", "src": "AU-N187", "dst": "AS-N103", "hlc": {"phys": 1758758712027, "cnt": 0, "node": "AU-N187"}, "package_id": "PKG58684", "payload": {"status": "IN_TRANSIT"}, "sent_ts": 1758758685157, "arrival_ts": 1758758685355}
{"action": "recv", "src": "AU-N187", "dst": "AS-N103", "hlc": {"phys": 1758758712451, "cnt": 0, "node": "AU-N187"}, "package_id": "PKG58684", "payload": {"status": "RECEIVED"}, "sent_ts": 1758758685581, "arrival_ts": 1758758685630}
{"action": "recv", "src": "AU-N187", "dst": "AS-N103", "hlc": {"phys": 1758758712726, "cnt": 0, "node": "AU-N187"}, "package_id": "PKG58684", "payload": {"status": "DELIVERED"}, "sent_ts": 1758758685856, "arrival_ts": 1758758685871}
{"action": "send", "src": "AS-N103", "dst": "EU-N69", "hlc": {"phys": 1758759386468, "cnt": 0, "node": "AS-N103"}, "package_id": "PKG59375", "payload": {"status": "CREATED"}, "sent_ts": 1758759375438, "arrival_ts": 1758759375438}
{"action": "send", "src": "AS-N103", "dst": "EU-N69", "hlc": {"phys": 1758759386807, "cnt": 0, "node": "AS-N103"}, "package_id": "PKG59375", "payload": {"status": "SENT"}, "sent_ts": 1758759375777, "arrival_ts": 1758759375777}
{"action": "send", "src": "AS-N103", "dst": "EU-N69", "hlc": {"phys": 1758759387056, "cnt": 0, "node": "AS-N103"}, "package_id": "PKG59375", "payload": {"status": "IN_TRANSIT"}, "sent_ts": 1758759376026, "arrival_ts": 1758759376026}
{"action": "send", "src": "AS-N103", "dst": "EU-N69", "hlc": {"phys": 1758759387441, "cnt": 0, "node": "AS-N103"}, "package_id": "PKG59375", "payload": {"status": "RECEIVED"}, "sent_ts": 1758759376411, "arrival_ts": 1758759376411}
{"action": "send", "src": "AS-N103", "dst": "EU-N69", "hlc": {"phys": 1758759387780, "cnt": 0, "node": "AS-N103"}, "package_id": "PKG59375", "payload": {"status": "DELIVERED"}, "sent_ts": 1758759376750, "arrival_ts": 1758759376750}
{"action": "recv", "src": "AF-N55", "dst": "AS-N103", "hlc": {"phys": 1758760517903, "cnt": 0, "node": "AF-N55"}, "package_id": "PKG60502", "payload": {"status": "CREATED"}, "sent_ts": 1758760502353, "arrival_ts": 1758760502540}
{"action": "recv", "src": "AF-N55", "dst": "AS-N103", "hlc": {"phys": 1758760518291, "cnt": 0, "node": "AF-N55"}, "package_id": "PKG60502", "payload": {"status": "SENT"}, "sent_ts": 1758760502741, "arrival_ts": 1758760502869}
{"action": "recv", "src": "AF-N55", "dst": "AS-N103", "hlc": {"phys": 1758760518619, "cnt": 0, "node": "AF-N55"}, "package_id": "PKG60502", "payload": {"status": "IN_TRANSIT"}, "sent_ts": 1758760503069, "arrival_ts": 1758760503133}
{"action": "recv", "src": "AF-N55", "dst": "AS-N103", "hlc": {"phys": 1758760518881, "cnt": 0, "node": "AF-N55"}, "package_id": "PKG60502", "payload": {"status": "RECEIVED"}, "sent_ts": 1758760503331, "arrival_ts": 1758760503353}
{"action": "recv", "src": "AF-N55", "dst": "AS-N103", "hlc": {"phys": 1758760519102, "cnt": 0, "node": "AF-N55"}, "package_id": "PKG60502", "payload": {"status": "DELIVERED"}, "sent_ts": 1758760503552, "arrival_ts": 1758760503688}
{"action": "recv", "src": "EU-N152", "dst": "AS-N103", "hlc": {"phys": 1758761432837, "cnt": 0, "node": "EU-N152"}, "package_id": "PKG61426", "payload": {"status": "CREATED"}, "sent_ts": 1758761426317, "arrival_ts": 1758761426403}
{"action": "recv", "src": "EU-N152", "dst": "AS-N103", "hlc": {"phys": 1758761433140, "cnt": 0, "node": "EU-N152"}, "package_id": "PKG61426", "payload": {"status": "SENT"}, "sent_ts": 1758761426620, "arrival_ts": 1758761426748}
{"action": "recv", "src": "EU-N152", "dst": "AS-N103", "hlc": {"phys": 1758761433480, "cnt": 0, "node": "EU-N152"}, "package_id": "PKG61426", "payload": {"status": "IN_TRANSIT"}, "sent_ts": 1758761426960, "arrival_ts": 1758761427072}
{"action": "recv", "src": "EU-N152", "dst": "AS-N103", "hlc": {"phys": 1758761433803, "cnt": 0, "node": "EU-N152"}, "package_id": "PKG61426", "payload": {"status": "RECEIVED"}, "sent_ts": 1758761427283, "arrival_ts": 1758761427375}
{"action": "recv", "src": "EU-N152", "dst": "AS-N103", "hlc": {"phys": 1758761434108, "cnt": 0, "node": "EU-N152"}, "package_id": "PKG61426", "payload": {"status": "DELIVERED"}, "sent_ts": 1758761427588, "arrival_ts": 1758761427623}
{"action": "send", "src": "AS-N103", "dst": "AF-N44", "hlc": {"phys": 1758764463840, "cnt": 0, "node": "AS-N103"}, "package_id": "PKG64452", "payload": {"status": "CREATED"}, "sent_ts": 1758764452810, "arrival_ts": 1758764452810}
{"action": "send", "src": "AS-N103", "dst": "AF-N44", "hlc": {"phys": 1758764464226, "cnt": 0, "node": "AS-N103"}, "package_id": "PKG64452", "payload": {"status": "SENT"}, "sent_ts": 1758764453196, "arrival_ts": 1758764453196}
{"action": "send", "src": "AS-N103", "dst": "AF-N44", "hlc": {"phys": 1758764464489, "cnt": 0, "node": "AS-N103"}, "package_id": "PKG64452", "payload": {"status": "IN_TRANSIT"}, "sent_ts": 1758764453459, "arrival_ts": 1758764453459}
{"action": "send", "src": "AS-N103", "dst": "AF-N44", "hlc": {"phys": 1758764464706, "cnt": 0, "node": "AS-N103"}, "package_id": "PKG64452", "payload": {"status": "RECEIVED"}, "sent_ts": 1758764453676, "arrival_ts": 1758764453676}
{"action": "send", "src": "AS-N103", "dst": "AF-N44", "hlc": {"phys": 1758764464940, "cnt": 0, "node": "AS-N103"}, "package_id": "PKG64452", "payload": {"status": "DELIVERED"}, "sent_ts": 1758764453910, "arrival_ts": 1758764453910}
{"action": "send", "src": "AS-N103", "dst": "AU-N91", "hlc": {"phys": 1758764677621, "cnt": 0, "node": "AS-N103"}, "package_id": "PKG64666", "payload": {"status": "CREATED"}, "sent_ts": 1758764666591, "arrival_ts": 1758764666591}
{"action": "send", "src": "AS-N103", "dst": "AU-N91", "hlc": {"phys": 1758764677927, "cnt": 0, "node": "AS-N103"}, "package_id": "PKG64666", "payload": {"status": "SENT"}, "sent_ts": 1758764666897, "arrival_ts": 1758764666897}
{"action": "send", "src": "AS-N103", "dst": "AU-N91", "hlc": {"phys": 1758764678312, "cnt": 0, "node": "AS-N103"}, "package_id": "PKG64666", "payload": {"status": "IN_TRANSIT"}, "sent_ts": 1758764667282, "arrival_ts": 1758764667282}
{"action": "send", "src": "AS-N103", "dst": "AU-N91", "hlc": {"phys": 1758764678626, "cnt": 0, "node": "AS-N103"}, "package_id": "PKG64666", "payload": {"status": "RECEIVED"}, "sent_ts": 1758764667596, "arrival_ts": 1758764667596}
{"action": "send", "src": "AS-N103", "dst": "AU-N91", "hlc": {"phys": 1758764678850, "cnt": 0, "node": "AS-N103"}, "package_id": "PKG64666", "payload": {"status": "DELIVERED"}, "sent_ts": 1758764667820, "arrival_ts": 1758764667820}
{"action": "recv", "src": "AN-N151", "dst": "AS-N103", "hlc": {"phys": 1758800286735, "cnt": 0, "node": "AN-N151"}, "package_id": "PKG255", "payload": {"status": "CREATED"}, "sent_ts": 1758800255225, "arrival_ts": 1758800255290}
{"action": "recv", "src": "AN-N151", "dst": "AS-N103", "hlc": {"phys": 1758800286996, "cnt": 0, "node": "AN-N151"}, "package_id": "PKG255", "payload": {"status": "SENT"}, "sent_ts": 1758800255486, "arrival_ts": 1758800255605}
{"action": "recv", "src": "AN-N151", "dst": "AS-N103", "hlc": {"phys": 1758800287339, "cnt": 0, "node": "AN-N151"}, "package_id": "PKG255", "payload": {"status": "IN_TRANSIT"}, "sent_ts": 1758800255829, "arrival_ts": 1758800255915}
{"action": "recv", "src": "AN-N151", "dst": "AS-N103", "hlc": {"phys": 1758800287638, "cnt": 0, "node": "AN-N151"}, "package_id": "PKG255", "payload": {"status": "RECEIVED"}, "sent_ts": 1758800256128, "arrival_ts": 1758800256284}
{"action": "recv", "src": "AN-N151", "dst": "AS-N103", "hlc": {"phys": 1758800288008, "cnt": 0, "node": "AN-N151"}, "package_id": "PKG255", "payload": {"status": "DELIVERED"}, "sent_ts": 1758800256498, "arrival_ts": 1758800256674}
{"action": "send", "src": "AS-N103", "dst": "AS-N88", "hlc": {"phys": 1758802964661, "cnt": 0, "node": "AS-N103"}, "package_id": "PKG2953", "payload": {"status": "CREATED"}, "sent_ts": 1758802953631, "arrival_ts": 1758802953631}
{"action": "send", "src": "AS-N103", "dst": "AS-N88", "hlc": {"phys": 1758802965062, "cnt": 0, "node": "AS-N103"}, "package_id": "PKG2953", "payload": {"status": "SENT"}, "sent_ts": 1758802954032, "arrival_ts": 1758802954032}
{"action": "send", "src": "AS-N103", "dst": "AS-N88", "hlc": {"phys": 1758802965416, "cnt": 0, "node": "AS-N103"}, "package_id": "PKG2953", "payload": {"status": "IN_TRANSIT"}, "sent_ts": 1758802954386, "arrival_ts": 1758802954386}
{"action": "send", "src": "AS-N103", "dst": "AS-N88", "hlc": {"phys": 1758802965757, "cnt": 0, "node": "AS-N103"}, "package_id": "PKG2953", "payload": {"status": "RECEIVED"}, "sent_ts": 1758802954727, "arrival_ts": 1758802954727}
{"action": "send", "src": "AS-N103", "dst": "AS-N88", "hlc": {"phys": 1758802966084, "cnt": 0, "node": "AS-N103"}, "package_id": "PKG2953", "payload": {"status": "DELIVERED"}, "sent_ts": 1758802955054, "arrival_ts": 1758802955054}
{"action": "send", "src": "AS-N103", "dst": "AS-N151", "hlc": {"phys": 1758805681012, "cnt": 0, "node": "AS-N103"}, "package_id": "PKG5669", "payload": {"status": "CREATED"}, "sent_ts": 1758805669982, "arrival_ts": 1758805669982}
{"action": "send", "src": "AS-N103", "dst": "AS-N151", "hlc": {"phys": 1758805681434, "cnt": 0, "node": "AS-N103"}, "package_id": "PKG5669", "payload": {"status": "SENT"}, "sent_ts": 1758805670404, "arrival_ts": 1758805670404}
{"action": "send", "src": "AS-N103", "dst": "AS-N151", "hlc": {"phys": 1758805681775, "cnt": 0, "node": "AS-N103"}, "package_id": "PKG5669", "payload": {"status": "IN_TRANSIT"}, "sent_ts": 1758805670745, "arrival_ts": 1758805670745}
{"action": "send", "src": "AS-N103", "dst": "AS-N151", "hlc": {"phys": 1758805682039, "cnt": 0, "node": "AS-N103"}, "package_id": "PKG5669", "payload": {"status": "RECEIVED"}, "sent_ts": 1758805671009, "arrival_ts": 1758805671009}
{"action": "send", "src": "AS-N103", "dst": "AS-N151", "hlc": {"phys": 1758805682408, "cnt": 0, "node": "AS-N103"}, "package_id": "PKG5669", "payload": {"status": "DELIVERED"}, "sent_ts": 1758805671378, "arrival_ts": 1758805671378}
{"action": "send", "src": "AS-N103", "dst": "EU-N157", "hlc": {"phys": 1758805716962, "cnt": 0, "node": "AS-N103"}, "package_id": "PKG5705", "payload": {"status": "CREATED"}, "sent_ts": 1758805705932, "arrival_ts": 1758805705932}
{"action": "send", "src": "AS-N103", "dst": "EU-N157", "hlc": {"phys": 1758805717270, "cnt": 0, "node": "AS-N103"}, "package_id": "PKG5705", "payload": {"status": "SENT"}, "sent_ts": 1758805706240, "arrival_ts": 1758805706240}
{"action": "send", "src": "AS-N103", "dst": "EU-N157", "hlc": {"phys": 1758805717532, "cnt": 0, "node": "AS-N103"}, "package_id": "PKG5705", "payload": {"status": "IN_TRANSIT"}, "sent_ts": 1758805706502, "arrival_ts": 1758805706502}
{"action": "send", "src": "AS-N103", "dst": "EU-N157", "hlc": {"phys": 1758805717890, "cnt": 0, "node": "AS-N103"}, "package_id": "PKG5705", "payload": {"status": "RECEIVED"}, "sent_ts": 1758805706860, "arrival_ts": 1758805706860}
{"action": "send", "src": "AS-N103", "dst": "EU-N157", "hlc": {"phys": 1758805718278, "cnt": 0, "node": "AS-N103"}, "package_id": "PKG5705", "payload": {"status": "DELIVERED"}, "sent_ts": 1758805707248, "arrival_ts": 1758805707248}
{"action": "recv", "src": "AS-N159", "dst": "AS-N103", "hlc": {"phys": 1758813038841, "cnt": 0, "node": "AS-N159"}, "package_id": "PKG13027", "payload": {"status": "CREATED"}, "sent_ts": 1758813027251, "arrival_ts": 1758813027450}
{"action": "recv", "src": "AS-N159", "dst": "AS-N103", "hlc": {"phys": 1758813039244, "cnt": 0, "node": "AS-N159"}, "package_id": "PKG13027", "payload": {"status": "SENT"}, "sent_ts": 1758813027654, "arrival_ts": 1758813027738}
{"action": "recv", "src": "AS-N159", "dst": "AS-N103", "hlc": {"phys": 1758813039552, "cnt": 0, "node": "AS-N159"}, "package_id": "PKG13027", "payload": {"status": "IN_TRANSIT"}, "sent_ts": 1758813027962, "arrival_ts": 1758813027974}
{"action": "recv", "src": "AS-N159", "dst": "AS-N103", "hlc": {"phys": 1758813039768, "cnt": 0, "node": "AS-N159"}, "package_id": "PKG13027", "payload": {"status": "RECEIVED"}, "sent_ts": 1758813028178, "arrival_ts": 1758813028253}
{"action": "recv", "src": "AS-N159", "dst": "AS-N103", "hlc": {"phys": 1758813040045, "cnt": 0, "node": "AS-N159"}, "package_id": "PKG13027", "payload": {"status": "DELIVERED"}, "sent_ts": 1758813028455, "arrival_ts": 1758813028548}
{"action": "recv", "src": "AN-N148", "dst": "AS-N103", "hlc": {"phys": 1758815006126, "cnt": 0, "node": "AN-N148"}, "package_id": "PKG14974", "payload": {"status": "CREATED"}, "sent_ts": 1758814974646, "arrival_ts": 1758814974814}
{"action": "recv", "src": "AN-N148", "dst": "AS-N103", "hlc": {"phys": 1758815006501, "cnt": 0, "node": "AN-N148"}, "package_id": "PKG14974", "payload": {"status": "SENT"}, "sent_ts": 1758814975021, "arrival_ts": 1758814975072}
{"action": "recv", "src": "AN-N148", "dst": "AS-N103", "hlc": {"phys": 1758815006750, "cnt": 0, "node": "AN-N148"}, "package_id": "PKG14974", "payload": {"status": "IN_TRANSIT"}, "sent_ts": 1758814975270, "arrival_ts": 1758814975439}
{"action": "recv", "src": "AN-N148", "dst": "AS-N103", "hlc": {"phys": 1758815007122, "cnt": 0, "node": "AN-N148"}, "package_id": "PKG14974", "payload": {"status": "RECEIVED"}, "sent_ts": 1758814975642, "arrival_ts": 1758814975697}
{"action": "recv", "src": "AN-N148", "dst": "AS-N103", "hlc": {"phys": 1758815007372, "cnt": 0, "node": "AN-N148"}, "package_id": "PKG14974", "payload": {"status": "DELIVERED"}, "sent_ts": 1758814975892, "arrival_ts": 1758814975945}
{"action": "send", "src": "AS-N103", "dst": "SA-N95", "hlc": {"phys": 1758815399484, "cnt": 0, "node": "AS-N103"}, "package_id": "PKG15388", "payload": {"status": "CREATED"}, "sent_ts": 1758815388454, "arrival_ts": 1758815388454}
{"action": "send", "src": "AS-N103", "dst": "SA-N95", "hlc": {"phys": 1758815399719, "cnt": 0, "node": "AS-N103"}, "package_id": "PKG15388", "payload": {"status": "SENT"}, "sent_ts": 1758815388689, "arrival_ts": 1758815388689}
{"action": "send", "src": "AS-N103", "dst": "SA-N95", "hlc": {"phys": 1758815400080, "cnt": 0, "node": "AS-N103"}, "package_id": "PKG15388", "payload": {"status": "IN_TRANSIT"}, "sent_ts": 1758815389050, "arrival_ts": 1758815389050}
{"action": "send", "src": "AS-N103", "dst": "SA-N95", "hlc": {"phys": 1758815400437, "cnt": 0, "node": "AS-N103"}, "package_id": "PKG15388", "payload": {"status": "RECEIVED"}, "sent_ts": 1758815389407, "arrival_ts": 1758815389407}
{"action": "send", "src": "AS-N103", "dst": "SA-N95", "hlc": {"phys": 1758815400763, "cnt": 0, "node": "AS-N103"}, "package_id": "PKG15388", "payload": {"status": "DELIVERED"}, "sent_ts": 1758815389733, "arrival_ts": 1758815389733}
