{"action": "recv", "src": "AS-N193", "dst": "AS-N141", "hlc": {"phys": 1758717238504, "cnt": 0, "node": "AS-N193"}, "package_id": "PKG17226", "payload": {"status": "CREATED"}, "sent_ts": 1758717226574, "arrival_ts": 1758717226746}
{"action": "recv", "src": "AS-N193", "dst": "AS-N141", "hlc": {"phys": 1758717238891, "cnt": 0, "node": "AS-N193"}, "package_id": "PKG17226", "payload": {"status": "SENT"}, "sent_ts": 1758717226961, "arrival_ts": 1758717227124}
{"action": "recv", "src": "AS-N193", "dst": "AS-N141", "hlc": {"phys": 1758717239272, "cnt": 0, "node": "AS-N193"}, "package_id": "PKG17226", "payload": {"status": "IN_TRANSIT"}, "sent_ts": 1758717227342, "arrival_ts": 1758717227465}
{"action": "recv", "src": "AS-N193", "dst": "AS-N141", "hlc": {"phys": 1758717239603, "cnt": 0, "node": "AS-N193"}, "package_id": "PKG17226", "payload": {"status": "RECEIVED"}, "sent_ts": 1758717227673, "arrival_ts": 1758717227741}
{"action": "recv", "src": "AS-N193", "dst": "AS-N141", "hlc": {"phys": 1758717239877, "cnt": 0, "node": "AS-N193"}, "package_id": "PKG17226", "payload": {"status": "DELIVERED"}, "sent_ts": 1758717227947, "arrival_ts": 1758717227968}
{"action": "recv", "src": "AU-N183", "dst": "AS-N141", "hlc": {"phys": 1758740416081, "cnt": 0, "node": "AU-N183"}, "package_id": "PKG40389", "payload": {"status": "CREATED"}, "sent_ts": 1758740389251, "arrival_ts": 1758740389439}
{"action": "recv", "src": "AU-N183", "dst": "AS-N141", "hlc": {"phys": 1758740416484, "cnt": 0, "node": "AU-N183"}, "package_id": "PKG40389", "payload": {"status": "SENT"}, "sent_ts": 1758740389654, "arrival_ts": 1758740389812}
{"action": "recv", "src": "AU-N183", "dst": "AS-N141", "hlc": {"phys": 1758740416856, "cnt": 0, "node": "AU-N183"}, "package_id": "PKG40389", "payload": {"status": "IN_TRANSIT"}, "sent_ts": 1758740390026, "arrival_ts": 1758740390113}
{"action": "recv", "src": "AU-N183", "dst": "AS-N141", "hlc": {"phys": 1758740417152, "cnt": 0, "node": "AU-N183"}, "package_id": "PKG40389", "payload": {"status": "RECEIVED"}, "sent_ts": 1758740390322, "arrival_ts": 1758740390400}
{"action": "recv", "src": "AU-N183", "dst": "AS-N141", "hlc": {"phys": 1758740417429, "cnt": 0, "node": "AU-N183"}, "package_id": "PKG40389", "payload": {"status": "DELIVERED"}, "sent_ts": 1758740390599, "arrival_ts": 1758740390672}
{"action": "recv", "src": "EU-N31", "dst": "AS-N141", "hlc": {"phys": 1758742282911, "cnt": 0, "node": "EU-N31"}, "package_id": "PKG42277", "payload": {"status": "CREATED"}, "sent_ts": 1758742277601, "arrival_ts": 1758742277733}
{"action": "recv", "src": "EU-N31", "dst": "AS-N141", "hlc": {"phys": 1758742283267, "cnt": 0, "node": "EU-N31"}, "package_id": "PKG42277", "payload": {"status": "SENT"}, "sent_ts": 1758742277957, "arrival_ts": 1758742278044}
{"action": "recv", "src": "EU-N31", "dst": "AS-N141", "hlc": {"phys": 1758742283564, "cnt": 0, "node": "EU-N31"}, "package_id": "PKG42277", "payload": {"status": "IN_TRANSIT"}, "sent_ts": 1758742278254, "arrival_ts": 1758742278387}
{"action": "recv", "src": "EU-N31", "dst": "AS-N141", "hlc": {"phys": 1758742283905, "cnt": 0, "node": "EU-N31"}, "package_id": "PKG42277", "payload": {"status": "RECEIVED"}, "sent_ts": 1758742278595, "arrival_ts": 1758742278608}
{"action": "recv", "src": "EU-N31", "dst": "AS-N141", "hlc": {"phys": 1758742284123, "cnt": 0, "node": "EU-N31"}, "package_id": "PKG42277", "payload": {"status": "DELIVERED"}, "sent_ts": 1758742278813, "arrival_ts": 1758742278966}
{"action": "send", "src": "AS-N141", "dst": "NA-N58", "hlc": {"phys": 1758742893026, "cnt": 0, "node": "AS-N141"}, "package_id": "PKG42881", "payload": {"status": "CREATED"}, "sent_ts": 1758742881616, "arrival_ts": 1758742881616}
{"action": "send", "src": "AS-N141", "dst": "NA-N58", "hlc": {"phys": 1758742893261, "cnt": 0, "node": "AS-N141"}, "package_id": "PKG42881", "payload": {"status": "SENT"}, "sent_ts": 1758742881851, "arrival_ts": 1758742881851}
{"action": "send", "src": "AS-N141", "dst": "NA-N58", "hlc": {"phys": 1758742893591, "cnt": 0, "node": "AS-N141"}, "package_id": "PKG42881", "payload": {"status": "IN_TRANSIT"}, "sent_ts": 1758742882181, "arrival_ts": 1758742882181}
{"action": "send", "src": "AS-N141", "dst": "NA-N58", "hlc": {"phys": 1758742893962, "cnt": 0, "node": "AS-N141"}, "package_id": "PKG42881", "payload": {"status": "RECEIVED"}, "sent_ts": 1758742882552, "arrival_ts": 1758742882552}
{"action": "send", "src": "AS-N141", "dst": "NA-N58", "hlc": {"phys": 1758742894328, "cnt": 0, "node": "AS-N141"}, "package_id": "PKG42881", "payload": {"status": "DELIVERED"}, "sent_ts": 1758742882918, "arrival_ts": 1758742882918}
{"action": "recv", "src": "SA-N113", "dst": "AS-N141", "hlc": {"phys": 1758747367172, "cnt": 0, "node": "SA-N113"}, "package_id": "PKG47346", "payload": {"status": "CREATED"}, "sent_ts": 1758747346042, "arrival_ts": 1758747346111}
{"action": "recv", "src": "SA-N113", "dst": "AS-N141", "hlc": {"phys": 1758747367460, "cnt": 0, "node": "SA-N113"}, "package_id": "PKG47346", "payload": {"status": "SENT"}, "sent_ts": 1758747346330, "arrival_ts": 1758747346453}
{"action": "recv", "src": "SA-N113", "dst": "AS-N141", "hlc": {"phys": 1758747367796, "cnt": 0, "node": "SA-N113"}, "package_id": "PKG47346", "payload": {"status": "IN_TRANSIT"}, "sent_ts": 1758747346666, "arrival_ts": 1758747346851}
{"action": "recv", "src": "SA-N113", "dst": "AS-N141", "hlc": {"phys": 1758747368188, "cnt": 0, "node": "SA-N113"}, "package_id": "PKG47346", "payload": {"status": "RECEIVED"}, "sent_ts": 1758747347058, "arrival_ts": 1758747347106}
{"action": "recv", "src": "SA-N113", "dst": "AS-N141", "hlc": {"phys": 1758747368434, "cnt": 0, "node": "SA-N113"}, "package_id": "PKG47346", "payload": {"status": "DELIVERED"}, "sent_ts": 1758747347304, "arrival_ts": 1758747347492}
{"action": "recv", "src": "AN-N151", "dst": "AS-N141", "hlc": {"phys": 1758748153643, "cnt": 0, "node": "AN-N151"}, "package_id": "PKG48122", "payload": {"status": "CREATED"}, "sent_ts": 1758748122133, "arrival_ts": 1758748122273}
{"action": "recv", "src": "AN-N151", "dst": "AS-N141", "hlc": {"phys": 1758748153992, "cnt": 0, "node": "AN-N151"}, "package_id": "PKG48122", "payload": {"status": "SENT"}, "sent_ts": 1758748122482, "arrival_ts": 1758748122596}
{"action": "recv", "src": "AN-N151", "dst": "AS-N141", "hlc": {"phys": 1758748154318, "cnt": 0, "node": "AN-N151"}, "package_id": "PKG48122", "payload": {"status": "IN_TRANSIT"}, "sent_ts": 1758748122808, "arrival_ts": 1758748122848}
{"action": "recv", "src": "AN-N151", "dst": "AS-N141", "hlc": {"phys": 1758748154559, "cnt": 0, "node": "AN-N151"}, "package_id": "PKG48122", "payload": {"status": "RECEIVED"}, "sent_ts": 1758748123049, "arrival_ts": 1758748123084}
{"action": "recv", "src": "AN-N151", "dst": "AS-N141", "hlc": {"phys": 1758748154808, "cnt": 0, "node": "AN-N151"}, "package_id": "PKG48122", "payload": {"status": "DELIVERED"}, "sent_ts": 1758748123298, "arrival_ts": 1758748123324}
{"action": "send", "src": "AS-N141", "dst": "EU-N93", "hlc": {"phys": 1758749764260, "cnt": 0, "node": "AS-N141"}, "package_id": "PKG49752", "payload": {"status": "CREATED"}, "sent_ts": 1758749752850, "arrival_ts": 1758749752850}
{"action": "send", "src": "AS-N141", "dst": "EU-N93", "hlc": {"phys": 1758749764643, "cnt": 0, "node": "AS-N141"}, "package_id": "PKG49752", "payload": {"status": "SENT"}, "sent_ts": 1758749753233, "arrival_ts": 1758749753233}
{"action": "send", "src": "AS-N141", "dst": "EU-N93", "hlc": {"phys": 1758749764877, "cnt": 0, "node": "AS-N141"}, "package_id": "PKG49752", "payload": {"status": "IN_TRANSIT"}, "sent_ts": 1758749753467, "arrival_ts": 1758749753467}
{"action": "send", "src": "AS-N141", "dst": "EU-N93", "hlc": {"phys": 1758749765110, "cnt": 0, "node": "AS-N141"}, "package_id": "PKG49752", "payload": {"status": "RECEIVED"}, "sent_ts": 1758749753700, "arrival_ts": 1758749753700}
{"action": "send", "src": "AS-N141", "dst": "EU-N93", "hlc": {"phys": 1758749765343, "cnt": 0, "node": "AS-N141"}, "package_id": "PKG49752", "payload": {"status": "DELIVERED"}, "sent_ts": 1758749753933, "arrival_ts": 1758749753933}
{"action": "recv", "src": "AF-N150", "dst": "AS-N141", "hlc": {"phys": 1758753035867, "cnt": 0, "node": "AF-N150"}, "package_id": "PKG53019", "payload": {"status": "CREATED"}, "sent_ts": 1758753019367, "arrival_ts": 1758753019388}
{"action": "recv", "src": "AF-N150", "dst": "AS-N141", "hlc": {"phys": 1758753036078, "cnt": 0, "node": "AF-N150"}, "package_id": "PKG53019", "payload": {"status": "SENT"}, "sent_ts": 1758753019578, "arrival_ts": 1758753019729}
{"action": "recv", "src": "AF-N150", "dst": "AS-N141", "hlc": {"phys": 1758753036449, "cnt": 0, "node": "AF-N150"}, "package_id": "PKG53019", "payload": {"status": "IN_TRANSIT"}, "sent_ts": 1758753019949, "arrival_ts": 1758753019960}
{"action": "recv", "src": "AF-N150", "dst": "AS-N141", "hlc": {"phys": 1758753036659, "cnt": 0, "node": "AF-N150"}, "package_id": "PKG53019", "payload": {"status": "RECEIVED"}, "sent_ts": 1758753020159, "arrival_ts": 1758753020279}
{"action": "recv", "src": "AF-N150", "dst": "AS-N141", "hlc": {"phys": 1758753036992, "cnt": 0, "node": "AF-N150"}, "package_id": "PKG53019", "payload": {"status": "DELIVERED"}, "sent_ts": 1758753020492, "arrival_ts": 1758753020682}
{"action": "send", "src": "AS-N141", "dst": "AU-N154", "hlc": {"phys": 1758754428913, "cnt": 0, "node": "AS-N141"}, "package_id": "PKG54417", "payload": {"status": "CREATED"}, "sent_ts": 1758754417503, "arrival_ts": 1758754417503}
{"action": "send", "src": "AS-N141", "dst": "AU-N154", "hlc": {"phys": 1758754429213, "cnt": 0, "node": "AS-N141"}, "package_id": "PKG54417", "payload": {"status": "SENT"}, "sent_ts": 1758754417803, "arrival_ts": 1758754417803}
{"action": "send", "src": "AS-N141", "dst": "AU-N154", "hlc": {"phys": 1758754429586, "cnt": 0, "node": "AS-N141"}, "package_id": "PKG54417", "payload": {"status": "IN_TRANSIT"}, "sent_ts": 1758754418176, "arrival_ts": 1758754418176}
{"action": "send", "src": "AS-N141", "dst": "AU-N154", "hlc": {"phys": 1758754429944, "cnt": 0, "node": "AS-N141"}, "package_id": "PKG54417", "payload": {"status": "RECEIVED"}, "sent_ts": 1758754418534, "arrival_ts": 1758754418534}
{"action": "send", "src": "AS-N141", "dst": "AU-N154", "hlc": {"phys": 1758754430169, "cnt": 0, "node": "AS-N141"}, "package_id": "PKG54417", "payload": {"status": "DELIVERED"}, "sent_ts": 1758754418759, "arrival_ts": 1758754418759}
{"action": "recv", "src": "AS-N132", "dst": "AS-N141", "hlc": {"phys": 1758757762630, "cnt": 0, "node": "AS-N132"}, "package_id": "PKG57751", "payload": {"status": "CREATED"}, "sent_ts": 1758757751310, "arrival_ts": 1758757751482}
{"action": "recv", "src": "AS-N132", "dst": "AS-N141", "hlc": {"phys": 1758757763024, "cnt": 0, "node": "AS-N132"}, "package_id": "PKG57751", "payload": {"status": "SENT"}, "sent_ts": 1758757751704, "arrival_ts": 1758757751724}
{"action": "recv", "src": "AS-N132", "dst": "AS-N141", "hlc": {"phys": 1758757763260, "cnt": 0, "node": "AS-N132"}, "package_id": "PKG57751", "payload": {"status": "IN_TRANSIT"}, "sent_ts": 1758757751940, "arrival_ts": 1758757751977}
{"action": "recv", "src": "AS-N132", "dst": "AS-N141", "hlc": {"phys": 1758757763504, "cnt": 0, "node": "AS-N132"}, "package_id": "PKG57751", "payload": {"status": "RECEIVED"}, "sent_ts": 1758757752184, "arrival_ts": 1758757752344}
{"action": "recv", "src": "AS-N132", "dst": "AS-N141", "hlc": {"phys": 1758757763881, "cnt": 0, "node": "AS-N132"}, "package_id": "PKG57751", "payload": {"status": "DELIVERED"}, "sent_ts": 1758757752561, "arrival_ts": 1758757752723}
{"action": "send", "src": "AS-N141", "dst": "AF-N119", "hlc": {"phys": 1758759741569, "cnt": 0, "node": "AS-N141"}, "package_id": "PKG59730", "payload": {"status": "CREATED"}, "sent_ts": 1758759730159, "arrival_ts": 1758759730159}
{"action": "send", "src": "AS-N141", "dst": "AF-N119", "hlc": {"phys": 1758759742023, "cnt": 0, "node": "AS-N141"}, "package_id": "PKG59730", "payload": {"status": "SENT"}, "sent_ts": 1758759730613, "arrival_ts": 1758759730613}
{"action": "send", "src": "AS-N141", "dst": "AF-N119", "hlc": {"phys": 1758759742383, "cnt": 0, "node": "AS-N141"}, "package_id": "PKG59730", "payload": {"status": "IN_TRANSIT"}, "sent_ts": 1758759730973, "arrival_ts": 1758759730973}
{"action": "send", "src": "AS-N141", "dst": "AF-N119", "hlc": {"phys": 1758759742667, "cnt": 0, "node": "AS-N141"}, "package_id": "PKG59730", "payload": {"status": "RECEIVED"}, "sent_ts": 1758759731257, "arrival_ts": 1758759731257}
{"action": "send", "src": "AS-N141", "dst": "AF-N119", "hlc": {"phys": 1758759742919, "cnt": 0, "node": "AS-N141"}, "package_id": "PKG59730", "payload": {"status": "DELIVERED"}, "sent_ts": 1758759731509, "arrival_ts": 1758759731509}
{"action": "recv", "src": "AN-N148", "dst": "AS-N141", "hlc": {"phys": 1758759862918, "cnt": 0, "node": "AN-N148"}, "package_id": "PKG59831", "payload": {"status": "CREATED"}, "sent_ts": 1758759831438, "arrival_ts": 1758759831506}
{"action": "recv", "src": "AN-N148", "dst": "AS-N141", "hlc": {"phys": 1758759863201, "cnt": 0, "node": "AN-N148"}, "package_id": "PKG59831", "payload": {"status": "SENT"}, "sent_ts": 1758759831721, "arrival_ts": 1758759831737}
{"action": "recv", "src": "AN-N148", "dst": "AS-N141", "hlc": {"phys": 1758759863420, "cnt": 0, "node": "AN-N148"}, "package_id": "PKG59831", "payload": {"status": "IN_TRANSIT"}, "sent_ts": 1758759831940, "arrival_ts": 1758759832062}
{"action": "recv", "src": "AN-N148", "dst": "AS-N141", "hlc": {"phys": 1758759863753, "cnt": 0, "node": "AN-N148"}, "package_id": "PKG59831", "payload": {"status": "RECEIVED"}, "sent_ts": 1758759832273, "arrival_ts": 1758759832334}
{"action": "recv", "src": "AN-N148", "dst": "AS-N141", "hlc": {"phys": 1758759864022, "cnt": 0, "node": "AN-N148"}, "package_id": "PKG59831", "payload": {"status": "DELIVERED"}, "sent_ts": 1758759832542, "arrival_ts": 1758759832614}
{"action": "send", "src": "AS-N141", "dst": "AS-N130", "hlc": {"phys": 1758760321725, "cnt": 0, "node": "AS-N141"}, "package_id": "PKG60310", "payload": {"status": "CREATED"}, "sent_ts": 1758760310315, "arrival_ts": 1758760310315}
{"action": "send", "src": "AS-N141", "dst": "AS-N130", "hlc": {"phys": 1758760322067, "cnt": 0, "node": "AS-N141"}, "package_id": "PKG60310", "payload": {"status": "SENT"}, "sent_ts": 1758760310657, "arrival_ts": 1758760310657}
{"action": "send", "src": "AS-N141", "dst": "AS-N130", "hlc": {"phys": 1758760322374, "cnt": 0, "node": "AS-N141"}, "package_id": "PKG60310", "payload": {"status": "IN_TRANSIT"}, "sent_ts": 1758760310964, "arrival_ts": 1758760310964}
{"action": "send", "src": "AS-N141", "dst": "AS-N130", "hlc": {"phys": 1758760322668, "cnt": 0, "node": "AS-N141"}, "package_id": "PKG60310", "payload": {"status": "RECEIVED"}, "sent_ts": 1758760311258, "arrival_ts": 1758760311258}
{"action": "send", "src": "AS-N141", "dst": "AS-N130", "hlc": {"phys": 1758760322992, "cnt": 0, "node": "AS-N141"}, "package_id": "PKG60310", "payload": {"status": "DELIVERED"}, "sent_ts": 1758760311582, "arrival_ts": 1758760311582}
{"action": "recv", "src": "EU-N177", "dst": "AS-N141", "hlc": {"phys": 1758761057782, "cnt": 0, "node": "EU-N177"}, "package_id": "PKG61051", "payload": {"status": "CREATED"}, "sent_ts": 1758761051012, "arrival_ts": 1758761051134}
{"action": "recv", "src": "EU-N177", "dst": "AS-N141", "hlc": {"phys": 1758761058109, "cnt": 0, "node": "EU-N177"}, "package_id": "PKG61051", "payload": {"status": "SENT"}, "sent_ts": 1758761051339, "arrival_ts": 1758761051387}
{"action": "recv", "src": "EU-N177", "dst": "AS-N141", "hlc": {"phys": 1758761058360, "cnt": 0, "node": "EU-N177"}, "package_id": "PKG61051", "payload": {"status": "IN_TRANSIT"}, "sent_ts": 1758761051590, "arrival_ts": 1758761051679}
{"action": "recv", "src": "EU-N177", "dst": "AS-N141", "hlc": {"phys": 1758761058654, "cnt": 0, "node": "EU-N177"}, "package_id": "PKG61051", "payload": {"status": "RECEIVED"}, "sent_ts": 1758761051884, "arrival_ts": 1758761051942}
{"action": "recv", "src": "EU-N177", "dst": "AS-N141", "hlc": {"phys": 1758761058919, "cnt": 0, "node": "EU-N177"}, "package_id": "PKG61051", "payload": {"status": "DELIVERED"}, "sent_ts": 1758761052149, "arrival_ts": 1758761052261}
{"action": "recv", "src": "NA-N138", "dst": "AS-N141", "hlc": {"phys": 1758765164422, "cnt": 0, "node": "NA-N138"}, "package_id": "PKG65163", "payload": {"status": "CREATED"}, "sent_ts": 1758765163042, "arrival_ts": 1758765163220}
{"action": "recv", "src": "NA-N138", "dst": "AS-N141", "hlc": {"phys": 1758765164804, "cnt": 0, "node": "NA-N138"}, "package_id": "PKG65163", "payload": {"status": "SENT"}, "sent_ts": 1758765163424, "arrival_ts": 1758765163448}
{"action": "recv", "src": "NA-N138", "dst": "AS-N141", "hlc": {"phys": 1758765165027, "cnt": 0, "node": "NA-N138"}, "package_id": "PKG65163", "payload": {"status": "IN_TRANSIT"}, "sent_ts": 1758765163647, "arrival_ts": 1758765163714}
{"action": "recv", "src": "NA-N138", "dst": "AS-N141", "hlc": {"phys": 1758765165297, "cnt": 0, "node": "NA-N138"}, "package_id": "PKG65163", "payload": {"status": "RECEIVED"}, "sent_ts": 1758765163916, "arrival_ts": 1758765164031}
{"action": "recv", "src": "NA-N138", "dst": "AS-N141", "hlc": {"phys": 1758765165631, "cnt": 0, "node": "NA-N138"}, "package_id": "PKG65163", "payload": {"status": "DELIVERED"}, "sent_ts": 1758765164251, "arrival_ts": 1758765164416}
{"action": "send", "src": "AS-N141", "dst": "AS-N131", "hlc": {"phys": 1758803978981, "cnt": 0, "node": "AS-N141"}, "package_id": "PKG3967", "payload": {"status": "CREATED"}, "sent_ts": 1758803967571, "arrival_ts": 1758803967571}
{"action": "send", "src": "AS-N141", "dst": "AS-N131", "hlc": {"phys": 1758803979335, "cnt": 0, "node": "AS-N141"}, "package_id": "PKG3967", "payload": {"status": "SENT"}, "sent_ts": 1758803967925, "arrival_ts": 1758803967925}
{"action": "send", "src": "AS-N141", "dst": "AS-N131", "hlc": {"phys": 1758803979643, "cnt": 0, "node": "AS-N141"}, "package_id": "PKG3967", "payload": {"status": "IN_TRANSIT"}, "sent_ts": 1758803968233, "arrival_ts": 1758803968233}
{"action": "send", "src": "AS-N141", "dst": "AS-N131", "hlc": {"phys": 1758803979892, "cnt": 0, "node": "AS-N141"}, "package_id": "PKG3967", "payload": {"status": "RECEIVED"}, "sent_ts": 1758803968482, "arrival_ts": 1758803968482}
{"action": "send", "src": "AS-N141", "dst": "AS-N131", "hlc": {"phys": 1758803980249, "cnt": 0, "node": "AS-N141"}, "package_id": "PKG3967", "payload": {"status": "DELIVERED"}, "sent_ts": 1758803968839, "arrival_ts": 1758803968839}
{"action": "recv", "src": "EU-N20", "dst": "AS-N141", "hlc": {"phys": 1758810092550, "cnt": 0, "node": "EU-N20"}, "package_id": "PKG10087", "payload": {"status": "CREATED"}, "sent_ts": 1758810087350, "arrival_ts": 1758810087426}
{"action": "recv", "src": "EU-N20", "dst": "AS-N141", "hlc": {"phys": 1758810092829, "cnt": 0, "node": "EU-N20"}, "package_id": "PKG10087", "payload": {"status": "SENT"}, "sent_ts": 1758810087629, "arrival_ts": 1758810087673}
{"action": "recv", "src": "EU-N20", "dst": "AS-N141", "hlc": {"phys": 1758810093077, "cnt": 0, "node": "EU-N20"}, "package_id": "PKG10087", "payload": {"status": "IN_TRANSIT"}, "sent_ts": 1758810087877, "arrival_ts": 1758810088039}
{"action": "recv", "src": "EU-N20", "dst": "AS-N141", "hlc": {"phys": 1758810093435, "cnt": 0, "node": "EU-N20"}, "package_id": "PKG10087", "payload": {"status": "RECEIVED"}, "sent_ts": 1758810088235, "arrival_ts": 1758810088309}
{"action": "recv", "src": "EU-N20", "dst": "AS-N141", "hlc": {"phys": 1758810093713, "cnt": 0, "node": "EU-N20"}, "package_id": "PKG10087", "payload": {"status": "DELIVERED"}, "sent_ts": 1758810088513, "arrival_ts": 1758810088568}
{"action": "send", "src": "AS-N141", "dst": "AU-N1", "hlc": {"phys": 1758811734150, "cnt": 0, "node": "AS-N141"}, "package_id": "PKG11722", "payload": {"status": "CREATED"}, "sent_ts": 1758811722740, "arrival_ts": 1758811722740}
{"action": "send", "src": "AS-N141", "dst": "AU-N1", "hlc": {"phys": 1758811734493, "cnt": 0, "node": "AS-N141"}, "package_id": "PKG11722", "payload": {"status": "SENT"}, "sent_ts": 1758811723083, "arrival_ts": 1758811723083}
{"action": "send", "src": "AS-N141", "dst": "AU-N1", "hlc": {"phys": 1758811734787, "cnt": 0, "node": "AS-N141"}, "package_id": "PKG11722", "payload": {"status": "IN_TRANSIT"}, "sent_ts": 1758811723377, "arrival_ts": 1758811723377}
{"action": "send", "src": "AS-N141", "dst": "AU-N1", "hlc": {"phys": 1758811735053, "cnt": 0, "node": "AS-N141"}, "package_id": "PKG11722", "payload": {"status": "RECEIVED"}, "sent_ts": 1758811723643, "arrival_ts": 1758811723643}
{"action": "send", "src": "AS-N141", "dst": "AU-N1", "hlc": {"phys": 1758811735331, "cnt": 0, "node": "AS-N141"}, "package_id": "PKG11722", "payload": {"status": "DELIVERED"}, "sent_ts": 1758811723921, "arrival_ts": 1758811723921}
{"action": "recv", "src": "AN-N139", "dst": "AS-N141", "hlc": {"phys": 1758814883209, "cnt": 0, "node": "AN-N139"}, "package_id": "PKG14851", "payload": {"status": "CREATED"}, "sent_ts": 1758814851819, "arrival_ts": 1758814851916}
{"action": "recv", "src": "AN-N139", "dst": "AS-N141", "hlc": {"phys": 1758814883503, "cnt": 0, "node": "AN-N139"}, "package_id": "PKG14851", "payload": {"status": "SENT"}, "sent_ts": 1758814852113, "arrival_ts": 1758814852301}
{"action": "recv", "src": "AN-N139", "dst": "AS-N141", "hlc": {"phys": 1758814883892, "cnt": 0, "node": "AN-N139"}, "package_id": "PKG14851", "payload": {"status": "IN_TRANSIT"}, "sent_ts": 1758814852502, "arrival_ts": 1758814852601}
{"action": "recv", "src": "AN-N139", "dst": "AS-N141", "hlc": {"phys": 1758814884201, "cnt": 0, "node": "AN-N139"}, "package_id": "PKG14851", "payload": {"status": "RECEIVED"}, "sent_ts": 1758814852811, "arrival_ts": 1758814852921}
{"action": "recv", "src": "AN-N139", "dst": "AS-N141", "hlc": {"phys": 1758814884509, "cnt": 0, "node": "AN-N139"}, "package_id": "PKG14851", "payload": {"status": "DELIVERED"}, "sent_ts": 1758814853119, "arrival_ts": 1758814853151}
{"action": "send", "src": "AS-N141", "dst": "AN-N16", "hlc": {"phys": 1758816575046, "cnt": 0, "node": "AS-N141"}, "package_id": "PKG16563", "payload": {"status": "CREATED"}, "sent_ts": 1758816563636, "arrival_ts": 1758816563636}
{"action": "send", "src": "AS-N141", "dst": "AN-N16", "hlc": {"phys": 1758816575355, "cnt": 0, "node": "AS-N141"}, "package_id": "PKG16563", "payload": {"status": "SENT"}, "sent_ts": 1758816563945, "arrival_ts": 1758816563945}
{"action": "send", "src": "AS-N141", "dst": "AN-N16", "hlc": {"phys": 1758816575649, "cnt": 0, "node": "AS-N141"}, "package_id": "PKG16563", "payload": {"status": "IN_TRANSIT"}, "sent_ts": 1758816564239, "arrival_ts": 1758816564239}
{"action": "send", "src": "AS-N141", "dst": "AN-N16", "hlc": {"phys": 1758816575881, "cnt": 0, "node": "AS-N141"}, "package_id": "PKG16563", "payload": {"status": "RECEIVED"}, "sent_ts": 1758816564471, "arrival_ts": 1758816564471}
{"action": "send", "src": "AS-N141", "dst": "AN-N16", "hlc": {"phys": 1758816576131, "cnt": 0, "node": "AS-N141"}, "package_id": "PKG16563", "payload": {"status": "DELIVERED"}, "sent_ts": 1758816564721, "arrival_ts": 1758816564721}
