{"action": "recv", "src": "AS-N73", "dst": "AS-N64", "hlc": {"phys": 1758712682646, "cnt": 0, "node": "AS-N73"}, "package_id": "PKG12671", "payload": {"status": "CREATED"}, "sent_ts": 1758712671916, "arrival_ts": 1758712672100}
{"action": "recv", "src": "AS-N73", "dst": "AS-N64", "hlc": {"phys": 1758712683032, "cnt": 0, "node": "AS-N73"}, "package_id": "PKG12671", "payload": {"status": "SENT"}, "sent_ts": 1758712672302, "arrival_ts": 1758712672486}
{"action": "recv", "src": "AS-N73", "dst": "AS-N64", "hlc": {"phys": 1758712683437, "cnt": 0, "node": "AS-N73"}, "package_id": "PKG12671", "payload": {"status": "IN_TRANSIT"}, "sent_ts": 1758712672706, "arrival_ts": 1758712672734}
{"action": "recv", "src": "AS-N73", "dst": "AS-N64", "hlc": {"phys": 1758712683671, "cnt": 0, "node": "AS-N73"}, "package_id": "PKG12671", "payload": {"status": "RECEIVED"}, "sent_ts": 1758712672941, "arrival_ts": 1758712673152}
{"action": "recv", "src": "AS-N73", "dst": "AS-N64", "hlc": {"phys": 1758712684121, "cnt": 0, "node": "AS-N73"}, "package_id": "PKG12671", "payload": {"status": "DELIVERED"}, "sent_ts": 1758712673391, "arrival_ts": 1758712673513}
{"action": "recv", "src": "AU-N148", "dst": "AS-N64", "hlc": {"phys": 1758716400754, "cnt": 0, "node": "AU-N148"}, "package_id": "PKG16374", "payload": {"status": "CREATED"}, "sent_ts": 1758716374274, "arrival_ts": 1758716374382}
{"action": "recv", "src": "AU-N148", "dst": "AS-N64", "hlc": {"phys": 1758716401070, "cnt": 0, "node": "AU-N148"}, "package_id": "PKG16374", "payload": {"status": "SENT"}, "sent_ts": 1758716374590, "arrival_ts": 1758716374754}
{"action": "recv", "src": "AU-N148", "dst": "AS-N64", "hlc": {"phys": 1758716401437, "cnt": 0, "node": "AU-N148"}, "package_id": "PKG16374", "payload": {"status": "IN_TRANSIT"}, "sent_ts": 1758716374957, "arrival_ts": 1758716375022}
{"action": "recv", "src": "AU-N148", "dst": "AS-N64", "hlc": {"phys": 1758716401708, "cnt": 0, "node": "AU-N148"}, "package_id": "PKG16374", "payload": {"status": "RECEIVED"}, "sent_ts": 1758716375228, "arrival_ts": 1758716375266}
{"action": "recv", "src": "AU-N148", "dst": "AS-N64", "hlc": {"phys": 1758716401963, "cnt": 0, "node": "AU-N148"}, "package_id": "PKG16374", "payload": {"status": "DELIVERED"}, "sent_ts": 1758716375483, "arrival_ts": 1758716375574}
{"action": "recv", "src": "AU-N167", "dst": "AS-N64", "hlc": {"phys": 1758716540308, "cnt": 0, "node": "AU-N167"}, "package_id": "PKG16513", "payload": {"status": "CREATED"}, "sent_ts": 1758716513638, "arrival_ts": 1758716513802}
{"action": "recv", "src": "AU-N167", "dst": "AS-N64", "hlc": {"phys": 1758716540680, "cnt": 0, "node": "AU-N167"}, "package_id": "PKG16513", "payload": {"status": "SENT"}, "sent_ts": 1758716514010, "arrival_ts": 1758716514195}
{"action": "recv", "src": "AU-N167", "dst": "AS-N64", "hlc": {"phys": 1758716541067, "cnt": 0, "node": "AU-N167"}, "package_id": "PKG16513", "payload": {"status": "IN_TRANSIT"}, "sent_ts": 1758716514397, "arrival_ts": 1758716514507}
{"action": "recv", "src": "AU-N167", "dst": "AS-N64", "hlc": {"phys": 1758716541393, "cnt": 0, "node": "AU-N167"}, "package_id": "PKG16513", "payload": {"status": "RECEIVED"}, "sent_ts": 1758716514723, "arrival_ts": 1758716514864}
{"action": "recv", "src": "AU-N167", "dst": "AS-N64", "hlc": {"phys": 1758716541740, "cnt": 0, "node": "AU-N167"}, "package_id": "PKG16513", "payload": {"status": "DELIVERED"}, "sent_ts": 1758716515070, "arrival_ts": 1758716515164}
{"action": "send", "src": "AS-N64", "dst": "AS-N81", "hlc": {"phys": 1758716723352, "cnt": 0, "node": "AS-N64"}, "package_id": "PKG16712", "payload": {"status": "CREATED"}, "sent_ts": 1758716712712, "arrival_ts": 1758716712712}
{"action": "send", "src": "AS-N64", "dst": "AS-N81", "hlc": {"phys": 1758716723684, "cnt": 0, "node": "AS-N64"}, "package_id": "PKG16712", "payload": {"status": "SENT"}, "sent_ts": 1758716713044, "arrival_ts": 1758716713044}
{"action": "send", "src": "AS-N64", "dst": "AS-N81", "hlc": {"phys": 1758716723917, "cnt": 0, "node": "AS-N64"}, "package_id": "PKG16712", "payload": {"status": "IN_TRANSIT"}, "sent_ts": 1758716713277, "arrival_ts": 1758716713277}
{"action": "send", "src": "AS-N64", "dst": "AS-N81", "hlc": {"phys": 1758716724245, "cnt": 0, "node": "AS-N64"}, "package_id": "PKG16712", "payload": {"status": "RECEIVED"}, "sent_ts": 1758716713605, "arrival_ts": 1758716713605}
{"action": "send", "src": "AS-N64", "dst": "AS-N81", "hlc": {"phys": 1758716724541, "cnt": 0, "node": "AS-N64"}, "package_id": "PKG16712", "payload": {"status": "DELIVERED"}, "sent_ts": 1758716713901, "arrival_ts": 1758716713901}
{"action": "send", "src": "AS-N64", "dst": "SA-N122", "hlc": {"phys": 1758719694516, "cnt": 0, "node": "AS-N64"}, "package_id": "PKG19683", "payload": {"status": "CREATED"}, "sent_ts": 1758719683876, "arrival_ts": 1758719683876}
{"action": "send", "src": "AS-N64", "dst": "SA-N122", "hlc": {"phys": 1758719694785, "cnt": 0, "node": "AS-N64"}, "package_id": "PKG19683", "payload": {"status": "SENT"}, "sent_ts": 1758719684145, "arrival_ts": 1758719684145}
{"action": "send", "src": "AS-N64", "dst": "SA-N122", "hlc": {"phys": 1758719695048, "cnt": 0, "node": "AS-N64"}, "package_id": "PKG19683", "payload": {"status": "IN_TRANSIT"}, "sent_ts": 1758719684408, "arrival_ts": 1758719684408}
{"action": "send", "src": "AS-N64", "dst": "SA-N122", "hlc": {"phys": 1758719695451, "cnt": 0, "node": "AS-N64"}, "package_id": "PKG19683", "payload": {"status": "RECEIVED"}, "sent_ts": 1758719684811, "arrival_ts": 1758719684811}
{"action": "send", "src": "AS-N64", "dst": "SA-N122", "hlc": {"phys": 1758719695707, "cnt": 0, "node": "AS-N64"}, "package_id": "PKG19683", "payload": {"status": "DELIVERED"}, "sent_ts": 1758719685067, "arrival_ts": 1758719685067}
{"action": "recv", "src": "AS-N117", "dst": "AS-N64", "hlc": {"phys": 1758738696878, "cnt": 0, "node": "AS-N117"}, "package_id": "PKG38685", "payload": {"status": "CREATED"}, "sent_ts": 1758738685708, "arrival_ts": 1758738685847}
{"action": "recv", "src": "AS-N117", "dst": "AS-N64", "hlc": {"phys": 1758738697239, "cnt": 0, "node": "AS-N117"}, "package_id": "PKG38685", "payload": {"status": "SENT"}, "sent_ts": 1758738686069, "arrival_ts": 1758738686136}
{"action": "recv", "src": "AS-N117", "dst": "AS-N64", "hlc": {"phys": 1758738697510, "cnt": 0, "node": "AS-N117"}, "package_id": "PKG38685", "payload": {"status": "IN_TRANSIT"}, "sent_ts": 1758738686340, "arrival_ts": 1758738686399}
{"action": "recv", "src": "AS-N117", "dst": "AS-N64", "hlc": {"phys": 1758738697773, "cnt": 0, "node": "AS-N117"}, "package_id": "PKG38685", "payload": {"status": "RECEIVED"}, "sent_ts": 1758738686603, "arrival_ts": 1758738686733}
{"action": "recv", "src": "AS-N117", "dst": "AS-N64", "hlc": {"phys": 1758738698111, "cnt": 0, "node": "AS-N117"}, "package_id": "PKG38685", "payload": {"status": "DELIVERED"}, "sent_ts": 1758738686941, "arrival_ts": 1758738687089}
{"action": "recv", "src": "AF-N107", "dst": "AS-N64", "hlc": {"phys": 1758740893363, "cnt": 0, "node": "AF-N107"}, "package_id": "PKG40877", "payload": {"status": "CREATED"}, "sent_ts": 1758740877293, "arrival_ts": 1758740877408}
{"action": "recv", "src": "AF-N107", "dst": "AS-N64", "hlc": {"phys": 1758740893682, "cnt": 0, "node": "AF-N107"}, "package_id": "PKG40877", "payload": {"status": "SENT"}, "sent_ts": 1758740877612, "arrival_ts": 1758740877791}
{"action": "recv", "src": "AF-N107", "dst": "AS-N64", "hlc": {"phys": 1758740894067, "cnt": 0, "node": "AF-N107"}, "package_id": "PKG40877", "payload": {"status": "IN_TRANSIT"}, "sent_ts": 1758740877997, "arrival_ts": 1758740878176}
{"action": "recv", "src": "AF-N107", "dst": "AS-N64", "hlc": {"phys": 1758740894450, "cnt": 0, "node": "AF-N107"}, "package_id": "PKG40877", "payload": {"status": "RECEIVED"}, "sent_ts": 1758740878380, "arrival_ts": 1758740878494}
{"action": "recv", "src": "AF-N107", "dst": "AS-N64", "hlc": {"phys": 1758740894764, "cnt": 0, "node": "AF-N107"}, "package_id": "PKG40877", "payload": {"status": "DELIVERED"}, "sent_ts": 1758740878694, "arrival_ts": 1758740878846}
{"action": "send", "src": "AS-N64", "dst": "EU-N164", "hlc": {"phys": 1758742201872, "cnt": 0, "node": "AS-N64"}, "package_id": "PKG42191", "payload": {"status": "CREATED"}, "sent_ts": 1758742191232, "arrival_ts": 1758742191232}
{"action": "send", "src": "AS-N64", "dst": "EU-N164", "hlc": {"phys": 1758742202252, "cnt": 0, "node": "AS-N64"}, "package_id": "PKG42191", "payload": {"status": "SENT"}, "sent_ts": 1758742191612, "arrival_ts": 1758742191612}
{"action": "send", "src": "AS-N64", "dst": "EU-N164", "hlc": {"phys": 1758742202497, "cnt": 0, "node": "AS-N64"}, "package_id": "PKG42191", "payload": {"status": "IN_TRANSIT"}, "sent_ts": 1758742191857, "arrival_ts": 1758742191857}
{"action": "send", "src": "AS-N64", "dst": "EU-N164", "hlc": {"phys": 1758742202904, "cnt": 0, "node": "AS-N64"}, "package_id": "PKG42191", "payload": {"status": "RECEIVED"}, "sent_ts": 1758742192264, "arrival_ts": 1758742192264}
{"action": "send", "src": "AS-N64", "dst": "EU-N164", "hlc": {"phys": 1758742203285, "cnt": 0, "node": "AS-N64"}, "package_id": "PKG42191", "payload": {"status": "DELIVERED"}, "sent_ts": 1758742192645, "arrival_ts": 1758742192645}
{"action": "send", "src": "AS-N64", "dst": "NA-N142", "hlc": {"phys": 1758743159891, "cnt": 0, "node": "AS-N64"}, "package_id": "PKG43149", "payload": {"status": "CREATED"}, "sent_ts": 1758743149251, "arrival_ts": 1758743149251}
{"action": "send", "src": "AS-N64", "dst": "NA-N142", "hlc": {"phys": 1758743160247, "cnt": 0, "node": "AS-N64"}, "package_id": "PKG43149", "payload": {"status": "SENT"}, "sent_ts": 1758743149607, "arrival_ts": 1758743149607}
{"action": "send", "src": "AS-N64", "dst": "NA-N142", "hlc": {"phys": 1758743160636, "cnt": 0, "node": "AS-N64"}, "package_id": "PKG43149", "payload": {"status": "IN_TRANSIT"}, "sent_ts": 1758743149996, "arrival_ts": 1758743149996}
{"action": "send", "src": "AS-N64", "dst": "NA-N142", "hlc": {"phys": 1758743160959, "cnt": 0, "node": "AS-N64"}, "package_id": "PKG43149", "payload": {"status": "RECEIVED"}, "sent_ts": 1758743150319, "arrival_ts": 1758743150319}
{"action": "send", "src": "AS-N64", "dst": "NA-N142", "hlc": {"phys": 1758743161267, "cnt": 0, "node": "AS-N64"}, "package_id": "PKG43149", "payload": {"status": "DELIVERED"}, "sent_ts": 1758743150627, "arrival_ts": 1758743150627}
{"action": "recv", "src": "SA-N104", "dst": "AS-N64", "hlc": {"phys": 1758744070704, "cnt": 0, "node": "SA-N104"}, "package_id": "PKG44049", "payload": {"status": "CREATED"}, "sent_ts": 1758744049664, "arrival_ts": 1758744049813}
{"action": "recv", "src": "SA-N104", "dst": "AS-N64", "hlc": {"phys": 1758744071060, "cnt": 0, "node": "SA-N104"}, "package_id": "PKG44049", "payload": {"status": "SENT"}, "sent_ts": 1758744050020, "arrival_ts": 1758744050132}
{"action": "recv", "src": "SA-N104", "dst": "AS-N64", "hlc": {"phys": 1758744071370, "cnt": 0, "node": "SA-N104"}, "package_id": "PKG44049", "payload": {"status": "IN_TRANSIT"}, "sent_ts": 1758744050330, "arrival_ts": 1758744050422}
{"action": "recv", "src": "SA-N104", "dst": "AS-N64", "hlc": {"phys": 1758744071666, "cnt": 0, "node": "SA-N104"}, "package_id": "PKG44049", "payload": {"status": "RECEIVED"}, "sent_ts": 1758744050626, "arrival_ts": 1758744050797}
{"action": "recv", "src": "SA-N104", "dst": "AS-N64", "hlc": {"phys": 1758744072053, "cnt": 0, "node": "SA-N104"}, "package_id": "PKG44049", "payload": {"status": "DELIVERED"}, "sent_ts": 1758744051013, "arrival_ts": 1758744051141}
{"action": "recv", "src": "AN-N111", "dst": "AS-N64", "hlc": {"phys": 1758746396485, "cnt": 0, "node": "AN-N111"}, "package_id": "PKG46365", "payload": {"status": "CREATED"}, "sent_ts": 1758746365375, "arrival_ts": 1758746365399}
{"action": "recv", "src": "AN-N111", "dst": "AS-N64", "hlc": {"phys": 1758746396703, "cnt": 0, "node": "AN-N111"}, "package_id": "PKG46365", "payload": {"status": "SENT"}, "sent_ts": 1758746365593, "arrival_ts": 1758746365606}
{"action": "recv", "src": "AN-N111", "dst": "AS-N64", "hlc": {"phys": 1758746396922, "cnt": 0, "node": "AN-N111"}, "package_id": "PKG46365", "payload": {"status": "IN_TRANSIT"}, "sent_ts": 1758746365812, "arrival_ts": 1758746365897}
{"action": "recv", "src": "AN-N111", "dst": "AS-N64", "hlc": {"phys": 1758746397201, "cnt": 0, "node": "AN-N111"}, "package_id": "PKG46365", "payload": {"status": "RECEIVED"}, "sent_ts": 1758746366091, "arrival_ts": 1758746366281}
{"action": "recv", "src": "AN-N111", "dst": "AS-N64", "hlc": {"phys": 1758746397604, "cnt": 0, "node": "AN-N111"}, "package_id": "PKG46365", "payload": {"status": "DELIVERED"}, "sent_ts": 1758746366494, "arrival_ts": 1758746366540}
{"action": "send", "src": "AS-N64", "dst": "NA-N120", "hlc": {"phys": 1758746541331, "cnt": 0, "node": "AS-N64"}, "package_id": "PKG46530", "payload": {"status": "CREATED"}, "sent_ts": 1758746530691, "arrival_ts": 1758746530691}
{"action": "send", "src": "AS-N64", "dst": "NA-N120", "hlc": {"phys": 1758746541718, "cnt": 0, "node": "AS-N64"}, "package_id": "PKG46530", "payload": {"status": "SENT"}, "sent_ts": 1758746531078, "arrival_ts": 1758746531078}
{"action": "send", "src": "AS-N64", "dst": "NA-N120", "hlc": {"phys": 1758746542090, "cnt": 0, "node": "AS-N64"}, "package_id": "PKG46530", "payload": {"status": "IN_TRANSIT"}, "sent_ts": 1758746531450, "arrival_ts": 1758746531451}
{"action": "send", "src": "AS-N64", "dst": "NA-N120", "hlc": {"phys": 1758746542353, "cnt": 0, "node": "AS-N64"}, "package_id": "PKG46530", "payload": {"status": "RECEIVED"}, "sent_ts": 1758746531713, "arrival_ts": 1758746531714}
{"action": "send", "src": "AS-N64", "dst": "NA-N120", "hlc": {"phys": 1758746542681, "cnt": 0, "node": "AS-N64"}, "package_id": "PKG46530", "payload": {"status": "DELIVERED"}, "sent_ts": 1758746532041, "arrival_ts": 1758746532041}
{"action": "recv", "src": "SA-N129", "dst": "AS-N64", "hlc": {"phys": 1758748330797, "cnt": 0, "node": "SA-N129"}, "package_id": "PKG48309", "payload": {"status": "CREATED"}, "sent_ts": 1758748309507, "arrival_ts": 1758748309576}
{"action": "recv", "src": "SA-N129", "dst": "AS-N64", "hlc": {"phys": 1758748331078, "cnt": 0, "node": "SA-N129"}, "package_id": "PKG48309", "payload": {"status": "SENT"}, "sent_ts": 1758748309788, "arrival_ts": 1758748309898}
{"action": "recv", "src": "SA-N129", "dst": "AS-N64", "hlc": {"phys": 1758748331393, "cnt": 0, "node": "SA-N129"}, "package_id": "PKG48309", "payload": {"status": "IN_TRANSIT"}, "sent_ts": 1758748310103, "arrival_ts": 1758748310120}
{"action": "recv", "src": "SA-N129", "dst": "AS-N64", "hlc": {"phys": 1758748331601, "cnt": 0, "node": "SA-N129"}, "package_id": "PKG48309", "payload": {"status": "RECEIVED"}, "sent_ts": 1758748310311, "arrival_ts": 1758748310466}
{"action": "recv", "src": "SA-N129", "dst": "AS-N64", "hlc": {"phys": 1758748331974, "cnt": 0, "node": "SA-N129"}, "package_id": "PKG48309", "payload": {"status": "DELIVERED"}, "sent_ts": 1758748310684, "arrival_ts": 1758748310882}
{"action": "recv", "src": "SA-N147", "dst": "AS-N64", "hlc": {"phys": 1758751713129, "cnt": 0, "node": "SA-N147"}, "package_id": "PKG51691", "payload": {"status": "CREATED"}, "sent_ts": 1758751691659, "arrival_ts": 1758751691837}
{"action": "recv", "src": "SA-N147", "dst": "AS-N64", "hlc": {"phys": 1758751713514, "cnt": 0, "node": "SA-N147"}, "package_id": "PKG51691", "payload": {"status": "SENT"}, "sent_ts": 1758751692044, "arrival_ts": 1758751692088}
{"action": "recv", "src": "SA-N147", "dst": "AS-N64", "hlc": {"phys": 1758751713767, "cnt": 0, "node": "SA-N147"}, "package_id": "PKG51691", "payload": {"status": "IN_TRANSIT"}, "sent_ts": 1758751692297, "arrival_ts": 1758751692476}
{"action": "recv", "src": "SA-N147", "dst": "AS-N64", "hlc": {"phys": 1758751714146, "cnt": 0, "node": "SA-N147"}, "package_id": "PKG51691", "payload": {"status": "RECEIVED"}, "sent_ts": 1758751692676, "arrival_ts": 1758751692785}
{"action": "recv", "src": "SA-N147", "dst": "AS-N64", "hlc": {"phys": 1758751714465, "cnt": 0, "node": "SA-N147"}, "package_id": "PKG51691", "payload": {"status": "DELIVERED"}, "sent_ts": 1758751692995, "arrival_ts": 1758751693010}
{"action": "recv", "src": "SA-N13", "dst": "AS-N64", "hlc": {"phys": 1758752383417, "cnt": 0, "node": "SA-N13"}, "package_id": "PKG52363", "payload": {"status": "CREATED"}, "sent_ts": 1758752363287, "arrival_ts": 1758752363465}
{"action": "recv", "src": "SA-N13", "dst": "AS-N64", "hlc": {"phys": 1758752383809, "cnt": 0, "node": "SA-N13"}, "package_id": "PKG52363", "payload": {"status": "SENT"}, "sent_ts": 1758752363679, "arrival_ts": 1758752363725}
{"action": "recv", "src": "SA-N13", "dst": "AS-N64", "hlc": {"phys": 1758752384061, "cnt": 0, "node": "SA-N13"}, "package_id": "PKG52363", "payload": {"status": "IN_TRANSIT"}, "sent_ts": 1758752363931, "arrival_ts": 1758752364117}
{"action": "recv", "src": "SA-N13", "dst": "AS-N64", "hlc": {"phys": 1758752384457, "cnt": 0, "node": "SA-N13"}, "package_id": "PKG52363", "payload": {"status": "RECEIVED"}, "sent_ts": 1758752364327, "arrival_ts": 1758752364439}
{"action": "recv", "src": "SA-N13", "dst": "AS-N64", "hlc": {"phys": 1758752384781, "cnt": 0, "node": "SA-N13"}, "package_id": "PKG52363", "payload": {"status": "DELIVERED"}, "sent_ts": 1758752364651, "arrival_ts": 1758752364788}
{"action": "recv", "src": "NA-N159", "dst": "AS-N64", "hlc": {"phys": 1758754253576, "cnt": 0, "node": "NA-N159"}, "package_id": "PKG54251", "payload": {"status": "CREATED"}, "sent_ts": 1758754251986, "arrival_ts": 1758754252166}
{"action": "recv", "src": "NA-N159", "dst": "AS-N64", "hlc": {"phys": 1758754253965, "cnt": 0, "node": "NA-N159"}, "package_id": "PKG54251", "payload": {"status": "SENT"}, "sent_ts": 1758754252375, "arrival_ts": 1758754252431}
{"action": "recv", "src": "NA-N159", "dst": "AS-N64", "hlc": {"phys": 1758754254223, "cnt": 0, "node": "NA-N159"}, "package_id": "PKG54251", "payload": {"status": "IN_TRANSIT"}, "sent_ts": 1758754252633, "arrival_ts": 1758754252725}
{"action": "recv", "src": "NA-N159", "dst": "AS-N64", "hlc": {"phys": 1758754254517, "cnt": 0, "node": "NA-N159"}, "package_id": "PKG54251", "payload": {"status": "RECEIVED"}, "sent_ts": 1758754252927, "arrival_ts": 1758754253043}
{"action": "recv", "src": "NA-N159", "dst": "AS-N64", "hlc": {"phys": 1758754254831, "cnt": 0, "node": "NA-N159"}, "package_id": "PKG54251", "payload": {"status": "DELIVERED"}, "sent_ts": 1758754253241, "arrival_ts": 1758754253306}
{"action": "send", "src": "AS-N64", "dst": "SA-N58", "hlc": {"phys": 1758756271362, "cnt": 0, "node": "AS-N64"}, "package_id": "PKG56260", "payload": {"status": "CREATED"}, "sent_ts": 1758756260722, "arrival_ts": 1758756260723}
{"action": "send", "src": "AS-N64", "dst": "SA-N58", "hlc": {"phys": 1758756271603, "cnt": 0, "node": "AS-N64"}, "package_id": "PKG56260", "payload": {"status": "SENT"}, "sent_ts": 1758756260963, "arrival_ts": 1758756260963}
{"action": "send", "src": "AS-N64", "dst": "SA-N58", "hlc": {"phys": 1758756271814, "cnt": 0, "node": "AS-N64"}, "package_id": "PKG56260", "payload": {"status": "IN_TRANSIT"}, "sent_ts": 1758756261174, "arrival_ts": 1758756261174}
{"action": "send", "src": "AS-N64", "dst": "SA-N58", "hlc": {"phys": 1758756272212, "cnt": 0, "node": "AS-N64"}, "package_id": "PKG56260", "payload": {"status": "RECEIVED"}, "sent_ts": 1758756261572, "arrival_ts": 1758756261572}
{"action": "send", "src": "AS-N64", "dst": "SA-N58", "hlc": {"phys": 1758756272594, "cnt": 0, "node": "AS-N64"}, "package_id": "PKG56260", "payload": {"status": "DELIVERED"}, "sent_ts": 1758756261954, "arrival_ts": 1758756261954}
{"action": "recv", "src": "AN-N174", "dst": "AS-N64", "hlc": {"phys": 1758757333655, "cnt": 0, "node": "AN-N174"}, "package_id": "PKG57301", "payload": {"status": "CREATED"}, "sent_ts": 1758757301915, "arrival_ts": 1758757301955}
{"action": "recv", "src": "AN-N174", "dst": "AS-N64", "hlc": {"phys": 1758757333905, "cnt": 0, "node": "AN-N174"}, "package_id": "PKG57301", "payload": {"status": "SENT"}, "sent_ts": 1758757302165, "arrival_ts": 1758757302305}
{"action": "recv", "src": "AN-N174", "dst": "AS-N64", "hlc": {"phys": 1758757334257, "cnt": 0, "node": "AN-N174"}, "package_id": "PKG57301", "payload": {"status": "IN_TRANSIT"}, "sent_ts": 1758757302517, "arrival_ts": 1758757302700}
{"action": "recv", "src": "AN-N174", "dst": "AS-N64", "hlc": {"phys": 1758757334643, "cnt": 0, "node": "AN-N174"}, "package_id": "PKG57301", "payload": {"status": "RECEIVED"}, "sent_ts": 1758757302903, "arrival_ts": 1758757303044}
{"action": "recv", "src": "AN-N174", "dst": "AS-N64", "hlc": {"phys": 1758757334994, "cnt": 0, "node": "AN-N174"}, "package_id": "PKG57301", "payload": {"status": "DELIVERED"}, "sent_ts": 1758757303254, "arrival_ts": 1758757303336}
{"action": "recv", "src": "SA-N173", "dst": "AS-N64", "hlc": {"phys": 1758759369887, "cnt": 0, "node": "SA-N173"}, "package_id": "PKG59348", "payload": {"status": "CREATED"}, "sent_ts": 1758759348157, "arrival_ts": 1758759348262}
{"action": "recv", "src": "SA-N173", "dst": "AS-N64", "hlc": {"phys": 1758759370196, "cnt": 0, "node": "SA-N173"}, "package_id": "PKG59348", "payload": {"status": "SENT"}, "sent_ts": 1758759348466, "arrival_ts": 1758759348617}
{"action": "recv", "src": "SA-N173", "dst": "AS-N64", "hlc": {"phys": 1758759370553, "cnt": 0, "node": "SA-N173"}, "package_id": "PKG59348", "payload": {"status": "IN_TRANSIT"}, "sent_ts": 1758759348823, "arrival_ts": 1758759348959}
{"action": "recv", "src": "SA-N173", "dst": "AS-N64", "hlc": {"phys": 1758759370894, "cnt": 0, "node": "SA-N173"}, "package_id": "PKG59348", "payload": {"status": "RECEIVED"}, "sent_ts": 1758759349164, "arrival_ts": 1758759349307}
{"action": "recv", "src": "SA-N173", "dst": "AS-N64", "hlc": {"phys": 1758759371247, "cnt": 0, "node": "SA-N173"}, "package_id": "PKG59348", "payload": {"status": "DELIVERED"}, "sent_ts": 1758759349517, "arrival_ts": 1758759349684}
{"action": "recv", "src": "AF-N155", "dst": "AS-N64", "hlc": {"phys": 1758761642606, "cnt": 0, "node": "AF-N155"}, "package_id": "PKG61626", "payload": {"status": "CREATED"}, "sent_ts": 1758761626056, "arrival_ts": 1758761626212}
{"action": "recv", "src": "AF-N155", "dst": "AS-N64", "hlc": {"phys": 1758761642972, "cnt": 0, "node": "AF-N155"}, "package_id": "PKG61626", "payload": {"status": "SENT"}, "sent_ts": 1758761626422, "arrival_ts": 1758761626485}
{"action": "recv", "src": "AF-N155", "dst": "AS-N64", "hlc": {"phys": 1758761643247, "cnt": 0, "node": "AF-N155"}, "package_id": "PKG61626", "payload": {"status": "IN_TRANSIT"}, "sent_ts": 1758761626697, "arrival_ts": 1758761626713}
{"action": "recv", "src": "AF-N155", "dst": "AS-N64", "hlc": {"phys": 1758761643455, "cnt": 0, "node": "AF-N155"}, "package_id": "PKG61626", "payload": {"status": "RECEIVED"}, "sent_ts": 1758761626905, "arrival_ts": 1758761627081}
{"action": "recv", "src": "AF-N155", "dst": "AS-N64", "hlc": {"phys": 1758761643829, "cnt": 0, "node": "AF-N155"}, "package_id": "PKG61626", "payload": {"status": "DELIVERED"}, "sent_ts": 1758761627279, "arrival_ts": 1758761627339}
{"action": "recv", "src": "SA-N72", "dst": "AS-N64", "hlc": {"phys": 1758762832757, "cnt": 0, "node": "SA-N72"}, "package_id": "PKG62812", "payload": {"status": "CREATED"}, "sent_ts": 1758762812037, "arrival_ts": 1758762812231}
{"action": "recv", "src": "SA-N72", "dst": "AS-N64", "hlc": {"phys": 1758762833163, "cnt": 0, "node": "SA-N72"}, "package_id": "PKG62812", "payload": {"status": "SENT"}, "sent_ts": 1758762812443, "arrival_ts": 1758762812633}
{"action": "recv", "src": "SA-N72", "dst": "AS-N64", "hlc": {"phys": 1758762833559, "cnt": 0, "node": "SA-N72"}, "package_id": "PKG62812", "payload": {"status": "IN_TRANSIT"}, "sent_ts": 1758762812839, "arrival_ts": 1758762813023}
{"action": "recv", "src": "SA-N72", "dst": "AS-N64", "hlc": {"phys": 1758762833953, "cnt": 0, "node": "SA-N72"}, "package_id": "PKG62812", "payload": {"status": "RECEIVED"}, "sent_ts": 1758762813233, "arrival_ts": 1758762813390}
{"action": "recv", "src": "SA-N72", "dst": "AS-N64", "hlc": {"phys": 1758762834330, "cnt": 0, "node": "SA-N72"}, "package_id": "PKG62812", "payload": {"status": "DELIVERED"}, "sent_ts": 1758762813610, "arrival_ts": 1758762813638}
{"action": "recv", "src": "AF-N28", "dst": "AS-N64", "hlc": {"phys": 1758763056077, "cnt": 0, "node": "AF-N28"}, "package_id": "PKG63040", "payload": {"status": "CREATED"}, "sent_ts": 1758763040797, "arrival_ts": 1758763040989}
{"action": "recv", "src": "AF-N28", "dst": "AS-N64", "hlc": {"phys": 1758763056480, "cnt": 0, "node": "AF-N28"}, "package_id": "PKG63040", "payload": {"status": "SENT"}, "sent_ts": 1758763041200, "arrival_ts": 1758763041230}
{"action": "recv", "src": "AF-N28", "dst": "AS-N64", "hlc": {"phys": 1758763057635, "cnt": 0, "node": "AF-N28"}, "package_id": "PKG63040", "payload": {"status": "IN_TRANSIT"}, "sent_ts": 1758763042355, "arrival_ts": 1758763042400}
{"action": "recv", "src": "AF-N28", "dst": "AS-N64", "hlc": {"phys": 1758763057882, "cnt": 0, "node": "AF-N28"}, "package_id": "PKG63040", "payload": {"status": "RECEIVED"}, "sent_ts": 1758763042602, "arrival_ts": 1758763042770}
{"action": "recv", "src": "AF-N28", "dst": "AS-N64", "hlc": {"phys": 1758763058254, "cnt": 0, "node": "AF-N28"}, "package_id": "PKG63040", "payload": {"status": "DELIVERED"}, "sent_ts": 1758763042974, "arrival_ts": 1758763043093}
{"action": "send", "src": "AS-N64", "dst": "SA-N137", "hlc": {"phys": 1758765033236, "cnt": 0, "node": "AS-N64"}, "package_id": "PKG65022", "payload": {"status": "CREATED"}, "sent_ts": 1758765022596, "arrival_ts": 1758765022596}
{"action": "send", "src": "AS-N64", "dst": "SA-N137", "hlc": {"phys": 1758765033600, "cnt": 0, "node": "AS-N64"}, "package_id": "PKG65022", "payload": {"status": "SENT"}, "sent_ts": 1758765022960, "arrival_ts": 1758765022960}
{"action": "send", "src": "AS-N64", "dst": "SA-N137", "hlc": {"phys": 1758765033967, "cnt": 0, "node": "AS-N64"}, "package_id": "PKG65022", "payload": {"status": "IN_TRANSIT"}, "sent_ts": 1758765023327, "arrival_ts": 1758765023327}
{"action": "send", "src": "AS-N64", "dst": "SA-N137", "hlc": {"phys": 1758765034255, "cnt": 0, "node": "AS-N64"}, "package_id": "PKG65022", "payload": {"status": "RECEIVED"}, "sent_ts": 1758765023615, "arrival_ts": 1758765023615}
{"action": "send", "src": "AS-N64", "dst": "SA-N137", "hlc": {"phys": 1758765034638, "cnt": 0, "node": "AS-N64"}, "package_id": "PKG65022", "payload": {"status": "DELIVERED"}, "sent_ts": 1758765023998, "arrival_ts": 1758765023998}
{"action": "recv", "src": "AU-N124", "dst": "AS-N64", "hlc": {"phys": 1758799881856, "cnt": 0, "node": "AU-N124"}, "package_id": "PKG99855", "payload": {"status": "CREATED"}, "sent_ts": 1758799855616, "arrival_ts": 1758799855802}
{"action": "recv", "src": "AU-N124", "dst": "AS-N64", "hlc": {"phys": 1758799882251, "cnt": 0, "node": "AU-N124"}, "package_id": "PKG99855", "payload": {"status": "SENT"}, "sent_ts": 1758799856011, "arrival_ts": 1758799856239}
{"action": "recv", "src": "AU-N124", "dst": "AS-N64", "hlc": {"phys": 1758799882729, "cnt": 0, "node": "AU-N124"}, "package_id": "PKG99855", "payload": {"status": "IN_TRANSIT"}, "sent_ts": 1758799856489, "arrival_ts": 1758799856599}
{"action": "recv", "src": "AU-N124", "dst": "AS-N64", "hlc": {"phys": 1758799883059, "cnt": 0, "node": "AU-N124"}, "package_id": "PKG99855", "payload": {"status": "RECEIVED"}, "sent_ts": 1758799856819, "arrival_ts": 1758799856865}
{"action": "recv", "src": "AU-N124", "dst": "AS-N64", "hlc": {"phys": 1758799883346, "cnt": 0, "node": "AU-N124"}, "package_id": "PKG99855", "payload": {"status": "DELIVERED"}, "sent_ts": 1758799857106, "arrival_ts": 1758799857479}
{"action": "send", "src": "AS-N64", "dst": "SA-N16", "hlc": {"phys": 1758800546969, "cnt": 0, "node": "AS-N64"}, "package_id": "PKG536", "payload": {"status": "CREATED"}, "sent_ts": 1758800536329, "arrival_ts": 1758800536329}
{"action": "send", "src": "AS-N64", "dst": "SA-N16", "hlc": {"phys": 1758800547281, "cnt": 0, "node": "AS-N64"}, "package_id": "PKG536", "payload": {"status": "SENT"}, "sent_ts": 1758800536641, "arrival_ts": 1758800536641}
{"action": "send", "src": "AS-N64", "dst": "SA-N16", "hlc": {"phys": 1758800547529, "cnt": 0, "node": "AS-N64"}, "package_id": "PKG536", "payload": {"status": "IN_TRANSIT"}, "sent_ts": 1758800536889, "arrival_ts": 1758800536889}
{"action": "send", "src": "AS-N64", "dst": "SA-N16", "hlc": {"phys": 1758800547841, "cnt": 0, "node": "AS-N64"}, "package_id": "PKG536", "payload": {"status": "RECEIVED"}, "sent_ts": 1758800537201, "arrival_ts": 1758800537201}
{"action": "send", "src": "AS-N64", "dst": "SA-N16", "hlc": {"phys": 1758800548089, "cnt": 0, "node": "AS-N64"}, "package_id": "PKG536", "payload": {"status": "DELIVERED"}, "sent_ts": 1758800537449, "arrival_ts": 1758800537449}
{"action": "send", "src": "AS-N64", "dst": "NA-N68", "hlc": {"phys": 1758813214929, "cnt": 0, "node": "AS-N64"}, "package_id": "PKG13204", "payload": {"status": "CREATED"}, "sent_ts": 1758813204289, "arrival_ts": 1758813204289}
{"action": "send", "src": "AS-N64", "dst": "NA-N68", "hlc": {"phys": 1758813215255, "cnt": 0, "node": "AS-N64"}, "package_id": "PKG13204", "payload": {"status": "SENT"}, "sent_ts": 1758813204615, "arrival_ts": 1758813204615}
{"action": "send", "src": "AS-N64", "dst": "NA-N68", "hlc": {"phys": 1758813215595, "cnt": 0, "node": "AS-N64"}, "package_id": "PKG13204", "payload": {"status": "IN_TRANSIT"}, "sent_ts": 1758813204955, "arrival_ts": 1758813204955}
{"action": "send", "src": "AS-N64", "dst": "NA-N68", "hlc": {"phys": 1758813215952, "cnt": 0, "node": "AS-N64"}, "package_id": "PKG13204", "payload": {"status": "RECEIVED"}, "sent_ts": 1758813205312, "arrival_ts": 1758813205312}
{"action": "send", "src": "AS-N64", "dst": "NA-N68", "hlc": {"phys": 1758813216217, "cnt": 0, "node": "AS-N64"}, "package_id": "PKG13204", "payload": {"status": "DELIVERED"}, "sent_ts": 1758813205577, "arrival_ts": 1758813205577}
{"action": "recv", "src": "AU-N138", "dst": "AS-N64", "hlc": {"phys": 1758814280172, "cnt": 0, "node": "AU-N138"}, "package_id": "PKG14253", "payload": {"status": "CREATED"}, "sent_ts": 1758814253792, "arrival_ts": 1758814253953}
{"action": "recv", "src": "AU-N138", "dst": "AS-N64", "hlc": {"phys": 1758814280542, "cnt": 0, "node": "AU-N138"}, "package_id": "PKG14253", "payload": {"status": "SENT"}, "sent_ts": 1758814254162, "arrival_ts": 1758814254346}
{"action": "recv", "src": "AU-N138", "dst": "AS-N64", "hlc": {"phys": 1758814280928, "cnt": 0, "node": "AU-N138"}, "package_id": "PKG14253", "payload": {"status": "IN_TRANSIT"}, "sent_ts": 1758814254548, "arrival_ts": 1758814254714}
{"action": "recv", "src": "AU-N138", "dst": "AS-N64", "hlc": {"phys": 1758814281286, "cnt": 0, "node": "AU-N138"}, "package_id": "PKG14253", "payload": {"status": "RECEIVED"}, "sent_ts": 1758814254906, "arrival_ts": 1758814255088}
{"action": "recv", "src": "AU-N138", "dst": "AS-N64", "hlc": {"phys": 1758814281675, "cnt": 0, "node": "AU-N138"}, "package_id": "PKG14253", "payload": {"status": "DELIVERED"}, "sent_ts": 1758814255295, "arrival_ts": 1758814255330}
