{"action": "recv", "src": "AN-N85", "dst": "AS-N96", "hlc": {"phys": 1758716657107, "cnt": 0, "node": "AN-N85"}, "package_id": "PKG16626", "payload": {"status": "CREATED"}, "sent_ts": 1758716626257, "arrival_ts": 1758716626391}
{"action": "recv", "src": "AN-N85", "dst": "AS-N96", "hlc": {"phys": 1758716657457, "cnt": 0, "node": "AN-N85"}, "package_id": "PKG16626", "payload": {"status": "SENT"}, "sent_ts": 1758716626607, "arrival_ts": 1758716626626}
{"action": "recv", "src": "AN-N85", "dst": "AS-N96", "hlc": {"phys": 1758716657684, "cnt": 0, "node": "AN-N85"}, "package_id": "PKG16626", "payload": {"status": "IN_TRANSIT"}, "sent_ts": 1758716626834, "arrival_ts": 1758716626984}
{"action": "recv", "src": "AN-N85", "dst": "AS-N96", "hlc": {"phys": 1758716658056, "cnt": 0, "node": "AN-N85"}, "package_id": "PKG16626", "payload": {"status": "RECEIVED"}, "sent_ts": 1758716627206, "arrival_ts": 1758716627389}
{"action": "recv", "src": "AN-N85", "dst": "AS-N96", "hlc": {"phys": 1758716658423, "cnt": 0, "node": "AN-N85"}, "package_id": "PKG16626", "payload": {"status": "DELIVERED"}, "sent_ts": 1758716627573, "arrival_ts": 1758716627645}
{"action": "recv", "src": "NA-N57", "dst": "AS-N96", "hlc": {"phys": 1758716986407, "cnt": 0, "node": "NA-N57"}, "package_id": "PKG16985", "payload": {"status": "CREATED"}, "sent_ts": 1758716985837, "arrival_ts": 1758716985930}
{"action": "recv", "src": "NA-N57", "dst": "AS-N96", "hlc": {"phys": 1758716986709, "cnt": 0, "node": "NA-N57"}, "package_id": "PKG16985", "payload": {"status": "SENT"}, "sent_ts": 1758716986139, "arrival_ts": 1758716986326}
{"action": "recv", "src": "NA-N57", "dst": "AS-N96", "hlc": {"phys": 1758716987099, "cnt": 0, "node": "NA-N57"}, "package_id": "PKG16985", "payload": {"status": "IN_TRANSIT"}, "sent_ts": 1758716986529, "arrival_ts": 1758716986694}
{"action": "recv", "src": "NA-N57", "dst": "AS-N96", "hlc": {"phys": 1758716987466, "cnt": 0, "node": "NA-N57"}, "package_id": "PKG16985", "payload": {"status": "RECEIVED"}, "sent_ts": 1758716986896, "arrival_ts": 1758716986988}
{"action": "recv", "src": "NA-N57", "dst": "AS-N96", "hlc": {"phys": 1758716987766, "cnt": 0, "node": "NA-N57"}, "package_id": "PKG16985", "payload": {"status": "DELIVERED"}, "sent_ts": 1758716987196, "arrival_ts": 1758716987364}
{"action": "send", "src": "AS-N96", "dst": "AN-N122", "hlc": {"phys": 1758718124437, "cnt": 0, "node": "AS-N96"}, "package_id": "PKG18113", "payload": {"status": "CREATED"}, "sent_ts": 1758718113477, "arrival_ts": 1758718113477}
{"action": "send", "src": "AS-N96", "dst": "AN-N122", "hlc": {"phys": 1758718124837, "cnt": 0, "node": "AS-N96"}, "package_id": "PKG18113", "payload": {"status": "SENT"}, "sent_ts": 1758718113877, "arrival_ts": 1758718113877}
{"action": "send", "src": "AS-N96", "dst": "AN-N122", "hlc": {"phys": 1758718125242, "cnt": 0, "node": "AS-N96"}, "package_id": "PKG18113", "payload": {"status": "IN_TRANSIT"}, "sent_ts": 1758718114282, "arrival_ts": 1758718114282}
{"action": "send", "src": "AS-N96", "dst": "AN-N122", "hlc": {"phys": 1758718125574, "cnt": 0, "node": "AS-N96"}, "package_id": "PKG18113", "payload": {"status": "RECEIVED"}, "sent_ts": 1758718114614, "arrival_ts": 1758718114614}
{"action": "send", "src": "AS-N96", "dst": "AN-N122", "hlc": {"phys": 1758718125930, "cnt": 0, "node": "AS-N96"}, "package_id": "PKG18113", "payload": {"status": "DELIVERED"}, "sent_ts": 1758718114970, "arrival_ts": 1758718114970}
{"action": "send", "src": "AS-N96", "dst": "AS-N30", "hlc": {"phys": 1758738520466, "cnt": 0, "node": "AS-N96"}, "package_id": "PKG38509", "payload": {"status": "CREATED"}, "sent_ts": 1758738509506, "arrival_ts": 1758738509506}
{"action": "send", "src": "AS-N96", "dst": "AS-N30", "hlc": {"phys": 1758738520720, "cnt": 0, "node": "AS-N96"}, "package_id": "PKG38509", "payload": {"status": "SENT"}, "sent_ts": 1758738509760, "arrival_ts": 1758738509760}
{"action": "send", "src": "AS-N96", "dst": "AS-N30", "hlc": {"phys": 1758738520940, "cnt": 0, "node": "AS-N96"}, "package_id": "PKG38509", "payload": {"status": "IN_TRANSIT"}, "sent_ts": 1758738509980, "arrival_ts": 1758738509980}
{"action": "send", "src": "AS-N96", "dst": "AS-N30", "hlc": {"phys": 1758738521331, "cnt": 0, "node": "AS-N96"}, "package_id": "PKG38509", "payload": {"status": "RECEIVED"}, "sent_ts": 1758738510371, "arrival_ts": 1758738510371}
{"action": "send", "src": "AS-N96", "dst": "AS-N30", "hlc": {"phys": 1758738521692, "cnt": 0, "node": "AS-N96"}, "package_id": "PKG38509", "payload": {"status": "DELIVERED"}, "sent_ts": 1758738510732, "arrival_ts": 1758738510732}
{"action": "recv", "src": "AN-N47", "dst": "AS-N96", "hlc": {"phys": 1758738655618, "cnt": 0, "node": "AN-N47"}, "package_id": "PKG38625", "payload": {"status": "CREATED"}, "sent_ts": 1758738625148, "arrival_ts": 1758738625326}
{"action": "recv", "src": "AN-N47", "dst": "AS-N96", "hlc": {"phys": 1758738655994, "cnt": 0, "node": "AN-N47"}, "package_id": "PKG38625", "payload": {"status": "SENT"}, "sent_ts": 1758738625524, "arrival_ts": 1758738625638}
{"action": "recv", "src": "AN-N47", "dst": "AS-N96", "hlc": {"phys": 1758738656323, "cnt": 0, "node": "AN-N47"}, "package_id": "PKG38625", "payload": {"status": "IN_TRANSIT"}, "sent_ts": 1758738625853, "arrival_ts": 1758738625965}
{"action": "recv", "src": "AN-N47", "dst": "AS-N96", "hlc": {"phys": 1758738656644, "cnt": 0, "node": "AN-N47"}, "package_id": "PKG38625", "payload": {"status": "RECEIVED"}, "sent_ts": 1758738626174, "arrival_ts": 1758738626246}
{"action": "recv", "src": "AN-N47", "dst": "AS-N96", "hlc": {"phys": 1758738656925, "cnt": 0, "node": "AN-N47"}, "package_id": "PKG38625", "payload": {"status": "DELIVERED"}, "sent_ts": 1758738626455, "arrival_ts": 1758738626631}
{"action": "recv", "src": "AN-N72", "dst": "AS-N96", "hlc": {"phys": 1758739776199, "cnt": 0, "node": "AN-N72"}, "package_id": "PKG39745", "payload": {"status": "CREATED"}, "sent_ts": 1758739745479, "arrival_ts": 1758739745558}
{"action": "recv", "src": "AN-N72", "dst": "AS-N96", "hlc": {"phys": 1758739776481, "cnt": 0, "node": "AN-N72"}, "package_id": "PKG39745", "payload": {"status": "SENT"}, "sent_ts": 1758739745761, "arrival_ts": 1758739745812}
{"action": "recv", "src": "AN-N72", "dst": "AS-N96", "hlc": {"phys": 1758739776737, "cnt": 0, "node": "AN-N72"}, "package_id": "PKG39745", "payload": {"status": "IN_TRANSIT"}, "sent_ts": 1758739746017, "arrival_ts": 1758739746033}
{"action": "recv", "src": "AN-N72", "dst": "AS-N96", "hlc": {"phys": 1758739776966, "cnt": 0, "node": "AN-N72"}, "package_id": "PKG39745", "payload": {"status": "RECEIVED"}, "sent_ts": 1758739746246, "arrival_ts": 1758739746373}
{"action": "recv", "src": "AN-N72", "dst": "AS-N96", "hlc": {"phys": 1758739777318, "cnt": 0, "node": "AN-N72"}, "package_id": "PKG39745", "payload": {"status": "DELIVERED"}, "sent_ts": 1758739746598, "arrival_ts": 1758739746661}
{"action": "send", "src": "AS-N96", "dst": "SA-N183", "hlc": {"phys": 1758741791210, "cnt": 0, "node": "AS-N96"}, "package_id": "PKG41780", "payload": {"status": "CREATED"}, "sent_ts": 1758741780250, "arrival_ts": 1758741780250}
{"action": "send", "src": "AS-N96", "dst": "SA-N183", "hlc": {"phys": 1758741791538, "cnt": 0, "node": "AS-N96"}, "package_id": "PKG41780", "payload": {"status": "SENT"}, "sent_ts": 1758741780578, "arrival_ts": 1758741780578}
{"action": "send", "src": "AS-N96", "dst": "SA-N183", "hlc": {"phys": 1758741791758, "cnt": 0, "node": "AS-N96"}, "package_id": "PKG41780", "payload": {"status": "IN_TRANSIT"}, "sent_ts": 1758741780798, "arrival_ts": 1758741780798}
{"action": "send", "src": "AS-N96", "dst": "SA-N183", "hlc": {"phys": 1758741792115, "cnt": 0, "node": "AS-N96"}, "package_id": "PKG41780", "payload": {"status": "RECEIVED"}, "sent_ts": 1758741781155, "arrival_ts": 1758741781155}
{"action": "send", "src": "AS-N96", "dst": "SA-N183", "hlc": {"phys": 1758741792484, "cnt": 0, "node": "AS-N96"}, "package_id": "PKG41780", "payload": {"status": "DELIVERED"}, "sent_ts": 1758741781524, "arrival_ts": 1758741781524}
{"action": "recv", "src": "AU-N183", "dst": "AS-N96", "hlc": {"phys": 1758743880733, "cnt": 0, "node": "AU-N183"}, "package_id": "PKG43853", "payload": {"status": "CREATED"}, "sent_ts": 1758743853903, "arrival_ts": 1758743853920}
{"action": "recv", "src": "AU-N183", "dst": "AS-N96", "hlc": {"phys": 1758743880967, "cnt": 0, "node": "AU-N183"}, "package_id": "PKG43853", "payload": {"status": "SENT"}, "sent_ts": 1758743854137, "arrival_ts": 1758743854202}
{"action": "recv", "src": "AU-N183", "dst": "AS-N96", "hlc": {"phys": 1758743881229, "cnt": 0, "node": "AU-N183"}, "package_id": "PKG43853", "payload": {"status": "IN_TRANSIT"}, "sent_ts": 1758743854399, "arrival_ts": 1758743854560}
{"action": "recv", "src": "AU-N183", "dst": "AS-N96", "hlc": {"phys": 1758743881587, "cnt": 0, "node": "AU-N183"}, "package_id": "PKG43853", "payload": {"status": "RECEIVED"}, "sent_ts": 1758743854757, "arrival_ts": 1758743854786}
{"action": "recv", "src": "AU-N183", "dst": "AS-N96", "hlc": {"phys": 1758743881804, "cnt": 0, "node": "AU-N183"}, "package_id": "PKG43853", "payload": {"status": "DELIVERED"}, "sent_ts": 1758743854974, "arrival_ts": 1758743855172}
{"action": "send", "src": "AS-N96", "dst": "NA-N161", "hlc": {"phys": 1758744556892, "cnt": 0, "node": "AS-N96"}, "package_id": "PKG44545", "payload": {"status": "CREATED"}, "sent_ts": 1758744545932, "arrival_ts": 1758744545932}
{"action": "send", "src": "AS-N96", "dst": "NA-N161", "hlc": {"phys": 1758744557112, "cnt": 0, "node": "AS-N96"}, "package_id": "PKG44545", "payload": {"status": "SENT"}, "sent_ts": 1758744546152, "arrival_ts": 1758744546152}
{"action": "send", "src": "AS-N96", "dst": "NA-N161", "hlc": {"phys": 1758744557429, "cnt": 0, "node": "AS-N96"}, "package_id": "PKG44545", "payload": {"status": "IN_TRANSIT"}, "sent_ts": 1758744546469, "arrival_ts": 1758744546469}
{"action": "send", "src": "AS-N96", "dst": "NA-N161", "hlc": {"phys": 1758744557805, "cnt": 0, "node": "AS-N96"}, "package_id": "PKG44545", "payload": {"status": "RECEIVED"}, "sent_ts": 1758744546845, "arrival_ts": 1758744546845}
{"action": "send", "src": "AS-N96", "dst": "NA-N161", "hlc": {"phys": 1758744558108, "cnt": 0, "node": "AS-N96"}, "package_id": "PKG44545", "payload": {"status": "DELIVERED"}, "sent_ts": 1758744547148, "arrival_ts": 1758744547148}
{"action": "recv", "src": "AU-N72", "dst": "AS-N96", "hlc": {"phys": 1758744919628, "cnt": 0, "node": "AU-N72"}, "package_id": "PKG44893", "payload": {"status": "CREATED"}, "sent_ts": 1758744893908, "arrival_ts": 1758744894076}
{"action": "recv", "src": "AU-N72", "dst": "AS-N96", "hlc": {"phys": 1758744920014, "cnt": 0, "node": "AU-N72"}, "package_id": "PKG44893", "payload": {"status": "SENT"}, "sent_ts": 1758744894294, "arrival_ts": 1758744894354}
{"action": "recv", "src": "AU-N72", "dst": "AS-N96", "hlc": {"phys": 1758744920274, "cnt": 0, "node": "AU-N72"}, "package_id": "PKG44893", "payload": {"status": "IN_TRANSIT"}, "sent_ts": 1758744894554, "arrival_ts": 1758744894714}
{"action": "recv", "src": "AU-N72", "dst": "AS-N96", "hlc": {"phys": 1758744920646, "cnt": 0, "node": "AU-N72"}, "package_id": "PKG44893", "payload": {"status": "RECEIVED"}, "sent_ts": 1758744894926, "arrival_ts": 1758744895096}
{"action": "recv", "src": "AU-N72", "dst": "AS-N96", "hlc": {"phys": 1758744921018, "cnt": 0, "node": "AU-N72"}, "package_id": "PKG44893", "payload": {"status": "DELIVERED"}, "sent_ts": 1758744895298, "arrival_ts": 1758744895489}
{"action": "send", "src": "AS-N96", "dst": "AN-N176", "hlc": {"phys": 1758745903316, "cnt": 0, "node": "AS-N96"}, "package_id": "PKG45892", "payload": {"status": "CREATED"}, "sent_ts": 1758745892356, "arrival_ts": 1758745892356}
{"action": "send", "src": "AS-N96", "dst": "AN-N176", "hlc": {"phys": 1758745903556, "cnt": 0, "node": "AS-N96"}, "package_id": "PKG45892", "payload": {"status": "SENT"}, "sent_ts": 1758745892596, "arrival_ts": 1758745892596}
{"action": "send", "src": "AS-N96", "dst": "AN-N176", "hlc": {"phys": 1758745903858, "cnt": 0, "node": "AS-N96"}, "package_id": "PKG45892", "payload": {"status": "IN_TRANSIT"}, "sent_ts": 1758745892898, "arrival_ts": 1758745892898}
{"action": "send", "src": "AS-N96", "dst": "AN-N176", "hlc": {"phys": 1758745904254, "cnt": 0, "node": "AS-N96"}, "package_id": "PKG45892", "payload": {"status": "RECEIVED"}, "sent_ts": 1758745893294, "arrival_ts": 1758745893294}
{"action": "send", "src": "AS-N96", "dst": "AN-N176", "hlc": {"phys": 1758745904544, "cnt": 0, "node": "AS-N96"}, "package_id": "PKG45892", "payload": {"status": "DELIVERED"}, "sent_ts": 1758745893584, "arrival_ts": 1758745893584}
{"action": "recv", "src": "SA-N193", "dst": "AS-N96", "hlc": {"phys": 1758746544859, "cnt": 0, "node": "SA-N193"}, "package_id": "PKG46522", "payload": {"status": "CREATED"}, "sent_ts": 1758746522929, "arrival_ts": 1758746523091}
{"action": "recv", "src": "SA-N193", "dst": "AS-N96", "hlc": {"phys": 1758746545233, "cnt": 0, "node": "SA-N193"}, "package_id": "PKG46522", "payload": {"status": "SENT"}, "sent_ts": 1758746523303, "arrival_ts": 1758746523360}
{"action": "recv", "src": "SA-N193", "dst": "AS-N96", "hlc": {"phys": 1758746545497, "cnt": 0, "node": "SA-N193"}, "package_id": "PKG46522", "payload": {"status": "IN_TRANSIT"}, "sent_ts": 1758746523567, "arrival_ts": 1758746523716}
{"action": "recv", "src": "SA-N193", "dst": "AS-N96", "hlc": {"phys": 1758746545853, "cnt": 0, "node": "SA-N193"}, "package_id": "PKG46522", "payload": {"status": "RECEIVED"}, "sent_ts": 1758746523923, "arrival_ts": 1758746523940}
{"action": "recv", "src": "SA-N193", "dst": "AS-N96", "hlc": {"phys": 1758746546071, "cnt": 0, "node": "SA-N193"}, "package_id": "PKG46522", "payload": {"status": "DELIVERED"}, "sent_ts": 1758746524141, "arrival_ts": 1758746524310}
{"action": "send", "src": "AS-N96", "dst": "SA-N32", "hlc": {"phys": 1758746748253, "cnt": 0, "node": "AS-N96"}, "package_id": "PKG46737", "payload": {"status": "CREATED"}, "sent_ts": 1758746737293, "arrival_ts": 1758746737293}
{"action": "send", "src": "AS-N96", "dst": "SA-N32", "hlc": {"phys": 1758746748609, "cnt": 0, "node": "AS-N96"}, "package_id": "PKG46737", "payload": {"status": "SENT"}, "sent_ts": 1758746737649, "arrival_ts": 1758746737649}
{"action": "send", "src": "AS-N96", "dst": "SA-N32", "hlc": {"phys": 1758746748859, "cnt": 0, "node": "AS-N96"}, "package_id": "PKG46737", "payload": {"status": "IN_TRANSIT"}, "sent_ts": 1758746737899, "arrival_ts": 1758746737899}
{"action": "send", "src": "AS-N96", "dst": "SA-N32", "hlc": {"phys": 1758746749137, "cnt": 0, "node": "AS-N96"}, "package_id": "PKG46737", "payload": {"status": "RECEIVED"}, "sent_ts": 1758746738177, "arrival_ts": 1758746738177}
{"action": "send", "src": "AS-N96", "dst": "SA-N32", "hlc": {"phys": 1758746749522, "cnt": 0, "node": "AS-N96"}, "package_id": "PKG46737", "payload": {"status": "DELIVERED"}, "sent_ts": 1758746738562, "arrival_ts": 1758746738562}
{"action": "send", "src": "AS-N96", "dst": "AU-N63", "hlc": {"phys": 1758747763578, "cnt": 0, "node": "AS-N96"}, "package_id": "PKG47752", "payload": {"status": "CREATED"}, "sent_ts": 1758747752618, "arrival_ts": 1758747752618}
{"action": "send", "src": "AS-N96", "dst": "AU-N63", "hlc": {"phys": 1758747763828, "cnt": 0, "node": "AS-N96"}, "package_id": "PKG47752", "payload": {"status": "SENT"}, "sent_ts": 1758747752868, "arrival_ts": 1758747752868}
{"action": "send", "src": "AS-N96", "dst": "AU-N63", "hlc": {"phys": 1758747764153, "cnt": 0, "node": "AS-N96"}, "package_id": "PKG47752", "payload": {"status": "IN_TRANSIT"}, "sent_ts": 1758747753193, "arrival_ts": 1758747753193}
{"action": "send", "src": "AS-N96", "dst": "AU-N63", "hlc": {"phys": 1758747764431, "cnt": 0, "node": "AS-N96"}, "package_id": "PKG47752", "payload": {"status": "RECEIVED"}, "sent_ts": 1758747753471, "arrival_ts": 1758747753471}
{"action": "send", "src": "AS-N96", "dst": "AU-N63", "hlc": {"phys": 1758747764788, "cnt": 0, "node": "AS-N96"}, "package_id": "PKG47752", "payload": {"status": "DELIVERED"}, "sent_ts": 1758747753828, "arrival_ts": 1758747753828}
{"action": "send", "src": "AS-N96", "dst": "SA-N18", "hlc": {"phys": 1758748701709, "cnt": 0, "node": "AS-N96"}, "package_id": "PKG48690", "payload": {"status": "CREATED"}, "sent_ts": 1758748690749, "arrival_ts": 1758748690749}
{"action": "send", "src": "AS-N96", "dst": "SA-N18", "hlc": {"phys": 1758748701942, "cnt": 0, "node": "AS-N96"}, "package_id": "PKG48690", "payload": {"status": "SENT"}, "sent_ts": 1758748690982, "arrival_ts": 1758748690982}
{"action": "send", "src": "AS-N96", "dst": "SA-N18", "hlc": {"phys": 1758748702249, "cnt": 0, "node": "AS-N96"}, "package_id": "PKG48690", "payload": {"status": "IN_TRANSIT"}, "sent_ts": 1758748691289, "arrival_ts": 1758748691289}
{"action": "send", "src": "AS-N96", "dst": "SA-N18", "hlc": {"phys": 1758748702646, "cnt": 0, "node": "AS-N96"}, "package_id": "PKG48690", "payload": {"status": "RECEIVED"}, "sent_ts": 1758748691686, "arrival_ts": 1758748691686}
{"action": "send", "src": "AS-N96", "dst": "SA-N18", "hlc": {"phys": 1758748703007, "cnt": 0, "node": "AS-N96"}, "package_id": "PKG48690", "payload": {"status": "DELIVERED"}, "sent_ts": 1758748692047, "arrival_ts": 1758748692047}
{"action": "send", "src": "AS-N96", "dst": "EU-N59", "hlc": {"phys": 1758748982367, "cnt": 0, "node": "AS-N96"}, "package_id": "PKG48971", "payload": {"status": "CREATED"}, "sent_ts": 1758748971407, "arrival_ts": 1758748971407}
{"action": "send", "src": "AS-N96", "dst": "EU-N59", "hlc": {"phys": 1758748982651, "cnt": 0, "node": "AS-N96"}, "package_id": "PKG48971", "payload": {"status": "SENT"}, "sent_ts": 1758748971691, "arrival_ts": 1758748971691}
{"action": "send", "src": "AS-N96", "dst": "EU-N59", "hlc": {"phys": 1758748982969, "cnt": 0, "node": "AS-N96"}, "package_id": "PKG48971", "payload": {"status": "IN_TRANSIT"}, "sent_ts": 1758748972009, "arrival_ts": 1758748972009}
{"action": "send", "src": "AS-N96", "dst": "EU-N59", "hlc": {"phys": 1758748983191, "cnt": 0, "node": "AS-N96"}, "package_id": "PKG48971", "payload": {"status": "RECEIVED"}, "sent_ts": 1758748972231, "arrival_ts": 1758748972231}
{"action": "send", "src": "AS-N96", "dst": "EU-N59", "hlc": {"phys": 1758748983523, "cnt": 0, "node": "AS-N96"}, "package_id": "PKG48971", "payload": {"status": "DELIVERED"}, "sent_ts": 1758748972563, "arrival_ts": 1758748972563}
{"action": "recv", "src": "NA-N155", "dst": "AS-N96", "hlc": {"phys": 1758751843516, "cnt": 0, "node": "NA-N155"}, "package_id": "PKG51841", "payload": {"status": "CREATED"}, "sent_ts": 1758751841966, "arrival_ts": 1758751842125}
{"action": "recv", "src": "NA-N155", "dst": "AS-N96", "hlc": {"phys": 1758751843878, "cnt": 0, "node": "NA-N155"}, "package_id": "PKG51841", "payload": {"status": "SENT"}, "sent_ts": 1758751842328, "arrival_ts": 1758751842447}
{"action": "recv", "src": "NA-N155", "dst": "AS-N96", "hlc": {"phys": 1758751844217, "cnt": 0, "node": "NA-N155"}, "package_id": "PKG51841", "payload": {"status": "IN_TRANSIT"}, "sent_ts": 1758751842667, "arrival_ts": 1758751842771}
{"action": "recv", "src": "NA-N155", "dst": "AS-N96", "hlc": {"phys": 1758751844533, "cnt": 0, "node": "NA-N155"}, "package_id": "PKG51841", "payload": {"status": "RECEIVED"}, "sent_ts": 1758751842983, "arrival_ts": 1758751842997}
{"action": "recv", "src": "NA-N155", "dst": "AS-N96", "hlc": {"phys": 1758751844751, "cnt": 0, "node": "NA-N155"}, "package_id": "PKG51841", "payload": {"status": "DELIVERED"}, "sent_ts": 1758751843201, "arrival_ts": 1758751843256}
{"action": "send", "src": "AS-N96", "dst": "SA-N148", "hlc": {"phys": 1758752014143, "cnt": 0, "node": "AS-N96"}, "package_id": "PKG52003", "payload": {"status": "CREATED"}, "sent_ts": 1758752003183, "arrival_ts": 1758752003183}
{"action": "send", "src": "AS-N96", "dst": "SA-N148", "hlc": {"phys": 1758752014357, "cnt": 0, "node": "AS-N96"}, "package_id": "PKG52003", "payload": {"status": "SENT"}, "sent_ts": 1758752003397, "arrival_ts": 1758752003397}
{"action": "send", "src": "AS-N96", "dst": "SA-N148", "hlc": {"phys": 1758752014731, "cnt": 0, "node": "AS-N96"}, "package_id": "PKG52003", "payload": {"status": "IN_TRANSIT"}, "sent_ts": 1758752003771, "arrival_ts": 1758752003771}
{"action": "send", "src": "AS-N96", "dst": "SA-N148", "hlc": {"phys": 1758752015066, "cnt": 0, "node": "AS-N96"}, "package_id": "PKG52003", "payload": {"status": "RECEIVED"}, "sent_ts": 1758752004106, "arrival_ts": 1758752004106}
{"action": "send", "src": "AS-N96", "dst": "SA-N148", "hlc": {"phys": 1758752015323, "cnt": 0, "node": "AS-N96"}, "package_id": "PKG52003", "payload": {"status": "DELIVERED"}, "sent_ts": 1758752004363, "arrival_ts": 1758752004363}
{"action": "send", "src": "AS-N96", "dst": "SA-N156", "hlc": {"phys": 1758754440992, "cnt": 0, "node": "AS-N96"}, "package_id": "PKG54430", "payload": {"status": "CREATED"}, "sent_ts": 1758754430032, "arrival_ts": 1758754430032}
{"action": "send", "src": "AS-N96", "dst": "SA-N156", "hlc": {"phys": 1758754441268, "cnt": 0, "node": "AS-N96"}, "package_id": "PKG54430", "payload": {"status": "SENT"}, "sent_ts": 1758754430308, "arrival_ts": 1758754430309}
{"action": "send", "src": "AS-N96", "dst": "SA-N156", "hlc": {"phys": 1758754441599, "cnt": 0, "node": "AS-N96"}, "package_id": "PKG54430", "payload": {"status": "IN_TRANSIT"}, "sent_ts": 1758754430639, "arrival_ts": 1758754430639}
{"action": "send", "src": "AS-N96", "dst": "SA-N156", "hlc": {"phys": 1758754441945, "cnt": 0, "node": "AS-N96"}, "package_id": "PKG54430", "payload": {"status": "RECEIVED"}, "sent_ts": 1758754430985, "arrival_ts": 1758754430985}
{"action": "send", "src": "AS-N96", "dst": "SA-N156", "hlc": {"phys": 1758754442199, "cnt": 0, "node": "AS-N96"}, "package_id": "PKG54430", "payload": {"status": "DELIVERED"}, "sent_ts": 1758754431239, "arrival_ts": 1758754431239}
{"action": "recv", "src": "AS-N166", "dst": "AS-N96", "hlc": {"phys": 1758759340615, "cnt": 0, "node": "AS-N166"}, "package_id": "PKG59328", "payload": {"status": "CREATED"}, "sent_ts": 1758759328955, "arrival_ts": 1758759329014}
{"action": "recv", "src": "AS-N166", "dst": "AS-N96", "hlc": {"phys": 1758759340892, "cnt": 0, "node": "AS-N166"}, "package_id": "PKG59328", "payload": {"status": "SENT"}, "sent_ts": 1758759329232, "arrival_ts": 1758759329275}
{"action": "recv", "src": "AS-N166", "dst": "AS-N96", "hlc": {"phys": 1758759341139, "cnt": 0, "node": "AS-N166"}, "package_id": "PKG59328", "payload": {"status": "IN_TRANSIT"}, "sent_ts": 1758759329479, "arrival_ts": 1758759329578}
{"action": "recv", "src": "AS-N166", "dst": "AS-N96", "hlc": {"phys": 1758759341448, "cnt": 0, "node": "AS-N166"}, "package_id": "PKG59328", "payload": {"status": "RECEIVED"}, "sent_ts": 1758759329788, "arrival_ts": 1758759329817}
{"action": "recv", "src": "AS-N166", "dst": "AS-N96", "hlc": {"phys": 1758759341664, "cnt": 0, "node": "AS-N166"}, "package_id": "PKG59328", "payload": {"status": "DELIVERED"}, "sent_ts": 1758759330004, "arrival_ts": 1758759330167}
{"action": "recv", "src": "AF-N193", "dst": "AS-N96", "hlc": {"phys": 1758761097994, "cnt": 0, "node": "AF-N193"}, "package_id": "PKG61081", "payload": {"status": "CREATED"}, "sent_ts": 1758761081064, "arrival_ts": 1758761081234}
{"action": "recv", "src": "AF-N193", "dst": "AS-N96", "hlc": {"phys": 1758761098381, "cnt": 0, "node": "AF-N193"}, "package_id": "PKG61081", "payload": {"status": "SENT"}, "sent_ts": 1758761081451, "arrival_ts": 1758761081495}
{"action": "recv", "src": "AF-N193", "dst": "AS-N96", "hlc": {"phys": 1758761098629, "cnt": 0, "node": "AF-N193"}, "package_id": "PKG61081", "payload": {"status": "IN_TRANSIT"}, "sent_ts": 1758761081699, "arrival_ts": 1758761081859}
{"action": "recv", "src": "AF-N193", "dst": "AS-N96", "hlc": {"phys": 1758761099002, "cnt": 0, "node": "AF-N193"}, "package_id": "PKG61081", "payload": {"status": "RECEIVED"}, "sent_ts": 1758761082072, "arrival_ts": 1758761082091}
{"action": "recv", "src": "AF-N193", "dst": "AS-N96", "hlc": {"phys": 1758761099221, "cnt": 0, "node": "AF-N193"}, "package_id": "PKG61081", "payload": {"status": "DELIVERED"}, "sent_ts": 1758761082291, "arrival_ts": 1758761082408}
{"action": "recv", "src": "AS-N76", "dst": "AS-N96", "hlc": {"phys": 1758800416625, "cnt": 0, "node": "AS-N76"}, "package_id": "PKG405", "payload": {"status": "CREATED"}, "sent_ts": 1758800405865, "arrival_ts": 1758800405962}
{"action": "recv", "src": "AS-N76", "dst": "AS-N96", "hlc": {"phys": 1758800416939, "cnt": 0, "node": "AS-N76"}, "package_id": "PKG405", "payload": {"status": "SENT"}, "sent_ts": 1758800406179, "arrival_ts": 1758800406287}
{"action": "recv", "src": "AS-N76", "dst": "AS-N96", "hlc": {"phys": 1758800417261, "cnt": 0, "node": "AS-N76"}, "package_id": "PKG405", "payload": {"status": "IN_TRANSIT"}, "sent_ts": 1758800406501, "arrival_ts": 1758800406537}
{"action": "recv", "src": "AS-N76", "dst": "AS-N96", "hlc": {"phys": 1758800417515, "cnt": 0, "node": "AS-N76"}, "package_id": "PKG405", "payload": {"status": "RECEIVED"}, "sent_ts": 1758800406755, "arrival_ts": 1758800406932}
{"action": "recv", "src": "AS-N76", "dst": "AS-N96", "hlc": {"phys": 1758800417888, "cnt": 0, "node": "AS-N76"}, "package_id": "PKG405", "payload": {"status": "DELIVERED"}, "sent_ts": 1758800407128, "arrival_ts": 1758800407282}
{"action": "recv", "src": "AF-N25", "dst": "AS-N96", "hlc": {"phys": 1758805289167, "cnt": 0, "node": "AF-N25"}, "package_id": "PKG5273", "payload": {"status": "CREATED"}, "sent_ts": 1758805273917, "arrival_ts": 1758805273958}
{"action": "recv", "src": "AF-N25", "dst": "AS-N96", "hlc": {"phys": 1758805289415, "cnt": 0, "node": "AF-N25"}, "package_id": "PKG5273", "payload": {"status": "SENT"}, "sent_ts": 1758805274165, "arrival_ts": 1758805274317}
{"action": "recv", "src": "AF-N25", "dst": "AS-N96", "hlc": {"phys": 1758805289770, "cnt": 0, "node": "AF-N25"}, "package_id": "PKG5273", "payload": {"status": "IN_TRANSIT"}, "sent_ts": 1758805274520, "arrival_ts": 1758805274661}
{"action": "recv", "src": "AF-N25", "dst": "AS-N96", "hlc": {"phys": 1758805290110, "cnt": 0, "node": "AF-N25"}, "package_id": "PKG5273", "payload": {"status": "RECEIVED"}, "sent_ts": 1758805274860, "arrival_ts": 1758805275058}
{"action": "recv", "src": "AF-N25", "dst": "AS-N96", "hlc": {"phys": 1758805290509, "cnt": 0, "node": "AF-N25"}, "package_id": "PKG5273", "payload": {"status": "DELIVERED"}, "sent_ts": 1758805275259, "arrival_ts": 1758805275416}
{"action": "recv", "src": "AN-N110", "dst": "AS-N96", "hlc": {"phys": 1758805770896, "cnt": 0, "node": "AN-N110"}, "package_id": "PKG5739", "payload": {"status": "CREATED"}, "sent_ts": 1758805739796, "arrival_ts": 1758805739826}
{"action": "recv", "src": "AN-N110", "dst": "AS-N96", "hlc": {"phys": 1758805771144, "cnt": 0, "node": "AN-N110"}, "package_id": "PKG5739", "payload": {"status": "SENT"}, "sent_ts": 1758805740044, "arrival_ts": 1758805740241}
{"action": "recv", "src": "AN-N110", "dst": "AS-N96", "hlc": {"phys": 1758805771548, "cnt": 0, "node": "AN-N110"}, "package_id": "PKG5739", "payload": {"status": "IN_TRANSIT"}, "sent_ts": 1758805740448, "arrival_ts": 1758805740498}
{"action": "recv", "src": "AN-N110", "dst": "AS-N96", "hlc": {"phys": 1758805771813, "cnt": 0, "node": "AN-N110"}, "package_id": "PKG5739", "payload": {"status": "RECEIVED"}, "sent_ts": 1758805740713, "arrival_ts": 1758805740892}
{"action": "recv", "src": "AN-N110", "dst": "AS-N96", "hlc": {"phys": 1758805772201, "cnt": 0, "node": "AN-N110"}, "package_id": "PKG5739", "payload": {"status": "DELIVERED"}, "sent_ts": 1758805741101, "arrival_ts": 1758805741152}
{"action": "send", "src": "AS-N96", "dst": "NA-N164", "hlc": {"phys": 1758809996248, "cnt": 0, "node": "AS-N96"}, "package_id": "PKG9985", "payload": {"status": "CREATED"}, "sent_ts": 1758809985288, "arrival_ts": 1758809985288}
{"action": "send", "src": "AS-N96", "dst": "NA-N164", "hlc": {"phys": 1758809996542, "cnt": 0, "node": "AS-N96"}, "package_id": "PKG9985", "payload": {"status": "SENT"}, "sent_ts": 1758809985582, "arrival_ts": 1758809985582}
{"action": "send", "src": "AS-N96", "dst": "NA-N164", "hlc": {"phys": 1758809996900, "cnt": 0, "node": "AS-N96"}, "package_id": "PKG9985", "payload": {"status": "IN_TRANSIT"}, "sent_ts": 1758809985940, "arrival_ts": 1758809985940}
{"action": "send", "src": "AS-N96", "dst": "NA-N164", "hlc": {"phys": 1758809997166, "cnt": 0, "node": "AS-N96"}, "package_id": "PKG9985", "payload": {"status": "RECEIVED"}, "sent_ts": 1758809986206, "arrival_ts": 1758809986206}
{"action": "send", "src": "AS-N96", "dst": "NA-N164", "hlc": {"phys": 1758809997413, "cnt": 0, "node": "AS-N96"}, "package_id": "PKG9985", "payload": {"status": "DELIVERED"}, "sent_ts": 1758809986453, "arrival_ts": 1758809986453}
{"action": "send", "src": "AS-N96", "dst": "AF-N162", "hlc": {"phys": 1758810460941, "cnt": 0, "node": "AS-N96"}, "package_id": "PKG10449", "payload": {"status": "CREATED"}, "sent_ts": 1758810449981, "arrival_ts": 1758810449981}
{"action": "send", "src": "AS-N96", "dst": "AF-N162", "hlc": {"phys": 1758810461316, "cnt": 0, "node": "AS-N96"}, "package_id": "PKG10449", "payload": {"status": "SENT"}, "sent_ts": 1758810450356, "arrival_ts": 1758810450356}
{"action": "send", "src": "AS-N96", "dst": "AF-N162", "hlc": {"phys": 1758810461690, "cnt": 0, "node": "AS-N96"}, "package_id": "PKG10449", "payload": {"status": "IN_TRANSIT"}, "sent_ts": 1758810450730, "arrival_ts": 1758810450730}
{"action": "send", "src": "AS-N96", "dst": "AF-N162", "hlc": {"phys": 1758810461950, "cnt": 0, "node": "AS-N96"}, "package_id": "PKG10449", "payload": {"status": "RECEIVED"}, "sent_ts": 1758810450990, "arrival_ts": 1758810450990}
{"action": "send", "src": "AS-N96", "dst": "AF-N162", "hlc": {"phys": 1758810462230, "cnt": 0, "node": "AS-N96"}, "package_id": "PKG10449", "payload": {"status": "DELIVERED"}, "sent_ts": 1758810451270, "arrival_ts": 1758810451270}
