{"action": "recv", "src": "NA-N1", "dst": "AS-N130", "hlc": {"phys": 1758713533650, "cnt": 0, "node": "NA-N1"}, "package_id": "PKG13533", "payload": {"status": "CREATED"}, "sent_ts": 1758713533640, "arrival_ts": 1758713533677}
{"action": "recv", "src": "NA-N1", "dst": "AS-N130", "hlc": {"phys": 1758713533900, "cnt": 0, "node": "NA-N1"}, "package_id": "PKG13533", "payload": {"status": "SENT"}, "sent_ts": 1758713533890, "arrival_ts": 1758713533965}
{"action": "recv", "src": "NA-N1", "dst": "AS-N130", "hlc": {"phys": 1758713534180, "cnt": 0, "node": "NA-N1"}, "package_id": "PKG13533", "payload": {"status": "IN_TRANSIT"}, "sent_ts": 1758713534170, "arrival_ts": 1758713534189}
{"action": "recv", "src": "NA-N1", "dst": "AS-N130", "hlc": {"phys": 1758713534407, "cnt": 0, "node": "NA-N1"}, "package_id": "PKG13533", "payload": {"status": "RECEIVED"}, "sent_ts": 1758713534397, "arrival_ts": 1758713534469}
{"action": "recv", "src": "NA-N1", "dst": "AS-N130", "hlc": {"phys": 1758713534681, "cnt": 0, "node": "NA-N1"}, "package_id": "PKG13533", "payload": {"status": "DELIVERED"}, "sent_ts": 1758713534671, "arrival_ts": 1758713534846}
{"action": "send", "src": "AS-N130", "dst": "EU-N106", "hlc": {"phys": 1758717379686, "cnt": 0, "node": "AS-N130"}, "package_id": "PKG17368", "payload": {"status": "CREATED"}, "sent_ts": 1758717368386, "arrival_ts": 1758717368386}
{"action": "send", "src": "AS-N130", "dst": "EU-N106", "hlc": {"phys": 1758717379997, "cnt": 0, "node": "AS-N130"}, "package_id": "PKG17368", "payload": {"status": "SENT"}, "sent_ts": 1758717368697, "arrival_ts": 1758717368697}
{"action": "send", "src": "AS-N130", "dst": "EU-N106", "hlc": {"phys": 1758717380218, "cnt": 0, "node": "AS-N130"}, "package_id": "PKG17368", "payload": {"status": "IN_TRANSIT"}, "sent_ts": 1758717368918, "arrival_ts": 1758717368918}
{"action": "send", "src": "AS-N130", "dst": "EU-N106", "hlc": {"phys": 1758717380533, "cnt": 0, "node": "AS-N130"}, "package_id": "PKG17368", "payload": {"status": "RECEIVED"}, "sent_ts": 1758717369233, "arrival_ts": 1758717369233}
{"action": "send", "src": "AS-N130", "dst": "EU-N106", "hlc": {"phys": 1758717380806, "cnt": 0, "node": "AS-N130"}, "package_id": "PKG17368", "payload": {"status": "DELIVERED"}, "sent_ts": 1758717369506, "arrival_ts": 1758717369506}
{"action": "recv", "src": "AS-N196", "dst": "AS-N130", "hlc": {"phys": 1758718419408, "cnt": 0, "node": "AS-N196"}, "package_id": "PKG18407", "payload": {"status": "CREATED"}, "sent_ts": 1758718407448, "arrival_ts": 1758718407498}
{"action": "recv", "src": "AS-N196", "dst": "AS-N130", "hlc": {"phys": 1758718419666, "cnt": 0, "node": "AS-N196"}, "package_id": "PKG18407", "payload": {"status": "SENT"}, "sent_ts": 1758718407706, "arrival_ts": 1758718407872}
{"action": "recv", "src": "AS-N196", "dst": "AS-N130", "hlc": {"phys": 1758718420031, "cnt": 0, "node": "AS-N196"}, "package_id": "PKG18407", "payload": {"status": "IN_TRANSIT"}, "sent_ts": 1758718408071, "arrival_ts": 1758718408101}
{"action": "recv", "src": "AS-N196", "dst": "AS-N130", "hlc": {"phys": 1758718420258, "cnt": 0, "node": "AS-N196"}, "package_id": "PKG18407", "payload": {"status": "RECEIVED"}, "sent_ts": 1758718408298, "arrival_ts": 1758718408435}
{"action": "recv", "src": "AS-N196", "dst": "AS-N130", "hlc": {"phys": 1758718420592, "cnt": 0, "node": "AS-N196"}, "package_id": "PKG18407", "payload": {"status": "DELIVERED"}, "sent_ts": 1758718408632, "arrival_ts": 1758718408832}
{"action": "recv", "src": "AN-N74", "dst": "AS-N130", "hlc": {"phys": 1758739598619, "cnt": 0, "node": "AN-N74"}, "package_id": "PKG39567", "payload": {"status": "CREATED"}, "sent_ts": 1758739567879, "arrival_ts": 1758739568018}
{"action": "recv", "src": "AN-N74", "dst": "AS-N130", "hlc": {"phys": 1758739598973, "cnt": 0, "node": "AN-N74"}, "package_id": "PKG39567", "payload": {"status": "SENT"}, "sent_ts": 1758739568233, "arrival_ts": 1758739568337}
{"action": "recv", "src": "AN-N74", "dst": "AS-N130", "hlc": {"phys": 1758739599284, "cnt": 0, "node": "AN-N74"}, "package_id": "PKG39567", "payload": {"status": "IN_TRANSIT"}, "sent_ts": 1758739568544, "arrival_ts": 1758739568744}
{"action": "recv", "src": "AN-N74", "dst": "AS-N130", "hlc": {"phys": 1758739599700, "cnt": 0, "node": "AN-N74"}, "package_id": "PKG39567", "payload": {"status": "RECEIVED"}, "sent_ts": 1758739568960, "arrival_ts": 1758739568989}
{"action": "recv", "src": "AN-N74", "dst": "AS-N130", "hlc": {"phys": 1758739599935, "cnt": 0, "node": "AN-N74"}, "package_id": "PKG39567", "payload": {"status": "DELIVERED"}, "sent_ts": 1758739569195, "arrival_ts": 1758739569393}
{"action": "send", "src": "AS-N130", "dst": "AF-N191", "hlc": {"phys": 1758740750432, "cnt": 0, "node": "AS-N130"}, "package_id": "PKG40739", "payload": {"status": "CREATED"}, "sent_ts": 1758740739132, "arrival_ts": 1758740739132}
{"action": "send", "src": "AS-N130", "dst": "AF-N191", "hlc": {"phys": 1758740750775, "cnt": 0, "node": "AS-N130"}, "package_id": "PKG40739", "payload": {"status": "SENT"}, "sent_ts": 1758740739475, "arrival_ts": 1758740739475}
{"action": "send", "src": "AS-N130", "dst": "AF-N191", "hlc": {"phys": 1758740751062, "cnt": 0, "node": "AS-N130"}, "package_id": "PKG40739", "payload": {"status": "IN_TRANSIT"}, "sent_ts": 1758740739762, "arrival_ts": 1758740739762}
{"action": "send", "src": "AS-N130", "dst": "AF-N191", "hlc": {"phys": 1758740751371, "cnt": 0, "node": "AS-N130"}, "package_id": "PKG40739", "payload": {"status": "RECEIVED"}, "sent_ts": 1758740740071, "arrival_ts": 1758740740071}
{"action": "send", "src": "AS-N130", "dst": "AF-N191", "hlc": {"phys": 1758740751716, "cnt": 0, "node": "AS-N130"}, "package_id": "PKG40739", "payload": {"status": "DELIVERED"}, "sent_ts": 1758740740416, "arrival_ts": 1758740740416}
{"action": "send", "src": "AS-N130", "dst": "NA-N27", "hlc": {"phys": 1758741476924, "cnt": 0, "node": "AS-N130"}, "package_id": "PKG41465", "payload": {"status": "CREATED"}, "sent_ts": 1758741465624, "arrival_ts": 1758741465624}
{"action": "send", "src": "AS-N130", "dst": "NA-N27", "hlc": {"phys": 1758741477191, "cnt": 0, "node": "AS-N130"}, "package_id": "PKG41465", "payload": {"status": "SENT"}, "sent_ts": 1758741465891, "arrival_ts": 1758741465891}
{"action": "send", "src": "AS-N130", "dst": "NA-N27", "hlc": {"phys": 1758741477594, "cnt": 0, "node": "AS-N130"}, "package_id": "PKG41465", "payload": {"status": "IN_TRANSIT"}, "sent_ts": 1758741466294, "arrival_ts": 1758741466294}
{"action": "send", "src": "AS-N130", "dst": "NA-N27", "hlc": {"phys": 1758741477936, "cnt": 0, "node": "AS-N130"}, "package_id": "PKG41465", "payload": {"status": "RECEIVED"}, "sent_ts": 1758741466636, "arrival_ts": 1758741466636}
{"action": "send", "src": "AS-N130", "dst": "NA-N27", "hlc": {"phys": 1758741478199, "cnt": 0, "node": "AS-N130"}, "package_id": "PKG41465", "payload": {"status": "DELIVERED"}, "sent_ts": 1758741466899, "arrival_ts": 1758741466899}
{"action": "send", "src": "AS-N130", "dst": "SA-N115", "hlc": {"phys": 1758746072248, "cnt": 0, "node": "AS-N130"}, "package_id": "PKG46060", "payload": {"status": "CREATED"}, "sent_ts": 1758746060948, "arrival_ts": 1758746060948}
{"action": "send", "src": "AS-N130", "dst": "SA-N115", "hlc": {"phys": 1758746072644, "cnt": 0, "node": "AS-N130"}, "package_id": "PKG46060", "payload": {"status": "SENT"}, "sent_ts": 1758746061344, "arrival_ts": 1758746061344}
{"action": "send", "src": "AS-N130", "dst": "SA-N115", "hlc": {"phys": 1758746072978, "cnt": 0, "node": "AS-N130"}, "package_id": "PKG46060", "payload": {"status": "IN_TRANSIT"}, "sent_ts": 1758746061678, "arrival_ts": 1758746061678}
{"action": "send", "src": "AS-N130", "dst": "SA-N115", "hlc": {"phys": 1758746073243, "cnt": 0, "node": "AS-N130"}, "package_id": "PKG46060", "payload": {"status": "RECEIVED"}, "sent_ts": 1758746061943, "arrival_ts": 1758746061943}
{"action": "send", "src": "AS-N130", "dst": "SA-N115", "hlc": {"phys": 1758746073531, "cnt": 0, "node": "AS-N130"}, "package_id": "PKG46060", "payload": {"status": "DELIVERED"}, "sent_ts": 1758746062231, "arrival_ts": 1758746062231}
{"action": "send", "src": "AS-N130", "dst": "NA-N130", "hlc": {"phys": 1758746152934, "cnt": 0, "node": "AS-N130"}, "package_id": "PKG46141", "payload": {"status": "CREATED"}, "sent_ts": 1758746141634, "arrival_ts": 1758746141634}
{"action": "send", "src": "AS-N130", "dst": "NA-N130", "hlc": {"phys": 1758746153182, "cnt": 0, "node": "AS-N130"}, "package_id": "PKG46141", "payload": {"status": "SENT"}, "sent_ts": 1758746141882, "arrival_ts": 1758746141882}
{"action": "send", "src": "AS-N130", "dst": "NA-N130", "hlc": {"phys": 1758746153539, "cnt": 0, "node": "AS-N130"}, "package_id": "PKG46141", "payload": {"status": "IN_TRANSIT"}, "sent_ts": 1758746142239, "arrival_ts": 1758746142239}
{"action": "send", "src": "AS-N130", "dst": "NA-N130", "hlc": {"phys": 1758746153866, "cnt": 0, "node": "AS-N130"}, "package_id": "PKG46141", "payload": {"status": "RECEIVED"}, "sent_ts": 1758746142566, "arrival_ts": 1758746142566}
{"action": "send", "src": "AS-N130", "dst": "NA-N130", "hlc": {"phys": 1758746154274, "cnt": 0, "node": "AS-N130"}, "package_id": "PKG46141", "payload": {"status": "DELIVERED"}, "sent_ts": 1758746142974, "arrival_ts": 1758746142974}
{"action": "send", "src": "AS-N130", "dst": "EU-N149", "hlc": {"phys": 1758747758889, "cnt": 0, "node": "AS-N130"}, "package_id": "PKG47747", "payload": {"status": "CREATED"}, "sent_ts": 1758747747589, "arrival_ts": 1758747747589}
{"action": "send", "src": "AS-N130", "dst": "EU-N149", "hlc": {"phys": 1758747759234, "cnt": 0, "node": "AS-N130"}, "package_id": "PKG47747", "payload": {"status": "SENT"}, "sent_ts": 1758747747934, "arrival_ts": 1758747747934}
{"action": "send", "src": "AS-N130", "dst": "EU-N149", "hlc": {"phys": 1758747759555, "cnt": 0, "node": "AS-N130"}, "package_id": "PKG47747", "payload": {"status": "IN_TRANSIT"}, "sent_ts": 1758747748255, "arrival_ts": 1758747748255}
{"action": "send", "src": "AS-N130", "dst": "EU-N149", "hlc": {"phys": 1758747759806, "cnt": 0, "node": "AS-N130"}, "package_id": "PKG47747", "payload": {"status": "RECEIVED"}, "sent_ts": 1758747748506, "arrival_ts": 1758747748506}
{"action": "send", "src": "AS-N130", "dst": "EU-N149", "hlc": {"phys": 1758747760069, "cnt": 0, "node": "AS-N130"}, "package_id": "PKG47747", "payload": {"status": "DELIVERED"}, "sent_ts": 1758747748769, "arrival_ts": 1758747748769}
{"action": "send", "src": "AS-N130", "dst": "EU-N126", "hlc": {"phys": 1758748045549, "cnt": 0, "node": "AS-N130"}, "package_id": "PKG48034", "payload": {"status": "CREATED"}, "sent_ts": 1758748034249, "arrival_ts": 1758748034249}
{"action": "send", "src": "AS-N130", "dst": "EU-N126", "hlc": {"phys": 1758748045892, "cnt": 0, "node": "AS-N130"}, "package_id": "PKG48034", "payload": {"status": "SENT"}, "sent_ts": 1758748034592, "arrival_ts": 1758748034592}
{"action": "send", "src": "AS-N130", "dst": "EU-N126", "hlc": {"phys": 1758748046118, "cnt": 0, "node": "AS-N130"}, "package_id": "PKG48034", "payload": {"status": "IN_TRANSIT"}, "sent_ts": 1758748034818, "arrival_ts": 1758748034818}
{"action": "send", "src": "AS-N130", "dst": "EU-N126", "hlc": {"phys": 1758748046446, "cnt": 0, "node": "AS-N130"}, "package_id": "PKG48034", "payload": {"status": "RECEIVED"}, "sent_ts": 1758748035146, "arrival_ts": 1758748035146}
{"action": "send", "src": "AS-N130", "dst": "EU-N126", "hlc": {"phys": 1758748046720, "cnt": 0, "node": "AS-N130"}, "package_id": "PKG48034", "payload": {"status": "DELIVERED"}, "sent_ts": 1758748035420, "arrival_ts": 1758748035420}
{"action": "recv", "src": "AF-N186", "dst": "AS-N130", "hlc": {"phys": 1758748745534, "cnt": 0, "node": "AF-N186"}, "package_id": "PKG48728", "payload": {"status": "CREATED"}, "sent_ts": 1758748728674, "arrival_ts": 1758748728876}
{"action": "recv", "src": "AF-N186", "dst": "AS-N130", "hlc": {"phys": 1758748745949, "cnt": 0, "node": "AF-N186"}, "package_id": "PKG48728", "payload": {"status": "SENT"}, "sent_ts": 1758748729089, "arrival_ts": 1758748729112}
{"action": "recv", "src": "AF-N186", "dst": "AS-N130", "hlc": {"phys": 1758748746187, "cnt": 0, "node": "AF-N186"}, "package_id": "PKG48728", "payload": {"status": "IN_TRANSIT"}, "sent_ts": 1758748729327, "arrival_ts": 1758748729354}
{"action": "recv", "src": "AF-N186", "dst": "AS-N130", "hlc": {"phys": 1758748746410, "cnt": 0, "node": "AF-N186"}, "package_id": "PKG48728", "payload": {"status": "RECEIVED"}, "sent_ts": 1758748729550, "arrival_ts": 1758748729601}
{"action": "recv", "src": "AF-N186", "dst": "AS-N130", "hlc": {"phys": 1758748746664, "cnt": 0, "node": "AF-N186"}, "package_id": "PKG48728", "payload": {"status": "DELIVERED"}, "sent_ts": 1758748729804, "arrival_ts": 1758748729863}
{"action": "recv", "src": "SA-N196", "dst": "AS-N130", "hlc": {"phys": 1758749682988, "cnt": 0, "node": "SA-N196"}, "package_id": "PKG49661", "payload": {"status": "CREATED"}, "sent_ts": 1758749661028, "arrival_ts": 1758749661078}
{"action": "recv", "src": "SA-N196", "dst": "AS-N130", "hlc": {"phys": 1758749683247, "cnt": 0, "node": "SA-N196"}, "package_id": "PKG49661", "payload": {"status": "SENT"}, "sent_ts": 1758749661287, "arrival_ts": 1758749661416}
{"action": "recv", "src": "SA-N196", "dst": "AS-N130", "hlc": {"phys": 1758749683571, "cnt": 0, "node": "SA-N196"}, "package_id": "PKG49661", "payload": {"status": "IN_TRANSIT"}, "sent_ts": 1758749661611, "arrival_ts": 1758749661706}
{"action": "recv", "src": "SA-N196", "dst": "AS-N130", "hlc": {"phys": 1758749683878, "cnt": 0, "node": "SA-N196"}, "package_id": "PKG49661", "payload": {"status": "RECEIVED"}, "sent_ts": 1758749661918, "arrival_ts": 1758749662040}
{"action": "recv", "src": "SA-N196", "dst": "AS-N130", "hlc": {"phys": 1758749684204, "cnt": 0, "node": "SA-N196"}, "package_id": "PKG49661", "payload": {"status": "DELIVERED"}, "sent_ts": 1758749662244, "arrival_ts": 1758749662437}
{"action": "recv", "src": "EU-N68", "dst": "AS-N130", "hlc": {"phys": 1758749899142, "cnt": 0, "node": "EU-N68"}, "package_id": "PKG49893", "payload": {"status": "CREATED"}, "sent_ts": 1758749893462, "arrival_ts": 1758749893636}
{"action": "recv", "src": "EU-N68", "dst": "AS-N130", "hlc": {"phys": 1758749899515, "cnt": 0, "node": "EU-N68"}, "package_id": "PKG49893", "payload": {"status": "SENT"}, "sent_ts": 1758749893835, "arrival_ts": 1758749893944}
{"action": "recv", "src": "EU-N68", "dst": "AS-N130", "hlc": {"phys": 1758749899838, "cnt": 0, "node": "EU-N68"}, "package_id": "PKG49893", "payload": {"status": "IN_TRANSIT"}, "sent_ts": 1758749894158, "arrival_ts": 1758749894207}
{"action": "recv", "src": "EU-N68", "dst": "AS-N130", "hlc": {"phys": 1758749900090, "cnt": 0, "node": "EU-N68"}, "package_id": "PKG49893", "payload": {"status": "RECEIVED"}, "sent_ts": 1758749894410, "arrival_ts": 1758749894551}
{"action": "recv", "src": "EU-N68", "dst": "AS-N130", "hlc": {"phys": 1758749900434, "cnt": 0, "node": "EU-N68"}, "package_id": "PKG49893", "payload": {"status": "DELIVERED"}, "sent_ts": 1758749894754, "arrival_ts": 1758749894894}
{"action": "recv", "src": "AN-N83", "dst": "AS-N130", "hlc": {"phys": 1758752417473, "cnt": 0, "node": "AN-N83"}, "package_id": "PKG52386", "payload": {"status": "CREATED"}, "sent_ts": 1758752386643, "arrival_ts": 1758752386658}
{"action": "recv", "src": "AN-N83", "dst": "AS-N130", "hlc": {"phys": 1758752417712, "cnt": 0, "node": "AN-N83"}, "package_id": "PKG52386", "payload": {"status": "SENT"}, "sent_ts": 1758752386882, "arrival_ts": 1758752386960}
{"action": "recv", "src": "AN-N83", "dst": "AS-N130", "hlc": {"phys": 1758752417999, "cnt": 0, "node": "AN-N83"}, "package_id": "PKG52386", "payload": {"status": "IN_TRANSIT"}, "sent_ts": 1758752387169, "arrival_ts": 1758752387325}
{"action": "recv", "src": "AN-N83", "dst": "AS-N130", "hlc": {"phys": 1758752418358, "cnt": 0, "node": "AN-N83"}, "package_id": "PKG52386", "payload": {"status": "RECEIVED"}, "sent_ts": 1758752387528, "arrival_ts": 1758752387690}
{"action": "recv", "src": "AN-N83", "dst": "AS-N130", "hlc": {"phys": 1758752418733, "cnt": 0, "node": "AN-N83"}, "package_id": "PKG52386", "payload": {"status": "DELIVERED"}, "sent_ts": 1758752387903, "arrival_ts": 1758752387960}
{"action": "send", "src": "AS-N130", "dst": "AF-N19", "hlc": {"phys": 1758752897680, "cnt": 0, "node": "AS-N130"}, "package_id": "PKG52886", "payload": {"status": "CREATED"}, "sent_ts": 1758752886380, "arrival_ts": 1758752886380}
{"action": "send", "src": "AS-N130", "dst": "AF-N19", "hlc": {"phys": 1758752898042, "cnt": 0, "node": "AS-N130"}, "package_id": "PKG52886", "payload": {"status": "SENT"}, "sent_ts": 1758752886742, "arrival_ts": 1758752886742}
{"action": "send", "src": "AS-N130", "dst": "AF-N19", "hlc": {"phys": 1758752898287, "cnt": 0, "node": "AS-N130"}, "package_id": "PKG52886", "payload": {"status": "IN_TRANSIT"}, "sent_ts": 1758752886987, "arrival_ts": 1758752886987}
{"action": "send", "src": "AS-N130", "dst": "AF-N19", "hlc": {"phys": 1758752898517, "cnt": 0, "node": "AS-N130"}, "package_id": "PKG52886", "payload": {"status": "RECEIVED"}, "sent_ts": 1758752887217, "arrival_ts": 1758752887217}
{"action": "send", "src": "AS-N130", "dst": "AF-N19", "hlc": {"phys": 1758752898788, "cnt": 0, "node": "AS-N130"}, "package_id": "PKG52886", "payload": {"status": "DELIVERED"}, "sent_ts": 1758752887488, "arrival_ts": 1758752887488}
{"action": "recv", "src": "AU-N198", "dst": "AS-N130", "hlc": {"phys": 1758754467349, "cnt": 0, "node": "AU-N198"}, "package_id": "PKG54440", "payload": {"status": "CREATED"}, "sent_ts": 1758754440369, "arrival_ts": 1758754440469}
{"action": "recv", "src": "AU-N198", "dst": "AS-N130", "hlc": {"phys": 1758754467669, "cnt": 0, "node": "AU-N198"}, "package_id": "PKG54440", "payload": {"status": "SENT"}, "sent_ts": 1758754440689, "arrival_ts": 1758754440724}
{"action": "recv", "src": "AU-N198", "dst": "AS-N130", "hlc": {"phys": 1758754469579, "cnt": 0, "node": "AU-N198"}, "package_id": "PKG54440", "payload": {"status": "IN_TRANSIT"}, "sent_ts": 1758754442599, "arrival_ts": 1758754442732}
{"action": "recv", "src": "AU-N198", "dst": "AS-N130", "hlc": {"phys": 1758754469919, "cnt": 0, "node": "AU-N198"}, "package_id": "PKG54440", "payload": {"status": "RECEIVED"}, "sent_ts": 1758754442939, "arrival_ts": 1758754442953}
{"action": "recv", "src": "AU-N198", "dst": "AS-N130", "hlc": {"phys": 1758754470149, "cnt": 0, "node": "AU-N198"}, "package_id": "PKG54440", "payload": {"status": "DELIVERED"}, "sent_ts": 1758754443169, "arrival_ts": 1758754443207}
{"action": "recv", "src": "AU-N21", "dst": "AS-N130", "hlc": {"phys": 1758754497676, "cnt": 0, "node": "AU-N21"}, "package_id": "PKG54472", "payload": {"status": "CREATED"}, "sent_ts": 1758754472466, "arrival_ts": 1758754472526}
{"action": "recv", "src": "AU-N21", "dst": "AS-N130", "hlc": {"phys": 1758754497944, "cnt": 0, "node": "AU-N21"}, "package_id": "PKG54472", "payload": {"status": "SENT"}, "sent_ts": 1758754472734, "arrival_ts": 1758754472755}
{"action": "recv", "src": "AU-N21", "dst": "AS-N130", "hlc": {"phys": 1758754498176, "cnt": 0, "node": "AU-N21"}, "package_id": "PKG54472", "payload": {"status": "IN_TRANSIT"}, "sent_ts": 1758754472966, "arrival_ts": 1758754472980}
{"action": "recv", "src": "AU-N21", "dst": "AS-N130", "hlc": {"phys": 1758754498389, "cnt": 0, "node": "AU-N21"}, "package_id": "PKG54472", "payload": {"status": "RECEIVED"}, "sent_ts": 1758754473179, "arrival_ts": 1758754473196}
{"action": "recv", "src": "AU-N21", "dst": "AS-N130", "hlc": {"phys": 1758754498601, "cnt": 0, "node": "AU-N21"}, "package_id": "PKG54472", "payload": {"status": "DELIVERED"}, "sent_ts": 1758754473391, "arrival_ts": 1758754473516}
{"action": "recv", "src": "AS-N141", "dst": "AS-N130", "hlc": {"phys": 1758760321725, "cnt": 0, "node": "AS-N141"}, "package_id": "PKG60310", "payload": {"status": "CREATED"}, "sent_ts": 1758760310315, "arrival_ts": 1758760310455}
{"action": "recv", "src": "AS-N141", "dst": "AS-N130", "hlc": {"phys": 1758760322067, "cnt": 0, "node": "AS-N141"}, "package_id": "PKG60310", "payload": {"status": "SENT"}, "sent_ts": 1758760310657, "arrival_ts": 1758760310748}
{"action": "recv", "src": "AS-N141", "dst": "AS-N130", "hlc": {"phys": 1758760322374, "cnt": 0, "node": "AS-N141"}, "package_id": "PKG60310", "payload": {"status": "IN_TRANSIT"}, "sent_ts": 1758760310964, "arrival_ts": 1758760311029}
{"action": "recv", "src": "AS-N141", "dst": "AS-N130", "hlc": {"phys": 1758760322668, "cnt": 0, "node": "AS-N141"}, "package_id": "PKG60310", "payload": {"status": "RECEIVED"}, "sent_ts": 1758760311258, "arrival_ts": 1758760311359}
{"action": "recv", "src": "AS-N141", "dst": "AS-N130", "hlc": {"phys": 1758760322992, "cnt": 0, "node": "AS-N141"}, "package_id": "PKG60310", "payload": {"status": "DELIVERED"}, "sent_ts": 1758760311582, "arrival_ts": 1758760311672}
{"action": "send", "src": "AS-N130", "dst": "AU-N59", "hlc": {"phys": 1758763823549, "cnt": 0, "node": "AS-N130"}, "package_id": "PKG63812", "payload": {"status": "CREATED"}, "sent_ts": 1758763812249, "arrival_ts": 1758763812249}
{"action": "send", "src": "AS-N130", "dst": "AU-N59", "hlc": {"phys": 1758763823911, "cnt": 0, "node": "AS-N130"}, "package_id": "PKG63812", "payload": {"status": "SENT"}, "sent_ts": 1758763812611, "arrival_ts": 1758763812611}
{"action": "send", "src": "AS-N130", "dst": "AU-N59", "hlc": {"phys": 1758763824220, "cnt": 0, "node": "AS-N130"}, "package_id": "PKG63812", "payload": {"status": "IN_TRANSIT"}, "sent_ts": 1758763812920, "arrival_ts": 1758763812920}
{"action": "send", "src": "AS-N130", "dst": "AU-N59", "hlc": {"phys": 1758763824461, "cnt": 0, "node": "AS-N130"}, "package_id": "PKG63812", "payload": {"status": "RECEIVED"}, "sent_ts": 1758763813161, "arrival_ts": 1758763813161}
{"action": "send", "src": "AS-N130", "dst": "AU-N59", "hlc": {"phys": 1758763824761, "cnt": 0, "node": "AS-N130"}, "package_id": "PKG63812", "payload": {"status": "DELIVERED"}, "sent_ts": 1758763813461, "arrival_ts": 1758763813461}
{"action": "send", "src": "AS-N130", "dst": "SA-N128", "hlc": {"phys": 1758800599619, "cnt": 0, "node": "AS-N130"}, "package_id": "PKG588", "payload": {"status": "CREATED"}, "sent_ts": 1758800588319, "arrival_ts": 1758800588319}
{"action": "send", "src": "AS-N130", "dst": "SA-N128", "hlc": {"phys": 1758800599939, "cnt": 0, "node": "AS-N130"}, "package_id": "PKG588", "payload": {"status": "SENT"}, "sent_ts": 1758800588639, "arrival_ts": 1758800588639}
{"action": "send", "src": "AS-N130", "dst": "SA-N128", "hlc": {"phys": 1758800600304, "cnt": 0, "node": "AS-N130"}, "package_id": "PKG588", "payload": {"status": "IN_TRANSIT"}, "sent_ts": 1758800589004, "arrival_ts": 1758800589004}
{"action": "send", "src": "AS-N130", "dst": "SA-N128", "hlc": {"phys": 1758800600626, "cnt": 0, "node": "AS-N130"}, "package_id": "PKG588", "payload": {"status": "RECEIVED"}, "sent_ts": 1758800589326, "arrival_ts": 1758800589326}
{"action": "send", "src": "AS-N130", "dst": "SA-N128", "hlc": {"phys": 1758800600927, "cnt": 0, "node": "AS-N130"}, "package_id": "PKG588", "payload": {"status": "DELIVERED"}, "sent_ts": 1758800589627, "arrival_ts": 1758800589627}
{"action": "send", "src": "AS-N130", "dst": "AF-N121", "hlc": {"phys": 1758802962240, "cnt": 0, "node": "AS-N130"}, "package_id": "PKG2950", "payload": {"status": "CREATED"}, "sent_ts": 1758802950940, "arrival_ts": 1758802950940}
{"action": "send", "src": "AS-N130", "dst": "AF-N121", "hlc": {"phys": 1758802962614, "cnt": 0, "node": "AS-N130"}, "package_id": "PKG2950", "payload": {"status": "SENT"}, "sent_ts": 1758802951314, "arrival_ts": 1758802951314}
{"action": "send", "src": "AS-N130", "dst": "AF-N121", "hlc": {"phys": 1758802962906, "cnt": 0, "node": "AS-N130"}, "package_id": "PKG2950", "payload": {"status": "IN_TRANSIT"}, "sent_ts": 1758802951606, "arrival_ts": 1758802951606}
{"action": "send", "src": "AS-N130", "dst": "AF-N121", "hlc": {"phys": 1758802963279, "cnt": 0, "node": "AS-N130"}, "package_id": "PKG2950", "payload": {"status": "RECEIVED"}, "sent_ts": 1758802951979, "arrival_ts": 1758802951979}
{"action": "send", "src": "AS-N130", "dst": "AF-N121", "hlc": {"phys": 1758802963623, "cnt": 0, "node": "AS-N130"}, "package_id": "PKG2950", "payload": {"status": "DELIVERED"}, "sent_ts": 1758802952323, "arrival_ts": 1758802952323}
{"action": "send", "src": "AS-N130", "dst": "AU-N41", "hlc": {"phys": 1758803696053, "cnt": 0, "node": "AS-N130"}, "package_id": "PKG3684", "payload": {"status": "CREATED"}, "sent_ts": 1758803684753, "arrival_ts": 1758803684753}
{"action": "send", "src": "AS-N130", "dst": "AU-N41", "hlc": {"phys": 1758803696391, "cnt": 0, "node": "AS-N130"}, "package_id": "PKG3684", "payload": {"status": "SENT"}, "sent_ts": 1758803685091, "arrival_ts": 1758803685091}
{"action": "send", "src": "AS-N130", "dst": "AU-N41", "hlc": {"phys": 1758803696719, "cnt": 0, "node": "AS-N130"}, "package_id": "PKG3684", "payload": {"status": "IN_TRANSIT"}, "sent_ts": 1758803685419, "arrival_ts": 1758803685419}
{"action": "send", "src": "AS-N130", "dst": "AU-N41", "hlc": {"phys": 1758803697062, "cnt": 0, "node": "AS-N130"}, "package_id": "PKG3684", "payload": {"status": "RECEIVED"}, "sent_ts": 1758803685762, "arrival_ts": 1758803685762}
{"action": "send", "src": "AS-N130", "dst": "AU-N41", "hlc": {"phys": 1758803697341, "cnt": 0, "node": "AS-N130"}, "package_id": "PKG3684", "payload": {"status": "DELIVERED"}, "sent_ts": 1758803686041, "arrival_ts": 1758803686041}
{"action": "recv", "src": "EU-N175", "dst": "AS-N130", "hlc": {"phys": 1758804108913, "cnt": 0, "node": "EU-N175"}, "package_id": "PKG4102", "payload": {"status": "CREATED"}, "sent_ts": 1758804102163, "arrival_ts": 1758804102310}
{"action": "recv", "src": "EU-N175", "dst": "AS-N130", "hlc": {"phys": 1758804109270, "cnt": 0, "node": "EU-N175"}, "package_id": "PKG4102", "payload": {"status": "SENT"}, "sent_ts": 1758804102520, "arrival_ts": 1758804102636}
{"action": "recv", "src": "EU-N175", "dst": "AS-N130", "hlc": {"phys": 1758804109581, "cnt": 0, "node": "EU-N175"}, "package_id": "PKG4102", "payload": {"status": "IN_TRANSIT"}, "sent_ts": 1758804102831, "arrival_ts": 1758804102946}
{"action": "recv", "src": "EU-N175", "dst": "AS-N130", "hlc": {"phys": 1758804109901, "cnt": 0, "node": "EU-N175"}, "package_id": "PKG4102", "payload": {"status": "RECEIVED"}, "sent_ts": 1758804103151, "arrival_ts": 1758804103319}
{"action": "recv", "src": "EU-N175", "dst": "AS-N130", "hlc": {"phys": 1758804110272, "cnt": 0, "node": "EU-N175"}, "package_id": "PKG4102", "payload": {"status": "DELIVERED"}, "sent_ts": 1758804103522, "arrival_ts": 1758804103717}
{"action": "recv", "src": "AU-N191", "dst": "AS-N130", "hlc": {"phys": 1758804357991, "cnt": 0, "node": "AU-N191"}, "package_id": "PKG4331", "payload": {"status": "CREATED"}, "sent_ts": 1758804331081, "arrival_ts": 1758804331171}
{"action": "recv", "src": "AU-N191", "dst": "AS-N130", "hlc": {"phys": 1758804358300, "cnt": 0, "node": "AU-N191"}, "package_id": "PKG4331", "payload": {"status": "SENT"}, "sent_ts": 1758804331390, "arrival_ts": 1758804331446}
{"action": "recv", "src": "AU-N191", "dst": "AS-N130", "hlc": {"phys": 1758804358555, "cnt": 0, "node": "AU-N191"}, "package_id": "PKG4331", "payload": {"status": "IN_TRANSIT"}, "sent_ts": 1758804331645, "arrival_ts": 1758804331840}
{"action": "recv", "src": "AU-N191", "dst": "AS-N130", "hlc": {"phys": 1758804358961, "cnt": 0, "node": "AU-N191"}, "package_id": "PKG4331", "payload": {"status": "RECEIVED"}, "sent_ts": 1758804332051, "arrival_ts": 1758804332191}
{"action": "recv", "src": "AU-N191", "dst": "AS-N130", "hlc": {"phys": 1758804359324, "cnt": 0, "node": "AU-N191"}, "package_id": "PKG4331", "payload": {"status": "DELIVERED"}, "sent_ts": 1758804332414, "arrival_ts": 1758804332574}
{"action": "recv", "src": "EU-N12", "dst": "AS-N130", "hlc": {"phys": 1758804348009, "cnt": 0, "node": "EU-N12"}, "package_id": "PKG4342", "payload": {"status": "CREATED"}, "sent_ts": 1758804342889, "arrival_ts": 1758804343017}
{"action": "recv", "src": "EU-N12", "dst": "AS-N130", "hlc": {"phys": 1758804348344, "cnt": 0, "node": "EU-N12"}, "package_id": "PKG4342", "payload": {"status": "SENT"}, "sent_ts": 1758804343224, "arrival_ts": 1758804343421}
{"action": "recv", "src": "EU-N12", "dst": "AS-N130", "hlc": {"phys": 1758804348751, "cnt": 0, "node": "EU-N12"}, "package_id": "PKG4342", "payload": {"status": "IN_TRANSIT"}, "sent_ts": 1758804343631, "arrival_ts": 1758804343722}
{"action": "recv", "src": "EU-N12", "dst": "AS-N130", "hlc": {"phys": 1758804349058, "cnt": 0, "node": "EU-N12"}, "package_id": "PKG4342", "payload": {"status": "RECEIVED"}, "sent_ts": 1758804343938, "arrival_ts": 1758804344078}
{"action": "recv", "src": "EU-N12", "dst": "AS-N130", "hlc": {"phys": 1758804349407, "cnt": 0, "node": "EU-N12"}, "package_id": "PKG4342", "payload": {"status": "DELIVERED"}, "sent_ts": 1758804344287, "arrival_ts": 1758804344384}
{"action": "send", "src": "AS-N130", "dst": "AN-N162", "hlc": {"phys": 1758811993314, "cnt": 0, "node": "AS-N130"}, "package_id": "PKG11982", "payload": {"status": "CREATED"}, "sent_ts": 1758811982014, "arrival_ts": 1758811982014}
{"action": "send", "src": "AS-N130", "dst": "AN-N162", "hlc": {"phys": 1758811993685, "cnt": 0, "node": "AS-N130"}, "package_id": "PKG11982", "payload": {"status": "SENT"}, "sent_ts": 1758811982385, "arrival_ts": 1758811982385}
{"action": "send", "src": "AS-N130", "dst": "AN-N162", "hlc": {"phys": 1758811993996, "cnt": 0, "node": "AS-N130"}, "package_id": "PKG11982", "payload": {"status": "IN_TRANSIT"}, "sent_ts": 1758811982696, "arrival_ts": 1758811982696}
{"action": "send", "src": "AS-N130", "dst": "AN-N162", "hlc": {"phys": 1758811994339, "cnt": 0, "node": "AS-N130"}, "package_id": "PKG11982", "payload": {"status": "RECEIVED"}, "sent_ts": 1758811983039, "arrival_ts": 1758811983039}
{"action": "send", "src": "AS-N130", "dst": "AN-N162", "hlc": {"phys": 1758811994665, "cnt": 0, "node": "AS-N130"}, "package_id": "PKG11982", "payload": {"status": "DELIVERED"}, "sent_ts": 1758811983365, "arrival_ts": 1758811983365}
{"action": "recv", "src": "AN-N41", "dst": "AS-N130", "hlc": {"phys": 1758813489604, "cnt": 0, "node": "AN-N41"}, "package_id": "PKG13459", "payload": {"status": "CREATED"}, "sent_ts": 1758813459194, "arrival_ts": 1758813459330}
{"action": "recv", "src": "AN-N41", "dst": "AS-N130", "hlc": {"phys": 1758813489948, "cnt": 0, "node": "AN-N41"}, "package_id": "PKG13459", "payload": {"status": "SENT"}, "sent_ts": 1758813459538, "arrival_ts": 1758813459637}
{"action": "recv", "src": "AN-N41", "dst": "AS-N130", "hlc": {"phys": 1758813490246, "cnt": 0, "node": "AN-N41"}, "package_id": "PKG13459", "payload": {"status": "IN_TRANSIT"}, "sent_ts": 1758813459836, "arrival_ts": 1758813459918}
{"action": "recv", "src": "AN-N41", "dst": "AS-N130", "hlc": {"phys": 1758813490523, "cnt": 0, "node": "AN-N41"}, "package_id": "PKG13459", "payload": {"status": "RECEIVED"}, "sent_ts": 1758813460113, "arrival_ts": 1758813460195}
{"action": "recv", "src": "AN-N41", "dst": "AS-N130", "hlc": {"phys": 1758813490802, "cnt": 0, "node": "AN-N41"}, "package_id": "PKG13459", "payload": {"status": "DELIVERED"}, "sent_ts": 1758813460392, "arrival_ts": 1758813460585}
{"action": "send", "src": "AS-N130", "dst": "NA-N159", "hlc": {"phys": 1758813818308, "cnt": 0, "node": "AS-N130"}, "package_id": "PKG13807", "payload": {"status": "CREATED"}, "sent_ts": 1758813807008, "arrival_ts": 1758813807008}
{"action": "send", "src": "AS-N130", "dst": "NA-N159", "hlc": {"phys": 1758813818636, "cnt": 0, "node": "AS-N130"}, "package_id": "PKG13807", "payload": {"status": "SENT"}, "sent_ts": 1758813807336, "arrival_ts": 1758813807336}
{"action": "send", "src": "AS-N130", "dst": "NA-N159", "hlc": {"phys": 1758813818870, "cnt": 0, "node": "AS-N130"}, "package_id": "PKG13807", "payload": {"status": "IN_TRANSIT"}, "sent_ts": 1758813807570, "arrival_ts": 1758813807570}
{"action": "send", "src": "AS-N130", "dst": "NA-N159", "hlc": {"phys": 1758813819119, "cnt": 0, "node": "AS-N130"}, "package_id": "PKG13807", "payload": {"status": "RECEIVED"}, "sent_ts": 1758813807819, "arrival_ts": 1758813807819}
{"action": "send", "src": "AS-N130", "dst": "NA-N159", "hlc": {"phys": 1758813819521, "cnt": 0, "node": "AS-N130"}, "package_id": "PKG13807", "payload": {"status": "DELIVERED"}, "sent_ts": 1758813808221, "arrival_ts": 1758813808221}
