{"action": "send", "src": "AS-N18", "dst": "EU-N4", "hlc": {"phys": 1758713766945, "cnt": 0, "node": "AS-N18"}, "package_id": "PKG13756", "payload": {"status": "CREATED"}, "sent_ts": 1758713756765, "arrival_ts": 1758713756765}
{"action": "send", "src": "AS-N18", "dst": "EU-N4", "hlc": {"phys": 1758713767167, "cnt": 0, "node": "AS-N18"}, "package_id": "PKG13756", "payload": {"status": "SENT"}, "sent_ts": 1758713756987, "arrival_ts": 1758713756987}
{"action": "send", "src": "AS-N18", "dst": "EU-N4", "hlc": {"phys": 1758713767459, "cnt": 0, "node": "AS-N18"}, "package_id": "PKG13756", "payload": {"status": "IN_TRANSIT"}, "sent_ts": 1758713757279, "arrival_ts": 1758713757279}
{"action": "send", "src": "AS-N18", "dst": "EU-N4", "hlc": {"phys": 1758713767850, "cnt": 0, "node": "AS-N18"}, "package_id": "PKG13756", "payload": {"status": "RECEIVED"}, "sent_ts": 1758713757670, "arrival_ts": 1758713757670}
{"action": "send", "src": "AS-N18", "dst": "EU-N4", "hlc": {"phys": 1758713768168, "cnt": 0, "node": "AS-N18"}, "package_id": "PKG13756", "payload": {"status": "DELIVERED"}, "sent_ts": 1758713757988, "arrival_ts": 1758713757988}
{"action": "send", "src": "AS-N18", "dst": "NA-N148", "hlc": {"phys": 1758717739219, "cnt": 0, "node": "AS-N18"}, "package_id": "PKG17729", "payload": {"status": "CREATED"}, "sent_ts": 1758717729039, "arrival_ts": 1758717729039}
{"action": "send", "src": "AS-N18", "dst": "NA-N148", "hlc": {"phys": 1758717739488, "cnt": 0, "node": "AS-N18"}, "package_id": "PKG17729", "payload": {"status": "SENT"}, "sent_ts": 1758717729308, "arrival_ts": 1758717729308}
{"action": "send", "src": "AS-N18", "dst": "NA-N148", "hlc": {"phys": 1758717739836, "cnt": 0, "node": "AS-N18"}, "package_id": "PKG17729", "payload": {"status": "IN_TRANSIT"}, "sent_ts": 1758717729656, "arrival_ts": 1758717729656}
{"action": "send", "src": "AS-N18", "dst": "NA-N148", "hlc": {"phys": 1758717740203, "cnt": 0, "node": "AS-N18"}, "package_id": "PKG17729", "payload": {"status": "RECEIVED"}, "sent_ts": 1758717730023, "arrival_ts": 1758717730023}
{"action": "send", "src": "AS-N18", "dst": "NA-N148", "hlc": {"phys": 1758717740523, "cnt": 0, "node": "AS-N18"}, "package_id": "PKG17729", "payload": {"status": "DELIVERED"}, "sent_ts": 1758717730343, "arrival_ts": 1758717730343}
{"action": "send", "src": "AS-N18", "dst": "SA-N103", "hlc": {"phys": 1758717936895, "cnt": 0, "node": "AS-N18"}, "package_id": "PKG17926", "payload": {"status": "CREATED"}, "sent_ts": 1758717926715, "arrival_ts": 1758717926716}
{"action": "send", "src": "AS-N18", "dst": "SA-N103", "hlc": {"phys": 1758717937126, "cnt": 0, "node": "AS-N18"}, "package_id": "PKG17926", "payload": {"status": "SENT"}, "sent_ts": 1758717926946, "arrival_ts": 1758717926946}
{"action": "send", "src": "AS-N18", "dst": "SA-N103", "hlc": {"phys": 1758717937473, "cnt": 0, "node": "AS-N18"}, "package_id": "PKG17926", "payload": {"status": "IN_TRANSIT"}, "sent_ts": 1758717927293, "arrival_ts": 1758717927293}
{"action": "send", "src": "AS-N18", "dst": "SA-N103", "hlc": {"phys": 1758717937735, "cnt": 0, "node": "AS-N18"}, "package_id": "PKG17926", "payload": {"status": "RECEIVED"}, "sent_ts": 1758717927555, "arrival_ts": 1758717927555}
{"action": "send", "src": "AS-N18", "dst": "SA-N103", "hlc": {"phys": 1758717938042, "cnt": 0, "node": "AS-N18"}, "package_id": "PKG17926", "payload": {"status": "DELIVERED"}, "sent_ts": 1758717927862, "arrival_ts": 1758717927862}
{"action": "recv", "src": "AU-N196", "dst": "AS-N18", "hlc": {"phys": 1758719089411, "cnt": 0, "node": "AU-N196"}, "package_id": "PKG19062", "payload": {"status": "CREATED"}, "sent_ts": 1758719062451, "arrival_ts": 1758719062534}
{"action": "recv", "src": "AU-N196", "dst": "AS-N18", "hlc": {"phys": 1758719089712, "cnt": 0, "node": "AU-N196"}, "package_id": "PKG19062", "payload": {"status": "SENT"}, "sent_ts": 1758719062752, "arrival_ts": 1758719062802}
{"action": "recv", "src": "AU-N196", "dst": "AS-N18", "hlc": {"phys": 1758719089975, "cnt": 0, "node": "AU-N196"}, "package_id": "PKG19062", "payload": {"status": "IN_TRANSIT"}, "sent_ts": 1758719063015, "arrival_ts": 1758719063068}
{"action": "recv", "src": "AU-N196", "dst": "AS-N18", "hlc": {"phys": 1758719090229, "cnt": 0, "node": "AU-N196"}, "package_id": "PKG19062", "payload": {"status": "RECEIVED"}, "sent_ts": 1758719063269, "arrival_ts": 1758719063437}
{"action": "recv", "src": "AU-N196", "dst": "AS-N18", "hlc": {"phys": 1758719090611, "cnt": 0, "node": "AU-N196"}, "package_id": "PKG19062", "payload": {"status": "DELIVERED"}, "sent_ts": 1758719063651, "arrival_ts": 1758719063799}
{"action": "send", "src": "AS-N18", "dst": "AF-N36", "hlc": {"phys": 1758719529081, "cnt": 0, "node": "AS-N18"}, "package_id": "PKG19518", "payload": {"status": "CREATED"}, "sent_ts": 1758719518901, "arrival_ts": 1758719518901}
{"action": "send", "src": "AS-N18", "dst": "AF-N36", "hlc": {"phys": 1758719529469, "cnt": 0, "node": "AS-N18"}, "package_id": "PKG19518", "payload": {"status": "SENT"}, "sent_ts": 1758719519289, "arrival_ts": 1758719519289}
{"action": "send", "src": "AS-N18", "dst": "AF-N36", "hlc": {"phys": 1758719529751, "cnt": 0, "node": "AS-N18"}, "package_id": "PKG19518", "payload": {"status": "IN_TRANSIT"}, "sent_ts": 1758719519571, "arrival_ts": 1758719519571}
{"action": "send", "src": "AS-N18", "dst": "AF-N36", "hlc": {"phys": 1758719530102, "cnt": 0, "node": "AS-N18"}, "package_id": "PKG19518", "payload": {"status": "RECEIVED"}, "sent_ts": 1758719519922, "arrival_ts": 1758719519922}
{"action": "send", "src": "AS-N18", "dst": "AF-N36", "hlc": {"phys": 1758719530475, "cnt": 0, "node": "AS-N18"}, "package_id": "PKG19518", "payload": {"status": "DELIVERED"}, "sent_ts": 1758719520295, "arrival_ts": 1758719520295}
{"action": "send", "src": "AS-N18", "dst": "EU-N30", "hlc": {"phys": 1758739350549, "cnt": 0, "node": "AS-N18"}, "package_id": "PKG39340", "payload": {"status": "CREATED"}, "sent_ts": 1758739340369, "arrival_ts": 1758739340369}
{"action": "send", "src": "AS-N18", "dst": "EU-N30", "hlc": {"phys": 1758739350797, "cnt": 0, "node": "AS-N18"}, "package_id": "PKG39340", "payload": {"status": "SENT"}, "sent_ts": 1758739340617, "arrival_ts": 1758739340617}
{"action": "send", "src": "AS-N18", "dst": "EU-N30", "hlc": {"phys": 1758739351154, "cnt": 0, "node": "AS-N18"}, "package_id": "PKG39340", "payload": {"status": "IN_TRANSIT"}, "sent_ts": 1758739340974, "arrival_ts": 1758739340974}
{"action": "send", "src": "AS-N18", "dst": "EU-N30", "hlc": {"phys": 1758739351471, "cnt": 0, "node": "AS-N18"}, "package_id": "PKG39340", "payload": {"status": "RECEIVED"}, "sent_ts": 1758739341291, "arrival_ts": 1758739341291}
{"action": "send", "src": "AS-N18", "dst": "EU-N30", "hlc": {"phys": 1758739351724, "cnt": 0, "node": "AS-N18"}, "package_id": "PKG39340", "payload": {"status": "DELIVERED"}, "sent_ts": 1758739341544, "arrival_ts": 1758739341544}
{"action": "send", "src": "AS-N18", "dst": "AS-N13", "hlc": {"phys": 1758744039619, "cnt": 0, "node": "AS-N18"}, "package_id": "PKG44029", "payload": {"status": "CREATED"}, "sent_ts": 1758744029439, "arrival_ts": 1758744029439}
{"action": "send", "src": "AS-N18", "dst": "AS-N13", "hlc": {"phys": 1758744039943, "cnt": 0, "node": "AS-N18"}, "package_id": "PKG44029", "payload": {"status": "SENT"}, "sent_ts": 1758744029763, "arrival_ts": 1758744029763}
{"action": "send", "src": "AS-N18", "dst": "AS-N13", "hlc": {"phys": 1758744040194, "cnt": 0, "node": "AS-N18"}, "package_id": "PKG44029", "payload": {"status": "IN_TRANSIT"}, "sent_ts": 1758744030014, "arrival_ts": 1758744030014}
{"action": "send", "src": "AS-N18", "dst": "AS-N13", "hlc": {"phys": 1758744040425, "cnt": 0, "node": "AS-N18"}, "package_id": "PKG44029", "payload": {"status": "RECEIVED"}, "sent_ts": 1758744030245, "arrival_ts": 1758744030245}
{"action": "send", "src": "AS-N18", "dst": "AS-N13", "hlc": {"phys": 1758744040782, "cnt": 0, "node": "AS-N18"}, "package_id": "PKG44029", "payload": {"status": "DELIVERED"}, "sent_ts": 1758744030602, "arrival_ts": 1758744030602}
{"action": "send", "src": "AS-N18", "dst": "AU-N74", "hlc": {"phys": 1758746752619, "cnt": 0, "node": "AS-N18"}, "package_id": "PKG46742", "payload": {"status": "CREATED"}, "sent_ts": 1758746742439, "arrival_ts": 1758746742439}
{"action": "send", "src": "AS-N18", "dst": "AU-N74", "hlc": {"phys": 1758746752946, "cnt": 0, "node": "AS-N18"}, "package_id": "PKG46742", "payload": {"status": "SENT"}, "sent_ts": 1758746742766, "arrival_ts": 1758746742766}
{"action": "send", "src": "AS-N18", "dst": "AU-N74", "hlc": {"phys": 1758746753258, "cnt": 0, "node": "AS-N18"}, "package_id": "PKG46742", "payload": {"status": "IN_TRANSIT"}, "sent_ts": 1758746743078, "arrival_ts": 1758746743078}
{"action": "send", "src": "AS-N18", "dst": "AU-N74", "hlc": {"phys": 1758746753566, "cnt": 0, "node": "AS-N18"}, "package_id": "PKG46742", "payload": {"status": "RECEIVED"}, "sent_ts": 1758746743386, "arrival_ts": 1758746743386}
{"action": "send", "src": "AS-N18", "dst": "AU-N74", "hlc": {"phys": 1758746753800, "cnt": 0, "node": "AS-N18"}, "package_id": "PKG46742", "payload": {"status": "DELIVERED"}, "sent_ts": 1758746743620, "arrival_ts": 1758746743620}
{"action": "recv", "src": "AU-N75", "dst": "AS-N18", "hlc": {"phys": 1758751576023, "cnt": 0, "node": "AU-N75"}, "package_id": "PKG51550", "payload": {"status": "CREATED"}, "sent_ts": 1758751550273, "arrival_ts": 1758751550339}
{"action": "recv", "src": "AU-N75", "dst": "AS-N18", "hlc": {"phys": 1758751576292, "cnt": 0, "node": "AU-N75"}, "package_id": "PKG51550", "payload": {"status": "SENT"}, "sent_ts": 1758751550542, "arrival_ts": 1758751550596}
{"action": "recv", "src": "AU-N75", "dst": "AS-N18", "hlc": {"phys": 1758751576553, "cnt": 0, "node": "AU-N75"}, "package_id": "PKG51550", "payload": {"status": "IN_TRANSIT"}, "sent_ts": 1758751550803, "arrival_ts": 1758751551004}
{"action": "recv", "src": "AU-N75", "dst": "AS-N18", "hlc": {"phys": 1758751576963, "cnt": 0, "node": "AU-N75"}, "package_id": "PKG51550", "payload": {"status": "RECEIVED"}, "sent_ts": 1758751551213, "arrival_ts": 1758751551346}
{"action": "recv", "src": "AU-N75", "dst": "AS-N18", "hlc": {"phys": 1758751577315, "cnt": 0, "node": "AU-N75"}, "package_id": "PKG51550", "payload": {"status": "DELIVERED"}, "sent_ts": 1758751551565, "arrival_ts": 1758751551640}
{"action": "send", "src": "AS-N18", "dst": "SA-N111", "hlc": {"phys": 1758755040907, "cnt": 0, "node": "AS-N18"}, "package_id": "PKG55030", "payload": {"status": "CREATED"}, "sent_ts": 1758755030727, "arrival_ts": 1758755030727}
{"action": "send", "src": "AS-N18", "dst": "SA-N111", "hlc": {"phys": 1758755041142, "cnt": 0, "node": "AS-N18"}, "package_id": "PKG55030", "payload": {"status": "SENT"}, "sent_ts": 1758755030962, "arrival_ts": 1758755030962}
{"action": "send", "src": "AS-N18", "dst": "SA-N111", "hlc": {"phys": 1758755041437, "cnt": 0, "node": "AS-N18"}, "package_id": "PKG55030", "payload": {"status": "IN_TRANSIT"}, "sent_ts": 1758755031257, "arrival_ts": 1758755031257}
{"action": "send", "src": "AS-N18", "dst": "SA-N111", "hlc": {"phys": 1758755041843, "cnt": 0, "node": "AS-N18"}, "package_id": "PKG55030", "payload": {"status": "RECEIVED"}, "sent_ts": 1758755031663, "arrival_ts": 1758755031663}
{"action": "send", "src": "AS-N18", "dst": "SA-N111", "hlc": {"phys": 1758755042248, "cnt": 0, "node": "AS-N18"}, "package_id": "PKG55030", "payload": {"status": "DELIVERED"}, "sent_ts": 1758755032068, "arrival_ts": 1758755032068}
{"action": "send", "src": "AS-N18", "dst": "AF-N68", "hlc": {"phys": 1758757494483, "cnt": 0, "node": "AS-N18"}, "package_id": "PKG57484", "payload": {"status": "CREATED"}, "sent_ts": 1758757484303, "arrival_ts": 1758757484303}
{"action": "send", "src": "AS-N18", "dst": "AF-N68", "hlc": {"phys": 1758757494762, "cnt": 0, "node": "AS-N18"}, "package_id": "PKG57484", "payload": {"status": "SENT"}, "sent_ts": 1758757484582, "arrival_ts": 1758757484582}
{"action": "send", "src": "AS-N18", "dst": "AF-N68", "hlc": {"phys": 1758757495044, "cnt": 0, "node": "AS-N18"}, "package_id": "PKG57484", "payload": {"status": "IN_TRANSIT"}, "sent_ts": 1758757484864, "arrival_ts": 1758757484864}
{"action": "send", "src": "AS-N18", "dst": "AF-N68", "hlc": {"phys": 1758757495454, "cnt": 0, "node": "AS-N18"}, "package_id": "PKG57484", "payload": {"status": "RECEIVED"}, "sent_ts": 1758757485274, "arrival_ts": 1758757485274}
{"action": "send", "src": "AS-N18", "dst": "AF-N68", "hlc": {"phys": 1758757495813, "cnt": 0, "node": "AS-N18"}, "package_id": "PKG57484", "payload": {"status": "DELIVERED"}, "sent_ts": 1758757485633, "arrival_ts": 1758757485633}
{"action": "send", "src": "AS-N18", "dst": "AN-N64", "hlc": {"phys": 1758759506294, "cnt": 0, "node": "AS-N18"}, "package_id": "PKG59496", "payload": {"status": "CREATED"}, "sent_ts": 1758759496114, "arrival_ts": 1758759496114}
{"action": "send", "src": "AS-N18", "dst": "AN-N64", "hlc": {"phys": 1758759506575, "cnt": 0, "node": "AS-N18"}, "package_id": "PKG59496", "payload": {"status": "SENT"}, "sent_ts": 1758759496395, "arrival_ts": 1758759496395}
{"action": "send", "src": "AS-N18", "dst": "AN-N64", "hlc": {"phys": 1758759506824, "cnt": 0, "node": "AS-N18"}, "package_id": "PKG59496", "payload": {"status": "IN_TRANSIT"}, "sent_ts": 1758759496644, "arrival_ts": 1758759496644}
{"action": "send", "src": "AS-N18", "dst": "AN-N64", "hlc": {"phys": 1758759507213, "cnt": 0, "node": "AS-N18"}, "package_id": "PKG59496", "payload": {"status": "RECEIVED"}, "sent_ts": 1758759497033, "arrival_ts": 1758759497033}
{"action": "send", "src": "AS-N18", "dst": "AN-N64", "hlc": {"phys": 1758759507460, "cnt": 0, "node": "AS-N18"}, "package_id": "PKG59496", "payload": {"status": "DELIVERED"}, "sent_ts": 1758759497280, "arrival_ts": 1758759497280}
{"action": "recv", "src": "AU-N147", "dst": "AS-N18", "hlc": {"phys": 1758761252866, "cnt": 0, "node": "AU-N147"}, "package_id": "PKG61226", "payload": {"status": "CREATED"}, "sent_ts": 1758761226396, "arrival_ts": 1758761226506}
{"action": "recv", "src": "AU-N147", "dst": "AS-N18", "hlc": {"phys": 1758761253190, "cnt": 0, "node": "AU-N147"}, "package_id": "PKG61226", "payload": {"status": "SENT"}, "sent_ts": 1758761226720, "arrival_ts": 1758761226919}
{"action": "recv", "src": "AU-N147", "dst": "AS-N18", "hlc": {"phys": 1758761253623, "cnt": 0, "node": "AU-N147"}, "package_id": "PKG61226", "payload": {"status": "IN_TRANSIT"}, "sent_ts": 1758761227153, "arrival_ts": 1758761227185}
{"action": "recv", "src": "AU-N147", "dst": "AS-N18", "hlc": {"phys": 1758761253875, "cnt": 0, "node": "AU-N147"}, "package_id": "PKG61226", "payload": {"status": "RECEIVED"}, "sent_ts": 1758761227405, "arrival_ts": 1758761227442}
{"action": "recv", "src": "AU-N147", "dst": "AS-N18", "hlc": {"phys": 1758761254125, "cnt": 0, "node": "AU-N147"}, "package_id": "PKG61226", "payload": {"status": "DELIVERED"}, "sent_ts": 1758761227655, "arrival_ts": 1758761227722}
{"action": "send", "src": "AS-N18", "dst": "AS-N99", "hlc": {"phys": 1758762048877, "cnt": 0, "node": "AS-N18"}, "package_id": "PKG62038", "payload": {"status": "CREATED"}, "sent_ts": 1758762038697, "arrival_ts": 1758762038697}
{"action": "send", "src": "AS-N18", "dst": "AS-N99", "hlc": {"phys": 1758762049209, "cnt": 0, "node": "AS-N18"}, "package_id": "PKG62038", "payload": {"status": "SENT"}, "sent_ts": 1758762039029, "arrival_ts": 1758762039029}
{"action": "send", "src": "AS-N18", "dst": "AS-N99", "hlc": {"phys": 1758762049463, "cnt": 0, "node": "AS-N18"}, "package_id": "PKG62038", "payload": {"status": "IN_TRANSIT"}, "sent_ts": 1758762039283, "arrival_ts": 1758762039283}
{"action": "send", "src": "AS-N18", "dst": "AS-N99", "hlc": {"phys": 1758762049765, "cnt": 0, "node": "AS-N18"}, "package_id": "PKG62038", "payload": {"status": "RECEIVED"}, "sent_ts": 1758762039585, "arrival_ts": 1758762039585}
{"action": "send", "src": "AS-N18", "dst": "AS-N99", "hlc": {"phys": 1758762050143, "cnt": 0, "node": "AS-N18"}, "package_id": "PKG62038", "payload": {"status": "DELIVERED"}, "sent_ts": 1758762039963, "arrival_ts": 1758762039963}
{"action": "send", "src": "AS-N18", "dst": "AU-N89", "hlc": {"phys": 1758765413471, "cnt": 0, "node": "AS-N18"}, "package_id": "PKG65403", "payload": {"status": "CREATED"}, "sent_ts": 1758765403291, "arrival_ts": 1758765403291}
{"action": "send", "src": "AS-N18", "dst": "AU-N89", "hlc": {"phys": 1758765413694, "cnt": 0, "node": "AS-N18"}, "package_id": "PKG65403", "payload": {"status": "SENT"}, "sent_ts": 1758765403514, "arrival_ts": 1758765403514}
{"action": "send", "src": "AS-N18", "dst": "AU-N89", "hlc": {"phys": 1758765414026, "cnt": 0, "node": "AS-N18"}, "package_id": "PKG65403", "payload": {"status": "IN_TRANSIT"}, "sent_ts": 1758765403846, "arrival_ts": 1758765403846}
{"action": "send", "src": "AS-N18", "dst": "AU-N89", "hlc": {"phys": 1758765414298, "cnt": 0, "node": "AS-N18"}, "package_id": "PKG65403", "payload": {"status": "RECEIVED"}, "sent_ts": 1758765404118, "arrival_ts": 1758765404118}
{"action": "send", "src": "AS-N18", "dst": "AU-N89", "hlc": {"phys": 1758765414649, "cnt": 0, "node": "AS-N18"}, "package_id": "PKG65403", "payload": {"status": "DELIVERED"}, "sent_ts": 1758765404469, "arrival_ts": 1758765404469}
{"action": "send", "src": "AS-N18", "dst": "EU-N33", "hlc": {"phys": 1758765426138, "cnt": 0, "node": "AS-N18"}, "package_id": "PKG65415", "payload": {"status": "CREATED"}, "sent_ts": 1758765415958, "arrival_ts": 1758765415958}
{"action": "send", "src": "AS-N18", "dst": "EU-N33", "hlc": {"phys": 1758765426417, "cnt": 0, "node": "AS-N18"}, "package_id": "PKG65415", "payload": {"status": "SENT"}, "sent_ts": 1758765416237, "arrival_ts": 1758765416237}
{"action": "send", "src": "AS-N18", "dst": "EU-N33", "hlc": {"phys": 1758765426664, "cnt": 0, "node": "AS-N18"}, "package_id": "PKG65415", "payload": {"status": "IN_TRANSIT"}, "sent_ts": 1758765416484, "arrival_ts": 1758765416484}
{"action": "send", "src": "AS-N18", "dst": "EU-N33", "hlc": {"phys": 1758765427065, "cnt": 0, "node": "AS-N18"}, "package_id": "PKG65415", "payload": {"status": "RECEIVED"}, "sent_ts": 1758765416885, "arrival_ts": 1758765416885}
{"action": "send", "src": "AS-N18", "dst": "EU-N33", "hlc": {"phys": 1758765427423, "cnt": 0, "node": "AS-N18"}, "package_id": "PKG65415", "payload": {"status": "DELIVERED"}, "sent_ts": 1758765417243, "arrival_ts": 1758765417243}
{"action": "send", "src": "AS-N18", "dst": "SA-N19", "hlc": {"phys": 1758805609822, "cnt": 0, "node": "AS-N18"}, "package_id": "PKG5599", "payload": {"status": "CREATED"}, "sent_ts": 1758805599642, "arrival_ts": 1758805599642}
{"action": "send", "src": "AS-N18", "dst": "SA-N19", "hlc": {"phys": 1758805610041, "cnt": 0, "node": "AS-N18"}, "package_id": "PKG5599", "payload": {"status": "SENT"}, "sent_ts": 1758805599861, "arrival_ts": 1758805599861}
{"action": "send", "src": "AS-N18", "dst": "SA-N19", "hlc": {"phys": 1758805610367, "cnt": 0, "node": "AS-N18"}, "package_id": "PKG5599", "payload": {"status": "IN_TRANSIT"}, "sent_ts": 1758805600187, "arrival_ts": 1758805600187}
{"action": "send", "src": "AS-N18", "dst": "SA-N19", "hlc": {"phys": 1758805610662, "cnt": 0, "node": "AS-N18"}, "package_id": "PKG5599", "payload": {"status": "RECEIVED"}, "sent_ts": 1758805600482, "arrival_ts": 1758805600482}
{"action": "send", "src": "AS-N18", "dst": "SA-N19", "hlc": {"phys": 1758805610984, "cnt": 0, "node": "AS-N18"}, "package_id": "PKG5599", "payload": {"status": "DELIVERED"}, "sent_ts": 1758805600804, "arrival_ts": 1758805600804}
{"action": "recv", "src": "AU-N101", "dst": "AS-N18", "hlc": {"phys": 1758813060891, "cnt": 0, "node": "AU-N101"}, "package_id": "PKG13034", "payload": {"status": "CREATED"}, "sent_ts": 1758813034881, "arrival_ts": 1758813035009}
{"action": "recv", "src": "AU-N101", "dst": "AS-N18", "hlc": {"phys": 1758813061217, "cnt": 0, "node": "AU-N101"}, "package_id": "PKG13034", "payload": {"status": "SENT"}, "sent_ts": 1758813035207, "arrival_ts": 1758813035281}
{"action": "recv", "src": "AU-N101", "dst": "AS-N18", "hlc": {"phys": 1758813061500, "cnt": 0, "node": "AU-N101"}, "package_id": "PKG13034", "payload": {"status": "IN_TRANSIT"}, "sent_ts": 1758813035490, "arrival_ts": 1758813035658}
{"action": "recv", "src": "AU-N101", "dst": "AS-N18", "hlc": {"phys": 1758813061872, "cnt": 0, "node": "AU-N101"}, "package_id": "PKG13034", "payload": {"status": "RECEIVED"}, "sent_ts": 1758813035862, "arrival_ts": 1758813035976}
{"action": "recv", "src": "AU-N101", "dst": "AS-N18", "hlc": {"phys": 1758813062196, "cnt": 0, "node": "AU-N101"}, "package_id": "PKG13034", "payload": {"status": "DELIVERED"}, "sent_ts": 1758813036186, "arrival_ts": 1758813036314}
{"action": "send", "src": "AS-N18", "dst": "AS-N128", "hlc": {"phys": 1758815972683, "cnt": 0, "node": "AS-N18"}, "package_id": "PKG15962", "payload": {"status": "CREATED"}, "sent_ts": 1758815962503, "arrival_ts": 1758815962503}
{"action": "send", "src": "AS-N18", "dst": "AS-N128", "hlc": {"phys": 1758815973070, "cnt": 0, "node": "AS-N18"}, "package_id": "PKG15962", "payload": {"status": "SENT"}, "sent_ts": 1758815962890, "arrival_ts": 1758815962890}
{"action": "send", "src": "AS-N18", "dst": "AS-N128", "hlc": {"phys": 1758815973412, "cnt": 0, "node": "AS-N18"}, "package_id": "PKG15962", "payload": {"status": "IN_TRANSIT"}, "sent_ts": 1758815963232, "arrival_ts": 1758815963232}
{"action": "send", "src": "AS-N18", "dst": "AS-N128", "hlc": {"phys": 1758815973751, "cnt": 0, "node": "AS-N18"}, "package_id": "PKG15962", "payload": {"status": "RECEIVED"}, "sent_ts": 1758815963571, "arrival_ts": 1758815963571}
{"action": "send", "src": "AS-N18", "dst": "AS-N128", "hlc": {"phys": 1758815974063, "cnt": 0, "node": "AS-N18"}, "package_id": "PKG15962", "payload": {"status": "DELIVERED"}, "sent_ts": 1758815963883, "arrival_ts": 1758815963883}
{"action": "recv", "src": "AS-N166", "dst": "AS-N18", "hlc": {"phys": 1758816870046, "cnt": 0, "node": "AS-N166"}, "package_id": "PKG16858", "payload": {"status": "CREATED"}, "sent_ts": 1758816858386, "arrival_ts": 1758816858628}
{"action": "recv", "src": "AS-N166", "dst": "AS-N18", "hlc": {"phys": 1758816870500, "cnt": 0, "node": "AS-N166"}, "package_id": "PKG16858", "payload": {"status": "SENT"}, "sent_ts": 1758816858840, "arrival_ts": 1758816858893}
{"action": "recv", "src": "AS-N166", "dst": "AS-N18", "hlc": {"phys": 1758816870763, "cnt": 0, "node": "AS-N166"}, "package_id": "PKG16858", "payload": {"status": "IN_TRANSIT"}, "sent_ts": 1758816859103, "arrival_ts": 1758816859224}
{"action": "recv", "src": "AS-N166", "dst": "AS-N18", "hlc": {"phys": 1758816871089, "cnt": 0, "node": "AS-N166"}, "package_id": "PKG16858", "payload": {"status": "RECEIVED"}, "sent_ts": 1758816859429, "arrival_ts": 1758816859516}
{"action": "recv", "src": "AS-N166", "dst": "AS-N18", "hlc": {"phys": 1758816871385, "cnt": 0, "node": "AS-N166"}, "package_id": "PKG16858", "payload": {"status": "DELIVERED"}, "sent_ts": 1758816859725, "arrival_ts": 1758816859779}
