{"action": "send", "src": "AS-N57", "dst": "AF-N147", "hlc": {"phys": 1758712649207, "cnt": 0, "node": "AS-N57"}, "package_id": "PKG12638", "payload": {"status": "CREATED"}, "sent_ts": 1758712638637, "arrival_ts": 1758712638637}
{"action": "send", "src": "AS-N57", "dst": "AF-N147", "hlc": {"phys": 1758712649516, "cnt": 0, "node": "AS-N57"}, "package_id": "PKG12638", "payload": {"status": "SENT"}, "sent_ts": 1758712638946, "arrival_ts": 1758712638946}
{"action": "send", "src": "AS-N57", "dst": "AF-N147", "hlc": {"phys": 1758712649763, "cnt": 0, "node": "AS-N57"}, "package_id": "PKG12638", "payload": {"status": "IN_TRANSIT"}, "sent_ts": 1758712639193, "arrival_ts": 1758712639193}
{"action": "send", "src": "AS-N57", "dst": "AF-N147", "hlc": {"phys": 1758712650041, "cnt": 0, "node": "AS-N57"}, "package_id": "PKG12638", "payload": {"status": "RECEIVED"}, "sent_ts": 1758712639471, "arrival_ts": 1758712639471}
{"action": "send", "src": "AS-N57", "dst": "AF-N147", "hlc": {"phys": 1758712650411, "cnt": 0, "node": "AS-N57"}, "package_id": "PKG12638", "payload": {"status": "DELIVERED"}, "sent_ts": 1758712639841, "arrival_ts": 1758712639841}
{"action": "recv", "src": "AN-N154", "dst": "AS-N57", "hlc": {"phys": 1758713536802, "cnt": 0, "node": "AN-N154"}, "package_id": "PKG13505", "payload": {"status": "CREATED"}, "sent_ts": 1758713505262, "arrival_ts": 1758713505408}
{"action": "recv", "src": "AN-N154", "dst": "AS-N57", "hlc": {"phys": 1758713537151, "cnt": 0, "node": "AN-N154"}, "package_id": "PKG13505", "payload": {"status": "SENT"}, "sent_ts": 1758713505611, "arrival_ts": 1758713505650}
{"action": "recv", "src": "AN-N154", "dst": "AS-N57", "hlc": {"phys": 1758713537385, "cnt": 0, "node": "AN-N154"}, "package_id": "PKG13505", "payload": {"status": "IN_TRANSIT"}, "sent_ts": 1758713505845, "arrival_ts": 1758713505939}
{"action": "recv", "src": "AN-N154", "dst": "AS-N57", "hlc": {"phys": 1758713537694, "cnt": 0, "node": "AN-N154"}, "package_id": "PKG13505", "payload": {"status": "RECEIVED"}, "sent_ts": 1758713506154, "arrival_ts": 1758713506308}
{"action": "recv", "src": "AN-N154", "dst": "AS-N57", "hlc": {"phys": 1758713538039, "cnt": 0, "node": "AN-N154"}, "package_id": "PKG13505", "payload": {"status": "DELIVERED"}, "sent_ts": 1758713506499, "arrival_ts": 1758713506583}
{"action": "recv", "src": "SA-N94", "dst": "AS-N57", "hlc": {"phys": 1758713875575, "cnt": 0, "node": "SA-N94"}, "package_id": "PKG13854", "payload": {"status": "CREATED"}, "sent_ts": 1758713854635, "arrival_ts": 1758713854741}
{"action": "recv", "src": "SA-N94", "dst": "AS-N57", "hlc": {"phys": 1758713875899, "cnt": 0, "node": "SA-N94"}, "package_id": "PKG13854", "payload": {"status": "SENT"}, "sent_ts": 1758713854959, "arrival_ts": 1758713855089}
{"action": "recv", "src": "SA-N94", "dst": "AS-N57", "hlc": {"phys": 1758713876235, "cnt": 0, "node": "SA-N94"}, "package_id": "PKG13854", "payload": {"status": "IN_TRANSIT"}, "sent_ts": 1758713855295, "arrival_ts": 1758713855309}
{"action": "recv", "src": "SA-N94", "dst": "AS-N57", "hlc": {"phys": 1758713876449, "cnt": 0, "node": "SA-N94"}, "package_id": "PKG13854", "payload": {"status": "RECEIVED"}, "sent_ts": 1758713855509, "arrival_ts": 1758713855554}
{"action": "recv", "src": "SA-N94", "dst": "AS-N57", "hlc": {"phys": 1758713876689, "cnt": 0, "node": "SA-N94"}, "package_id": "PKG13854", "payload": {"status": "DELIVERED"}, "sent_ts": 1758713855749, "arrival_ts": 1758713855925}
{"action": "recv", "src": "EU-N31", "dst": "AS-N57", "hlc": {"phys": 1758713979969, "cnt": 0, "node": "EU-N31"}, "package_id": "PKG13974", "payload": {"status": "CREATED"}, "sent_ts": 1758713974659, "arrival_ts": 1758713974784}
{"action": "recv", "src": "EU-N31", "dst": "AS-N57", "hlc": {"phys": 1758713980295, "cnt": 0, "node": "EU-N31"}, "package_id": "PKG13974", "payload": {"status": "SENT"}, "sent_ts": 1758713974985, "arrival_ts": 1758713975093}
{"action": "recv", "src": "EU-N31", "dst": "AS-N57", "hlc": {"phys": 1758713980601, "cnt": 0, "node": "EU-N31"}, "package_id": "PKG13974", "payload": {"status": "IN_TRANSIT"}, "sent_ts": 1758713975291, "arrival_ts": 1758713975457}
{"action": "recv", "src": "EU-N31", "dst": "AS-N57", "hlc": {"phys": 1758713980974, "cnt": 0, "node": "EU-N31"}, "package_id": "PKG13974", "payload": {"status": "RECEIVED"}, "sent_ts": 1758713975664, "arrival_ts": 1758713975861}
{"action": "recv", "src": "EU-N31", "dst": "AS-N57", "hlc": {"phys": 1758713981382, "cnt": 0, "node": "EU-N31"}, "package_id": "PKG13974", "payload": {"status": "DELIVERED"}, "sent_ts": 1758713976072, "arrival_ts": 1758713976248}
{"action": "recv", "src": "AF-N98", "dst": "AS-N57", "hlc": {"phys": 1758716786540, "cnt": 0, "node": "AF-N98"}, "package_id": "PKG16770", "payload": {"status": "CREATED"}, "sent_ts": 1758716770560, "arrival_ts": 1758716770730}
{"action": "recv", "src": "AF-N98", "dst": "AS-N57", "hlc": {"phys": 1758716786903, "cnt": 0, "node": "AF-N98"}, "package_id": "PKG16770", "payload": {"status": "SENT"}, "sent_ts": 1758716770923, "arrival_ts": 1758716771088}
{"action": "recv", "src": "AF-N98", "dst": "AS-N57", "hlc": {"phys": 1758716787270, "cnt": 0, "node": "AF-N98"}, "package_id": "PKG16770", "payload": {"status": "IN_TRANSIT"}, "sent_ts": 1758716771290, "arrival_ts": 1758716771304}
{"action": "recv", "src": "AF-N98", "dst": "AS-N57", "hlc": {"phys": 1758716787501, "cnt": 0, "node": "AF-N98"}, "package_id": "PKG16770", "payload": {"status": "RECEIVED"}, "sent_ts": 1758716771521, "arrival_ts": 1758716771663}
{"action": "recv", "src": "AF-N98", "dst": "AS-N57", "hlc": {"phys": 1758716787851, "cnt": 0, "node": "AF-N98"}, "package_id": "PKG16770", "payload": {"status": "DELIVERED"}, "sent_ts": 1758716771871, "arrival_ts": 1758716771898}
{"action": "send", "src": "AS-N57", "dst": "AN-N111", "hlc": {"phys": 1758717999772, "cnt": 0, "node": "AS-N57"}, "package_id": "PKG17989", "payload": {"status": "CREATED"}, "sent_ts": 1758717989202, "arrival_ts": 1758717989202}
{"action": "send", "src": "AS-N57", "dst": "AN-N111", "hlc": {"phys": 1758718000170, "cnt": 0, "node": "AS-N57"}, "package_id": "PKG17989", "payload": {"status": "SENT"}, "sent_ts": 1758717989600, "arrival_ts": 1758717989600}
{"action": "send", "src": "AS-N57", "dst": "AN-N111", "hlc": {"phys": 1758718000449, "cnt": 0, "node": "AS-N57"}, "package_id": "PKG17989", "payload": {"status": "IN_TRANSIT"}, "sent_ts": 1758717989879, "arrival_ts": 1758717989879}
{"action": "send", "src": "AS-N57", "dst": "AN-N111", "hlc": {"phys": 1758718000752, "cnt": 0, "node": "AS-N57"}, "package_id": "PKG17989", "payload": {"status": "RECEIVED"}, "sent_ts": 1758717990182, "arrival_ts": 1758717990182}
{"action": "send", "src": "AS-N57", "dst": "AN-N111", "hlc": {"phys": 1758718001141, "cnt": 0, "node": "AS-N57"}, "package_id": "PKG17989", "payload": {"status": "DELIVERED"}, "sent_ts": 1758717990571, "arrival_ts": 1758717990571}
{"action": "recv", "src": "AS-N34", "dst": "AS-N57", "hlc": {"phys": 1758742177942, "cnt": 0, "node": "AS-N34"}, "package_id": "PKG42167", "payload": {"status": "CREATED"}, "sent_ts": 1758742167602, "arrival_ts": 1758742167750}
{"action": "recv", "src": "AS-N34", "dst": "AS-N57", "hlc": {"phys": 1758742178297, "cnt": 0, "node": "AS-N34"}, "package_id": "PKG42167", "payload": {"status": "SENT"}, "sent_ts": 1758742167957, "arrival_ts": 1758742167973}
{"action": "recv", "src": "AS-N34", "dst": "AS-N57", "hlc": {"phys": 1758742178512, "cnt": 0, "node": "AS-N34"}, "package_id": "PKG42167", "payload": {"status": "IN_TRANSIT"}, "sent_ts": 1758742168172, "arrival_ts": 1758742168246}
{"action": "recv", "src": "AS-N34", "dst": "AS-N57", "hlc": {"phys": 1758742178805, "cnt": 0, "node": "AS-N34"}, "package_id": "PKG42167", "payload": {"status": "RECEIVED"}, "sent_ts": 1758742168465, "arrival_ts": 1758742168587}
{"action": "recv", "src": "AS-N34", "dst": "AS-N57", "hlc": {"phys": 1758742179133, "cnt": 0, "node": "AS-N34"}, "package_id": "PKG42167", "payload": {"status": "DELIVERED"}, "sent_ts": 1758742168793, "arrival_ts": 1758742168816}
{"action": "send", "src": "AS-N57", "dst": "AN-N78", "hlc": {"phys": 1758743684641, "cnt": 0, "node": "AS-N57"}, "package_id": "PKG43674", "payload": {"status": "CREATED"}, "sent_ts": 1758743674071, "arrival_ts": 1758743674071}
{"action": "send", "src": "AS-N57", "dst": "AN-N78", "hlc": {"phys": 1758743684890, "cnt": 0, "node": "AS-N57"}, "package_id": "PKG43674", "payload": {"status": "SENT"}, "sent_ts": 1758743674320, "arrival_ts": 1758743674320}
{"action": "send", "src": "AS-N57", "dst": "AN-N78", "hlc": {"phys": 1758743685199, "cnt": 0, "node": "AS-N57"}, "package_id": "PKG43674", "payload": {"status": "IN_TRANSIT"}, "sent_ts": 1758743674629, "arrival_ts": 1758743674629}
{"action": "send", "src": "AS-N57", "dst": "AN-N78", "hlc": {"phys": 1758743685478, "cnt": 0, "node": "AS-N57"}, "package_id": "PKG43674", "payload": {"status": "RECEIVED"}, "sent_ts": 1758743674908, "arrival_ts": 1758743674908}
{"action": "send", "src": "AS-N57", "dst": "AN-N78", "hlc": {"phys": 1758743685710, "cnt": 0, "node": "AS-N57"}, "package_id": "PKG43674", "payload": {"status": "DELIVERED"}, "sent_ts": 1758743675140, "arrival_ts": 1758743675140}
{"action": "recv", "src": "AF-N129", "dst": "AS-N57", "hlc": {"phys": 1758745905661, "cnt": 0, "node": "AF-N129"}, "package_id": "PKG45889", "payload": {"status": "CREATED"}, "sent_ts": 1758745889371, "arrival_ts": 1758745889482}
{"action": "recv", "src": "AF-N129", "dst": "AS-N57", "hlc": {"phys": 1758745905969, "cnt": 0, "node": "AF-N129"}, "package_id": "PKG45889", "payload": {"status": "SENT"}, "sent_ts": 1758745889679, "arrival_ts": 1758745889831}
{"action": "recv", "src": "AF-N129", "dst": "AS-N57", "hlc": {"phys": 1758745906325, "cnt": 0, "node": "AF-N129"}, "package_id": "PKG45889", "payload": {"status": "IN_TRANSIT"}, "sent_ts": 1758745890035, "arrival_ts": 1758745890236}
{"action": "recv", "src": "AF-N129", "dst": "AS-N57", "hlc": {"phys": 1758745906767, "cnt": 0, "node": "AF-N129"}, "package_id": "PKG45889", "payload": {"status": "RECEIVED"}, "sent_ts": 1758745890477, "arrival_ts": 1758745890691}
{"action": "recv", "src": "AF-N129", "dst": "AS-N57", "hlc": {"phys": 1758745907249, "cnt": 0, "node": "AF-N129"}, "package_id": "PKG45889", "payload": {"status": "DELIVERED"}, "sent_ts": 1758745890959, "arrival_ts": 1758745891124}
{"action": "recv", "src": "SA-N104", "dst": "AS-N57", "hlc": {"phys": 1758746903198, "cnt": 0, "node": "SA-N104"}, "package_id": "PKG46882", "payload": {"status": "CREATED"}, "sent_ts": 1758746882158, "arrival_ts": 1758746882251}
{"action": "recv", "src": "SA-N104", "dst": "AS-N57", "hlc": {"phys": 1758746903500, "cnt": 0, "node": "SA-N104"}, "package_id": "PKG46882", "payload": {"status": "SENT"}, "sent_ts": 1758746882460, "arrival_ts": 1758746882503}
{"action": "recv", "src": "SA-N104", "dst": "AS-N57", "hlc": {"phys": 1758746903761, "cnt": 0, "node": "SA-N104"}, "package_id": "PKG46882", "payload": {"status": "IN_TRANSIT"}, "sent_ts": 1758746882721, "arrival_ts": 1758746882795}
{"action": "recv", "src": "SA-N104", "dst": "AS-N57", "hlc": {"phys": 1758746904041, "cnt": 0, "node": "SA-N104"}, "package_id": "PKG46882", "payload": {"status": "RECEIVED"}, "sent_ts": 1758746883001, "arrival_ts": 1758746883101}
{"action": "recv", "src": "SA-N104", "dst": "AS-N57", "hlc": {"phys": 1758746904339, "cnt": 0, "node": "SA-N104"}, "package_id": "PKG46882", "payload": {"status": "DELIVERED"}, "sent_ts": 1758746883299, "arrival_ts": 1758746883446}
{"action": "recv", "src": "AN-N38", "dst": "AS-N57", "hlc": {"phys": 1758746950934, "cnt": 0, "node": "AN-N38"}, "package_id": "PKG46920", "payload": {"status": "CREATED"}, "sent_ts": 1758746920554, "arrival_ts": 1758746920726}
{"action": "recv", "src": "AN-N38", "dst": "AS-N57", "hlc": {"phys": 1758746951313, "cnt": 0, "node": "AN-N38"}, "package_id": "PKG46920", "payload": {"status": "SENT"}, "sent_ts": 1758746920933, "arrival_ts": 1758746920952}
{"action": "recv", "src": "AN-N38", "dst": "AS-N57", "hlc": {"phys": 1758746951561, "cnt": 0, "node": "AN-N38"}, "package_id": "PKG46920", "payload": {"status": "IN_TRANSIT"}, "sent_ts": 1758746921181, "arrival_ts": 1758746921339}
{"action": "recv", "src": "AN-N38", "dst": "AS-N57", "hlc": {"phys": 1758746951929, "cnt": 0, "node": "AN-N38"}, "package_id": "PKG46920", "payload": {"status": "RECEIVED"}, "sent_ts": 1758746921549, "arrival_ts": 1758746921709}
{"action": "recv", "src": "AN-N38", "dst": "AS-N57", "hlc": {"phys": 1758746952301, "cnt": 0, "node": "AN-N38"}, "package_id": "PKG46920", "payload": {"status": "DELIVERED"}, "sent_ts": 1758746921921, "arrival_ts": 1758746922088}
{"action": "send", "src": "AS-N57", "dst": "EU-N166", "hlc": {"phys": 1758749768405, "cnt": 0, "node": "AS-N57"}, "package_id": "PKG49757", "payload": {"status": "CREATED"}, "sent_ts": 1758749757835, "arrival_ts": 1758749757835}
{"action": "send", "src": "AS-N57", "dst": "EU-N166", "hlc": {"phys": 1758749768672, "cnt": 0, "node": "AS-N57"}, "package_id": "PKG49757", "payload": {"status": "SENT"}, "sent_ts": 1758749758102, "arrival_ts": 1758749758102}
{"action": "send", "src": "AS-N57", "dst": "EU-N166", "hlc": {"phys": 1758749768906, "cnt": 0, "node": "AS-N57"}, "package_id": "PKG49757", "payload": {"status": "IN_TRANSIT"}, "sent_ts": 1758749758336, "arrival_ts": 1758749758336}
{"action": "send", "src": "AS-N57", "dst": "EU-N166", "hlc": {"phys": 1758749769323, "cnt": 0, "node": "AS-N57"}, "package_id": "PKG49757", "payload": {"status": "RECEIVED"}, "sent_ts": 1758749758753, "arrival_ts": 1758749758753}
{"action": "send", "src": "AS-N57", "dst": "EU-N166", "hlc": {"phys": 1758749769689, "cnt": 0, "node": "AS-N57"}, "package_id": "PKG49757", "payload": {"status": "DELIVERED"}, "sent_ts": 1758749759119, "arrival_ts": 1758749759119}
{"action": "recv", "src": "AU-N106", "dst": "AS-N57", "hlc": {"phys": 1758750543318, "cnt": 0, "node": "AU-N106"}, "package_id": "PKG50517", "payload": {"status": "CREATED"}, "sent_ts": 1758750517258, "arrival_ts": 1758750517409}
{"action": "recv", "src": "AU-N106", "dst": "AS-N57", "hlc": {"phys": 1758750543675, "cnt": 0, "node": "AU-N106"}, "package_id": "PKG50517", "payload": {"status": "SENT"}, "sent_ts": 1758750517615, "arrival_ts": 1758750517790}
{"action": "recv", "src": "AU-N106", "dst": "AS-N57", "hlc": {"phys": 1758750544044, "cnt": 0, "node": "AU-N106"}, "package_id": "PKG50517", "payload": {"status": "IN_TRANSIT"}, "sent_ts": 1758750517984, "arrival_ts": 1758750518133}
{"action": "recv", "src": "AU-N106", "dst": "AS-N57", "hlc": {"phys": 1758750544401, "cnt": 0, "node": "AU-N106"}, "package_id": "PKG50517", "payload": {"status": "RECEIVED"}, "sent_ts": 1758750518341, "arrival_ts": 1758750518397}
{"action": "recv", "src": "AU-N106", "dst": "AS-N57", "hlc": {"phys": 1758750544665, "cnt": 0, "node": "AU-N106"}, "package_id": "PKG50517", "payload": {"status": "DELIVERED"}, "sent_ts": 1758750518605, "arrival_ts": 1758750518655}
{"action": "send", "src": "AS-N57", "dst": "AS-N142", "hlc": {"phys": 1758753377623, "cnt": 0, "node": "AS-N57"}, "package_id": "PKG53367", "payload": {"status": "CREATED"}, "sent_ts": 1758753367053, "arrival_ts": 1758753367053}
{"action": "send", "src": "AS-N57", "dst": "AS-N142", "hlc": {"phys": 1758753377982, "cnt": 0, "node": "AS-N57"}, "package_id": "PKG53367", "payload": {"status": "SENT"}, "sent_ts": 1758753367412, "arrival_ts": 1758753367412}
{"action": "send", "src": "AS-N57", "dst": "AS-N142", "hlc": {"phys": 1758753378283, "cnt": 0, "node": "AS-N57"}, "package_id": "PKG53367", "payload": {"status": "IN_TRANSIT"}, "sent_ts": 1758753367713, "arrival_ts": 1758753367713}
{"action": "send", "src": "AS-N57", "dst": "AS-N142", "hlc": {"phys": 1758753378523, "cnt": 0, "node": "AS-N57"}, "package_id": "PKG53367", "payload": {"status": "RECEIVED"}, "sent_ts": 1758753367953, "arrival_ts": 1758753367953}
{"action": "send", "src": "AS-N57", "dst": "AS-N142", "hlc": {"phys": 1758753378757, "cnt": 0, "node": "AS-N57"}, "package_id": "PKG53367", "payload": {"status": "DELIVERED"}, "sent_ts": 1758753368187, "arrival_ts": 1758753368187}
{"action": "send", "src": "AS-N57", "dst": "SA-N95", "hlc": {"phys": 1758753511592, "cnt": 0, "node": "AS-N57"}, "package_id": "PKG53501", "payload": {"status": "CREATED"}, "sent_ts": 1758753501022, "arrival_ts": 1758753501022}
{"action": "send", "src": "AS-N57", "dst": "SA-N95", "hlc": {"phys": 1758753511832, "cnt": 0, "node": "AS-N57"}, "package_id": "PKG53501", "payload": {"status": "SENT"}, "sent_ts": 1758753501262, "arrival_ts": 1758753501262}
{"action": "send", "src": "AS-N57", "dst": "SA-N95", "hlc": {"phys": 1758753512102, "cnt": 0, "node": "AS-N57"}, "package_id": "PKG53501", "payload": {"status": "IN_TRANSIT"}, "sent_ts": 1758753501532, "arrival_ts": 1758753501532}
{"action": "send", "src": "AS-N57", "dst": "SA-N95", "hlc": {"phys": 1758753512432, "cnt": 0, "node": "AS-N57"}, "package_id": "PKG53501", "payload": {"status": "RECEIVED"}, "sent_ts": 1758753501862, "arrival_ts": 1758753501862}
{"action": "send", "src": "AS-N57", "dst": "SA-N95", "hlc": {"phys": 1758753512838, "cnt": 0, "node": "AS-N57"}, "package_id": "PKG53501", "payload": {"status": "DELIVERED"}, "sent_ts": 1758753502268, "arrival_ts": 1758753502268}
{"action": "recv", "src": "EU-N100", "dst": "AS-N57", "hlc": {"phys": 1758754228964, "cnt": 0, "node": "EU-N100"}, "package_id": "PKG54222", "payload": {"status": "CREATED"}, "sent_ts": 1758754222964, "arrival_ts": 1758754223083}
{"action": "recv", "src": "EU-N100", "dst": "AS-N57", "hlc": {"phys": 1758754229282, "cnt": 0, "node": "EU-N100"}, "package_id": "PKG54222", "payload": {"status": "SENT"}, "sent_ts": 1758754223282, "arrival_ts": 1758754223353}
{"action": "recv", "src": "EU-N100", "dst": "AS-N57", "hlc": {"phys": 1758754229567, "cnt": 0, "node": "EU-N100"}, "package_id": "PKG54222", "payload": {"status": "IN_TRANSIT"}, "sent_ts": 1758754223567, "arrival_ts": 1758754223629}
{"action": "recv", "src": "EU-N100", "dst": "AS-N57", "hlc": {"phys": 1758754229844, "cnt": 0, "node": "EU-N100"}, "package_id": "PKG54222", "payload": {"status": "RECEIVED"}, "sent_ts": 1758754223844, "arrival_ts": 1758754224010}
{"action": "recv", "src": "EU-N100", "dst": "AS-N57", "hlc": {"phys": 1758754230221, "cnt": 0, "node": "EU-N100"}, "package_id": "PKG54222", "payload": {"status": "DELIVERED"}, "sent_ts": 1758754224221, "arrival_ts": 1758754224262}
{"action": "recv", "src": "EU-N116", "dst": "AS-N57", "hlc": {"phys": 1758759282862, "cnt": 0, "node": "EU-N116"}, "package_id": "PKG59276", "payload": {"status": "CREATED"}, "sent_ts": 1758759276702, "arrival_ts": 1758759276716}
{"action": "recv", "src": "EU-N116", "dst": "AS-N57", "hlc": {"phys": 1758759283068, "cnt": 0, "node": "EU-N116"}, "package_id": "PKG59276", "payload": {"status": "SENT"}, "sent_ts": 1758759276908, "arrival_ts": 1758759277109}
{"action": "recv", "src": "EU-N116", "dst": "AS-N57", "hlc": {"phys": 1758759283484, "cnt": 0, "node": "EU-N116"}, "package_id": "PKG59276", "payload": {"status": "IN_TRANSIT"}, "sent_ts": 1758759277324, "arrival_ts": 1758759277344}
{"action": "recv", "src": "EU-N116", "dst": "AS-N57", "hlc": {"phys": 1758759283710, "cnt": 0, "node": "EU-N116"}, "package_id": "PKG59276", "payload": {"status": "RECEIVED"}, "sent_ts": 1758759277550, "arrival_ts": 1758759277575}
{"action": "recv", "src": "EU-N116", "dst": "AS-N57", "hlc": {"phys": 1758759283932, "cnt": 0, "node": "EU-N116"}, "package_id": "PKG59276", "payload": {"status": "DELIVERED"}, "sent_ts": 1758759277772, "arrival_ts": 1758759277898}
{"action": "send", "src": "AS-N57", "dst": "AF-N38", "hlc": {"phys": 1758760152810, "cnt": 0, "node": "AS-N57"}, "package_id": "PKG60142", "payload": {"status": "CREATED"}, "sent_ts": 1758760142240, "arrival_ts": 1758760142240}
{"action": "send", "src": "AS-N57", "dst": "AF-N38", "hlc": {"phys": 1758760153209, "cnt": 0, "node": "AS-N57"}, "package_id": "PKG60142", "payload": {"status": "SENT"}, "sent_ts": 1758760142639, "arrival_ts": 1758760142643}
{"action": "send", "src": "AS-N57", "dst": "AF-N38", "hlc": {"phys": 1758760153754, "cnt": 0, "node": "AS-N57"}, "package_id": "PKG60142", "payload": {"status": "IN_TRANSIT"}, "sent_ts": 1758760143184, "arrival_ts": 1758760143184}
{"action": "send", "src": "AS-N57", "dst": "AF-N38", "hlc": {"phys": 1758760154170, "cnt": 0, "node": "AS-N57"}, "package_id": "PKG60142", "payload": {"status": "RECEIVED"}, "sent_ts": 1758760143600, "arrival_ts": 1758760143600}
{"action": "send", "src": "AS-N57", "dst": "AF-N38", "hlc": {"phys": 1758760154432, "cnt": 0, "node": "AS-N57"}, "package_id": "PKG60142", "payload": {"status": "DELIVERED"}, "sent_ts": 1758760143862, "arrival_ts": 1758760143862}
{"action": "send", "src": "AS-N57", "dst": "SA-N54", "hlc": {"phys": 1758802618194, "cnt": 0, "node": "AS-N57"}, "package_id": "PKG2607", "payload": {"status": "CREATED"}, "sent_ts": 1758802607624, "arrival_ts": 1758802607624}
{"action": "send", "src": "AS-N57", "dst": "SA-N54", "hlc": {"phys": 1758802618507, "cnt": 0, "node": "AS-N57"}, "package_id": "PKG2607", "payload": {"status": "SENT"}, "sent_ts": 1758802607937, "arrival_ts": 1758802607937}
{"action": "send", "src": "AS-N57", "dst": "SA-N54", "hlc": {"phys": 1758802618864, "cnt": 0, "node": "AS-N57"}, "package_id": "PKG2607", "payload": {"status": "IN_TRANSIT"}, "sent_ts": 1758802608294, "arrival_ts": 1758802608294}
{"action": "send", "src": "AS-N57", "dst": "SA-N54", "hlc": {"phys": 1758802619160, "cnt": 0, "node": "AS-N57"}, "package_id": "PKG2607", "payload": {"status": "RECEIVED"}, "sent_ts": 1758802608590, "arrival_ts": 1758802608590}
{"action": "send", "src": "AS-N57", "dst": "SA-N54", "hlc": {"phys": 1758802619561, "cnt": 0, "node": "AS-N57"}, "package_id": "PKG2607", "payload": {"status": "DELIVERED"}, "sent_ts": 1758802608991, "arrival_ts": 1758802608991}
{"action": "send", "src": "AS-N57", "dst": "AF-N83", "hlc": {"phys": 1758803690057, "cnt": 0, "node": "AS-N57"}, "package_id": "PKG3679", "payload": {"status": "CREATED"}, "sent_ts": 1758803679487, "arrival_ts": 1758803679487}
{"action": "send", "src": "AS-N57", "dst": "AF-N83", "hlc": {"phys": 1758803690315, "cnt": 0, "node": "AS-N57"}, "package_id": "PKG3679", "payload": {"status": "SENT"}, "sent_ts": 1758803679745, "arrival_ts": 1758803679745}
{"action": "send", "src": "AS-N57", "dst": "AF-N83", "hlc": {"phys": 1758803690577, "cnt": 0, "node": "AS-N57"}, "package_id": "PKG3679", "payload": {"status": "IN_TRANSIT"}, "sent_ts": 1758803680007, "arrival_ts": 1758803680007}
{"action": "send", "src": "AS-N57", "dst": "AF-N83", "hlc": {"phys": 1758803690909, "cnt": 0, "node": "AS-N57"}, "package_id": "PKG3679", "payload": {"status": "RECEIVED"}, "sent_ts": 1758803680339, "arrival_ts": 1758803680339}
{"action": "send", "src": "AS-N57", "dst": "AF-N83", "hlc": {"phys": 1758803691191, "cnt": 0, "node": "AS-N57"}, "package_id": "PKG3679", "payload": {"status": "DELIVERED"}, "sent_ts": 1758803680621, "arrival_ts": 1758803680621}
{"action": "send", "src": "AS-N57", "dst": "NA-N4", "hlc": {"phys": 1758810247858, "cnt": 0, "node": "AS-N57"}, "package_id": "PKG10237", "payload": {"status": "CREATED"}, "sent_ts": 1758810237288, "arrival_ts": 1758810237288}
{"action": "send", "src": "AS-N57", "dst": "NA-N4", "hlc": {"phys": 1758810248261, "cnt": 0, "node": "AS-N57"}, "package_id": "PKG10237", "payload": {"status": "SENT"}, "sent_ts": 1758810237691, "arrival_ts": 1758810237691}
{"action": "send", "src": "AS-N57", "dst": "NA-N4", "hlc": {"phys": 1758810248621, "cnt": 0, "node": "AS-N57"}, "package_id": "PKG10237", "payload": {"status": "IN_TRANSIT"}, "sent_ts": 1758810238051, "arrival_ts": 1758810238051}
{"action": "send", "src": "AS-N57", "dst": "NA-N4", "hlc": {"phys": 1758810248839, "cnt": 0, "node": "AS-N57"}, "package_id": "PKG10237", "payload": {"status": "RECEIVED"}, "sent_ts": 1758810238269, "arrival_ts": 1758810238269}
{"action": "send", "src": "AS-N57", "dst": "NA-N4", "hlc": {"phys": 1758810249073, "cnt": 0, "node": "AS-N57"}, "package_id": "PKG10237", "payload": {"status": "DELIVERED"}, "sent_ts": 1758810238503, "arrival_ts": 1758810238503}
{"action": "recv", "src": "AS-N133", "dst": "AS-N57", "hlc": {"phys": 1758810400841, "cnt": 0, "node": "AS-N133"}, "package_id": "PKG10389", "payload": {"status": "CREATED"}, "sent_ts": 1758810389511, "arrival_ts": 1758810389610}
{"action": "recv", "src": "AS-N133", "dst": "AS-N57", "hlc": {"phys": 1758810401147, "cnt": 0, "node": "AS-N133"}, "package_id": "PKG10389", "payload": {"status": "SENT"}, "sent_ts": 1758810389817, "arrival_ts": 1758810389858}
{"action": "recv", "src": "AS-N133", "dst": "AS-N57", "hlc": {"phys": 1758810401394, "cnt": 0, "node": "AS-N133"}, "package_id": "PKG10389", "payload": {"status": "IN_TRANSIT"}, "sent_ts": 1758810390064, "arrival_ts": 1758810390178}
{"action": "recv", "src": "AS-N133", "dst": "AS-N57", "hlc": {"phys": 1758810401704, "cnt": 0, "node": "AS-N133"}, "package_id": "PKG10389", "payload": {"status": "RECEIVED"}, "sent_ts": 1758810390374, "arrival_ts": 1758810390530}
{"action": "recv", "src": "AS-N133", "dst": "AS-N57", "hlc": {"phys": 1758810402078, "cnt": 0, "node": "AS-N133"}, "package_id": "PKG10389", "payload": {"status": "DELIVERED"}, "sent_ts": 1758810390748, "arrival_ts": 1758810390857}
{"action": "send", "src": "AS-N57", "dst": "AF-N101", "hlc": {"phys": 1758811856381, "cnt": 0, "node": "AS-N57"}, "package_id": "PKG11845", "payload": {"status": "CREATED"}, "sent_ts": 1758811845811, "arrival_ts": 1758811845811}
{"action": "send", "src": "AS-N57", "dst": "AF-N101", "hlc": {"phys": 1758811856629, "cnt": 0, "node": "AS-N57"}, "package_id": "PKG11845", "payload": {"status": "SENT"}, "sent_ts": 1758811846059, "arrival_ts": 1758811846059}
{"action": "send", "src": "AS-N57", "dst": "AF-N101", "hlc": {"phys": 1758811856958, "cnt": 0, "node": "AS-N57"}, "package_id": "PKG11845", "payload": {"status": "IN_TRANSIT"}, "sent_ts": 1758811846388, "arrival_ts": 1758811846388}
{"action": "send", "src": "AS-N57", "dst": "AF-N101", "hlc": {"phys": 1758811857329, "cnt": 0, "node": "AS-N57"}, "package_id": "PKG11845", "payload": {"status": "RECEIVED"}, "sent_ts": 1758811846759, "arrival_ts": 1758811846759}
{"action": "send", "src": "AS-N57", "dst": "AF-N101", "hlc": {"phys": 1758811857545, "cnt": 0, "node": "AS-N57"}, "package_id": "PKG11845", "payload": {"status": "DELIVERED"}, "sent_ts": 1758811846975, "arrival_ts": 1758811846975}
{"action": "recv", "src": "AU-N54", "dst": "AS-N57", "hlc": {"phys": 1758813109235, "cnt": 0, "node": "AU-N54"}, "package_id": "PKG13083", "payload": {"status": "CREATED"}, "sent_ts": 1758813083695, "arrival_ts": 1758813083814}
{"action": "recv", "src": "AU-N54", "dst": "AS-N57", "hlc": {"phys": 1758813109622, "cnt": 0, "node": "AU-N54"}, "package_id": "PKG13083", "payload": {"status": "SENT"}, "sent_ts": 1758813084082, "arrival_ts": 1758813084139}
{"action": "recv", "src": "AU-N54", "dst": "AS-N57", "hlc": {"phys": 1758813109871, "cnt": 0, "node": "AU-N54"}, "package_id": "PKG13083", "payload": {"status": "IN_TRANSIT"}, "sent_ts": 1758813084331, "arrival_ts": 1758813084378}
{"action": "recv", "src": "AU-N54", "dst": "AS-N57", "hlc": {"phys": 1758813110122, "cnt": 0, "node": "AU-N54"}, "package_id": "PKG13083", "payload": {"status": "RECEIVED"}, "sent_ts": 1758813084582, "arrival_ts": 1758813084667}
{"action": "recv", "src": "AU-N54", "dst": "AS-N57", "hlc": {"phys": 1758813110398, "cnt": 0, "node": "AU-N54"}, "package_id": "PKG13083", "payload": {"status": "DELIVERED"}, "sent_ts": 1758813084858, "arrival_ts": 1758813084917}
{"action": "recv", "src": "AU-N155", "dst": "AS-N57", "hlc": {"phys": 1758814688866, "cnt": 0, "node": "AU-N155"}, "package_id": "PKG14662", "payload": {"status": "CREATED"}, "sent_ts": 1758814662316, "arrival_ts": 1758814662367}
{"action": "recv", "src": "AU-N155", "dst": "AS-N57", "hlc": {"phys": 1758814689114, "cnt": 0, "node": "AU-N155"}, "package_id": "PKG14662", "payload": {"status": "SENT"}, "sent_ts": 1758814662564, "arrival_ts": 1758814662669}
{"action": "recv", "src": "AU-N155", "dst": "AS-N57", "hlc": {"phys": 1758814689412, "cnt": 0, "node": "AU-N155"}, "package_id": "PKG14662", "payload": {"status": "IN_TRANSIT"}, "sent_ts": 1758814662862, "arrival_ts": 1758814662948}
{"action": "recv", "src": "AU-N155", "dst": "AS-N57", "hlc": {"phys": 1758814689691, "cnt": 0, "node": "AU-N155"}, "package_id": "PKG14662", "payload": {"status": "RECEIVED"}, "sent_ts": 1758814663141, "arrival_ts": 1758814663231}
{"action": "recv", "src": "AU-N155", "dst": "AS-N57", "hlc": {"phys": 1758814690814, "cnt": 0, "node": "AU-N155"}, "package_id": "PKG14662", "payload": {"status": "DELIVERED"}, "sent_ts": 1758814664264, "arrival_ts": 1758814664410}
{"action": "send", "src": "AS-N57", "dst": "AF-N22", "hlc": {"phys": 1758816027353, "cnt": 0, "node": "AS-N57"}, "package_id": "PKG16016", "payload": {"status": "CREATED"}, "sent_ts": 1758816016783, "arrival_ts": 1758816016783}
{"action": "send", "src": "AS-N57", "dst": "AF-N22", "hlc": {"phys": 1758816027771, "cnt": 0, "node": "AS-N57"}, "package_id": "PKG16016", "payload": {"status": "SENT"}, "sent_ts": 1758816017201, "arrival_ts": 1758816017201}
{"action": "send", "src": "AS-N57", "dst": "AF-N22", "hlc": {"phys": 1758816028112, "cnt": 0, "node": "AS-N57"}, "package_id": "PKG16016", "payload": {"status": "IN_TRANSIT"}, "sent_ts": 1758816017542, "arrival_ts": 1758816017542}
{"action": "send", "src": "AS-N57", "dst": "AF-N22", "hlc": {"phys": 1758816028389, "cnt": 0, "node": "AS-N57"}, "package_id": "PKG16016", "payload": {"status": "RECEIVED"}, "sent_ts": 1758816017819, "arrival_ts": 1758816017819}
{"action": "send", "src": "AS-N57", "dst": "AF-N22", "hlc": {"phys": 1758816028761, "cnt": 0, "node": "AS-N57"}, "package_id": "PKG16016", "payload": {"status": "DELIVERED"}, "sent_ts": 1758816018191, "arrival_ts": 1758816018191}
{"action": "recv", "src": "AN-N6", "dst": "AS-N57", "hlc": {"phys": 1758816528325, "cnt": 0, "node": "AN-N6"}, "package_id": "PKG16498", "payload": {"status": "CREATED"}, "sent_ts": 1758816498265, "arrival_ts": 1758816498339}
{"action": "recv", "src": "AN-N6", "dst": "AS-N57", "hlc": {"phys": 1758816528604, "cnt": 0, "node": "AN-N6"}, "package_id": "PKG16498", "payload": {"status": "SENT"}, "sent_ts": 1758816498544, "arrival_ts": 1758816498558}
{"action": "recv", "src": "AN-N6", "dst": "AS-N57", "hlc": {"phys": 1758816528821, "cnt": 0, "node": "AN-N6"}, "package_id": "PKG16498", "payload": {"status": "IN_TRANSIT"}, "sent_ts": 1758816498761, "arrival_ts": 1758816498810}
{"action": "recv", "src": "AN-N6", "dst": "AS-N57", "hlc": {"phys": 1758816529071, "cnt": 0, "node": "AN-N6"}, "package_id": "PKG16498", "payload": {"status": "RECEIVED"}, "sent_ts": 1758816499011, "arrival_ts": 1758816499171}
{"action": "recv", "src": "AN-N6", "dst": "AS-N57", "hlc": {"phys": 1758816529445, "cnt": 0, "node": "AN-N6"}, "package_id": "PKG16498", "payload": {"status": "DELIVERED"}, "sent_ts": 1758816499385, "arrival_ts": 1758816499454}
