{"action": "send", "src": "AS-N183", "dst": "NA-N7", "hlc": {"phys": 1758712677455, "cnt": 0, "node": "AS-N183"}, "package_id": "PKG12665", "payload": {"status": "CREATED"}, "sent_ts": 1758712665625, "arrival_ts": 1758712665625}
{"action": "send", "src": "AS-N183", "dst": "NA-N7", "hlc": {"phys": 1758712677841, "cnt": 0, "node": "AS-N183"}, "package_id": "PKG12665", "payload": {"status": "SENT"}, "sent_ts": 1758712666011, "arrival_ts": 1758712666011}
{"action": "send", "src": "AS-N183", "dst": "NA-N7", "hlc": {"phys": 1758712678197, "cnt": 0, "node": "AS-N183"}, "package_id": "PKG12665", "payload": {"status": "IN_TRANSIT"}, "sent_ts": 1758712666367, "arrival_ts": 1758712666367}
{"action": "send", "src": "AS-N183", "dst": "NA-N7", "hlc": {"phys": 1758712678538, "cnt": 0, "node": "AS-N183"}, "package_id": "PKG12665", "payload": {"status": "RECEIVED"}, "sent_ts": 1758712666708, "arrival_ts": 1758712666708}
{"action": "send", "src": "AS-N183", "dst": "NA-N7", "hlc": {"phys": 1758712678921, "cnt": 0, "node": "AS-N183"}, "package_id": "PKG12665", "payload": {"status": "DELIVERED"}, "sent_ts": 1758712667091, "arrival_ts": 1758712667091}
{"action": "recv", "src": "AF-N178", "dst": "AS-N183", "hlc": {"phys": 1758713822350, "cnt": 0, "node": "AF-N178"}, "package_id": "PKG13805", "payload": {"status": "CREATED"}, "sent_ts": 1758713805570, "arrival_ts": 1758713805601}
{"action": "recv", "src": "AF-N178", "dst": "AS-N183", "hlc": {"phys": 1758713822573, "cnt": 0, "node": "AF-N178"}, "package_id": "PKG13805", "payload": {"status": "SENT"}, "sent_ts": 1758713805793, "arrival_ts": 1758713805842}
{"action": "recv", "src": "AF-N178", "dst": "AS-N183", "hlc": {"phys": 1758713822827, "cnt": 0, "node": "AF-N178"}, "package_id": "PKG13805", "payload": {"status": "IN_TRANSIT"}, "sent_ts": 1758713806047, "arrival_ts": 1758713806139}
{"action": "recv", "src": "AF-N178", "dst": "AS-N183", "hlc": {"phys": 1758713823112, "cnt": 0, "node": "AF-N178"}, "package_id": "PKG13805", "payload": {"status": "RECEIVED"}, "sent_ts": 1758713806332, "arrival_ts": 1758713806533}
{"action": "recv", "src": "AF-N178", "dst": "AS-N183", "hlc": {"phys": 1758713823524, "cnt": 0, "node": "AF-N178"}, "package_id": "PKG13805", "payload": {"status": "DELIVERED"}, "sent_ts": 1758713806744, "arrival_ts": 1758713806939}
{"action": "recv", "src": "EU-N175", "dst": "AS-N183", "hlc": {"phys": 1758716825883, "cnt": 0, "node": "EU-N175"}, "package_id": "PKG16819", "payload": {"status": "CREATED"}, "sent_ts": 1758716819133, "arrival_ts": 1758716819261}
{"action": "recv", "src": "EU-N175", "dst": "AS-N183", "hlc": {"phys": 1758716826210, "cnt": 0, "node": "EU-N175"}, "package_id": "PKG16819", "payload": {"status": "SENT"}, "sent_ts": 1758716819460, "arrival_ts": 1758716819580}
{"action": "recv", "src": "EU-N175", "dst": "AS-N183", "hlc": {"phys": 1758716826536, "cnt": 0, "node": "EU-N175"}, "package_id": "PKG16819", "payload": {"status": "IN_TRANSIT"}, "sent_ts": 1758716819786, "arrival_ts": 1758716819828}
{"action": "recv", "src": "EU-N175", "dst": "AS-N183", "hlc": {"phys": 1758716826785, "cnt": 0, "node": "EU-N175"}, "package_id": "PKG16819", "payload": {"status": "RECEIVED"}, "sent_ts": 1758716820035, "arrival_ts": 1758716820115}
{"action": "recv", "src": "EU-N175", "dst": "AS-N183", "hlc": {"phys": 1758716827067, "cnt": 0, "node": "EU-N175"}, "package_id": "PKG16819", "payload": {"status": "DELIVERED"}, "sent_ts": 1758716820317, "arrival_ts": 1758716820505}
{"action": "recv", "src": "AN-N159", "dst": "AS-N183", "hlc": {"phys": 1758717114889, "cnt": 0, "node": "AN-N159"}, "package_id": "PKG17083", "payload": {"status": "CREATED"}, "sent_ts": 1758717083299, "arrival_ts": 1758717083441}
{"action": "recv", "src": "AN-N159", "dst": "AS-N183", "hlc": {"phys": 1758717115248, "cnt": 0, "node": "AN-N159"}, "package_id": "PKG17083", "payload": {"status": "SENT"}, "sent_ts": 1758717083658, "arrival_ts": 1758717083847}
{"action": "recv", "src": "AN-N159", "dst": "AS-N183", "hlc": {"phys": 1758717115647, "cnt": 0, "node": "AN-N159"}, "package_id": "PKG17083", "payload": {"status": "IN_TRANSIT"}, "sent_ts": 1758717084057, "arrival_ts": 1758717084243}
{"action": "recv", "src": "AN-N159", "dst": "AS-N183", "hlc": {"phys": 1758717116029, "cnt": 0, "node": "AN-N159"}, "package_id": "PKG17083", "payload": {"status": "RECEIVED"}, "sent_ts": 1758717084439, "arrival_ts": 1758717084522}
{"action": "recv", "src": "AN-N159", "dst": "AS-N183", "hlc": {"phys": 1758717116315, "cnt": 0, "node": "AN-N159"}, "package_id": "PKG17083", "payload": {"status": "DELIVERED"}, "sent_ts": 1758717084725, "arrival_ts": 1758717084788}
{"action": "send", "src": "AS-N183", "dst": "EU-N71", "hlc": {"phys": 1758717606914, "cnt": 0, "node": "AS-N183"}, "package_id": "PKG17595", "payload": {"status": "CREATED"}, "sent_ts": 1758717595084, "arrival_ts": 1758717595084}
{"action": "send", "src": "AS-N183", "dst": "EU-N71", "hlc": {"phys": 1758717607220, "cnt": 0, "node": "AS-N183"}, "package_id": "PKG17595", "payload": {"status": "SENT"}, "sent_ts": 1758717595390, "arrival_ts": 1758717595390}
{"action": "send", "src": "AS-N183", "dst": "EU-N71", "hlc": {"phys": 1758717607547, "cnt": 0, "node": "AS-N183"}, "package_id": "PKG17595", "payload": {"status": "IN_TRANSIT"}, "sent_ts": 1758717595717, "arrival_ts": 1758717595717}
{"action": "send", "src": "AS-N183", "dst": "EU-N71", "hlc": {"phys": 1758717607850, "cnt": 0, "node": "AS-N183"}, "package_id": "PKG17595", "payload": {"status": "RECEIVED"}, "sent_ts": 1758717596020, "arrival_ts": 1758717596020}
{"action": "send", "src": "AS-N183", "dst": "EU-N71", "hlc": {"phys": 1758717608220, "cnt": 0, "node": "AS-N183"}, "package_id": "PKG17595", "payload": {"status": "DELIVERED"}, "sent_ts": 1758717596390, "arrival_ts": 1758717596390}
{"action": "send", "src": "AS-N183", "dst": "AN-N184", "hlc": {"phys": 1758739618565, "cnt": 0, "node": "AS-N183"}, "package_id": "PKG39606", "payload": {"status": "CREATED"}, "sent_ts": 1758739606735, "arrival_ts": 1758739606735}
{"action": "send", "src": "AS-N183", "dst": "AN-N184", "hlc": {"phys": 1758739618849, "cnt": 0, "node": "AS-N183"}, "package_id": "PKG39606", "payload": {"status": "SENT"}, "sent_ts": 1758739607019, "arrival_ts": 1758739607019}
{"action": "send", "src": "AS-N183", "dst": "AN-N184", "hlc": {"phys": 1758739619165, "cnt": 0, "node": "AS-N183"}, "package_id": "PKG39606", "payload": {"status": "IN_TRANSIT"}, "sent_ts": 1758739607335, "arrival_ts": 1758739607335}
{"action": "send", "src": "AS-N183", "dst": "AN-N184", "hlc": {"phys": 1758739619425, "cnt": 0, "node": "AS-N183"}, "package_id": "PKG39606", "payload": {"status": "RECEIVED"}, "sent_ts": 1758739607595, "arrival_ts": 1758739607595}
{"action": "send", "src": "AS-N183", "dst": "AN-N184", "hlc": {"phys": 1758739619736, "cnt": 0, "node": "AS-N183"}, "package_id": "PKG39606", "payload": {"status": "DELIVERED"}, "sent_ts": 1758739607906, "arrival_ts": 1758739607906}
{"action": "recv", "src": "EU-N28", "dst": "AS-N183", "hlc": {"phys": 1758740706434, "cnt": 0, "node": "EU-N28"}, "package_id": "PKG40701", "payload": {"status": "CREATED"}, "sent_ts": 1758740701154, "arrival_ts": 1758740701167}
{"action": "recv", "src": "EU-N28", "dst": "AS-N183", "hlc": {"phys": 1758740706665, "cnt": 0, "node": "EU-N28"}, "package_id": "PKG40701", "payload": {"status": "SENT"}, "sent_ts": 1758740701385, "arrival_ts": 1758740701496}
{"action": "recv", "src": "EU-N28", "dst": "AS-N183", "hlc": {"phys": 1758740706988, "cnt": 0, "node": "EU-N28"}, "package_id": "PKG40701", "payload": {"status": "IN_TRANSIT"}, "sent_ts": 1758740701708, "arrival_ts": 1758740701864}
{"action": "recv", "src": "EU-N28", "dst": "AS-N183", "hlc": {"phys": 1758740707355, "cnt": 0, "node": "EU-N28"}, "package_id": "PKG40701", "payload": {"status": "RECEIVED"}, "sent_ts": 1758740702075, "arrival_ts": 1758740702219}
{"action": "recv", "src": "EU-N28", "dst": "AS-N183", "hlc": {"phys": 1758740707718, "cnt": 0, "node": "EU-N28"}, "package_id": "PKG40701", "payload": {"status": "DELIVERED"}, "sent_ts": 1758740702438, "arrival_ts": 1758740702506}
{"action": "recv", "src": "SA-N113", "dst": "AS-N183", "hlc": {"phys": 1758740817749, "cnt": 0, "node": "SA-N113"}, "package_id": "PKG40796", "payload": {"status": "CREATED"}, "sent_ts": 1758740796619, "arrival_ts": 1758740796717}
{"action": "recv", "src": "SA-N113", "dst": "AS-N183", "hlc": {"phys": 1758740818061, "cnt": 0, "node": "SA-N113"}, "package_id": "PKG40796", "payload": {"status": "SENT"}, "sent_ts": 1758740796931, "arrival_ts": 1758740796959}
{"action": "recv", "src": "SA-N113", "dst": "AS-N183", "hlc": {"phys": 1758740818299, "cnt": 0, "node": "SA-N113"}, "package_id": "PKG40796", "payload": {"status": "IN_TRANSIT"}, "sent_ts": 1758740797169, "arrival_ts": 1758740797300}
{"action": "recv", "src": "SA-N113", "dst": "AS-N183", "hlc": {"phys": 1758740818634, "cnt": 0, "node": "SA-N113"}, "package_id": "PKG40796", "payload": {"status": "RECEIVED"}, "sent_ts": 1758740797504, "arrival_ts": 1758740797523}
{"action": "recv", "src": "SA-N113", "dst": "AS-N183", "hlc": {"phys": 1758740818848, "cnt": 0, "node": "SA-N113"}, "package_id": "PKG40796", "payload": {"status": "DELIVERED"}, "sent_ts": 1758740797718, "arrival_ts": 1758740797768}
{"action": "recv", "src": "NA-N174", "dst": "AS-N183", "hlc": {"phys": 1758741597726, "cnt": 0, "node": "NA-N174"}, "package_id": "PKG41595", "payload": {"status": "CREATED"}, "sent_ts": 1758741595986, "arrival_ts": 1758741596175}
{"action": "recv", "src": "NA-N174", "dst": "AS-N183", "hlc": {"phys": 1758741598120, "cnt": 0, "node": "NA-N174"}, "package_id": "PKG41595", "payload": {"status": "SENT"}, "sent_ts": 1758741596380, "arrival_ts": 1758741596450}
{"action": "recv", "src": "NA-N174", "dst": "AS-N183", "hlc": {"phys": 1758741598409, "cnt": 0, "node": "NA-N174"}, "package_id": "PKG41595", "payload": {"status": "IN_TRANSIT"}, "sent_ts": 1758741596669, "arrival_ts": 1758741596739}
{"action": "recv", "src": "NA-N174", "dst": "AS-N183", "hlc": {"phys": 1758741598685, "cnt": 0, "node": "NA-N174"}, "package_id": "PKG41595", "payload": {"status": "RECEIVED"}, "sent_ts": 1758741596945, "arrival_ts": 1758741597012}
{"action": "recv", "src": "NA-N174", "dst": "AS-N183", "hlc": {"phys": 1758741598950, "cnt": 0, "node": "NA-N174"}, "package_id": "PKG41595", "payload": {"status": "DELIVERED"}, "sent_ts": 1758741597210, "arrival_ts": 1758741597250}
{"action": "send", "src": "AS-N183", "dst": "AS-N48", "hlc": {"phys": 1758743422908, "cnt": 0, "node": "AS-N183"}, "package_id": "PKG43411", "payload": {"status": "CREATED"}, "sent_ts": 1758743411078, "arrival_ts": 1758743411078}
{"action": "send", "src": "AS-N183", "dst": "AS-N48", "hlc": {"phys": 1758743423144, "cnt": 0, "node": "AS-N183"}, "package_id": "PKG43411", "payload": {"status": "SENT"}, "sent_ts": 1758743411314, "arrival_ts": 1758743411314}
{"action": "send", "src": "AS-N183", "dst": "AS-N48", "hlc": {"phys": 1758743423395, "cnt": 0, "node": "AS-N183"}, "package_id": "PKG43411", "payload": {"status": "IN_TRANSIT"}, "sent_ts": 1758743411565, "arrival_ts": 1758743411565}
{"action": "send", "src": "AS-N183", "dst": "AS-N48", "hlc": {"phys": 1758743423708, "cnt": 0, "node": "AS-N183"}, "package_id": "PKG43411", "payload": {"status": "RECEIVED"}, "sent_ts": 1758743411878, "arrival_ts": 1758743411878}
{"action": "send", "src": "AS-N183", "dst": "AS-N48", "hlc": {"phys": 1758743423992, "cnt": 0, "node": "AS-N183"}, "package_id": "PKG43411", "payload": {"status": "DELIVERED"}, "sent_ts": 1758743412162, "arrival_ts": 1758743412162}
{"action": "recv", "src": "AF-N131", "dst": "AS-N183", "hlc": {"phys": 1758743682951, "cnt": 0, "node": "AF-N131"}, "package_id": "PKG43666", "payload": {"status": "CREATED"}, "sent_ts": 1758743666641, "arrival_ts": 1758743666673}
{"action": "recv", "src": "AF-N131", "dst": "AS-N183", "hlc": {"phys": 1758743683184, "cnt": 0, "node": "AF-N131"}, "package_id": "PKG43666", "payload": {"status": "SENT"}, "sent_ts": 1758743666874, "arrival_ts": 1758743666894}
{"action": "recv", "src": "AF-N131", "dst": "AS-N183", "hlc": {"phys": 1758743683417, "cnt": 0, "node": "AF-N131"}, "package_id": "PKG43666", "payload": {"status": "IN_TRANSIT"}, "sent_ts": 1758743667107, "arrival_ts": 1758743667299}
{"action": "recv", "src": "AF-N131", "dst": "AS-N183", "hlc": {"phys": 1758743683819, "cnt": 0, "node": "AF-N131"}, "package_id": "PKG43666", "payload": {"status": "RECEIVED"}, "sent_ts": 1758743667509, "arrival_ts": 1758743667597}
{"action": "recv", "src": "AF-N131", "dst": "AS-N183", "hlc": {"phys": 1758743684114, "cnt": 0, "node": "AF-N131"}, "package_id": "PKG43666", "payload": {"status": "DELIVERED"}, "sent_ts": 1758743667804, "arrival_ts": 1758743667845}
{"action": "recv", "src": "AF-N132", "dst": "AS-N183", "hlc": {"phys": 1758746498980, "cnt": 0, "node": "AF-N132"}, "package_id": "PKG46482", "payload": {"status": "CREATED"}, "sent_ts": 1758746482660, "arrival_ts": 1758746482863}
{"action": "recv", "src": "AF-N132", "dst": "AS-N183", "hlc": {"phys": 1758746499397, "cnt": 0, "node": "AF-N132"}, "package_id": "PKG46482", "payload": {"status": "SENT"}, "sent_ts": 1758746483077, "arrival_ts": 1758746483242}
{"action": "recv", "src": "AF-N132", "dst": "AS-N183", "hlc": {"phys": 1758746499770, "cnt": 0, "node": "AF-N132"}, "package_id": "PKG46482", "payload": {"status": "IN_TRANSIT"}, "sent_ts": 1758746483450, "arrival_ts": 1758746483607}
{"action": "recv", "src": "AF-N132", "dst": "AS-N183", "hlc": {"phys": 1758746500152, "cnt": 0, "node": "AF-N132"}, "package_id": "PKG46482", "payload": {"status": "RECEIVED"}, "sent_ts": 1758746483832, "arrival_ts": 1758746483848}
{"action": "recv", "src": "AF-N132", "dst": "AS-N183", "hlc": {"phys": 1758746500376, "cnt": 0, "node": "AF-N132"}, "package_id": "PKG46482", "payload": {"status": "DELIVERED"}, "sent_ts": 1758746484056, "arrival_ts": 1758746484161}
{"action": "send", "src": "AS-N183", "dst": "SA-N192", "hlc": {"phys": 1758746966249, "cnt": 0, "node": "AS-N183"}, "package_id": "PKG46954", "payload": {"status": "CREATED"}, "sent_ts": 1758746954419, "arrival_ts": 1758746954419}
{"action": "send", "src": "AS-N183", "dst": "SA-N192", "hlc": {"phys": 1758746966510, "cnt": 0, "node": "AS-N183"}, "package_id": "PKG46954", "payload": {"status": "SENT"}, "sent_ts": 1758746954680, "arrival_ts": 1758746954680}
{"action": "send", "src": "AS-N183", "dst": "SA-N192", "hlc": {"phys": 1758746966821, "cnt": 0, "node": "AS-N183"}, "package_id": "PKG46954", "payload": {"status": "IN_TRANSIT"}, "sent_ts": 1758746954991, "arrival_ts": 1758746954991}
{"action": "send", "src": "AS-N183", "dst": "SA-N192", "hlc": {"phys": 1758746967145, "cnt": 0, "node": "AS-N183"}, "package_id": "PKG46954", "payload": {"status": "RECEIVED"}, "sent_ts": 1758746955315, "arrival_ts": 1758746955315}
{"action": "send", "src": "AS-N183", "dst": "SA-N192", "hlc": {"phys": 1758746967530, "cnt": 0, "node": "AS-N183"}, "package_id": "PKG46954", "payload": {"status": "DELIVERED"}, "sent_ts": 1758746955700, "arrival_ts": 1758746955700}
{"action": "recv", "src": "AN-N10", "dst": "AS-N183", "hlc": {"phys": 1758749716103, "cnt": 0, "node": "AN-N10"}, "package_id": "PKG49686", "payload": {"status": "CREATED"}, "sent_ts": 1758749686003, "arrival_ts": 1758749686186}
{"action": "recv", "src": "AN-N10", "dst": "AS-N183", "hlc": {"phys": 1758749716504, "cnt": 0, "node": "AN-N10"}, "package_id": "PKG49686", "payload": {"status": "SENT"}, "sent_ts": 1758749686404, "arrival_ts": 1758749686422}
{"action": "recv", "src": "AN-N10", "dst": "AS-N183", "hlc": {"phys": 1758749716738, "cnt": 0, "node": "AN-N10"}, "package_id": "PKG49686", "payload": {"status": "IN_TRANSIT"}, "sent_ts": 1758749686638, "arrival_ts": 1758749686762}
{"action": "recv", "src": "AN-N10", "dst": "AS-N183", "hlc": {"phys": 1758749717063, "cnt": 0, "node": "AN-N10"}, "package_id": "PKG49686", "payload": {"status": "RECEIVED"}, "sent_ts": 1758749686963, "arrival_ts": 1758749686985}
{"action": "recv", "src": "AN-N10", "dst": "AS-N183", "hlc": {"phys": 1758749717294, "cnt": 0, "node": "AN-N10"}, "package_id": "PKG49686", "payload": {"status": "DELIVERED"}, "sent_ts": 1758749687194, "arrival_ts": 1758749687349}
{"action": "recv", "src": "NA-N129", "dst": "AS-N183", "hlc": {"phys": 1758751606564, "cnt": 0, "node": "NA-N129"}, "package_id": "PKG51605", "payload": {"status": "CREATED"}, "sent_ts": 1758751605274, "arrival_ts": 1758751605366}
{"action": "recv", "src": "NA-N129", "dst": "AS-N183", "hlc": {"phys": 1758751606878, "cnt": 0, "node": "NA-N129"}, "package_id": "PKG51605", "payload": {"status": "SENT"}, "sent_ts": 1758751605588, "arrival_ts": 1758751605634}
{"action": "recv", "src": "NA-N129", "dst": "AS-N183", "hlc": {"phys": 1758751607135, "cnt": 0, "node": "NA-N129"}, "package_id": "PKG51605", "payload": {"status": "IN_TRANSIT"}, "sent_ts": 1758751605845, "arrival_ts": 1758751605864}
{"action": "recv", "src": "NA-N129", "dst": "AS-N183", "hlc": {"phys": 1758751607374, "cnt": 0, "node": "NA-N129"}, "package_id": "PKG51605", "payload": {"status": "RECEIVED"}, "sent_ts": 1758751606084, "arrival_ts": 1758751606258}
{"action": "recv", "src": "NA-N129", "dst": "AS-N183", "hlc": {"phys": 1758751607748, "cnt": 0, "node": "NA-N129"}, "package_id": "PKG51605", "payload": {"status": "DELIVERED"}, "sent_ts": 1758751606458, "arrival_ts": 1758751606601}
{"action": "recv", "src": "NA-N4", "dst": "AS-N183", "hlc": {"phys": 1758755532804, "cnt": 0, "node": "NA-N4"}, "package_id": "PKG55532", "payload": {"status": "CREATED"}, "sent_ts": 1758755532764, "arrival_ts": 1758755532939}
{"action": "recv", "src": "NA-N4", "dst": "AS-N183", "hlc": {"phys": 1758755533191, "cnt": 0, "node": "NA-N4"}, "package_id": "PKG55532", "payload": {"status": "SENT"}, "sent_ts": 1758755533151, "arrival_ts": 1758755533233}
{"action": "recv", "src": "NA-N4", "dst": "AS-N183", "hlc": {"phys": 1758755533484, "cnt": 0, "node": "NA-N4"}, "package_id": "PKG55532", "payload": {"status": "IN_TRANSIT"}, "sent_ts": 1758755533444, "arrival_ts": 1758755533536}
{"action": "recv", "src": "NA-N4", "dst": "AS-N183", "hlc": {"phys": 1758755533780, "cnt": 0, "node": "NA-N4"}, "package_id": "PKG55532", "payload": {"status": "RECEIVED"}, "sent_ts": 1758755533740, "arrival_ts": 1758755533784}
{"action": "recv", "src": "NA-N4", "dst": "AS-N183", "hlc": {"phys": 1758755534030, "cnt": 0, "node": "NA-N4"}, "package_id": "PKG55532", "payload": {"status": "DELIVERED"}, "sent_ts": 1758755533990, "arrival_ts": 1758755534020}
{"action": "recv", "src": "SA-N28", "dst": "AS-N183", "hlc": {"phys": 1758758241237, "cnt": 0, "node": "SA-N28"}, "package_id": "PKG58220", "payload": {"status": "CREATED"}, "sent_ts": 1758758220957, "arrival_ts": 1758758221011}
{"action": "recv", "src": "SA-N28", "dst": "AS-N183", "hlc": {"phys": 1758758241489, "cnt": 0, "node": "SA-N28"}, "package_id": "PKG58220", "payload": {"status": "SENT"}, "sent_ts": 1758758221209, "arrival_ts": 1758758221411}
{"action": "recv", "src": "SA-N28", "dst": "AS-N183", "hlc": {"phys": 1758758241892, "cnt": 0, "node": "SA-N28"}, "package_id": "PKG58220", "payload": {"status": "IN_TRANSIT"}, "sent_ts": 1758758221612, "arrival_ts": 1758758221663}
{"action": "recv", "src": "SA-N28", "dst": "AS-N183", "hlc": {"phys": 1758758242153, "cnt": 0, "node": "SA-N28"}, "package_id": "PKG58220", "payload": {"status": "RECEIVED"}, "sent_ts": 1758758221873, "arrival_ts": 1758758221975}
{"action": "recv", "src": "SA-N28", "dst": "AS-N183", "hlc": {"phys": 1758758242462, "cnt": 0, "node": "SA-N28"}, "package_id": "PKG58220", "payload": {"status": "DELIVERED"}, "sent_ts": 1758758222182, "arrival_ts": 1758758222291}
{"action": "send", "src": "AS-N183", "dst": "AS-N30", "hlc": {"phys": 1758759343197, "cnt": 0, "node": "AS-N183"}, "package_id": "PKG59331", "payload": {"status": "CREATED"}, "sent_ts": 1758759331367, "arrival_ts": 1758759331367}
{"action": "send", "src": "AS-N183", "dst": "AS-N30", "hlc": {"phys": 1758759343508, "cnt": 0, "node": "AS-N183"}, "package_id": "PKG59331", "payload": {"status": "SENT"}, "sent_ts": 1758759331678, "arrival_ts": 1758759331678}
{"action": "send", "src": "AS-N183", "dst": "AS-N30", "hlc": {"phys": 1758759343905, "cnt": 0, "node": "AS-N183"}, "package_id": "PKG59331", "payload": {"status": "IN_TRANSIT"}, "sent_ts": 1758759332075, "arrival_ts": 1758759332075}
{"action": "send", "src": "AS-N183", "dst": "AS-N30", "hlc": {"phys": 1758759344202, "cnt": 0, "node": "AS-N183"}, "package_id": "PKG59331", "payload": {"status": "RECEIVED"}, "sent_ts": 1758759332372, "arrival_ts": 1758759332372}
{"action": "send", "src": "AS-N183", "dst": "AS-N30", "hlc": {"phys": 1758759344448, "cnt": 0, "node": "AS-N183"}, "package_id": "PKG59331", "payload": {"status": "DELIVERED"}, "sent_ts": 1758759332618, "arrival_ts": 1758759332618}
{"action": "recv", "src": "AS-N174", "dst": "AS-N183", "hlc": {"phys": 1758760275592, "cnt": 0, "node": "AS-N174"}, "package_id": "PKG60263", "payload": {"status": "CREATED"}, "sent_ts": 1758760263852, "arrival_ts": 1758760264051}
{"action": "recv", "src": "AS-N174", "dst": "AS-N183", "hlc": {"phys": 1758760275995, "cnt": 0, "node": "AS-N174"}, "package_id": "PKG60263", "payload": {"status": "SENT"}, "sent_ts": 1758760264255, "arrival_ts": 1758760264344}
{"action": "recv", "src": "AS-N174", "dst": "AS-N183", "hlc": {"phys": 1758760276305, "cnt": 0, "node": "AS-N174"}, "package_id": "PKG60263", "payload": {"status": "IN_TRANSIT"}, "sent_ts": 1758760264565, "arrival_ts": 1758760264626}
{"action": "recv", "src": "AS-N174", "dst": "AS-N183", "hlc": {"phys": 1758760276581, "cnt": 0, "node": "AS-N174"}, "package_id": "PKG60263", "payload": {"status": "RECEIVED"}, "sent_ts": 1758760264841, "arrival_ts": 1758760265021}
{"action": "recv", "src": "AS-N174", "dst": "AS-N183", "hlc": {"phys": 1758760276973, "cnt": 0, "node": "AS-N174"}, "package_id": "PKG60263", "payload": {"status": "DELIVERED"}, "sent_ts": 1758760265233, "arrival_ts": 1758760265282}
{"action": "send", "src": "AS-N183", "dst": "AU-N115", "hlc": {"phys": 1758760971981, "cnt": 0, "node": "AS-N183"}, "package_id": "PKG60960", "payload": {"status": "CREATED"}, "sent_ts": 1758760960151, "arrival_ts": 1758760960151}
{"action": "send", "src": "AS-N183", "dst": "AU-N115", "hlc": {"phys": 1758760972200, "cnt": 0, "node": "AS-N183"}, "package_id": "PKG60960", "payload": {"status": "SENT"}, "sent_ts": 1758760960370, "arrival_ts": 1758760960370}
{"action": "send", "src": "AS-N183", "dst": "AU-N115", "hlc": {"phys": 1758760972583, "cnt": 0, "node": "AS-N183"}, "package_id": "PKG60960", "payload": {"status": "IN_TRANSIT"}, "sent_ts": 1758760960753, "arrival_ts": 1758760960753}
{"action": "send", "src": "AS-N183", "dst": "AU-N115", "hlc": {"phys": 1758760972908, "cnt": 0, "node": "AS-N183"}, "package_id": "PKG60960", "payload": {"status": "RECEIVED"}, "sent_ts": 1758760961078, "arrival_ts": 1758760961078}
{"action": "send", "src": "AS-N183", "dst": "AU-N115", "hlc": {"phys": 1758760973244, "cnt": 0, "node": "AS-N183"}, "package_id": "PKG60960", "payload": {"status": "DELIVERED"}, "sent_ts": 1758760961414, "arrival_ts": 1758760961414}
{"action": "send", "src": "AS-N183", "dst": "NA-N8", "hlc": {"phys": 1758761100666, "cnt": 0, "node": "AS-N183"}, "package_id": "PKG61088", "payload": {"status": "CREATED"}, "sent_ts": 1758761088836, "arrival_ts": 1758761088836}
{"action": "send", "src": "AS-N183", "dst": "NA-N8", "hlc": {"phys": 1758761100929, "cnt": 0, "node": "AS-N183"}, "package_id": "PKG61088", "payload": {"status": "SENT"}, "sent_ts": 1758761089099, "arrival_ts": 1758761089099}
{"action": "send", "src": "AS-N183", "dst": "NA-N8", "hlc": {"phys": 1758761101241, "cnt": 0, "node": "AS-N183"}, "package_id": "PKG61088", "payload": {"status": "IN_TRANSIT"}, "sent_ts": 1758761089411, "arrival_ts": 1758761089411}
{"action": "send", "src": "AS-N183", "dst": "NA-N8", "hlc": {"phys": 1758761101534, "cnt": 0, "node": "AS-N183"}, "package_id": "PKG61088", "payload": {"status": "RECEIVED"}, "sent_ts": 1758761089704, "arrival_ts": 1758761089704}
{"action": "send", "src": "AS-N183", "dst": "NA-N8", "hlc": {"phys": 1758761101862, "cnt": 0, "node": "AS-N183"}, "package_id": "PKG61088", "payload": {"status": "DELIVERED"}, "sent_ts": 1758761090032, "arrival_ts": 1758761090032}
{"action": "recv", "src": "EU-N30", "dst": "AS-N183", "hlc": {"phys": 1758763429444, "cnt": 0, "node": "EU-N30"}, "package_id": "PKG63424", "payload": {"status": "CREATED"}, "sent_ts": 1758763424144, "arrival_ts": 1758763424334}
{"action": "recv", "src": "EU-N30", "dst": "AS-N183", "hlc": {"phys": 1758763429831, "cnt": 0, "node": "EU-N30"}, "package_id": "PKG63424", "payload": {"status": "SENT"}, "sent_ts": 1758763424531, "arrival_ts": 1758763424633}
{"action": "recv", "src": "EU-N30", "dst": "AS-N183", "hlc": {"phys": 1758763430138, "cnt": 0, "node": "EU-N30"}, "package_id": "PKG63424", "payload": {"status": "IN_TRANSIT"}, "sent_ts": 1758763424838, "arrival_ts": 1758763425031}
{"action": "recv", "src": "EU-N30", "dst": "AS-N183", "hlc": {"phys": 1758763430542, "cnt": 0, "node": "EU-N30"}, "package_id": "PKG63424", "payload": {"status": "RECEIVED"}, "sent_ts": 1758763425242, "arrival_ts": 1758763425270}
{"action": "recv", "src": "EU-N30", "dst": "AS-N183", "hlc": {"phys": 1758763430761, "cnt": 0, "node": "EU-N30"}, "package_id": "PKG63424", "payload": {"status": "DELIVERED"}, "sent_ts": 1758763425461, "arrival_ts": 1758763425488}
{"action": "send", "src": "AS-N183", "dst": "AN-N75", "hlc": {"phys": 1758800347255, "cnt": 0, "node": "AS-N183"}, "package_id": "PKG335", "payload": {"status": "CREATED"}, "sent_ts": 1758800335425, "arrival_ts": 1758800335425}
{"action": "send", "src": "AS-N183", "dst": "AN-N75", "hlc": {"phys": 1758800347657, "cnt": 0, "node": "AS-N183"}, "package_id": "PKG335", "payload": {"status": "SENT"}, "sent_ts": 1758800335827, "arrival_ts": 1758800335827}
{"action": "send", "src": "AS-N183", "dst": "AN-N75", "hlc": {"phys": 1758800347920, "cnt": 0, "node": "AS-N183"}, "package_id": "PKG335", "payload": {"status": "IN_TRANSIT"}, "sent_ts": 1758800336090, "arrival_ts": 1758800336090}
{"action": "send", "src": "AS-N183", "dst": "AN-N75", "hlc": {"phys": 1758800348161, "cnt": 0, "node": "AS-N183"}, "package_id": "PKG335", "payload": {"status": "RECEIVED"}, "sent_ts": 1758800336331, "arrival_ts": 1758800336331}
{"action": "send", "src": "AS-N183", "dst": "AN-N75", "hlc": {"phys": 1758800348462, "cnt": 0, "node": "AS-N183"}, "package_id": "PKG335", "payload": {"status": "DELIVERED"}, "sent_ts": 1758800336632, "arrival_ts": 1758800336633}
{"action": "send", "src": "AS-N183", "dst": "AN-N170", "hlc": {"phys": 1758802997817, "cnt": 0, "node": "AS-N183"}, "package_id": "PKG2985", "payload": {"status": "CREATED"}, "sent_ts": 1758802985987, "arrival_ts": 1758802985987}
{"action": "send", "src": "AS-N183", "dst": "AN-N170", "hlc": {"phys": 1758802998202, "cnt": 0, "node": "AS-N183"}, "package_id": "PKG2985", "payload": {"status": "SENT"}, "sent_ts": 1758802986372, "arrival_ts": 1758802986372}
{"action": "send", "src": "AS-N183", "dst": "AN-N170", "hlc": {"phys": 1758802998572, "cnt": 0, "node": "AS-N183"}, "package_id": "PKG2985", "payload": {"status": "IN_TRANSIT"}, "sent_ts": 1758802986742, "arrival_ts": 1758802986742}
{"action": "send", "src": "AS-N183", "dst": "AN-N170", "hlc": {"phys": 1758802998851, "cnt": 0, "node": "AS-N183"}, "package_id": "PKG2985", "payload": {"status": "RECEIVED"}, "sent_ts": 1758802987021, "arrival_ts": 1758802987021}
{"action": "send", "src": "AS-N183", "dst": "AN-N170", "hlc": {"phys": 1758802999082, "cnt": 0, "node": "AS-N183"}, "package_id": "PKG2985", "payload": {"status": "DELIVERED"}, "sent_ts": 1758802987252, "arrival_ts": 1758802987252}
{"action": "send", "src": "AS-N183", "dst": "SA-N37", "hlc": {"phys": 1758804621825, "cnt": 0, "node": "AS-N183"}, "package_id": "PKG4609", "payload": {"status": "CREATED"}, "sent_ts": 1758804609995, "arrival_ts": 1758804609995}
{"action": "send", "src": "AS-N183", "dst": "SA-N37", "hlc": {"phys": 1758804622047, "cnt": 0, "node": "AS-N183"}, "package_id": "PKG4609", "payload": {"status": "SENT"}, "sent_ts": 1758804610217, "arrival_ts": 1758804610217}
{"action": "send", "src": "AS-N183", "dst": "SA-N37", "hlc": {"phys": 1758804622356, "cnt": 0, "node": "AS-N183"}, "package_id": "PKG4609", "payload": {"status": "IN_TRANSIT"}, "sent_ts": 1758804610526, "arrival_ts": 1758804610526}
{"action": "send", "src": "AS-N183", "dst": "SA-N37", "hlc": {"phys": 1758804622630, "cnt": 0, "node": "AS-N183"}, "package_id": "PKG4609", "payload": {"status": "RECEIVED"}, "sent_ts": 1758804610800, "arrival_ts": 1758804610800}
{"action": "send", "src": "AS-N183", "dst": "SA-N37", "hlc": {"phys": 1758804622947, "cnt": 0, "node": "AS-N183"}, "package_id": "PKG4609", "payload": {"status": "DELIVERED"}, "sent_ts": 1758804611117, "arrival_ts": 1758804611117}
{"action": "recv", "src": "AN-N39", "dst": "AS-N183", "hlc": {"phys": 1758805181834, "cnt": 0, "node": "AN-N39"}, "package_id": "PKG5151", "payload": {"status": "CREATED"}, "sent_ts": 1758805151444, "arrival_ts": 1758805151572}
{"action": "recv", "src": "AN-N39", "dst": "AS-N183", "hlc": {"phys": 1758805182173, "cnt": 0, "node": "AN-N39"}, "package_id": "PKG5151", "payload": {"status": "SENT"}, "sent_ts": 1758805151783, "arrival_ts": 1758805151805}
{"action": "recv", "src": "AN-N39", "dst": "AS-N183", "hlc": {"phys": 1758805182392, "cnt": 0, "node": "AN-N39"}, "package_id": "PKG5151", "payload": {"status": "IN_TRANSIT"}, "sent_ts": 1758805152002, "arrival_ts": 1758805152187}
{"action": "recv", "src": "AN-N39", "dst": "AS-N183", "hlc": {"phys": 1758805182793, "cnt": 0, "node": "AN-N39"}, "package_id": "PKG5151", "payload": {"status": "RECEIVED"}, "sent_ts": 1758805152403, "arrival_ts": 1758805152595}
{"action": "recv", "src": "AN-N39", "dst": "AS-N183", "hlc": {"phys": 1758805183208, "cnt": 0, "node": "AN-N39"}, "package_id": "PKG5151", "payload": {"status": "DELIVERED"}, "sent_ts": 1758805152818, "arrival_ts": 1758805152936}
{"action": "send", "src": "AS-N183", "dst": "AU-N177", "hlc": {"phys": 1758805699089, "cnt": 0, "node": "AS-N183"}, "package_id": "PKG5687", "payload": {"status": "CREATED"}, "sent_ts": 1758805687259, "arrival_ts": 1758805687259}
{"action": "send", "src": "AS-N183", "dst": "AU-N177", "hlc": {"phys": 1758805699446, "cnt": 0, "node": "AS-N183"}, "package_id": "PKG5687", "payload": {"status": "SENT"}, "sent_ts": 1758805687616, "arrival_ts": 1758805687616}
{"action": "send", "src": "AS-N183", "dst": "AU-N177", "hlc": {"phys": 1758805699804, "cnt": 0, "node": "AS-N183"}, "package_id": "PKG5687", "payload": {"status": "IN_TRANSIT"}, "sent_ts": 1758805687974, "arrival_ts": 1758805687974}
{"action": "send", "src": "AS-N183", "dst": "AU-N177", "hlc": {"phys": 1758805700142, "cnt": 0, "node": "AS-N183"}, "package_id": "PKG5687", "payload": {"status": "RECEIVED"}, "sent_ts": 1758805688312, "arrival_ts": 1758805688312}
{"action": "send", "src": "AS-N183", "dst": "AU-N177", "hlc": {"phys": 1758805701131, "cnt": 0, "node": "AS-N183"}, "package_id": "PKG5687", "payload": {"status": "DELIVERED"}, "sent_ts": 1758805689301, "arrival_ts": 1758805689301}
{"action": "recv", "src": "AU-N54", "dst": "AS-N183", "hlc": {"phys": 1758809535185, "cnt": 0, "node": "AU-N54"}, "package_id": "PKG9509", "payload": {"status": "CREATED"}, "sent_ts": 1758809509645, "arrival_ts": 1758809509752}
{"action": "recv", "src": "AU-N54", "dst": "AS-N183", "hlc": {"phys": 1758809535493, "cnt": 0, "node": "AU-N54"}, "package_id": "PKG9509", "payload": {"status": "SENT"}, "sent_ts": 1758809509953, "arrival_ts": 1758809510039}
{"action": "recv", "src": "AU-N54", "dst": "AS-N183", "hlc": {"phys": 1758809535789, "cnt": 0, "node": "AU-N54"}, "package_id": "PKG9509", "payload": {"status": "IN_TRANSIT"}, "sent_ts": 1758809510249, "arrival_ts": 1758809510326}
{"action": "recv", "src": "AU-N54", "dst": "AS-N183", "hlc": {"phys": 1758809536082, "cnt": 0, "node": "AU-N54"}, "package_id": "PKG9509", "payload": {"status": "RECEIVED"}, "sent_ts": 1758809510542, "arrival_ts": 1758809510582}
{"action": "recv", "src": "AU-N54", "dst": "AS-N183", "hlc": {"phys": 1758809536329, "cnt": 0, "node": "AU-N54"}, "package_id": "PKG9509", "payload": {"status": "DELIVERED"}, "sent_ts": 1758809510789, "arrival_ts": 1758809510970}
{"action": "recv", "src": "SA-N43", "dst": "AS-N183", "hlc": {"phys": 1758810368840, "cnt": 0, "node": "SA-N43"}, "package_id": "PKG10348", "payload": {"status": "CREATED"}, "sent_ts": 1758810348410, "arrival_ts": 1758810348551}
{"action": "recv", "src": "SA-N43", "dst": "AS-N183", "hlc": {"phys": 1758810369180, "cnt": 0, "node": "SA-N43"}, "package_id": "PKG10348", "payload": {"status": "SENT"}, "sent_ts": 1758810348750, "arrival_ts": 1758810348908}
{"action": "recv", "src": "SA-N43", "dst": "AS-N183", "hlc": {"phys": 1758810369551, "cnt": 0, "node": "SA-N43"}, "package_id": "PKG10348", "payload": {"status": "IN_TRANSIT"}, "sent_ts": 1758810349121, "arrival_ts": 1758810349272}
{"action": "recv", "src": "SA-N43", "dst": "AS-N183", "hlc": {"phys": 1758810369909, "cnt": 0, "node": "SA-N43"}, "package_id": "PKG10348", "payload": {"status": "RECEIVED"}, "sent_ts": 1758810349479, "arrival_ts": 1758810349588}
{"action": "recv", "src": "SA-N43", "dst": "AS-N183", "hlc": {"phys": 1758810370219, "cnt": 0, "node": "SA-N43"}, "package_id": "PKG10348", "payload": {"status": "DELIVERED"}, "sent_ts": 1758810349789, "arrival_ts": 1758810349804}
{"action": "send", "src": "AS-N183", "dst": "AN-N78", "hlc": {"phys": 1758816701316, "cnt": 0, "node": "AS-N183"}, "package_id": "PKG16689", "payload": {"status": "CREATED"}, "sent_ts": 1758816689486, "arrival_ts": 1758816689486}
{"action": "send", "src": "AS-N183", "dst": "AN-N78", "hlc": {"phys": 1758816701562, "cnt": 0, "node": "AS-N183"}, "package_id": "PKG16689", "payload": {"status": "SENT"}, "sent_ts": 1758816689732, "arrival_ts": 1758816689732}
{"action": "send", "src": "AS-N183", "dst": "AN-N78", "hlc": {"phys": 1758816701874, "cnt": 0, "node": "AS-N183"}, "package_id": "PKG16689", "payload": {"status": "IN_TRANSIT"}, "sent_ts": 1758816690044, "arrival_ts": 1758816690044}
{"action": "send", "src": "AS-N183", "dst": "AN-N78", "hlc": {"phys": 1758816702187, "cnt": 0, "node": "AS-N183"}, "package_id": "PKG16689", "payload": {"status": "RECEIVED"}, "sent_ts": 1758816690357, "arrival_ts": 1758816690357}
{"action": "send", "src": "AS-N183", "dst": "AN-N78", "hlc": {"phys": 1758816702485, "cnt": 0, "node": "AS-N183"}, "package_id": "PKG16689", "payload": {"status": "DELIVERED"}, "sent_ts": 1758816690655, "arrival_ts": 1758816690655}
