{"action": "send", "src": "AS-N115", "dst": "SA-N28", "hlc": {"phys": 1758713107471, "cnt": 0, "node": "AS-N115"}, "package_id": "PKG13096", "payload": {"status": "CREATED"}, "sent_ts": 1758713096321, "arrival_ts": 1758713096321}
{"action": "send", "src": "AS-N115", "dst": "SA-N28", "hlc": {"phys": 1758713107828, "cnt": 0, "node": "AS-N115"}, "package_id": "PKG13096", "payload": {"status": "SENT"}, "sent_ts": 1758713096678, "arrival_ts": 1758713096678}
{"action": "send", "src": "AS-N115", "dst": "SA-N28", "hlc": {"phys": 1758713108061, "cnt": 0, "node": "AS-N115"}, "package_id": "PKG13096", "payload": {"status": "IN_TRANSIT"}, "sent_ts": 1758713096911, "arrival_ts": 1758713096911}
{"action": "send", "src": "AS-N115", "dst": "SA-N28", "hlc": {"phys": 1758713108403, "cnt": 0, "node": "AS-N115"}, "package_id": "PKG13096", "payload": {"status": "RECEIVED"}, "sent_ts": 1758713097253, "arrival_ts": 1758713097253}
{"action": "send", "src": "AS-N115", "dst": "SA-N28", "hlc": {"phys": 1758713108821, "cnt": 0, "node": "AS-N115"}, "package_id": "PKG13096", "payload": {"status": "DELIVERED"}, "sent_ts": 1758713097671, "arrival_ts": 1758713097671}
{"action": "send", "src": "AS-N115", "dst": "AS-N66", "hlc": {"phys": 1758716917313, "cnt": 0, "node": "AS-N115"}, "package_id": "PKG16906", "payload": {"status": "CREATED"}, "sent_ts": 1758716906163, "arrival_ts": 1758716906163}
{"action": "send", "src": "AS-N115", "dst": "AS-N66", "hlc": {"phys": 1758716917570, "cnt": 0, "node": "AS-N115"}, "package_id": "PKG16906", "payload": {"status": "SENT"}, "sent_ts": 1758716906420, "arrival_ts": 1758716906420}
{"action": "send", "src": "AS-N115", "dst": "AS-N66", "hlc": {"phys": 1758716917855, "cnt": 0, "node": "AS-N115"}, "package_id": "PKG16906", "payload": {"status": "IN_TRANSIT"}, "sent_ts": 1758716906705, "arrival_ts": 1758716906705}
{"action": "send", "src": "AS-N115", "dst": "AS-N66", "hlc": {"phys": 1758716918148, "cnt": 0, "node": "AS-N115"}, "package_id": "PKG16906", "payload": {"status": "RECEIVED"}, "sent_ts": 1758716906998, "arrival_ts": 1758716906998}
{"action": "send", "src": "AS-N115", "dst": "AS-N66", "hlc": {"phys": 1758716918440, "cnt": 0, "node": "AS-N115"}, "package_id": "PKG16906", "payload": {"status": "DELIVERED"}, "sent_ts": 1758716907290, "arrival_ts": 1758716907290}
{"action": "send", "src": "AS-N115", "dst": "AN-N98", "hlc": {"phys": 1758718367484, "cnt": 0, "node": "AS-N115"}, "package_id": "PKG18356", "payload": {"status": "CREATED"}, "sent_ts": 1758718356334, "arrival_ts": 1758718356334}
{"action": "send", "src": "AS-N115", "dst": "AN-N98", "hlc": {"phys": 1758718367764, "cnt": 0, "node": "AS-N115"}, "package_id": "PKG18356", "payload": {"status": "SENT"}, "sent_ts": 1758718356614, "arrival_ts": 1758718356614}
{"action": "send", "src": "AS-N115", "dst": "AN-N98", "hlc": {"phys": 1758718368081, "cnt": 0, "node": "AS-N115"}, "package_id": "PKG18356", "payload": {"status": "IN_TRANSIT"}, "sent_ts": 1758718356931, "arrival_ts": 1758718356931}
{"action": "send", "src": "AS-N115", "dst": "AN-N98", "hlc": {"phys": 1758718368313, "cnt": 0, "node": "AS-N115"}, "package_id": "PKG18356", "payload": {"status": "RECEIVED"}, "sent_ts": 1758718357163, "arrival_ts": 1758718357163}
{"action": "send", "src": "AS-N115", "dst": "AN-N98", "hlc": {"phys": 1758718368608, "cnt": 0, "node": "AS-N115"}, "package_id": "PKG18356", "payload": {"status": "DELIVERED"}, "sent_ts": 1758718357458, "arrival_ts": 1758718357458}
{"action": "send", "src": "AS-N115", "dst": "AF-N113", "hlc": {"phys": 1758741663626, "cnt": 0, "node": "AS-N115"}, "package_id": "PKG41652", "payload": {"status": "CREATED"}, "sent_ts": 1758741652476, "arrival_ts": 1758741652476}
{"action": "send", "src": "AS-N115", "dst": "AF-N113", "hlc": {"phys": 1758741663891, "cnt": 0, "node": "AS-N115"}, "package_id": "PKG41652", "payload": {"status": "SENT"}, "sent_ts": 1758741652741, "arrival_ts": 1758741652741}
{"action": "send", "src": "AS-N115", "dst": "AF-N113", "hlc": {"phys": 1758741664250, "cnt": 0, "node": "AS-N115"}, "package_id": "PKG41652", "payload": {"status": "IN_TRANSIT"}, "sent_ts": 1758741653100, "arrival_ts": 1758741653100}
{"action": "send", "src": "AS-N115", "dst": "AF-N113", "hlc": {"phys": 1758741664597, "cnt": 0, "node": "AS-N115"}, "package_id": "PKG41652", "payload": {"status": "RECEIVED"}, "sent_ts": 1758741653447, "arrival_ts": 1758741653447}
{"action": "send", "src": "AS-N115", "dst": "AF-N113", "hlc": {"phys": 1758741664975, "cnt": 0, "node": "AS-N115"}, "package_id": "PKG41652", "payload": {"status": "DELIVERED"}, "sent_ts": 1758741653825, "arrival_ts": 1758741653825}
{"action": "recv", "src": "NA-N2", "dst": "AS-N115", "hlc": {"phys": 1758741700418, "cnt": 0, "node": "NA-N2"}, "package_id": "PKG41700", "payload": {"status": "CREATED"}, "sent_ts": 1758741700398, "arrival_ts": 1758741700438}
{"action": "recv", "src": "NA-N2", "dst": "AS-N115", "hlc": {"phys": 1758741700668, "cnt": 0, "node": "NA-N2"}, "package_id": "PKG41700", "payload": {"status": "SENT"}, "sent_ts": 1758741700648, "arrival_ts": 1758741700840}
{"action": "recv", "src": "NA-N2", "dst": "AS-N115", "hlc": {"phys": 1758741701054, "cnt": 0, "node": "NA-N2"}, "package_id": "PKG41700", "payload": {"status": "IN_TRANSIT"}, "sent_ts": 1758741701034, "arrival_ts": 1758741701184}
{"action": "recv", "src": "NA-N2", "dst": "AS-N115", "hlc": {"phys": 1758741701425, "cnt": 0, "node": "NA-N2"}, "package_id": "PKG41700", "payload": {"status": "RECEIVED"}, "sent_ts": 1758741701405, "arrival_ts": 1758741701492}
{"action": "recv", "src": "NA-N2", "dst": "AS-N115", "hlc": {"phys": 1758741701717, "cnt": 0, "node": "NA-N2"}, "package_id": "PKG41700", "payload": {"status": "DELIVERED"}, "sent_ts": 1758741701697, "arrival_ts": 1758741701855}
{"action": "send", "src": "AS-N115", "dst": "AU-N68", "hlc": {"phys": 1758742612419, "cnt": 0, "node": "AS-N115"}, "package_id": "PKG42601", "payload": {"status": "CREATED"}, "sent_ts": 1758742601269, "arrival_ts": 1758742601269}
{"action": "send", "src": "AS-N115", "dst": "AU-N68", "hlc": {"phys": 1758742612762, "cnt": 0, "node": "AS-N115"}, "package_id": "PKG42601", "payload": {"status": "SENT"}, "sent_ts": 1758742601612, "arrival_ts": 1758742601612}
{"action": "send", "src": "AS-N115", "dst": "AU-N68", "hlc": {"phys": 1758742613133, "cnt": 0, "node": "AS-N115"}, "package_id": "PKG42601", "payload": {"status": "IN_TRANSIT"}, "sent_ts": 1758742601983, "arrival_ts": 1758742601983}
{"action": "send", "src": "AS-N115", "dst": "AU-N68", "hlc": {"phys": 1758742613490, "cnt": 0, "node": "AS-N115"}, "package_id": "PKG42601", "payload": {"status": "RECEIVED"}, "sent_ts": 1758742602340, "arrival_ts": 1758742602340}
{"action": "send", "src": "AS-N115", "dst": "AU-N68", "hlc": {"phys": 1758742613768, "cnt": 0, "node": "AS-N115"}, "package_id": "PKG42601", "payload": {"status": "DELIVERED"}, "sent_ts": 1758742602618, "arrival_ts": 1758742602618}
{"action": "recv", "src": "NA-N39", "dst": "AS-N115", "hlc": {"phys": 1758744636175, "cnt": 0, "node": "NA-N39"}, "package_id": "PKG44635", "payload": {"status": "CREATED"}, "sent_ts": 1758744635785, "arrival_ts": 1758744635910}
{"action": "recv", "src": "NA-N39", "dst": "AS-N115", "hlc": {"phys": 1758744636501, "cnt": 0, "node": "NA-N39"}, "package_id": "PKG44635", "payload": {"status": "SENT"}, "sent_ts": 1758744636111, "arrival_ts": 1758744636281}
{"action": "recv", "src": "NA-N39", "dst": "AS-N115", "hlc": {"phys": 1758744636872, "cnt": 0, "node": "NA-N39"}, "package_id": "PKG44635", "payload": {"status": "IN_TRANSIT"}, "sent_ts": 1758744636482, "arrival_ts": 1758744636591}
{"action": "recv", "src": "NA-N39", "dst": "AS-N115", "hlc": {"phys": 1758744637184, "cnt": 0, "node": "NA-N39"}, "package_id": "PKG44635", "payload": {"status": "RECEIVED"}, "sent_ts": 1758744636794, "arrival_ts": 1758744636861}
{"action": "recv", "src": "NA-N39", "dst": "AS-N115", "hlc": {"phys": 1758744637463, "cnt": 0, "node": "NA-N39"}, "package_id": "PKG44635", "payload": {"status": "DELIVERED"}, "sent_ts": 1758744637073, "arrival_ts": 1758744637180}
{"action": "send", "src": "AS-N115", "dst": "EU-N169", "hlc": {"phys": 1758745323995, "cnt": 0, "node": "AS-N115"}, "package_id": "PKG45312", "payload": {"status": "CREATED"}, "sent_ts": 1758745312845, "arrival_ts": 1758745312845}
{"action": "send", "src": "AS-N115", "dst": "EU-N169", "hlc": {"phys": 1758745324397, "cnt": 0, "node": "AS-N115"}, "package_id": "PKG45312", "payload": {"status": "SENT"}, "sent_ts": 1758745313247, "arrival_ts": 1758745313247}
{"action": "send", "src": "AS-N115", "dst": "EU-N169", "hlc": {"phys": 1758745324802, "cnt": 0, "node": "AS-N115"}, "package_id": "PKG45312", "payload": {"status": "IN_TRANSIT"}, "sent_ts": 1758745313652, "arrival_ts": 1758745313652}
{"action": "send", "src": "AS-N115", "dst": "EU-N169", "hlc": {"phys": 1758745325099, "cnt": 0, "node": "AS-N115"}, "package_id": "PKG45312", "payload": {"status": "RECEIVED"}, "sent_ts": 1758745313949, "arrival_ts": 1758745313949}
{"action": "send", "src": "AS-N115", "dst": "EU-N169", "hlc": {"phys": 1758745325478, "cnt": 0, "node": "AS-N115"}, "package_id": "PKG45312", "payload": {"status": "DELIVERED"}, "sent_ts": 1758745314328, "arrival_ts": 1758745314328}
{"action": "recv", "src": "SA-N76", "dst": "AS-N115", "hlc": {"phys": 1758745922288, "cnt": 0, "node": "SA-N76"}, "package_id": "PKG45901", "payload": {"status": "CREATED"}, "sent_ts": 1758745901528, "arrival_ts": 1758745901553}
{"action": "recv", "src": "SA-N76", "dst": "AS-N115", "hlc": {"phys": 1758745922513, "cnt": 0, "node": "SA-N76"}, "package_id": "PKG45901", "payload": {"status": "SENT"}, "sent_ts": 1758745901753, "arrival_ts": 1758745901894}
{"action": "recv", "src": "SA-N76", "dst": "AS-N115", "hlc": {"phys": 1758745922879, "cnt": 0, "node": "SA-N76"}, "package_id": "PKG45901", "payload": {"status": "IN_TRANSIT"}, "sent_ts": 1758745902119, "arrival_ts": 1758745902225}
{"action": "recv", "src": "SA-N76", "dst": "AS-N115", "hlc": {"phys": 1758745923222, "cnt": 0, "node": "SA-N76"}, "package_id": "PKG45901", "payload": {"status": "RECEIVED"}, "sent_ts": 1758745902462, "arrival_ts": 1758745902500}
{"action": "recv", "src": "SA-N76", "dst": "AS-N115", "hlc": {"phys": 1758745923471, "cnt": 0, "node": "SA-N76"}, "package_id": "PKG45901", "payload": {"status": "DELIVERED"}, "sent_ts": 1758745902711, "arrival_ts": 1758745902815}
{"action": "recv", "src": "SA-N177", "dst": "AS-N115", "hlc": {"phys": 1758746121692, "cnt": 0, "node": "SA-N177"}, "package_id": "PKG46099", "payload": {"status": "CREATED"}, "sent_ts": 1758746099922, "arrival_ts": 1758746099948}
{"action": "recv", "src": "SA-N177", "dst": "AS-N115", "hlc": {"phys": 1758746121909, "cnt": 0, "node": "SA-N177"}, "package_id": "PKG46099", "payload": {"status": "SENT"}, "sent_ts": 1758746100139, "arrival_ts": 1758746100337}
{"action": "recv", "src": "SA-N177", "dst": "AS-N115", "hlc": {"phys": 1758746122306, "cnt": 0, "node": "SA-N177"}, "package_id": "PKG46099", "payload": {"status": "IN_TRANSIT"}, "sent_ts": 1758746100536, "arrival_ts": 1758746100697}
{"action": "recv", "src": "SA-N177", "dst": "AS-N115", "hlc": {"phys": 1758746122660, "cnt": 0, "node": "SA-N177"}, "package_id": "PKG46099", "payload": {"status": "RECEIVED"}, "sent_ts": 1758746100890, "arrival_ts": 1758746100973}
{"action": "recv", "src": "SA-N177", "dst": "AS-N115", "hlc": {"phys": 1758746122955, "cnt": 0, "node": "SA-N177"}, "package_id": "PKG46099", "payload": {"status": "DELIVERED"}, "sent_ts": 1758746101185, "arrival_ts": 1758746101233}
{"action": "send", "src": "AS-N115", "dst": "AS-N100", "hlc": {"phys": 1758747381584, "cnt": 0, "node": "AS-N115"}, "package_id": "PKG47370", "payload": {"status": "CREATED"}, "sent_ts": 1758747370434, "arrival_ts": 1758747370434}
{"action": "send", "src": "AS-N115", "dst": "AS-N100", "hlc": {"phys": 1758747381989, "cnt": 0, "node": "AS-N115"}, "package_id": "PKG47370", "payload": {"status": "SENT"}, "sent_ts": 1758747370839, "arrival_ts": 1758747370839}
{"action": "send", "src": "AS-N115", "dst": "AS-N100", "hlc": {"phys": 1758747382273, "cnt": 0, "node": "AS-N115"}, "package_id": "PKG47370", "payload": {"status": "IN_TRANSIT"}, "sent_ts": 1758747371123, "arrival_ts": 1758747371123}
{"action": "send", "src": "AS-N115", "dst": "AS-N100", "hlc": {"phys": 1758747382685, "cnt": 0, "node": "AS-N115"}, "package_id": "PKG47370", "payload": {"status": "RECEIVED"}, "sent_ts": 1758747371535, "arrival_ts": 1758747371535}
{"action": "send", "src": "AS-N115", "dst": "AS-N100", "hlc": {"phys": 1758747383109, "cnt": 0, "node": "AS-N115"}, "package_id": "PKG47370", "payload": {"status": "DELIVERED"}, "sent_ts": 1758747371959, "arrival_ts": 1758747371959}
{"action": "send", "src": "AS-N115", "dst": "AS-N13", "hlc": {"phys": 1758752586321, "cnt": 0, "node": "AS-N115"}, "package_id": "PKG52575", "payload": {"status": "CREATED"}, "sent_ts": 1758752575171, "arrival_ts": 1758752575171}
{"action": "send", "src": "AS-N115", "dst": "AS-N13", "hlc": {"phys": 1758752586606, "cnt": 0, "node": "AS-N115"}, "package_id": "PKG52575", "payload": {"status": "SENT"}, "sent_ts": 1758752575456, "arrival_ts": 1758752575457}
{"action": "send", "src": "AS-N115", "dst": "AS-N13", "hlc": {"phys": 1758752586864, "cnt": 0, "node": "AS-N115"}, "package_id": "PKG52575", "payload": {"status": "IN_TRANSIT"}, "sent_ts": 1758752575714, "arrival_ts": 1758752575714}
{"action": "send", "src": "AS-N115", "dst": "AS-N13", "hlc": {"phys": 1758752587132, "cnt": 0, "node": "AS-N115"}, "package_id": "PKG52575", "payload": {"status": "RECEIVED"}, "sent_ts": 1758752575982, "arrival_ts": 1758752575982}
{"action": "send", "src": "AS-N115", "dst": "AS-N13", "hlc": {"phys": 1758752587407, "cnt": 0, "node": "AS-N115"}, "package_id": "PKG52575", "payload": {"status": "DELIVERED"}, "sent_ts": 1758752576257, "arrival_ts": 1758752576257}
{"action": "recv", "src": "AS-N158", "dst": "AS-N115", "hlc": {"phys": 1758758316711, "cnt": 0, "node": "AS-N158"}, "package_id": "PKG58305", "payload": {"status": "CREATED"}, "sent_ts": 1758758305131, "arrival_ts": 1758758305275}
{"action": "recv", "src": "AS-N158", "dst": "AS-N115", "hlc": {"phys": 1758758317063, "cnt": 0, "node": "AS-N158"}, "package_id": "PKG58305", "payload": {"status": "SENT"}, "sent_ts": 1758758305483, "arrival_ts": 1758758305506}
{"action": "recv", "src": "AS-N158", "dst": "AS-N115", "hlc": {"phys": 1758758317301, "cnt": 0, "node": "AS-N158"}, "package_id": "PKG58305", "payload": {"status": "IN_TRANSIT"}, "sent_ts": 1758758305721, "arrival_ts": 1758758305791}
{"action": "recv", "src": "AS-N158", "dst": "AS-N115", "hlc": {"phys": 1758758317571, "cnt": 0, "node": "AS-N158"}, "package_id": "PKG58305", "payload": {"status": "RECEIVED"}, "sent_ts": 1758758305991, "arrival_ts": 1758758306082}
{"action": "recv", "src": "AS-N158", "dst": "AS-N115", "hlc": {"phys": 1758758317875, "cnt": 0, "node": "AS-N158"}, "package_id": "PKG58305", "payload": {"status": "DELIVERED"}, "sent_ts": 1758758306295, "arrival_ts": 1758758306321}
{"action": "send", "src": "AS-N115", "dst": "SA-N83", "hlc": {"phys": 1758760210587, "cnt": 0, "node": "AS-N115"}, "package_id": "PKG60199", "payload": {"status": "CREATED"}, "sent_ts": 1758760199437, "arrival_ts": 1758760199437}
{"action": "send", "src": "AS-N115", "dst": "SA-N83", "hlc": {"phys": 1758760210850, "cnt": 0, "node": "AS-N115"}, "package_id": "PKG60199", "payload": {"status": "SENT"}, "sent_ts": 1758760199700, "arrival_ts": 1758760199700}
{"action": "send", "src": "AS-N115", "dst": "SA-N83", "hlc": {"phys": 1758760211131, "cnt": 0, "node": "AS-N115"}, "package_id": "PKG60199", "payload": {"status": "IN_TRANSIT"}, "sent_ts": 1758760199981, "arrival_ts": 1758760199981}
{"action": "send", "src": "AS-N115", "dst": "SA-N83", "hlc": {"phys": 1758760211425, "cnt": 0, "node": "AS-N115"}, "package_id": "PKG60199", "payload": {"status": "RECEIVED"}, "sent_ts": 1758760200275, "arrival_ts": 1758760200275}
{"action": "send", "src": "AS-N115", "dst": "SA-N83", "hlc": {"phys": 1758760211671, "cnt": 0, "node": "AS-N115"}, "package_id": "PKG60199", "payload": {"status": "DELIVERED"}, "sent_ts": 1758760200521, "arrival_ts": 1758760200521}
{"action": "recv", "src": "AN-N60", "dst": "AS-N115", "hlc": {"phys": 1758762135463, "cnt": 0, "node": "AN-N60"}, "package_id": "PKG62104", "payload": {"status": "CREATED"}, "sent_ts": 1758762104863, "arrival_ts": 1758762104931}
{"action": "recv", "src": "AN-N60", "dst": "AS-N115", "hlc": {"phys": 1758762135745, "cnt": 0, "node": "AN-N60"}, "package_id": "PKG62104", "payload": {"status": "SENT"}, "sent_ts": 1758762105145, "arrival_ts": 1758762105342}
{"action": "recv", "src": "AN-N60", "dst": "AS-N115", "hlc": {"phys": 1758762136140, "cnt": 0, "node": "AN-N60"}, "package_id": "PKG62104", "payload": {"status": "IN_TRANSIT"}, "sent_ts": 1758762105540, "arrival_ts": 1758762105731}
{"action": "recv", "src": "AN-N60", "dst": "AS-N115", "hlc": {"phys": 1758762136537, "cnt": 0, "node": "AN-N60"}, "package_id": "PKG62104", "payload": {"status": "RECEIVED"}, "sent_ts": 1758762105937, "arrival_ts": 1758762105965}
{"action": "recv", "src": "AN-N60", "dst": "AS-N115", "hlc": {"phys": 1758762136747, "cnt": 0, "node": "AN-N60"}, "package_id": "PKG62104", "payload": {"status": "DELIVERED"}, "sent_ts": 1758762106147, "arrival_ts": 1758762106316}
{"action": "send", "src": "AS-N115", "dst": "AU-N120", "hlc": {"phys": 1758762505377, "cnt": 0, "node": "AS-N115"}, "package_id": "PKG62494", "payload": {"status": "CREATED"}, "sent_ts": 1758762494227, "arrival_ts": 1758762494227}
{"action": "send", "src": "AS-N115", "dst": "AU-N120", "hlc": {"phys": 1758762505763, "cnt": 0, "node": "AS-N115"}, "package_id": "PKG62494", "payload": {"status": "SENT"}, "sent_ts": 1758762494613, "arrival_ts": 1758762494613}
{"action": "send", "src": "AS-N115", "dst": "AU-N120", "hlc": {"phys": 1758762506033, "cnt": 0, "node": "AS-N115"}, "package_id": "PKG62494", "payload": {"status": "IN_TRANSIT"}, "sent_ts": 1758762494883, "arrival_ts": 1758762494883}
{"action": "send", "src": "AS-N115", "dst": "AU-N120", "hlc": {"phys": 1758762506402, "cnt": 0, "node": "AS-N115"}, "package_id": "PKG62494", "payload": {"status": "RECEIVED"}, "sent_ts": 1758762495252, "arrival_ts": 1758762495252}
{"action": "send", "src": "AS-N115", "dst": "AU-N120", "hlc": {"phys": 1758762506747, "cnt": 0, "node": "AS-N115"}, "package_id": "PKG62494", "payload": {"status": "DELIVERED"}, "sent_ts": 1758762495597, "arrival_ts": 1758762495597}
{"action": "send", "src": "AS-N115", "dst": "SA-N157", "hlc": {"phys": 1758762657771, "cnt": 0, "node": "AS-N115"}, "package_id": "PKG62646", "payload": {"status": "CREATED"}, "sent_ts": 1758762646621, "arrival_ts": 1758762646621}
{"action": "send", "src": "AS-N115", "dst": "SA-N157", "hlc": {"phys": 1758762658083, "cnt": 0, "node": "AS-N115"}, "package_id": "PKG62646", "payload": {"status": "SENT"}, "sent_ts": 1758762646933, "arrival_ts": 1758762646933}
{"action": "send", "src": "AS-N115", "dst": "SA-N157", "hlc": {"phys": 1758762658456, "cnt": 0, "node": "AS-N115"}, "package_id": "PKG62646", "payload": {"status": "IN_TRANSIT"}, "sent_ts": 1758762647306, "arrival_ts": 1758762647306}
{"action": "send", "src": "AS-N115", "dst": "SA-N157", "hlc": {"phys": 1758762658811, "cnt": 0, "node": "AS-N115"}, "package_id": "PKG62646", "payload": {"status": "RECEIVED"}, "sent_ts": 1758762647661, "arrival_ts": 1758762647661}
{"action": "send", "src": "AS-N115", "dst": "SA-N157", "hlc": {"phys": 1758762659177, "cnt": 0, "node": "AS-N115"}, "package_id": "PKG62646", "payload": {"status": "DELIVERED"}, "sent_ts": 1758762648027, "arrival_ts": 1758762648027}
{"action": "send", "src": "AS-N115", "dst": "AU-N107", "hlc": {"phys": 1758763370628, "cnt": 0, "node": "AS-N115"}, "package_id": "PKG63359", "payload": {"status": "CREATED"}, "sent_ts": 1758763359478, "arrival_ts": 1758763359478}
{"action": "send", "src": "AS-N115", "dst": "AU-N107", "hlc": {"phys": 1758763370953, "cnt": 0, "node": "AS-N115"}, "package_id": "PKG63359", "payload": {"status": "SENT"}, "sent_ts": 1758763359803, "arrival_ts": 1758763359803}
{"action": "send", "src": "AS-N115", "dst": "AU-N107", "hlc": {"phys": 1758763371353, "cnt": 0, "node": "AS-N115"}, "package_id": "PKG63359", "payload": {"status": "IN_TRANSIT"}, "sent_ts": 1758763360203, "arrival_ts": 1758763360203}
{"action": "send", "src": "AS-N115", "dst": "AU-N107", "hlc": {"phys": 1758763371740, "cnt": 0, "node": "AS-N115"}, "package_id": "PKG63359", "payload": {"status": "RECEIVED"}, "sent_ts": 1758763360590, "arrival_ts": 1758763360590}
{"action": "send", "src": "AS-N115", "dst": "AU-N107", "hlc": {"phys": 1758763372005, "cnt": 0, "node": "AS-N115"}, "package_id": "PKG63359", "payload": {"status": "DELIVERED"}, "sent_ts": 1758763360855, "arrival_ts": 1758763360855}
{"action": "recv", "src": "SA-N103", "dst": "AS-N115", "hlc": {"phys": 1758763600519, "cnt": 0, "node": "SA-N103"}, "package_id": "PKG63579", "payload": {"status": "CREATED"}, "sent_ts": 1758763579489, "arrival_ts": 1758763579652}
{"action": "recv", "src": "SA-N103", "dst": "AS-N115", "hlc": {"phys": 1758763600875, "cnt": 0, "node": "SA-N103"}, "package_id": "PKG63579", "payload": {"status": "SENT"}, "sent_ts": 1758763579845, "arrival_ts": 1758763579931}
{"action": "recv", "src": "SA-N103", "dst": "AS-N115", "hlc": {"phys": 1758763601156, "cnt": 0, "node": "SA-N103"}, "package_id": "PKG63579", "payload": {"status": "IN_TRANSIT"}, "sent_ts": 1758763580126, "arrival_ts": 1758763580176}
{"action": "recv", "src": "SA-N103", "dst": "AS-N115", "hlc": {"phys": 1758763601419, "cnt": 0, "node": "SA-N103"}, "package_id": "PKG63579", "payload": {"status": "RECEIVED"}, "sent_ts": 1758763580389, "arrival_ts": 1758763580543}
{"action": "recv", "src": "SA-N103", "dst": "AS-N115", "hlc": {"phys": 1758763601775, "cnt": 0, "node": "SA-N103"}, "package_id": "PKG63579", "payload": {"status": "DELIVERED"}, "sent_ts": 1758763580745, "arrival_ts": 1758763580893}
{"action": "send", "src": "AS-N115", "dst": "NA-N141", "hlc": {"phys": 1758765465160, "cnt": 0, "node": "AS-N115"}, "package_id": "PKG65454", "payload": {"status": "CREATED"}, "sent_ts": 1758765454010, "arrival_ts": 1758765454010}
{"action": "send", "src": "AS-N115", "dst": "NA-N141", "hlc": {"phys": 1758765465550, "cnt": 0, "node": "AS-N115"}, "package_id": "PKG65454", "payload": {"status": "SENT"}, "sent_ts": 1758765454400, "arrival_ts": 1758765454400}
{"action": "send", "src": "AS-N115", "dst": "NA-N141", "hlc": {"phys": 1758765465858, "cnt": 0, "node": "AS-N115"}, "package_id": "PKG65454", "payload": {"status": "IN_TRANSIT"}, "sent_ts": 1758765454708, "arrival_ts": 1758765454708}
{"action": "send", "src": "AS-N115", "dst": "NA-N141", "hlc": {"phys": 1758765466278, "cnt": 0, "node": "AS-N115"}, "package_id": "PKG65454", "payload": {"status": "RECEIVED"}, "sent_ts": 1758765455128, "arrival_ts": 1758765455128}
{"action": "send", "src": "AS-N115", "dst": "NA-N141", "hlc": {"phys": 1758765466642, "cnt": 0, "node": "AS-N115"}, "package_id": "PKG65454", "payload": {"status": "DELIVERED"}, "sent_ts": 1758765455492, "arrival_ts": 1758765455492}
{"action": "recv", "src": "SA-N104", "dst": "AS-N115", "hlc": {"phys": 1758801319976, "cnt": 0, "node": "SA-N104"}, "package_id": "PKG1298", "payload": {"status": "CREATED"}, "sent_ts": 1758801298936, "arrival_ts": 1758801299106}
{"action": "recv", "src": "SA-N104", "dst": "AS-N115", "hlc": {"phys": 1758801320373, "cnt": 0, "node": "SA-N104"}, "package_id": "PKG1298", "payload": {"status": "SENT"}, "sent_ts": 1758801299333, "arrival_ts": 1758801299479}
{"action": "recv", "src": "SA-N104", "dst": "AS-N115", "hlc": {"phys": 1758801320726, "cnt": 0, "node": "SA-N104"}, "package_id": "PKG1298", "payload": {"status": "IN_TRANSIT"}, "sent_ts": 1758801299686, "arrival_ts": 1758801299873}
{"action": "recv", "src": "SA-N104", "dst": "AS-N115", "hlc": {"phys": 1758801321109, "cnt": 0, "node": "SA-N104"}, "package_id": "PKG1298", "payload": {"status": "RECEIVED"}, "sent_ts": 1758801300069, "arrival_ts": 1758801300168}
{"action": "recv", "src": "SA-N104", "dst": "AS-N115", "hlc": {"phys": 1758801321414, "cnt": 0, "node": "SA-N104"}, "package_id": "PKG1298", "payload": {"status": "DELIVERED"}, "sent_ts": 1758801300374, "arrival_ts": 1758801300446}
{"action": "send", "src": "AS-N115", "dst": "AU-N121", "hlc": {"phys": 1758805874938, "cnt": 0, "node": "AS-N115"}, "package_id": "PKG5863", "payload": {"status": "CREATED"}, "sent_ts": 1758805863788, "arrival_ts": 1758805863788}
{"action": "send", "src": "AS-N115", "dst": "AU-N121", "hlc": {"phys": 1758805875203, "cnt": 0, "node": "AS-N115"}, "package_id": "PKG5863", "payload": {"status": "SENT"}, "sent_ts": 1758805864053, "arrival_ts": 1758805864053}
{"action": "send", "src": "AS-N115", "dst": "AU-N121", "hlc": {"phys": 1758805875544, "cnt": 0, "node": "AS-N115"}, "package_id": "PKG5863", "payload": {"status": "IN_TRANSIT"}, "sent_ts": 1758805864394, "arrival_ts": 1758805864394}
{"action": "send", "src": "AS-N115", "dst": "AU-N121", "hlc": {"phys": 1758805875868, "cnt": 0, "node": "AS-N115"}, "package_id": "PKG5863", "payload": {"status": "RECEIVED"}, "sent_ts": 1758805864718, "arrival_ts": 1758805864718}
{"action": "send", "src": "AS-N115", "dst": "AU-N121", "hlc": {"phys": 1758805876178, "cnt": 0, "node": "AS-N115"}, "package_id": "PKG5863", "payload": {"status": "DELIVERED"}, "sent_ts": 1758805865028, "arrival_ts": 1758805865028}
{"action": "send", "src": "AS-N115", "dst": "AU-N118", "hlc": {"phys": 1758809568489, "cnt": 0, "node": "AS-N115"}, "package_id": "PKG9557", "payload": {"status": "CREATED"}, "sent_ts": 1758809557339, "arrival_ts": 1758809557339}
{"action": "send", "src": "AS-N115", "dst": "AU-N118", "hlc": {"phys": 1758809568721, "cnt": 0, "node": "AS-N115"}, "package_id": "PKG9557", "payload": {"status": "SENT"}, "sent_ts": 1758809557571, "arrival_ts": 1758809557571}
{"action": "send", "src": "AS-N115", "dst": "AU-N118", "hlc": {"phys": 1758809568984, "cnt": 0, "node": "AS-N115"}, "package_id": "PKG9557", "payload": {"status": "IN_TRANSIT"}, "sent_ts": 1758809557834, "arrival_ts": 1758809557834}
{"action": "send", "src": "AS-N115", "dst": "AU-N118", "hlc": {"phys": 1758809569309, "cnt": 0, "node": "AS-N115"}, "package_id": "PKG9557", "payload": {"status": "RECEIVED"}, "sent_ts": 1758809558159, "arrival_ts": 1758809558159}
{"action": "send", "src": "AS-N115", "dst": "AU-N118", "hlc": {"phys": 1758809569650, "cnt": 0, "node": "AS-N115"}, "package_id": "PKG9557", "payload": {"status": "DELIVERED"}, "sent_ts": 1758809558500, "arrival_ts": 1758809558500}
{"action": "send", "src": "AS-N115", "dst": "SA-N156", "hlc": {"phys": 1758810553757, "cnt": 0, "node": "AS-N115"}, "package_id": "PKG10542", "payload": {"status": "CREATED"}, "sent_ts": 1758810542607, "arrival_ts": 1758810542607}
{"action": "send", "src": "AS-N115", "dst": "SA-N156", "hlc": {"phys": 1758810553974, "cnt": 0, "node": "AS-N115"}, "package_id": "PKG10542", "payload": {"status": "SENT"}, "sent_ts": 1758810542824, "arrival_ts": 1758810542824}
{"action": "send", "src": "AS-N115", "dst": "SA-N156", "hlc": {"phys": 1758810554377, "cnt": 0, "node": "AS-N115"}, "package_id": "PKG10542", "payload": {"status": "IN_TRANSIT"}, "sent_ts": 1758810543227, "arrival_ts": 1758810543227}
{"action": "send", "src": "AS-N115", "dst": "SA-N156", "hlc": {"phys": 1758810554657, "cnt": 0, "node": "AS-N115"}, "package_id": "PKG10542", "payload": {"status": "RECEIVED"}, "sent_ts": 1758810543507, "arrival_ts": 1758810543507}
{"action": "send", "src": "AS-N115", "dst": "SA-N156", "hlc": {"phys": 1758810555032, "cnt": 0, "node": "AS-N115"}, "package_id": "PKG10542", "payload": {"status": "DELIVERED"}, "sent_ts": 1758810543882, "arrival_ts": 1758810543882}
{"action": "recv", "src": "SA-N167", "dst": "AS-N115", "hlc": {"phys": 1758814205285, "cnt": 0, "node": "SA-N167"}, "package_id": "PKG14183", "payload": {"status": "CREATED"}, "sent_ts": 1758814183615, "arrival_ts": 1758814183747}
{"action": "recv", "src": "SA-N167", "dst": "AS-N115", "hlc": {"phys": 1758814205612, "cnt": 0, "node": "SA-N167"}, "package_id": "PKG14183", "payload": {"status": "SENT"}, "sent_ts": 1758814183942, "arrival_ts": 1758814183997}
{"action": "recv", "src": "SA-N167", "dst": "AS-N115", "hlc": {"phys": 1758814205864, "cnt": 0, "node": "SA-N167"}, "package_id": "PKG14183", "payload": {"status": "IN_TRANSIT"}, "sent_ts": 1758814184194, "arrival_ts": 1758814184342}
{"action": "recv", "src": "SA-N167", "dst": "AS-N115", "hlc": {"phys": 1758814206205, "cnt": 0, "node": "SA-N167"}, "package_id": "PKG14183", "payload": {"status": "RECEIVED"}, "sent_ts": 1758814184535, "arrival_ts": 1758814184670}
{"action": "recv", "src": "SA-N167", "dst": "AS-N115", "hlc": {"phys": 1758814206530, "cnt": 0, "node": "SA-N167"}, "package_id": "PKG14183", "payload": {"status": "DELIVERED"}, "sent_ts": 1758814184860, "arrival_ts": 1758814184956}
{"action": "recv", "src": "SA-N21", "dst": "AS-N115", "hlc": {"phys": 1758814587949, "cnt": 0, "node": "SA-N21"}, "package_id": "PKG14567", "payload": {"status": "CREATED"}, "sent_ts": 1758814567739, "arrival_ts": 1758814567771}
{"action": "recv", "src": "SA-N21", "dst": "AS-N115", "hlc": {"phys": 1758814588182, "cnt": 0, "node": "SA-N21"}, "package_id": "PKG14567", "payload": {"status": "SENT"}, "sent_ts": 1758814567972, "arrival_ts": 1758814568112}
{"action": "recv", "src": "SA-N21", "dst": "AS-N115", "hlc": {"phys": 1758814588524, "cnt": 0, "node": "SA-N21"}, "package_id": "PKG14567", "payload": {"status": "IN_TRANSIT"}, "sent_ts": 1758814568314, "arrival_ts": 1758814568504}
{"action": "recv", "src": "SA-N21", "dst": "AS-N115", "hlc": {"phys": 1758814588913, "cnt": 0, "node": "SA-N21"}, "package_id": "PKG14567", "payload": {"status": "RECEIVED"}, "sent_ts": 1758814568703, "arrival_ts": 1758814568819}
{"action": "recv", "src": "SA-N21", "dst": "AS-N115", "hlc": {"phys": 1758814589237, "cnt": 0, "node": "SA-N21"}, "package_id": "PKG14567", "payload": {"status": "DELIVERED"}, "sent_ts": 1758814569027, "arrival_ts": 1758814569202}
{"action": "recv", "src": "NA-N46", "dst": "AS-N115", "hlc": {"phys": 1758814778835, "cnt": 0, "node": "NA-N46"}, "package_id": "PKG14778", "payload": {"status": "CREATED"}, "sent_ts": 1758814778375, "arrival_ts": 1758814778562}
{"action": "recv", "src": "NA-N46", "dst": "AS-N115", "hlc": {"phys": 1758814779238, "cnt": 0, "node": "NA-N46"}, "package_id": "PKG14778", "payload": {"status": "SENT"}, "sent_ts": 1758814778778, "arrival_ts": 1758814778876}
{"action": "recv", "src": "NA-N46", "dst": "AS-N115", "hlc": {"phys": 1758814779547, "cnt": 0, "node": "NA-N46"}, "package_id": "PKG14778", "payload": {"status": "IN_TRANSIT"}, "sent_ts": 1758814779087, "arrival_ts": 1758814779275}
{"action": "recv", "src": "NA-N46", "dst": "AS-N115", "hlc": {"phys": 1758814779936, "cnt": 0, "node": "NA-N46"}, "package_id": "PKG14778", "payload": {"status": "RECEIVED"}, "sent_ts": 1758814779476, "arrival_ts": 1758814779528}
{"action": "recv", "src": "NA-N46", "dst": "AS-N115", "hlc": {"phys": 1758814780184, "cnt": 0, "node": "NA-N46"}, "package_id": "PKG14778", "payload": {"status": "DELIVERED"}, "sent_ts": 1758814779724, "arrival_ts": 1758814779906}
