{"action": "recv", "src": "AF-N136", "dst": "AS-N194", "hlc": {"phys": 1758713710904, "cnt": 0, "node": "AF-N136"}, "package_id": "PKG13694", "payload": {"status": "CREATED"}, "sent_ts": 1758713694544, "arrival_ts": 1758713694686}
{"action": "recv", "src": "AF-N136", "dst": "AS-N194", "hlc": {"phys": 1758713711243, "cnt": 0, "node": "AF-N136"}, "package_id": "PKG13694", "payload": {"status": "SENT"}, "sent_ts": 1758713694883, "arrival_ts": 1758713695043}
{"action": "recv", "src": "AF-N136", "dst": "AS-N194", "hlc": {"phys": 1758713711607, "cnt": 0, "node": "AF-N136"}, "package_id": "PKG13694", "payload": {"status": "IN_TRANSIT"}, "sent_ts": 1758713695247, "arrival_ts": 1758713695406}
{"action": "recv", "src": "AF-N136", "dst": "AS-N194", "hlc": {"phys": 1758713711984, "cnt": 0, "node": "AF-N136"}, "package_id": "PKG13694", "payload": {"status": "RECEIVED"}, "sent_ts": 1758713695624, "arrival_ts": 1758713695823}
{"action": "recv", "src": "AF-N136", "dst": "AS-N194", "hlc": {"phys": 1758713712389, "cnt": 0, "node": "AF-N136"}, "package_id": "PKG13694", "payload": {"status": "DELIVERED"}, "sent_ts": 1758713696029, "arrival_ts": 1758713696167}
{"action": "send", "src": "AS-N194", "dst": "AF-N61", "hlc": {"phys": 1758739016856, "cnt": 0, "node": "AS-N194"}, "package_id": "PKG39004", "payload": {"status": "CREATED"}, "sent_ts": 1758739004916, "arrival_ts": 1758739004916}
{"action": "send", "src": "AS-N194", "dst": "AF-N61", "hlc": {"phys": 1758739017216, "cnt": 0, "node": "AS-N194"}, "package_id": "PKG39004", "payload": {"status": "SENT"}, "sent_ts": 1758739005276, "arrival_ts": 1758739005276}
{"action": "send", "src": "AS-N194", "dst": "AF-N61", "hlc": {"phys": 1758739017612, "cnt": 0, "node": "AS-N194"}, "package_id": "PKG39004", "payload": {"status": "IN_TRANSIT"}, "sent_ts": 1758739005672, "arrival_ts": 1758739005672}
{"action": "send", "src": "AS-N194", "dst": "AF-N61", "hlc": {"phys": 1758739017872, "cnt": 0, "node": "AS-N194"}, "package_id": "PKG39004", "payload": {"status": "RECEIVED"}, "sent_ts": 1758739005932, "arrival_ts": 1758739005932}
{"action": "send", "src": "AS-N194", "dst": "AF-N61", "hlc": {"phys": 1758739018271, "cnt": 0, "node": "AS-N194"}, "package_id": "PKG39004", "payload": {"status": "DELIVERED"}, "sent_ts": 1758739006331, "arrival_ts": 1758739006331}
{"action": "send", "src": "AS-N194", "dst": "AU-N12", "hlc": {"phys": 1758743495622, "cnt": 0, "node": "AS-N194"}, "package_id": "PKG43483", "payload": {"status": "CREATED"}, "sent_ts": 1758743483682, "arrival_ts": 1758743483682}
{"action": "send", "src": "AS-N194", "dst": "AU-N12", "hlc": {"phys": 1758743496009, "cnt": 0, "node": "AS-N194"}, "package_id": "PKG43483", "payload": {"status": "SENT"}, "sent_ts": 1758743484069, "arrival_ts": 1758743484069}
{"action": "send", "src": "AS-N194", "dst": "AU-N12", "hlc": {"phys": 1758743496228, "cnt": 0, "node": "AS-N194"}, "package_id": "PKG43483", "payload": {"status": "IN_TRANSIT"}, "sent_ts": 1758743484288, "arrival_ts": 1758743484288}
{"action": "send", "src": "AS-N194", "dst": "AU-N12", "hlc": {"phys": 1758743496566, "cnt": 0, "node": "AS-N194"}, "package_id": "PKG43483", "payload": {"status": "RECEIVED"}, "sent_ts": 1758743484626, "arrival_ts": 1758743484626}
{"action": "send", "src": "AS-N194", "dst": "AU-N12", "hlc": {"phys": 1758743496909, "cnt": 0, "node": "AS-N194"}, "package_id": "PKG43483", "payload": {"status": "DELIVERED"}, "sent_ts": 1758743484969, "arrival_ts": 1758743484969}
{"action": "send", "src": "AS-N194", "dst": "AN-N159", "hlc": {"phys": 1758745571234, "cnt": 0, "node": "AS-N194"}, "package_id": "PKG45559", "payload": {"status": "CREATED"}, "sent_ts": 1758745559294, "arrival_ts": 1758745559294}
{"action": "send", "src": "AS-N194", "dst": "AN-N159", "hlc": {"phys": 1758745571499, "cnt": 0, "node": "AS-N194"}, "package_id": "PKG45559", "payload": {"status": "SENT"}, "sent_ts": 1758745559559, "arrival_ts": 1758745559559}
{"action": "send", "src": "AS-N194", "dst": "AN-N159", "hlc": {"phys": 1758745571824, "cnt": 0, "node": "AS-N194"}, "package_id": "PKG45559", "payload": {"status": "IN_TRANSIT"}, "sent_ts": 1758745559884, "arrival_ts": 1758745559884}
{"action": "send", "src": "AS-N194", "dst": "AN-N159", "hlc": {"phys": 1758745572118, "cnt": 0, "node": "AS-N194"}, "package_id": "PKG45559", "payload": {"status": "RECEIVED"}, "sent_ts": 1758745560178, "arrival_ts": 1758745560178}
{"action": "send", "src": "AS-N194", "dst": "AN-N159", "hlc": {"phys": 1758745572399, "cnt": 0, "node": "AS-N194"}, "package_id": "PKG45559", "payload": {"status": "DELIVERED"}, "sent_ts": 1758745560459, "arrival_ts": 1758745560459}
{"action": "recv", "src": "SA-N137", "dst": "AS-N194", "hlc": {"phys": 1758746271038, "cnt": 0, "node": "SA-N137"}, "package_id": "PKG46249", "payload": {"status": "CREATED"}, "sent_ts": 1758746249668, "arrival_ts": 1758746249726}
{"action": "recv", "src": "SA-N137", "dst": "AS-N194", "hlc": {"phys": 1758746271312, "cnt": 0, "node": "SA-N137"}, "package_id": "PKG46249", "payload": {"status": "SENT"}, "sent_ts": 1758746249942, "arrival_ts": 1758746250075}
{"action": "recv", "src": "SA-N137", "dst": "AS-N194", "hlc": {"phys": 1758746271663, "cnt": 0, "node": "SA-N137"}, "package_id": "PKG46249", "payload": {"status": "IN_TRANSIT"}, "sent_ts": 1758746250293, "arrival_ts": 1758746250448}
{"action": "recv", "src": "SA-N137", "dst": "AS-N194", "hlc": {"phys": 1758746272014, "cnt": 0, "node": "SA-N137"}, "package_id": "PKG46249", "payload": {"status": "RECEIVED"}, "sent_ts": 1758746250644, "arrival_ts": 1758746250689}
{"action": "recv", "src": "SA-N137", "dst": "AS-N194", "hlc": {"phys": 1758746272272, "cnt": 0, "node": "SA-N137"}, "package_id": "PKG46249", "payload": {"status": "DELIVERED"}, "sent_ts": 1758746250901, "arrival_ts": 1758746250982}
{"action": "recv", "src": "EU-N179", "dst": "AS-N194", "hlc": {"phys": 1758748285132, "cnt": 0, "node": "EU-N179"}, "package_id": "PKG48278", "payload": {"status": "CREATED"}, "sent_ts": 1758748278342, "arrival_ts": 1758748278409}
{"action": "recv", "src": "EU-N179", "dst": "AS-N194", "hlc": {"phys": 1758748285408, "cnt": 0, "node": "EU-N179"}, "package_id": "PKG48278", "payload": {"status": "SENT"}, "sent_ts": 1758748278618, "arrival_ts": 1758748278684}
{"action": "recv", "src": "EU-N179", "dst": "AS-N194", "hlc": {"phys": 1758748285674, "cnt": 0, "node": "EU-N179"}, "package_id": "PKG48278", "payload": {"status": "IN_TRANSIT"}, "sent_ts": 1758748278884, "arrival_ts": 1758748278972}
{"action": "recv", "src": "EU-N179", "dst": "AS-N194", "hlc": {"phys": 1758748285967, "cnt": 0, "node": "EU-N179"}, "package_id": "PKG48278", "payload": {"status": "RECEIVED"}, "sent_ts": 1758748279177, "arrival_ts": 1758748279326}
{"action": "recv", "src": "EU-N179", "dst": "AS-N194", "hlc": {"phys": 1758748286325, "cnt": 0, "node": "EU-N179"}, "package_id": "PKG48278", "payload": {"status": "DELIVERED"}, "sent_ts": 1758748279535, "arrival_ts": 1758748279698}
{"action": "send", "src": "AS-N194", "dst": "EU-N190", "hlc": {"phys": 1758749903071, "cnt": 0, "node": "AS-N194"}, "package_id": "PKG49891", "payload": {"status": "CREATED"}, "sent_ts": 1758749891131, "arrival_ts": 1758749891131}
{"action": "send", "src": "AS-N194", "dst": "EU-N190", "hlc": {"phys": 1758749903303, "cnt": 0, "node": "AS-N194"}, "package_id": "PKG49891", "payload": {"status": "SENT"}, "sent_ts": 1758749891363, "arrival_ts": 1758749891363}
{"action": "send", "src": "AS-N194", "dst": "EU-N190", "hlc": {"phys": 1758749903584, "cnt": 0, "node": "AS-N194"}, "package_id": "PKG49891", "payload": {"status": "IN_TRANSIT"}, "sent_ts": 1758749891644, "arrival_ts": 1758749891644}
{"action": "send", "src": "AS-N194", "dst": "EU-N190", "hlc": {"phys": 1758749903848, "cnt": 0, "node": "AS-N194"}, "package_id": "PKG49891", "payload": {"status": "RECEIVED"}, "sent_ts": 1758749891908, "arrival_ts": 1758749891908}
{"action": "send", "src": "AS-N194", "dst": "EU-N190", "hlc": {"phys": 1758749904082, "cnt": 0, "node": "AS-N194"}, "package_id": "PKG49891", "payload": {"status": "DELIVERED"}, "sent_ts": 1758749892142, "arrival_ts": 1758749892142}
{"action": "send", "src": "AS-N194", "dst": "SA-N66", "hlc": {"phys": 1758750428818, "cnt": 0, "node": "AS-N194"}, "package_id": "PKG50416", "payload": {"status": "CREATED"}, "sent_ts": 1758750416878, "arrival_ts": 1758750416878}
{"action": "send", "src": "AS-N194", "dst": "SA-N66", "hlc": {"phys": 1758750429034, "cnt": 0, "node": "AS-N194"}, "package_id": "PKG50416", "payload": {"status": "SENT"}, "sent_ts": 1758750417094, "arrival_ts": 1758750417094}
{"action": "send", "src": "AS-N194", "dst": "SA-N66", "hlc": {"phys": 1758750429407, "cnt": 0, "node": "AS-N194"}, "package_id": "PKG50416", "payload": {"status": "IN_TRANSIT"}, "sent_ts": 1758750417467, "arrival_ts": 1758750417467}
{"action": "send", "src": "AS-N194", "dst": "SA-N66", "hlc": {"phys": 1758750429794, "cnt": 0, "node": "AS-N194"}, "package_id": "PKG50416", "payload": {"status": "RECEIVED"}, "sent_ts": 1758750417854, "arrival_ts": 1758750417854}
{"action": "send", "src": "AS-N194", "dst": "SA-N66", "hlc": {"phys": 1758750430074, "cnt": 0, "node": "AS-N194"}, "package_id": "PKG50416", "payload": {"status": "DELIVERED"}, "sent_ts": 1758750418134, "arrival_ts": 1758750418134}
{"action": "recv", "src": "AF-N140", "dst": "AS-N194", "hlc": {"phys": 1758752438823, "cnt": 0, "node": "AF-N140"}, "package_id": "PKG52422", "payload": {"status": "CREATED"}, "sent_ts": 1758752422423, "arrival_ts": 1758752422580}
{"action": "recv", "src": "AF-N140", "dst": "AS-N194", "hlc": {"phys": 1758752439193, "cnt": 0, "node": "AF-N140"}, "package_id": "PKG52422", "payload": {"status": "SENT"}, "sent_ts": 1758752422793, "arrival_ts": 1758752422813}
{"action": "recv", "src": "AF-N140", "dst": "AS-N194", "hlc": {"phys": 1758752439421, "cnt": 0, "node": "AF-N140"}, "package_id": "PKG52422", "payload": {"status": "IN_TRANSIT"}, "sent_ts": 1758752423021, "arrival_ts": 1758752423115}
{"action": "recv", "src": "AF-N140", "dst": "AS-N194", "hlc": {"phys": 1758752439732, "cnt": 0, "node": "AF-N140"}, "package_id": "PKG52422", "payload": {"status": "RECEIVED"}, "sent_ts": 1758752423332, "arrival_ts": 1758752423483}
{"action": "recv", "src": "AF-N140", "dst": "AS-N194", "hlc": {"phys": 1758752440093, "cnt": 0, "node": "AF-N140"}, "package_id": "PKG52422", "payload": {"status": "DELIVERED"}, "sent_ts": 1758752423693, "arrival_ts": 1758752423895}
{"action": "send", "src": "AS-N194", "dst": "AU-N116", "hlc": {"phys": 1758752536124, "cnt": 0, "node": "AS-N194"}, "package_id": "PKG52524", "payload": {"status": "CREATED"}, "sent_ts": 1758752524184, "arrival_ts": 1758752524184}
{"action": "send", "src": "AS-N194", "dst": "AU-N116", "hlc": {"phys": 1758752536497, "cnt": 0, "node": "AS-N194"}, "package_id": "PKG52524", "payload": {"status": "SENT"}, "sent_ts": 1758752524557, "arrival_ts": 1758752524557}
{"action": "send", "src": "AS-N194", "dst": "AU-N116", "hlc": {"phys": 1758752536898, "cnt": 0, "node": "AS-N194"}, "package_id": "PKG52524", "payload": {"status": "IN_TRANSIT"}, "sent_ts": 1758752524958, "arrival_ts": 1758752524958}
{"action": "send", "src": "AS-N194", "dst": "AU-N116", "hlc": {"phys": 1758752537138, "cnt": 0, "node": "AS-N194"}, "package_id": "PKG52524", "payload": {"status": "RECEIVED"}, "sent_ts": 1758752525198, "arrival_ts": 1758752525198}
{"action": "send", "src": "AS-N194", "dst": "AU-N116", "hlc": {"phys": 1758752537362, "cnt": 0, "node": "AS-N194"}, "package_id": "PKG52524", "payload": {"status": "DELIVERED"}, "sent_ts": 1758752525422, "arrival_ts": 1758752525422}
{"action": "send", "src": "AS-N194", "dst": "SA-N189", "hlc": {"phys": 1758758884255, "cnt": 0, "node": "AS-N194"}, "package_id": "PKG58872", "payload": {"status": "CREATED"}, "sent_ts": 1758758872315, "arrival_ts": 1758758872315}
{"action": "send", "src": "AS-N194", "dst": "SA-N189", "hlc": {"phys": 1758758884652, "cnt": 0, "node": "AS-N194"}, "package_id": "PKG58872", "payload": {"status": "SENT"}, "sent_ts": 1758758872712, "arrival_ts": 1758758872712}
{"action": "send", "src": "AS-N194", "dst": "SA-N189", "hlc": {"phys": 1758758885025, "cnt": 0, "node": "AS-N194"}, "package_id": "PKG58872", "payload": {"status": "IN_TRANSIT"}, "sent_ts": 1758758873085, "arrival_ts": 1758758873085}
{"action": "send", "src": "AS-N194", "dst": "SA-N189", "hlc": {"phys": 1758758885360, "cnt": 0, "node": "AS-N194"}, "package_id": "PKG58872", "payload": {"status": "RECEIVED"}, "sent_ts": 1758758873420, "arrival_ts": 1758758873420}
{"action": "send", "src": "AS-N194", "dst": "SA-N189", "hlc": {"phys": 1758758885572, "cnt": 0, "node": "AS-N194"}, "package_id": "PKG58872", "payload": {"status": "DELIVERED"}, "sent_ts": 1758758873632, "arrival_ts": 1758758873632}
{"action": "recv", "src": "AU-N102", "dst": "AS-N194", "hlc": {"phys": 1758758983355, "cnt": 0, "node": "AU-N102"}, "package_id": "PKG58957", "payload": {"status": "CREATED"}, "sent_ts": 1758758957335, "arrival_ts": 1758758957359}
{"action": "recv", "src": "AU-N102", "dst": "AS-N194", "hlc": {"phys": 1758758983573, "cnt": 0, "node": "AU-N102"}, "package_id": "PKG58957", "payload": {"status": "SENT"}, "sent_ts": 1758758957553, "arrival_ts": 1758758957584}
{"action": "recv", "src": "AU-N102", "dst": "AS-N194", "hlc": {"phys": 1758758983811, "cnt": 0, "node": "AU-N102"}, "package_id": "PKG58957", "payload": {"status": "IN_TRANSIT"}, "sent_ts": 1758758957791, "arrival_ts": 1758758957906}
{"action": "recv", "src": "AU-N102", "dst": "AS-N194", "hlc": {"phys": 1758758984139, "cnt": 0, "node": "AU-N102"}, "package_id": "PKG58957", "payload": {"status": "RECEIVED"}, "sent_ts": 1758758958119, "arrival_ts": 1758758958209}
{"action": "recv", "src": "AU-N102", "dst": "AS-N194", "hlc": {"phys": 1758758984442, "cnt": 0, "node": "AU-N102"}, "package_id": "PKG58957", "payload": {"status": "DELIVERED"}, "sent_ts": 1758758958422, "arrival_ts": 1758758958512}
{"action": "recv", "src": "AF-N100", "dst": "AS-N194", "hlc": {"phys": 1758759652010, "cnt": 0, "node": "AF-N100"}, "package_id": "PKG59636", "payload": {"status": "CREATED"}, "sent_ts": 1758759636010, "arrival_ts": 1758759636168}
{"action": "recv", "src": "AF-N100", "dst": "AS-N194", "hlc": {"phys": 1758759652365, "cnt": 0, "node": "AF-N100"}, "package_id": "PKG59636", "payload": {"status": "SENT"}, "sent_ts": 1758759636365, "arrival_ts": 1758759636429}
{"action": "recv", "src": "AF-N100", "dst": "AS-N194", "hlc": {"phys": 1758759652626, "cnt": 0, "node": "AF-N100"}, "package_id": "PKG59636", "payload": {"status": "IN_TRANSIT"}, "sent_ts": 1758759636626, "arrival_ts": 1758759636707}
{"action": "recv", "src": "AF-N100", "dst": "AS-N194", "hlc": {"phys": 1758759652910, "cnt": 0, "node": "AF-N100"}, "package_id": "PKG59636", "payload": {"status": "RECEIVED"}, "sent_ts": 1758759636910, "arrival_ts": 1758759637005}
{"action": "recv", "src": "AF-N100", "dst": "AS-N194", "hlc": {"phys": 1758759653215, "cnt": 0, "node": "AF-N100"}, "package_id": "PKG59636", "payload": {"status": "DELIVERED"}, "sent_ts": 1758759637215, "arrival_ts": 1758759637275}
{"action": "send", "src": "AS-N194", "dst": "SA-N122", "hlc": {"phys": 1758762016646, "cnt": 0, "node": "AS-N194"}, "package_id": "PKG62004", "payload": {"status": "CREATED"}, "sent_ts": 1758762004706, "arrival_ts": 1758762004706}
{"action": "send", "src": "AS-N194", "dst": "SA-N122", "hlc": {"phys": 1758762017065, "cnt": 0, "node": "AS-N194"}, "package_id": "PKG62004", "payload": {"status": "SENT"}, "sent_ts": 1758762005125, "arrival_ts": 1758762005125}
{"action": "send", "src": "AS-N194", "dst": "SA-N122", "hlc": {"phys": 1758762017347, "cnt": 0, "node": "AS-N194"}, "package_id": "PKG62004", "payload": {"status": "IN_TRANSIT"}, "sent_ts": 1758762005407, "arrival_ts": 1758762005407}
{"action": "send", "src": "AS-N194", "dst": "SA-N122", "hlc": {"phys": 1758762017685, "cnt": 0, "node": "AS-N194"}, "package_id": "PKG62004", "payload": {"status": "RECEIVED"}, "sent_ts": 1758762005745, "arrival_ts": 1758762005745}
{"action": "send", "src": "AS-N194", "dst": "SA-N122", "hlc": {"phys": 1758762017946, "cnt": 0, "node": "AS-N194"}, "package_id": "PKG62004", "payload": {"status": "DELIVERED"}, "sent_ts": 1758762006006, "arrival_ts": 1758762006006}
{"action": "send", "src": "AS-N194", "dst": "AS-N177", "hlc": {"phys": 1758765050214, "cnt": 0, "node": "AS-N194"}, "package_id": "PKG65038", "payload": {"status": "CREATED"}, "sent_ts": 1758765038274, "arrival_ts": 1758765038274}
{"action": "send", "src": "AS-N194", "dst": "AS-N177", "hlc": {"phys": 1758765050529, "cnt": 0, "node": "AS-N194"}, "package_id": "PKG65038", "payload": {"status": "SENT"}, "sent_ts": 1758765038589, "arrival_ts": 1758765038589}
{"action": "send", "src": "AS-N194", "dst": "AS-N177", "hlc": {"phys": 1758765050738, "cnt": 0, "node": "AS-N194"}, "package_id": "PKG65038", "payload": {"status": "IN_TRANSIT"}, "sent_ts": 1758765038798, "arrival_ts": 1758765038798}
{"action": "send", "src": "AS-N194", "dst": "AS-N177", "hlc": {"phys": 1758765051087, "cnt": 0, "node": "AS-N194"}, "package_id": "PKG65038", "payload": {"status": "RECEIVED"}, "sent_ts": 1758765039147, "arrival_ts": 1758765039147}
{"action": "send", "src": "AS-N194", "dst": "AS-N177", "hlc": {"phys": 1758765051326, "cnt": 0, "node": "AS-N194"}, "package_id": "PKG65038", "payload": {"status": "DELIVERED"}, "sent_ts": 1758765039386, "arrival_ts": 1758765039386}
{"action": "send", "src": "AS-N194", "dst": "AU-N163", "hlc": {"phys": 1758813995554, "cnt": 0, "node": "AS-N194"}, "package_id": "PKG13983", "payload": {"status": "CREATED"}, "sent_ts": 1758813983614, "arrival_ts": 1758813983614}
{"action": "send", "src": "AS-N194", "dst": "AU-N163", "hlc": {"phys": 1758813995863, "cnt": 0, "node": "AS-N194"}, "package_id": "PKG13983", "payload": {"status": "SENT"}, "sent_ts": 1758813983923, "arrival_ts": 1758813983923}
{"action": "send", "src": "AS-N194", "dst": "AU-N163", "hlc": {"phys": 1758813996082, "cnt": 0, "node": "AS-N194"}, "package_id": "PKG13983", "payload": {"status": "IN_TRANSIT"}, "sent_ts": 1758813984142, "arrival_ts": 1758813984142}
{"action": "send", "src": "AS-N194", "dst": "AU-N163", "hlc": {"phys": 1758813996317, "cnt": 0, "node": "AS-N194"}, "package_id": "PKG13983", "payload": {"status": "RECEIVED"}, "sent_ts": 1758813984377, "arrival_ts": 1758813984377}
{"action": "send", "src": "AS-N194", "dst": "AU-N163", "hlc": {"phys": 1758813996596, "cnt": 0, "node": "AS-N194"}, "package_id": "PKG13983", "payload": {"status": "DELIVERED"}, "sent_ts": 1758813984656, "arrival_ts": 1758813984656}
{"action": "send", "src": "AS-N194", "dst": "AU-N44", "hlc": {"phys": 1758815538981, "cnt": 0, "node": "AS-N194"}, "package_id": "PKG15527", "payload": {"status": "CREATED"}, "sent_ts": 1758815527041, "arrival_ts": 1758815527041}
{"action": "send", "src": "AS-N194", "dst": "AU-N44", "hlc": {"phys": 1758815539279, "cnt": 0, "node": "AS-N194"}, "package_id": "PKG15527", "payload": {"status": "SENT"}, "sent_ts": 1758815527339, "arrival_ts": 1758815527339}
{"action": "send", "src": "AS-N194", "dst": "AU-N44", "hlc": {"phys": 1758815539682, "cnt": 0, "node": "AS-N194"}, "package_id": "PKG15527", "payload": {"status": "IN_TRANSIT"}, "sent_ts": 1758815527742, "arrival_ts": 1758815527742}
{"action": "send", "src": "AS-N194", "dst": "AU-N44", "hlc": {"phys": 1758815540006, "cnt": 0, "node": "AS-N194"}, "package_id": "PKG15527", "payload": {"status": "RECEIVED"}, "sent_ts": 1758815528066, "arrival_ts": 1758815528066}
{"action": "send", "src": "AS-N194", "dst": "AU-N44", "hlc": {"phys": 1758815540331, "cnt": 0, "node": "AS-N194"}, "package_id": "PKG15527", "payload": {"status": "DELIVERED"}, "sent_ts": 1758815528391, "arrival_ts": 1758815528391}
