{"action": "recv", "src": "SA-N77", "dst": "AS-N9", "hlc": {"phys": 1758713531088, "cnt": 0, "node": "SA-N77"}, "package_id": "PKG13510", "payload": {"status": "CREATED"}, "sent_ts": 1758713510318, "arrival_ts": 1758713510447}
{"action": "recv", "src": "SA-N77", "dst": "AS-N9", "hlc": {"phys": 1758713531422, "cnt": 0, "node": "SA-N77"}, "package_id": "PKG13510", "payload": {"status": "SENT"}, "sent_ts": 1758713510652, "arrival_ts": 1758713510818}
{"action": "recv", "src": "SA-N77", "dst": "AS-N9", "hlc": {"phys": 1758713531791, "cnt": 0, "node": "SA-N77"}, "package_id": "PKG13510", "payload": {"status": "IN_TRANSIT"}, "sent_ts": 1758713511021, "arrival_ts": 1758713511103}
{"action": "recv", "src": "SA-N77", "dst": "AS-N9", "hlc": {"phys": 1758713532085, "cnt": 0, "node": "SA-N77"}, "package_id": "PKG13510", "payload": {"status": "RECEIVED"}, "sent_ts": 1758713511315, "arrival_ts": 1758713511349}
{"action": "recv", "src": "SA-N77", "dst": "AS-N9", "hlc": {"phys": 1758713532328, "cnt": 0, "node": "SA-N77"}, "package_id": "PKG13510", "payload": {"status": "DELIVERED"}, "sent_ts": 1758713511558, "arrival_ts": 1758713511636}
{"action": "recv", "src": "NA-N60", "dst": "AS-N9", "hlc": {"phys": 1758716647221, "cnt": 0, "node": "NA-N60"}, "package_id": "PKG16646", "payload": {"status": "CREATED"}, "sent_ts": 1758716646621, "arrival_ts": 1758716646798}
{"action": "recv", "src": "NA-N60", "dst": "AS-N9", "hlc": {"phys": 1758716647609, "cnt": 0, "node": "NA-N60"}, "package_id": "PKG16646", "payload": {"status": "SENT"}, "sent_ts": 1758716647009, "arrival_ts": 1758716647058}
{"action": "recv", "src": "NA-N60", "dst": "AS-N9", "hlc": {"phys": 1758716647855, "cnt": 0, "node": "NA-N60"}, "package_id": "PKG16646", "payload": {"status": "IN_TRANSIT"}, "sent_ts": 1758716647255, "arrival_ts": 1758716647325}
{"action": "recv", "src": "NA-N60", "dst": "AS-N9", "hlc": {"phys": 1758716648119, "cnt": 0, "node": "NA-N60"}, "package_id": "PKG16646", "payload": {"status": "RECEIVED"}, "sent_ts": 1758716647519, "arrival_ts": 1758716647683}
{"action": "recv", "src": "NA-N60", "dst": "AS-N9", "hlc": {"phys": 1758716648494, "cnt": 0, "node": "NA-N60"}, "package_id": "PKG16646", "payload": {"status": "DELIVERED"}, "sent_ts": 1758716647894, "arrival_ts": 1758716647960}
{"action": "send", "src": "AS-N9", "dst": "NA-N71", "hlc": {"phys": 1758716740468, "cnt": 0, "node": "AS-N9"}, "package_id": "PKG16730", "payload": {"status": "CREATED"}, "sent_ts": 1758716730378, "arrival_ts": 1758716730378}
{"action": "send", "src": "AS-N9", "dst": "NA-N71", "hlc": {"phys": 1758716740775, "cnt": 0, "node": "AS-N9"}, "package_id": "PKG16730", "payload": {"status": "SENT"}, "sent_ts": 1758716730685, "arrival_ts": 1758716730685}
{"action": "send", "src": "AS-N9", "dst": "NA-N71", "hlc": {"phys": 1758716741006, "cnt": 0, "node": "AS-N9"}, "package_id": "PKG16730", "payload": {"status": "IN_TRANSIT"}, "sent_ts": 1758716730916, "arrival_ts": 1758716730916}
{"action": "send", "src": "AS-N9", "dst": "NA-N71", "hlc": {"phys": 1758716741349, "cnt": 0, "node": "AS-N9"}, "package_id": "PKG16730", "payload": {"status": "RECEIVED"}, "sent_ts": 1758716731259, "arrival_ts": 1758716731259}
{"action": "send", "src": "AS-N9", "dst": "NA-N71", "hlc": {"phys": 1758716741629, "cnt": 0, "node": "AS-N9"}, "package_id": "PKG16730", "payload": {"status": "DELIVERED"}, "sent_ts": 1758716731539, "arrival_ts": 1758716731539}
{"action": "send", "src": "AS-N9", "dst": "AS-N58", "hlc": {"phys": 1758718183589, "cnt": 0, "node": "AS-N9"}, "package_id": "PKG18173", "payload": {"status": "CREATED"}, "sent_ts": 1758718173499, "arrival_ts": 1758718173499}
{"action": "send", "src": "AS-N9", "dst": "AS-N58", "hlc": {"phys": 1758718183901, "cnt": 0, "node": "AS-N9"}, "package_id": "PKG18173", "payload": {"status": "SENT"}, "sent_ts": 1758718173811, "arrival_ts": 1758718173811}
{"action": "send", "src": "AS-N9", "dst": "AS-N58", "hlc": {"phys": 1758718184178, "cnt": 0, "node": "AS-N9"}, "package_id": "PKG18173", "payload": {"status": "IN_TRANSIT"}, "sent_ts": 1758718174088, "arrival_ts": 1758718174088}
{"action": "send", "src": "AS-N9", "dst": "AS-N58", "hlc": {"phys": 1758718184458, "cnt": 0, "node": "AS-N9"}, "package_id": "PKG18173", "payload": {"status": "RECEIVED"}, "sent_ts": 1758718174367, "arrival_ts": 1758718174368}
{"action": "send", "src": "AS-N9", "dst": "AS-N58", "hlc": {"phys": 1758718184761, "cnt": 0, "node": "AS-N9"}, "package_id": "PKG18173", "payload": {"status": "DELIVERED"}, "sent_ts": 1758718174671, "arrival_ts": 1758718174671}
{"action": "recv", "src": "EU-N155", "dst": "AS-N9", "hlc": {"phys": 1758719566740, "cnt": 0, "node": "EU-N155"}, "package_id": "PKG19560", "payload": {"status": "CREATED"}, "sent_ts": 1758719560190, "arrival_ts": 1758719560284}
{"action": "recv", "src": "EU-N155", "dst": "AS-N9", "hlc": {"phys": 1758719567038, "cnt": 0, "node": "EU-N155"}, "package_id": "PKG19560", "payload": {"status": "SENT"}, "sent_ts": 1758719560488, "arrival_ts": 1758719560605}
{"action": "recv", "src": "EU-N155", "dst": "AS-N9", "hlc": {"phys": 1758719567367, "cnt": 0, "node": "EU-N155"}, "package_id": "PKG19560", "payload": {"status": "IN_TRANSIT"}, "sent_ts": 1758719560817, "arrival_ts": 1758719560921}
{"action": "recv", "src": "EU-N155", "dst": "AS-N9", "hlc": {"phys": 1758719567685, "cnt": 0, "node": "EU-N155"}, "package_id": "PKG19560", "payload": {"status": "RECEIVED"}, "sent_ts": 1758719561135, "arrival_ts": 1758719561336}
{"action": "recv", "src": "EU-N155", "dst": "AS-N9", "hlc": {"phys": 1758719568094, "cnt": 0, "node": "EU-N155"}, "package_id": "PKG19560", "payload": {"status": "DELIVERED"}, "sent_ts": 1758719561544, "arrival_ts": 1758719561674}
{"action": "send", "src": "AS-N9", "dst": "EU-N27", "hlc": {"phys": 1758742554502, "cnt": 0, "node": "AS-N9"}, "package_id": "PKG42544", "payload": {"status": "CREATED"}, "sent_ts": 1758742544412, "arrival_ts": 1758742544412}
{"action": "send", "src": "AS-N9", "dst": "EU-N27", "hlc": {"phys": 1758742554735, "cnt": 0, "node": "AS-N9"}, "package_id": "PKG42544", "payload": {"status": "SENT"}, "sent_ts": 1758742544645, "arrival_ts": 1758742544645}
{"action": "send", "src": "AS-N9", "dst": "EU-N27", "hlc": {"phys": 1758742554982, "cnt": 0, "node": "AS-N9"}, "package_id": "PKG42544", "payload": {"status": "IN_TRANSIT"}, "sent_ts": 1758742544892, "arrival_ts": 1758742544892}
{"action": "send", "src": "AS-N9", "dst": "EU-N27", "hlc": {"phys": 1758742555336, "cnt": 0, "node": "AS-N9"}, "package_id": "PKG42544", "payload": {"status": "RECEIVED"}, "sent_ts": 1758742545246, "arrival_ts": 1758742545246}
{"action": "send", "src": "AS-N9", "dst": "EU-N27", "hlc": {"phys": 1758742555663, "cnt": 0, "node": "AS-N9"}, "package_id": "PKG42544", "payload": {"status": "DELIVERED"}, "sent_ts": 1758742545573, "arrival_ts": 1758742545573}
{"action": "recv", "src": "EU-N48", "dst": "AS-N9", "hlc": {"phys": 1758743517484, "cnt": 0, "node": "EU-N48"}, "package_id": "PKG43512", "payload": {"status": "CREATED"}, "sent_ts": 1758743512004, "arrival_ts": 1758743512163}
{"action": "recv", "src": "EU-N48", "dst": "AS-N9", "hlc": {"phys": 1758743517840, "cnt": 0, "node": "EU-N48"}, "package_id": "PKG43512", "payload": {"status": "SENT"}, "sent_ts": 1758743512360, "arrival_ts": 1758743512556}
{"action": "recv", "src": "EU-N48", "dst": "AS-N9", "hlc": {"phys": 1758743518242, "cnt": 0, "node": "EU-N48"}, "package_id": "PKG43512", "payload": {"status": "IN_TRANSIT"}, "sent_ts": 1758743512762, "arrival_ts": 1758743512860}
{"action": "recv", "src": "EU-N48", "dst": "AS-N9", "hlc": {"phys": 1758743518551, "cnt": 0, "node": "EU-N48"}, "package_id": "PKG43512", "payload": {"status": "RECEIVED"}, "sent_ts": 1758743513071, "arrival_ts": 1758743513196}
{"action": "recv", "src": "EU-N48", "dst": "AS-N9", "hlc": {"phys": 1758743518872, "cnt": 0, "node": "EU-N48"}, "package_id": "PKG43512", "payload": {"status": "DELIVERED"}, "sent_ts": 1758743513392, "arrival_ts": 1758743513508}
{"action": "recv", "src": "SA-N151", "dst": "AS-N9", "hlc": {"phys": 1758743940847, "cnt": 0, "node": "SA-N151"}, "package_id": "PKG43919", "payload": {"status": "CREATED"}, "sent_ts": 1758743919337, "arrival_ts": 1758743919473}
{"action": "recv", "src": "SA-N151", "dst": "AS-N9", "hlc": {"phys": 1758743941184, "cnt": 0, "node": "SA-N151"}, "package_id": "PKG43919", "payload": {"status": "SENT"}, "sent_ts": 1758743919674, "arrival_ts": 1758743919780}
{"action": "recv", "src": "SA-N151", "dst": "AS-N9", "hlc": {"phys": 1758743941493, "cnt": 0, "node": "SA-N151"}, "package_id": "PKG43919", "payload": {"status": "IN_TRANSIT"}, "sent_ts": 1758743919983, "arrival_ts": 1758743920152}
{"action": "recv", "src": "SA-N151", "dst": "AS-N9", "hlc": {"phys": 1758743941863, "cnt": 0, "node": "SA-N151"}, "package_id": "PKG43919", "payload": {"status": "RECEIVED"}, "sent_ts": 1758743920353, "arrival_ts": 1758743920496}
{"action": "recv", "src": "SA-N151", "dst": "AS-N9", "hlc": {"phys": 1758743942205, "cnt": 0, "node": "SA-N151"}, "package_id": "PKG43919", "payload": {"status": "DELIVERED"}, "sent_ts": 1758743920695, "arrival_ts": 1758743920815}
{"action": "recv", "src": "AS-N83", "dst": "AS-N9", "hlc": {"phys": 1758744615456, "cnt": 0, "node": "AS-N83"}, "package_id": "PKG44604", "payload": {"status": "CREATED"}, "sent_ts": 1758744604626, "arrival_ts": 1758744604665}
{"action": "recv", "src": "AS-N83", "dst": "AS-N9", "hlc": {"phys": 1758744615689, "cnt": 0, "node": "AS-N83"}, "package_id": "PKG44604", "payload": {"status": "SENT"}, "sent_ts": 1758744604859, "arrival_ts": 1758744605006}
{"action": "recv", "src": "AS-N83", "dst": "AS-N9", "hlc": {"phys": 1758744616046, "cnt": 0, "node": "AS-N83"}, "package_id": "PKG44604", "payload": {"status": "IN_TRANSIT"}, "sent_ts": 1758744605216, "arrival_ts": 1758744605287}
{"action": "recv", "src": "AS-N83", "dst": "AS-N9", "hlc": {"phys": 1758744616322, "cnt": 0, "node": "AS-N83"}, "package_id": "PKG44604", "payload": {"status": "RECEIVED"}, "sent_ts": 1758744605492, "arrival_ts": 1758744605553}
{"action": "recv", "src": "AS-N83", "dst": "AS-N9", "hlc": {"phys": 1758744616587, "cnt": 0, "node": "AS-N83"}, "package_id": "PKG44604", "payload": {"status": "DELIVERED"}, "sent_ts": 1758744605757, "arrival_ts": 1758744605817}
{"action": "recv", "src": "AS-N168", "dst": "AS-N9", "hlc": {"phys": 1758745259133, "cnt": 0, "node": "AS-N168"}, "package_id": "PKG45247", "payload": {"status": "CREATED"}, "sent_ts": 1758745247453, "arrival_ts": 1758745247598}
{"action": "recv", "src": "AS-N168", "dst": "AS-N9", "hlc": {"phys": 1758745259475, "cnt": 0, "node": "AS-N168"}, "package_id": "PKG45247", "payload": {"status": "SENT"}, "sent_ts": 1758745247795, "arrival_ts": 1758745247893}
{"action": "recv", "src": "AS-N168", "dst": "AS-N9", "hlc": {"phys": 1758745259773, "cnt": 0, "node": "AS-N168"}, "package_id": "PKG45247", "payload": {"status": "IN_TRANSIT"}, "sent_ts": 1758745248093, "arrival_ts": 1758745248198}
{"action": "recv", "src": "AS-N168", "dst": "AS-N9", "hlc": {"phys": 1758745260097, "cnt": 0, "node": "AS-N168"}, "package_id": "PKG45247", "payload": {"status": "RECEIVED"}, "sent_ts": 1758745248417, "arrival_ts": 1758745248499}
{"action": "recv", "src": "AS-N168", "dst": "AS-N9", "hlc": {"phys": 1758745260404, "cnt": 0, "node": "AS-N168"}, "package_id": "PKG45247", "payload": {"status": "DELIVERED"}, "sent_ts": 1758745248724, "arrival_ts": 1758745248785}
{"action": "send", "src": "AS-N9", "dst": "EU-N64", "hlc": {"phys": 1758746455746, "cnt": 0, "node": "AS-N9"}, "package_id": "PKG46445", "payload": {"status": "CREATED"}, "sent_ts": 1758746445656, "arrival_ts": 1758746445656}
{"action": "send", "src": "AS-N9", "dst": "EU-N64", "hlc": {"phys": 1758746456063, "cnt": 0, "node": "AS-N9"}, "package_id": "PKG46445", "payload": {"status": "SENT"}, "sent_ts": 1758746445973, "arrival_ts": 1758746445973}
{"action": "send", "src": "AS-N9", "dst": "EU-N64", "hlc": {"phys": 1758746456370, "cnt": 0, "node": "AS-N9"}, "package_id": "PKG46445", "payload": {"status": "IN_TRANSIT"}, "sent_ts": 1758746446280, "arrival_ts": 1758746446280}
{"action": "send", "src": "AS-N9", "dst": "EU-N64", "hlc": {"phys": 1758746456707, "cnt": 0, "node": "AS-N9"}, "package_id": "PKG46445", "payload": {"status": "RECEIVED"}, "sent_ts": 1758746446617, "arrival_ts": 1758746446617}
{"action": "send", "src": "AS-N9", "dst": "EU-N64", "hlc": {"phys": 1758746456977, "cnt": 0, "node": "AS-N9"}, "package_id": "PKG46445", "payload": {"status": "DELIVERED"}, "sent_ts": 1758746446887, "arrival_ts": 1758746446887}
{"action": "send", "src": "AS-N9", "dst": "SA-N199", "hlc": {"phys": 1758749706411, "cnt": 0, "node": "AS-N9"}, "package_id": "PKG49696", "payload": {"status": "CREATED"}, "sent_ts": 1758749696321, "arrival_ts": 1758749696321}
{"action": "send", "src": "AS-N9", "dst": "SA-N199", "hlc": {"phys": 1758749706643, "cnt": 0, "node": "AS-N9"}, "package_id": "PKG49696", "payload": {"status": "SENT"}, "sent_ts": 1758749696553, "arrival_ts": 1758749696553}
{"action": "send", "src": "AS-N9", "dst": "SA-N199", "hlc": {"phys": 1758749707001, "cnt": 0, "node": "AS-N9"}, "package_id": "PKG49696", "payload": {"status": "IN_TRANSIT"}, "sent_ts": 1758749696911, "arrival_ts": 1758749696911}
{"action": "send", "src": "AS-N9", "dst": "SA-N199", "hlc": {"phys": 1758749707369, "cnt": 0, "node": "AS-N9"}, "package_id": "PKG49696", "payload": {"status": "RECEIVED"}, "sent_ts": 1758749697279, "arrival_ts": 1758749697279}
{"action": "send", "src": "AS-N9", "dst": "SA-N199", "hlc": {"phys": 1758749707678, "cnt": 0, "node": "AS-N9"}, "package_id": "PKG49696", "payload": {"status": "DELIVERED"}, "sent_ts": 1758749697588, "arrival_ts": 1758749697588}
{"action": "send", "src": "AS-N9", "dst": "AU-N107", "hlc": {"phys": 1758749992697, "cnt": 0, "node": "AS-N9"}, "package_id": "PKG49982", "payload": {"status": "CREATED"}, "sent_ts": 1758749982607, "arrival_ts": 1758749982607}
{"action": "send", "src": "AS-N9", "dst": "AU-N107", "hlc": {"phys": 1758749993101, "cnt": 0, "node": "AS-N9"}, "package_id": "PKG49982", "payload": {"status": "SENT"}, "sent_ts": 1758749983011, "arrival_ts": 1758749983011}
{"action": "send", "src": "AS-N9", "dst": "AU-N107", "hlc": {"phys": 1758749993347, "cnt": 0, "node": "AS-N9"}, "package_id": "PKG49982", "payload": {"status": "IN_TRANSIT"}, "sent_ts": 1758749983257, "arrival_ts": 1758749983257}
{"action": "send", "src": "AS-N9", "dst": "AU-N107", "hlc": {"phys": 1758749993704, "cnt": 0, "node": "AS-N9"}, "package_id": "PKG49982", "payload": {"status": "RECEIVED"}, "sent_ts": 1758749983614, "arrival_ts": 1758749983614}
{"action": "send", "src": "AS-N9", "dst": "AU-N107", "hlc": {"phys": 1758749993983, "cnt": 0, "node": "AS-N9"}, "package_id": "PKG49982", "payload": {"status": "DELIVERED"}, "sent_ts": 1758749983893, "arrival_ts": 1758749983893}
{"action": "send", "src": "AS-N9", "dst": "AS-N151", "hlc": {"phys": 1758750542508, "cnt": 0, "node": "AS-N9"}, "package_id": "PKG50532", "payload": {"status": "CREATED"}, "sent_ts": 1758750532418, "arrival_ts": 1758750532418}
{"action": "send", "src": "AS-N9", "dst": "AS-N151", "hlc": {"phys": 1758750542898, "cnt": 0, "node": "AS-N9"}, "package_id": "PKG50532", "payload": {"status": "SENT"}, "sent_ts": 1758750532808, "arrival_ts": 1758750532808}
{"action": "send", "src": "AS-N9", "dst": "AS-N151", "hlc": {"phys": 1758750543194, "cnt": 0, "node": "AS-N9"}, "package_id": "PKG50532", "payload": {"status": "IN_TRANSIT"}, "sent_ts": 1758750533104, "arrival_ts": 1758750533104}
{"action": "send", "src": "AS-N9", "dst": "AS-N151", "hlc": {"phys": 1758750543411, "cnt": 0, "node": "AS-N9"}, "package_id": "PKG50532", "payload": {"status": "RECEIVED"}, "sent_ts": 1758750533321, "arrival_ts": 1758750533321}
{"action": "send", "src": "AS-N9", "dst": "AS-N151", "hlc": {"phys": 1758750543716, "cnt": 0, "node": "AS-N9"}, "package_id": "PKG50532", "payload": {"status": "DELIVERED"}, "sent_ts": 1758750533626, "arrival_ts": 1758750533626}
{"action": "recv", "src": "AU-N103", "dst": "AS-N9", "hlc": {"phys": 1758752960652, "cnt": 0, "node": "AU-N103"}, "package_id": "PKG52934", "payload": {"status": "CREATED"}, "sent_ts": 1758752934622, "arrival_ts": 1758752934820}
{"action": "recv", "src": "AU-N103", "dst": "AS-N9", "hlc": {"phys": 1758752961067, "cnt": 0, "node": "AU-N103"}, "package_id": "PKG52934", "payload": {"status": "SENT"}, "sent_ts": 1758752935037, "arrival_ts": 1758752935200}
{"action": "recv", "src": "AU-N103", "dst": "AS-N9", "hlc": {"phys": 1758752961447, "cnt": 0, "node": "AU-N103"}, "package_id": "PKG52934", "payload": {"status": "IN_TRANSIT"}, "sent_ts": 1758752935417, "arrival_ts": 1758752935438}
{"action": "recv", "src": "AU-N103", "dst": "AS-N9", "hlc": {"phys": 1758752961676, "cnt": 0, "node": "AU-N103"}, "package_id": "PKG52934", "payload": {"status": "RECEIVED"}, "sent_ts": 1758752935646, "arrival_ts": 1758752935706}
{"action": "recv", "src": "AU-N103", "dst": "AS-N9", "hlc": {"phys": 1758752961949, "cnt": 0, "node": "AU-N103"}, "package_id": "PKG52934", "payload": {"status": "DELIVERED"}, "sent_ts": 1758752935919, "arrival_ts": 1758752935959}
{"action": "send", "src": "AS-N9", "dst": "SA-N30", "hlc": {"phys": 1758753840128, "cnt": 0, "node": "AS-N9"}, "package_id": "PKG53830", "payload": {"status": "CREATED"}, "sent_ts": 1758753830038, "arrival_ts": 1758753830038}
{"action": "send", "src": "AS-N9", "dst": "SA-N30", "hlc": {"phys": 1758753841251, "cnt": 0, "node": "AS-N9"}, "package_id": "PKG53830", "payload": {"status": "SENT"}, "sent_ts": 1758753831161, "arrival_ts": 1758753831161}
{"action": "send", "src": "AS-N9", "dst": "SA-N30", "hlc": {"phys": 1758753841531, "cnt": 0, "node": "AS-N9"}, "package_id": "PKG53830", "payload": {"status": "IN_TRANSIT"}, "sent_ts": 1758753831441, "arrival_ts": 1758753831441}
{"action": "send", "src": "AS-N9", "dst": "SA-N30", "hlc": {"phys": 1758753841876, "cnt": 0, "node": "AS-N9"}, "package_id": "PKG53830", "payload": {"status": "RECEIVED"}, "sent_ts": 1758753831786, "arrival_ts": 1758753831786}
{"action": "send", "src": "AS-N9", "dst": "SA-N30", "hlc": {"phys": 1758753842191, "cnt": 0, "node": "AS-N9"}, "package_id": "PKG53830", "payload": {"status": "DELIVERED"}, "sent_ts": 1758753832101, "arrival_ts": 1758753832101}
{"action": "send", "src": "AS-N9", "dst": "AS-N4", "hlc": {"phys": 1758754008274, "cnt": 0, "node": "AS-N9"}, "package_id": "PKG53998", "payload": {"status": "CREATED"}, "sent_ts": 1758753998184, "arrival_ts": 1758753998184}
{"action": "send", "src": "AS-N9", "dst": "AS-N4", "hlc": {"phys": 1758754008569, "cnt": 0, "node": "AS-N9"}, "package_id": "PKG53998", "payload": {"status": "SENT"}, "sent_ts": 1758753998479, "arrival_ts": 1758753998479}
{"action": "send", "src": "AS-N9", "dst": "AS-N4", "hlc": {"phys": 1758754008962, "cnt": 0, "node": "AS-N9"}, "package_id": "PKG53998", "payload": {"status": "IN_TRANSIT"}, "sent_ts": 1758753998872, "arrival_ts": 1758753998872}
{"action": "send", "src": "AS-N9", "dst": "AS-N4", "hlc": {"phys": 1758754009189, "cnt": 0, "node": "AS-N9"}, "package_id": "PKG53998", "payload": {"status": "RECEIVED"}, "sent_ts": 1758753999099, "arrival_ts": 1758753999099}
{"action": "send", "src": "AS-N9", "dst": "AS-N4", "hlc": {"phys": 1758754009445, "cnt": 0, "node": "AS-N9"}, "package_id": "PKG53998", "payload": {"status": "DELIVERED"}, "sent_ts": 1758753999355, "arrival_ts": 1758753999355}
{"action": "recv", "src": "AU-N125", "dst": "AS-N9", "hlc": {"phys": 1758754996159, "cnt": 0, "node": "AU-N125"}, "package_id": "PKG54969", "payload": {"status": "CREATED"}, "sent_ts": 1758754969909, "arrival_ts": 1758754970025}
{"action": "recv", "src": "AU-N125", "dst": "AS-N9", "hlc": {"phys": 1758754996486, "cnt": 0, "node": "AU-N125"}, "package_id": "PKG54969", "payload": {"status": "SENT"}, "sent_ts": 1758754970236, "arrival_ts": 1758754970354}
{"action": "recv", "src": "AU-N125", "dst": "AS-N9", "hlc": {"phys": 1758754996805, "cnt": 0, "node": "AU-N125"}, "package_id": "PKG54969", "payload": {"status": "IN_TRANSIT"}, "sent_ts": 1758754970555, "arrival_ts": 1758754970614}
{"action": "recv", "src": "AU-N125", "dst": "AS-N9", "hlc": {"phys": 1758754997080, "cnt": 0, "node": "AU-N125"}, "package_id": "PKG54969", "payload": {"status": "RECEIVED"}, "sent_ts": 1758754970830, "arrival_ts": 1758754970971}
{"action": "recv", "src": "AU-N125", "dst": "AS-N9", "hlc": {"phys": 1758754997436, "cnt": 0, "node": "AU-N125"}, "package_id": "PKG54969", "payload": {"status": "DELIVERED"}, "sent_ts": 1758754971186, "arrival_ts": 1758754971206}
{"action": "recv", "src": "EU-N20", "dst": "AS-N9", "hlc": {"phys": 1758756020579, "cnt": 0, "node": "EU-N20"}, "package_id": "PKG56015", "payload": {"status": "CREATED"}, "sent_ts": 1758756015379, "arrival_ts": 1758756015550}
{"action": "recv", "src": "EU-N20", "dst": "AS-N9", "hlc": {"phys": 1758756020977, "cnt": 0, "node": "EU-N20"}, "package_id": "PKG56015", "payload": {"status": "SENT"}, "sent_ts": 1758756015777, "arrival_ts": 1758756015885}
{"action": "recv", "src": "EU-N20", "dst": "AS-N9", "hlc": {"phys": 1758756021282, "cnt": 0, "node": "EU-N20"}, "package_id": "PKG56015", "payload": {"status": "IN_TRANSIT"}, "sent_ts": 1758756016082, "arrival_ts": 1758756016099}
{"action": "recv", "src": "EU-N20", "dst": "AS-N9", "hlc": {"phys": 1758756021497, "cnt": 0, "node": "EU-N20"}, "package_id": "PKG56015", "payload": {"status": "RECEIVED"}, "sent_ts": 1758756016297, "arrival_ts": 1758756016339}
{"action": "recv", "src": "EU-N20", "dst": "AS-N9", "hlc": {"phys": 1758756021737, "cnt": 0, "node": "EU-N20"}, "package_id": "PKG56015", "payload": {"status": "DELIVERED"}, "sent_ts": 1758756016537, "arrival_ts": 1758756016690}
{"action": "recv", "src": "AF-N140", "dst": "AS-N9", "hlc": {"phys": 1758758595993, "cnt": 0, "node": "AF-N140"}, "package_id": "PKG58579", "payload": {"status": "CREATED"}, "sent_ts": 1758758579593, "arrival_ts": 1758758579779}
{"action": "recv", "src": "AF-N140", "dst": "AS-N9", "hlc": {"phys": 1758758596396, "cnt": 0, "node": "AF-N140"}, "package_id": "PKG58579", "payload": {"status": "SENT"}, "sent_ts": 1758758579996, "arrival_ts": 1758758580197}
{"action": "recv", "src": "AF-N140", "dst": "AS-N9", "hlc": {"phys": 1758758596815, "cnt": 0, "node": "AF-N140"}, "package_id": "PKG58579", "payload": {"status": "IN_TRANSIT"}, "sent_ts": 1758758580415, "arrival_ts": 1758758580587}
{"action": "recv", "src": "AF-N140", "dst": "AS-N9", "hlc": {"phys": 1758758597189, "cnt": 0, "node": "AF-N140"}, "package_id": "PKG58579", "payload": {"status": "RECEIVED"}, "sent_ts": 1758758580789, "arrival_ts": 1758758580905}
{"action": "recv", "src": "AF-N140", "dst": "AS-N9", "hlc": {"phys": 1758758597516, "cnt": 0, "node": "AF-N140"}, "package_id": "PKG58579", "payload": {"status": "DELIVERED"}, "sent_ts": 1758758581116, "arrival_ts": 1758758581206}
{"action": "recv", "src": "SA-N70", "dst": "AS-N9", "hlc": {"phys": 1758759463659, "cnt": 0, "node": "SA-N70"}, "package_id": "PKG59442", "payload": {"status": "CREATED"}, "sent_ts": 1758759442959, "arrival_ts": 1758759443055}
{"action": "recv", "src": "SA-N70", "dst": "AS-N9", "hlc": {"phys": 1758759463956, "cnt": 0, "node": "SA-N70"}, "package_id": "PKG59442", "payload": {"status": "SENT"}, "sent_ts": 1758759443256, "arrival_ts": 1758759443403}
{"action": "recv", "src": "SA-N70", "dst": "AS-N9", "hlc": {"phys": 1758759464297, "cnt": 0, "node": "SA-N70"}, "package_id": "PKG59442", "payload": {"status": "IN_TRANSIT"}, "sent_ts": 1758759443597, "arrival_ts": 1758759443748}
{"action": "recv", "src": "SA-N70", "dst": "AS-N9", "hlc": {"phys": 1758759464654, "cnt": 0, "node": "SA-N70"}, "package_id": "PKG59442", "payload": {"status": "RECEIVED"}, "sent_ts": 1758759443954, "arrival_ts": 1758759444086}
{"action": "recv", "src": "SA-N70", "dst": "AS-N9", "hlc": {"phys": 1758759464994, "cnt": 0, "node": "SA-N70"}, "package_id": "PKG59442", "payload": {"status": "DELIVERED"}, "sent_ts": 1758759444294, "arrival_ts": 1758759444359}
{"action": "recv", "src": "NA-N52", "dst": "AS-N9", "hlc": {"phys": 1758760109702, "cnt": 0, "node": "NA-N52"}, "package_id": "PKG60109", "payload": {"status": "CREATED"}, "sent_ts": 1758760109182, "arrival_ts": 1758760109272}
{"action": "recv", "src": "NA-N52", "dst": "AS-N9", "hlc": {"phys": 1758760109995, "cnt": 0, "node": "NA-N52"}, "package_id": "PKG60109", "payload": {"status": "SENT"}, "sent_ts": 1758760109475, "arrival_ts": 1758760109560}
{"action": "recv", "src": "NA-N52", "dst": "AS-N9", "hlc": {"phys": 1758760110274, "cnt": 0, "node": "NA-N52"}, "package_id": "PKG60109", "payload": {"status": "IN_TRANSIT"}, "sent_ts": 1758760109754, "arrival_ts": 1758760109901}
{"action": "recv", "src": "NA-N52", "dst": "AS-N9", "hlc": {"phys": 1758760110616, "cnt": 0, "node": "NA-N52"}, "package_id": "PKG60109", "payload": {"status": "RECEIVED"}, "sent_ts": 1758760110096, "arrival_ts": 1758760110256}
{"action": "recv", "src": "NA-N52", "dst": "AS-N9", "hlc": {"phys": 1758760110975, "cnt": 0, "node": "NA-N52"}, "package_id": "PKG60109", "payload": {"status": "DELIVERED"}, "sent_ts": 1758760110455, "arrival_ts": 1758760110553}
{"action": "send", "src": "AS-N9", "dst": "NA-N12", "hlc": {"phys": 1758760999449, "cnt": 0, "node": "AS-N9"}, "package_id": "PKG60989", "payload": {"status": "CREATED"}, "sent_ts": 1758760989359, "arrival_ts": 1758760989360}
{"action": "send", "src": "AS-N9", "dst": "NA-N12", "hlc": {"phys": 1758760999682, "cnt": 0, "node": "AS-N9"}, "package_id": "PKG60989", "payload": {"status": "SENT"}, "sent_ts": 1758760989592, "arrival_ts": 1758760989592}
{"action": "send", "src": "AS-N9", "dst": "NA-N12", "hlc": {"phys": 1758760999909, "cnt": 0, "node": "AS-N9"}, "package_id": "PKG60989", "payload": {"status": "IN_TRANSIT"}, "sent_ts": 1758760989819, "arrival_ts": 1758760989819}
{"action": "send", "src": "AS-N9", "dst": "NA-N12", "hlc": {"phys": 1758761000281, "cnt": 0, "node": "AS-N9"}, "package_id": "PKG60989", "payload": {"status": "RECEIVED"}, "sent_ts": 1758760990191, "arrival_ts": 1758760990191}
{"action": "send", "src": "AS-N9", "dst": "NA-N12", "hlc": {"phys": 1758761000534, "cnt": 0, "node": "AS-N9"}, "package_id": "PKG60989", "payload": {"status": "DELIVERED"}, "sent_ts": 1758760990444, "arrival_ts": 1758760990444}
{"action": "recv", "src": "EU-N42", "dst": "AS-N9", "hlc": {"phys": 1758763150542, "cnt": 0, "node": "EU-N42"}, "package_id": "PKG63145", "payload": {"status": "CREATED"}, "sent_ts": 1758763145122, "arrival_ts": 1758763145300}
{"action": "recv", "src": "EU-N42", "dst": "AS-N9", "hlc": {"phys": 1758763150928, "cnt": 0, "node": "EU-N42"}, "package_id": "PKG63145", "payload": {"status": "SENT"}, "sent_ts": 1758763145508, "arrival_ts": 1758763145568}
{"action": "recv", "src": "EU-N42", "dst": "AS-N9", "hlc": {"phys": 1758763151195, "cnt": 0, "node": "EU-N42"}, "package_id": "PKG63145", "payload": {"status": "IN_TRANSIT"}, "sent_ts": 1758763145775, "arrival_ts": 1758763145892}
{"action": "recv", "src": "EU-N42", "dst": "AS-N9", "hlc": {"phys": 1758763151522, "cnt": 0, "node": "EU-N42"}, "package_id": "PKG63145", "payload": {"status": "RECEIVED"}, "sent_ts": 1758763146102, "arrival_ts": 1758763146208}
{"action": "recv", "src": "EU-N42", "dst": "AS-N9", "hlc": {"phys": 1758763151831, "cnt": 0, "node": "EU-N42"}, "package_id": "PKG63145", "payload": {"status": "DELIVERED"}, "sent_ts": 1758763146411, "arrival_ts": 1758763146522}
{"action": "recv", "src": "AF-N77", "dst": "AS-N9", "hlc": {"phys": 1758763231154, "cnt": 0, "node": "AF-N77"}, "package_id": "PKG63215", "payload": {"status": "CREATED"}, "sent_ts": 1758763215384, "arrival_ts": 1758763215430}
{"action": "recv", "src": "AF-N77", "dst": "AS-N9", "hlc": {"phys": 1758763231413, "cnt": 0, "node": "AF-N77"}, "package_id": "PKG63215", "payload": {"status": "SENT"}, "sent_ts": 1758763215643, "arrival_ts": 1758763215689}
{"action": "recv", "src": "AF-N77", "dst": "AS-N9", "hlc": {"phys": 1758763231670, "cnt": 0, "node": "AF-N77"}, "package_id": "PKG63215", "payload": {"status": "IN_TRANSIT"}, "sent_ts": 1758763215900, "arrival_ts": 1758763215950}
{"action": "recv", "src": "AF-N77", "dst": "AS-N9", "hlc": {"phys": 1758763231918, "cnt": 0, "node": "AF-N77"}, "package_id": "PKG63215", "payload": {"status": "RECEIVED"}, "sent_ts": 1758763216148, "arrival_ts": 1758763216213}
{"action": "recv", "src": "AF-N77", "dst": "AS-N9", "hlc": {"phys": 1758763232185, "cnt": 0, "node": "AF-N77"}, "package_id": "PKG63215", "payload": {"status": "DELIVERED"}, "sent_ts": 1758763216415, "arrival_ts": 1758763216446}
{"action": "recv", "src": "AN-N146", "dst": "AS-N9", "hlc": {"phys": 1758800141446, "cnt": 0, "node": "AN-N146"}, "package_id": "PKG109", "payload": {"status": "CREATED"}, "sent_ts": 1758800109986, "arrival_ts": 1758800110130}
{"action": "recv", "src": "AN-N146", "dst": "AS-N9", "hlc": {"phys": 1758800141803, "cnt": 0, "node": "AN-N146"}, "package_id": "PKG109", "payload": {"status": "SENT"}, "sent_ts": 1758800110343, "arrival_ts": 1758800110416}
{"action": "recv", "src": "AN-N146", "dst": "AS-N9", "hlc": {"phys": 1758800142083, "cnt": 0, "node": "AN-N146"}, "package_id": "PKG109", "payload": {"status": "IN_TRANSIT"}, "sent_ts": 1758800110623, "arrival_ts": 1758800110763}
{"action": "recv", "src": "AN-N146", "dst": "AS-N9", "hlc": {"phys": 1758800142438, "cnt": 0, "node": "AN-N146"}, "package_id": "PKG109", "payload": {"status": "RECEIVED"}, "sent_ts": 1758800110978, "arrival_ts": 1758800111025}
{"action": "recv", "src": "AN-N146", "dst": "AS-N9", "hlc": {"phys": 1758800142686, "cnt": 0, "node": "AN-N146"}, "package_id": "PKG109", "payload": {"status": "DELIVERED"}, "sent_ts": 1758800111226, "arrival_ts": 1758800111342}
{"action": "send", "src": "AS-N9", "dst": "AU-N149", "hlc": {"phys": 1758804753016, "cnt": 0, "node": "AS-N9"}, "package_id": "PKG4742", "payload": {"status": "CREATED"}, "sent_ts": 1758804742926, "arrival_ts": 1758804742926}
{"action": "send", "src": "AS-N9", "dst": "AU-N149", "hlc": {"phys": 1758804753423, "cnt": 0, "node": "AS-N9"}, "package_id": "PKG4742", "payload": {"status": "SENT"}, "sent_ts": 1758804743333, "arrival_ts": 1758804743333}
{"action": "send", "src": "AS-N9", "dst": "AU-N149", "hlc": {"phys": 1758804753827, "cnt": 0, "node": "AS-N9"}, "package_id": "PKG4742", "payload": {"status": "IN_TRANSIT"}, "sent_ts": 1758804743737, "arrival_ts": 1758804743737}
{"action": "send", "src": "AS-N9", "dst": "AU-N149", "hlc": {"phys": 1758804754064, "cnt": 0, "node": "AS-N9"}, "package_id": "PKG4742", "payload": {"status": "RECEIVED"}, "sent_ts": 1758804743974, "arrival_ts": 1758804743974}
{"action": "send", "src": "AS-N9", "dst": "AU-N149", "hlc": {"phys": 1758804754330, "cnt": 0, "node": "AS-N9"}, "package_id": "PKG4742", "payload": {"status": "DELIVERED"}, "sent_ts": 1758804744240, "arrival_ts": 1758804744240}
{"action": "send", "src": "AS-N9", "dst": "AS-N31", "hlc": {"phys": 1758805392406, "cnt": 0, "node": "AS-N9"}, "package_id": "PKG5382", "payload": {"status": "CREATED"}, "sent_ts": 1758805382316, "arrival_ts": 1758805382316}
{"action": "send", "src": "AS-N9", "dst": "AS-N31", "hlc": {"phys": 1758805392735, "cnt": 0, "node": "AS-N9"}, "package_id": "PKG5382", "payload": {"status": "SENT"}, "sent_ts": 1758805382645, "arrival_ts": 1758805382645}
{"action": "send", "src": "AS-N9", "dst": "AS-N31", "hlc": {"phys": 1758805393108, "cnt": 0, "node": "AS-N9"}, "package_id": "PKG5382", "payload": {"status": "IN_TRANSIT"}, "sent_ts": 1758805383018, "arrival_ts": 1758805383018}
{"action": "send", "src": "AS-N9", "dst": "AS-N31", "hlc": {"phys": 1758805393354, "cnt": 0, "node": "AS-N9"}, "package_id": "PKG5382", "payload": {"status": "RECEIVED"}, "sent_ts": 1758805383264, "arrival_ts": 1758805383264}
{"action": "send", "src": "AS-N9", "dst": "AS-N31", "hlc": {"phys": 1758805394878, "cnt": 0, "node": "AS-N9"}, "package_id": "PKG5382", "payload": {"status": "DELIVERED"}, "sent_ts": 1758805384788, "arrival_ts": 1758805384788}
{"action": "recv", "src": "AU-N13", "dst": "AS-N9", "hlc": {"phys": 1758805653543, "cnt": 0, "node": "AU-N13"}, "package_id": "PKG5628", "payload": {"status": "CREATED"}, "sent_ts": 1758805628413, "arrival_ts": 1758805628546}
{"action": "recv", "src": "AU-N13", "dst": "AS-N9", "hlc": {"phys": 1758805653886, "cnt": 0, "node": "AU-N13"}, "package_id": "PKG5628", "payload": {"status": "SENT"}, "sent_ts": 1758805628756, "arrival_ts": 1758805628932}
{"action": "recv", "src": "AU-N13", "dst": "AS-N9", "hlc": {"phys": 1758805654261, "cnt": 0, "node": "AU-N13"}, "package_id": "PKG5628", "payload": {"status": "IN_TRANSIT"}, "sent_ts": 1758805629131, "arrival_ts": 1758805629194}
{"action": "recv", "src": "AU-N13", "dst": "AS-N9", "hlc": {"phys": 1758805654525, "cnt": 0, "node": "AU-N13"}, "package_id": "PKG5628", "payload": {"status": "RECEIVED"}, "sent_ts": 1758805629395, "arrival_ts": 1758805629535}
{"action": "recv", "src": "AU-N13", "dst": "AS-N9", "hlc": {"phys": 1758805654866, "cnt": 0, "node": "AU-N13"}, "package_id": "PKG5628", "payload": {"status": "DELIVERED"}, "sent_ts": 1758805629736, "arrival_ts": 1758805629854}
{"action": "recv", "src": "AF-N80", "dst": "AS-N9", "hlc": {"phys": 1758809998572, "cnt": 0, "node": "AF-N80"}, "package_id": "PKG9982", "payload": {"status": "CREATED"}, "sent_ts": 1758809982772, "arrival_ts": 1758809982903}
{"action": "recv", "src": "AF-N80", "dst": "AS-N9", "hlc": {"phys": 1758809998912, "cnt": 0, "node": "AF-N80"}, "package_id": "PKG9982", "payload": {"status": "SENT"}, "sent_ts": 1758809983112, "arrival_ts": 1758809983185}
{"action": "recv", "src": "AF-N80", "dst": "AS-N9", "hlc": {"phys": 1758809999204, "cnt": 0, "node": "AF-N80"}, "package_id": "PKG9982", "payload": {"status": "IN_TRANSIT"}, "sent_ts": 1758809983404, "arrival_ts": 1758809983497}
{"action": "recv", "src": "AF-N80", "dst": "AS-N9", "hlc": {"phys": 1758809999500, "cnt": 0, "node": "AF-N80"}, "package_id": "PKG9982", "payload": {"status": "RECEIVED"}, "sent_ts": 1758809983700, "arrival_ts": 1758809983842}
{"action": "recv", "src": "AF-N80", "dst": "AS-N9", "hlc": {"phys": 1758809999844, "cnt": 0, "node": "AF-N80"}, "package_id": "PKG9982", "payload": {"status": "DELIVERED"}, "sent_ts": 1758809984044, "arrival_ts": 1758809984082}
{"action": "send", "src": "AS-N9", "dst": "AN-N20", "hlc": {"phys": 1758814160047, "cnt": 0, "node": "AS-N9"}, "package_id": "PKG14149", "payload": {"status": "CREATED"}, "sent_ts": 1758814149957, "arrival_ts": 1758814149957}
{"action": "send", "src": "AS-N9", "dst": "AN-N20", "hlc": {"phys": 1758814160406, "cnt": 0, "node": "AS-N9"}, "package_id": "PKG14149", "payload": {"status": "SENT"}, "sent_ts": 1758814150316, "arrival_ts": 1758814150316}
{"action": "send", "src": "AS-N9", "dst": "AN-N20", "hlc": {"phys": 1758814160622, "cnt": 0, "node": "AS-N9"}, "package_id": "PKG14149", "payload": {"status": "IN_TRANSIT"}, "sent_ts": 1758814150532, "arrival_ts": 1758814150532}
{"action": "send", "src": "AS-N9", "dst": "AN-N20", "hlc": {"phys": 1758814160935, "cnt": 0, "node": "AS-N9"}, "package_id": "PKG14149", "payload": {"status": "RECEIVED"}, "sent_ts": 1758814150845, "arrival_ts": 1758814150845}
{"action": "send", "src": "AS-N9", "dst": "AN-N20", "hlc": {"phys": 1758814161167, "cnt": 0, "node": "AS-N9"}, "package_id": "PKG14149", "payload": {"status": "DELIVERED"}, "sent_ts": 1758814151077, "arrival_ts": 1758814151077}
{"action": "recv", "src": "NA-N73", "dst": "AS-N9", "hlc": {"phys": 1758814171243, "cnt": 0, "node": "NA-N73"}, "package_id": "PKG14170", "payload": {"status": "CREATED"}, "sent_ts": 1758814170513, "arrival_ts": 1758814170545}
{"action": "recv", "src": "NA-N73", "dst": "AS-N9", "hlc": {"phys": 1758814171473, "cnt": 0, "node": "NA-N73"}, "package_id": "PKG14170", "payload": {"status": "SENT"}, "sent_ts": 1758814170743, "arrival_ts": 1758814170908}
{"action": "recv", "src": "NA-N73", "dst": "AS-N9", "hlc": {"phys": 1758814171845, "cnt": 0, "node": "NA-N73"}, "package_id": "PKG14170", "payload": {"status": "IN_TRANSIT"}, "sent_ts": 1758814171115, "arrival_ts": 1758814171151}
{"action": "recv", "src": "NA-N73", "dst": "AS-N9", "hlc": {"phys": 1758814172075, "cnt": 0, "node": "NA-N73"}, "package_id": "PKG14170", "payload": {"status": "RECEIVED"}, "sent_ts": 1758814171345, "arrival_ts": 1758814171433}
{"action": "recv", "src": "NA-N73", "dst": "AS-N9", "hlc": {"phys": 1758814172357, "cnt": 0, "node": "NA-N73"}, "package_id": "PKG14170", "payload": {"status": "DELIVERED"}, "sent_ts": 1758814171627, "arrival_ts": 1758814171722}
{"action": "recv", "src": "SA-N138", "dst": "AS-N9", "hlc": {"phys": 1758814474083, "cnt": 0, "node": "SA-N138"}, "package_id": "PKG14452", "payload": {"status": "CREATED"}, "sent_ts": 1758814452703, "arrival_ts": 1758814452850}
{"action": "recv", "src": "SA-N138", "dst": "AS-N9", "hlc": {"phys": 1758814474438, "cnt": 0, "node": "SA-N138"}, "package_id": "PKG14452", "payload": {"status": "SENT"}, "sent_ts": 1758814453058, "arrival_ts": 1758814453210}
{"action": "recv", "src": "SA-N138", "dst": "AS-N9", "hlc": {"phys": 1758814474796, "cnt": 0, "node": "SA-N138"}, "package_id": "PKG14452", "payload": {"status": "IN_TRANSIT"}, "sent_ts": 1758814453416, "arrival_ts": 1758814453487}
{"action": "recv", "src": "SA-N138", "dst": "AS-N9", "hlc": {"phys": 1758814475076, "cnt": 0, "node": "SA-N138"}, "package_id": "PKG14452", "payload": {"status": "RECEIVED"}, "sent_ts": 1758814453696, "arrival_ts": 1758814453854}
{"action": "recv", "src": "SA-N138", "dst": "AS-N9", "hlc": {"phys": 1758814475434, "cnt": 0, "node": "SA-N138"}, "package_id": "PKG14452", "payload": {"status": "DELIVERED"}, "sent_ts": 1758814454054, "arrival_ts": 1758814454151}
