{"action": "recv", "src": "EU-N184", "dst": "AS-N61", "hlc": {"phys": 1758713869070, "cnt": 0, "node": "EU-N184"}, "package_id": "PKG13862", "payload": {"status": "CREATED"}, "sent_ts": 1758713862230, "arrival_ts": 1758713862289}
{"action": "recv", "src": "EU-N184", "dst": "AS-N61", "hlc": {"phys": 1758713869332, "cnt": 0, "node": "EU-N184"}, "package_id": "PKG13862", "payload": {"status": "SENT"}, "sent_ts": 1758713862492, "arrival_ts": 1758713862531}
{"action": "recv", "src": "EU-N184", "dst": "AS-N61", "hlc": {"phys": 1758713869585, "cnt": 0, "node": "EU-N184"}, "package_id": "PKG13862", "payload": {"status": "IN_TRANSIT"}, "sent_ts": 1758713862745, "arrival_ts": 1758713862897}
{"action": "recv", "src": "EU-N184", "dst": "AS-N61", "hlc": {"phys": 1758713869944, "cnt": 0, "node": "EU-N184"}, "package_id": "PKG13862", "payload": {"status": "RECEIVED"}, "sent_ts": 1758713863104, "arrival_ts": 1758713863116}
{"action": "recv", "src": "EU-N184", "dst": "AS-N61", "hlc": {"phys": 1758713870168, "cnt": 0, "node": "EU-N184"}, "package_id": "PKG13862", "payload": {"status": "DELIVERED"}, "sent_ts": 1758713863328, "arrival_ts": 1758713863454}
{"action": "send", "src": "AS-N61", "dst": "AU-N19", "hlc": {"phys": 1758717900831, "cnt": 0, "node": "AS-N61"}, "package_id": "PKG17890", "payload": {"status": "CREATED"}, "sent_ts": 1758717890221, "arrival_ts": 1758717890221}
{"action": "send", "src": "AS-N61", "dst": "AU-N19", "hlc": {"phys": 1758717901037, "cnt": 0, "node": "AS-N61"}, "package_id": "PKG17890", "payload": {"status": "SENT"}, "sent_ts": 1758717890427, "arrival_ts": 1758717890427}
{"action": "send", "src": "AS-N61", "dst": "AU-N19", "hlc": {"phys": 1758717901411, "cnt": 0, "node": "AS-N61"}, "package_id": "PKG17890", "payload": {"status": "IN_TRANSIT"}, "sent_ts": 1758717890801, "arrival_ts": 1758717890801}
{"action": "send", "src": "AS-N61", "dst": "AU-N19", "hlc": {"phys": 1758717901715, "cnt": 0, "node": "AS-N61"}, "package_id": "PKG17890", "payload": {"status": "RECEIVED"}, "sent_ts": 1758717891105, "arrival_ts": 1758717891106}
{"action": "send", "src": "AS-N61", "dst": "AU-N19", "hlc": {"phys": 1758717902038, "cnt": 0, "node": "AS-N61"}, "package_id": "PKG17890", "payload": {"status": "DELIVERED"}, "sent_ts": 1758717891428, "arrival_ts": 1758717891428}
{"action": "recv", "src": "NA-N66", "dst": "AS-N61", "hlc": {"phys": 1758718998165, "cnt": 0, "node": "NA-N66"}, "package_id": "PKG18997", "payload": {"status": "CREATED"}, "sent_ts": 1758718997505, "arrival_ts": 1758718997681}
{"action": "recv", "src": "NA-N66", "dst": "AS-N61", "hlc": {"phys": 1758718998545, "cnt": 0, "node": "NA-N66"}, "package_id": "PKG18997", "payload": {"status": "SENT"}, "sent_ts": 1758718997885, "arrival_ts": 1758718997910}
{"action": "recv", "src": "NA-N66", "dst": "AS-N61", "hlc": {"phys": 1758718998785, "cnt": 0, "node": "NA-N66"}, "package_id": "PKG18997", "payload": {"status": "IN_TRANSIT"}, "sent_ts": 1758718998125, "arrival_ts": 1758718998166}
{"action": "recv", "src": "NA-N66", "dst": "AS-N61", "hlc": {"phys": 1758718999032, "cnt": 0, "node": "NA-N66"}, "package_id": "PKG18997", "payload": {"status": "RECEIVED"}, "sent_ts": 1758718998372, "arrival_ts": 1758718998565}
{"action": "recv", "src": "NA-N66", "dst": "AS-N61", "hlc": {"phys": 1758718999428, "cnt": 0, "node": "NA-N66"}, "package_id": "PKG18997", "payload": {"status": "DELIVERED"}, "sent_ts": 1758718998768, "arrival_ts": 1758718998960}
{"action": "send", "src": "AS-N61", "dst": "AN-N107", "hlc": {"phys": 1758739851706, "cnt": 0, "node": "AS-N61"}, "package_id": "PKG39841", "payload": {"status": "CREATED"}, "sent_ts": 1758739841096, "arrival_ts": 1758739841096}
{"action": "send", "src": "AS-N61", "dst": "AN-N107", "hlc": {"phys": 1758739852034, "cnt": 0, "node": "AS-N61"}, "package_id": "PKG39841", "payload": {"status": "SENT"}, "sent_ts": 1758739841424, "arrival_ts": 1758739841424}
{"action": "send", "src": "AS-N61", "dst": "AN-N107", "hlc": {"phys": 1758739852350, "cnt": 0, "node": "AS-N61"}, "package_id": "PKG39841", "payload": {"status": "IN_TRANSIT"}, "sent_ts": 1758739841740, "arrival_ts": 1758739841740}
{"action": "send", "src": "AS-N61", "dst": "AN-N107", "hlc": {"phys": 1758739852600, "cnt": 0, "node": "AS-N61"}, "package_id": "PKG39841", "payload": {"status": "RECEIVED"}, "sent_ts": 1758739841990, "arrival_ts": 1758739841990}
{"action": "send", "src": "AS-N61", "dst": "AN-N107", "hlc": {"phys": 1758739852842, "cnt": 0, "node": "AS-N61"}, "package_id": "PKG39841", "payload": {"status": "DELIVERED"}, "sent_ts": 1758739842232, "arrival_ts": 1758739842232}
{"action": "send", "src": "AS-N61", "dst": "NA-N68", "hlc": {"phys": 1758741836582, "cnt": 0, "node": "AS-N61"}, "package_id": "PKG41825", "payload": {"status": "CREATED"}, "sent_ts": 1758741825972, "arrival_ts": 1758741825972}
{"action": "send", "src": "AS-N61", "dst": "NA-N68", "hlc": {"phys": 1758741836814, "cnt": 0, "node": "AS-N61"}, "package_id": "PKG41825", "payload": {"status": "SENT"}, "sent_ts": 1758741826204, "arrival_ts": 1758741826204}
{"action": "send", "src": "AS-N61", "dst": "NA-N68", "hlc": {"phys": 1758741837172, "cnt": 0, "node": "AS-N61"}, "package_id": "PKG41825", "payload": {"status": "IN_TRANSIT"}, "sent_ts": 1758741826562, "arrival_ts": 1758741826562}
{"action": "send", "src": "AS-N61", "dst": "NA-N68", "hlc": {"phys": 1758741837466, "cnt": 0, "node": "AS-N61"}, "package_id": "PKG41825", "payload": {"status": "RECEIVED"}, "sent_ts": 1758741826856, "arrival_ts": 1758741826856}
{"action": "send", "src": "AS-N61", "dst": "NA-N68", "hlc": {"phys": 1758741837715, "cnt": 0, "node": "AS-N61"}, "package_id": "PKG41825", "payload": {"status": "DELIVERED"}, "sent_ts": 1758741827105, "arrival_ts": 1758741827105}
{"action": "send", "src": "AS-N61", "dst": "AU-N88", "hlc": {"phys": 1758742773125, "cnt": 0, "node": "AS-N61"}, "package_id": "PKG42762", "payload": {"status": "CREATED"}, "sent_ts": 1758742762515, "arrival_ts": 1758742762515}
{"action": "send", "src": "AS-N61", "dst": "AU-N88", "hlc": {"phys": 1758742773386, "cnt": 0, "node": "AS-N61"}, "package_id": "PKG42762", "payload": {"status": "SENT"}, "sent_ts": 1758742762776, "arrival_ts": 1758742762776}
{"action": "send", "src": "AS-N61", "dst": "AU-N88", "hlc": {"phys": 1758742773788, "cnt": 0, "node": "AS-N61"}, "package_id": "PKG42762", "payload": {"status": "IN_TRANSIT"}, "sent_ts": 1758742763178, "arrival_ts": 1758742763178}
{"action": "send", "src": "AS-N61", "dst": "AU-N88", "hlc": {"phys": 1758742774141, "cnt": 0, "node": "AS-N61"}, "package_id": "PKG42762", "payload": {"status": "RECEIVED"}, "sent_ts": 1758742763531, "arrival_ts": 1758742763531}
{"action": "send", "src": "AS-N61", "dst": "AU-N88", "hlc": {"phys": 1758742774510, "cnt": 0, "node": "AS-N61"}, "package_id": "PKG42762", "payload": {"status": "DELIVERED"}, "sent_ts": 1758742763900, "arrival_ts": 1758742763900}
{"action": "send", "src": "AS-N61", "dst": "SA-N193", "hlc": {"phys": 1758743664058, "cnt": 0, "node": "AS-N61"}, "package_id": "PKG43653", "payload": {"status": "CREATED"}, "sent_ts": 1758743653448, "arrival_ts": 1758743653448}
{"action": "send", "src": "AS-N61", "dst": "SA-N193", "hlc": {"phys": 1758743664337, "cnt": 0, "node": "AS-N61"}, "package_id": "PKG43653", "payload": {"status": "SENT"}, "sent_ts": 1758743653727, "arrival_ts": 1758743653727}
{"action": "send", "src": "AS-N61", "dst": "SA-N193", "hlc": {"phys": 1758743664661, "cnt": 0, "node": "AS-N61"}, "package_id": "PKG43653", "payload": {"status": "IN_TRANSIT"}, "sent_ts": 1758743654051, "arrival_ts": 1758743654051}
{"action": "send", "src": "AS-N61", "dst": "SA-N193", "hlc": {"phys": 1758743664986, "cnt": 0, "node": "AS-N61"}, "package_id": "PKG43653", "payload": {"status": "RECEIVED"}, "sent_ts": 1758743654376, "arrival_ts": 1758743654376}
{"action": "send", "src": "AS-N61", "dst": "SA-N193", "hlc": {"phys": 1758743665249, "cnt": 0, "node": "AS-N61"}, "package_id": "PKG43653", "payload": {"status": "DELIVERED"}, "sent_ts": 1758743654639, "arrival_ts": 1758743654639}
{"action": "send", "src": "AS-N61", "dst": "NA-N146", "hlc": {"phys": 1758747130236, "cnt": 0, "node": "AS-N61"}, "package_id": "PKG47119", "payload": {"status": "CREATED"}, "sent_ts": 1758747119626, "arrival_ts": 1758747119626}
{"action": "send", "src": "AS-N61", "dst": "NA-N146", "hlc": {"phys": 1758747130544, "cnt": 0, "node": "AS-N61"}, "package_id": "PKG47119", "payload": {"status": "SENT"}, "sent_ts": 1758747119934, "arrival_ts": 1758747119934}
{"action": "send", "src": "AS-N61", "dst": "NA-N146", "hlc": {"phys": 1758747130947, "cnt": 0, "node": "AS-N61"}, "package_id": "PKG47119", "payload": {"status": "IN_TRANSIT"}, "sent_ts": 1758747120337, "arrival_ts": 1758747120337}
{"action": "send", "src": "AS-N61", "dst": "NA-N146", "hlc": {"phys": 1758747131332, "cnt": 0, "node": "AS-N61"}, "package_id": "PKG47119", "payload": {"status": "RECEIVED"}, "sent_ts": 1758747120722, "arrival_ts": 1758747120722}
{"action": "send", "src": "AS-N61", "dst": "NA-N146", "hlc": {"phys": 1758747131599, "cnt": 0, "node": "AS-N61"}, "package_id": "PKG47119", "payload": {"status": "DELIVERED"}, "sent_ts": 1758747120989, "arrival_ts": 1758747120989}
{"action": "recv", "src": "AF-N107", "dst": "AS-N61", "hlc": {"phys": 1758747804806, "cnt": 0, "node": "AF-N107"}, "package_id": "PKG47788", "payload": {"status": "CREATED"}, "sent_ts": 1758747788736, "arrival_ts": 1758747788904}
{"action": "recv", "src": "AF-N107", "dst": "AS-N61", "hlc": {"phys": 1758747805192, "cnt": 0, "node": "AF-N107"}, "package_id": "PKG47788", "payload": {"status": "SENT"}, "sent_ts": 1758747789122, "arrival_ts": 1758747789322}
{"action": "recv", "src": "AF-N107", "dst": "AS-N61", "hlc": {"phys": 1758747805609, "cnt": 0, "node": "AF-N107"}, "package_id": "PKG47788", "payload": {"status": "IN_TRANSIT"}, "sent_ts": 1758747789539, "arrival_ts": 1758747789562}
{"action": "recv", "src": "AF-N107", "dst": "AS-N61", "hlc": {"phys": 1758747805846, "cnt": 0, "node": "AF-N107"}, "package_id": "PKG47788", "payload": {"status": "RECEIVED"}, "sent_ts": 1758747789776, "arrival_ts": 1758747789976}
{"action": "recv", "src": "AF-N107", "dst": "AS-N61", "hlc": {"phys": 1758747807257, "cnt": 0, "node": "AF-N107"}, "package_id": "PKG47788", "payload": {"status": "DELIVERED"}, "sent_ts": 1758747791187, "arrival_ts": 1758747791239}
{"action": "recv", "src": "AN-N19", "dst": "AS-N61", "hlc": {"phys": 1758750309245, "cnt": 0, "node": "AN-N19"}, "package_id": "PKG50279", "payload": {"status": "CREATED"}, "sent_ts": 1758750279055, "arrival_ts": 1758750279096}
{"action": "recv", "src": "AN-N19", "dst": "AS-N61", "hlc": {"phys": 1758750309494, "cnt": 0, "node": "AN-N19"}, "package_id": "PKG50279", "payload": {"status": "SENT"}, "sent_ts": 1758750279304, "arrival_ts": 1758750279415}
{"action": "recv", "src": "AN-N19", "dst": "AS-N61", "hlc": {"phys": 1758750309800, "cnt": 0, "node": "AN-N19"}, "package_id": "PKG50279", "payload": {"status": "IN_TRANSIT"}, "sent_ts": 1758750279610, "arrival_ts": 1758750279713}
{"action": "recv", "src": "AN-N19", "dst": "AS-N61", "hlc": {"phys": 1758750310110, "cnt": 0, "node": "AN-N19"}, "package_id": "PKG50279", "payload": {"status": "RECEIVED"}, "sent_ts": 1758750279920, "arrival_ts": 1758750280109}
{"action": "recv", "src": "AN-N19", "dst": "AS-N61", "hlc": {"phys": 1758750310499, "cnt": 0, "node": "AN-N19"}, "package_id": "PKG50279", "payload": {"status": "DELIVERED"}, "sent_ts": 1758750280309, "arrival_ts": 1758750280471}
{"action": "recv", "src": "SA-N18", "dst": "AS-N61", "hlc": {"phys": 1758753188411, "cnt": 0, "node": "SA-N18"}, "package_id": "PKG53168", "payload": {"status": "CREATED"}, "sent_ts": 1758753168231, "arrival_ts": 1758753168277}
{"action": "recv", "src": "SA-N18", "dst": "AS-N61", "hlc": {"phys": 1758753188668, "cnt": 0, "node": "SA-N18"}, "package_id": "PKG53168", "payload": {"status": "SENT"}, "sent_ts": 1758753168488, "arrival_ts": 1758753168679}
{"action": "recv", "src": "SA-N18", "dst": "AS-N61", "hlc": {"phys": 1758753189069, "cnt": 0, "node": "SA-N18"}, "package_id": "PKG53168", "payload": {"status": "IN_TRANSIT"}, "sent_ts": 1758753168889, "arrival_ts": 1758753168930}
{"action": "recv", "src": "SA-N18", "dst": "AS-N61", "hlc": {"phys": 1758753189327, "cnt": 0, "node": "SA-N18"}, "package_id": "PKG53168", "payload": {"status": "RECEIVED"}, "sent_ts": 1758753169147, "arrival_ts": 1758753169188}
{"action": "recv", "src": "SA-N18", "dst": "AS-N61", "hlc": {"phys": 1758753189577, "cnt": 0, "node": "SA-N18"}, "package_id": "PKG53168", "payload": {"status": "DELIVERED"}, "sent_ts": 1758753169397, "arrival_ts": 1758753169458}
{"action": "send", "src": "AS-N61", "dst": "NA-N18", "hlc": {"phys": 1758753627253, "cnt": 0, "node": "AS-N61"}, "package_id": "PKG53616", "payload": {"status": "CREATED"}, "sent_ts": 1758753616643, "arrival_ts": 1758753616643}
{"action": "send", "src": "AS-N61", "dst": "NA-N18", "hlc": {"phys": 1758753627589, "cnt": 0, "node": "AS-N61"}, "package_id": "PKG53616", "payload": {"status": "SENT"}, "sent_ts": 1758753616979, "arrival_ts": 1758753616979}
{"action": "send", "src": "AS-N61", "dst": "NA-N18", "hlc": {"phys": 1758753627995, "cnt": 0, "node": "AS-N61"}, "package_id": "PKG53616", "payload": {"status": "IN_TRANSIT"}, "sent_ts": 1758753617384, "arrival_ts": 1758753617385}
{"action": "send", "src": "AS-N61", "dst": "NA-N18", "hlc": {"phys": 1758753628300, "cnt": 0, "node": "AS-N61"}, "package_id": "PKG53616", "payload": {"status": "RECEIVED"}, "sent_ts": 1758753617690, "arrival_ts": 1758753617690}
{"action": "send", "src": "AS-N61", "dst": "NA-N18", "hlc": {"phys": 1758753628692, "cnt": 0, "node": "AS-N61"}, "package_id": "PKG53616", "payload": {"status": "DELIVERED"}, "sent_ts": 1758753618082, "arrival_ts": 1758753618082}
{"action": "recv", "src": "AF-N138", "dst": "AS-N61", "hlc": {"phys": 1758756896772, "cnt": 0, "node": "AF-N138"}, "package_id": "PKG56880", "payload": {"status": "CREATED"}, "sent_ts": 1758756880392, "arrival_ts": 1758756880543}
{"action": "recv", "src": "AF-N138", "dst": "AS-N61", "hlc": {"phys": 1758756897136, "cnt": 0, "node": "AF-N138"}, "package_id": "PKG56880", "payload": {"status": "SENT"}, "sent_ts": 1758756880756, "arrival_ts": 1758756880876}
{"action": "recv", "src": "AF-N138", "dst": "AS-N61", "hlc": {"phys": 1758756897470, "cnt": 0, "node": "AF-N138"}, "package_id": "PKG56880", "payload": {"status": "IN_TRANSIT"}, "sent_ts": 1758756881090, "arrival_ts": 1758756881256}
{"action": "recv", "src": "AF-N138", "dst": "AS-N61", "hlc": {"phys": 1758756897836, "cnt": 0, "node": "AF-N138"}, "package_id": "PKG56880", "payload": {"status": "RECEIVED"}, "sent_ts": 1758756881456, "arrival_ts": 1758756881482}
{"action": "recv", "src": "AF-N138", "dst": "AS-N61", "hlc": {"phys": 1758756898061, "cnt": 0, "node": "AF-N138"}, "package_id": "PKG56880", "payload": {"status": "DELIVERED"}, "sent_ts": 1758756881681, "arrival_ts": 1758756881817}
{"action": "send", "src": "AS-N61", "dst": "AN-N86", "hlc": {"phys": 1758758534090, "cnt": 0, "node": "AS-N61"}, "package_id": "PKG58523", "payload": {"status": "CREATED"}, "sent_ts": 1758758523480, "arrival_ts": 1758758523480}
{"action": "send", "src": "AS-N61", "dst": "AN-N86", "hlc": {"phys": 1758758534376, "cnt": 0, "node": "AS-N61"}, "package_id": "PKG58523", "payload": {"status": "SENT"}, "sent_ts": 1758758523766, "arrival_ts": 1758758523766}
{"action": "send", "src": "AS-N61", "dst": "AN-N86", "hlc": {"phys": 1758758534768, "cnt": 0, "node": "AS-N61"}, "package_id": "PKG58523", "payload": {"status": "IN_TRANSIT"}, "sent_ts": 1758758524158, "arrival_ts": 1758758524158}
{"action": "send", "src": "AS-N61", "dst": "AN-N86", "hlc": {"phys": 1758758535136, "cnt": 0, "node": "AS-N61"}, "package_id": "PKG58523", "payload": {"status": "RECEIVED"}, "sent_ts": 1758758524526, "arrival_ts": 1758758524526}
{"action": "send", "src": "AS-N61", "dst": "AN-N86", "hlc": {"phys": 1758758535460, "cnt": 0, "node": "AS-N61"}, "package_id": "PKG58523", "payload": {"status": "DELIVERED"}, "sent_ts": 1758758524850, "arrival_ts": 1758758524850}
{"action": "recv", "src": "AN-N60", "dst": "AS-N61", "hlc": {"phys": 1758760788951, "cnt": 0, "node": "AN-N60"}, "package_id": "PKG60758", "payload": {"status": "CREATED"}, "sent_ts": 1758760758351, "arrival_ts": 1758760758398}
{"action": "recv", "src": "AN-N60", "dst": "AS-N61", "hlc": {"phys": 1758760789214, "cnt": 0, "node": "AN-N60"}, "package_id": "PKG60758", "payload": {"status": "SENT"}, "sent_ts": 1758760758614, "arrival_ts": 1758760758643}
{"action": "recv", "src": "AN-N60", "dst": "AS-N61", "hlc": {"phys": 1758760789448, "cnt": 0, "node": "AN-N60"}, "package_id": "PKG60758", "payload": {"status": "IN_TRANSIT"}, "sent_ts": 1758760758848, "arrival_ts": 1758760758884}
{"action": "recv", "src": "AN-N60", "dst": "AS-N61", "hlc": {"phys": 1758760789681, "cnt": 0, "node": "AN-N60"}, "package_id": "PKG60758", "payload": {"status": "RECEIVED"}, "sent_ts": 1758760759081, "arrival_ts": 1758760759197}
{"action": "recv", "src": "AN-N60", "dst": "AS-N61", "hlc": {"phys": 1758760789992, "cnt": 0, "node": "AN-N60"}, "package_id": "PKG60758", "payload": {"status": "DELIVERED"}, "sent_ts": 1758760759392, "arrival_ts": 1758760759516}
{"action": "recv", "src": "EU-N31", "dst": "AS-N61", "hlc": {"phys": 1758761646842, "cnt": 0, "node": "EU-N31"}, "package_id": "PKG61641", "payload": {"status": "CREATED"}, "sent_ts": 1758761641532, "arrival_ts": 1758761641729}
{"action": "recv", "src": "EU-N31", "dst": "AS-N61", "hlc": {"phys": 1758761647255, "cnt": 0, "node": "EU-N31"}, "package_id": "PKG61641", "payload": {"status": "SENT"}, "sent_ts": 1758761641945, "arrival_ts": 1758761642041}
{"action": "recv", "src": "EU-N31", "dst": "AS-N61", "hlc": {"phys": 1758761647562, "cnt": 0, "node": "EU-N31"}, "package_id": "PKG61641", "payload": {"status": "IN_TRANSIT"}, "sent_ts": 1758761642252, "arrival_ts": 1758761642341}
{"action": "recv", "src": "EU-N31", "dst": "AS-N61", "hlc": {"phys": 1758761647870, "cnt": 0, "node": "EU-N31"}, "package_id": "PKG61641", "payload": {"status": "RECEIVED"}, "sent_ts": 1758761642560, "arrival_ts": 1758761642716}
{"action": "recv", "src": "EU-N31", "dst": "AS-N61", "hlc": {"phys": 1758761648232, "cnt": 0, "node": "EU-N31"}, "package_id": "PKG61641", "payload": {"status": "DELIVERED"}, "sent_ts": 1758761642922, "arrival_ts": 1758761642941}
{"action": "send", "src": "AS-N61", "dst": "AU-N161", "hlc": {"phys": 1758764244602, "cnt": 0, "node": "AS-N61"}, "package_id": "PKG64233", "payload": {"status": "CREATED"}, "sent_ts": 1758764233992, "arrival_ts": 1758764233992}
{"action": "send", "src": "AS-N61", "dst": "AU-N161", "hlc": {"phys": 1758764244960, "cnt": 0, "node": "AS-N61"}, "package_id": "PKG64233", "payload": {"status": "SENT"}, "sent_ts": 1758764234350, "arrival_ts": 1758764234350}
{"action": "send", "src": "AS-N61", "dst": "AU-N161", "hlc": {"phys": 1758764245256, "cnt": 0, "node": "AS-N61"}, "package_id": "PKG64233", "payload": {"status": "IN_TRANSIT"}, "sent_ts": 1758764234646, "arrival_ts": 1758764234646}
{"action": "send", "src": "AS-N61", "dst": "AU-N161", "hlc": {"phys": 1758764245642, "cnt": 0, "node": "AS-N61"}, "package_id": "PKG64233", "payload": {"status": "RECEIVED"}, "sent_ts": 1758764235032, "arrival_ts": 1758764235032}
{"action": "send", "src": "AS-N61", "dst": "AU-N161", "hlc": {"phys": 1758764245936, "cnt": 0, "node": "AS-N61"}, "package_id": "PKG64233", "payload": {"status": "DELIVERED"}, "sent_ts": 1758764235326, "arrival_ts": 1758764235326}
{"action": "recv", "src": "AU-N110", "dst": "AS-N61", "hlc": {"phys": 1758800022802, "cnt": 0, "node": "AU-N110"}, "package_id": "PKG99996", "payload": {"status": "CREATED"}, "sent_ts": 1758799996702, "arrival_ts": 1758799996722}
{"action": "recv", "src": "AU-N110", "dst": "AS-N61", "hlc": {"phys": 1758800023016, "cnt": 0, "node": "AU-N110"}, "package_id": "PKG99996", "payload": {"status": "SENT"}, "sent_ts": 1758799996916, "arrival_ts": 1758799997030}
{"action": "recv", "src": "AU-N110", "dst": "AS-N61", "hlc": {"phys": 1758800023338, "cnt": 0, "node": "AU-N110"}, "package_id": "PKG99996", "payload": {"status": "IN_TRANSIT"}, "sent_ts": 1758799997238, "arrival_ts": 1758799997438}
{"action": "recv", "src": "AU-N110", "dst": "AS-N61", "hlc": {"phys": 1758800023752, "cnt": 0, "node": "AU-N110"}, "package_id": "PKG99996", "payload": {"status": "RECEIVED"}, "sent_ts": 1758799997652, "arrival_ts": 1758799997745}
{"action": "recv", "src": "AU-N110", "dst": "AS-N61", "hlc": {"phys": 1758800024054, "cnt": 0, "node": "AU-N110"}, "package_id": "PKG99996", "payload": {"status": "DELIVERED"}, "sent_ts": 1758799997954, "arrival_ts": 1758799998108}
{"action": "send", "src": "AS-N61", "dst": "AU-N66", "hlc": {"phys": 1758801235424, "cnt": 0, "node": "AS-N61"}, "package_id": "PKG1224", "payload": {"status": "CREATED"}, "sent_ts": 1758801224814, "arrival_ts": 1758801224814}
{"action": "send", "src": "AS-N61", "dst": "AU-N66", "hlc": {"phys": 1758801235642, "cnt": 0, "node": "AS-N61"}, "package_id": "PKG1224", "payload": {"status": "SENT"}, "sent_ts": 1758801225032, "arrival_ts": 1758801225032}
{"action": "send", "src": "AS-N61", "dst": "AU-N66", "hlc": {"phys": 1758801235998, "cnt": 0, "node": "AS-N61"}, "package_id": "PKG1224", "payload": {"status": "IN_TRANSIT"}, "sent_ts": 1758801225388, "arrival_ts": 1758801225388}
{"action": "send", "src": "AS-N61", "dst": "AU-N66", "hlc": {"phys": 1758801236312, "cnt": 0, "node": "AS-N61"}, "package_id": "PKG1224", "payload": {"status": "RECEIVED"}, "sent_ts": 1758801225702, "arrival_ts": 1758801225702}
{"action": "send", "src": "AS-N61", "dst": "AU-N66", "hlc": {"phys": 1758801236606, "cnt": 0, "node": "AS-N61"}, "package_id": "PKG1224", "payload": {"status": "DELIVERED"}, "sent_ts": 1758801225995, "arrival_ts": 1758801225996}
{"action": "send", "src": "AS-N61", "dst": "NA-N30", "hlc": {"phys": 1758812200297, "cnt": 0, "node": "AS-N61"}, "package_id": "PKG12189", "payload": {"status": "CREATED"}, "sent_ts": 1758812189687, "arrival_ts": 1758812189687}
{"action": "send", "src": "AS-N61", "dst": "NA-N30", "hlc": {"phys": 1758812200654, "cnt": 0, "node": "AS-N61"}, "package_id": "PKG12189", "payload": {"status": "SENT"}, "sent_ts": 1758812190044, "arrival_ts": 1758812190044}
{"action": "send", "src": "AS-N61", "dst": "NA-N30", "hlc": {"phys": 1758812200919, "cnt": 0, "node": "AS-N61"}, "package_id": "PKG12189", "payload": {"status": "IN_TRANSIT"}, "sent_ts": 1758812190309, "arrival_ts": 1758812190309}
{"action": "send", "src": "AS-N61", "dst": "NA-N30", "hlc": {"phys": 1758812201261, "cnt": 0, "node": "AS-N61"}, "package_id": "PKG12189", "payload": {"status": "RECEIVED"}, "sent_ts": 1758812190651, "arrival_ts": 1758812190651}
{"action": "send", "src": "AS-N61", "dst": "NA-N30", "hlc": {"phys": 1758812201526, "cnt": 0, "node": "AS-N61"}, "package_id": "PKG12189", "payload": {"status": "DELIVERED"}, "sent_ts": 1758812190916, "arrival_ts": 1758812190916}
{"action": "recv", "src": "AN-N161", "dst": "AS-N61", "hlc": {"phys": 1758812269669, "cnt": 0, "node": "AN-N161"}, "package_id": "PKG12238", "payload": {"status": "CREATED"}, "sent_ts": 1758812238059, "arrival_ts": 1758812238255}
{"action": "recv", "src": "AN-N161", "dst": "AS-N61", "hlc": {"phys": 1758812270072, "cnt": 0, "node": "AN-N161"}, "package_id": "PKG12238", "payload": {"status": "SENT"}, "sent_ts": 1758812238462, "arrival_ts": 1758812238527}
{"action": "recv", "src": "AN-N161", "dst": "AS-N61", "hlc": {"phys": 1758812270336, "cnt": 0, "node": "AN-N161"}, "package_id": "PKG12238", "payload": {"status": "IN_TRANSIT"}, "sent_ts": 1758812238726, "arrival_ts": 1758812238921}
{"action": "recv", "src": "AN-N161", "dst": "AS-N61", "hlc": {"phys": 1758812270738, "cnt": 0, "node": "AN-N161"}, "package_id": "PKG12238", "payload": {"status": "RECEIVED"}, "sent_ts": 1758812239128, "arrival_ts": 1758812239172}
{"action": "recv", "src": "AN-N161", "dst": "AS-N61", "hlc": {"phys": 1758812270989, "cnt": 0, "node": "AN-N161"}, "package_id": "PKG12238", "payload": {"status": "DELIVERED"}, "sent_ts": 1758812239379, "arrival_ts": 1758812239517}
{"action": "recv", "src": "AU-N92", "dst": "AS-N61", "hlc": {"phys": 1758813451752, "cnt": 0, "node": "AU-N92"}, "package_id": "PKG13425", "payload": {"status": "CREATED"}, "sent_ts": 1758813425832, "arrival_ts": 1758813425870}
{"action": "recv", "src": "AU-N92", "dst": "AS-N61", "hlc": {"phys": 1758813451985, "cnt": 0, "node": "AU-N92"}, "package_id": "PKG13425", "payload": {"status": "SENT"}, "sent_ts": 1758813426065, "arrival_ts": 1758813426114}
{"action": "recv", "src": "AU-N92", "dst": "AS-N61", "hlc": {"phys": 1758813452235, "cnt": 0, "node": "AU-N92"}, "package_id": "PKG13425", "payload": {"status": "IN_TRANSIT"}, "sent_ts": 1758813426315, "arrival_ts": 1758813426393}
{"action": "recv", "src": "AU-N92", "dst": "AS-N61", "hlc": {"phys": 1758813452526, "cnt": 0, "node": "AU-N92"}, "package_id": "PKG13425", "payload": {"status": "RECEIVED"}, "sent_ts": 1758813426606, "arrival_ts": 1758813426716}
{"action": "recv", "src": "AU-N92", "dst": "AS-N61", "hlc": {"phys": 1758813452837, "cnt": 0, "node": "AU-N92"}, "package_id": "PKG13425", "payload": {"status": "DELIVERED"}, "sent_ts": 1758813426917, "arrival_ts": 1758813427003}
{"action": "recv", "src": "AU-N43", "dst": "AS-N61", "hlc": {"phys": 1758813587241, "cnt": 0, "node": "AU-N43"}, "package_id": "PKG13561", "payload": {"status": "CREATED"}, "sent_ts": 1758813561811, "arrival_ts": 1758813561975}
{"action": "recv", "src": "AU-N43", "dst": "AS-N61", "hlc": {"phys": 1758813587615, "cnt": 0, "node": "AU-N43"}, "package_id": "PKG13561", "payload": {"status": "SENT"}, "sent_ts": 1758813562185, "arrival_ts": 1758813562245}
{"action": "recv", "src": "AU-N43", "dst": "AS-N61", "hlc": {"phys": 1758813587895, "cnt": 0, "node": "AU-N43"}, "package_id": "PKG13561", "payload": {"status": "IN_TRANSIT"}, "sent_ts": 1758813562465, "arrival_ts": 1758813562576}
{"action": "recv", "src": "AU-N43", "dst": "AS-N61", "hlc": {"phys": 1758813588220, "cnt": 0, "node": "AU-N43"}, "package_id": "PKG13561", "payload": {"status": "RECEIVED"}, "sent_ts": 1758813562790, "arrival_ts": 1758813562920}
{"action": "recv", "src": "AU-N43", "dst": "AS-N61", "hlc": {"phys": 1758813588548, "cnt": 0, "node": "AU-N43"}, "package_id": "PKG13561", "payload": {"status": "DELIVERED"}, "sent_ts": 1758813563118, "arrival_ts": 1758813563142}
{"action": "send", "src": "AS-N61", "dst": "AN-N124", "hlc": {"phys": 1758815384244, "cnt": 0, "node": "AS-N61"}, "package_id": "PKG15373", "payload": {"status": "CREATED"}, "sent_ts": 1758815373634, "arrival_ts": 1758815373634}
{"action": "send", "src": "AS-N61", "dst": "AN-N124", "hlc": {"phys": 1758815384552, "cnt": 0, "node": "AS-N61"}, "package_id": "PKG15373", "payload": {"status": "SENT"}, "sent_ts": 1758815373942, "arrival_ts": 1758815373942}
{"action": "send", "src": "AS-N61", "dst": "AN-N124", "hlc": {"phys": 1758815384938, "cnt": 0, "node": "AS-N61"}, "package_id": "PKG15373", "payload": {"status": "IN_TRANSIT"}, "sent_ts": 1758815374328, "arrival_ts": 1758815374328}
{"action": "send", "src": "AS-N61", "dst": "AN-N124", "hlc": {"phys": 1758815385309, "cnt": 0, "node": "AS-N61"}, "package_id": "PKG15373", "payload": {"status": "RECEIVED"}, "sent_ts": 1758815374699, "arrival_ts": 1758815374699}
{"action": "send", "src": "AS-N61", "dst": "AN-N124", "hlc": {"phys": 1758815385651, "cnt": 0, "node": "AS-N61"}, "package_id": "PKG15373", "payload": {"status": "DELIVERED"}, "sent_ts": 1758815375041, "arrival_ts": 1758815375041}
{"action": "recv", "src": "AU-N147", "dst": "AS-N61", "hlc": {"phys": 1758816823242, "cnt": 0, "node": "AU-N147"}, "package_id": "PKG16796", "payload": {"status": "CREATED"}, "sent_ts": 1758816796772, "arrival_ts": 1758816796876}
{"action": "recv", "src": "AU-N147", "dst": "AS-N61", "hlc": {"phys": 1758816823554, "cnt": 0, "node": "AU-N147"}, "package_id": "PKG16796", "payload": {"status": "SENT"}, "sent_ts": 1758816797084, "arrival_ts": 1758816797128}
{"action": "recv", "src": "AU-N147", "dst": "AS-N61", "hlc": {"phys": 1758816823802, "cnt": 0, "node": "AU-N147"}, "package_id": "PKG16796", "payload": {"status": "IN_TRANSIT"}, "sent_ts": 1758816797332, "arrival_ts": 1758816797486}
{"action": "recv", "src": "AU-N147", "dst": "AS-N61", "hlc": {"phys": 1758816824161, "cnt": 0, "node": "AU-N147"}, "package_id": "PKG16796", "payload": {"status": "RECEIVED"}, "sent_ts": 1758816797691, "arrival_ts": 1758816797744}
{"action": "recv", "src": "AU-N147", "dst": "AS-N61", "hlc": {"phys": 1758816824408, "cnt": 0, "node": "AU-N147"}, "package_id": "PKG16796", "payload": {"status": "DELIVERED"}, "sent_ts": 1758816797938, "arrival_ts": 1758816798092}
