{"action": "send", "src": "AS-N145", "dst": "SA-N194", "hlc": {"phys": 1758716776660, "cnt": 0, "node": "AS-N145"}, "package_id": "PKG16765", "payload": {"status": "CREATED"}, "sent_ts": 1758716765210, "arrival_ts": 1758716765210}
{"action": "send", "src": "AS-N145", "dst": "SA-N194", "hlc": {"phys": 1758716777066, "cnt": 0, "node": "AS-N145"}, "package_id": "PKG16765", "payload": {"status": "SENT"}, "sent_ts": 1758716765616, "arrival_ts": 1758716765616}
{"action": "send", "src": "AS-N145", "dst": "SA-N194", "hlc": {"phys": 1758716777417, "cnt": 0, "node": "AS-N145"}, "package_id": "PKG16765", "payload": {"status": "IN_TRANSIT"}, "sent_ts": 1758716765967, "arrival_ts": 1758716765967}
{"action": "send", "src": "AS-N145", "dst": "SA-N194", "hlc": {"phys": 1758716777738, "cnt": 0, "node": "AS-N145"}, "package_id": "PKG16765", "payload": {"status": "RECEIVED"}, "sent_ts": 1758716766288, "arrival_ts": 1758716766288}
{"action": "send", "src": "AS-N145", "dst": "SA-N194", "hlc": {"phys": 1758716777980, "cnt": 0, "node": "AS-N145"}, "package_id": "PKG16765", "payload": {"status": "DELIVERED"}, "sent_ts": 1758716766530, "arrival_ts": 1758716766530}
{"action": "recv", "src": "SA-N29", "dst": "AS-N145", "hlc": {"phys": 1758718066892, "cnt": 0, "node": "SA-N29"}, "package_id": "PKG18046", "payload": {"status": "CREATED"}, "sent_ts": 1758718046602, "arrival_ts": 1758718046615}
{"action": "recv", "src": "SA-N29", "dst": "AS-N145", "hlc": {"phys": 1758718067114, "cnt": 0, "node": "SA-N29"}, "package_id": "PKG18046", "payload": {"status": "SENT"}, "sent_ts": 1758718046824, "arrival_ts": 1758718046965}
{"action": "recv", "src": "SA-N29", "dst": "AS-N145", "hlc": {"phys": 1758718067478, "cnt": 0, "node": "SA-N29"}, "package_id": "PKG18046", "payload": {"status": "IN_TRANSIT"}, "sent_ts": 1758718047188, "arrival_ts": 1758718047203}
{"action": "recv", "src": "SA-N29", "dst": "AS-N145", "hlc": {"phys": 1758718067697, "cnt": 0, "node": "SA-N29"}, "package_id": "PKG18046", "payload": {"status": "RECEIVED"}, "sent_ts": 1758718047407, "arrival_ts": 1758718047539}
{"action": "recv", "src": "SA-N29", "dst": "AS-N145", "hlc": {"phys": 1758718068029, "cnt": 0, "node": "SA-N29"}, "package_id": "PKG18046", "payload": {"status": "DELIVERED"}, "sent_ts": 1758718047739, "arrival_ts": 1758718047829}
{"action": "send", "src": "AS-N145", "dst": "EU-N169", "hlc": {"phys": 1758718470959, "cnt": 0, "node": "AS-N145"}, "package_id": "PKG18459", "payload": {"status": "CREATED"}, "sent_ts": 1758718459509, "arrival_ts": 1758718459509}
{"action": "send", "src": "AS-N145", "dst": "EU-N169", "hlc": {"phys": 1758718471280, "cnt": 0, "node": "AS-N145"}, "package_id": "PKG18459", "payload": {"status": "SENT"}, "sent_ts": 1758718459830, "arrival_ts": 1758718459830}
{"action": "send", "src": "AS-N145", "dst": "EU-N169", "hlc": {"phys": 1758718471585, "cnt": 0, "node": "AS-N145"}, "package_id": "PKG18459", "payload": {"status": "IN_TRANSIT"}, "sent_ts": 1758718460135, "arrival_ts": 1758718460135}
{"action": "send", "src": "AS-N145", "dst": "EU-N169", "hlc": {"phys": 1758718471999, "cnt": 0, "node": "AS-N145"}, "package_id": "PKG18459", "payload": {"status": "RECEIVED"}, "sent_ts": 1758718460549, "arrival_ts": 1758718460549}
{"action": "send", "src": "AS-N145", "dst": "EU-N169", "hlc": {"phys": 1758718472265, "cnt": 0, "node": "AS-N145"}, "package_id": "PKG18459", "payload": {"status": "DELIVERED"}, "sent_ts": 1758718460815, "arrival_ts": 1758718460815}
{"action": "recv", "src": "AF-N123", "dst": "AS-N145", "hlc": {"phys": 1758718602269, "cnt": 0, "node": "AF-N123"}, "package_id": "PKG18586", "payload": {"status": "CREATED"}, "sent_ts": 1758718586039, "arrival_ts": 1758718586137}
{"action": "recv", "src": "AF-N123", "dst": "AS-N145", "hlc": {"phys": 1758718602563, "cnt": 0, "node": "AF-N123"}, "package_id": "PKG18586", "payload": {"status": "SENT"}, "sent_ts": 1758718586333, "arrival_ts": 1758718586369}
{"action": "recv", "src": "AF-N123", "dst": "AS-N145", "hlc": {"phys": 1758718602799, "cnt": 0, "node": "AF-N123"}, "package_id": "PKG18586", "payload": {"status": "IN_TRANSIT"}, "sent_ts": 1758718586569, "arrival_ts": 1758718586667}
{"action": "recv", "src": "AF-N123", "dst": "AS-N145", "hlc": {"phys": 1758718603102, "cnt": 0, "node": "AF-N123"}, "package_id": "PKG18586", "payload": {"status": "RECEIVED"}, "sent_ts": 1758718586872, "arrival_ts": 1758718586992}
{"action": "recv", "src": "AF-N123", "dst": "AS-N145", "hlc": {"phys": 1758718603441, "cnt": 0, "node": "AF-N123"}, "package_id": "PKG18586", "payload": {"status": "DELIVERED"}, "sent_ts": 1758718587211, "arrival_ts": 1758718587357}
{"action": "recv", "src": "AN-N69", "dst": "AS-N145", "hlc": {"phys": 1758740303123, "cnt": 0, "node": "AN-N69"}, "package_id": "PKG40272", "payload": {"status": "CREATED"}, "sent_ts": 1758740272433, "arrival_ts": 1758740272530}
{"action": "recv", "src": "AN-N69", "dst": "AS-N145", "hlc": {"phys": 1758740303447, "cnt": 0, "node": "AN-N69"}, "package_id": "PKG40272", "payload": {"status": "SENT"}, "sent_ts": 1758740272757, "arrival_ts": 1758740272878}
{"action": "recv", "src": "AN-N69", "dst": "AS-N145", "hlc": {"phys": 1758740303773, "cnt": 0, "node": "AN-N69"}, "package_id": "PKG40272", "payload": {"status": "IN_TRANSIT"}, "sent_ts": 1758740273083, "arrival_ts": 1758740273142}
{"action": "recv", "src": "AN-N69", "dst": "AS-N145", "hlc": {"phys": 1758740304036, "cnt": 0, "node": "AN-N69"}, "package_id": "PKG40272", "payload": {"status": "RECEIVED"}, "sent_ts": 1758740273346, "arrival_ts": 1758740273424}
{"action": "recv", "src": "AN-N69", "dst": "AS-N145", "hlc": {"phys": 1758740304313, "cnt": 0, "node": "AN-N69"}, "package_id": "PKG40272", "payload": {"status": "DELIVERED"}, "sent_ts": 1758740273623, "arrival_ts": 1758740273661}
{"action": "send", "src": "AS-N145", "dst": "SA-N34", "hlc": {"phys": 1758741103948, "cnt": 0, "node": "AS-N145"}, "package_id": "PKG41092", "payload": {"status": "CREATED"}, "sent_ts": 1758741092498, "arrival_ts": 1758741092498}
{"action": "send", "src": "AS-N145", "dst": "SA-N34", "hlc": {"phys": 1758741104244, "cnt": 0, "node": "AS-N145"}, "package_id": "PKG41092", "payload": {"status": "SENT"}, "sent_ts": 1758741092794, "arrival_ts": 1758741092794}
{"action": "send", "src": "AS-N145", "dst": "SA-N34", "hlc": {"phys": 1758741104633, "cnt": 0, "node": "AS-N145"}, "package_id": "PKG41092", "payload": {"status": "IN_TRANSIT"}, "sent_ts": 1758741093183, "arrival_ts": 1758741093183}
{"action": "send", "src": "AS-N145", "dst": "SA-N34", "hlc": {"phys": 1758741104870, "cnt": 0, "node": "AS-N145"}, "package_id": "PKG41092", "payload": {"status": "RECEIVED"}, "sent_ts": 1758741093420, "arrival_ts": 1758741093420}
{"action": "send", "src": "AS-N145", "dst": "SA-N34", "hlc": {"phys": 1758741105168, "cnt": 0, "node": "AS-N145"}, "package_id": "PKG41092", "payload": {"status": "DELIVERED"}, "sent_ts": 1758741093718, "arrival_ts": 1758741093718}
{"action": "recv", "src": "AN-N13", "dst": "AS-N145", "hlc": {"phys": 1758741330952, "cnt": 0, "node": "AN-N13"}, "package_id": "PKG41300", "payload": {"status": "CREATED"}, "sent_ts": 1758741300822, "arrival_ts": 1758741300949}
{"action": "recv", "src": "AN-N13", "dst": "AS-N145", "hlc": {"phys": 1758741331298, "cnt": 0, "node": "AN-N13"}, "package_id": "PKG41300", "payload": {"status": "SENT"}, "sent_ts": 1758741301168, "arrival_ts": 1758741301366}
{"action": "recv", "src": "AN-N13", "dst": "AS-N145", "hlc": {"phys": 1758741331715, "cnt": 0, "node": "AN-N13"}, "package_id": "PKG41300", "payload": {"status": "IN_TRANSIT"}, "sent_ts": 1758741301585, "arrival_ts": 1758741301736}
{"action": "recv", "src": "AN-N13", "dst": "AS-N145", "hlc": {"phys": 1758741332077, "cnt": 0, "node": "AN-N13"}, "package_id": "PKG41300", "payload": {"status": "RECEIVED"}, "sent_ts": 1758741301947, "arrival_ts": 1758741301999}
{"action": "recv", "src": "AN-N13", "dst": "AS-N145", "hlc": {"phys": 1758741332350, "cnt": 0, "node": "AN-N13"}, "package_id": "PKG41300", "payload": {"status": "DELIVERED"}, "sent_ts": 1758741302220, "arrival_ts": 1758741302296}
{"action": "send", "src": "AS-N145", "dst": "EU-N110", "hlc": {"phys": 1758747544744, "cnt": 0, "node": "AS-N145"}, "package_id": "PKG47533", "payload": {"status": "CREATED"}, "sent_ts": 1758747533294, "arrival_ts": 1758747533294}
{"action": "send", "src": "AS-N145", "dst": "EU-N110", "hlc": {"phys": 1758747545147, "cnt": 0, "node": "AS-N145"}, "package_id": "PKG47533", "payload": {"status": "SENT"}, "sent_ts": 1758747533697, "arrival_ts": 1758747533697}
{"action": "send", "src": "AS-N145", "dst": "EU-N110", "hlc": {"phys": 1758747545472, "cnt": 0, "node": "AS-N145"}, "package_id": "PKG47533", "payload": {"status": "IN_TRANSIT"}, "sent_ts": 1758747534022, "arrival_ts": 1758747534022}
{"action": "send", "src": "AS-N145", "dst": "EU-N110", "hlc": {"phys": 1758747545784, "cnt": 0, "node": "AS-N145"}, "package_id": "PKG47533", "payload": {"status": "RECEIVED"}, "sent_ts": 1758747534334, "arrival_ts": 1758747534334}
{"action": "send", "src": "AS-N145", "dst": "EU-N110", "hlc": {"phys": 1758747546175, "cnt": 0, "node": "AS-N145"}, "package_id": "PKG47533", "payload": {"status": "DELIVERED"}, "sent_ts": 1758747534725, "arrival_ts": 1758747534725}
{"action": "send", "src": "AS-N145", "dst": "AN-N120", "hlc": {"phys": 1758751953236, "cnt": 0, "node": "AS-N145"}, "package_id": "PKG51941", "payload": {"status": "CREATED"}, "sent_ts": 1758751941786, "arrival_ts": 1758751941786}
{"action": "send", "src": "AS-N145", "dst": "AN-N120", "hlc": {"phys": 1758751953479, "cnt": 0, "node": "AS-N145"}, "package_id": "PKG51941", "payload": {"status": "SENT"}, "sent_ts": 1758751942029, "arrival_ts": 1758751942029}
{"action": "send", "src": "AS-N145", "dst": "AN-N120", "hlc": {"phys": 1758751953834, "cnt": 0, "node": "AS-N145"}, "package_id": "PKG51941", "payload": {"status": "IN_TRANSIT"}, "sent_ts": 1758751942384, "arrival_ts": 1758751942384}
{"action": "send", "src": "AS-N145", "dst": "AN-N120", "hlc": {"phys": 1758751954043, "cnt": 0, "node": "AS-N145"}, "package_id": "PKG51941", "payload": {"status": "RECEIVED"}, "sent_ts": 1758751942593, "arrival_ts": 1758751942593}
{"action": "send", "src": "AS-N145", "dst": "AN-N120", "hlc": {"phys": 1758751954432, "cnt": 0, "node": "AS-N145"}, "package_id": "PKG51941", "payload": {"status": "DELIVERED"}, "sent_ts": 1758751942982, "arrival_ts": 1758751942982}
{"action": "recv", "src": "AS-N12", "dst": "AS-N145", "hlc": {"phys": 1758752952533, "cnt": 0, "node": "AS-N12"}, "package_id": "PKG52942", "payload": {"status": "CREATED"}, "sent_ts": 1758752942413, "arrival_ts": 1758752942484}
{"action": "recv", "src": "AS-N12", "dst": "AS-N145", "hlc": {"phys": 1758752952822, "cnt": 0, "node": "AS-N12"}, "package_id": "PKG52942", "payload": {"status": "SENT"}, "sent_ts": 1758752942702, "arrival_ts": 1758752942852}
{"action": "recv", "src": "AS-N12", "dst": "AS-N145", "hlc": {"phys": 1758752953181, "cnt": 0, "node": "AS-N12"}, "package_id": "PKG52942", "payload": {"status": "IN_TRANSIT"}, "sent_ts": 1758752943061, "arrival_ts": 1758752943220}
{"action": "recv", "src": "AS-N12", "dst": "AS-N145", "hlc": {"phys": 1758752953550, "cnt": 0, "node": "AS-N12"}, "package_id": "PKG52942", "payload": {"status": "RECEIVED"}, "sent_ts": 1758752943430, "arrival_ts": 1758752943451}
{"action": "recv", "src": "AS-N12", "dst": "AS-N145", "hlc": {"phys": 1758752953763, "cnt": 0, "node": "AS-N12"}, "package_id": "PKG52942", "payload": {"status": "DELIVERED"}, "sent_ts": 1758752943643, "arrival_ts": 1758752943661}
{"action": "send", "src": "AS-N145", "dst": "SA-N185", "hlc": {"phys": 1758753074089, "cnt": 0, "node": "AS-N145"}, "package_id": "PKG53062", "payload": {"status": "CREATED"}, "sent_ts": 1758753062639, "arrival_ts": 1758753062639}
{"action": "send", "src": "AS-N145", "dst": "SA-N185", "hlc": {"phys": 1758753074471, "cnt": 0, "node": "AS-N145"}, "package_id": "PKG53062", "payload": {"status": "SENT"}, "sent_ts": 1758753063021, "arrival_ts": 1758753063021}
{"action": "send", "src": "AS-N145", "dst": "SA-N185", "hlc": {"phys": 1758753074749, "cnt": 0, "node": "AS-N145"}, "package_id": "PKG53062", "payload": {"status": "IN_TRANSIT"}, "sent_ts": 1758753063299, "arrival_ts": 1758753063299}
{"action": "send", "src": "AS-N145", "dst": "SA-N185", "hlc": {"phys": 1758753075053, "cnt": 0, "node": "AS-N145"}, "package_id": "PKG53062", "payload": {"status": "RECEIVED"}, "sent_ts": 1758753063603, "arrival_ts": 1758753063603}
{"action": "send", "src": "AS-N145", "dst": "SA-N185", "hlc": {"phys": 1758753075361, "cnt": 0, "node": "AS-N145"}, "package_id": "PKG53062", "payload": {"status": "DELIVERED"}, "sent_ts": 1758753063911, "arrival_ts": 1758753063911}
{"action": "send", "src": "AS-N145", "dst": "SA-N19", "hlc": {"phys": 1758756131209, "cnt": 0, "node": "AS-N145"}, "package_id": "PKG56119", "payload": {"status": "CREATED"}, "sent_ts": 1758756119759, "arrival_ts": 1758756119759}
{"action": "send", "src": "AS-N145", "dst": "SA-N19", "hlc": {"phys": 1758756131444, "cnt": 0, "node": "AS-N145"}, "package_id": "PKG56119", "payload": {"status": "SENT"}, "sent_ts": 1758756119994, "arrival_ts": 1758756119994}
{"action": "send", "src": "AS-N145", "dst": "SA-N19", "hlc": {"phys": 1758756131697, "cnt": 0, "node": "AS-N145"}, "package_id": "PKG56119", "payload": {"status": "IN_TRANSIT"}, "sent_ts": 1758756120247, "arrival_ts": 1758756120247}
{"action": "send", "src": "AS-N145", "dst": "SA-N19", "hlc": {"phys": 1758756131981, "cnt": 0, "node": "AS-N145"}, "package_id": "PKG56119", "payload": {"status": "RECEIVED"}, "sent_ts": 1758756120531, "arrival_ts": 1758756120531}
{"action": "send", "src": "AS-N145", "dst": "SA-N19", "hlc": {"phys": 1758756132309, "cnt": 0, "node": "AS-N145"}, "package_id": "PKG56119", "payload": {"status": "DELIVERED"}, "sent_ts": 1758756120859, "arrival_ts": 1758756120859}
{"action": "recv", "src": "NA-N37", "dst": "AS-N145", "hlc": {"phys": 1758757165275, "cnt": 0, "node": "NA-N37"}, "package_id": "PKG57164", "payload": {"status": "CREATED"}, "sent_ts": 1758757164905, "arrival_ts": 1758757164956}
{"action": "recv", "src": "NA-N37", "dst": "AS-N145", "hlc": {"phys": 1758757165549, "cnt": 0, "node": "NA-N37"}, "package_id": "PKG57164", "payload": {"status": "SENT"}, "sent_ts": 1758757165179, "arrival_ts": 1758757165313}
{"action": "recv", "src": "NA-N37", "dst": "AS-N145", "hlc": {"phys": 1758757165897, "cnt": 0, "node": "NA-N37"}, "package_id": "PKG57164", "payload": {"status": "IN_TRANSIT"}, "sent_ts": 1758757165527, "arrival_ts": 1758757165660}
{"action": "recv", "src": "NA-N37", "dst": "AS-N145", "hlc": {"phys": 1758757166236, "cnt": 0, "node": "NA-N37"}, "package_id": "PKG57164", "payload": {"status": "RECEIVED"}, "sent_ts": 1758757165866, "arrival_ts": 1758757166008}
{"action": "recv", "src": "NA-N37", "dst": "AS-N145", "hlc": {"phys": 1758757166572, "cnt": 0, "node": "NA-N37"}, "package_id": "PKG57164", "payload": {"status": "DELIVERED"}, "sent_ts": 1758757166202, "arrival_ts": 1758757166250}
{"action": "recv", "src": "NA-N41", "dst": "AS-N145", "hlc": {"phys": 1758762396997, "cnt": 0, "node": "NA-N41"}, "package_id": "PKG62396", "payload": {"status": "CREATED"}, "sent_ts": 1758762396587, "arrival_ts": 1758762396771}
{"action": "recv", "src": "NA-N41", "dst": "AS-N145", "hlc": {"phys": 1758762397396, "cnt": 0, "node": "NA-N41"}, "package_id": "PKG62396", "payload": {"status": "SENT"}, "sent_ts": 1758762396986, "arrival_ts": 1758762397024}
{"action": "recv", "src": "NA-N41", "dst": "AS-N145", "hlc": {"phys": 1758762397642, "cnt": 0, "node": "NA-N41"}, "package_id": "PKG62396", "payload": {"status": "IN_TRANSIT"}, "sent_ts": 1758762397232, "arrival_ts": 1758762397331}
{"action": "recv", "src": "NA-N41", "dst": "AS-N145", "hlc": {"phys": 1758762397955, "cnt": 0, "node": "NA-N41"}, "package_id": "PKG62396", "payload": {"status": "RECEIVED"}, "sent_ts": 1758762397545, "arrival_ts": 1758762397676}
{"action": "recv", "src": "NA-N41", "dst": "AS-N145", "hlc": {"phys": 1758762398295, "cnt": 0, "node": "NA-N41"}, "package_id": "PKG62396", "payload": {"status": "DELIVERED"}, "sent_ts": 1758762397885, "arrival_ts": 1758762397913}
{"action": "recv", "src": "EU-N114", "dst": "AS-N145", "hlc": {"phys": 1758764298257, "cnt": 0, "node": "EU-N114"}, "package_id": "PKG64292", "payload": {"status": "CREATED"}, "sent_ts": 1758764292117, "arrival_ts": 1758764292203}
{"action": "recv", "src": "EU-N114", "dst": "AS-N145", "hlc": {"phys": 1758764298553, "cnt": 0, "node": "EU-N114"}, "package_id": "PKG64292", "payload": {"status": "SENT"}, "sent_ts": 1758764292413, "arrival_ts": 1758764292475}
{"action": "recv", "src": "EU-N114", "dst": "AS-N145", "hlc": {"phys": 1758764298819, "cnt": 0, "node": "EU-N114"}, "package_id": "PKG64292", "payload": {"status": "IN_TRANSIT"}, "sent_ts": 1758764292679, "arrival_ts": 1758764292821}
{"action": "recv", "src": "EU-N114", "dst": "AS-N145", "hlc": {"phys": 1758764299160, "cnt": 0, "node": "EU-N114"}, "package_id": "PKG64292", "payload": {"status": "RECEIVED"}, "sent_ts": 1758764293020, "arrival_ts": 1758764293075}
{"action": "recv", "src": "EU-N114", "dst": "AS-N145", "hlc": {"phys": 1758764299409, "cnt": 0, "node": "EU-N114"}, "package_id": "PKG64292", "payload": {"status": "DELIVERED"}, "sent_ts": 1758764293269, "arrival_ts": 1758764293450}
{"action": "recv", "src": "AN-N111", "dst": "AS-N145", "hlc": {"phys": 1758765046049, "cnt": 0, "node": "AN-N111"}, "package_id": "PKG65014", "payload": {"status": "CREATED"}, "sent_ts": 1758765014939, "arrival_ts": 1758765015035}
{"action": "recv", "src": "AN-N111", "dst": "AS-N145", "hlc": {"phys": 1758765046351, "cnt": 0, "node": "AN-N111"}, "package_id": "PKG65014", "payload": {"status": "SENT"}, "sent_ts": 1758765015241, "arrival_ts": 1758765015258}
{"action": "recv", "src": "AN-N111", "dst": "AS-N145", "hlc": {"phys": 1758765046577, "cnt": 0, "node": "AN-N111"}, "package_id": "PKG65014", "payload": {"status": "IN_TRANSIT"}, "sent_ts": 1758765015467, "arrival_ts": 1758765015562}
{"action": "recv", "src": "AN-N111", "dst": "AS-N145", "hlc": {"phys": 1758765046877, "cnt": 0, "node": "AN-N111"}, "package_id": "PKG65014", "payload": {"status": "RECEIVED"}, "sent_ts": 1758765015767, "arrival_ts": 1758765015822}
{"action": "recv", "src": "AN-N111", "dst": "AS-N145", "hlc": {"phys": 1758765047131, "cnt": 0, "node": "AN-N111"}, "package_id": "PKG65014", "payload": {"status": "DELIVERED"}, "sent_ts": 1758765016021, "arrival_ts": 1758765016193}
{"action": "send", "src": "AS-N145", "dst": "NA-N35", "hlc": {"phys": 1758801238814, "cnt": 0, "node": "AS-N145"}, "package_id": "PKG1227", "payload": {"status": "CREATED"}, "sent_ts": 1758801227364, "arrival_ts": 1758801227364}
{"action": "send", "src": "AS-N145", "dst": "NA-N35", "hlc": {"phys": 1758801239128, "cnt": 0, "node": "AS-N145"}, "package_id": "PKG1227", "payload": {"status": "SENT"}, "sent_ts": 1758801227678, "arrival_ts": 1758801227678}
{"action": "send", "src": "AS-N145", "dst": "NA-N35", "hlc": {"phys": 1758801239408, "cnt": 0, "node": "AS-N145"}, "package_id": "PKG1227", "payload": {"status": "IN_TRANSIT"}, "sent_ts": 1758801227958, "arrival_ts": 1758801227958}
{"action": "send", "src": "AS-N145", "dst": "NA-N35", "hlc": {"phys": 1758801239706, "cnt": 0, "node": "AS-N145"}, "package_id": "PKG1227", "payload": {"status": "RECEIVED"}, "sent_ts": 1758801228256, "arrival_ts": 1758801228256}
{"action": "send", "src": "AS-N145", "dst": "NA-N35", "hlc": {"phys": 1758801240006, "cnt": 0, "node": "AS-N145"}, "package_id": "PKG1227", "payload": {"status": "DELIVERED"}, "sent_ts": 1758801228556, "arrival_ts": 1758801228556}
{"action": "recv", "src": "AS-N138", "dst": "AS-N145", "hlc": {"phys": 1758802733834, "cnt": 0, "node": "AS-N138"}, "package_id": "PKG2722", "payload": {"status": "CREATED"}, "sent_ts": 1758802722454, "arrival_ts": 1758802722647}
{"action": "recv", "src": "AS-N138", "dst": "AS-N145", "hlc": {"phys": 1758802734231, "cnt": 0, "node": "AS-N138"}, "package_id": "PKG2722", "payload": {"status": "SENT"}, "sent_ts": 1758802722851, "arrival_ts": 1758802722879}
{"action": "recv", "src": "AS-N138", "dst": "AS-N145", "hlc": {"phys": 1758802734467, "cnt": 0, "node": "AS-N138"}, "package_id": "PKG2722", "payload": {"status": "IN_TRANSIT"}, "sent_ts": 1758802723087, "arrival_ts": 1758802723189}
{"action": "recv", "src": "AS-N138", "dst": "AS-N145", "hlc": {"phys": 1758802734790, "cnt": 0, "node": "AS-N138"}, "package_id": "PKG2722", "payload": {"status": "RECEIVED"}, "sent_ts": 1758802723410, "arrival_ts": 1758802723439}
{"action": "recv", "src": "AS-N138", "dst": "AS-N145", "hlc": {"phys": 1758802735029, "cnt": 0, "node": "AS-N138"}, "package_id": "PKG2722", "payload": {"status": "DELIVERED"}, "sent_ts": 1758802723649, "arrival_ts": 1758802723748}
{"action": "recv", "src": "AS-N168", "dst": "AS-N145", "hlc": {"phys": 1758805601212, "cnt": 0, "node": "AS-N168"}, "package_id": "PKG5589", "payload": {"status": "CREATED"}, "sent_ts": 1758805589532, "arrival_ts": 1758805589650}
{"action": "recv", "src": "AS-N168", "dst": "AS-N145", "hlc": {"phys": 1758805601538, "cnt": 0, "node": "AS-N168"}, "package_id": "PKG5589", "payload": {"status": "SENT"}, "sent_ts": 1758805589858, "arrival_ts": 1758805589954}
{"action": "recv", "src": "AS-N168", "dst": "AS-N145", "hlc": {"phys": 1758805601846, "cnt": 0, "node": "AS-N168"}, "package_id": "PKG5589", "payload": {"status": "IN_TRANSIT"}, "sent_ts": 1758805590166, "arrival_ts": 1758805590322}
{"action": "recv", "src": "AS-N168", "dst": "AS-N145", "hlc": {"phys": 1758805602203, "cnt": 0, "node": "AS-N168"}, "package_id": "PKG5589", "payload": {"status": "RECEIVED"}, "sent_ts": 1758805590523, "arrival_ts": 1758805590609}
{"action": "recv", "src": "AS-N168", "dst": "AS-N145", "hlc": {"phys": 1758805602498, "cnt": 0, "node": "AS-N168"}, "package_id": "PKG5589", "payload": {"status": "DELIVERED"}, "sent_ts": 1758805590818, "arrival_ts": 1758805590946}
{"action": "send", "src": "AS-N145", "dst": "AS-N26", "hlc": {"phys": 1758812978809, "cnt": 0, "node": "AS-N145"}, "package_id": "PKG12967", "payload": {"status": "CREATED"}, "sent_ts": 1758812967359, "arrival_ts": 1758812967359}
{"action": "send", "src": "AS-N145", "dst": "AS-N26", "hlc": {"phys": 1758812979092, "cnt": 0, "node": "AS-N145"}, "package_id": "PKG12967", "payload": {"status": "SENT"}, "sent_ts": 1758812967642, "arrival_ts": 1758812967642}
{"action": "send", "src": "AS-N145", "dst": "AS-N26", "hlc": {"phys": 1758812979388, "cnt": 0, "node": "AS-N145"}, "package_id": "PKG12967", "payload": {"status": "IN_TRANSIT"}, "sent_ts": 1758812967938, "arrival_ts": 1758812967938}
{"action": "send", "src": "AS-N145", "dst": "AS-N26", "hlc": {"phys": 1758812979667, "cnt": 0, "node": "AS-N145"}, "package_id": "PKG12967", "payload": {"status": "RECEIVED"}, "sent_ts": 1758812968217, "arrival_ts": 1758812968217}
{"action": "send", "src": "AS-N145", "dst": "AS-N26", "hlc": {"phys": 1758812979993, "cnt": 0, "node": "AS-N145"}, "package_id": "PKG12967", "payload": {"status": "DELIVERED"}, "sent_ts": 1758812968543, "arrival_ts": 1758812968543}
{"action": "recv", "src": "EU-N134", "dst": "AS-N145", "hlc": {"phys": 1758813110653, "cnt": 0, "node": "EU-N134"}, "package_id": "PKG13104", "payload": {"status": "CREATED"}, "sent_ts": 1758813104313, "arrival_ts": 1758813104356}
{"action": "recv", "src": "EU-N134", "dst": "AS-N145", "hlc": {"phys": 1758813110883, "cnt": 0, "node": "EU-N134"}, "package_id": "PKG13104", "payload": {"status": "SENT"}, "sent_ts": 1758813104543, "arrival_ts": 1758813104669}
{"action": "recv", "src": "EU-N134", "dst": "AS-N145", "hlc": {"phys": 1758813111212, "cnt": 0, "node": "EU-N134"}, "package_id": "PKG13104", "payload": {"status": "IN_TRANSIT"}, "sent_ts": 1758813104872, "arrival_ts": 1758813104987}
{"action": "recv", "src": "EU-N134", "dst": "AS-N145", "hlc": {"phys": 1758813111550, "cnt": 0, "node": "EU-N134"}, "package_id": "PKG13104", "payload": {"status": "RECEIVED"}, "sent_ts": 1758813105210, "arrival_ts": 1758813105317}
{"action": "recv", "src": "EU-N134", "dst": "AS-N145", "hlc": {"phys": 1758813111862, "cnt": 0, "node": "EU-N134"}, "package_id": "PKG13104", "payload": {"status": "DELIVERED"}, "sent_ts": 1758813105522, "arrival_ts": 1758813105587}
{"action": "send", "src": "AS-N145", "dst": "AN-N107", "hlc": {"phys": 1758814094414, "cnt": 0, "node": "AS-N145"}, "package_id": "PKG14082", "payload": {"status": "CREATED"}, "sent_ts": 1758814082964, "arrival_ts": 1758814082964}
{"action": "send", "src": "AS-N145", "dst": "AN-N107", "hlc": {"phys": 1758814094775, "cnt": 0, "node": "AS-N145"}, "package_id": "PKG14082", "payload": {"status": "SENT"}, "sent_ts": 1758814083325, "arrival_ts": 1758814083325}
{"action": "send", "src": "AS-N145", "dst": "AN-N107", "hlc": {"phys": 1758814095116, "cnt": 0, "node": "AS-N145"}, "package_id": "PKG14082", "payload": {"status": "IN_TRANSIT"}, "sent_ts": 1758814083666, "arrival_ts": 1758814083666}
{"action": "send", "src": "AS-N145", "dst": "AN-N107", "hlc": {"phys": 1758814095441, "cnt": 0, "node": "AS-N145"}, "package_id": "PKG14082", "payload": {"status": "RECEIVED"}, "sent_ts": 1758814083991, "arrival_ts": 1758814083991}
{"action": "send", "src": "AS-N145", "dst": "AN-N107", "hlc": {"phys": 1758814095829, "cnt": 0, "node": "AS-N145"}, "package_id": "PKG14082", "payload": {"status": "DELIVERED"}, "sent_ts": 1758814084379, "arrival_ts": 1758814084379}
{"action": "send", "src": "AS-N145", "dst": "NA-N10", "hlc": {"phys": 1758815418820, "cnt": 0, "node": "AS-N145"}, "package_id": "PKG15407", "payload": {"status": "CREATED"}, "sent_ts": 1758815407370, "arrival_ts": 1758815407370}
{"action": "send", "src": "AS-N145", "dst": "NA-N10", "hlc": {"phys": 1758815419064, "cnt": 0, "node": "AS-N145"}, "package_id": "PKG15407", "payload": {"status": "SENT"}, "sent_ts": 1758815407614, "arrival_ts": 1758815407614}
{"action": "send", "src": "AS-N145", "dst": "NA-N10", "hlc": {"phys": 1758815419345, "cnt": 0, "node": "AS-N145"}, "package_id": "PKG15407", "payload": {"status": "IN_TRANSIT"}, "sent_ts": 1758815407895, "arrival_ts": 1758815407895}
{"action": "send", "src": "AS-N145", "dst": "NA-N10", "hlc": {"phys": 1758815419728, "cnt": 0, "node": "AS-N145"}, "package_id": "PKG15407", "payload": {"status": "RECEIVED"}, "sent_ts": 1758815408278, "arrival_ts": 1758815408278}
{"action": "send", "src": "AS-N145", "dst": "NA-N10", "hlc": {"phys": 1758815420098, "cnt": 0, "node": "AS-N145"}, "package_id": "PKG15407", "payload": {"status": "DELIVERED"}, "sent_ts": 1758815408648, "arrival_ts": 1758815408648}
