{"action": "send", "src": "AS-N47", "dst": "AF-N174", "hlc": {"phys": 1758717530688, "cnt": 0, "node": "AS-N47"}, "package_id": "PKG17520", "payload": {"status": "CREATED"}, "sent_ts": 1758717520218, "arrival_ts": 1758717520218}
{"action": "send", "src": "AS-N47", "dst": "AF-N174", "hlc": {"phys": 1758717530910, "cnt": 0, "node": "AS-N47"}, "package_id": "PKG17520", "payload": {"status": "SENT"}, "sent_ts": 1758717520440, "arrival_ts": 1758717520440}
{"action": "send", "src": "AS-N47", "dst": "AF-N174", "hlc": {"phys": 1758717531252, "cnt": 0, "node": "AS-N47"}, "package_id": "PKG17520", "payload": {"status": "IN_TRANSIT"}, "sent_ts": 1758717520782, "arrival_ts": 1758717520782}
{"action": "send", "src": "AS-N47", "dst": "AF-N174", "hlc": {"phys": 1758717531588, "cnt": 0, "node": "AS-N47"}, "package_id": "PKG17520", "payload": {"status": "RECEIVED"}, "sent_ts": 1758717521118, "arrival_ts": 1758717521118}
{"action": "send", "src": "AS-N47", "dst": "AF-N174", "hlc": {"phys": 1758717531853, "cnt": 0, "node": "AS-N47"}, "package_id": "PKG17520", "payload": {"status": "DELIVERED"}, "sent_ts": 1758717521383, "arrival_ts": 1758717521383}
{"action": "send", "src": "AS-N47", "dst": "AU-N95", "hlc": {"phys": 1758717913747, "cnt": 0, "node": "AS-N47"}, "package_id": "PKG17903", "payload": {"status": "CREATED"}, "sent_ts": 1758717903277, "arrival_ts": 1758717903277}
{"action": "send", "src": "AS-N47", "dst": "AU-N95", "hlc": {"phys": 1758717914032, "cnt": 0, "node": "AS-N47"}, "package_id": "PKG17903", "payload": {"status": "SENT"}, "sent_ts": 1758717903562, "arrival_ts": 1758717903562}
{"action": "send", "src": "AS-N47", "dst": "AU-N95", "hlc": {"phys": 1758717914321, "cnt": 0, "node": "AS-N47"}, "package_id": "PKG17903", "payload": {"status": "IN_TRANSIT"}, "sent_ts": 1758717903851, "arrival_ts": 1758717903851}
{"action": "send", "src": "AS-N47", "dst": "AU-N95", "hlc": {"phys": 1758717914718, "cnt": 0, "node": "AS-N47"}, "package_id": "PKG17903", "payload": {"status": "RECEIVED"}, "sent_ts": 1758717904248, "arrival_ts": 1758717904248}
{"action": "send", "src": "AS-N47", "dst": "AU-N95", "hlc": {"phys": 1758717915002, "cnt": 0, "node": "AS-N47"}, "package_id": "PKG17903", "payload": {"status": "DELIVERED"}, "sent_ts": 1758717904532, "arrival_ts": 1758717904532}
{"action": "send", "src": "AS-N47", "dst": "AF-N171", "hlc": {"phys": 1758718930138, "cnt": 0, "node": "AS-N47"}, "package_id": "PKG18919", "payload": {"status": "CREATED"}, "sent_ts": 1758718919668, "arrival_ts": 1758718919668}
{"action": "send", "src": "AS-N47", "dst": "AF-N171", "hlc": {"phys": 1758718930463, "cnt": 0, "node": "AS-N47"}, "package_id": "PKG18919", "payload": {"status": "SENT"}, "sent_ts": 1758718919993, "arrival_ts": 1758718919993}
{"action": "send", "src": "AS-N47", "dst": "AF-N171", "hlc": {"phys": 1758718930698, "cnt": 0, "node": "AS-N47"}, "package_id": "PKG18919", "payload": {"status": "IN_TRANSIT"}, "sent_ts": 1758718920228, "arrival_ts": 1758718920228}
{"action": "send", "src": "AS-N47", "dst": "AF-N171", "hlc": {"phys": 1758718931024, "cnt": 0, "node": "AS-N47"}, "package_id": "PKG18919", "payload": {"status": "RECEIVED"}, "sent_ts": 1758718920554, "arrival_ts": 1758718920554}
{"action": "send", "src": "AS-N47", "dst": "AF-N171", "hlc": {"phys": 1758718931364, "cnt": 0, "node": "AS-N47"}, "package_id": "PKG18919", "payload": {"status": "DELIVERED"}, "sent_ts": 1758718920894, "arrival_ts": 1758718920894}
{"action": "send", "src": "AS-N47", "dst": "AN-N46", "hlc": {"phys": 1758719465382, "cnt": 0, "node": "AS-N47"}, "package_id": "PKG19454", "payload": {"status": "CREATED"}, "sent_ts": 1758719454912, "arrival_ts": 1758719454912}
{"action": "send", "src": "AS-N47", "dst": "AN-N46", "hlc": {"phys": 1758719465765, "cnt": 0, "node": "AS-N47"}, "package_id": "PKG19454", "payload": {"status": "SENT"}, "sent_ts": 1758719455295, "arrival_ts": 1758719455295}
{"action": "send", "src": "AS-N47", "dst": "AN-N46", "hlc": {"phys": 1758719466119, "cnt": 0, "node": "AS-N47"}, "package_id": "PKG19454", "payload": {"status": "IN_TRANSIT"}, "sent_ts": 1758719455649, "arrival_ts": 1758719455649}
{"action": "send", "src": "AS-N47", "dst": "AN-N46", "hlc": {"phys": 1758719466477, "cnt": 0, "node": "AS-N47"}, "package_id": "PKG19454", "payload": {"status": "RECEIVED"}, "sent_ts": 1758719456007, "arrival_ts": 1758719456007}
{"action": "send", "src": "AS-N47", "dst": "AN-N46", "hlc": {"phys": 1758719466694, "cnt": 0, "node": "AS-N47"}, "package_id": "PKG19454", "payload": {"status": "DELIVERED"}, "sent_ts": 1758719456224, "arrival_ts": 1758719456224}
{"action": "recv", "src": "NA-N147", "dst": "AS-N47", "hlc": {"phys": 1758739605858, "cnt": 0, "node": "NA-N147"}, "package_id": "PKG39604", "payload": {"status": "CREATED"}, "sent_ts": 1758739604388, "arrival_ts": 1758739604407}
{"action": "recv", "src": "NA-N147", "dst": "AS-N47", "hlc": {"phys": 1758739606093, "cnt": 0, "node": "NA-N147"}, "package_id": "PKG39604", "payload": {"status": "SENT"}, "sent_ts": 1758739604623, "arrival_ts": 1758739604648}
{"action": "recv", "src": "NA-N147", "dst": "AS-N47", "hlc": {"phys": 1758739606328, "cnt": 0, "node": "NA-N147"}, "package_id": "PKG39604", "payload": {"status": "IN_TRANSIT"}, "sent_ts": 1758739604858, "arrival_ts": 1758739604950}
{"action": "recv", "src": "NA-N147", "dst": "AS-N47", "hlc": {"phys": 1758739606629, "cnt": 0, "node": "NA-N147"}, "package_id": "PKG39604", "payload": {"status": "RECEIVED"}, "sent_ts": 1758739605159, "arrival_ts": 1758739605202}
{"action": "recv", "src": "NA-N147", "dst": "AS-N47", "hlc": {"phys": 1758739606872, "cnt": 0, "node": "NA-N147"}, "package_id": "PKG39604", "payload": {"status": "DELIVERED"}, "sent_ts": 1758739605402, "arrival_ts": 1758739605529}
{"action": "recv", "src": "AN-N188", "dst": "AS-N47", "hlc": {"phys": 1758750085537, "cnt": 0, "node": "AN-N188"}, "package_id": "PKG50053", "payload": {"status": "CREATED"}, "sent_ts": 1758750053657, "arrival_ts": 1758750053749}
{"action": "recv", "src": "AN-N188", "dst": "AS-N47", "hlc": {"phys": 1758750085816, "cnt": 0, "node": "AN-N188"}, "package_id": "PKG50053", "payload": {"status": "SENT"}, "sent_ts": 1758750053936, "arrival_ts": 1758750053977}
{"action": "recv", "src": "AN-N188", "dst": "AS-N47", "hlc": {"phys": 1758750086066, "cnt": 0, "node": "AN-N188"}, "package_id": "PKG50053", "payload": {"status": "IN_TRANSIT"}, "sent_ts": 1758750054186, "arrival_ts": 1758750054254}
{"action": "recv", "src": "AN-N188", "dst": "AS-N47", "hlc": {"phys": 1758750086342, "cnt": 0, "node": "AN-N188"}, "package_id": "PKG50053", "payload": {"status": "RECEIVED"}, "sent_ts": 1758750054462, "arrival_ts": 1758750054606}
{"action": "recv", "src": "AN-N188", "dst": "AS-N47", "hlc": {"phys": 1758750086712, "cnt": 0, "node": "AN-N188"}, "package_id": "PKG50053", "payload": {"status": "DELIVERED"}, "sent_ts": 1758750054832, "arrival_ts": 1758750054968}
{"action": "send", "src": "AS-N47", "dst": "EU-N26", "hlc": {"phys": 1758755990804, "cnt": 0, "node": "AS-N47"}, "package_id": "PKG55980", "payload": {"status": "CREATED"}, "sent_ts": 1758755980334, "arrival_ts": 1758755980334}
{"action": "send", "src": "AS-N47", "dst": "EU-N26", "hlc": {"phys": 1758755991059, "cnt": 0, "node": "AS-N47"}, "package_id": "PKG55980", "payload": {"status": "SENT"}, "sent_ts": 1758755980588, "arrival_ts": 1758755980589}
{"action": "send", "src": "AS-N47", "dst": "EU-N26", "hlc": {"phys": 1758755991409, "cnt": 0, "node": "AS-N47"}, "package_id": "PKG55980", "payload": {"status": "IN_TRANSIT"}, "sent_ts": 1758755980939, "arrival_ts": 1758755980939}
{"action": "send", "src": "AS-N47", "dst": "EU-N26", "hlc": {"phys": 1758755991735, "cnt": 0, "node": "AS-N47"}, "package_id": "PKG55980", "payload": {"status": "RECEIVED"}, "sent_ts": 1758755981265, "arrival_ts": 1758755981265}
{"action": "send", "src": "AS-N47", "dst": "EU-N26", "hlc": {"phys": 1758755992085, "cnt": 0, "node": "AS-N47"}, "package_id": "PKG55980", "payload": {"status": "DELIVERED"}, "sent_ts": 1758755981615, "arrival_ts": 1758755981615}
{"action": "recv", "src": "AU-N29", "dst": "AS-N47", "hlc": {"phys": 1758756505266, "cnt": 0, "node": "AU-N29"}, "package_id": "PKG56479", "payload": {"status": "CREATED"}, "sent_ts": 1758756479976, "arrival_ts": 1758756480036}
{"action": "recv", "src": "AU-N29", "dst": "AS-N47", "hlc": {"phys": 1758756505539, "cnt": 0, "node": "AU-N29"}, "package_id": "PKG56479", "payload": {"status": "SENT"}, "sent_ts": 1758756480249, "arrival_ts": 1758756480442}
{"action": "recv", "src": "AU-N29", "dst": "AS-N47", "hlc": {"phys": 1758756505949, "cnt": 0, "node": "AU-N29"}, "package_id": "PKG56479", "payload": {"status": "IN_TRANSIT"}, "sent_ts": 1758756480659, "arrival_ts": 1758756480789}
{"action": "recv", "src": "AU-N29", "dst": "AS-N47", "hlc": {"phys": 1758756506285, "cnt": 0, "node": "AU-N29"}, "package_id": "PKG56479", "payload": {"status": "RECEIVED"}, "sent_ts": 1758756480995, "arrival_ts": 1758756481008}
{"action": "recv", "src": "AU-N29", "dst": "AS-N47", "hlc": {"phys": 1758756508199, "cnt": 0, "node": "AU-N29"}, "package_id": "PKG56479", "payload": {"status": "DELIVERED"}, "sent_ts": 1758756482909, "arrival_ts": 1758756483024}
{"action": "recv", "src": "SA-N105", "dst": "AS-N47", "hlc": {"phys": 1758758185961, "cnt": 0, "node": "SA-N105"}, "package_id": "PKG58164", "payload": {"status": "CREATED"}, "sent_ts": 1758758164911, "arrival_ts": 1758758164936}
{"action": "recv", "src": "SA-N105", "dst": "AS-N47", "hlc": {"phys": 1758758186177, "cnt": 0, "node": "SA-N105"}, "package_id": "PKG58164", "payload": {"status": "SENT"}, "sent_ts": 1758758165127, "arrival_ts": 1758758165281}
{"action": "recv", "src": "SA-N105", "dst": "AS-N47", "hlc": {"phys": 1758758186535, "cnt": 0, "node": "SA-N105"}, "package_id": "PKG58164", "payload": {"status": "IN_TRANSIT"}, "sent_ts": 1758758165485, "arrival_ts": 1758758165572}
{"action": "recv", "src": "SA-N105", "dst": "AS-N47", "hlc": {"phys": 1758758186830, "cnt": 0, "node": "SA-N105"}, "package_id": "PKG58164", "payload": {"status": "RECEIVED"}, "sent_ts": 1758758165780, "arrival_ts": 1758758165848}
{"action": "recv", "src": "SA-N105", "dst": "AS-N47", "hlc": {"phys": 1758758187096, "cnt": 0, "node": "SA-N105"}, "package_id": "PKG58164", "payload": {"status": "DELIVERED"}, "sent_ts": 1758758166046, "arrival_ts": 1758758166233}
{"action": "send", "src": "AS-N47", "dst": "NA-N125", "hlc": {"phys": 1758761910414, "cnt": 0, "node": "AS-N47"}, "package_id": "PKG61899", "payload": {"status": "CREATED"}, "sent_ts": 1758761899944, "arrival_ts": 1758761899944}
{"action": "send", "src": "AS-N47", "dst": "NA-N125", "hlc": {"phys": 1758761910749, "cnt": 0, "node": "AS-N47"}, "package_id": "PKG61899", "payload": {"status": "SENT"}, "sent_ts": 1758761900279, "arrival_ts": 1758761900279}
{"action": "send", "src": "AS-N47", "dst": "NA-N125", "hlc": {"phys": 1758761911121, "cnt": 0, "node": "AS-N47"}, "package_id": "PKG61899", "payload": {"status": "IN_TRANSIT"}, "sent_ts": 1758761900651, "arrival_ts": 1758761900651}
{"action": "send", "src": "AS-N47", "dst": "NA-N125", "hlc": {"phys": 1758761911537, "cnt": 0, "node": "AS-N47"}, "package_id": "PKG61899", "payload": {"status": "RECEIVED"}, "sent_ts": 1758761901067, "arrival_ts": 1758761901067}
{"action": "send", "src": "AS-N47", "dst": "NA-N125", "hlc": {"phys": 1758761911874, "cnt": 0, "node": "AS-N47"}, "package_id": "PKG61899", "payload": {"status": "DELIVERED"}, "sent_ts": 1758761901404, "arrival_ts": 1758761901404}
{"action": "recv", "src": "EU-N148", "dst": "AS-N47", "hlc": {"phys": 1758763977774, "cnt": 0, "node": "EU-N148"}, "package_id": "PKG63971", "payload": {"status": "CREATED"}, "sent_ts": 1758763971294, "arrival_ts": 1758763971421}
{"action": "recv", "src": "EU-N148", "dst": "AS-N47", "hlc": {"phys": 1758763978112, "cnt": 0, "node": "EU-N148"}, "package_id": "PKG63971", "payload": {"status": "SENT"}, "sent_ts": 1758763971632, "arrival_ts": 1758763971796}
{"action": "recv", "src": "EU-N148", "dst": "AS-N47", "hlc": {"phys": 1758763978485, "cnt": 0, "node": "EU-N148"}, "package_id": "PKG63971", "payload": {"status": "IN_TRANSIT"}, "sent_ts": 1758763972005, "arrival_ts": 1758763972049}
{"action": "recv", "src": "EU-N148", "dst": "AS-N47", "hlc": {"phys": 1758763978734, "cnt": 0, "node": "EU-N148"}, "package_id": "PKG63971", "payload": {"status": "RECEIVED"}, "sent_ts": 1758763972254, "arrival_ts": 1758763972425}
{"action": "recv", "src": "EU-N148", "dst": "AS-N47", "hlc": {"phys": 1758763979105, "cnt": 0, "node": "EU-N148"}, "package_id": "PKG63971", "payload": {"status": "DELIVERED"}, "sent_ts": 1758763972625, "arrival_ts": 1758763972751}
{"action": "send", "src": "AS-N47", "dst": "NA-N173", "hlc": {"phys": 1758804192330, "cnt": 0, "node": "AS-N47"}, "package_id": "PKG4181", "payload": {"status": "CREATED"}, "sent_ts": 1758804181860, "arrival_ts": 1758804181860}
{"action": "send", "src": "AS-N47", "dst": "NA-N173", "hlc": {"phys": 1758804192619, "cnt": 0, "node": "AS-N47"}, "package_id": "PKG4181", "payload": {"status": "SENT"}, "sent_ts": 1758804182149, "arrival_ts": 1758804182149}
{"action": "send", "src": "AS-N47", "dst": "NA-N173", "hlc": {"phys": 1758804192991, "cnt": 0, "node": "AS-N47"}, "package_id": "PKG4181", "payload": {"status": "IN_TRANSIT"}, "sent_ts": 1758804182521, "arrival_ts": 1758804182521}
{"action": "send", "src": "AS-N47", "dst": "NA-N173", "hlc": {"phys": 1758804193340, "cnt": 0, "node": "AS-N47"}, "package_id": "PKG4181", "payload": {"status": "RECEIVED"}, "sent_ts": 1758804182870, "arrival_ts": 1758804182870}
{"action": "send", "src": "AS-N47", "dst": "NA-N173", "hlc": {"phys": 1758804193566, "cnt": 0, "node": "AS-N47"}, "package_id": "PKG4181", "payload": {"status": "DELIVERED"}, "sent_ts": 1758804183096, "arrival_ts": 1758804183096}
{"action": "recv", "src": "SA-N114", "dst": "AS-N47", "hlc": {"phys": 1758808156367, "cnt": 0, "node": "SA-N114"}, "package_id": "PKG8135", "payload": {"status": "CREATED"}, "sent_ts": 1758808135227, "arrival_ts": 1758808135292}
{"action": "recv", "src": "SA-N114", "dst": "AS-N47", "hlc": {"phys": 1758808156627, "cnt": 0, "node": "SA-N114"}, "package_id": "PKG8135", "payload": {"status": "SENT"}, "sent_ts": 1758808135487, "arrival_ts": 1758808135533}
{"action": "recv", "src": "SA-N114", "dst": "AS-N47", "hlc": {"phys": 1758808156909, "cnt": 0, "node": "SA-N114"}, "package_id": "PKG8135", "payload": {"status": "IN_TRANSIT"}, "sent_ts": 1758808135769, "arrival_ts": 1758808135919}
{"action": "recv", "src": "SA-N114", "dst": "AS-N47", "hlc": {"phys": 1758808157260, "cnt": 0, "node": "SA-N114"}, "package_id": "PKG8135", "payload": {"status": "RECEIVED"}, "sent_ts": 1758808136120, "arrival_ts": 1758808136159}
{"action": "recv", "src": "SA-N114", "dst": "AS-N47", "hlc": {"phys": 1758808157502, "cnt": 0, "node": "SA-N114"}, "package_id": "PKG8135", "payload": {"status": "DELIVERED"}, "sent_ts": 1758808136362, "arrival_ts": 1758808136393}
{"action": "send", "src": "AS-N47", "dst": "AN-N158", "hlc": {"phys": 1758813819995, "cnt": 0, "node": "AS-N47"}, "package_id": "PKG13809", "payload": {"status": "CREATED"}, "sent_ts": 1758813809525, "arrival_ts": 1758813809525}
{"action": "send", "src": "AS-N47", "dst": "AN-N158", "hlc": {"phys": 1758813820323, "cnt": 0, "node": "AS-N47"}, "package_id": "PKG13809", "payload": {"status": "SENT"}, "sent_ts": 1758813809853, "arrival_ts": 1758813809853}
{"action": "send", "src": "AS-N47", "dst": "AN-N158", "hlc": {"phys": 1758813820647, "cnt": 0, "node": "AS-N47"}, "package_id": "PKG13809", "payload": {"status": "IN_TRANSIT"}, "sent_ts": 1758813810177, "arrival_ts": 1758813810177}
{"action": "send", "src": "AS-N47", "dst": "AN-N158", "hlc": {"phys": 1758813820974, "cnt": 0, "node": "AS-N47"}, "package_id": "PKG13809", "payload": {"status": "RECEIVED"}, "sent_ts": 1758813810504, "arrival_ts": 1758813810504}
{"action": "send", "src": "AS-N47", "dst": "AN-N158", "hlc": {"phys": 1758813821330, "cnt": 0, "node": "AS-N47"}, "package_id": "PKG13809", "payload": {"status": "DELIVERED"}, "sent_ts": 1758813810860, "arrival_ts": 1758813810860}
{"action": "send", "src": "AS-N47", "dst": "AU-N77", "hlc": {"phys": 1758814059175, "cnt": 0, "node": "AS-N47"}, "package_id": "PKG14048", "payload": {"status": "CREATED"}, "sent_ts": 1758814048705, "arrival_ts": 1758814048705}
{"action": "send", "src": "AS-N47", "dst": "AU-N77", "hlc": {"phys": 1758814059466, "cnt": 0, "node": "AS-N47"}, "package_id": "PKG14048", "payload": {"status": "SENT"}, "sent_ts": 1758814048996, "arrival_ts": 1758814048996}
{"action": "send", "src": "AS-N47", "dst": "AU-N77", "hlc": {"phys": 1758814059729, "cnt": 0, "node": "AS-N47"}, "package_id": "PKG14048", "payload": {"status": "IN_TRANSIT"}, "sent_ts": 1758814049259, "arrival_ts": 1758814049259}
{"action": "send", "src": "AS-N47", "dst": "AU-N77", "hlc": {"phys": 1758814060041, "cnt": 0, "node": "AS-N47"}, "package_id": "PKG14048", "payload": {"status": "RECEIVED"}, "sent_ts": 1758814049571, "arrival_ts": 1758814049571}
{"action": "send", "src": "AS-N47", "dst": "AU-N77", "hlc": {"phys": 1758814060308, "cnt": 0, "node": "AS-N47"}, "package_id": "PKG14048", "payload": {"status": "DELIVERED"}, "sent_ts": 1758814049838, "arrival_ts": 1758814049838}
