{"action": "recv", "src": "SA-N13", "dst": "AS-N159", "hlc": {"phys": 1758712794996, "cnt": 0, "node": "SA-N13"}, "package_id": "PKG12774", "payload": {"status": "CREATED"}, "sent_ts": 1758712774866, "arrival_ts": 1758712775055}
{"action": "recv", "src": "SA-N13", "dst": "AS-N159", "hlc": {"phys": 1758712795380, "cnt": 0, "node": "SA-N13"}, "package_id": "PKG12774", "payload": {"status": "SENT"}, "sent_ts": 1758712775250, "arrival_ts": 1758712775309}
{"action": "recv", "src": "SA-N13", "dst": "AS-N159", "hlc": {"phys": 1758712795657, "cnt": 0, "node": "SA-N13"}, "package_id": "PKG12774", "payload": {"status": "IN_TRANSIT"}, "sent_ts": 1758712775527, "arrival_ts": 1758712775679}
{"action": "recv", "src": "SA-N13", "dst": "AS-N159", "hlc": {"phys": 1758712796016, "cnt": 0, "node": "SA-N13"}, "package_id": "PKG12774", "payload": {"status": "RECEIVED"}, "sent_ts": 1758712775886, "arrival_ts": 1758712776018}
{"action": "recv", "src": "SA-N13", "dst": "AS-N159", "hlc": {"phys": 1758712796355, "cnt": 0, "node": "SA-N13"}, "package_id": "PKG12774", "payload": {"status": "DELIVERED"}, "sent_ts": 1758712776225, "arrival_ts": 1758712776377}
{"action": "send", "src": "AS-N159", "dst": "AF-N22", "hlc": {"phys": 1758713919488, "cnt": 0, "node": "AS-N159"}, "package_id": "PKG13907", "payload": {"status": "CREATED"}, "sent_ts": 1758713907898, "arrival_ts": 1758713907898}
{"action": "send", "src": "AS-N159", "dst": "AF-N22", "hlc": {"phys": 1758713919834, "cnt": 0, "node": "AS-N159"}, "package_id": "PKG13907", "payload": {"status": "SENT"}, "sent_ts": 1758713908244, "arrival_ts": 1758713908244}
{"action": "send", "src": "AS-N159", "dst": "AF-N22", "hlc": {"phys": 1758713920110, "cnt": 0, "node": "AS-N159"}, "package_id": "PKG13907", "payload": {"status": "IN_TRANSIT"}, "sent_ts": 1758713908520, "arrival_ts": 1758713908520}
{"action": "send", "src": "AS-N159", "dst": "AF-N22", "hlc": {"phys": 1758713920336, "cnt": 0, "node": "AS-N159"}, "package_id": "PKG13907", "payload": {"status": "RECEIVED"}, "sent_ts": 1758713908746, "arrival_ts": 1758713908746}
{"action": "send", "src": "AS-N159", "dst": "AF-N22", "hlc": {"phys": 1758713920736, "cnt": 0, "node": "AS-N159"}, "package_id": "PKG13907", "payload": {"status": "DELIVERED"}, "sent_ts": 1758713909146, "arrival_ts": 1758713909146}
{"action": "send", "src": "AS-N159", "dst": "NA-N56", "hlc": {"phys": 1758744929066, "cnt": 0, "node": "AS-N159"}, "package_id": "PKG44917", "payload": {"status": "CREATED"}, "sent_ts": 1758744917476, "arrival_ts": 1758744917476}
{"action": "send", "src": "AS-N159", "dst": "NA-N56", "hlc": {"phys": 1758744929287, "cnt": 0, "node": "AS-N159"}, "package_id": "PKG44917", "payload": {"status": "SENT"}, "sent_ts": 1758744917697, "arrival_ts": 1758744917697}
{"action": "send", "src": "AS-N159", "dst": "NA-N56", "hlc": {"phys": 1758744929537, "cnt": 0, "node": "AS-N159"}, "package_id": "PKG44917", "payload": {"status": "IN_TRANSIT"}, "sent_ts": 1758744917947, "arrival_ts": 1758744917947}
{"action": "send", "src": "AS-N159", "dst": "NA-N56", "hlc": {"phys": 1758744929768, "cnt": 0, "node": "AS-N159"}, "package_id": "PKG44917", "payload": {"status": "RECEIVED"}, "sent_ts": 1758744918178, "arrival_ts": 1758744918178}
{"action": "send", "src": "AS-N159", "dst": "NA-N56", "hlc": {"phys": 1758744930124, "cnt": 0, "node": "AS-N159"}, "package_id": "PKG44917", "payload": {"status": "DELIVERED"}, "sent_ts": 1758744918534, "arrival_ts": 1758744918534}
{"action": "recv", "src": "NA-N184", "dst": "AS-N159", "hlc": {"phys": 1758745360862, "cnt": 0, "node": "NA-N184"}, "package_id": "PKG45359", "payload": {"status": "CREATED"}, "sent_ts": 1758745359022, "arrival_ts": 1758745359085}
{"action": "recv", "src": "NA-N184", "dst": "AS-N159", "hlc": {"phys": 1758745361126, "cnt": 0, "node": "NA-N184"}, "package_id": "PKG45359", "payload": {"status": "SENT"}, "sent_ts": 1758745359286, "arrival_ts": 1758745359483}
{"action": "recv", "src": "NA-N184", "dst": "AS-N159", "hlc": {"phys": 1758745361527, "cnt": 0, "node": "NA-N184"}, "package_id": "PKG45359", "payload": {"status": "IN_TRANSIT"}, "sent_ts": 1758745359687, "arrival_ts": 1758745359795}
{"action": "recv", "src": "NA-N184", "dst": "AS-N159", "hlc": {"phys": 1758745361846, "cnt": 0, "node": "NA-N184"}, "package_id": "PKG45359", "payload": {"status": "RECEIVED"}, "sent_ts": 1758745360006, "arrival_ts": 1758745360027}
{"action": "recv", "src": "NA-N184", "dst": "AS-N159", "hlc": {"phys": 1758745362061, "cnt": 0, "node": "NA-N184"}, "package_id": "PKG45359", "payload": {"status": "DELIVERED"}, "sent_ts": 1758745360221, "arrival_ts": 1758745360315}
{"action": "recv", "src": "NA-N84", "dst": "AS-N159", "hlc": {"phys": 1758745691823, "cnt": 0, "node": "NA-N84"}, "package_id": "PKG45690", "payload": {"status": "CREATED"}, "sent_ts": 1758745690983, "arrival_ts": 1758745691067}
{"action": "recv", "src": "NA-N84", "dst": "AS-N159", "hlc": {"phys": 1758745692118, "cnt": 0, "node": "NA-N84"}, "package_id": "PKG45690", "payload": {"status": "SENT"}, "sent_ts": 1758745691278, "arrival_ts": 1758745691416}
{"action": "recv", "src": "NA-N84", "dst": "AS-N159", "hlc": {"phys": 1758745692458, "cnt": 0, "node": "NA-N84"}, "package_id": "PKG45690", "payload": {"status": "IN_TRANSIT"}, "sent_ts": 1758745691618, "arrival_ts": 1758745691679}
{"action": "recv", "src": "NA-N84", "dst": "AS-N159", "hlc": {"phys": 1758745692721, "cnt": 0, "node": "NA-N84"}, "package_id": "PKG45690", "payload": {"status": "RECEIVED"}, "sent_ts": 1758745691881, "arrival_ts": 1758745691997}
{"action": "recv", "src": "NA-N84", "dst": "AS-N159", "hlc": {"phys": 1758745693031, "cnt": 0, "node": "NA-N84"}, "package_id": "PKG45690", "payload": {"status": "DELIVERED"}, "sent_ts": 1758745692191, "arrival_ts": 1758745692391}
{"action": "recv", "src": "AN-N155", "dst": "AS-N159", "hlc": {"phys": 1758749848126, "cnt": 0, "node": "AN-N155"}, "package_id": "PKG49816", "payload": {"status": "CREATED"}, "sent_ts": 1758749816576, "arrival_ts": 1758749816598}
{"action": "recv", "src": "AN-N155", "dst": "AS-N159", "hlc": {"phys": 1758749848358, "cnt": 0, "node": "AN-N155"}, "package_id": "PKG49816", "payload": {"status": "SENT"}, "sent_ts": 1758749816808, "arrival_ts": 1758749817009}
{"action": "recv", "src": "AN-N155", "dst": "AS-N159", "hlc": {"phys": 1758749848775, "cnt": 0, "node": "AN-N155"}, "package_id": "PKG49816", "payload": {"status": "IN_TRANSIT"}, "sent_ts": 1758749817225, "arrival_ts": 1758749817338}
{"action": "recv", "src": "AN-N155", "dst": "AS-N159", "hlc": {"phys": 1758749849091, "cnt": 0, "node": "AN-N155"}, "package_id": "PKG49816", "payload": {"status": "RECEIVED"}, "sent_ts": 1758749817541, "arrival_ts": 1758749817647}
{"action": "recv", "src": "AN-N155", "dst": "AS-N159", "hlc": {"phys": 1758749849408, "cnt": 0, "node": "AN-N155"}, "package_id": "PKG49816", "payload": {"status": "DELIVERED"}, "sent_ts": 1758749817858, "arrival_ts": 1758749817959}
{"action": "recv", "src": "AN-N38", "dst": "AS-N159", "hlc": {"phys": 1758750247640, "cnt": 0, "node": "AN-N38"}, "package_id": "PKG50217", "payload": {"status": "CREATED"}, "sent_ts": 1758750217260, "arrival_ts": 1758750217429}
{"action": "recv", "src": "AN-N38", "dst": "AS-N159", "hlc": {"phys": 1758750248013, "cnt": 0, "node": "AN-N38"}, "package_id": "PKG50217", "payload": {"status": "SENT"}, "sent_ts": 1758750217633, "arrival_ts": 1758750217736}
{"action": "recv", "src": "AN-N38", "dst": "AS-N159", "hlc": {"phys": 1758750248325, "cnt": 0, "node": "AN-N38"}, "package_id": "PKG50217", "payload": {"status": "IN_TRANSIT"}, "sent_ts": 1758750217945, "arrival_ts": 1758750218033}
{"action": "recv", "src": "AN-N38", "dst": "AS-N159", "hlc": {"phys": 1758750248619, "cnt": 0, "node": "AN-N38"}, "package_id": "PKG50217", "payload": {"status": "RECEIVED"}, "sent_ts": 1758750218239, "arrival_ts": 1758750218284}
{"action": "recv", "src": "AN-N38", "dst": "AS-N159", "hlc": {"phys": 1758750248870, "cnt": 0, "node": "AN-N38"}, "package_id": "PKG50217", "payload": {"status": "DELIVERED"}, "sent_ts": 1758750218490, "arrival_ts": 1758750218688}
{"action": "send", "src": "AS-N159", "dst": "SA-N119", "hlc": {"phys": 1758755576624, "cnt": 0, "node": "AS-N159"}, "package_id": "PKG55565", "payload": {"status": "CREATED"}, "sent_ts": 1758755565034, "arrival_ts": 1758755565034}
{"action": "send", "src": "AS-N159", "dst": "SA-N119", "hlc": {"phys": 1758755577025, "cnt": 0, "node": "AS-N159"}, "package_id": "PKG55565", "payload": {"status": "SENT"}, "sent_ts": 1758755565435, "arrival_ts": 1758755565435}
{"action": "send", "src": "AS-N159", "dst": "SA-N119", "hlc": {"phys": 1758755577433, "cnt": 0, "node": "AS-N159"}, "package_id": "PKG55565", "payload": {"status": "IN_TRANSIT"}, "sent_ts": 1758755565843, "arrival_ts": 1758755565843}
{"action": "send", "src": "AS-N159", "dst": "SA-N119", "hlc": {"phys": 1758755577836, "cnt": 0, "node": "AS-N159"}, "package_id": "PKG55565", "payload": {"status": "RECEIVED"}, "sent_ts": 1758755566246, "arrival_ts": 1758755566246}
{"action": "send", "src": "AS-N159", "dst": "SA-N119", "hlc": {"phys": 1758755578129, "cnt": 0, "node": "AS-N159"}, "package_id": "PKG55565", "payload": {"status": "DELIVERED"}, "sent_ts": 1758755566539, "arrival_ts": 1758755566539}
{"action": "send", "src": "AS-N159", "dst": "NA-N90", "hlc": {"phys": 1758755909239, "cnt": 0, "node": "AS-N159"}, "package_id": "PKG55897", "payload": {"status": "CREATED"}, "sent_ts": 1758755897649, "arrival_ts": 1758755897649}
{"action": "send", "src": "AS-N159", "dst": "NA-N90", "hlc": {"phys": 1758755909469, "cnt": 0, "node": "AS-N159"}, "package_id": "PKG55897", "payload": {"status": "SENT"}, "sent_ts": 1758755897879, "arrival_ts": 1758755897879}
{"action": "send", "src": "AS-N159", "dst": "NA-N90", "hlc": {"phys": 1758755909699, "cnt": 0, "node": "AS-N159"}, "package_id": "PKG55897", "payload": {"status": "IN_TRANSIT"}, "sent_ts": 1758755898109, "arrival_ts": 1758755898109}
{"action": "send", "src": "AS-N159", "dst": "NA-N90", "hlc": {"phys": 1758755910043, "cnt": 0, "node": "AS-N159"}, "package_id": "PKG55897", "payload": {"status": "RECEIVED"}, "sent_ts": 1758755898453, "arrival_ts": 1758755898453}
{"action": "send", "src": "AS-N159", "dst": "NA-N90", "hlc": {"phys": 1758755910323, "cnt": 0, "node": "AS-N159"}, "package_id": "PKG55897", "payload": {"status": "DELIVERED"}, "sent_ts": 1758755898733, "arrival_ts": 1758755898733}
{"action": "send", "src": "AS-N159", "dst": "AU-N166", "hlc": {"phys": 1758756157524, "cnt": 0, "node": "AS-N159"}, "package_id": "PKG56145", "payload": {"status": "CREATED"}, "sent_ts": 1758756145934, "arrival_ts": 1758756145934}
{"action": "send", "src": "AS-N159", "dst": "AU-N166", "hlc": {"phys": 1758756157819, "cnt": 0, "node": "AS-N159"}, "package_id": "PKG56145", "payload": {"status": "SENT"}, "sent_ts": 1758756146229, "arrival_ts": 1758756146229}
{"action": "send", "src": "AS-N159", "dst": "AU-N166", "hlc": {"phys": 1758756158077, "cnt": 0, "node": "AS-N159"}, "package_id": "PKG56145", "payload": {"status": "IN_TRANSIT"}, "sent_ts": 1758756146487, "arrival_ts": 1758756146487}
{"action": "send", "src": "AS-N159", "dst": "AU-N166", "hlc": {"phys": 1758756158455, "cnt": 0, "node": "AS-N159"}, "package_id": "PKG56145", "payload": {"status": "RECEIVED"}, "sent_ts": 1758756146865, "arrival_ts": 1758756146865}
{"action": "send", "src": "AS-N159", "dst": "AU-N166", "hlc": {"phys": 1758756158678, "cnt": 0, "node": "AS-N159"}, "package_id": "PKG56145", "payload": {"status": "DELIVERED"}, "sent_ts": 1758756147088, "arrival_ts": 1758756147088}
{"action": "recv", "src": "AS-N94", "dst": "AS-N159", "hlc": {"phys": 1758757639074, "cnt": 0, "node": "AS-N94"}, "package_id": "PKG57628", "payload": {"status": "CREATED"}, "sent_ts": 1758757628134, "arrival_ts": 1758757628149}
{"action": "recv", "src": "AS-N94", "dst": "AS-N159", "hlc": {"phys": 1758757639299, "cnt": 0, "node": "AS-N94"}, "package_id": "PKG57628", "payload": {"status": "SENT"}, "sent_ts": 1758757628359, "arrival_ts": 1758757628542}
{"action": "recv", "src": "AS-N94", "dst": "AS-N159", "hlc": {"phys": 1758757639691, "cnt": 0, "node": "AS-N94"}, "package_id": "PKG57628", "payload": {"status": "IN_TRANSIT"}, "sent_ts": 1758757628751, "arrival_ts": 1758757628935}
{"action": "recv", "src": "AS-N94", "dst": "AS-N159", "hlc": {"phys": 1758757640086, "cnt": 0, "node": "AS-N94"}, "package_id": "PKG57628", "payload": {"status": "RECEIVED"}, "sent_ts": 1758757629146, "arrival_ts": 1758757629179}
{"action": "recv", "src": "AS-N94", "dst": "AS-N159", "hlc": {"phys": 1758757640341, "cnt": 0, "node": "AS-N94"}, "package_id": "PKG57628", "payload": {"status": "DELIVERED"}, "sent_ts": 1758757629401, "arrival_ts": 1758757629446}
{"action": "recv", "src": "EU-N128", "dst": "AS-N159", "hlc": {"phys": 1758758290573, "cnt": 0, "node": "EU-N128"}, "package_id": "PKG58284", "payload": {"status": "CREATED"}, "sent_ts": 1758758284293, "arrival_ts": 1758758284326}
{"action": "recv", "src": "EU-N128", "dst": "AS-N159", "hlc": {"phys": 1758758290821, "cnt": 0, "node": "EU-N128"}, "package_id": "PKG58284", "payload": {"status": "SENT"}, "sent_ts": 1758758284541, "arrival_ts": 1758758284687}
{"action": "recv", "src": "EU-N128", "dst": "AS-N159", "hlc": {"phys": 1758758291161, "cnt": 0, "node": "EU-N128"}, "package_id": "PKG58284", "payload": {"status": "IN_TRANSIT"}, "sent_ts": 1758758284881, "arrival_ts": 1758758285071}
{"action": "recv", "src": "EU-N128", "dst": "AS-N159", "hlc": {"phys": 1758758291555, "cnt": 0, "node": "EU-N128"}, "package_id": "PKG58284", "payload": {"status": "RECEIVED"}, "sent_ts": 1758758285275, "arrival_ts": 1758758285439}
{"action": "recv", "src": "EU-N128", "dst": "AS-N159", "hlc": {"phys": 1758758291933, "cnt": 0, "node": "EU-N128"}, "package_id": "PKG58284", "payload": {"status": "DELIVERED"}, "sent_ts": 1758758285653, "arrival_ts": 1758758285757}
{"action": "recv", "src": "SA-N185", "dst": "AS-N159", "hlc": {"phys": 1758759020555, "cnt": 0, "node": "SA-N185"}, "package_id": "PKG58998", "payload": {"status": "CREATED"}, "sent_ts": 1758758998705, "arrival_ts": 1758758998982}
{"action": "recv", "src": "SA-N185", "dst": "AS-N159", "hlc": {"phys": 1758759021049, "cnt": 0, "node": "SA-N185"}, "package_id": "PKG58998", "payload": {"status": "SENT"}, "sent_ts": 1758758999199, "arrival_ts": 1758758999294}
{"action": "recv", "src": "SA-N185", "dst": "AS-N159", "hlc": {"phys": 1758759021349, "cnt": 0, "node": "SA-N185"}, "package_id": "PKG58998", "payload": {"status": "IN_TRANSIT"}, "sent_ts": 1758758999499, "arrival_ts": 1758758999678}
{"action": "recv", "src": "SA-N185", "dst": "AS-N159", "hlc": {"phys": 1758759021740, "cnt": 0, "node": "SA-N185"}, "package_id": "PKG58998", "payload": {"status": "RECEIVED"}, "sent_ts": 1758758999890, "arrival_ts": 1758758999908}
{"action": "recv", "src": "SA-N185", "dst": "AS-N159", "hlc": {"phys": 1758759021974, "cnt": 0, "node": "SA-N185"}, "package_id": "PKG58998", "payload": {"status": "DELIVERED"}, "sent_ts": 1758759000124, "arrival_ts": 1758759000242}
{"action": "recv", "src": "AU-N151", "dst": "AS-N159", "hlc": {"phys": 1758759308222, "cnt": 0, "node": "AU-N151"}, "package_id": "PKG59281", "payload": {"status": "CREATED"}, "sent_ts": 1758759281712, "arrival_ts": 1758759281853}
{"action": "recv", "src": "AU-N151", "dst": "AS-N159", "hlc": {"phys": 1758759308566, "cnt": 0, "node": "AU-N151"}, "package_id": "PKG59281", "payload": {"status": "SENT"}, "sent_ts": 1758759282056, "arrival_ts": 1758759282122}
{"action": "recv", "src": "AU-N151", "dst": "AS-N159", "hlc": {"phys": 1758759308843, "cnt": 0, "node": "AU-N151"}, "package_id": "PKG59281", "payload": {"status": "IN_TRANSIT"}, "sent_ts": 1758759282333, "arrival_ts": 1758759282447}
{"action": "recv", "src": "AU-N151", "dst": "AS-N159", "hlc": {"phys": 1758759309160, "cnt": 0, "node": "AU-N151"}, "package_id": "PKG59281", "payload": {"status": "RECEIVED"}, "sent_ts": 1758759282650, "arrival_ts": 1758759282673}
{"action": "recv", "src": "AU-N151", "dst": "AS-N159", "hlc": {"phys": 1758759309396, "cnt": 0, "node": "AU-N151"}, "package_id": "PKG59281", "payload": {"status": "DELIVERED"}, "sent_ts": 1758759282886, "arrival_ts": 1758759282962}
{"action": "recv", "src": "SA-N9", "dst": "AS-N159", "hlc": {"phys": 1758762136737, "cnt": 0, "node": "SA-N9"}, "package_id": "PKG62116", "payload": {"status": "CREATED"}, "sent_ts": 1758762116647, "arrival_ts": 1758762116802}
{"action": "recv", "src": "SA-N9", "dst": "AS-N159", "hlc": {"phys": 1758762137105, "cnt": 0, "node": "SA-N9"}, "package_id": "PKG62116", "payload": {"status": "SENT"}, "sent_ts": 1758762117015, "arrival_ts": 1758762117042}
{"action": "recv", "src": "SA-N9", "dst": "AS-N159", "hlc": {"phys": 1758762137331, "cnt": 0, "node": "SA-N9"}, "package_id": "PKG62116", "payload": {"status": "IN_TRANSIT"}, "sent_ts": 1758762117241, "arrival_ts": 1758762117416}
{"action": "recv", "src": "SA-N9", "dst": "AS-N159", "hlc": {"phys": 1758762137704, "cnt": 0, "node": "SA-N9"}, "package_id": "PKG62116", "payload": {"status": "RECEIVED"}, "sent_ts": 1758762117614, "arrival_ts": 1758762117729}
{"action": "recv", "src": "SA-N9", "dst": "AS-N159", "hlc": {"phys": 1758762138025, "cnt": 0, "node": "SA-N9"}, "package_id": "PKG62116", "payload": {"status": "DELIVERED"}, "sent_ts": 1758762117935, "arrival_ts": 1758762118125}
{"action": "recv", "src": "EU-N68", "dst": "AS-N159", "hlc": {"phys": 1758763156007, "cnt": 0, "node": "EU-N68"}, "package_id": "PKG63150", "payload": {"status": "CREATED"}, "sent_ts": 1758763150327, "arrival_ts": 1758763150498}
{"action": "recv", "src": "EU-N68", "dst": "AS-N159", "hlc": {"phys": 1758763156396, "cnt": 0, "node": "EU-N68"}, "package_id": "PKG63150", "payload": {"status": "SENT"}, "sent_ts": 1758763150716, "arrival_ts": 1758763150796}
{"action": "recv", "src": "EU-N68", "dst": "AS-N159", "hlc": {"phys": 1758763156692, "cnt": 0, "node": "EU-N68"}, "package_id": "PKG63150", "payload": {"status": "IN_TRANSIT"}, "sent_ts": 1758763151012, "arrival_ts": 1758763151093}
{"action": "recv", "src": "EU-N68", "dst": "AS-N159", "hlc": {"phys": 1758763156987, "cnt": 0, "node": "EU-N68"}, "package_id": "PKG63150", "payload": {"status": "RECEIVED"}, "sent_ts": 1758763151307, "arrival_ts": 1758763151348}
{"action": "recv", "src": "EU-N68", "dst": "AS-N159", "hlc": {"phys": 1758763157235, "cnt": 0, "node": "EU-N68"}, "package_id": "PKG63150", "payload": {"status": "DELIVERED"}, "sent_ts": 1758763151555, "arrival_ts": 1758763151588}
{"action": "send", "src": "AS-N159", "dst": "EU-N161", "hlc": {"phys": 1758800615601, "cnt": 0, "node": "AS-N159"}, "package_id": "PKG604", "payload": {"status": "CREATED"}, "sent_ts": 1758800604011, "arrival_ts": 1758800604011}
{"action": "send", "src": "AS-N159", "dst": "EU-N161", "hlc": {"phys": 1758800615853, "cnt": 0, "node": "AS-N159"}, "package_id": "PKG604", "payload": {"status": "SENT"}, "sent_ts": 1758800604263, "arrival_ts": 1758800604263}
{"action": "send", "src": "AS-N159", "dst": "EU-N161", "hlc": {"phys": 1758800616237, "cnt": 0, "node": "AS-N159"}, "package_id": "PKG604", "payload": {"status": "IN_TRANSIT"}, "sent_ts": 1758800604647, "arrival_ts": 1758800604647}
{"action": "send", "src": "AS-N159", "dst": "EU-N161", "hlc": {"phys": 1758800616565, "cnt": 0, "node": "AS-N159"}, "package_id": "PKG604", "payload": {"status": "RECEIVED"}, "sent_ts": 1758800604975, "arrival_ts": 1758800604975}
{"action": "send", "src": "AS-N159", "dst": "EU-N161", "hlc": {"phys": 1758800616837, "cnt": 0, "node": "AS-N159"}, "package_id": "PKG604", "payload": {"status": "DELIVERED"}, "sent_ts": 1758800605247, "arrival_ts": 1758800605247}
{"action": "send", "src": "AS-N159", "dst": "AN-N135", "hlc": {"phys": 1758809685654, "cnt": 0, "node": "AS-N159"}, "package_id": "PKG9674", "payload": {"status": "CREATED"}, "sent_ts": 1758809674064, "arrival_ts": 1758809674064}
{"action": "send", "src": "AS-N159", "dst": "AN-N135", "hlc": {"phys": 1758809685930, "cnt": 0, "node": "AS-N159"}, "package_id": "PKG9674", "payload": {"status": "SENT"}, "sent_ts": 1758809674340, "arrival_ts": 1758809674340}
{"action": "send", "src": "AS-N159", "dst": "AN-N135", "hlc": {"phys": 1758809686257, "cnt": 0, "node": "AS-N159"}, "package_id": "PKG9674", "payload": {"status": "IN_TRANSIT"}, "sent_ts": 1758809674667, "arrival_ts": 1758809674667}
{"action": "send", "src": "AS-N159", "dst": "AN-N135", "hlc": {"phys": 1758809686646, "cnt": 0, "node": "AS-N159"}, "package_id": "PKG9674", "payload": {"status": "RECEIVED"}, "sent_ts": 1758809675056, "arrival_ts": 1758809675056}
{"action": "send", "src": "AS-N159", "dst": "AN-N135", "hlc": {"phys": 1758809687049, "cnt": 0, "node": "AS-N159"}, "package_id": "PKG9674", "payload": {"status": "DELIVERED"}, "sent_ts": 1758809675459, "arrival_ts": 1758809675459}
{"action": "send", "src": "AS-N159", "dst": "EU-N73", "hlc": {"phys": 1758810344005, "cnt": 0, "node": "AS-N159"}, "package_id": "PKG10332", "payload": {"status": "CREATED"}, "sent_ts": 1758810332415, "arrival_ts": 1758810332415}
{"action": "send", "src": "AS-N159", "dst": "EU-N73", "hlc": {"phys": 1758810344347, "cnt": 0, "node": "AS-N159"}, "package_id": "PKG10332", "payload": {"status": "SENT"}, "sent_ts": 1758810332757, "arrival_ts": 1758810332757}
{"action": "send", "src": "AS-N159", "dst": "EU-N73", "hlc": {"phys": 1758810344624, "cnt": 0, "node": "AS-N159"}, "package_id": "PKG10332", "payload": {"status": "IN_TRANSIT"}, "sent_ts": 1758810333034, "arrival_ts": 1758810333034}
{"action": "send", "src": "AS-N159", "dst": "EU-N73", "hlc": {"phys": 1758810345027, "cnt": 0, "node": "AS-N159"}, "package_id": "PKG10332", "payload": {"status": "RECEIVED"}, "sent_ts": 1758810333437, "arrival_ts": 1758810333437}
{"action": "send", "src": "AS-N159", "dst": "EU-N73", "hlc": {"phys": 1758810345432, "cnt": 0, "node": "AS-N159"}, "package_id": "PKG10332", "payload": {"status": "DELIVERED"}, "sent_ts": 1758810333842, "arrival_ts": 1758810333842}
{"action": "send", "src": "AS-N159", "dst": "EU-N116", "hlc": {"phys": 1758812844467, "cnt": 0, "node": "AS-N159"}, "package_id": "PKG12832", "payload": {"status": "CREATED"}, "sent_ts": 1758812832877, "arrival_ts": 1758812832877}
{"action": "send", "src": "AS-N159", "dst": "EU-N116", "hlc": {"phys": 1758812844733, "cnt": 0, "node": "AS-N159"}, "package_id": "PKG12832", "payload": {"status": "SENT"}, "sent_ts": 1758812833143, "arrival_ts": 1758812833143}
{"action": "send", "src": "AS-N159", "dst": "EU-N116", "hlc": {"phys": 1758812844998, "cnt": 0, "node": "AS-N159"}, "package_id": "PKG12832", "payload": {"status": "IN_TRANSIT"}, "sent_ts": 1758812833408, "arrival_ts": 1758812833408}
{"action": "send", "src": "AS-N159", "dst": "EU-N116", "hlc": {"phys": 1758812845400, "cnt": 0, "node": "AS-N159"}, "package_id": "PKG12832", "payload": {"status": "RECEIVED"}, "sent_ts": 1758812833810, "arrival_ts": 1758812833810}
{"action": "send", "src": "AS-N159", "dst": "EU-N116", "hlc": {"phys": 1758812845631, "cnt": 0, "node": "AS-N159"}, "package_id": "PKG12832", "payload": {"status": "DELIVERED"}, "sent_ts": 1758812834041, "arrival_ts": 1758812834041}
{"action": "send", "src": "AS-N159", "dst": "AS-N103", "hlc": {"phys": 1758813038841, "cnt": 0, "node": "AS-N159"}, "package_id": "PKG13027", "payload": {"status": "CREATED"}, "sent_ts": 1758813027251, "arrival_ts": 1758813027251}
{"action": "send", "src": "AS-N159", "dst": "AS-N103", "hlc": {"phys": 1758813039244, "cnt": 0, "node": "AS-N159"}, "package_id": "PKG13027", "payload": {"status": "SENT"}, "sent_ts": 1758813027654, "arrival_ts": 1758813027654}
{"action": "send", "src": "AS-N159", "dst": "AS-N103", "hlc": {"phys": 1758813039552, "cnt": 0, "node": "AS-N159"}, "package_id": "PKG13027", "payload": {"status": "IN_TRANSIT"}, "sent_ts": 1758813027962, "arrival_ts": 1758813027962}
{"action": "send", "src": "AS-N159", "dst": "AS-N103", "hlc": {"phys": 1758813039768, "cnt": 0, "node": "AS-N159"}, "package_id": "PKG13027", "payload": {"status": "RECEIVED"}, "sent_ts": 1758813028178, "arrival_ts": 1758813028178}
{"action": "send", "src": "AS-N159", "dst": "AS-N103", "hlc": {"phys": 1758813040045, "cnt": 0, "node": "AS-N159"}, "package_id": "PKG13027", "payload": {"status": "DELIVERED"}, "sent_ts": 1758813028455, "arrival_ts": 1758813028455}
{"action": "recv", "src": "AU-N173", "dst": "AS-N159", "hlc": {"phys": 1758814589256, "cnt": 0, "node": "AU-N173"}, "package_id": "PKG14562", "payload": {"status": "CREATED"}, "sent_ts": 1758814562526, "arrival_ts": 1758814562654}
{"action": "recv", "src": "AU-N173", "dst": "AS-N159", "hlc": {"phys": 1758814589582, "cnt": 0, "node": "AU-N173"}, "package_id": "PKG14562", "payload": {"status": "SENT"}, "sent_ts": 1758814562852, "arrival_ts": 1758814562872}
{"action": "recv", "src": "AU-N173", "dst": "AS-N159", "hlc": {"phys": 1758814589799, "cnt": 0, "node": "AU-N173"}, "package_id": "PKG14562", "payload": {"status": "IN_TRANSIT"}, "sent_ts": 1758814563069, "arrival_ts": 1758814563230}
{"action": "recv", "src": "AU-N173", "dst": "AS-N159", "hlc": {"phys": 1758814590159, "cnt": 0, "node": "AU-N173"}, "package_id": "PKG14562", "payload": {"status": "RECEIVED"}, "sent_ts": 1758814563429, "arrival_ts": 1758814563594}
{"action": "recv", "src": "AU-N173", "dst": "AS-N159", "hlc": {"phys": 1758814590533, "cnt": 0, "node": "AU-N173"}, "package_id": "PKG14562", "payload": {"status": "DELIVERED"}, "sent_ts": 1758814563803, "arrival_ts": 1758814563943}
