{"action": "send", "src": "AS-N62", "dst": "EU-N63", "hlc": {"phys": 1758713805993, "cnt": 0, "node": "AS-N62"}, "package_id": "PKG13795", "payload": {"status": "CREATED"}, "sent_ts": 1758713795373, "arrival_ts": 1758713795373}
{"action": "send", "src": "AS-N62", "dst": "EU-N63", "hlc": {"phys": 1758713806356, "cnt": 0, "node": "AS-N62"}, "package_id": "PKG13795", "payload": {"status": "SENT"}, "sent_ts": 1758713795736, "arrival_ts": 1758713795736}
{"action": "send", "src": "AS-N62", "dst": "EU-N63", "hlc": {"phys": 1758713806660, "cnt": 0, "node": "AS-N62"}, "package_id": "PKG13795", "payload": {"status": "IN_TRANSIT"}, "sent_ts": 1758713796040, "arrival_ts": 1758713796040}
{"action": "send", "src": "AS-N62", "dst": "EU-N63", "hlc": {"phys": 1758713806919, "cnt": 0, "node": "AS-N62"}, "package_id": "PKG13795", "payload": {"status": "RECEIVED"}, "sent_ts": 1758713796299, "arrival_ts": 1758713796299}
{"action": "send", "src": "AS-N62", "dst": "EU-N63", "hlc": {"phys": 1758713807290, "cnt": 0, "node": "AS-N62"}, "package_id": "PKG13795", "payload": {"status": "DELIVERED"}, "sent_ts": 1758713796670, "arrival_ts": 1758713796670}
{"action": "recv", "src": "NA-N67", "dst": "AS-N62", "hlc": {"phys": 1758713808807, "cnt": 0, "node": "NA-N67"}, "package_id": "PKG13808", "payload": {"status": "CREATED"}, "sent_ts": 1758713808137, "arrival_ts": 1758713808149}
{"action": "recv", "src": "NA-N67", "dst": "AS-N62", "hlc": {"phys": 1758713809028, "cnt": 0, "node": "NA-N67"}, "package_id": "PKG13808", "payload": {"status": "SENT"}, "sent_ts": 1758713808358, "arrival_ts": 1758713808384}
{"action": "recv", "src": "NA-N67", "dst": "AS-N62", "hlc": {"phys": 1758713809250, "cnt": 0, "node": "NA-N67"}, "package_id": "PKG13808", "payload": {"status": "IN_TRANSIT"}, "sent_ts": 1758713808580, "arrival_ts": 1758713808625}
{"action": "recv", "src": "NA-N67", "dst": "AS-N62", "hlc": {"phys": 1758713809510, "cnt": 0, "node": "NA-N67"}, "package_id": "PKG13808", "payload": {"status": "RECEIVED"}, "sent_ts": 1758713808840, "arrival_ts": 1758713808974}
{"action": "recv", "src": "NA-N67", "dst": "AS-N62", "hlc": {"phys": 1758713809846, "cnt": 0, "node": "NA-N67"}, "package_id": "PKG13808", "payload": {"status": "DELIVERED"}, "sent_ts": 1758713809176, "arrival_ts": 1758713809254}
{"action": "send", "src": "AS-N62", "dst": "AF-N18", "hlc": {"phys": 1758716447796, "cnt": 0, "node": "AS-N62"}, "package_id": "PKG16437", "payload": {"status": "CREATED"}, "sent_ts": 1758716437176, "arrival_ts": 1758716437176}
{"action": "send", "src": "AS-N62", "dst": "AF-N18", "hlc": {"phys": 1758716448119, "cnt": 0, "node": "AS-N62"}, "package_id": "PKG16437", "payload": {"status": "SENT"}, "sent_ts": 1758716437499, "arrival_ts": 1758716437499}
{"action": "send", "src": "AS-N62", "dst": "AF-N18", "hlc": {"phys": 1758716448400, "cnt": 0, "node": "AS-N62"}, "package_id": "PKG16437", "payload": {"status": "IN_TRANSIT"}, "sent_ts": 1758716437780, "arrival_ts": 1758716437780}
{"action": "send", "src": "AS-N62", "dst": "AF-N18", "hlc": {"phys": 1758716448706, "cnt": 0, "node": "AS-N62"}, "package_id": "PKG16437", "payload": {"status": "RECEIVED"}, "sent_ts": 1758716438086, "arrival_ts": 1758716438086}
{"action": "send", "src": "AS-N62", "dst": "AF-N18", "hlc": {"phys": 1758716449124, "cnt": 0, "node": "AS-N62"}, "package_id": "PKG16437", "payload": {"status": "DELIVERED"}, "sent_ts": 1758716438504, "arrival_ts": 1758716438504}
{"action": "send", "src": "AS-N62", "dst": "AF-N114", "hlc": {"phys": 1758718894431, "cnt": 0, "node": "AS-N62"}, "package_id": "PKG18883", "payload": {"status": "CREATED"}, "sent_ts": 1758718883811, "arrival_ts": 1758718883811}
{"action": "send", "src": "AS-N62", "dst": "AF-N114", "hlc": {"phys": 1758718894794, "cnt": 0, "node": "AS-N62"}, "package_id": "PKG18883", "payload": {"status": "SENT"}, "sent_ts": 1758718884174, "arrival_ts": 1758718884174}
{"action": "send", "src": "AS-N62", "dst": "AF-N114", "hlc": {"phys": 1758718895029, "cnt": 0, "node": "AS-N62"}, "package_id": "PKG18883", "payload": {"status": "IN_TRANSIT"}, "sent_ts": 1758718884409, "arrival_ts": 1758718884409}
{"action": "send", "src": "AS-N62", "dst": "AF-N114", "hlc": {"phys": 1758718895264, "cnt": 0, "node": "AS-N62"}, "package_id": "PKG18883", "payload": {"status": "RECEIVED"}, "sent_ts": 1758718884644, "arrival_ts": 1758718884644}
{"action": "send", "src": "AS-N62", "dst": "AF-N114", "hlc": {"phys": 1758718895637, "cnt": 0, "node": "AS-N62"}, "package_id": "PKG18883", "payload": {"status": "DELIVERED"}, "sent_ts": 1758718885017, "arrival_ts": 1758718885017}
{"action": "recv", "src": "AS-N39", "dst": "AS-N62", "hlc": {"phys": 1758739882646, "cnt": 0, "node": "AS-N39"}, "package_id": "PKG39872", "payload": {"status": "CREATED"}, "sent_ts": 1758739872256, "arrival_ts": 1758739872333}
{"action": "recv", "src": "AS-N39", "dst": "AS-N62", "hlc": {"phys": 1758739882931, "cnt": 0, "node": "AS-N39"}, "package_id": "PKG39872", "payload": {"status": "SENT"}, "sent_ts": 1758739872541, "arrival_ts": 1758739872651}
{"action": "recv", "src": "AS-N39", "dst": "AS-N62", "hlc": {"phys": 1758739883242, "cnt": 0, "node": "AS-N39"}, "package_id": "PKG39872", "payload": {"status": "IN_TRANSIT"}, "sent_ts": 1758739872852, "arrival_ts": 1758739872953}
{"action": "recv", "src": "AS-N39", "dst": "AS-N62", "hlc": {"phys": 1758739883558, "cnt": 0, "node": "AS-N39"}, "package_id": "PKG39872", "payload": {"status": "RECEIVED"}, "sent_ts": 1758739873168, "arrival_ts": 1758739873265}
{"action": "recv", "src": "AS-N39", "dst": "AS-N62", "hlc": {"phys": 1758739883865, "cnt": 0, "node": "AS-N39"}, "package_id": "PKG39872", "payload": {"status": "DELIVERED"}, "sent_ts": 1758739873475, "arrival_ts": 1758739873488}
{"action": "send", "src": "AS-N62", "dst": "AS-N110", "hlc": {"phys": 1758740280371, "cnt": 0, "node": "AS-N62"}, "package_id": "PKG40269", "payload": {"status": "CREATED"}, "sent_ts": 1758740269751, "arrival_ts": 1758740269751}
{"action": "send", "src": "AS-N62", "dst": "AS-N110", "hlc": {"phys": 1758740280770, "cnt": 0, "node": "AS-N62"}, "package_id": "PKG40269", "payload": {"status": "SENT"}, "sent_ts": 1758740270150, "arrival_ts": 1758740270150}
{"action": "send", "src": "AS-N62", "dst": "AS-N110", "hlc": {"phys": 1758740281095, "cnt": 0, "node": "AS-N62"}, "package_id": "PKG40269", "payload": {"status": "IN_TRANSIT"}, "sent_ts": 1758740270475, "arrival_ts": 1758740270475}
{"action": "send", "src": "AS-N62", "dst": "AS-N110", "hlc": {"phys": 1758740281422, "cnt": 0, "node": "AS-N62"}, "package_id": "PKG40269", "payload": {"status": "RECEIVED"}, "sent_ts": 1758740270802, "arrival_ts": 1758740270802}
{"action": "send", "src": "AS-N62", "dst": "AS-N110", "hlc": {"phys": 1758740281669, "cnt": 0, "node": "AS-N62"}, "package_id": "PKG40269", "payload": {"status": "DELIVERED"}, "sent_ts": 1758740271049, "arrival_ts": 1758740271049}
{"action": "recv", "src": "AS-N132", "dst": "AS-N62", "hlc": {"phys": 1758748305550, "cnt": 0, "node": "AS-N132"}, "package_id": "PKG48294", "payload": {"status": "CREATED"}, "sent_ts": 1758748294230, "arrival_ts": 1758748294313}
{"action": "recv", "src": "AS-N132", "dst": "AS-N62", "hlc": {"phys": 1758748305848, "cnt": 0, "node": "AS-N132"}, "package_id": "PKG48294", "payload": {"status": "SENT"}, "sent_ts": 1758748294528, "arrival_ts": 1758748294546}
{"action": "recv", "src": "AS-N132", "dst": "AS-N62", "hlc": {"phys": 1758748306078, "cnt": 0, "node": "AS-N132"}, "package_id": "PKG48294", "payload": {"status": "IN_TRANSIT"}, "sent_ts": 1758748294758, "arrival_ts": 1758748294925}
{"action": "recv", "src": "AS-N132", "dst": "AS-N62", "hlc": {"phys": 1758748306445, "cnt": 0, "node": "AS-N132"}, "package_id": "PKG48294", "payload": {"status": "RECEIVED"}, "sent_ts": 1758748295125, "arrival_ts": 1758748295156}
{"action": "recv", "src": "AS-N132", "dst": "AS-N62", "hlc": {"phys": 1758748306681, "cnt": 0, "node": "AS-N132"}, "package_id": "PKG48294", "payload": {"status": "DELIVERED"}, "sent_ts": 1758748295361, "arrival_ts": 1758748295373}
{"action": "send", "src": "AS-N62", "dst": "AF-N190", "hlc": {"phys": 1758748490049, "cnt": 0, "node": "AS-N62"}, "package_id": "PKG48479", "payload": {"status": "CREATED"}, "sent_ts": 1758748479429, "arrival_ts": 1758748479429}
{"action": "send", "src": "AS-N62", "dst": "AF-N190", "hlc": {"phys": 1758748490313, "cnt": 0, "node": "AS-N62"}, "package_id": "PKG48479", "payload": {"status": "SENT"}, "sent_ts": 1758748479693, "arrival_ts": 1758748479693}
{"action": "send", "src": "AS-N62", "dst": "AF-N190", "hlc": {"phys": 1758748490699, "cnt": 0, "node": "AS-N62"}, "package_id": "PKG48479", "payload": {"status": "IN_TRANSIT"}, "sent_ts": 1758748480079, "arrival_ts": 1758748480079}
{"action": "send", "src": "AS-N62", "dst": "AF-N190", "hlc": {"phys": 1758748491012, "cnt": 0, "node": "AS-N62"}, "package_id": "PKG48479", "payload": {"status": "RECEIVED"}, "sent_ts": 1758748480392, "arrival_ts": 1758748480392}
{"action": "send", "src": "AS-N62", "dst": "AF-N190", "hlc": {"phys": 1758748491337, "cnt": 0, "node": "AS-N62"}, "package_id": "PKG48479", "payload": {"status": "DELIVERED"}, "sent_ts": 1758748480717, "arrival_ts": 1758748480717}
{"action": "send", "src": "AS-N62", "dst": "NA-N114", "hlc": {"phys": 1758751416652, "cnt": 0, "node": "AS-N62"}, "package_id": "PKG51406", "payload": {"status": "CREATED"}, "sent_ts": 1758751406032, "arrival_ts": 1758751406032}
{"action": "send", "src": "AS-N62", "dst": "NA-N114", "hlc": {"phys": 1758751417042, "cnt": 0, "node": "AS-N62"}, "package_id": "PKG51406", "payload": {"status": "SENT"}, "sent_ts": 1758751406422, "arrival_ts": 1758751406422}
{"action": "send", "src": "AS-N62", "dst": "NA-N114", "hlc": {"phys": 1758751417356, "cnt": 0, "node": "AS-N62"}, "package_id": "PKG51406", "payload": {"status": "IN_TRANSIT"}, "sent_ts": 1758751406736, "arrival_ts": 1758751406736}
{"action": "send", "src": "AS-N62", "dst": "NA-N114", "hlc": {"phys": 1758751417690, "cnt": 0, "node": "AS-N62"}, "package_id": "PKG51406", "payload": {"status": "RECEIVED"}, "sent_ts": 1758751407070, "arrival_ts": 1758751407070}
{"action": "send", "src": "AS-N62", "dst": "NA-N114", "hlc": {"phys": 1758751418053, "cnt": 0, "node": "AS-N62"}, "package_id": "PKG51406", "payload": {"status": "DELIVERED"}, "sent_ts": 1758751407433, "arrival_ts": 1758751407433}
{"action": "recv", "src": "AS-N31", "dst": "AS-N62", "hlc": {"phys": 1758758238918, "cnt": 0, "node": "AS-N31"}, "package_id": "PKG58228", "payload": {"status": "CREATED"}, "sent_ts": 1758758228608, "arrival_ts": 1758758228713}
{"action": "recv", "src": "AS-N31", "dst": "AS-N62", "hlc": {"phys": 1758758239211, "cnt": 0, "node": "AS-N31"}, "package_id": "PKG58228", "payload": {"status": "SENT"}, "sent_ts": 1758758228901, "arrival_ts": 1758758229000}
{"action": "recv", "src": "AS-N31", "dst": "AS-N62", "hlc": {"phys": 1758758239514, "cnt": 0, "node": "AS-N31"}, "package_id": "PKG58228", "payload": {"status": "IN_TRANSIT"}, "sent_ts": 1758758229204, "arrival_ts": 1758758229293}
{"action": "recv", "src": "AS-N31", "dst": "AS-N62", "hlc": {"phys": 1758758239820, "cnt": 0, "node": "AS-N31"}, "package_id": "PKG58228", "payload": {"status": "RECEIVED"}, "sent_ts": 1758758229510, "arrival_ts": 1758758229665}
{"action": "recv", "src": "AS-N31", "dst": "AS-N62", "hlc": {"phys": 1758758240170, "cnt": 0, "node": "AS-N31"}, "package_id": "PKG58228", "payload": {"status": "DELIVERED"}, "sent_ts": 1758758229860, "arrival_ts": 1758758229991}
{"action": "recv", "src": "AU-N136", "dst": "AS-N62", "hlc": {"phys": 1758759506861, "cnt": 0, "node": "AU-N136"}, "package_id": "PKG59480", "payload": {"status": "CREATED"}, "sent_ts": 1758759480501, "arrival_ts": 1758759480524}
{"action": "recv", "src": "AU-N136", "dst": "AS-N62", "hlc": {"phys": 1758759507093, "cnt": 0, "node": "AU-N136"}, "package_id": "PKG59480", "payload": {"status": "SENT"}, "sent_ts": 1758759480733, "arrival_ts": 1758759480783}
{"action": "recv", "src": "AU-N136", "dst": "AS-N62", "hlc": {"phys": 1758759507353, "cnt": 0, "node": "AU-N136"}, "package_id": "PKG59480", "payload": {"status": "IN_TRANSIT"}, "sent_ts": 1758759480993, "arrival_ts": 1758759481128}
{"action": "recv", "src": "AU-N136", "dst": "AS-N62", "hlc": {"phys": 1758759507694, "cnt": 0, "node": "AU-N136"}, "package_id": "PKG59480", "payload": {"status": "RECEIVED"}, "sent_ts": 1758759481334, "arrival_ts": 1758759481400}
{"action": "recv", "src": "AU-N136", "dst": "AS-N62", "hlc": {"phys": 1758759507956, "cnt": 0, "node": "AU-N136"}, "package_id": "PKG59480", "payload": {"status": "DELIVERED"}, "sent_ts": 1758759481596, "arrival_ts": 1758759481736}
{"action": "send", "src": "AS-N62", "dst": "AS-N34", "hlc": {"phys": 1758760385901, "cnt": 0, "node": "AS-N62"}, "package_id": "PKG60375", "payload": {"status": "CREATED"}, "sent_ts": 1758760375281, "arrival_ts": 1758760375281}
{"action": "send", "src": "AS-N62", "dst": "AS-N34", "hlc": {"phys": 1758760386148, "cnt": 0, "node": "AS-N62"}, "package_id": "PKG60375", "payload": {"status": "SENT"}, "sent_ts": 1758760375528, "arrival_ts": 1758760375528}
{"action": "send", "src": "AS-N62", "dst": "AS-N34", "hlc": {"phys": 1758760386443, "cnt": 0, "node": "AS-N62"}, "package_id": "PKG60375", "payload": {"status": "IN_TRANSIT"}, "sent_ts": 1758760375823, "arrival_ts": 1758760375823}
{"action": "send", "src": "AS-N62", "dst": "AS-N34", "hlc": {"phys": 1758760386704, "cnt": 0, "node": "AS-N62"}, "package_id": "PKG60375", "payload": {"status": "RECEIVED"}, "sent_ts": 1758760376084, "arrival_ts": 1758760376084}
{"action": "send", "src": "AS-N62", "dst": "AS-N34", "hlc": {"phys": 1758760386970, "cnt": 0, "node": "AS-N62"}, "package_id": "PKG60375", "payload": {"status": "DELIVERED"}, "sent_ts": 1758760376350, "arrival_ts": 1758760376350}
{"action": "recv", "src": "AN-N105", "dst": "AS-N62", "hlc": {"phys": 1758760948833, "cnt": 0, "node": "AN-N105"}, "package_id": "PKG60917", "payload": {"status": "CREATED"}, "sent_ts": 1758760917783, "arrival_ts": 1758760917939}
{"action": "recv", "src": "AN-N105", "dst": "AS-N62", "hlc": {"phys": 1758760949198, "cnt": 0, "node": "AN-N105"}, "package_id": "PKG60917", "payload": {"status": "SENT"}, "sent_ts": 1758760918148, "arrival_ts": 1758760918237}
{"action": "recv", "src": "AN-N105", "dst": "AS-N62", "hlc": {"phys": 1758760949503, "cnt": 0, "node": "AN-N105"}, "package_id": "PKG60917", "payload": {"status": "IN_TRANSIT"}, "sent_ts": 1758760918453, "arrival_ts": 1758760918527}
{"action": "recv", "src": "AN-N105", "dst": "AS-N62", "hlc": {"phys": 1758760949779, "cnt": 0, "node": "AN-N105"}, "package_id": "PKG60917", "payload": {"status": "RECEIVED"}, "sent_ts": 1758760918728, "arrival_ts": 1758760918817}
{"action": "recv", "src": "AN-N105", "dst": "AS-N62", "hlc": {"phys": 1758760950081, "cnt": 0, "node": "AN-N105"}, "package_id": "PKG60917", "payload": {"status": "DELIVERED"}, "sent_ts": 1758760919031, "arrival_ts": 1758760919084}
{"action": "send", "src": "AS-N62", "dst": "EU-N155", "hlc": {"phys": 1758761472898, "cnt": 0, "node": "AS-N62"}, "package_id": "PKG61462", "payload": {"status": "CREATED"}, "sent_ts": 1758761462278, "arrival_ts": 1758761462278}
{"action": "send", "src": "AS-N62", "dst": "EU-N155", "hlc": {"phys": 1758761473190, "cnt": 0, "node": "AS-N62"}, "package_id": "PKG61462", "payload": {"status": "SENT"}, "sent_ts": 1758761462570, "arrival_ts": 1758761462570}
{"action": "send", "src": "AS-N62", "dst": "EU-N155", "hlc": {"phys": 1758761473511, "cnt": 0, "node": "AS-N62"}, "package_id": "PKG61462", "payload": {"status": "IN_TRANSIT"}, "sent_ts": 1758761462891, "arrival_ts": 1758761462891}
{"action": "send", "src": "AS-N62", "dst": "EU-N155", "hlc": {"phys": 1758761473738, "cnt": 0, "node": "AS-N62"}, "package_id": "PKG61462", "payload": {"status": "RECEIVED"}, "sent_ts": 1758761463118, "arrival_ts": 1758761463118}
{"action": "send", "src": "AS-N62", "dst": "EU-N155", "hlc": {"phys": 1758761474016, "cnt": 0, "node": "AS-N62"}, "package_id": "PKG61462", "payload": {"status": "DELIVERED"}, "sent_ts": 1758761463396, "arrival_ts": 1758761463396}
{"action": "recv", "src": "AU-N98", "dst": "AS-N62", "hlc": {"phys": 1758762933620, "cnt": 0, "node": "AU-N98"}, "package_id": "PKG62907", "payload": {"status": "CREATED"}, "sent_ts": 1758762907640, "arrival_ts": 1758762907826}
{"action": "recv", "src": "AU-N98", "dst": "AS-N62", "hlc": {"phys": 1758762934007, "cnt": 0, "node": "AU-N98"}, "package_id": "PKG62907", "payload": {"status": "SENT"}, "sent_ts": 1758762908027, "arrival_ts": 1758762908194}
{"action": "recv", "src": "AU-N98", "dst": "AS-N62", "hlc": {"phys": 1758762934379, "cnt": 0, "node": "AU-N98"}, "package_id": "PKG62907", "payload": {"status": "IN_TRANSIT"}, "sent_ts": 1758762908399, "arrival_ts": 1758762908529}
{"action": "recv", "src": "AU-N98", "dst": "AS-N62", "hlc": {"phys": 1758762934706, "cnt": 0, "node": "AU-N98"}, "package_id": "PKG62907", "payload": {"status": "RECEIVED"}, "sent_ts": 1758762908726, "arrival_ts": 1758762908794}
{"action": "recv", "src": "AU-N98", "dst": "AS-N62", "hlc": {"phys": 1758762934985, "cnt": 0, "node": "AU-N98"}, "package_id": "PKG62907", "payload": {"status": "DELIVERED"}, "sent_ts": 1758762909005, "arrival_ts": 1758762909039}
{"action": "recv", "src": "SA-N182", "dst": "AS-N62", "hlc": {"phys": 1758764273955, "cnt": 0, "node": "SA-N182"}, "package_id": "PKG64252", "payload": {"status": "CREATED"}, "sent_ts": 1758764252135, "arrival_ts": 1758764252335}
{"action": "recv", "src": "SA-N182", "dst": "AS-N62", "hlc": {"phys": 1758764274358, "cnt": 0, "node": "SA-N182"}, "package_id": "PKG64252", "payload": {"status": "SENT"}, "sent_ts": 1758764252538, "arrival_ts": 1758764252593}
{"action": "recv", "src": "SA-N182", "dst": "AS-N62", "hlc": {"phys": 1758764274621, "cnt": 0, "node": "SA-N182"}, "package_id": "PKG64252", "payload": {"status": "IN_TRANSIT"}, "sent_ts": 1758764252801, "arrival_ts": 1758764252908}
{"action": "recv", "src": "SA-N182", "dst": "AS-N62", "hlc": {"phys": 1758764274933, "cnt": 0, "node": "SA-N182"}, "package_id": "PKG64252", "payload": {"status": "RECEIVED"}, "sent_ts": 1758764253113, "arrival_ts": 1758764253221}
{"action": "recv", "src": "SA-N182", "dst": "AS-N62", "hlc": {"phys": 1758764275242, "cnt": 0, "node": "SA-N182"}, "package_id": "PKG64252", "payload": {"status": "DELIVERED"}, "sent_ts": 1758764253422, "arrival_ts": 1758764253610}
{"action": "send", "src": "AS-N62", "dst": "AS-N30", "hlc": {"phys": 1758803015059, "cnt": 0, "node": "AS-N62"}, "package_id": "PKG3004", "payload": {"status": "CREATED"}, "sent_ts": 1758803004439, "arrival_ts": 1758803004439}
{"action": "send", "src": "AS-N62", "dst": "AS-N30", "hlc": {"phys": 1758803015372, "cnt": 0, "node": "AS-N62"}, "package_id": "PKG3004", "payload": {"status": "SENT"}, "sent_ts": 1758803004752, "arrival_ts": 1758803004752}
{"action": "send", "src": "AS-N62", "dst": "AS-N30", "hlc": {"phys": 1758803015759, "cnt": 0, "node": "AS-N62"}, "package_id": "PKG3004", "payload": {"status": "IN_TRANSIT"}, "sent_ts": 1758803005139, "arrival_ts": 1758803005139}
{"action": "send", "src": "AS-N62", "dst": "AS-N30", "hlc": {"phys": 1758803016116, "cnt": 0, "node": "AS-N62"}, "package_id": "PKG3004", "payload": {"status": "RECEIVED"}, "sent_ts": 1758803005496, "arrival_ts": 1758803005496}
{"action": "send", "src": "AS-N62", "dst": "AS-N30", "hlc": {"phys": 1758803016365, "cnt": 0, "node": "AS-N62"}, "package_id": "PKG3004", "payload": {"status": "DELIVERED"}, "sent_ts": 1758803005745, "arrival_ts": 1758803005745}
{"action": "send", "src": "AS-N62", "dst": "EU-N82", "hlc": {"phys": 1758803475807, "cnt": 0, "node": "AS-N62"}, "package_id": "PKG3465", "payload": {"status": "CREATED"}, "sent_ts": 1758803465187, "arrival_ts": 1758803465187}
{"action": "send", "src": "AS-N62", "dst": "EU-N82", "hlc": {"phys": 1758803476142, "cnt": 0, "node": "AS-N62"}, "package_id": "PKG3465", "payload": {"status": "SENT"}, "sent_ts": 1758803465522, "arrival_ts": 1758803465522}
{"action": "send", "src": "AS-N62", "dst": "EU-N82", "hlc": {"phys": 1758803476372, "cnt": 0, "node": "AS-N62"}, "package_id": "PKG3465", "payload": {"status": "IN_TRANSIT"}, "sent_ts": 1758803465752, "arrival_ts": 1758803465752}
{"action": "send", "src": "AS-N62", "dst": "EU-N82", "hlc": {"phys": 1758803476779, "cnt": 0, "node": "AS-N62"}, "package_id": "PKG3465", "payload": {"status": "RECEIVED"}, "sent_ts": 1758803466159, "arrival_ts": 1758803466159}
{"action": "send", "src": "AS-N62", "dst": "EU-N82", "hlc": {"phys": 1758803477033, "cnt": 0, "node": "AS-N62"}, "package_id": "PKG3465", "payload": {"status": "DELIVERED"}, "sent_ts": 1758803466413, "arrival_ts": 1758803466413}
{"action": "send", "src": "AS-N62", "dst": "NA-N184", "hlc": {"phys": 1758804068962, "cnt": 0, "node": "AS-N62"}, "package_id": "PKG4058", "payload": {"status": "CREATED"}, "sent_ts": 1758804058342, "arrival_ts": 1758804058342}
{"action": "send", "src": "AS-N62", "dst": "NA-N184", "hlc": {"phys": 1758804069341, "cnt": 0, "node": "AS-N62"}, "package_id": "PKG4058", "payload": {"status": "SENT"}, "sent_ts": 1758804058721, "arrival_ts": 1758804058721}
{"action": "send", "src": "AS-N62", "dst": "NA-N184", "hlc": {"phys": 1758804069621, "cnt": 0, "node": "AS-N62"}, "package_id": "PKG4058", "payload": {"status": "IN_TRANSIT"}, "sent_ts": 1758804059001, "arrival_ts": 1758804059001}
{"action": "send", "src": "AS-N62", "dst": "NA-N184", "hlc": {"phys": 1758804069884, "cnt": 0, "node": "AS-N62"}, "package_id": "PKG4058", "payload": {"status": "RECEIVED"}, "sent_ts": 1758804059263, "arrival_ts": 1758804059264}
{"action": "send", "src": "AS-N62", "dst": "NA-N184", "hlc": {"phys": 1758804070122, "cnt": 0, "node": "AS-N62"}, "package_id": "PKG4058", "payload": {"status": "DELIVERED"}, "sent_ts": 1758804059502, "arrival_ts": 1758804059502}
{"action": "send", "src": "AS-N62", "dst": "SA-N51", "hlc": {"phys": 1758804333904, "cnt": 0, "node": "AS-N62"}, "package_id": "PKG4323", "payload": {"status": "CREATED"}, "sent_ts": 1758804323284, "arrival_ts": 1758804323284}
{"action": "send", "src": "AS-N62", "dst": "SA-N51", "hlc": {"phys": 1758804334256, "cnt": 0, "node": "AS-N62"}, "package_id": "PKG4323", "payload": {"status": "SENT"}, "sent_ts": 1758804323636, "arrival_ts": 1758804323636}
{"action": "send", "src": "AS-N62", "dst": "SA-N51", "hlc": {"phys": 1758804334512, "cnt": 0, "node": "AS-N62"}, "package_id": "PKG4323", "payload": {"status": "IN_TRANSIT"}, "sent_ts": 1758804323892, "arrival_ts": 1758804323892}
{"action": "send", "src": "AS-N62", "dst": "SA-N51", "hlc": {"phys": 1758804334893, "cnt": 0, "node": "AS-N62"}, "package_id": "PKG4323", "payload": {"status": "RECEIVED"}, "sent_ts": 1758804324273, "arrival_ts": 1758804324273}
{"action": "send", "src": "AS-N62", "dst": "SA-N51", "hlc": {"phys": 1758804335139, "cnt": 0, "node": "AS-N62"}, "package_id": "PKG4323", "payload": {"status": "DELIVERED"}, "sent_ts": 1758804324519, "arrival_ts": 1758804324519}
{"action": "send", "src": "AS-N62", "dst": "AN-N99", "hlc": {"phys": 1758812431362, "cnt": 0, "node": "AS-N62"}, "package_id": "PKG12420", "payload": {"status": "CREATED"}, "sent_ts": 1758812420742, "arrival_ts": 1758812420742}
{"action": "send", "src": "AS-N62", "dst": "AN-N99", "hlc": {"phys": 1758812431702, "cnt": 0, "node": "AS-N62"}, "package_id": "PKG12420", "payload": {"status": "SENT"}, "sent_ts": 1758812421082, "arrival_ts": 1758812421082}
{"action": "send", "src": "AS-N62", "dst": "AN-N99", "hlc": {"phys": 1758812432046, "cnt": 0, "node": "AS-N62"}, "package_id": "PKG12420", "payload": {"status": "IN_TRANSIT"}, "sent_ts": 1758812421426, "arrival_ts": 1758812421426}
{"action": "send", "src": "AS-N62", "dst": "AN-N99", "hlc": {"phys": 1758812432292, "cnt": 0, "node": "AS-N62"}, "package_id": "PKG12420", "payload": {"status": "RECEIVED"}, "sent_ts": 1758812421672, "arrival_ts": 1758812421672}
{"action": "send", "src": "AS-N62", "dst": "AN-N99", "hlc": {"phys": 1758812432573, "cnt": 0, "node": "AS-N62"}, "package_id": "PKG12420", "payload": {"status": "DELIVERED"}, "sent_ts": 1758812421953, "arrival_ts": 1758812421953}
{"action": "send", "src": "AS-N62", "dst": "AS-N144", "hlc": {"phys": 1758813235308, "cnt": 0, "node": "AS-N62"}, "package_id": "PKG13224", "payload": {"status": "CREATED"}, "sent_ts": 1758813224688, "arrival_ts": 1758813224688}
{"action": "send", "src": "AS-N62", "dst": "AS-N144", "hlc": {"phys": 1758813235635, "cnt": 0, "node": "AS-N62"}, "package_id": "PKG13224", "payload": {"status": "SENT"}, "sent_ts": 1758813225015, "arrival_ts": 1758813225015}
{"action": "send", "src": "AS-N62", "dst": "AS-N144", "hlc": {"phys": 1758813235945, "cnt": 0, "node": "AS-N62"}, "package_id": "PKG13224", "payload": {"status": "IN_TRANSIT"}, "sent_ts": 1758813225325, "arrival_ts": 1758813225325}
{"action": "send", "src": "AS-N62", "dst": "AS-N144", "hlc": {"phys": 1758813236348, "cnt": 0, "node": "AS-N62"}, "package_id": "PKG13224", "payload": {"status": "RECEIVED"}, "sent_ts": 1758813225728, "arrival_ts": 1758813225728}
{"action": "send", "src": "AS-N62", "dst": "AS-N144", "hlc": {"phys": 1758813236659, "cnt": 0, "node": "AS-N62"}, "package_id": "PKG13224", "payload": {"status": "DELIVERED"}, "sent_ts": 1758813226039, "arrival_ts": 1758813226039}
{"action": "send", "src": "AS-N62", "dst": "AF-N41", "hlc": {"phys": 1758815197953, "cnt": 0, "node": "AS-N62"}, "package_id": "PKG15187", "payload": {"status": "CREATED"}, "sent_ts": 1758815187333, "arrival_ts": 1758815187333}
{"action": "send", "src": "AS-N62", "dst": "AF-N41", "hlc": {"phys": 1758815198295, "cnt": 0, "node": "AS-N62"}, "package_id": "PKG15187", "payload": {"status": "SENT"}, "sent_ts": 1758815187675, "arrival_ts": 1758815187675}
{"action": "send", "src": "AS-N62", "dst": "AF-N41", "hlc": {"phys": 1758815198622, "cnt": 0, "node": "AS-N62"}, "package_id": "PKG15187", "payload": {"status": "IN_TRANSIT"}, "sent_ts": 1758815188002, "arrival_ts": 1758815188002}
{"action": "send", "src": "AS-N62", "dst": "AF-N41", "hlc": {"phys": 1758815198949, "cnt": 0, "node": "AS-N62"}, "package_id": "PKG15187", "payload": {"status": "RECEIVED"}, "sent_ts": 1758815188329, "arrival_ts": 1758815188329}
{"action": "send", "src": "AS-N62", "dst": "AF-N41", "hlc": {"phys": 1758815199200, "cnt": 0, "node": "AS-N62"}, "package_id": "PKG15187", "payload": {"status": "DELIVERED"}, "sent_ts": 1758815188580, "arrival_ts": 1758815188580}
{"action": "send", "src": "AS-N62", "dst": "AF-N98", "hlc": {"phys": 1758815975732, "cnt": 0, "node": "AS-N62"}, "package_id": "PKG15965", "payload": {"status": "CREATED"}, "sent_ts": 1758815965112, "arrival_ts": 1758815965112}
{"action": "send", "src": "AS-N62", "dst": "AF-N98", "hlc": {"phys": 1758815975978, "cnt": 0, "node": "AS-N62"}, "package_id": "PKG15965", "payload": {"status": "SENT"}, "sent_ts": 1758815965358, "arrival_ts": 1758815965358}
{"action": "send", "src": "AS-N62", "dst": "AF-N98", "hlc": {"phys": 1758815976240, "cnt": 0, "node": "AS-N62"}, "package_id": "PKG15965", "payload": {"status": "IN_TRANSIT"}, "sent_ts": 1758815965620, "arrival_ts": 1758815965620}
{"action": "send", "src": "AS-N62", "dst": "AF-N98", "hlc": {"phys": 1758815976472, "cnt": 0, "node": "AS-N62"}, "package_id": "PKG15965", "payload": {"status": "RECEIVED"}, "sent_ts": 1758815965852, "arrival_ts": 1758815965852}
{"action": "send", "src": "AS-N62", "dst": "AF-N98", "hlc": {"phys": 1758815976861, "cnt": 0, "node": "AS-N62"}, "package_id": "PKG15965", "payload": {"status": "DELIVERED"}, "sent_ts": 1758815966241, "arrival_ts": 1758815966241}
{"action": "send", "src": "AS-N62", "dst": "AF-N161", "hlc": {"phys": 1758816278442, "cnt": 0, "node": "AS-N62"}, "package_id": "PKG16267", "payload": {"status": "CREATED"}, "sent_ts": 1758816267822, "arrival_ts": 1758816267822}
{"action": "send", "src": "AS-N62", "dst": "AF-N161", "hlc": {"phys": 1758816278661, "cnt": 0, "node": "AS-N62"}, "package_id": "PKG16267", "payload": {"status": "SENT"}, "sent_ts": 1758816268041, "arrival_ts": 1758816268041}
{"action": "send", "src": "AS-N62", "dst": "AF-N161", "hlc": {"phys": 1758816278986, "cnt": 0, "node": "AS-N62"}, "package_id": "PKG16267", "payload": {"status": "IN_TRANSIT"}, "sent_ts": 1758816268366, "arrival_ts": 1758816268366}
{"action": "send", "src": "AS-N62", "dst": "AF-N161", "hlc": {"phys": 1758816279249, "cnt": 0, "node": "AS-N62"}, "package_id": "PKG16267", "payload": {"status": "RECEIVED"}, "sent_ts": 1758816268629, "arrival_ts": 1758816268629}
{"action": "send", "src": "AS-N62", "dst": "AF-N161", "hlc": {"phys": 1758816279607, "cnt": 0, "node": "AS-N62"}, "package_id": "PKG16267", "payload": {"status": "DELIVERED"}, "sent_ts": 1758816268987, "arrival_ts": 1758816268987}
