{"action": "send", "src": "AU-N149", "dst": "NA-N116", "hlc": {"phys": 1758713237573, "cnt": 0, "node": "AU-N149"}, "package_id": "PKG13211", "payload": {"status": "CREATED"}, "sent_ts": 1758713211083, "arrival_ts": 1758713211083}
{"action": "send", "src": "AU-N149", "dst": "NA-N116", "hlc": {"phys": 1758713237882, "cnt": 0, "node": "AU-N149"}, "package_id": "PKG13211", "payload": {"status": "SENT"}, "sent_ts": 1758713211392, "arrival_ts": 1758713211392}
{"action": "send", "src": "AU-N149", "dst": "NA-N116", "hlc": {"phys": 1758713238194, "cnt": 0, "node": "AU-N149"}, "package_id": "PKG13211", "payload": {"status": "IN_TRANSIT"}, "sent_ts": 1758713211704, "arrival_ts": 1758713211704}
{"action": "send", "src": "AU-N149", "dst": "NA-N116", "hlc": {"phys": 1758713238580, "cnt": 0, "node": "AU-N149"}, "package_id": "PKG13211", "payload": {"status": "RECEIVED"}, "sent_ts": 1758713212090, "arrival_ts": 1758713212090}
{"action": "send", "src": "AU-N149", "dst": "NA-N116", "hlc": {"phys": 1758713238923, "cnt": 0, "node": "AU-N149"}, "package_id": "PKG13211", "payload": {"status": "DELIVERED"}, "sent_ts": 1758713212433, "arrival_ts": 1758713212433}
{"action": "recv", "src": "AF-N137", "dst": "AU-N149", "hlc": {"phys": 1758739003381, "cnt": 0, "node": "AF-N137"}, "package_id": "PKG38987", "payload": {"status": "CREATED"}, "sent_ts": 1758738987011, "arrival_ts": 1758738987170}
{"action": "recv", "src": "AF-N137", "dst": "AU-N149", "hlc": {"phys": 1758739003756, "cnt": 0, "node": "AF-N137"}, "package_id": "PKG38987", "payload": {"status": "SENT"}, "sent_ts": 1758738987386, "arrival_ts": 1758738987443}
{"action": "recv", "src": "AF-N137", "dst": "AU-N149", "hlc": {"phys": 1758739004025, "cnt": 0, "node": "AF-N137"}, "package_id": "PKG38987", "payload": {"status": "IN_TRANSIT"}, "sent_ts": 1758738987655, "arrival_ts": 1758738987765}
{"action": "recv", "src": "AF-N137", "dst": "AU-N149", "hlc": {"phys": 1758739004351, "cnt": 0, "node": "AF-N137"}, "package_id": "PKG38987", "payload": {"status": "RECEIVED"}, "sent_ts": 1758738987981, "arrival_ts": 1758738988149}
{"action": "recv", "src": "AF-N137", "dst": "AU-N149", "hlc": {"phys": 1758739004726, "cnt": 0, "node": "AF-N137"}, "package_id": "PKG38987", "payload": {"status": "DELIVERED"}, "sent_ts": 1758738988356, "arrival_ts": 1758738988406}
{"action": "send", "src": "AU-N149", "dst": "AS-N144", "hlc": {"phys": 1758742708427, "cnt": 0, "node": "AU-N149"}, "package_id": "PKG42681", "payload": {"status": "CREATED"}, "sent_ts": 1758742681937, "arrival_ts": 1758742681937}
{"action": "send", "src": "AU-N149", "dst": "AS-N144", "hlc": {"phys": 1758742708678, "cnt": 0, "node": "AU-N149"}, "package_id": "PKG42681", "payload": {"status": "SENT"}, "sent_ts": 1758742682188, "arrival_ts": 1758742682188}
{"action": "send", "src": "AU-N149", "dst": "AS-N144", "hlc": {"phys": 1758742709068, "cnt": 0, "node": "AU-N149"}, "package_id": "PKG42681", "payload": {"status": "IN_TRANSIT"}, "sent_ts": 1758742682578, "arrival_ts": 1758742682578}
{"action": "send", "src": "AU-N149", "dst": "AS-N144", "hlc": {"phys": 1758742709303, "cnt": 0, "node": "AU-N149"}, "package_id": "PKG42681", "payload": {"status": "RECEIVED"}, "sent_ts": 1758742682813, "arrival_ts": 1758742682813}
{"action": "send", "src": "AU-N149", "dst": "AS-N144", "hlc": {"phys": 1758742709688, "cnt": 0, "node": "AU-N149"}, "package_id": "PKG42681", "payload": {"status": "DELIVERED"}, "sent_ts": 1758742683198, "arrival_ts": 1758742683198}
{"action": "send", "src": "AU-N149", "dst": "AS-N118", "hlc": {"phys": 1758746171244, "cnt": 0, "node": "AU-N149"}, "package_id": "PKG46144", "payload": {"status": "CREATED"}, "sent_ts": 1758746144754, "arrival_ts": 1758746144754}
{"action": "send", "src": "AU-N149", "dst": "AS-N118", "hlc": {"phys": 1758746171651, "cnt": 0, "node": "AU-N149"}, "package_id": "PKG46144", "payload": {"status": "SENT"}, "sent_ts": 1758746145161, "arrival_ts": 1758746145161}
{"action": "send", "src": "AU-N149", "dst": "AS-N118", "hlc": {"phys": 1758746172041, "cnt": 0, "node": "AU-N149"}, "package_id": "PKG46144", "payload": {"status": "IN_TRANSIT"}, "sent_ts": 1758746145551, "arrival_ts": 1758746145551}
{"action": "send", "src": "AU-N149", "dst": "AS-N118", "hlc": {"phys": 1758746172372, "cnt": 0, "node": "AU-N149"}, "package_id": "PKG46144", "payload": {"status": "RECEIVED"}, "sent_ts": 1758746145882, "arrival_ts": 1758746145882}
{"action": "send", "src": "AU-N149", "dst": "AS-N118", "hlc": {"phys": 1758746172674, "cnt": 0, "node": "AU-N149"}, "package_id": "PKG46144", "payload": {"status": "DELIVERED"}, "sent_ts": 1758746146184, "arrival_ts": 1758746146184}
{"action": "send", "src": "AU-N149", "dst": "AU-N73", "hlc": {"phys": 1758749283143, "cnt": 0, "node": "AU-N149"}, "package_id": "PKG49256", "payload": {"status": "CREATED"}, "sent_ts": 1758749256653, "arrival_ts": 1758749256653}
{"action": "send", "src": "AU-N149", "dst": "AU-N73", "hlc": {"phys": 1758749283536, "cnt": 0, "node": "AU-N149"}, "package_id": "PKG49256", "payload": {"status": "SENT"}, "sent_ts": 1758749257046, "arrival_ts": 1758749257046}
{"action": "send", "src": "AU-N149", "dst": "AU-N73", "hlc": {"phys": 1758749283785, "cnt": 0, "node": "AU-N149"}, "package_id": "PKG49256", "payload": {"status": "IN_TRANSIT"}, "sent_ts": 1758749257295, "arrival_ts": 1758749257295}
{"action": "send", "src": "AU-N149", "dst": "AU-N73", "hlc": {"phys": 1758749284081, "cnt": 0, "node": "AU-N149"}, "package_id": "PKG49256", "payload": {"status": "RECEIVED"}, "sent_ts": 1758749257591, "arrival_ts": 1758749257591}
{"action": "send", "src": "AU-N149", "dst": "AU-N73", "hlc": {"phys": 1758749284489, "cnt": 0, "node": "AU-N149"}, "package_id": "PKG49256", "payload": {"status": "DELIVERED"}, "sent_ts": 1758749257999, "arrival_ts": 1758749257999}
{"action": "send", "src": "AU-N149", "dst": "AU-N184", "hlc": {"phys": 1758752441722, "cnt": 0, "node": "AU-N149"}, "package_id": "PKG52415", "payload": {"status": "CREATED"}, "sent_ts": 1758752415232, "arrival_ts": 1758752415232}
{"action": "send", "src": "AU-N149", "dst": "AU-N184", "hlc": {"phys": 1758752442120, "cnt": 0, "node": "AU-N149"}, "package_id": "PKG52415", "payload": {"status": "SENT"}, "sent_ts": 1758752415630, "arrival_ts": 1758752415630}
{"action": "send", "src": "AU-N149", "dst": "AU-N184", "hlc": {"phys": 1758752442452, "cnt": 0, "node": "AU-N149"}, "package_id": "PKG52415", "payload": {"status": "IN_TRANSIT"}, "sent_ts": 1758752415962, "arrival_ts": 1758752415962}
{"action": "send", "src": "AU-N149", "dst": "AU-N184", "hlc": {"phys": 1758752442812, "cnt": 0, "node": "AU-N149"}, "package_id": "PKG52415", "payload": {"status": "RECEIVED"}, "sent_ts": 1758752416322, "arrival_ts": 1758752416322}
{"action": "send", "src": "AU-N149", "dst": "AU-N184", "hlc": {"phys": 1758752444824, "cnt": 0, "node": "AU-N149"}, "package_id": "PKG52415", "payload": {"status": "DELIVERED"}, "sent_ts": 1758752418334, "arrival_ts": 1758752418334}
{"action": "send", "src": "AU-N149", "dst": "NA-N133", "hlc": {"phys": 1758754948721, "cnt": 0, "node": "AU-N149"}, "package_id": "PKG54922", "payload": {"status": "CREATED"}, "sent_ts": 1758754922231, "arrival_ts": 1758754922231}
{"action": "send", "src": "AU-N149", "dst": "NA-N133", "hlc": {"phys": 1758754949029, "cnt": 0, "node": "AU-N149"}, "package_id": "PKG54922", "payload": {"status": "SENT"}, "sent_ts": 1758754922539, "arrival_ts": 1758754922539}
{"action": "send", "src": "AU-N149", "dst": "NA-N133", "hlc": {"phys": 1758754949320, "cnt": 0, "node": "AU-N149"}, "package_id": "PKG54922", "payload": {"status": "IN_TRANSIT"}, "sent_ts": 1758754922830, "arrival_ts": 1758754922830}
{"action": "send", "src": "AU-N149", "dst": "NA-N133", "hlc": {"phys": 1758754949561, "cnt": 0, "node": "AU-N149"}, "package_id": "PKG54922", "payload": {"status": "RECEIVED"}, "sent_ts": 1758754923071, "arrival_ts": 1758754923071}
{"action": "send", "src": "AU-N149", "dst": "NA-N133", "hlc": {"phys": 1758754949791, "cnt": 0, "node": "AU-N149"}, "package_id": "PKG54922", "payload": {"status": "DELIVERED"}, "sent_ts": 1758754923301, "arrival_ts": 1758754923301}
{"action": "recv", "src": "AU-N29", "dst": "AU-N149", "hlc": {"phys": 1758763967011, "cnt": 0, "node": "AU-N29"}, "package_id": "PKG63941", "payload": {"status": "CREATED"}, "sent_ts": 1758763941721, "arrival_ts": 1758763941900}
{"action": "recv", "src": "AU-N29", "dst": "AU-N149", "hlc": {"phys": 1758763967402, "cnt": 0, "node": "AU-N29"}, "package_id": "PKG63941", "payload": {"status": "SENT"}, "sent_ts": 1758763942112, "arrival_ts": 1758763942174}
{"action": "recv", "src": "AU-N29", "dst": "AU-N149", "hlc": {"phys": 1758763967674, "cnt": 0, "node": "AU-N29"}, "package_id": "PKG63941", "payload": {"status": "IN_TRANSIT"}, "sent_ts": 1758763942384, "arrival_ts": 1758763942461}
{"action": "recv", "src": "AU-N29", "dst": "AU-N149", "hlc": {"phys": 1758763967966, "cnt": 0, "node": "AU-N29"}, "package_id": "PKG63941", "payload": {"status": "RECEIVED"}, "sent_ts": 1758763942676, "arrival_ts": 1758763942714}
{"action": "recv", "src": "AU-N29", "dst": "AU-N149", "hlc": {"phys": 1758763968207, "cnt": 0, "node": "AU-N29"}, "package_id": "PKG63941", "payload": {"status": "DELIVERED"}, "sent_ts": 1758763942917, "arrival_ts": 1758763943114}
{"action": "send", "src": "AU-N149", "dst": "SA-N58", "hlc": {"phys": 1758764039482, "cnt": 0, "node": "AU-N149"}, "package_id": "PKG64012", "payload": {"status": "CREATED"}, "sent_ts": 1758764012992, "arrival_ts": 1758764012992}
{"action": "send", "src": "AU-N149", "dst": "SA-N58", "hlc": {"phys": 1758764039729, "cnt": 0, "node": "AU-N149"}, "package_id": "PKG64012", "payload": {"status": "SENT"}, "sent_ts": 1758764013239, "arrival_ts": 1758764013239}
{"action": "send", "src": "AU-N149", "dst": "SA-N58", "hlc": {"phys": 1758764040069, "cnt": 0, "node": "AU-N149"}, "package_id": "PKG64012", "payload": {"status": "IN_TRANSIT"}, "sent_ts": 1758764013579, "arrival_ts": 1758764013579}
{"action": "send", "src": "AU-N149", "dst": "SA-N58", "hlc": {"phys": 1758764040424, "cnt": 0, "node": "AU-N149"}, "package_id": "PKG64012", "payload": {"status": "RECEIVED"}, "sent_ts": 1758764013934, "arrival_ts": 1758764013934}
{"action": "send", "src": "AU-N149", "dst": "SA-N58", "hlc": {"phys": 1758764040670, "cnt": 0, "node": "AU-N149"}, "package_id": "PKG64012", "payload": {"status": "DELIVERED"}, "sent_ts": 1758764014180, "arrival_ts": 1758764014180}
{"action": "send", "src": "AU-N149", "dst": "AU-N196", "hlc": {"phys": 1758764203126, "cnt": 0, "node": "AU-N149"}, "package_id": "PKG64176", "payload": {"status": "CREATED"}, "sent_ts": 1758764176636, "arrival_ts": 1758764176636}
{"action": "send", "src": "AU-N149", "dst": "AU-N196", "hlc": {"phys": 1758764203342, "cnt": 0, "node": "AU-N149"}, "package_id": "PKG64176", "payload": {"status": "SENT"}, "sent_ts": 1758764176852, "arrival_ts": 1758764176852}
{"action": "send", "src": "AU-N149", "dst": "AU-N196", "hlc": {"phys": 1758764203638, "cnt": 0, "node": "AU-N149"}, "package_id": "PKG64176", "payload": {"status": "IN_TRANSIT"}, "sent_ts": 1758764177148, "arrival_ts": 1758764177148}
{"action": "send", "src": "AU-N149", "dst": "AU-N196", "hlc": {"phys": 1758764203904, "cnt": 0, "node": "AU-N149"}, "package_id": "PKG64176", "payload": {"status": "RECEIVED"}, "sent_ts": 1758764177414, "arrival_ts": 1758764177414}
{"action": "send", "src": "AU-N149", "dst": "AU-N196", "hlc": {"phys": 1758764204121, "cnt": 0, "node": "AU-N149"}, "package_id": "PKG64176", "payload": {"status": "DELIVERED"}, "sent_ts": 1758764177631, "arrival_ts": 1758764177631}
{"action": "send", "src": "AU-N149", "dst": "SA-N156", "hlc": {"phys": 1758800402834, "cnt": 0, "node": "AU-N149"}, "package_id": "PKG376", "payload": {"status": "CREATED"}, "sent_ts": 1758800376344, "arrival_ts": 1758800376344}
{"action": "send", "src": "AU-N149", "dst": "SA-N156", "hlc": {"phys": 1758800403115, "cnt": 0, "node": "AU-N149"}, "package_id": "PKG376", "payload": {"status": "SENT"}, "sent_ts": 1758800376625, "arrival_ts": 1758800376625}
{"action": "send", "src": "AU-N149", "dst": "SA-N156", "hlc": {"phys": 1758800403521, "cnt": 0, "node": "AU-N149"}, "package_id": "PKG376", "payload": {"status": "IN_TRANSIT"}, "sent_ts": 1758800377031, "arrival_ts": 1758800377031}
{"action": "send", "src": "AU-N149", "dst": "SA-N156", "hlc": {"phys": 1758800403925, "cnt": 0, "node": "AU-N149"}, "package_id": "PKG376", "payload": {"status": "RECEIVED"}, "sent_ts": 1758800377435, "arrival_ts": 1758800377435}
{"action": "send", "src": "AU-N149", "dst": "SA-N156", "hlc": {"phys": 1758800404154, "cnt": 0, "node": "AU-N149"}, "package_id": "PKG376", "payload": {"status": "DELIVERED"}, "sent_ts": 1758800377664, "arrival_ts": 1758800377664}
{"action": "send", "src": "AU-N149", "dst": "AS-N146", "hlc": {"phys": 1758800875593, "cnt": 0, "node": "AU-N149"}, "package_id": "PKG849", "payload": {"status": "CREATED"}, "sent_ts": 1758800849103, "arrival_ts": 1758800849103}
{"action": "send", "src": "AU-N149", "dst": "AS-N146", "hlc": {"phys": 1758800875917, "cnt": 0, "node": "AU-N149"}, "package_id": "PKG849", "payload": {"status": "SENT"}, "sent_ts": 1758800849427, "arrival_ts": 1758800849427}
{"action": "send", "src": "AU-N149", "dst": "AS-N146", "hlc": {"phys": 1758800876304, "cnt": 0, "node": "AU-N149"}, "package_id": "PKG849", "payload": {"status": "IN_TRANSIT"}, "sent_ts": 1758800849814, "arrival_ts": 1758800849814}
{"action": "send", "src": "AU-N149", "dst": "AS-N146", "hlc": {"phys": 1758800876525, "cnt": 0, "node": "AU-N149"}, "package_id": "PKG849", "payload": {"status": "RECEIVED"}, "sent_ts": 1758800850035, "arrival_ts": 1758800850035}
{"action": "send", "src": "AU-N149", "dst": "AS-N146", "hlc": {"phys": 1758800876929, "cnt": 0, "node": "AU-N149"}, "package_id": "PKG849", "payload": {"status": "DELIVERED"}, "sent_ts": 1758800850439, "arrival_ts": 1758800850439}
{"action": "send", "src": "AU-N149", "dst": "EU-N84", "hlc": {"phys": 1758802804582, "cnt": 0, "node": "AU-N149"}, "package_id": "PKG2778", "payload": {"status": "CREATED"}, "sent_ts": 1758802778092, "arrival_ts": 1758802778092}
{"action": "send", "src": "AU-N149", "dst": "EU-N84", "hlc": {"phys": 1758802804813, "cnt": 0, "node": "AU-N149"}, "package_id": "PKG2778", "payload": {"status": "SENT"}, "sent_ts": 1758802778323, "arrival_ts": 1758802778323}
{"action": "send", "src": "AU-N149", "dst": "EU-N84", "hlc": {"phys": 1758802805107, "cnt": 0, "node": "AU-N149"}, "package_id": "PKG2778", "payload": {"status": "IN_TRANSIT"}, "sent_ts": 1758802778617, "arrival_ts": 1758802778617}
{"action": "send", "src": "AU-N149", "dst": "EU-N84", "hlc": {"phys": 1758802805464, "cnt": 0, "node": "AU-N149"}, "package_id": "PKG2778", "payload": {"status": "RECEIVED"}, "sent_ts": 1758802778974, "arrival_ts": 1758802778974}
{"action": "send", "src": "AU-N149", "dst": "EU-N84", "hlc": {"phys": 1758802805794, "cnt": 0, "node": "AU-N149"}, "package_id": "PKG2778", "payload": {"status": "DELIVERED"}, "sent_ts": 1758802779304, "arrival_ts": 1758802779304}
{"action": "recv", "src": "AF-N188", "dst": "AU-N149", "hlc": {"phys": 1758804473126, "cnt": 0, "node": "AF-N188"}, "package_id": "PKG4456", "payload": {"status": "CREATED"}, "sent_ts": 1758804456246, "arrival_ts": 1758804456443}
{"action": "recv", "src": "AF-N188", "dst": "AU-N149", "hlc": {"phys": 1758804473526, "cnt": 0, "node": "AF-N188"}, "package_id": "PKG4456", "payload": {"status": "SENT"}, "sent_ts": 1758804456646, "arrival_ts": 1758804456692}
{"action": "recv", "src": "AF-N188", "dst": "AU-N149", "hlc": {"phys": 1758804473787, "cnt": 0, "node": "AF-N188"}, "package_id": "PKG4456", "payload": {"status": "IN_TRANSIT"}, "sent_ts": 1758804456907, "arrival_ts": 1758804457027}
{"action": "recv", "src": "AF-N188", "dst": "AU-N149", "hlc": {"phys": 1758804474123, "cnt": 0, "node": "AF-N188"}, "package_id": "PKG4456", "payload": {"status": "RECEIVED"}, "sent_ts": 1758804457243, "arrival_ts": 1758804457355}
{"action": "recv", "src": "AF-N188", "dst": "AU-N149", "hlc": {"phys": 1758804474441, "cnt": 0, "node": "AF-N188"}, "package_id": "PKG4456", "payload": {"status": "DELIVERED"}, "sent_ts": 1758804457561, "arrival_ts": 1758804457655}
{"action": "recv", "src": "AN-N101", "dst": "AU-N149", "hlc": {"phys": 1758804745256, "cnt": 0, "node": "AN-N101"}, "package_id": "PKG4714", "payload": {"status": "CREATED"}, "sent_ts": 1758804714246, "arrival_ts": 1758804714428}
{"action": "recv", "src": "AN-N101", "dst": "AU-N149", "hlc": {"phys": 1758804745648, "cnt": 0, "node": "AN-N101"}, "package_id": "PKG4714", "payload": {"status": "SENT"}, "sent_ts": 1758804714638, "arrival_ts": 1758804714673}
{"action": "recv", "src": "AN-N101", "dst": "AU-N149", "hlc": {"phys": 1758804745905, "cnt": 0, "node": "AN-N101"}, "package_id": "PKG4714", "payload": {"status": "IN_TRANSIT"}, "sent_ts": 1758804714895, "arrival_ts": 1758804715082}
{"action": "recv", "src": "AN-N101", "dst": "AU-N149", "hlc": {"phys": 1758804746307, "cnt": 0, "node": "AN-N101"}, "package_id": "PKG4714", "payload": {"status": "RECEIVED"}, "sent_ts": 1758804715297, "arrival_ts": 1758804715490}
{"action": "recv", "src": "AN-N101", "dst": "AU-N149", "hlc": {"phys": 1758804746705, "cnt": 0, "node": "AN-N101"}, "package_id": "PKG4714", "payload": {"status": "DELIVERED"}, "sent_ts": 1758804715695, "arrival_ts": 1758804715833}
{"action": "recv", "src": "AS-N9", "dst": "AU-N149", "hlc": {"phys": 1758804753016, "cnt": 0, "node": "AS-N9"}, "package_id": "PKG4742", "payload": {"status": "CREATED"}, "sent_ts": 1758804742926, "arrival_ts": 1758804743113}
{"action": "recv", "src": "AS-N9", "dst": "AU-N149", "hlc": {"phys": 1758804753423, "cnt": 0, "node": "AS-N9"}, "package_id": "PKG4742", "payload": {"status": "SENT"}, "sent_ts": 1758804743333, "arrival_ts": 1758804743526}
{"action": "recv", "src": "AS-N9", "dst": "AU-N149", "hlc": {"phys": 1758804753827, "cnt": 0, "node": "AS-N9"}, "package_id": "PKG4742", "payload": {"status": "IN_TRANSIT"}, "sent_ts": 1758804743737, "arrival_ts": 1758804743769}
{"action": "recv", "src": "AS-N9", "dst": "AU-N149", "hlc": {"phys": 1758804754064, "cnt": 0, "node": "AS-N9"}, "package_id": "PKG4742", "payload": {"status": "RECEIVED"}, "sent_ts": 1758804743974, "arrival_ts": 1758804744041}
{"action": "recv", "src": "AS-N9", "dst": "AU-N149", "hlc": {"phys": 1758804754330, "cnt": 0, "node": "AS-N9"}, "package_id": "PKG4742", "payload": {"status": "DELIVERED"}, "sent_ts": 1758804744240, "arrival_ts": 1758804744344}
{"action": "send", "src": "AU-N149", "dst": "AS-N6", "hlc": {"phys": 1758806020050, "cnt": 0, "node": "AU-N149"}, "package_id": "PKG5993", "payload": {"status": "CREATED"}, "sent_ts": 1758805993560, "arrival_ts": 1758805993560}
{"action": "send", "src": "AU-N149", "dst": "AS-N6", "hlc": {"phys": 1758806021461, "cnt": 0, "node": "AU-N149"}, "package_id": "PKG5993", "payload": {"status": "SENT"}, "sent_ts": 1758805994971, "arrival_ts": 1758805994971}
{"action": "send", "src": "AU-N149", "dst": "AS-N6", "hlc": {"phys": 1758806021785, "cnt": 0, "node": "AU-N149"}, "package_id": "PKG5993", "payload": {"status": "IN_TRANSIT"}, "sent_ts": 1758805995295, "arrival_ts": 1758805995295}
{"action": "send", "src": "AU-N149", "dst": "AS-N6", "hlc": {"phys": 1758806022107, "cnt": 0, "node": "AU-N149"}, "package_id": "PKG5993", "payload": {"status": "RECEIVED"}, "sent_ts": 1758805995617, "arrival_ts": 1758805995617}
{"action": "send", "src": "AU-N149", "dst": "AS-N6", "hlc": {"phys": 1758806022354, "cnt": 0, "node": "AU-N149"}, "package_id": "PKG5993", "payload": {"status": "DELIVERED"}, "sent_ts": 1758805995864, "arrival_ts": 1758805995864}
{"action": "send", "src": "AU-N149", "dst": "AS-N78", "hlc": {"phys": 1758816836118, "cnt": 0, "node": "AU-N149"}, "package_id": "PKG16809", "payload": {"status": "CREATED"}, "sent_ts": 1758816809628, "arrival_ts": 1758816809628}
{"action": "send", "src": "AU-N149", "dst": "AS-N78", "hlc": {"phys": 1758816836430, "cnt": 0, "node": "AU-N149"}, "package_id": "PKG16809", "payload": {"status": "SENT"}, "sent_ts": 1758816809940, "arrival_ts": 1758816809940}
{"action": "send", "src": "AU-N149", "dst": "AS-N78", "hlc": {"phys": 1758816836662, "cnt": 0, "node": "AU-N149"}, "package_id": "PKG16809", "payload": {"status": "IN_TRANSIT"}, "sent_ts": 1758816810172, "arrival_ts": 1758816810172}
{"action": "send", "src": "AU-N149", "dst": "AS-N78", "hlc": {"phys": 1758816837021, "cnt": 0, "node": "AU-N149"}, "package_id": "PKG16809", "payload": {"status": "RECEIVED"}, "sent_ts": 1758816810531, "arrival_ts": 1758816810531}
{"action": "send", "src": "AU-N149", "dst": "AS-N78", "hlc": {"phys": 1758816837328, "cnt": 0, "node": "AU-N149"}, "package_id": "PKG16809", "payload": {"status": "DELIVERED"}, "sent_ts": 1758816810838, "arrival_ts": 1758816810838}
