{"action": "send", "src": "AU-N56", "dst": "EU-N50", "hlc": {"phys": 1758713771741, "cnt": 0, "node": "AU-N56"}, "package_id": "PKG13746", "payload": {"status": "CREATED"}, "sent_ts": 1758713746181, "arrival_ts": 1758713746181}
{"action": "send", "src": "AU-N56", "dst": "EU-N50", "hlc": {"phys": 1758713772065, "cnt": 0, "node": "AU-N56"}, "package_id": "PKG13746", "payload": {"status": "SENT"}, "sent_ts": 1758713746505, "arrival_ts": 1758713746505}
{"action": "send", "src": "AU-N56", "dst": "EU-N50", "hlc": {"phys": 1758713772273, "cnt": 0, "node": "AU-N56"}, "package_id": "PKG13746", "payload": {"status": "IN_TRANSIT"}, "sent_ts": 1758713746713, "arrival_ts": 1758713746713}
{"action": "send", "src": "AU-N56", "dst": "EU-N50", "hlc": {"phys": 1758713772660, "cnt": 0, "node": "AU-N56"}, "package_id": "PKG13746", "payload": {"status": "RECEIVED"}, "sent_ts": 1758713747100, "arrival_ts": 1758713747100}
{"action": "send", "src": "AU-N56", "dst": "EU-N50", "hlc": {"phys": 1758713773027, "cnt": 0, "node": "AU-N56"}, "package_id": "PKG13746", "payload": {"status": "DELIVERED"}, "sent_ts": 1758713747467, "arrival_ts": 1758713747467}
{"action": "recv", "src": "AU-N96", "dst": "AU-N56", "hlc": {"phys": 1758716654828, "cnt": 0, "node": "AU-N96"}, "package_id": "PKG16628", "payload": {"status": "CREATED"}, "sent_ts": 1758716628868, "arrival_ts": 1758716628907}
{"action": "recv", "src": "AU-N96", "dst": "AU-N56", "hlc": {"phys": 1758716655078, "cnt": 0, "node": "AU-N96"}, "package_id": "PKG16628", "payload": {"status": "SENT"}, "sent_ts": 1758716629118, "arrival_ts": 1758716629136}
{"action": "recv", "src": "AU-N96", "dst": "AU-N56", "hlc": {"phys": 1758716655297, "cnt": 0, "node": "AU-N96"}, "package_id": "PKG16628", "payload": {"status": "IN_TRANSIT"}, "sent_ts": 1758716629337, "arrival_ts": 1758716629445}
{"action": "recv", "src": "AU-N96", "dst": "AU-N56", "hlc": {"phys": 1758716655609, "cnt": 0, "node": "AU-N96"}, "package_id": "PKG16628", "payload": {"status": "RECEIVED"}, "sent_ts": 1758716629649, "arrival_ts": 1758716629752}
{"action": "recv", "src": "AU-N96", "dst": "AU-N56", "hlc": {"phys": 1758716655915, "cnt": 0, "node": "AU-N96"}, "package_id": "PKG16628", "payload": {"status": "DELIVERED"}, "sent_ts": 1758716629955, "arrival_ts": 1758716630121}
{"action": "recv", "src": "AF-N162", "dst": "AU-N56", "hlc": {"phys": 1758718481240, "cnt": 0, "node": "AF-N162"}, "package_id": "PKG18464", "payload": {"status": "CREATED"}, "sent_ts": 1758718464620, "arrival_ts": 1758718464815}
{"action": "recv", "src": "AF-N162", "dst": "AU-N56", "hlc": {"phys": 1758718481656, "cnt": 0, "node": "AF-N162"}, "package_id": "PKG18464", "payload": {"status": "SENT"}, "sent_ts": 1758718465036, "arrival_ts": 1758718465081}
{"action": "recv", "src": "AF-N162", "dst": "AU-N56", "hlc": {"phys": 1758718481910, "cnt": 0, "node": "AF-N162"}, "package_id": "PKG18464", "payload": {"status": "IN_TRANSIT"}, "sent_ts": 1758718465290, "arrival_ts": 1758718465307}
{"action": "recv", "src": "AF-N162", "dst": "AU-N56", "hlc": {"phys": 1758718482131, "cnt": 0, "node": "AF-N162"}, "package_id": "PKG18464", "payload": {"status": "RECEIVED"}, "sent_ts": 1758718465511, "arrival_ts": 1758718465569}
{"action": "recv", "src": "AF-N162", "dst": "AU-N56", "hlc": {"phys": 1758718482403, "cnt": 0, "node": "AF-N162"}, "package_id": "PKG18464", "payload": {"status": "DELIVERED"}, "sent_ts": 1758718465783, "arrival_ts": 1758718465834}
{"action": "recv", "src": "NA-N108", "dst": "AU-N56", "hlc": {"phys": 1758718620812, "cnt": 0, "node": "NA-N108"}, "package_id": "PKG18619", "payload": {"status": "CREATED"}, "sent_ts": 1758718619732, "arrival_ts": 1758718619858}
{"action": "recv", "src": "NA-N108", "dst": "AU-N56", "hlc": {"phys": 1758718621141, "cnt": 0, "node": "NA-N108"}, "package_id": "PKG18619", "payload": {"status": "SENT"}, "sent_ts": 1758718620061, "arrival_ts": 1758718620122}
{"action": "recv", "src": "NA-N108", "dst": "AU-N56", "hlc": {"phys": 1758718621396, "cnt": 0, "node": "NA-N108"}, "package_id": "PKG18619", "payload": {"status": "IN_TRANSIT"}, "sent_ts": 1758718620316, "arrival_ts": 1758718620444}
{"action": "recv", "src": "NA-N108", "dst": "AU-N56", "hlc": {"phys": 1758718621725, "cnt": 0, "node": "NA-N108"}, "package_id": "PKG18619", "payload": {"status": "RECEIVED"}, "sent_ts": 1758718620645, "arrival_ts": 1758718620751}
{"action": "recv", "src": "NA-N108", "dst": "AU-N56", "hlc": {"phys": 1758718622043, "cnt": 0, "node": "NA-N108"}, "package_id": "PKG18619", "payload": {"status": "DELIVERED"}, "sent_ts": 1758718620963, "arrival_ts": 1758718621111}
{"action": "recv", "src": "EU-N91", "dst": "AU-N56", "hlc": {"phys": 1758719491072, "cnt": 0, "node": "EU-N91"}, "package_id": "PKG19485", "payload": {"status": "CREATED"}, "sent_ts": 1758719485162, "arrival_ts": 1758719485194}
{"action": "recv", "src": "EU-N91", "dst": "AU-N56", "hlc": {"phys": 1758719491289, "cnt": 0, "node": "EU-N91"}, "package_id": "PKG19485", "payload": {"status": "SENT"}, "sent_ts": 1758719485379, "arrival_ts": 1758719485412}
{"action": "recv", "src": "EU-N91", "dst": "AU-N56", "hlc": {"phys": 1758719491504, "cnt": 0, "node": "EU-N91"}, "package_id": "PKG19485", "payload": {"status": "IN_TRANSIT"}, "sent_ts": 1758719485594, "arrival_ts": 1758719485739}
{"action": "recv", "src": "EU-N91", "dst": "AU-N56", "hlc": {"phys": 1758719491844, "cnt": 0, "node": "EU-N91"}, "package_id": "PKG19485", "payload": {"status": "RECEIVED"}, "sent_ts": 1758719485934, "arrival_ts": 1758719486104}
{"action": "recv", "src": "EU-N91", "dst": "AU-N56", "hlc": {"phys": 1758719492233, "cnt": 0, "node": "EU-N91"}, "package_id": "PKG19485", "payload": {"status": "DELIVERED"}, "sent_ts": 1758719486323, "arrival_ts": 1758719486510}
{"action": "recv", "src": "EU-N156", "dst": "AU-N56", "hlc": {"phys": 1758739408763, "cnt": 0, "node": "EU-N156"}, "package_id": "PKG39402", "payload": {"status": "CREATED"}, "sent_ts": 1758739402203, "arrival_ts": 1758739402220}
{"action": "recv", "src": "EU-N156", "dst": "AU-N56", "hlc": {"phys": 1758739408984, "cnt": 0, "node": "EU-N156"}, "package_id": "PKG39402", "payload": {"status": "SENT"}, "sent_ts": 1758739402424, "arrival_ts": 1758739402505}
{"action": "recv", "src": "EU-N156", "dst": "AU-N56", "hlc": {"phys": 1758739409279, "cnt": 0, "node": "EU-N156"}, "package_id": "PKG39402", "payload": {"status": "IN_TRANSIT"}, "sent_ts": 1758739402719, "arrival_ts": 1758739402902}
{"action": "recv", "src": "EU-N156", "dst": "AU-N56", "hlc": {"phys": 1758739409665, "cnt": 0, "node": "EU-N156"}, "package_id": "PKG39402", "payload": {"status": "RECEIVED"}, "sent_ts": 1758739403105, "arrival_ts": 1758739403284}
{"action": "recv", "src": "EU-N156", "dst": "AU-N56", "hlc": {"phys": 1758739410052, "cnt": 0, "node": "EU-N156"}, "package_id": "PKG39402", "payload": {"status": "DELIVERED"}, "sent_ts": 1758739403492, "arrival_ts": 1758739403663}
{"action": "recv", "src": "AF-N31", "dst": "AU-N56", "hlc": {"phys": 1758739686177, "cnt": 0, "node": "AF-N31"}, "package_id": "PKG39670", "payload": {"status": "CREATED"}, "sent_ts": 1758739670867, "arrival_ts": 1758739670921}
{"action": "recv", "src": "AF-N31", "dst": "AU-N56", "hlc": {"phys": 1758739686444, "cnt": 0, "node": "AF-N31"}, "package_id": "PKG39670", "payload": {"status": "SENT"}, "sent_ts": 1758739671134, "arrival_ts": 1758739671249}
{"action": "recv", "src": "AF-N31", "dst": "AU-N56", "hlc": {"phys": 1758739686771, "cnt": 0, "node": "AF-N31"}, "package_id": "PKG39670", "payload": {"status": "IN_TRANSIT"}, "sent_ts": 1758739671461, "arrival_ts": 1758739671625}
{"action": "recv", "src": "AF-N31", "dst": "AU-N56", "hlc": {"phys": 1758739687149, "cnt": 0, "node": "AF-N31"}, "package_id": "PKG39670", "payload": {"status": "RECEIVED"}, "sent_ts": 1758739671839, "arrival_ts": 1758739672015}
{"action": "recv", "src": "AF-N31", "dst": "AU-N56", "hlc": {"phys": 1758739687546, "cnt": 0, "node": "AF-N31"}, "package_id": "PKG39670", "payload": {"status": "DELIVERED"}, "sent_ts": 1758739672236, "arrival_ts": 1758739672350}
{"action": "recv", "src": "NA-N98", "dst": "AU-N56", "hlc": {"phys": 1758742377102, "cnt": 0, "node": "NA-N98"}, "package_id": "PKG42376", "payload": {"status": "CREATED"}, "sent_ts": 1758742376122, "arrival_ts": 1758742376140}
{"action": "recv", "src": "NA-N98", "dst": "AU-N56", "hlc": {"phys": 1758742377339, "cnt": 0, "node": "NA-N98"}, "package_id": "PKG42376", "payload": {"status": "SENT"}, "sent_ts": 1758742376359, "arrival_ts": 1758742376407}
{"action": "recv", "src": "NA-N98", "dst": "AU-N56", "hlc": {"phys": 1758742377601, "cnt": 0, "node": "NA-N98"}, "package_id": "PKG42376", "payload": {"status": "IN_TRANSIT"}, "sent_ts": 1758742376621, "arrival_ts": 1758742376700}
{"action": "recv", "src": "NA-N98", "dst": "AU-N56", "hlc": {"phys": 1758742377881, "cnt": 0, "node": "NA-N98"}, "package_id": "PKG42376", "payload": {"status": "RECEIVED"}, "sent_ts": 1758742376901, "arrival_ts": 1758742376965}
{"action": "recv", "src": "NA-N98", "dst": "AU-N56", "hlc": {"phys": 1758742378145, "cnt": 0, "node": "NA-N98"}, "package_id": "PKG42376", "payload": {"status": "DELIVERED"}, "sent_ts": 1758742377165, "arrival_ts": 1758742377359}
{"action": "send", "src": "AU-N56", "dst": "AF-N160", "hlc": {"phys": 1758751591299, "cnt": 0, "node": "AU-N56"}, "package_id": "PKG51565", "payload": {"status": "CREATED"}, "sent_ts": 1758751565739, "arrival_ts": 1758751565739}
{"action": "send", "src": "AU-N56", "dst": "AF-N160", "hlc": {"phys": 1758751591636, "cnt": 0, "node": "AU-N56"}, "package_id": "PKG51565", "payload": {"status": "SENT"}, "sent_ts": 1758751566076, "arrival_ts": 1758751566076}
{"action": "send", "src": "AU-N56", "dst": "AF-N160", "hlc": {"phys": 1758751591997, "cnt": 0, "node": "AU-N56"}, "package_id": "PKG51565", "payload": {"status": "IN_TRANSIT"}, "sent_ts": 1758751566437, "arrival_ts": 1758751566437}
{"action": "send", "src": "AU-N56", "dst": "AF-N160", "hlc": {"phys": 1758751592344, "cnt": 0, "node": "AU-N56"}, "package_id": "PKG51565", "payload": {"status": "RECEIVED"}, "sent_ts": 1758751566784, "arrival_ts": 1758751566784}
{"action": "send", "src": "AU-N56", "dst": "AF-N160", "hlc": {"phys": 1758751592613, "cnt": 0, "node": "AU-N56"}, "package_id": "PKG51565", "payload": {"status": "DELIVERED"}, "sent_ts": 1758751567053, "arrival_ts": 1758751567053}
{"action": "send", "src": "AU-N56", "dst": "EU-N120", "hlc": {"phys": 1758751910207, "cnt": 0, "node": "AU-N56"}, "package_id": "PKG51884", "payload": {"status": "CREATED"}, "sent_ts": 1758751884647, "arrival_ts": 1758751884647}
{"action": "send", "src": "AU-N56", "dst": "EU-N120", "hlc": {"phys": 1758751910444, "cnt": 0, "node": "AU-N56"}, "package_id": "PKG51884", "payload": {"status": "SENT"}, "sent_ts": 1758751884884, "arrival_ts": 1758751884884}
{"action": "send", "src": "AU-N56", "dst": "EU-N120", "hlc": {"phys": 1758751910809, "cnt": 0, "node": "AU-N56"}, "package_id": "PKG51884", "payload": {"status": "IN_TRANSIT"}, "sent_ts": 1758751885249, "arrival_ts": 1758751885249}
{"action": "send", "src": "AU-N56", "dst": "EU-N120", "hlc": {"phys": 1758751911202, "cnt": 0, "node": "AU-N56"}, "package_id": "PKG51884", "payload": {"status": "RECEIVED"}, "sent_ts": 1758751885642, "arrival_ts": 1758751885642}
{"action": "send", "src": "AU-N56", "dst": "EU-N120", "hlc": {"phys": 1758751911563, "cnt": 0, "node": "AU-N56"}, "package_id": "PKG51884", "payload": {"status": "DELIVERED"}, "sent_ts": 1758751886003, "arrival_ts": 1758751886003}
{"action": "recv", "src": "SA-N159", "dst": "AU-N56", "hlc": {"phys": 1758753447842, "cnt": 0, "node": "SA-N159"}, "package_id": "PKG53426", "payload": {"status": "CREATED"}, "sent_ts": 1758753426252, "arrival_ts": 1758753426330}
{"action": "recv", "src": "SA-N159", "dst": "AU-N56", "hlc": {"phys": 1758753448132, "cnt": 0, "node": "SA-N159"}, "package_id": "PKG53426", "payload": {"status": "SENT"}, "sent_ts": 1758753426542, "arrival_ts": 1758753426591}
{"action": "recv", "src": "SA-N159", "dst": "AU-N56", "hlc": {"phys": 1758753448377, "cnt": 0, "node": "SA-N159"}, "package_id": "PKG53426", "payload": {"status": "IN_TRANSIT"}, "sent_ts": 1758753426787, "arrival_ts": 1758753426967}
{"action": "recv", "src": "SA-N159", "dst": "AU-N56", "hlc": {"phys": 1758753448777, "cnt": 0, "node": "SA-N159"}, "package_id": "PKG53426", "payload": {"status": "RECEIVED"}, "sent_ts": 1758753427187, "arrival_ts": 1758753427243}
{"action": "recv", "src": "SA-N159", "dst": "AU-N56", "hlc": {"phys": 1758753449032, "cnt": 0, "node": "SA-N159"}, "package_id": "PKG53426", "payload": {"status": "DELIVERED"}, "sent_ts": 1758753427442, "arrival_ts": 1758753427583}
{"action": "send", "src": "AU-N56", "dst": "AU-N36", "hlc": {"phys": 1758753467347, "cnt": 0, "node": "AU-N56"}, "package_id": "PKG53441", "payload": {"status": "CREATED"}, "sent_ts": 1758753441787, "arrival_ts": 1758753441787}
{"action": "send", "src": "AU-N56", "dst": "AU-N36", "hlc": {"phys": 1758753467752, "cnt": 0, "node": "AU-N56"}, "package_id": "PKG53441", "payload": {"status": "SENT"}, "sent_ts": 1758753442192, "arrival_ts": 1758753442192}
{"action": "send", "src": "AU-N56", "dst": "AU-N36", "hlc": {"phys": 1758753468104, "cnt": 0, "node": "AU-N56"}, "package_id": "PKG53441", "payload": {"status": "IN_TRANSIT"}, "sent_ts": 1758753442544, "arrival_ts": 1758753442544}
{"action": "send", "src": "AU-N56", "dst": "AU-N36", "hlc": {"phys": 1758753468497, "cnt": 0, "node": "AU-N56"}, "package_id": "PKG53441", "payload": {"status": "RECEIVED"}, "sent_ts": 1758753442937, "arrival_ts": 1758753442937}
{"action": "send", "src": "AU-N56", "dst": "AU-N36", "hlc": {"phys": 1758753468782, "cnt": 0, "node": "AU-N56"}, "package_id": "PKG53441", "payload": {"status": "DELIVERED"}, "sent_ts": 1758753443222, "arrival_ts": 1758753443222}
{"action": "send", "src": "AU-N56", "dst": "SA-N101", "hlc": {"phys": 1758755364589, "cnt": 0, "node": "AU-N56"}, "package_id": "PKG55339", "payload": {"status": "CREATED"}, "sent_ts": 1758755339029, "arrival_ts": 1758755339029}
{"action": "send", "src": "AU-N56", "dst": "SA-N101", "hlc": {"phys": 1758755364989, "cnt": 0, "node": "AU-N56"}, "package_id": "PKG55339", "payload": {"status": "SENT"}, "sent_ts": 1758755339429, "arrival_ts": 1758755339429}
{"action": "send", "src": "AU-N56", "dst": "SA-N101", "hlc": {"phys": 1758755365229, "cnt": 0, "node": "AU-N56"}, "package_id": "PKG55339", "payload": {"status": "IN_TRANSIT"}, "sent_ts": 1758755339669, "arrival_ts": 1758755339669}
{"action": "send", "src": "AU-N56", "dst": "SA-N101", "hlc": {"phys": 1758755365474, "cnt": 0, "node": "AU-N56"}, "package_id": "PKG55339", "payload": {"status": "RECEIVED"}, "sent_ts": 1758755339914, "arrival_ts": 1758755339914}
{"action": "send", "src": "AU-N56", "dst": "SA-N101", "hlc": {"phys": 1758755365881, "cnt": 0, "node": "AU-N56"}, "package_id": "PKG55339", "payload": {"status": "DELIVERED"}, "sent_ts": 1758755340321, "arrival_ts": 1758755340321}
{"action": "recv", "src": "NA-N135", "dst": "AU-N56", "hlc": {"phys": 1758758131585, "cnt": 0, "node": "NA-N135"}, "package_id": "PKG58130", "payload": {"status": "CREATED"}, "sent_ts": 1758758130235, "arrival_ts": 1758758130311}
{"action": "recv", "src": "NA-N135", "dst": "AU-N56", "hlc": {"phys": 1758758131887, "cnt": 0, "node": "NA-N135"}, "package_id": "PKG58130", "payload": {"status": "SENT"}, "sent_ts": 1758758130537, "arrival_ts": 1758758130576}
{"action": "recv", "src": "NA-N135", "dst": "AU-N56", "hlc": {"phys": 1758758132130, "cnt": 0, "node": "NA-N135"}, "package_id": "PKG58130", "payload": {"status": "IN_TRANSIT"}, "sent_ts": 1758758130780, "arrival_ts": 1758758130880}
{"action": "recv", "src": "NA-N135", "dst": "AU-N56", "hlc": {"phys": 1758758132428, "cnt": 0, "node": "NA-N135"}, "package_id": "PKG58130", "payload": {"status": "RECEIVED"}, "sent_ts": 1758758131078, "arrival_ts": 1758758131187}
{"action": "recv", "src": "NA-N135", "dst": "AU-N56", "hlc": {"phys": 1758758132757, "cnt": 0, "node": "NA-N135"}, "package_id": "PKG58130", "payload": {"status": "DELIVERED"}, "sent_ts": 1758758131407, "arrival_ts": 1758758131587}
{"action": "send", "src": "AU-N56", "dst": "EU-N165", "hlc": {"phys": 1758760016402, "cnt": 0, "node": "AU-N56"}, "package_id": "PKG59990", "payload": {"status": "CREATED"}, "sent_ts": 1758759990842, "arrival_ts": 1758759990842}
{"action": "send", "src": "AU-N56", "dst": "EU-N165", "hlc": {"phys": 1758760016757, "cnt": 0, "node": "AU-N56"}, "package_id": "PKG59990", "payload": {"status": "SENT"}, "sent_ts": 1758759991197, "arrival_ts": 1758759991197}
{"action": "send", "src": "AU-N56", "dst": "EU-N165", "hlc": {"phys": 1758760017005, "cnt": 0, "node": "AU-N56"}, "package_id": "PKG59990", "payload": {"status": "IN_TRANSIT"}, "sent_ts": 1758759991445, "arrival_ts": 1758759991445}
{"action": "send", "src": "AU-N56", "dst": "EU-N165", "hlc": {"phys": 1758760017345, "cnt": 0, "node": "AU-N56"}, "package_id": "PKG59990", "payload": {"status": "RECEIVED"}, "sent_ts": 1758759991785, "arrival_ts": 1758759991785}
{"action": "send", "src": "AU-N56", "dst": "EU-N165", "hlc": {"phys": 1758760017653, "cnt": 0, "node": "AU-N56"}, "package_id": "PKG59990", "payload": {"status": "DELIVERED"}, "sent_ts": 1758759992093, "arrival_ts": 1758759992093}
{"action": "recv", "src": "SA-N174", "dst": "AU-N56", "hlc": {"phys": 1758762290047, "cnt": 0, "node": "SA-N174"}, "package_id": "PKG62268", "payload": {"status": "CREATED"}, "sent_ts": 1758762268307, "arrival_ts": 1758762268504}
{"action": "recv", "src": "SA-N174", "dst": "AU-N56", "hlc": {"phys": 1758762290447, "cnt": 0, "node": "SA-N174"}, "package_id": "PKG62268", "payload": {"status": "SENT"}, "sent_ts": 1758762268707, "arrival_ts": 1758762268828}
{"action": "recv", "src": "SA-N174", "dst": "AU-N56", "hlc": {"phys": 1758762290785, "cnt": 0, "node": "SA-N174"}, "package_id": "PKG62268", "payload": {"status": "IN_TRANSIT"}, "sent_ts": 1758762269045, "arrival_ts": 1758762269225}
{"action": "recv", "src": "SA-N174", "dst": "AU-N56", "hlc": {"phys": 1758762291181, "cnt": 0, "node": "SA-N174"}, "package_id": "PKG62268", "payload": {"status": "RECEIVED"}, "sent_ts": 1758762269441, "arrival_ts": 1758762269497}
{"action": "recv", "src": "SA-N174", "dst": "AU-N56", "hlc": {"phys": 1758762291447, "cnt": 0, "node": "SA-N174"}, "package_id": "PKG62268", "payload": {"status": "DELIVERED"}, "sent_ts": 1758762269707, "arrival_ts": 1758762269790}
{"action": "send", "src": "AU-N56", "dst": "NA-N105", "hlc": {"phys": 1758762840383, "cnt": 0, "node": "AU-N56"}, "package_id": "PKG62814", "payload": {"status": "CREATED"}, "sent_ts": 1758762814823, "arrival_ts": 1758762814823}
{"action": "send", "src": "AU-N56", "dst": "NA-N105", "hlc": {"phys": 1758762840763, "cnt": 0, "node": "AU-N56"}, "package_id": "PKG62814", "payload": {"status": "SENT"}, "sent_ts": 1758762815203, "arrival_ts": 1758762815203}
{"action": "send", "src": "AU-N56", "dst": "NA-N105", "hlc": {"phys": 1758762841136, "cnt": 0, "node": "AU-N56"}, "package_id": "PKG62814", "payload": {"status": "IN_TRANSIT"}, "sent_ts": 1758762815576, "arrival_ts": 1758762815576}
{"action": "send", "src": "AU-N56", "dst": "NA-N105", "hlc": {"phys": 1758762841429, "cnt": 0, "node": "AU-N56"}, "package_id": "PKG62814", "payload": {"status": "RECEIVED"}, "sent_ts": 1758762815869, "arrival_ts": 1758762815869}
{"action": "send", "src": "AU-N56", "dst": "NA-N105", "hlc": {"phys": 1758762841681, "cnt": 0, "node": "AU-N56"}, "package_id": "PKG62814", "payload": {"status": "DELIVERED"}, "sent_ts": 1758762816121, "arrival_ts": 1758762816121}
{"action": "send", "src": "AU-N56", "dst": "NA-N58", "hlc": {"phys": 1758765449170, "cnt": 0, "node": "AU-N56"}, "package_id": "PKG65423", "payload": {"status": "CREATED"}, "sent_ts": 1758765423610, "arrival_ts": 1758765423610}
{"action": "send", "src": "AU-N56", "dst": "NA-N58", "hlc": {"phys": 1758765449589, "cnt": 0, "node": "AU-N56"}, "package_id": "PKG65423", "payload": {"status": "SENT"}, "sent_ts": 1758765424029, "arrival_ts": 1758765424029}
{"action": "send", "src": "AU-N56", "dst": "NA-N58", "hlc": {"phys": 1758765449915, "cnt": 0, "node": "AU-N56"}, "package_id": "PKG65423", "payload": {"status": "IN_TRANSIT"}, "sent_ts": 1758765424355, "arrival_ts": 1758765424355}
{"action": "send", "src": "AU-N56", "dst": "NA-N58", "hlc": {"phys": 1758765450226, "cnt": 0, "node": "AU-N56"}, "package_id": "PKG65423", "payload": {"status": "RECEIVED"}, "sent_ts": 1758765424666, "arrival_ts": 1758765424666}
{"action": "send", "src": "AU-N56", "dst": "NA-N58", "hlc": {"phys": 1758765450550, "cnt": 0, "node": "AU-N56"}, "package_id": "PKG65423", "payload": {"status": "DELIVERED"}, "sent_ts": 1758765424990, "arrival_ts": 1758765424990}
{"action": "send", "src": "AU-N56", "dst": "AU-N72", "hlc": {"phys": 1758800951904, "cnt": 0, "node": "AU-N56"}, "package_id": "PKG926", "payload": {"status": "CREATED"}, "sent_ts": 1758800926344, "arrival_ts": 1758800926344}
{"action": "send", "src": "AU-N56", "dst": "AU-N72", "hlc": {"phys": 1758800952248, "cnt": 0, "node": "AU-N56"}, "package_id": "PKG926", "payload": {"status": "SENT"}, "sent_ts": 1758800926687, "arrival_ts": 1758800926688}
{"action": "send", "src": "AU-N56", "dst": "AU-N72", "hlc": {"phys": 1758800952613, "cnt": 0, "node": "AU-N56"}, "package_id": "PKG926", "payload": {"status": "IN_TRANSIT"}, "sent_ts": 1758800927053, "arrival_ts": 1758800927053}
{"action": "send", "src": "AU-N56", "dst": "AU-N72", "hlc": {"phys": 1758800952826, "cnt": 0, "node": "AU-N56"}, "package_id": "PKG926", "payload": {"status": "RECEIVED"}, "sent_ts": 1758800927266, "arrival_ts": 1758800927266}
{"action": "send", "src": "AU-N56", "dst": "AU-N72", "hlc": {"phys": 1758800953197, "cnt": 0, "node": "AU-N56"}, "package_id": "PKG926", "payload": {"status": "DELIVERED"}, "sent_ts": 1758800927637, "arrival_ts": 1758800927637}
{"action": "send", "src": "AU-N56", "dst": "NA-N124", "hlc": {"phys": 1758809895249, "cnt": 0, "node": "AU-N56"}, "package_id": "PKG9869", "payload": {"status": "CREATED"}, "sent_ts": 1758809869689, "arrival_ts": 1758809869689}
{"action": "send", "src": "AU-N56", "dst": "NA-N124", "hlc": {"phys": 1758809895559, "cnt": 0, "node": "AU-N56"}, "package_id": "PKG9869", "payload": {"status": "SENT"}, "sent_ts": 1758809869999, "arrival_ts": 1758809869999}
{"action": "send", "src": "AU-N56", "dst": "NA-N124", "hlc": {"phys": 1758809895797, "cnt": 0, "node": "AU-N56"}, "package_id": "PKG9869", "payload": {"status": "IN_TRANSIT"}, "sent_ts": 1758809870237, "arrival_ts": 1758809870237}
{"action": "send", "src": "AU-N56", "dst": "NA-N124", "hlc": {"phys": 1758809896186, "cnt": 0, "node": "AU-N56"}, "package_id": "PKG9869", "payload": {"status": "RECEIVED"}, "sent_ts": 1758809870626, "arrival_ts": 1758809870626}
{"action": "send", "src": "AU-N56", "dst": "NA-N124", "hlc": {"phys": 1758809896450, "cnt": 0, "node": "AU-N56"}, "package_id": "PKG9869", "payload": {"status": "DELIVERED"}, "sent_ts": 1758809870890, "arrival_ts": 1758809870890}
{"action": "send", "src": "AU-N56", "dst": "AN-N3", "hlc": {"phys": 1758810043799, "cnt": 0, "node": "AU-N56"}, "package_id": "PKG10018", "payload": {"status": "CREATED"}, "sent_ts": 1758810018239, "arrival_ts": 1758810018239}
{"action": "send", "src": "AU-N56", "dst": "AN-N3", "hlc": {"phys": 1758810044017, "cnt": 0, "node": "AU-N56"}, "package_id": "PKG10018", "payload": {"status": "SENT"}, "sent_ts": 1758810018457, "arrival_ts": 1758810018457}
{"action": "send", "src": "AU-N56", "dst": "AN-N3", "hlc": {"phys": 1758810044266, "cnt": 0, "node": "AU-N56"}, "package_id": "PKG10018", "payload": {"status": "IN_TRANSIT"}, "sent_ts": 1758810018706, "arrival_ts": 1758810018706}
{"action": "send", "src": "AU-N56", "dst": "AN-N3", "hlc": {"phys": 1758810044607, "cnt": 0, "node": "AU-N56"}, "package_id": "PKG10018", "payload": {"status": "RECEIVED"}, "sent_ts": 1758810019047, "arrival_ts": 1758810019047}
{"action": "send", "src": "AU-N56", "dst": "AN-N3", "hlc": {"phys": 1758810044916, "cnt": 0, "node": "AU-N56"}, "package_id": "PKG10018", "payload": {"status": "DELIVERED"}, "sent_ts": 1758810019356, "arrival_ts": 1758810019356}
{"action": "recv", "src": "AS-N6", "dst": "AU-N56", "hlc": {"phys": 1758810562980, "cnt": 0, "node": "AS-N6"}, "package_id": "PKG10552", "payload": {"status": "CREATED"}, "sent_ts": 1758810552920, "arrival_ts": 1758810552940}
{"action": "recv", "src": "AS-N6", "dst": "AU-N56", "hlc": {"phys": 1758810563212, "cnt": 0, "node": "AS-N6"}, "package_id": "PKG10552", "payload": {"status": "SENT"}, "sent_ts": 1758810553152, "arrival_ts": 1758810553333}
{"action": "recv", "src": "AS-N6", "dst": "AU-N56", "hlc": {"phys": 1758810563601, "cnt": 0, "node": "AS-N6"}, "package_id": "PKG10552", "payload": {"status": "IN_TRANSIT"}, "sent_ts": 1758810553541, "arrival_ts": 1758810553584}
{"action": "recv", "src": "AS-N6", "dst": "AU-N56", "hlc": {"phys": 1758810563850, "cnt": 0, "node": "AS-N6"}, "package_id": "PKG10552", "payload": {"status": "RECEIVED"}, "sent_ts": 1758810553790, "arrival_ts": 1758810553808}
{"action": "recv", "src": "AS-N6", "dst": "AU-N56", "hlc": {"phys": 1758810564083, "cnt": 0, "node": "AS-N6"}, "package_id": "PKG10552", "payload": {"status": "DELIVERED"}, "sent_ts": 1758810554023, "arrival_ts": 1758810554072}
{"action": "send", "src": "AU-N56", "dst": "AU-N199", "hlc": {"phys": 1758812057140, "cnt": 0, "node": "AU-N56"}, "package_id": "PKG12031", "payload": {"status": "CREATED"}, "sent_ts": 1758812031580, "arrival_ts": 1758812031580}
{"action": "send", "src": "AU-N56", "dst": "AU-N199", "hlc": {"phys": 1758812057412, "cnt": 0, "node": "AU-N56"}, "package_id": "PKG12031", "payload": {"status": "SENT"}, "sent_ts": 1758812031852, "arrival_ts": 1758812031852}
{"action": "send", "src": "AU-N56", "dst": "AU-N199", "hlc": {"phys": 1758812057800, "cnt": 0, "node": "AU-N56"}, "package_id": "PKG12031", "payload": {"status": "IN_TRANSIT"}, "sent_ts": 1758812032240, "arrival_ts": 1758812032240}
{"action": "send", "src": "AU-N56", "dst": "AU-N199", "hlc": {"phys": 1758812058159, "cnt": 0, "node": "AU-N56"}, "package_id": "PKG12031", "payload": {"status": "RECEIVED"}, "sent_ts": 1758812032599, "arrival_ts": 1758812032599}
{"action": "send", "src": "AU-N56", "dst": "AU-N199", "hlc": {"phys": 1758812058563, "cnt": 0, "node": "AU-N56"}, "package_id": "PKG12031", "payload": {"status": "DELIVERED"}, "sent_ts": 1758812033003, "arrival_ts": 1758812033003}
{"action": "send", "src": "AU-N56", "dst": "AF-N90", "hlc": {"phys": 1758816450798, "cnt": 0, "node": "AU-N56"}, "package_id": "PKG16425", "payload": {"status": "CREATED"}, "sent_ts": 1758816425238, "arrival_ts": 1758816425238}
{"action": "send", "src": "AU-N56", "dst": "AF-N90", "hlc": {"phys": 1758816451093, "cnt": 0, "node": "AU-N56"}, "package_id": "PKG16425", "payload": {"status": "SENT"}, "sent_ts": 1758816425533, "arrival_ts": 1758816425533}
{"action": "send", "src": "AU-N56", "dst": "AF-N90", "hlc": {"phys": 1758816451416, "cnt": 0, "node": "AU-N56"}, "package_id": "PKG16425", "payload": {"status": "IN_TRANSIT"}, "sent_ts": 1758816425856, "arrival_ts": 1758816425856}
{"action": "send", "src": "AU-N56", "dst": "AF-N90", "hlc": {"phys": 1758816451819, "cnt": 0, "node": "AU-N56"}, "package_id": "PKG16425", "payload": {"status": "RECEIVED"}, "sent_ts": 1758816426259, "arrival_ts": 1758816426259}
{"action": "send", "src": "AU-N56", "dst": "AF-N90", "hlc": {"phys": 1758816452197, "cnt": 0, "node": "AU-N56"}, "package_id": "PKG16425", "payload": {"status": "DELIVERED"}, "sent_ts": 1758816426637, "arrival_ts": 1758816426637}
