{"action": "send", "src": "AU-N139", "dst": "AS-N178", "hlc": {"phys": 1758716937586, "cnt": 0, "node": "AU-N139"}, "package_id": "PKG16911", "payload": {"status": "CREATED"}, "sent_ts": 1758716911196, "arrival_ts": 1758716911196}
{"action": "send", "src": "AU-N139", "dst": "AS-N178", "hlc": {"phys": 1758716937928, "cnt": 0, "node": "AU-N139"}, "package_id": "PKG16911", "payload": {"status": "SENT"}, "sent_ts": 1758716911538, "arrival_ts": 1758716911538}
{"action": "send", "src": "AU-N139", "dst": "AS-N178", "hlc": {"phys": 1758716938199, "cnt": 0, "node": "AU-N139"}, "package_id": "PKG16911", "payload": {"status": "IN_TRANSIT"}, "sent_ts": 1758716911809, "arrival_ts": 1758716911809}
{"action": "send", "src": "AU-N139", "dst": "AS-N178", "hlc": {"phys": 1758716938550, "cnt": 0, "node": "AU-N139"}, "package_id": "PKG16911", "payload": {"status": "RECEIVED"}, "sent_ts": 1758716912160, "arrival_ts": 1758716912160}
{"action": "send", "src": "AU-N139", "dst": "AS-N178", "hlc": {"phys": 1758716938765, "cnt": 0, "node": "AU-N139"}, "package_id": "PKG16911", "payload": {"status": "DELIVERED"}, "sent_ts": 1758716912375, "arrival_ts": 1758716912375}
{"action": "recv", "src": "AS-N181", "dst": "AU-N139", "hlc": {"phys": 1758717316206, "cnt": 0, "node": "AS-N181"}, "package_id": "PKG17304", "payload": {"status": "CREATED"}, "sent_ts": 1758717304396, "arrival_ts": 1758717304471}
{"action": "recv", "src": "AS-N181", "dst": "AU-N139", "hlc": {"phys": 1758717316499, "cnt": 0, "node": "AS-N181"}, "package_id": "PKG17304", "payload": {"status": "SENT"}, "sent_ts": 1758717304689, "arrival_ts": 1758717304765}
{"action": "recv", "src": "AS-N181", "dst": "AU-N139", "hlc": {"phys": 1758717316783, "cnt": 0, "node": "AS-N181"}, "package_id": "PKG17304", "payload": {"status": "IN_TRANSIT"}, "sent_ts": 1758717304973, "arrival_ts": 1758717305036}
{"action": "recv", "src": "AS-N181", "dst": "AU-N139", "hlc": {"phys": 1758717317077, "cnt": 0, "node": "AS-N181"}, "package_id": "PKG17304", "payload": {"status": "RECEIVED"}, "sent_ts": 1758717305267, "arrival_ts": 1758717305393}
{"action": "recv", "src": "AS-N181", "dst": "AU-N139", "hlc": {"phys": 1758717317422, "cnt": 0, "node": "AS-N181"}, "package_id": "PKG17304", "payload": {"status": "DELIVERED"}, "sent_ts": 1758717305612, "arrival_ts": 1758717305813}
{"action": "recv", "src": "AF-N57", "dst": "AU-N139", "hlc": {"phys": 1758718712696, "cnt": 0, "node": "AF-N57"}, "package_id": "PKG18697", "payload": {"status": "CREATED"}, "sent_ts": 1758718697126, "arrival_ts": 1758718697301}
{"action": "recv", "src": "AF-N57", "dst": "AU-N139", "hlc": {"phys": 1758718713071, "cnt": 0, "node": "AF-N57"}, "package_id": "PKG18697", "payload": {"status": "SENT"}, "sent_ts": 1758718697501, "arrival_ts": 1758718697653}
{"action": "recv", "src": "AF-N57", "dst": "AU-N139", "hlc": {"phys": 1758718713437, "cnt": 0, "node": "AF-N57"}, "package_id": "PKG18697", "payload": {"status": "IN_TRANSIT"}, "sent_ts": 1758718697867, "arrival_ts": 1758718697999}
{"action": "recv", "src": "AF-N57", "dst": "AU-N139", "hlc": {"phys": 1758718713758, "cnt": 0, "node": "AF-N57"}, "package_id": "PKG18697", "payload": {"status": "RECEIVED"}, "sent_ts": 1758718698188, "arrival_ts": 1758718698326}
{"action": "recv", "src": "AF-N57", "dst": "AU-N139", "hlc": {"phys": 1758718714108, "cnt": 0, "node": "AF-N57"}, "package_id": "PKG18697", "payload": {"status": "DELIVERED"}, "sent_ts": 1758718698538, "arrival_ts": 1758718698659}
{"action": "send", "src": "AU-N139", "dst": "AF-N94", "hlc": {"phys": 1758740562560, "cnt": 0, "node": "AU-N139"}, "package_id": "PKG40536", "payload": {"status": "CREATED"}, "sent_ts": 1758740536170, "arrival_ts": 1758740536170}
{"action": "send", "src": "AU-N139", "dst": "AF-N94", "hlc": {"phys": 1758740562792, "cnt": 0, "node": "AU-N139"}, "package_id": "PKG40536", "payload": {"status": "SENT"}, "sent_ts": 1758740536402, "arrival_ts": 1758740536402}
{"action": "send", "src": "AU-N139", "dst": "AF-N94", "hlc": {"phys": 1758740563199, "cnt": 0, "node": "AU-N139"}, "package_id": "PKG40536", "payload": {"status": "IN_TRANSIT"}, "sent_ts": 1758740536809, "arrival_ts": 1758740536809}
{"action": "send", "src": "AU-N139", "dst": "AF-N94", "hlc": {"phys": 1758740563464, "cnt": 0, "node": "AU-N139"}, "package_id": "PKG40536", "payload": {"status": "RECEIVED"}, "sent_ts": 1758740537074, "arrival_ts": 1758740537074}
{"action": "send", "src": "AU-N139", "dst": "AF-N94", "hlc": {"phys": 1758740563854, "cnt": 0, "node": "AU-N139"}, "package_id": "PKG40536", "payload": {"status": "DELIVERED"}, "sent_ts": 1758740537464, "arrival_ts": 1758740537464}
{"action": "recv", "src": "AF-N200", "dst": "AU-N139", "hlc": {"phys": 1758740984928, "cnt": 0, "node": "AF-N200"}, "package_id": "PKG40967", "payload": {"status": "CREATED"}, "sent_ts": 1758740967928, "arrival_ts": 1758740967973}
{"action": "recv", "src": "AF-N200", "dst": "AU-N139", "hlc": {"phys": 1758740985178, "cnt": 0, "node": "AF-N200"}, "package_id": "PKG40967", "payload": {"status": "SENT"}, "sent_ts": 1758740968178, "arrival_ts": 1758740968219}
{"action": "recv", "src": "AF-N200", "dst": "AU-N139", "hlc": {"phys": 1758740985431, "cnt": 0, "node": "AF-N200"}, "package_id": "PKG40967", "payload": {"status": "IN_TRANSIT"}, "sent_ts": 1758740968431, "arrival_ts": 1758740968458}
{"action": "recv", "src": "AF-N200", "dst": "AU-N139", "hlc": {"phys": 1758740985654, "cnt": 0, "node": "AF-N200"}, "package_id": "PKG40967", "payload": {"status": "RECEIVED"}, "sent_ts": 1758740968654, "arrival_ts": 1758740968832}
{"action": "recv", "src": "AF-N200", "dst": "AU-N139", "hlc": {"phys": 1758740986045, "cnt": 0, "node": "AF-N200"}, "package_id": "PKG40967", "payload": {"status": "DELIVERED"}, "sent_ts": 1758740969045, "arrival_ts": 1758740969094}
{"action": "send", "src": "AU-N139", "dst": "NA-N12", "hlc": {"phys": 1758741203765, "cnt": 0, "node": "AU-N139"}, "package_id": "PKG41177", "payload": {"status": "CREATED"}, "sent_ts": 1758741177375, "arrival_ts": 1758741177375}
{"action": "send", "src": "AU-N139", "dst": "NA-N12", "hlc": {"phys": 1758741204131, "cnt": 0, "node": "AU-N139"}, "package_id": "PKG41177", "payload": {"status": "SENT"}, "sent_ts": 1758741177741, "arrival_ts": 1758741177741}
{"action": "send", "src": "AU-N139", "dst": "NA-N12", "hlc": {"phys": 1758741204380, "cnt": 0, "node": "AU-N139"}, "package_id": "PKG41177", "payload": {"status": "IN_TRANSIT"}, "sent_ts": 1758741177990, "arrival_ts": 1758741177990}
{"action": "send", "src": "AU-N139", "dst": "NA-N12", "hlc": {"phys": 1758741204717, "cnt": 0, "node": "AU-N139"}, "package_id": "PKG41177", "payload": {"status": "RECEIVED"}, "sent_ts": 1758741178327, "arrival_ts": 1758741178327}
{"action": "send", "src": "AU-N139", "dst": "NA-N12", "hlc": {"phys": 1758741204998, "cnt": 0, "node": "AU-N139"}, "package_id": "PKG41177", "payload": {"status": "DELIVERED"}, "sent_ts": 1758741178608, "arrival_ts": 1758741178608}
{"action": "send", "src": "AU-N139", "dst": "AF-N61", "hlc": {"phys": 1758741847100, "cnt": 0, "node": "AU-N139"}, "package_id": "PKG41820", "payload": {"status": "CREATED"}, "sent_ts": 1758741820710, "arrival_ts": 1758741820710}
{"action": "send", "src": "AU-N139", "dst": "AF-N61", "hlc": {"phys": 1758741847362, "cnt": 0, "node": "AU-N139"}, "package_id": "PKG41820", "payload": {"status": "SENT"}, "sent_ts": 1758741820972, "arrival_ts": 1758741820972}
{"action": "send", "src": "AU-N139", "dst": "AF-N61", "hlc": {"phys": 1758741847750, "cnt": 0, "node": "AU-N139"}, "package_id": "PKG41820", "payload": {"status": "IN_TRANSIT"}, "sent_ts": 1758741821360, "arrival_ts": 1758741821360}
{"action": "send", "src": "AU-N139", "dst": "AF-N61", "hlc": {"phys": 1758741848104, "cnt": 0, "node": "AU-N139"}, "package_id": "PKG41820", "payload": {"status": "RECEIVED"}, "sent_ts": 1758741821714, "arrival_ts": 1758741821714}
{"action": "send", "src": "AU-N139", "dst": "AF-N61", "hlc": {"phys": 1758741848402, "cnt": 0, "node": "AU-N139"}, "package_id": "PKG41820", "payload": {"status": "DELIVERED"}, "sent_ts": 1758741822012, "arrival_ts": 1758741822012}
{"action": "send", "src": "AU-N139", "dst": "NA-N179", "hlc": {"phys": 1758745234438, "cnt": 0, "node": "AU-N139"}, "package_id": "PKG45208", "payload": {"status": "CREATED"}, "sent_ts": 1758745208048, "arrival_ts": 1758745208048}
{"action": "send", "src": "AU-N139", "dst": "NA-N179", "hlc": {"phys": 1758745234703, "cnt": 0, "node": "AU-N139"}, "package_id": "PKG45208", "payload": {"status": "SENT"}, "sent_ts": 1758745208313, "arrival_ts": 1758745208313}
{"action": "send", "src": "AU-N139", "dst": "NA-N179", "hlc": {"phys": 1758745234968, "cnt": 0, "node": "AU-N139"}, "package_id": "PKG45208", "payload": {"status": "IN_TRANSIT"}, "sent_ts": 1758745208578, "arrival_ts": 1758745208578}
{"action": "send", "src": "AU-N139", "dst": "NA-N179", "hlc": {"phys": 1758745235321, "cnt": 0, "node": "AU-N139"}, "package_id": "PKG45208", "payload": {"status": "RECEIVED"}, "sent_ts": 1758745208931, "arrival_ts": 1758745208931}
{"action": "send", "src": "AU-N139", "dst": "NA-N179", "hlc": {"phys": 1758745235554, "cnt": 0, "node": "AU-N139"}, "package_id": "PKG45208", "payload": {"status": "DELIVERED"}, "sent_ts": 1758745209164, "arrival_ts": 1758745209164}
{"action": "send", "src": "AU-N139", "dst": "NA-N156", "hlc": {"phys": 1758745271303, "cnt": 0, "node": "AU-N139"}, "package_id": "PKG45244", "payload": {"status": "CREATED"}, "sent_ts": 1758745244913, "arrival_ts": 1758745244913}
{"action": "send", "src": "AU-N139", "dst": "NA-N156", "hlc": {"phys": 1758745271648, "cnt": 0, "node": "AU-N139"}, "package_id": "PKG45244", "payload": {"status": "SENT"}, "sent_ts": 1758745245258, "arrival_ts": 1758745245258}
{"action": "send", "src": "AU-N139", "dst": "NA-N156", "hlc": {"phys": 1758745272065, "cnt": 0, "node": "AU-N139"}, "package_id": "PKG45244", "payload": {"status": "IN_TRANSIT"}, "sent_ts": 1758745245675, "arrival_ts": 1758745245675}
{"action": "send", "src": "AU-N139", "dst": "NA-N156", "hlc": {"phys": 1758745272334, "cnt": 0, "node": "AU-N139"}, "package_id": "PKG45244", "payload": {"status": "RECEIVED"}, "sent_ts": 1758745245944, "arrival_ts": 1758745245944}
{"action": "send", "src": "AU-N139", "dst": "NA-N156", "hlc": {"phys": 1758745272642, "cnt": 0, "node": "AU-N139"}, "package_id": "PKG45244", "payload": {"status": "DELIVERED"}, "sent_ts": 1758745246252, "arrival_ts": 1758745246252}
{"action": "recv", "src": "AS-N89", "dst": "AU-N139", "hlc": {"phys": 1758746898184, "cnt": 0, "node": "AS-N89"}, "package_id": "PKG46887", "payload": {"status": "CREATED"}, "sent_ts": 1758746887294, "arrival_ts": 1758746887389}
{"action": "recv", "src": "AS-N89", "dst": "AU-N139", "hlc": {"phys": 1758746898490, "cnt": 0, "node": "AS-N89"}, "package_id": "PKG46887", "payload": {"status": "SENT"}, "sent_ts": 1758746887600, "arrival_ts": 1758746887710}
{"action": "recv", "src": "AS-N89", "dst": "AU-N139", "hlc": {"phys": 1758746898805, "cnt": 0, "node": "AS-N89"}, "package_id": "PKG46887", "payload": {"status": "IN_TRANSIT"}, "sent_ts": 1758746887915, "arrival_ts": 1758746888100}
{"action": "recv", "src": "AS-N89", "dst": "AU-N139", "hlc": {"phys": 1758746899207, "cnt": 0, "node": "AS-N89"}, "package_id": "PKG46887", "payload": {"status": "RECEIVED"}, "sent_ts": 1758746888317, "arrival_ts": 1758746888385}
{"action": "recv", "src": "AS-N89", "dst": "AU-N139", "hlc": {"phys": 1758746899477, "cnt": 0, "node": "AS-N89"}, "package_id": "PKG46887", "payload": {"status": "DELIVERED"}, "sent_ts": 1758746888587, "arrival_ts": 1758746888700}
{"action": "recv", "src": "NA-N1", "dst": "AU-N139", "hlc": {"phys": 1758753643267, "cnt": 0, "node": "NA-N1"}, "package_id": "PKG53643", "payload": {"status": "CREATED"}, "sent_ts": 1758753643257, "arrival_ts": 1758753643454}
{"action": "recv", "src": "NA-N1", "dst": "AU-N139", "hlc": {"phys": 1758753643687, "cnt": 0, "node": "NA-N1"}, "package_id": "PKG53643", "payload": {"status": "SENT"}, "sent_ts": 1758753643676, "arrival_ts": 1758753643725}
{"action": "recv", "src": "NA-N1", "dst": "AU-N139", "hlc": {"phys": 1758753643947, "cnt": 0, "node": "NA-N1"}, "package_id": "PKG53643", "payload": {"status": "IN_TRANSIT"}, "sent_ts": 1758753643937, "arrival_ts": 1758753643980}
{"action": "recv", "src": "NA-N1", "dst": "AU-N139", "hlc": {"phys": 1758753644201, "cnt": 0, "node": "NA-N1"}, "package_id": "PKG53643", "payload": {"status": "RECEIVED"}, "sent_ts": 1758753644191, "arrival_ts": 1758753644316}
{"action": "recv", "src": "NA-N1", "dst": "AU-N139", "hlc": {"phys": 1758753644547, "cnt": 0, "node": "NA-N1"}, "package_id": "PKG53643", "payload": {"status": "DELIVERED"}, "sent_ts": 1758753644537, "arrival_ts": 1758753644571}
{"action": "send", "src": "AU-N139", "dst": "AU-N97", "hlc": {"phys": 1758755026099, "cnt": 0, "node": "AU-N139"}, "package_id": "PKG54999", "payload": {"status": "CREATED"}, "sent_ts": 1758754999709, "arrival_ts": 1758754999709}
{"action": "send", "src": "AU-N139", "dst": "AU-N97", "hlc": {"phys": 1758755026384, "cnt": 0, "node": "AU-N139"}, "package_id": "PKG54999", "payload": {"status": "SENT"}, "sent_ts": 1758754999994, "arrival_ts": 1758754999994}
{"action": "send", "src": "AU-N139", "dst": "AU-N97", "hlc": {"phys": 1758755026644, "cnt": 0, "node": "AU-N139"}, "package_id": "PKG54999", "payload": {"status": "IN_TRANSIT"}, "sent_ts": 1758755000254, "arrival_ts": 1758755000254}
{"action": "send", "src": "AU-N139", "dst": "AU-N97", "hlc": {"phys": 1758755026914, "cnt": 0, "node": "AU-N139"}, "package_id": "PKG54999", "payload": {"status": "RECEIVED"}, "sent_ts": 1758755000524, "arrival_ts": 1758755000524}
{"action": "send", "src": "AU-N139", "dst": "AU-N97", "hlc": {"phys": 1758755027309, "cnt": 0, "node": "AU-N139"}, "package_id": "PKG54999", "payload": {"status": "DELIVERED"}, "sent_ts": 1758755000919, "arrival_ts": 1758755000919}
{"action": "send", "src": "AU-N139", "dst": "EU-N188", "hlc": {"phys": 1758757542332, "cnt": 0, "node": "AU-N139"}, "package_id": "PKG57515", "payload": {"status": "CREATED"}, "sent_ts": 1758757515942, "arrival_ts": 1758757515942}
{"action": "send", "src": "AU-N139", "dst": "EU-N188", "hlc": {"phys": 1758757542714, "cnt": 0, "node": "AU-N139"}, "package_id": "PKG57515", "payload": {"status": "SENT"}, "sent_ts": 1758757516324, "arrival_ts": 1758757516324}
{"action": "send", "src": "AU-N139", "dst": "EU-N188", "hlc": {"phys": 1758757542977, "cnt": 0, "node": "AU-N139"}, "package_id": "PKG57515", "payload": {"status": "IN_TRANSIT"}, "sent_ts": 1758757516587, "arrival_ts": 1758757516587}
{"action": "send", "src": "AU-N139", "dst": "EU-N188", "hlc": {"phys": 1758757543200, "cnt": 0, "node": "AU-N139"}, "package_id": "PKG57515", "payload": {"status": "RECEIVED"}, "sent_ts": 1758757516810, "arrival_ts": 1758757516810}
{"action": "send", "src": "AU-N139", "dst": "EU-N188", "hlc": {"phys": 1758757543455, "cnt": 0, "node": "AU-N139"}, "package_id": "PKG57515", "payload": {"status": "DELIVERED"}, "sent_ts": 1758757517065, "arrival_ts": 1758757517065}
{"action": "send", "src": "AU-N139", "dst": "AN-N146", "hlc": {"phys": 1758757761284, "cnt": 0, "node": "AU-N139"}, "package_id": "PKG57734", "payload": {"status": "CREATED"}, "sent_ts": 1758757734894, "arrival_ts": 1758757734894}
{"action": "send", "src": "AU-N139", "dst": "AN-N146", "hlc": {"phys": 1758757761655, "cnt": 0, "node": "AU-N139"}, "package_id": "PKG57734", "payload": {"status": "SENT"}, "sent_ts": 1758757735265, "arrival_ts": 1758757735265}
{"action": "send", "src": "AU-N139", "dst": "AN-N146", "hlc": {"phys": 1758757762056, "cnt": 0, "node": "AU-N139"}, "package_id": "PKG57734", "payload": {"status": "IN_TRANSIT"}, "sent_ts": 1758757735666, "arrival_ts": 1758757735666}
{"action": "send", "src": "AU-N139", "dst": "AN-N146", "hlc": {"phys": 1758757762394, "cnt": 0, "node": "AU-N139"}, "package_id": "PKG57734", "payload": {"status": "RECEIVED"}, "sent_ts": 1758757736004, "arrival_ts": 1758757736004}
{"action": "send", "src": "AU-N139", "dst": "AN-N146", "hlc": {"phys": 1758757762670, "cnt": 0, "node": "AU-N139"}, "package_id": "PKG57734", "payload": {"status": "DELIVERED"}, "sent_ts": 1758757736280, "arrival_ts": 1758757736280}
{"action": "send", "src": "AU-N139", "dst": "AU-N166", "hlc": {"phys": 1758761599052, "cnt": 0, "node": "AU-N139"}, "package_id": "PKG61572", "payload": {"status": "CREATED"}, "sent_ts": 1758761572662, "arrival_ts": 1758761572662}
{"action": "send", "src": "AU-N139", "dst": "AU-N166", "hlc": {"phys": 1758761599413, "cnt": 0, "node": "AU-N139"}, "package_id": "PKG61572", "payload": {"status": "SENT"}, "sent_ts": 1758761573023, "arrival_ts": 1758761573023}
{"action": "send", "src": "AU-N139", "dst": "AU-N166", "hlc": {"phys": 1758761599685, "cnt": 0, "node": "AU-N139"}, "package_id": "PKG61572", "payload": {"status": "IN_TRANSIT"}, "sent_ts": 1758761573295, "arrival_ts": 1758761573295}
{"action": "send", "src": "AU-N139", "dst": "AU-N166", "hlc": {"phys": 1758761600074, "cnt": 0, "node": "AU-N139"}, "package_id": "PKG61572", "payload": {"status": "RECEIVED"}, "sent_ts": 1758761573684, "arrival_ts": 1758761573684}
{"action": "send", "src": "AU-N139", "dst": "AU-N166", "hlc": {"phys": 1758761600431, "cnt": 0, "node": "AU-N139"}, "package_id": "PKG61572", "payload": {"status": "DELIVERED"}, "sent_ts": 1758761574041, "arrival_ts": 1758761574041}
{"action": "send", "src": "AU-N139", "dst": "AF-N178", "hlc": {"phys": 1758762242769, "cnt": 0, "node": "AU-N139"}, "package_id": "PKG62216", "payload": {"status": "CREATED"}, "sent_ts": 1758762216379, "arrival_ts": 1758762216379}
{"action": "send", "src": "AU-N139", "dst": "AF-N178", "hlc": {"phys": 1758762243001, "cnt": 0, "node": "AU-N139"}, "package_id": "PKG62216", "payload": {"status": "SENT"}, "sent_ts": 1758762216611, "arrival_ts": 1758762216611}
{"action": "send", "src": "AU-N139", "dst": "AF-N178", "hlc": {"phys": 1758762243374, "cnt": 0, "node": "AU-N139"}, "package_id": "PKG62216", "payload": {"status": "IN_TRANSIT"}, "sent_ts": 1758762216984, "arrival_ts": 1758762216984}
{"action": "send", "src": "AU-N139", "dst": "AF-N178", "hlc": {"phys": 1758762243667, "cnt": 0, "node": "AU-N139"}, "package_id": "PKG62216", "payload": {"status": "RECEIVED"}, "sent_ts": 1758762217276, "arrival_ts": 1758762217277}
{"action": "send", "src": "AU-N139", "dst": "AF-N178", "hlc": {"phys": 1758762244017, "cnt": 0, "node": "AU-N139"}, "package_id": "PKG62216", "payload": {"status": "DELIVERED"}, "sent_ts": 1758762217627, "arrival_ts": 1758762217627}
{"action": "send", "src": "AU-N139", "dst": "AU-N22", "hlc": {"phys": 1758762380553, "cnt": 0, "node": "AU-N139"}, "package_id": "PKG62354", "payload": {"status": "CREATED"}, "sent_ts": 1758762354163, "arrival_ts": 1758762354163}
{"action": "send", "src": "AU-N139", "dst": "AU-N22", "hlc": {"phys": 1758762380847, "cnt": 0, "node": "AU-N139"}, "package_id": "PKG62354", "payload": {"status": "SENT"}, "sent_ts": 1758762354457, "arrival_ts": 1758762354457}
{"action": "send", "src": "AU-N139", "dst": "AU-N22", "hlc": {"phys": 1758762381173, "cnt": 0, "node": "AU-N139"}, "package_id": "PKG62354", "payload": {"status": "IN_TRANSIT"}, "sent_ts": 1758762354783, "arrival_ts": 1758762354783}
{"action": "send", "src": "AU-N139", "dst": "AU-N22", "hlc": {"phys": 1758762381576, "cnt": 0, "node": "AU-N139"}, "package_id": "PKG62354", "payload": {"status": "RECEIVED"}, "sent_ts": 1758762355186, "arrival_ts": 1758762355186}
{"action": "send", "src": "AU-N139", "dst": "AU-N22", "hlc": {"phys": 1758762381935, "cnt": 0, "node": "AU-N139"}, "package_id": "PKG62354", "payload": {"status": "DELIVERED"}, "sent_ts": 1758762355545, "arrival_ts": 1758762355545}
{"action": "recv", "src": "EU-N61", "dst": "AU-N139", "hlc": {"phys": 1758765385659, "cnt": 0, "node": "EU-N61"}, "package_id": "PKG65380", "payload": {"status": "CREATED"}, "sent_ts": 1758765380049, "arrival_ts": 1758765380215}
{"action": "recv", "src": "EU-N61", "dst": "AU-N139", "hlc": {"phys": 1758765386044, "cnt": 0, "node": "EU-N61"}, "package_id": "PKG65380", "payload": {"status": "SENT"}, "sent_ts": 1758765380434, "arrival_ts": 1758765380580}
{"action": "recv", "src": "EU-N61", "dst": "AU-N139", "hlc": {"phys": 1758765386403, "cnt": 0, "node": "EU-N61"}, "package_id": "PKG65380", "payload": {"status": "IN_TRANSIT"}, "sent_ts": 1758765380793, "arrival_ts": 1758765380952}
{"action": "recv", "src": "EU-N61", "dst": "AU-N139", "hlc": {"phys": 1758765386783, "cnt": 0, "node": "EU-N61"}, "package_id": "PKG65380", "payload": {"status": "RECEIVED"}, "sent_ts": 1758765381173, "arrival_ts": 1758765381295}
{"action": "recv", "src": "EU-N61", "dst": "AU-N139", "hlc": {"phys": 1758765387095, "cnt": 0, "node": "EU-N61"}, "package_id": "PKG65380", "payload": {"status": "DELIVERED"}, "sent_ts": 1758765381485, "arrival_ts": 1758765381636}
{"action": "recv", "src": "SA-N66", "dst": "AU-N139", "hlc": {"phys": 1758800345483, "cnt": 0, "node": "SA-N66"}, "package_id": "PKG324", "payload": {"status": "CREATED"}, "sent_ts": 1758800324823, "arrival_ts": 1758800324905}
{"action": "recv", "src": "SA-N66", "dst": "AU-N139", "hlc": {"phys": 1758800345781, "cnt": 0, "node": "SA-N66"}, "package_id": "PKG324", "payload": {"status": "SENT"}, "sent_ts": 1758800325121, "arrival_ts": 1758800325322}
{"action": "recv", "src": "SA-N66", "dst": "AU-N139", "hlc": {"phys": 1758800346184, "cnt": 0, "node": "SA-N66"}, "package_id": "PKG324", "payload": {"status": "IN_TRANSIT"}, "sent_ts": 1758800325524, "arrival_ts": 1758800325709}
{"action": "recv", "src": "SA-N66", "dst": "AU-N139", "hlc": {"phys": 1758800346570, "cnt": 0, "node": "SA-N66"}, "package_id": "PKG324", "payload": {"status": "RECEIVED"}, "sent_ts": 1758800325910, "arrival_ts": 1758800326048}
{"action": "recv", "src": "SA-N66", "dst": "AU-N139", "hlc": {"phys": 1758800346909, "cnt": 0, "node": "SA-N66"}, "package_id": "PKG324", "payload": {"status": "DELIVERED"}, "sent_ts": 1758800326249, "arrival_ts": 1758800326379}
{"action": "recv", "src": "AS-N148", "dst": "AU-N139", "hlc": {"phys": 1758804190845, "cnt": 0, "node": "AS-N148"}, "package_id": "PKG4179", "payload": {"status": "CREATED"}, "sent_ts": 1758804179365, "arrival_ts": 1758804179549}
{"action": "recv", "src": "AS-N148", "dst": "AU-N139", "hlc": {"phys": 1758804191241, "cnt": 0, "node": "AS-N148"}, "package_id": "PKG4179", "payload": {"status": "SENT"}, "sent_ts": 1758804179761, "arrival_ts": 1758804179812}
{"action": "recv", "src": "AS-N148", "dst": "AU-N139", "hlc": {"phys": 1758804191497, "cnt": 0, "node": "AS-N148"}, "package_id": "PKG4179", "payload": {"status": "IN_TRANSIT"}, "sent_ts": 1758804180017, "arrival_ts": 1758804180086}
{"action": "recv", "src": "AS-N148", "dst": "AU-N139", "hlc": {"phys": 1758804191778, "cnt": 0, "node": "AS-N148"}, "package_id": "PKG4179", "payload": {"status": "RECEIVED"}, "sent_ts": 1758804180298, "arrival_ts": 1758804180323}
{"action": "recv", "src": "AS-N148", "dst": "AU-N139", "hlc": {"phys": 1758804192015, "cnt": 0, "node": "AS-N148"}, "package_id": "PKG4179", "payload": {"status": "DELIVERED"}, "sent_ts": 1758804180535, "arrival_ts": 1758804180642}
{"action": "recv", "src": "AF-N194", "dst": "AU-N139", "hlc": {"phys": 1758804804449, "cnt": 0, "node": "AF-N194"}, "package_id": "PKG4787", "payload": {"status": "CREATED"}, "sent_ts": 1758804787509, "arrival_ts": 1758804787614}
{"action": "recv", "src": "AF-N194", "dst": "AU-N139", "hlc": {"phys": 1758804804776, "cnt": 0, "node": "AF-N194"}, "package_id": "PKG4787", "payload": {"status": "SENT"}, "sent_ts": 1758804787836, "arrival_ts": 1758804787901}
{"action": "recv", "src": "AF-N194", "dst": "AU-N139", "hlc": {"phys": 1758804805052, "cnt": 0, "node": "AF-N194"}, "package_id": "PKG4787", "payload": {"status": "IN_TRANSIT"}, "sent_ts": 1758804788112, "arrival_ts": 1758804788314}
{"action": "recv", "src": "AF-N194", "dst": "AU-N139", "hlc": {"phys": 1758804805464, "cnt": 0, "node": "AF-N194"}, "package_id": "PKG4787", "payload": {"status": "RECEIVED"}, "sent_ts": 1758804788524, "arrival_ts": 1758804788714}
{"action": "recv", "src": "AF-N194", "dst": "AU-N139", "hlc": {"phys": 1758804805858, "cnt": 0, "node": "AF-N194"}, "package_id": "PKG4787", "payload": {"status": "DELIVERED"}, "sent_ts": 1758804788918, "arrival_ts": 1758804788990}
{"action": "recv", "src": "NA-N132", "dst": "AU-N139", "hlc": {"phys": 1758809853334, "cnt": 0, "node": "NA-N132"}, "package_id": "PKG9852", "payload": {"status": "CREATED"}, "sent_ts": 1758809852014, "arrival_ts": 1758809852154}
{"action": "recv", "src": "NA-N132", "dst": "AU-N139", "hlc": {"phys": 1758809853693, "cnt": 0, "node": "NA-N132"}, "package_id": "PKG9852", "payload": {"status": "SENT"}, "sent_ts": 1758809852373, "arrival_ts": 1758809852436}
{"action": "recv", "src": "NA-N132", "dst": "AU-N139", "hlc": {"phys": 1758809853974, "cnt": 0, "node": "NA-N132"}, "package_id": "PKG9852", "payload": {"status": "IN_TRANSIT"}, "sent_ts": 1758809852654, "arrival_ts": 1758809852743}
{"action": "recv", "src": "NA-N132", "dst": "AU-N139", "hlc": {"phys": 1758809854283, "cnt": 0, "node": "NA-N132"}, "package_id": "PKG9852", "payload": {"status": "RECEIVED"}, "sent_ts": 1758809852963, "arrival_ts": 1758809853154}
{"action": "recv", "src": "NA-N132", "dst": "AU-N139", "hlc": {"phys": 1758809854671, "cnt": 0, "node": "NA-N132"}, "package_id": "PKG9852", "payload": {"status": "DELIVERED"}, "sent_ts": 1758809853351, "arrival_ts": 1758809853481}
{"action": "recv", "src": "AU-N42", "dst": "AU-N139", "hlc": {"phys": 1758812410899, "cnt": 0, "node": "AU-N42"}, "package_id": "PKG12385", "payload": {"status": "CREATED"}, "sent_ts": 1758812385479, "arrival_ts": 1758812385649}
{"action": "recv", "src": "AU-N42", "dst": "AU-N139", "hlc": {"phys": 1758812411275, "cnt": 0, "node": "AU-N42"}, "package_id": "PKG12385", "payload": {"status": "SENT"}, "sent_ts": 1758812385855, "arrival_ts": 1758812385945}
{"action": "recv", "src": "AU-N42", "dst": "AU-N139", "hlc": {"phys": 1758812411569, "cnt": 0, "node": "AU-N42"}, "package_id": "PKG12385", "payload": {"status": "IN_TRANSIT"}, "sent_ts": 1758812386149, "arrival_ts": 1758812386200}
{"action": "recv", "src": "AU-N42", "dst": "AU-N139", "hlc": {"phys": 1758812411818, "cnt": 0, "node": "AU-N42"}, "package_id": "PKG12385", "payload": {"status": "RECEIVED"}, "sent_ts": 1758812386398, "arrival_ts": 1758812386470}
{"action": "recv", "src": "AU-N42", "dst": "AU-N139", "hlc": {"phys": 1758812412097, "cnt": 0, "node": "AU-N42"}, "package_id": "PKG12385", "payload": {"status": "DELIVERED"}, "sent_ts": 1758812386677, "arrival_ts": 1758812386697}
{"action": "recv", "src": "NA-N77", "dst": "AU-N139", "hlc": {"phys": 1758815707753, "cnt": 0, "node": "NA-N77"}, "package_id": "PKG15706", "payload": {"status": "CREATED"}, "sent_ts": 1758815706983, "arrival_ts": 1758815707089}
{"action": "recv", "src": "NA-N77", "dst": "AU-N139", "hlc": {"phys": 1758815708065, "cnt": 0, "node": "NA-N77"}, "package_id": "PKG15706", "payload": {"status": "SENT"}, "sent_ts": 1758815707295, "arrival_ts": 1758815707420}
{"action": "recv", "src": "NA-N77", "dst": "AU-N139", "hlc": {"phys": 1758815708406, "cnt": 0, "node": "NA-N77"}, "package_id": "PKG15706", "payload": {"status": "IN_TRANSIT"}, "sent_ts": 1758815707636, "arrival_ts": 1758815707729}
{"action": "recv", "src": "NA-N77", "dst": "AU-N139", "hlc": {"phys": 1758815708701, "cnt": 0, "node": "NA-N77"}, "package_id": "PKG15706", "payload": {"status": "RECEIVED"}, "sent_ts": 1758815707931, "arrival_ts": 1758815708051}
{"action": "recv", "src": "NA-N77", "dst": "AU-N139", "hlc": {"phys": 1758815709028, "cnt": 0, "node": "NA-N77"}, "package_id": "PKG15706", "payload": {"status": "DELIVERED"}, "sent_ts": 1758815708258, "arrival_ts": 1758815708350}
{"action": "recv", "src": "AN-N62", "dst": "AU-N139", "hlc": {"phys": 1758816680881, "cnt": 0, "node": "AN-N62"}, "package_id": "PKG16650", "payload": {"status": "CREATED"}, "sent_ts": 1758816650261, "arrival_ts": 1758816650368}
{"action": "recv", "src": "AN-N62", "dst": "AU-N139", "hlc": {"phys": 1758816681193, "cnt": 0, "node": "AN-N62"}, "package_id": "PKG16650", "payload": {"status": "SENT"}, "sent_ts": 1758816650573, "arrival_ts": 1758816650756}
{"action": "recv", "src": "AN-N62", "dst": "AU-N139", "hlc": {"phys": 1758816681576, "cnt": 0, "node": "AN-N62"}, "package_id": "PKG16650", "payload": {"status": "IN_TRANSIT"}, "sent_ts": 1758816650956, "arrival_ts": 1758816650983}
{"action": "recv", "src": "AN-N62", "dst": "AU-N139", "hlc": {"phys": 1758816681778, "cnt": 0, "node": "AN-N62"}, "package_id": "PKG16650", "payload": {"status": "RECEIVED"}, "sent_ts": 1758816651158, "arrival_ts": 1758816651197}
{"action": "recv", "src": "AN-N62", "dst": "AU-N139", "hlc": {"phys": 1758816682026, "cnt": 0, "node": "AN-N62"}, "package_id": "PKG16650", "payload": {"status": "DELIVERED"}, "sent_ts": 1758816651406, "arrival_ts": 1758816651457}
