{"action": "recv", "src": "AN-N139", "dst": "AU-N143", "hlc": {"phys": 1758714000907, "cnt": 0, "node": "AN-N139"}, "package_id": "PKG13969", "payload": {"status": "CREATED"}, "sent_ts": 1758713969517, "arrival_ts": 1758713969686}
{"action": "recv", "src": "AN-N139", "dst": "AU-N143", "hlc": {"phys": 1758714001277, "cnt": 0, "node": "AN-N139"}, "package_id": "PKG13969", "payload": {"status": "SENT"}, "sent_ts": 1758713969887, "arrival_ts": 1758713969971}
{"action": "recv", "src": "AN-N139", "dst": "AU-N143", "hlc": {"phys": 1758714001576, "cnt": 0, "node": "AN-N139"}, "package_id": "PKG13969", "payload": {"status": "IN_TRANSIT"}, "sent_ts": 1758713970186, "arrival_ts": 1758713970229}
{"action": "recv", "src": "AN-N139", "dst": "AU-N143", "hlc": {"phys": 1758714001827, "cnt": 0, "node": "AN-N139"}, "package_id": "PKG13969", "payload": {"status": "RECEIVED"}, "sent_ts": 1758713970437, "arrival_ts": 1758713970627}
{"action": "recv", "src": "AN-N139", "dst": "AU-N143", "hlc": {"phys": 1758714002229, "cnt": 0, "node": "AN-N139"}, "package_id": "PKG13969", "payload": {"status": "DELIVERED"}, "sent_ts": 1758713970839, "arrival_ts": 1758713970896}
{"action": "send", "src": "AU-N143", "dst": "EU-N115", "hlc": {"phys": 1758717932333, "cnt": 0, "node": "AU-N143"}, "package_id": "PKG17905", "payload": {"status": "CREATED"}, "sent_ts": 1758717905903, "arrival_ts": 1758717905903}
{"action": "send", "src": "AU-N143", "dst": "EU-N115", "hlc": {"phys": 1758717932715, "cnt": 0, "node": "AU-N143"}, "package_id": "PKG17905", "payload": {"status": "SENT"}, "sent_ts": 1758717906285, "arrival_ts": 1758717906285}
{"action": "send", "src": "AU-N143", "dst": "EU-N115", "hlc": {"phys": 1758717933056, "cnt": 0, "node": "AU-N143"}, "package_id": "PKG17905", "payload": {"status": "IN_TRANSIT"}, "sent_ts": 1758717906626, "arrival_ts": 1758717906626}
{"action": "send", "src": "AU-N143", "dst": "EU-N115", "hlc": {"phys": 1758717933337, "cnt": 0, "node": "AU-N143"}, "package_id": "PKG17905", "payload": {"status": "RECEIVED"}, "sent_ts": 1758717906907, "arrival_ts": 1758717906907}
{"action": "send", "src": "AU-N143", "dst": "EU-N115", "hlc": {"phys": 1758717933676, "cnt": 0, "node": "AU-N143"}, "package_id": "PKG17905", "payload": {"status": "DELIVERED"}, "sent_ts": 1758717907246, "arrival_ts": 1758717907246}
{"action": "send", "src": "AU-N143", "dst": "EU-N193", "hlc": {"phys": 1758719237426, "cnt": 0, "node": "AU-N143"}, "package_id": "PKG19210", "payload": {"status": "CREATED"}, "sent_ts": 1758719210996, "arrival_ts": 1758719210996}
{"action": "send", "src": "AU-N143", "dst": "EU-N193", "hlc": {"phys": 1758719237807, "cnt": 0, "node": "AU-N143"}, "package_id": "PKG19210", "payload": {"status": "SENT"}, "sent_ts": 1758719211377, "arrival_ts": 1758719211377}
{"action": "send", "src": "AU-N143", "dst": "EU-N193", "hlc": {"phys": 1758719238115, "cnt": 0, "node": "AU-N143"}, "package_id": "PKG19210", "payload": {"status": "IN_TRANSIT"}, "sent_ts": 1758719211685, "arrival_ts": 1758719211685}
{"action": "send", "src": "AU-N143", "dst": "EU-N193", "hlc": {"phys": 1758719238425, "cnt": 0, "node": "AU-N143"}, "package_id": "PKG19210", "payload": {"status": "RECEIVED"}, "sent_ts": 1758719211995, "arrival_ts": 1758719211995}
{"action": "send", "src": "AU-N143", "dst": "EU-N193", "hlc": {"phys": 1758719238810, "cnt": 0, "node": "AU-N143"}, "package_id": "PKG19210", "payload": {"status": "DELIVERED"}, "sent_ts": 1758719212380, "arrival_ts": 1758719212380}
{"action": "send", "src": "AU-N143", "dst": "AS-N173", "hlc": {"phys": 1758719763702, "cnt": 0, "node": "AU-N143"}, "package_id": "PKG19737", "payload": {"status": "CREATED"}, "sent_ts": 1758719737272, "arrival_ts": 1758719737272}
{"action": "send", "src": "AU-N143", "dst": "AS-N173", "hlc": {"phys": 1758719763924, "cnt": 0, "node": "AU-N143"}, "package_id": "PKG19737", "payload": {"status": "SENT"}, "sent_ts": 1758719737494, "arrival_ts": 1758719737494}
{"action": "send", "src": "AU-N143", "dst": "AS-N173", "hlc": {"phys": 1758719764196, "cnt": 0, "node": "AU-N143"}, "package_id": "PKG19737", "payload": {"status": "IN_TRANSIT"}, "sent_ts": 1758719737766, "arrival_ts": 1758719737766}
{"action": "send", "src": "AU-N143", "dst": "AS-N173", "hlc": {"phys": 1758719764498, "cnt": 0, "node": "AU-N143"}, "package_id": "PKG19737", "payload": {"status": "RECEIVED"}, "sent_ts": 1758719738068, "arrival_ts": 1758719738068}
{"action": "send", "src": "AU-N143", "dst": "AS-N173", "hlc": {"phys": 1758719764893, "cnt": 0, "node": "AU-N143"}, "package_id": "PKG19737", "payload": {"status": "DELIVERED"}, "sent_ts": 1758719738463, "arrival_ts": 1758719738463}
{"action": "recv", "src": "AN-N99", "dst": "AU-N143", "hlc": {"phys": 1758742725950, "cnt": 0, "node": "AN-N99"}, "package_id": "PKG42694", "payload": {"status": "CREATED"}, "sent_ts": 1758742694960, "arrival_ts": 1758742694995}
{"action": "recv", "src": "AN-N99", "dst": "AU-N143", "hlc": {"phys": 1758742726197, "cnt": 0, "node": "AN-N99"}, "package_id": "PKG42694", "payload": {"status": "SENT"}, "sent_ts": 1758742695207, "arrival_ts": 1758742695364}
{"action": "recv", "src": "AN-N99", "dst": "AU-N143", "hlc": {"phys": 1758742726557, "cnt": 0, "node": "AN-N99"}, "package_id": "PKG42694", "payload": {"status": "IN_TRANSIT"}, "sent_ts": 1758742695567, "arrival_ts": 1758742695671}
{"action": "recv", "src": "AN-N99", "dst": "AU-N143", "hlc": {"phys": 1758742726874, "cnt": 0, "node": "AN-N99"}, "package_id": "PKG42694", "payload": {"status": "RECEIVED"}, "sent_ts": 1758742695884, "arrival_ts": 1758742696075}
{"action": "recv", "src": "AN-N99", "dst": "AU-N143", "hlc": {"phys": 1758742727260, "cnt": 0, "node": "AN-N99"}, "package_id": "PKG42694", "payload": {"status": "DELIVERED"}, "sent_ts": 1758742696270, "arrival_ts": 1758742696294}
{"action": "send", "src": "AU-N143", "dst": "AF-N147", "hlc": {"phys": 1758743079626, "cnt": 0, "node": "AU-N143"}, "package_id": "PKG43053", "payload": {"status": "CREATED"}, "sent_ts": 1758743053196, "arrival_ts": 1758743053196}
{"action": "send", "src": "AU-N143", "dst": "AF-N147", "hlc": {"phys": 1758743079889, "cnt": 0, "node": "AU-N143"}, "package_id": "PKG43053", "payload": {"status": "SENT"}, "sent_ts": 1758743053459, "arrival_ts": 1758743053459}
{"action": "send", "src": "AU-N143", "dst": "AF-N147", "hlc": {"phys": 1758743080239, "cnt": 0, "node": "AU-N143"}, "package_id": "PKG43053", "payload": {"status": "IN_TRANSIT"}, "sent_ts": 1758743053809, "arrival_ts": 1758743053809}
{"action": "send", "src": "AU-N143", "dst": "AF-N147", "hlc": {"phys": 1758743080529, "cnt": 0, "node": "AU-N143"}, "package_id": "PKG43053", "payload": {"status": "RECEIVED"}, "sent_ts": 1758743054099, "arrival_ts": 1758743054099}
{"action": "send", "src": "AU-N143", "dst": "AF-N147", "hlc": {"phys": 1758743080815, "cnt": 0, "node": "AU-N143"}, "package_id": "PKG43053", "payload": {"status": "DELIVERED"}, "sent_ts": 1758743054385, "arrival_ts": 1758743054385}
{"action": "recv", "src": "EU-N54", "dst": "AU-N143", "hlc": {"phys": 1758744157721, "cnt": 0, "node": "EU-N54"}, "package_id": "PKG44152", "payload": {"status": "CREATED"}, "sent_ts": 1758744152181, "arrival_ts": 1758744152328}
{"action": "recv", "src": "EU-N54", "dst": "AU-N143", "hlc": {"phys": 1758744158073, "cnt": 0, "node": "EU-N54"}, "package_id": "PKG44152", "payload": {"status": "SENT"}, "sent_ts": 1758744152533, "arrival_ts": 1758744152727}
{"action": "recv", "src": "EU-N54", "dst": "AU-N143", "hlc": {"phys": 1758744158472, "cnt": 0, "node": "EU-N54"}, "package_id": "PKG44152", "payload": {"status": "IN_TRANSIT"}, "sent_ts": 1758744152932, "arrival_ts": 1758744153064}
{"action": "recv", "src": "EU-N54", "dst": "AU-N143", "hlc": {"phys": 1758744158812, "cnt": 0, "node": "EU-N54"}, "package_id": "PKG44152", "payload": {"status": "RECEIVED"}, "sent_ts": 1758744153272, "arrival_ts": 1758744153469}
{"action": "recv", "src": "EU-N54", "dst": "AU-N143", "hlc": {"phys": 1758744159213, "cnt": 0, "node": "EU-N54"}, "package_id": "PKG44152", "payload": {"status": "DELIVERED"}, "sent_ts": 1758744153673, "arrival_ts": 1758744153851}
{"action": "send", "src": "AU-N143", "dst": "AS-N125", "hlc": {"phys": 1758744773146, "cnt": 0, "node": "AU-N143"}, "package_id": "PKG44746", "payload": {"status": "CREATED"}, "sent_ts": 1758744746716, "arrival_ts": 1758744746716}
{"action": "send", "src": "AU-N143", "dst": "AS-N125", "hlc": {"phys": 1758744773485, "cnt": 0, "node": "AU-N143"}, "package_id": "PKG44746", "payload": {"status": "SENT"}, "sent_ts": 1758744747055, "arrival_ts": 1758744747055}
{"action": "send", "src": "AU-N143", "dst": "AS-N125", "hlc": {"phys": 1758744773779, "cnt": 0, "node": "AU-N143"}, "package_id": "PKG44746", "payload": {"status": "IN_TRANSIT"}, "sent_ts": 1758744747349, "arrival_ts": 1758744747349}
{"action": "send", "src": "AU-N143", "dst": "AS-N125", "hlc": {"phys": 1758744774029, "cnt": 0, "node": "AU-N143"}, "package_id": "PKG44746", "payload": {"status": "RECEIVED"}, "sent_ts": 1758744747599, "arrival_ts": 1758744747599}
{"action": "send", "src": "AU-N143", "dst": "AS-N125", "hlc": {"phys": 1758744774354, "cnt": 0, "node": "AU-N143"}, "package_id": "PKG44746", "payload": {"status": "DELIVERED"}, "sent_ts": 1758744747924, "arrival_ts": 1758744747924}
{"action": "send", "src": "AU-N143", "dst": "EU-N77", "hlc": {"phys": 1758745239338, "cnt": 0, "node": "AU-N143"}, "package_id": "PKG45212", "payload": {"status": "CREATED"}, "sent_ts": 1758745212908, "arrival_ts": 1758745212908}
{"action": "send", "src": "AU-N143", "dst": "EU-N77", "hlc": {"phys": 1758745239616, "cnt": 0, "node": "AU-N143"}, "package_id": "PKG45212", "payload": {"status": "SENT"}, "sent_ts": 1758745213186, "arrival_ts": 1758745213186}
{"action": "send", "src": "AU-N143", "dst": "EU-N77", "hlc": {"phys": 1758745240004, "cnt": 0, "node": "AU-N143"}, "package_id": "PKG45212", "payload": {"status": "IN_TRANSIT"}, "sent_ts": 1758745213574, "arrival_ts": 1758745213574}
{"action": "send", "src": "AU-N143", "dst": "EU-N77", "hlc": {"phys": 1758745240395, "cnt": 0, "node": "AU-N143"}, "package_id": "PKG45212", "payload": {"status": "RECEIVED"}, "sent_ts": 1758745213965, "arrival_ts": 1758745213965}
{"action": "send", "src": "AU-N143", "dst": "EU-N77", "hlc": {"phys": 1758745240729, "cnt": 0, "node": "AU-N143"}, "package_id": "PKG45212", "payload": {"status": "DELIVERED"}, "sent_ts": 1758745214299, "arrival_ts": 1758745214299}
{"action": "send", "src": "AU-N143", "dst": "AS-N3", "hlc": {"phys": 1758748232505, "cnt": 0, "node": "AU-N143"}, "package_id": "PKG48206", "payload": {"status": "CREATED"}, "sent_ts": 1758748206075, "arrival_ts": 1758748206075}
{"action": "send", "src": "AU-N143", "dst": "AS-N3", "hlc": {"phys": 1758748232782, "cnt": 0, "node": "AU-N143"}, "package_id": "PKG48206", "payload": {"status": "SENT"}, "sent_ts": 1758748206352, "arrival_ts": 1758748206352}
{"action": "send", "src": "AU-N143", "dst": "AS-N3", "hlc": {"phys": 1758748233092, "cnt": 0, "node": "AU-N143"}, "package_id": "PKG48206", "payload": {"status": "IN_TRANSIT"}, "sent_ts": 1758748206662, "arrival_ts": 1758748206662}
{"action": "send", "src": "AU-N143", "dst": "AS-N3", "hlc": {"phys": 1758748233490, "cnt": 0, "node": "AU-N143"}, "package_id": "PKG48206", "payload": {"status": "RECEIVED"}, "sent_ts": 1758748207060, "arrival_ts": 1758748207060}
{"action": "send", "src": "AU-N143", "dst": "AS-N3", "hlc": {"phys": 1758748233738, "cnt": 0, "node": "AU-N143"}, "package_id": "PKG48206", "payload": {"status": "DELIVERED"}, "sent_ts": 1758748207308, "arrival_ts": 1758748207308}
{"action": "recv", "src": "AS-N46", "dst": "AU-N143", "hlc": {"phys": 1758752749862, "cnt": 0, "node": "AS-N46"}, "package_id": "PKG52739", "payload": {"status": "CREATED"}, "sent_ts": 1758752739402, "arrival_ts": 1758752739498}
{"action": "recv", "src": "AS-N46", "dst": "AU-N143", "hlc": {"phys": 1758752750172, "cnt": 0, "node": "AS-N46"}, "package_id": "PKG52739", "payload": {"status": "SENT"}, "sent_ts": 1758752739712, "arrival_ts": 1758752739821}
{"action": "recv", "src": "AS-N46", "dst": "AU-N143", "hlc": {"phys": 1758752750489, "cnt": 0, "node": "AS-N46"}, "package_id": "PKG52739", "payload": {"status": "IN_TRANSIT"}, "sent_ts": 1758752740029, "arrival_ts": 1758752740070}
{"action": "recv", "src": "AS-N46", "dst": "AU-N143", "hlc": {"phys": 1758752750747, "cnt": 0, "node": "AS-N46"}, "package_id": "PKG52739", "payload": {"status": "RECEIVED"}, "sent_ts": 1758752740287, "arrival_ts": 1758752740431}
{"action": "recv", "src": "AS-N46", "dst": "AU-N143", "hlc": {"phys": 1758752751109, "cnt": 0, "node": "AS-N46"}, "package_id": "PKG52739", "payload": {"status": "DELIVERED"}, "sent_ts": 1758752740649, "arrival_ts": 1758752740694}
{"action": "send", "src": "AU-N143", "dst": "AF-N51", "hlc": {"phys": 1758754503835, "cnt": 0, "node": "AU-N143"}, "package_id": "PKG54477", "payload": {"status": "CREATED"}, "sent_ts": 1758754477405, "arrival_ts": 1758754477405}
{"action": "send", "src": "AU-N143", "dst": "AF-N51", "hlc": {"phys": 1758754504059, "cnt": 0, "node": "AU-N143"}, "package_id": "PKG54477", "payload": {"status": "SENT"}, "sent_ts": 1758754477629, "arrival_ts": 1758754477629}
{"action": "send", "src": "AU-N143", "dst": "AF-N51", "hlc": {"phys": 1758754504299, "cnt": 0, "node": "AU-N143"}, "package_id": "PKG54477", "payload": {"status": "IN_TRANSIT"}, "sent_ts": 1758754477869, "arrival_ts": 1758754477869}
{"action": "send", "src": "AU-N143", "dst": "AF-N51", "hlc": {"phys": 1758754504664, "cnt": 0, "node": "AU-N143"}, "package_id": "PKG54477", "payload": {"status": "RECEIVED"}, "sent_ts": 1758754478234, "arrival_ts": 1758754478234}
{"action": "send", "src": "AU-N143", "dst": "AF-N51", "hlc": {"phys": 1758754504964, "cnt": 0, "node": "AU-N143"}, "package_id": "PKG54477", "payload": {"status": "DELIVERED"}, "sent_ts": 1758754478534, "arrival_ts": 1758754478534}
{"action": "send", "src": "AU-N143", "dst": "AS-N82", "hlc": {"phys": 1758758071588, "cnt": 0, "node": "AU-N143"}, "package_id": "PKG58045", "payload": {"status": "CREATED"}, "sent_ts": 1758758045158, "arrival_ts": 1758758045158}
{"action": "send", "src": "AU-N143", "dst": "AS-N82", "hlc": {"phys": 1758758071860, "cnt": 0, "node": "AU-N143"}, "package_id": "PKG58045", "payload": {"status": "SENT"}, "sent_ts": 1758758045430, "arrival_ts": 1758758045430}
{"action": "send", "src": "AU-N143", "dst": "AS-N82", "hlc": {"phys": 1758758072082, "cnt": 0, "node": "AU-N143"}, "package_id": "PKG58045", "payload": {"status": "IN_TRANSIT"}, "sent_ts": 1758758045652, "arrival_ts": 1758758045652}
{"action": "send", "src": "AU-N143", "dst": "AS-N82", "hlc": {"phys": 1758758072385, "cnt": 0, "node": "AU-N143"}, "package_id": "PKG58045", "payload": {"status": "RECEIVED"}, "sent_ts": 1758758045955, "arrival_ts": 1758758045955}
{"action": "send", "src": "AU-N143", "dst": "AS-N82", "hlc": {"phys": 1758758072733, "cnt": 0, "node": "AU-N143"}, "package_id": "PKG58045", "payload": {"status": "DELIVERED"}, "sent_ts": 1758758046303, "arrival_ts": 1758758046303}
{"action": "recv", "src": "SA-N39", "dst": "AU-N143", "hlc": {"phys": 1758759299502, "cnt": 0, "node": "SA-N39"}, "package_id": "PKG59279", "payload": {"status": "CREATED"}, "sent_ts": 1758759279112, "arrival_ts": 1758759279206}
{"action": "recv", "src": "SA-N39", "dst": "AU-N143", "hlc": {"phys": 1758759299812, "cnt": 0, "node": "SA-N39"}, "package_id": "PKG59279", "payload": {"status": "SENT"}, "sent_ts": 1758759279422, "arrival_ts": 1758759279484}
{"action": "recv", "src": "SA-N39", "dst": "AU-N143", "hlc": {"phys": 1758759300095, "cnt": 0, "node": "SA-N39"}, "package_id": "PKG59279", "payload": {"status": "IN_TRANSIT"}, "sent_ts": 1758759279705, "arrival_ts": 1758759279858}
{"action": "recv", "src": "SA-N39", "dst": "AU-N143", "hlc": {"phys": 1758759300456, "cnt": 0, "node": "SA-N39"}, "package_id": "PKG59279", "payload": {"status": "RECEIVED"}, "sent_ts": 1758759280066, "arrival_ts": 1758759280197}
{"action": "recv", "src": "SA-N39", "dst": "AU-N143", "hlc": {"phys": 1758759300790, "cnt": 0, "node": "SA-N39"}, "package_id": "PKG59279", "payload": {"status": "DELIVERED"}, "sent_ts": 1758759280400, "arrival_ts": 1758759280493}
{"action": "send", "src": "AU-N143", "dst": "SA-N91", "hlc": {"phys": 1758759474704, "cnt": 0, "node": "AU-N143"}, "package_id": "PKG59448", "payload": {"status": "CREATED"}, "sent_ts": 1758759448274, "arrival_ts": 1758759448274}
{"action": "send", "src": "AU-N143", "dst": "SA-N91", "hlc": {"phys": 1758759475081, "cnt": 0, "node": "AU-N143"}, "package_id": "PKG59448", "payload": {"status": "SENT"}, "sent_ts": 1758759448651, "arrival_ts": 1758759448651}
{"action": "send", "src": "AU-N143", "dst": "SA-N91", "hlc": {"phys": 1758759475390, "cnt": 0, "node": "AU-N143"}, "package_id": "PKG59448", "payload": {"status": "IN_TRANSIT"}, "sent_ts": 1758759448960, "arrival_ts": 1758759448960}
{"action": "send", "src": "AU-N143", "dst": "SA-N91", "hlc": {"phys": 1758759475623, "cnt": 0, "node": "AU-N143"}, "package_id": "PKG59448", "payload": {"status": "RECEIVED"}, "sent_ts": 1758759449193, "arrival_ts": 1758759449193}
{"action": "send", "src": "AU-N143", "dst": "SA-N91", "hlc": {"phys": 1758759475840, "cnt": 0, "node": "AU-N143"}, "package_id": "PKG59448", "payload": {"status": "DELIVERED"}, "sent_ts": 1758759449410, "arrival_ts": 1758759449410}
{"action": "send", "src": "AU-N143", "dst": "NA-N60", "hlc": {"phys": 1758762161815, "cnt": 0, "node": "AU-N143"}, "package_id": "PKG62135", "payload": {"status": "CREATED"}, "sent_ts": 1758762135385, "arrival_ts": 1758762135385}
{"action": "send", "src": "AU-N143", "dst": "NA-N60", "hlc": {"phys": 1758762162091, "cnt": 0, "node": "AU-N143"}, "package_id": "PKG62135", "payload": {"status": "SENT"}, "sent_ts": 1758762135661, "arrival_ts": 1758762135661}
{"action": "send", "src": "AU-N143", "dst": "NA-N60", "hlc": {"phys": 1758762162379, "cnt": 0, "node": "AU-N143"}, "package_id": "PKG62135", "payload": {"status": "IN_TRANSIT"}, "sent_ts": 1758762135949, "arrival_ts": 1758762135949}
{"action": "send", "src": "AU-N143", "dst": "NA-N60", "hlc": {"phys": 1758762162739, "cnt": 0, "node": "AU-N143"}, "package_id": "PKG62135", "payload": {"status": "RECEIVED"}, "sent_ts": 1758762136309, "arrival_ts": 1758762136309}
{"action": "send", "src": "AU-N143", "dst": "NA-N60", "hlc": {"phys": 1758762163041, "cnt": 0, "node": "AU-N143"}, "package_id": "PKG62135", "payload": {"status": "DELIVERED"}, "sent_ts": 1758762136611, "arrival_ts": 1758762136611}
{"action": "send", "src": "AU-N143", "dst": "SA-N152", "hlc": {"phys": 1758764854216, "cnt": 0, "node": "AU-N143"}, "package_id": "PKG64827", "payload": {"status": "CREATED"}, "sent_ts": 1758764827786, "arrival_ts": 1758764827786}
{"action": "send", "src": "AU-N143", "dst": "SA-N152", "hlc": {"phys": 1758764854534, "cnt": 0, "node": "AU-N143"}, "package_id": "PKG64827", "payload": {"status": "SENT"}, "sent_ts": 1758764828104, "arrival_ts": 1758764828104}
{"action": "send", "src": "AU-N143", "dst": "SA-N152", "hlc": {"phys": 1758764854790, "cnt": 0, "node": "AU-N143"}, "package_id": "PKG64827", "payload": {"status": "IN_TRANSIT"}, "sent_ts": 1758764828360, "arrival_ts": 1758764828360}
{"action": "send", "src": "AU-N143", "dst": "SA-N152", "hlc": {"phys": 1758764855012, "cnt": 0, "node": "AU-N143"}, "package_id": "PKG64827", "payload": {"status": "RECEIVED"}, "sent_ts": 1758764828582, "arrival_ts": 1758764828582}
{"action": "send", "src": "AU-N143", "dst": "SA-N152", "hlc": {"phys": 1758764855394, "cnt": 0, "node": "AU-N143"}, "package_id": "PKG64827", "payload": {"status": "DELIVERED"}, "sent_ts": 1758764828964, "arrival_ts": 1758764828964}
{"action": "recv", "src": "AF-N118", "dst": "AU-N143", "hlc": {"phys": 1758800213450, "cnt": 0, "node": "AF-N118"}, "package_id": "PKG197", "payload": {"status": "CREATED"}, "sent_ts": 1758800197270, "arrival_ts": 1758800197331}
{"action": "recv", "src": "AF-N118", "dst": "AU-N143", "hlc": {"phys": 1758800213752, "cnt": 0, "node": "AF-N118"}, "package_id": "PKG197", "payload": {"status": "SENT"}, "sent_ts": 1758800197572, "arrival_ts": 1758800197738}
{"action": "recv", "src": "AF-N118", "dst": "AU-N143", "hlc": {"phys": 1758800214132, "cnt": 0, "node": "AF-N118"}, "package_id": "PKG197", "payload": {"status": "IN_TRANSIT"}, "sent_ts": 1758800197952, "arrival_ts": 1758800198015}
{"action": "recv", "src": "AF-N118", "dst": "AU-N143", "hlc": {"phys": 1758800214405, "cnt": 0, "node": "AF-N118"}, "package_id": "PKG197", "payload": {"status": "RECEIVED"}, "sent_ts": 1758800198225, "arrival_ts": 1758800198417}
{"action": "recv", "src": "AF-N118", "dst": "AU-N143", "hlc": {"phys": 1758800214809, "cnt": 0, "node": "AF-N118"}, "package_id": "PKG197", "payload": {"status": "DELIVERED"}, "sent_ts": 1758800198629, "arrival_ts": 1758800198728}
{"action": "recv", "src": "NA-N102", "dst": "AU-N143", "hlc": {"phys": 1758801067955, "cnt": 0, "node": "NA-N102"}, "package_id": "PKG1066", "payload": {"status": "CREATED"}, "sent_ts": 1758801066935, "arrival_ts": 1758801067014}
{"action": "recv", "src": "NA-N102", "dst": "AU-N143", "hlc": {"phys": 1758801068247, "cnt": 0, "node": "NA-N102"}, "package_id": "PKG1066", "payload": {"status": "SENT"}, "sent_ts": 1758801067227, "arrival_ts": 1758801067367}
{"action": "recv", "src": "NA-N102", "dst": "AU-N143", "hlc": {"phys": 1758801068605, "cnt": 0, "node": "NA-N102"}, "package_id": "PKG1066", "payload": {"status": "IN_TRANSIT"}, "sent_ts": 1758801067585, "arrival_ts": 1758801067752}
{"action": "recv", "src": "NA-N102", "dst": "AU-N143", "hlc": {"phys": 1758801068976, "cnt": 0, "node": "NA-N102"}, "package_id": "PKG1066", "payload": {"status": "RECEIVED"}, "sent_ts": 1758801067956, "arrival_ts": 1758801068085}
{"action": "recv", "src": "NA-N102", "dst": "AU-N143", "hlc": {"phys": 1758801069315, "cnt": 0, "node": "NA-N102"}, "package_id": "PKG1066", "payload": {"status": "DELIVERED"}, "sent_ts": 1758801068295, "arrival_ts": 1758801068362}
{"action": "recv", "src": "EU-N14", "dst": "AU-N143", "hlc": {"phys": 1758801268589, "cnt": 0, "node": "EU-N14"}, "package_id": "PKG1263", "payload": {"status": "CREATED"}, "sent_ts": 1758801263449, "arrival_ts": 1758801263648}
{"action": "recv", "src": "EU-N14", "dst": "AU-N143", "hlc": {"phys": 1758801269001, "cnt": 0, "node": "EU-N14"}, "package_id": "PKG1263", "payload": {"status": "SENT"}, "sent_ts": 1758801263861, "arrival_ts": 1758801263941}
{"action": "recv", "src": "EU-N14", "dst": "AU-N143", "hlc": {"phys": 1758801269286, "cnt": 0, "node": "EU-N14"}, "package_id": "PKG1263", "payload": {"status": "IN_TRANSIT"}, "sent_ts": 1758801264146, "arrival_ts": 1758801264192}
{"action": "recv", "src": "EU-N14", "dst": "AU-N143", "hlc": {"phys": 1758801269548, "cnt": 0, "node": "EU-N14"}, "package_id": "PKG1263", "payload": {"status": "RECEIVED"}, "sent_ts": 1758801264408, "arrival_ts": 1758801264544}
{"action": "recv", "src": "EU-N14", "dst": "AU-N143", "hlc": {"phys": 1758801269886, "cnt": 0, "node": "EU-N14"}, "package_id": "PKG1263", "payload": {"status": "DELIVERED"}, "sent_ts": 1758801264746, "arrival_ts": 1758801264911}
{"action": "recv", "src": "AS-N117", "dst": "AU-N143", "hlc": {"phys": 1758802709913, "cnt": 0, "node": "AS-N117"}, "package_id": "PKG2698", "payload": {"status": "CREATED"}, "sent_ts": 1758802698743, "arrival_ts": 1758802698773}
{"action": "recv", "src": "AS-N117", "dst": "AU-N143", "hlc": {"phys": 1758802710152, "cnt": 0, "node": "AS-N117"}, "package_id": "PKG2698", "payload": {"status": "SENT"}, "sent_ts": 1758802698982, "arrival_ts": 1758802699119}
{"action": "recv", "src": "AS-N117", "dst": "AU-N143", "hlc": {"phys": 1758802710489, "cnt": 0, "node": "AS-N117"}, "package_id": "PKG2698", "payload": {"status": "IN_TRANSIT"}, "sent_ts": 1758802699319, "arrival_ts": 1758802699464}
{"action": "recv", "src": "AS-N117", "dst": "AU-N143", "hlc": {"phys": 1758802710831, "cnt": 0, "node": "AS-N117"}, "package_id": "PKG2698", "payload": {"status": "RECEIVED"}, "sent_ts": 1758802699661, "arrival_ts": 1758802699820}
{"action": "recv", "src": "AS-N117", "dst": "AU-N143", "hlc": {"phys": 1758802711198, "cnt": 0, "node": "AS-N117"}, "package_id": "PKG2698", "payload": {"status": "DELIVERED"}, "sent_ts": 1758802700028, "arrival_ts": 1758802700114}
{"action": "send", "src": "AU-N143", "dst": "EU-N177", "hlc": {"phys": 1758803666923, "cnt": 0, "node": "AU-N143"}, "package_id": "PKG3640", "payload": {"status": "CREATED"}, "sent_ts": 1758803640493, "arrival_ts": 1758803640493}
{"action": "send", "src": "AU-N143", "dst": "EU-N177", "hlc": {"phys": 1758803667211, "cnt": 0, "node": "AU-N143"}, "package_id": "PKG3640", "payload": {"status": "SENT"}, "sent_ts": 1758803640781, "arrival_ts": 1758803640781}
{"action": "send", "src": "AU-N143", "dst": "EU-N177", "hlc": {"phys": 1758803667531, "cnt": 0, "node": "AU-N143"}, "package_id": "PKG3640", "payload": {"status": "IN_TRANSIT"}, "sent_ts": 1758803641101, "arrival_ts": 1758803641101}
{"action": "send", "src": "AU-N143", "dst": "EU-N177", "hlc": {"phys": 1758803667819, "cnt": 0, "node": "AU-N143"}, "package_id": "PKG3640", "payload": {"status": "RECEIVED"}, "sent_ts": 1758803641389, "arrival_ts": 1758803641389}
{"action": "send", "src": "AU-N143", "dst": "EU-N177", "hlc": {"phys": 1758803668031, "cnt": 0, "node": "AU-N143"}, "package_id": "PKG3640", "payload": {"status": "DELIVERED"}, "sent_ts": 1758803641601, "arrival_ts": 1758803641601}
{"action": "send", "src": "AU-N143", "dst": "NA-N15", "hlc": {"phys": 1758814434443, "cnt": 0, "node": "AU-N143"}, "package_id": "PKG14408", "payload": {"status": "CREATED"}, "sent_ts": 1758814408013, "arrival_ts": 1758814408013}
{"action": "send", "src": "AU-N143", "dst": "NA-N15", "hlc": {"phys": 1758814434833, "cnt": 0, "node": "AU-N143"}, "package_id": "PKG14408", "payload": {"status": "SENT"}, "sent_ts": 1758814408403, "arrival_ts": 1758814408403}
{"action": "send", "src": "AU-N143", "dst": "NA-N15", "hlc": {"phys": 1758814435069, "cnt": 0, "node": "AU-N143"}, "package_id": "PKG14408", "payload": {"status": "IN_TRANSIT"}, "sent_ts": 1758814408639, "arrival_ts": 1758814408639}
{"action": "send", "src": "AU-N143", "dst": "NA-N15", "hlc": {"phys": 1758814435442, "cnt": 0, "node": "AU-N143"}, "package_id": "PKG14408", "payload": {"status": "RECEIVED"}, "sent_ts": 1758814409012, "arrival_ts": 1758814409012}
{"action": "send", "src": "AU-N143", "dst": "NA-N15", "hlc": {"phys": 1758814435751, "cnt": 0, "node": "AU-N143"}, "package_id": "PKG14408", "payload": {"status": "DELIVERED"}, "sent_ts": 1758814409321, "arrival_ts": 1758814409321}
