{"action": "recv", "src": "NA-N189", "dst": "AU-N14", "hlc": {"phys": 1758718136300, "cnt": 0, "node": "NA-N189"}, "package_id": "PKG18134", "payload": {"status": "CREATED"}, "sent_ts": 1758718134410, "arrival_ts": 1758718134503}
{"action": "recv", "src": "NA-N189", "dst": "AU-N14", "hlc": {"phys": 1758718136599, "cnt": 0, "node": "NA-N189"}, "package_id": "PKG18134", "payload": {"status": "SENT"}, "sent_ts": 1758718134709, "arrival_ts": 1758718134756}
{"action": "recv", "src": "NA-N189", "dst": "AU-N14", "hlc": {"phys": 1758718136850, "cnt": 0, "node": "NA-N189"}, "package_id": "PKG18134", "payload": {"status": "IN_TRANSIT"}, "sent_ts": 1758718134960, "arrival_ts": 1758718134985}
{"action": "recv", "src": "NA-N189", "dst": "AU-N14", "hlc": {"phys": 1758718137082, "cnt": 0, "node": "NA-N189"}, "package_id": "PKG18134", "payload": {"status": "RECEIVED"}, "sent_ts": 1758718135192, "arrival_ts": 1758718135246}
{"action": "recv", "src": "NA-N189", "dst": "AU-N14", "hlc": {"phys": 1758718137329, "cnt": 0, "node": "NA-N189"}, "package_id": "PKG18134", "payload": {"status": "DELIVERED"}, "sent_ts": 1758718135439, "arrival_ts": 1758718135579}
{"action": "recv", "src": "EU-N66", "dst": "AU-N14", "hlc": {"phys": 1758738005927, "cnt": 0, "node": "EU-N66"}, "package_id": "PKG38000", "payload": {"status": "CREATED"}, "sent_ts": 1758738000267, "arrival_ts": 1758738000469}
{"action": "recv", "src": "EU-N66", "dst": "AU-N14", "hlc": {"phys": 1758738006345, "cnt": 0, "node": "EU-N66"}, "package_id": "PKG38000", "payload": {"status": "SENT"}, "sent_ts": 1758738000685, "arrival_ts": 1758738000712}
{"action": "recv", "src": "EU-N66", "dst": "AU-N14", "hlc": {"phys": 1758738006582, "cnt": 0, "node": "EU-N66"}, "package_id": "PKG38000", "payload": {"status": "IN_TRANSIT"}, "sent_ts": 1758738000922, "arrival_ts": 1758738001073}
{"action": "recv", "src": "EU-N66", "dst": "AU-N14", "hlc": {"phys": 1758738006934, "cnt": 0, "node": "EU-N66"}, "package_id": "PKG38000", "payload": {"status": "RECEIVED"}, "sent_ts": 1758738001274, "arrival_ts": 1758738001430}
{"action": "recv", "src": "EU-N66", "dst": "AU-N14", "hlc": {"phys": 1758738007292, "cnt": 0, "node": "EU-N66"}, "package_id": "PKG38000", "payload": {"status": "DELIVERED"}, "sent_ts": 1758738001632, "arrival_ts": 1758738001828}
{"action": "send", "src": "AU-N14", "dst": "AU-N61", "hlc": {"phys": 1758741969622, "cnt": 0, "node": "AU-N14"}, "package_id": "PKG41944", "payload": {"status": "CREATED"}, "sent_ts": 1758741944482, "arrival_ts": 1758741944482}
{"action": "send", "src": "AU-N14", "dst": "AU-N61", "hlc": {"phys": 1758741969920, "cnt": 0, "node": "AU-N14"}, "package_id": "PKG41944", "payload": {"status": "SENT"}, "sent_ts": 1758741944780, "arrival_ts": 1758741944780}
{"action": "send", "src": "AU-N14", "dst": "AU-N61", "hlc": {"phys": 1758741970119, "cnt": 0, "node": "AU-N14"}, "package_id": "PKG41944", "payload": {"status": "IN_TRANSIT"}, "sent_ts": 1758741944979, "arrival_ts": 1758741944979}
{"action": "send", "src": "AU-N14", "dst": "AU-N61", "hlc": {"phys": 1758741970433, "cnt": 0, "node": "AU-N14"}, "package_id": "PKG41944", "payload": {"status": "RECEIVED"}, "sent_ts": 1758741945293, "arrival_ts": 1758741945293}
{"action": "send", "src": "AU-N14", "dst": "AU-N61", "hlc": {"phys": 1758741970839, "cnt": 0, "node": "AU-N14"}, "package_id": "PKG41944", "payload": {"status": "DELIVERED"}, "sent_ts": 1758741945699, "arrival_ts": 1758741945699}
{"action": "send", "src": "AU-N14", "dst": "SA-N72", "hlc": {"phys": 1758743153552, "cnt": 0, "node": "AU-N14"}, "package_id": "PKG43128", "payload": {"status": "CREATED"}, "sent_ts": 1758743128412, "arrival_ts": 1758743128412}
{"action": "send", "src": "AU-N14", "dst": "SA-N72", "hlc": {"phys": 1758743153957, "cnt": 0, "node": "AU-N14"}, "package_id": "PKG43128", "payload": {"status": "SENT"}, "sent_ts": 1758743128817, "arrival_ts": 1758743128817}
{"action": "send", "src": "AU-N14", "dst": "SA-N72", "hlc": {"phys": 1758743154343, "cnt": 0, "node": "AU-N14"}, "package_id": "PKG43128", "payload": {"status": "IN_TRANSIT"}, "sent_ts": 1758743129203, "arrival_ts": 1758743129203}
{"action": "send", "src": "AU-N14", "dst": "SA-N72", "hlc": {"phys": 1758743154591, "cnt": 0, "node": "AU-N14"}, "package_id": "PKG43128", "payload": {"status": "RECEIVED"}, "sent_ts": 1758743129451, "arrival_ts": 1758743129451}
{"action": "send", "src": "AU-N14", "dst": "SA-N72", "hlc": {"phys": 1758743154913, "cnt": 0, "node": "AU-N14"}, "package_id": "PKG43128", "payload": {"status": "DELIVERED"}, "sent_ts": 1758743129773, "arrival_ts": 1758743129773}
{"action": "recv", "src": "SA-N142", "dst": "AU-N14", "hlc": {"phys": 1758748619232, "cnt": 0, "node": "SA-N142"}, "package_id": "PKG48597", "payload": {"status": "CREATED"}, "sent_ts": 1758748597812, "arrival_ts": 1758748597978}
{"action": "recv", "src": "SA-N142", "dst": "AU-N14", "hlc": {"phys": 1758748619598, "cnt": 0, "node": "SA-N142"}, "package_id": "PKG48597", "payload": {"status": "SENT"}, "sent_ts": 1758748598178, "arrival_ts": 1758748598232}
{"action": "recv", "src": "SA-N142", "dst": "AU-N14", "hlc": {"phys": 1758748619846, "cnt": 0, "node": "SA-N142"}, "package_id": "PKG48597", "payload": {"status": "IN_TRANSIT"}, "sent_ts": 1758748598426, "arrival_ts": 1758748598492}
{"action": "recv", "src": "SA-N142", "dst": "AU-N14", "hlc": {"phys": 1758748620112, "cnt": 0, "node": "SA-N142"}, "package_id": "PKG48597", "payload": {"status": "RECEIVED"}, "sent_ts": 1758748598692, "arrival_ts": 1758748598816}
{"action": "recv", "src": "SA-N142", "dst": "AU-N14", "hlc": {"phys": 1758748620447, "cnt": 0, "node": "SA-N142"}, "package_id": "PKG48597", "payload": {"status": "DELIVERED"}, "sent_ts": 1758748599027, "arrival_ts": 1758748599179}
{"action": "send", "src": "AU-N14", "dst": "NA-N21", "hlc": {"phys": 1758752478788, "cnt": 0, "node": "AU-N14"}, "package_id": "PKG52453", "payload": {"status": "CREATED"}, "sent_ts": 1758752453648, "arrival_ts": 1758752453648}
{"action": "send", "src": "AU-N14", "dst": "NA-N21", "hlc": {"phys": 1758752479004, "cnt": 0, "node": "AU-N14"}, "package_id": "PKG52453", "payload": {"status": "SENT"}, "sent_ts": 1758752453864, "arrival_ts": 1758752453864}
{"action": "send", "src": "AU-N14", "dst": "NA-N21", "hlc": {"phys": 1758752479392, "cnt": 0, "node": "AU-N14"}, "package_id": "PKG52453", "payload": {"status": "IN_TRANSIT"}, "sent_ts": 1758752454252, "arrival_ts": 1758752454252}
{"action": "send", "src": "AU-N14", "dst": "NA-N21", "hlc": {"phys": 1758752479765, "cnt": 0, "node": "AU-N14"}, "package_id": "PKG52453", "payload": {"status": "RECEIVED"}, "sent_ts": 1758752454625, "arrival_ts": 1758752454625}
{"action": "send", "src": "AU-N14", "dst": "NA-N21", "hlc": {"phys": 1758752480120, "cnt": 0, "node": "AU-N14"}, "package_id": "PKG52453", "payload": {"status": "DELIVERED"}, "sent_ts": 1758752454980, "arrival_ts": 1758752454980}
{"action": "send", "src": "AU-N14", "dst": "AF-N200", "hlc": {"phys": 1758753290122, "cnt": 0, "node": "AU-N14"}, "package_id": "PKG53264", "payload": {"status": "CREATED"}, "sent_ts": 1758753264982, "arrival_ts": 1758753264982}
{"action": "send", "src": "AU-N14", "dst": "AF-N200", "hlc": {"phys": 1758753290505, "cnt": 0, "node": "AU-N14"}, "package_id": "PKG53264", "payload": {"status": "SENT"}, "sent_ts": 1758753265365, "arrival_ts": 1758753265365}
{"action": "send", "src": "AU-N14", "dst": "AF-N200", "hlc": {"phys": 1758753290903, "cnt": 0, "node": "AU-N14"}, "package_id": "PKG53264", "payload": {"status": "IN_TRANSIT"}, "sent_ts": 1758753265763, "arrival_ts": 1758753265763}
{"action": "send", "src": "AU-N14", "dst": "AF-N200", "hlc": {"phys": 1758753291195, "cnt": 0, "node": "AU-N14"}, "package_id": "PKG53264", "payload": {"status": "RECEIVED"}, "sent_ts": 1758753266055, "arrival_ts": 1758753266055}
{"action": "send", "src": "AU-N14", "dst": "AF-N200", "hlc": {"phys": 1758753291581, "cnt": 0, "node": "AU-N14"}, "package_id": "PKG53264", "payload": {"status": "DELIVERED"}, "sent_ts": 1758753266441, "arrival_ts": 1758753266441}
{"action": "recv", "src": "AN-N142", "dst": "AU-N14", "hlc": {"phys": 1758754300476, "cnt": 0, "node": "AN-N142"}, "package_id": "PKG54269", "payload": {"status": "CREATED"}, "sent_ts": 1758754269056, "arrival_ts": 1758754269189}
{"action": "recv", "src": "AN-N142", "dst": "AU-N14", "hlc": {"phys": 1758754300825, "cnt": 0, "node": "AN-N142"}, "package_id": "PKG54269", "payload": {"status": "SENT"}, "sent_ts": 1758754269405, "arrival_ts": 1758754269451}
{"action": "recv", "src": "AN-N142", "dst": "AU-N14", "hlc": {"phys": 1758754301089, "cnt": 0, "node": "AN-N142"}, "package_id": "PKG54269", "payload": {"status": "IN_TRANSIT"}, "sent_ts": 1758754269669, "arrival_ts": 1758754269833}
{"action": "recv", "src": "AN-N142", "dst": "AU-N14", "hlc": {"phys": 1758754301469, "cnt": 0, "node": "AN-N142"}, "package_id": "PKG54269", "payload": {"status": "RECEIVED"}, "sent_ts": 1758754270049, "arrival_ts": 1758754270212}
{"action": "recv", "src": "AN-N142", "dst": "AU-N14", "hlc": {"phys": 1758754301851, "cnt": 0, "node": "AN-N142"}, "package_id": "PKG54269", "payload": {"status": "DELIVERED"}, "sent_ts": 1758754270431, "arrival_ts": 1758754270451}
{"action": "send", "src": "AU-N14", "dst": "AS-N67", "hlc": {"phys": 1758754628781, "cnt": 0, "node": "AU-N14"}, "package_id": "PKG54603", "payload": {"status": "CREATED"}, "sent_ts": 1758754603641, "arrival_ts": 1758754603641}
{"action": "send", "src": "AU-N14", "dst": "AS-N67", "hlc": {"phys": 1758754629069, "cnt": 0, "node": "AU-N14"}, "package_id": "PKG54603", "payload": {"status": "SENT"}, "sent_ts": 1758754603929, "arrival_ts": 1758754603929}
{"action": "send", "src": "AU-N14", "dst": "AS-N67", "hlc": {"phys": 1758754629364, "cnt": 0, "node": "AU-N14"}, "package_id": "PKG54603", "payload": {"status": "IN_TRANSIT"}, "sent_ts": 1758754604224, "arrival_ts": 1758754604224}
{"action": "send", "src": "AU-N14", "dst": "AS-N67", "hlc": {"phys": 1758754629744, "cnt": 0, "node": "AU-N14"}, "package_id": "PKG54603", "payload": {"status": "RECEIVED"}, "sent_ts": 1758754604604, "arrival_ts": 1758754604604}
{"action": "send", "src": "AU-N14", "dst": "AS-N67", "hlc": {"phys": 1758754630050, "cnt": 0, "node": "AU-N14"}, "package_id": "PKG54603", "payload": {"status": "DELIVERED"}, "sent_ts": 1758754604910, "arrival_ts": 1758754604910}
{"action": "recv", "src": "AN-N122", "dst": "AU-N14", "hlc": {"phys": 1758755936455, "cnt": 0, "node": "AN-N122"}, "package_id": "PKG55905", "payload": {"status": "CREATED"}, "sent_ts": 1758755905235, "arrival_ts": 1758755905263}
{"action": "recv", "src": "AN-N122", "dst": "AU-N14", "hlc": {"phys": 1758755936709, "cnt": 0, "node": "AN-N122"}, "package_id": "PKG55905", "payload": {"status": "SENT"}, "sent_ts": 1758755905489, "arrival_ts": 1758755905547}
{"action": "recv", "src": "AN-N122", "dst": "AU-N14", "hlc": {"phys": 1758755936989, "cnt": 0, "node": "AN-N122"}, "package_id": "PKG55905", "payload": {"status": "IN_TRANSIT"}, "sent_ts": 1758755905769, "arrival_ts": 1758755905862}
{"action": "recv", "src": "AN-N122", "dst": "AU-N14", "hlc": {"phys": 1758755937305, "cnt": 0, "node": "AN-N122"}, "package_id": "PKG55905", "payload": {"status": "RECEIVED"}, "sent_ts": 1758755906085, "arrival_ts": 1758755906244}
{"action": "recv", "src": "AN-N122", "dst": "AU-N14", "hlc": {"phys": 1758755937674, "cnt": 0, "node": "AN-N122"}, "package_id": "PKG55905", "payload": {"status": "DELIVERED"}, "sent_ts": 1758755906454, "arrival_ts": 1758755906481}
{"action": "recv", "src": "AU-N174", "dst": "AU-N14", "hlc": {"phys": 1758757928268, "cnt": 0, "node": "AU-N174"}, "package_id": "PKG57901", "payload": {"status": "CREATED"}, "sent_ts": 1758757901528, "arrival_ts": 1758757901571}
{"action": "recv", "src": "AU-N174", "dst": "AU-N14", "hlc": {"phys": 1758757928528, "cnt": 0, "node": "AU-N174"}, "package_id": "PKG57901", "payload": {"status": "SENT"}, "sent_ts": 1758757901788, "arrival_ts": 1758757901947}
{"action": "recv", "src": "AU-N174", "dst": "AU-N14", "hlc": {"phys": 1758757928898, "cnt": 0, "node": "AU-N174"}, "package_id": "PKG57901", "payload": {"status": "IN_TRANSIT"}, "sent_ts": 1758757902158, "arrival_ts": 1758757902174}
{"action": "recv", "src": "AU-N174", "dst": "AU-N14", "hlc": {"phys": 1758757929130, "cnt": 0, "node": "AU-N174"}, "package_id": "PKG57901", "payload": {"status": "RECEIVED"}, "sent_ts": 1758757902390, "arrival_ts": 1758757902441}
{"action": "recv", "src": "AU-N174", "dst": "AU-N14", "hlc": {"phys": 1758757929389, "cnt": 0, "node": "AU-N174"}, "package_id": "PKG57901", "payload": {"status": "DELIVERED"}, "sent_ts": 1758757902649, "arrival_ts": 1758757902833}
{"action": "recv", "src": "AF-N26", "dst": "AU-N14", "hlc": {"phys": 1758759513779, "cnt": 0, "node": "AF-N26"}, "package_id": "PKG59498", "payload": {"status": "CREATED"}, "sent_ts": 1758759498519, "arrival_ts": 1758759498696}
{"action": "recv", "src": "AF-N26", "dst": "AU-N14", "hlc": {"phys": 1758759514153, "cnt": 0, "node": "AF-N26"}, "package_id": "PKG59498", "payload": {"status": "SENT"}, "sent_ts": 1758759498893, "arrival_ts": 1758759498964}
{"action": "recv", "src": "AF-N26", "dst": "AU-N14", "hlc": {"phys": 1758759514417, "cnt": 0, "node": "AF-N26"}, "package_id": "PKG59498", "payload": {"status": "IN_TRANSIT"}, "sent_ts": 1758759499157, "arrival_ts": 1758759499211}
{"action": "recv", "src": "AF-N26", "dst": "AU-N14", "hlc": {"phys": 1758759514679, "cnt": 0, "node": "AF-N26"}, "package_id": "PKG59498", "payload": {"status": "RECEIVED"}, "sent_ts": 1758759499419, "arrival_ts": 1758759499504}
{"action": "recv", "src": "AF-N26", "dst": "AU-N14", "hlc": {"phys": 1758759514975, "cnt": 0, "node": "AF-N26"}, "package_id": "PKG59498", "payload": {"status": "DELIVERED"}, "sent_ts": 1758759499715, "arrival_ts": 1758759499830}
{"action": "send", "src": "AU-N14", "dst": "SA-N91", "hlc": {"phys": 1758764025089, "cnt": 0, "node": "AU-N14"}, "package_id": "PKG63999", "payload": {"status": "CREATED"}, "sent_ts": 1758763999949, "arrival_ts": 1758763999949}
{"action": "send", "src": "AU-N14", "dst": "SA-N91", "hlc": {"phys": 1758764025355, "cnt": 0, "node": "AU-N14"}, "package_id": "PKG63999", "payload": {"status": "SENT"}, "sent_ts": 1758764000215, "arrival_ts": 1758764000215}
{"action": "send", "src": "AU-N14", "dst": "SA-N91", "hlc": {"phys": 1758764025619, "cnt": 0, "node": "AU-N14"}, "package_id": "PKG63999", "payload": {"status": "IN_TRANSIT"}, "sent_ts": 1758764000479, "arrival_ts": 1758764000479}
{"action": "send", "src": "AU-N14", "dst": "SA-N91", "hlc": {"phys": 1758764025900, "cnt": 0, "node": "AU-N14"}, "package_id": "PKG63999", "payload": {"status": "RECEIVED"}, "sent_ts": 1758764000760, "arrival_ts": 1758764000760}
{"action": "send", "src": "AU-N14", "dst": "SA-N91", "hlc": {"phys": 1758764026273, "cnt": 0, "node": "AU-N14"}, "package_id": "PKG63999", "payload": {"status": "DELIVERED"}, "sent_ts": 1758764001133, "arrival_ts": 1758764001133}
{"action": "send", "src": "AU-N14", "dst": "NA-N149", "hlc": {"phys": 1758764397268, "cnt": 0, "node": "AU-N14"}, "package_id": "PKG64372", "payload": {"status": "CREATED"}, "sent_ts": 1758764372128, "arrival_ts": 1758764372128}
{"action": "send", "src": "AU-N14", "dst": "NA-N149", "hlc": {"phys": 1758764397518, "cnt": 0, "node": "AU-N14"}, "package_id": "PKG64372", "payload": {"status": "SENT"}, "sent_ts": 1758764372378, "arrival_ts": 1758764372378}
{"action": "send", "src": "AU-N14", "dst": "NA-N149", "hlc": {"phys": 1758764397813, "cnt": 0, "node": "AU-N14"}, "package_id": "PKG64372", "payload": {"status": "IN_TRANSIT"}, "sent_ts": 1758764372673, "arrival_ts": 1758764372673}
{"action": "send", "src": "AU-N14", "dst": "NA-N149", "hlc": {"phys": 1758764398076, "cnt": 0, "node": "AU-N14"}, "package_id": "PKG64372", "payload": {"status": "RECEIVED"}, "sent_ts": 1758764372936, "arrival_ts": 1758764372936}
{"action": "send", "src": "AU-N14", "dst": "NA-N149", "hlc": {"phys": 1758764398416, "cnt": 0, "node": "AU-N14"}, "package_id": "PKG64372", "payload": {"status": "DELIVERED"}, "sent_ts": 1758764373276, "arrival_ts": 1758764373276}
{"action": "recv", "src": "NA-N189", "dst": "AU-N14", "hlc": {"phys": 1758765330372, "cnt": 0, "node": "NA-N189"}, "package_id": "PKG65328", "payload": {"status": "CREATED"}, "sent_ts": 1758765328482, "arrival_ts": 1758765328513}
{"action": "recv", "src": "NA-N189", "dst": "AU-N14", "hlc": {"phys": 1758765330616, "cnt": 0, "node": "NA-N189"}, "package_id": "PKG65328", "payload": {"status": "SENT"}, "sent_ts": 1758765328726, "arrival_ts": 1758765328888}
{"action": "recv", "src": "NA-N189", "dst": "AU-N14", "hlc": {"phys": 1758765330995, "cnt": 0, "node": "NA-N189"}, "package_id": "PKG65328", "payload": {"status": "IN_TRANSIT"}, "sent_ts": 1758765329105, "arrival_ts": 1758765329253}
{"action": "recv", "src": "NA-N189", "dst": "AU-N14", "hlc": {"phys": 1758765331360, "cnt": 0, "node": "NA-N189"}, "package_id": "PKG65328", "payload": {"status": "RECEIVED"}, "sent_ts": 1758765329470, "arrival_ts": 1758765329650}
{"action": "recv", "src": "NA-N189", "dst": "AU-N14", "hlc": {"phys": 1758765331749, "cnt": 0, "node": "NA-N189"}, "package_id": "PKG65328", "payload": {"status": "DELIVERED"}, "sent_ts": 1758765329859, "arrival_ts": 1758765330005}
{"action": "send", "src": "AU-N14", "dst": "AS-N58", "hlc": {"phys": 1758804330457, "cnt": 0, "node": "AU-N14"}, "package_id": "PKG4305", "payload": {"status": "CREATED"}, "sent_ts": 1758804305317, "arrival_ts": 1758804305317}
{"action": "send", "src": "AU-N14", "dst": "AS-N58", "hlc": {"phys": 1758804330843, "cnt": 0, "node": "AU-N14"}, "package_id": "PKG4305", "payload": {"status": "SENT"}, "sent_ts": 1758804305703, "arrival_ts": 1758804305703}
{"action": "send", "src": "AU-N14", "dst": "AS-N58", "hlc": {"phys": 1758804331218, "cnt": 0, "node": "AU-N14"}, "package_id": "PKG4305", "payload": {"status": "IN_TRANSIT"}, "sent_ts": 1758804306078, "arrival_ts": 1758804306078}
{"action": "send", "src": "AU-N14", "dst": "AS-N58", "hlc": {"phys": 1758804331624, "cnt": 0, "node": "AU-N14"}, "package_id": "PKG4305", "payload": {"status": "RECEIVED"}, "sent_ts": 1758804306484, "arrival_ts": 1758804306484}
{"action": "send", "src": "AU-N14", "dst": "AS-N58", "hlc": {"phys": 1758804332034, "cnt": 0, "node": "AU-N14"}, "package_id": "PKG4305", "payload": {"status": "DELIVERED"}, "sent_ts": 1758804306894, "arrival_ts": 1758804306894}
{"action": "recv", "src": "NA-N146", "dst": "AU-N14", "hlc": {"phys": 1758812728198, "cnt": 0, "node": "NA-N146"}, "package_id": "PKG12726", "payload": {"status": "CREATED"}, "sent_ts": 1758812726738, "arrival_ts": 1758812726853}
{"action": "recv", "src": "NA-N146", "dst": "AU-N14", "hlc": {"phys": 1758812728507, "cnt": 0, "node": "NA-N146"}, "package_id": "PKG12726", "payload": {"status": "SENT"}, "sent_ts": 1758812727047, "arrival_ts": 1758812727176}
{"action": "recv", "src": "NA-N146", "dst": "AU-N14", "hlc": {"phys": 1758812728845, "cnt": 0, "node": "NA-N146"}, "package_id": "PKG12726", "payload": {"status": "IN_TRANSIT"}, "sent_ts": 1758812727385, "arrival_ts": 1758812727458}
{"action": "recv", "src": "NA-N146", "dst": "AU-N14", "hlc": {"phys": 1758812729121, "cnt": 0, "node": "NA-N146"}, "package_id": "PKG12726", "payload": {"status": "RECEIVED"}, "sent_ts": 1758812727661, "arrival_ts": 1758812727751}
{"action": "recv", "src": "NA-N146", "dst": "AU-N14", "hlc": {"phys": 1758812729414, "cnt": 0, "node": "NA-N146"}, "package_id": "PKG12726", "payload": {"status": "DELIVERED"}, "sent_ts": 1758812727954, "arrival_ts": 1758812728052}
