{"action": "recv", "src": "AS-N126", "dst": "AU-N148", "hlc": {"phys": 1758712962333, "cnt": 0, "node": "AS-N126"}, "package_id": "PKG12951", "payload": {"status": "CREATED"}, "sent_ts": 1758712951073, "arrival_ts": 1758712951168}
{"action": "recv", "src": "AS-N126", "dst": "AU-N148", "hlc": {"phys": 1758712962643, "cnt": 0, "node": "AS-N126"}, "package_id": "PKG12951", "payload": {"status": "SENT"}, "sent_ts": 1758712951383, "arrival_ts": 1758712951459}
{"action": "recv", "src": "AS-N126", "dst": "AU-N148", "hlc": {"phys": 1758712962920, "cnt": 0, "node": "AS-N126"}, "package_id": "PKG12951", "payload": {"status": "IN_TRANSIT"}, "sent_ts": 1758712951660, "arrival_ts": 1758712951751}
{"action": "recv", "src": "AS-N126", "dst": "AU-N148", "hlc": {"phys": 1758712963218, "cnt": 0, "node": "AS-N126"}, "package_id": "PKG12951", "payload": {"status": "RECEIVED"}, "sent_ts": 1758712951958, "arrival_ts": 1758712952046}
{"action": "recv", "src": "AS-N126", "dst": "AU-N148", "hlc": {"phys": 1758712963511, "cnt": 0, "node": "AS-N126"}, "package_id": "PKG12951", "payload": {"status": "DELIVERED"}, "sent_ts": 1758712952251, "arrival_ts": 1758712952423}
{"action": "send", "src": "AU-N148", "dst": "AS-N64", "hlc": {"phys": 1758716400754, "cnt": 0, "node": "AU-N148"}, "package_id": "PKG16374", "payload": {"status": "CREATED"}, "sent_ts": 1758716374274, "arrival_ts": 1758716374274}
{"action": "send", "src": "AU-N148", "dst": "AS-N64", "hlc": {"phys": 1758716401070, "cnt": 0, "node": "AU-N148"}, "package_id": "PKG16374", "payload": {"status": "SENT"}, "sent_ts": 1758716374590, "arrival_ts": 1758716374590}
{"action": "send", "src": "AU-N148", "dst": "AS-N64", "hlc": {"phys": 1758716401437, "cnt": 0, "node": "AU-N148"}, "package_id": "PKG16374", "payload": {"status": "IN_TRANSIT"}, "sent_ts": 1758716374957, "arrival_ts": 1758716374957}
{"action": "send", "src": "AU-N148", "dst": "AS-N64", "hlc": {"phys": 1758716401708, "cnt": 0, "node": "AU-N148"}, "package_id": "PKG16374", "payload": {"status": "RECEIVED"}, "sent_ts": 1758716375228, "arrival_ts": 1758716375228}
{"action": "send", "src": "AU-N148", "dst": "AS-N64", "hlc": {"phys": 1758716401963, "cnt": 0, "node": "AU-N148"}, "package_id": "PKG16374", "payload": {"status": "DELIVERED"}, "sent_ts": 1758716375483, "arrival_ts": 1758716375483}
{"action": "send", "src": "AU-N148", "dst": "NA-N15", "hlc": {"phys": 1758718184111, "cnt": 0, "node": "AU-N148"}, "package_id": "PKG18157", "payload": {"status": "CREATED"}, "sent_ts": 1758718157631, "arrival_ts": 1758718157631}
{"action": "send", "src": "AU-N148", "dst": "NA-N15", "hlc": {"phys": 1758718184447, "cnt": 0, "node": "AU-N148"}, "package_id": "PKG18157", "payload": {"status": "SENT"}, "sent_ts": 1758718157967, "arrival_ts": 1758718157967}
{"action": "send", "src": "AU-N148", "dst": "NA-N15", "hlc": {"phys": 1758718184708, "cnt": 0, "node": "AU-N148"}, "package_id": "PKG18157", "payload": {"status": "IN_TRANSIT"}, "sent_ts": 1758718158228, "arrival_ts": 1758718158228}
{"action": "send", "src": "AU-N148", "dst": "NA-N15", "hlc": {"phys": 1758718185048, "cnt": 0, "node": "AU-N148"}, "package_id": "PKG18157", "payload": {"status": "RECEIVED"}, "sent_ts": 1758718158568, "arrival_ts": 1758718158568}
{"action": "send", "src": "AU-N148", "dst": "NA-N15", "hlc": {"phys": 1758718185376, "cnt": 0, "node": "AU-N148"}, "package_id": "PKG18157", "payload": {"status": "DELIVERED"}, "sent_ts": 1758718158896, "arrival_ts": 1758718158896}
{"action": "send", "src": "AU-N148", "dst": "SA-N155", "hlc": {"phys": 1758740081743, "cnt": 0, "node": "AU-N148"}, "package_id": "PKG40055", "payload": {"status": "CREATED"}, "sent_ts": 1758740055263, "arrival_ts": 1758740055263}
{"action": "send", "src": "AU-N148", "dst": "SA-N155", "hlc": {"phys": 1758740082069, "cnt": 0, "node": "AU-N148"}, "package_id": "PKG40055", "payload": {"status": "SENT"}, "sent_ts": 1758740055589, "arrival_ts": 1758740055589}
{"action": "send", "src": "AU-N148", "dst": "SA-N155", "hlc": {"phys": 1758740082358, "cnt": 0, "node": "AU-N148"}, "package_id": "PKG40055", "payload": {"status": "IN_TRANSIT"}, "sent_ts": 1758740055878, "arrival_ts": 1758740055878}
{"action": "send", "src": "AU-N148", "dst": "SA-N155", "hlc": {"phys": 1758740082636, "cnt": 0, "node": "AU-N148"}, "package_id": "PKG40055", "payload": {"status": "RECEIVED"}, "sent_ts": 1758740056156, "arrival_ts": 1758740056156}
{"action": "send", "src": "AU-N148", "dst": "SA-N155", "hlc": {"phys": 1758740082910, "cnt": 0, "node": "AU-N148"}, "package_id": "PKG40055", "payload": {"status": "DELIVERED"}, "sent_ts": 1758740056430, "arrival_ts": 1758740056430}
{"action": "send", "src": "AU-N148", "dst": "EU-N121", "hlc": {"phys": 1758743103234, "cnt": 0, "node": "AU-N148"}, "package_id": "PKG43076", "payload": {"status": "CREATED"}, "sent_ts": 1758743076754, "arrival_ts": 1758743076754}
{"action": "send", "src": "AU-N148", "dst": "EU-N121", "hlc": {"phys": 1758743103634, "cnt": 0, "node": "AU-N148"}, "package_id": "PKG43076", "payload": {"status": "SENT"}, "sent_ts": 1758743077154, "arrival_ts": 1758743077154}
{"action": "send", "src": "AU-N148", "dst": "EU-N121", "hlc": {"phys": 1758743103881, "cnt": 0, "node": "AU-N148"}, "package_id": "PKG43076", "payload": {"status": "IN_TRANSIT"}, "sent_ts": 1758743077401, "arrival_ts": 1758743077401}
{"action": "send", "src": "AU-N148", "dst": "EU-N121", "hlc": {"phys": 1758743104129, "cnt": 0, "node": "AU-N148"}, "package_id": "PKG43076", "payload": {"status": "RECEIVED"}, "sent_ts": 1758743077649, "arrival_ts": 1758743077649}
{"action": "send", "src": "AU-N148", "dst": "EU-N121", "hlc": {"phys": 1758743104406, "cnt": 0, "node": "AU-N148"}, "package_id": "PKG43076", "payload": {"status": "DELIVERED"}, "sent_ts": 1758743077926, "arrival_ts": 1758743077926}
{"action": "send", "src": "AU-N148", "dst": "NA-N2", "hlc": {"phys": 1758745921482, "cnt": 0, "node": "AU-N148"}, "package_id": "PKG45895", "payload": {"status": "CREATED"}, "sent_ts": 1758745895002, "arrival_ts": 1758745895002}
{"action": "send", "src": "AU-N148", "dst": "NA-N2", "hlc": {"phys": 1758745921758, "cnt": 0, "node": "AU-N148"}, "package_id": "PKG45895", "payload": {"status": "SENT"}, "sent_ts": 1758745895278, "arrival_ts": 1758745895278}
{"action": "send", "src": "AU-N148", "dst": "NA-N2", "hlc": {"phys": 1758745922087, "cnt": 0, "node": "AU-N148"}, "package_id": "PKG45895", "payload": {"status": "IN_TRANSIT"}, "sent_ts": 1758745895607, "arrival_ts": 1758745895607}
{"action": "send", "src": "AU-N148", "dst": "NA-N2", "hlc": {"phys": 1758745922391, "cnt": 0, "node": "AU-N148"}, "package_id": "PKG45895", "payload": {"status": "RECEIVED"}, "sent_ts": 1758745895911, "arrival_ts": 1758745895911}
{"action": "send", "src": "AU-N148", "dst": "NA-N2", "hlc": {"phys": 1758745922762, "cnt": 0, "node": "AU-N148"}, "package_id": "PKG45895", "payload": {"status": "DELIVERED"}, "sent_ts": 1758745896282, "arrival_ts": 1758745896282}
{"action": "send", "src": "AU-N148", "dst": "AN-N76", "hlc": {"phys": 1758746360846, "cnt": 0, "node": "AU-N148"}, "package_id": "PKG46334", "payload": {"status": "CREATED"}, "sent_ts": 1758746334366, "arrival_ts": 1758746334366}
{"action": "send", "src": "AU-N148", "dst": "AN-N76", "hlc": {"phys": 1758746361124, "cnt": 0, "node": "AU-N148"}, "package_id": "PKG46334", "payload": {"status": "SENT"}, "sent_ts": 1758746334644, "arrival_ts": 1758746334644}
{"action": "send", "src": "AU-N148", "dst": "AN-N76", "hlc": {"phys": 1758746361528, "cnt": 0, "node": "AU-N148"}, "package_id": "PKG46334", "payload": {"status": "IN_TRANSIT"}, "sent_ts": 1758746335048, "arrival_ts": 1758746335048}
{"action": "send", "src": "AU-N148", "dst": "AN-N76", "hlc": {"phys": 1758746361840, "cnt": 0, "node": "AU-N148"}, "package_id": "PKG46334", "payload": {"status": "RECEIVED"}, "sent_ts": 1758746335360, "arrival_ts": 1758746335360}
{"action": "send", "src": "AU-N148", "dst": "AN-N76", "hlc": {"phys": 1758746362258, "cnt": 0, "node": "AU-N148"}, "package_id": "PKG46334", "payload": {"status": "DELIVERED"}, "sent_ts": 1758746335778, "arrival_ts": 1758746335778}
{"action": "recv", "src": "AN-N145", "dst": "AU-N148", "hlc": {"phys": 1758748104158, "cnt": 0, "node": "AN-N145"}, "package_id": "PKG48072", "payload": {"status": "CREATED"}, "sent_ts": 1758748072708, "arrival_ts": 1758748072882}
{"action": "recv", "src": "AN-N145", "dst": "AU-N148", "hlc": {"phys": 1758748104554, "cnt": 0, "node": "AN-N145"}, "package_id": "PKG48072", "payload": {"status": "SENT"}, "sent_ts": 1758748073104, "arrival_ts": 1758748073135}
{"action": "recv", "src": "AN-N145", "dst": "AU-N148", "hlc": {"phys": 1758748104798, "cnt": 0, "node": "AN-N145"}, "package_id": "PKG48072", "payload": {"status": "IN_TRANSIT"}, "sent_ts": 1758748073348, "arrival_ts": 1758748073462}
{"action": "recv", "src": "AN-N145", "dst": "AU-N148", "hlc": {"phys": 1758748105132, "cnt": 0, "node": "AN-N145"}, "package_id": "PKG48072", "payload": {"status": "RECEIVED"}, "sent_ts": 1758748073682, "arrival_ts": 1758748073756}
{"action": "recv", "src": "AN-N145", "dst": "AU-N148", "hlc": {"phys": 1758748105411, "cnt": 0, "node": "AN-N145"}, "package_id": "PKG48072", "payload": {"status": "DELIVERED"}, "sent_ts": 1758748073961, "arrival_ts": 1758748074104}
{"action": "recv", "src": "AS-N102", "dst": "AU-N148", "hlc": {"phys": 1758749018384, "cnt": 0, "node": "AS-N102"}, "package_id": "PKG49007", "payload": {"status": "CREATED"}, "sent_ts": 1758749007364, "arrival_ts": 1758749007564}
{"action": "recv", "src": "AS-N102", "dst": "AU-N148", "hlc": {"phys": 1758749018812, "cnt": 0, "node": "AS-N102"}, "package_id": "PKG49007", "payload": {"status": "SENT"}, "sent_ts": 1758749007792, "arrival_ts": 1758749007830}
{"action": "recv", "src": "AS-N102", "dst": "AU-N148", "hlc": {"phys": 1758749019066, "cnt": 0, "node": "AS-N102"}, "package_id": "PKG49007", "payload": {"status": "IN_TRANSIT"}, "sent_ts": 1758749008046, "arrival_ts": 1758749008057}
{"action": "recv", "src": "AS-N102", "dst": "AU-N148", "hlc": {"phys": 1758749019296, "cnt": 0, "node": "AS-N102"}, "package_id": "PKG49007", "payload": {"status": "RECEIVED"}, "sent_ts": 1758749008276, "arrival_ts": 1758749008396}
{"action": "recv", "src": "AS-N102", "dst": "AU-N148", "hlc": {"phys": 1758749019625, "cnt": 0, "node": "AS-N102"}, "package_id": "PKG49007", "payload": {"status": "DELIVERED"}, "sent_ts": 1758749008605, "arrival_ts": 1758749008738}
{"action": "send", "src": "AU-N148", "dst": "NA-N116", "hlc": {"phys": 1758749679679, "cnt": 0, "node": "AU-N148"}, "package_id": "PKG49653", "payload": {"status": "CREATED"}, "sent_ts": 1758749653199, "arrival_ts": 1758749653199}
{"action": "send", "src": "AU-N148", "dst": "NA-N116", "hlc": {"phys": 1758749680016, "cnt": 0, "node": "AU-N148"}, "package_id": "PKG49653", "payload": {"status": "SENT"}, "sent_ts": 1758749653536, "arrival_ts": 1758749653536}
{"action": "send", "src": "AU-N148", "dst": "NA-N116", "hlc": {"phys": 1758749680372, "cnt": 0, "node": "AU-N148"}, "package_id": "PKG49653", "payload": {"status": "IN_TRANSIT"}, "sent_ts": 1758749653892, "arrival_ts": 1758749653892}
{"action": "send", "src": "AU-N148", "dst": "NA-N116", "hlc": {"phys": 1758749680603, "cnt": 0, "node": "AU-N148"}, "package_id": "PKG49653", "payload": {"status": "RECEIVED"}, "sent_ts": 1758749654123, "arrival_ts": 1758749654123}
{"action": "send", "src": "AU-N148", "dst": "NA-N116", "hlc": {"phys": 1758749680923, "cnt": 0, "node": "AU-N148"}, "package_id": "PKG49653", "payload": {"status": "DELIVERED"}, "sent_ts": 1758749654443, "arrival_ts": 1758749654443}
{"action": "send", "src": "AU-N148", "dst": "AU-N84", "hlc": {"phys": 1758749697293, "cnt": 0, "node": "AU-N148"}, "package_id": "PKG49670", "payload": {"status": "CREATED"}, "sent_ts": 1758749670813, "arrival_ts": 1758749670813}
{"action": "send", "src": "AU-N148", "dst": "AU-N84", "hlc": {"phys": 1758749697628, "cnt": 0, "node": "AU-N148"}, "package_id": "PKG49670", "payload": {"status": "SENT"}, "sent_ts": 1758749671148, "arrival_ts": 1758749671148}
{"action": "send", "src": "AU-N148", "dst": "AU-N84", "hlc": {"phys": 1758749698037, "cnt": 0, "node": "AU-N148"}, "package_id": "PKG49670", "payload": {"status": "IN_TRANSIT"}, "sent_ts": 1758749671557, "arrival_ts": 1758749671557}
{"action": "send", "src": "AU-N148", "dst": "AU-N84", "hlc": {"phys": 1758749698344, "cnt": 0, "node": "AU-N148"}, "package_id": "PKG49670", "payload": {"status": "RECEIVED"}, "sent_ts": 1758749671864, "arrival_ts": 1758749671864}
{"action": "send", "src": "AU-N148", "dst": "AU-N84", "hlc": {"phys": 1758749698662, "cnt": 0, "node": "AU-N148"}, "package_id": "PKG49670", "payload": {"status": "DELIVERED"}, "sent_ts": 1758749672182, "arrival_ts": 1758749672182}
{"action": "send", "src": "AU-N148", "dst": "SA-N114", "hlc": {"phys": 1758751543526, "cnt": 0, "node": "AU-N148"}, "package_id": "PKG51517", "payload": {"status": "CREATED"}, "sent_ts": 1758751517046, "arrival_ts": 1758751517046}
{"action": "send", "src": "AU-N148", "dst": "SA-N114", "hlc": {"phys": 1758751543800, "cnt": 0, "node": "AU-N148"}, "package_id": "PKG51517", "payload": {"status": "SENT"}, "sent_ts": 1758751517320, "arrival_ts": 1758751517320}
{"action": "send", "src": "AU-N148", "dst": "SA-N114", "hlc": {"phys": 1758751544156, "cnt": 0, "node": "AU-N148"}, "package_id": "PKG51517", "payload": {"status": "IN_TRANSIT"}, "sent_ts": 1758751517676, "arrival_ts": 1758751517676}
{"action": "send", "src": "AU-N148", "dst": "SA-N114", "hlc": {"phys": 1758751544413, "cnt": 0, "node": "AU-N148"}, "package_id": "PKG51517", "payload": {"status": "RECEIVED"}, "sent_ts": 1758751517933, "arrival_ts": 1758751517933}
{"action": "send", "src": "AU-N148", "dst": "SA-N114", "hlc": {"phys": 1758751544688, "cnt": 0, "node": "AU-N148"}, "package_id": "PKG51517", "payload": {"status": "DELIVERED"}, "sent_ts": 1758751518208, "arrival_ts": 1758751518208}
{"action": "send", "src": "AU-N148", "dst": "SA-N88", "hlc": {"phys": 1758753723335, "cnt": 0, "node": "AU-N148"}, "package_id": "PKG53696", "payload": {"status": "CREATED"}, "sent_ts": 1758753696855, "arrival_ts": 1758753696855}
{"action": "send", "src": "AU-N148", "dst": "SA-N88", "hlc": {"phys": 1758753723579, "cnt": 0, "node": "AU-N148"}, "package_id": "PKG53696", "payload": {"status": "SENT"}, "sent_ts": 1758753697099, "arrival_ts": 1758753697099}
{"action": "send", "src": "AU-N148", "dst": "SA-N88", "hlc": {"phys": 1758753723967, "cnt": 0, "node": "AU-N148"}, "package_id": "PKG53696", "payload": {"status": "IN_TRANSIT"}, "sent_ts": 1758753697487, "arrival_ts": 1758753697487}
{"action": "send", "src": "AU-N148", "dst": "SA-N88", "hlc": {"phys": 1758753724204, "cnt": 0, "node": "AU-N148"}, "package_id": "PKG53696", "payload": {"status": "RECEIVED"}, "sent_ts": 1758753697724, "arrival_ts": 1758753697724}
{"action": "send", "src": "AU-N148", "dst": "SA-N88", "hlc": {"phys": 1758753724591, "cnt": 0, "node": "AU-N148"}, "package_id": "PKG53696", "payload": {"status": "DELIVERED"}, "sent_ts": 1758753698111, "arrival_ts": 1758753698111}
{"action": "send", "src": "AU-N148", "dst": "AF-N184", "hlc": {"phys": 1758754601437, "cnt": 0, "node": "AU-N148"}, "package_id": "PKG54574", "payload": {"status": "CREATED"}, "sent_ts": 1758754574957, "arrival_ts": 1758754574957}
{"action": "send", "src": "AU-N148", "dst": "AF-N184", "hlc": {"phys": 1758754601809, "cnt": 0, "node": "AU-N148"}, "package_id": "PKG54574", "payload": {"status": "SENT"}, "sent_ts": 1758754575329, "arrival_ts": 1758754575329}
{"action": "send", "src": "AU-N148", "dst": "AF-N184", "hlc": {"phys": 1758754602232, "cnt": 0, "node": "AU-N148"}, "package_id": "PKG54574", "payload": {"status": "IN_TRANSIT"}, "sent_ts": 1758754575752, "arrival_ts": 1758754575752}
{"action": "send", "src": "AU-N148", "dst": "AF-N184", "hlc": {"phys": 1758754602474, "cnt": 0, "node": "AU-N148"}, "package_id": "PKG54574", "payload": {"status": "RECEIVED"}, "sent_ts": 1758754575994, "arrival_ts": 1758754575994}
{"action": "send", "src": "AU-N148", "dst": "AF-N184", "hlc": {"phys": 1758754602795, "cnt": 0, "node": "AU-N148"}, "package_id": "PKG54574", "payload": {"status": "DELIVERED"}, "sent_ts": 1758754576315, "arrival_ts": 1758754576315}
{"action": "send", "src": "AU-N148", "dst": "AU-N154", "hlc": {"phys": 1758755319407, "cnt": 0, "node": "AU-N148"}, "package_id": "PKG55292", "payload": {"status": "CREATED"}, "sent_ts": 1758755292927, "arrival_ts": 1758755292927}
{"action": "send", "src": "AU-N148", "dst": "AU-N154", "hlc": {"phys": 1758755319785, "cnt": 0, "node": "AU-N148"}, "package_id": "PKG55292", "payload": {"status": "SENT"}, "sent_ts": 1758755293305, "arrival_ts": 1758755293305}
{"action": "send", "src": "AU-N148", "dst": "AU-N154", "hlc": {"phys": 1758755320196, "cnt": 0, "node": "AU-N148"}, "package_id": "PKG55292", "payload": {"status": "IN_TRANSIT"}, "sent_ts": 1758755293716, "arrival_ts": 1758755293716}
{"action": "send", "src": "AU-N148", "dst": "AU-N154", "hlc": {"phys": 1758755320561, "cnt": 0, "node": "AU-N148"}, "package_id": "PKG55292", "payload": {"status": "RECEIVED"}, "sent_ts": 1758755294081, "arrival_ts": 1758755294081}
{"action": "send", "src": "AU-N148", "dst": "AU-N154", "hlc": {"phys": 1758755320945, "cnt": 0, "node": "AU-N148"}, "package_id": "PKG55292", "payload": {"status": "DELIVERED"}, "sent_ts": 1758755294465, "arrival_ts": 1758755294465}
{"action": "send", "src": "AU-N148", "dst": "AN-N127", "hlc": {"phys": 1758757554334, "cnt": 0, "node": "AU-N148"}, "package_id": "PKG57527", "payload": {"status": "CREATED"}, "sent_ts": 1758757527854, "arrival_ts": 1758757527854}
{"action": "send", "src": "AU-N148", "dst": "AN-N127", "hlc": {"phys": 1758757554681, "cnt": 0, "node": "AU-N148"}, "package_id": "PKG57527", "payload": {"status": "SENT"}, "sent_ts": 1758757528201, "arrival_ts": 1758757528201}
{"action": "send", "src": "AU-N148", "dst": "AN-N127", "hlc": {"phys": 1758757555032, "cnt": 0, "node": "AU-N148"}, "package_id": "PKG57527", "payload": {"status": "IN_TRANSIT"}, "sent_ts": 1758757528552, "arrival_ts": 1758757528552}
{"action": "send", "src": "AU-N148", "dst": "AN-N127", "hlc": {"phys": 1758757555259, "cnt": 0, "node": "AU-N148"}, "package_id": "PKG57527", "payload": {"status": "RECEIVED"}, "sent_ts": 1758757528779, "arrival_ts": 1758757528779}
{"action": "send", "src": "AU-N148", "dst": "AN-N127", "hlc": {"phys": 1758757555616, "cnt": 0, "node": "AU-N148"}, "package_id": "PKG57527", "payload": {"status": "DELIVERED"}, "sent_ts": 1758757529136, "arrival_ts": 1758757529136}
{"action": "send", "src": "AU-N148", "dst": "AS-N76", "hlc": {"phys": 1758760202336, "cnt": 0, "node": "AU-N148"}, "package_id": "PKG60175", "payload": {"status": "CREATED"}, "sent_ts": 1758760175856, "arrival_ts": 1758760175856}
{"action": "send", "src": "AU-N148", "dst": "AS-N76", "hlc": {"phys": 1758760202646, "cnt": 0, "node": "AU-N148"}, "package_id": "PKG60175", "payload": {"status": "SENT"}, "sent_ts": 1758760176166, "arrival_ts": 1758760176166}
{"action": "send", "src": "AU-N148", "dst": "AS-N76", "hlc": {"phys": 1758760202933, "cnt": 0, "node": "AU-N148"}, "package_id": "PKG60175", "payload": {"status": "IN_TRANSIT"}, "sent_ts": 1758760176453, "arrival_ts": 1758760176453}
{"action": "send", "src": "AU-N148", "dst": "AS-N76", "hlc": {"phys": 1758760203266, "cnt": 0, "node": "AU-N148"}, "package_id": "PKG60175", "payload": {"status": "RECEIVED"}, "sent_ts": 1758760176786, "arrival_ts": 1758760176786}
{"action": "send", "src": "AU-N148", "dst": "AS-N76", "hlc": {"phys": 1758760203516, "cnt": 0, "node": "AU-N148"}, "package_id": "PKG60175", "payload": {"status": "DELIVERED"}, "sent_ts": 1758760177036, "arrival_ts": 1758760177036}
{"action": "recv", "src": "NA-N78", "dst": "AU-N148", "hlc": {"phys": 1758761242495, "cnt": 0, "node": "NA-N78"}, "package_id": "PKG61241", "payload": {"status": "CREATED"}, "sent_ts": 1758761241715, "arrival_ts": 1758761241730}
{"action": "recv", "src": "NA-N78", "dst": "AU-N148", "hlc": {"phys": 1758761242704, "cnt": 0, "node": "NA-N78"}, "package_id": "PKG61241", "payload": {"status": "SENT"}, "sent_ts": 1758761241924, "arrival_ts": 1758761242032}
{"action": "recv", "src": "NA-N78", "dst": "AU-N148", "hlc": {"phys": 1758761245423, "cnt": 0, "node": "NA-N78"}, "package_id": "PKG61241", "payload": {"status": "IN_TRANSIT"}, "sent_ts": 1758761244643, "arrival_ts": 1758761244809}
{"action": "recv", "src": "NA-N78", "dst": "AU-N148", "hlc": {"phys": 1758761245786, "cnt": 0, "node": "NA-N78"}, "package_id": "PKG61241", "payload": {"status": "RECEIVED"}, "sent_ts": 1758761245006, "arrival_ts": 1758761245159}
{"action": "recv", "src": "NA-N78", "dst": "AU-N148", "hlc": {"phys": 1758761246152, "cnt": 0, "node": "NA-N78"}, "package_id": "PKG61241", "payload": {"status": "DELIVERED"}, "sent_ts": 1758761245372, "arrival_ts": 1758761245433}
{"action": "recv", "src": "AS-N197", "dst": "AU-N148", "hlc": {"phys": 1758763335289, "cnt": 0, "node": "AS-N197"}, "package_id": "PKG63323", "payload": {"status": "CREATED"}, "sent_ts": 1758763323319, "arrival_ts": 1758763323418}
{"action": "recv", "src": "AS-N197", "dst": "AU-N148", "hlc": {"phys": 1758763335584, "cnt": 0, "node": "AS-N197"}, "package_id": "PKG63323", "payload": {"status": "SENT"}, "sent_ts": 1758763323614, "arrival_ts": 1758763323637}
{"action": "recv", "src": "AS-N197", "dst": "AU-N148", "hlc": {"phys": 1758763335813, "cnt": 0, "node": "AS-N197"}, "package_id": "PKG63323", "payload": {"status": "IN_TRANSIT"}, "sent_ts": 1758763323843, "arrival_ts": 1758763323883}
{"action": "recv", "src": "AS-N197", "dst": "AU-N148", "hlc": {"phys": 1758763336049, "cnt": 0, "node": "AS-N197"}, "package_id": "PKG63323", "payload": {"status": "RECEIVED"}, "sent_ts": 1758763324079, "arrival_ts": 1758763324113}
{"action": "recv", "src": "AS-N197", "dst": "AU-N148", "hlc": {"phys": 1758763336298, "cnt": 0, "node": "AS-N197"}, "package_id": "PKG63323", "payload": {"status": "DELIVERED"}, "sent_ts": 1758763324328, "arrival_ts": 1758763324376}
{"action": "recv", "src": "AF-N157", "dst": "AU-N148", "hlc": {"phys": 1758803546329, "cnt": 0, "node": "AF-N157"}, "package_id": "PKG3529", "payload": {"status": "CREATED"}, "sent_ts": 1758803529759, "arrival_ts": 1758803529817}
{"action": "recv", "src": "AF-N157", "dst": "AU-N148", "hlc": {"phys": 1758803546594, "cnt": 0, "node": "AF-N157"}, "package_id": "PKG3529", "payload": {"status": "SENT"}, "sent_ts": 1758803530024, "arrival_ts": 1758803530209}
{"action": "recv", "src": "AF-N157", "dst": "AU-N148", "hlc": {"phys": 1758803546981, "cnt": 0, "node": "AF-N157"}, "package_id": "PKG3529", "payload": {"status": "IN_TRANSIT"}, "sent_ts": 1758803530411, "arrival_ts": 1758803530489}
{"action": "recv", "src": "AF-N157", "dst": "AU-N148", "hlc": {"phys": 1758803547260, "cnt": 0, "node": "AF-N157"}, "package_id": "PKG3529", "payload": {"status": "RECEIVED"}, "sent_ts": 1758803530690, "arrival_ts": 1758803530892}
{"action": "recv", "src": "AF-N157", "dst": "AU-N148", "hlc": {"phys": 1758803547664, "cnt": 0, "node": "AF-N157"}, "package_id": "PKG3529", "payload": {"status": "DELIVERED"}, "sent_ts": 1758803531094, "arrival_ts": 1758803531140}
{"action": "send", "src": "AU-N148", "dst": "AF-N32", "hlc": {"phys": 1758804782774, "cnt": 0, "node": "AU-N148"}, "package_id": "PKG4756", "payload": {"status": "CREATED"}, "sent_ts": 1758804756293, "arrival_ts": 1758804756294}
{"action": "send", "src": "AU-N148", "dst": "AF-N32", "hlc": {"phys": 1758804783156, "cnt": 0, "node": "AU-N148"}, "package_id": "PKG4756", "payload": {"status": "SENT"}, "sent_ts": 1758804756676, "arrival_ts": 1758804756676}
{"action": "send", "src": "AU-N148", "dst": "AF-N32", "hlc": {"phys": 1758804783442, "cnt": 0, "node": "AU-N148"}, "package_id": "PKG4756", "payload": {"status": "IN_TRANSIT"}, "sent_ts": 1758804756962, "arrival_ts": 1758804756962}
{"action": "send", "src": "AU-N148", "dst": "AF-N32", "hlc": {"phys": 1758804783840, "cnt": 0, "node": "AU-N148"}, "package_id": "PKG4756", "payload": {"status": "RECEIVED"}, "sent_ts": 1758804757360, "arrival_ts": 1758804757360}
{"action": "send", "src": "AU-N148", "dst": "AF-N32", "hlc": {"phys": 1758804784110, "cnt": 0, "node": "AU-N148"}, "package_id": "PKG4756", "payload": {"status": "DELIVERED"}, "sent_ts": 1758804757630, "arrival_ts": 1758804757630}
