{"action": "send", "src": "AU-N8", "dst": "NA-N23", "hlc": {"phys": 1758717635413, "cnt": 0, "node": "AU-N8"}, "package_id": "PKG17610", "payload": {"status": "CREATED"}, "sent_ts": 1758717610333, "arrival_ts": 1758717610333}
{"action": "send", "src": "AU-N8", "dst": "NA-N23", "hlc": {"phys": 1758717635639, "cnt": 0, "node": "AU-N8"}, "package_id": "PKG17610", "payload": {"status": "SENT"}, "sent_ts": 1758717610559, "arrival_ts": 1758717610559}
{"action": "send", "src": "AU-N8", "dst": "NA-N23", "hlc": {"phys": 1758717636011, "cnt": 0, "node": "AU-N8"}, "package_id": "PKG17610", "payload": {"status": "IN_TRANSIT"}, "sent_ts": 1758717610931, "arrival_ts": 1758717610931}
{"action": "send", "src": "AU-N8", "dst": "NA-N23", "hlc": {"phys": 1758717636423, "cnt": 0, "node": "AU-N8"}, "package_id": "PKG17610", "payload": {"status": "RECEIVED"}, "sent_ts": 1758717611343, "arrival_ts": 1758717611343}
{"action": "send", "src": "AU-N8", "dst": "NA-N23", "hlc": {"phys": 1758717636823, "cnt": 0, "node": "AU-N8"}, "package_id": "PKG17610", "payload": {"status": "DELIVERED"}, "sent_ts": 1758717611743, "arrival_ts": 1758717611743}
{"action": "recv", "src": "AU-N134", "dst": "AU-N8", "hlc": {"phys": 1758718214586, "cnt": 0, "node": "AU-N134"}, "package_id": "PKG18188", "payload": {"status": "CREATED"}, "sent_ts": 1758718188246, "arrival_ts": 1758718188411}
{"action": "recv", "src": "AU-N134", "dst": "AU-N8", "hlc": {"phys": 1758718214961, "cnt": 0, "node": "AU-N134"}, "package_id": "PKG18188", "payload": {"status": "SENT"}, "sent_ts": 1758718188621, "arrival_ts": 1758718188775}
{"action": "recv", "src": "AU-N134", "dst": "AU-N8", "hlc": {"phys": 1758718215314, "cnt": 0, "node": "AU-N134"}, "package_id": "PKG18188", "payload": {"status": "IN_TRANSIT"}, "sent_ts": 1758718188974, "arrival_ts": 1758718189125}
{"action": "recv", "src": "AU-N134", "dst": "AU-N8", "hlc": {"phys": 1758718215675, "cnt": 0, "node": "AU-N134"}, "package_id": "PKG18188", "payload": {"status": "RECEIVED"}, "sent_ts": 1758718189335, "arrival_ts": 1758718189374}
{"action": "recv", "src": "AU-N134", "dst": "AU-N8", "hlc": {"phys": 1758718215923, "cnt": 0, "node": "AU-N134"}, "package_id": "PKG18188", "payload": {"status": "DELIVERED"}, "sent_ts": 1758718189583, "arrival_ts": 1758718189661}
{"action": "recv", "src": "SA-N30", "dst": "AU-N8", "hlc": {"phys": 1758738417753, "cnt": 0, "node": "SA-N30"}, "package_id": "PKG38397", "payload": {"status": "CREATED"}, "sent_ts": 1758738397453, "arrival_ts": 1758738397585}
{"action": "recv", "src": "SA-N30", "dst": "AU-N8", "hlc": {"phys": 1758738418130, "cnt": 0, "node": "SA-N30"}, "package_id": "PKG38397", "payload": {"status": "SENT"}, "sent_ts": 1758738397830, "arrival_ts": 1758738397942}
{"action": "recv", "src": "SA-N30", "dst": "AU-N8", "hlc": {"phys": 1758738418454, "cnt": 0, "node": "SA-N30"}, "package_id": "PKG38397", "payload": {"status": "IN_TRANSIT"}, "sent_ts": 1758738398154, "arrival_ts": 1758738398182}
{"action": "recv", "src": "SA-N30", "dst": "AU-N8", "hlc": {"phys": 1758738418689, "cnt": 0, "node": "SA-N30"}, "package_id": "PKG38397", "payload": {"status": "RECEIVED"}, "sent_ts": 1758738398389, "arrival_ts": 1758738398524}
{"action": "recv", "src": "SA-N30", "dst": "AU-N8", "hlc": {"phys": 1758738419031, "cnt": 0, "node": "SA-N30"}, "package_id": "PKG38397", "payload": {"status": "DELIVERED"}, "sent_ts": 1758738398731, "arrival_ts": 1758738398774}
{"action": "recv", "src": "SA-N11", "dst": "AU-N8", "hlc": {"phys": 1758741342584, "cnt": 0, "node": "SA-N11"}, "package_id": "PKG41322", "payload": {"status": "CREATED"}, "sent_ts": 1758741322474, "arrival_ts": 1758741322495}
{"action": "recv", "src": "SA-N11", "dst": "AU-N8", "hlc": {"phys": 1758741342817, "cnt": 0, "node": "SA-N11"}, "package_id": "PKG41322", "payload": {"status": "SENT"}, "sent_ts": 1758741322707, "arrival_ts": 1758741322893}
{"action": "recv", "src": "SA-N11", "dst": "AU-N8", "hlc": {"phys": 1758741343219, "cnt": 0, "node": "SA-N11"}, "package_id": "PKG41322", "payload": {"status": "IN_TRANSIT"}, "sent_ts": 1758741323109, "arrival_ts": 1758741323269}
{"action": "recv", "src": "SA-N11", "dst": "AU-N8", "hlc": {"phys": 1758741343580, "cnt": 0, "node": "SA-N11"}, "package_id": "PKG41322", "payload": {"status": "RECEIVED"}, "sent_ts": 1758741323470, "arrival_ts": 1758741323558}
{"action": "recv", "src": "SA-N11", "dst": "AU-N8", "hlc": {"phys": 1758741343872, "cnt": 0, "node": "SA-N11"}, "package_id": "PKG41322", "payload": {"status": "DELIVERED"}, "sent_ts": 1758741323762, "arrival_ts": 1758741323841}
{"action": "recv", "src": "AS-N143", "dst": "AU-N8", "hlc": {"phys": 1758743404552, "cnt": 0, "node": "AS-N143"}, "package_id": "PKG43393", "payload": {"status": "CREATED"}, "sent_ts": 1758743393122, "arrival_ts": 1758743393202}
{"action": "recv", "src": "AS-N143", "dst": "AU-N8", "hlc": {"phys": 1758743404847, "cnt": 0, "node": "AS-N143"}, "package_id": "PKG43393", "payload": {"status": "SENT"}, "sent_ts": 1758743393417, "arrival_ts": 1758743393514}
{"action": "recv", "src": "AS-N143", "dst": "AU-N8", "hlc": {"phys": 1758743405156, "cnt": 0, "node": "AS-N143"}, "package_id": "PKG43393", "payload": {"status": "IN_TRANSIT"}, "sent_ts": 1758743393726, "arrival_ts": 1758743393862}
{"action": "recv", "src": "AS-N143", "dst": "AU-N8", "hlc": {"phys": 1758743405496, "cnt": 0, "node": "AS-N143"}, "package_id": "PKG43393", "payload": {"status": "RECEIVED"}, "sent_ts": 1758743394066, "arrival_ts": 1758743394228}
{"action": "recv", "src": "AS-N143", "dst": "AU-N8", "hlc": {"phys": 1758743405851, "cnt": 0, "node": "AS-N143"}, "package_id": "PKG43393", "payload": {"status": "DELIVERED"}, "sent_ts": 1758743394421, "arrival_ts": 1758743394475}
{"action": "recv", "src": "NA-N134", "dst": "AU-N8", "hlc": {"phys": 1758744334359, "cnt": 0, "node": "NA-N134"}, "package_id": "PKG44333", "payload": {"status": "CREATED"}, "sent_ts": 1758744333019, "arrival_ts": 1758744333187}
{"action": "recv", "src": "NA-N134", "dst": "AU-N8", "hlc": {"phys": 1758744334731, "cnt": 0, "node": "NA-N134"}, "package_id": "PKG44333", "payload": {"status": "SENT"}, "sent_ts": 1758744333391, "arrival_ts": 1758744333432}
{"action": "recv", "src": "NA-N134", "dst": "AU-N8", "hlc": {"phys": 1758744334963, "cnt": 0, "node": "NA-N134"}, "package_id": "PKG44333", "payload": {"status": "IN_TRANSIT"}, "sent_ts": 1758744333623, "arrival_ts": 1758744333663}
{"action": "recv", "src": "NA-N134", "dst": "AU-N8", "hlc": {"phys": 1758744335208, "cnt": 0, "node": "NA-N134"}, "package_id": "PKG44333", "payload": {"status": "RECEIVED"}, "sent_ts": 1758744333868, "arrival_ts": 1758744333985}
{"action": "recv", "src": "NA-N134", "dst": "AU-N8", "hlc": {"phys": 1758744335547, "cnt": 0, "node": "NA-N134"}, "package_id": "PKG44333", "payload": {"status": "DELIVERED"}, "sent_ts": 1758744334207, "arrival_ts": 1758744334323}
{"action": "send", "src": "AU-N8", "dst": "AF-N12", "hlc": {"phys": 1758744365774, "cnt": 0, "node": "AU-N8"}, "package_id": "PKG44340", "payload": {"status": "CREATED"}, "sent_ts": 1758744340694, "arrival_ts": 1758744340694}
{"action": "send", "src": "AU-N8", "dst": "AF-N12", "hlc": {"phys": 1758744366017, "cnt": 0, "node": "AU-N8"}, "package_id": "PKG44340", "payload": {"status": "SENT"}, "sent_ts": 1758744340937, "arrival_ts": 1758744340937}
{"action": "send", "src": "AU-N8", "dst": "AF-N12", "hlc": {"phys": 1758744366420, "cnt": 0, "node": "AU-N8"}, "package_id": "PKG44340", "payload": {"status": "IN_TRANSIT"}, "sent_ts": 1758744341340, "arrival_ts": 1758744341340}
{"action": "send", "src": "AU-N8", "dst": "AF-N12", "hlc": {"phys": 1758744366730, "cnt": 0, "node": "AU-N8"}, "package_id": "PKG44340", "payload": {"status": "RECEIVED"}, "sent_ts": 1758744341650, "arrival_ts": 1758744341650}
{"action": "send", "src": "AU-N8", "dst": "AF-N12", "hlc": {"phys": 1758744366946, "cnt": 0, "node": "AU-N8"}, "package_id": "PKG44340", "payload": {"status": "DELIVERED"}, "sent_ts": 1758744341866, "arrival_ts": 1758744341866}
{"action": "send", "src": "AU-N8", "dst": "SA-N26", "hlc": {"phys": 1758745652267, "cnt": 0, "node": "AU-N8"}, "package_id": "PKG45627", "payload": {"status": "CREATED"}, "sent_ts": 1758745627187, "arrival_ts": 1758745627187}
{"action": "send", "src": "AU-N8", "dst": "SA-N26", "hlc": {"phys": 1758745652486, "cnt": 0, "node": "AU-N8"}, "package_id": "PKG45627", "payload": {"status": "SENT"}, "sent_ts": 1758745627406, "arrival_ts": 1758745627406}
{"action": "send", "src": "AU-N8", "dst": "SA-N26", "hlc": {"phys": 1758745652691, "cnt": 0, "node": "AU-N8"}, "package_id": "PKG45627", "payload": {"status": "IN_TRANSIT"}, "sent_ts": 1758745627611, "arrival_ts": 1758745627611}
{"action": "send", "src": "AU-N8", "dst": "SA-N26", "hlc": {"phys": 1758745653079, "cnt": 0, "node": "AU-N8"}, "package_id": "PKG45627", "payload": {"status": "RECEIVED"}, "sent_ts": 1758745627999, "arrival_ts": 1758745627999}
{"action": "send", "src": "AU-N8", "dst": "SA-N26", "hlc": {"phys": 1758745653346, "cnt": 0, "node": "AU-N8"}, "package_id": "PKG45627", "payload": {"status": "DELIVERED"}, "sent_ts": 1758745628266, "arrival_ts": 1758745628266}
{"action": "recv", "src": "EU-N83", "dst": "AU-N8", "hlc": {"phys": 1758745801344, "cnt": 0, "node": "EU-N83"}, "package_id": "PKG45795", "payload": {"status": "CREATED"}, "sent_ts": 1758745795514, "arrival_ts": 1758745795630}
{"action": "recv", "src": "EU-N83", "dst": "AU-N8", "hlc": {"phys": 1758745801666, "cnt": 0, "node": "EU-N83"}, "package_id": "PKG45795", "payload": {"status": "SENT"}, "sent_ts": 1758745795836, "arrival_ts": 1758745795937}
{"action": "recv", "src": "EU-N83", "dst": "AU-N8", "hlc": {"phys": 1758745801977, "cnt": 0, "node": "EU-N83"}, "package_id": "PKG45795", "payload": {"status": "IN_TRANSIT"}, "sent_ts": 1758745796147, "arrival_ts": 1758745796331}
{"action": "recv", "src": "EU-N83", "dst": "AU-N8", "hlc": {"phys": 1758745802359, "cnt": 0, "node": "EU-N83"}, "package_id": "PKG45795", "payload": {"status": "RECEIVED"}, "sent_ts": 1758745796529, "arrival_ts": 1758745796720}
{"action": "recv", "src": "EU-N83", "dst": "AU-N8", "hlc": {"phys": 1758745802762, "cnt": 0, "node": "EU-N83"}, "package_id": "PKG45795", "payload": {"status": "DELIVERED"}, "sent_ts": 1758745796932, "arrival_ts": 1758745797046}
{"action": "recv", "src": "AS-N1", "dst": "AU-N8", "hlc": {"phys": 1758748536579, "cnt": 0, "node": "AS-N1"}, "package_id": "PKG48526", "payload": {"status": "CREATED"}, "sent_ts": 1758748526569, "arrival_ts": 1758748526717}
{"action": "recv", "src": "AS-N1", "dst": "AU-N8", "hlc": {"phys": 1758748536950, "cnt": 0, "node": "AS-N1"}, "package_id": "PKG48526", "payload": {"status": "SENT"}, "sent_ts": 1758748526940, "arrival_ts": 1758748527053}
{"action": "recv", "src": "AS-N1", "dst": "AU-N8", "hlc": {"phys": 1758748537269, "cnt": 0, "node": "AS-N1"}, "package_id": "PKG48526", "payload": {"status": "IN_TRANSIT"}, "sent_ts": 1758748527259, "arrival_ts": 1758748527365}
{"action": "recv", "src": "AS-N1", "dst": "AU-N8", "hlc": {"phys": 1758748537584, "cnt": 0, "node": "AS-N1"}, "package_id": "PKG48526", "payload": {"status": "RECEIVED"}, "sent_ts": 1758748527574, "arrival_ts": 1758748527673}
{"action": "recv", "src": "AS-N1", "dst": "AU-N8", "hlc": {"phys": 1758748537884, "cnt": 0, "node": "AS-N1"}, "package_id": "PKG48526", "payload": {"status": "DELIVERED"}, "sent_ts": 1758748527874, "arrival_ts": 1758748527924}
{"action": "send", "src": "AU-N8", "dst": "SA-N147", "hlc": {"phys": 1758750202439, "cnt": 0, "node": "AU-N8"}, "package_id": "PKG50177", "payload": {"status": "CREATED"}, "sent_ts": 1758750177359, "arrival_ts": 1758750177359}
{"action": "send", "src": "AU-N8", "dst": "SA-N147", "hlc": {"phys": 1758750202842, "cnt": 0, "node": "AU-N8"}, "package_id": "PKG50177", "payload": {"status": "SENT"}, "sent_ts": 1758750177762, "arrival_ts": 1758750177762}
{"action": "send", "src": "AU-N8", "dst": "SA-N147", "hlc": {"phys": 1758750203182, "cnt": 0, "node": "AU-N8"}, "package_id": "PKG50177", "payload": {"status": "IN_TRANSIT"}, "sent_ts": 1758750178102, "arrival_ts": 1758750178102}
{"action": "send", "src": "AU-N8", "dst": "SA-N147", "hlc": {"phys": 1758750203537, "cnt": 0, "node": "AU-N8"}, "package_id": "PKG50177", "payload": {"status": "RECEIVED"}, "sent_ts": 1758750178457, "arrival_ts": 1758750178457}
{"action": "send", "src": "AU-N8", "dst": "SA-N147", "hlc": {"phys": 1758750203893, "cnt": 0, "node": "AU-N8"}, "package_id": "PKG50177", "payload": {"status": "DELIVERED"}, "sent_ts": 1758750178813, "arrival_ts": 1758750178813}
{"action": "send", "src": "AU-N8", "dst": "AN-N188", "hlc": {"phys": 1758750369275, "cnt": 0, "node": "AU-N8"}, "package_id": "PKG50344", "payload": {"status": "CREATED"}, "sent_ts": 1758750344195, "arrival_ts": 1758750344195}
{"action": "send", "src": "AU-N8", "dst": "AN-N188", "hlc": {"phys": 1758750369681, "cnt": 0, "node": "AU-N8"}, "package_id": "PKG50344", "payload": {"status": "SENT"}, "sent_ts": 1758750344601, "arrival_ts": 1758750344601}
{"action": "send", "src": "AU-N8", "dst": "AN-N188", "hlc": {"phys": 1758750369903, "cnt": 0, "node": "AU-N8"}, "package_id": "PKG50344", "payload": {"status": "IN_TRANSIT"}, "sent_ts": 1758750344823, "arrival_ts": 1758750344823}
{"action": "send", "src": "AU-N8", "dst": "AN-N188", "hlc": {"phys": 1758750370273, "cnt": 0, "node": "AU-N8"}, "package_id": "PKG50344", "payload": {"status": "RECEIVED"}, "sent_ts": 1758750345193, "arrival_ts": 1758750345193}
{"action": "send", "src": "AU-N8", "dst": "AN-N188", "hlc": {"phys": 1758750370525, "cnt": 0, "node": "AU-N8"}, "package_id": "PKG50344", "payload": {"status": "DELIVERED"}, "sent_ts": 1758750345445, "arrival_ts": 1758750345445}
{"action": "send", "src": "AU-N8", "dst": "AF-N8", "hlc": {"phys": 1758751408091, "cnt": 0, "node": "AU-N8"}, "package_id": "PKG51383", "payload": {"status": "CREATED"}, "sent_ts": 1758751383011, "arrival_ts": 1758751383011}
{"action": "send", "src": "AU-N8", "dst": "AF-N8", "hlc": {"phys": 1758751408353, "cnt": 0, "node": "AU-N8"}, "package_id": "PKG51383", "payload": {"status": "SENT"}, "sent_ts": 1758751383273, "arrival_ts": 1758751383273}
{"action": "send", "src": "AU-N8", "dst": "AF-N8", "hlc": {"phys": 1758751408646, "cnt": 0, "node": "AU-N8"}, "package_id": "PKG51383", "payload": {"status": "IN_TRANSIT"}, "sent_ts": 1758751383566, "arrival_ts": 1758751383566}
{"action": "send", "src": "AU-N8", "dst": "AF-N8", "hlc": {"phys": 1758751408975, "cnt": 0, "node": "AU-N8"}, "package_id": "PKG51383", "payload": {"status": "RECEIVED"}, "sent_ts": 1758751383895, "arrival_ts": 1758751383895}
{"action": "send", "src": "AU-N8", "dst": "AF-N8", "hlc": {"phys": 1758751409318, "cnt": 0, "node": "AU-N8"}, "package_id": "PKG51383", "payload": {"status": "DELIVERED"}, "sent_ts": 1758751384238, "arrival_ts": 1758751384238}
{"action": "recv", "src": "AS-N182", "dst": "AU-N8", "hlc": {"phys": 1758754000261, "cnt": 0, "node": "AS-N182"}, "package_id": "PKG53988", "payload": {"status": "CREATED"}, "sent_ts": 1758753988441, "arrival_ts": 1758753988472}
{"action": "recv", "src": "AS-N182", "dst": "AU-N8", "hlc": {"phys": 1758754000507, "cnt": 0, "node": "AS-N182"}, "package_id": "PKG53988", "payload": {"status": "SENT"}, "sent_ts": 1758753988687, "arrival_ts": 1758753988811}
{"action": "recv", "src": "AS-N182", "dst": "AU-N8", "hlc": {"phys": 1758754000851, "cnt": 0, "node": "AS-N182"}, "package_id": "PKG53988", "payload": {"status": "IN_TRANSIT"}, "sent_ts": 1758753989031, "arrival_ts": 1758753989231}
{"action": "recv", "src": "AS-N182", "dst": "AU-N8", "hlc": {"phys": 1758754001266, "cnt": 0, "node": "AS-N182"}, "package_id": "PKG53988", "payload": {"status": "RECEIVED"}, "sent_ts": 1758753989446, "arrival_ts": 1758753989592}
{"action": "recv", "src": "AS-N182", "dst": "AU-N8", "hlc": {"phys": 1758754001633, "cnt": 0, "node": "AS-N182"}, "package_id": "PKG53988", "payload": {"status": "DELIVERED"}, "sent_ts": 1758753989813, "arrival_ts": 1758753989825}
{"action": "send", "src": "AU-N8", "dst": "NA-N187", "hlc": {"phys": 1758754291492, "cnt": 0, "node": "AU-N8"}, "package_id": "PKG54266", "payload": {"status": "CREATED"}, "sent_ts": 1758754266412, "arrival_ts": 1758754266412}
{"action": "send", "src": "AU-N8", "dst": "NA-N187", "hlc": {"phys": 1758754291753, "cnt": 0, "node": "AU-N8"}, "package_id": "PKG54266", "payload": {"status": "SENT"}, "sent_ts": 1758754266673, "arrival_ts": 1758754266673}
{"action": "send", "src": "AU-N8", "dst": "NA-N187", "hlc": {"phys": 1758754292073, "cnt": 0, "node": "AU-N8"}, "package_id": "PKG54266", "payload": {"status": "IN_TRANSIT"}, "sent_ts": 1758754266993, "arrival_ts": 1758754266993}
{"action": "send", "src": "AU-N8", "dst": "NA-N187", "hlc": {"phys": 1758754292407, "cnt": 0, "node": "AU-N8"}, "package_id": "PKG54266", "payload": {"status": "RECEIVED"}, "sent_ts": 1758754267327, "arrival_ts": 1758754267327}
{"action": "send", "src": "AU-N8", "dst": "NA-N187", "hlc": {"phys": 1758754292731, "cnt": 0, "node": "AU-N8"}, "package_id": "PKG54266", "payload": {"status": "DELIVERED"}, "sent_ts": 1758754267651, "arrival_ts": 1758754267651}
{"action": "recv", "src": "AF-N145", "dst": "AU-N8", "hlc": {"phys": 1758754311520, "cnt": 0, "node": "AF-N145"}, "package_id": "PKG54295", "payload": {"status": "CREATED"}, "sent_ts": 1758754295070, "arrival_ts": 1758754295108}
{"action": "recv", "src": "AF-N145", "dst": "AU-N8", "hlc": {"phys": 1758754311779, "cnt": 0, "node": "AF-N145"}, "package_id": "PKG54295", "payload": {"status": "SENT"}, "sent_ts": 1758754295329, "arrival_ts": 1758754295460}
{"action": "recv", "src": "AF-N145", "dst": "AU-N8", "hlc": {"phys": 1758754312115, "cnt": 0, "node": "AF-N145"}, "package_id": "PKG54295", "payload": {"status": "IN_TRANSIT"}, "sent_ts": 1758754295665, "arrival_ts": 1758754295827}
{"action": "recv", "src": "AF-N145", "dst": "AU-N8", "hlc": {"phys": 1758754312499, "cnt": 0, "node": "AF-N145"}, "package_id": "PKG54295", "payload": {"status": "RECEIVED"}, "sent_ts": 1758754296049, "arrival_ts": 1758754296063}
{"action": "recv", "src": "AF-N145", "dst": "AU-N8", "hlc": {"phys": 1758754312734, "cnt": 0, "node": "AF-N145"}, "package_id": "PKG54295", "payload": {"status": "DELIVERED"}, "sent_ts": 1758754296284, "arrival_ts": 1758754296469}
{"action": "recv", "src": "AU-N85", "dst": "AU-N8", "hlc": {"phys": 1758755321699, "cnt": 0, "node": "AU-N85"}, "package_id": "PKG55295", "payload": {"status": "CREATED"}, "sent_ts": 1758755295849, "arrival_ts": 1758755295968}
{"action": "recv", "src": "AU-N85", "dst": "AU-N8", "hlc": {"phys": 1758755322039, "cnt": 0, "node": "AU-N85"}, "package_id": "PKG55295", "payload": {"status": "SENT"}, "sent_ts": 1758755296189, "arrival_ts": 1758755296204}
{"action": "recv", "src": "AU-N85", "dst": "AU-N8", "hlc": {"phys": 1758755322264, "cnt": 0, "node": "AU-N85"}, "package_id": "PKG55295", "payload": {"status": "IN_TRANSIT"}, "sent_ts": 1758755296414, "arrival_ts": 1758755296561}
{"action": "recv", "src": "AU-N85", "dst": "AU-N8", "hlc": {"phys": 1758755322629, "cnt": 0, "node": "AU-N85"}, "package_id": "PKG55295", "payload": {"status": "RECEIVED"}, "sent_ts": 1758755296779, "arrival_ts": 1758755296947}
{"action": "recv", "src": "AU-N85", "dst": "AU-N8", "hlc": {"phys": 1758755322979, "cnt": 0, "node": "AU-N85"}, "package_id": "PKG55295", "payload": {"status": "DELIVERED"}, "sent_ts": 1758755297129, "arrival_ts": 1758755297265}
{"action": "recv", "src": "AS-N5", "dst": "AU-N8", "hlc": {"phys": 1758756554784, "cnt": 0, "node": "AS-N5"}, "package_id": "PKG56544", "payload": {"status": "CREATED"}, "sent_ts": 1758756544734, "arrival_ts": 1758756544761}
{"action": "recv", "src": "AS-N5", "dst": "AU-N8", "hlc": {"phys": 1758756554989, "cnt": 0, "node": "AS-N5"}, "package_id": "PKG56544", "payload": {"status": "SENT"}, "sent_ts": 1758756544939, "arrival_ts": 1758756545134}
{"action": "recv", "src": "AS-N5", "dst": "AU-N8", "hlc": {"phys": 1758756555396, "cnt": 0, "node": "AS-N5"}, "package_id": "PKG56544", "payload": {"status": "IN_TRANSIT"}, "sent_ts": 1758756545345, "arrival_ts": 1758756545407}
{"action": "recv", "src": "AS-N5", "dst": "AU-N8", "hlc": {"phys": 1758756555676, "cnt": 0, "node": "AS-N5"}, "package_id": "PKG56544", "payload": {"status": "RECEIVED"}, "sent_ts": 1758756545626, "arrival_ts": 1758756545708}
{"action": "recv", "src": "AS-N5", "dst": "AU-N8", "hlc": {"phys": 1758756555979, "cnt": 0, "node": "AS-N5"}, "package_id": "PKG56544", "payload": {"status": "DELIVERED"}, "sent_ts": 1758756545929, "arrival_ts": 1758756546030}
{"action": "send", "src": "AU-N8", "dst": "SA-N127", "hlc": {"phys": 1758756639339, "cnt": 0, "node": "AU-N8"}, "package_id": "PKG56614", "payload": {"status": "CREATED"}, "sent_ts": 1758756614259, "arrival_ts": 1758756614259}
{"action": "send", "src": "AU-N8", "dst": "SA-N127", "hlc": {"phys": 1758756639560, "cnt": 0, "node": "AU-N8"}, "package_id": "PKG56614", "payload": {"status": "SENT"}, "sent_ts": 1758756614480, "arrival_ts": 1758756614480}
{"action": "send", "src": "AU-N8", "dst": "SA-N127", "hlc": {"phys": 1758756639821, "cnt": 0, "node": "AU-N8"}, "package_id": "PKG56614", "payload": {"status": "IN_TRANSIT"}, "sent_ts": 1758756614741, "arrival_ts": 1758756614741}
{"action": "send", "src": "AU-N8", "dst": "SA-N127", "hlc": {"phys": 1758756640126, "cnt": 0, "node": "AU-N8"}, "package_id": "PKG56614", "payload": {"status": "RECEIVED"}, "sent_ts": 1758756615046, "arrival_ts": 1758756615046}
{"action": "send", "src": "AU-N8", "dst": "SA-N127", "hlc": {"phys": 1758756640458, "cnt": 0, "node": "AU-N8"}, "package_id": "PKG56614", "payload": {"status": "DELIVERED"}, "sent_ts": 1758756615378, "arrival_ts": 1758756615378}
{"action": "send", "src": "AU-N8", "dst": "AN-N29", "hlc": {"phys": 1758763307653, "cnt": 0, "node": "AU-N8"}, "package_id": "PKG63282", "payload": {"status": "CREATED"}, "sent_ts": 1758763282573, "arrival_ts": 1758763282573}
{"action": "send", "src": "AU-N8", "dst": "AN-N29", "hlc": {"phys": 1758763307916, "cnt": 0, "node": "AU-N8"}, "package_id": "PKG63282", "payload": {"status": "SENT"}, "sent_ts": 1758763282836, "arrival_ts": 1758763282836}
{"action": "send", "src": "AU-N8", "dst": "AN-N29", "hlc": {"phys": 1758763308166, "cnt": 0, "node": "AU-N8"}, "package_id": "PKG63282", "payload": {"status": "IN_TRANSIT"}, "sent_ts": 1758763283086, "arrival_ts": 1758763283086}
{"action": "send", "src": "AU-N8", "dst": "AN-N29", "hlc": {"phys": 1758763308447, "cnt": 0, "node": "AU-N8"}, "package_id": "PKG63282", "payload": {"status": "RECEIVED"}, "sent_ts": 1758763283367, "arrival_ts": 1758763283367}
{"action": "send", "src": "AU-N8", "dst": "AN-N29", "hlc": {"phys": 1758763308712, "cnt": 0, "node": "AU-N8"}, "package_id": "PKG63282", "payload": {"status": "DELIVERED"}, "sent_ts": 1758763283632, "arrival_ts": 1758763283632}
{"action": "recv", "src": "NA-N46", "dst": "AU-N8", "hlc": {"phys": 1758799999190, "cnt": 1, "node": "NA-N46"}, "package_id": "PKG99993", "payload": {"status": "CREATED"}, "sent_ts": 1758799993858, "arrival_ts": 1758799993929}
{"action": "recv", "src": "NA-N46", "dst": "AU-N8", "hlc": {"phys": 1758799999190, "cnt": 2, "node": "NA-N46"}, "package_id": "PKG99993", "payload": {"status": "SENT"}, "sent_ts": 1758799994146, "arrival_ts": 1758799994340}
{"action": "recv", "src": "NA-N46", "dst": "AU-N8", "hlc": {"phys": 1758799999190, "cnt": 3, "node": "NA-N46"}, "package_id": "PKG99993", "payload": {"status": "IN_TRANSIT"}, "sent_ts": 1758799994538, "arrival_ts": 1758799994731}
{"action": "recv", "src": "NA-N46", "dst": "AU-N8", "hlc": {"phys": 1758799999190, "cnt": 4, "node": "NA-N46"}, "package_id": "PKG99993", "payload": {"status": "RECEIVED"}, "sent_ts": 1758799994934, "arrival_ts": 1758799995131}
{"action": "recv", "src": "NA-N46", "dst": "AU-N8", "hlc": {"phys": 1758799999190, "cnt": 5, "node": "NA-N46"}, "package_id": "PKG99993", "payload": {"status": "DELIVERED"}, "sent_ts": 1758799995340, "arrival_ts": 1758799995525}
{"action": "recv", "src": "AS-N20", "dst": "AU-N8", "hlc": {"phys": 1758801074396, "cnt": 0, "node": "AS-N20"}, "package_id": "PKG1064", "payload": {"status": "CREATED"}, "sent_ts": 1758801064196, "arrival_ts": 1758801064298}
{"action": "recv", "src": "AS-N20", "dst": "AU-N8", "hlc": {"phys": 1758801074705, "cnt": 0, "node": "AS-N20"}, "package_id": "PKG1064", "payload": {"status": "SENT"}, "sent_ts": 1758801064505, "arrival_ts": 1758801064617}
{"action": "recv", "src": "AS-N20", "dst": "AU-N8", "hlc": {"phys": 1758801075031, "cnt": 0, "node": "AS-N20"}, "package_id": "PKG1064", "payload": {"status": "IN_TRANSIT"}, "sent_ts": 1758801064831, "arrival_ts": 1758801065021}
{"action": "recv", "src": "AS-N20", "dst": "AU-N8", "hlc": {"phys": 1758801075418, "cnt": 0, "node": "AS-N20"}, "package_id": "PKG1064", "payload": {"status": "RECEIVED"}, "sent_ts": 1758801065218, "arrival_ts": 1758801065419}
{"action": "recv", "src": "AS-N20", "dst": "AU-N8", "hlc": {"phys": 1758801075821, "cnt": 0, "node": "AS-N20"}, "package_id": "PKG1064", "payload": {"status": "DELIVERED"}, "sent_ts": 1758801065621, "arrival_ts": 1758801065699}
{"action": "send", "src": "AU-N8", "dst": "SA-N185", "hlc": {"phys": 1758803040029, "cnt": 0, "node": "AU-N8"}, "package_id": "PKG3014", "payload": {"status": "CREATED"}, "sent_ts": 1758803014949, "arrival_ts": 1758803014949}
{"action": "send", "src": "AU-N8", "dst": "SA-N185", "hlc": {"phys": 1758803040291, "cnt": 0, "node": "AU-N8"}, "package_id": "PKG3014", "payload": {"status": "SENT"}, "sent_ts": 1758803015211, "arrival_ts": 1758803015211}
{"action": "send", "src": "AU-N8", "dst": "SA-N185", "hlc": {"phys": 1758803040584, "cnt": 0, "node": "AU-N8"}, "package_id": "PKG3014", "payload": {"status": "IN_TRANSIT"}, "sent_ts": 1758803015504, "arrival_ts": 1758803015504}
{"action": "send", "src": "AU-N8", "dst": "SA-N185", "hlc": {"phys": 1758803040816, "cnt": 0, "node": "AU-N8"}, "package_id": "PKG3014", "payload": {"status": "RECEIVED"}, "sent_ts": 1758803015736, "arrival_ts": 1758803015736}
{"action": "send", "src": "AU-N8", "dst": "SA-N185", "hlc": {"phys": 1758803041111, "cnt": 0, "node": "AU-N8"}, "package_id": "PKG3014", "payload": {"status": "DELIVERED"}, "sent_ts": 1758803016031, "arrival_ts": 1758803016031}
{"action": "send", "src": "AU-N8", "dst": "EU-N33", "hlc": {"phys": 1758803764438, "cnt": 0, "node": "AU-N8"}, "package_id": "PKG3739", "payload": {"status": "CREATED"}, "sent_ts": 1758803739358, "arrival_ts": 1758803739358}
{"action": "send", "src": "AU-N8", "dst": "EU-N33", "hlc": {"phys": 1758803764667, "cnt": 0, "node": "AU-N8"}, "package_id": "PKG3739", "payload": {"status": "SENT"}, "sent_ts": 1758803739587, "arrival_ts": 1758803739587}
{"action": "send", "src": "AU-N8", "dst": "EU-N33", "hlc": {"phys": 1758803764990, "cnt": 0, "node": "AU-N8"}, "package_id": "PKG3739", "payload": {"status": "IN_TRANSIT"}, "sent_ts": 1758803739910, "arrival_ts": 1758803739910}
{"action": "send", "src": "AU-N8", "dst": "EU-N33", "hlc": {"phys": 1758803765298, "cnt": 0, "node": "AU-N8"}, "package_id": "PKG3739", "payload": {"status": "RECEIVED"}, "sent_ts": 1758803740217, "arrival_ts": 1758803740218}
{"action": "send", "src": "AU-N8", "dst": "EU-N33", "hlc": {"phys": 1758803765701, "cnt": 0, "node": "AU-N8"}, "package_id": "PKG3739", "payload": {"status": "DELIVERED"}, "sent_ts": 1758803740621, "arrival_ts": 1758803740622}
{"action": "send", "src": "AU-N8", "dst": "AF-N47", "hlc": {"phys": 1758805005738, "cnt": 0, "node": "AU-N8"}, "package_id": "PKG4980", "payload": {"status": "CREATED"}, "sent_ts": 1758804980658, "arrival_ts": 1758804980658}
{"action": "send", "src": "AU-N8", "dst": "AF-N47", "hlc": {"phys": 1758805006233, "cnt": 0, "node": "AU-N8"}, "package_id": "PKG4980", "payload": {"status": "SENT"}, "sent_ts": 1758804981153, "arrival_ts": 1758804981153}
{"action": "send", "src": "AU-N8", "dst": "AF-N47", "hlc": {"phys": 1758805006619, "cnt": 0, "node": "AU-N8"}, "package_id": "PKG4980", "payload": {"status": "IN_TRANSIT"}, "sent_ts": 1758804981539, "arrival_ts": 1758804981539}
{"action": "send", "src": "AU-N8", "dst": "AF-N47", "hlc": {"phys": 1758805006868, "cnt": 0, "node": "AU-N8"}, "package_id": "PKG4980", "payload": {"status": "RECEIVED"}, "sent_ts": 1758804981788, "arrival_ts": 1758804981788}
{"action": "send", "src": "AU-N8", "dst": "AF-N47", "hlc": {"phys": 1758805007284, "cnt": 0, "node": "AU-N8"}, "package_id": "PKG4980", "payload": {"status": "DELIVERED"}, "sent_ts": 1758804982204, "arrival_ts": 1758804982204}
{"action": "send", "src": "AU-N8", "dst": "AF-N168", "hlc": {"phys": 1758805301713, "cnt": 0, "node": "AU-N8"}, "package_id": "PKG5276", "payload": {"status": "CREATED"}, "sent_ts": 1758805276633, "arrival_ts": 1758805276633}
{"action": "send", "src": "AU-N8", "dst": "AF-N168", "hlc": {"phys": 1758805302068, "cnt": 0, "node": "AU-N8"}, "package_id": "PKG5276", "payload": {"status": "SENT"}, "sent_ts": 1758805276988, "arrival_ts": 1758805276988}
{"action": "send", "src": "AU-N8", "dst": "AF-N168", "hlc": {"phys": 1758805302425, "cnt": 0, "node": "AU-N8"}, "package_id": "PKG5276", "payload": {"status": "IN_TRANSIT"}, "sent_ts": 1758805277345, "arrival_ts": 1758805277345}
{"action": "send", "src": "AU-N8", "dst": "AF-N168", "hlc": {"phys": 1758805302778, "cnt": 0, "node": "AU-N8"}, "package_id": "PKG5276", "payload": {"status": "RECEIVED"}, "sent_ts": 1758805277698, "arrival_ts": 1758805277698}
{"action": "send", "src": "AU-N8", "dst": "AF-N168", "hlc": {"phys": 1758805303116, "cnt": 0, "node": "AU-N8"}, "package_id": "PKG5276", "payload": {"status": "DELIVERED"}, "sent_ts": 1758805278036, "arrival_ts": 1758805278036}
{"action": "send", "src": "AU-N8", "dst": "AS-N98", "hlc": {"phys": 1758805493761, "cnt": 0, "node": "AU-N8"}, "package_id": "PKG5468", "payload": {"status": "CREATED"}, "sent_ts": 1758805468681, "arrival_ts": 1758805468681}
{"action": "send", "src": "AU-N8", "dst": "AS-N98", "hlc": {"phys": 1758805494087, "cnt": 0, "node": "AU-N8"}, "package_id": "PKG5468", "payload": {"status": "SENT"}, "sent_ts": 1758805469007, "arrival_ts": 1758805469007}
{"action": "send", "src": "AU-N8", "dst": "AS-N98", "hlc": {"phys": 1758805494336, "cnt": 0, "node": "AU-N8"}, "package_id": "PKG5468", "payload": {"status": "IN_TRANSIT"}, "sent_ts": 1758805469256, "arrival_ts": 1758805469256}
{"action": "send", "src": "AU-N8", "dst": "AS-N98", "hlc": {"phys": 1758805494722, "cnt": 0, "node": "AU-N8"}, "package_id": "PKG5468", "payload": {"status": "RECEIVED"}, "sent_ts": 1758805469642, "arrival_ts": 1758805469642}
{"action": "send", "src": "AU-N8", "dst": "AS-N98", "hlc": {"phys": 1758805495125, "cnt": 0, "node": "AU-N8"}, "package_id": "PKG5468", "payload": {"status": "DELIVERED"}, "sent_ts": 1758805470045, "arrival_ts": 1758805470045}
{"action": "send", "src": "AU-N8", "dst": "AN-N20", "hlc": {"phys": 1758809696499, "cnt": 0, "node": "AU-N8"}, "package_id": "PKG9671", "payload": {"status": "CREATED"}, "sent_ts": 1758809671419, "arrival_ts": 1758809671419}
{"action": "send", "src": "AU-N8", "dst": "AN-N20", "hlc": {"phys": 1758809696856, "cnt": 0, "node": "AU-N8"}, "package_id": "PKG9671", "payload": {"status": "SENT"}, "sent_ts": 1758809671776, "arrival_ts": 1758809671776}
{"action": "send", "src": "AU-N8", "dst": "AN-N20", "hlc": {"phys": 1758809697105, "cnt": 0, "node": "AU-N8"}, "package_id": "PKG9671", "payload": {"status": "IN_TRANSIT"}, "sent_ts": 1758809672025, "arrival_ts": 1758809672025}
{"action": "send", "src": "AU-N8", "dst": "AN-N20", "hlc": {"phys": 1758809697524, "cnt": 0, "node": "AU-N8"}, "package_id": "PKG9671", "payload": {"status": "RECEIVED"}, "sent_ts": 1758809672444, "arrival_ts": 1758809672444}
{"action": "send", "src": "AU-N8", "dst": "AN-N20", "hlc": {"phys": 1758809697847, "cnt": 0, "node": "AU-N8"}, "package_id": "PKG9671", "payload": {"status": "DELIVERED"}, "sent_ts": 1758809672767, "arrival_ts": 1758809672767}
{"action": "send", "src": "AU-N8", "dst": "AS-N155", "hlc": {"phys": 1758809748397, "cnt": 0, "node": "AU-N8"}, "package_id": "PKG9723", "payload": {"status": "CREATED"}, "sent_ts": 1758809723317, "arrival_ts": 1758809723317}
{"action": "send", "src": "AU-N8", "dst": "AS-N155", "hlc": {"phys": 1758809748816, "cnt": 0, "node": "AU-N8"}, "package_id": "PKG9723", "payload": {"status": "SENT"}, "sent_ts": 1758809723736, "arrival_ts": 1758809723736}
{"action": "send", "src": "AU-N8", "dst": "AS-N155", "hlc": {"phys": 1758809749036, "cnt": 0, "node": "AU-N8"}, "package_id": "PKG9723", "payload": {"status": "IN_TRANSIT"}, "sent_ts": 1758809723956, "arrival_ts": 1758809723956}
{"action": "send", "src": "AU-N8", "dst": "AS-N155", "hlc": {"phys": 1758809749284, "cnt": 0, "node": "AU-N8"}, "package_id": "PKG9723", "payload": {"status": "RECEIVED"}, "sent_ts": 1758809724204, "arrival_ts": 1758809724204}
{"action": "send", "src": "AU-N8", "dst": "AS-N155", "hlc": {"phys": 1758809749689, "cnt": 0, "node": "AU-N8"}, "package_id": "PKG9723", "payload": {"status": "DELIVERED"}, "sent_ts": 1758809724609, "arrival_ts": 1758809724609}
{"action": "recv", "src": "NA-N171", "dst": "AU-N8", "hlc": {"phys": 1758810570024, "cnt": 0, "node": "NA-N171"}, "package_id": "PKG10568", "payload": {"status": "CREATED"}, "sent_ts": 1758810568314, "arrival_ts": 1758810568452}
{"action": "recv", "src": "NA-N171", "dst": "AU-N8", "hlc": {"phys": 1758810570363, "cnt": 0, "node": "NA-N171"}, "package_id": "PKG10568", "payload": {"status": "SENT"}, "sent_ts": 1758810568653, "arrival_ts": 1758810568787}
{"action": "recv", "src": "NA-N171", "dst": "AU-N8", "hlc": {"phys": 1758810570706, "cnt": 0, "node": "NA-N171"}, "package_id": "PKG10568", "payload": {"status": "IN_TRANSIT"}, "sent_ts": 1758810568996, "arrival_ts": 1758810569145}
{"action": "recv", "src": "NA-N171", "dst": "AU-N8", "hlc": {"phys": 1758810571061, "cnt": 0, "node": "NA-N171"}, "package_id": "PKG10568", "payload": {"status": "RECEIVED"}, "sent_ts": 1758810569351, "arrival_ts": 1758810569453}
{"action": "recv", "src": "NA-N171", "dst": "AU-N8", "hlc": {"phys": 1758810571369, "cnt": 0, "node": "NA-N171"}, "package_id": "PKG10568", "payload": {"status": "DELIVERED"}, "sent_ts": 1758810569659, "arrival_ts": 1758810569673}
{"action": "send", "src": "AU-N8", "dst": "EU-N53", "hlc": {"phys": 1758813767088, "cnt": 0, "node": "AU-N8"}, "package_id": "PKG13742", "payload": {"status": "CREATED"}, "sent_ts": 1758813742008, "arrival_ts": 1758813742008}
{"action": "send", "src": "AU-N8", "dst": "EU-N53", "hlc": {"phys": 1758813767322, "cnt": 0, "node": "AU-N8"}, "package_id": "PKG13742", "payload": {"status": "SENT"}, "sent_ts": 1758813742242, "arrival_ts": 1758813742242}
{"action": "send", "src": "AU-N8", "dst": "EU-N53", "hlc": {"phys": 1758813767694, "cnt": 0, "node": "AU-N8"}, "package_id": "PKG13742", "payload": {"status": "IN_TRANSIT"}, "sent_ts": 1758813742614, "arrival_ts": 1758813742614}
{"action": "send", "src": "AU-N8", "dst": "EU-N53", "hlc": {"phys": 1758813768082, "cnt": 0, "node": "AU-N8"}, "package_id": "PKG13742", "payload": {"status": "RECEIVED"}, "sent_ts": 1758813743002, "arrival_ts": 1758813743002}
{"action": "send", "src": "AU-N8", "dst": "EU-N53", "hlc": {"phys": 1758813768486, "cnt": 0, "node": "AU-N8"}, "package_id": "PKG13742", "payload": {"status": "DELIVERED"}, "sent_ts": 1758813743406, "arrival_ts": 1758813743406}
{"action": "recv", "src": "AS-N53", "dst": "AU-N8", "hlc": {"phys": 1758814369806, "cnt": 0, "node": "AS-N53"}, "package_id": "PKG14359", "payload": {"status": "CREATED"}, "sent_ts": 1758814359276, "arrival_ts": 1758814359375}
{"action": "recv", "src": "AS-N53", "dst": "AU-N8", "hlc": {"phys": 1758814370701, "cnt": 0, "node": "AS-N53"}, "package_id": "PKG14359", "payload": {"status": "SENT"}, "sent_ts": 1758814360171, "arrival_ts": 1758814360253}
{"action": "recv", "src": "AS-N53", "dst": "AU-N8", "hlc": {"phys": 1758814370986, "cnt": 0, "node": "AS-N53"}, "package_id": "PKG14359", "payload": {"status": "IN_TRANSIT"}, "sent_ts": 1758814360456, "arrival_ts": 1758814360631}
{"action": "recv", "src": "AS-N53", "dst": "AU-N8", "hlc": {"phys": 1758814371358, "cnt": 0, "node": "AS-N53"}, "package_id": "PKG14359", "payload": {"status": "RECEIVED"}, "sent_ts": 1758814360828, "arrival_ts": 1758814360990}
{"action": "recv", "src": "AS-N53", "dst": "AU-N8", "hlc": {"phys": 1758814371730, "cnt": 0, "node": "AS-N53"}, "package_id": "PKG14359", "payload": {"status": "DELIVERED"}, "sent_ts": 1758814361200, "arrival_ts": 1758814361281}
{"action": "send", "src": "AU-N8", "dst": "AN-N67", "hlc": {"phys": 1758814868901, "cnt": 0, "node": "AU-N8"}, "package_id": "PKG14843", "payload": {"status": "CREATED"}, "sent_ts": 1758814843821, "arrival_ts": 1758814843821}
{"action": "send", "src": "AU-N8", "dst": "AN-N67", "hlc": {"phys": 1758814869225, "cnt": 0, "node": "AU-N8"}, "package_id": "PKG14843", "payload": {"status": "SENT"}, "sent_ts": 1758814844145, "arrival_ts": 1758814844145}
{"action": "send", "src": "AU-N8", "dst": "AN-N67", "hlc": {"phys": 1758814869613, "cnt": 0, "node": "AU-N8"}, "package_id": "PKG14843", "payload": {"status": "IN_TRANSIT"}, "sent_ts": 1758814844533, "arrival_ts": 1758814844533}
{"action": "send", "src": "AU-N8", "dst": "AN-N67", "hlc": {"phys": 1758814869952, "cnt": 0, "node": "AU-N8"}, "package_id": "PKG14843", "payload": {"status": "RECEIVED"}, "sent_ts": 1758814844872, "arrival_ts": 1758814844872}
{"action": "send", "src": "AU-N8", "dst": "AN-N67", "hlc": {"phys": 1758814870307, "cnt": 0, "node": "AU-N8"}, "package_id": "PKG14843", "payload": {"status": "DELIVERED"}, "sent_ts": 1758814845227, "arrival_ts": 1758814845227}
{"action": "send", "src": "AU-N8", "dst": "NA-N84", "hlc": {"phys": 1758816219373, "cnt": 0, "node": "AU-N8"}, "package_id": "PKG16194", "payload": {"status": "CREATED"}, "sent_ts": 1758816194293, "arrival_ts": 1758816194293}
{"action": "send", "src": "AU-N8", "dst": "NA-N84", "hlc": {"phys": 1758816219654, "cnt": 0, "node": "AU-N8"}, "package_id": "PKG16194", "payload": {"status": "SENT"}, "sent_ts": 1758816194574, "arrival_ts": 1758816194574}
{"action": "send", "src": "AU-N8", "dst": "NA-N84", "hlc": {"phys": 1758816219871, "cnt": 0, "node": "AU-N8"}, "package_id": "PKG16194", "payload": {"status": "IN_TRANSIT"}, "sent_ts": 1758816194791, "arrival_ts": 1758816194791}
{"action": "send", "src": "AU-N8", "dst": "NA-N84", "hlc": {"phys": 1758816220197, "cnt": 0, "node": "AU-N8"}, "package_id": "PKG16194", "payload": {"status": "RECEIVED"}, "sent_ts": 1758816195117, "arrival_ts": 1758816195117}
{"action": "send", "src": "AU-N8", "dst": "NA-N84", "hlc": {"phys": 1758816220444, "cnt": 0, "node": "AU-N8"}, "package_id": "PKG16194", "payload": {"status": "DELIVERED"}, "sent_ts": 1758816195364, "arrival_ts": 1758816195364}
{"action": "recv", "src": "AN-N30", "dst": "AU-N8", "hlc": {"phys": 1758816945524, "cnt": 0, "node": "AN-N30"}, "package_id": "PKG16915", "payload": {"status": "CREATED"}, "sent_ts": 1758816915224, "arrival_ts": 1758816915439}
{"action": "recv", "src": "AN-N30", "dst": "AU-N8", "hlc": {"phys": 1758816945942, "cnt": 0, "node": "AN-N30"}, "package_id": "PKG16915", "payload": {"status": "SENT"}, "sent_ts": 1758816915642, "arrival_ts": 1758816915813}
{"action": "recv", "src": "AN-N30", "dst": "AU-N8", "hlc": {"phys": 1758816946314, "cnt": 0, "node": "AN-N30"}, "package_id": "PKG16915", "payload": {"status": "IN_TRANSIT"}, "sent_ts": 1758816916014, "arrival_ts": 1758816916199}
{"action": "recv", "src": "AN-N30", "dst": "AU-N8", "hlc": {"phys": 1758816946702, "cnt": 0, "node": "AN-N30"}, "package_id": "PKG16915", "payload": {"status": "RECEIVED"}, "sent_ts": 1758816916402, "arrival_ts": 1758816916537}
{"action": "recv", "src": "AN-N30", "dst": "AU-N8", "hlc": {"phys": 1758816947693, "cnt": 0, "node": "AN-N30"}, "package_id": "PKG16915", "payload": {"status": "DELIVERED"}, "sent_ts": 1758816917393, "arrival_ts": 1758816917547}
