{"action": "send", "src": "AU-N26", "dst": "AF-N172", "hlc": {"phys": 1758739082205, "cnt": 0, "node": "AU-N26"}, "package_id": "PKG39056", "payload": {"status": "CREATED"}, "sent_ts": 1758739056945, "arrival_ts": 1758739056945}
{"action": "send", "src": "AU-N26", "dst": "AF-N172", "hlc": {"phys": 1758739082607, "cnt": 0, "node": "AU-N26"}, "package_id": "PKG39056", "payload": {"status": "SENT"}, "sent_ts": 1758739057347, "arrival_ts": 1758739057347}
{"action": "send", "src": "AU-N26", "dst": "AF-N172", "hlc": {"phys": 1758739082824, "cnt": 0, "node": "AU-N26"}, "package_id": "PKG39056", "payload": {"status": "IN_TRANSIT"}, "sent_ts": 1758739057564, "arrival_ts": 1758739057564}
{"action": "send", "src": "AU-N26", "dst": "AF-N172", "hlc": {"phys": 1758739083036, "cnt": 0, "node": "AU-N26"}, "package_id": "PKG39056", "payload": {"status": "RECEIVED"}, "sent_ts": 1758739057776, "arrival_ts": 1758739057776}
{"action": "send", "src": "AU-N26", "dst": "AF-N172", "hlc": {"phys": 1758739083262, "cnt": 0, "node": "AU-N26"}, "package_id": "PKG39056", "payload": {"status": "DELIVERED"}, "sent_ts": 1758739058002, "arrival_ts": 1758739058002}
{"action": "recv", "src": "AS-N14", "dst": "AU-N26", "hlc": {"phys": 1758739074856, "cnt": 0, "node": "AS-N14"}, "package_id": "PKG39064", "payload": {"status": "CREATED"}, "sent_ts": 1758739064716, "arrival_ts": 1758739064928}
{"action": "recv", "src": "AS-N14", "dst": "AU-N26", "hlc": {"phys": 1758739075282, "cnt": 0, "node": "AS-N14"}, "package_id": "PKG39064", "payload": {"status": "SENT"}, "sent_ts": 1758739065142, "arrival_ts": 1758739065296}
{"action": "recv", "src": "AS-N14", "dst": "AU-N26", "hlc": {"phys": 1758739075654, "cnt": 0, "node": "AS-N14"}, "package_id": "PKG39064", "payload": {"status": "IN_TRANSIT"}, "sent_ts": 1758739065514, "arrival_ts": 1758739065574}
{"action": "recv", "src": "AS-N14", "dst": "AU-N26", "hlc": {"phys": 1758739075942, "cnt": 0, "node": "AS-N14"}, "package_id": "PKG39064", "payload": {"status": "RECEIVED"}, "sent_ts": 1758739065802, "arrival_ts": 1758739066004}
{"action": "recv", "src": "AS-N14", "dst": "AU-N26", "hlc": {"phys": 1758739076360, "cnt": 0, "node": "AS-N14"}, "package_id": "PKG39064", "payload": {"status": "DELIVERED"}, "sent_ts": 1758739066220, "arrival_ts": 1758739066253}
{"action": "send", "src": "AU-N26", "dst": "EU-N197", "hlc": {"phys": 1758739611431, "cnt": 0, "node": "AU-N26"}, "package_id": "PKG39586", "payload": {"status": "CREATED"}, "sent_ts": 1758739586171, "arrival_ts": 1758739586171}
{"action": "send", "src": "AU-N26", "dst": "EU-N197", "hlc": {"phys": 1758739611790, "cnt": 0, "node": "AU-N26"}, "package_id": "PKG39586", "payload": {"status": "SENT"}, "sent_ts": 1758739586530, "arrival_ts": 1758739586530}
{"action": "send", "src": "AU-N26", "dst": "EU-N197", "hlc": {"phys": 1758739612139, "cnt": 0, "node": "AU-N26"}, "package_id": "PKG39586", "payload": {"status": "IN_TRANSIT"}, "sent_ts": 1758739586879, "arrival_ts": 1758739586879}
{"action": "send", "src": "AU-N26", "dst": "EU-N197", "hlc": {"phys": 1758739612531, "cnt": 0, "node": "AU-N26"}, "package_id": "PKG39586", "payload": {"status": "RECEIVED"}, "sent_ts": 1758739587271, "arrival_ts": 1758739587271}
{"action": "send", "src": "AU-N26", "dst": "EU-N197", "hlc": {"phys": 1758739612761, "cnt": 0, "node": "AU-N26"}, "package_id": "PKG39586", "payload": {"status": "DELIVERED"}, "sent_ts": 1758739587501, "arrival_ts": 1758739587501}
{"action": "recv", "src": "EU-N126", "dst": "AU-N26", "hlc": {"phys": 1758743872512, "cnt": 0, "node": "EU-N126"}, "package_id": "PKG43866", "payload": {"status": "CREATED"}, "sent_ts": 1758743866252, "arrival_ts": 1758743866335}
{"action": "recv", "src": "EU-N126", "dst": "AU-N26", "hlc": {"phys": 1758743872792, "cnt": 0, "node": "EU-N126"}, "package_id": "PKG43866", "payload": {"status": "SENT"}, "sent_ts": 1758743866532, "arrival_ts": 1758743866580}
{"action": "recv", "src": "EU-N126", "dst": "AU-N26", "hlc": {"phys": 1758743873055, "cnt": 0, "node": "EU-N126"}, "package_id": "PKG43866", "payload": {"status": "IN_TRANSIT"}, "sent_ts": 1758743866795, "arrival_ts": 1758743866887}
{"action": "recv", "src": "EU-N126", "dst": "AU-N26", "hlc": {"phys": 1758743873350, "cnt": 0, "node": "EU-N126"}, "package_id": "PKG43866", "payload": {"status": "RECEIVED"}, "sent_ts": 1758743867090, "arrival_ts": 1758743867185}
{"action": "recv", "src": "EU-N126", "dst": "AU-N26", "hlc": {"phys": 1758743873665, "cnt": 0, "node": "EU-N126"}, "package_id": "PKG43866", "payload": {"status": "DELIVERED"}, "sent_ts": 1758743867405, "arrival_ts": 1758743867604}
{"action": "recv", "src": "NA-N93", "dst": "AU-N26", "hlc": {"phys": 1758744028096, "cnt": 0, "node": "NA-N93"}, "package_id": "PKG44027", "payload": {"status": "CREATED"}, "sent_ts": 1758744027166, "arrival_ts": 1758744027207}
{"action": "recv", "src": "NA-N93", "dst": "AU-N26", "hlc": {"phys": 1758744028343, "cnt": 0, "node": "NA-N93"}, "package_id": "PKG44027", "payload": {"status": "SENT"}, "sent_ts": 1758744027413, "arrival_ts": 1758744027453}
{"action": "recv", "src": "NA-N93", "dst": "AU-N26", "hlc": {"phys": 1758744028593, "cnt": 0, "node": "NA-N93"}, "package_id": "PKG44027", "payload": {"status": "IN_TRANSIT"}, "sent_ts": 1758744027663, "arrival_ts": 1758744027681}
{"action": "recv", "src": "NA-N93", "dst": "AU-N26", "hlc": {"phys": 1758744028809, "cnt": 0, "node": "NA-N93"}, "package_id": "PKG44027", "payload": {"status": "RECEIVED"}, "sent_ts": 1758744027879, "arrival_ts": 1758744028011}
{"action": "recv", "src": "NA-N93", "dst": "AU-N26", "hlc": {"phys": 1758744029134, "cnt": 0, "node": "NA-N93"}, "package_id": "PKG44027", "payload": {"status": "DELIVERED"}, "sent_ts": 1758744028204, "arrival_ts": 1758744028240}
{"action": "recv", "src": "NA-N104", "dst": "AU-N26", "hlc": {"phys": 1758746234457, "cnt": 0, "node": "NA-N104"}, "package_id": "PKG46233", "payload": {"status": "CREATED"}, "sent_ts": 1758746233417, "arrival_ts": 1758746233600}
{"action": "recv", "src": "NA-N104", "dst": "AU-N26", "hlc": {"phys": 1758746234844, "cnt": 0, "node": "NA-N104"}, "package_id": "PKG46233", "payload": {"status": "SENT"}, "sent_ts": 1758746233804, "arrival_ts": 1758746233964}
{"action": "recv", "src": "NA-N104", "dst": "AU-N26", "hlc": {"phys": 1758746235206, "cnt": 0, "node": "NA-N104"}, "package_id": "PKG46233", "payload": {"status": "IN_TRANSIT"}, "sent_ts": 1758746234166, "arrival_ts": 1758746234670}
{"action": "recv", "src": "NA-N104", "dst": "AU-N26", "hlc": {"phys": 1758746235919, "cnt": 0, "node": "NA-N104"}, "package_id": "PKG46233", "payload": {"status": "RECEIVED"}, "sent_ts": 1758746234879, "arrival_ts": 1758746235080}
{"action": "recv", "src": "NA-N104", "dst": "AU-N26", "hlc": {"phys": 1758746236337, "cnt": 0, "node": "NA-N104"}, "package_id": "PKG46233", "payload": {"status": "DELIVERED"}, "sent_ts": 1758746235297, "arrival_ts": 1758746235463}
{"action": "send", "src": "AU-N26", "dst": "AF-N74", "hlc": {"phys": 1758746890282, "cnt": 0, "node": "AU-N26"}, "package_id": "PKG46865", "payload": {"status": "CREATED"}, "sent_ts": 1758746865022, "arrival_ts": 1758746865022}
{"action": "send", "src": "AU-N26", "dst": "AF-N74", "hlc": {"phys": 1758746890645, "cnt": 0, "node": "AU-N26"}, "package_id": "PKG46865", "payload": {"status": "SENT"}, "sent_ts": 1758746865385, "arrival_ts": 1758746865385}
{"action": "send", "src": "AU-N26", "dst": "AF-N74", "hlc": {"phys": 1758746891043, "cnt": 0, "node": "AU-N26"}, "package_id": "PKG46865", "payload": {"status": "IN_TRANSIT"}, "sent_ts": 1758746865783, "arrival_ts": 1758746865783}
{"action": "send", "src": "AU-N26", "dst": "AF-N74", "hlc": {"phys": 1758746891366, "cnt": 0, "node": "AU-N26"}, "package_id": "PKG46865", "payload": {"status": "RECEIVED"}, "sent_ts": 1758746866106, "arrival_ts": 1758746866106}
{"action": "send", "src": "AU-N26", "dst": "AF-N74", "hlc": {"phys": 1758746891761, "cnt": 0, "node": "AU-N26"}, "package_id": "PKG46865", "payload": {"status": "DELIVERED"}, "sent_ts": 1758746866501, "arrival_ts": 1758746866501}
{"action": "recv", "src": "AN-N2", "dst": "AU-N26", "hlc": {"phys": 1758747207034, "cnt": 0, "node": "AN-N2"}, "package_id": "PKG47177", "payload": {"status": "CREATED"}, "sent_ts": 1758747177014, "arrival_ts": 1758747177055}
{"action": "recv", "src": "AN-N2", "dst": "AU-N26", "hlc": {"phys": 1758747207281, "cnt": 0, "node": "AN-N2"}, "package_id": "PKG47177", "payload": {"status": "SENT"}, "sent_ts": 1758747177261, "arrival_ts": 1758747177432}
{"action": "recv", "src": "AN-N2", "dst": "AU-N26", "hlc": {"phys": 1758747207653, "cnt": 0, "node": "AN-N2"}, "package_id": "PKG47177", "payload": {"status": "IN_TRANSIT"}, "sent_ts": 1758747177633, "arrival_ts": 1758747177794}
{"action": "recv", "src": "AN-N2", "dst": "AU-N26", "hlc": {"phys": 1758747208027, "cnt": 0, "node": "AN-N2"}, "package_id": "PKG47177", "payload": {"status": "RECEIVED"}, "sent_ts": 1758747178007, "arrival_ts": 1758747178132}
{"action": "recv", "src": "AN-N2", "dst": "AU-N26", "hlc": {"phys": 1758747208353, "cnt": 0, "node": "AN-N2"}, "package_id": "PKG47177", "payload": {"status": "DELIVERED"}, "sent_ts": 1758747178333, "arrival_ts": 1758747178357}
{"action": "send", "src": "AU-N26", "dst": "AS-N48", "hlc": {"phys": 1758747988401, "cnt": 0, "node": "AU-N26"}, "package_id": "PKG47963", "payload": {"status": "CREATED"}, "sent_ts": 1758747963141, "arrival_ts": 1758747963141}
{"action": "send", "src": "AU-N26", "dst": "AS-N48", "hlc": {"phys": 1758747988633, "cnt": 0, "node": "AU-N26"}, "package_id": "PKG47963", "payload": {"status": "SENT"}, "sent_ts": 1758747963373, "arrival_ts": 1758747963373}
{"action": "send", "src": "AU-N26", "dst": "AS-N48", "hlc": {"phys": 1758747989032, "cnt": 0, "node": "AU-N26"}, "package_id": "PKG47963", "payload": {"status": "IN_TRANSIT"}, "sent_ts": 1758747963772, "arrival_ts": 1758747963772}
{"action": "send", "src": "AU-N26", "dst": "AS-N48", "hlc": {"phys": 1758747989410, "cnt": 0, "node": "AU-N26"}, "package_id": "PKG47963", "payload": {"status": "RECEIVED"}, "sent_ts": 1758747964150, "arrival_ts": 1758747964150}
{"action": "send", "src": "AU-N26", "dst": "AS-N48", "hlc": {"phys": 1758747989753, "cnt": 0, "node": "AU-N26"}, "package_id": "PKG47963", "payload": {"status": "DELIVERED"}, "sent_ts": 1758747964493, "arrival_ts": 1758747964493}
{"action": "send", "src": "AU-N26", "dst": "EU-N29", "hlc": {"phys": 1758751745082, "cnt": 0, "node": "AU-N26"}, "package_id": "PKG51719", "payload": {"status": "CREATED"}, "sent_ts": 1758751719822, "arrival_ts": 1758751719822}
{"action": "send", "src": "AU-N26", "dst": "EU-N29", "hlc": {"phys": 1758751745302, "cnt": 0, "node": "AU-N26"}, "package_id": "PKG51719", "payload": {"status": "SENT"}, "sent_ts": 1758751720042, "arrival_ts": 1758751720042}
{"action": "send", "src": "AU-N26", "dst": "EU-N29", "hlc": {"phys": 1758751745648, "cnt": 0, "node": "AU-N26"}, "package_id": "PKG51719", "payload": {"status": "IN_TRANSIT"}, "sent_ts": 1758751720388, "arrival_ts": 1758751720388}
{"action": "send", "src": "AU-N26", "dst": "EU-N29", "hlc": {"phys": 1758751746044, "cnt": 0, "node": "AU-N26"}, "package_id": "PKG51719", "payload": {"status": "RECEIVED"}, "sent_ts": 1758751720784, "arrival_ts": 1758751720784}
{"action": "send", "src": "AU-N26", "dst": "EU-N29", "hlc": {"phys": 1758751746327, "cnt": 0, "node": "AU-N26"}, "package_id": "PKG51719", "payload": {"status": "DELIVERED"}, "sent_ts": 1758751721067, "arrival_ts": 1758751721067}
{"action": "send", "src": "AU-N26", "dst": "SA-N50", "hlc": {"phys": 1758755973696, "cnt": 0, "node": "AU-N26"}, "package_id": "PKG55948", "payload": {"status": "CREATED"}, "sent_ts": 1758755948436, "arrival_ts": 1758755948436}
{"action": "send", "src": "AU-N26", "dst": "SA-N50", "hlc": {"phys": 1758755974084, "cnt": 0, "node": "AU-N26"}, "package_id": "PKG55948", "payload": {"status": "SENT"}, "sent_ts": 1758755948824, "arrival_ts": 1758755948824}
{"action": "send", "src": "AU-N26", "dst": "SA-N50", "hlc": {"phys": 1758755974350, "cnt": 0, "node": "AU-N26"}, "package_id": "PKG55948", "payload": {"status": "IN_TRANSIT"}, "sent_ts": 1758755949090, "arrival_ts": 1758755949090}
{"action": "send", "src": "AU-N26", "dst": "SA-N50", "hlc": {"phys": 1758755974675, "cnt": 0, "node": "AU-N26"}, "package_id": "PKG55948", "payload": {"status": "RECEIVED"}, "sent_ts": 1758755949415, "arrival_ts": 1758755949415}
{"action": "send", "src": "AU-N26", "dst": "SA-N50", "hlc": {"phys": 1758755975085, "cnt": 0, "node": "AU-N26"}, "package_id": "PKG55948", "payload": {"status": "DELIVERED"}, "sent_ts": 1758755949825, "arrival_ts": 1758755949825}
{"action": "send", "src": "AU-N26", "dst": "NA-N82", "hlc": {"phys": 1758756356135, "cnt": 0, "node": "AU-N26"}, "package_id": "PKG56330", "payload": {"status": "CREATED"}, "sent_ts": 1758756330875, "arrival_ts": 1758756330875}
{"action": "send", "src": "AU-N26", "dst": "NA-N82", "hlc": {"phys": 1758756356361, "cnt": 0, "node": "AU-N26"}, "package_id": "PKG56330", "payload": {"status": "SENT"}, "sent_ts": 1758756331101, "arrival_ts": 1758756331101}
{"action": "send", "src": "AU-N26", "dst": "NA-N82", "hlc": {"phys": 1758756356726, "cnt": 0, "node": "AU-N26"}, "package_id": "PKG56330", "payload": {"status": "IN_TRANSIT"}, "sent_ts": 1758756331466, "arrival_ts": 1758756331466}
{"action": "send", "src": "AU-N26", "dst": "NA-N82", "hlc": {"phys": 1758756357104, "cnt": 0, "node": "AU-N26"}, "package_id": "PKG56330", "payload": {"status": "RECEIVED"}, "sent_ts": 1758756331844, "arrival_ts": 1758756331844}
{"action": "send", "src": "AU-N26", "dst": "NA-N82", "hlc": {"phys": 1758756357464, "cnt": 0, "node": "AU-N26"}, "package_id": "PKG56330", "payload": {"status": "DELIVERED"}, "sent_ts": 1758756332204, "arrival_ts": 1758756332204}
{"action": "recv", "src": "AU-N176", "dst": "AU-N26", "hlc": {"phys": 1758758547566, "cnt": 0, "node": "AU-N176"}, "package_id": "PKG58520", "payload": {"status": "CREATED"}, "sent_ts": 1758758520806, "arrival_ts": 1758758520947}
{"action": "recv", "src": "AU-N176", "dst": "AU-N26", "hlc": {"phys": 1758758547915, "cnt": 0, "node": "AU-N176"}, "package_id": "PKG58520", "payload": {"status": "SENT"}, "sent_ts": 1758758521155, "arrival_ts": 1758758521238}
{"action": "recv", "src": "AU-N176", "dst": "AU-N26", "hlc": {"phys": 1758758548217, "cnt": 0, "node": "AU-N176"}, "package_id": "PKG58520", "payload": {"status": "IN_TRANSIT"}, "sent_ts": 1758758521457, "arrival_ts": 1758758521646}
{"action": "recv", "src": "AU-N176", "dst": "AU-N26", "hlc": {"phys": 1758758548620, "cnt": 0, "node": "AU-N176"}, "package_id": "PKG58520", "payload": {"status": "RECEIVED"}, "sent_ts": 1758758521860, "arrival_ts": 1758758521887}
{"action": "recv", "src": "AU-N176", "dst": "AU-N26", "hlc": {"phys": 1758758548846, "cnt": 0, "node": "AU-N176"}, "package_id": "PKG58520", "payload": {"status": "DELIVERED"}, "sent_ts": 1758758522086, "arrival_ts": 1758758522247}
{"action": "recv", "src": "NA-N99", "dst": "AU-N26", "hlc": {"phys": 1758762316099, "cnt": 0, "node": "NA-N99"}, "package_id": "PKG62315", "payload": {"status": "CREATED"}, "sent_ts": 1758762315109, "arrival_ts": 1758762315153}
{"action": "recv", "src": "NA-N99", "dst": "AU-N26", "hlc": {"phys": 1758762316334, "cnt": 0, "node": "NA-N99"}, "package_id": "PKG62315", "payload": {"status": "SENT"}, "sent_ts": 1758762315344, "arrival_ts": 1758762315520}
{"action": "recv", "src": "NA-N99", "dst": "AU-N26", "hlc": {"phys": 1758762316721, "cnt": 0, "node": "NA-N99"}, "package_id": "PKG62315", "payload": {"status": "IN_TRANSIT"}, "sent_ts": 1758762315731, "arrival_ts": 1758762315824}
{"action": "recv", "src": "NA-N99", "dst": "AU-N26", "hlc": {"phys": 1758762317017, "cnt": 0, "node": "NA-N99"}, "package_id": "PKG62315", "payload": {"status": "RECEIVED"}, "sent_ts": 1758762316027, "arrival_ts": 1758762316129}
{"action": "recv", "src": "NA-N99", "dst": "AU-N26", "hlc": {"phys": 1758762317326, "cnt": 0, "node": "NA-N99"}, "package_id": "PKG62315", "payload": {"status": "DELIVERED"}, "sent_ts": 1758762316336, "arrival_ts": 1758762316395}
{"action": "send", "src": "AU-N26", "dst": "EU-N82", "hlc": {"phys": 1758763607377, "cnt": 0, "node": "AU-N26"}, "package_id": "PKG63582", "payload": {"status": "CREATED"}, "sent_ts": 1758763582117, "arrival_ts": 1758763582117}
{"action": "send", "src": "AU-N26", "dst": "EU-N82", "hlc": {"phys": 1758763607671, "cnt": 0, "node": "AU-N26"}, "package_id": "PKG63582", "payload": {"status": "SENT"}, "sent_ts": 1758763582411, "arrival_ts": 1758763582411}
{"action": "send", "src": "AU-N26", "dst": "EU-N82", "hlc": {"phys": 1758763608039, "cnt": 0, "node": "AU-N26"}, "package_id": "PKG63582", "payload": {"status": "IN_TRANSIT"}, "sent_ts": 1758763582779, "arrival_ts": 1758763582779}
{"action": "send", "src": "AU-N26", "dst": "EU-N82", "hlc": {"phys": 1758763608378, "cnt": 0, "node": "AU-N26"}, "package_id": "PKG63582", "payload": {"status": "RECEIVED"}, "sent_ts": 1758763583118, "arrival_ts": 1758763583118}
{"action": "send", "src": "AU-N26", "dst": "EU-N82", "hlc": {"phys": 1758763608749, "cnt": 0, "node": "AU-N26"}, "package_id": "PKG63582", "payload": {"status": "DELIVERED"}, "sent_ts": 1758763583489, "arrival_ts": 1758763583489}
{"action": "recv", "src": "NA-N76", "dst": "AU-N26", "hlc": {"phys": 1758764154571, "cnt": 0, "node": "NA-N76"}, "package_id": "PKG64153", "payload": {"status": "CREATED"}, "sent_ts": 1758764153811, "arrival_ts": 1758764153939}
{"action": "recv", "src": "NA-N76", "dst": "AU-N26", "hlc": {"phys": 1758764154914, "cnt": 0, "node": "NA-N76"}, "package_id": "PKG64153", "payload": {"status": "SENT"}, "sent_ts": 1758764154154, "arrival_ts": 1758764154185}
{"action": "recv", "src": "NA-N76", "dst": "AU-N26", "hlc": {"phys": 1758764155129, "cnt": 0, "node": "NA-N76"}, "package_id": "PKG64153", "payload": {"status": "IN_TRANSIT"}, "sent_ts": 1758764154369, "arrival_ts": 1758764154550}
{"action": "recv", "src": "NA-N76", "dst": "AU-N26", "hlc": {"phys": 1758764155532, "cnt": 0, "node": "NA-N76"}, "package_id": "PKG64153", "payload": {"status": "RECEIVED"}, "sent_ts": 1758764154772, "arrival_ts": 1758764154804}
{"action": "recv", "src": "NA-N76", "dst": "AU-N26", "hlc": {"phys": 1758764155766, "cnt": 0, "node": "NA-N76"}, "package_id": "PKG64153", "payload": {"status": "DELIVERED"}, "sent_ts": 1758764155006, "arrival_ts": 1758764155058}
{"action": "send", "src": "AU-N26", "dst": "SA-N27", "hlc": {"phys": 1758764606327, "cnt": 0, "node": "AU-N26"}, "package_id": "PKG64581", "payload": {"status": "CREATED"}, "sent_ts": 1758764581067, "arrival_ts": 1758764581067}
{"action": "send", "src": "AU-N26", "dst": "SA-N27", "hlc": {"phys": 1758764606639, "cnt": 0, "node": "AU-N26"}, "package_id": "PKG64581", "payload": {"status": "SENT"}, "sent_ts": 1758764581379, "arrival_ts": 1758764581379}
{"action": "send", "src": "AU-N26", "dst": "SA-N27", "hlc": {"phys": 1758764606995, "cnt": 0, "node": "AU-N26"}, "package_id": "PKG64581", "payload": {"status": "IN_TRANSIT"}, "sent_ts": 1758764581735, "arrival_ts": 1758764581735}
{"action": "send", "src": "AU-N26", "dst": "SA-N27", "hlc": {"phys": 1758764607399, "cnt": 0, "node": "AU-N26"}, "package_id": "PKG64581", "payload": {"status": "RECEIVED"}, "sent_ts": 1758764582139, "arrival_ts": 1758764582139}
{"action": "send", "src": "AU-N26", "dst": "SA-N27", "hlc": {"phys": 1758764607728, "cnt": 0, "node": "AU-N26"}, "package_id": "PKG64581", "payload": {"status": "DELIVERED"}, "sent_ts": 1758764582468, "arrival_ts": 1758764582468}
{"action": "recv", "src": "NA-N168", "dst": "AU-N26", "hlc": {"phys": 1758765473873, "cnt": 0, "node": "NA-N168"}, "package_id": "PKG65472", "payload": {"status": "CREATED"}, "sent_ts": 1758765472193, "arrival_ts": 1758765472216}
{"action": "recv", "src": "NA-N168", "dst": "AU-N26", "hlc": {"phys": 1758765474104, "cnt": 0, "node": "NA-N168"}, "package_id": "PKG65472", "payload": {"status": "SENT"}, "sent_ts": 1758765472424, "arrival_ts": 1758765472473}
{"action": "recv", "src": "NA-N168", "dst": "AU-N26", "hlc": {"phys": 1758765474352, "cnt": 0, "node": "NA-N168"}, "package_id": "PKG65472", "payload": {"status": "IN_TRANSIT"}, "sent_ts": 1758765472672, "arrival_ts": 1758765472789}
{"action": "recv", "src": "NA-N168", "dst": "AU-N26", "hlc": {"phys": 1758765474680, "cnt": 0, "node": "NA-N168"}, "package_id": "PKG65472", "payload": {"status": "RECEIVED"}, "sent_ts": 1758765473000, "arrival_ts": 1758765473058}
{"action": "recv", "src": "NA-N168", "dst": "AU-N26", "hlc": {"phys": 1758765474942, "cnt": 0, "node": "NA-N168"}, "package_id": "PKG65472", "payload": {"status": "DELIVERED"}, "sent_ts": 1758765473262, "arrival_ts": 1758765473279}
{"action": "recv", "src": "EU-N103", "dst": "AU-N26", "hlc": {"phys": 1758805089558, "cnt": 0, "node": "EU-N103"}, "package_id": "PKG5083", "payload": {"status": "CREATED"}, "sent_ts": 1758805083528, "arrival_ts": 1758805083587}
{"action": "recv", "src": "EU-N103", "dst": "AU-N26", "hlc": {"phys": 1758805089819, "cnt": 0, "node": "EU-N103"}, "package_id": "PKG5083", "payload": {"status": "SENT"}, "sent_ts": 1758805083789, "arrival_ts": 1758805083819}
{"action": "recv", "src": "EU-N103", "dst": "AU-N26", "hlc": {"phys": 1758805090053, "cnt": 0, "node": "EU-N103"}, "package_id": "PKG5083", "payload": {"status": "IN_TRANSIT"}, "sent_ts": 1758805084023, "arrival_ts": 1758805084176}
{"action": "recv", "src": "EU-N103", "dst": "AU-N26", "hlc": {"phys": 1758805090425, "cnt": 0, "node": "EU-N103"}, "package_id": "PKG5083", "payload": {"status": "RECEIVED"}, "sent_ts": 1758805084395, "arrival_ts": 1758805084502}
{"action": "recv", "src": "EU-N103", "dst": "AU-N26", "hlc": {"phys": 1758805090734, "cnt": 0, "node": "EU-N103"}, "package_id": "PKG5083", "payload": {"status": "DELIVERED"}, "sent_ts": 1758805084704, "arrival_ts": 1758805084868}
{"action": "send", "src": "AU-N26", "dst": "AU-N125", "hlc": {"phys": 1758809987260, "cnt": 0, "node": "AU-N26"}, "package_id": "PKG9962", "payload": {"status": "CREATED"}, "sent_ts": 1758809962000, "arrival_ts": 1758809962000}
{"action": "send", "src": "AU-N26", "dst": "AU-N125", "hlc": {"phys": 1758809987589, "cnt": 0, "node": "AU-N26"}, "package_id": "PKG9962", "payload": {"status": "SENT"}, "sent_ts": 1758809962329, "arrival_ts": 1758809962329}
{"action": "send", "src": "AU-N26", "dst": "AU-N125", "hlc": {"phys": 1758809987932, "cnt": 0, "node": "AU-N26"}, "package_id": "PKG9962", "payload": {"status": "IN_TRANSIT"}, "sent_ts": 1758809962672, "arrival_ts": 1758809962672}
{"action": "send", "src": "AU-N26", "dst": "AU-N125", "hlc": {"phys": 1758809988195, "cnt": 0, "node": "AU-N26"}, "package_id": "PKG9962", "payload": {"status": "RECEIVED"}, "sent_ts": 1758809962935, "arrival_ts": 1758809962935}
{"action": "send", "src": "AU-N26", "dst": "AU-N125", "hlc": {"phys": 1758809988551, "cnt": 0, "node": "AU-N26"}, "package_id": "PKG9962", "payload": {"status": "DELIVERED"}, "sent_ts": 1758809963291, "arrival_ts": 1758809963291}
{"action": "recv", "src": "AN-N185", "dst": "AU-N26", "hlc": {"phys": 1758813161621, "cnt": 0, "node": "AN-N185"}, "package_id": "PKG13129", "payload": {"status": "CREATED"}, "sent_ts": 1758813129771, "arrival_ts": 1758813129783}
{"action": "recv", "src": "AN-N185", "dst": "AU-N26", "hlc": {"phys": 1758813161839, "cnt": 0, "node": "AN-N185"}, "package_id": "PKG13129", "payload": {"status": "SENT"}, "sent_ts": 1758813129989, "arrival_ts": 1758813130070}
{"action": "recv", "src": "AN-N185", "dst": "AU-N26", "hlc": {"phys": 1758813162118, "cnt": 0, "node": "AN-N185"}, "package_id": "PKG13129", "payload": {"status": "IN_TRANSIT"}, "sent_ts": 1758813130268, "arrival_ts": 1758813130318}
{"action": "recv", "src": "AN-N185", "dst": "AU-N26", "hlc": {"phys": 1758813162367, "cnt": 0, "node": "AN-N185"}, "package_id": "PKG13129", "payload": {"status": "RECEIVED"}, "sent_ts": 1758813130517, "arrival_ts": 1758813130579}
{"action": "recv", "src": "AN-N185", "dst": "AU-N26", "hlc": {"phys": 1758813162633, "cnt": 0, "node": "AN-N185"}, "package_id": "PKG13129", "payload": {"status": "DELIVERED"}, "sent_ts": 1758813130783, "arrival_ts": 1758813130805}
{"action": "send", "src": "AU-N26", "dst": "EU-N86", "hlc": {"phys": 1758813599947, "cnt": 0, "node": "AU-N26"}, "package_id": "PKG13574", "payload": {"status": "CREATED"}, "sent_ts": 1758813574687, "arrival_ts": 1758813574687}
{"action": "send", "src": "AU-N26", "dst": "EU-N86", "hlc": {"phys": 1758813600274, "cnt": 0, "node": "AU-N26"}, "package_id": "PKG13574", "payload": {"status": "SENT"}, "sent_ts": 1758813575014, "arrival_ts": 1758813575014}
{"action": "send", "src": "AU-N26", "dst": "EU-N86", "hlc": {"phys": 1758813600489, "cnt": 0, "node": "AU-N26"}, "package_id": "PKG13574", "payload": {"status": "IN_TRANSIT"}, "sent_ts": 1758813575229, "arrival_ts": 1758813575229}
{"action": "send", "src": "AU-N26", "dst": "EU-N86", "hlc": {"phys": 1758813600753, "cnt": 0, "node": "AU-N26"}, "package_id": "PKG13574", "payload": {"status": "RECEIVED"}, "sent_ts": 1758813575493, "arrival_ts": 1758813575493}
{"action": "send", "src": "AU-N26", "dst": "EU-N86", "hlc": {"phys": 1758813601051, "cnt": 0, "node": "AU-N26"}, "package_id": "PKG13574", "payload": {"status": "DELIVERED"}, "sent_ts": 1758813575791, "arrival_ts": 1758813575791}
{"action": "recv", "src": "EU-N7", "dst": "AU-N26", "hlc": {"phys": 1758814475074, "cnt": 0, "node": "EU-N7"}, "package_id": "PKG14470", "payload": {"status": "CREATED"}, "sent_ts": 1758814470004, "arrival_ts": 1758814470204}
{"action": "recv", "src": "EU-N7", "dst": "AU-N26", "hlc": {"phys": 1758814475476, "cnt": 0, "node": "EU-N7"}, "package_id": "PKG14470", "payload": {"status": "SENT"}, "sent_ts": 1758814470406, "arrival_ts": 1758814470523}
{"action": "recv", "src": "EU-N7", "dst": "AU-N26", "hlc": {"phys": 1758814475791, "cnt": 0, "node": "EU-N7"}, "package_id": "PKG14470", "payload": {"status": "IN_TRANSIT"}, "sent_ts": 1758814470721, "arrival_ts": 1758814470898}
{"action": "recv", "src": "EU-N7", "dst": "AU-N26", "hlc": {"phys": 1758814476177, "cnt": 0, "node": "EU-N7"}, "package_id": "PKG14470", "payload": {"status": "RECEIVED"}, "sent_ts": 1758814471107, "arrival_ts": 1758814471230}
{"action": "recv", "src": "EU-N7", "dst": "AU-N26", "hlc": {"phys": 1758814476502, "cnt": 0, "node": "EU-N7"}, "package_id": "PKG14470", "payload": {"status": "DELIVERED"}, "sent_ts": 1758814471432, "arrival_ts": 1758814471630}
