{"action": "send", "src": "AU-N55", "dst": "NA-N96", "hlc": {"phys": 1758713079828, "cnt": 0, "node": "AU-N55"}, "package_id": "PKG13054", "payload": {"status": "CREATED"}, "sent_ts": 1758713054278, "arrival_ts": 1758713054278}
{"action": "send", "src": "AU-N55", "dst": "NA-N96", "hlc": {"phys": 1758713080076, "cnt": 0, "node": "AU-N55"}, "package_id": "PKG13054", "payload": {"status": "SENT"}, "sent_ts": 1758713054526, "arrival_ts": 1758713054526}
{"action": "send", "src": "AU-N55", "dst": "NA-N96", "hlc": {"phys": 1758713080311, "cnt": 0, "node": "AU-N55"}, "package_id": "PKG13054", "payload": {"status": "IN_TRANSIT"}, "sent_ts": 1758713054761, "arrival_ts": 1758713054761}
{"action": "send", "src": "AU-N55", "dst": "NA-N96", "hlc": {"phys": 1758713080622, "cnt": 0, "node": "AU-N55"}, "package_id": "PKG13054", "payload": {"status": "RECEIVED"}, "sent_ts": 1758713055072, "arrival_ts": 1758713055072}
{"action": "send", "src": "AU-N55", "dst": "NA-N96", "hlc": {"phys": 1758713080886, "cnt": 0, "node": "AU-N55"}, "package_id": "PKG13054", "payload": {"status": "DELIVERED"}, "sent_ts": 1758713055336, "arrival_ts": 1758713055336}
{"action": "send", "src": "AU-N55", "dst": "AN-N66", "hlc": {"phys": 1758713443187, "cnt": 0, "node": "AU-N55"}, "package_id": "PKG13417", "payload": {"status": "CREATED"}, "sent_ts": 1758713417637, "arrival_ts": 1758713417637}
{"action": "send", "src": "AU-N55", "dst": "AN-N66", "hlc": {"phys": 1758713443530, "cnt": 0, "node": "AU-N55"}, "package_id": "PKG13417", "payload": {"status": "SENT"}, "sent_ts": 1758713417980, "arrival_ts": 1758713417980}
{"action": "send", "src": "AU-N55", "dst": "AN-N66", "hlc": {"phys": 1758713443794, "cnt": 0, "node": "AU-N55"}, "package_id": "PKG13417", "payload": {"status": "IN_TRANSIT"}, "sent_ts": 1758713418244, "arrival_ts": 1758713418244}
{"action": "send", "src": "AU-N55", "dst": "AN-N66", "hlc": {"phys": 1758713444205, "cnt": 0, "node": "AU-N55"}, "package_id": "PKG13417", "payload": {"status": "RECEIVED"}, "sent_ts": 1758713418655, "arrival_ts": 1758713418655}
{"action": "send", "src": "AU-N55", "dst": "AN-N66", "hlc": {"phys": 1758713444625, "cnt": 0, "node": "AU-N55"}, "package_id": "PKG13417", "payload": {"status": "DELIVERED"}, "sent_ts": 1758713419075, "arrival_ts": 1758713419075}
{"action": "send", "src": "AU-N55", "dst": "EU-N166", "hlc": {"phys": 1758713546385, "cnt": 0, "node": "AU-N55"}, "package_id": "PKG13520", "payload": {"status": "CREATED"}, "sent_ts": 1758713520835, "arrival_ts": 1758713520835}
{"action": "send", "src": "AU-N55", "dst": "EU-N166", "hlc": {"phys": 1758713546648, "cnt": 0, "node": "AU-N55"}, "package_id": "PKG13520", "payload": {"status": "SENT"}, "sent_ts": 1758713521098, "arrival_ts": 1758713521099}
{"action": "send", "src": "AU-N55", "dst": "EU-N166", "hlc": {"phys": 1758713546981, "cnt": 0, "node": "AU-N55"}, "package_id": "PKG13520", "payload": {"status": "IN_TRANSIT"}, "sent_ts": 1758713521431, "arrival_ts": 1758713521431}
{"action": "send", "src": "AU-N55", "dst": "EU-N166", "hlc": {"phys": 1758713547388, "cnt": 0, "node": "AU-N55"}, "package_id": "PKG13520", "payload": {"status": "RECEIVED"}, "sent_ts": 1758713521838, "arrival_ts": 1758713521838}
{"action": "send", "src": "AU-N55", "dst": "EU-N166", "hlc": {"phys": 1758713547665, "cnt": 0, "node": "AU-N55"}, "package_id": "PKG13520", "payload": {"status": "DELIVERED"}, "sent_ts": 1758713522115, "arrival_ts": 1758713522115}
{"action": "send", "src": "AU-N55", "dst": "SA-N171", "hlc": {"phys": 1758719470491, "cnt": 0, "node": "AU-N55"}, "package_id": "PKG19444", "payload": {"status": "CREATED"}, "sent_ts": 1758719444941, "arrival_ts": 1758719444941}
{"action": "send", "src": "AU-N55", "dst": "SA-N171", "hlc": {"phys": 1758719470752, "cnt": 0, "node": "AU-N55"}, "package_id": "PKG19444", "payload": {"status": "SENT"}, "sent_ts": 1758719445202, "arrival_ts": 1758719445202}
{"action": "send", "src": "AU-N55", "dst": "SA-N171", "hlc": {"phys": 1758719470986, "cnt": 0, "node": "AU-N55"}, "package_id": "PKG19444", "payload": {"status": "IN_TRANSIT"}, "sent_ts": 1758719445436, "arrival_ts": 1758719445436}
{"action": "send", "src": "AU-N55", "dst": "SA-N171", "hlc": {"phys": 1758719471364, "cnt": 0, "node": "AU-N55"}, "package_id": "PKG19444", "payload": {"status": "RECEIVED"}, "sent_ts": 1758719445814, "arrival_ts": 1758719445814}
{"action": "send", "src": "AU-N55", "dst": "SA-N171", "hlc": {"phys": 1758719471690, "cnt": 0, "node": "AU-N55"}, "package_id": "PKG19444", "payload": {"status": "DELIVERED"}, "sent_ts": 1758719446140, "arrival_ts": 1758719446140}
{"action": "recv", "src": "AN-N80", "dst": "AU-N55", "hlc": {"phys": 1758739325070, "cnt": 0, "node": "AN-N80"}, "package_id": "PKG39294", "payload": {"status": "CREATED"}, "sent_ts": 1758739294270, "arrival_ts": 1758739294393}
{"action": "recv", "src": "AN-N80", "dst": "AU-N55", "hlc": {"phys": 1758739325398, "cnt": 0, "node": "AN-N80"}, "package_id": "PKG39294", "payload": {"status": "SENT"}, "sent_ts": 1758739294598, "arrival_ts": 1758739294658}
{"action": "recv", "src": "AN-N80", "dst": "AU-N55", "hlc": {"phys": 1758739325665, "cnt": 0, "node": "AN-N80"}, "package_id": "PKG39294", "payload": {"status": "IN_TRANSIT"}, "sent_ts": 1758739294865, "arrival_ts": 1758739294983}
{"action": "recv", "src": "AN-N80", "dst": "AU-N55", "hlc": {"phys": 1758739325980, "cnt": 0, "node": "AN-N80"}, "package_id": "PKG39294", "payload": {"status": "RECEIVED"}, "sent_ts": 1758739295180, "arrival_ts": 1758739295197}
{"action": "recv", "src": "AN-N80", "dst": "AU-N55", "hlc": {"phys": 1758739326216, "cnt": 0, "node": "AN-N80"}, "package_id": "PKG39294", "payload": {"status": "DELIVERED"}, "sent_ts": 1758739295416, "arrival_ts": 1758739295465}
{"action": "recv", "src": "AF-N126", "dst": "AU-N55", "hlc": {"phys": 1758740452425, "cnt": 0, "node": "AF-N126"}, "package_id": "PKG40436", "payload": {"status": "CREATED"}, "sent_ts": 1758740436165, "arrival_ts": 1758740436191}
{"action": "recv", "src": "AF-N126", "dst": "AU-N55", "hlc": {"phys": 1758740452680, "cnt": 0, "node": "AF-N126"}, "package_id": "PKG40436", "payload": {"status": "SENT"}, "sent_ts": 1758740436420, "arrival_ts": 1758740436567}
{"action": "recv", "src": "AF-N126", "dst": "AU-N55", "hlc": {"phys": 1758740453026, "cnt": 0, "node": "AF-N126"}, "package_id": "PKG40436", "payload": {"status": "IN_TRANSIT"}, "sent_ts": 1758740436766, "arrival_ts": 1758740436889}
{"action": "recv", "src": "AF-N126", "dst": "AU-N55", "hlc": {"phys": 1758740453360, "cnt": 0, "node": "AF-N126"}, "package_id": "PKG40436", "payload": {"status": "RECEIVED"}, "sent_ts": 1758740437100, "arrival_ts": 1758740437118}
{"action": "recv", "src": "AF-N126", "dst": "AU-N55", "hlc": {"phys": 1758740453584, "cnt": 0, "node": "AF-N126"}, "package_id": "PKG40436", "payload": {"status": "DELIVERED"}, "sent_ts": 1758740437324, "arrival_ts": 1758740437426}
{"action": "recv", "src": "SA-N14", "dst": "AU-N55", "hlc": {"phys": 1758741455933, "cnt": 0, "node": "SA-N14"}, "package_id": "PKG41435", "payload": {"status": "CREATED"}, "sent_ts": 1758741435793, "arrival_ts": 1758741435910}
{"action": "recv", "src": "SA-N14", "dst": "AU-N55", "hlc": {"phys": 1758741456241, "cnt": 0, "node": "SA-N14"}, "package_id": "PKG41435", "payload": {"status": "SENT"}, "sent_ts": 1758741436101, "arrival_ts": 1758741436144}
{"action": "recv", "src": "SA-N14", "dst": "AU-N55", "hlc": {"phys": 1758741456489, "cnt": 0, "node": "SA-N14"}, "package_id": "PKG41435", "payload": {"status": "IN_TRANSIT"}, "sent_ts": 1758741436349, "arrival_ts": 1758741436363}
{"action": "recv", "src": "SA-N14", "dst": "AU-N55", "hlc": {"phys": 1758741456705, "cnt": 0, "node": "SA-N14"}, "package_id": "PKG41435", "payload": {"status": "RECEIVED"}, "sent_ts": 1758741436565, "arrival_ts": 1758741436739}
{"action": "recv", "src": "SA-N14", "dst": "AU-N55", "hlc": {"phys": 1758741457090, "cnt": 0, "node": "SA-N14"}, "package_id": "PKG41435", "payload": {"status": "DELIVERED"}, "sent_ts": 1758741436950, "arrival_ts": 1758741437014}
{"action": "send", "src": "AU-N55", "dst": "AF-N86", "hlc": {"phys": 1758747054972, "cnt": 0, "node": "AU-N55"}, "package_id": "PKG47029", "payload": {"status": "CREATED"}, "sent_ts": 1758747029422, "arrival_ts": 1758747029422}
{"action": "send", "src": "AU-N55", "dst": "AF-N86", "hlc": {"phys": 1758747055389, "cnt": 0, "node": "AU-N55"}, "package_id": "PKG47029", "payload": {"status": "SENT"}, "sent_ts": 1758747029839, "arrival_ts": 1758747029839}
{"action": "send", "src": "AU-N55", "dst": "AF-N86", "hlc": {"phys": 1758747055700, "cnt": 0, "node": "AU-N55"}, "package_id": "PKG47029", "payload": {"status": "IN_TRANSIT"}, "sent_ts": 1758747030150, "arrival_ts": 1758747030150}
{"action": "send", "src": "AU-N55", "dst": "AF-N86", "hlc": {"phys": 1758747056060, "cnt": 0, "node": "AU-N55"}, "package_id": "PKG47029", "payload": {"status": "RECEIVED"}, "sent_ts": 1758747030510, "arrival_ts": 1758747030510}
{"action": "send", "src": "AU-N55", "dst": "AF-N86", "hlc": {"phys": 1758747056445, "cnt": 0, "node": "AU-N55"}, "package_id": "PKG47029", "payload": {"status": "DELIVERED"}, "sent_ts": 1758747030895, "arrival_ts": 1758747030895}
{"action": "recv", "src": "EU-N15", "dst": "AU-N55", "hlc": {"phys": 1758747121161, "cnt": 0, "node": "EU-N15"}, "package_id": "PKG47116", "payload": {"status": "CREATED"}, "sent_ts": 1758747116011, "arrival_ts": 1758747116197}
{"action": "recv", "src": "EU-N15", "dst": "AU-N55", "hlc": {"phys": 1758747121547, "cnt": 0, "node": "EU-N15"}, "package_id": "PKG47116", "payload": {"status": "SENT"}, "sent_ts": 1758747116397, "arrival_ts": 1758747116532}
{"action": "recv", "src": "EU-N15", "dst": "AU-N55", "hlc": {"phys": 1758747121889, "cnt": 0, "node": "EU-N15"}, "package_id": "PKG47116", "payload": {"status": "IN_TRANSIT"}, "sent_ts": 1758747116739, "arrival_ts": 1758747116759}
{"action": "recv", "src": "EU-N15", "dst": "AU-N55", "hlc": {"phys": 1758747122120, "cnt": 0, "node": "EU-N15"}, "package_id": "PKG47116", "payload": {"status": "RECEIVED"}, "sent_ts": 1758747116970, "arrival_ts": 1758747117078}
{"action": "recv", "src": "EU-N15", "dst": "AU-N55", "hlc": {"phys": 1758747123482, "cnt": 0, "node": "EU-N15"}, "package_id": "PKG47116", "payload": {"status": "DELIVERED"}, "sent_ts": 1758747118331, "arrival_ts": 1758747118444}
{"action": "send", "src": "AU-N55", "dst": "SA-N88", "hlc": {"phys": 1758747337265, "cnt": 0, "node": "AU-N55"}, "package_id": "PKG47311", "payload": {"status": "CREATED"}, "sent_ts": 1758747311715, "arrival_ts": 1758747311715}
{"action": "send", "src": "AU-N55", "dst": "SA-N88", "hlc": {"phys": 1758747337651, "cnt": 0, "node": "AU-N55"}, "package_id": "PKG47311", "payload": {"status": "SENT"}, "sent_ts": 1758747312101, "arrival_ts": 1758747312101}
{"action": "send", "src": "AU-N55", "dst": "SA-N88", "hlc": {"phys": 1758747337977, "cnt": 0, "node": "AU-N55"}, "package_id": "PKG47311", "payload": {"status": "IN_TRANSIT"}, "sent_ts": 1758747312427, "arrival_ts": 1758747312427}
{"action": "send", "src": "AU-N55", "dst": "SA-N88", "hlc": {"phys": 1758747338224, "cnt": 0, "node": "AU-N55"}, "package_id": "PKG47311", "payload": {"status": "RECEIVED"}, "sent_ts": 1758747312674, "arrival_ts": 1758747312674}
{"action": "send", "src": "AU-N55", "dst": "SA-N88", "hlc": {"phys": 1758747338515, "cnt": 0, "node": "AU-N55"}, "package_id": "PKG47311", "payload": {"status": "DELIVERED"}, "sent_ts": 1758747312965, "arrival_ts": 1758747312965}
{"action": "recv", "src": "AS-N109", "dst": "AU-N55", "hlc": {"phys": 1758749837969, "cnt": 0, "node": "AS-N109"}, "package_id": "PKG49826", "payload": {"status": "CREATED"}, "sent_ts": 1758749826879, "arrival_ts": 1758749826908}
{"action": "recv", "src": "AS-N109", "dst": "AU-N55", "hlc": {"phys": 1758749838217, "cnt": 0, "node": "AS-N109"}, "package_id": "PKG49826", "payload": {"status": "SENT"}, "sent_ts": 1758749827127, "arrival_ts": 1758749827178}
{"action": "recv", "src": "AS-N109", "dst": "AU-N55", "hlc": {"phys": 1758749838468, "cnt": 0, "node": "AS-N109"}, "package_id": "PKG49826", "payload": {"status": "IN_TRANSIT"}, "sent_ts": 1758749827378, "arrival_ts": 1758749827411}
{"action": "recv", "src": "AS-N109", "dst": "AU-N55", "hlc": {"phys": 1758749838718, "cnt": 0, "node": "AS-N109"}, "package_id": "PKG49826", "payload": {"status": "RECEIVED"}, "sent_ts": 1758749827628, "arrival_ts": 1758749827750}
{"action": "recv", "src": "AS-N109", "dst": "AU-N55", "hlc": {"phys": 1758749839035, "cnt": 0, "node": "AS-N109"}, "package_id": "PKG49826", "payload": {"status": "DELIVERED"}, "sent_ts": 1758749827945, "arrival_ts": 1758749828083}
{"action": "send", "src": "AU-N55", "dst": "AS-N109", "hlc": {"phys": 1758755495331, "cnt": 0, "node": "AU-N55"}, "package_id": "PKG55469", "payload": {"status": "CREATED"}, "sent_ts": 1758755469781, "arrival_ts": 1758755469781}
{"action": "send", "src": "AU-N55", "dst": "AS-N109", "hlc": {"phys": 1758755495633, "cnt": 0, "node": "AU-N55"}, "package_id": "PKG55469", "payload": {"status": "SENT"}, "sent_ts": 1758755470083, "arrival_ts": 1758755470083}
{"action": "send", "src": "AU-N55", "dst": "AS-N109", "hlc": {"phys": 1758755495964, "cnt": 0, "node": "AU-N55"}, "package_id": "PKG55469", "payload": {"status": "IN_TRANSIT"}, "sent_ts": 1758755470414, "arrival_ts": 1758755470414}
{"action": "send", "src": "AU-N55", "dst": "AS-N109", "hlc": {"phys": 1758755496273, "cnt": 0, "node": "AU-N55"}, "package_id": "PKG55469", "payload": {"status": "RECEIVED"}, "sent_ts": 1758755470723, "arrival_ts": 1758755470723}
{"action": "send", "src": "AU-N55", "dst": "AS-N109", "hlc": {"phys": 1758755496604, "cnt": 0, "node": "AU-N55"}, "package_id": "PKG55469", "payload": {"status": "DELIVERED"}, "sent_ts": 1758755471054, "arrival_ts": 1758755471054}
{"action": "recv", "src": "AU-N15", "dst": "AU-N55", "hlc": {"phys": 1758757034929, "cnt": 0, "node": "AU-N15"}, "package_id": "PKG57009", "payload": {"status": "CREATED"}, "sent_ts": 1758757009779, "arrival_ts": 1758757009952}
{"action": "recv", "src": "AU-N15", "dst": "AU-N55", "hlc": {"phys": 1758757035296, "cnt": 0, "node": "AU-N15"}, "package_id": "PKG57009", "payload": {"status": "SENT"}, "sent_ts": 1758757010146, "arrival_ts": 1758757010336}
{"action": "recv", "src": "AU-N15", "dst": "AU-N55", "hlc": {"phys": 1758757035694, "cnt": 0, "node": "AU-N15"}, "package_id": "PKG57009", "payload": {"status": "IN_TRANSIT"}, "sent_ts": 1758757010544, "arrival_ts": 1758757010573}
{"action": "recv", "src": "AU-N15", "dst": "AU-N55", "hlc": {"phys": 1758757035926, "cnt": 0, "node": "AU-N15"}, "package_id": "PKG57009", "payload": {"status": "RECEIVED"}, "sent_ts": 1758757010776, "arrival_ts": 1758757010903}
{"action": "recv", "src": "AU-N15", "dst": "AU-N55", "hlc": {"phys": 1758757036265, "cnt": 0, "node": "AU-N15"}, "package_id": "PKG57009", "payload": {"status": "DELIVERED"}, "sent_ts": 1758757011115, "arrival_ts": 1758757011202}
{"action": "send", "src": "AU-N55", "dst": "AU-N107", "hlc": {"phys": 1758757845450, "cnt": 0, "node": "AU-N55"}, "package_id": "PKG57819", "payload": {"status": "CREATED"}, "sent_ts": 1758757819900, "arrival_ts": 1758757819900}
{"action": "send", "src": "AU-N55", "dst": "AU-N107", "hlc": {"phys": 1758757845850, "cnt": 0, "node": "AU-N55"}, "package_id": "PKG57819", "payload": {"status": "SENT"}, "sent_ts": 1758757820300, "arrival_ts": 1758757820300}
{"action": "send", "src": "AU-N55", "dst": "AU-N107", "hlc": {"phys": 1758757846091, "cnt": 0, "node": "AU-N55"}, "package_id": "PKG57819", "payload": {"status": "IN_TRANSIT"}, "sent_ts": 1758757820541, "arrival_ts": 1758757820541}
{"action": "send", "src": "AU-N55", "dst": "AU-N107", "hlc": {"phys": 1758757846505, "cnt": 0, "node": "AU-N55"}, "package_id": "PKG57819", "payload": {"status": "RECEIVED"}, "sent_ts": 1758757820955, "arrival_ts": 1758757820955}
{"action": "send", "src": "AU-N55", "dst": "AU-N107", "hlc": {"phys": 1758757846807, "cnt": 0, "node": "AU-N55"}, "package_id": "PKG57819", "payload": {"status": "DELIVERED"}, "sent_ts": 1758757821257, "arrival_ts": 1758757821257}
{"action": "recv", "src": "SA-N190", "dst": "AU-N55", "hlc": {"phys": 1758759112075, "cnt": 0, "node": "SA-N190"}, "package_id": "PKG59090", "payload": {"status": "CREATED"}, "sent_ts": 1758759090175, "arrival_ts": 1758759090266}
{"action": "recv", "src": "SA-N190", "dst": "AU-N55", "hlc": {"phys": 1758759112379, "cnt": 0, "node": "SA-N190"}, "package_id": "PKG59090", "payload": {"status": "SENT"}, "sent_ts": 1758759090479, "arrival_ts": 1758759090548}
{"action": "recv", "src": "SA-N190", "dst": "AU-N55", "hlc": {"phys": 1758759112653, "cnt": 0, "node": "SA-N190"}, "package_id": "PKG59090", "payload": {"status": "IN_TRANSIT"}, "sent_ts": 1758759090753, "arrival_ts": 1758759090942}
{"action": "recv", "src": "SA-N190", "dst": "AU-N55", "hlc": {"phys": 1758759113052, "cnt": 0, "node": "SA-N190"}, "package_id": "PKG59090", "payload": {"status": "RECEIVED"}, "sent_ts": 1758759091152, "arrival_ts": 1758759091321}
{"action": "recv", "src": "SA-N190", "dst": "AU-N55", "hlc": {"phys": 1758759113429, "cnt": 0, "node": "SA-N190"}, "package_id": "PKG59090", "payload": {"status": "DELIVERED"}, "sent_ts": 1758759091529, "arrival_ts": 1758759091584}
{"action": "send", "src": "AU-N55", "dst": "NA-N31", "hlc": {"phys": 1758761702047, "cnt": 0, "node": "AU-N55"}, "package_id": "PKG61676", "payload": {"status": "CREATED"}, "sent_ts": 1758761676497, "arrival_ts": 1758761676497}
{"action": "send", "src": "AU-N55", "dst": "NA-N31", "hlc": {"phys": 1758761702445, "cnt": 0, "node": "AU-N55"}, "package_id": "PKG61676", "payload": {"status": "SENT"}, "sent_ts": 1758761676895, "arrival_ts": 1758761676895}
{"action": "send", "src": "AU-N55", "dst": "NA-N31", "hlc": {"phys": 1758761702824, "cnt": 0, "node": "AU-N55"}, "package_id": "PKG61676", "payload": {"status": "IN_TRANSIT"}, "sent_ts": 1758761677274, "arrival_ts": 1758761677274}
{"action": "send", "src": "AU-N55", "dst": "NA-N31", "hlc": {"phys": 1758761703166, "cnt": 0, "node": "AU-N55"}, "package_id": "PKG61676", "payload": {"status": "RECEIVED"}, "sent_ts": 1758761677616, "arrival_ts": 1758761677616}
{"action": "send", "src": "AU-N55", "dst": "NA-N31", "hlc": {"phys": 1758761703417, "cnt": 0, "node": "AU-N55"}, "package_id": "PKG61676", "payload": {"status": "DELIVERED"}, "sent_ts": 1758761677867, "arrival_ts": 1758761677867}
{"action": "send", "src": "AU-N55", "dst": "AF-N84", "hlc": {"phys": 1758764621996, "cnt": 0, "node": "AU-N55"}, "package_id": "PKG64596", "payload": {"status": "CREATED"}, "sent_ts": 1758764596446, "arrival_ts": 1758764596446}
{"action": "send", "src": "AU-N55", "dst": "AF-N84", "hlc": {"phys": 1758764622353, "cnt": 0, "node": "AU-N55"}, "package_id": "PKG64596", "payload": {"status": "SENT"}, "sent_ts": 1758764596803, "arrival_ts": 1758764596803}
{"action": "send", "src": "AU-N55", "dst": "AF-N84", "hlc": {"phys": 1758764622758, "cnt": 0, "node": "AU-N55"}, "package_id": "PKG64596", "payload": {"status": "IN_TRANSIT"}, "sent_ts": 1758764597208, "arrival_ts": 1758764597208}
{"action": "send", "src": "AU-N55", "dst": "AF-N84", "hlc": {"phys": 1758764623005, "cnt": 0, "node": "AU-N55"}, "package_id": "PKG64596", "payload": {"status": "RECEIVED"}, "sent_ts": 1758764597455, "arrival_ts": 1758764597455}
{"action": "send", "src": "AU-N55", "dst": "AF-N84", "hlc": {"phys": 1758764623406, "cnt": 0, "node": "AU-N55"}, "package_id": "PKG64596", "payload": {"status": "DELIVERED"}, "sent_ts": 1758764597856, "arrival_ts": 1758764597856}
{"action": "recv", "src": "EU-N165", "dst": "AU-N55", "hlc": {"phys": 1758803117685, "cnt": 0, "node": "EU-N165"}, "package_id": "PKG3111", "payload": {"status": "CREATED"}, "sent_ts": 1758803111035, "arrival_ts": 1758803111214}
{"action": "recv", "src": "EU-N165", "dst": "AU-N55", "hlc": {"phys": 1758803118056, "cnt": 0, "node": "EU-N165"}, "package_id": "PKG3111", "payload": {"status": "SENT"}, "sent_ts": 1758803111406, "arrival_ts": 1758803111506}
{"action": "recv", "src": "EU-N165", "dst": "AU-N55", "hlc": {"phys": 1758803118364, "cnt": 0, "node": "EU-N165"}, "package_id": "PKG3111", "payload": {"status": "IN_TRANSIT"}, "sent_ts": 1758803111714, "arrival_ts": 1758803111827}
{"action": "recv", "src": "EU-N165", "dst": "AU-N55", "hlc": {"phys": 1758803118688, "cnt": 0, "node": "EU-N165"}, "package_id": "PKG3111", "payload": {"status": "RECEIVED"}, "sent_ts": 1758803112038, "arrival_ts": 1758803112171}
{"action": "recv", "src": "EU-N165", "dst": "AU-N55", "hlc": {"phys": 1758803119012, "cnt": 0, "node": "EU-N165"}, "package_id": "PKG3111", "payload": {"status": "DELIVERED"}, "sent_ts": 1758803112362, "arrival_ts": 1758803112444}
{"action": "send", "src": "AU-N55", "dst": "EU-N102", "hlc": {"phys": 1758803391159, "cnt": 0, "node": "AU-N55"}, "package_id": "PKG3365", "payload": {"status": "CREATED"}, "sent_ts": 1758803365609, "arrival_ts": 1758803365609}
{"action": "send", "src": "AU-N55", "dst": "EU-N102", "hlc": {"phys": 1758803391557, "cnt": 0, "node": "AU-N55"}, "package_id": "PKG3365", "payload": {"status": "SENT"}, "sent_ts": 1758803366007, "arrival_ts": 1758803366007}
{"action": "send", "src": "AU-N55", "dst": "EU-N102", "hlc": {"phys": 1758803391809, "cnt": 0, "node": "AU-N55"}, "package_id": "PKG3365", "payload": {"status": "IN_TRANSIT"}, "sent_ts": 1758803366259, "arrival_ts": 1758803366259}
{"action": "send", "src": "AU-N55", "dst": "EU-N102", "hlc": {"phys": 1758803392142, "cnt": 0, "node": "AU-N55"}, "package_id": "PKG3365", "payload": {"status": "RECEIVED"}, "sent_ts": 1758803366592, "arrival_ts": 1758803366592}
{"action": "send", "src": "AU-N55", "dst": "EU-N102", "hlc": {"phys": 1758803392372, "cnt": 0, "node": "AU-N55"}, "package_id": "PKG3365", "payload": {"status": "DELIVERED"}, "sent_ts": 1758803366822, "arrival_ts": 1758803366822}
{"action": "recv", "src": "NA-N7", "dst": "AU-N55", "hlc": {"phys": 1758805684690, "cnt": 0, "node": "NA-N7"}, "package_id": "PKG5684", "payload": {"status": "CREATED"}, "sent_ts": 1758805684620, "arrival_ts": 1758805684804}
{"action": "recv", "src": "NA-N7", "dst": "AU-N55", "hlc": {"phys": 1758805685080, "cnt": 0, "node": "NA-N7"}, "package_id": "PKG5684", "payload": {"status": "SENT"}, "sent_ts": 1758805685010, "arrival_ts": 1758805685171}
{"action": "recv", "src": "NA-N7", "dst": "AU-N55", "hlc": {"phys": 1758805685450, "cnt": 0, "node": "NA-N7"}, "package_id": "PKG5684", "payload": {"status": "IN_TRANSIT"}, "sent_ts": 1758805685380, "arrival_ts": 1758805685504}
{"action": "recv", "src": "NA-N7", "dst": "AU-N55", "hlc": {"phys": 1758805685775, "cnt": 0, "node": "NA-N7"}, "package_id": "PKG5684", "payload": {"status": "RECEIVED"}, "sent_ts": 1758805685705, "arrival_ts": 1758805685794}
{"action": "recv", "src": "NA-N7", "dst": "AU-N55", "hlc": {"phys": 1758805686057, "cnt": 0, "node": "NA-N7"}, "package_id": "PKG5684", "payload": {"status": "DELIVERED"}, "sent_ts": 1758805685987, "arrival_ts": 1758805686033}
