{"action": "send", "src": "AU-N87", "dst": "AU-N57", "hlc": {"phys": 1758714490339, "cnt": 0, "node": "AU-N87"}, "package_id": "PKG14464", "payload": {"status": "CREATED"}, "sent_ts": 1758714464469, "arrival_ts": 1758714464469}
{"action": "send", "src": "AU-N87", "dst": "AU-N57", "hlc": {"phys": 1758714490698, "cnt": 0, "node": "AU-N87"}, "package_id": "PKG14464", "payload": {"status": "SENT"}, "sent_ts": 1758714464828, "arrival_ts": 1758714464828}
{"action": "send", "src": "AU-N87", "dst": "AU-N57", "hlc": {"phys": 1758714490969, "cnt": 0, "node": "AU-N87"}, "package_id": "PKG14464", "payload": {"status": "IN_TRANSIT"}, "sent_ts": 1758714465099, "arrival_ts": 1758714465099}
{"action": "send", "src": "AU-N87", "dst": "AU-N57", "hlc": {"phys": 1758714491231, "cnt": 0, "node": "AU-N87"}, "package_id": "PKG14464", "payload": {"status": "RECEIVED"}, "sent_ts": 1758714465361, "arrival_ts": 1758714465361}
{"action": "send", "src": "AU-N87", "dst": "AU-N57", "hlc": {"phys": 1758714491625, "cnt": 0, "node": "AU-N87"}, "package_id": "PKG14464", "payload": {"status": "DELIVERED"}, "sent_ts": 1758714465755, "arrival_ts": 1758714465755}
{"action": "recv", "src": "AN-N177", "dst": "AU-N87", "hlc": {"phys": 1758718570313, "cnt": 0, "node": "AN-N177"}, "package_id": "PKG18538", "payload": {"status": "CREATED"}, "sent_ts": 1758718538543, "arrival_ts": 1758718538739}
{"action": "recv", "src": "AN-N177", "dst": "AU-N87", "hlc": {"phys": 1758718570732, "cnt": 0, "node": "AN-N177"}, "package_id": "PKG18538", "payload": {"status": "SENT"}, "sent_ts": 1758718538962, "arrival_ts": 1758718539021}
{"action": "recv", "src": "AN-N177", "dst": "AU-N87", "hlc": {"phys": 1758718571002, "cnt": 0, "node": "AN-N177"}, "package_id": "PKG18538", "payload": {"status": "IN_TRANSIT"}, "sent_ts": 1758718539232, "arrival_ts": 1758718539302}
{"action": "recv", "src": "AN-N177", "dst": "AU-N87", "hlc": {"phys": 1758718571284, "cnt": 0, "node": "AN-N177"}, "package_id": "PKG18538", "payload": {"status": "RECEIVED"}, "sent_ts": 1758718539514, "arrival_ts": 1758718539688}
{"action": "recv", "src": "AN-N177", "dst": "AU-N87", "hlc": {"phys": 1758718571668, "cnt": 0, "node": "AN-N177"}, "package_id": "PKG18538", "payload": {"status": "DELIVERED"}, "sent_ts": 1758718539898, "arrival_ts": 1758718539940}
{"action": "send", "src": "AU-N87", "dst": "EU-N172", "hlc": {"phys": 1758718974541, "cnt": 0, "node": "AU-N87"}, "package_id": "PKG18948", "payload": {"status": "CREATED"}, "sent_ts": 1758718948671, "arrival_ts": 1758718948671}
{"action": "send", "src": "AU-N87", "dst": "EU-N172", "hlc": {"phys": 1758718974946, "cnt": 0, "node": "AU-N87"}, "package_id": "PKG18948", "payload": {"status": "SENT"}, "sent_ts": 1758718949076, "arrival_ts": 1758718949076}
{"action": "send", "src": "AU-N87", "dst": "EU-N172", "hlc": {"phys": 1758718975211, "cnt": 0, "node": "AU-N87"}, "package_id": "PKG18948", "payload": {"status": "IN_TRANSIT"}, "sent_ts": 1758718949341, "arrival_ts": 1758718949341}
{"action": "send", "src": "AU-N87", "dst": "EU-N172", "hlc": {"phys": 1758718975595, "cnt": 0, "node": "AU-N87"}, "package_id": "PKG18948", "payload": {"status": "RECEIVED"}, "sent_ts": 1758718949725, "arrival_ts": 1758718949725}
{"action": "send", "src": "AU-N87", "dst": "EU-N172", "hlc": {"phys": 1758718975857, "cnt": 0, "node": "AU-N87"}, "package_id": "PKG18948", "payload": {"status": "DELIVERED"}, "sent_ts": 1758718949987, "arrival_ts": 1758718949987}
{"action": "send", "src": "AU-N87", "dst": "AS-N56", "hlc": {"phys": 1758719297098, "cnt": 0, "node": "AU-N87"}, "package_id": "PKG19271", "payload": {"status": "CREATED"}, "sent_ts": 1758719271228, "arrival_ts": 1758719271228}
{"action": "send", "src": "AU-N87", "dst": "AS-N56", "hlc": {"phys": 1758719297355, "cnt": 0, "node": "AU-N87"}, "package_id": "PKG19271", "payload": {"status": "SENT"}, "sent_ts": 1758719271485, "arrival_ts": 1758719271485}
{"action": "send", "src": "AU-N87", "dst": "AS-N56", "hlc": {"phys": 1758719297667, "cnt": 0, "node": "AU-N87"}, "package_id": "PKG19271", "payload": {"status": "IN_TRANSIT"}, "sent_ts": 1758719271797, "arrival_ts": 1758719271797}
{"action": "send", "src": "AU-N87", "dst": "AS-N56", "hlc": {"phys": 1758719297891, "cnt": 0, "node": "AU-N87"}, "package_id": "PKG19271", "payload": {"status": "RECEIVED"}, "sent_ts": 1758719272021, "arrival_ts": 1758719272021}
{"action": "send", "src": "AU-N87", "dst": "AS-N56", "hlc": {"phys": 1758719298114, "cnt": 0, "node": "AU-N87"}, "package_id": "PKG19271", "payload": {"status": "DELIVERED"}, "sent_ts": 1758719272244, "arrival_ts": 1758719272244}
{"action": "send", "src": "AU-N87", "dst": "SA-N106", "hlc": {"phys": 1758719745574, "cnt": 0, "node": "AU-N87"}, "package_id": "PKG19719", "payload": {"status": "CREATED"}, "sent_ts": 1758719719704, "arrival_ts": 1758719719704}
{"action": "send", "src": "AU-N87", "dst": "SA-N106", "hlc": {"phys": 1758719745971, "cnt": 0, "node": "AU-N87"}, "package_id": "PKG19719", "payload": {"status": "SENT"}, "sent_ts": 1758719720101, "arrival_ts": 1758719720101}
{"action": "send", "src": "AU-N87", "dst": "SA-N106", "hlc": {"phys": 1758719746256, "cnt": 0, "node": "AU-N87"}, "package_id": "PKG19719", "payload": {"status": "IN_TRANSIT"}, "sent_ts": 1758719720386, "arrival_ts": 1758719720386}
{"action": "send", "src": "AU-N87", "dst": "SA-N106", "hlc": {"phys": 1758719746573, "cnt": 0, "node": "AU-N87"}, "package_id": "PKG19719", "payload": {"status": "RECEIVED"}, "sent_ts": 1758719720703, "arrival_ts": 1758719720703}
{"action": "send", "src": "AU-N87", "dst": "SA-N106", "hlc": {"phys": 1758719746842, "cnt": 0, "node": "AU-N87"}, "package_id": "PKG19719", "payload": {"status": "DELIVERED"}, "sent_ts": 1758719720972, "arrival_ts": 1758719720972}
{"action": "send", "src": "AU-N87", "dst": "AU-N158", "hlc": {"phys": 1758737850504, "cnt": 0, "node": "AU-N87"}, "package_id": "PKG37824", "payload": {"status": "CREATED"}, "sent_ts": 1758737824634, "arrival_ts": 1758737824634}
{"action": "send", "src": "AU-N87", "dst": "AU-N158", "hlc": {"phys": 1758737850901, "cnt": 0, "node": "AU-N87"}, "package_id": "PKG37824", "payload": {"status": "SENT"}, "sent_ts": 1758737825031, "arrival_ts": 1758737825031}
{"action": "send", "src": "AU-N87", "dst": "AU-N158", "hlc": {"phys": 1758737851187, "cnt": 0, "node": "AU-N87"}, "package_id": "PKG37824", "payload": {"status": "IN_TRANSIT"}, "sent_ts": 1758737825317, "arrival_ts": 1758737825317}
{"action": "send", "src": "AU-N87", "dst": "AU-N158", "hlc": {"phys": 1758737851574, "cnt": 0, "node": "AU-N87"}, "package_id": "PKG37824", "payload": {"status": "RECEIVED"}, "sent_ts": 1758737825704, "arrival_ts": 1758737825704}
{"action": "send", "src": "AU-N87", "dst": "AU-N158", "hlc": {"phys": 1758737851793, "cnt": 0, "node": "AU-N87"}, "package_id": "PKG37824", "payload": {"status": "DELIVERED"}, "sent_ts": 1758737825923, "arrival_ts": 1758737825923}
{"action": "send", "src": "AU-N87", "dst": "SA-N128", "hlc": {"phys": 1758738049961, "cnt": 0, "node": "AU-N87"}, "package_id": "PKG38024", "payload": {"status": "CREATED"}, "sent_ts": 1758738024091, "arrival_ts": 1758738024091}
{"action": "send", "src": "AU-N87", "dst": "SA-N128", "hlc": {"phys": 1758738050198, "cnt": 0, "node": "AU-N87"}, "package_id": "PKG38024", "payload": {"status": "SENT"}, "sent_ts": 1758738024328, "arrival_ts": 1758738024328}
{"action": "send", "src": "AU-N87", "dst": "SA-N128", "hlc": {"phys": 1758738050518, "cnt": 0, "node": "AU-N87"}, "package_id": "PKG38024", "payload": {"status": "IN_TRANSIT"}, "sent_ts": 1758738024648, "arrival_ts": 1758738024648}
{"action": "send", "src": "AU-N87", "dst": "SA-N128", "hlc": {"phys": 1758738050892, "cnt": 0, "node": "AU-N87"}, "package_id": "PKG38024", "payload": {"status": "RECEIVED"}, "sent_ts": 1758738025022, "arrival_ts": 1758738025022}
{"action": "send", "src": "AU-N87", "dst": "SA-N128", "hlc": {"phys": 1758738051183, "cnt": 0, "node": "AU-N87"}, "package_id": "PKG38024", "payload": {"status": "DELIVERED"}, "sent_ts": 1758738025313, "arrival_ts": 1758738025313}
{"action": "send", "src": "AU-N87", "dst": "AF-N129", "hlc": {"phys": 1758739691281, "cnt": 0, "node": "AU-N87"}, "package_id": "PKG39665", "payload": {"status": "CREATED"}, "sent_ts": 1758739665411, "arrival_ts": 1758739665411}
{"action": "send", "src": "AU-N87", "dst": "AF-N129", "hlc": {"phys": 1758739691663, "cnt": 0, "node": "AU-N87"}, "package_id": "PKG39665", "payload": {"status": "SENT"}, "sent_ts": 1758739665793, "arrival_ts": 1758739665793}
{"action": "send", "src": "AU-N87", "dst": "AF-N129", "hlc": {"phys": 1758739692041, "cnt": 0, "node": "AU-N87"}, "package_id": "PKG39665", "payload": {"status": "IN_TRANSIT"}, "sent_ts": 1758739666171, "arrival_ts": 1758739666171}
{"action": "send", "src": "AU-N87", "dst": "AF-N129", "hlc": {"phys": 1758739692404, "cnt": 0, "node": "AU-N87"}, "package_id": "PKG39665", "payload": {"status": "RECEIVED"}, "sent_ts": 1758739666534, "arrival_ts": 1758739666534}
{"action": "send", "src": "AU-N87", "dst": "AF-N129", "hlc": {"phys": 1758739692807, "cnt": 0, "node": "AU-N87"}, "package_id": "PKG39665", "payload": {"status": "DELIVERED"}, "sent_ts": 1758739666937, "arrival_ts": 1758739666937}
{"action": "recv", "src": "AF-N192", "dst": "AU-N87", "hlc": {"phys": 1758743242277, "cnt": 0, "node": "AF-N192"}, "package_id": "PKG43225", "payload": {"status": "CREATED"}, "sent_ts": 1758743225357, "arrival_ts": 1758743225525}
{"action": "recv", "src": "AF-N192", "dst": "AU-N87", "hlc": {"phys": 1758743242648, "cnt": 0, "node": "AF-N192"}, "package_id": "PKG43225", "payload": {"status": "SENT"}, "sent_ts": 1758743225728, "arrival_ts": 1758743225835}
{"action": "recv", "src": "AF-N192", "dst": "AU-N87", "hlc": {"phys": 1758743242972, "cnt": 0, "node": "AF-N192"}, "package_id": "PKG43225", "payload": {"status": "IN_TRANSIT"}, "sent_ts": 1758743226052, "arrival_ts": 1758743226064}
{"action": "recv", "src": "AF-N192", "dst": "AU-N87", "hlc": {"phys": 1758743243188, "cnt": 0, "node": "AF-N192"}, "package_id": "PKG43225", "payload": {"status": "RECEIVED"}, "sent_ts": 1758743226268, "arrival_ts": 1758743226364}
{"action": "recv", "src": "AF-N192", "dst": "AU-N87", "hlc": {"phys": 1758743243485, "cnt": 0, "node": "AF-N192"}, "package_id": "PKG43225", "payload": {"status": "DELIVERED"}, "sent_ts": 1758743226565, "arrival_ts": 1758743226634}
{"action": "send", "src": "AU-N87", "dst": "AN-N55", "hlc": {"phys": 1758744821411, "cnt": 0, "node": "AU-N87"}, "package_id": "PKG44795", "payload": {"status": "CREATED"}, "sent_ts": 1758744795541, "arrival_ts": 1758744795541}
{"action": "send", "src": "AU-N87", "dst": "AN-N55", "hlc": {"phys": 1758744821828, "cnt": 0, "node": "AU-N87"}, "package_id": "PKG44795", "payload": {"status": "SENT"}, "sent_ts": 1758744795958, "arrival_ts": 1758744795958}
{"action": "send", "src": "AU-N87", "dst": "AN-N55", "hlc": {"phys": 1758744822107, "cnt": 0, "node": "AU-N87"}, "package_id": "PKG44795", "payload": {"status": "IN_TRANSIT"}, "sent_ts": 1758744796237, "arrival_ts": 1758744796237}
{"action": "send", "src": "AU-N87", "dst": "AN-N55", "hlc": {"phys": 1758744822416, "cnt": 0, "node": "AU-N87"}, "package_id": "PKG44795", "payload": {"status": "RECEIVED"}, "sent_ts": 1758744796546, "arrival_ts": 1758744796546}
{"action": "send", "src": "AU-N87", "dst": "AN-N55", "hlc": {"phys": 1758744822788, "cnt": 0, "node": "AU-N87"}, "package_id": "PKG44795", "payload": {"status": "DELIVERED"}, "sent_ts": 1758744796918, "arrival_ts": 1758744796918}
{"action": "recv", "src": "AF-N152", "dst": "AU-N87", "hlc": {"phys": 1758745023203, "cnt": 0, "node": "AF-N152"}, "package_id": "PKG45006", "payload": {"status": "CREATED"}, "sent_ts": 1758745006683, "arrival_ts": 1758745006785}
{"action": "recv", "src": "AF-N152", "dst": "AU-N87", "hlc": {"phys": 1758745023512, "cnt": 0, "node": "AF-N152"}, "package_id": "PKG45006", "payload": {"status": "SENT"}, "sent_ts": 1758745006992, "arrival_ts": 1758745007021}
{"action": "recv", "src": "AF-N152", "dst": "AU-N87", "hlc": {"phys": 1758745023744, "cnt": 0, "node": "AF-N152"}, "package_id": "PKG45006", "payload": {"status": "IN_TRANSIT"}, "sent_ts": 1758745007224, "arrival_ts": 1758745007332}
{"action": "recv", "src": "AF-N152", "dst": "AU-N87", "hlc": {"phys": 1758745024062, "cnt": 0, "node": "AF-N152"}, "package_id": "PKG45006", "payload": {"status": "RECEIVED"}, "sent_ts": 1758745007542, "arrival_ts": 1758745007556}
{"action": "recv", "src": "AF-N152", "dst": "AU-N87", "hlc": {"phys": 1758745024278, "cnt": 0, "node": "AF-N152"}, "package_id": "PKG45006", "payload": {"status": "DELIVERED"}, "sent_ts": 1758745007758, "arrival_ts": 1758745007889}
{"action": "send", "src": "AU-N87", "dst": "AF-N86", "hlc": {"phys": 1758745789612, "cnt": 0, "node": "AU-N87"}, "package_id": "PKG45763", "payload": {"status": "CREATED"}, "sent_ts": 1758745763742, "arrival_ts": 1758745763742}
{"action": "send", "src": "AU-N87", "dst": "AF-N86", "hlc": {"phys": 1758745789975, "cnt": 0, "node": "AU-N87"}, "package_id": "PKG45763", "payload": {"status": "SENT"}, "sent_ts": 1758745764105, "arrival_ts": 1758745764105}
{"action": "send", "src": "AU-N87", "dst": "AF-N86", "hlc": {"phys": 1758745790361, "cnt": 0, "node": "AU-N87"}, "package_id": "PKG45763", "payload": {"status": "IN_TRANSIT"}, "sent_ts": 1758745764491, "arrival_ts": 1758745764491}
{"action": "send", "src": "AU-N87", "dst": "AF-N86", "hlc": {"phys": 1758745790626, "cnt": 0, "node": "AU-N87"}, "package_id": "PKG45763", "payload": {"status": "RECEIVED"}, "sent_ts": 1758745764756, "arrival_ts": 1758745764756}
{"action": "send", "src": "AU-N87", "dst": "AF-N86", "hlc": {"phys": 1758745791002, "cnt": 0, "node": "AU-N87"}, "package_id": "PKG45763", "payload": {"status": "DELIVERED"}, "sent_ts": 1758745765132, "arrival_ts": 1758745765132}
{"action": "recv", "src": "AN-N110", "dst": "AU-N87", "hlc": {"phys": 1758746019034, "cnt": 0, "node": "AN-N110"}, "package_id": "PKG45987", "payload": {"status": "CREATED"}, "sent_ts": 1758745987934, "arrival_ts": 1758745988005}
{"action": "recv", "src": "AN-N110", "dst": "AU-N87", "hlc": {"phys": 1758746019316, "cnt": 0, "node": "AN-N110"}, "package_id": "PKG45987", "payload": {"status": "SENT"}, "sent_ts": 1758745988216, "arrival_ts": 1758745988354}
{"action": "recv", "src": "AN-N110", "dst": "AU-N87", "hlc": {"phys": 1758746019665, "cnt": 0, "node": "AN-N110"}, "package_id": "PKG45987", "payload": {"status": "IN_TRANSIT"}, "sent_ts": 1758745988565, "arrival_ts": 1758745988665}
{"action": "recv", "src": "AN-N110", "dst": "AU-N87", "hlc": {"phys": 1758746019981, "cnt": 0, "node": "AN-N110"}, "package_id": "PKG45987", "payload": {"status": "RECEIVED"}, "sent_ts": 1758745988881, "arrival_ts": 1758745988980}
{"action": "recv", "src": "AN-N110", "dst": "AU-N87", "hlc": {"phys": 1758746020276, "cnt": 0, "node": "AN-N110"}, "package_id": "PKG45987", "payload": {"status": "DELIVERED"}, "sent_ts": 1758745989176, "arrival_ts": 1758745989360}
{"action": "recv", "src": "AU-N17", "dst": "AU-N87", "hlc": {"phys": 1758750083907, "cnt": 0, "node": "AU-N17"}, "package_id": "PKG50058", "payload": {"status": "CREATED"}, "sent_ts": 1758750058737, "arrival_ts": 1758750058912}
{"action": "recv", "src": "AU-N17", "dst": "AU-N87", "hlc": {"phys": 1758750084291, "cnt": 0, "node": "AU-N17"}, "package_id": "PKG50058", "payload": {"status": "SENT"}, "sent_ts": 1758750059121, "arrival_ts": 1758750059227}
{"action": "recv", "src": "AU-N17", "dst": "AU-N87", "hlc": {"phys": 1758750084598, "cnt": 0, "node": "AU-N17"}, "package_id": "PKG50058", "payload": {"status": "IN_TRANSIT"}, "sent_ts": 1758750059428, "arrival_ts": 1758750059587}
{"action": "recv", "src": "AU-N17", "dst": "AU-N87", "hlc": {"phys": 1758750084952, "cnt": 0, "node": "AU-N17"}, "package_id": "PKG50058", "payload": {"status": "RECEIVED"}, "sent_ts": 1758750059782, "arrival_ts": 1758750059904}
{"action": "recv", "src": "AU-N17", "dst": "AU-N87", "hlc": {"phys": 1758750085263, "cnt": 0, "node": "AU-N17"}, "package_id": "PKG50058", "payload": {"status": "DELIVERED"}, "sent_ts": 1758750060093, "arrival_ts": 1758750060226}
{"action": "recv", "src": "AN-N129", "dst": "AU-N87", "hlc": {"phys": 1758756014269, "cnt": 0, "node": "AN-N129"}, "package_id": "PKG55982", "payload": {"status": "CREATED"}, "sent_ts": 1758755982978, "arrival_ts": 1758755983125}
{"action": "recv", "src": "AN-N129", "dst": "AU-N87", "hlc": {"phys": 1758756014633, "cnt": 0, "node": "AN-N129"}, "package_id": "PKG55982", "payload": {"status": "SENT"}, "sent_ts": 1758755983343, "arrival_ts": 1758755983443}
{"action": "recv", "src": "AN-N129", "dst": "AU-N87", "hlc": {"phys": 1758756014950, "cnt": 0, "node": "AN-N129"}, "package_id": "PKG55982", "payload": {"status": "IN_TRANSIT"}, "sent_ts": 1758755983660, "arrival_ts": 1758755983744}
{"action": "recv", "src": "AN-N129", "dst": "AU-N87", "hlc": {"phys": 1758756015236, "cnt": 0, "node": "AN-N129"}, "package_id": "PKG55982", "payload": {"status": "RECEIVED"}, "sent_ts": 1758755983946, "arrival_ts": 1758755983968}
{"action": "recv", "src": "AN-N129", "dst": "AU-N87", "hlc": {"phys": 1758756015479, "cnt": 0, "node": "AN-N129"}, "package_id": "PKG55982", "payload": {"status": "DELIVERED"}, "sent_ts": 1758755984189, "arrival_ts": 1758755984283}
{"action": "send", "src": "AU-N87", "dst": "AF-N181", "hlc": {"phys": 1758757374322, "cnt": 0, "node": "AU-N87"}, "package_id": "PKG57348", "payload": {"status": "CREATED"}, "sent_ts": 1758757348452, "arrival_ts": 1758757348452}
{"action": "send", "src": "AU-N87", "dst": "AF-N181", "hlc": {"phys": 1758757374565, "cnt": 0, "node": "AU-N87"}, "package_id": "PKG57348", "payload": {"status": "SENT"}, "sent_ts": 1758757348695, "arrival_ts": 1758757348695}
{"action": "send", "src": "AU-N87", "dst": "AF-N181", "hlc": {"phys": 1758757374839, "cnt": 0, "node": "AU-N87"}, "package_id": "PKG57348", "payload": {"status": "IN_TRANSIT"}, "sent_ts": 1758757348969, "arrival_ts": 1758757348969}
{"action": "send", "src": "AU-N87", "dst": "AF-N181", "hlc": {"phys": 1758757375124, "cnt": 0, "node": "AU-N87"}, "package_id": "PKG57348", "payload": {"status": "RECEIVED"}, "sent_ts": 1758757349254, "arrival_ts": 1758757349254}
{"action": "send", "src": "AU-N87", "dst": "AF-N181", "hlc": {"phys": 1758757375425, "cnt": 0, "node": "AU-N87"}, "package_id": "PKG57348", "payload": {"status": "DELIVERED"}, "sent_ts": 1758757349555, "arrival_ts": 1758757349555}
{"action": "recv", "src": "EU-N159", "dst": "AU-N87", "hlc": {"phys": 1758758538840, "cnt": 0, "node": "EU-N159"}, "package_id": "PKG58532", "payload": {"status": "CREATED"}, "sent_ts": 1758758532250, "arrival_ts": 1758758532314}
{"action": "recv", "src": "EU-N159", "dst": "AU-N87", "hlc": {"phys": 1758758539118, "cnt": 0, "node": "EU-N159"}, "package_id": "PKG58532", "payload": {"status": "SENT"}, "sent_ts": 1758758532528, "arrival_ts": 1758758532621}
{"action": "recv", "src": "EU-N159", "dst": "AU-N87", "hlc": {"phys": 1758758539415, "cnt": 0, "node": "EU-N159"}, "package_id": "PKG58532", "payload": {"status": "IN_TRANSIT"}, "sent_ts": 1758758532825, "arrival_ts": 1758758532927}
{"action": "recv", "src": "EU-N159", "dst": "AU-N87", "hlc": {"phys": 1758758539732, "cnt": 0, "node": "EU-N159"}, "package_id": "PKG58532", "payload": {"status": "RECEIVED"}, "sent_ts": 1758758533142, "arrival_ts": 1758758533308}
{"action": "recv", "src": "EU-N159", "dst": "AU-N87", "hlc": {"phys": 1758758540096, "cnt": 0, "node": "EU-N159"}, "package_id": "PKG58532", "payload": {"status": "DELIVERED"}, "sent_ts": 1758758533506, "arrival_ts": 1758758533655}
{"action": "send", "src": "AU-N87", "dst": "AS-N161", "hlc": {"phys": 1758762815373, "cnt": 0, "node": "AU-N87"}, "package_id": "PKG62789", "payload": {"status": "CREATED"}, "sent_ts": 1758762789503, "arrival_ts": 1758762789503}
{"action": "send", "src": "AU-N87", "dst": "AS-N161", "hlc": {"phys": 1758762815745, "cnt": 0, "node": "AU-N87"}, "package_id": "PKG62789", "payload": {"status": "SENT"}, "sent_ts": 1758762789875, "arrival_ts": 1758762789875}
{"action": "send", "src": "AU-N87", "dst": "AS-N161", "hlc": {"phys": 1758762816150, "cnt": 0, "node": "AU-N87"}, "package_id": "PKG62789", "payload": {"status": "IN_TRANSIT"}, "sent_ts": 1758762790280, "arrival_ts": 1758762790280}
{"action": "send", "src": "AU-N87", "dst": "AS-N161", "hlc": {"phys": 1758762816430, "cnt": 0, "node": "AU-N87"}, "package_id": "PKG62789", "payload": {"status": "RECEIVED"}, "sent_ts": 1758762790560, "arrival_ts": 1758762790560}
{"action": "send", "src": "AU-N87", "dst": "AS-N161", "hlc": {"phys": 1758762816705, "cnt": 0, "node": "AU-N87"}, "package_id": "PKG62789", "payload": {"status": "DELIVERED"}, "sent_ts": 1758762790835, "arrival_ts": 1758762790835}
{"action": "send", "src": "AU-N87", "dst": "AN-N6", "hlc": {"phys": 1758765025594, "cnt": 0, "node": "AU-N87"}, "package_id": "PKG64999", "payload": {"status": "CREATED"}, "sent_ts": 1758764999724, "arrival_ts": 1758764999724}
{"action": "send", "src": "AU-N87", "dst": "AN-N6", "hlc": {"phys": 1758765025881, "cnt": 0, "node": "AU-N87"}, "package_id": "PKG64999", "payload": {"status": "SENT"}, "sent_ts": 1758765000011, "arrival_ts": 1758765000011}
{"action": "send", "src": "AU-N87", "dst": "AN-N6", "hlc": {"phys": 1758765026231, "cnt": 0, "node": "AU-N87"}, "package_id": "PKG64999", "payload": {"status": "IN_TRANSIT"}, "sent_ts": 1758765000361, "arrival_ts": 1758765000361}
{"action": "send", "src": "AU-N87", "dst": "AN-N6", "hlc": {"phys": 1758765026565, "cnt": 0, "node": "AU-N87"}, "package_id": "PKG64999", "payload": {"status": "RECEIVED"}, "sent_ts": 1758765000695, "arrival_ts": 1758765000695}
{"action": "send", "src": "AU-N87", "dst": "AN-N6", "hlc": {"phys": 1758765026788, "cnt": 0, "node": "AU-N87"}, "package_id": "PKG64999", "payload": {"status": "DELIVERED"}, "sent_ts": 1758765000918, "arrival_ts": 1758765000918}
{"action": "recv", "src": "NA-N119", "dst": "AU-N87", "hlc": {"phys": 1758799895031, "cnt": 0, "node": "NA-N119"}, "package_id": "PKG99893", "payload": {"status": "CREATED"}, "sent_ts": 1758799893841, "arrival_ts": 1758799893932}
{"action": "recv", "src": "NA-N119", "dst": "AU-N87", "hlc": {"phys": 1758799895318, "cnt": 0, "node": "NA-N119"}, "package_id": "PKG99893", "payload": {"status": "SENT"}, "sent_ts": 1758799894128, "arrival_ts": 1758799894282}
{"action": "recv", "src": "NA-N119", "dst": "AU-N87", "hlc": {"phys": 1758799895682, "cnt": 0, "node": "NA-N119"}, "package_id": "PKG99893", "payload": {"status": "IN_TRANSIT"}, "sent_ts": 1758799894492, "arrival_ts": 1758799894601}
{"action": "recv", "src": "NA-N119", "dst": "AU-N87", "hlc": {"phys": 1758799896001, "cnt": 0, "node": "NA-N119"}, "package_id": "PKG99893", "payload": {"status": "RECEIVED"}, "sent_ts": 1758799894811, "arrival_ts": 1758799894967}
{"action": "recv", "src": "NA-N119", "dst": "AU-N87", "hlc": {"phys": 1758799896366, "cnt": 0, "node": "NA-N119"}, "package_id": "PKG99893", "payload": {"status": "DELIVERED"}, "sent_ts": 1758799895176, "arrival_ts": 1758799895285}
{"action": "recv", "src": "AF-N83", "dst": "AU-N87", "hlc": {"phys": 1758799928783, "cnt": 0, "node": "AF-N83"}, "package_id": "PKG99912", "payload": {"status": "CREATED"}, "sent_ts": 1758799912953, "arrival_ts": 1758799912969}
{"action": "recv", "src": "AF-N83", "dst": "AU-N87", "hlc": {"phys": 1758799928991, "cnt": 0, "node": "AF-N83"}, "package_id": "PKG99912", "payload": {"status": "SENT"}, "sent_ts": 1758799913161, "arrival_ts": 1758799913178}
{"action": "recv", "src": "AF-N83", "dst": "AU-N87", "hlc": {"phys": 1758799929212, "cnt": 0, "node": "AF-N83"}, "package_id": "PKG99912", "payload": {"status": "IN_TRANSIT"}, "sent_ts": 1758799913382, "arrival_ts": 1758799913406}
{"action": "recv", "src": "AF-N83", "dst": "AU-N87", "hlc": {"phys": 1758799929451, "cnt": 0, "node": "AF-N83"}, "package_id": "PKG99912", "payload": {"status": "RECEIVED"}, "sent_ts": 1758799913621, "arrival_ts": 1758799913760}
{"action": "recv", "src": "AF-N83", "dst": "AU-N87", "hlc": {"phys": 1758799929801, "cnt": 0, "node": "AF-N83"}, "package_id": "PKG99912", "payload": {"status": "DELIVERED"}, "sent_ts": 1758799913971, "arrival_ts": 1758799914044}
{"action": "recv", "src": "SA-N39", "dst": "AU-N87", "hlc": {"phys": 1758801140195, "cnt": 0, "node": "SA-N39"}, "package_id": "PKG1119", "payload": {"status": "CREATED"}, "sent_ts": 1758801119805, "arrival_ts": 1758801119974}
{"action": "recv", "src": "SA-N39", "dst": "AU-N87", "hlc": {"phys": 1758801140567, "cnt": 0, "node": "SA-N39"}, "package_id": "PKG1119", "payload": {"status": "SENT"}, "sent_ts": 1758801120177, "arrival_ts": 1758801120381}
{"action": "recv", "src": "SA-N39", "dst": "AU-N87", "hlc": {"phys": 1758801140988, "cnt": 0, "node": "SA-N39"}, "package_id": "PKG1119", "payload": {"status": "IN_TRANSIT"}, "sent_ts": 1758801120598, "arrival_ts": 1758801120656}
{"action": "recv", "src": "SA-N39", "dst": "AU-N87", "hlc": {"phys": 1758801141250, "cnt": 0, "node": "SA-N39"}, "package_id": "PKG1119", "payload": {"status": "RECEIVED"}, "sent_ts": 1758801120860, "arrival_ts": 1758801121026}
{"action": "recv", "src": "SA-N39", "dst": "AU-N87", "hlc": {"phys": 1758801141607, "cnt": 0, "node": "SA-N39"}, "package_id": "PKG1119", "payload": {"status": "DELIVERED"}, "sent_ts": 1758801121217, "arrival_ts": 1758801121413}
{"action": "recv", "src": "AS-N132", "dst": "AU-N87", "hlc": {"phys": 1758803528399, "cnt": 0, "node": "AS-N132"}, "package_id": "PKG3517", "payload": {"status": "CREATED"}, "sent_ts": 1758803517079, "arrival_ts": 1758803517111}
{"action": "recv", "src": "AS-N132", "dst": "AU-N87", "hlc": {"phys": 1758803528633, "cnt": 0, "node": "AS-N132"}, "package_id": "PKG3517", "payload": {"status": "SENT"}, "sent_ts": 1758803517313, "arrival_ts": 1758803517456}
{"action": "recv", "src": "AS-N132", "dst": "AU-N87", "hlc": {"phys": 1758803528989, "cnt": 0, "node": "AS-N132"}, "package_id": "PKG3517", "payload": {"status": "IN_TRANSIT"}, "sent_ts": 1758803517669, "arrival_ts": 1758803517708}
{"action": "recv", "src": "AS-N132", "dst": "AU-N87", "hlc": {"phys": 1758803529239, "cnt": 0, "node": "AS-N132"}, "package_id": "PKG3517", "payload": {"status": "RECEIVED"}, "sent_ts": 1758803517919, "arrival_ts": 1758803518077}
{"action": "recv", "src": "AS-N132", "dst": "AU-N87", "hlc": {"phys": 1758803529610, "cnt": 0, "node": "AS-N132"}, "package_id": "PKG3517", "payload": {"status": "DELIVERED"}, "sent_ts": 1758803518290, "arrival_ts": 1758803518476}
{"action": "send", "src": "AU-N87", "dst": "AF-N12", "hlc": {"phys": 1758803867489, "cnt": 0, "node": "AU-N87"}, "package_id": "PKG3841", "payload": {"status": "CREATED"}, "sent_ts": 1758803841619, "arrival_ts": 1758803841619}
{"action": "send", "src": "AU-N87", "dst": "AF-N12", "hlc": {"phys": 1758803867767, "cnt": 0, "node": "AU-N87"}, "package_id": "PKG3841", "payload": {"status": "SENT"}, "sent_ts": 1758803841897, "arrival_ts": 1758803841897}
{"action": "send", "src": "AU-N87", "dst": "AF-N12", "hlc": {"phys": 1758803868066, "cnt": 0, "node": "AU-N87"}, "package_id": "PKG3841", "payload": {"status": "IN_TRANSIT"}, "sent_ts": 1758803842196, "arrival_ts": 1758803842196}
{"action": "send", "src": "AU-N87", "dst": "AF-N12", "hlc": {"phys": 1758803868422, "cnt": 0, "node": "AU-N87"}, "package_id": "PKG3841", "payload": {"status": "RECEIVED"}, "sent_ts": 1758803842552, "arrival_ts": 1758803842552}
{"action": "send", "src": "AU-N87", "dst": "AF-N12", "hlc": {"phys": 1758803868694, "cnt": 0, "node": "AU-N87"}, "package_id": "PKG3841", "payload": {"status": "DELIVERED"}, "sent_ts": 1758803842824, "arrival_ts": 1758803842824}
{"action": "recv", "src": "AF-N150", "dst": "AU-N87", "hlc": {"phys": 1758805683381, "cnt": 0, "node": "AF-N150"}, "package_id": "PKG5666", "payload": {"status": "CREATED"}, "sent_ts": 1758805666881, "arrival_ts": 1758805666947}
{"action": "recv", "src": "AF-N150", "dst": "AU-N87", "hlc": {"phys": 1758805683645, "cnt": 0, "node": "AF-N150"}, "package_id": "PKG5666", "payload": {"status": "SENT"}, "sent_ts": 1758805667145, "arrival_ts": 1758805667339}
{"action": "recv", "src": "AF-N150", "dst": "AU-N87", "hlc": {"phys": 1758805684030, "cnt": 0, "node": "AF-N150"}, "package_id": "PKG5666", "payload": {"status": "IN_TRANSIT"}, "sent_ts": 1758805667530, "arrival_ts": 1758805667630}
{"action": "recv", "src": "AF-N150", "dst": "AU-N87", "hlc": {"phys": 1758805684330, "cnt": 0, "node": "AF-N150"}, "package_id": "PKG5666", "payload": {"status": "RECEIVED"}, "sent_ts": 1758805667830, "arrival_ts": 1758805667992}
{"action": "recv", "src": "AF-N150", "dst": "AU-N87", "hlc": {"phys": 1758805684687, "cnt": 0, "node": "AF-N150"}, "package_id": "PKG5666", "payload": {"status": "DELIVERED"}, "sent_ts": 1758805668187, "arrival_ts": 1758805668374}
{"action": "send", "src": "AU-N87", "dst": "AF-N41", "hlc": {"phys": 1758810067384, "cnt": 0, "node": "AU-N87"}, "package_id": "PKG10041", "payload": {"status": "CREATED"}, "sent_ts": 1758810041514, "arrival_ts": 1758810041514}
{"action": "send", "src": "AU-N87", "dst": "AF-N41", "hlc": {"phys": 1758810067601, "cnt": 0, "node": "AU-N87"}, "package_id": "PKG10041", "payload": {"status": "SENT"}, "sent_ts": 1758810041731, "arrival_ts": 1758810041731}
{"action": "send", "src": "AU-N87", "dst": "AF-N41", "hlc": {"phys": 1758810067927, "cnt": 0, "node": "AU-N87"}, "package_id": "PKG10041", "payload": {"status": "IN_TRANSIT"}, "sent_ts": 1758810042057, "arrival_ts": 1758810042057}
{"action": "send", "src": "AU-N87", "dst": "AF-N41", "hlc": {"phys": 1758810068191, "cnt": 0, "node": "AU-N87"}, "package_id": "PKG10041", "payload": {"status": "RECEIVED"}, "sent_ts": 1758810042321, "arrival_ts": 1758810042321}
{"action": "send", "src": "AU-N87", "dst": "AF-N41", "hlc": {"phys": 1758810068409, "cnt": 0, "node": "AU-N87"}, "package_id": "PKG10041", "payload": {"status": "DELIVERED"}, "sent_ts": 1758810042539, "arrival_ts": 1758810042539}
