{"action": "send", "src": "AU-N150", "dst": "AU-N163", "hlc": {"phys": 1758713293799, "cnt": 0, "node": "AU-N150"}, "package_id": "PKG13267", "payload": {"status": "CREATED"}, "sent_ts": 1758713267299, "arrival_ts": 1758713267299}
{"action": "send", "src": "AU-N150", "dst": "AU-N163", "hlc": {"phys": 1758713294190, "cnt": 0, "node": "AU-N150"}, "package_id": "PKG13267", "payload": {"status": "SENT"}, "sent_ts": 1758713267690, "arrival_ts": 1758713267690}
{"action": "send", "src": "AU-N150", "dst": "AU-N163", "hlc": {"phys": 1758713294571, "cnt": 0, "node": "AU-N150"}, "package_id": "PKG13267", "payload": {"status": "IN_TRANSIT"}, "sent_ts": 1758713268071, "arrival_ts": 1758713268071}
{"action": "send", "src": "AU-N150", "dst": "AU-N163", "hlc": {"phys": 1758713294971, "cnt": 0, "node": "AU-N150"}, "package_id": "PKG13267", "payload": {"status": "RECEIVED"}, "sent_ts": 1758713268471, "arrival_ts": 1758713268471}
{"action": "send", "src": "AU-N150", "dst": "AU-N163", "hlc": {"phys": 1758713295251, "cnt": 0, "node": "AU-N150"}, "package_id": "PKG13267", "payload": {"status": "DELIVERED"}, "sent_ts": 1758713268751, "arrival_ts": 1758713268751}
{"action": "send", "src": "AU-N150", "dst": "AS-N22", "hlc": {"phys": 1758717097298, "cnt": 0, "node": "AU-N150"}, "package_id": "PKG17070", "payload": {"status": "CREATED"}, "sent_ts": 1758717070798, "arrival_ts": 1758717070798}
{"action": "send", "src": "AU-N150", "dst": "AS-N22", "hlc": {"phys": 1758717097542, "cnt": 0, "node": "AU-N150"}, "package_id": "PKG17070", "payload": {"status": "SENT"}, "sent_ts": 1758717071042, "arrival_ts": 1758717071042}
{"action": "send", "src": "AU-N150", "dst": "AS-N22", "hlc": {"phys": 1758717097814, "cnt": 0, "node": "AU-N150"}, "package_id": "PKG17070", "payload": {"status": "IN_TRANSIT"}, "sent_ts": 1758717071314, "arrival_ts": 1758717071314}
{"action": "send", "src": "AU-N150", "dst": "AS-N22", "hlc": {"phys": 1758717098171, "cnt": 0, "node": "AU-N150"}, "package_id": "PKG17070", "payload": {"status": "RECEIVED"}, "sent_ts": 1758717071671, "arrival_ts": 1758717071671}
{"action": "send", "src": "AU-N150", "dst": "AS-N22", "hlc": {"phys": 1758717098570, "cnt": 0, "node": "AU-N150"}, "package_id": "PKG17070", "payload": {"status": "DELIVERED"}, "sent_ts": 1758717072070, "arrival_ts": 1758717072070}
{"action": "recv", "src": "SA-N34", "dst": "AU-N150", "hlc": {"phys": 1758717489469, "cnt": 0, "node": "SA-N34"}, "package_id": "PKG17469", "payload": {"status": "CREATED"}, "sent_ts": 1758717469129, "arrival_ts": 1758717469191}
{"action": "recv", "src": "SA-N34", "dst": "AU-N150", "hlc": {"phys": 1758717489734, "cnt": 0, "node": "SA-N34"}, "package_id": "PKG17469", "payload": {"status": "SENT"}, "sent_ts": 1758717469394, "arrival_ts": 1758717469502}
{"action": "recv", "src": "SA-N34", "dst": "AU-N150", "hlc": {"phys": 1758717490045, "cnt": 0, "node": "SA-N34"}, "package_id": "PKG17469", "payload": {"status": "IN_TRANSIT"}, "sent_ts": 1758717469705, "arrival_ts": 1758717469812}
{"action": "recv", "src": "SA-N34", "dst": "AU-N150", "hlc": {"phys": 1758717490368, "cnt": 0, "node": "SA-N34"}, "package_id": "PKG17469", "payload": {"status": "RECEIVED"}, "sent_ts": 1758717470028, "arrival_ts": 1758717470087}
{"action": "recv", "src": "SA-N34", "dst": "AU-N150", "hlc": {"phys": 1758717490634, "cnt": 0, "node": "SA-N34"}, "package_id": "PKG17469", "payload": {"status": "DELIVERED"}, "sent_ts": 1758717470294, "arrival_ts": 1758717470333}
{"action": "recv", "src": "NA-N173", "dst": "AU-N150", "hlc": {"phys": 1758717637950, "cnt": 0, "node": "NA-N173"}, "package_id": "PKG17636", "payload": {"status": "CREATED"}, "sent_ts": 1758717636220, "arrival_ts": 1758717636284}
{"action": "recv", "src": "NA-N173", "dst": "AU-N150", "hlc": {"phys": 1758717638221, "cnt": 0, "node": "NA-N173"}, "package_id": "PKG17636", "payload": {"status": "SENT"}, "sent_ts": 1758717636491, "arrival_ts": 1758717636588}
{"action": "recv", "src": "NA-N173", "dst": "AU-N150", "hlc": {"phys": 1758717638514, "cnt": 0, "node": "NA-N173"}, "package_id": "PKG17636", "payload": {"status": "IN_TRANSIT"}, "sent_ts": 1758717636784, "arrival_ts": 1758717636911}
{"action": "recv", "src": "NA-N173", "dst": "AU-N150", "hlc": {"phys": 1758717638841, "cnt": 0, "node": "NA-N173"}, "package_id": "PKG17636", "payload": {"status": "RECEIVED"}, "sent_ts": 1758717637111, "arrival_ts": 1758717637313}
{"action": "recv", "src": "NA-N173", "dst": "AU-N150", "hlc": {"phys": 1758717639250, "cnt": 0, "node": "NA-N173"}, "package_id": "PKG17636", "payload": {"status": "DELIVERED"}, "sent_ts": 1758717637520, "arrival_ts": 1758717637645}
{"action": "recv", "src": "AS-N169", "dst": "AU-N150", "hlc": {"phys": 1758717959511, "cnt": 0, "node": "AS-N169"}, "package_id": "PKG17947", "payload": {"status": "CREATED"}, "sent_ts": 1758717947821, "arrival_ts": 1758717947915}
{"action": "recv", "src": "AS-N169", "dst": "AU-N150", "hlc": {"phys": 1758717959813, "cnt": 0, "node": "AS-N169"}, "package_id": "PKG17947", "payload": {"status": "SENT"}, "sent_ts": 1758717948123, "arrival_ts": 1758717948260}
{"action": "recv", "src": "AS-N169", "dst": "AU-N150", "hlc": {"phys": 1758717960146, "cnt": 0, "node": "AS-N169"}, "package_id": "PKG17947", "payload": {"status": "IN_TRANSIT"}, "sent_ts": 1758717948456, "arrival_ts": 1758717948585}
{"action": "recv", "src": "AS-N169", "dst": "AU-N150", "hlc": {"phys": 1758717960476, "cnt": 0, "node": "AS-N169"}, "package_id": "PKG17947", "payload": {"status": "RECEIVED"}, "sent_ts": 1758717948786, "arrival_ts": 1758717948934}
{"action": "recv", "src": "AS-N169", "dst": "AU-N150", "hlc": {"phys": 1758717960819, "cnt": 0, "node": "AS-N169"}, "package_id": "PKG17947", "payload": {"status": "DELIVERED"}, "sent_ts": 1758717949129, "arrival_ts": 1758717949237}
{"action": "send", "src": "AU-N150", "dst": "AF-N97", "hlc": {"phys": 1758739130026, "cnt": 0, "node": "AU-N150"}, "package_id": "PKG39103", "payload": {"status": "CREATED"}, "sent_ts": 1758739103526, "arrival_ts": 1758739103527}
{"action": "send", "src": "AU-N150", "dst": "AF-N97", "hlc": {"phys": 1758739130314, "cnt": 0, "node": "AU-N150"}, "package_id": "PKG39103", "payload": {"status": "SENT"}, "sent_ts": 1758739103814, "arrival_ts": 1758739103814}
{"action": "send", "src": "AU-N150", "dst": "AF-N97", "hlc": {"phys": 1758739130534, "cnt": 0, "node": "AU-N150"}, "package_id": "PKG39103", "payload": {"status": "IN_TRANSIT"}, "sent_ts": 1758739104034, "arrival_ts": 1758739104034}
{"action": "send", "src": "AU-N150", "dst": "AF-N97", "hlc": {"phys": 1758739130880, "cnt": 0, "node": "AU-N150"}, "package_id": "PKG39103", "payload": {"status": "RECEIVED"}, "sent_ts": 1758739104380, "arrival_ts": 1758739104380}
{"action": "send", "src": "AU-N150", "dst": "AF-N97", "hlc": {"phys": 1758739131143, "cnt": 0, "node": "AU-N150"}, "package_id": "PKG39103", "payload": {"status": "DELIVERED"}, "sent_ts": 1758739104643, "arrival_ts": 1758739104643}
{"action": "send", "src": "AU-N150", "dst": "AS-N44", "hlc": {"phys": 1758742358024, "cnt": 0, "node": "AU-N150"}, "package_id": "PKG42331", "payload": {"status": "CREATED"}, "sent_ts": 1758742331524, "arrival_ts": 1758742331524}
{"action": "send", "src": "AU-N150", "dst": "AS-N44", "hlc": {"phys": 1758742358402, "cnt": 0, "node": "AU-N150"}, "package_id": "PKG42331", "payload": {"status": "SENT"}, "sent_ts": 1758742331902, "arrival_ts": 1758742331902}
{"action": "send", "src": "AU-N150", "dst": "AS-N44", "hlc": {"phys": 1758742358657, "cnt": 0, "node": "AU-N150"}, "package_id": "PKG42331", "payload": {"status": "IN_TRANSIT"}, "sent_ts": 1758742332157, "arrival_ts": 1758742332157}
{"action": "send", "src": "AU-N150", "dst": "AS-N44", "hlc": {"phys": 1758742358926, "cnt": 0, "node": "AU-N150"}, "package_id": "PKG42331", "payload": {"status": "RECEIVED"}, "sent_ts": 1758742332426, "arrival_ts": 1758742332426}
{"action": "send", "src": "AU-N150", "dst": "AS-N44", "hlc": {"phys": 1758742359220, "cnt": 0, "node": "AU-N150"}, "package_id": "PKG42331", "payload": {"status": "DELIVERED"}, "sent_ts": 1758742332720, "arrival_ts": 1758742332720}
{"action": "recv", "src": "AF-N126", "dst": "AU-N150", "hlc": {"phys": 1758742955396, "cnt": 0, "node": "AF-N126"}, "package_id": "PKG42939", "payload": {"status": "CREATED"}, "sent_ts": 1758742939136, "arrival_ts": 1758742939280}
{"action": "recv", "src": "AF-N126", "dst": "AU-N150", "hlc": {"phys": 1758742955747, "cnt": 0, "node": "AF-N126"}, "package_id": "PKG42939", "payload": {"status": "SENT"}, "sent_ts": 1758742939487, "arrival_ts": 1758742939588}
{"action": "recv", "src": "AF-N126", "dst": "AU-N150", "hlc": {"phys": 1758742956047, "cnt": 0, "node": "AF-N126"}, "package_id": "PKG42939", "payload": {"status": "IN_TRANSIT"}, "sent_ts": 1758742939787, "arrival_ts": 1758742939799}
{"action": "recv", "src": "AF-N126", "dst": "AU-N150", "hlc": {"phys": 1758742956270, "cnt": 0, "node": "AF-N126"}, "package_id": "PKG42939", "payload": {"status": "RECEIVED"}, "sent_ts": 1758742940010, "arrival_ts": 1758742940143}
{"action": "recv", "src": "AF-N126", "dst": "AU-N150", "hlc": {"phys": 1758742956623, "cnt": 0, "node": "AF-N126"}, "package_id": "PKG42939", "payload": {"status": "DELIVERED"}, "sent_ts": 1758742940363, "arrival_ts": 1758742940560}
{"action": "recv", "src": "NA-N36", "dst": "AU-N150", "hlc": {"phys": 1758743541934, "cnt": 0, "node": "NA-N36"}, "package_id": "PKG43541", "payload": {"status": "CREATED"}, "sent_ts": 1758743541574, "arrival_ts": 1758743541769}
{"action": "recv", "src": "NA-N36", "dst": "AU-N150", "hlc": {"phys": 1758743542461, "cnt": 0, "node": "NA-N36"}, "package_id": "PKG43541", "payload": {"status": "SENT"}, "sent_ts": 1758743542101, "arrival_ts": 1758743542123}
{"action": "recv", "src": "NA-N36", "dst": "AU-N150", "hlc": {"phys": 1758743542694, "cnt": 0, "node": "NA-N36"}, "package_id": "PKG43541", "payload": {"status": "IN_TRANSIT"}, "sent_ts": 1758743542334, "arrival_ts": 1758743542496}
{"action": "recv", "src": "NA-N36", "dst": "AU-N150", "hlc": {"phys": 1758743543053, "cnt": 0, "node": "NA-N36"}, "package_id": "PKG43541", "payload": {"status": "RECEIVED"}, "sent_ts": 1758743542693, "arrival_ts": 1758743542825}
{"action": "recv", "src": "NA-N36", "dst": "AU-N150", "hlc": {"phys": 1758743543379, "cnt": 0, "node": "NA-N36"}, "package_id": "PKG43541", "payload": {"status": "DELIVERED"}, "sent_ts": 1758743543019, "arrival_ts": 1758743543220}
{"action": "recv", "src": "AS-N129", "dst": "AU-N150", "hlc": {"phys": 1758744289673, "cnt": 0, "node": "AS-N129"}, "package_id": "PKG44278", "payload": {"status": "CREATED"}, "sent_ts": 1758744278383, "arrival_ts": 1758744278468}
{"action": "recv", "src": "AS-N129", "dst": "AU-N150", "hlc": {"phys": 1758744289968, "cnt": 0, "node": "AS-N129"}, "package_id": "PKG44278", "payload": {"status": "SENT"}, "sent_ts": 1758744278678, "arrival_ts": 1758744278726}
{"action": "recv", "src": "AS-N129", "dst": "AU-N150", "hlc": {"phys": 1758744290215, "cnt": 0, "node": "AS-N129"}, "package_id": "PKG44278", "payload": {"status": "IN_TRANSIT"}, "sent_ts": 1758744278925, "arrival_ts": 1758744279128}
{"action": "recv", "src": "AS-N129", "dst": "AU-N150", "hlc": {"phys": 1758744290618, "cnt": 0, "node": "AS-N129"}, "package_id": "PKG44278", "payload": {"status": "RECEIVED"}, "sent_ts": 1758744279328, "arrival_ts": 1758744279361}
{"action": "recv", "src": "AS-N129", "dst": "AU-N150", "hlc": {"phys": 1758744290852, "cnt": 0, "node": "AS-N129"}, "package_id": "PKG44278", "payload": {"status": "DELIVERED"}, "sent_ts": 1758744279562, "arrival_ts": 1758744279652}
{"action": "send", "src": "AU-N150", "dst": "SA-N46", "hlc": {"phys": 1758744467580, "cnt": 0, "node": "AU-N150"}, "package_id": "PKG44441", "payload": {"status": "CREATED"}, "sent_ts": 1758744441080, "arrival_ts": 1758744441080}
{"action": "send", "src": "AU-N150", "dst": "SA-N46", "hlc": {"phys": 1758744467858, "cnt": 0, "node": "AU-N150"}, "package_id": "PKG44441", "payload": {"status": "SENT"}, "sent_ts": 1758744441358, "arrival_ts": 1758744441358}
{"action": "send", "src": "AU-N150", "dst": "SA-N46", "hlc": {"phys": 1758744468106, "cnt": 0, "node": "AU-N150"}, "package_id": "PKG44441", "payload": {"status": "IN_TRANSIT"}, "sent_ts": 1758744441606, "arrival_ts": 1758744441606}
{"action": "send", "src": "AU-N150", "dst": "SA-N46", "hlc": {"phys": 1758744468415, "cnt": 0, "node": "AU-N150"}, "package_id": "PKG44441", "payload": {"status": "RECEIVED"}, "sent_ts": 1758744441915, "arrival_ts": 1758744441915}
{"action": "send", "src": "AU-N150", "dst": "SA-N46", "hlc": {"phys": 1758744468739, "cnt": 0, "node": "AU-N150"}, "package_id": "PKG44441", "payload": {"status": "DELIVERED"}, "sent_ts": 1758744442239, "arrival_ts": 1758744442239}
{"action": "send", "src": "AU-N150", "dst": "AU-N184", "hlc": {"phys": 1758745197805, "cnt": 0, "node": "AU-N150"}, "package_id": "PKG45171", "payload": {"status": "CREATED"}, "sent_ts": 1758745171305, "arrival_ts": 1758745171305}
{"action": "send", "src": "AU-N150", "dst": "AU-N184", "hlc": {"phys": 1758745198525, "cnt": 0, "node": "AU-N150"}, "package_id": "PKG45171", "payload": {"status": "SENT"}, "sent_ts": 1758745172025, "arrival_ts": 1758745172025}
{"action": "send", "src": "AU-N150", "dst": "AU-N184", "hlc": {"phys": 1758745198869, "cnt": 0, "node": "AU-N150"}, "package_id": "PKG45171", "payload": {"status": "IN_TRANSIT"}, "sent_ts": 1758745172369, "arrival_ts": 1758745172369}
{"action": "send", "src": "AU-N150", "dst": "AU-N184", "hlc": {"phys": 1758745199088, "cnt": 0, "node": "AU-N150"}, "package_id": "PKG45171", "payload": {"status": "RECEIVED"}, "sent_ts": 1758745172588, "arrival_ts": 1758745172588}
{"action": "send", "src": "AU-N150", "dst": "AU-N184", "hlc": {"phys": 1758745199323, "cnt": 0, "node": "AU-N150"}, "package_id": "PKG45171", "payload": {"status": "DELIVERED"}, "sent_ts": 1758745172823, "arrival_ts": 1758745172823}
{"action": "send", "src": "AU-N150", "dst": "AN-N63", "hlc": {"phys": 1758745388014, "cnt": 0, "node": "AU-N150"}, "package_id": "PKG45361", "payload": {"status": "CREATED"}, "sent_ts": 1758745361514, "arrival_ts": 1758745361514}
{"action": "send", "src": "AU-N150", "dst": "AN-N63", "hlc": {"phys": 1758745388325, "cnt": 0, "node": "AU-N150"}, "package_id": "PKG45361", "payload": {"status": "SENT"}, "sent_ts": 1758745361825, "arrival_ts": 1758745361825}
{"action": "send", "src": "AU-N150", "dst": "AN-N63", "hlc": {"phys": 1758745388575, "cnt": 0, "node": "AU-N150"}, "package_id": "PKG45361", "payload": {"status": "IN_TRANSIT"}, "sent_ts": 1758745362075, "arrival_ts": 1758745362075}
{"action": "send", "src": "AU-N150", "dst": "AN-N63", "hlc": {"phys": 1758745388976, "cnt": 0, "node": "AU-N150"}, "package_id": "PKG45361", "payload": {"status": "RECEIVED"}, "sent_ts": 1758745362476, "arrival_ts": 1758745362476}
{"action": "send", "src": "AU-N150", "dst": "AN-N63", "hlc": {"phys": 1758745389350, "cnt": 0, "node": "AU-N150"}, "package_id": "PKG45361", "payload": {"status": "DELIVERED"}, "sent_ts": 1758745362850, "arrival_ts": 1758745362850}
{"action": "send", "src": "AU-N150", "dst": "EU-N167", "hlc": {"phys": 1758745964158, "cnt": 0, "node": "AU-N150"}, "package_id": "PKG45937", "payload": {"status": "CREATED"}, "sent_ts": 1758745937658, "arrival_ts": 1758745937658}
{"action": "send", "src": "AU-N150", "dst": "EU-N167", "hlc": {"phys": 1758745964541, "cnt": 0, "node": "AU-N150"}, "package_id": "PKG45937", "payload": {"status": "SENT"}, "sent_ts": 1758745938041, "arrival_ts": 1758745938041}
{"action": "send", "src": "AU-N150", "dst": "EU-N167", "hlc": {"phys": 1758745964859, "cnt": 0, "node": "AU-N150"}, "package_id": "PKG45937", "payload": {"status": "IN_TRANSIT"}, "sent_ts": 1758745938359, "arrival_ts": 1758745938359}
{"action": "send", "src": "AU-N150", "dst": "EU-N167", "hlc": {"phys": 1758745965125, "cnt": 0, "node": "AU-N150"}, "package_id": "PKG45937", "payload": {"status": "RECEIVED"}, "sent_ts": 1758745938625, "arrival_ts": 1758745938625}
{"action": "send", "src": "AU-N150", "dst": "EU-N167", "hlc": {"phys": 1758745965478, "cnt": 0, "node": "AU-N150"}, "package_id": "PKG45937", "payload": {"status": "DELIVERED"}, "sent_ts": 1758745938978, "arrival_ts": 1758745938978}
{"action": "send", "src": "AU-N150", "dst": "AN-N138", "hlc": {"phys": 1758746044898, "cnt": 0, "node": "AU-N150"}, "package_id": "PKG46018", "payload": {"status": "CREATED"}, "sent_ts": 1758746018398, "arrival_ts": 1758746018398}
{"action": "send", "src": "AU-N150", "dst": "AN-N138", "hlc": {"phys": 1758746045201, "cnt": 0, "node": "AU-N150"}, "package_id": "PKG46018", "payload": {"status": "SENT"}, "sent_ts": 1758746018701, "arrival_ts": 1758746018701}
{"action": "send", "src": "AU-N150", "dst": "AN-N138", "hlc": {"phys": 1758746045536, "cnt": 0, "node": "AU-N150"}, "package_id": "PKG46018", "payload": {"status": "IN_TRANSIT"}, "sent_ts": 1758746019036, "arrival_ts": 1758746019036}
{"action": "send", "src": "AU-N150", "dst": "AN-N138", "hlc": {"phys": 1758746045886, "cnt": 0, "node": "AU-N150"}, "package_id": "PKG46018", "payload": {"status": "RECEIVED"}, "sent_ts": 1758746019386, "arrival_ts": 1758746019386}
{"action": "send", "src": "AU-N150", "dst": "AN-N138", "hlc": {"phys": 1758746046173, "cnt": 0, "node": "AU-N150"}, "package_id": "PKG46018", "payload": {"status": "DELIVERED"}, "sent_ts": 1758746019673, "arrival_ts": 1758746019673}
{"action": "send", "src": "AU-N150", "dst": "NA-N42", "hlc": {"phys": 1758748385913, "cnt": 0, "node": "AU-N150"}, "package_id": "PKG48359", "payload": {"status": "CREATED"}, "sent_ts": 1758748359413, "arrival_ts": 1758748359413}
{"action": "send", "src": "AU-N150", "dst": "NA-N42", "hlc": {"phys": 1758748386316, "cnt": 0, "node": "AU-N150"}, "package_id": "PKG48359", "payload": {"status": "SENT"}, "sent_ts": 1758748359816, "arrival_ts": 1758748359816}
{"action": "send", "src": "AU-N150", "dst": "NA-N42", "hlc": {"phys": 1758748386550, "cnt": 0, "node": "AU-N150"}, "package_id": "PKG48359", "payload": {"status": "IN_TRANSIT"}, "sent_ts": 1758748360050, "arrival_ts": 1758748360050}
{"action": "send", "src": "AU-N150", "dst": "NA-N42", "hlc": {"phys": 1758748386829, "cnt": 0, "node": "AU-N150"}, "package_id": "PKG48359", "payload": {"status": "RECEIVED"}, "sent_ts": 1758748360329, "arrival_ts": 1758748360329}
{"action": "send", "src": "AU-N150", "dst": "NA-N42", "hlc": {"phys": 1758748387170, "cnt": 0, "node": "AU-N150"}, "package_id": "PKG48359", "payload": {"status": "DELIVERED"}, "sent_ts": 1758748360670, "arrival_ts": 1758748360670}
{"action": "recv", "src": "EU-N35", "dst": "AU-N150", "hlc": {"phys": 1758748398168, "cnt": 0, "node": "EU-N35"}, "package_id": "PKG48392", "payload": {"status": "CREATED"}, "sent_ts": 1758748392818, "arrival_ts": 1758748392905}
{"action": "recv", "src": "EU-N35", "dst": "AU-N150", "hlc": {"phys": 1758748398473, "cnt": 0, "node": "EU-N35"}, "package_id": "PKG48392", "payload": {"status": "SENT"}, "sent_ts": 1758748393123, "arrival_ts": 1758748393143}
{"action": "recv", "src": "EU-N35", "dst": "AU-N150", "hlc": {"phys": 1758748398708, "cnt": 0, "node": "EU-N35"}, "package_id": "PKG48392", "payload": {"status": "IN_TRANSIT"}, "sent_ts": 1758748393358, "arrival_ts": 1758748393437}
{"action": "recv", "src": "EU-N35", "dst": "AU-N150", "hlc": {"phys": 1758748399005, "cnt": 0, "node": "EU-N35"}, "package_id": "PKG48392", "payload": {"status": "RECEIVED"}, "sent_ts": 1758748393655, "arrival_ts": 1758748393856}
{"action": "recv", "src": "EU-N35", "dst": "AU-N150", "hlc": {"phys": 1758748399412, "cnt": 0, "node": "EU-N35"}, "package_id": "PKG48392", "payload": {"status": "DELIVERED"}, "sent_ts": 1758748394062, "arrival_ts": 1758748394100}
{"action": "send", "src": "AU-N150", "dst": "AF-N27", "hlc": {"phys": 1758752108109, "cnt": 0, "node": "AU-N150"}, "package_id": "PKG52081", "payload": {"status": "CREATED"}, "sent_ts": 1758752081609, "arrival_ts": 1758752081609}
{"action": "send", "src": "AU-N150", "dst": "AF-N27", "hlc": {"phys": 1758752108499, "cnt": 0, "node": "AU-N150"}, "package_id": "PKG52081", "payload": {"status": "SENT"}, "sent_ts": 1758752081999, "arrival_ts": 1758752081999}
{"action": "send", "src": "AU-N150", "dst": "AF-N27", "hlc": {"phys": 1758752108904, "cnt": 0, "node": "AU-N150"}, "package_id": "PKG52081", "payload": {"status": "IN_TRANSIT"}, "sent_ts": 1758752082404, "arrival_ts": 1758752082404}
{"action": "send", "src": "AU-N150", "dst": "AF-N27", "hlc": {"phys": 1758752109289, "cnt": 0, "node": "AU-N150"}, "package_id": "PKG52081", "payload": {"status": "RECEIVED"}, "sent_ts": 1758752082789, "arrival_ts": 1758752082789}
{"action": "send", "src": "AU-N150", "dst": "AF-N27", "hlc": {"phys": 1758752109644, "cnt": 0, "node": "AU-N150"}, "package_id": "PKG52081", "payload": {"status": "DELIVERED"}, "sent_ts": 1758752083144, "arrival_ts": 1758752083144}
{"action": "send", "src": "AU-N150", "dst": "EU-N168", "hlc": {"phys": 1758753011533, "cnt": 0, "node": "AU-N150"}, "package_id": "PKG52985", "payload": {"status": "CREATED"}, "sent_ts": 1758752985033, "arrival_ts": 1758752985033}
{"action": "send", "src": "AU-N150", "dst": "EU-N168", "hlc": {"phys": 1758753011922, "cnt": 0, "node": "AU-N150"}, "package_id": "PKG52985", "payload": {"status": "SENT"}, "sent_ts": 1758752985422, "arrival_ts": 1758752985422}
{"action": "send", "src": "AU-N150", "dst": "EU-N168", "hlc": {"phys": 1758753012331, "cnt": 0, "node": "AU-N150"}, "package_id": "PKG52985", "payload": {"status": "IN_TRANSIT"}, "sent_ts": 1758752985831, "arrival_ts": 1758752985831}
{"action": "send", "src": "AU-N150", "dst": "EU-N168", "hlc": {"phys": 1758753012742, "cnt": 0, "node": "AU-N150"}, "package_id": "PKG52985", "payload": {"status": "RECEIVED"}, "sent_ts": 1758752986242, "arrival_ts": 1758752986242}
{"action": "send", "src": "AU-N150", "dst": "EU-N168", "hlc": {"phys": 1758753013147, "cnt": 0, "node": "AU-N150"}, "package_id": "PKG52985", "payload": {"status": "DELIVERED"}, "sent_ts": 1758752986647, "arrival_ts": 1758752986647}
{"action": "send", "src": "AU-N150", "dst": "AF-N165", "hlc": {"phys": 1758756004040, "cnt": 0, "node": "AU-N150"}, "package_id": "PKG55977", "payload": {"status": "CREATED"}, "sent_ts": 1758755977540, "arrival_ts": 1758755977540}
{"action": "send", "src": "AU-N150", "dst": "AF-N165", "hlc": {"phys": 1758756004440, "cnt": 0, "node": "AU-N150"}, "package_id": "PKG55977", "payload": {"status": "SENT"}, "sent_ts": 1758755977940, "arrival_ts": 1758755977940}
{"action": "send", "src": "AU-N150", "dst": "AF-N165", "hlc": {"phys": 1758756004809, "cnt": 0, "node": "AU-N150"}, "package_id": "PKG55977", "payload": {"status": "IN_TRANSIT"}, "sent_ts": 1758755978309, "arrival_ts": 1758755978309}
{"action": "send", "src": "AU-N150", "dst": "AF-N165", "hlc": {"phys": 1758756005079, "cnt": 0, "node": "AU-N150"}, "package_id": "PKG55977", "payload": {"status": "RECEIVED"}, "sent_ts": 1758755978579, "arrival_ts": 1758755978579}
{"action": "send", "src": "AU-N150", "dst": "AF-N165", "hlc": {"phys": 1758756005473, "cnt": 0, "node": "AU-N150"}, "package_id": "PKG55977", "payload": {"status": "DELIVERED"}, "sent_ts": 1758755978973, "arrival_ts": 1758755978973}
{"action": "send", "src": "AU-N150", "dst": "EU-N95", "hlc": {"phys": 1758757023785, "cnt": 0, "node": "AU-N150"}, "package_id": "PKG56997", "payload": {"status": "CREATED"}, "sent_ts": 1758756997285, "arrival_ts": 1758756997285}
{"action": "send", "src": "AU-N150", "dst": "EU-N95", "hlc": {"phys": 1758757024094, "cnt": 0, "node": "AU-N150"}, "package_id": "PKG56997", "payload": {"status": "SENT"}, "sent_ts": 1758756997594, "arrival_ts": 1758756997594}
{"action": "send", "src": "AU-N150", "dst": "EU-N95", "hlc": {"phys": 1758757024380, "cnt": 0, "node": "AU-N150"}, "package_id": "PKG56997", "payload": {"status": "IN_TRANSIT"}, "sent_ts": 1758756997880, "arrival_ts": 1758756997880}
{"action": "send", "src": "AU-N150", "dst": "EU-N95", "hlc": {"phys": 1758757024595, "cnt": 0, "node": "AU-N150"}, "package_id": "PKG56997", "payload": {"status": "RECEIVED"}, "sent_ts": 1758756998095, "arrival_ts": 1758756998095}
{"action": "send", "src": "AU-N150", "dst": "EU-N95", "hlc": {"phys": 1758757024942, "cnt": 0, "node": "AU-N150"}, "package_id": "PKG56997", "payload": {"status": "DELIVERED"}, "sent_ts": 1758756998442, "arrival_ts": 1758756998442}
{"action": "recv", "src": "AN-N81", "dst": "AU-N150", "hlc": {"phys": 1758759840078, "cnt": 0, "node": "AN-N81"}, "package_id": "PKG59809", "payload": {"status": "CREATED"}, "sent_ts": 1758759809268, "arrival_ts": 1758759809413}
{"action": "recv", "src": "AN-N81", "dst": "AU-N150", "hlc": {"phys": 1758759840418, "cnt": 0, "node": "AN-N81"}, "package_id": "PKG59809", "payload": {"status": "SENT"}, "sent_ts": 1758759809608, "arrival_ts": 1758759809674}
{"action": "recv", "src": "AN-N81", "dst": "AU-N150", "hlc": {"phys": 1758759840697, "cnt": 0, "node": "AN-N81"}, "package_id": "PKG59809", "payload": {"status": "IN_TRANSIT"}, "sent_ts": 1758759809887, "arrival_ts": 1758759810057}
{"action": "recv", "src": "AN-N81", "dst": "AU-N150", "hlc": {"phys": 1758759841067, "cnt": 0, "node": "AN-N81"}, "package_id": "PKG59809", "payload": {"status": "RECEIVED"}, "sent_ts": 1758759810257, "arrival_ts": 1758759810382}
{"action": "recv", "src": "AN-N81", "dst": "AU-N150", "hlc": {"phys": 1758759841392, "cnt": 0, "node": "AN-N81"}, "package_id": "PKG59809", "payload": {"status": "DELIVERED"}, "sent_ts": 1758759810582, "arrival_ts": 1758759810669}
{"action": "send", "src": "AU-N150", "dst": "SA-N29", "hlc": {"phys": 1758760592038, "cnt": 0, "node": "AU-N150"}, "package_id": "PKG60565", "payload": {"status": "CREATED"}, "sent_ts": 1758760565538, "arrival_ts": 1758760565538}
{"action": "send", "src": "AU-N150", "dst": "SA-N29", "hlc": {"phys": 1758760592337, "cnt": 0, "node": "AU-N150"}, "package_id": "PKG60565", "payload": {"status": "SENT"}, "sent_ts": 1758760565837, "arrival_ts": 1758760565837}
{"action": "send", "src": "AU-N150", "dst": "SA-N29", "hlc": {"phys": 1758760592587, "cnt": 0, "node": "AU-N150"}, "package_id": "PKG60565", "payload": {"status": "IN_TRANSIT"}, "sent_ts": 1758760566087, "arrival_ts": 1758760566087}
{"action": "send", "src": "AU-N150", "dst": "SA-N29", "hlc": {"phys": 1758760592975, "cnt": 0, "node": "AU-N150"}, "package_id": "PKG60565", "payload": {"status": "RECEIVED"}, "sent_ts": 1758760566475, "arrival_ts": 1758760566475}
{"action": "send", "src": "AU-N150", "dst": "SA-N29", "hlc": {"phys": 1758760593289, "cnt": 0, "node": "AU-N150"}, "package_id": "PKG60565", "payload": {"status": "DELIVERED"}, "sent_ts": 1758760566789, "arrival_ts": 1758760566789}
{"action": "recv", "src": "AF-N40", "dst": "AU-N150", "hlc": {"phys": 1758762659421, "cnt": 0, "node": "AF-N40"}, "package_id": "PKG62644", "payload": {"status": "CREATED"}, "sent_ts": 1758762644021, "arrival_ts": 1758762644051}
{"action": "recv", "src": "AF-N40", "dst": "AU-N150", "hlc": {"phys": 1758762659667, "cnt": 0, "node": "AF-N40"}, "package_id": "PKG62644", "payload": {"status": "SENT"}, "sent_ts": 1758762644267, "arrival_ts": 1758762644311}
{"action": "recv", "src": "AF-N40", "dst": "AU-N150", "hlc": {"phys": 1758762659923, "cnt": 0, "node": "AF-N40"}, "package_id": "PKG62644", "payload": {"status": "IN_TRANSIT"}, "sent_ts": 1758762644523, "arrival_ts": 1758762644724}
{"action": "recv", "src": "AF-N40", "dst": "AU-N150", "hlc": {"phys": 1758762660338, "cnt": 0, "node": "AF-N40"}, "package_id": "PKG62644", "payload": {"status": "RECEIVED"}, "sent_ts": 1758762644938, "arrival_ts": 1758762645063}
{"action": "recv", "src": "AF-N40", "dst": "AU-N150", "hlc": {"phys": 1758762660675, "cnt": 0, "node": "AF-N40"}, "package_id": "PKG62644", "payload": {"status": "DELIVERED"}, "sent_ts": 1758762645275, "arrival_ts": 1758762645420}
{"action": "send", "src": "AU-N150", "dst": "AN-N167", "hlc": {"phys": 1758800051561, "cnt": 0, "node": "AU-N150"}, "package_id": "PKG25", "payload": {"status": "CREATED"}, "sent_ts": 1758800025061, "arrival_ts": 1758800025061}
{"action": "send", "src": "AU-N150", "dst": "AN-N167", "hlc": {"phys": 1758800051843, "cnt": 0, "node": "AU-N150"}, "package_id": "PKG25", "payload": {"status": "SENT"}, "sent_ts": 1758800025343, "arrival_ts": 1758800025343}
{"action": "send", "src": "AU-N150", "dst": "AN-N167", "hlc": {"phys": 1758800052245, "cnt": 0, "node": "AU-N150"}, "package_id": "PKG25", "payload": {"status": "IN_TRANSIT"}, "sent_ts": 1758800025745, "arrival_ts": 1758800025745}
{"action": "send", "src": "AU-N150", "dst": "AN-N167", "hlc": {"phys": 1758800052633, "cnt": 0, "node": "AU-N150"}, "package_id": "PKG25", "payload": {"status": "RECEIVED"}, "sent_ts": 1758800026133, "arrival_ts": 1758800026133}
{"action": "send", "src": "AU-N150", "dst": "AN-N167", "hlc": {"phys": 1758800052958, "cnt": 0, "node": "AU-N150"}, "package_id": "PKG25", "payload": {"status": "DELIVERED"}, "sent_ts": 1758800026458, "arrival_ts": 1758800026458}
{"action": "recv", "src": "AU-N174", "dst": "AU-N150", "hlc": {"phys": 1758803582842, "cnt": 0, "node": "AU-N174"}, "package_id": "PKG3556", "payload": {"status": "CREATED"}, "sent_ts": 1758803556102, "arrival_ts": 1758803556261}
{"action": "recv", "src": "AU-N174", "dst": "AU-N150", "hlc": {"phys": 1758803583222, "cnt": 0, "node": "AU-N174"}, "package_id": "PKG3556", "payload": {"status": "SENT"}, "sent_ts": 1758803556482, "arrival_ts": 1758803556603}
{"action": "recv", "src": "AU-N174", "dst": "AU-N150", "hlc": {"phys": 1758803583559, "cnt": 0, "node": "AU-N174"}, "package_id": "PKG3556", "payload": {"status": "IN_TRANSIT"}, "sent_ts": 1758803556819, "arrival_ts": 1758803556990}
{"action": "recv", "src": "AU-N174", "dst": "AU-N150", "hlc": {"phys": 1758803583938, "cnt": 0, "node": "AU-N174"}, "package_id": "PKG3556", "payload": {"status": "RECEIVED"}, "sent_ts": 1758803557198, "arrival_ts": 1758803557255}
{"action": "recv", "src": "AU-N174", "dst": "AU-N150", "hlc": {"phys": 1758803584213, "cnt": 0, "node": "AU-N174"}, "package_id": "PKG3556", "payload": {"status": "DELIVERED"}, "sent_ts": 1758803557473, "arrival_ts": 1758803557512}
{"action": "recv", "src": "AF-N155", "dst": "AU-N150", "hlc": {"phys": 1758803761011, "cnt": 0, "node": "AF-N155"}, "package_id": "PKG3744", "payload": {"status": "CREATED"}, "sent_ts": 1758803744461, "arrival_ts": 1758803744602}
{"action": "recv", "src": "AF-N155", "dst": "AU-N150", "hlc": {"phys": 1758803761348, "cnt": 0, "node": "AF-N155"}, "package_id": "PKG3744", "payload": {"status": "SENT"}, "sent_ts": 1758803744798, "arrival_ts": 1758803744977}
{"action": "recv", "src": "AF-N155", "dst": "AU-N150", "hlc": {"phys": 1758803761735, "cnt": 0, "node": "AF-N155"}, "package_id": "PKG3744", "payload": {"status": "IN_TRANSIT"}, "sent_ts": 1758803745185, "arrival_ts": 1758803745315}
{"action": "recv", "src": "AF-N155", "dst": "AU-N150", "hlc": {"phys": 1758803762080, "cnt": 0, "node": "AF-N155"}, "package_id": "PKG3744", "payload": {"status": "RECEIVED"}, "sent_ts": 1758803745530, "arrival_ts": 1758803745579}
{"action": "recv", "src": "AF-N155", "dst": "AU-N150", "hlc": {"phys": 1758803762344, "cnt": 0, "node": "AF-N155"}, "package_id": "PKG3744", "payload": {"status": "DELIVERED"}, "sent_ts": 1758803745794, "arrival_ts": 1758803745809}
{"action": "send", "src": "AU-N150", "dst": "AS-N56", "hlc": {"phys": 1758803899318, "cnt": 0, "node": "AU-N150"}, "package_id": "PKG3872", "payload": {"status": "CREATED"}, "sent_ts": 1758803872818, "arrival_ts": 1758803872818}
{"action": "send", "src": "AU-N150", "dst": "AS-N56", "hlc": {"phys": 1758803899610, "cnt": 0, "node": "AU-N150"}, "package_id": "PKG3872", "payload": {"status": "SENT"}, "sent_ts": 1758803873110, "arrival_ts": 1758803873110}
{"action": "send", "src": "AU-N150", "dst": "AS-N56", "hlc": {"phys": 1758803899874, "cnt": 0, "node": "AU-N150"}, "package_id": "PKG3872", "payload": {"status": "IN_TRANSIT"}, "sent_ts": 1758803873374, "arrival_ts": 1758803873374}
{"action": "send", "src": "AU-N150", "dst": "AS-N56", "hlc": {"phys": 1758803900275, "cnt": 0, "node": "AU-N150"}, "package_id": "PKG3872", "payload": {"status": "RECEIVED"}, "sent_ts": 1758803873775, "arrival_ts": 1758803873775}
{"action": "send", "src": "AU-N150", "dst": "AS-N56", "hlc": {"phys": 1758803900634, "cnt": 0, "node": "AU-N150"}, "package_id": "PKG3872", "payload": {"status": "DELIVERED"}, "sent_ts": 1758803874134, "arrival_ts": 1758803874134}
{"action": "send", "src": "AU-N150", "dst": "SA-N119", "hlc": {"phys": 1758804026012, "cnt": 0, "node": "AU-N150"}, "package_id": "PKG3999", "payload": {"status": "CREATED"}, "sent_ts": 1758803999512, "arrival_ts": 1758803999512}
{"action": "send", "src": "AU-N150", "dst": "SA-N119", "hlc": {"phys": 1758804026364, "cnt": 0, "node": "AU-N150"}, "package_id": "PKG3999", "payload": {"status": "SENT"}, "sent_ts": 1758803999864, "arrival_ts": 1758803999864}
{"action": "send", "src": "AU-N150", "dst": "SA-N119", "hlc": {"phys": 1758804026582, "cnt": 0, "node": "AU-N150"}, "package_id": "PKG3999", "payload": {"status": "IN_TRANSIT"}, "sent_ts": 1758804000082, "arrival_ts": 1758804000082}
{"action": "send", "src": "AU-N150", "dst": "SA-N119", "hlc": {"phys": 1758804026900, "cnt": 0, "node": "AU-N150"}, "package_id": "PKG3999", "payload": {"status": "RECEIVED"}, "sent_ts": 1758804000400, "arrival_ts": 1758804000400}
{"action": "send", "src": "AU-N150", "dst": "SA-N119", "hlc": {"phys": 1758804027276, "cnt": 0, "node": "AU-N150"}, "package_id": "PKG3999", "payload": {"status": "DELIVERED"}, "sent_ts": 1758804000776, "arrival_ts": 1758804000776}
{"action": "recv", "src": "SA-N164", "dst": "AU-N150", "hlc": {"phys": 1758804054739, "cnt": 0, "node": "SA-N164"}, "package_id": "PKG4033", "payload": {"status": "CREATED"}, "sent_ts": 1758804033099, "arrival_ts": 1758804033180}
{"action": "recv", "src": "SA-N164", "dst": "AU-N150", "hlc": {"phys": 1758804055015, "cnt": 0, "node": "SA-N164"}, "package_id": "PKG4033", "payload": {"status": "SENT"}, "sent_ts": 1758804033375, "arrival_ts": 1758804033502}
{"action": "recv", "src": "SA-N164", "dst": "AU-N150", "hlc": {"phys": 1758804055357, "cnt": 0, "node": "SA-N164"}, "package_id": "PKG4033", "payload": {"status": "IN_TRANSIT"}, "sent_ts": 1758804033717, "arrival_ts": 1758804033902}
{"action": "recv", "src": "SA-N164", "dst": "AU-N150", "hlc": {"phys": 1758804055742, "cnt": 0, "node": "SA-N164"}, "package_id": "PKG4033", "payload": {"status": "RECEIVED"}, "sent_ts": 1758804034102, "arrival_ts": 1758804034233}
{"action": "recv", "src": "SA-N164", "dst": "AU-N150", "hlc": {"phys": 1758804056082, "cnt": 0, "node": "SA-N164"}, "package_id": "PKG4033", "payload": {"status": "DELIVERED"}, "sent_ts": 1758804034442, "arrival_ts": 1758804034548}
{"action": "recv", "src": "AU-N101", "dst": "AU-N150", "hlc": {"phys": 1758805861244, "cnt": 0, "node": "AU-N101"}, "package_id": "PKG5835", "payload": {"status": "CREATED"}, "sent_ts": 1758805835234, "arrival_ts": 1758805835268}
{"action": "recv", "src": "AU-N101", "dst": "AU-N150", "hlc": {"phys": 1758805861498, "cnt": 0, "node": "AU-N101"}, "package_id": "PKG5835", "payload": {"status": "SENT"}, "sent_ts": 1758805835488, "arrival_ts": 1758805835614}
{"action": "recv", "src": "AU-N101", "dst": "AU-N150", "hlc": {"phys": 1758805861843, "cnt": 0, "node": "AU-N101"}, "package_id": "PKG5835", "payload": {"status": "IN_TRANSIT"}, "sent_ts": 1758805835833, "arrival_ts": 1758805835977}
{"action": "recv", "src": "AU-N101", "dst": "AU-N150", "hlc": {"phys": 1758805862191, "cnt": 0, "node": "AU-N101"}, "package_id": "PKG5835", "payload": {"status": "RECEIVED"}, "sent_ts": 1758805836181, "arrival_ts": 1758805836347}
{"action": "recv", "src": "AU-N101", "dst": "AU-N150", "hlc": {"phys": 1758805862555, "cnt": 0, "node": "AU-N101"}, "package_id": "PKG5835", "payload": {"status": "DELIVERED"}, "sent_ts": 1758805836545, "arrival_ts": 1758805836716}
{"action": "recv", "src": "AS-N114", "dst": "AU-N150", "hlc": {"phys": 1758809896759, "cnt": 0, "node": "AS-N114"}, "package_id": "PKG9885", "payload": {"status": "CREATED"}, "sent_ts": 1758809885619, "arrival_ts": 1758809885713}
{"action": "recv", "src": "AS-N114", "dst": "AU-N150", "hlc": {"phys": 1758809897056, "cnt": 0, "node": "AS-N114"}, "package_id": "PKG9885", "payload": {"status": "SENT"}, "sent_ts": 1758809885916, "arrival_ts": 1758809885933}
{"action": "recv", "src": "AS-N114", "dst": "AU-N150", "hlc": {"phys": 1758809897287, "cnt": 0, "node": "AS-N114"}, "package_id": "PKG9885", "payload": {"status": "IN_TRANSIT"}, "sent_ts": 1758809886147, "arrival_ts": 1758809886313}
{"action": "recv", "src": "AS-N114", "dst": "AU-N150", "hlc": {"phys": 1758809897658, "cnt": 0, "node": "AS-N114"}, "package_id": "PKG9885", "payload": {"status": "RECEIVED"}, "sent_ts": 1758809886518, "arrival_ts": 1758809886591}
{"action": "recv", "src": "AS-N114", "dst": "AU-N150", "hlc": {"phys": 1758809897922, "cnt": 0, "node": "AS-N114"}, "package_id": "PKG9885", "payload": {"status": "DELIVERED"}, "sent_ts": 1758809886782, "arrival_ts": 1758809886827}
{"action": "send", "src": "AU-N150", "dst": "AU-N112", "hlc": {"phys": 1758812100144, "cnt": 0, "node": "AU-N150"}, "package_id": "PKG12073", "payload": {"status": "CREATED"}, "sent_ts": 1758812073644, "arrival_ts": 1758812073644}
{"action": "send", "src": "AU-N150", "dst": "AU-N112", "hlc": {"phys": 1758812100534, "cnt": 0, "node": "AU-N150"}, "package_id": "PKG12073", "payload": {"status": "SENT"}, "sent_ts": 1758812074034, "arrival_ts": 1758812074034}
{"action": "send", "src": "AU-N150", "dst": "AU-N112", "hlc": {"phys": 1758812100784, "cnt": 0, "node": "AU-N150"}, "package_id": "PKG12073", "payload": {"status": "IN_TRANSIT"}, "sent_ts": 1758812074284, "arrival_ts": 1758812074284}
{"action": "send", "src": "AU-N150", "dst": "AU-N112", "hlc": {"phys": 1758812101172, "cnt": 0, "node": "AU-N150"}, "package_id": "PKG12073", "payload": {"status": "RECEIVED"}, "sent_ts": 1758812074672, "arrival_ts": 1758812074672}
{"action": "send", "src": "AU-N150", "dst": "AU-N112", "hlc": {"phys": 1758812101529, "cnt": 0, "node": "AU-N150"}, "package_id": "PKG12073", "payload": {"status": "DELIVERED"}, "sent_ts": 1758812075029, "arrival_ts": 1758812075029}
{"action": "recv", "src": "AU-N100", "dst": "AU-N150", "hlc": {"phys": 1758812207915, "cnt": 0, "node": "AU-N100"}, "package_id": "PKG12181", "payload": {"status": "CREATED"}, "sent_ts": 1758812181915, "arrival_ts": 1758812182037}
{"action": "recv", "src": "AU-N100", "dst": "AU-N150", "hlc": {"phys": 1758812208238, "cnt": 0, "node": "AU-N100"}, "package_id": "PKG12181", "payload": {"status": "SENT"}, "sent_ts": 1758812182238, "arrival_ts": 1758812182333}
{"action": "recv", "src": "AU-N100", "dst": "AU-N150", "hlc": {"phys": 1758812208531, "cnt": 0, "node": "AU-N100"}, "package_id": "PKG12181", "payload": {"status": "IN_TRANSIT"}, "sent_ts": 1758812182531, "arrival_ts": 1758812182704}
{"action": "recv", "src": "AU-N100", "dst": "AU-N150", "hlc": {"phys": 1758812208921, "cnt": 0, "node": "AU-N100"}, "package_id": "PKG12181", "payload": {"status": "RECEIVED"}, "sent_ts": 1758812182921, "arrival_ts": 1758812183108}
{"action": "recv", "src": "AU-N100", "dst": "AU-N150", "hlc": {"phys": 1758812209328, "cnt": 0, "node": "AU-N100"}, "package_id": "PKG12181", "payload": {"status": "DELIVERED"}, "sent_ts": 1758812183328, "arrival_ts": 1758812183346}
