{"action": "recv", "src": "EU-N19", "dst": "AU-N121", "hlc": {"phys": 1758714284314, "cnt": 0, "node": "EU-N19"}, "package_id": "PKG14279", "payload": {"status": "CREATED"}, "sent_ts": 1758714279124, "arrival_ts": 1758714279252}
{"action": "recv", "src": "EU-N19", "dst": "AU-N121", "hlc": {"phys": 1758714284657, "cnt": 0, "node": "EU-N19"}, "package_id": "PKG14279", "payload": {"status": "SENT"}, "sent_ts": 1758714279467, "arrival_ts": 1758714279636}
{"action": "recv", "src": "EU-N19", "dst": "AU-N121", "hlc": {"phys": 1758714285028, "cnt": 0, "node": "EU-N19"}, "package_id": "PKG14279", "payload": {"status": "IN_TRANSIT"}, "sent_ts": 1758714279838, "arrival_ts": 1758714279886}
{"action": "recv", "src": "EU-N19", "dst": "AU-N121", "hlc": {"phys": 1758714285271, "cnt": 0, "node": "EU-N19"}, "package_id": "PKG14279", "payload": {"status": "RECEIVED"}, "sent_ts": 1758714280081, "arrival_ts": 1758714280141}
{"action": "recv", "src": "EU-N19", "dst": "AU-N121", "hlc": {"phys": 1758714285554, "cnt": 0, "node": "EU-N19"}, "package_id": "PKG14279", "payload": {"status": "DELIVERED"}, "sent_ts": 1758714280364, "arrival_ts": 1758714280544}
{"action": "recv", "src": "EU-N105", "dst": "AU-N121", "hlc": {"phys": 1758714437246, "cnt": 0, "node": "EU-N105"}, "package_id": "PKG14431", "payload": {"status": "CREATED"}, "sent_ts": 1758714431196, "arrival_ts": 1758714431357}
{"action": "recv", "src": "EU-N105", "dst": "AU-N121", "hlc": {"phys": 1758714437621, "cnt": 0, "node": "EU-N105"}, "package_id": "PKG14431", "payload": {"status": "SENT"}, "sent_ts": 1758714431571, "arrival_ts": 1758714431614}
{"action": "recv", "src": "EU-N105", "dst": "AU-N121", "hlc": {"phys": 1758714437876, "cnt": 0, "node": "EU-N105"}, "package_id": "PKG14431", "payload": {"status": "IN_TRANSIT"}, "sent_ts": 1758714431826, "arrival_ts": 1758714431838}
{"action": "recv", "src": "EU-N105", "dst": "AU-N121", "hlc": {"phys": 1758714438090, "cnt": 0, "node": "EU-N105"}, "package_id": "PKG14431", "payload": {"status": "RECEIVED"}, "sent_ts": 1758714432040, "arrival_ts": 1758714432233}
{"action": "recv", "src": "EU-N105", "dst": "AU-N121", "hlc": {"phys": 1758714438482, "cnt": 0, "node": "EU-N105"}, "package_id": "PKG14431", "payload": {"status": "DELIVERED"}, "sent_ts": 1758714432432, "arrival_ts": 1758714432506}
{"action": "send", "src": "AU-N121", "dst": "AS-N41", "hlc": {"phys": 1758719044423, "cnt": 0, "node": "AU-N121"}, "package_id": "PKG19018", "payload": {"status": "CREATED"}, "sent_ts": 1758719018213, "arrival_ts": 1758719018213}
{"action": "send", "src": "AU-N121", "dst": "AS-N41", "hlc": {"phys": 1758719044817, "cnt": 0, "node": "AU-N121"}, "package_id": "PKG19018", "payload": {"status": "SENT"}, "sent_ts": 1758719018607, "arrival_ts": 1758719018607}
{"action": "send", "src": "AU-N121", "dst": "AS-N41", "hlc": {"phys": 1758719045137, "cnt": 0, "node": "AU-N121"}, "package_id": "PKG19018", "payload": {"status": "IN_TRANSIT"}, "sent_ts": 1758719018927, "arrival_ts": 1758719018927}
{"action": "send", "src": "AU-N121", "dst": "AS-N41", "hlc": {"phys": 1758719045340, "cnt": 0, "node": "AU-N121"}, "package_id": "PKG19018", "payload": {"status": "RECEIVED"}, "sent_ts": 1758719019130, "arrival_ts": 1758719019130}
{"action": "send", "src": "AU-N121", "dst": "AS-N41", "hlc": {"phys": 1758719045663, "cnt": 0, "node": "AU-N121"}, "package_id": "PKG19018", "payload": {"status": "DELIVERED"}, "sent_ts": 1758719019453, "arrival_ts": 1758719019453}
{"action": "recv", "src": "NA-N169", "dst": "AU-N121", "hlc": {"phys": 1758738619201, "cnt": 0, "node": "NA-N169"}, "package_id": "PKG38617", "payload": {"status": "CREATED"}, "sent_ts": 1758738617511, "arrival_ts": 1758738617640}
{"action": "recv", "src": "NA-N169", "dst": "AU-N121", "hlc": {"phys": 1758738619552, "cnt": 0, "node": "NA-N169"}, "package_id": "PKG38617", "payload": {"status": "SENT"}, "sent_ts": 1758738617862, "arrival_ts": 1758738618061}
{"action": "recv", "src": "NA-N169", "dst": "AU-N121", "hlc": {"phys": 1758738619944, "cnt": 0, "node": "NA-N169"}, "package_id": "PKG38617", "payload": {"status": "IN_TRANSIT"}, "sent_ts": 1758738618254, "arrival_ts": 1758738618363}
{"action": "recv", "src": "NA-N169", "dst": "AU-N121", "hlc": {"phys": 1758738620271, "cnt": 0, "node": "NA-N169"}, "package_id": "PKG38617", "payload": {"status": "RECEIVED"}, "sent_ts": 1758738618581, "arrival_ts": 1758738618622}
{"action": "recv", "src": "NA-N169", "dst": "AU-N121", "hlc": {"phys": 1758738620498, "cnt": 0, "node": "NA-N169"}, "package_id": "PKG38617", "payload": {"status": "DELIVERED"}, "sent_ts": 1758738618808, "arrival_ts": 1758738618869}
{"action": "send", "src": "AU-N121", "dst": "EU-N166", "hlc": {"phys": 1758738811839, "cnt": 0, "node": "AU-N121"}, "package_id": "PKG38785", "payload": {"status": "CREATED"}, "sent_ts": 1758738785629, "arrival_ts": 1758738785629}
{"action": "send", "src": "AU-N121", "dst": "EU-N166", "hlc": {"phys": 1758738812202, "cnt": 0, "node": "AU-N121"}, "package_id": "PKG38785", "payload": {"status": "SENT"}, "sent_ts": 1758738785992, "arrival_ts": 1758738785992}
{"action": "send", "src": "AU-N121", "dst": "EU-N166", "hlc": {"phys": 1758738812434, "cnt": 0, "node": "AU-N121"}, "package_id": "PKG38785", "payload": {"status": "IN_TRANSIT"}, "sent_ts": 1758738786224, "arrival_ts": 1758738786224}
{"action": "send", "src": "AU-N121", "dst": "EU-N166", "hlc": {"phys": 1758738812681, "cnt": 0, "node": "AU-N121"}, "package_id": "PKG38785", "payload": {"status": "RECEIVED"}, "sent_ts": 1758738786471, "arrival_ts": 1758738786471}
{"action": "send", "src": "AU-N121", "dst": "EU-N166", "hlc": {"phys": 1758738812920, "cnt": 0, "node": "AU-N121"}, "package_id": "PKG38785", "payload": {"status": "DELIVERED"}, "sent_ts": 1758738786710, "arrival_ts": 1758738786710}
{"action": "recv", "src": "AN-N111", "dst": "AU-N121", "hlc": {"phys": 1758740619263, "cnt": 0, "node": "AN-N111"}, "package_id": "PKG40588", "payload": {"status": "CREATED"}, "sent_ts": 1758740588153, "arrival_ts": 1758740588251}
{"action": "recv", "src": "AN-N111", "dst": "AU-N121", "hlc": {"phys": 1758740619571, "cnt": 0, "node": "AN-N111"}, "package_id": "PKG40588", "payload": {"status": "SENT"}, "sent_ts": 1758740588461, "arrival_ts": 1758740588527}
{"action": "recv", "src": "AN-N111", "dst": "AU-N121", "hlc": {"phys": 1758740619851, "cnt": 0, "node": "AN-N111"}, "package_id": "PKG40588", "payload": {"status": "IN_TRANSIT"}, "sent_ts": 1758740588741, "arrival_ts": 1758740588820}
{"action": "recv", "src": "AN-N111", "dst": "AU-N121", "hlc": {"phys": 1758740620130, "cnt": 0, "node": "AN-N111"}, "package_id": "PKG40588", "payload": {"status": "RECEIVED"}, "sent_ts": 1758740589020, "arrival_ts": 1758740589070}
{"action": "recv", "src": "AN-N111", "dst": "AU-N121", "hlc": {"phys": 1758740620807, "cnt": 0, "node": "AN-N111"}, "package_id": "PKG40588", "payload": {"status": "DELIVERED"}, "sent_ts": 1758740589697, "arrival_ts": 1758740589782}
{"action": "recv", "src": "AS-N28", "dst": "AU-N121", "hlc": {"phys": 1758744108384, "cnt": 0, "node": "AS-N28"}, "package_id": "PKG44098", "payload": {"status": "CREATED"}, "sent_ts": 1758744098104, "arrival_ts": 1758744098210}
{"action": "recv", "src": "AS-N28", "dst": "AU-N121", "hlc": {"phys": 1758744108712, "cnt": 0, "node": "AS-N28"}, "package_id": "PKG44098", "payload": {"status": "SENT"}, "sent_ts": 1758744098432, "arrival_ts": 1758744098500}
{"action": "recv", "src": "AS-N28", "dst": "AU-N121", "hlc": {"phys": 1758744108990, "cnt": 0, "node": "AS-N28"}, "package_id": "PKG44098", "payload": {"status": "IN_TRANSIT"}, "sent_ts": 1758744098710, "arrival_ts": 1758744098844}
{"action": "recv", "src": "AS-N28", "dst": "AU-N121", "hlc": {"phys": 1758744109336, "cnt": 0, "node": "AS-N28"}, "package_id": "PKG44098", "payload": {"status": "RECEIVED"}, "sent_ts": 1758744099056, "arrival_ts": 1758744099114}
{"action": "recv", "src": "AS-N28", "dst": "AU-N121", "hlc": {"phys": 1758744109598, "cnt": 0, "node": "AS-N28"}, "package_id": "PKG44098", "payload": {"status": "DELIVERED"}, "sent_ts": 1758744099318, "arrival_ts": 1758744099405}
{"action": "send", "src": "AU-N121", "dst": "AF-N104", "hlc": {"phys": 1758745321453, "cnt": 0, "node": "AU-N121"}, "package_id": "PKG45295", "payload": {"status": "CREATED"}, "sent_ts": 1758745295243, "arrival_ts": 1758745295243}
{"action": "send", "src": "AU-N121", "dst": "AF-N104", "hlc": {"phys": 1758745321787, "cnt": 0, "node": "AU-N121"}, "package_id": "PKG45295", "payload": {"status": "SENT"}, "sent_ts": 1758745295577, "arrival_ts": 1758745295577}
{"action": "send", "src": "AU-N121", "dst": "AF-N104", "hlc": {"phys": 1758745322078, "cnt": 0, "node": "AU-N121"}, "package_id": "PKG45295", "payload": {"status": "IN_TRANSIT"}, "sent_ts": 1758745295868, "arrival_ts": 1758745295868}
{"action": "send", "src": "AU-N121", "dst": "AF-N104", "hlc": {"phys": 1758745322319, "cnt": 0, "node": "AU-N121"}, "package_id": "PKG45295", "payload": {"status": "RECEIVED"}, "sent_ts": 1758745296109, "arrival_ts": 1758745296109}
{"action": "send", "src": "AU-N121", "dst": "AF-N104", "hlc": {"phys": 1758745322586, "cnt": 0, "node": "AU-N121"}, "package_id": "PKG45295", "payload": {"status": "DELIVERED"}, "sent_ts": 1758745296376, "arrival_ts": 1758745296376}
{"action": "recv", "src": "EU-N190", "dst": "AU-N121", "hlc": {"phys": 1758747599762, "cnt": 0, "node": "EU-N190"}, "package_id": "PKG47592", "payload": {"status": "CREATED"}, "sent_ts": 1758747592862, "arrival_ts": 1758747592945}
{"action": "recv", "src": "EU-N190", "dst": "AU-N121", "hlc": {"phys": 1758747600062, "cnt": 0, "node": "EU-N190"}, "package_id": "PKG47592", "payload": {"status": "SENT"}, "sent_ts": 1758747593162, "arrival_ts": 1758747593278}
{"action": "recv", "src": "EU-N190", "dst": "AU-N121", "hlc": {"phys": 1758747600375, "cnt": 0, "node": "EU-N190"}, "package_id": "PKG47592", "payload": {"status": "IN_TRANSIT"}, "sent_ts": 1758747593475, "arrival_ts": 1758747593581}
{"action": "recv", "src": "EU-N190", "dst": "AU-N121", "hlc": {"phys": 1758747600697, "cnt": 0, "node": "EU-N190"}, "package_id": "PKG47592", "payload": {"status": "RECEIVED"}, "sent_ts": 1758747593797, "arrival_ts": 1758747593862}
{"action": "recv", "src": "EU-N190", "dst": "AU-N121", "hlc": {"phys": 1758747600981, "cnt": 0, "node": "EU-N190"}, "package_id": "PKG47592", "payload": {"status": "DELIVERED"}, "sent_ts": 1758747594081, "arrival_ts": 1758747594154}
{"action": "send", "src": "AU-N121", "dst": "AN-N47", "hlc": {"phys": 1758749428868, "cnt": 0, "node": "AU-N121"}, "package_id": "PKG49402", "payload": {"status": "CREATED"}, "sent_ts": 1758749402658, "arrival_ts": 1758749402658}
{"action": "send", "src": "AU-N121", "dst": "AN-N47", "hlc": {"phys": 1758749429115, "cnt": 0, "node": "AU-N121"}, "package_id": "PKG49402", "payload": {"status": "SENT"}, "sent_ts": 1758749402905, "arrival_ts": 1758749402905}
{"action": "send", "src": "AU-N121", "dst": "AN-N47", "hlc": {"phys": 1758749429457, "cnt": 0, "node": "AU-N121"}, "package_id": "PKG49402", "payload": {"status": "IN_TRANSIT"}, "sent_ts": 1758749403247, "arrival_ts": 1758749403247}
{"action": "send", "src": "AU-N121", "dst": "AN-N47", "hlc": {"phys": 1758749429831, "cnt": 0, "node": "AU-N121"}, "package_id": "PKG49402", "payload": {"status": "RECEIVED"}, "sent_ts": 1758749403621, "arrival_ts": 1758749403621}
{"action": "send", "src": "AU-N121", "dst": "AN-N47", "hlc": {"phys": 1758749430202, "cnt": 0, "node": "AU-N121"}, "package_id": "PKG49402", "payload": {"status": "DELIVERED"}, "sent_ts": 1758749403992, "arrival_ts": 1758749403992}
{"action": "recv", "src": "SA-N196", "dst": "AU-N121", "hlc": {"phys": 1758756569183, "cnt": 0, "node": "SA-N196"}, "package_id": "PKG56547", "payload": {"status": "CREATED"}, "sent_ts": 1758756547223, "arrival_ts": 1758756547332}
{"action": "recv", "src": "SA-N196", "dst": "AU-N121", "hlc": {"phys": 1758756569504, "cnt": 0, "node": "SA-N196"}, "package_id": "PKG56547", "payload": {"status": "SENT"}, "sent_ts": 1758756547544, "arrival_ts": 1758756547743}
{"action": "recv", "src": "SA-N196", "dst": "AU-N121", "hlc": {"phys": 1758756569921, "cnt": 0, "node": "SA-N196"}, "package_id": "PKG56547", "payload": {"status": "IN_TRANSIT"}, "sent_ts": 1758756547961, "arrival_ts": 1758756548050}
{"action": "recv", "src": "SA-N196", "dst": "AU-N121", "hlc": {"phys": 1758756570221, "cnt": 0, "node": "SA-N196"}, "package_id": "PKG56547", "payload": {"status": "RECEIVED"}, "sent_ts": 1758756548261, "arrival_ts": 1758756548309}
{"action": "recv", "src": "SA-N196", "dst": "AU-N121", "hlc": {"phys": 1758756570479, "cnt": 0, "node": "SA-N196"}, "package_id": "PKG56547", "payload": {"status": "DELIVERED"}, "sent_ts": 1758756548519, "arrival_ts": 1758756548639}
{"action": "send", "src": "AU-N121", "dst": "NA-N71", "hlc": {"phys": 1758757438896, "cnt": 0, "node": "AU-N121"}, "package_id": "PKG57412", "payload": {"status": "CREATED"}, "sent_ts": 1758757412686, "arrival_ts": 1758757412686}
{"action": "send", "src": "AU-N121", "dst": "NA-N71", "hlc": {"phys": 1758757439289, "cnt": 0, "node": "AU-N121"}, "package_id": "PKG57412", "payload": {"status": "SENT"}, "sent_ts": 1758757413079, "arrival_ts": 1758757413079}
{"action": "send", "src": "AU-N121", "dst": "NA-N71", "hlc": {"phys": 1758757439665, "cnt": 0, "node": "AU-N121"}, "package_id": "PKG57412", "payload": {"status": "IN_TRANSIT"}, "sent_ts": 1758757413455, "arrival_ts": 1758757413455}
{"action": "send", "src": "AU-N121", "dst": "NA-N71", "hlc": {"phys": 1758757439964, "cnt": 0, "node": "AU-N121"}, "package_id": "PKG57412", "payload": {"status": "RECEIVED"}, "sent_ts": 1758757413754, "arrival_ts": 1758757413754}
{"action": "send", "src": "AU-N121", "dst": "NA-N71", "hlc": {"phys": 1758757440270, "cnt": 0, "node": "AU-N121"}, "package_id": "PKG57412", "payload": {"status": "DELIVERED"}, "sent_ts": 1758757414060, "arrival_ts": 1758757414060}
{"action": "send", "src": "AU-N121", "dst": "AU-N200", "hlc": {"phys": 1758760004310, "cnt": 0, "node": "AU-N121"}, "package_id": "PKG59978", "payload": {"status": "CREATED"}, "sent_ts": 1758759978100, "arrival_ts": 1758759978100}
{"action": "send", "src": "AU-N121", "dst": "AU-N200", "hlc": {"phys": 1758760004721, "cnt": 0, "node": "AU-N121"}, "package_id": "PKG59978", "payload": {"status": "SENT"}, "sent_ts": 1758759978510, "arrival_ts": 1758759978511}
{"action": "send", "src": "AU-N121", "dst": "AU-N200", "hlc": {"phys": 1758760004968, "cnt": 0, "node": "AU-N121"}, "package_id": "PKG59978", "payload": {"status": "IN_TRANSIT"}, "sent_ts": 1758759978758, "arrival_ts": 1758759978758}
{"action": "send", "src": "AU-N121", "dst": "AU-N200", "hlc": {"phys": 1758760005258, "cnt": 0, "node": "AU-N121"}, "package_id": "PKG59978", "payload": {"status": "RECEIVED"}, "sent_ts": 1758759979048, "arrival_ts": 1758759979048}
{"action": "send", "src": "AU-N121", "dst": "AU-N200", "hlc": {"phys": 1758760005629, "cnt": 0, "node": "AU-N121"}, "package_id": "PKG59978", "payload": {"status": "DELIVERED"}, "sent_ts": 1758759979419, "arrival_ts": 1758759979419}
{"action": "recv", "src": "AN-N118", "dst": "AU-N121", "hlc": {"phys": 1758763967527, "cnt": 0, "node": "AN-N118"}, "package_id": "PKG63936", "payload": {"status": "CREATED"}, "sent_ts": 1758763936347, "arrival_ts": 1758763936493}
{"action": "recv", "src": "AN-N118", "dst": "AU-N121", "hlc": {"phys": 1758763967884, "cnt": 0, "node": "AN-N118"}, "package_id": "PKG63936", "payload": {"status": "SENT"}, "sent_ts": 1758763936704, "arrival_ts": 1758763936804}
{"action": "recv", "src": "AN-N118", "dst": "AU-N121", "hlc": {"phys": 1758763968192, "cnt": 0, "node": "AN-N118"}, "package_id": "PKG63936", "payload": {"status": "IN_TRANSIT"}, "sent_ts": 1758763937012, "arrival_ts": 1758763937088}
{"action": "recv", "src": "AN-N118", "dst": "AU-N121", "hlc": {"phys": 1758763968459, "cnt": 0, "node": "AN-N118"}, "package_id": "PKG63936", "payload": {"status": "RECEIVED"}, "sent_ts": 1758763937279, "arrival_ts": 1758763937480}
{"action": "recv", "src": "AN-N118", "dst": "AU-N121", "hlc": {"phys": 1758763968864, "cnt": 0, "node": "AN-N118"}, "package_id": "PKG63936", "payload": {"status": "DELIVERED"}, "sent_ts": 1758763937684, "arrival_ts": 1758763937875}
{"action": "recv", "src": "AS-N160", "dst": "AU-N121", "hlc": {"phys": 1758800046583, "cnt": 0, "node": "AS-N160"}, "package_id": "PKG34", "payload": {"status": "CREATED"}, "sent_ts": 1758800034983, "arrival_ts": 1758800035008}
{"action": "recv", "src": "AS-N160", "dst": "AU-N121", "hlc": {"phys": 1758800046816, "cnt": 0, "node": "AS-N160"}, "package_id": "PKG34", "payload": {"status": "SENT"}, "sent_ts": 1758800035216, "arrival_ts": 1758800035352}
{"action": "recv", "src": "AS-N160", "dst": "AU-N121", "hlc": {"phys": 1758800047172, "cnt": 0, "node": "AS-N160"}, "package_id": "PKG34", "payload": {"status": "IN_TRANSIT"}, "sent_ts": 1758800035572, "arrival_ts": 1758800035728}
{"action": "recv", "src": "AS-N160", "dst": "AU-N121", "hlc": {"phys": 1758800047532, "cnt": 0, "node": "AS-N160"}, "package_id": "PKG34", "payload": {"status": "RECEIVED"}, "sent_ts": 1758800035932, "arrival_ts": 1758800036116}
{"action": "recv", "src": "AS-N160", "dst": "AU-N121", "hlc": {"phys": 1758800047922, "cnt": 0, "node": "AS-N160"}, "package_id": "PKG34", "payload": {"status": "DELIVERED"}, "sent_ts": 1758800036322, "arrival_ts": 1758800036488}
{"action": "send", "src": "AU-N121", "dst": "AS-N31", "hlc": {"phys": 1758801154315, "cnt": 0, "node": "AU-N121"}, "package_id": "PKG1128", "payload": {"status": "CREATED"}, "sent_ts": 1758801128105, "arrival_ts": 1758801128105}
{"action": "send", "src": "AU-N121", "dst": "AS-N31", "hlc": {"phys": 1758801154530, "cnt": 0, "node": "AU-N121"}, "package_id": "PKG1128", "payload": {"status": "SENT"}, "sent_ts": 1758801128320, "arrival_ts": 1758801128320}
{"action": "send", "src": "AU-N121", "dst": "AS-N31", "hlc": {"phys": 1758801154902, "cnt": 0, "node": "AU-N121"}, "package_id": "PKG1128", "payload": {"status": "IN_TRANSIT"}, "sent_ts": 1758801128692, "arrival_ts": 1758801128692}
{"action": "send", "src": "AU-N121", "dst": "AS-N31", "hlc": {"phys": 1758801155231, "cnt": 0, "node": "AU-N121"}, "package_id": "PKG1128", "payload": {"status": "RECEIVED"}, "sent_ts": 1758801129021, "arrival_ts": 1758801129021}
{"action": "send", "src": "AU-N121", "dst": "AS-N31", "hlc": {"phys": 1758801155525, "cnt": 0, "node": "AU-N121"}, "package_id": "PKG1128", "payload": {"status": "DELIVERED"}, "sent_ts": 1758801129315, "arrival_ts": 1758801129315}
{"action": "send", "src": "AU-N121", "dst": "AF-N161", "hlc": {"phys": 1758803467036, "cnt": 0, "node": "AU-N121"}, "package_id": "PKG3440", "payload": {"status": "CREATED"}, "sent_ts": 1758803440826, "arrival_ts": 1758803440826}
{"action": "send", "src": "AU-N121", "dst": "AF-N161", "hlc": {"phys": 1758803467289, "cnt": 0, "node": "AU-N121"}, "package_id": "PKG3440", "payload": {"status": "SENT"}, "sent_ts": 1758803441079, "arrival_ts": 1758803441079}
{"action": "send", "src": "AU-N121", "dst": "AF-N161", "hlc": {"phys": 1758803467554, "cnt": 0, "node": "AU-N121"}, "package_id": "PKG3440", "payload": {"status": "IN_TRANSIT"}, "sent_ts": 1758803441344, "arrival_ts": 1758803441344}
{"action": "send", "src": "AU-N121", "dst": "AF-N161", "hlc": {"phys": 1758803467855, "cnt": 0, "node": "AU-N121"}, "package_id": "PKG3440", "payload": {"status": "RECEIVED"}, "sent_ts": 1758803441645, "arrival_ts": 1758803441645}
{"action": "send", "src": "AU-N121", "dst": "AF-N161", "hlc": {"phys": 1758803468211, "cnt": 0, "node": "AU-N121"}, "package_id": "PKG3440", "payload": {"status": "DELIVERED"}, "sent_ts": 1758803442001, "arrival_ts": 1758803442001}
{"action": "recv", "src": "AS-N115", "dst": "AU-N121", "hlc": {"phys": 1758805874938, "cnt": 0, "node": "AS-N115"}, "package_id": "PKG5863", "payload": {"status": "CREATED"}, "sent_ts": 1758805863788, "arrival_ts": 1758805863844}
{"action": "recv", "src": "AS-N115", "dst": "AU-N121", "hlc": {"phys": 1758805875203, "cnt": 0, "node": "AS-N115"}, "package_id": "PKG5863", "payload": {"status": "SENT"}, "sent_ts": 1758805864053, "arrival_ts": 1758805864201}
{"action": "recv", "src": "AS-N115", "dst": "AU-N121", "hlc": {"phys": 1758805875544, "cnt": 0, "node": "AS-N115"}, "package_id": "PKG5863", "payload": {"status": "IN_TRANSIT"}, "sent_ts": 1758805864394, "arrival_ts": 1758805864525}
{"action": "recv", "src": "AS-N115", "dst": "AU-N121", "hlc": {"phys": 1758805875868, "cnt": 0, "node": "AS-N115"}, "package_id": "PKG5863", "payload": {"status": "RECEIVED"}, "sent_ts": 1758805864718, "arrival_ts": 1758805864804}
{"action": "recv", "src": "AS-N115", "dst": "AU-N121", "hlc": {"phys": 1758805876178, "cnt": 0, "node": "AS-N115"}, "package_id": "PKG5863", "payload": {"status": "DELIVERED"}, "sent_ts": 1758805865028, "arrival_ts": 1758805865209}
{"action": "send", "src": "AU-N121", "dst": "AN-N107", "hlc": {"phys": 1758811869284, "cnt": 0, "node": "AU-N121"}, "package_id": "PKG11843", "payload": {"status": "CREATED"}, "sent_ts": 1758811843074, "arrival_ts": 1758811843074}
{"action": "send", "src": "AU-N121", "dst": "AN-N107", "hlc": {"phys": 1758811869669, "cnt": 0, "node": "AU-N121"}, "package_id": "PKG11843", "payload": {"status": "SENT"}, "sent_ts": 1758811843459, "arrival_ts": 1758811843459}
{"action": "send", "src": "AU-N121", "dst": "AN-N107", "hlc": {"phys": 1758811869951, "cnt": 0, "node": "AU-N121"}, "package_id": "PKG11843", "payload": {"status": "IN_TRANSIT"}, "sent_ts": 1758811843741, "arrival_ts": 1758811843741}
{"action": "send", "src": "AU-N121", "dst": "AN-N107", "hlc": {"phys": 1758811870325, "cnt": 0, "node": "AU-N121"}, "package_id": "PKG11843", "payload": {"status": "RECEIVED"}, "sent_ts": 1758811844115, "arrival_ts": 1758811844115}
{"action": "send", "src": "AU-N121", "dst": "AN-N107", "hlc": {"phys": 1758811870619, "cnt": 0, "node": "AU-N121"}, "package_id": "PKG11843", "payload": {"status": "DELIVERED"}, "sent_ts": 1758811844409, "arrival_ts": 1758811844409}
{"action": "recv", "src": "AF-N93", "dst": "AU-N121", "hlc": {"phys": 1758812184428, "cnt": 0, "node": "AF-N93"}, "package_id": "PKG12168", "payload": {"status": "CREATED"}, "sent_ts": 1758812168498, "arrival_ts": 1758812168518}
{"action": "recv", "src": "AF-N93", "dst": "AU-N121", "hlc": {"phys": 1758812184660, "cnt": 0, "node": "AF-N93"}, "package_id": "PKG12168", "payload": {"status": "SENT"}, "sent_ts": 1758812168730, "arrival_ts": 1758812168918}
{"action": "recv", "src": "AF-N93", "dst": "AU-N121", "hlc": {"phys": 1758812185626, "cnt": 0, "node": "AF-N93"}, "package_id": "PKG12168", "payload": {"status": "IN_TRANSIT"}, "sent_ts": 1758812169696, "arrival_ts": 1758812169840}
{"action": "recv", "src": "AF-N93", "dst": "AU-N121", "hlc": {"phys": 1758812185969, "cnt": 0, "node": "AF-N93"}, "package_id": "PKG12168", "payload": {"status": "RECEIVED"}, "sent_ts": 1758812170039, "arrival_ts": 1758812170052}
{"action": "recv", "src": "AF-N93", "dst": "AU-N121", "hlc": {"phys": 1758812186185, "cnt": 0, "node": "AF-N93"}, "package_id": "PKG12168", "payload": {"status": "DELIVERED"}, "sent_ts": 1758812170255, "arrival_ts": 1758812170360}
{"action": "send", "src": "AU-N121", "dst": "AS-N168", "hlc": {"phys": 1758813276537, "cnt": 0, "node": "AU-N121"}, "package_id": "PKG13250", "payload": {"status": "CREATED"}, "sent_ts": 1758813250327, "arrival_ts": 1758813250327}
{"action": "send", "src": "AU-N121", "dst": "AS-N168", "hlc": {"phys": 1758813276862, "cnt": 0, "node": "AU-N121"}, "package_id": "PKG13250", "payload": {"status": "SENT"}, "sent_ts": 1758813250652, "arrival_ts": 1758813250652}
{"action": "send", "src": "AU-N121", "dst": "AS-N168", "hlc": {"phys": 1758813277138, "cnt": 0, "node": "AU-N121"}, "package_id": "PKG13250", "payload": {"status": "IN_TRANSIT"}, "sent_ts": 1758813250928, "arrival_ts": 1758813250928}
{"action": "send", "src": "AU-N121", "dst": "AS-N168", "hlc": {"phys": 1758813277446, "cnt": 0, "node": "AU-N121"}, "package_id": "PKG13250", "payload": {"status": "RECEIVED"}, "sent_ts": 1758813251236, "arrival_ts": 1758813251236}
{"action": "send", "src": "AU-N121", "dst": "AS-N168", "hlc": {"phys": 1758813277850, "cnt": 0, "node": "AU-N121"}, "package_id": "PKG13250", "payload": {"status": "DELIVERED"}, "sent_ts": 1758813251640, "arrival_ts": 1758813251640}
{"action": "send", "src": "AU-N121", "dst": "AF-N23", "hlc": {"phys": 1758815003375, "cnt": 0, "node": "AU-N121"}, "package_id": "PKG14977", "payload": {"status": "CREATED"}, "sent_ts": 1758814977165, "arrival_ts": 1758814977165}
{"action": "send", "src": "AU-N121", "dst": "AF-N23", "hlc": {"phys": 1758815003659, "cnt": 0, "node": "AU-N121"}, "package_id": "PKG14977", "payload": {"status": "SENT"}, "sent_ts": 1758814977449, "arrival_ts": 1758814977449}
{"action": "send", "src": "AU-N121", "dst": "AF-N23", "hlc": {"phys": 1758815003893, "cnt": 0, "node": "AU-N121"}, "package_id": "PKG14977", "payload": {"status": "IN_TRANSIT"}, "sent_ts": 1758814977683, "arrival_ts": 1758814977683}
{"action": "send", "src": "AU-N121", "dst": "AF-N23", "hlc": {"phys": 1758815004189, "cnt": 0, "node": "AU-N121"}, "package_id": "PKG14977", "payload": {"status": "RECEIVED"}, "sent_ts": 1758814977979, "arrival_ts": 1758814977979}
{"action": "send", "src": "AU-N121", "dst": "AF-N23", "hlc": {"phys": 1758815004453, "cnt": 0, "node": "AU-N121"}, "package_id": "PKG14977", "payload": {"status": "DELIVERED"}, "sent_ts": 1758814978243, "arrival_ts": 1758814978243}
{"action": "recv", "src": "NA-N145", "dst": "AU-N121", "hlc": {"phys": 1758815392391, "cnt": 0, "node": "NA-N145"}, "package_id": "PKG15390", "payload": {"status": "CREATED"}, "sent_ts": 1758815390941, "arrival_ts": 1758815391063}
{"action": "recv", "src": "NA-N145", "dst": "AU-N121", "hlc": {"phys": 1758815392718, "cnt": 0, "node": "NA-N145"}, "package_id": "PKG15390", "payload": {"status": "SENT"}, "sent_ts": 1758815391268, "arrival_ts": 1758815391432}
{"action": "recv", "src": "NA-N145", "dst": "AU-N121", "hlc": {"phys": 1758815393091, "cnt": 0, "node": "NA-N145"}, "package_id": "PKG15390", "payload": {"status": "IN_TRANSIT"}, "sent_ts": 1758815391641, "arrival_ts": 1758815391664}
{"action": "recv", "src": "NA-N145", "dst": "AU-N121", "hlc": {"phys": 1758815393321, "cnt": 0, "node": "NA-N145"}, "package_id": "PKG15390", "payload": {"status": "RECEIVED"}, "sent_ts": 1758815391871, "arrival_ts": 1758815392000}
{"action": "recv", "src": "NA-N145", "dst": "AU-N121", "hlc": {"phys": 1758815393665, "cnt": 0, "node": "NA-N145"}, "package_id": "PKG15390", "payload": {"status": "DELIVERED"}, "sent_ts": 1758815392215, "arrival_ts": 1758815392393}
{"action": "send", "src": "AU-N121", "dst": "NA-N154", "hlc": {"phys": 1758817042707, "cnt": 0, "node": "AU-N121"}, "package_id": "PKG17016", "payload": {"status": "CREATED"}, "sent_ts": 1758817016497, "arrival_ts": 1758817016497}
{"action": "send", "src": "AU-N121", "dst": "NA-N154", "hlc": {"phys": 1758817043051, "cnt": 0, "node": "AU-N121"}, "package_id": "PKG17016", "payload": {"status": "SENT"}, "sent_ts": 1758817016841, "arrival_ts": 1758817016841}
{"action": "send", "src": "AU-N121", "dst": "NA-N154", "hlc": {"phys": 1758817043405, "cnt": 0, "node": "AU-N121"}, "package_id": "PKG17016", "payload": {"status": "IN_TRANSIT"}, "sent_ts": 1758817017195, "arrival_ts": 1758817017195}
{"action": "send", "src": "AU-N121", "dst": "NA-N154", "hlc": {"phys": 1758817043669, "cnt": 0, "node": "AU-N121"}, "package_id": "PKG17016", "payload": {"status": "RECEIVED"}, "sent_ts": 1758817017459, "arrival_ts": 1758817017459}
{"action": "send", "src": "AU-N121", "dst": "NA-N154", "hlc": {"phys": 1758817044072, "cnt": 0, "node": "AU-N121"}, "package_id": "PKG17016", "payload": {"status": "DELIVERED"}, "sent_ts": 1758817017862, "arrival_ts": 1758817017862}
