{"action": "recv", "src": "AS-N182", "dst": "AU-N35", "hlc": {"phys": 1758713894080, "cnt": 0, "node": "AS-N182"}, "package_id": "PKG13882", "payload": {"status": "CREATED"}, "sent_ts": 1758713882260, "arrival_ts": 1758713882386}
{"action": "recv", "src": "AS-N182", "dst": "AU-N35", "hlc": {"phys": 1758713894407, "cnt": 0, "node": "AS-N182"}, "package_id": "PKG13882", "payload": {"status": "SENT"}, "sent_ts": 1758713882587, "arrival_ts": 1758713882638}
{"action": "recv", "src": "AS-N182", "dst": "AU-N35", "hlc": {"phys": 1758713894668, "cnt": 0, "node": "AS-N182"}, "package_id": "PKG13882", "payload": {"status": "IN_TRANSIT"}, "sent_ts": 1758713882848, "arrival_ts": 1758713882943}
{"action": "recv", "src": "AS-N182", "dst": "AU-N35", "hlc": {"phys": 1758713894968, "cnt": 0, "node": "AS-N182"}, "package_id": "PKG13882", "payload": {"status": "RECEIVED"}, "sent_ts": 1758713883148, "arrival_ts": 1758713883196}
{"action": "recv", "src": "AS-N182", "dst": "AU-N35", "hlc": {"phys": 1758713895224, "cnt": 0, "node": "AS-N182"}, "package_id": "PKG13882", "payload": {"status": "DELIVERED"}, "sent_ts": 1758713883404, "arrival_ts": 1758713883480}
{"action": "send", "src": "AU-N35", "dst": "AU-N158", "hlc": {"phys": 1758717944347, "cnt": 0, "node": "AU-N35"}, "package_id": "PKG17918", "payload": {"status": "CREATED"}, "sent_ts": 1758717918997, "arrival_ts": 1758717918997}
{"action": "send", "src": "AU-N35", "dst": "AU-N158", "hlc": {"phys": 1758717944709, "cnt": 0, "node": "AU-N35"}, "package_id": "PKG17918", "payload": {"status": "SENT"}, "sent_ts": 1758717919359, "arrival_ts": 1758717919359}
{"action": "send", "src": "AU-N35", "dst": "AU-N158", "hlc": {"phys": 1758717944946, "cnt": 0, "node": "AU-N35"}, "package_id": "PKG17918", "payload": {"status": "IN_TRANSIT"}, "sent_ts": 1758717919596, "arrival_ts": 1758717919596}
{"action": "send", "src": "AU-N35", "dst": "AU-N158", "hlc": {"phys": 1758717945211, "cnt": 0, "node": "AU-N35"}, "package_id": "PKG17918", "payload": {"status": "RECEIVED"}, "sent_ts": 1758717919861, "arrival_ts": 1758717919861}
{"action": "send", "src": "AU-N35", "dst": "AU-N158", "hlc": {"phys": 1758717945556, "cnt": 0, "node": "AU-N35"}, "package_id": "PKG17918", "payload": {"status": "DELIVERED"}, "sent_ts": 1758717920206, "arrival_ts": 1758717920206}
{"action": "recv", "src": "NA-N181", "dst": "AU-N35", "hlc": {"phys": 1758719662950, "cnt": 0, "node": "NA-N181"}, "package_id": "PKG19661", "payload": {"status": "CREATED"}, "sent_ts": 1758719661140, "arrival_ts": 1758719661187}
{"action": "recv", "src": "NA-N181", "dst": "AU-N35", "hlc": {"phys": 1758719663210, "cnt": 0, "node": "NA-N181"}, "package_id": "PKG19661", "payload": {"status": "SENT"}, "sent_ts": 1758719661400, "arrival_ts": 1758719661512}
{"action": "recv", "src": "NA-N181", "dst": "AU-N35", "hlc": {"phys": 1758719663522, "cnt": 0, "node": "NA-N181"}, "package_id": "PKG19661", "payload": {"status": "IN_TRANSIT"}, "sent_ts": 1758719661712, "arrival_ts": 1758719661781}
{"action": "recv", "src": "NA-N181", "dst": "AU-N35", "hlc": {"phys": 1758719663815, "cnt": 0, "node": "NA-N181"}, "package_id": "PKG19661", "payload": {"status": "RECEIVED"}, "sent_ts": 1758719662005, "arrival_ts": 1758719662055}
{"action": "recv", "src": "NA-N181", "dst": "AU-N35", "hlc": {"phys": 1758719664061, "cnt": 0, "node": "NA-N181"}, "package_id": "PKG19661", "payload": {"status": "DELIVERED"}, "sent_ts": 1758719662251, "arrival_ts": 1758719662373}
{"action": "recv", "src": "NA-N141", "dst": "AU-N35", "hlc": {"phys": 1758738885820, "cnt": 0, "node": "NA-N141"}, "package_id": "PKG38884", "payload": {"status": "CREATED"}, "sent_ts": 1758738884410, "arrival_ts": 1758738884466}
{"action": "recv", "src": "NA-N141", "dst": "AU-N35", "hlc": {"phys": 1758738886079, "cnt": 0, "node": "NA-N141"}, "package_id": "PKG38884", "payload": {"status": "SENT"}, "sent_ts": 1758738884669, "arrival_ts": 1758738884738}
{"action": "recv", "src": "NA-N141", "dst": "AU-N35", "hlc": {"phys": 1758738886357, "cnt": 0, "node": "NA-N141"}, "package_id": "PKG38884", "payload": {"status": "IN_TRANSIT"}, "sent_ts": 1758738884947, "arrival_ts": 1758738885003}
{"action": "recv", "src": "NA-N141", "dst": "AU-N35", "hlc": {"phys": 1758738886624, "cnt": 0, "node": "NA-N141"}, "package_id": "PKG38884", "payload": {"status": "RECEIVED"}, "sent_ts": 1758738885214, "arrival_ts": 1758738885287}
{"action": "recv", "src": "NA-N141", "dst": "AU-N35", "hlc": {"phys": 1758738886916, "cnt": 0, "node": "NA-N141"}, "package_id": "PKG38884", "payload": {"status": "DELIVERED"}, "sent_ts": 1758738885506, "arrival_ts": 1758738885556}
{"action": "send", "src": "AU-N35", "dst": "EU-N151", "hlc": {"phys": 1758741780310, "cnt": 0, "node": "AU-N35"}, "package_id": "PKG41754", "payload": {"status": "CREATED"}, "sent_ts": 1758741754960, "arrival_ts": 1758741754960}
{"action": "send", "src": "AU-N35", "dst": "EU-N151", "hlc": {"phys": 1758741780601, "cnt": 0, "node": "AU-N35"}, "package_id": "PKG41754", "payload": {"status": "SENT"}, "sent_ts": 1758741755251, "arrival_ts": 1758741755251}
{"action": "send", "src": "AU-N35", "dst": "EU-N151", "hlc": {"phys": 1758741780854, "cnt": 0, "node": "AU-N35"}, "package_id": "PKG41754", "payload": {"status": "IN_TRANSIT"}, "sent_ts": 1758741755504, "arrival_ts": 1758741755504}
{"action": "send", "src": "AU-N35", "dst": "EU-N151", "hlc": {"phys": 1758741781098, "cnt": 0, "node": "AU-N35"}, "package_id": "PKG41754", "payload": {"status": "RECEIVED"}, "sent_ts": 1758741755748, "arrival_ts": 1758741755748}
{"action": "send", "src": "AU-N35", "dst": "EU-N151", "hlc": {"phys": 1758741781328, "cnt": 0, "node": "AU-N35"}, "package_id": "PKG41754", "payload": {"status": "DELIVERED"}, "sent_ts": 1758741755978, "arrival_ts": 1758741755978}
{"action": "send", "src": "AU-N35", "dst": "AU-N70", "hlc": {"phys": 1758743451495, "cnt": 0, "node": "AU-N35"}, "package_id": "PKG43426", "payload": {"status": "CREATED"}, "sent_ts": 1758743426145, "arrival_ts": 1758743426145}
{"action": "send", "src": "AU-N35", "dst": "AU-N70", "hlc": {"phys": 1758743451762, "cnt": 0, "node": "AU-N35"}, "package_id": "PKG43426", "payload": {"status": "SENT"}, "sent_ts": 1758743426412, "arrival_ts": 1758743426412}
{"action": "send", "src": "AU-N35", "dst": "AU-N70", "hlc": {"phys": 1758743452093, "cnt": 0, "node": "AU-N35"}, "package_id": "PKG43426", "payload": {"status": "IN_TRANSIT"}, "sent_ts": 1758743426743, "arrival_ts": 1758743426743}
{"action": "send", "src": "AU-N35", "dst": "AU-N70", "hlc": {"phys": 1758743452468, "cnt": 0, "node": "AU-N35"}, "package_id": "PKG43426", "payload": {"status": "RECEIVED"}, "sent_ts": 1758743427118, "arrival_ts": 1758743427118}
{"action": "send", "src": "AU-N35", "dst": "AU-N70", "hlc": {"phys": 1758743452719, "cnt": 0, "node": "AU-N35"}, "package_id": "PKG43426", "payload": {"status": "DELIVERED"}, "sent_ts": 1758743427369, "arrival_ts": 1758743427369}
{"action": "recv", "src": "AN-N113", "dst": "AU-N35", "hlc": {"phys": 1758745218615, "cnt": 0, "node": "AN-N113"}, "package_id": "PKG45187", "payload": {"status": "CREATED"}, "sent_ts": 1758745187485, "arrival_ts": 1758745187663}
{"action": "recv", "src": "AN-N113", "dst": "AU-N35", "hlc": {"phys": 1758745218995, "cnt": 0, "node": "AN-N113"}, "package_id": "PKG45187", "payload": {"status": "SENT"}, "sent_ts": 1758745187865, "arrival_ts": 1758745187986}
{"action": "recv", "src": "AN-N113", "dst": "AU-N35", "hlc": {"phys": 1758745219321, "cnt": 0, "node": "AN-N113"}, "package_id": "PKG45187", "payload": {"status": "IN_TRANSIT"}, "sent_ts": 1758745188190, "arrival_ts": 1758745188302}
{"action": "recv", "src": "AN-N113", "dst": "AU-N35", "hlc": {"phys": 1758745219642, "cnt": 0, "node": "AN-N113"}, "package_id": "PKG45187", "payload": {"status": "RECEIVED"}, "sent_ts": 1758745188512, "arrival_ts": 1758745188657}
{"action": "recv", "src": "AN-N113", "dst": "AU-N35", "hlc": {"phys": 1758745219990, "cnt": 0, "node": "AN-N113"}, "package_id": "PKG45187", "payload": {"status": "DELIVERED"}, "sent_ts": 1758745188860, "arrival_ts": 1758745188950}
{"action": "recv", "src": "AU-N79", "dst": "AU-N35", "hlc": {"phys": 1758746511177, "cnt": 0, "node": "AU-N79"}, "package_id": "PKG46485", "payload": {"status": "CREATED"}, "sent_ts": 1758746485387, "arrival_ts": 1758746485579}
{"action": "recv", "src": "AU-N79", "dst": "AU-N35", "hlc": {"phys": 1758746511586, "cnt": 0, "node": "AU-N79"}, "package_id": "PKG46485", "payload": {"status": "SENT"}, "sent_ts": 1758746485796, "arrival_ts": 1758746485913}
{"action": "recv", "src": "AU-N79", "dst": "AU-N35", "hlc": {"phys": 1758746511909, "cnt": 0, "node": "AU-N79"}, "package_id": "PKG46485", "payload": {"status": "IN_TRANSIT"}, "sent_ts": 1758746486119, "arrival_ts": 1758746486291}
{"action": "recv", "src": "AU-N79", "dst": "AU-N35", "hlc": {"phys": 1758746512291, "cnt": 0, "node": "AU-N79"}, "package_id": "PKG46485", "payload": {"status": "RECEIVED"}, "sent_ts": 1758746486501, "arrival_ts": 1758746486517}
{"action": "recv", "src": "AU-N79", "dst": "AU-N35", "hlc": {"phys": 1758746512514, "cnt": 0, "node": "AU-N79"}, "package_id": "PKG46485", "payload": {"status": "DELIVERED"}, "sent_ts": 1758746486724, "arrival_ts": 1758746486806}
{"action": "send", "src": "AU-N35", "dst": "AF-N4", "hlc": {"phys": 1758748300519, "cnt": 0, "node": "AU-N35"}, "package_id": "PKG48275", "payload": {"status": "CREATED"}, "sent_ts": 1758748275169, "arrival_ts": 1758748275169}
{"action": "send", "src": "AU-N35", "dst": "AF-N4", "hlc": {"phys": 1758748300827, "cnt": 0, "node": "AU-N35"}, "package_id": "PKG48275", "payload": {"status": "SENT"}, "sent_ts": 1758748275477, "arrival_ts": 1758748275477}
{"action": "send", "src": "AU-N35", "dst": "AF-N4", "hlc": {"phys": 1758748301181, "cnt": 0, "node": "AU-N35"}, "package_id": "PKG48275", "payload": {"status": "IN_TRANSIT"}, "sent_ts": 1758748275831, "arrival_ts": 1758748275831}
{"action": "send", "src": "AU-N35", "dst": "AF-N4", "hlc": {"phys": 1758748301563, "cnt": 0, "node": "AU-N35"}, "package_id": "PKG48275", "payload": {"status": "RECEIVED"}, "sent_ts": 1758748276213, "arrival_ts": 1758748276213}
{"action": "send", "src": "AU-N35", "dst": "AF-N4", "hlc": {"phys": 1758748301930, "cnt": 0, "node": "AU-N35"}, "package_id": "PKG48275", "payload": {"status": "DELIVERED"}, "sent_ts": 1758748276580, "arrival_ts": 1758748276580}
{"action": "send", "src": "AU-N35", "dst": "AU-N152", "hlc": {"phys": 1758749689010, "cnt": 0, "node": "AU-N35"}, "package_id": "PKG49663", "payload": {"status": "CREATED"}, "sent_ts": 1758749663660, "arrival_ts": 1758749663660}
{"action": "send", "src": "AU-N35", "dst": "AU-N152", "hlc": {"phys": 1758749689240, "cnt": 0, "node": "AU-N35"}, "package_id": "PKG49663", "payload": {"status": "SENT"}, "sent_ts": 1758749663890, "arrival_ts": 1758749663890}
{"action": "send", "src": "AU-N35", "dst": "AU-N152", "hlc": {"phys": 1758749689471, "cnt": 0, "node": "AU-N35"}, "package_id": "PKG49663", "payload": {"status": "IN_TRANSIT"}, "sent_ts": 1758749664121, "arrival_ts": 1758749664121}
{"action": "send", "src": "AU-N35", "dst": "AU-N152", "hlc": {"phys": 1758749689731, "cnt": 0, "node": "AU-N35"}, "package_id": "PKG49663", "payload": {"status": "RECEIVED"}, "sent_ts": 1758749664381, "arrival_ts": 1758749664381}
{"action": "send", "src": "AU-N35", "dst": "AU-N152", "hlc": {"phys": 1758749690116, "cnt": 0, "node": "AU-N35"}, "package_id": "PKG49663", "payload": {"status": "DELIVERED"}, "sent_ts": 1758749664766, "arrival_ts": 1758749664766}
{"action": "send", "src": "AU-N35", "dst": "AN-N195", "hlc": {"phys": 1758753219625, "cnt": 0, "node": "AU-N35"}, "package_id": "PKG53194", "payload": {"status": "CREATED"}, "sent_ts": 1758753194275, "arrival_ts": 1758753194275}
{"action": "send", "src": "AU-N35", "dst": "AN-N195", "hlc": {"phys": 1758753219920, "cnt": 0, "node": "AU-N35"}, "package_id": "PKG53194", "payload": {"status": "SENT"}, "sent_ts": 1758753194570, "arrival_ts": 1758753194570}
{"action": "send", "src": "AU-N35", "dst": "AN-N195", "hlc": {"phys": 1758753220291, "cnt": 0, "node": "AU-N35"}, "package_id": "PKG53194", "payload": {"status": "IN_TRANSIT"}, "sent_ts": 1758753194941, "arrival_ts": 1758753194941}
{"action": "send", "src": "AU-N35", "dst": "AN-N195", "hlc": {"phys": 1758753220585, "cnt": 0, "node": "AU-N35"}, "package_id": "PKG53194", "payload": {"status": "RECEIVED"}, "sent_ts": 1758753195235, "arrival_ts": 1758753195235}
{"action": "send", "src": "AU-N35", "dst": "AN-N195", "hlc": {"phys": 1758753221005, "cnt": 0, "node": "AU-N35"}, "package_id": "PKG53194", "payload": {"status": "DELIVERED"}, "sent_ts": 1758753195655, "arrival_ts": 1758753195655}
{"action": "recv", "src": "AU-N52", "dst": "AU-N35", "hlc": {"phys": 1758754807475, "cnt": 0, "node": "AU-N52"}, "package_id": "PKG54781", "payload": {"status": "CREATED"}, "sent_ts": 1758754781955, "arrival_ts": 1758754781995}
{"action": "recv", "src": "AU-N52", "dst": "AU-N35", "hlc": {"phys": 1758754807729, "cnt": 0, "node": "AU-N52"}, "package_id": "PKG54781", "payload": {"status": "SENT"}, "sent_ts": 1758754782209, "arrival_ts": 1758754782234}
{"action": "recv", "src": "AU-N52", "dst": "AU-N35", "hlc": {"phys": 1758754807948, "cnt": 0, "node": "AU-N52"}, "package_id": "PKG54781", "payload": {"status": "IN_TRANSIT"}, "sent_ts": 1758754782428, "arrival_ts": 1758754782576}
{"action": "recv", "src": "AU-N52", "dst": "AU-N35", "hlc": {"phys": 1758754808319, "cnt": 0, "node": "AU-N52"}, "package_id": "PKG54781", "payload": {"status": "RECEIVED"}, "sent_ts": 1758754782799, "arrival_ts": 1758754782972}
{"action": "recv", "src": "AU-N52", "dst": "AU-N35", "hlc": {"phys": 1758754808694, "cnt": 0, "node": "AU-N52"}, "package_id": "PKG54781", "payload": {"status": "DELIVERED"}, "sent_ts": 1758754783174, "arrival_ts": 1758754783345}
{"action": "send", "src": "AU-N35", "dst": "EU-N1", "hlc": {"phys": 1758758104024, "cnt": 0, "node": "AU-N35"}, "package_id": "PKG58078", "payload": {"status": "CREATED"}, "sent_ts": 1758758078674, "arrival_ts": 1758758078674}
{"action": "send", "src": "AU-N35", "dst": "EU-N1", "hlc": {"phys": 1758758104374, "cnt": 0, "node": "AU-N35"}, "package_id": "PKG58078", "payload": {"status": "SENT"}, "sent_ts": 1758758079024, "arrival_ts": 1758758079024}
{"action": "send", "src": "AU-N35", "dst": "EU-N1", "hlc": {"phys": 1758758104613, "cnt": 0, "node": "AU-N35"}, "package_id": "PKG58078", "payload": {"status": "IN_TRANSIT"}, "sent_ts": 1758758079263, "arrival_ts": 1758758079263}
{"action": "send", "src": "AU-N35", "dst": "EU-N1", "hlc": {"phys": 1758758104869, "cnt": 0, "node": "AU-N35"}, "package_id": "PKG58078", "payload": {"status": "RECEIVED"}, "sent_ts": 1758758079519, "arrival_ts": 1758758079519}
{"action": "send", "src": "AU-N35", "dst": "EU-N1", "hlc": {"phys": 1758758105205, "cnt": 0, "node": "AU-N35"}, "package_id": "PKG58078", "payload": {"status": "DELIVERED"}, "sent_ts": 1758758079855, "arrival_ts": 1758758079855}
{"action": "send", "src": "AU-N35", "dst": "SA-N180", "hlc": {"phys": 1758758179456, "cnt": 0, "node": "AU-N35"}, "package_id": "PKG58154", "payload": {"status": "CREATED"}, "sent_ts": 1758758154106, "arrival_ts": 1758758154106}
{"action": "send", "src": "AU-N35", "dst": "SA-N180", "hlc": {"phys": 1758758179673, "cnt": 0, "node": "AU-N35"}, "package_id": "PKG58154", "payload": {"status": "SENT"}, "sent_ts": 1758758154323, "arrival_ts": 1758758154323}
{"action": "send", "src": "AU-N35", "dst": "SA-N180", "hlc": {"phys": 1758758179967, "cnt": 0, "node": "AU-N35"}, "package_id": "PKG58154", "payload": {"status": "IN_TRANSIT"}, "sent_ts": 1758758154617, "arrival_ts": 1758758154617}
{"action": "send", "src": "AU-N35", "dst": "SA-N180", "hlc": {"phys": 1758758180355, "cnt": 0, "node": "AU-N35"}, "package_id": "PKG58154", "payload": {"status": "RECEIVED"}, "sent_ts": 1758758155005, "arrival_ts": 1758758155005}
{"action": "send", "src": "AU-N35", "dst": "SA-N180", "hlc": {"phys": 1758758180728, "cnt": 0, "node": "AU-N35"}, "package_id": "PKG58154", "payload": {"status": "DELIVERED"}, "sent_ts": 1758758155378, "arrival_ts": 1758758155378}
{"action": "send", "src": "AU-N35", "dst": "NA-N5", "hlc": {"phys": 1758761006917, "cnt": 0, "node": "AU-N35"}, "package_id": "PKG60981", "payload": {"status": "CREATED"}, "sent_ts": 1758760981567, "arrival_ts": 1758760981567}
{"action": "send", "src": "AU-N35", "dst": "NA-N5", "hlc": {"phys": 1758761007291, "cnt": 0, "node": "AU-N35"}, "package_id": "PKG60981", "payload": {"status": "SENT"}, "sent_ts": 1758760981941, "arrival_ts": 1758760981941}
{"action": "send", "src": "AU-N35", "dst": "NA-N5", "hlc": {"phys": 1758761007539, "cnt": 0, "node": "AU-N35"}, "package_id": "PKG60981", "payload": {"status": "IN_TRANSIT"}, "sent_ts": 1758760982189, "arrival_ts": 1758760982189}
{"action": "send", "src": "AU-N35", "dst": "NA-N5", "hlc": {"phys": 1758761007834, "cnt": 0, "node": "AU-N35"}, "package_id": "PKG60981", "payload": {"status": "RECEIVED"}, "sent_ts": 1758760982484, "arrival_ts": 1758760982484}
{"action": "send", "src": "AU-N35", "dst": "NA-N5", "hlc": {"phys": 1758761008098, "cnt": 0, "node": "AU-N35"}, "package_id": "PKG60981", "payload": {"status": "DELIVERED"}, "sent_ts": 1758760982748, "arrival_ts": 1758760982748}
{"action": "recv", "src": "SA-N168", "dst": "AU-N35", "hlc": {"phys": 1758761571346, "cnt": 0, "node": "SA-N168"}, "package_id": "PKG61549", "payload": {"status": "CREATED"}, "sent_ts": 1758761549666, "arrival_ts": 1758761549741}
{"action": "recv", "src": "SA-N168", "dst": "AU-N35", "hlc": {"phys": 1758761571637, "cnt": 0, "node": "SA-N168"}, "package_id": "PKG61549", "payload": {"status": "SENT"}, "sent_ts": 1758761549957, "arrival_ts": 1758761550000}
{"action": "recv", "src": "SA-N168", "dst": "AU-N35", "hlc": {"phys": 1758761571885, "cnt": 0, "node": "SA-N168"}, "package_id": "PKG61549", "payload": {"status": "IN_TRANSIT"}, "sent_ts": 1758761550205, "arrival_ts": 1758761550391}
{"action": "recv", "src": "SA-N168", "dst": "AU-N35", "hlc": {"phys": 1758761572278, "cnt": 0, "node": "SA-N168"}, "package_id": "PKG61549", "payload": {"status": "RECEIVED"}, "sent_ts": 1758761550598, "arrival_ts": 1758761550707}
{"action": "recv", "src": "SA-N168", "dst": "AU-N35", "hlc": {"phys": 1758761572600, "cnt": 0, "node": "SA-N168"}, "package_id": "PKG61549", "payload": {"status": "DELIVERED"}, "sent_ts": 1758761550920, "arrival_ts": 1758761551012}
{"action": "recv", "src": "EU-N24", "dst": "AU-N35", "hlc": {"phys": 1758763251641, "cnt": 0, "node": "EU-N24"}, "package_id": "PKG63246", "payload": {"status": "CREATED"}, "sent_ts": 1758763246401, "arrival_ts": 1758763246509}
{"action": "recv", "src": "EU-N24", "dst": "AU-N35", "hlc": {"phys": 1758763251948, "cnt": 0, "node": "EU-N24"}, "package_id": "PKG63246", "payload": {"status": "SENT"}, "sent_ts": 1758763246708, "arrival_ts": 1758763246900}
{"action": "recv", "src": "EU-N24", "dst": "AU-N35", "hlc": {"phys": 1758763252345, "cnt": 0, "node": "EU-N24"}, "package_id": "PKG63246", "payload": {"status": "IN_TRANSIT"}, "sent_ts": 1758763247105, "arrival_ts": 1758763247155}
{"action": "recv", "src": "EU-N24", "dst": "AU-N35", "hlc": {"phys": 1758763252616, "cnt": 0, "node": "EU-N24"}, "package_id": "PKG63246", "payload": {"status": "RECEIVED"}, "sent_ts": 1758763247376, "arrival_ts": 1758763247481}
{"action": "recv", "src": "EU-N24", "dst": "AU-N35", "hlc": {"phys": 1758763252925, "cnt": 0, "node": "EU-N24"}, "package_id": "PKG63246", "payload": {"status": "DELIVERED"}, "sent_ts": 1758763247685, "arrival_ts": 1758763247805}
{"action": "send", "src": "AU-N35", "dst": "AN-N102", "hlc": {"phys": 1758763795833, "cnt": 0, "node": "AU-N35"}, "package_id": "PKG63770", "payload": {"status": "CREATED"}, "sent_ts": 1758763770483, "arrival_ts": 1758763770483}
{"action": "send", "src": "AU-N35", "dst": "AN-N102", "hlc": {"phys": 1758763796201, "cnt": 0, "node": "AU-N35"}, "package_id": "PKG63770", "payload": {"status": "SENT"}, "sent_ts": 1758763770851, "arrival_ts": 1758763770851}
{"action": "send", "src": "AU-N35", "dst": "AN-N102", "hlc": {"phys": 1758763796589, "cnt": 0, "node": "AU-N35"}, "package_id": "PKG63770", "payload": {"status": "IN_TRANSIT"}, "sent_ts": 1758763771239, "arrival_ts": 1758763771239}
{"action": "send", "src": "AU-N35", "dst": "AN-N102", "hlc": {"phys": 1758763796853, "cnt": 0, "node": "AU-N35"}, "package_id": "PKG63770", "payload": {"status": "RECEIVED"}, "sent_ts": 1758763771503, "arrival_ts": 1758763771503}
{"action": "send", "src": "AU-N35", "dst": "AN-N102", "hlc": {"phys": 1758763797209, "cnt": 0, "node": "AU-N35"}, "package_id": "PKG63770", "payload": {"status": "DELIVERED"}, "sent_ts": 1758763771859, "arrival_ts": 1758763771859}
{"action": "recv", "src": "AN-N183", "dst": "AU-N35", "hlc": {"phys": 1758800139272, "cnt": 0, "node": "AN-N183"}, "package_id": "PKG107", "payload": {"status": "CREATED"}, "sent_ts": 1758800107442, "arrival_ts": 1758800107462}
{"action": "recv", "src": "AN-N183", "dst": "AU-N35", "hlc": {"phys": 1758800139472, "cnt": 0, "node": "AN-N183"}, "package_id": "PKG107", "payload": {"status": "SENT"}, "sent_ts": 1758800107642, "arrival_ts": 1758800107709}
{"action": "recv", "src": "AN-N183", "dst": "AU-N35", "hlc": {"phys": 1758800139751, "cnt": 0, "node": "AN-N183"}, "package_id": "PKG107", "payload": {"status": "IN_TRANSIT"}, "sent_ts": 1758800107921, "arrival_ts": 1758800108060}
{"action": "recv", "src": "AN-N183", "dst": "AU-N35", "hlc": {"phys": 1758800140110, "cnt": 0, "node": "AN-N183"}, "package_id": "PKG107", "payload": {"status": "RECEIVED"}, "sent_ts": 1758800108280, "arrival_ts": 1758800108436}
{"action": "recv", "src": "AN-N183", "dst": "AU-N35", "hlc": {"phys": 1758800140484, "cnt": 0, "node": "AN-N183"}, "package_id": "PKG107", "payload": {"status": "DELIVERED"}, "sent_ts": 1758800108654, "arrival_ts": 1758800108775}
{"action": "recv", "src": "SA-N50", "dst": "AU-N35", "hlc": {"phys": 1758800228082, "cnt": 0, "node": "SA-N50"}, "package_id": "PKG207", "payload": {"status": "CREATED"}, "sent_ts": 1758800207582, "arrival_ts": 1758800207650}
{"action": "recv", "src": "SA-N50", "dst": "AU-N35", "hlc": {"phys": 1758800228345, "cnt": 0, "node": "SA-N50"}, "package_id": "PKG207", "payload": {"status": "SENT"}, "sent_ts": 1758800207844, "arrival_ts": 1758800207907}
{"action": "recv", "src": "SA-N50", "dst": "AU-N35", "hlc": {"phys": 1758800228615, "cnt": 0, "node": "SA-N50"}, "package_id": "PKG207", "payload": {"status": "IN_TRANSIT"}, "sent_ts": 1758800208115, "arrival_ts": 1758800208303}
{"action": "recv", "src": "SA-N50", "dst": "AU-N35", "hlc": {"phys": 1758800229007, "cnt": 0, "node": "SA-N50"}, "package_id": "PKG207", "payload": {"status": "RECEIVED"}, "sent_ts": 1758800208507, "arrival_ts": 1758800208652}
{"action": "recv", "src": "SA-N50", "dst": "AU-N35", "hlc": {"phys": 1758800229351, "cnt": 0, "node": "SA-N50"}, "package_id": "PKG207", "payload": {"status": "DELIVERED"}, "sent_ts": 1758800208851, "arrival_ts": 1758800209046}
{"action": "send", "src": "AU-N35", "dst": "NA-N127", "hlc": {"phys": 1758800902747, "cnt": 0, "node": "AU-N35"}, "package_id": "PKG877", "payload": {"status": "CREATED"}, "sent_ts": 1758800877397, "arrival_ts": 1758800877398}
{"action": "send", "src": "AU-N35", "dst": "NA-N127", "hlc": {"phys": 1758800903105, "cnt": 0, "node": "AU-N35"}, "package_id": "PKG877", "payload": {"status": "SENT"}, "sent_ts": 1758800877755, "arrival_ts": 1758800877755}
{"action": "send", "src": "AU-N35", "dst": "NA-N127", "hlc": {"phys": 1758800903462, "cnt": 0, "node": "AU-N35"}, "package_id": "PKG877", "payload": {"status": "IN_TRANSIT"}, "sent_ts": 1758800878112, "arrival_ts": 1758800878112}
{"action": "send", "src": "AU-N35", "dst": "NA-N127", "hlc": {"phys": 1758800903835, "cnt": 0, "node": "AU-N35"}, "package_id": "PKG877", "payload": {"status": "RECEIVED"}, "sent_ts": 1758800878485, "arrival_ts": 1758800878485}
{"action": "send", "src": "AU-N35", "dst": "NA-N127", "hlc": {"phys": 1758800904113, "cnt": 0, "node": "AU-N35"}, "package_id": "PKG877", "payload": {"status": "DELIVERED"}, "sent_ts": 1758800878763, "arrival_ts": 1758800878763}
{"action": "recv", "src": "AS-N23", "dst": "AU-N35", "hlc": {"phys": 1758802810502, "cnt": 0, "node": "AS-N23"}, "package_id": "PKG2800", "payload": {"status": "CREATED"}, "sent_ts": 1758802800272, "arrival_ts": 1758802800420}
{"action": "recv", "src": "AS-N23", "dst": "AU-N35", "hlc": {"phys": 1758802810860, "cnt": 0, "node": "AS-N23"}, "package_id": "PKG2800", "payload": {"status": "SENT"}, "sent_ts": 1758802800630, "arrival_ts": 1758802800692}
{"action": "recv", "src": "AS-N23", "dst": "AU-N35", "hlc": {"phys": 1758802811142, "cnt": 0, "node": "AS-N23"}, "package_id": "PKG2800", "payload": {"status": "IN_TRANSIT"}, "sent_ts": 1758802800912, "arrival_ts": 1758802801050}
{"action": "recv", "src": "AS-N23", "dst": "AU-N35", "hlc": {"phys": 1758802811497, "cnt": 0, "node": "AS-N23"}, "package_id": "PKG2800", "payload": {"status": "RECEIVED"}, "sent_ts": 1758802801267, "arrival_ts": 1758802801376}
{"action": "recv", "src": "AS-N23", "dst": "AU-N35", "hlc": {"phys": 1758802811810, "cnt": 0, "node": "AS-N23"}, "package_id": "PKG2800", "payload": {"status": "DELIVERED"}, "sent_ts": 1758802801580, "arrival_ts": 1758802801662}
{"action": "send", "src": "AU-N35", "dst": "SA-N193", "hlc": {"phys": 1758804238751, "cnt": 0, "node": "AU-N35"}, "package_id": "PKG4213", "payload": {"status": "CREATED"}, "sent_ts": 1758804213401, "arrival_ts": 1758804213401}
{"action": "send", "src": "AU-N35", "dst": "SA-N193", "hlc": {"phys": 1758804239052, "cnt": 0, "node": "AU-N35"}, "package_id": "PKG4213", "payload": {"status": "SENT"}, "sent_ts": 1758804213702, "arrival_ts": 1758804213702}
{"action": "send", "src": "AU-N35", "dst": "SA-N193", "hlc": {"phys": 1758804239372, "cnt": 0, "node": "AU-N35"}, "package_id": "PKG4213", "payload": {"status": "IN_TRANSIT"}, "sent_ts": 1758804214021, "arrival_ts": 1758804214022}
{"action": "send", "src": "AU-N35", "dst": "SA-N193", "hlc": {"phys": 1758804239703, "cnt": 0, "node": "AU-N35"}, "package_id": "PKG4213", "payload": {"status": "RECEIVED"}, "sent_ts": 1758804214353, "arrival_ts": 1758804214353}
{"action": "send", "src": "AU-N35", "dst": "SA-N193", "hlc": {"phys": 1758804240025, "cnt": 0, "node": "AU-N35"}, "package_id": "PKG4213", "payload": {"status": "DELIVERED"}, "sent_ts": 1758804214675, "arrival_ts": 1758804214675}
{"action": "recv", "src": "AF-N26", "dst": "AU-N35", "hlc": {"phys": 1758813245017, "cnt": 0, "node": "AF-N26"}, "package_id": "PKG13229", "payload": {"status": "CREATED"}, "sent_ts": 1758813229757, "arrival_ts": 1758813229807}
{"action": "recv", "src": "AF-N26", "dst": "AU-N35", "hlc": {"phys": 1758813245266, "cnt": 0, "node": "AF-N26"}, "package_id": "PKG13229", "payload": {"status": "SENT"}, "sent_ts": 1758813230006, "arrival_ts": 1758813230037}
{"action": "recv", "src": "AF-N26", "dst": "AU-N35", "hlc": {"phys": 1758813245502, "cnt": 0, "node": "AF-N26"}, "package_id": "PKG13229", "payload": {"status": "IN_TRANSIT"}, "sent_ts": 1758813230242, "arrival_ts": 1758813230264}
{"action": "recv", "src": "AF-N26", "dst": "AU-N35", "hlc": {"phys": 1758813245720, "cnt": 0, "node": "AF-N26"}, "package_id": "PKG13229", "payload": {"status": "RECEIVED"}, "sent_ts": 1758813230460, "arrival_ts": 1758813230509}
{"action": "recv", "src": "AF-N26", "dst": "AU-N35", "hlc": {"phys": 1758813245967, "cnt": 0, "node": "AF-N26"}, "package_id": "PKG13229", "payload": {"status": "DELIVERED"}, "sent_ts": 1758813230707, "arrival_ts": 1758813230854}
{"action": "send", "src": "AU-N35", "dst": "AF-N68", "hlc": {"phys": 1758813814059, "cnt": 0, "node": "AU-N35"}, "package_id": "PKG13788", "payload": {"status": "CREATED"}, "sent_ts": 1758813788709, "arrival_ts": 1758813788709}
{"action": "send", "src": "AU-N35", "dst": "AF-N68", "hlc": {"phys": 1758813814277, "cnt": 0, "node": "AU-N35"}, "package_id": "PKG13788", "payload": {"status": "SENT"}, "sent_ts": 1758813788927, "arrival_ts": 1758813788927}
{"action": "send", "src": "AU-N35", "dst": "AF-N68", "hlc": {"phys": 1758813814589, "cnt": 0, "node": "AU-N35"}, "package_id": "PKG13788", "payload": {"status": "IN_TRANSIT"}, "sent_ts": 1758813789239, "arrival_ts": 1758813789239}
{"action": "send", "src": "AU-N35", "dst": "AF-N68", "hlc": {"phys": 1758813814887, "cnt": 0, "node": "AU-N35"}, "package_id": "PKG13788", "payload": {"status": "RECEIVED"}, "sent_ts": 1758813789537, "arrival_ts": 1758813789537}
{"action": "send", "src": "AU-N35", "dst": "AF-N68", "hlc": {"phys": 1758813815181, "cnt": 0, "node": "AU-N35"}, "package_id": "PKG13788", "payload": {"status": "DELIVERED"}, "sent_ts": 1758813789831, "arrival_ts": 1758813789831}
{"action": "recv", "src": "EU-N45", "dst": "AU-N35", "hlc": {"phys": 1758815456290, "cnt": 0, "node": "EU-N45"}, "package_id": "PKG15450", "payload": {"status": "CREATED"}, "sent_ts": 1758815450840, "arrival_ts": 1758815450995}
{"action": "recv", "src": "EU-N45", "dst": "AU-N35", "hlc": {"phys": 1758815456646, "cnt": 0, "node": "EU-N45"}, "package_id": "PKG15450", "payload": {"status": "SENT"}, "sent_ts": 1758815451196, "arrival_ts": 1758815451345}
{"action": "recv", "src": "EU-N45", "dst": "AU-N35", "hlc": {"phys": 1758815457003, "cnt": 0, "node": "EU-N45"}, "package_id": "PKG15450", "payload": {"status": "IN_TRANSIT"}, "sent_ts": 1758815451553, "arrival_ts": 1758815451599}
{"action": "recv", "src": "EU-N45", "dst": "AU-N35", "hlc": {"phys": 1758815457251, "cnt": 0, "node": "EU-N45"}, "package_id": "PKG15450", "payload": {"status": "RECEIVED"}, "sent_ts": 1758815451801, "arrival_ts": 1758815451968}
{"action": "recv", "src": "EU-N45", "dst": "AU-N35", "hlc": {"phys": 1758815457628, "cnt": 0, "node": "EU-N45"}, "package_id": "PKG15450", "payload": {"status": "DELIVERED"}, "sent_ts": 1758815452178, "arrival_ts": 1758815452339}
{"action": "recv", "src": "SA-N82", "dst": "AU-N35", "hlc": {"phys": 1758815490518, "cnt": 0, "node": "SA-N82"}, "package_id": "PKG15469", "payload": {"status": "CREATED"}, "sent_ts": 1758815469698, "arrival_ts": 1758815469830}
{"action": "recv", "src": "SA-N82", "dst": "AU-N35", "hlc": {"phys": 1758815490861, "cnt": 0, "node": "SA-N82"}, "package_id": "PKG15469", "payload": {"status": "SENT"}, "sent_ts": 1758815470041, "arrival_ts": 1758815470109}
{"action": "recv", "src": "SA-N82", "dst": "AU-N35", "hlc": {"phys": 1758815491140, "cnt": 0, "node": "SA-N82"}, "package_id": "PKG15469", "payload": {"status": "IN_TRANSIT"}, "sent_ts": 1758815470320, "arrival_ts": 1758815470418}
{"action": "recv", "src": "SA-N82", "dst": "AU-N35", "hlc": {"phys": 1758815491436, "cnt": 0, "node": "SA-N82"}, "package_id": "PKG15469", "payload": {"status": "RECEIVED"}, "sent_ts": 1758815470616, "arrival_ts": 1758815470805}
{"action": "recv", "src": "SA-N82", "dst": "AU-N35", "hlc": {"phys": 1758815491824, "cnt": 0, "node": "SA-N82"}, "package_id": "PKG15469", "payload": {"status": "DELIVERED"}, "sent_ts": 1758815471004, "arrival_ts": 1758815471154}
{"action": "send", "src": "AU-N35", "dst": "AU-N163", "hlc": {"phys": 1758815684790, "cnt": 0, "node": "AU-N35"}, "package_id": "PKG15659", "payload": {"status": "CREATED"}, "sent_ts": 1758815659440, "arrival_ts": 1758815659440}
{"action": "send", "src": "AU-N35", "dst": "AU-N163", "hlc": {"phys": 1758815685005, "cnt": 0, "node": "AU-N35"}, "package_id": "PKG15659", "payload": {"status": "SENT"}, "sent_ts": 1758815659655, "arrival_ts": 1758815659655}
{"action": "send", "src": "AU-N35", "dst": "AU-N163", "hlc": {"phys": 1758815685361, "cnt": 0, "node": "AU-N35"}, "package_id": "PKG15659", "payload": {"status": "IN_TRANSIT"}, "sent_ts": 1758815660011, "arrival_ts": 1758815660011}
{"action": "send", "src": "AU-N35", "dst": "AU-N163", "hlc": {"phys": 1758815685685, "cnt": 0, "node": "AU-N35"}, "package_id": "PKG15659", "payload": {"status": "RECEIVED"}, "sent_ts": 1758815660335, "arrival_ts": 1758815660335}
{"action": "send", "src": "AU-N35", "dst": "AU-N163", "hlc": {"phys": 1758815686043, "cnt": 0, "node": "AU-N35"}, "package_id": "PKG15659", "payload": {"status": "DELIVERED"}, "sent_ts": 1758815660693, "arrival_ts": 1758815660693}
{"action": "recv", "src": "AS-N158", "dst": "AU-N35", "hlc": {"phys": 1758815984269, "cnt": 0, "node": "AS-N158"}, "package_id": "PKG15972", "payload": {"status": "CREATED"}, "sent_ts": 1758815972689, "arrival_ts": 1758815972726}
{"action": "recv", "src": "AS-N158", "dst": "AU-N35", "hlc": {"phys": 1758815984502, "cnt": 0, "node": "AS-N158"}, "package_id": "PKG15972", "payload": {"status": "SENT"}, "sent_ts": 1758815972922, "arrival_ts": 1758815973006}
{"action": "recv", "src": "AS-N158", "dst": "AU-N35", "hlc": {"phys": 1758815984796, "cnt": 0, "node": "AS-N158"}, "package_id": "PKG15972", "payload": {"status": "IN_TRANSIT"}, "sent_ts": 1758815973216, "arrival_ts": 1758815973228}
{"action": "recv", "src": "AS-N158", "dst": "AU-N35", "hlc": {"phys": 1758815985028, "cnt": 0, "node": "AS-N158"}, "package_id": "PKG15972", "payload": {"status": "RECEIVED"}, "sent_ts": 1758815973448, "arrival_ts": 1758815973583}
{"action": "recv", "src": "AS-N158", "dst": "AU-N35", "hlc": {"phys": 1758815985372, "cnt": 0, "node": "AS-N158"}, "package_id": "PKG15972", "payload": {"status": "DELIVERED"}, "sent_ts": 1758815973792, "arrival_ts": 1758815973961}
