{"action": "recv", "src": "EU-N130", "dst": "AU-N165", "hlc": {"phys": 1758714035191, "cnt": 0, "node": "EU-N130"}, "package_id": "PKG14028", "payload": {"status": "CREATED"}, "sent_ts": 1758714028891, "arrival_ts": 1758714028981}
{"action": "recv", "src": "EU-N130", "dst": "AU-N165", "hlc": {"phys": 1758714035504, "cnt": 0, "node": "EU-N130"}, "package_id": "PKG14028", "payload": {"status": "SENT"}, "sent_ts": 1758714029204, "arrival_ts": 1758714029236}
{"action": "recv", "src": "EU-N130", "dst": "AU-N165", "hlc": {"phys": 1758714035750, "cnt": 0, "node": "EU-N130"}, "package_id": "PKG14028", "payload": {"status": "IN_TRANSIT"}, "sent_ts": 1758714029450, "arrival_ts": 1758714029547}
{"action": "recv", "src": "EU-N130", "dst": "AU-N165", "hlc": {"phys": 1758714036059, "cnt": 0, "node": "EU-N130"}, "package_id": "PKG14028", "payload": {"status": "RECEIVED"}, "sent_ts": 1758714029759, "arrival_ts": 1758714029791}
{"action": "recv", "src": "EU-N130", "dst": "AU-N165", "hlc": {"phys": 1758714036297, "cnt": 0, "node": "EU-N130"}, "package_id": "PKG14028", "payload": {"status": "DELIVERED"}, "sent_ts": 1758714029997, "arrival_ts": 1758714030109}
{"action": "recv", "src": "AF-N175", "dst": "AU-N165", "hlc": {"phys": 1758716607145, "cnt": 0, "node": "AF-N175"}, "package_id": "PKG16590", "payload": {"status": "CREATED"}, "sent_ts": 1758716590395, "arrival_ts": 1758716590475}
{"action": "recv", "src": "AF-N175", "dst": "AU-N165", "hlc": {"phys": 1758716607423, "cnt": 0, "node": "AF-N175"}, "package_id": "PKG16590", "payload": {"status": "SENT"}, "sent_ts": 1758716590673, "arrival_ts": 1758716590795}
{"action": "recv", "src": "AF-N175", "dst": "AU-N165", "hlc": {"phys": 1758716607750, "cnt": 0, "node": "AF-N175"}, "package_id": "PKG16590", "payload": {"status": "IN_TRANSIT"}, "sent_ts": 1758716591000, "arrival_ts": 1758716591070}
{"action": "recv", "src": "AF-N175", "dst": "AU-N165", "hlc": {"phys": 1758716608030, "cnt": 0, "node": "AF-N175"}, "package_id": "PKG16590", "payload": {"status": "RECEIVED"}, "sent_ts": 1758716591280, "arrival_ts": 1758716591439}
{"action": "recv", "src": "AF-N175", "dst": "AU-N165", "hlc": {"phys": 1758716608404, "cnt": 0, "node": "AF-N175"}, "package_id": "PKG16590", "payload": {"status": "DELIVERED"}, "sent_ts": 1758716591654, "arrival_ts": 1758716591784}
{"action": "send", "src": "AU-N165", "dst": "AU-N179", "hlc": {"phys": 1758741206627, "cnt": 0, "node": "AU-N165"}, "package_id": "PKG41179", "payload": {"status": "CREATED"}, "sent_ts": 1758741179977, "arrival_ts": 1758741179977}
{"action": "send", "src": "AU-N165", "dst": "AU-N179", "hlc": {"phys": 1758741206970, "cnt": 0, "node": "AU-N165"}, "package_id": "PKG41179", "payload": {"status": "SENT"}, "sent_ts": 1758741180320, "arrival_ts": 1758741180320}
{"action": "send", "src": "AU-N165", "dst": "AU-N179", "hlc": {"phys": 1758741207249, "cnt": 0, "node": "AU-N165"}, "package_id": "PKG41179", "payload": {"status": "IN_TRANSIT"}, "sent_ts": 1758741180599, "arrival_ts": 1758741180599}
{"action": "send", "src": "AU-N165", "dst": "AU-N179", "hlc": {"phys": 1758741207513, "cnt": 0, "node": "AU-N165"}, "package_id": "PKG41179", "payload": {"status": "RECEIVED"}, "sent_ts": 1758741180863, "arrival_ts": 1758741180863}
{"action": "send", "src": "AU-N165", "dst": "AU-N179", "hlc": {"phys": 1758741207867, "cnt": 0, "node": "AU-N165"}, "package_id": "PKG41179", "payload": {"status": "DELIVERED"}, "sent_ts": 1758741181217, "arrival_ts": 1758741181217}
{"action": "recv", "src": "AN-N163", "dst": "AU-N165", "hlc": {"phys": 1758742399758, "cnt": 0, "node": "AN-N163"}, "package_id": "PKG42368", "payload": {"status": "CREATED"}, "sent_ts": 1758742368128, "arrival_ts": 1758742368247}
{"action": "recv", "src": "AN-N163", "dst": "AU-N165", "hlc": {"phys": 1758742400086, "cnt": 0, "node": "AN-N163"}, "package_id": "PKG42368", "payload": {"status": "SENT"}, "sent_ts": 1758742368456, "arrival_ts": 1758742368563}
{"action": "recv", "src": "AN-N163", "dst": "AU-N165", "hlc": {"phys": 1758742400394, "cnt": 0, "node": "AN-N163"}, "package_id": "PKG42368", "payload": {"status": "IN_TRANSIT"}, "sent_ts": 1758742368764, "arrival_ts": 1758742368849}
{"action": "recv", "src": "AN-N163", "dst": "AU-N165", "hlc": {"phys": 1758742400688, "cnt": 0, "node": "AN-N163"}, "package_id": "PKG42368", "payload": {"status": "RECEIVED"}, "sent_ts": 1758742369058, "arrival_ts": 1758742369112}
{"action": "recv", "src": "AN-N163", "dst": "AU-N165", "hlc": {"phys": 1758742400953, "cnt": 0, "node": "AN-N163"}, "package_id": "PKG42368", "payload": {"status": "DELIVERED"}, "sent_ts": 1758742369323, "arrival_ts": 1758742369518}
{"action": "send", "src": "AU-N165", "dst": "AU-N62", "hlc": {"phys": 1758743636730, "cnt": 0, "node": "AU-N165"}, "package_id": "PKG43610", "payload": {"status": "CREATED"}, "sent_ts": 1758743610080, "arrival_ts": 1758743610080}
{"action": "send", "src": "AU-N165", "dst": "AU-N62", "hlc": {"phys": 1758743636977, "cnt": 0, "node": "AU-N165"}, "package_id": "PKG43610", "payload": {"status": "SENT"}, "sent_ts": 1758743610327, "arrival_ts": 1758743610327}
{"action": "send", "src": "AU-N165", "dst": "AU-N62", "hlc": {"phys": 1758743637225, "cnt": 0, "node": "AU-N165"}, "package_id": "PKG43610", "payload": {"status": "IN_TRANSIT"}, "sent_ts": 1758743610575, "arrival_ts": 1758743610575}
{"action": "send", "src": "AU-N165", "dst": "AU-N62", "hlc": {"phys": 1758743637538, "cnt": 0, "node": "AU-N165"}, "package_id": "PKG43610", "payload": {"status": "RECEIVED"}, "sent_ts": 1758743610888, "arrival_ts": 1758743610888}
{"action": "send", "src": "AU-N165", "dst": "AU-N62", "hlc": {"phys": 1758743637801, "cnt": 0, "node": "AU-N165"}, "package_id": "PKG43610", "payload": {"status": "DELIVERED"}, "sent_ts": 1758743611151, "arrival_ts": 1758743611151}
{"action": "send", "src": "AU-N165", "dst": "AF-N9", "hlc": {"phys": 1758744025481, "cnt": 0, "node": "AU-N165"}, "package_id": "PKG43998", "payload": {"status": "CREATED"}, "sent_ts": 1758743998831, "arrival_ts": 1758743998831}
{"action": "send", "src": "AU-N165", "dst": "AF-N9", "hlc": {"phys": 1758744025763, "cnt": 0, "node": "AU-N165"}, "package_id": "PKG43998", "payload": {"status": "SENT"}, "sent_ts": 1758743999113, "arrival_ts": 1758743999113}
{"action": "send", "src": "AU-N165", "dst": "AF-N9", "hlc": {"phys": 1758744026152, "cnt": 0, "node": "AU-N165"}, "package_id": "PKG43998", "payload": {"status": "IN_TRANSIT"}, "sent_ts": 1758743999502, "arrival_ts": 1758743999502}
{"action": "send", "src": "AU-N165", "dst": "AF-N9", "hlc": {"phys": 1758744026514, "cnt": 0, "node": "AU-N165"}, "package_id": "PKG43998", "payload": {"status": "RECEIVED"}, "sent_ts": 1758743999864, "arrival_ts": 1758743999864}
{"action": "send", "src": "AU-N165", "dst": "AF-N9", "hlc": {"phys": 1758744026737, "cnt": 0, "node": "AU-N165"}, "package_id": "PKG43998", "payload": {"status": "DELIVERED"}, "sent_ts": 1758744000087, "arrival_ts": 1758744000087}
{"action": "recv", "src": "AN-N189", "dst": "AU-N165", "hlc": {"phys": 1758745830155, "cnt": 0, "node": "AN-N189"}, "package_id": "PKG45798", "payload": {"status": "CREATED"}, "sent_ts": 1758745798265, "arrival_ts": 1758745798296}
{"action": "recv", "src": "AN-N189", "dst": "AU-N165", "hlc": {"phys": 1758745830401, "cnt": 0, "node": "AN-N189"}, "package_id": "PKG45798", "payload": {"status": "SENT"}, "sent_ts": 1758745798511, "arrival_ts": 1758745798656}
{"action": "recv", "src": "AN-N189", "dst": "AU-N165", "hlc": {"phys": 1758745830764, "cnt": 0, "node": "AN-N189"}, "package_id": "PKG45798", "payload": {"status": "IN_TRANSIT"}, "sent_ts": 1758745798874, "arrival_ts": 1758745799045}
{"action": "recv", "src": "AN-N189", "dst": "AU-N165", "hlc": {"phys": 1758745831130, "cnt": 0, "node": "AN-N189"}, "package_id": "PKG45798", "payload": {"status": "RECEIVED"}, "sent_ts": 1758745799240, "arrival_ts": 1758745799315}
{"action": "recv", "src": "AN-N189", "dst": "AU-N165", "hlc": {"phys": 1758745831415, "cnt": 0, "node": "AN-N189"}, "package_id": "PKG45798", "payload": {"status": "DELIVERED"}, "sent_ts": 1758745799525, "arrival_ts": 1758745799601}
{"action": "send", "src": "AU-N165", "dst": "NA-N173", "hlc": {"phys": 1758749614418, "cnt": 0, "node": "AU-N165"}, "package_id": "PKG49587", "payload": {"status": "CREATED"}, "sent_ts": 1758749587768, "arrival_ts": 1758749587768}
{"action": "send", "src": "AU-N165", "dst": "NA-N173", "hlc": {"phys": 1758749614806, "cnt": 0, "node": "AU-N165"}, "package_id": "PKG49587", "payload": {"status": "SENT"}, "sent_ts": 1758749588156, "arrival_ts": 1758749588156}
{"action": "send", "src": "AU-N165", "dst": "NA-N173", "hlc": {"phys": 1758749615133, "cnt": 0, "node": "AU-N165"}, "package_id": "PKG49587", "payload": {"status": "IN_TRANSIT"}, "sent_ts": 1758749588483, "arrival_ts": 1758749588483}
{"action": "send", "src": "AU-N165", "dst": "NA-N173", "hlc": {"phys": 1758749615509, "cnt": 0, "node": "AU-N165"}, "package_id": "PKG49587", "payload": {"status": "RECEIVED"}, "sent_ts": 1758749588859, "arrival_ts": 1758749588859}
{"action": "send", "src": "AU-N165", "dst": "NA-N173", "hlc": {"phys": 1758749615760, "cnt": 0, "node": "AU-N165"}, "package_id": "PKG49587", "payload": {"status": "DELIVERED"}, "sent_ts": 1758749589110, "arrival_ts": 1758749589110}
{"action": "recv", "src": "AU-N78", "dst": "AU-N165", "hlc": {"phys": 1758752153651, "cnt": 0, "node": "AU-N78"}, "package_id": "PKG52127", "payload": {"status": "CREATED"}, "sent_ts": 1758752127871, "arrival_ts": 1758752127936}
{"action": "recv", "src": "AU-N78", "dst": "AU-N165", "hlc": {"phys": 1758752153927, "cnt": 0, "node": "AU-N78"}, "package_id": "PKG52127", "payload": {"status": "SENT"}, "sent_ts": 1758752128147, "arrival_ts": 1758752128217}
{"action": "recv", "src": "AU-N78", "dst": "AU-N165", "hlc": {"phys": 1758752154207, "cnt": 0, "node": "AU-N78"}, "package_id": "PKG52127", "payload": {"status": "IN_TRANSIT"}, "sent_ts": 1758752128427, "arrival_ts": 1758752128603}
{"action": "recv", "src": "AU-N78", "dst": "AU-N165", "hlc": {"phys": 1758752154592, "cnt": 0, "node": "AU-N78"}, "package_id": "PKG52127", "payload": {"status": "RECEIVED"}, "sent_ts": 1758752128812, "arrival_ts": 1758752128903}
{"action": "recv", "src": "AU-N78", "dst": "AU-N165", "hlc": {"phys": 1758752154889, "cnt": 0, "node": "AU-N78"}, "package_id": "PKG52127", "payload": {"status": "DELIVERED"}, "sent_ts": 1758752129109, "arrival_ts": 1758752129267}
{"action": "send", "src": "AU-N165", "dst": "NA-N156", "hlc": {"phys": 1758753535474, "cnt": 0, "node": "AU-N165"}, "package_id": "PKG53508", "payload": {"status": "CREATED"}, "sent_ts": 1758753508824, "arrival_ts": 1758753508824}
{"action": "send", "src": "AU-N165", "dst": "NA-N156", "hlc": {"phys": 1758753535864, "cnt": 0, "node": "AU-N165"}, "package_id": "PKG53508", "payload": {"status": "SENT"}, "sent_ts": 1758753509214, "arrival_ts": 1758753509214}
{"action": "send", "src": "AU-N165", "dst": "NA-N156", "hlc": {"phys": 1758753536235, "cnt": 0, "node": "AU-N165"}, "package_id": "PKG53508", "payload": {"status": "IN_TRANSIT"}, "sent_ts": 1758753509585, "arrival_ts": 1758753509585}
{"action": "send", "src": "AU-N165", "dst": "NA-N156", "hlc": {"phys": 1758753536582, "cnt": 0, "node": "AU-N165"}, "package_id": "PKG53508", "payload": {"status": "RECEIVED"}, "sent_ts": 1758753509932, "arrival_ts": 1758753509932}
{"action": "send", "src": "AU-N165", "dst": "NA-N156", "hlc": {"phys": 1758753536837, "cnt": 0, "node": "AU-N165"}, "package_id": "PKG53508", "payload": {"status": "DELIVERED"}, "sent_ts": 1758753510187, "arrival_ts": 1758753510187}
{"action": "recv", "src": "AN-N41", "dst": "AU-N165", "hlc": {"phys": 1758757288818, "cnt": 0, "node": "AN-N41"}, "package_id": "PKG57258", "payload": {"status": "CREATED"}, "sent_ts": 1758757258408, "arrival_ts": 1758757258533}
{"action": "recv", "src": "AN-N41", "dst": "AU-N165", "hlc": {"phys": 1758757289158, "cnt": 0, "node": "AN-N41"}, "package_id": "PKG57258", "payload": {"status": "SENT"}, "sent_ts": 1758757258748, "arrival_ts": 1758757258881}
{"action": "recv", "src": "AN-N41", "dst": "AU-N165", "hlc": {"phys": 1758757289497, "cnt": 0, "node": "AN-N41"}, "package_id": "PKG57258", "payload": {"status": "IN_TRANSIT"}, "sent_ts": 1758757259087, "arrival_ts": 1758757259243}
{"action": "recv", "src": "AN-N41", "dst": "AU-N165", "hlc": {"phys": 1758757289855, "cnt": 0, "node": "AN-N41"}, "package_id": "PKG57258", "payload": {"status": "RECEIVED"}, "sent_ts": 1758757259445, "arrival_ts": 1758757259632}
{"action": "recv", "src": "AN-N41", "dst": "AU-N165", "hlc": {"phys": 1758757290241, "cnt": 0, "node": "AN-N41"}, "package_id": "PKG57258", "payload": {"status": "DELIVERED"}, "sent_ts": 1758757259831, "arrival_ts": 1758757259892}
{"action": "send", "src": "AU-N165", "dst": "EU-N78", "hlc": {"phys": 1758758275778, "cnt": 0, "node": "AU-N165"}, "package_id": "PKG58249", "payload": {"status": "CREATED"}, "sent_ts": 1758758249128, "arrival_ts": 1758758249128}
{"action": "send", "src": "AU-N165", "dst": "EU-N78", "hlc": {"phys": 1758758276133, "cnt": 0, "node": "AU-N165"}, "package_id": "PKG58249", "payload": {"status": "SENT"}, "sent_ts": 1758758249483, "arrival_ts": 1758758249483}
{"action": "send", "src": "AU-N165", "dst": "EU-N78", "hlc": {"phys": 1758758276442, "cnt": 0, "node": "AU-N165"}, "package_id": "PKG58249", "payload": {"status": "IN_TRANSIT"}, "sent_ts": 1758758249792, "arrival_ts": 1758758249792}
{"action": "send", "src": "AU-N165", "dst": "EU-N78", "hlc": {"phys": 1758758276712, "cnt": 0, "node": "AU-N165"}, "package_id": "PKG58249", "payload": {"status": "RECEIVED"}, "sent_ts": 1758758250062, "arrival_ts": 1758758250062}
{"action": "send", "src": "AU-N165", "dst": "EU-N78", "hlc": {"phys": 1758758276935, "cnt": 0, "node": "AU-N165"}, "package_id": "PKG58249", "payload": {"status": "DELIVERED"}, "sent_ts": 1758758250285, "arrival_ts": 1758758250285}
