{"action": "recv", "src": "AU-N37", "dst": "AU-N118", "hlc": {"phys": 1758716418136, "cnt": 0, "node": "AU-N37"}, "package_id": "PKG16392", "payload": {"status": "CREATED"}, "sent_ts": 1758716392766, "arrival_ts": 1758716392815}
{"action": "recv", "src": "AU-N37", "dst": "AU-N118", "hlc": {"phys": 1758716418391, "cnt": 0, "node": "AU-N37"}, "package_id": "PKG16392", "payload": {"status": "SENT"}, "sent_ts": 1758716393021, "arrival_ts": 1758716393054}
{"action": "recv", "src": "AU-N37", "dst": "AU-N118", "hlc": {"phys": 1758716418629, "cnt": 0, "node": "AU-N37"}, "package_id": "PKG16392", "payload": {"status": "IN_TRANSIT"}, "sent_ts": 1758716393259, "arrival_ts": 1758716393452}
{"action": "recv", "src": "AU-N37", "dst": "AU-N118", "hlc": {"phys": 1758716419024, "cnt": 0, "node": "AU-N37"}, "package_id": "PKG16392", "payload": {"status": "RECEIVED"}, "sent_ts": 1758716393654, "arrival_ts": 1758716393851}
{"action": "recv", "src": "AU-N37", "dst": "AU-N118", "hlc": {"phys": 1758716419419, "cnt": 0, "node": "AU-N37"}, "package_id": "PKG16392", "payload": {"status": "DELIVERED"}, "sent_ts": 1758716394049, "arrival_ts": 1758716394091}
{"action": "recv", "src": "AN-N127", "dst": "AU-N118", "hlc": {"phys": 1758717490149, "cnt": 0, "node": "AN-N127"}, "package_id": "PKG17458", "payload": {"status": "CREATED"}, "sent_ts": 1758717458879, "arrival_ts": 1758717458954}
{"action": "recv", "src": "AN-N127", "dst": "AU-N118", "hlc": {"phys": 1758717490428, "cnt": 0, "node": "AN-N127"}, "package_id": "PKG17458", "payload": {"status": "SENT"}, "sent_ts": 1758717459158, "arrival_ts": 1758717459291}
{"action": "recv", "src": "AN-N127", "dst": "AU-N118", "hlc": {"phys": 1758717490754, "cnt": 0, "node": "AN-N127"}, "package_id": "PKG17458", "payload": {"status": "IN_TRANSIT"}, "sent_ts": 1758717459484, "arrival_ts": 1758717459597}
{"action": "recv", "src": "AN-N127", "dst": "AU-N118", "hlc": {"phys": 1758717491090, "cnt": 0, "node": "AN-N127"}, "package_id": "PKG17458", "payload": {"status": "RECEIVED"}, "sent_ts": 1758717459820, "arrival_ts": 1758717459894}
{"action": "recv", "src": "AN-N127", "dst": "AU-N118", "hlc": {"phys": 1758717491369, "cnt": 0, "node": "AN-N127"}, "package_id": "PKG17458", "payload": {"status": "DELIVERED"}, "sent_ts": 1758717460099, "arrival_ts": 1758717460243}
{"action": "recv", "src": "AN-N109", "dst": "AU-N118", "hlc": {"phys": 1758718252349, "cnt": 0, "node": "AN-N109"}, "package_id": "PKG18221", "payload": {"status": "CREATED"}, "sent_ts": 1758718221259, "arrival_ts": 1758718221306}
{"action": "recv", "src": "AN-N109", "dst": "AU-N118", "hlc": {"phys": 1758718252598, "cnt": 0, "node": "AN-N109"}, "package_id": "PKG18221", "payload": {"status": "SENT"}, "sent_ts": 1758718221508, "arrival_ts": 1758718221601}
{"action": "recv", "src": "AN-N109", "dst": "AU-N118", "hlc": {"phys": 1758718252894, "cnt": 0, "node": "AN-N109"}, "package_id": "PKG18221", "payload": {"status": "IN_TRANSIT"}, "sent_ts": 1758718221804, "arrival_ts": 1758718221999}
{"action": "recv", "src": "AN-N109", "dst": "AU-N118", "hlc": {"phys": 1758718253298, "cnt": 0, "node": "AN-N109"}, "package_id": "PKG18221", "payload": {"status": "RECEIVED"}, "sent_ts": 1758718222208, "arrival_ts": 1758718222329}
{"action": "recv", "src": "AN-N109", "dst": "AU-N118", "hlc": {"phys": 1758718253639, "cnt": 0, "node": "AN-N109"}, "package_id": "PKG18221", "payload": {"status": "DELIVERED"}, "sent_ts": 1758718222549, "arrival_ts": 1758718222648}
{"action": "send", "src": "AU-N118", "dst": "AS-N52", "hlc": {"phys": 1758719137586, "cnt": 0, "node": "AU-N118"}, "package_id": "PKG19111", "payload": {"status": "CREATED"}, "sent_ts": 1758719111406, "arrival_ts": 1758719111406}
{"action": "send", "src": "AU-N118", "dst": "AS-N52", "hlc": {"phys": 1758719137955, "cnt": 0, "node": "AU-N118"}, "package_id": "PKG19111", "payload": {"status": "SENT"}, "sent_ts": 1758719111775, "arrival_ts": 1758719111775}
{"action": "send", "src": "AU-N118", "dst": "AS-N52", "hlc": {"phys": 1758719138201, "cnt": 0, "node": "AU-N118"}, "package_id": "PKG19111", "payload": {"status": "IN_TRANSIT"}, "sent_ts": 1758719112021, "arrival_ts": 1758719112021}
{"action": "send", "src": "AU-N118", "dst": "AS-N52", "hlc": {"phys": 1758719138464, "cnt": 0, "node": "AU-N118"}, "package_id": "PKG19111", "payload": {"status": "RECEIVED"}, "sent_ts": 1758719112284, "arrival_ts": 1758719112284}
{"action": "send", "src": "AU-N118", "dst": "AS-N52", "hlc": {"phys": 1758719138727, "cnt": 0, "node": "AU-N118"}, "package_id": "PKG19111", "payload": {"status": "DELIVERED"}, "sent_ts": 1758719112547, "arrival_ts": 1758719112547}
{"action": "recv", "src": "NA-N31", "dst": "AU-N118", "hlc": {"phys": 1758737948896, "cnt": 0, "node": "NA-N31"}, "package_id": "PKG37948", "payload": {"status": "CREATED"}, "sent_ts": 1758737948586, "arrival_ts": 1758737948754}
{"action": "recv", "src": "NA-N31", "dst": "AU-N118", "hlc": {"phys": 1758737949272, "cnt": 0, "node": "NA-N31"}, "package_id": "PKG37948", "payload": {"status": "SENT"}, "sent_ts": 1758737948962, "arrival_ts": 1758737949109}
{"action": "recv", "src": "NA-N31", "dst": "AU-N118", "hlc": {"phys": 1758737949634, "cnt": 0, "node": "NA-N31"}, "package_id": "PKG37948", "payload": {"status": "IN_TRANSIT"}, "sent_ts": 1758737949324, "arrival_ts": 1758737949362}
{"action": "recv", "src": "NA-N31", "dst": "AU-N118", "hlc": {"phys": 1758737949887, "cnt": 0, "node": "NA-N31"}, "package_id": "PKG37948", "payload": {"status": "RECEIVED"}, "sent_ts": 1758737949577, "arrival_ts": 1758737949605}
{"action": "recv", "src": "NA-N31", "dst": "AU-N118", "hlc": {"phys": 1758737950114, "cnt": 0, "node": "NA-N31"}, "package_id": "PKG37948", "payload": {"status": "DELIVERED"}, "sent_ts": 1758737949804, "arrival_ts": 1758737949846}
{"action": "send", "src": "AU-N118", "dst": "AN-N20", "hlc": {"phys": 1758738672395, "cnt": 0, "node": "AU-N118"}, "package_id": "PKG38646", "payload": {"status": "CREATED"}, "sent_ts": 1758738646215, "arrival_ts": 1758738646215}
{"action": "send", "src": "AU-N118", "dst": "AN-N20", "hlc": {"phys": 1758738672689, "cnt": 0, "node": "AU-N118"}, "package_id": "PKG38646", "payload": {"status": "SENT"}, "sent_ts": 1758738646509, "arrival_ts": 1758738646509}
{"action": "send", "src": "AU-N118", "dst": "AN-N20", "hlc": {"phys": 1758738673033, "cnt": 0, "node": "AU-N118"}, "package_id": "PKG38646", "payload": {"status": "IN_TRANSIT"}, "sent_ts": 1758738646853, "arrival_ts": 1758738646853}
{"action": "send", "src": "AU-N118", "dst": "AN-N20", "hlc": {"phys": 1758738673313, "cnt": 0, "node": "AU-N118"}, "package_id": "PKG38646", "payload": {"status": "RECEIVED"}, "sent_ts": 1758738647133, "arrival_ts": 1758738647133}
{"action": "send", "src": "AU-N118", "dst": "AN-N20", "hlc": {"phys": 1758738673644, "cnt": 0, "node": "AU-N118"}, "package_id": "PKG38646", "payload": {"status": "DELIVERED"}, "sent_ts": 1758738647464, "arrival_ts": 1758738647464}
{"action": "recv", "src": "AN-N134", "dst": "AU-N118", "hlc": {"phys": 1758738990924, "cnt": 0, "node": "AN-N134"}, "package_id": "PKG38959", "payload": {"status": "CREATED"}, "sent_ts": 1758738959584, "arrival_ts": 1758738959716}
{"action": "recv", "src": "AN-N134", "dst": "AU-N118", "hlc": {"phys": 1758738991259, "cnt": 0, "node": "AN-N134"}, "package_id": "PKG38959", "payload": {"status": "SENT"}, "sent_ts": 1758738959919, "arrival_ts": 1758738960032}
{"action": "recv", "src": "AN-N134", "dst": "AU-N118", "hlc": {"phys": 1758738991588, "cnt": 0, "node": "AN-N134"}, "package_id": "PKG38959", "payload": {"status": "IN_TRANSIT"}, "sent_ts": 1758738960248, "arrival_ts": 1758738960259}
{"action": "recv", "src": "AN-N134", "dst": "AU-N118", "hlc": {"phys": 1758738991808, "cnt": 0, "node": "AN-N134"}, "package_id": "PKG38959", "payload": {"status": "RECEIVED"}, "sent_ts": 1758738960468, "arrival_ts": 1758738960528}
{"action": "recv", "src": "AN-N134", "dst": "AU-N118", "hlc": {"phys": 1758738992086, "cnt": 0, "node": "AN-N134"}, "package_id": "PKG38959", "payload": {"status": "DELIVERED"}, "sent_ts": 1758738960746, "arrival_ts": 1758738960816}
{"action": "recv", "src": "AU-N119", "dst": "AU-N118", "hlc": {"phys": 1758739941254, "cnt": 0, "node": "AU-N119"}, "package_id": "PKG39915", "payload": {"status": "CREATED"}, "sent_ts": 1758739915063, "arrival_ts": 1758739915110}
{"action": "recv", "src": "AU-N119", "dst": "AU-N118", "hlc": {"phys": 1758739941517, "cnt": 0, "node": "AU-N119"}, "package_id": "PKG39915", "payload": {"status": "SENT"}, "sent_ts": 1758739915327, "arrival_ts": 1758739915446}
{"action": "recv", "src": "AU-N119", "dst": "AU-N118", "hlc": {"phys": 1758739941849, "cnt": 0, "node": "AU-N119"}, "package_id": "PKG39915", "payload": {"status": "IN_TRANSIT"}, "sent_ts": 1758739915659, "arrival_ts": 1758739915859}
{"action": "recv", "src": "AU-N119", "dst": "AU-N118", "hlc": {"phys": 1758739942260, "cnt": 0, "node": "AU-N119"}, "package_id": "PKG39915", "payload": {"status": "RECEIVED"}, "sent_ts": 1758739916070, "arrival_ts": 1758739916157}
{"action": "recv", "src": "AU-N119", "dst": "AU-N118", "hlc": {"phys": 1758739942569, "cnt": 0, "node": "AU-N119"}, "package_id": "PKG39915", "payload": {"status": "DELIVERED"}, "sent_ts": 1758739916379, "arrival_ts": 1758739916554}
{"action": "send", "src": "AU-N118", "dst": "NA-N70", "hlc": {"phys": 1758740449628, "cnt": 0, "node": "AU-N118"}, "package_id": "PKG40423", "payload": {"status": "CREATED"}, "sent_ts": 1758740423448, "arrival_ts": 1758740423448}
{"action": "send", "src": "AU-N118", "dst": "NA-N70", "hlc": {"phys": 1758740449856, "cnt": 0, "node": "AU-N118"}, "package_id": "PKG40423", "payload": {"status": "SENT"}, "sent_ts": 1758740423676, "arrival_ts": 1758740423676}
{"action": "send", "src": "AU-N118", "dst": "NA-N70", "hlc": {"phys": 1758740450104, "cnt": 0, "node": "AU-N118"}, "package_id": "PKG40423", "payload": {"status": "IN_TRANSIT"}, "sent_ts": 1758740423924, "arrival_ts": 1758740423924}
{"action": "send", "src": "AU-N118", "dst": "NA-N70", "hlc": {"phys": 1758740450373, "cnt": 0, "node": "AU-N118"}, "package_id": "PKG40423", "payload": {"status": "RECEIVED"}, "sent_ts": 1758740424193, "arrival_ts": 1758740424193}
{"action": "send", "src": "AU-N118", "dst": "NA-N70", "hlc": {"phys": 1758740450730, "cnt": 0, "node": "AU-N118"}, "package_id": "PKG40423", "payload": {"status": "DELIVERED"}, "sent_ts": 1758740424550, "arrival_ts": 1758740424550}
{"action": "send", "src": "AU-N118", "dst": "EU-N188", "hlc": {"phys": 1758741136812, "cnt": 0, "node": "AU-N118"}, "package_id": "PKG41110", "payload": {"status": "CREATED"}, "sent_ts": 1758741110632, "arrival_ts": 1758741110632}
{"action": "send", "src": "AU-N118", "dst": "EU-N188", "hlc": {"phys": 1758741137090, "cnt": 0, "node": "AU-N118"}, "package_id": "PKG41110", "payload": {"status": "SENT"}, "sent_ts": 1758741110910, "arrival_ts": 1758741110910}
{"action": "send", "src": "AU-N118", "dst": "EU-N188", "hlc": {"phys": 1758741137354, "cnt": 0, "node": "AU-N118"}, "package_id": "PKG41110", "payload": {"status": "IN_TRANSIT"}, "sent_ts": 1758741111174, "arrival_ts": 1758741111174}
{"action": "send", "src": "AU-N118", "dst": "EU-N188", "hlc": {"phys": 1758741137728, "cnt": 0, "node": "AU-N118"}, "package_id": "PKG41110", "payload": {"status": "RECEIVED"}, "sent_ts": 1758741111548, "arrival_ts": 1758741111548}
{"action": "send", "src": "AU-N118", "dst": "EU-N188", "hlc": {"phys": 1758741138007, "cnt": 0, "node": "AU-N118"}, "package_id": "PKG41110", "payload": {"status": "DELIVERED"}, "sent_ts": 1758741111827, "arrival_ts": 1758741111827}
{"action": "send", "src": "AU-N118", "dst": "AU-N198", "hlc": {"phys": 1758745771413, "cnt": 0, "node": "AU-N118"}, "package_id": "PKG45745", "payload": {"status": "CREATED"}, "sent_ts": 1758745745233, "arrival_ts": 1758745745233}
{"action": "send", "src": "AU-N118", "dst": "AU-N198", "hlc": {"phys": 1758745771652, "cnt": 0, "node": "AU-N118"}, "package_id": "PKG45745", "payload": {"status": "SENT"}, "sent_ts": 1758745745472, "arrival_ts": 1758745745472}
{"action": "send", "src": "AU-N118", "dst": "AU-N198", "hlc": {"phys": 1758745772017, "cnt": 0, "node": "AU-N118"}, "package_id": "PKG45745", "payload": {"status": "IN_TRANSIT"}, "sent_ts": 1758745745837, "arrival_ts": 1758745745837}
{"action": "send", "src": "AU-N118", "dst": "AU-N198", "hlc": {"phys": 1758745772423, "cnt": 0, "node": "AU-N118"}, "package_id": "PKG45745", "payload": {"status": "RECEIVED"}, "sent_ts": 1758745746243, "arrival_ts": 1758745746243}
{"action": "send", "src": "AU-N118", "dst": "AU-N198", "hlc": {"phys": 1758745772704, "cnt": 0, "node": "AU-N118"}, "package_id": "PKG45745", "payload": {"status": "DELIVERED"}, "sent_ts": 1758745746524, "arrival_ts": 1758745746524}
{"action": "recv", "src": "NA-N110", "dst": "AU-N118", "hlc": {"phys": 1758748338933, "cnt": 0, "node": "NA-N110"}, "package_id": "PKG48337", "payload": {"status": "CREATED"}, "sent_ts": 1758748337833, "arrival_ts": 1758748337871}
{"action": "recv", "src": "NA-N110", "dst": "AU-N118", "hlc": {"phys": 1758748339181, "cnt": 0, "node": "NA-N110"}, "package_id": "PKG48337", "payload": {"status": "SENT"}, "sent_ts": 1758748338081, "arrival_ts": 1758748338200}
{"action": "recv", "src": "NA-N110", "dst": "AU-N118", "hlc": {"phys": 1758748340217, "cnt": 0, "node": "NA-N110"}, "package_id": "PKG48337", "payload": {"status": "IN_TRANSIT"}, "sent_ts": 1758748339117, "arrival_ts": 1758748339316}
{"action": "recv", "src": "NA-N110", "dst": "AU-N118", "hlc": {"phys": 1758748340619, "cnt": 0, "node": "NA-N110"}, "package_id": "PKG48337", "payload": {"status": "RECEIVED"}, "sent_ts": 1758748339519, "arrival_ts": 1758748339645}
{"action": "recv", "src": "NA-N110", "dst": "AU-N118", "hlc": {"phys": 1758748340944, "cnt": 0, "node": "NA-N110"}, "package_id": "PKG48337", "payload": {"status": "DELIVERED"}, "sent_ts": 1758748339844, "arrival_ts": 1758748340041}
{"action": "recv", "src": "AU-N41", "dst": "AU-N118", "hlc": {"phys": 1758749607705, "cnt": 0, "node": "AU-N41"}, "package_id": "PKG49582", "payload": {"status": "CREATED"}, "sent_ts": 1758749582295, "arrival_ts": 1758749582404}
{"action": "recv", "src": "AU-N41", "dst": "AU-N118", "hlc": {"phys": 1758749608031, "cnt": 0, "node": "AU-N41"}, "package_id": "PKG49582", "payload": {"status": "SENT"}, "sent_ts": 1758749582621, "arrival_ts": 1758749582732}
{"action": "recv", "src": "AU-N41", "dst": "AU-N118", "hlc": {"phys": 1758749608358, "cnt": 0, "node": "AU-N41"}, "package_id": "PKG49582", "payload": {"status": "IN_TRANSIT"}, "sent_ts": 1758749582948, "arrival_ts": 1758749583150}
{"action": "recv", "src": "AU-N41", "dst": "AU-N118", "hlc": {"phys": 1758749608766, "cnt": 0, "node": "AU-N41"}, "package_id": "PKG49582", "payload": {"status": "RECEIVED"}, "sent_ts": 1758749583356, "arrival_ts": 1758749583522}
{"action": "recv", "src": "AU-N41", "dst": "AU-N118", "hlc": {"phys": 1758749609138, "cnt": 0, "node": "AU-N41"}, "package_id": "PKG49582", "payload": {"status": "DELIVERED"}, "sent_ts": 1758749583728, "arrival_ts": 1758749583886}
{"action": "send", "src": "AU-N118", "dst": "AU-N193", "hlc": {"phys": 1758751269964, "cnt": 0, "node": "AU-N118"}, "package_id": "PKG51243", "payload": {"status": "CREATED"}, "sent_ts": 1758751243784, "arrival_ts": 1758751243784}
{"action": "send", "src": "AU-N118", "dst": "AU-N193", "hlc": {"phys": 1758751270259, "cnt": 0, "node": "AU-N118"}, "package_id": "PKG51243", "payload": {"status": "SENT"}, "sent_ts": 1758751244079, "arrival_ts": 1758751244079}
{"action": "send", "src": "AU-N118", "dst": "AU-N193", "hlc": {"phys": 1758751270626, "cnt": 0, "node": "AU-N118"}, "package_id": "PKG51243", "payload": {"status": "IN_TRANSIT"}, "sent_ts": 1758751244446, "arrival_ts": 1758751244446}
{"action": "send", "src": "AU-N118", "dst": "AU-N193", "hlc": {"phys": 1758751271025, "cnt": 0, "node": "AU-N118"}, "package_id": "PKG51243", "payload": {"status": "RECEIVED"}, "sent_ts": 1758751244845, "arrival_ts": 1758751244845}
{"action": "send", "src": "AU-N118", "dst": "AU-N193", "hlc": {"phys": 1758751271317, "cnt": 0, "node": "AU-N118"}, "package_id": "PKG51243", "payload": {"status": "DELIVERED"}, "sent_ts": 1758751245137, "arrival_ts": 1758751245137}
{"action": "send", "src": "AU-N118", "dst": "AU-N83", "hlc": {"phys": 1758752351642, "cnt": 0, "node": "AU-N118"}, "package_id": "PKG52325", "payload": {"status": "CREATED"}, "sent_ts": 1758752325462, "arrival_ts": 1758752325462}
{"action": "send", "src": "AU-N118", "dst": "AU-N83", "hlc": {"phys": 1758752352006, "cnt": 0, "node": "AU-N118"}, "package_id": "PKG52325", "payload": {"status": "SENT"}, "sent_ts": 1758752325826, "arrival_ts": 1758752325826}
{"action": "send", "src": "AU-N118", "dst": "AU-N83", "hlc": {"phys": 1758752352277, "cnt": 0, "node": "AU-N118"}, "package_id": "PKG52325", "payload": {"status": "IN_TRANSIT"}, "sent_ts": 1758752326097, "arrival_ts": 1758752326097}
{"action": "send", "src": "AU-N118", "dst": "AU-N83", "hlc": {"phys": 1758752352556, "cnt": 0, "node": "AU-N118"}, "package_id": "PKG52325", "payload": {"status": "RECEIVED"}, "sent_ts": 1758752326376, "arrival_ts": 1758752326376}
{"action": "send", "src": "AU-N118", "dst": "AU-N83", "hlc": {"phys": 1758752352898, "cnt": 0, "node": "AU-N118"}, "package_id": "PKG52325", "payload": {"status": "DELIVERED"}, "sent_ts": 1758752326718, "arrival_ts": 1758752326718}
{"action": "recv", "src": "SA-N159", "dst": "AU-N118", "hlc": {"phys": 1758753570927, "cnt": 0, "node": "SA-N159"}, "package_id": "PKG53549", "payload": {"status": "CREATED"}, "sent_ts": 1758753549337, "arrival_ts": 1758753549503}
{"action": "recv", "src": "SA-N159", "dst": "AU-N118", "hlc": {"phys": 1758753571307, "cnt": 0, "node": "SA-N159"}, "package_id": "PKG53549", "payload": {"status": "SENT"}, "sent_ts": 1758753549717, "arrival_ts": 1758753549858}
{"action": "recv", "src": "SA-N159", "dst": "AU-N118", "hlc": {"phys": 1758753571667, "cnt": 0, "node": "SA-N159"}, "package_id": "PKG53549", "payload": {"status": "IN_TRANSIT"}, "sent_ts": 1758753550077, "arrival_ts": 1758753550110}
{"action": "recv", "src": "SA-N159", "dst": "AU-N118", "hlc": {"phys": 1758753571921, "cnt": 0, "node": "SA-N159"}, "package_id": "PKG53549", "payload": {"status": "RECEIVED"}, "sent_ts": 1758753550331, "arrival_ts": 1758753550498}
{"action": "recv", "src": "SA-N159", "dst": "AU-N118", "hlc": {"phys": 1758753572312, "cnt": 0, "node": "SA-N159"}, "package_id": "PKG53549", "payload": {"status": "DELIVERED"}, "sent_ts": 1758753550722, "arrival_ts": 1758753550785}
{"action": "recv", "src": "AS-N120", "dst": "AU-N118", "hlc": {"phys": 1758755677405, "cnt": 0, "node": "AS-N120"}, "package_id": "PKG55666", "payload": {"status": "CREATED"}, "sent_ts": 1758755666205, "arrival_ts": 1758755666326}
{"action": "recv", "src": "AS-N120", "dst": "AU-N118", "hlc": {"phys": 1758755677737, "cnt": 0, "node": "AS-N120"}, "package_id": "PKG55666", "payload": {"status": "SENT"}, "sent_ts": 1758755666537, "arrival_ts": 1758755666614}
{"action": "recv", "src": "AS-N120", "dst": "AU-N118", "hlc": {"phys": 1758755678027, "cnt": 0, "node": "AS-N120"}, "package_id": "PKG55666", "payload": {"status": "IN_TRANSIT"}, "sent_ts": 1758755666827, "arrival_ts": 1758755667028}
{"action": "recv", "src": "AS-N120", "dst": "AU-N118", "hlc": {"phys": 1758755678434, "cnt": 0, "node": "AS-N120"}, "package_id": "PKG55666", "payload": {"status": "RECEIVED"}, "sent_ts": 1758755667234, "arrival_ts": 1758755667303}
{"action": "recv", "src": "AS-N120", "dst": "AU-N118", "hlc": {"phys": 1758755678714, "cnt": 0, "node": "AS-N120"}, "package_id": "PKG55666", "payload": {"status": "DELIVERED"}, "sent_ts": 1758755667514, "arrival_ts": 1758755667625}
{"action": "recv", "src": "NA-N21", "dst": "AU-N118", "hlc": {"phys": 1758756370838, "cnt": 0, "node": "NA-N21"}, "package_id": "PKG56370", "payload": {"status": "CREATED"}, "sent_ts": 1758756370628, "arrival_ts": 1758756370710}
{"action": "recv", "src": "NA-N21", "dst": "AU-N118", "hlc": {"phys": 1758756371133, "cnt": 0, "node": "NA-N21"}, "package_id": "PKG56370", "payload": {"status": "SENT"}, "sent_ts": 1758756370923, "arrival_ts": 1758756371071}
{"action": "recv", "src": "NA-N21", "dst": "AU-N118", "hlc": {"phys": 1758756371484, "cnt": 0, "node": "NA-N21"}, "package_id": "PKG56370", "payload": {"status": "IN_TRANSIT"}, "sent_ts": 1758756371274, "arrival_ts": 1758756371331}
{"action": "recv", "src": "NA-N21", "dst": "AU-N118", "hlc": {"phys": 1758756371757, "cnt": 0, "node": "NA-N21"}, "package_id": "PKG56370", "payload": {"status": "RECEIVED"}, "sent_ts": 1758756371547, "arrival_ts": 1758756371710}
{"action": "recv", "src": "NA-N21", "dst": "AU-N118", "hlc": {"phys": 1758756372119, "cnt": 0, "node": "NA-N21"}, "package_id": "PKG56370", "payload": {"status": "DELIVERED"}, "sent_ts": 1758756371909, "arrival_ts": 1758756371972}
{"action": "send", "src": "AU-N118", "dst": "NA-N93", "hlc": {"phys": 1758762747073, "cnt": 0, "node": "AU-N118"}, "package_id": "PKG62720", "payload": {"status": "CREATED"}, "sent_ts": 1758762720893, "arrival_ts": 1758762720893}
{"action": "send", "src": "AU-N118", "dst": "NA-N93", "hlc": {"phys": 1758762747353, "cnt": 0, "node": "AU-N118"}, "package_id": "PKG62720", "payload": {"status": "SENT"}, "sent_ts": 1758762721173, "arrival_ts": 1758762721173}
{"action": "send", "src": "AU-N118", "dst": "NA-N93", "hlc": {"phys": 1758762747592, "cnt": 0, "node": "AU-N118"}, "package_id": "PKG62720", "payload": {"status": "IN_TRANSIT"}, "sent_ts": 1758762721412, "arrival_ts": 1758762721413}
{"action": "send", "src": "AU-N118", "dst": "NA-N93", "hlc": {"phys": 1758762747893, "cnt": 0, "node": "AU-N118"}, "package_id": "PKG62720", "payload": {"status": "RECEIVED"}, "sent_ts": 1758762721713, "arrival_ts": 1758762721713}
{"action": "send", "src": "AU-N118", "dst": "NA-N93", "hlc": {"phys": 1758762748114, "cnt": 0, "node": "AU-N118"}, "package_id": "PKG62720", "payload": {"status": "DELIVERED"}, "sent_ts": 1758762721934, "arrival_ts": 1758762721934}
{"action": "recv", "src": "AS-N115", "dst": "AU-N118", "hlc": {"phys": 1758809568489, "cnt": 0, "node": "AS-N115"}, "package_id": "PKG9557", "payload": {"status": "CREATED"}, "sent_ts": 1758809557339, "arrival_ts": 1758809557360}
{"action": "recv", "src": "AS-N115", "dst": "AU-N118", "hlc": {"phys": 1758809568721, "cnt": 0, "node": "AS-N115"}, "package_id": "PKG9557", "payload": {"status": "SENT"}, "sent_ts": 1758809557571, "arrival_ts": 1758809557634}
{"action": "recv", "src": "AS-N115", "dst": "AU-N118", "hlc": {"phys": 1758809568984, "cnt": 0, "node": "AS-N115"}, "package_id": "PKG9557", "payload": {"status": "IN_TRANSIT"}, "sent_ts": 1758809557834, "arrival_ts": 1758809557945}
{"action": "recv", "src": "AS-N115", "dst": "AU-N118", "hlc": {"phys": 1758809569309, "cnt": 0, "node": "AS-N115"}, "package_id": "PKG9557", "payload": {"status": "RECEIVED"}, "sent_ts": 1758809558159, "arrival_ts": 1758809558283}
{"action": "recv", "src": "AS-N115", "dst": "AU-N118", "hlc": {"phys": 1758809569650, "cnt": 0, "node": "AS-N115"}, "package_id": "PKG9557", "payload": {"status": "DELIVERED"}, "sent_ts": 1758809558500, "arrival_ts": 1758809558647}
{"action": "send", "src": "AU-N118", "dst": "AN-N141", "hlc": {"phys": 1758810164673, "cnt": 0, "node": "AU-N118"}, "package_id": "PKG10138", "payload": {"status": "CREATED"}, "sent_ts": 1758810138493, "arrival_ts": 1758810138493}
{"action": "send", "src": "AU-N118", "dst": "AN-N141", "hlc": {"phys": 1758810165004, "cnt": 0, "node": "AU-N118"}, "package_id": "PKG10138", "payload": {"status": "SENT"}, "sent_ts": 1758810138824, "arrival_ts": 1758810138824}
{"action": "send", "src": "AU-N118", "dst": "AN-N141", "hlc": {"phys": 1758810165360, "cnt": 0, "node": "AU-N118"}, "package_id": "PKG10138", "payload": {"status": "IN_TRANSIT"}, "sent_ts": 1758810139180, "arrival_ts": 1758810139180}
{"action": "send", "src": "AU-N118", "dst": "AN-N141", "hlc": {"phys": 1758810165749, "cnt": 0, "node": "AU-N118"}, "package_id": "PKG10138", "payload": {"status": "RECEIVED"}, "sent_ts": 1758810139569, "arrival_ts": 1758810139569}
{"action": "send", "src": "AU-N118", "dst": "AN-N141", "hlc": {"phys": 1758810166043, "cnt": 0, "node": "AU-N118"}, "package_id": "PKG10138", "payload": {"status": "DELIVERED"}, "sent_ts": 1758810139863, "arrival_ts": 1758810139863}
{"action": "recv", "src": "AS-N106", "dst": "AU-N118", "hlc": {"phys": 1758810614775, "cnt": 0, "node": "AS-N106"}, "package_id": "PKG10603", "payload": {"status": "CREATED"}, "sent_ts": 1758810603715, "arrival_ts": 1758810603857}
{"action": "recv", "src": "AS-N106", "dst": "AU-N118", "hlc": {"phys": 1758810615117, "cnt": 0, "node": "AS-N106"}, "package_id": "PKG10603", "payload": {"status": "SENT"}, "sent_ts": 1758810604057, "arrival_ts": 1758810604188}
{"action": "recv", "src": "AS-N106", "dst": "AU-N118", "hlc": {"phys": 1758810615458, "cnt": 0, "node": "AS-N106"}, "package_id": "PKG10603", "payload": {"status": "IN_TRANSIT"}, "sent_ts": 1758810604398, "arrival_ts": 1758810604551}
{"action": "recv", "src": "AS-N106", "dst": "AU-N118", "hlc": {"phys": 1758810615819, "cnt": 0, "node": "AS-N106"}, "package_id": "PKG10603", "payload": {"status": "RECEIVED"}, "sent_ts": 1758810604759, "arrival_ts": 1758810604807}
{"action": "recv", "src": "AS-N106", "dst": "AU-N118", "hlc": {"phys": 1758810616069, "cnt": 0, "node": "AS-N106"}, "package_id": "PKG10603", "payload": {"status": "DELIVERED"}, "sent_ts": 1758810605009, "arrival_ts": 1758810605208}
{"action": "send", "src": "AU-N118", "dst": "AS-N45", "hlc": {"phys": 1758816996291, "cnt": 0, "node": "AU-N118"}, "package_id": "PKG16970", "payload": {"status": "CREATED"}, "sent_ts": 1758816970111, "arrival_ts": 1758816970111}
{"action": "send", "src": "AU-N118", "dst": "AS-N45", "hlc": {"phys": 1758816996646, "cnt": 0, "node": "AU-N118"}, "package_id": "PKG16970", "payload": {"status": "SENT"}, "sent_ts": 1758816970466, "arrival_ts": 1758816970466}
{"action": "send", "src": "AU-N118", "dst": "AS-N45", "hlc": {"phys": 1758816996894, "cnt": 0, "node": "AU-N118"}, "package_id": "PKG16970", "payload": {"status": "IN_TRANSIT"}, "sent_ts": 1758816970714, "arrival_ts": 1758816970714}
{"action": "send", "src": "AU-N118", "dst": "AS-N45", "hlc": {"phys": 1758816997143, "cnt": 0, "node": "AU-N118"}, "package_id": "PKG16970", "payload": {"status": "RECEIVED"}, "sent_ts": 1758816970963, "arrival_ts": 1758816970963}
{"action": "send", "src": "AU-N118", "dst": "AS-N45", "hlc": {"phys": 1758816997411, "cnt": 0, "node": "AU-N118"}, "package_id": "PKG16970", "payload": {"status": "DELIVERED"}, "sent_ts": 1758816971231, "arrival_ts": 1758816971231}
