{"action": "send", "src": "AU-N122", "dst": "AS-N73", "hlc": {"phys": 1758714536129, "cnt": 0, "node": "AU-N122"}, "package_id": "PKG14509", "payload": {"status": "CREATED"}, "sent_ts": 1758714509909, "arrival_ts": 1758714509909}
{"action": "send", "src": "AU-N122", "dst": "AS-N73", "hlc": {"phys": 1758714536417, "cnt": 0, "node": "AU-N122"}, "package_id": "PKG14509", "payload": {"status": "SENT"}, "sent_ts": 1758714510197, "arrival_ts": 1758714510197}
{"action": "send", "src": "AU-N122", "dst": "AS-N73", "hlc": {"phys": 1758714536707, "cnt": 0, "node": "AU-N122"}, "package_id": "PKG14509", "payload": {"status": "IN_TRANSIT"}, "sent_ts": 1758714510487, "arrival_ts": 1758714510487}
{"action": "send", "src": "AU-N122", "dst": "AS-N73", "hlc": {"phys": 1758714536947, "cnt": 0, "node": "AU-N122"}, "package_id": "PKG14509", "payload": {"status": "RECEIVED"}, "sent_ts": 1758714510727, "arrival_ts": 1758714510727}
{"action": "send", "src": "AU-N122", "dst": "AS-N73", "hlc": {"phys": 1758714537214, "cnt": 0, "node": "AU-N122"}, "package_id": "PKG14509", "payload": {"status": "DELIVERED"}, "sent_ts": 1758714510994, "arrival_ts": 1758714510994}
{"action": "send", "src": "AU-N122", "dst": "AU-N183", "hlc": {"phys": 1758743897512, "cnt": 0, "node": "AU-N122"}, "package_id": "PKG43871", "payload": {"status": "CREATED"}, "sent_ts": 1758743871292, "arrival_ts": 1758743871292}
{"action": "send", "src": "AU-N122", "dst": "AU-N183", "hlc": {"phys": 1758743897882, "cnt": 0, "node": "AU-N122"}, "package_id": "PKG43871", "payload": {"status": "SENT"}, "sent_ts": 1758743871662, "arrival_ts": 1758743871662}
{"action": "send", "src": "AU-N122", "dst": "AU-N183", "hlc": {"phys": 1758743898255, "cnt": 0, "node": "AU-N122"}, "package_id": "PKG43871", "payload": {"status": "IN_TRANSIT"}, "sent_ts": 1758743872035, "arrival_ts": 1758743872035}
{"action": "send", "src": "AU-N122", "dst": "AU-N183", "hlc": {"phys": 1758743898581, "cnt": 0, "node": "AU-N122"}, "package_id": "PKG43871", "payload": {"status": "RECEIVED"}, "sent_ts": 1758743872361, "arrival_ts": 1758743872361}
{"action": "send", "src": "AU-N122", "dst": "AU-N183", "hlc": {"phys": 1758743898924, "cnt": 0, "node": "AU-N122"}, "package_id": "PKG43871", "payload": {"status": "DELIVERED"}, "sent_ts": 1758743872704, "arrival_ts": 1758743872704}
{"action": "send", "src": "AU-N122", "dst": "SA-N68", "hlc": {"phys": 1758744956640, "cnt": 0, "node": "AU-N122"}, "package_id": "PKG44930", "payload": {"status": "CREATED"}, "sent_ts": 1758744930419, "arrival_ts": 1758744930420}
{"action": "send", "src": "AU-N122", "dst": "SA-N68", "hlc": {"phys": 1758744956992, "cnt": 0, "node": "AU-N122"}, "package_id": "PKG44930", "payload": {"status": "SENT"}, "sent_ts": 1758744930772, "arrival_ts": 1758744930772}
{"action": "send", "src": "AU-N122", "dst": "SA-N68", "hlc": {"phys": 1758744957254, "cnt": 0, "node": "AU-N122"}, "package_id": "PKG44930", "payload": {"status": "IN_TRANSIT"}, "sent_ts": 1758744931034, "arrival_ts": 1758744931034}
{"action": "send", "src": "AU-N122", "dst": "SA-N68", "hlc": {"phys": 1758744957486, "cnt": 0, "node": "AU-N122"}, "package_id": "PKG44930", "payload": {"status": "RECEIVED"}, "sent_ts": 1758744931266, "arrival_ts": 1758744931266}
{"action": "send", "src": "AU-N122", "dst": "SA-N68", "hlc": {"phys": 1758744957779, "cnt": 0, "node": "AU-N122"}, "package_id": "PKG44930", "payload": {"status": "DELIVERED"}, "sent_ts": 1758744931559, "arrival_ts": 1758744931559}
{"action": "send", "src": "AU-N122", "dst": "AS-N119", "hlc": {"phys": 1758745208349, "cnt": 0, "node": "AU-N122"}, "package_id": "PKG45182", "payload": {"status": "CREATED"}, "sent_ts": 1758745182129, "arrival_ts": 1758745182129}
{"action": "send", "src": "AU-N122", "dst": "AS-N119", "hlc": {"phys": 1758745208660, "cnt": 0, "node": "AU-N122"}, "package_id": "PKG45182", "payload": {"status": "SENT"}, "sent_ts": 1758745182440, "arrival_ts": 1758745182440}
{"action": "send", "src": "AU-N122", "dst": "AS-N119", "hlc": {"phys": 1758745209069, "cnt": 0, "node": "AU-N122"}, "package_id": "PKG45182", "payload": {"status": "IN_TRANSIT"}, "sent_ts": 1758745182849, "arrival_ts": 1758745182849}
{"action": "send", "src": "AU-N122", "dst": "AS-N119", "hlc": {"phys": 1758745209459, "cnt": 0, "node": "AU-N122"}, "package_id": "PKG45182", "payload": {"status": "RECEIVED"}, "sent_ts": 1758745183239, "arrival_ts": 1758745183239}
{"action": "send", "src": "AU-N122", "dst": "AS-N119", "hlc": {"phys": 1758745209741, "cnt": 0, "node": "AU-N122"}, "package_id": "PKG45182", "payload": {"status": "DELIVERED"}, "sent_ts": 1758745183521, "arrival_ts": 1758745183521}
{"action": "send", "src": "AU-N122", "dst": "AN-N70", "hlc": {"phys": 1758745992925, "cnt": 0, "node": "AU-N122"}, "package_id": "PKG45966", "payload": {"status": "CREATED"}, "sent_ts": 1758745966705, "arrival_ts": 1758745966705}
{"action": "send", "src": "AU-N122", "dst": "AN-N70", "hlc": {"phys": 1758745993297, "cnt": 0, "node": "AU-N122"}, "package_id": "PKG45966", "payload": {"status": "SENT"}, "sent_ts": 1758745967077, "arrival_ts": 1758745967077}
{"action": "send", "src": "AU-N122", "dst": "AN-N70", "hlc": {"phys": 1758745993638, "cnt": 0, "node": "AU-N122"}, "package_id": "PKG45966", "payload": {"status": "IN_TRANSIT"}, "sent_ts": 1758745967418, "arrival_ts": 1758745967418}
{"action": "send", "src": "AU-N122", "dst": "AN-N70", "hlc": {"phys": 1758745994001, "cnt": 0, "node": "AU-N122"}, "package_id": "PKG45966", "payload": {"status": "RECEIVED"}, "sent_ts": 1758745967781, "arrival_ts": 1758745967781}
{"action": "send", "src": "AU-N122", "dst": "AN-N70", "hlc": {"phys": 1758745994263, "cnt": 0, "node": "AU-N122"}, "package_id": "PKG45966", "payload": {"status": "DELIVERED"}, "sent_ts": 1758745968043, "arrival_ts": 1758745968043}
{"action": "recv", "src": "SA-N50", "dst": "AU-N122", "hlc": {"phys": 1758747240385, "cnt": 0, "node": "SA-N50"}, "package_id": "PKG47219", "payload": {"status": "CREATED"}, "sent_ts": 1758747219885, "arrival_ts": 1758747219979}
{"action": "recv", "src": "SA-N50", "dst": "AU-N122", "hlc": {"phys": 1758747240677, "cnt": 0, "node": "SA-N50"}, "package_id": "PKG47219", "payload": {"status": "SENT"}, "sent_ts": 1758747220177, "arrival_ts": 1758747220305}
{"action": "recv", "src": "SA-N50", "dst": "AU-N122", "hlc": {"phys": 1758747241002, "cnt": 0, "node": "SA-N50"}, "package_id": "PKG47219", "payload": {"status": "IN_TRANSIT"}, "sent_ts": 1758747220502, "arrival_ts": 1758747220666}
{"action": "recv", "src": "SA-N50", "dst": "AU-N122", "hlc": {"phys": 1758747241375, "cnt": 0, "node": "SA-N50"}, "package_id": "PKG47219", "payload": {"status": "RECEIVED"}, "sent_ts": 1758747220875, "arrival_ts": 1758747221048}
{"action": "recv", "src": "SA-N50", "dst": "AU-N122", "hlc": {"phys": 1758747241746, "cnt": 0, "node": "SA-N50"}, "package_id": "PKG47219", "payload": {"status": "DELIVERED"}, "sent_ts": 1758747221246, "arrival_ts": 1758747221332}
{"action": "recv", "src": "SA-N175", "dst": "AU-N122", "hlc": {"phys": 1758747532527, "cnt": 0, "node": "SA-N175"}, "package_id": "PKG47510", "payload": {"status": "CREATED"}, "sent_ts": 1758747510777, "arrival_ts": 1758747510819}
{"action": "recv", "src": "SA-N175", "dst": "AU-N122", "hlc": {"phys": 1758747532775, "cnt": 0, "node": "SA-N175"}, "package_id": "PKG47510", "payload": {"status": "SENT"}, "sent_ts": 1758747511025, "arrival_ts": 1758747511077}
{"action": "recv", "src": "SA-N175", "dst": "AU-N122", "hlc": {"phys": 1758747533040, "cnt": 0, "node": "SA-N175"}, "package_id": "PKG47510", "payload": {"status": "IN_TRANSIT"}, "sent_ts": 1758747511290, "arrival_ts": 1758747511431}
{"action": "recv", "src": "SA-N175", "dst": "AU-N122", "hlc": {"phys": 1758747533378, "cnt": 0, "node": "SA-N175"}, "package_id": "PKG47510", "payload": {"status": "RECEIVED"}, "sent_ts": 1758747511628, "arrival_ts": 1758747511643}
{"action": "recv", "src": "SA-N175", "dst": "AU-N122", "hlc": {"phys": 1758747533593, "cnt": 0, "node": "SA-N175"}, "package_id": "PKG47510", "payload": {"status": "DELIVERED"}, "sent_ts": 1758747511843, "arrival_ts": 1758747511860}
{"action": "recv", "src": "SA-N10", "dst": "AU-N122", "hlc": {"phys": 1758748733437, "cnt": 0, "node": "SA-N10"}, "package_id": "PKG48713", "payload": {"status": "CREATED"}, "sent_ts": 1758748713337, "arrival_ts": 1758748713504}
{"action": "recv", "src": "SA-N10", "dst": "AU-N122", "hlc": {"phys": 1758748733804, "cnt": 0, "node": "SA-N10"}, "package_id": "PKG48713", "payload": {"status": "SENT"}, "sent_ts": 1758748713704, "arrival_ts": 1758748713756}
{"action": "recv", "src": "SA-N10", "dst": "AU-N122", "hlc": {"phys": 1758748734059, "cnt": 0, "node": "SA-N10"}, "package_id": "PKG48713", "payload": {"status": "IN_TRANSIT"}, "sent_ts": 1758748713959, "arrival_ts": 1758748714041}
{"action": "recv", "src": "SA-N10", "dst": "AU-N122", "hlc": {"phys": 1758748734337, "cnt": 0, "node": "SA-N10"}, "package_id": "PKG48713", "payload": {"status": "RECEIVED"}, "sent_ts": 1758748714237, "arrival_ts": 1758748714253}
{"action": "recv", "src": "SA-N10", "dst": "AU-N122", "hlc": {"phys": 1758748734560, "cnt": 0, "node": "SA-N10"}, "package_id": "PKG48713", "payload": {"status": "DELIVERED"}, "sent_ts": 1758748714460, "arrival_ts": 1758748714648}
{"action": "send", "src": "AU-N122", "dst": "AN-N192", "hlc": {"phys": 1758750058979, "cnt": 0, "node": "AU-N122"}, "package_id": "PKG50032", "payload": {"status": "CREATED"}, "sent_ts": 1758750032759, "arrival_ts": 1758750032759}
{"action": "send", "src": "AU-N122", "dst": "AN-N192", "hlc": {"phys": 1758750059364, "cnt": 0, "node": "AU-N122"}, "package_id": "PKG50032", "payload": {"status": "SENT"}, "sent_ts": 1758750033144, "arrival_ts": 1758750033144}
{"action": "send", "src": "AU-N122", "dst": "AN-N192", "hlc": {"phys": 1758750059732, "cnt": 0, "node": "AU-N122"}, "package_id": "PKG50032", "payload": {"status": "IN_TRANSIT"}, "sent_ts": 1758750033512, "arrival_ts": 1758750033512}
{"action": "send", "src": "AU-N122", "dst": "AN-N192", "hlc": {"phys": 1758750060106, "cnt": 0, "node": "AU-N122"}, "package_id": "PKG50032", "payload": {"status": "RECEIVED"}, "sent_ts": 1758750033886, "arrival_ts": 1758750033886}
{"action": "send", "src": "AU-N122", "dst": "AN-N192", "hlc": {"phys": 1758750060375, "cnt": 0, "node": "AU-N122"}, "package_id": "PKG50032", "payload": {"status": "DELIVERED"}, "sent_ts": 1758750034155, "arrival_ts": 1758750034155}
{"action": "send", "src": "AU-N122", "dst": "AN-N176", "hlc": {"phys": 1758752624462, "cnt": 0, "node": "AU-N122"}, "package_id": "PKG52598", "payload": {"status": "CREATED"}, "sent_ts": 1758752598242, "arrival_ts": 1758752598242}
{"action": "send", "src": "AU-N122", "dst": "AN-N176", "hlc": {"phys": 1758752624717, "cnt": 0, "node": "AU-N122"}, "package_id": "PKG52598", "payload": {"status": "SENT"}, "sent_ts": 1758752598497, "arrival_ts": 1758752598497}
{"action": "send", "src": "AU-N122", "dst": "AN-N176", "hlc": {"phys": 1758752625052, "cnt": 0, "node": "AU-N122"}, "package_id": "PKG52598", "payload": {"status": "IN_TRANSIT"}, "sent_ts": 1758752598832, "arrival_ts": 1758752598832}
{"action": "send", "src": "AU-N122", "dst": "AN-N176", "hlc": {"phys": 1758752625307, "cnt": 0, "node": "AU-N122"}, "package_id": "PKG52598", "payload": {"status": "RECEIVED"}, "sent_ts": 1758752599087, "arrival_ts": 1758752599087}
{"action": "send", "src": "AU-N122", "dst": "AN-N176", "hlc": {"phys": 1758752625582, "cnt": 0, "node": "AU-N122"}, "package_id": "PKG52598", "payload": {"status": "DELIVERED"}, "sent_ts": 1758752599362, "arrival_ts": 1758752599362}
{"action": "send", "src": "AU-N122", "dst": "NA-N138", "hlc": {"phys": 1758754850851, "cnt": 0, "node": "AU-N122"}, "package_id": "PKG54824", "payload": {"status": "CREATED"}, "sent_ts": 1758754824631, "arrival_ts": 1758754824631}
{"action": "send", "src": "AU-N122", "dst": "NA-N138", "hlc": {"phys": 1758754851253, "cnt": 0, "node": "AU-N122"}, "package_id": "PKG54824", "payload": {"status": "SENT"}, "sent_ts": 1758754825033, "arrival_ts": 1758754825033}
{"action": "send", "src": "AU-N122", "dst": "NA-N138", "hlc": {"phys": 1758754851632, "cnt": 0, "node": "AU-N122"}, "package_id": "PKG54824", "payload": {"status": "IN_TRANSIT"}, "sent_ts": 1758754825412, "arrival_ts": 1758754825412}
{"action": "send", "src": "AU-N122", "dst": "NA-N138", "hlc": {"phys": 1758754851979, "cnt": 0, "node": "AU-N122"}, "package_id": "PKG54824", "payload": {"status": "RECEIVED"}, "sent_ts": 1758754825759, "arrival_ts": 1758754825759}
{"action": "send", "src": "AU-N122", "dst": "NA-N138", "hlc": {"phys": 1758754852189, "cnt": 0, "node": "AU-N122"}, "package_id": "PKG54824", "payload": {"status": "DELIVERED"}, "sent_ts": 1758754825969, "arrival_ts": 1758754825969}
{"action": "recv", "src": "AU-N13", "dst": "AU-N122", "hlc": {"phys": 1758756353422, "cnt": 0, "node": "AU-N13"}, "package_id": "PKG56328", "payload": {"status": "CREATED"}, "sent_ts": 1758756328292, "arrival_ts": 1758756328349}
{"action": "recv", "src": "AU-N13", "dst": "AU-N122", "hlc": {"phys": 1758756353683, "cnt": 0, "node": "AU-N13"}, "package_id": "PKG56328", "payload": {"status": "SENT"}, "sent_ts": 1758756328553, "arrival_ts": 1758756328678}
{"action": "recv", "src": "AU-N13", "dst": "AU-N122", "hlc": {"phys": 1758756354029, "cnt": 0, "node": "AU-N13"}, "package_id": "PKG56328", "payload": {"status": "IN_TRANSIT"}, "sent_ts": 1758756328899, "arrival_ts": 1758756329047}
{"action": "recv", "src": "AU-N13", "dst": "AU-N122", "hlc": {"phys": 1758756354389, "cnt": 0, "node": "AU-N13"}, "package_id": "PKG56328", "payload": {"status": "RECEIVED"}, "sent_ts": 1758756329259, "arrival_ts": 1758756329424}
{"action": "recv", "src": "AU-N13", "dst": "AU-N122", "hlc": {"phys": 1758756354763, "cnt": 0, "node": "AU-N13"}, "package_id": "PKG56328", "payload": {"status": "DELIVERED"}, "sent_ts": 1758756329633, "arrival_ts": 1758756329652}
{"action": "recv", "src": "AS-N2", "dst": "AU-N122", "hlc": {"phys": 1758757321956, "cnt": 0, "node": "AS-N2"}, "package_id": "PKG57311", "payload": {"status": "CREATED"}, "sent_ts": 1758757311936, "arrival_ts": 1758757312002}
{"action": "recv", "src": "AS-N2", "dst": "AU-N122", "hlc": {"phys": 1758757322241, "cnt": 0, "node": "AS-N2"}, "package_id": "PKG57311", "payload": {"status": "SENT"}, "sent_ts": 1758757312221, "arrival_ts": 1758757312358}
{"action": "recv", "src": "AS-N2", "dst": "AU-N122", "hlc": {"phys": 1758757322590, "cnt": 0, "node": "AS-N2"}, "package_id": "PKG57311", "payload": {"status": "IN_TRANSIT"}, "sent_ts": 1758757312570, "arrival_ts": 1758757312745}
{"action": "recv", "src": "AS-N2", "dst": "AU-N122", "hlc": {"phys": 1758757322956, "cnt": 0, "node": "AS-N2"}, "package_id": "PKG57311", "payload": {"status": "RECEIVED"}, "sent_ts": 1758757312936, "arrival_ts": 1758757312957}
{"action": "recv", "src": "AS-N2", "dst": "AU-N122", "hlc": {"phys": 1758757323196, "cnt": 0, "node": "AS-N2"}, "package_id": "PKG57311", "payload": {"status": "DELIVERED"}, "sent_ts": 1758757313176, "arrival_ts": 1758757313235}
{"action": "send", "src": "AU-N122", "dst": "AN-N87", "hlc": {"phys": 1758757343369, "cnt": 0, "node": "AU-N122"}, "package_id": "PKG57317", "payload": {"status": "CREATED"}, "sent_ts": 1758757317149, "arrival_ts": 1758757317149}
{"action": "send", "src": "AU-N122", "dst": "AN-N87", "hlc": {"phys": 1758757343683, "cnt": 0, "node": "AU-N122"}, "package_id": "PKG57317", "payload": {"status": "SENT"}, "sent_ts": 1758757317463, "arrival_ts": 1758757317463}
{"action": "send", "src": "AU-N122", "dst": "AN-N87", "hlc": {"phys": 1758757344055, "cnt": 0, "node": "AU-N122"}, "package_id": "PKG57317", "payload": {"status": "IN_TRANSIT"}, "sent_ts": 1758757317835, "arrival_ts": 1758757317835}
{"action": "send", "src": "AU-N122", "dst": "AN-N87", "hlc": {"phys": 1758757344298, "cnt": 0, "node": "AU-N122"}, "package_id": "PKG57317", "payload": {"status": "RECEIVED"}, "sent_ts": 1758757318078, "arrival_ts": 1758757318078}
{"action": "send", "src": "AU-N122", "dst": "AN-N87", "hlc": {"phys": 1758757344679, "cnt": 0, "node": "AU-N122"}, "package_id": "PKG57317", "payload": {"status": "DELIVERED"}, "sent_ts": 1758757318459, "arrival_ts": 1758757318459}
{"action": "send", "src": "AU-N122", "dst": "AS-N11", "hlc": {"phys": 1758758998379, "cnt": 0, "node": "AU-N122"}, "package_id": "PKG58972", "payload": {"status": "CREATED"}, "sent_ts": 1758758972159, "arrival_ts": 1758758972159}
{"action": "send", "src": "AU-N122", "dst": "AS-N11", "hlc": {"phys": 1758758998820, "cnt": 0, "node": "AU-N122"}, "package_id": "PKG58972", "payload": {"status": "SENT"}, "sent_ts": 1758758972599, "arrival_ts": 1758758972600}
{"action": "send", "src": "AU-N122", "dst": "AS-N11", "hlc": {"phys": 1758758999141, "cnt": 0, "node": "AU-N122"}, "package_id": "PKG58972", "payload": {"status": "IN_TRANSIT"}, "sent_ts": 1758758972921, "arrival_ts": 1758758972921}
{"action": "send", "src": "AU-N122", "dst": "AS-N11", "hlc": {"phys": 1758758999471, "cnt": 0, "node": "AU-N122"}, "package_id": "PKG58972", "payload": {"status": "RECEIVED"}, "sent_ts": 1758758973251, "arrival_ts": 1758758973251}
{"action": "send", "src": "AU-N122", "dst": "AS-N11", "hlc": {"phys": 1758758999753, "cnt": 0, "node": "AU-N122"}, "package_id": "PKG58972", "payload": {"status": "DELIVERED"}, "sent_ts": 1758758973533, "arrival_ts": 1758758973533}
{"action": "send", "src": "AU-N122", "dst": "SA-N70", "hlc": {"phys": 1758759860049, "cnt": 0, "node": "AU-N122"}, "package_id": "PKG59833", "payload": {"status": "CREATED"}, "sent_ts": 1758759833829, "arrival_ts": 1758759833829}
{"action": "send", "src": "AU-N122", "dst": "SA-N70", "hlc": {"phys": 1758759860282, "cnt": 0, "node": "AU-N122"}, "package_id": "PKG59833", "payload": {"status": "SENT"}, "sent_ts": 1758759834062, "arrival_ts": 1758759834062}
{"action": "send", "src": "AU-N122", "dst": "SA-N70", "hlc": {"phys": 1758759860595, "cnt": 0, "node": "AU-N122"}, "package_id": "PKG59833", "payload": {"status": "IN_TRANSIT"}, "sent_ts": 1758759834375, "arrival_ts": 1758759834375}
{"action": "send", "src": "AU-N122", "dst": "SA-N70", "hlc": {"phys": 1758759860992, "cnt": 0, "node": "AU-N122"}, "package_id": "PKG59833", "payload": {"status": "RECEIVED"}, "sent_ts": 1758759834772, "arrival_ts": 1758759834772}
{"action": "send", "src": "AU-N122", "dst": "SA-N70", "hlc": {"phys": 1758759861376, "cnt": 0, "node": "AU-N122"}, "package_id": "PKG59833", "payload": {"status": "DELIVERED"}, "sent_ts": 1758759835156, "arrival_ts": 1758759835156}
{"action": "send", "src": "AU-N122", "dst": "AU-N73", "hlc": {"phys": 1758760755096, "cnt": 0, "node": "AU-N122"}, "package_id": "PKG60728", "payload": {"status": "CREATED"}, "sent_ts": 1758760728876, "arrival_ts": 1758760728876}
{"action": "send", "src": "AU-N122", "dst": "AU-N73", "hlc": {"phys": 1758760755498, "cnt": 0, "node": "AU-N122"}, "package_id": "PKG60728", "payload": {"status": "SENT"}, "sent_ts": 1758760729278, "arrival_ts": 1758760729278}
{"action": "send", "src": "AU-N122", "dst": "AU-N73", "hlc": {"phys": 1758760755901, "cnt": 0, "node": "AU-N122"}, "package_id": "PKG60728", "payload": {"status": "IN_TRANSIT"}, "sent_ts": 1758760729681, "arrival_ts": 1758760729681}
{"action": "send", "src": "AU-N122", "dst": "AU-N73", "hlc": {"phys": 1758760756211, "cnt": 0, "node": "AU-N122"}, "package_id": "PKG60728", "payload": {"status": "RECEIVED"}, "sent_ts": 1758760729991, "arrival_ts": 1758760729991}
{"action": "send", "src": "AU-N122", "dst": "AU-N73", "hlc": {"phys": 1758760756460, "cnt": 0, "node": "AU-N122"}, "package_id": "PKG60728", "payload": {"status": "DELIVERED"}, "sent_ts": 1758760730240, "arrival_ts": 1758760730240}
{"action": "recv", "src": "SA-N49", "dst": "AU-N122", "hlc": {"phys": 1758763111470, "cnt": 0, "node": "SA-N49"}, "package_id": "PKG63090", "payload": {"status": "CREATED"}, "sent_ts": 1758763090980, "arrival_ts": 1758763091180}
{"action": "recv", "src": "SA-N49", "dst": "AU-N122", "hlc": {"phys": 1758763111873, "cnt": 0, "node": "SA-N49"}, "package_id": "PKG63090", "payload": {"status": "SENT"}, "sent_ts": 1758763091383, "arrival_ts": 1758763091416}
{"action": "recv", "src": "SA-N49", "dst": "AU-N122", "hlc": {"phys": 1758763112106, "cnt": 0, "node": "SA-N49"}, "package_id": "PKG63090", "payload": {"status": "IN_TRANSIT"}, "sent_ts": 1758763091616, "arrival_ts": 1758763091744}
{"action": "recv", "src": "SA-N49", "dst": "AU-N122", "hlc": {"phys": 1758763112430, "cnt": 0, "node": "SA-N49"}, "package_id": "PKG63090", "payload": {"status": "RECEIVED"}, "sent_ts": 1758763091940, "arrival_ts": 1758763092012}
{"action": "recv", "src": "SA-N49", "dst": "AU-N122", "hlc": {"phys": 1758763112698, "cnt": 0, "node": "SA-N49"}, "package_id": "PKG63090", "payload": {"status": "DELIVERED"}, "sent_ts": 1758763092208, "arrival_ts": 1758763092381}
{"action": "recv", "src": "AN-N174", "dst": "AU-N122", "hlc": {"phys": 1758763681822, "cnt": 0, "node": "AN-N174"}, "package_id": "PKG63650", "payload": {"status": "CREATED"}, "sent_ts": 1758763650082, "arrival_ts": 1758763650180}
{"action": "recv", "src": "AN-N174", "dst": "AU-N122", "hlc": {"phys": 1758763682131, "cnt": 0, "node": "AN-N174"}, "package_id": "PKG63650", "payload": {"status": "SENT"}, "sent_ts": 1758763650391, "arrival_ts": 1758763650525}
{"action": "recv", "src": "AN-N174", "dst": "AU-N122", "hlc": {"phys": 1758763682473, "cnt": 0, "node": "AN-N174"}, "package_id": "PKG63650", "payload": {"status": "IN_TRANSIT"}, "sent_ts": 1758763650733, "arrival_ts": 1758763650896}
{"action": "recv", "src": "AN-N174", "dst": "AU-N122", "hlc": {"phys": 1758763682847, "cnt": 0, "node": "AN-N174"}, "package_id": "PKG63650", "payload": {"status": "RECEIVED"}, "sent_ts": 1758763651107, "arrival_ts": 1758763651262}
{"action": "recv", "src": "AN-N174", "dst": "AU-N122", "hlc": {"phys": 1758763683203, "cnt": 0, "node": "AN-N174"}, "package_id": "PKG63650", "payload": {"status": "DELIVERED"}, "sent_ts": 1758763651463, "arrival_ts": 1758763651609}
{"action": "send", "src": "AU-N122", "dst": "SA-N16", "hlc": {"phys": 1758764610086, "cnt": 0, "node": "AU-N122"}, "package_id": "PKG64583", "payload": {"status": "CREATED"}, "sent_ts": 1758764583866, "arrival_ts": 1758764583866}
{"action": "send", "src": "AU-N122", "dst": "SA-N16", "hlc": {"phys": 1758764610393, "cnt": 0, "node": "AU-N122"}, "package_id": "PKG64583", "payload": {"status": "SENT"}, "sent_ts": 1758764584173, "arrival_ts": 1758764584173}
{"action": "send", "src": "AU-N122", "dst": "SA-N16", "hlc": {"phys": 1758764610736, "cnt": 0, "node": "AU-N122"}, "package_id": "PKG64583", "payload": {"status": "IN_TRANSIT"}, "sent_ts": 1758764584516, "arrival_ts": 1758764584516}
{"action": "send", "src": "AU-N122", "dst": "SA-N16", "hlc": {"phys": 1758764610952, "cnt": 0, "node": "AU-N122"}, "package_id": "PKG64583", "payload": {"status": "RECEIVED"}, "sent_ts": 1758764584732, "arrival_ts": 1758764584732}
{"action": "send", "src": "AU-N122", "dst": "SA-N16", "hlc": {"phys": 1758764611295, "cnt": 0, "node": "AU-N122"}, "package_id": "PKG64583", "payload": {"status": "DELIVERED"}, "sent_ts": 1758764585075, "arrival_ts": 1758764585075}
{"action": "send", "src": "AU-N122", "dst": "AN-N165", "hlc": {"phys": 1758801383936, "cnt": 0, "node": "AU-N122"}, "package_id": "PKG1357", "payload": {"status": "CREATED"}, "sent_ts": 1758801357716, "arrival_ts": 1758801357716}
{"action": "send", "src": "AU-N122", "dst": "AN-N165", "hlc": {"phys": 1758801384296, "cnt": 0, "node": "AU-N122"}, "package_id": "PKG1357", "payload": {"status": "SENT"}, "sent_ts": 1758801358076, "arrival_ts": 1758801358076}
{"action": "send", "src": "AU-N122", "dst": "AN-N165", "hlc": {"phys": 1758801384619, "cnt": 0, "node": "AU-N122"}, "package_id": "PKG1357", "payload": {"status": "IN_TRANSIT"}, "sent_ts": 1758801358399, "arrival_ts": 1758801358399}
{"action": "send", "src": "AU-N122", "dst": "AN-N165", "hlc": {"phys": 1758801384988, "cnt": 0, "node": "AU-N122"}, "package_id": "PKG1357", "payload": {"status": "RECEIVED"}, "sent_ts": 1758801358768, "arrival_ts": 1758801358768}
{"action": "send", "src": "AU-N122", "dst": "AN-N165", "hlc": {"phys": 1758801385343, "cnt": 0, "node": "AU-N122"}, "package_id": "PKG1357", "payload": {"status": "DELIVERED"}, "sent_ts": 1758801359123, "arrival_ts": 1758801359123}
{"action": "send", "src": "AU-N122", "dst": "NA-N41", "hlc": {"phys": 1758805589672, "cnt": 0, "node": "AU-N122"}, "package_id": "PKG5563", "payload": {"status": "CREATED"}, "sent_ts": 1758805563452, "arrival_ts": 1758805563452}
{"action": "send", "src": "AU-N122", "dst": "NA-N41", "hlc": {"phys": 1758805590045, "cnt": 0, "node": "AU-N122"}, "package_id": "PKG5563", "payload": {"status": "SENT"}, "sent_ts": 1758805563825, "arrival_ts": 1758805563825}
{"action": "send", "src": "AU-N122", "dst": "NA-N41", "hlc": {"phys": 1758805590420, "cnt": 0, "node": "AU-N122"}, "package_id": "PKG5563", "payload": {"status": "IN_TRANSIT"}, "sent_ts": 1758805564200, "arrival_ts": 1758805564200}
{"action": "send", "src": "AU-N122", "dst": "NA-N41", "hlc": {"phys": 1758805590730, "cnt": 0, "node": "AU-N122"}, "package_id": "PKG5563", "payload": {"status": "RECEIVED"}, "sent_ts": 1758805564510, "arrival_ts": 1758805564510}
{"action": "send", "src": "AU-N122", "dst": "NA-N41", "hlc": {"phys": 1758805591115, "cnt": 0, "node": "AU-N122"}, "package_id": "PKG5563", "payload": {"status": "DELIVERED"}, "sent_ts": 1758805564895, "arrival_ts": 1758805564895}
{"action": "recv", "src": "AS-N184", "dst": "AU-N122", "hlc": {"phys": 1758809547727, "cnt": 0, "node": "AS-N184"}, "package_id": "PKG9535", "payload": {"status": "CREATED"}, "sent_ts": 1758809535887, "arrival_ts": 1758809536056}
{"action": "recv", "src": "AS-N184", "dst": "AU-N122", "hlc": {"phys": 1758809548095, "cnt": 0, "node": "AS-N184"}, "package_id": "PKG9535", "payload": {"status": "SENT"}, "sent_ts": 1758809536255, "arrival_ts": 1758809536433}
{"action": "recv", "src": "AS-N184", "dst": "AU-N122", "hlc": {"phys": 1758809548467, "cnt": 0, "node": "AS-N184"}, "package_id": "PKG9535", "payload": {"status": "IN_TRANSIT"}, "sent_ts": 1758809536627, "arrival_ts": 1758809536725}
{"action": "recv", "src": "AS-N184", "dst": "AU-N122", "hlc": {"phys": 1758809548763, "cnt": 0, "node": "AS-N184"}, "package_id": "PKG9535", "payload": {"status": "RECEIVED"}, "sent_ts": 1758809536923, "arrival_ts": 1758809537096}
{"action": "recv", "src": "AS-N184", "dst": "AU-N122", "hlc": {"phys": 1758809549148, "cnt": 0, "node": "AS-N184"}, "package_id": "PKG9535", "payload": {"status": "DELIVERED"}, "sent_ts": 1758809537308, "arrival_ts": 1758809537414}
{"action": "send", "src": "AU-N122", "dst": "AN-N105", "hlc": {"phys": 1758812029179, "cnt": 0, "node": "AU-N122"}, "package_id": "PKG12002", "payload": {"status": "CREATED"}, "sent_ts": 1758812002959, "arrival_ts": 1758812002959}
{"action": "send", "src": "AU-N122", "dst": "AN-N105", "hlc": {"phys": 1758812029583, "cnt": 0, "node": "AU-N122"}, "package_id": "PKG12002", "payload": {"status": "SENT"}, "sent_ts": 1758812003363, "arrival_ts": 1758812003363}
{"action": "send", "src": "AU-N122", "dst": "AN-N105", "hlc": {"phys": 1758812029815, "cnt": 0, "node": "AU-N122"}, "package_id": "PKG12002", "payload": {"status": "IN_TRANSIT"}, "sent_ts": 1758812003595, "arrival_ts": 1758812003595}
{"action": "send", "src": "AU-N122", "dst": "AN-N105", "hlc": {"phys": 1758812030048, "cnt": 0, "node": "AU-N122"}, "package_id": "PKG12002", "payload": {"status": "RECEIVED"}, "sent_ts": 1758812003828, "arrival_ts": 1758812003828}
{"action": "send", "src": "AU-N122", "dst": "AN-N105", "hlc": {"phys": 1758812030422, "cnt": 0, "node": "AU-N122"}, "package_id": "PKG12002", "payload": {"status": "DELIVERED"}, "sent_ts": 1758812004202, "arrival_ts": 1758812004202}
{"action": "recv", "src": "SA-N112", "dst": "AU-N122", "hlc": {"phys": 1758815373820, "cnt": 0, "node": "SA-N112"}, "package_id": "PKG15352", "payload": {"status": "CREATED"}, "sent_ts": 1758815352700, "arrival_ts": 1758815352775}
{"action": "recv", "src": "SA-N112", "dst": "AU-N122", "hlc": {"phys": 1758815374115, "cnt": 0, "node": "SA-N112"}, "package_id": "PKG15352", "payload": {"status": "SENT"}, "sent_ts": 1758815352995, "arrival_ts": 1758815353021}
{"action": "recv", "src": "SA-N112", "dst": "AU-N122", "hlc": {"phys": 1758815374347, "cnt": 0, "node": "SA-N112"}, "package_id": "PKG15352", "payload": {"status": "IN_TRANSIT"}, "sent_ts": 1758815353227, "arrival_ts": 1758815353377}
{"action": "recv", "src": "SA-N112", "dst": "AU-N122", "hlc": {"phys": 1758815374704, "cnt": 0, "node": "SA-N112"}, "package_id": "PKG15352", "payload": {"status": "RECEIVED"}, "sent_ts": 1758815353584, "arrival_ts": 1758815353693}
{"action": "recv", "src": "SA-N112", "dst": "AU-N122", "hlc": {"phys": 1758815375013, "cnt": 0, "node": "SA-N112"}, "package_id": "PKG15352", "payload": {"status": "DELIVERED"}, "sent_ts": 1758815353893, "arrival_ts": 1758815353943}
{"action": "recv", "src": "NA-N69", "dst": "AU-N122", "hlc": {"phys": 1758816127332, "cnt": 0, "node": "NA-N69"}, "package_id": "PKG16126", "payload": {"status": "CREATED"}, "sent_ts": 1758816126642, "arrival_ts": 1758816126781}
{"action": "recv", "src": "NA-N69", "dst": "AU-N122", "hlc": {"phys": 1758816127674, "cnt": 0, "node": "NA-N69"}, "package_id": "PKG16126", "payload": {"status": "SENT"}, "sent_ts": 1758816126984, "arrival_ts": 1758816127168}
{"action": "recv", "src": "NA-N69", "dst": "AU-N122", "hlc": {"phys": 1758816128062, "cnt": 0, "node": "NA-N69"}, "package_id": "PKG16126", "payload": {"status": "IN_TRANSIT"}, "sent_ts": 1758816127372, "arrival_ts": 1758816127480}
{"action": "recv", "src": "NA-N69", "dst": "AU-N122", "hlc": {"phys": 1758816128359, "cnt": 0, "node": "NA-N69"}, "package_id": "PKG16126", "payload": {"status": "RECEIVED"}, "sent_ts": 1758816127669, "arrival_ts": 1758816127700}
{"action": "recv", "src": "NA-N69", "dst": "AU-N122", "hlc": {"phys": 1758816128596, "cnt": 0, "node": "NA-N69"}, "package_id": "PKG16126", "payload": {"status": "DELIVERED"}, "sent_ts": 1758816127906, "arrival_ts": 1758816128029}
