{"action": "recv", "src": "AF-N88", "dst": "AU-N67", "hlc": {"phys": 1758713841927, "cnt": 0, "node": "AF-N88"}, "package_id": "PKG13826", "payload": {"status": "CREATED"}, "sent_ts": 1758713826047, "arrival_ts": 1758713826203}
{"action": "recv", "src": "AF-N88", "dst": "AU-N67", "hlc": {"phys": 1758713842293, "cnt": 0, "node": "AF-N88"}, "package_id": "PKG13826", "payload": {"status": "SENT"}, "sent_ts": 1758713826413, "arrival_ts": 1758713826451}
{"action": "recv", "src": "AF-N88", "dst": "AU-N67", "hlc": {"phys": 1758713842530, "cnt": 0, "node": "AF-N88"}, "package_id": "PKG13826", "payload": {"status": "IN_TRANSIT"}, "sent_ts": 1758713826650, "arrival_ts": 1758713826711}
{"action": "recv", "src": "AF-N88", "dst": "AU-N67", "hlc": {"phys": 1758713842800, "cnt": 0, "node": "AF-N88"}, "package_id": "PKG13826", "payload": {"status": "RECEIVED"}, "sent_ts": 1758713826920, "arrival_ts": 1758713827025}
{"action": "recv", "src": "AF-N88", "dst": "AU-N67", "hlc": {"phys": 1758713843110, "cnt": 0, "node": "AF-N88"}, "package_id": "PKG13826", "payload": {"status": "DELIVERED"}, "sent_ts": 1758713827230, "arrival_ts": 1758713827368}
{"action": "send", "src": "AU-N67", "dst": "AF-N94", "hlc": {"phys": 1758717442982, "cnt": 0, "node": "AU-N67"}, "package_id": "PKG17417", "payload": {"status": "CREATED"}, "sent_ts": 1758717417312, "arrival_ts": 1758717417312}
{"action": "send", "src": "AU-N67", "dst": "AF-N94", "hlc": {"phys": 1758717443241, "cnt": 0, "node": "AU-N67"}, "package_id": "PKG17417", "payload": {"status": "SENT"}, "sent_ts": 1758717417571, "arrival_ts": 1758717417571}
{"action": "send", "src": "AU-N67", "dst": "AF-N94", "hlc": {"phys": 1758717443636, "cnt": 0, "node": "AU-N67"}, "package_id": "PKG17417", "payload": {"status": "IN_TRANSIT"}, "sent_ts": 1758717417966, "arrival_ts": 1758717417966}
{"action": "send", "src": "AU-N67", "dst": "AF-N94", "hlc": {"phys": 1758717443888, "cnt": 0, "node": "AU-N67"}, "package_id": "PKG17417", "payload": {"status": "RECEIVED"}, "sent_ts": 1758717418218, "arrival_ts": 1758717418218}
{"action": "send", "src": "AU-N67", "dst": "AF-N94", "hlc": {"phys": 1758717444236, "cnt": 0, "node": "AU-N67"}, "package_id": "PKG17417", "payload": {"status": "DELIVERED"}, "sent_ts": 1758717418566, "arrival_ts": 1758717418566}
{"action": "send", "src": "AU-N67", "dst": "AF-N149", "hlc": {"phys": 1758719301940, "cnt": 0, "node": "AU-N67"}, "package_id": "PKG19276", "payload": {"status": "CREATED"}, "sent_ts": 1758719276270, "arrival_ts": 1758719276270}
{"action": "send", "src": "AU-N67", "dst": "AF-N149", "hlc": {"phys": 1758719302202, "cnt": 0, "node": "AU-N67"}, "package_id": "PKG19276", "payload": {"status": "SENT"}, "sent_ts": 1758719276532, "arrival_ts": 1758719276532}
{"action": "send", "src": "AU-N67", "dst": "AF-N149", "hlc": {"phys": 1758719302586, "cnt": 0, "node": "AU-N67"}, "package_id": "PKG19276", "payload": {"status": "IN_TRANSIT"}, "sent_ts": 1758719276916, "arrival_ts": 1758719276916}
{"action": "send", "src": "AU-N67", "dst": "AF-N149", "hlc": {"phys": 1758719302974, "cnt": 0, "node": "AU-N67"}, "package_id": "PKG19276", "payload": {"status": "RECEIVED"}, "sent_ts": 1758719277304, "arrival_ts": 1758719277304}
{"action": "send", "src": "AU-N67", "dst": "AF-N149", "hlc": {"phys": 1758719303289, "cnt": 0, "node": "AU-N67"}, "package_id": "PKG19276", "payload": {"status": "DELIVERED"}, "sent_ts": 1758719277619, "arrival_ts": 1758719277619}
{"action": "send", "src": "AU-N67", "dst": "NA-N131", "hlc": {"phys": 1758738610084, "cnt": 0, "node": "AU-N67"}, "package_id": "PKG38584", "payload": {"status": "CREATED"}, "sent_ts": 1758738584414, "arrival_ts": 1758738584414}
{"action": "send", "src": "AU-N67", "dst": "NA-N131", "hlc": {"phys": 1758738610362, "cnt": 0, "node": "AU-N67"}, "package_id": "PKG38584", "payload": {"status": "SENT"}, "sent_ts": 1758738584692, "arrival_ts": 1758738584692}
{"action": "send", "src": "AU-N67", "dst": "NA-N131", "hlc": {"phys": 1758738610681, "cnt": 0, "node": "AU-N67"}, "package_id": "PKG38584", "payload": {"status": "IN_TRANSIT"}, "sent_ts": 1758738585011, "arrival_ts": 1758738585011}
{"action": "send", "src": "AU-N67", "dst": "NA-N131", "hlc": {"phys": 1758738610936, "cnt": 0, "node": "AU-N67"}, "package_id": "PKG38584", "payload": {"status": "RECEIVED"}, "sent_ts": 1758738585266, "arrival_ts": 1758738585266}
{"action": "send", "src": "AU-N67", "dst": "NA-N131", "hlc": {"phys": 1758738611165, "cnt": 0, "node": "AU-N67"}, "package_id": "PKG38584", "payload": {"status": "DELIVERED"}, "sent_ts": 1758738585495, "arrival_ts": 1758738585495}
{"action": "recv", "src": "NA-N126", "dst": "AU-N67", "hlc": {"phys": 1758739177129, "cnt": 0, "node": "NA-N126"}, "package_id": "PKG39175", "payload": {"status": "CREATED"}, "sent_ts": 1758739175869, "arrival_ts": 1758739176062}
{"action": "recv", "src": "NA-N126", "dst": "AU-N67", "hlc": {"phys": 1758739177532, "cnt": 0, "node": "NA-N126"}, "package_id": "PKG39175", "payload": {"status": "SENT"}, "sent_ts": 1758739176272, "arrival_ts": 1758739176432}
{"action": "recv", "src": "NA-N126", "dst": "AU-N67", "hlc": {"phys": 1758739177892, "cnt": 0, "node": "NA-N126"}, "package_id": "PKG39175", "payload": {"status": "IN_TRANSIT"}, "sent_ts": 1758739176632, "arrival_ts": 1758739176657}
{"action": "recv", "src": "NA-N126", "dst": "AU-N67", "hlc": {"phys": 1758739178127, "cnt": 0, "node": "NA-N126"}, "package_id": "PKG39175", "payload": {"status": "RECEIVED"}, "sent_ts": 1758739176867, "arrival_ts": 1758739176902}
{"action": "recv", "src": "NA-N126", "dst": "AU-N67", "hlc": {"phys": 1758739178347, "cnt": 0, "node": "NA-N126"}, "package_id": "PKG39175", "payload": {"status": "DELIVERED"}, "sent_ts": 1758739177087, "arrival_ts": 1758739177222}
{"action": "recv", "src": "AN-N136", "dst": "AU-N67", "hlc": {"phys": 1758740496035, "cnt": 0, "node": "AN-N136"}, "package_id": "PKG40464", "payload": {"status": "CREATED"}, "sent_ts": 1758740464674, "arrival_ts": 1758740464784}
{"action": "recv", "src": "AN-N136", "dst": "AU-N67", "hlc": {"phys": 1758740496345, "cnt": 0, "node": "AN-N136"}, "package_id": "PKG40464", "payload": {"status": "SENT"}, "sent_ts": 1758740464985, "arrival_ts": 1758740465076}
{"action": "recv", "src": "AN-N136", "dst": "AU-N67", "hlc": {"phys": 1758740496642, "cnt": 0, "node": "AN-N136"}, "package_id": "PKG40464", "payload": {"status": "IN_TRANSIT"}, "sent_ts": 1758740465282, "arrival_ts": 1758740465330}
{"action": "recv", "src": "AN-N136", "dst": "AU-N67", "hlc": {"phys": 1758740496889, "cnt": 0, "node": "AN-N136"}, "package_id": "PKG40464", "payload": {"status": "RECEIVED"}, "sent_ts": 1758740465529, "arrival_ts": 1758740465604}
{"action": "recv", "src": "AN-N136", "dst": "AU-N67", "hlc": {"phys": 1758740497182, "cnt": 0, "node": "AN-N136"}, "package_id": "PKG40464", "payload": {"status": "DELIVERED"}, "sent_ts": 1758740465822, "arrival_ts": 1758740466008}
{"action": "recv", "src": "AS-N156", "dst": "AU-N67", "hlc": {"phys": 1758745352827, "cnt": 0, "node": "AS-N156"}, "package_id": "PKG45341", "payload": {"status": "CREATED"}, "sent_ts": 1758745341267, "arrival_ts": 1758745341286}
{"action": "recv", "src": "AS-N156", "dst": "AU-N67", "hlc": {"phys": 1758745353057, "cnt": 0, "node": "AS-N156"}, "package_id": "PKG45341", "payload": {"status": "SENT"}, "sent_ts": 1758745341497, "arrival_ts": 1758745341560}
{"action": "recv", "src": "AS-N156", "dst": "AU-N67", "hlc": {"phys": 1758745353333, "cnt": 0, "node": "AS-N156"}, "package_id": "PKG45341", "payload": {"status": "IN_TRANSIT"}, "sent_ts": 1758745341773, "arrival_ts": 1758745341810}
{"action": "recv", "src": "AS-N156", "dst": "AU-N67", "hlc": {"phys": 1758745353577, "cnt": 0, "node": "AS-N156"}, "package_id": "PKG45341", "payload": {"status": "RECEIVED"}, "sent_ts": 1758745342017, "arrival_ts": 1758745342208}
{"action": "recv", "src": "AS-N156", "dst": "AU-N67", "hlc": {"phys": 1758745353978, "cnt": 0, "node": "AS-N156"}, "package_id": "PKG45341", "payload": {"status": "DELIVERED"}, "sent_ts": 1758745342418, "arrival_ts": 1758745342444}
{"action": "send", "src": "AU-N67", "dst": "SA-N188", "hlc": {"phys": 1758747259058, "cnt": 0, "node": "AU-N67"}, "package_id": "PKG47233", "payload": {"status": "CREATED"}, "sent_ts": 1758747233388, "arrival_ts": 1758747233388}
{"action": "send", "src": "AU-N67", "dst": "SA-N188", "hlc": {"phys": 1758747259313, "cnt": 0, "node": "AU-N67"}, "package_id": "PKG47233", "payload": {"status": "SENT"}, "sent_ts": 1758747233643, "arrival_ts": 1758747233643}
{"action": "send", "src": "AU-N67", "dst": "SA-N188", "hlc": {"phys": 1758747259661, "cnt": 0, "node": "AU-N67"}, "package_id": "PKG47233", "payload": {"status": "IN_TRANSIT"}, "sent_ts": 1758747233991, "arrival_ts": 1758747233991}
{"action": "send", "src": "AU-N67", "dst": "SA-N188", "hlc": {"phys": 1758747260057, "cnt": 0, "node": "AU-N67"}, "package_id": "PKG47233", "payload": {"status": "RECEIVED"}, "sent_ts": 1758747234387, "arrival_ts": 1758747234387}
{"action": "send", "src": "AU-N67", "dst": "SA-N188", "hlc": {"phys": 1758747260264, "cnt": 0, "node": "AU-N67"}, "package_id": "PKG47233", "payload": {"status": "DELIVERED"}, "sent_ts": 1758747234594, "arrival_ts": 1758747234594}
{"action": "recv", "src": "NA-N111", "dst": "AU-N67", "hlc": {"phys": 1758747434923, "cnt": 0, "node": "NA-N111"}, "package_id": "PKG47433", "payload": {"status": "CREATED"}, "sent_ts": 1758747433813, "arrival_ts": 1758747433842}
{"action": "recv", "src": "NA-N111", "dst": "AU-N67", "hlc": {"phys": 1758747435139, "cnt": 0, "node": "NA-N111"}, "package_id": "PKG47433", "payload": {"status": "SENT"}, "sent_ts": 1758747434029, "arrival_ts": 1758747434073}
{"action": "recv", "src": "NA-N111", "dst": "AU-N67", "hlc": {"phys": 1758747435392, "cnt": 0, "node": "NA-N111"}, "package_id": "PKG47433", "payload": {"status": "IN_TRANSIT"}, "sent_ts": 1758747434282, "arrival_ts": 1758747434467}
{"action": "recv", "src": "NA-N111", "dst": "AU-N67", "hlc": {"phys": 1758747435798, "cnt": 0, "node": "NA-N111"}, "package_id": "PKG47433", "payload": {"status": "RECEIVED"}, "sent_ts": 1758747434688, "arrival_ts": 1758747434827}
{"action": "recv", "src": "NA-N111", "dst": "AU-N67", "hlc": {"phys": 1758747436147, "cnt": 0, "node": "NA-N111"}, "package_id": "PKG47433", "payload": {"status": "DELIVERED"}, "sent_ts": 1758747435037, "arrival_ts": 1758747435131}
{"action": "recv", "src": "AN-N120", "dst": "AU-N67", "hlc": {"phys": 1758747514417, "cnt": 0, "node": "AN-N120"}, "package_id": "PKG47483", "payload": {"status": "CREATED"}, "sent_ts": 1758747483217, "arrival_ts": 1758747483272}
{"action": "recv", "src": "AN-N120", "dst": "AU-N67", "hlc": {"phys": 1758747514675, "cnt": 0, "node": "AN-N120"}, "package_id": "PKG47483", "payload": {"status": "SENT"}, "sent_ts": 1758747483475, "arrival_ts": 1758747483660}
{"action": "recv", "src": "AN-N120", "dst": "AU-N67", "hlc": {"phys": 1758747515062, "cnt": 0, "node": "AN-N120"}, "package_id": "PKG47483", "payload": {"status": "IN_TRANSIT"}, "sent_ts": 1758747483862, "arrival_ts": 1758747483980}
{"action": "recv", "src": "AN-N120", "dst": "AU-N67", "hlc": {"phys": 1758747515375, "cnt": 0, "node": "AN-N120"}, "package_id": "PKG47483", "payload": {"status": "RECEIVED"}, "sent_ts": 1758747484175, "arrival_ts": 1758747484329}
{"action": "recv", "src": "AN-N120", "dst": "AU-N67", "hlc": {"phys": 1758747515740, "cnt": 0, "node": "AN-N120"}, "package_id": "PKG47483", "payload": {"status": "DELIVERED"}, "sent_ts": 1758747484540, "arrival_ts": 1758747484640}
{"action": "recv", "src": "AS-N173", "dst": "AU-N67", "hlc": {"phys": 1758749134756, "cnt": 0, "node": "AS-N173"}, "package_id": "PKG49123", "payload": {"status": "CREATED"}, "sent_ts": 1758749123026, "arrival_ts": 1758749123088}
{"action": "recv", "src": "AS-N173", "dst": "AU-N67", "hlc": {"phys": 1758749135021, "cnt": 0, "node": "AS-N173"}, "package_id": "PKG49123", "payload": {"status": "SENT"}, "sent_ts": 1758749123291, "arrival_ts": 1758749123409}
{"action": "recv", "src": "AS-N173", "dst": "AU-N67", "hlc": {"phys": 1758749135348, "cnt": 0, "node": "AS-N173"}, "package_id": "PKG49123", "payload": {"status": "IN_TRANSIT"}, "sent_ts": 1758749123618, "arrival_ts": 1758749123779}
{"action": "recv", "src": "AS-N173", "dst": "AU-N67", "hlc": {"phys": 1758749135722, "cnt": 0, "node": "AS-N173"}, "package_id": "PKG49123", "payload": {"status": "RECEIVED"}, "sent_ts": 1758749123992, "arrival_ts": 1758749124189}
{"action": "recv", "src": "AS-N173", "dst": "AU-N67", "hlc": {"phys": 1758749136129, "cnt": 0, "node": "AS-N173"}, "package_id": "PKG49123", "payload": {"status": "DELIVERED"}, "sent_ts": 1758749124399, "arrival_ts": 1758749124427}
{"action": "send", "src": "AU-N67", "dst": "SA-N199", "hlc": {"phys": 1758749186441, "cnt": 0, "node": "AU-N67"}, "package_id": "PKG49160", "payload": {"status": "CREATED"}, "sent_ts": 1758749160771, "arrival_ts": 1758749160771}
{"action": "send", "src": "AU-N67", "dst": "SA-N199", "hlc": {"phys": 1758749186814, "cnt": 0, "node": "AU-N67"}, "package_id": "PKG49160", "payload": {"status": "SENT"}, "sent_ts": 1758749161144, "arrival_ts": 1758749161144}
{"action": "send", "src": "AU-N67", "dst": "SA-N199", "hlc": {"phys": 1758749187139, "cnt": 0, "node": "AU-N67"}, "package_id": "PKG49160", "payload": {"status": "IN_TRANSIT"}, "sent_ts": 1758749161469, "arrival_ts": 1758749161469}
{"action": "send", "src": "AU-N67", "dst": "SA-N199", "hlc": {"phys": 1758749187513, "cnt": 0, "node": "AU-N67"}, "package_id": "PKG49160", "payload": {"status": "RECEIVED"}, "sent_ts": 1758749161843, "arrival_ts": 1758749161843}
{"action": "send", "src": "AU-N67", "dst": "SA-N199", "hlc": {"phys": 1758749187856, "cnt": 0, "node": "AU-N67"}, "package_id": "PKG49160", "payload": {"status": "DELIVERED"}, "sent_ts": 1758749162186, "arrival_ts": 1758749162186}
{"action": "recv", "src": "EU-N184", "dst": "AU-N67", "hlc": {"phys": 1758749877367, "cnt": 0, "node": "EU-N184"}, "package_id": "PKG49870", "payload": {"status": "CREATED"}, "sent_ts": 1758749870527, "arrival_ts": 1758749870582}
{"action": "recv", "src": "EU-N184", "dst": "AU-N67", "hlc": {"phys": 1758749877623, "cnt": 0, "node": "EU-N184"}, "package_id": "PKG49870", "payload": {"status": "SENT"}, "sent_ts": 1758749870783, "arrival_ts": 1758749870964}
{"action": "recv", "src": "EU-N184", "dst": "AU-N67", "hlc": {"phys": 1758749878014, "cnt": 0, "node": "EU-N184"}, "package_id": "PKG49870", "payload": {"status": "IN_TRANSIT"}, "sent_ts": 1758749871174, "arrival_ts": 1758749871348}
{"action": "recv", "src": "EU-N184", "dst": "AU-N67", "hlc": {"phys": 1758749878397, "cnt": 0, "node": "EU-N184"}, "package_id": "PKG49870", "payload": {"status": "RECEIVED"}, "sent_ts": 1758749871557, "arrival_ts": 1758749871669}
{"action": "recv", "src": "EU-N184", "dst": "AU-N67", "hlc": {"phys": 1758749878717, "cnt": 0, "node": "EU-N184"}, "package_id": "PKG49870", "payload": {"status": "DELIVERED"}, "sent_ts": 1758749871877, "arrival_ts": 1758749871987}
{"action": "recv", "src": "SA-N140", "dst": "AU-N67", "hlc": {"phys": 1758750404541, "cnt": 0, "node": "SA-N140"}, "package_id": "PKG50383", "payload": {"status": "CREATED"}, "sent_ts": 1758750383141, "arrival_ts": 1758750383186}
{"action": "recv", "src": "SA-N140", "dst": "AU-N67", "hlc": {"phys": 1758750404806, "cnt": 0, "node": "SA-N140"}, "package_id": "PKG50383", "payload": {"status": "SENT"}, "sent_ts": 1758750383406, "arrival_ts": 1758750383541}
{"action": "recv", "src": "SA-N140", "dst": "AU-N67", "hlc": {"phys": 1758750405143, "cnt": 0, "node": "SA-N140"}, "package_id": "PKG50383", "payload": {"status": "IN_TRANSIT"}, "sent_ts": 1758750383743, "arrival_ts": 1758750383799}
{"action": "recv", "src": "SA-N140", "dst": "AU-N67", "hlc": {"phys": 1758750405407, "cnt": 0, "node": "SA-N140"}, "package_id": "PKG50383", "payload": {"status": "RECEIVED"}, "sent_ts": 1758750384007, "arrival_ts": 1758750384119}
{"action": "recv", "src": "SA-N140", "dst": "AU-N67", "hlc": {"phys": 1758750405727, "cnt": 0, "node": "SA-N140"}, "package_id": "PKG50383", "payload": {"status": "DELIVERED"}, "sent_ts": 1758750384327, "arrival_ts": 1758750384361}
{"action": "recv", "src": "EU-N103", "dst": "AU-N67", "hlc": {"phys": 1758752725340, "cnt": 0, "node": "EU-N103"}, "package_id": "PKG52719", "payload": {"status": "CREATED"}, "sent_ts": 1758752719310, "arrival_ts": 1758752719474}
{"action": "recv", "src": "EU-N103", "dst": "AU-N67", "hlc": {"phys": 1758752725717, "cnt": 0, "node": "EU-N103"}, "package_id": "PKG52719", "payload": {"status": "SENT"}, "sent_ts": 1758752719687, "arrival_ts": 1758752719842}
{"action": "recv", "src": "EU-N103", "dst": "AU-N67", "hlc": {"phys": 1758752726072, "cnt": 0, "node": "EU-N103"}, "package_id": "PKG52719", "payload": {"status": "IN_TRANSIT"}, "sent_ts": 1758752720042, "arrival_ts": 1758752720103}
{"action": "recv", "src": "EU-N103", "dst": "AU-N67", "hlc": {"phys": 1758752726327, "cnt": 0, "node": "EU-N103"}, "package_id": "PKG52719", "payload": {"status": "RECEIVED"}, "sent_ts": 1758752720297, "arrival_ts": 1758752720462}
{"action": "recv", "src": "EU-N103", "dst": "AU-N67", "hlc": {"phys": 1758752726687, "cnt": 0, "node": "EU-N103"}, "package_id": "PKG52719", "payload": {"status": "DELIVERED"}, "sent_ts": 1758752720657, "arrival_ts": 1758752720811}
{"action": "recv", "src": "AF-N2", "dst": "AU-N67", "hlc": {"phys": 1758761466678, "cnt": 0, "node": "AF-N2"}, "package_id": "PKG61451", "payload": {"status": "CREATED"}, "sent_ts": 1758761451658, "arrival_ts": 1758761451783}
{"action": "recv", "src": "AF-N2", "dst": "AU-N67", "hlc": {"phys": 1758761467020, "cnt": 0, "node": "AF-N2"}, "package_id": "PKG61451", "payload": {"status": "SENT"}, "sent_ts": 1758761452000, "arrival_ts": 1758761452049}
{"action": "recv", "src": "AF-N2", "dst": "AU-N67", "hlc": {"phys": 1758761467285, "cnt": 0, "node": "AF-N2"}, "package_id": "PKG61451", "payload": {"status": "IN_TRANSIT"}, "sent_ts": 1758761452265, "arrival_ts": 1758761452296}
{"action": "recv", "src": "AF-N2", "dst": "AU-N67", "hlc": {"phys": 1758761467531, "cnt": 0, "node": "AF-N2"}, "package_id": "PKG61451", "payload": {"status": "RECEIVED"}, "sent_ts": 1758761452511, "arrival_ts": 1758761452690}
{"action": "recv", "src": "AF-N2", "dst": "AU-N67", "hlc": {"phys": 1758761467928, "cnt": 0, "node": "AF-N2"}, "package_id": "PKG61451", "payload": {"status": "DELIVERED"}, "sent_ts": 1758761452908, "arrival_ts": 1758761453083}
{"action": "send", "src": "AU-N67", "dst": "SA-N133", "hlc": {"phys": 1758761619057, "cnt": 0, "node": "AU-N67"}, "package_id": "PKG61593", "payload": {"status": "CREATED"}, "sent_ts": 1758761593387, "arrival_ts": 1758761593387}
{"action": "send", "src": "AU-N67", "dst": "SA-N133", "hlc": {"phys": 1758761619298, "cnt": 0, "node": "AU-N67"}, "package_id": "PKG61593", "payload": {"status": "SENT"}, "sent_ts": 1758761593628, "arrival_ts": 1758761593628}
{"action": "send", "src": "AU-N67", "dst": "SA-N133", "hlc": {"phys": 1758761619624, "cnt": 0, "node": "AU-N67"}, "package_id": "PKG61593", "payload": {"status": "IN_TRANSIT"}, "sent_ts": 1758761593954, "arrival_ts": 1758761593954}
{"action": "send", "src": "AU-N67", "dst": "SA-N133", "hlc": {"phys": 1758761619915, "cnt": 0, "node": "AU-N67"}, "package_id": "PKG61593", "payload": {"status": "RECEIVED"}, "sent_ts": 1758761594245, "arrival_ts": 1758761594245}
{"action": "send", "src": "AU-N67", "dst": "SA-N133", "hlc": {"phys": 1758761620156, "cnt": 0, "node": "AU-N67"}, "package_id": "PKG61593", "payload": {"status": "DELIVERED"}, "sent_ts": 1758761594486, "arrival_ts": 1758761594486}
{"action": "send", "src": "AU-N67", "dst": "AS-N53", "hlc": {"phys": 1758761786207, "cnt": 0, "node": "AU-N67"}, "package_id": "PKG61760", "payload": {"status": "CREATED"}, "sent_ts": 1758761760537, "arrival_ts": 1758761760537}
{"action": "send", "src": "AU-N67", "dst": "AS-N53", "hlc": {"phys": 1758761786598, "cnt": 0, "node": "AU-N67"}, "package_id": "PKG61760", "payload": {"status": "SENT"}, "sent_ts": 1758761760928, "arrival_ts": 1758761760928}
{"action": "send", "src": "AU-N67", "dst": "AS-N53", "hlc": {"phys": 1758761786999, "cnt": 0, "node": "AU-N67"}, "package_id": "PKG61760", "payload": {"status": "IN_TRANSIT"}, "sent_ts": 1758761761329, "arrival_ts": 1758761761329}
{"action": "send", "src": "AU-N67", "dst": "AS-N53", "hlc": {"phys": 1758761787312, "cnt": 0, "node": "AU-N67"}, "package_id": "PKG61760", "payload": {"status": "RECEIVED"}, "sent_ts": 1758761761642, "arrival_ts": 1758761761642}
{"action": "send", "src": "AU-N67", "dst": "AS-N53", "hlc": {"phys": 1758761787627, "cnt": 0, "node": "AU-N67"}, "package_id": "PKG61760", "payload": {"status": "DELIVERED"}, "sent_ts": 1758761761957, "arrival_ts": 1758761761957}
{"action": "recv", "src": "SA-N41", "dst": "AU-N67", "hlc": {"phys": 1758762184562, "cnt": 0, "node": "SA-N41"}, "package_id": "PKG62164", "payload": {"status": "CREATED"}, "sent_ts": 1758762164152, "arrival_ts": 1758762164274}
{"action": "recv", "src": "SA-N41", "dst": "AU-N67", "hlc": {"phys": 1758762184891, "cnt": 0, "node": "SA-N41"}, "package_id": "PKG62164", "payload": {"status": "SENT"}, "sent_ts": 1758762164481, "arrival_ts": 1758762164594}
{"action": "recv", "src": "SA-N41", "dst": "AU-N67", "hlc": {"phys": 1758762185221, "cnt": 0, "node": "SA-N41"}, "package_id": "PKG62164", "payload": {"status": "IN_TRANSIT"}, "sent_ts": 1758762164811, "arrival_ts": 1758762164989}
{"action": "recv", "src": "SA-N41", "dst": "AU-N67", "hlc": {"phys": 1758762185601, "cnt": 0, "node": "SA-N41"}, "package_id": "PKG62164", "payload": {"status": "RECEIVED"}, "sent_ts": 1758762165191, "arrival_ts": 1758762165346}
{"action": "recv", "src": "SA-N41", "dst": "AU-N67", "hlc": {"phys": 1758762185976, "cnt": 0, "node": "SA-N41"}, "package_id": "PKG62164", "payload": {"status": "DELIVERED"}, "sent_ts": 1758762165566, "arrival_ts": 1758762165627}
{"action": "recv", "src": "NA-N130", "dst": "AU-N67", "hlc": {"phys": 1758763733889, "cnt": 0, "node": "NA-N130"}, "package_id": "PKG63732", "payload": {"status": "CREATED"}, "sent_ts": 1758763732589, "arrival_ts": 1758763732606}
{"action": "recv", "src": "NA-N130", "dst": "AU-N67", "hlc": {"phys": 1758763734104, "cnt": 0, "node": "NA-N130"}, "package_id": "PKG63732", "payload": {"status": "SENT"}, "sent_ts": 1758763732804, "arrival_ts": 1758763732954}
{"action": "recv", "src": "NA-N130", "dst": "AU-N67", "hlc": {"phys": 1758763734464, "cnt": 0, "node": "NA-N130"}, "package_id": "PKG63732", "payload": {"status": "IN_TRANSIT"}, "sent_ts": 1758763733164, "arrival_ts": 1758763733250}
{"action": "recv", "src": "NA-N130", "dst": "AU-N67", "hlc": {"phys": 1758763734759, "cnt": 0, "node": "NA-N130"}, "package_id": "PKG63732", "payload": {"status": "RECEIVED"}, "sent_ts": 1758763733459, "arrival_ts": 1758763733590}
{"action": "recv", "src": "NA-N130", "dst": "AU-N67", "hlc": {"phys": 1758763735096, "cnt": 0, "node": "NA-N130"}, "package_id": "PKG63732", "payload": {"status": "DELIVERED"}, "sent_ts": 1758763733796, "arrival_ts": 1758763733829}
{"action": "recv", "src": "AF-N74", "dst": "AU-N67", "hlc": {"phys": 1758765477762, "cnt": 0, "node": "AF-N74"}, "package_id": "PKG65462", "payload": {"status": "CREATED"}, "sent_ts": 1758765462022, "arrival_ts": 1758765462123}
{"action": "recv", "src": "AF-N74", "dst": "AU-N67", "hlc": {"phys": 1758765478081, "cnt": 0, "node": "AF-N74"}, "package_id": "PKG65462", "payload": {"status": "SENT"}, "sent_ts": 1758765462341, "arrival_ts": 1758765462498}
{"action": "recv", "src": "AF-N74", "dst": "AU-N67", "hlc": {"phys": 1758765478451, "cnt": 0, "node": "AF-N74"}, "package_id": "PKG65462", "payload": {"status": "IN_TRANSIT"}, "sent_ts": 1758765462711, "arrival_ts": 1758765462774}
{"action": "recv", "src": "AF-N74", "dst": "AU-N67", "hlc": {"phys": 1758765478716, "cnt": 0, "node": "AF-N74"}, "package_id": "PKG65462", "payload": {"status": "RECEIVED"}, "sent_ts": 1758765462976, "arrival_ts": 1758765463037}
{"action": "recv", "src": "AF-N74", "dst": "AU-N67", "hlc": {"phys": 1758765478977, "cnt": 0, "node": "AF-N74"}, "package_id": "PKG65462", "payload": {"status": "DELIVERED"}, "sent_ts": 1758765463237, "arrival_ts": 1758765463403}
{"action": "recv", "src": "AF-N103", "dst": "AU-N67", "hlc": {"phys": 1758768747447, "cnt": 0, "node": "AF-N103"}, "package_id": "PKG68731", "payload": {"status": "CREATED"}, "sent_ts": 1758768731417, "arrival_ts": 1758768731719}
{"action": "recv", "src": "AF-N103", "dst": "AU-N67", "hlc": {"phys": 1758768747975, "cnt": 0, "node": "AF-N103"}, "package_id": "PKG68731", "payload": {"status": "SENT"}, "sent_ts": 1758768731945, "arrival_ts": 1758768732054}
{"action": "recv", "src": "AF-N103", "dst": "AU-N67", "hlc": {"phys": 1758768748287, "cnt": 0, "node": "AF-N103"}, "package_id": "PKG68731", "payload": {"status": "IN_TRANSIT"}, "sent_ts": 1758768732257, "arrival_ts": 1758768732310}
{"action": "recv", "src": "AF-N103", "dst": "AU-N67", "hlc": {"phys": 1758768748551, "cnt": 0, "node": "AF-N103"}, "package_id": "PKG68731", "payload": {"status": "RECEIVED"}, "sent_ts": 1758768732521, "arrival_ts": 1758768732702}
{"action": "recv", "src": "AF-N103", "dst": "AU-N67", "hlc": {"phys": 1758768748938, "cnt": 0, "node": "AF-N103"}, "package_id": "PKG68731", "payload": {"status": "DELIVERED"}, "sent_ts": 1758768732908, "arrival_ts": 1758768733011}
{"action": "send", "src": "AU-N67", "dst": "SA-N152", "hlc": {"phys": 1758801304645, "cnt": 0, "node": "AU-N67"}, "package_id": "PKG1278", "payload": {"status": "CREATED"}, "sent_ts": 1758801278975, "arrival_ts": 1758801278975}
{"action": "send", "src": "AU-N67", "dst": "SA-N152", "hlc": {"phys": 1758801304927, "cnt": 0, "node": "AU-N67"}, "package_id": "PKG1278", "payload": {"status": "SENT"}, "sent_ts": 1758801279257, "arrival_ts": 1758801279257}
{"action": "send", "src": "AU-N67", "dst": "SA-N152", "hlc": {"phys": 1758801305225, "cnt": 0, "node": "AU-N67"}, "package_id": "PKG1278", "payload": {"status": "IN_TRANSIT"}, "sent_ts": 1758801279555, "arrival_ts": 1758801279555}
{"action": "send", "src": "AU-N67", "dst": "SA-N152", "hlc": {"phys": 1758801305558, "cnt": 0, "node": "AU-N67"}, "package_id": "PKG1278", "payload": {"status": "RECEIVED"}, "sent_ts": 1758801279888, "arrival_ts": 1758801279888}
{"action": "send", "src": "AU-N67", "dst": "SA-N152", "hlc": {"phys": 1758801305759, "cnt": 0, "node": "AU-N67"}, "package_id": "PKG1278", "payload": {"status": "DELIVERED"}, "sent_ts": 1758801280089, "arrival_ts": 1758801280089}
{"action": "recv", "src": "AS-N154", "dst": "AU-N67", "hlc": {"phys": 1758804854795, "cnt": 0, "node": "AS-N154"}, "package_id": "PKG4843", "payload": {"status": "CREATED"}, "sent_ts": 1758804843255, "arrival_ts": 1758804843435}
{"action": "recv", "src": "AS-N154", "dst": "AU-N67", "hlc": {"phys": 1758804855192, "cnt": 0, "node": "AS-N154"}, "package_id": "PKG4843", "payload": {"status": "SENT"}, "sent_ts": 1758804843652, "arrival_ts": 1758804843766}
{"action": "recv", "src": "AS-N154", "dst": "AU-N67", "hlc": {"phys": 1758804855520, "cnt": 0, "node": "AS-N154"}, "package_id": "PKG4843", "payload": {"status": "IN_TRANSIT"}, "sent_ts": 1758804843980, "arrival_ts": 1758804844152}
{"action": "recv", "src": "AS-N154", "dst": "AU-N67", "hlc": {"phys": 1758804857257, "cnt": 0, "node": "AS-N154"}, "package_id": "PKG4843", "payload": {"status": "RECEIVED"}, "sent_ts": 1758804845717, "arrival_ts": 1758804845750}
{"action": "recv", "src": "AS-N154", "dst": "AU-N67", "hlc": {"phys": 1758804857496, "cnt": 0, "node": "AS-N154"}, "package_id": "PKG4843", "payload": {"status": "DELIVERED"}, "sent_ts": 1758804845956, "arrival_ts": 1758804846123}
{"action": "recv", "src": "AS-N197", "dst": "AU-N67", "hlc": {"phys": 1758814680127, "cnt": 0, "node": "AS-N197"}, "package_id": "PKG14668", "payload": {"status": "CREATED"}, "sent_ts": 1758814668157, "arrival_ts": 1758814668343}
{"action": "recv", "src": "AS-N197", "dst": "AU-N67", "hlc": {"phys": 1758814680528, "cnt": 0, "node": "AS-N197"}, "package_id": "PKG14668", "payload": {"status": "SENT"}, "sent_ts": 1758814668558, "arrival_ts": 1758814668624}
{"action": "recv", "src": "AS-N197", "dst": "AU-N67", "hlc": {"phys": 1758814680807, "cnt": 0, "node": "AS-N197"}, "package_id": "PKG14668", "payload": {"status": "IN_TRANSIT"}, "sent_ts": 1758814668837, "arrival_ts": 1758814668964}
{"action": "recv", "src": "AS-N197", "dst": "AU-N67", "hlc": {"phys": 1758814681132, "cnt": 0, "node": "AS-N197"}, "package_id": "PKG14668", "payload": {"status": "RECEIVED"}, "sent_ts": 1758814669162, "arrival_ts": 1758814669304}
{"action": "recv", "src": "AS-N197", "dst": "AU-N67", "hlc": {"phys": 1758814681473, "cnt": 0, "node": "AS-N197"}, "package_id": "PKG14668", "payload": {"status": "DELIVERED"}, "sent_ts": 1758814669503, "arrival_ts": 1758814669518}
{"action": "recv", "src": "AU-N192", "dst": "AU-N67", "hlc": {"phys": 1758815274667, "cnt": 0, "node": "AU-N192"}, "package_id": "PKG15247", "payload": {"status": "CREATED"}, "sent_ts": 1758815247747, "arrival_ts": 1758815247904}
{"action": "recv", "src": "AU-N192", "dst": "AU-N67", "hlc": {"phys": 1758815275023, "cnt": 0, "node": "AU-N192"}, "package_id": "PKG15247", "payload": {"status": "SENT"}, "sent_ts": 1758815248103, "arrival_ts": 1758815248207}
{"action": "recv", "src": "AU-N192", "dst": "AU-N67", "hlc": {"phys": 1758815275334, "cnt": 0, "node": "AU-N192"}, "package_id": "PKG15247", "payload": {"status": "IN_TRANSIT"}, "sent_ts": 1758815248414, "arrival_ts": 1758815248431}
{"action": "recv", "src": "AU-N192", "dst": "AU-N67", "hlc": {"phys": 1758815275552, "cnt": 0, "node": "AU-N192"}, "package_id": "PKG15247", "payload": {"status": "RECEIVED"}, "sent_ts": 1758815248632, "arrival_ts": 1758815248657}
{"action": "recv", "src": "AU-N192", "dst": "AU-N67", "hlc": {"phys": 1758815275783, "cnt": 0, "node": "AU-N192"}, "package_id": "PKG15247", "payload": {"status": "DELIVERED"}, "sent_ts": 1758815248863, "arrival_ts": 1758815248966}
