{"action": "send", "src": "AU-N105", "dst": "AS-N46", "hlc": {"phys": 1758718850898, "cnt": 0, "node": "AU-N105"}, "package_id": "PKG18824", "payload": {"status": "CREATED"}, "sent_ts": 1758718824848, "arrival_ts": 1758718824848}
{"action": "send", "src": "AU-N105", "dst": "AS-N46", "hlc": {"phys": 1758718851175, "cnt": 0, "node": "AU-N105"}, "package_id": "PKG18824", "payload": {"status": "SENT"}, "sent_ts": 1758718825125, "arrival_ts": 1758718825125}
{"action": "send", "src": "AU-N105", "dst": "AS-N46", "hlc": {"phys": 1758718851577, "cnt": 0, "node": "AU-N105"}, "package_id": "PKG18824", "payload": {"status": "IN_TRANSIT"}, "sent_ts": 1758718825527, "arrival_ts": 1758718825527}
{"action": "send", "src": "AU-N105", "dst": "AS-N46", "hlc": {"phys": 1758718851839, "cnt": 0, "node": "AU-N105"}, "package_id": "PKG18824", "payload": {"status": "RECEIVED"}, "sent_ts": 1758718825789, "arrival_ts": 1758718825789}
{"action": "send", "src": "AU-N105", "dst": "AS-N46", "hlc": {"phys": 1758718852177, "cnt": 0, "node": "AU-N105"}, "package_id": "PKG18824", "payload": {"status": "DELIVERED"}, "sent_ts": 1758718826127, "arrival_ts": 1758718826127}
{"action": "send", "src": "AU-N105", "dst": "SA-N183", "hlc": {"phys": 1758718935633, "cnt": 0, "node": "AU-N105"}, "package_id": "PKG18909", "payload": {"status": "CREATED"}, "sent_ts": 1758718909583, "arrival_ts": 1758718909583}
{"action": "send", "src": "AU-N105", "dst": "SA-N183", "hlc": {"phys": 1758718935896, "cnt": 0, "node": "AU-N105"}, "package_id": "PKG18909", "payload": {"status": "SENT"}, "sent_ts": 1758718909846, "arrival_ts": 1758718909846}
{"action": "send", "src": "AU-N105", "dst": "SA-N183", "hlc": {"phys": 1758718936196, "cnt": 0, "node": "AU-N105"}, "package_id": "PKG18909", "payload": {"status": "IN_TRANSIT"}, "sent_ts": 1758718910146, "arrival_ts": 1758718910146}
{"action": "send", "src": "AU-N105", "dst": "SA-N183", "hlc": {"phys": 1758718936455, "cnt": 0, "node": "AU-N105"}, "package_id": "PKG18909", "payload": {"status": "RECEIVED"}, "sent_ts": 1758718910405, "arrival_ts": 1758718910405}
{"action": "send", "src": "AU-N105", "dst": "SA-N183", "hlc": {"phys": 1758718936799, "cnt": 0, "node": "AU-N105"}, "package_id": "PKG18909", "payload": {"status": "DELIVERED"}, "sent_ts": 1758718910749, "arrival_ts": 1758718910749}
{"action": "recv", "src": "AS-N147", "dst": "AU-N105", "hlc": {"phys": 1758739911895, "cnt": 0, "node": "AS-N147"}, "package_id": "PKG39900", "payload": {"status": "CREATED"}, "sent_ts": 1758739900425, "arrival_ts": 1758739900502}
{"action": "recv", "src": "AS-N147", "dst": "AU-N105", "hlc": {"phys": 1758739912175, "cnt": 0, "node": "AS-N147"}, "package_id": "PKG39900", "payload": {"status": "SENT"}, "sent_ts": 1758739900705, "arrival_ts": 1758739900747}
{"action": "recv", "src": "AS-N147", "dst": "AU-N105", "hlc": {"phys": 1758739912426, "cnt": 0, "node": "AS-N147"}, "package_id": "PKG39900", "payload": {"status": "IN_TRANSIT"}, "sent_ts": 1758739900956, "arrival_ts": 1758739901018}
{"action": "recv", "src": "AS-N147", "dst": "AU-N105", "hlc": {"phys": 1758739912701, "cnt": 0, "node": "AS-N147"}, "package_id": "PKG39900", "payload": {"status": "RECEIVED"}, "sent_ts": 1758739901231, "arrival_ts": 1758739901325}
{"action": "recv", "src": "AS-N147", "dst": "AU-N105", "hlc": {"phys": 1758739912997, "cnt": 0, "node": "AS-N147"}, "package_id": "PKG39900", "payload": {"status": "DELIVERED"}, "sent_ts": 1758739901527, "arrival_ts": 1758739901673}
{"action": "send", "src": "AU-N105", "dst": "AS-N162", "hlc": {"phys": 1758739951402, "cnt": 0, "node": "AU-N105"}, "package_id": "PKG39925", "payload": {"status": "CREATED"}, "sent_ts": 1758739925352, "arrival_ts": 1758739925352}
{"action": "send", "src": "AU-N105", "dst": "AS-N162", "hlc": {"phys": 1758739951773, "cnt": 0, "node": "AU-N105"}, "package_id": "PKG39925", "payload": {"status": "SENT"}, "sent_ts": 1758739925723, "arrival_ts": 1758739925723}
{"action": "send", "src": "AU-N105", "dst": "AS-N162", "hlc": {"phys": 1758739952175, "cnt": 0, "node": "AU-N105"}, "package_id": "PKG39925", "payload": {"status": "IN_TRANSIT"}, "sent_ts": 1758739926125, "arrival_ts": 1758739926125}
{"action": "send", "src": "AU-N105", "dst": "AS-N162", "hlc": {"phys": 1758739952403, "cnt": 0, "node": "AU-N105"}, "package_id": "PKG39925", "payload": {"status": "RECEIVED"}, "sent_ts": 1758739926353, "arrival_ts": 1758739926353}
{"action": "send", "src": "AU-N105", "dst": "AS-N162", "hlc": {"phys": 1758739952784, "cnt": 0, "node": "AU-N105"}, "package_id": "PKG39925", "payload": {"status": "DELIVERED"}, "sent_ts": 1758739926734, "arrival_ts": 1758739926734}
{"action": "recv", "src": "AN-N53", "dst": "AU-N105", "hlc": {"phys": 1758740070426, "cnt": 0, "node": "AN-N53"}, "package_id": "PKG40039", "payload": {"status": "CREATED"}, "sent_ts": 1758740039896, "arrival_ts": 1758740039921}
{"action": "recv", "src": "AN-N53", "dst": "AU-N105", "hlc": {"phys": 1758740070655, "cnt": 0, "node": "AN-N53"}, "package_id": "PKG40039", "payload": {"status": "SENT"}, "sent_ts": 1758740040125, "arrival_ts": 1758740040225}
{"action": "recv", "src": "AN-N53", "dst": "AU-N105", "hlc": {"phys": 1758740070958, "cnt": 0, "node": "AN-N53"}, "package_id": "PKG40039", "payload": {"status": "IN_TRANSIT"}, "sent_ts": 1758740040428, "arrival_ts": 1758740040621}
{"action": "recv", "src": "AN-N53", "dst": "AU-N105", "hlc": {"phys": 1758740071351, "cnt": 0, "node": "AN-N53"}, "package_id": "PKG40039", "payload": {"status": "RECEIVED"}, "sent_ts": 1758740040821, "arrival_ts": 1758740040951}
{"action": "recv", "src": "AN-N53", "dst": "AU-N105", "hlc": {"phys": 1758740071697, "cnt": 0, "node": "AN-N53"}, "package_id": "PKG40039", "payload": {"status": "DELIVERED"}, "sent_ts": 1758740041167, "arrival_ts": 1758740041310}
{"action": "send", "src": "AU-N105", "dst": "AS-N86", "hlc": {"phys": 1758742174975, "cnt": 0, "node": "AU-N105"}, "package_id": "PKG42148", "payload": {"status": "CREATED"}, "sent_ts": 1758742148925, "arrival_ts": 1758742148925}
{"action": "send", "src": "AU-N105", "dst": "AS-N86", "hlc": {"phys": 1758742175345, "cnt": 0, "node": "AU-N105"}, "package_id": "PKG42148", "payload": {"status": "SENT"}, "sent_ts": 1758742149295, "arrival_ts": 1758742149295}
{"action": "send", "src": "AU-N105", "dst": "AS-N86", "hlc": {"phys": 1758742175749, "cnt": 0, "node": "AU-N105"}, "package_id": "PKG42148", "payload": {"status": "IN_TRANSIT"}, "sent_ts": 1758742149699, "arrival_ts": 1758742149699}
{"action": "send", "src": "AU-N105", "dst": "AS-N86", "hlc": {"phys": 1758742175963, "cnt": 0, "node": "AU-N105"}, "package_id": "PKG42148", "payload": {"status": "RECEIVED"}, "sent_ts": 1758742149913, "arrival_ts": 1758742149913}
{"action": "send", "src": "AU-N105", "dst": "AS-N86", "hlc": {"phys": 1758742176182, "cnt": 0, "node": "AU-N105"}, "package_id": "PKG42148", "payload": {"status": "DELIVERED"}, "sent_ts": 1758742150131, "arrival_ts": 1758742150132}
{"action": "send", "src": "AU-N105", "dst": "EU-N164", "hlc": {"phys": 1758748184809, "cnt": 0, "node": "AU-N105"}, "package_id": "PKG48158", "payload": {"status": "CREATED"}, "sent_ts": 1758748158759, "arrival_ts": 1758748158759}
{"action": "send", "src": "AU-N105", "dst": "EU-N164", "hlc": {"phys": 1758748185209, "cnt": 0, "node": "AU-N105"}, "package_id": "PKG48158", "payload": {"status": "SENT"}, "sent_ts": 1758748159159, "arrival_ts": 1758748159159}
{"action": "send", "src": "AU-N105", "dst": "EU-N164", "hlc": {"phys": 1758748185458, "cnt": 0, "node": "AU-N105"}, "package_id": "PKG48158", "payload": {"status": "IN_TRANSIT"}, "sent_ts": 1758748159408, "arrival_ts": 1758748159408}
{"action": "send", "src": "AU-N105", "dst": "EU-N164", "hlc": {"phys": 1758748185858, "cnt": 0, "node": "AU-N105"}, "package_id": "PKG48158", "payload": {"status": "RECEIVED"}, "sent_ts": 1758748159808, "arrival_ts": 1758748159808}
{"action": "send", "src": "AU-N105", "dst": "EU-N164", "hlc": {"phys": 1758748186133, "cnt": 0, "node": "AU-N105"}, "package_id": "PKG48158", "payload": {"status": "DELIVERED"}, "sent_ts": 1758748160083, "arrival_ts": 1758748160083}
{"action": "recv", "src": "AU-N138", "dst": "AU-N105", "hlc": {"phys": 1758749358652, "cnt": 0, "node": "AU-N138"}, "package_id": "PKG49332", "payload": {"status": "CREATED"}, "sent_ts": 1758749332272, "arrival_ts": 1758749332387}
{"action": "recv", "src": "AU-N138", "dst": "AU-N105", "hlc": {"phys": 1758749358978, "cnt": 0, "node": "AU-N138"}, "package_id": "PKG49332", "payload": {"status": "SENT"}, "sent_ts": 1758749332598, "arrival_ts": 1758749332719}
{"action": "recv", "src": "AU-N138", "dst": "AU-N105", "hlc": {"phys": 1758749359304, "cnt": 0, "node": "AU-N138"}, "package_id": "PKG49332", "payload": {"status": "IN_TRANSIT"}, "sent_ts": 1758749332924, "arrival_ts": 1758749333064}
{"action": "recv", "src": "AU-N138", "dst": "AU-N105", "hlc": {"phys": 1758749359661, "cnt": 0, "node": "AU-N138"}, "package_id": "PKG49332", "payload": {"status": "RECEIVED"}, "sent_ts": 1758749333281, "arrival_ts": 1758749333320}
{"action": "recv", "src": "AU-N138", "dst": "AU-N105", "hlc": {"phys": 1758749359913, "cnt": 0, "node": "AU-N138"}, "package_id": "PKG49332", "payload": {"status": "DELIVERED"}, "sent_ts": 1758749333533, "arrival_ts": 1758749333670}
{"action": "recv", "src": "SA-N171", "dst": "AU-N105", "hlc": {"phys": 1758751973620, "cnt": 0, "node": "SA-N171"}, "package_id": "PKG51951", "payload": {"status": "CREATED"}, "sent_ts": 1758751951910, "arrival_ts": 1758751951947}
{"action": "recv", "src": "SA-N171", "dst": "AU-N105", "hlc": {"phys": 1758751973870, "cnt": 0, "node": "SA-N171"}, "package_id": "PKG51951", "payload": {"status": "SENT"}, "sent_ts": 1758751952160, "arrival_ts": 1758751952205}
{"action": "recv", "src": "SA-N171", "dst": "AU-N105", "hlc": {"phys": 1758751974134, "cnt": 0, "node": "SA-N171"}, "package_id": "PKG51951", "payload": {"status": "IN_TRANSIT"}, "sent_ts": 1758751952424, "arrival_ts": 1758751952536}
{"action": "recv", "src": "SA-N171", "dst": "AU-N105", "hlc": {"phys": 1758751974456, "cnt": 0, "node": "SA-N171"}, "package_id": "PKG51951", "payload": {"status": "RECEIVED"}, "sent_ts": 1758751952746, "arrival_ts": 1758751952832}
{"action": "recv", "src": "SA-N171", "dst": "AU-N105", "hlc": {"phys": 1758751974749, "cnt": 0, "node": "SA-N171"}, "package_id": "PKG51951", "payload": {"status": "DELIVERED"}, "sent_ts": 1758751953039, "arrival_ts": 1758751953181}
{"action": "send", "src": "AU-N105", "dst": "AS-N163", "hlc": {"phys": 1758753537648, "cnt": 0, "node": "AU-N105"}, "package_id": "PKG53511", "payload": {"status": "CREATED"}, "sent_ts": 1758753511598, "arrival_ts": 1758753511598}
{"action": "send", "src": "AU-N105", "dst": "AS-N163", "hlc": {"phys": 1758753537918, "cnt": 0, "node": "AU-N105"}, "package_id": "PKG53511", "payload": {"status": "SENT"}, "sent_ts": 1758753511868, "arrival_ts": 1758753511868}
{"action": "send", "src": "AU-N105", "dst": "AS-N163", "hlc": {"phys": 1758753538282, "cnt": 0, "node": "AU-N105"}, "package_id": "PKG53511", "payload": {"status": "IN_TRANSIT"}, "sent_ts": 1758753512232, "arrival_ts": 1758753512232}
{"action": "send", "src": "AU-N105", "dst": "AS-N163", "hlc": {"phys": 1758753538537, "cnt": 0, "node": "AU-N105"}, "package_id": "PKG53511", "payload": {"status": "RECEIVED"}, "sent_ts": 1758753512487, "arrival_ts": 1758753512487}
{"action": "send", "src": "AU-N105", "dst": "AS-N163", "hlc": {"phys": 1758753538824, "cnt": 0, "node": "AU-N105"}, "package_id": "PKG53511", "payload": {"status": "DELIVERED"}, "sent_ts": 1758753512774, "arrival_ts": 1758753512774}
{"action": "send", "src": "AU-N105", "dst": "EU-N74", "hlc": {"phys": 1758754228817, "cnt": 0, "node": "AU-N105"}, "package_id": "PKG54202", "payload": {"status": "CREATED"}, "sent_ts": 1758754202767, "arrival_ts": 1758754202767}
{"action": "send", "src": "AU-N105", "dst": "EU-N74", "hlc": {"phys": 1758754229191, "cnt": 0, "node": "AU-N105"}, "package_id": "PKG54202", "payload": {"status": "SENT"}, "sent_ts": 1758754203141, "arrival_ts": 1758754203141}
{"action": "send", "src": "AU-N105", "dst": "EU-N74", "hlc": {"phys": 1758754229436, "cnt": 0, "node": "AU-N105"}, "package_id": "PKG54202", "payload": {"status": "IN_TRANSIT"}, "sent_ts": 1758754203386, "arrival_ts": 1758754203386}
{"action": "send", "src": "AU-N105", "dst": "EU-N74", "hlc": {"phys": 1758754229678, "cnt": 0, "node": "AU-N105"}, "package_id": "PKG54202", "payload": {"status": "RECEIVED"}, "sent_ts": 1758754203628, "arrival_ts": 1758754203628}
{"action": "send", "src": "AU-N105", "dst": "EU-N74", "hlc": {"phys": 1758754229902, "cnt": 0, "node": "AU-N105"}, "package_id": "PKG54202", "payload": {"status": "DELIVERED"}, "sent_ts": 1758754203852, "arrival_ts": 1758754203852}
{"action": "send", "src": "AU-N105", "dst": "AF-N93", "hlc": {"phys": 1758760256061, "cnt": 0, "node": "AU-N105"}, "package_id": "PKG60230", "payload": {"status": "CREATED"}, "sent_ts": 1758760230011, "arrival_ts": 1758760230011}
{"action": "send", "src": "AU-N105", "dst": "AF-N93", "hlc": {"phys": 1758760256468, "cnt": 0, "node": "AU-N105"}, "package_id": "PKG60230", "payload": {"status": "SENT"}, "sent_ts": 1758760230418, "arrival_ts": 1758760230418}
{"action": "send", "src": "AU-N105", "dst": "AF-N93", "hlc": {"phys": 1758760256757, "cnt": 0, "node": "AU-N105"}, "package_id": "PKG60230", "payload": {"status": "IN_TRANSIT"}, "sent_ts": 1758760230707, "arrival_ts": 1758760230707}
{"action": "send", "src": "AU-N105", "dst": "AF-N93", "hlc": {"phys": 1758760257031, "cnt": 0, "node": "AU-N105"}, "package_id": "PKG60230", "payload": {"status": "RECEIVED"}, "sent_ts": 1758760230981, "arrival_ts": 1758760230981}
{"action": "send", "src": "AU-N105", "dst": "AF-N93", "hlc": {"phys": 1758760257271, "cnt": 0, "node": "AU-N105"}, "package_id": "PKG60230", "payload": {"status": "DELIVERED"}, "sent_ts": 1758760231221, "arrival_ts": 1758760231221}
{"action": "recv", "src": "SA-N143", "dst": "AU-N105", "hlc": {"phys": 1758760884857, "cnt": 0, "node": "SA-N143"}, "package_id": "PKG60863", "payload": {"status": "CREATED"}, "sent_ts": 1758760863427, "arrival_ts": 1758760863487}
{"action": "recv", "src": "SA-N143", "dst": "AU-N105", "hlc": {"phys": 1758760885120, "cnt": 0, "node": "SA-N143"}, "package_id": "PKG60863", "payload": {"status": "SENT"}, "sent_ts": 1758760863690, "arrival_ts": 1758760863773}
{"action": "recv", "src": "SA-N143", "dst": "AU-N105", "hlc": {"phys": 1758760885414, "cnt": 0, "node": "SA-N143"}, "package_id": "PKG60863", "payload": {"status": "IN_TRANSIT"}, "sent_ts": 1758760863984, "arrival_ts": 1758760864119}
{"action": "recv", "src": "SA-N143", "dst": "AU-N105", "hlc": {"phys": 1758760885755, "cnt": 0, "node": "SA-N143"}, "package_id": "PKG60863", "payload": {"status": "RECEIVED"}, "sent_ts": 1758760864325, "arrival_ts": 1758760864461}
{"action": "recv", "src": "SA-N143", "dst": "AU-N105", "hlc": {"phys": 1758760886093, "cnt": 0, "node": "SA-N143"}, "package_id": "PKG60863", "payload": {"status": "DELIVERED"}, "sent_ts": 1758760864663, "arrival_ts": 1758760864843}
{"action": "send", "src": "AU-N105", "dst": "NA-N85", "hlc": {"phys": 1758761194202, "cnt": 0, "node": "AU-N105"}, "package_id": "PKG61168", "payload": {"status": "CREATED"}, "sent_ts": 1758761168152, "arrival_ts": 1758761168152}
{"action": "send", "src": "AU-N105", "dst": "NA-N85", "hlc": {"phys": 1758761194509, "cnt": 0, "node": "AU-N105"}, "package_id": "PKG61168", "payload": {"status": "SENT"}, "sent_ts": 1758761168459, "arrival_ts": 1758761168459}
{"action": "send", "src": "AU-N105", "dst": "NA-N85", "hlc": {"phys": 1758761194821, "cnt": 0, "node": "AU-N105"}, "package_id": "PKG61168", "payload": {"status": "IN_TRANSIT"}, "sent_ts": 1758761168771, "arrival_ts": 1758761168771}
{"action": "send", "src": "AU-N105", "dst": "NA-N85", "hlc": {"phys": 1758761195114, "cnt": 0, "node": "AU-N105"}, "package_id": "PKG61168", "payload": {"status": "RECEIVED"}, "sent_ts": 1758761169064, "arrival_ts": 1758761169064}
{"action": "send", "src": "AU-N105", "dst": "NA-N85", "hlc": {"phys": 1758761195479, "cnt": 0, "node": "AU-N105"}, "package_id": "PKG61168", "payload": {"status": "DELIVERED"}, "sent_ts": 1758761169429, "arrival_ts": 1758761169429}
{"action": "send", "src": "AU-N105", "dst": "AU-N83", "hlc": {"phys": 1758761796818, "cnt": 0, "node": "AU-N105"}, "package_id": "PKG61770", "payload": {"status": "CREATED"}, "sent_ts": 1758761770768, "arrival_ts": 1758761770768}
{"action": "send", "src": "AU-N105", "dst": "AU-N83", "hlc": {"phys": 1758761797169, "cnt": 0, "node": "AU-N105"}, "package_id": "PKG61770", "payload": {"status": "SENT"}, "sent_ts": 1758761771119, "arrival_ts": 1758761771119}
{"action": "send", "src": "AU-N105", "dst": "AU-N83", "hlc": {"phys": 1758761797433, "cnt": 0, "node": "AU-N105"}, "package_id": "PKG61770", "payload": {"status": "IN_TRANSIT"}, "sent_ts": 1758761771383, "arrival_ts": 1758761771383}
{"action": "send", "src": "AU-N105", "dst": "AU-N83", "hlc": {"phys": 1758761797786, "cnt": 0, "node": "AU-N105"}, "package_id": "PKG61770", "payload": {"status": "RECEIVED"}, "sent_ts": 1758761771736, "arrival_ts": 1758761771736}
{"action": "send", "src": "AU-N105", "dst": "AU-N83", "hlc": {"phys": 1758761798099, "cnt": 0, "node": "AU-N105"}, "package_id": "PKG61770", "payload": {"status": "DELIVERED"}, "sent_ts": 1758761772049, "arrival_ts": 1758761772049}
{"action": "recv", "src": "AU-N6", "dst": "AU-N105", "hlc": {"phys": 1758764754253, "cnt": 0, "node": "AU-N6"}, "package_id": "PKG64729", "payload": {"status": "CREATED"}, "sent_ts": 1758764729193, "arrival_ts": 1758764729243}
{"action": "recv", "src": "AU-N6", "dst": "AU-N105", "hlc": {"phys": 1758764754512, "cnt": 0, "node": "AU-N6"}, "package_id": "PKG64729", "payload": {"status": "SENT"}, "sent_ts": 1758764729452, "arrival_ts": 1758764729545}
{"action": "recv", "src": "AU-N6", "dst": "AU-N105", "hlc": {"phys": 1758764754823, "cnt": 0, "node": "AU-N6"}, "package_id": "PKG64729", "payload": {"status": "IN_TRANSIT"}, "sent_ts": 1758764729763, "arrival_ts": 1758764729904}
{"action": "recv", "src": "AU-N6", "dst": "AU-N105", "hlc": {"phys": 1758764755182, "cnt": 0, "node": "AU-N6"}, "package_id": "PKG64729", "payload": {"status": "RECEIVED"}, "sent_ts": 1758764730122, "arrival_ts": 1758764730283}
{"action": "recv", "src": "AU-N6", "dst": "AU-N105", "hlc": {"phys": 1758764755557, "cnt": 0, "node": "AU-N6"}, "package_id": "PKG64729", "payload": {"status": "DELIVERED"}, "sent_ts": 1758764730497, "arrival_ts": 1758764730551}
{"action": "recv", "src": "SA-N121", "dst": "AU-N105", "hlc": {"phys": 1758800699321, "cnt": 0, "node": "SA-N121"}, "package_id": "PKG678", "payload": {"status": "CREATED"}, "sent_ts": 1758800678111, "arrival_ts": 1758800678141}
{"action": "recv", "src": "SA-N121", "dst": "AU-N105", "hlc": {"phys": 1758800699554, "cnt": 0, "node": "SA-N121"}, "package_id": "PKG678", "payload": {"status": "SENT"}, "sent_ts": 1758800678344, "arrival_ts": 1758800678438}
{"action": "recv", "src": "SA-N121", "dst": "AU-N105", "hlc": {"phys": 1758800699863, "cnt": 0, "node": "SA-N121"}, "package_id": "PKG678", "payload": {"status": "IN_TRANSIT"}, "sent_ts": 1758800678653, "arrival_ts": 1758800678752}
{"action": "recv", "src": "SA-N121", "dst": "AU-N105", "hlc": {"phys": 1758800700174, "cnt": 0, "node": "SA-N121"}, "package_id": "PKG678", "payload": {"status": "RECEIVED"}, "sent_ts": 1758800678964, "arrival_ts": 1758800679166}
{"action": "recv", "src": "SA-N121", "dst": "AU-N105", "hlc": {"phys": 1758800700581, "cnt": 0, "node": "SA-N121"}, "package_id": "PKG678", "payload": {"status": "DELIVERED"}, "sent_ts": 1758800679371, "arrival_ts": 1758800679417}
{"action": "send", "src": "AU-N105", "dst": "AS-N78", "hlc": {"phys": 1758803293810, "cnt": 0, "node": "AU-N105"}, "package_id": "PKG3267", "payload": {"status": "CREATED"}, "sent_ts": 1758803267760, "arrival_ts": 1758803267760}
{"action": "send", "src": "AU-N105", "dst": "AS-N78", "hlc": {"phys": 1758803294202, "cnt": 0, "node": "AU-N105"}, "package_id": "PKG3267", "payload": {"status": "SENT"}, "sent_ts": 1758803268152, "arrival_ts": 1758803268152}
{"action": "send", "src": "AU-N105", "dst": "AS-N78", "hlc": {"phys": 1758803294508, "cnt": 0, "node": "AU-N105"}, "package_id": "PKG3267", "payload": {"status": "IN_TRANSIT"}, "sent_ts": 1758803268458, "arrival_ts": 1758803268458}
{"action": "send", "src": "AU-N105", "dst": "AS-N78", "hlc": {"phys": 1758803294832, "cnt": 0, "node": "AU-N105"}, "package_id": "PKG3267", "payload": {"status": "RECEIVED"}, "sent_ts": 1758803268782, "arrival_ts": 1758803268782}
{"action": "send", "src": "AU-N105", "dst": "AS-N78", "hlc": {"phys": 1758803295130, "cnt": 0, "node": "AU-N105"}, "package_id": "PKG3267", "payload": {"status": "DELIVERED"}, "sent_ts": 1758803269080, "arrival_ts": 1758803269080}
{"action": "recv", "src": "EU-N30", "dst": "AU-N105", "hlc": {"phys": 1758804140960, "cnt": 0, "node": "EU-N30"}, "package_id": "PKG4135", "payload": {"status": "CREATED"}, "sent_ts": 1758804135660, "arrival_ts": 1758804135789}
{"action": "recv", "src": "EU-N30", "dst": "AU-N105", "hlc": {"phys": 1758804141304, "cnt": 0, "node": "EU-N30"}, "package_id": "PKG4135", "payload": {"status": "SENT"}, "sent_ts": 1758804136004, "arrival_ts": 1758804136058}
{"action": "recv", "src": "EU-N30", "dst": "AU-N105", "hlc": {"phys": 1758804141565, "cnt": 0, "node": "EU-N30"}, "package_id": "PKG4135", "payload": {"status": "IN_TRANSIT"}, "sent_ts": 1758804136265, "arrival_ts": 1758804136351}
{"action": "recv", "src": "EU-N30", "dst": "AU-N105", "hlc": {"phys": 1758804141857, "cnt": 0, "node": "EU-N30"}, "package_id": "PKG4135", "payload": {"status": "RECEIVED"}, "sent_ts": 1758804136557, "arrival_ts": 1758804136667}
{"action": "recv", "src": "EU-N30", "dst": "AU-N105", "hlc": {"phys": 1758804142165, "cnt": 0, "node": "EU-N30"}, "package_id": "PKG4135", "payload": {"status": "DELIVERED"}, "sent_ts": 1758804136865, "arrival_ts": 1758804136953}
{"action": "send", "src": "AU-N105", "dst": "NA-N95", "hlc": {"phys": 1758805648675, "cnt": 0, "node": "AU-N105"}, "package_id": "PKG5622", "payload": {"status": "CREATED"}, "sent_ts": 1758805622625, "arrival_ts": 1758805622625}
{"action": "send", "src": "AU-N105", "dst": "NA-N95", "hlc": {"phys": 1758805648970, "cnt": 0, "node": "AU-N105"}, "package_id": "PKG5622", "payload": {"status": "SENT"}, "sent_ts": 1758805622920, "arrival_ts": 1758805622920}
{"action": "send", "src": "AU-N105", "dst": "NA-N95", "hlc": {"phys": 1758805649340, "cnt": 0, "node": "AU-N105"}, "package_id": "PKG5622", "payload": {"status": "IN_TRANSIT"}, "sent_ts": 1758805623290, "arrival_ts": 1758805623290}
{"action": "send", "src": "AU-N105", "dst": "NA-N95", "hlc": {"phys": 1758805649653, "cnt": 0, "node": "AU-N105"}, "package_id": "PKG5622", "payload": {"status": "RECEIVED"}, "sent_ts": 1758805623603, "arrival_ts": 1758805623603}
{"action": "send", "src": "AU-N105", "dst": "NA-N95", "hlc": {"phys": 1758805650054, "cnt": 0, "node": "AU-N105"}, "package_id": "PKG5622", "payload": {"status": "DELIVERED"}, "sent_ts": 1758805624004, "arrival_ts": 1758805624004}
{"action": "recv", "src": "NA-N146", "dst": "AU-N105", "hlc": {"phys": 1758809667164, "cnt": 0, "node": "NA-N146"}, "package_id": "PKG9665", "payload": {"status": "CREATED"}, "sent_ts": 1758809665704, "arrival_ts": 1758809665885}
{"action": "recv", "src": "NA-N146", "dst": "AU-N105", "hlc": {"phys": 1758809667551, "cnt": 0, "node": "NA-N146"}, "package_id": "PKG9665", "payload": {"status": "SENT"}, "sent_ts": 1758809666091, "arrival_ts": 1758809666152}
{"action": "recv", "src": "NA-N146", "dst": "AU-N105", "hlc": {"phys": 1758809667815, "cnt": 0, "node": "NA-N146"}, "package_id": "PKG9665", "payload": {"status": "IN_TRANSIT"}, "sent_ts": 1758809666355, "arrival_ts": 1758809666376}
{"action": "recv", "src": "NA-N146", "dst": "AU-N105", "hlc": {"phys": 1758809668047, "cnt": 0, "node": "NA-N146"}, "package_id": "PKG9665", "payload": {"status": "RECEIVED"}, "sent_ts": 1758809666587, "arrival_ts": 1758809666711}
{"action": "recv", "src": "NA-N146", "dst": "AU-N105", "hlc": {"phys": 1758809668902, "cnt": 0, "node": "NA-N146"}, "package_id": "PKG9665", "payload": {"status": "DELIVERED"}, "sent_ts": 1758809667442, "arrival_ts": 1758809667615}
{"action": "recv", "src": "NA-N94", "dst": "AU-N105", "hlc": {"phys": 1758810530682, "cnt": 0, "node": "NA-N94"}, "package_id": "PKG10529", "payload": {"status": "CREATED"}, "sent_ts": 1758810529742, "arrival_ts": 1758810529913}
{"action": "recv", "src": "NA-N94", "dst": "AU-N105", "hlc": {"phys": 1758810531054, "cnt": 0, "node": "NA-N94"}, "package_id": "PKG10529", "payload": {"status": "SENT"}, "sent_ts": 1758810530114, "arrival_ts": 1758810530203}
{"action": "recv", "src": "NA-N94", "dst": "AU-N105", "hlc": {"phys": 1758810531352, "cnt": 0, "node": "NA-N94"}, "package_id": "PKG10529", "payload": {"status": "IN_TRANSIT"}, "sent_ts": 1758810530412, "arrival_ts": 1758810530572}
{"action": "recv", "src": "NA-N94", "dst": "AU-N105", "hlc": {"phys": 1758810531709, "cnt": 0, "node": "NA-N94"}, "package_id": "PKG10529", "payload": {"status": "RECEIVED"}, "sent_ts": 1758810530769, "arrival_ts": 1758810530890}
{"action": "recv", "src": "NA-N94", "dst": "AU-N105", "hlc": {"phys": 1758810532020, "cnt": 0, "node": "NA-N94"}, "package_id": "PKG10529", "payload": {"status": "DELIVERED"}, "sent_ts": 1758810531080, "arrival_ts": 1758810531214}
{"action": "recv", "src": "AN-N57", "dst": "AU-N105", "hlc": {"phys": 1758814441200, "cnt": 0, "node": "AN-N57"}, "package_id": "PKG14410", "payload": {"status": "CREATED"}, "sent_ts": 1758814410630, "arrival_ts": 1758814410752}
{"action": "recv", "src": "AN-N57", "dst": "AU-N105", "hlc": {"phys": 1758814441527, "cnt": 0, "node": "AN-N57"}, "package_id": "PKG14410", "payload": {"status": "SENT"}, "sent_ts": 1758814410957, "arrival_ts": 1758814411068}
{"action": "recv", "src": "AN-N57", "dst": "AU-N105", "hlc": {"phys": 1758814441838, "cnt": 0, "node": "AN-N57"}, "package_id": "PKG14410", "payload": {"status": "IN_TRANSIT"}, "sent_ts": 1758814411268, "arrival_ts": 1758814411409}
{"action": "recv", "src": "AN-N57", "dst": "AU-N105", "hlc": {"phys": 1758814442179, "cnt": 0, "node": "AN-N57"}, "package_id": "PKG14410", "payload": {"status": "RECEIVED"}, "sent_ts": 1758814411609, "arrival_ts": 1758814411777}
{"action": "recv", "src": "AN-N57", "dst": "AU-N105", "hlc": {"phys": 1758814442551, "cnt": 0, "node": "AN-N57"}, "package_id": "PKG14410", "payload": {"status": "DELIVERED"}, "sent_ts": 1758814411981, "arrival_ts": 1758814412128}
