{"action": "send", "src": "AU-N19", "dst": "AS-N7", "hlc": {"phys": 1758713589741, "cnt": 0, "node": "AU-N19"}, "package_id": "PKG13564", "payload": {"status": "CREATED"}, "sent_ts": 1758713564551, "arrival_ts": 1758713564551}
{"action": "send", "src": "AU-N19", "dst": "AS-N7", "hlc": {"phys": 1758713590121, "cnt": 0, "node": "AU-N19"}, "package_id": "PKG13564", "payload": {"status": "SENT"}, "sent_ts": 1758713564931, "arrival_ts": 1758713564931}
{"action": "send", "src": "AU-N19", "dst": "AS-N7", "hlc": {"phys": 1758713590484, "cnt": 0, "node": "AU-N19"}, "package_id": "PKG13564", "payload": {"status": "IN_TRANSIT"}, "sent_ts": 1758713565294, "arrival_ts": 1758713565294}
{"action": "send", "src": "AU-N19", "dst": "AS-N7", "hlc": {"phys": 1758713590891, "cnt": 0, "node": "AU-N19"}, "package_id": "PKG13564", "payload": {"status": "RECEIVED"}, "sent_ts": 1758713565701, "arrival_ts": 1758713565701}
{"action": "send", "src": "AU-N19", "dst": "AS-N7", "hlc": {"phys": 1758713591219, "cnt": 0, "node": "AU-N19"}, "package_id": "PKG13564", "payload": {"status": "DELIVERED"}, "sent_ts": 1758713566029, "arrival_ts": 1758713566029}
{"action": "recv", "src": "EU-N177", "dst": "AU-N19", "hlc": {"phys": 1758717395648, "cnt": 0, "node": "EU-N177"}, "package_id": "PKG17388", "payload": {"status": "CREATED"}, "sent_ts": 1758717388878, "arrival_ts": 1758717389032}
{"action": "recv", "src": "EU-N177", "dst": "AU-N19", "hlc": {"phys": 1758717396011, "cnt": 0, "node": "EU-N177"}, "package_id": "PKG17388", "payload": {"status": "SENT"}, "sent_ts": 1758717389241, "arrival_ts": 1758717389433}
{"action": "recv", "src": "EU-N177", "dst": "AU-N19", "hlc": {"phys": 1758717396411, "cnt": 0, "node": "EU-N177"}, "package_id": "PKG17388", "payload": {"status": "IN_TRANSIT"}, "sent_ts": 1758717389641, "arrival_ts": 1758717389823}
{"action": "recv", "src": "EU-N177", "dst": "AU-N19", "hlc": {"phys": 1758717396794, "cnt": 0, "node": "EU-N177"}, "package_id": "PKG17388", "payload": {"status": "RECEIVED"}, "sent_ts": 1758717390024, "arrival_ts": 1758717390141}
{"action": "recv", "src": "EU-N177", "dst": "AU-N19", "hlc": {"phys": 1758717397127, "cnt": 0, "node": "EU-N177"}, "package_id": "PKG17388", "payload": {"status": "DELIVERED"}, "sent_ts": 1758717390357, "arrival_ts": 1758717390482}
{"action": "recv", "src": "AS-N61", "dst": "AU-N19", "hlc": {"phys": 1758717900831, "cnt": 0, "node": "AS-N61"}, "package_id": "PKG17890", "payload": {"status": "CREATED"}, "sent_ts": 1758717890221, "arrival_ts": 1758717890248}
{"action": "recv", "src": "AS-N61", "dst": "AU-N19", "hlc": {"phys": 1758717901037, "cnt": 0, "node": "AS-N61"}, "package_id": "PKG17890", "payload": {"status": "SENT"}, "sent_ts": 1758717890427, "arrival_ts": 1758717890603}
{"action": "recv", "src": "AS-N61", "dst": "AU-N19", "hlc": {"phys": 1758717901411, "cnt": 0, "node": "AS-N61"}, "package_id": "PKG17890", "payload": {"status": "IN_TRANSIT"}, "sent_ts": 1758717890801, "arrival_ts": 1758717890899}
{"action": "recv", "src": "AS-N61", "dst": "AU-N19", "hlc": {"phys": 1758717901715, "cnt": 0, "node": "AS-N61"}, "package_id": "PKG17890", "payload": {"status": "RECEIVED"}, "sent_ts": 1758717891105, "arrival_ts": 1758717891220}
{"action": "recv", "src": "AS-N61", "dst": "AU-N19", "hlc": {"phys": 1758717902038, "cnt": 0, "node": "AS-N61"}, "package_id": "PKG17890", "payload": {"status": "DELIVERED"}, "sent_ts": 1758717891428, "arrival_ts": 1758717891533}
{"action": "recv", "src": "AN-N162", "dst": "AU-N19", "hlc": {"phys": 1758724106852, "cnt": 0, "node": "AN-N162"}, "package_id": "PKG24075", "payload": {"status": "CREATED"}, "sent_ts": 1758724075232, "arrival_ts": 1758724075350}
{"action": "recv", "src": "AN-N162", "dst": "AU-N19", "hlc": {"phys": 1758724107221, "cnt": 0, "node": "AN-N162"}, "package_id": "PKG24075", "payload": {"status": "SENT"}, "sent_ts": 1758724075601, "arrival_ts": 1758724075787}
{"action": "recv", "src": "AN-N162", "dst": "AU-N19", "hlc": {"phys": 1758724107624, "cnt": 0, "node": "AN-N162"}, "package_id": "PKG24075", "payload": {"status": "IN_TRANSIT"}, "sent_ts": 1758724076004, "arrival_ts": 1758724076171}
{"action": "recv", "src": "AN-N162", "dst": "AU-N19", "hlc": {"phys": 1758724107997, "cnt": 0, "node": "AN-N162"}, "package_id": "PKG24075", "payload": {"status": "RECEIVED"}, "sent_ts": 1758724076377, "arrival_ts": 1758724076563}
{"action": "recv", "src": "AN-N162", "dst": "AU-N19", "hlc": {"phys": 1758724108390, "cnt": 0, "node": "AN-N162"}, "package_id": "PKG24075", "payload": {"status": "DELIVERED"}, "sent_ts": 1758724076770, "arrival_ts": 1758724076790}
{"action": "recv", "src": "AN-N199", "dst": "AU-N19", "hlc": {"phys": 1758740260048, "cnt": 0, "node": "AN-N199"}, "package_id": "PKG40228", "payload": {"status": "CREATED"}, "sent_ts": 1758740228058, "arrival_ts": 1758740228206}
{"action": "recv", "src": "AN-N199", "dst": "AU-N19", "hlc": {"phys": 1758740260408, "cnt": 0, "node": "AN-N199"}, "package_id": "PKG40228", "payload": {"status": "SENT"}, "sent_ts": 1758740228418, "arrival_ts": 1758740228454}
{"action": "recv", "src": "AN-N199", "dst": "AU-N19", "hlc": {"phys": 1758740260657, "cnt": 0, "node": "AN-N199"}, "package_id": "PKG40228", "payload": {"status": "IN_TRANSIT"}, "sent_ts": 1758740228667, "arrival_ts": 1758740228792}
{"action": "recv", "src": "AN-N199", "dst": "AU-N19", "hlc": {"phys": 1758740260985, "cnt": 0, "node": "AN-N199"}, "package_id": "PKG40228", "payload": {"status": "RECEIVED"}, "sent_ts": 1758740228995, "arrival_ts": 1758740229154}
{"action": "recv", "src": "AN-N199", "dst": "AU-N19", "hlc": {"phys": 1758740261359, "cnt": 0, "node": "AN-N199"}, "package_id": "PKG40228", "payload": {"status": "DELIVERED"}, "sent_ts": 1758740229369, "arrival_ts": 1758740229535}
{"action": "send", "src": "AU-N19", "dst": "AF-N190", "hlc": {"phys": 1758740463845, "cnt": 0, "node": "AU-N19"}, "package_id": "PKG40438", "payload": {"status": "CREATED"}, "sent_ts": 1758740438655, "arrival_ts": 1758740438655}
{"action": "send", "src": "AU-N19", "dst": "AF-N190", "hlc": {"phys": 1758740464141, "cnt": 0, "node": "AU-N19"}, "package_id": "PKG40438", "payload": {"status": "SENT"}, "sent_ts": 1758740438951, "arrival_ts": 1758740438951}
{"action": "send", "src": "AU-N19", "dst": "AF-N190", "hlc": {"phys": 1758740464547, "cnt": 0, "node": "AU-N19"}, "package_id": "PKG40438", "payload": {"status": "IN_TRANSIT"}, "sent_ts": 1758740439357, "arrival_ts": 1758740439357}
{"action": "send", "src": "AU-N19", "dst": "AF-N190", "hlc": {"phys": 1758740464803, "cnt": 0, "node": "AU-N19"}, "package_id": "PKG40438", "payload": {"status": "RECEIVED"}, "sent_ts": 1758740439613, "arrival_ts": 1758740439613}
{"action": "send", "src": "AU-N19", "dst": "AF-N190", "hlc": {"phys": 1758740465027, "cnt": 0, "node": "AU-N19"}, "package_id": "PKG40438", "payload": {"status": "DELIVERED"}, "sent_ts": 1758740439837, "arrival_ts": 1758740439837}
{"action": "send", "src": "AU-N19", "dst": "NA-N45", "hlc": {"phys": 1758743976028, "cnt": 0, "node": "AU-N19"}, "package_id": "PKG43950", "payload": {"status": "CREATED"}, "sent_ts": 1758743950838, "arrival_ts": 1758743950838}
{"action": "send", "src": "AU-N19", "dst": "NA-N45", "hlc": {"phys": 1758743976257, "cnt": 0, "node": "AU-N19"}, "package_id": "PKG43950", "payload": {"status": "SENT"}, "sent_ts": 1758743951067, "arrival_ts": 1758743951067}
{"action": "send", "src": "AU-N19", "dst": "NA-N45", "hlc": {"phys": 1758743976605, "cnt": 0, "node": "AU-N19"}, "package_id": "PKG43950", "payload": {"status": "IN_TRANSIT"}, "sent_ts": 1758743951415, "arrival_ts": 1758743951415}
{"action": "send", "src": "AU-N19", "dst": "NA-N45", "hlc": {"phys": 1758743976870, "cnt": 0, "node": "AU-N19"}, "package_id": "PKG43950", "payload": {"status": "RECEIVED"}, "sent_ts": 1758743951680, "arrival_ts": 1758743951681}
{"action": "send", "src": "AU-N19", "dst": "NA-N45", "hlc": {"phys": 1758743977101, "cnt": 0, "node": "AU-N19"}, "package_id": "PKG43950", "payload": {"status": "DELIVERED"}, "sent_ts": 1758743951911, "arrival_ts": 1758743951911}
{"action": "recv", "src": "AN-N52", "dst": "AU-N19", "hlc": {"phys": 1758748795432, "cnt": 0, "node": "AN-N52"}, "package_id": "PKG48764", "payload": {"status": "CREATED"}, "sent_ts": 1758748764912, "arrival_ts": 1758748764974}
{"action": "recv", "src": "AN-N52", "dst": "AU-N19", "hlc": {"phys": 1758748795704, "cnt": 0, "node": "AN-N52"}, "package_id": "PKG48764", "payload": {"status": "SENT"}, "sent_ts": 1758748765184, "arrival_ts": 1758748765246}
{"action": "recv", "src": "AN-N52", "dst": "AU-N19", "hlc": {"phys": 1758748795971, "cnt": 0, "node": "AN-N52"}, "package_id": "PKG48764", "payload": {"status": "IN_TRANSIT"}, "sent_ts": 1758748765451, "arrival_ts": 1758748765472}
{"action": "recv", "src": "AN-N52", "dst": "AU-N19", "hlc": {"phys": 1758748796196, "cnt": 0, "node": "AN-N52"}, "package_id": "PKG48764", "payload": {"status": "RECEIVED"}, "sent_ts": 1758748765676, "arrival_ts": 1758748765781}
{"action": "recv", "src": "AN-N52", "dst": "AU-N19", "hlc": {"phys": 1758748796512, "cnt": 0, "node": "AN-N52"}, "package_id": "PKG48764", "payload": {"status": "DELIVERED"}, "sent_ts": 1758748765992, "arrival_ts": 1758748766095}
{"action": "recv", "src": "AS-N69", "dst": "AU-N19", "hlc": {"phys": 1758752593151, "cnt": 0, "node": "AS-N69"}, "package_id": "PKG52582", "payload": {"status": "CREATED"}, "sent_ts": 1758752582461, "arrival_ts": 1758752582630}
{"action": "recv", "src": "AS-N69", "dst": "AU-N19", "hlc": {"phys": 1758752593522, "cnt": 0, "node": "AS-N69"}, "package_id": "PKG52582", "payload": {"status": "SENT"}, "sent_ts": 1758752582832, "arrival_ts": 1758752582983}
{"action": "recv", "src": "AS-N69", "dst": "AU-N19", "hlc": {"phys": 1758752593877, "cnt": 0, "node": "AS-N69"}, "package_id": "PKG52582", "payload": {"status": "IN_TRANSIT"}, "sent_ts": 1758752583187, "arrival_ts": 1758752583384}
{"action": "recv", "src": "AS-N69", "dst": "AU-N19", "hlc": {"phys": 1758752594283, "cnt": 0, "node": "AS-N69"}, "package_id": "PKG52582", "payload": {"status": "RECEIVED"}, "sent_ts": 1758752583593, "arrival_ts": 1758752583787}
{"action": "recv", "src": "AS-N69", "dst": "AU-N19", "hlc": {"phys": 1758752594679, "cnt": 0, "node": "AS-N69"}, "package_id": "PKG52582", "payload": {"status": "DELIVERED"}, "sent_ts": 1758752583989, "arrival_ts": 1758752584103}
{"action": "recv", "src": "AF-N6", "dst": "AU-N19", "hlc": {"phys": 1758753087909, "cnt": 0, "node": "AF-N6"}, "package_id": "PKG53072", "payload": {"status": "CREATED"}, "sent_ts": 1758753072849, "arrival_ts": 1758753073037}
{"action": "recv", "src": "AF-N6", "dst": "AU-N19", "hlc": {"phys": 1758753088305, "cnt": 0, "node": "AF-N6"}, "package_id": "PKG53072", "payload": {"status": "SENT"}, "sent_ts": 1758753073245, "arrival_ts": 1758753073291}
{"action": "recv", "src": "AF-N6", "dst": "AU-N19", "hlc": {"phys": 1758753088556, "cnt": 0, "node": "AF-N6"}, "package_id": "PKG53072", "payload": {"status": "IN_TRANSIT"}, "sent_ts": 1758753073496, "arrival_ts": 1758753073657}
{"action": "recv", "src": "AF-N6", "dst": "AU-N19", "hlc": {"phys": 1758753088920, "cnt": 0, "node": "AF-N6"}, "package_id": "PKG53072", "payload": {"status": "RECEIVED"}, "sent_ts": 1758753073860, "arrival_ts": 1758753073931}
{"action": "recv", "src": "AF-N6", "dst": "AU-N19", "hlc": {"phys": 1758753089199, "cnt": 0, "node": "AF-N6"}, "package_id": "PKG53072", "payload": {"status": "DELIVERED"}, "sent_ts": 1758753074139, "arrival_ts": 1758753074223}
{"action": "send", "src": "AU-N19", "dst": "AF-N140", "hlc": {"phys": 1758754660469, "cnt": 0, "node": "AU-N19"}, "package_id": "PKG54635", "payload": {"status": "CREATED"}, "sent_ts": 1758754635279, "arrival_ts": 1758754635279}
{"action": "send", "src": "AU-N19", "dst": "AF-N140", "hlc": {"phys": 1758754660768, "cnt": 0, "node": "AU-N19"}, "package_id": "PKG54635", "payload": {"status": "SENT"}, "sent_ts": 1758754635578, "arrival_ts": 1758754635578}
{"action": "send", "src": "AU-N19", "dst": "AF-N140", "hlc": {"phys": 1758754661169, "cnt": 0, "node": "AU-N19"}, "package_id": "PKG54635", "payload": {"status": "IN_TRANSIT"}, "sent_ts": 1758754635979, "arrival_ts": 1758754635979}
{"action": "send", "src": "AU-N19", "dst": "AF-N140", "hlc": {"phys": 1758754661508, "cnt": 0, "node": "AU-N19"}, "package_id": "PKG54635", "payload": {"status": "RECEIVED"}, "sent_ts": 1758754636318, "arrival_ts": 1758754636318}
{"action": "send", "src": "AU-N19", "dst": "AF-N140", "hlc": {"phys": 1758754661736, "cnt": 0, "node": "AU-N19"}, "package_id": "PKG54635", "payload": {"status": "DELIVERED"}, "sent_ts": 1758754636546, "arrival_ts": 1758754636546}
{"action": "recv", "src": "SA-N154", "dst": "AU-N19", "hlc": {"phys": 1758754713421, "cnt": 0, "node": "SA-N154"}, "package_id": "PKG54691", "payload": {"status": "CREATED"}, "sent_ts": 1758754691881, "arrival_ts": 1758754692020}
{"action": "recv", "src": "SA-N154", "dst": "AU-N19", "hlc": {"phys": 1758754713768, "cnt": 0, "node": "SA-N154"}, "package_id": "PKG54691", "payload": {"status": "SENT"}, "sent_ts": 1758754692228, "arrival_ts": 1758754692333}
{"action": "recv", "src": "SA-N154", "dst": "AU-N19", "hlc": {"phys": 1758754714083, "cnt": 0, "node": "SA-N154"}, "package_id": "PKG54691", "payload": {"status": "IN_TRANSIT"}, "sent_ts": 1758754692543, "arrival_ts": 1758754692605}
{"action": "recv", "src": "SA-N154", "dst": "AU-N19", "hlc": {"phys": 1758754714371, "cnt": 0, "node": "SA-N154"}, "package_id": "PKG54691", "payload": {"status": "RECEIVED"}, "sent_ts": 1758754692831, "arrival_ts": 1758754692950}
{"action": "recv", "src": "SA-N154", "dst": "AU-N19", "hlc": {"phys": 1758754714708, "cnt": 0, "node": "SA-N154"}, "package_id": "PKG54691", "payload": {"status": "DELIVERED"}, "sent_ts": 1758754693168, "arrival_ts": 1758754693241}
{"action": "send", "src": "AU-N19", "dst": "SA-N147", "hlc": {"phys": 1758757884049, "cnt": 0, "node": "AU-N19"}, "package_id": "PKG57858", "payload": {"status": "CREATED"}, "sent_ts": 1758757858859, "arrival_ts": 1758757858860}
{"action": "send", "src": "AU-N19", "dst": "SA-N147", "hlc": {"phys": 1758757884443, "cnt": 0, "node": "AU-N19"}, "package_id": "PKG57858", "payload": {"status": "SENT"}, "sent_ts": 1758757859253, "arrival_ts": 1758757859253}
{"action": "send", "src": "AU-N19", "dst": "SA-N147", "hlc": {"phys": 1758757884756, "cnt": 0, "node": "AU-N19"}, "package_id": "PKG57858", "payload": {"status": "IN_TRANSIT"}, "sent_ts": 1758757859566, "arrival_ts": 1758757859566}
{"action": "send", "src": "AU-N19", "dst": "SA-N147", "hlc": {"phys": 1758757885141, "cnt": 0, "node": "AU-N19"}, "package_id": "PKG57858", "payload": {"status": "RECEIVED"}, "sent_ts": 1758757859951, "arrival_ts": 1758757859951}
{"action": "send", "src": "AU-N19", "dst": "SA-N147", "hlc": {"phys": 1758757885494, "cnt": 0, "node": "AU-N19"}, "package_id": "PKG57858", "payload": {"status": "DELIVERED"}, "sent_ts": 1758757860304, "arrival_ts": 1758757860304}
{"action": "send", "src": "AU-N19", "dst": "AN-N167", "hlc": {"phys": 1758758113896, "cnt": 0, "node": "AU-N19"}, "package_id": "PKG58088", "payload": {"status": "CREATED"}, "sent_ts": 1758758088706, "arrival_ts": 1758758088706}
{"action": "send", "src": "AU-N19", "dst": "AN-N167", "hlc": {"phys": 1758758114167, "cnt": 0, "node": "AU-N19"}, "package_id": "PKG58088", "payload": {"status": "SENT"}, "sent_ts": 1758758088977, "arrival_ts": 1758758088977}
{"action": "send", "src": "AU-N19", "dst": "AN-N167", "hlc": {"phys": 1758758114406, "cnt": 0, "node": "AU-N19"}, "package_id": "PKG58088", "payload": {"status": "IN_TRANSIT"}, "sent_ts": 1758758089216, "arrival_ts": 1758758089216}
{"action": "send", "src": "AU-N19", "dst": "AN-N167", "hlc": {"phys": 1758758114741, "cnt": 0, "node": "AU-N19"}, "package_id": "PKG58088", "payload": {"status": "RECEIVED"}, "sent_ts": 1758758089551, "arrival_ts": 1758758089551}
{"action": "send", "src": "AU-N19", "dst": "AN-N167", "hlc": {"phys": 1758758115010, "cnt": 0, "node": "AU-N19"}, "package_id": "PKG58088", "payload": {"status": "DELIVERED"}, "sent_ts": 1758758089820, "arrival_ts": 1758758089820}
{"action": "send", "src": "AU-N19", "dst": "NA-N176", "hlc": {"phys": 1758760883634, "cnt": 0, "node": "AU-N19"}, "package_id": "PKG60858", "payload": {"status": "CREATED"}, "sent_ts": 1758760858444, "arrival_ts": 1758760858444}
{"action": "send", "src": "AU-N19", "dst": "NA-N176", "hlc": {"phys": 1758760883989, "cnt": 0, "node": "AU-N19"}, "package_id": "PKG60858", "payload": {"status": "SENT"}, "sent_ts": 1758760858799, "arrival_ts": 1758760858799}
{"action": "send", "src": "AU-N19", "dst": "NA-N176", "hlc": {"phys": 1758760884262, "cnt": 0, "node": "AU-N19"}, "package_id": "PKG60858", "payload": {"status": "IN_TRANSIT"}, "sent_ts": 1758760859072, "arrival_ts": 1758760859072}
{"action": "send", "src": "AU-N19", "dst": "NA-N176", "hlc": {"phys": 1758760884516, "cnt": 0, "node": "AU-N19"}, "package_id": "PKG60858", "payload": {"status": "RECEIVED"}, "sent_ts": 1758760859326, "arrival_ts": 1758760859326}
{"action": "send", "src": "AU-N19", "dst": "NA-N176", "hlc": {"phys": 1758760884783, "cnt": 0, "node": "AU-N19"}, "package_id": "PKG60858", "payload": {"status": "DELIVERED"}, "sent_ts": 1758760859593, "arrival_ts": 1758760859593}
{"action": "recv", "src": "SA-N13", "dst": "AU-N19", "hlc": {"phys": 1758761587639, "cnt": 0, "node": "SA-N13"}, "package_id": "PKG61567", "payload": {"status": "CREATED"}, "sent_ts": 1758761567509, "arrival_ts": 1758761567616}
{"action": "recv", "src": "SA-N13", "dst": "AU-N19", "hlc": {"phys": 1758761587948, "cnt": 0, "node": "SA-N13"}, "package_id": "PKG61567", "payload": {"status": "SENT"}, "sent_ts": 1758761567818, "arrival_ts": 1758761568005}
{"action": "recv", "src": "SA-N13", "dst": "AU-N19", "hlc": {"phys": 1758761588348, "cnt": 0, "node": "SA-N13"}, "package_id": "PKG61567", "payload": {"status": "IN_TRANSIT"}, "sent_ts": 1758761568218, "arrival_ts": 1758761568322}
{"action": "recv", "src": "SA-N13", "dst": "AU-N19", "hlc": {"phys": 1758761588653, "cnt": 0, "node": "SA-N13"}, "package_id": "PKG61567", "payload": {"status": "RECEIVED"}, "sent_ts": 1758761568523, "arrival_ts": 1758761568538}
{"action": "recv", "src": "SA-N13", "dst": "AU-N19", "hlc": {"phys": 1758761588875, "cnt": 0, "node": "SA-N13"}, "package_id": "PKG61567", "payload": {"status": "DELIVERED"}, "sent_ts": 1758761568745, "arrival_ts": 1758761568923}
{"action": "recv", "src": "AU-N33", "dst": "AU-N19", "hlc": {"phys": 1758761965265, "cnt": 0, "node": "AU-N33"}, "package_id": "PKG61939", "payload": {"status": "CREATED"}, "sent_ts": 1758761939935, "arrival_ts": 1758761939989}
{"action": "recv", "src": "AU-N33", "dst": "AU-N19", "hlc": {"phys": 1758761965529, "cnt": 0, "node": "AU-N33"}, "package_id": "PKG61939", "payload": {"status": "SENT"}, "sent_ts": 1758761940199, "arrival_ts": 1758761940311}
{"action": "recv", "src": "AU-N33", "dst": "AU-N19", "hlc": {"phys": 1758761965852, "cnt": 0, "node": "AU-N33"}, "package_id": "PKG61939", "payload": {"status": "IN_TRANSIT"}, "sent_ts": 1758761940522, "arrival_ts": 1758761940702}
{"action": "recv", "src": "AU-N33", "dst": "AU-N19", "hlc": {"phys": 1758761966241, "cnt": 0, "node": "AU-N33"}, "package_id": "PKG61939", "payload": {"status": "RECEIVED"}, "sent_ts": 1758761940911, "arrival_ts": 1758761941005}
{"action": "recv", "src": "AU-N33", "dst": "AU-N19", "hlc": {"phys": 1758761966537, "cnt": 0, "node": "AU-N33"}, "package_id": "PKG61939", "payload": {"status": "DELIVERED"}, "sent_ts": 1758761941207, "arrival_ts": 1758761941312}
{"action": "send", "src": "AU-N19", "dst": "SA-N62", "hlc": {"phys": 1758762230853, "cnt": 0, "node": "AU-N19"}, "package_id": "PKG62205", "payload": {"status": "CREATED"}, "sent_ts": 1758762205663, "arrival_ts": 1758762205663}
{"action": "send", "src": "AU-N19", "dst": "SA-N62", "hlc": {"phys": 1758762231155, "cnt": 0, "node": "AU-N19"}, "package_id": "PKG62205", "payload": {"status": "SENT"}, "sent_ts": 1758762205965, "arrival_ts": 1758762205965}
{"action": "send", "src": "AU-N19", "dst": "SA-N62", "hlc": {"phys": 1758762231427, "cnt": 0, "node": "AU-N19"}, "package_id": "PKG62205", "payload": {"status": "IN_TRANSIT"}, "sent_ts": 1758762206237, "arrival_ts": 1758762206237}
{"action": "send", "src": "AU-N19", "dst": "SA-N62", "hlc": {"phys": 1758762231795, "cnt": 0, "node": "AU-N19"}, "package_id": "PKG62205", "payload": {"status": "RECEIVED"}, "sent_ts": 1758762206605, "arrival_ts": 1758762206605}
{"action": "send", "src": "AU-N19", "dst": "SA-N62", "hlc": {"phys": 1758762232071, "cnt": 0, "node": "AU-N19"}, "package_id": "PKG62205", "payload": {"status": "DELIVERED"}, "sent_ts": 1758762206881, "arrival_ts": 1758762206881}
{"action": "send", "src": "AU-N19", "dst": "AF-N195", "hlc": {"phys": 1758764660166, "cnt": 0, "node": "AU-N19"}, "package_id": "PKG64634", "payload": {"status": "CREATED"}, "sent_ts": 1758764634976, "arrival_ts": 1758764634976}
{"action": "send", "src": "AU-N19", "dst": "AF-N195", "hlc": {"phys": 1758764660462, "cnt": 0, "node": "AU-N19"}, "package_id": "PKG64634", "payload": {"status": "SENT"}, "sent_ts": 1758764635272, "arrival_ts": 1758764635272}
{"action": "send", "src": "AU-N19", "dst": "AF-N195", "hlc": {"phys": 1758764660822, "cnt": 0, "node": "AU-N19"}, "package_id": "PKG64634", "payload": {"status": "IN_TRANSIT"}, "sent_ts": 1758764635632, "arrival_ts": 1758764635632}
{"action": "send", "src": "AU-N19", "dst": "AF-N195", "hlc": {"phys": 1758764661199, "cnt": 0, "node": "AU-N19"}, "package_id": "PKG64634", "payload": {"status": "RECEIVED"}, "sent_ts": 1758764636009, "arrival_ts": 1758764636009}
{"action": "send", "src": "AU-N19", "dst": "AF-N195", "hlc": {"phys": 1758764661548, "cnt": 0, "node": "AU-N19"}, "package_id": "PKG64634", "payload": {"status": "DELIVERED"}, "sent_ts": 1758764636358, "arrival_ts": 1758764636358}
{"action": "send", "src": "AU-N19", "dst": "SA-N155", "hlc": {"phys": 1758764979031, "cnt": 0, "node": "AU-N19"}, "package_id": "PKG64953", "payload": {"status": "CREATED"}, "sent_ts": 1758764953841, "arrival_ts": 1758764953841}
{"action": "send", "src": "AU-N19", "dst": "SA-N155", "hlc": {"phys": 1758764979311, "cnt": 0, "node": "AU-N19"}, "package_id": "PKG64953", "payload": {"status": "SENT"}, "sent_ts": 1758764954121, "arrival_ts": 1758764954121}
{"action": "send", "src": "AU-N19", "dst": "SA-N155", "hlc": {"phys": 1758764979651, "cnt": 0, "node": "AU-N19"}, "package_id": "PKG64953", "payload": {"status": "IN_TRANSIT"}, "sent_ts": 1758764954461, "arrival_ts": 1758764954461}
{"action": "send", "src": "AU-N19", "dst": "SA-N155", "hlc": {"phys": 1758764979900, "cnt": 0, "node": "AU-N19"}, "package_id": "PKG64953", "payload": {"status": "RECEIVED"}, "sent_ts": 1758764954710, "arrival_ts": 1758764954710}
{"action": "send", "src": "AU-N19", "dst": "SA-N155", "hlc": {"phys": 1758764980274, "cnt": 0, "node": "AU-N19"}, "package_id": "PKG64953", "payload": {"status": "DELIVERED"}, "sent_ts": 1758764955084, "arrival_ts": 1758764955084}
{"action": "send", "src": "AU-N19", "dst": "AN-N171", "hlc": {"phys": 1758800261684, "cnt": 0, "node": "AU-N19"}, "package_id": "PKG236", "payload": {"status": "CREATED"}, "sent_ts": 1758800236494, "arrival_ts": 1758800236494}
{"action": "send", "src": "AU-N19", "dst": "AN-N171", "hlc": {"phys": 1758800261919, "cnt": 0, "node": "AU-N19"}, "package_id": "PKG236", "payload": {"status": "SENT"}, "sent_ts": 1758800236729, "arrival_ts": 1758800236729}
{"action": "send", "src": "AU-N19", "dst": "AN-N171", "hlc": {"phys": 1758800262323, "cnt": 0, "node": "AU-N19"}, "package_id": "PKG236", "payload": {"status": "IN_TRANSIT"}, "sent_ts": 1758800237133, "arrival_ts": 1758800237133}
{"action": "send", "src": "AU-N19", "dst": "AN-N171", "hlc": {"phys": 1758800262595, "cnt": 0, "node": "AU-N19"}, "package_id": "PKG236", "payload": {"status": "RECEIVED"}, "sent_ts": 1758800237405, "arrival_ts": 1758800237405}
{"action": "send", "src": "AU-N19", "dst": "AN-N171", "hlc": {"phys": 1758800262997, "cnt": 0, "node": "AU-N19"}, "package_id": "PKG236", "payload": {"status": "DELIVERED"}, "sent_ts": 1758800237807, "arrival_ts": 1758800237807}
{"action": "recv", "src": "AS-N13", "dst": "AU-N19", "hlc": {"phys": 1758804399427, "cnt": 0, "node": "AS-N13"}, "package_id": "PKG4389", "payload": {"status": "CREATED"}, "sent_ts": 1758804389297, "arrival_ts": 1758804389368}
{"action": "recv", "src": "AS-N13", "dst": "AU-N19", "hlc": {"phys": 1758804399710, "cnt": 0, "node": "AS-N13"}, "package_id": "PKG4389", "payload": {"status": "SENT"}, "sent_ts": 1758804389580, "arrival_ts": 1758804389747}
{"action": "recv", "src": "AS-N13", "dst": "AU-N19", "hlc": {"phys": 1758804400082, "cnt": 0, "node": "AS-N13"}, "package_id": "PKG4389", "payload": {"status": "IN_TRANSIT"}, "sent_ts": 1758804389952, "arrival_ts": 1758804390083}
{"action": "recv", "src": "AS-N13", "dst": "AU-N19", "hlc": {"phys": 1758804400427, "cnt": 0, "node": "AS-N13"}, "package_id": "PKG4389", "payload": {"status": "RECEIVED"}, "sent_ts": 1758804390296, "arrival_ts": 1758804390498}
{"action": "recv", "src": "AS-N13", "dst": "AU-N19", "hlc": {"phys": 1758804400819, "cnt": 0, "node": "AS-N13"}, "package_id": "PKG4389", "payload": {"status": "DELIVERED"}, "sent_ts": 1758804390689, "arrival_ts": 1758804390889}
{"action": "recv", "src": "AS-N150", "dst": "AU-N19", "hlc": {"phys": 1758804894618, "cnt": 0, "node": "AS-N150"}, "package_id": "PKG4883", "payload": {"status": "CREATED"}, "sent_ts": 1758804883118, "arrival_ts": 1758804883305}
{"action": "recv", "src": "AS-N150", "dst": "AU-N19", "hlc": {"phys": 1758804895007, "cnt": 0, "node": "AS-N150"}, "package_id": "PKG4883", "payload": {"status": "SENT"}, "sent_ts": 1758804883507, "arrival_ts": 1758804883583}
{"action": "recv", "src": "AS-N150", "dst": "AU-N19", "hlc": {"phys": 1758804895284, "cnt": 0, "node": "AS-N150"}, "package_id": "PKG4883", "payload": {"status": "IN_TRANSIT"}, "sent_ts": 1758804883784, "arrival_ts": 1758804883903}
{"action": "recv", "src": "AS-N150", "dst": "AU-N19", "hlc": {"phys": 1758804895594, "cnt": 0, "node": "AS-N150"}, "package_id": "PKG4883", "payload": {"status": "RECEIVED"}, "sent_ts": 1758804884094, "arrival_ts": 1758804884246}
{"action": "recv", "src": "AS-N150", "dst": "AU-N19", "hlc": {"phys": 1758804895950, "cnt": 0, "node": "AS-N150"}, "package_id": "PKG4883", "payload": {"status": "DELIVERED"}, "sent_ts": 1758804884450, "arrival_ts": 1758804884495}
{"action": "send", "src": "AU-N19", "dst": "NA-N66", "hlc": {"phys": 1758805800042, "cnt": 0, "node": "AU-N19"}, "package_id": "PKG5774", "payload": {"status": "CREATED"}, "sent_ts": 1758805774852, "arrival_ts": 1758805774852}
{"action": "send", "src": "AU-N19", "dst": "NA-N66", "hlc": {"phys": 1758805800430, "cnt": 0, "node": "AU-N19"}, "package_id": "PKG5774", "payload": {"status": "SENT"}, "sent_ts": 1758805775240, "arrival_ts": 1758805775240}
{"action": "send", "src": "AU-N19", "dst": "NA-N66", "hlc": {"phys": 1758805800768, "cnt": 0, "node": "AU-N19"}, "package_id": "PKG5774", "payload": {"status": "IN_TRANSIT"}, "sent_ts": 1758805775578, "arrival_ts": 1758805775578}
{"action": "send", "src": "AU-N19", "dst": "NA-N66", "hlc": {"phys": 1758805801030, "cnt": 0, "node": "AU-N19"}, "package_id": "PKG5774", "payload": {"status": "RECEIVED"}, "sent_ts": 1758805775840, "arrival_ts": 1758805775840}
{"action": "send", "src": "AU-N19", "dst": "NA-N66", "hlc": {"phys": 1758805801371, "cnt": 0, "node": "AU-N19"}, "package_id": "PKG5774", "payload": {"status": "DELIVERED"}, "sent_ts": 1758805776181, "arrival_ts": 1758805776181}
{"action": "recv", "src": "AU-N151", "dst": "AU-N19", "hlc": {"phys": 1758810199493, "cnt": 0, "node": "AU-N151"}, "package_id": "PKG10172", "payload": {"status": "CREATED"}, "sent_ts": 1758810172983, "arrival_ts": 1758810173083}
{"action": "recv", "src": "AU-N151", "dst": "AU-N19", "hlc": {"phys": 1758810199805, "cnt": 0, "node": "AU-N151"}, "package_id": "PKG10172", "payload": {"status": "SENT"}, "sent_ts": 1758810173295, "arrival_ts": 1758810173322}
{"action": "recv", "src": "AU-N151", "dst": "AU-N19", "hlc": {"phys": 1758810200039, "cnt": 0, "node": "AU-N151"}, "package_id": "PKG10172", "payload": {"status": "IN_TRANSIT"}, "sent_ts": 1758810173529, "arrival_ts": 1758810173581}
{"action": "recv", "src": "AU-N151", "dst": "AU-N19", "hlc": {"phys": 1758810200302, "cnt": 0, "node": "AU-N151"}, "package_id": "PKG10172", "payload": {"status": "RECEIVED"}, "sent_ts": 1758810173792, "arrival_ts": 1758810173841}
{"action": "recv", "src": "AU-N151", "dst": "AU-N19", "hlc": {"phys": 1758810200548, "cnt": 0, "node": "AU-N151"}, "package_id": "PKG10172", "payload": {"status": "DELIVERED"}, "sent_ts": 1758810174038, "arrival_ts": 1758810174115}
{"action": "send", "src": "AU-N19", "dst": "NA-N105", "hlc": {"phys": 1758810469874, "cnt": 0, "node": "AU-N19"}, "package_id": "PKG10444", "payload": {"status": "CREATED"}, "sent_ts": 1758810444684, "arrival_ts": 1758810444684}
{"action": "send", "src": "AU-N19", "dst": "NA-N105", "hlc": {"phys": 1758810470153, "cnt": 0, "node": "AU-N19"}, "package_id": "PKG10444", "payload": {"status": "SENT"}, "sent_ts": 1758810444963, "arrival_ts": 1758810444963}
{"action": "send", "src": "AU-N19", "dst": "NA-N105", "hlc": {"phys": 1758810470435, "cnt": 0, "node": "AU-N19"}, "package_id": "PKG10444", "payload": {"status": "IN_TRANSIT"}, "sent_ts": 1758810445245, "arrival_ts": 1758810445245}
{"action": "send", "src": "AU-N19", "dst": "NA-N105", "hlc": {"phys": 1758810470775, "cnt": 0, "node": "AU-N19"}, "package_id": "PKG10444", "payload": {"status": "RECEIVED"}, "sent_ts": 1758810445585, "arrival_ts": 1758810445585}
{"action": "send", "src": "AU-N19", "dst": "NA-N105", "hlc": {"phys": 1758810471148, "cnt": 0, "node": "AU-N19"}, "package_id": "PKG10444", "payload": {"status": "DELIVERED"}, "sent_ts": 1758810445958, "arrival_ts": 1758810445958}
{"action": "send", "src": "AU-N19", "dst": "NA-N151", "hlc": {"phys": 1758812154405, "cnt": 0, "node": "AU-N19"}, "package_id": "PKG12129", "payload": {"status": "CREATED"}, "sent_ts": 1758812129215, "arrival_ts": 1758812129215}
{"action": "send", "src": "AU-N19", "dst": "NA-N151", "hlc": {"phys": 1758812154699, "cnt": 0, "node": "AU-N19"}, "package_id": "PKG12129", "payload": {"status": "SENT"}, "sent_ts": 1758812129509, "arrival_ts": 1758812129509}
{"action": "send", "src": "AU-N19", "dst": "NA-N151", "hlc": {"phys": 1758812155043, "cnt": 0, "node": "AU-N19"}, "package_id": "PKG12129", "payload": {"status": "IN_TRANSIT"}, "sent_ts": 1758812129853, "arrival_ts": 1758812129853}
{"action": "send", "src": "AU-N19", "dst": "NA-N151", "hlc": {"phys": 1758812155370, "cnt": 0, "node": "AU-N19"}, "package_id": "PKG12129", "payload": {"status": "RECEIVED"}, "sent_ts": 1758812130180, "arrival_ts": 1758812130180}
{"action": "send", "src": "AU-N19", "dst": "NA-N151", "hlc": {"phys": 1758812155587, "cnt": 0, "node": "AU-N19"}, "package_id": "PKG12129", "payload": {"status": "DELIVERED"}, "sent_ts": 1758812130397, "arrival_ts": 1758812130397}
{"action": "recv", "src": "AS-N117", "dst": "AU-N19", "hlc": {"phys": 1758813043439, "cnt": 0, "node": "AS-N117"}, "package_id": "PKG13032", "payload": {"status": "CREATED"}, "sent_ts": 1758813032269, "arrival_ts": 1758813032421}
{"action": "recv", "src": "AS-N117", "dst": "AU-N19", "hlc": {"phys": 1758813043798, "cnt": 0, "node": "AS-N117"}, "package_id": "PKG13032", "payload": {"status": "SENT"}, "sent_ts": 1758813032628, "arrival_ts": 1758813032821}
{"action": "recv", "src": "AS-N117", "dst": "AU-N19", "hlc": {"phys": 1758813044187, "cnt": 0, "node": "AS-N117"}, "package_id": "PKG13032", "payload": {"status": "IN_TRANSIT"}, "sent_ts": 1758813033017, "arrival_ts": 1758813033082}
{"action": "recv", "src": "AS-N117", "dst": "AU-N19", "hlc": {"phys": 1758813044464, "cnt": 0, "node": "AS-N117"}, "package_id": "PKG13032", "payload": {"status": "RECEIVED"}, "sent_ts": 1758813033294, "arrival_ts": 1758813033350}
{"action": "recv", "src": "AS-N117", "dst": "AU-N19", "hlc": {"phys": 1758813044730, "cnt": 0, "node": "AS-N117"}, "package_id": "PKG13032", "payload": {"status": "DELIVERED"}, "sent_ts": 1758813033560, "arrival_ts": 1758813033661}
{"action": "recv", "src": "NA-N186", "dst": "AU-N19", "hlc": {"phys": 1758814404933, "cnt": 0, "node": "NA-N186"}, "package_id": "PKG14403", "payload": {"status": "CREATED"}, "sent_ts": 1758814403073, "arrival_ts": 1758814403168}
{"action": "recv", "src": "NA-N186", "dst": "AU-N19", "hlc": {"phys": 1758814405228, "cnt": 0, "node": "NA-N186"}, "package_id": "PKG14403", "payload": {"status": "SENT"}, "sent_ts": 1758814403368, "arrival_ts": 1758814403400}
{"action": "recv", "src": "NA-N186", "dst": "AU-N19", "hlc": {"phys": 1758814405459, "cnt": 0, "node": "NA-N186"}, "package_id": "PKG14403", "payload": {"status": "IN_TRANSIT"}, "sent_ts": 1758814403599, "arrival_ts": 1758814403614}
{"action": "recv", "src": "NA-N186", "dst": "AU-N19", "hlc": {"phys": 1758814405690, "cnt": 0, "node": "NA-N186"}, "package_id": "PKG14403", "payload": {"status": "RECEIVED"}, "sent_ts": 1758814403830, "arrival_ts": 1758814403927}
{"action": "recv", "src": "NA-N186", "dst": "AU-N19", "hlc": {"phys": 1758814405985, "cnt": 0, "node": "NA-N186"}, "package_id": "PKG14403", "payload": {"status": "DELIVERED"}, "sent_ts": 1758814404125, "arrival_ts": 1758814404256}
{"action": "send", "src": "AU-N19", "dst": "AN-N191", "hlc": {"phys": 1758816849970, "cnt": 0, "node": "AU-N19"}, "package_id": "PKG16824", "payload": {"status": "CREATED"}, "sent_ts": 1758816824780, "arrival_ts": 1758816824780}
{"action": "send", "src": "AU-N19", "dst": "AN-N191", "hlc": {"phys": 1758816850218, "cnt": 0, "node": "AU-N19"}, "package_id": "PKG16824", "payload": {"status": "SENT"}, "sent_ts": 1758816825028, "arrival_ts": 1758816825028}
{"action": "send", "src": "AU-N19", "dst": "AN-N191", "hlc": {"phys": 1758816850531, "cnt": 0, "node": "AU-N19"}, "package_id": "PKG16824", "payload": {"status": "IN_TRANSIT"}, "sent_ts": 1758816825341, "arrival_ts": 1758816825341}
{"action": "send", "src": "AU-N19", "dst": "AN-N191", "hlc": {"phys": 1758816850842, "cnt": 0, "node": "AU-N19"}, "package_id": "PKG16824", "payload": {"status": "RECEIVED"}, "sent_ts": 1758816825652, "arrival_ts": 1758816825652}
{"action": "send", "src": "AU-N19", "dst": "AN-N191", "hlc": {"phys": 1758816851199, "cnt": 0, "node": "AU-N19"}, "package_id": "PKG16824", "payload": {"status": "DELIVERED"}, "sent_ts": 1758816826009, "arrival_ts": 1758816826009}
