{"action": "send", "src": "AU-N111", "dst": "AN-N171", "hlc": {"phys": 1758713554543, "cnt": 0, "node": "AU-N111"}, "package_id": "PKG13528", "payload": {"status": "CREATED"}, "sent_ts": 1758713528433, "arrival_ts": 1758713528433}
{"action": "send", "src": "AU-N111", "dst": "AN-N171", "hlc": {"phys": 1758713554878, "cnt": 0, "node": "AU-N111"}, "package_id": "PKG13528", "payload": {"status": "SENT"}, "sent_ts": 1758713528768, "arrival_ts": 1758713528768}
{"action": "send", "src": "AU-N111", "dst": "AN-N171", "hlc": {"phys": 1758713555126, "cnt": 0, "node": "AU-N111"}, "package_id": "PKG13528", "payload": {"status": "IN_TRANSIT"}, "sent_ts": 1758713529016, "arrival_ts": 1758713529016}
{"action": "send", "src": "AU-N111", "dst": "AN-N171", "hlc": {"phys": 1758713555463, "cnt": 0, "node": "AU-N111"}, "package_id": "PKG13528", "payload": {"status": "RECEIVED"}, "sent_ts": 1758713529353, "arrival_ts": 1758713529353}
{"action": "send", "src": "AU-N111", "dst": "AN-N171", "hlc": {"phys": 1758713555725, "cnt": 0, "node": "AU-N111"}, "package_id": "PKG13528", "payload": {"status": "DELIVERED"}, "sent_ts": 1758713529615, "arrival_ts": 1758713529615}
{"action": "send", "src": "AU-N111", "dst": "AN-N46", "hlc": {"phys": 1758716408157, "cnt": 0, "node": "AU-N111"}, "package_id": "PKG16382", "payload": {"status": "CREATED"}, "sent_ts": 1758716382047, "arrival_ts": 1758716382047}
{"action": "send", "src": "AU-N111", "dst": "AN-N46", "hlc": {"phys": 1758716408488, "cnt": 0, "node": "AU-N111"}, "package_id": "PKG16382", "payload": {"status": "SENT"}, "sent_ts": 1758716382378, "arrival_ts": 1758716382378}
{"action": "send", "src": "AU-N111", "dst": "AN-N46", "hlc": {"phys": 1758716408837, "cnt": 0, "node": "AU-N111"}, "package_id": "PKG16382", "payload": {"status": "IN_TRANSIT"}, "sent_ts": 1758716382727, "arrival_ts": 1758716382727}
{"action": "send", "src": "AU-N111", "dst": "AN-N46", "hlc": {"phys": 1758716409232, "cnt": 0, "node": "AU-N111"}, "package_id": "PKG16382", "payload": {"status": "RECEIVED"}, "sent_ts": 1758716383122, "arrival_ts": 1758716383122}
{"action": "send", "src": "AU-N111", "dst": "AN-N46", "hlc": {"phys": 1758716409471, "cnt": 0, "node": "AU-N111"}, "package_id": "PKG16382", "payload": {"status": "DELIVERED"}, "sent_ts": 1758716383361, "arrival_ts": 1758716383361}
{"action": "recv", "src": "AU-N80", "dst": "AU-N111", "hlc": {"phys": 1758717577207, "cnt": 0, "node": "AU-N80"}, "package_id": "PKG17551", "payload": {"status": "CREATED"}, "sent_ts": 1758717551407, "arrival_ts": 1758717551450}
{"action": "recv", "src": "AU-N80", "dst": "AU-N111", "hlc": {"phys": 1758717577441, "cnt": 0, "node": "AU-N80"}, "package_id": "PKG17551", "payload": {"status": "SENT"}, "sent_ts": 1758717551641, "arrival_ts": 1758717551686}
{"action": "recv", "src": "AU-N80", "dst": "AU-N111", "hlc": {"phys": 1758717577703, "cnt": 0, "node": "AU-N80"}, "package_id": "PKG17551", "payload": {"status": "IN_TRANSIT"}, "sent_ts": 1758717551903, "arrival_ts": 1758717551940}
{"action": "recv", "src": "AU-N80", "dst": "AU-N111", "hlc": {"phys": 1758717577950, "cnt": 0, "node": "AU-N80"}, "package_id": "PKG17551", "payload": {"status": "RECEIVED"}, "sent_ts": 1758717552150, "arrival_ts": 1758717552316}
{"action": "recv", "src": "AU-N80", "dst": "AU-N111", "hlc": {"phys": 1758717578329, "cnt": 0, "node": "AU-N80"}, "package_id": "PKG17551", "payload": {"status": "DELIVERED"}, "sent_ts": 1758717552529, "arrival_ts": 1758717552680}
{"action": "recv", "src": "SA-N132", "dst": "AU-N111", "hlc": {"phys": 1758717647427, "cnt": 0, "node": "SA-N132"}, "package_id": "PKG17626", "payload": {"status": "CREATED"}, "sent_ts": 1758717626107, "arrival_ts": 1758717626171}
{"action": "recv", "src": "SA-N132", "dst": "AU-N111", "hlc": {"phys": 1758717647704, "cnt": 0, "node": "SA-N132"}, "package_id": "PKG17626", "payload": {"status": "SENT"}, "sent_ts": 1758717626384, "arrival_ts": 1758717626425}
{"action": "recv", "src": "SA-N132", "dst": "AU-N111", "hlc": {"phys": 1758717647930, "cnt": 0, "node": "SA-N132"}, "package_id": "PKG17626", "payload": {"status": "IN_TRANSIT"}, "sent_ts": 1758717626610, "arrival_ts": 1758717626732}
{"action": "recv", "src": "SA-N132", "dst": "AU-N111", "hlc": {"phys": 1758717648266, "cnt": 0, "node": "SA-N132"}, "package_id": "PKG17626", "payload": {"status": "RECEIVED"}, "sent_ts": 1758717626946, "arrival_ts": 1758717627102}
{"action": "recv", "src": "SA-N132", "dst": "AU-N111", "hlc": {"phys": 1758717648627, "cnt": 0, "node": "SA-N132"}, "package_id": "PKG17626", "payload": {"status": "DELIVERED"}, "sent_ts": 1758717627307, "arrival_ts": 1758717627393}
{"action": "send", "src": "AU-N111", "dst": "AN-N180", "hlc": {"phys": 1758741757696, "cnt": 0, "node": "AU-N111"}, "package_id": "PKG41731", "payload": {"status": "CREATED"}, "sent_ts": 1758741731586, "arrival_ts": 1758741731586}
{"action": "send", "src": "AU-N111", "dst": "AN-N180", "hlc": {"phys": 1758741758005, "cnt": 0, "node": "AU-N111"}, "package_id": "PKG41731", "payload": {"status": "SENT"}, "sent_ts": 1758741731895, "arrival_ts": 1758741731895}
{"action": "send", "src": "AU-N111", "dst": "AN-N180", "hlc": {"phys": 1758741758363, "cnt": 0, "node": "AU-N111"}, "package_id": "PKG41731", "payload": {"status": "IN_TRANSIT"}, "sent_ts": 1758741732253, "arrival_ts": 1758741732253}
{"action": "send", "src": "AU-N111", "dst": "AN-N180", "hlc": {"phys": 1758741758758, "cnt": 0, "node": "AU-N111"}, "package_id": "PKG41731", "payload": {"status": "RECEIVED"}, "sent_ts": 1758741732648, "arrival_ts": 1758741732648}
{"action": "send", "src": "AU-N111", "dst": "AN-N180", "hlc": {"phys": 1758741759012, "cnt": 0, "node": "AU-N111"}, "package_id": "PKG41731", "payload": {"status": "DELIVERED"}, "sent_ts": 1758741732902, "arrival_ts": 1758741732902}
{"action": "send", "src": "AU-N111", "dst": "NA-N164", "hlc": {"phys": 1758747222237, "cnt": 0, "node": "AU-N111"}, "package_id": "PKG47196", "payload": {"status": "CREATED"}, "sent_ts": 1758747196127, "arrival_ts": 1758747196127}
{"action": "send", "src": "AU-N111", "dst": "NA-N164", "hlc": {"phys": 1758747222547, "cnt": 0, "node": "AU-N111"}, "package_id": "PKG47196", "payload": {"status": "SENT"}, "sent_ts": 1758747196437, "arrival_ts": 1758747196437}
{"action": "send", "src": "AU-N111", "dst": "NA-N164", "hlc": {"phys": 1758747222778, "cnt": 0, "node": "AU-N111"}, "package_id": "PKG47196", "payload": {"status": "IN_TRANSIT"}, "sent_ts": 1758747196668, "arrival_ts": 1758747196668}
{"action": "send", "src": "AU-N111", "dst": "NA-N164", "hlc": {"phys": 1758747223183, "cnt": 0, "node": "AU-N111"}, "package_id": "PKG47196", "payload": {"status": "RECEIVED"}, "sent_ts": 1758747197073, "arrival_ts": 1758747197073}
{"action": "send", "src": "AU-N111", "dst": "NA-N164", "hlc": {"phys": 1758747223461, "cnt": 0, "node": "AU-N111"}, "package_id": "PKG47196", "payload": {"status": "DELIVERED"}, "sent_ts": 1758747197351, "arrival_ts": 1758747197352}
{"action": "recv", "src": "NA-N105", "dst": "AU-N111", "hlc": {"phys": 1758749623078, "cnt": 0, "node": "NA-N105"}, "package_id": "PKG49622", "payload": {"status": "CREATED"}, "sent_ts": 1758749622028, "arrival_ts": 1758749622214}
{"action": "recv", "src": "NA-N105", "dst": "AU-N111", "hlc": {"phys": 1758749623462, "cnt": 0, "node": "NA-N105"}, "package_id": "PKG49622", "payload": {"status": "SENT"}, "sent_ts": 1758749622412, "arrival_ts": 1758749622449}
{"action": "recv", "src": "NA-N105", "dst": "AU-N111", "hlc": {"phys": 1758749623696, "cnt": 0, "node": "NA-N105"}, "package_id": "PKG49622", "payload": {"status": "IN_TRANSIT"}, "sent_ts": 1758749622646, "arrival_ts": 1758749622667}
{"action": "recv", "src": "NA-N105", "dst": "AU-N111", "hlc": {"phys": 1758749623913, "cnt": 0, "node": "NA-N105"}, "package_id": "PKG49622", "payload": {"status": "RECEIVED"}, "sent_ts": 1758749622863, "arrival_ts": 1758749622910}
{"action": "recv", "src": "NA-N105", "dst": "AU-N111", "hlc": {"phys": 1758749624159, "cnt": 0, "node": "NA-N105"}, "package_id": "PKG49622", "payload": {"status": "DELIVERED"}, "sent_ts": 1758749623109, "arrival_ts": 1758749623247}
{"action": "send", "src": "AU-N111", "dst": "AF-N176", "hlc": {"phys": 1758758882323, "cnt": 0, "node": "AU-N111"}, "package_id": "PKG58856", "payload": {"status": "CREATED"}, "sent_ts": 1758758856213, "arrival_ts": 1758758856213}
{"action": "send", "src": "AU-N111", "dst": "AF-N176", "hlc": {"phys": 1758758882588, "cnt": 0, "node": "AU-N111"}, "package_id": "PKG58856", "payload": {"status": "SENT"}, "sent_ts": 1758758856478, "arrival_ts": 1758758856478}
{"action": "send", "src": "AU-N111", "dst": "AF-N176", "hlc": {"phys": 1758758882821, "cnt": 0, "node": "AU-N111"}, "package_id": "PKG58856", "payload": {"status": "IN_TRANSIT"}, "sent_ts": 1758758856711, "arrival_ts": 1758758856711}
{"action": "send", "src": "AU-N111", "dst": "AF-N176", "hlc": {"phys": 1758758883117, "cnt": 0, "node": "AU-N111"}, "package_id": "PKG58856", "payload": {"status": "RECEIVED"}, "sent_ts": 1758758857007, "arrival_ts": 1758758857007}
{"action": "send", "src": "AU-N111", "dst": "AF-N176", "hlc": {"phys": 1758758883365, "cnt": 0, "node": "AU-N111"}, "package_id": "PKG58856", "payload": {"status": "DELIVERED"}, "sent_ts": 1758758857255, "arrival_ts": 1758758857255}
{"action": "recv", "src": "SA-N97", "dst": "AU-N111", "hlc": {"phys": 1758759688878, "cnt": 0, "node": "SA-N97"}, "package_id": "PKG59667", "payload": {"status": "CREATED"}, "sent_ts": 1758759667908, "arrival_ts": 1758759668083}
{"action": "recv", "src": "SA-N97", "dst": "AU-N111", "hlc": {"phys": 1758759689264, "cnt": 0, "node": "SA-N97"}, "package_id": "PKG59667", "payload": {"status": "SENT"}, "sent_ts": 1758759668294, "arrival_ts": 1758759668433}
{"action": "recv", "src": "SA-N97", "dst": "AU-N111", "hlc": {"phys": 1758759689605, "cnt": 0, "node": "SA-N97"}, "package_id": "PKG59667", "payload": {"status": "IN_TRANSIT"}, "sent_ts": 1758759668635, "arrival_ts": 1758759668814}
{"action": "recv", "src": "SA-N97", "dst": "AU-N111", "hlc": {"phys": 1758759689995, "cnt": 0, "node": "SA-N97"}, "package_id": "PKG59667", "payload": {"status": "RECEIVED"}, "sent_ts": 1758759669025, "arrival_ts": 1758759669110}
{"action": "recv", "src": "SA-N97", "dst": "AU-N111", "hlc": {"phys": 1758759690302, "cnt": 0, "node": "SA-N97"}, "package_id": "PKG59667", "payload": {"status": "DELIVERED"}, "sent_ts": 1758759669332, "arrival_ts": 1758759669492}
{"action": "recv", "src": "AS-N199", "dst": "AU-N111", "hlc": {"phys": 1758760743486, "cnt": 0, "node": "AS-N199"}, "package_id": "PKG60731", "payload": {"status": "CREATED"}, "sent_ts": 1758760731496, "arrival_ts": 1758760731697}
{"action": "recv", "src": "AS-N199", "dst": "AU-N111", "hlc": {"phys": 1758760743889, "cnt": 0, "node": "AS-N199"}, "package_id": "PKG60731", "payload": {"status": "SENT"}, "sent_ts": 1758760731899, "arrival_ts": 1758760732040}
{"action": "recv", "src": "AS-N199", "dst": "AU-N111", "hlc": {"phys": 1758760744232, "cnt": 0, "node": "AS-N199"}, "package_id": "PKG60731", "payload": {"status": "IN_TRANSIT"}, "sent_ts": 1758760732242, "arrival_ts": 1758760732306}
{"action": "recv", "src": "AS-N199", "dst": "AU-N111", "hlc": {"phys": 1758760744510, "cnt": 0, "node": "AS-N199"}, "package_id": "PKG60731", "payload": {"status": "RECEIVED"}, "sent_ts": 1758760732520, "arrival_ts": 1758760732624}
{"action": "recv", "src": "AS-N199", "dst": "AU-N111", "hlc": {"phys": 1758760744805, "cnt": 0, "node": "AS-N199"}, "package_id": "PKG60731", "payload": {"status": "DELIVERED"}, "sent_ts": 1758760732815, "arrival_ts": 1758760732907}
{"action": "recv", "src": "EU-N113", "dst": "AU-N111", "hlc": {"phys": 1758804451875, "cnt": 0, "node": "EU-N113"}, "package_id": "PKG4445", "payload": {"status": "CREATED"}, "sent_ts": 1758804445745, "arrival_ts": 1758804445861}
{"action": "recv", "src": "EU-N113", "dst": "AU-N111", "hlc": {"phys": 1758804452209, "cnt": 0, "node": "EU-N113"}, "package_id": "PKG4445", "payload": {"status": "SENT"}, "sent_ts": 1758804446079, "arrival_ts": 1758804446137}
{"action": "recv", "src": "EU-N113", "dst": "AU-N111", "hlc": {"phys": 1758804452470, "cnt": 0, "node": "EU-N113"}, "package_id": "PKG4445", "payload": {"status": "IN_TRANSIT"}, "sent_ts": 1758804446340, "arrival_ts": 1758804446403}
{"action": "recv", "src": "EU-N113", "dst": "AU-N111", "hlc": {"phys": 1758804452726, "cnt": 0, "node": "EU-N113"}, "package_id": "PKG4445", "payload": {"status": "RECEIVED"}, "sent_ts": 1758804446596, "arrival_ts": 1758804446747}
{"action": "recv", "src": "EU-N113", "dst": "AU-N111", "hlc": {"phys": 1758804453078, "cnt": 0, "node": "EU-N113"}, "package_id": "PKG4445", "payload": {"status": "DELIVERED"}, "sent_ts": 1758804446948, "arrival_ts": 1758804446975}
{"action": "recv", "src": "AS-N180", "dst": "AU-N111", "hlc": {"phys": 1758809798470, "cnt": 0, "node": "AS-N180"}, "package_id": "PKG9786", "payload": {"status": "CREATED"}, "sent_ts": 1758809786670, "arrival_ts": 1758809786771}
{"action": "recv", "src": "AS-N180", "dst": "AU-N111", "hlc": {"phys": 1758809798783, "cnt": 0, "node": "AS-N180"}, "package_id": "PKG9786", "payload": {"status": "SENT"}, "sent_ts": 1758809786983, "arrival_ts": 1758809787055}
{"action": "recv", "src": "AS-N180", "dst": "AU-N111", "hlc": {"phys": 1758809799062, "cnt": 0, "node": "AS-N180"}, "package_id": "PKG9786", "payload": {"status": "IN_TRANSIT"}, "sent_ts": 1758809787262, "arrival_ts": 1758809787412}
{"action": "recv", "src": "AS-N180", "dst": "AU-N111", "hlc": {"phys": 1758809799420, "cnt": 0, "node": "AS-N180"}, "package_id": "PKG9786", "payload": {"status": "RECEIVED"}, "sent_ts": 1758809787620, "arrival_ts": 1758809787781}
{"action": "recv", "src": "AS-N180", "dst": "AU-N111", "hlc": {"phys": 1758809799796, "cnt": 0, "node": "AS-N180"}, "package_id": "PKG9786", "payload": {"status": "DELIVERED"}, "sent_ts": 1758809787996, "arrival_ts": 1758809788170}
{"action": "send", "src": "AU-N111", "dst": "AU-N197", "hlc": {"phys": 1758809982996, "cnt": 0, "node": "AU-N111"}, "package_id": "PKG9956", "payload": {"status": "CREATED"}, "sent_ts": 1758809956886, "arrival_ts": 1758809956886}
{"action": "send", "src": "AU-N111", "dst": "AU-N197", "hlc": {"phys": 1758809983230, "cnt": 0, "node": "AU-N111"}, "package_id": "PKG9956", "payload": {"status": "SENT"}, "sent_ts": 1758809957120, "arrival_ts": 1758809957120}
{"action": "send", "src": "AU-N111", "dst": "AU-N197", "hlc": {"phys": 1758809983572, "cnt": 0, "node": "AU-N111"}, "package_id": "PKG9956", "payload": {"status": "IN_TRANSIT"}, "sent_ts": 1758809957462, "arrival_ts": 1758809957462}
{"action": "send", "src": "AU-N111", "dst": "AU-N197", "hlc": {"phys": 1758809983928, "cnt": 0, "node": "AU-N111"}, "package_id": "PKG9956", "payload": {"status": "RECEIVED"}, "sent_ts": 1758809957818, "arrival_ts": 1758809957818}
{"action": "send", "src": "AU-N111", "dst": "AU-N197", "hlc": {"phys": 1758809984224, "cnt": 0, "node": "AU-N111"}, "package_id": "PKG9956", "payload": {"status": "DELIVERED"}, "sent_ts": 1758809958114, "arrival_ts": 1758809958114}
{"action": "send", "src": "AU-N111", "dst": "AS-N134", "hlc": {"phys": 1758810642889, "cnt": 0, "node": "AU-N111"}, "package_id": "PKG10616", "payload": {"status": "CREATED"}, "sent_ts": 1758810616779, "arrival_ts": 1758810616779}
{"action": "send", "src": "AU-N111", "dst": "AS-N134", "hlc": {"phys": 1758810643153, "cnt": 0, "node": "AU-N111"}, "package_id": "PKG10616", "payload": {"status": "SENT"}, "sent_ts": 1758810617043, "arrival_ts": 1758810617043}
{"action": "send", "src": "AU-N111", "dst": "AS-N134", "hlc": {"phys": 1758810643480, "cnt": 0, "node": "AU-N111"}, "package_id": "PKG10616", "payload": {"status": "IN_TRANSIT"}, "sent_ts": 1758810617370, "arrival_ts": 1758810617370}
{"action": "send", "src": "AU-N111", "dst": "AS-N134", "hlc": {"phys": 1758810643839, "cnt": 0, "node": "AU-N111"}, "package_id": "PKG10616", "payload": {"status": "RECEIVED"}, "sent_ts": 1758810617729, "arrival_ts": 1758810617729}
{"action": "send", "src": "AU-N111", "dst": "AS-N134", "hlc": {"phys": 1758810644120, "cnt": 0, "node": "AU-N111"}, "package_id": "PKG10616", "payload": {"status": "DELIVERED"}, "sent_ts": 1758810618010, "arrival_ts": 1758810618010}
{"action": "send", "src": "AU-N111", "dst": "SA-N68", "hlc": {"phys": 1758812104917, "cnt": 0, "node": "AU-N111"}, "package_id": "PKG12078", "payload": {"status": "CREATED"}, "sent_ts": 1758812078807, "arrival_ts": 1758812078807}
{"action": "send", "src": "AU-N111", "dst": "SA-N68", "hlc": {"phys": 1758812105318, "cnt": 0, "node": "AU-N111"}, "package_id": "PKG12078", "payload": {"status": "SENT"}, "sent_ts": 1758812079208, "arrival_ts": 1758812079208}
{"action": "send", "src": "AU-N111", "dst": "SA-N68", "hlc": {"phys": 1758812105564, "cnt": 0, "node": "AU-N111"}, "package_id": "PKG12078", "payload": {"status": "IN_TRANSIT"}, "sent_ts": 1758812079454, "arrival_ts": 1758812079454}
{"action": "send", "src": "AU-N111", "dst": "SA-N68", "hlc": {"phys": 1758812105891, "cnt": 0, "node": "AU-N111"}, "package_id": "PKG12078", "payload": {"status": "RECEIVED"}, "sent_ts": 1758812079781, "arrival_ts": 1758812079781}
{"action": "send", "src": "AU-N111", "dst": "SA-N68", "hlc": {"phys": 1758812106274, "cnt": 0, "node": "AU-N111"}, "package_id": "PKG12078", "payload": {"status": "DELIVERED"}, "sent_ts": 1758812080164, "arrival_ts": 1758812080164}
{"action": "send", "src": "AU-N111", "dst": "EU-N25", "hlc": {"phys": 1758812251479, "cnt": 0, "node": "AU-N111"}, "package_id": "PKG12225", "payload": {"status": "CREATED"}, "sent_ts": 1758812225369, "arrival_ts": 1758812225369}
{"action": "send", "src": "AU-N111", "dst": "EU-N25", "hlc": {"phys": 1758812251760, "cnt": 0, "node": "AU-N111"}, "package_id": "PKG12225", "payload": {"status": "SENT"}, "sent_ts": 1758812225650, "arrival_ts": 1758812225650}
{"action": "send", "src": "AU-N111", "dst": "EU-N25", "hlc": {"phys": 1758812252037, "cnt": 0, "node": "AU-N111"}, "package_id": "PKG12225", "payload": {"status": "IN_TRANSIT"}, "sent_ts": 1758812225927, "arrival_ts": 1758812225927}
{"action": "send", "src": "AU-N111", "dst": "EU-N25", "hlc": {"phys": 1758812252285, "cnt": 0, "node": "AU-N111"}, "package_id": "PKG12225", "payload": {"status": "RECEIVED"}, "sent_ts": 1758812226175, "arrival_ts": 1758812226175}
{"action": "send", "src": "AU-N111", "dst": "EU-N25", "hlc": {"phys": 1758812252548, "cnt": 0, "node": "AU-N111"}, "package_id": "PKG12225", "payload": {"status": "DELIVERED"}, "sent_ts": 1758812226438, "arrival_ts": 1758812226438}
{"action": "send", "src": "AU-N111", "dst": "AS-N123", "hlc": {"phys": 1758813006748, "cnt": 0, "node": "AU-N111"}, "package_id": "PKG12980", "payload": {"status": "CREATED"}, "sent_ts": 1758812980638, "arrival_ts": 1758812980638}
{"action": "send", "src": "AU-N111", "dst": "AS-N123", "hlc": {"phys": 1758813007023, "cnt": 0, "node": "AU-N111"}, "package_id": "PKG12980", "payload": {"status": "SENT"}, "sent_ts": 1758812980913, "arrival_ts": 1758812980913}
{"action": "send", "src": "AU-N111", "dst": "AS-N123", "hlc": {"phys": 1758813007378, "cnt": 0, "node": "AU-N111"}, "package_id": "PKG12980", "payload": {"status": "IN_TRANSIT"}, "sent_ts": 1758812981268, "arrival_ts": 1758812981268}
{"action": "send", "src": "AU-N111", "dst": "AS-N123", "hlc": {"phys": 1758813007752, "cnt": 0, "node": "AU-N111"}, "package_id": "PKG12980", "payload": {"status": "RECEIVED"}, "sent_ts": 1758812981642, "arrival_ts": 1758812981642}
{"action": "send", "src": "AU-N111", "dst": "AS-N123", "hlc": {"phys": 1758813008081, "cnt": 0, "node": "AU-N111"}, "package_id": "PKG12980", "payload": {"status": "DELIVERED"}, "sent_ts": 1758812981971, "arrival_ts": 1758812981971}
{"action": "send", "src": "AU-N111", "dst": "AN-N39", "hlc": {"phys": 1758813012115, "cnt": 0, "node": "AU-N111"}, "package_id": "PKG12986", "payload": {"status": "CREATED"}, "sent_ts": 1758812986005, "arrival_ts": 1758812986005}
{"action": "send", "src": "AU-N111", "dst": "AN-N39", "hlc": {"phys": 1758813012382, "cnt": 0, "node": "AU-N111"}, "package_id": "PKG12986", "payload": {"status": "SENT"}, "sent_ts": 1758812986272, "arrival_ts": 1758812986272}
{"action": "send", "src": "AU-N111", "dst": "AN-N39", "hlc": {"phys": 1758813012614, "cnt": 0, "node": "AU-N111"}, "package_id": "PKG12986", "payload": {"status": "IN_TRANSIT"}, "sent_ts": 1758812986504, "arrival_ts": 1758812986504}
{"action": "send", "src": "AU-N111", "dst": "AN-N39", "hlc": {"phys": 1758813012877, "cnt": 0, "node": "AU-N111"}, "package_id": "PKG12986", "payload": {"status": "RECEIVED"}, "sent_ts": 1758812986767, "arrival_ts": 1758812986767}
{"action": "send", "src": "AU-N111", "dst": "AN-N39", "hlc": {"phys": 1758813013110, "cnt": 0, "node": "AU-N111"}, "package_id": "PKG12986", "payload": {"status": "DELIVERED"}, "sent_ts": 1758812987000, "arrival_ts": 1758812987000}
