{"action": "recv", "src": "AN-N109", "dst": "AU-N54", "hlc": {"phys": 1758713454095, "cnt": 0, "node": "AN-N109"}, "package_id": "PKG13423", "payload": {"status": "CREATED"}, "sent_ts": 1758713423005, "arrival_ts": 1758713423207}
{"action": "recv", "src": "AN-N109", "dst": "AU-N54", "hlc": {"phys": 1758713454507, "cnt": 0, "node": "AN-N109"}, "package_id": "PKG13423", "payload": {"status": "SENT"}, "sent_ts": 1758713423417, "arrival_ts": 1758713423526}
{"action": "recv", "src": "AN-N109", "dst": "AU-N54", "hlc": {"phys": 1758713454817, "cnt": 0, "node": "AN-N109"}, "package_id": "PKG13423", "payload": {"status": "IN_TRANSIT"}, "sent_ts": 1758713423727, "arrival_ts": 1758713423748}
{"action": "recv", "src": "AN-N109", "dst": "AU-N54", "hlc": {"phys": 1758713455028, "cnt": 0, "node": "AN-N109"}, "package_id": "PKG13423", "payload": {"status": "RECEIVED"}, "sent_ts": 1758713423938, "arrival_ts": 1758713424006}
{"action": "recv", "src": "AN-N109", "dst": "AU-N54", "hlc": {"phys": 1758713455295, "cnt": 0, "node": "AN-N109"}, "package_id": "PKG13423", "payload": {"status": "DELIVERED"}, "sent_ts": 1758713424205, "arrival_ts": 1758713424312}
{"action": "recv", "src": "SA-N173", "dst": "AU-N54", "hlc": {"phys": 1758716994797, "cnt": 0, "node": "SA-N173"}, "package_id": "PKG16973", "payload": {"status": "CREATED"}, "sent_ts": 1758716973067, "arrival_ts": 1758716973104}
{"action": "recv", "src": "SA-N173", "dst": "AU-N54", "hlc": {"phys": 1758716995037, "cnt": 0, "node": "SA-N173"}, "package_id": "PKG16973", "payload": {"status": "SENT"}, "sent_ts": 1758716973307, "arrival_ts": 1758716973470}
{"action": "recv", "src": "SA-N173", "dst": "AU-N54", "hlc": {"phys": 1758716995404, "cnt": 0, "node": "SA-N173"}, "package_id": "PKG16973", "payload": {"status": "IN_TRANSIT"}, "sent_ts": 1758716973674, "arrival_ts": 1758716973790}
{"action": "recv", "src": "SA-N173", "dst": "AU-N54", "hlc": {"phys": 1758716995719, "cnt": 0, "node": "SA-N173"}, "package_id": "PKG16973", "payload": {"status": "RECEIVED"}, "sent_ts": 1758716973989, "arrival_ts": 1758716974121}
{"action": "recv", "src": "SA-N173", "dst": "AU-N54", "hlc": {"phys": 1758716996053, "cnt": 0, "node": "SA-N173"}, "package_id": "PKG16973", "payload": {"status": "DELIVERED"}, "sent_ts": 1758716974323, "arrival_ts": 1758716974467}
{"action": "recv", "src": "NA-N61", "dst": "AU-N54", "hlc": {"phys": 1758717371513, "cnt": 0, "node": "NA-N61"}, "package_id": "PKG17370", "payload": {"status": "CREATED"}, "sent_ts": 1758717370903, "arrival_ts": 1758717371042}
{"action": "recv", "src": "NA-N61", "dst": "AU-N54", "hlc": {"phys": 1758717371853, "cnt": 0, "node": "NA-N61"}, "package_id": "PKG17370", "payload": {"status": "SENT"}, "sent_ts": 1758717371243, "arrival_ts": 1758717371261}
{"action": "recv", "src": "NA-N61", "dst": "AU-N54", "hlc": {"phys": 1758717372076, "cnt": 0, "node": "NA-N61"}, "package_id": "PKG17370", "payload": {"status": "IN_TRANSIT"}, "sent_ts": 1758717371466, "arrival_ts": 1758717371631}
{"action": "recv", "src": "NA-N61", "dst": "AU-N54", "hlc": {"phys": 1758717372451, "cnt": 0, "node": "NA-N61"}, "package_id": "PKG17370", "payload": {"status": "RECEIVED"}, "sent_ts": 1758717371841, "arrival_ts": 1758717372030}
{"action": "recv", "src": "NA-N61", "dst": "AU-N54", "hlc": {"phys": 1758717372859, "cnt": 0, "node": "NA-N61"}, "package_id": "PKG17370", "payload": {"status": "DELIVERED"}, "sent_ts": 1758717372249, "arrival_ts": 1758717372364}
{"action": "send", "src": "AU-N54", "dst": "AS-N195", "hlc": {"phys": 1758718347724, "cnt": 0, "node": "AU-N54"}, "package_id": "PKG18322", "payload": {"status": "CREATED"}, "sent_ts": 1758718322184, "arrival_ts": 1758718322184}
{"action": "send", "src": "AU-N54", "dst": "AS-N195", "hlc": {"phys": 1758718347972, "cnt": 0, "node": "AU-N54"}, "package_id": "PKG18322", "payload": {"status": "SENT"}, "sent_ts": 1758718322432, "arrival_ts": 1758718322432}
{"action": "send", "src": "AU-N54", "dst": "AS-N195", "hlc": {"phys": 1758718348205, "cnt": 0, "node": "AU-N54"}, "package_id": "PKG18322", "payload": {"status": "IN_TRANSIT"}, "sent_ts": 1758718322665, "arrival_ts": 1758718322665}
{"action": "send", "src": "AU-N54", "dst": "AS-N195", "hlc": {"phys": 1758718348529, "cnt": 0, "node": "AU-N54"}, "package_id": "PKG18322", "payload": {"status": "RECEIVED"}, "sent_ts": 1758718322989, "arrival_ts": 1758718322989}
{"action": "send", "src": "AU-N54", "dst": "AS-N195", "hlc": {"phys": 1758718348855, "cnt": 0, "node": "AU-N54"}, "package_id": "PKG18322", "payload": {"status": "DELIVERED"}, "sent_ts": 1758718323315, "arrival_ts": 1758718323315}
{"action": "recv", "src": "AN-N164", "dst": "AU-N54", "hlc": {"phys": 1758718462209, "cnt": 0, "node": "AN-N164"}, "package_id": "PKG18430", "payload": {"status": "CREATED"}, "sent_ts": 1758718430569, "arrival_ts": 1758718430672}
{"action": "recv", "src": "AN-N164", "dst": "AU-N54", "hlc": {"phys": 1758718462521, "cnt": 0, "node": "AN-N164"}, "package_id": "PKG18430", "payload": {"status": "SENT"}, "sent_ts": 1758718430881, "arrival_ts": 1758718430909}
{"action": "recv", "src": "AN-N164", "dst": "AU-N54", "hlc": {"phys": 1758718462761, "cnt": 0, "node": "AN-N164"}, "package_id": "PKG18430", "payload": {"status": "IN_TRANSIT"}, "sent_ts": 1758718431121, "arrival_ts": 1758718431289}
{"action": "recv", "src": "AN-N164", "dst": "AU-N54", "hlc": {"phys": 1758718463141, "cnt": 0, "node": "AN-N164"}, "package_id": "PKG18430", "payload": {"status": "RECEIVED"}, "sent_ts": 1758718431501, "arrival_ts": 1758718431553}
{"action": "recv", "src": "AN-N164", "dst": "AU-N54", "hlc": {"phys": 1758718463398, "cnt": 0, "node": "AN-N164"}, "package_id": "PKG18430", "payload": {"status": "DELIVERED"}, "sent_ts": 1758718431758, "arrival_ts": 1758718431929}
{"action": "send", "src": "AU-N54", "dst": "AF-N22", "hlc": {"phys": 1758738148753, "cnt": 0, "node": "AU-N54"}, "package_id": "PKG38123", "payload": {"status": "CREATED"}, "sent_ts": 1758738123213, "arrival_ts": 1758738123213}
{"action": "send", "src": "AU-N54", "dst": "AF-N22", "hlc": {"phys": 1758738149140, "cnt": 0, "node": "AU-N54"}, "package_id": "PKG38123", "payload": {"status": "SENT"}, "sent_ts": 1758738123600, "arrival_ts": 1758738123601}
{"action": "send", "src": "AU-N54", "dst": "AF-N22", "hlc": {"phys": 1758738149487, "cnt": 0, "node": "AU-N54"}, "package_id": "PKG38123", "payload": {"status": "IN_TRANSIT"}, "sent_ts": 1758738123947, "arrival_ts": 1758738123947}
{"action": "send", "src": "AU-N54", "dst": "AF-N22", "hlc": {"phys": 1758738149844, "cnt": 0, "node": "AU-N54"}, "package_id": "PKG38123", "payload": {"status": "RECEIVED"}, "sent_ts": 1758738124304, "arrival_ts": 1758738124304}
{"action": "send", "src": "AU-N54", "dst": "AF-N22", "hlc": {"phys": 1758738150236, "cnt": 0, "node": "AU-N54"}, "package_id": "PKG38123", "payload": {"status": "DELIVERED"}, "sent_ts": 1758738124696, "arrival_ts": 1758738124696}
{"action": "send", "src": "AU-N54", "dst": "NA-N158", "hlc": {"phys": 1758739409668, "cnt": 0, "node": "AU-N54"}, "package_id": "PKG39384", "payload": {"status": "CREATED"}, "sent_ts": 1758739384128, "arrival_ts": 1758739384128}
{"action": "send", "src": "AU-N54", "dst": "NA-N158", "hlc": {"phys": 1758739409989, "cnt": 0, "node": "AU-N54"}, "package_id": "PKG39384", "payload": {"status": "SENT"}, "sent_ts": 1758739384449, "arrival_ts": 1758739384449}
{"action": "send", "src": "AU-N54", "dst": "NA-N158", "hlc": {"phys": 1758739410309, "cnt": 0, "node": "AU-N54"}, "package_id": "PKG39384", "payload": {"status": "IN_TRANSIT"}, "sent_ts": 1758739384769, "arrival_ts": 1758739384769}
{"action": "send", "src": "AU-N54", "dst": "NA-N158", "hlc": {"phys": 1758739410659, "cnt": 0, "node": "AU-N54"}, "package_id": "PKG39384", "payload": {"status": "RECEIVED"}, "sent_ts": 1758739385119, "arrival_ts": 1758739385119}
{"action": "send", "src": "AU-N54", "dst": "NA-N158", "hlc": {"phys": 1758739411043, "cnt": 0, "node": "AU-N54"}, "package_id": "PKG39384", "payload": {"status": "DELIVERED"}, "sent_ts": 1758739385503, "arrival_ts": 1758739385503}
{"action": "send", "src": "AU-N54", "dst": "AF-N82", "hlc": {"phys": 1758741429278, "cnt": 0, "node": "AU-N54"}, "package_id": "PKG41403", "payload": {"status": "CREATED"}, "sent_ts": 1758741403738, "arrival_ts": 1758741403738}
{"action": "send", "src": "AU-N54", "dst": "AF-N82", "hlc": {"phys": 1758741429624, "cnt": 0, "node": "AU-N54"}, "package_id": "PKG41403", "payload": {"status": "SENT"}, "sent_ts": 1758741404084, "arrival_ts": 1758741404084}
{"action": "send", "src": "AU-N54", "dst": "AF-N82", "hlc": {"phys": 1758741429964, "cnt": 0, "node": "AU-N54"}, "package_id": "PKG41403", "payload": {"status": "IN_TRANSIT"}, "sent_ts": 1758741404424, "arrival_ts": 1758741404424}
{"action": "send", "src": "AU-N54", "dst": "AF-N82", "hlc": {"phys": 1758741430332, "cnt": 0, "node": "AU-N54"}, "package_id": "PKG41403", "payload": {"status": "RECEIVED"}, "sent_ts": 1758741404792, "arrival_ts": 1758741404792}
{"action": "send", "src": "AU-N54", "dst": "AF-N82", "hlc": {"phys": 1758741430748, "cnt": 0, "node": "AU-N54"}, "package_id": "PKG41403", "payload": {"status": "DELIVERED"}, "sent_ts": 1758741405208, "arrival_ts": 1758741405208}
{"action": "send", "src": "AU-N54", "dst": "AU-N156", "hlc": {"phys": 1758742676864, "cnt": 0, "node": "AU-N54"}, "package_id": "PKG42651", "payload": {"status": "CREATED"}, "sent_ts": 1758742651324, "arrival_ts": 1758742651324}
{"action": "send", "src": "AU-N54", "dst": "AU-N156", "hlc": {"phys": 1758742677190, "cnt": 0, "node": "AU-N54"}, "package_id": "PKG42651", "payload": {"status": "SENT"}, "sent_ts": 1758742651650, "arrival_ts": 1758742651650}
{"action": "send", "src": "AU-N54", "dst": "AU-N156", "hlc": {"phys": 1758742677486, "cnt": 0, "node": "AU-N54"}, "package_id": "PKG42651", "payload": {"status": "IN_TRANSIT"}, "sent_ts": 1758742651946, "arrival_ts": 1758742651946}
{"action": "send", "src": "AU-N54", "dst": "AU-N156", "hlc": {"phys": 1758742677860, "cnt": 0, "node": "AU-N54"}, "package_id": "PKG42651", "payload": {"status": "RECEIVED"}, "sent_ts": 1758742652320, "arrival_ts": 1758742652320}
{"action": "send", "src": "AU-N54", "dst": "AU-N156", "hlc": {"phys": 1758742678138, "cnt": 0, "node": "AU-N54"}, "package_id": "PKG42651", "payload": {"status": "DELIVERED"}, "sent_ts": 1758742652598, "arrival_ts": 1758742652598}
{"action": "send", "src": "AU-N54", "dst": "AF-N127", "hlc": {"phys": 1758746277761, "cnt": 0, "node": "AU-N54"}, "package_id": "PKG46252", "payload": {"status": "CREATED"}, "sent_ts": 1758746252221, "arrival_ts": 1758746252221}
{"action": "send", "src": "AU-N54", "dst": "AF-N127", "hlc": {"phys": 1758746278051, "cnt": 0, "node": "AU-N54"}, "package_id": "PKG46252", "payload": {"status": "SENT"}, "sent_ts": 1758746252511, "arrival_ts": 1758746252511}
{"action": "send", "src": "AU-N54", "dst": "AF-N127", "hlc": {"phys": 1758746278264, "cnt": 0, "node": "AU-N54"}, "package_id": "PKG46252", "payload": {"status": "IN_TRANSIT"}, "sent_ts": 1758746252724, "arrival_ts": 1758746252724}
{"action": "send", "src": "AU-N54", "dst": "AF-N127", "hlc": {"phys": 1758746278507, "cnt": 0, "node": "AU-N54"}, "package_id": "PKG46252", "payload": {"status": "RECEIVED"}, "sent_ts": 1758746252967, "arrival_ts": 1758746252967}
{"action": "send", "src": "AU-N54", "dst": "AF-N127", "hlc": {"phys": 1758746278828, "cnt": 0, "node": "AU-N54"}, "package_id": "PKG46252", "payload": {"status": "DELIVERED"}, "sent_ts": 1758746253288, "arrival_ts": 1758746253288}
{"action": "send", "src": "AU-N54", "dst": "AS-N10", "hlc": {"phys": 1758751859837, "cnt": 0, "node": "AU-N54"}, "package_id": "PKG51834", "payload": {"status": "CREATED"}, "sent_ts": 1758751834297, "arrival_ts": 1758751834297}
{"action": "send", "src": "AU-N54", "dst": "AS-N10", "hlc": {"phys": 1758751860059, "cnt": 0, "node": "AU-N54"}, "package_id": "PKG51834", "payload": {"status": "SENT"}, "sent_ts": 1758751834519, "arrival_ts": 1758751834519}
{"action": "send", "src": "AU-N54", "dst": "AS-N10", "hlc": {"phys": 1758751860317, "cnt": 0, "node": "AU-N54"}, "package_id": "PKG51834", "payload": {"status": "IN_TRANSIT"}, "sent_ts": 1758751834777, "arrival_ts": 1758751834777}
{"action": "send", "src": "AU-N54", "dst": "AS-N10", "hlc": {"phys": 1758751860706, "cnt": 0, "node": "AU-N54"}, "package_id": "PKG51834", "payload": {"status": "RECEIVED"}, "sent_ts": 1758751835166, "arrival_ts": 1758751835166}
{"action": "send", "src": "AU-N54", "dst": "AS-N10", "hlc": {"phys": 1758751861055, "cnt": 0, "node": "AU-N54"}, "package_id": "PKG51834", "payload": {"status": "DELIVERED"}, "sent_ts": 1758751835515, "arrival_ts": 1758751835515}
{"action": "send", "src": "AU-N54", "dst": "AF-N199", "hlc": {"phys": 1758751959448, "cnt": 0, "node": "AU-N54"}, "package_id": "PKG51933", "payload": {"status": "CREATED"}, "sent_ts": 1758751933908, "arrival_ts": 1758751933908}
{"action": "send", "src": "AU-N54", "dst": "AF-N199", "hlc": {"phys": 1758751959719, "cnt": 0, "node": "AU-N54"}, "package_id": "PKG51933", "payload": {"status": "SENT"}, "sent_ts": 1758751934179, "arrival_ts": 1758751934179}
{"action": "send", "src": "AU-N54", "dst": "AF-N199", "hlc": {"phys": 1758751959952, "cnt": 0, "node": "AU-N54"}, "package_id": "PKG51933", "payload": {"status": "IN_TRANSIT"}, "sent_ts": 1758751934412, "arrival_ts": 1758751934412}
{"action": "send", "src": "AU-N54", "dst": "AF-N199", "hlc": {"phys": 1758751960328, "cnt": 0, "node": "AU-N54"}, "package_id": "PKG51933", "payload": {"status": "RECEIVED"}, "sent_ts": 1758751934788, "arrival_ts": 1758751934788}
{"action": "send", "src": "AU-N54", "dst": "AF-N199", "hlc": {"phys": 1758751960735, "cnt": 0, "node": "AU-N54"}, "package_id": "PKG51933", "payload": {"status": "DELIVERED"}, "sent_ts": 1758751935195, "arrival_ts": 1758751935195}
{"action": "send", "src": "AU-N54", "dst": "EU-N157", "hlc": {"phys": 1758752650053, "cnt": 0, "node": "AU-N54"}, "package_id": "PKG52624", "payload": {"status": "CREATED"}, "sent_ts": 1758752624513, "arrival_ts": 1758752624513}
{"action": "send", "src": "AU-N54", "dst": "EU-N157", "hlc": {"phys": 1758752650346, "cnt": 0, "node": "AU-N54"}, "package_id": "PKG52624", "payload": {"status": "SENT"}, "sent_ts": 1758752624806, "arrival_ts": 1758752624806}
{"action": "send", "src": "AU-N54", "dst": "EU-N157", "hlc": {"phys": 1758752650600, "cnt": 0, "node": "AU-N54"}, "package_id": "PKG52624", "payload": {"status": "IN_TRANSIT"}, "sent_ts": 1758752625060, "arrival_ts": 1758752625060}
{"action": "send", "src": "AU-N54", "dst": "EU-N157", "hlc": {"phys": 1758752650894, "cnt": 0, "node": "AU-N54"}, "package_id": "PKG52624", "payload": {"status": "RECEIVED"}, "sent_ts": 1758752625354, "arrival_ts": 1758752625354}
{"action": "send", "src": "AU-N54", "dst": "EU-N157", "hlc": {"phys": 1758752651177, "cnt": 0, "node": "AU-N54"}, "package_id": "PKG52624", "payload": {"status": "DELIVERED"}, "sent_ts": 1758752625637, "arrival_ts": 1758752625637}
{"action": "send", "src": "AU-N54", "dst": "AN-N76", "hlc": {"phys": 1758753049902, "cnt": 0, "node": "AU-N54"}, "package_id": "PKG53024", "payload": {"status": "CREATED"}, "sent_ts": 1758753024362, "arrival_ts": 1758753024362}
{"action": "send", "src": "AU-N54", "dst": "AN-N76", "hlc": {"phys": 1758753050302, "cnt": 0, "node": "AU-N54"}, "package_id": "PKG53024", "payload": {"status": "SENT"}, "sent_ts": 1758753024762, "arrival_ts": 1758753024762}
{"action": "send", "src": "AU-N54", "dst": "AN-N76", "hlc": {"phys": 1758753050602, "cnt": 0, "node": "AU-N54"}, "package_id": "PKG53024", "payload": {"status": "IN_TRANSIT"}, "sent_ts": 1758753025062, "arrival_ts": 1758753025062}
{"action": "send", "src": "AU-N54", "dst": "AN-N76", "hlc": {"phys": 1758753050940, "cnt": 0, "node": "AU-N54"}, "package_id": "PKG53024", "payload": {"status": "RECEIVED"}, "sent_ts": 1758753025400, "arrival_ts": 1758753025400}
{"action": "send", "src": "AU-N54", "dst": "AN-N76", "hlc": {"phys": 1758753051242, "cnt": 0, "node": "AU-N54"}, "package_id": "PKG53024", "payload": {"status": "DELIVERED"}, "sent_ts": 1758753025702, "arrival_ts": 1758753025702}
{"action": "send", "src": "AU-N54", "dst": "AF-N106", "hlc": {"phys": 1758753201248, "cnt": 0, "node": "AU-N54"}, "package_id": "PKG53175", "payload": {"status": "CREATED"}, "sent_ts": 1758753175708, "arrival_ts": 1758753175708}
{"action": "send", "src": "AU-N54", "dst": "AF-N106", "hlc": {"phys": 1758753201652, "cnt": 0, "node": "AU-N54"}, "package_id": "PKG53175", "payload": {"status": "SENT"}, "sent_ts": 1758753176112, "arrival_ts": 1758753176112}
{"action": "send", "src": "AU-N54", "dst": "AF-N106", "hlc": {"phys": 1758753201997, "cnt": 0, "node": "AU-N54"}, "package_id": "PKG53175", "payload": {"status": "IN_TRANSIT"}, "sent_ts": 1758753176457, "arrival_ts": 1758753176457}
{"action": "send", "src": "AU-N54", "dst": "AF-N106", "hlc": {"phys": 1758753202262, "cnt": 0, "node": "AU-N54"}, "package_id": "PKG53175", "payload": {"status": "RECEIVED"}, "sent_ts": 1758753176722, "arrival_ts": 1758753176722}
{"action": "send", "src": "AU-N54", "dst": "AF-N106", "hlc": {"phys": 1758753202517, "cnt": 0, "node": "AU-N54"}, "package_id": "PKG53175", "payload": {"status": "DELIVERED"}, "sent_ts": 1758753176977, "arrival_ts": 1758753176977}
{"action": "send", "src": "AU-N54", "dst": "EU-N195", "hlc": {"phys": 1758754109204, "cnt": 0, "node": "AU-N54"}, "package_id": "PKG54083", "payload": {"status": "CREATED"}, "sent_ts": 1758754083664, "arrival_ts": 1758754083664}
{"action": "send", "src": "AU-N54", "dst": "EU-N195", "hlc": {"phys": 1758754109537, "cnt": 0, "node": "AU-N54"}, "package_id": "PKG54083", "payload": {"status": "SENT"}, "sent_ts": 1758754083997, "arrival_ts": 1758754083997}
{"action": "send", "src": "AU-N54", "dst": "EU-N195", "hlc": {"phys": 1758754109889, "cnt": 0, "node": "AU-N54"}, "package_id": "PKG54083", "payload": {"status": "IN_TRANSIT"}, "sent_ts": 1758754084349, "arrival_ts": 1758754084349}
{"action": "send", "src": "AU-N54", "dst": "EU-N195", "hlc": {"phys": 1758754110115, "cnt": 0, "node": "AU-N54"}, "package_id": "PKG54083", "payload": {"status": "RECEIVED"}, "sent_ts": 1758754084575, "arrival_ts": 1758754084575}
{"action": "send", "src": "AU-N54", "dst": "EU-N195", "hlc": {"phys": 1758754110503, "cnt": 0, "node": "AU-N54"}, "package_id": "PKG54083", "payload": {"status": "DELIVERED"}, "sent_ts": 1758754084963, "arrival_ts": 1758754084963}
{"action": "recv", "src": "NA-N64", "dst": "AU-N54", "hlc": {"phys": 1758754735905, "cnt": 0, "node": "NA-N64"}, "package_id": "PKG54735", "payload": {"status": "CREATED"}, "sent_ts": 1758754735265, "arrival_ts": 1758754735443}
{"action": "recv", "src": "NA-N64", "dst": "AU-N54", "hlc": {"phys": 1758754736298, "cnt": 0, "node": "NA-N64"}, "package_id": "PKG54735", "payload": {"status": "SENT"}, "sent_ts": 1758754735658, "arrival_ts": 1758754735809}
{"action": "recv", "src": "NA-N64", "dst": "AU-N54", "hlc": {"phys": 1758754736648, "cnt": 0, "node": "NA-N64"}, "package_id": "PKG54735", "payload": {"status": "IN_TRANSIT"}, "sent_ts": 1758754736008, "arrival_ts": 1758754736088}
{"action": "recv", "src": "NA-N64", "dst": "AU-N54", "hlc": {"phys": 1758754736948, "cnt": 0, "node": "NA-N64"}, "package_id": "PKG54735", "payload": {"status": "RECEIVED"}, "sent_ts": 1758754736308, "arrival_ts": 1758754736320}
{"action": "recv", "src": "NA-N64", "dst": "AU-N54", "hlc": {"phys": 1758754737173, "cnt": 0, "node": "NA-N64"}, "package_id": "PKG54735", "payload": {"status": "DELIVERED"}, "sent_ts": 1758754736533, "arrival_ts": 1758754736609}
{"action": "send", "src": "AU-N54", "dst": "AF-N49", "hlc": {"phys": 1758755727820, "cnt": 0, "node": "AU-N54"}, "package_id": "PKG55702", "payload": {"status": "CREATED"}, "sent_ts": 1758755702280, "arrival_ts": 1758755702280}
{"action": "send", "src": "AU-N54", "dst": "AF-N49", "hlc": {"phys": 1758755728089, "cnt": 0, "node": "AU-N54"}, "package_id": "PKG55702", "payload": {"status": "SENT"}, "sent_ts": 1758755702549, "arrival_ts": 1758755702549}
{"action": "send", "src": "AU-N54", "dst": "AF-N49", "hlc": {"phys": 1758755728424, "cnt": 0, "node": "AU-N54"}, "package_id": "PKG55702", "payload": {"status": "IN_TRANSIT"}, "sent_ts": 1758755702884, "arrival_ts": 1758755702884}
{"action": "send", "src": "AU-N54", "dst": "AF-N49", "hlc": {"phys": 1758755728650, "cnt": 0, "node": "AU-N54"}, "package_id": "PKG55702", "payload": {"status": "RECEIVED"}, "sent_ts": 1758755703110, "arrival_ts": 1758755703110}
{"action": "send", "src": "AU-N54", "dst": "AF-N49", "hlc": {"phys": 1758755729065, "cnt": 0, "node": "AU-N54"}, "package_id": "PKG55702", "payload": {"status": "DELIVERED"}, "sent_ts": 1758755703525, "arrival_ts": 1758755703525}
{"action": "recv", "src": "AU-N152", "dst": "AU-N54", "hlc": {"phys": 1758755878939, "cnt": 0, "node": "AU-N152"}, "package_id": "PKG55852", "payload": {"status": "CREATED"}, "sent_ts": 1758755852419, "arrival_ts": 1758755852537}
{"action": "recv", "src": "AU-N152", "dst": "AU-N54", "hlc": {"phys": 1758755879262, "cnt": 0, "node": "AU-N152"}, "package_id": "PKG55852", "payload": {"status": "SENT"}, "sent_ts": 1758755852742, "arrival_ts": 1758755852918}
{"action": "recv", "src": "AU-N152", "dst": "AU-N54", "hlc": {"phys": 1758755879637, "cnt": 0, "node": "AU-N152"}, "package_id": "PKG55852", "payload": {"status": "IN_TRANSIT"}, "sent_ts": 1758755853117, "arrival_ts": 1758755853244}
{"action": "recv", "src": "AU-N152", "dst": "AU-N54", "hlc": {"phys": 1758755879984, "cnt": 0, "node": "AU-N152"}, "package_id": "PKG55852", "payload": {"status": "RECEIVED"}, "sent_ts": 1758755853464, "arrival_ts": 1758755853515}
{"action": "recv", "src": "AU-N152", "dst": "AU-N54", "hlc": {"phys": 1758755880239, "cnt": 0, "node": "AU-N152"}, "package_id": "PKG55852", "payload": {"status": "DELIVERED"}, "sent_ts": 1758755853719, "arrival_ts": 1758755853743}
{"action": "recv", "src": "AN-N52", "dst": "AU-N54", "hlc": {"phys": 1758756558099, "cnt": 0, "node": "AN-N52"}, "package_id": "PKG56527", "payload": {"status": "CREATED"}, "sent_ts": 1758756527579, "arrival_ts": 1758756527659}
{"action": "recv", "src": "AN-N52", "dst": "AU-N54", "hlc": {"phys": 1758756558389, "cnt": 0, "node": "AN-N52"}, "package_id": "PKG56527", "payload": {"status": "SENT"}, "sent_ts": 1758756527869, "arrival_ts": 1758756527979}
{"action": "recv", "src": "AN-N52", "dst": "AU-N54", "hlc": {"phys": 1758756558710, "cnt": 0, "node": "AN-N52"}, "package_id": "PKG56527", "payload": {"status": "IN_TRANSIT"}, "sent_ts": 1758756528190, "arrival_ts": 1758756528307}
{"action": "recv", "src": "AN-N52", "dst": "AU-N54", "hlc": {"phys": 1758756559026, "cnt": 0, "node": "AN-N52"}, "package_id": "PKG56527", "payload": {"status": "RECEIVED"}, "sent_ts": 1758756528506, "arrival_ts": 1758756528597}
{"action": "recv", "src": "AN-N52", "dst": "AU-N54", "hlc": {"phys": 1758756559318, "cnt": 0, "node": "AN-N52"}, "package_id": "PKG56527", "payload": {"status": "DELIVERED"}, "sent_ts": 1758756528798, "arrival_ts": 1758756528927}
{"action": "recv", "src": "AN-N175", "dst": "AU-N54", "hlc": {"phys": 1758757505614, "cnt": 0, "node": "AN-N175"}, "package_id": "PKG57473", "payload": {"status": "CREATED"}, "sent_ts": 1758757473864, "arrival_ts": 1758757473940}
{"action": "recv", "src": "AN-N175", "dst": "AU-N54", "hlc": {"phys": 1758757505898, "cnt": 0, "node": "AN-N175"}, "package_id": "PKG57473", "payload": {"status": "SENT"}, "sent_ts": 1758757474148, "arrival_ts": 1758757474347}
{"action": "recv", "src": "AN-N175", "dst": "AU-N54", "hlc": {"phys": 1758757506310, "cnt": 0, "node": "AN-N175"}, "package_id": "PKG57473", "payload": {"status": "IN_TRANSIT"}, "sent_ts": 1758757474560, "arrival_ts": 1758757474753}
{"action": "recv", "src": "AN-N175", "dst": "AU-N54", "hlc": {"phys": 1758757506716, "cnt": 0, "node": "AN-N175"}, "package_id": "PKG57473", "payload": {"status": "RECEIVED"}, "sent_ts": 1758757474966, "arrival_ts": 1758757475028}
{"action": "recv", "src": "AN-N175", "dst": "AU-N54", "hlc": {"phys": 1758757506987, "cnt": 0, "node": "AN-N175"}, "package_id": "PKG57473", "payload": {"status": "DELIVERED"}, "sent_ts": 1758757475237, "arrival_ts": 1758757475346}
{"action": "recv", "src": "AF-N147", "dst": "AU-N54", "hlc": {"phys": 1758758711292, "cnt": 0, "node": "AF-N147"}, "package_id": "PKG58694", "payload": {"status": "CREATED"}, "sent_ts": 1758758694822, "arrival_ts": 1758758694991}
{"action": "recv", "src": "AF-N147", "dst": "AU-N54", "hlc": {"phys": 1758758711671, "cnt": 0, "node": "AF-N147"}, "package_id": "PKG58694", "payload": {"status": "SENT"}, "sent_ts": 1758758695201, "arrival_ts": 1758758695349}
{"action": "recv", "src": "AF-N147", "dst": "AU-N54", "hlc": {"phys": 1758758712022, "cnt": 0, "node": "AF-N147"}, "package_id": "PKG58694", "payload": {"status": "IN_TRANSIT"}, "sent_ts": 1758758695552, "arrival_ts": 1758758695601}
{"action": "recv", "src": "AF-N147", "dst": "AU-N54", "hlc": {"phys": 1758758712278, "cnt": 0, "node": "AF-N147"}, "package_id": "PKG58694", "payload": {"status": "RECEIVED"}, "sent_ts": 1758758695808, "arrival_ts": 1758758695858}
{"action": "recv", "src": "AF-N147", "dst": "AU-N54", "hlc": {"phys": 1758758712518, "cnt": 0, "node": "AF-N147"}, "package_id": "PKG58694", "payload": {"status": "DELIVERED"}, "sent_ts": 1758758696048, "arrival_ts": 1758758696146}
{"action": "send", "src": "AU-N54", "dst": "AF-N178", "hlc": {"phys": 1758758832570, "cnt": 0, "node": "AU-N54"}, "package_id": "PKG58807", "payload": {"status": "CREATED"}, "sent_ts": 1758758807030, "arrival_ts": 1758758807030}
{"action": "send", "src": "AU-N54", "dst": "AF-N178", "hlc": {"phys": 1758758832927, "cnt": 0, "node": "AU-N54"}, "package_id": "PKG58807", "payload": {"status": "SENT"}, "sent_ts": 1758758807387, "arrival_ts": 1758758807387}
{"action": "send", "src": "AU-N54", "dst": "AF-N178", "hlc": {"phys": 1758758833160, "cnt": 0, "node": "AU-N54"}, "package_id": "PKG58807", "payload": {"status": "IN_TRANSIT"}, "sent_ts": 1758758807620, "arrival_ts": 1758758807620}
{"action": "send", "src": "AU-N54", "dst": "AF-N178", "hlc": {"phys": 1758758833393, "cnt": 0, "node": "AU-N54"}, "package_id": "PKG58807", "payload": {"status": "RECEIVED"}, "sent_ts": 1758758807853, "arrival_ts": 1758758807853}
{"action": "send", "src": "AU-N54", "dst": "AF-N178", "hlc": {"phys": 1758758833688, "cnt": 0, "node": "AU-N54"}, "package_id": "PKG58807", "payload": {"status": "DELIVERED"}, "sent_ts": 1758758808148, "arrival_ts": 1758758808148}
{"action": "send", "src": "AU-N54", "dst": "NA-N90", "hlc": {"phys": 1758801314625, "cnt": 0, "node": "AU-N54"}, "package_id": "PKG1289", "payload": {"status": "CREATED"}, "sent_ts": 1758801289085, "arrival_ts": 1758801289085}
{"action": "send", "src": "AU-N54", "dst": "NA-N90", "hlc": {"phys": 1758801314857, "cnt": 0, "node": "AU-N54"}, "package_id": "PKG1289", "payload": {"status": "SENT"}, "sent_ts": 1758801289317, "arrival_ts": 1758801289317}
{"action": "send", "src": "AU-N54", "dst": "NA-N90", "hlc": {"phys": 1758801315141, "cnt": 0, "node": "AU-N54"}, "package_id": "PKG1289", "payload": {"status": "IN_TRANSIT"}, "sent_ts": 1758801289601, "arrival_ts": 1758801289601}
{"action": "send", "src": "AU-N54", "dst": "NA-N90", "hlc": {"phys": 1758801315430, "cnt": 0, "node": "AU-N54"}, "package_id": "PKG1289", "payload": {"status": "RECEIVED"}, "sent_ts": 1758801289890, "arrival_ts": 1758801289890}
{"action": "send", "src": "AU-N54", "dst": "NA-N90", "hlc": {"phys": 1758801315797, "cnt": 0, "node": "AU-N54"}, "package_id": "PKG1289", "payload": {"status": "DELIVERED"}, "sent_ts": 1758801290257, "arrival_ts": 1758801290257}
{"action": "send", "src": "AU-N54", "dst": "AF-N145", "hlc": {"phys": 1758803077867, "cnt": 0, "node": "AU-N54"}, "package_id": "PKG3052", "payload": {"status": "CREATED"}, "sent_ts": 1758803052327, "arrival_ts": 1758803052327}
{"action": "send", "src": "AU-N54", "dst": "AF-N145", "hlc": {"phys": 1758803078103, "cnt": 0, "node": "AU-N54"}, "package_id": "PKG3052", "payload": {"status": "SENT"}, "sent_ts": 1758803052563, "arrival_ts": 1758803052563}
{"action": "send", "src": "AU-N54", "dst": "AF-N145", "hlc": {"phys": 1758803078357, "cnt": 0, "node": "AU-N54"}, "package_id": "PKG3052", "payload": {"status": "IN_TRANSIT"}, "sent_ts": 1758803052817, "arrival_ts": 1758803052817}
{"action": "send", "src": "AU-N54", "dst": "AF-N145", "hlc": {"phys": 1758803078732, "cnt": 0, "node": "AU-N54"}, "package_id": "PKG3052", "payload": {"status": "RECEIVED"}, "sent_ts": 1758803053192, "arrival_ts": 1758803053192}
{"action": "send", "src": "AU-N54", "dst": "AF-N145", "hlc": {"phys": 1758803079040, "cnt": 0, "node": "AU-N54"}, "package_id": "PKG3052", "payload": {"status": "DELIVERED"}, "sent_ts": 1758803053500, "arrival_ts": 1758803053500}
{"action": "send", "src": "AU-N54", "dst": "AS-N183", "hlc": {"phys": 1758809535185, "cnt": 0, "node": "AU-N54"}, "package_id": "PKG9509", "payload": {"status": "CREATED"}, "sent_ts": 1758809509645, "arrival_ts": 1758809509645}
{"action": "send", "src": "AU-N54", "dst": "AS-N183", "hlc": {"phys": 1758809535493, "cnt": 0, "node": "AU-N54"}, "package_id": "PKG9509", "payload": {"status": "SENT"}, "sent_ts": 1758809509953, "arrival_ts": 1758809509953}
{"action": "send", "src": "AU-N54", "dst": "AS-N183", "hlc": {"phys": 1758809535789, "cnt": 0, "node": "AU-N54"}, "package_id": "PKG9509", "payload": {"status": "IN_TRANSIT"}, "sent_ts": 1758809510249, "arrival_ts": 1758809510249}
{"action": "send", "src": "AU-N54", "dst": "AS-N183", "hlc": {"phys": 1758809536082, "cnt": 0, "node": "AU-N54"}, "package_id": "PKG9509", "payload": {"status": "RECEIVED"}, "sent_ts": 1758809510542, "arrival_ts": 1758809510542}
{"action": "send", "src": "AU-N54", "dst": "AS-N183", "hlc": {"phys": 1758809536329, "cnt": 0, "node": "AU-N54"}, "package_id": "PKG9509", "payload": {"status": "DELIVERED"}, "sent_ts": 1758809510789, "arrival_ts": 1758809510789}
{"action": "send", "src": "AU-N54", "dst": "AN-N108", "hlc": {"phys": 1758810336971, "cnt": 0, "node": "AU-N54"}, "package_id": "PKG10311", "payload": {"status": "CREATED"}, "sent_ts": 1758810311431, "arrival_ts": 1758810311431}
{"action": "send", "src": "AU-N54", "dst": "AN-N108", "hlc": {"phys": 1758810337342, "cnt": 0, "node": "AU-N54"}, "package_id": "PKG10311", "payload": {"status": "SENT"}, "sent_ts": 1758810311802, "arrival_ts": 1758810311802}
{"action": "send", "src": "AU-N54", "dst": "AN-N108", "hlc": {"phys": 1758810337578, "cnt": 0, "node": "AU-N54"}, "package_id": "PKG10311", "payload": {"status": "IN_TRANSIT"}, "sent_ts": 1758810312038, "arrival_ts": 1758810312038}
{"action": "send", "src": "AU-N54", "dst": "AN-N108", "hlc": {"phys": 1758810337979, "cnt": 0, "node": "AU-N54"}, "package_id": "PKG10311", "payload": {"status": "RECEIVED"}, "sent_ts": 1758810312439, "arrival_ts": 1758810312439}
{"action": "send", "src": "AU-N54", "dst": "AN-N108", "hlc": {"phys": 1758810338364, "cnt": 0, "node": "AU-N54"}, "package_id": "PKG10311", "payload": {"status": "DELIVERED"}, "sent_ts": 1758810312824, "arrival_ts": 1758810312824}
{"action": "send", "src": "AU-N54", "dst": "AS-N175", "hlc": {"phys": 1758810586157, "cnt": 0, "node": "AU-N54"}, "package_id": "PKG10560", "payload": {"status": "CREATED"}, "sent_ts": 1758810560617, "arrival_ts": 1758810560617}
{"action": "send", "src": "AU-N54", "dst": "AS-N175", "hlc": {"phys": 1758810586465, "cnt": 0, "node": "AU-N54"}, "package_id": "PKG10560", "payload": {"status": "SENT"}, "sent_ts": 1758810560925, "arrival_ts": 1758810560925}
{"action": "send", "src": "AU-N54", "dst": "AS-N175", "hlc": {"phys": 1758810586713, "cnt": 0, "node": "AU-N54"}, "package_id": "PKG10560", "payload": {"status": "IN_TRANSIT"}, "sent_ts": 1758810561173, "arrival_ts": 1758810561173}
{"action": "send", "src": "AU-N54", "dst": "AS-N175", "hlc": {"phys": 1758810587071, "cnt": 0, "node": "AU-N54"}, "package_id": "PKG10560", "payload": {"status": "RECEIVED"}, "sent_ts": 1758810561531, "arrival_ts": 1758810561531}
{"action": "send", "src": "AU-N54", "dst": "AS-N175", "hlc": {"phys": 1758810587412, "cnt": 0, "node": "AU-N54"}, "package_id": "PKG10560", "payload": {"status": "DELIVERED"}, "sent_ts": 1758810561872, "arrival_ts": 1758810561872}
{"action": "recv", "src": "NA-N162", "dst": "AU-N54", "hlc": {"phys": 1758813020875, "cnt": 0, "node": "NA-N162"}, "package_id": "PKG13019", "payload": {"status": "CREATED"}, "sent_ts": 1758813019255, "arrival_ts": 1758813019398}
{"action": "recv", "src": "NA-N162", "dst": "AU-N54", "hlc": {"phys": 1758813021217, "cnt": 0, "node": "NA-N162"}, "package_id": "PKG13019", "payload": {"status": "SENT"}, "sent_ts": 1758813019597, "arrival_ts": 1758813019657}
{"action": "recv", "src": "NA-N162", "dst": "AU-N54", "hlc": {"phys": 1758813021478, "cnt": 0, "node": "NA-N162"}, "package_id": "PKG13019", "payload": {"status": "IN_TRANSIT"}, "sent_ts": 1758813019858, "arrival_ts": 1758813019987}
{"action": "recv", "src": "NA-N162", "dst": "AU-N54", "hlc": {"phys": 1758813021820, "cnt": 0, "node": "NA-N162"}, "package_id": "PKG13019", "payload": {"status": "RECEIVED"}, "sent_ts": 1758813020200, "arrival_ts": 1758813020253}
{"action": "recv", "src": "NA-N162", "dst": "AU-N54", "hlc": {"phys": 1758813022084, "cnt": 0, "node": "NA-N162"}, "package_id": "PKG13019", "payload": {"status": "DELIVERED"}, "sent_ts": 1758813020464, "arrival_ts": 1758813020538}
{"action": "send", "src": "AU-N54", "dst": "AS-N57", "hlc": {"phys": 1758813109235, "cnt": 0, "node": "AU-N54"}, "package_id": "PKG13083", "payload": {"status": "CREATED"}, "sent_ts": 1758813083695, "arrival_ts": 1758813083695}
{"action": "send", "src": "AU-N54", "dst": "AS-N57", "hlc": {"phys": 1758813109622, "cnt": 0, "node": "AU-N54"}, "package_id": "PKG13083", "payload": {"status": "SENT"}, "sent_ts": 1758813084082, "arrival_ts": 1758813084082}
{"action": "send", "src": "AU-N54", "dst": "AS-N57", "hlc": {"phys": 1758813109871, "cnt": 0, "node": "AU-N54"}, "package_id": "PKG13083", "payload": {"status": "IN_TRANSIT"}, "sent_ts": 1758813084331, "arrival_ts": 1758813084331}
{"action": "send", "src": "AU-N54", "dst": "AS-N57", "hlc": {"phys": 1758813110122, "cnt": 0, "node": "AU-N54"}, "package_id": "PKG13083", "payload": {"status": "RECEIVED"}, "sent_ts": 1758813084582, "arrival_ts": 1758813084582}
{"action": "send", "src": "AU-N54", "dst": "AS-N57", "hlc": {"phys": 1758813110398, "cnt": 0, "node": "AU-N54"}, "package_id": "PKG13083", "payload": {"status": "DELIVERED"}, "sent_ts": 1758813084858, "arrival_ts": 1758813084858}
{"action": "recv", "src": "SA-N121", "dst": "AU-N54", "hlc": {"phys": 1758813500746, "cnt": 0, "node": "SA-N121"}, "package_id": "PKG13479", "payload": {"status": "CREATED"}, "sent_ts": 1758813479536, "arrival_ts": 1758813479675}
{"action": "recv", "src": "SA-N121", "dst": "AU-N54", "hlc": {"phys": 1758813501084, "cnt": 0, "node": "SA-N121"}, "package_id": "PKG13479", "payload": {"status": "SENT"}, "sent_ts": 1758813479874, "arrival_ts": 1758813479886}
{"action": "recv", "src": "SA-N121", "dst": "AU-N54", "hlc": {"phys": 1758813501287, "cnt": 0, "node": "SA-N121"}, "package_id": "PKG13479", "payload": {"status": "IN_TRANSIT"}, "sent_ts": 1758813480077, "arrival_ts": 1758813480244}
{"action": "recv", "src": "SA-N121", "dst": "AU-N54", "hlc": {"phys": 1758813501662, "cnt": 0, "node": "SA-N121"}, "package_id": "PKG13479", "payload": {"status": "RECEIVED"}, "sent_ts": 1758813480452, "arrival_ts": 1758813480522}
{"action": "recv", "src": "SA-N121", "dst": "AU-N54", "hlc": {"phys": 1758813501943, "cnt": 0, "node": "SA-N121"}, "package_id": "PKG13479", "payload": {"status": "DELIVERED"}, "sent_ts": 1758813480733, "arrival_ts": 1758813480765}
{"action": "recv", "src": "EU-N46", "dst": "AU-N54", "hlc": {"phys": 1758814041239, "cnt": 0, "node": "EU-N46"}, "package_id": "PKG14035", "payload": {"status": "CREATED"}, "sent_ts": 1758814035779, "arrival_ts": 1758814035837}
{"action": "recv", "src": "EU-N46", "dst": "AU-N54", "hlc": {"phys": 1758814041500, "cnt": 0, "node": "EU-N46"}, "package_id": "PKG14035", "payload": {"status": "SENT"}, "sent_ts": 1758814036040, "arrival_ts": 1758814036232}
{"action": "recv", "src": "EU-N46", "dst": "AU-N54", "hlc": {"phys": 1758814041890, "cnt": 0, "node": "EU-N46"}, "package_id": "PKG14035", "payload": {"status": "IN_TRANSIT"}, "sent_ts": 1758814036430, "arrival_ts": 1758814036542}
{"action": "recv", "src": "EU-N46", "dst": "AU-N54", "hlc": {"phys": 1758814042200, "cnt": 0, "node": "EU-N46"}, "package_id": "PKG14035", "payload": {"status": "RECEIVED"}, "sent_ts": 1758814036740, "arrival_ts": 1758814036843}
{"action": "recv", "src": "EU-N46", "dst": "AU-N54", "hlc": {"phys": 1758814042511, "cnt": 0, "node": "EU-N46"}, "package_id": "PKG14035", "payload": {"status": "DELIVERED"}, "sent_ts": 1758814037051, "arrival_ts": 1758814037215}
{"action": "send", "src": "AU-N54", "dst": "AF-N74", "hlc": {"phys": 1758814227352, "cnt": 0, "node": "AU-N54"}, "package_id": "PKG14201", "payload": {"status": "CREATED"}, "sent_ts": 1758814201812, "arrival_ts": 1758814201812}
{"action": "send", "src": "AU-N54", "dst": "AF-N74", "hlc": {"phys": 1758814227692, "cnt": 0, "node": "AU-N54"}, "package_id": "PKG14201", "payload": {"status": "SENT"}, "sent_ts": 1758814202152, "arrival_ts": 1758814202152}
{"action": "send", "src": "AU-N54", "dst": "AF-N74", "hlc": {"phys": 1758814228047, "cnt": 0, "node": "AU-N54"}, "package_id": "PKG14201", "payload": {"status": "IN_TRANSIT"}, "sent_ts": 1758814202507, "arrival_ts": 1758814202507}
{"action": "send", "src": "AU-N54", "dst": "AF-N74", "hlc": {"phys": 1758814228387, "cnt": 0, "node": "AU-N54"}, "package_id": "PKG14201", "payload": {"status": "RECEIVED"}, "sent_ts": 1758814202847, "arrival_ts": 1758814202847}
{"action": "send", "src": "AU-N54", "dst": "AF-N74", "hlc": {"phys": 1758814228636, "cnt": 0, "node": "AU-N54"}, "package_id": "PKG14201", "payload": {"status": "DELIVERED"}, "sent_ts": 1758814203096, "arrival_ts": 1758814203096}
{"action": "recv", "src": "SA-N92", "dst": "AU-N54", "hlc": {"phys": 1758816945192, "cnt": 0, "node": "SA-N92"}, "package_id": "PKG16924", "payload": {"status": "CREATED"}, "sent_ts": 1758816924272, "arrival_ts": 1758816924448}
{"action": "recv", "src": "SA-N92", "dst": "AU-N54", "hlc": {"phys": 1758816945560, "cnt": 0, "node": "SA-N92"}, "package_id": "PKG16924", "payload": {"status": "SENT"}, "sent_ts": 1758816924640, "arrival_ts": 1758816924732}
{"action": "recv", "src": "SA-N92", "dst": "AU-N54", "hlc": {"phys": 1758816945853, "cnt": 0, "node": "SA-N92"}, "package_id": "PKG16924", "payload": {"status": "IN_TRANSIT"}, "sent_ts": 1758816924933, "arrival_ts": 1758816924951}
{"action": "recv", "src": "SA-N92", "dst": "AU-N54", "hlc": {"phys": 1758816946086, "cnt": 0, "node": "SA-N92"}, "package_id": "PKG16924", "payload": {"status": "RECEIVED"}, "sent_ts": 1758816925166, "arrival_ts": 1758816925185}
{"action": "recv", "src": "SA-N92", "dst": "AU-N54", "hlc": {"phys": 1758816946303, "cnt": 0, "node": "SA-N92"}, "package_id": "PKG16924", "payload": {"status": "DELIVERED"}, "sent_ts": 1758816925383, "arrival_ts": 1758816925490}
