{"action": "recv", "src": "AU-N180", "dst": "EU-N182", "hlc": {"phys": 1758718278974, "cnt": 0, "node": "AU-N180"}, "package_id": "PKG18252", "payload": {"status": "CREATED"}, "sent_ts": 1758718252174, "arrival_ts": 1758718252244}
{"action": "recv", "src": "AU-N180", "dst": "EU-N182", "hlc": {"phys": 1758718279242, "cnt": 0, "node": "AU-N180"}, "package_id": "PKG18252", "payload": {"status": "SENT"}, "sent_ts": 1758718252442, "arrival_ts": 1758718252580}
{"action": "recv", "src": "AU-N180", "dst": "EU-N182", "hlc": {"phys": 1758718279586, "cnt": 0, "node": "AU-N180"}, "package_id": "PKG18252", "payload": {"status": "IN_TRANSIT"}, "sent_ts": 1758718252786, "arrival_ts": 1758718252877}
{"action": "recv", "src": "AU-N180", "dst": "EU-N182", "hlc": {"phys": 1758718279892, "cnt": 0, "node": "AU-N180"}, "package_id": "PKG18252", "payload": {"status": "RECEIVED"}, "sent_ts": 1758718253092, "arrival_ts": 1758718253143}
{"action": "recv", "src": "AU-N180", "dst": "EU-N182", "hlc": {"phys": 1758718280147, "cnt": 0, "node": "AU-N180"}, "package_id": "PKG18252", "payload": {"status": "DELIVERED"}, "sent_ts": 1758718253347, "arrival_ts": 1758718253398}
{"action": "recv", "src": "AF-N189", "dst": "EU-N182", "hlc": {"phys": 1758718274199, "cnt": 0, "node": "AF-N189"}, "package_id": "PKG18257", "payload": {"status": "CREATED"}, "sent_ts": 1758718257309, "arrival_ts": 1758718257344}
{"action": "recv", "src": "AF-N189", "dst": "EU-N182", "hlc": {"phys": 1758718274443, "cnt": 0, "node": "AF-N189"}, "package_id": "PKG18257", "payload": {"status": "SENT"}, "sent_ts": 1758718257553, "arrival_ts": 1758718257679}
{"action": "recv", "src": "AF-N189", "dst": "EU-N182", "hlc": {"phys": 1758718274770, "cnt": 0, "node": "AF-N189"}, "package_id": "PKG18257", "payload": {"status": "IN_TRANSIT"}, "sent_ts": 1758718257880, "arrival_ts": 1758718258028}
{"action": "recv", "src": "AF-N189", "dst": "EU-N182", "hlc": {"phys": 1758718275121, "cnt": 0, "node": "AF-N189"}, "package_id": "PKG18257", "payload": {"status": "RECEIVED"}, "sent_ts": 1758718258231, "arrival_ts": 1758718258260}
{"action": "recv", "src": "AF-N189", "dst": "EU-N182", "hlc": {"phys": 1758718275344, "cnt": 0, "node": "AF-N189"}, "package_id": "PKG18257", "payload": {"status": "DELIVERED"}, "sent_ts": 1758718258454, "arrival_ts": 1758718258556}
{"action": "send", "src": "EU-N182", "dst": "AN-N132", "hlc": {"phys": 1758740966568, "cnt": 0, "node": "EU-N182"}, "package_id": "PKG40959", "payload": {"status": "CREATED"}, "sent_ts": 1758740959748, "arrival_ts": 1758740959748}
{"action": "send", "src": "EU-N182", "dst": "AN-N132", "hlc": {"phys": 1758740966978, "cnt": 0, "node": "EU-N182"}, "package_id": "PKG40959", "payload": {"status": "SENT"}, "sent_ts": 1758740960158, "arrival_ts": 1758740960158}
{"action": "send", "src": "EU-N182", "dst": "AN-N132", "hlc": {"phys": 1758740967297, "cnt": 0, "node": "EU-N182"}, "package_id": "PKG40959", "payload": {"status": "IN_TRANSIT"}, "sent_ts": 1758740960477, "arrival_ts": 1758740960477}
{"action": "send", "src": "EU-N182", "dst": "AN-N132", "hlc": {"phys": 1758740967699, "cnt": 0, "node": "EU-N182"}, "package_id": "PKG40959", "payload": {"status": "RECEIVED"}, "sent_ts": 1758740960879, "arrival_ts": 1758740960879}
{"action": "send", "src": "EU-N182", "dst": "AN-N132", "hlc": {"phys": 1758740968089, "cnt": 0, "node": "EU-N182"}, "package_id": "PKG40959", "payload": {"status": "DELIVERED"}, "sent_ts": 1758740961269, "arrival_ts": 1758740961269}
{"action": "send", "src": "EU-N182", "dst": "AS-N77", "hlc": {"phys": 1758741265886, "cnt": 0, "node": "EU-N182"}, "package_id": "PKG41259", "payload": {"status": "CREATED"}, "sent_ts": 1758741259066, "arrival_ts": 1758741259066}
{"action": "send", "src": "EU-N182", "dst": "AS-N77", "hlc": {"phys": 1758741266173, "cnt": 0, "node": "EU-N182"}, "package_id": "PKG41259", "payload": {"status": "SENT"}, "sent_ts": 1758741259353, "arrival_ts": 1758741259353}
{"action": "send", "src": "EU-N182", "dst": "AS-N77", "hlc": {"phys": 1758741266398, "cnt": 0, "node": "EU-N182"}, "package_id": "PKG41259", "payload": {"status": "IN_TRANSIT"}, "sent_ts": 1758741259578, "arrival_ts": 1758741259578}
{"action": "send", "src": "EU-N182", "dst": "AS-N77", "hlc": {"phys": 1758741266677, "cnt": 0, "node": "EU-N182"}, "package_id": "PKG41259", "payload": {"status": "RECEIVED"}, "sent_ts": 1758741259857, "arrival_ts": 1758741259857}
{"action": "send", "src": "EU-N182", "dst": "AS-N77", "hlc": {"phys": 1758741266904, "cnt": 0, "node": "EU-N182"}, "package_id": "PKG41259", "payload": {"status": "DELIVERED"}, "sent_ts": 1758741260084, "arrival_ts": 1758741260084}
{"action": "recv", "src": "SA-N61", "dst": "EU-N182", "hlc": {"phys": 1758742404359, "cnt": 0, "node": "SA-N61"}, "package_id": "PKG42383", "payload": {"status": "CREATED"}, "sent_ts": 1758742383748, "arrival_ts": 1758742383812}
{"action": "recv", "src": "SA-N61", "dst": "EU-N182", "hlc": {"phys": 1758742404638, "cnt": 0, "node": "SA-N61"}, "package_id": "PKG42383", "payload": {"status": "SENT"}, "sent_ts": 1758742384028, "arrival_ts": 1758742384114}
{"action": "recv", "src": "SA-N61", "dst": "EU-N182", "hlc": {"phys": 1758742404934, "cnt": 0, "node": "SA-N61"}, "package_id": "PKG42383", "payload": {"status": "IN_TRANSIT"}, "sent_ts": 1758742384324, "arrival_ts": 1758742384464}
{"action": "recv", "src": "SA-N61", "dst": "EU-N182", "hlc": {"phys": 1758742405293, "cnt": 0, "node": "SA-N61"}, "package_id": "PKG42383", "payload": {"status": "RECEIVED"}, "sent_ts": 1758742384683, "arrival_ts": 1758742384808}
{"action": "recv", "src": "SA-N61", "dst": "EU-N182", "hlc": {"phys": 1758742405634, "cnt": 0, "node": "SA-N61"}, "package_id": "PKG42383", "payload": {"status": "DELIVERED"}, "sent_ts": 1758742385024, "arrival_ts": 1758742385055}
{"action": "recv", "src": "EU-N46", "dst": "EU-N182", "hlc": {"phys": 1758743020038, "cnt": 0, "node": "EU-N46"}, "package_id": "PKG43014", "payload": {"status": "CREATED"}, "sent_ts": 1758743014578, "arrival_ts": 1758743014734}
{"action": "recv", "src": "EU-N46", "dst": "EU-N182", "hlc": {"phys": 1758743020406, "cnt": 0, "node": "EU-N46"}, "package_id": "PKG43014", "payload": {"status": "SENT"}, "sent_ts": 1758743014946, "arrival_ts": 1758743015071}
{"action": "recv", "src": "EU-N46", "dst": "EU-N182", "hlc": {"phys": 1758743020734, "cnt": 0, "node": "EU-N46"}, "package_id": "PKG43014", "payload": {"status": "IN_TRANSIT"}, "sent_ts": 1758743015274, "arrival_ts": 1758743015469}
{"action": "recv", "src": "EU-N46", "dst": "EU-N182", "hlc": {"phys": 1758743021143, "cnt": 0, "node": "EU-N46"}, "package_id": "PKG43014", "payload": {"status": "RECEIVED"}, "sent_ts": 1758743015683, "arrival_ts": 1758743015799}
{"action": "recv", "src": "EU-N46", "dst": "EU-N182", "hlc": {"phys": 1758743021463, "cnt": 0, "node": "EU-N46"}, "package_id": "PKG43014", "payload": {"status": "DELIVERED"}, "sent_ts": 1758743016003, "arrival_ts": 1758743016145}
{"action": "send", "src": "EU-N182", "dst": "SA-N94", "hlc": {"phys": 1758743701686, "cnt": 0, "node": "EU-N182"}, "package_id": "PKG43694", "payload": {"status": "CREATED"}, "sent_ts": 1758743694866, "arrival_ts": 1758743694866}
{"action": "send", "src": "EU-N182", "dst": "SA-N94", "hlc": {"phys": 1758743702009, "cnt": 0, "node": "EU-N182"}, "package_id": "PKG43694", "payload": {"status": "SENT"}, "sent_ts": 1758743695189, "arrival_ts": 1758743695189}
{"action": "send", "src": "EU-N182", "dst": "SA-N94", "hlc": {"phys": 1758743702364, "cnt": 0, "node": "EU-N182"}, "package_id": "PKG43694", "payload": {"status": "IN_TRANSIT"}, "sent_ts": 1758743695544, "arrival_ts": 1758743695544}
{"action": "send", "src": "EU-N182", "dst": "SA-N94", "hlc": {"phys": 1758743702672, "cnt": 0, "node": "EU-N182"}, "package_id": "PKG43694", "payload": {"status": "RECEIVED"}, "sent_ts": 1758743695852, "arrival_ts": 1758743695852}
{"action": "send", "src": "EU-N182", "dst": "SA-N94", "hlc": {"phys": 1758743702948, "cnt": 0, "node": "EU-N182"}, "package_id": "PKG43694", "payload": {"status": "DELIVERED"}, "sent_ts": 1758743696128, "arrival_ts": 1758743696128}
{"action": "recv", "src": "AS-N20", "dst": "EU-N182", "hlc": {"phys": 1758746063388, "cnt": 0, "node": "AS-N20"}, "package_id": "PKG46053", "payload": {"status": "CREATED"}, "sent_ts": 1758746053188, "arrival_ts": 1758746053344}
{"action": "recv", "src": "AS-N20", "dst": "EU-N182", "hlc": {"phys": 1758746063763, "cnt": 0, "node": "AS-N20"}, "package_id": "PKG46053", "payload": {"status": "SENT"}, "sent_ts": 1758746053563, "arrival_ts": 1758746053650}
{"action": "recv", "src": "AS-N20", "dst": "EU-N182", "hlc": {"phys": 1758746064054, "cnt": 0, "node": "AS-N20"}, "package_id": "PKG46053", "payload": {"status": "IN_TRANSIT"}, "sent_ts": 1758746053854, "arrival_ts": 1758746054009}
{"action": "recv", "src": "AS-N20", "dst": "EU-N182", "hlc": {"phys": 1758746064420, "cnt": 0, "node": "AS-N20"}, "package_id": "PKG46053", "payload": {"status": "RECEIVED"}, "sent_ts": 1758746054220, "arrival_ts": 1758746054242}
{"action": "recv", "src": "AS-N20", "dst": "EU-N182", "hlc": {"phys": 1758746064648, "cnt": 0, "node": "AS-N20"}, "package_id": "PKG46053", "payload": {"status": "DELIVERED"}, "sent_ts": 1758746054448, "arrival_ts": 1758746054568}
{"action": "recv", "src": "AS-N173", "dst": "EU-N182", "hlc": {"phys": 1758748048561, "cnt": 0, "node": "AS-N173"}, "package_id": "PKG48036", "payload": {"status": "CREATED"}, "sent_ts": 1758748036831, "arrival_ts": 1758748036976}
{"action": "recv", "src": "AS-N173", "dst": "EU-N182", "hlc": {"phys": 1758748048923, "cnt": 0, "node": "AS-N173"}, "package_id": "PKG48036", "payload": {"status": "SENT"}, "sent_ts": 1758748037193, "arrival_ts": 1758748037383}
{"action": "recv", "src": "AS-N173", "dst": "EU-N182", "hlc": {"phys": 1758748049320, "cnt": 0, "node": "AS-N173"}, "package_id": "PKG48036", "payload": {"status": "IN_TRANSIT"}, "sent_ts": 1758748037590, "arrival_ts": 1758748037605}
{"action": "recv", "src": "AS-N173", "dst": "EU-N182", "hlc": {"phys": 1758748049542, "cnt": 0, "node": "AS-N173"}, "package_id": "PKG48036", "payload": {"status": "RECEIVED"}, "sent_ts": 1758748037812, "arrival_ts": 1758748037844}
{"action": "recv", "src": "AS-N173", "dst": "EU-N182", "hlc": {"phys": 1758748049791, "cnt": 0, "node": "AS-N173"}, "package_id": "PKG48036", "payload": {"status": "DELIVERED"}, "sent_ts": 1758748038061, "arrival_ts": 1758748038078}
{"action": "recv", "src": "NA-N153", "dst": "EU-N182", "hlc": {"phys": 1758748681182, "cnt": 0, "node": "NA-N153"}, "package_id": "PKG48679", "payload": {"status": "CREATED"}, "sent_ts": 1758748679652, "arrival_ts": 1758748679782}
{"action": "recv", "src": "NA-N153", "dst": "EU-N182", "hlc": {"phys": 1758748681596, "cnt": 0, "node": "NA-N153"}, "package_id": "PKG48679", "payload": {"status": "SENT"}, "sent_ts": 1758748680066, "arrival_ts": 1758748680244}
{"action": "recv", "src": "NA-N153", "dst": "EU-N182", "hlc": {"phys": 1758748681963, "cnt": 0, "node": "NA-N153"}, "package_id": "PKG48679", "payload": {"status": "IN_TRANSIT"}, "sent_ts": 1758748680433, "arrival_ts": 1758748680616}
{"action": "recv", "src": "NA-N153", "dst": "EU-N182", "hlc": {"phys": 1758748682362, "cnt": 0, "node": "NA-N153"}, "package_id": "PKG48679", "payload": {"status": "RECEIVED"}, "sent_ts": 1758748680832, "arrival_ts": 1758748681005}
{"action": "recv", "src": "NA-N153", "dst": "EU-N182", "hlc": {"phys": 1758748682730, "cnt": 0, "node": "NA-N153"}, "package_id": "PKG48679", "payload": {"status": "DELIVERED"}, "sent_ts": 1758748681200, "arrival_ts": 1758748681267}
{"action": "send", "src": "EU-N182", "dst": "AU-N51", "hlc": {"phys": 1758748750420, "cnt": 0, "node": "EU-N182"}, "package_id": "PKG48743", "payload": {"status": "CREATED"}, "sent_ts": 1758748743600, "arrival_ts": 1758748743600}
{"action": "send", "src": "EU-N182", "dst": "AU-N51", "hlc": {"phys": 1758748750820, "cnt": 0, "node": "EU-N182"}, "package_id": "PKG48743", "payload": {"status": "SENT"}, "sent_ts": 1758748744000, "arrival_ts": 1758748744000}
{"action": "send", "src": "EU-N182", "dst": "AU-N51", "hlc": {"phys": 1758748751204, "cnt": 0, "node": "EU-N182"}, "package_id": "PKG48743", "payload": {"status": "IN_TRANSIT"}, "sent_ts": 1758748744384, "arrival_ts": 1758748744384}
{"action": "send", "src": "EU-N182", "dst": "AU-N51", "hlc": {"phys": 1758748751493, "cnt": 0, "node": "EU-N182"}, "package_id": "PKG48743", "payload": {"status": "RECEIVED"}, "sent_ts": 1758748744673, "arrival_ts": 1758748744673}
{"action": "send", "src": "EU-N182", "dst": "AU-N51", "hlc": {"phys": 1758748751860, "cnt": 0, "node": "EU-N182"}, "package_id": "PKG48743", "payload": {"status": "DELIVERED"}, "sent_ts": 1758748745040, "arrival_ts": 1758748745040}
{"action": "recv", "src": "AS-N178", "dst": "EU-N182", "hlc": {"phys": 1758748790887, "cnt": 0, "node": "AS-N178"}, "package_id": "PKG48779", "payload": {"status": "CREATED"}, "sent_ts": 1758748779107, "arrival_ts": 1758748779299}
{"action": "recv", "src": "AS-N178", "dst": "EU-N182", "hlc": {"phys": 1758748791286, "cnt": 0, "node": "AS-N178"}, "package_id": "PKG48779", "payload": {"status": "SENT"}, "sent_ts": 1758748779506, "arrival_ts": 1758748779583}
{"action": "recv", "src": "AS-N178", "dst": "EU-N182", "hlc": {"phys": 1758748791573, "cnt": 0, "node": "AS-N178"}, "package_id": "PKG48779", "payload": {"status": "IN_TRANSIT"}, "sent_ts": 1758748779793, "arrival_ts": 1758748779939}
{"action": "recv", "src": "AS-N178", "dst": "EU-N182", "hlc": {"phys": 1758748791922, "cnt": 0, "node": "AS-N178"}, "package_id": "PKG48779", "payload": {"status": "RECEIVED"}, "sent_ts": 1758748780142, "arrival_ts": 1758748780327}
{"action": "recv", "src": "AS-N178", "dst": "EU-N182", "hlc": {"phys": 1758748792320, "cnt": 0, "node": "AS-N178"}, "package_id": "PKG48779", "payload": {"status": "DELIVERED"}, "sent_ts": 1758748780540, "arrival_ts": 1758748780673}
{"action": "recv", "src": "AF-N196", "dst": "EU-N182", "hlc": {"phys": 1758749756587, "cnt": 0, "node": "AF-N196"}, "package_id": "PKG49739", "payload": {"status": "CREATED"}, "sent_ts": 1758749739627, "arrival_ts": 1758749739731}
{"action": "recv", "src": "AF-N196", "dst": "EU-N182", "hlc": {"phys": 1758749756887, "cnt": 0, "node": "AF-N196"}, "package_id": "PKG49739", "payload": {"status": "SENT"}, "sent_ts": 1758749739927, "arrival_ts": 1758749740034}
{"action": "recv", "src": "AF-N196", "dst": "EU-N182", "hlc": {"phys": 1758749757204, "cnt": 0, "node": "AF-N196"}, "package_id": "PKG49739", "payload": {"status": "IN_TRANSIT"}, "sent_ts": 1758749740244, "arrival_ts": 1758749740302}
{"action": "recv", "src": "AF-N196", "dst": "EU-N182", "hlc": {"phys": 1758749757471, "cnt": 0, "node": "AF-N196"}, "package_id": "PKG49739", "payload": {"status": "RECEIVED"}, "sent_ts": 1758749740511, "arrival_ts": 1758749740609}
{"action": "recv", "src": "AF-N196", "dst": "EU-N182", "hlc": {"phys": 1758749757756, "cnt": 0, "node": "AF-N196"}, "package_id": "PKG49739", "payload": {"status": "DELIVERED"}, "sent_ts": 1758749740796, "arrival_ts": 1758749740902}
{"action": "recv", "src": "SA-N172", "dst": "EU-N182", "hlc": {"phys": 1758753173102, "cnt": 0, "node": "SA-N172"}, "package_id": "PKG53151", "payload": {"status": "CREATED"}, "sent_ts": 1758753151382, "arrival_ts": 1758753151551}
{"action": "recv", "src": "SA-N172", "dst": "EU-N182", "hlc": {"phys": 1758753173483, "cnt": 0, "node": "SA-N172"}, "package_id": "PKG53151", "payload": {"status": "SENT"}, "sent_ts": 1758753151763, "arrival_ts": 1758753151823}
{"action": "recv", "src": "SA-N172", "dst": "EU-N182", "hlc": {"phys": 1758753173751, "cnt": 0, "node": "SA-N172"}, "package_id": "PKG53151", "payload": {"status": "IN_TRANSIT"}, "sent_ts": 1758753152031, "arrival_ts": 1758753152102}
{"action": "recv", "src": "SA-N172", "dst": "EU-N182", "hlc": {"phys": 1758753174032, "cnt": 0, "node": "SA-N172"}, "package_id": "PKG53151", "payload": {"status": "RECEIVED"}, "sent_ts": 1758753152312, "arrival_ts": 1758753152510}
{"action": "recv", "src": "SA-N172", "dst": "EU-N182", "hlc": {"phys": 1758753174422, "cnt": 0, "node": "SA-N172"}, "package_id": "PKG53151", "payload": {"status": "DELIVERED"}, "sent_ts": 1758753152702, "arrival_ts": 1758753152734}
{"action": "send", "src": "EU-N182", "dst": "NA-N97", "hlc": {"phys": 1758755117735, "cnt": 0, "node": "EU-N182"}, "package_id": "PKG55110", "payload": {"status": "CREATED"}, "sent_ts": 1758755110915, "arrival_ts": 1758755110915}
{"action": "send", "src": "EU-N182", "dst": "NA-N97", "hlc": {"phys": 1758755118154, "cnt": 0, "node": "EU-N182"}, "package_id": "PKG55110", "payload": {"status": "SENT"}, "sent_ts": 1758755111334, "arrival_ts": 1758755111334}
{"action": "send", "src": "EU-N182", "dst": "NA-N97", "hlc": {"phys": 1758755118533, "cnt": 0, "node": "EU-N182"}, "package_id": "PKG55110", "payload": {"status": "IN_TRANSIT"}, "sent_ts": 1758755111713, "arrival_ts": 1758755111713}
{"action": "send", "src": "EU-N182", "dst": "NA-N97", "hlc": {"phys": 1758755118939, "cnt": 0, "node": "EU-N182"}, "package_id": "PKG55110", "payload": {"status": "RECEIVED"}, "sent_ts": 1758755112119, "arrival_ts": 1758755112119}
{"action": "send", "src": "EU-N182", "dst": "NA-N97", "hlc": {"phys": 1758755119254, "cnt": 0, "node": "EU-N182"}, "package_id": "PKG55110", "payload": {"status": "DELIVERED"}, "sent_ts": 1758755112434, "arrival_ts": 1758755112434}
{"action": "send", "src": "EU-N182", "dst": "AF-N7", "hlc": {"phys": 1758758935380, "cnt": 0, "node": "EU-N182"}, "package_id": "PKG58928", "payload": {"status": "CREATED"}, "sent_ts": 1758758928560, "arrival_ts": 1758758928560}
{"action": "send", "src": "EU-N182", "dst": "AF-N7", "hlc": {"phys": 1758758938492, "cnt": 0, "node": "EU-N182"}, "package_id": "PKG58928", "payload": {"status": "SENT"}, "sent_ts": 1758758931672, "arrival_ts": 1758758931672}
{"action": "send", "src": "EU-N182", "dst": "AF-N7", "hlc": {"phys": 1758758938745, "cnt": 0, "node": "EU-N182"}, "package_id": "PKG58928", "payload": {"status": "IN_TRANSIT"}, "sent_ts": 1758758931925, "arrival_ts": 1758758931925}
{"action": "send", "src": "EU-N182", "dst": "AF-N7", "hlc": {"phys": 1758758939158, "cnt": 0, "node": "EU-N182"}, "package_id": "PKG58928", "payload": {"status": "RECEIVED"}, "sent_ts": 1758758932338, "arrival_ts": 1758758932338}
{"action": "send", "src": "EU-N182", "dst": "AF-N7", "hlc": {"phys": 1758758939441, "cnt": 0, "node": "EU-N182"}, "package_id": "PKG58928", "payload": {"status": "DELIVERED"}, "sent_ts": 1758758932621, "arrival_ts": 1758758932621}
{"action": "recv", "src": "AU-N190", "dst": "EU-N182", "hlc": {"phys": 1758759869966, "cnt": 0, "node": "AU-N190"}, "package_id": "PKG59843", "payload": {"status": "CREATED"}, "sent_ts": 1758759843066, "arrival_ts": 1758759843155}
{"action": "recv", "src": "AU-N190", "dst": "EU-N182", "hlc": {"phys": 1758759870270, "cnt": 0, "node": "AU-N190"}, "package_id": "PKG59843", "payload": {"status": "SENT"}, "sent_ts": 1758759843370, "arrival_ts": 1758759843466}
{"action": "recv", "src": "AU-N190", "dst": "EU-N182", "hlc": {"phys": 1758759870570, "cnt": 0, "node": "AU-N190"}, "package_id": "PKG59843", "payload": {"status": "IN_TRANSIT"}, "sent_ts": 1758759843670, "arrival_ts": 1758759843755}
{"action": "recv", "src": "AU-N190", "dst": "EU-N182", "hlc": {"phys": 1758759870851, "cnt": 0, "node": "AU-N190"}, "package_id": "PKG59843", "payload": {"status": "RECEIVED"}, "sent_ts": 1758759843951, "arrival_ts": 1758759844060}
{"action": "recv", "src": "AU-N190", "dst": "EU-N182", "hlc": {"phys": 1758759871174, "cnt": 0, "node": "AU-N190"}, "package_id": "PKG59843", "payload": {"status": "DELIVERED"}, "sent_ts": 1758759844274, "arrival_ts": 1758759844391}
{"action": "send", "src": "EU-N182", "dst": "NA-N27", "hlc": {"phys": 1758762932048, "cnt": 0, "node": "EU-N182"}, "package_id": "PKG62925", "payload": {"status": "CREATED"}, "sent_ts": 1758762925228, "arrival_ts": 1758762925228}
{"action": "send", "src": "EU-N182", "dst": "NA-N27", "hlc": {"phys": 1758762932281, "cnt": 0, "node": "EU-N182"}, "package_id": "PKG62925", "payload": {"status": "SENT"}, "sent_ts": 1758762925461, "arrival_ts": 1758762925461}
{"action": "send", "src": "EU-N182", "dst": "NA-N27", "hlc": {"phys": 1758762932530, "cnt": 0, "node": "EU-N182"}, "package_id": "PKG62925", "payload": {"status": "IN_TRANSIT"}, "sent_ts": 1758762925710, "arrival_ts": 1758762925710}
{"action": "send", "src": "EU-N182", "dst": "NA-N27", "hlc": {"phys": 1758762932920, "cnt": 0, "node": "EU-N182"}, "package_id": "PKG62925", "payload": {"status": "RECEIVED"}, "sent_ts": 1758762926100, "arrival_ts": 1758762926100}
{"action": "send", "src": "EU-N182", "dst": "NA-N27", "hlc": {"phys": 1758762933261, "cnt": 0, "node": "EU-N182"}, "package_id": "PKG62925", "payload": {"status": "DELIVERED"}, "sent_ts": 1758762926441, "arrival_ts": 1758762926441}
{"action": "send", "src": "EU-N182", "dst": "AN-N144", "hlc": {"phys": 1758765351150, "cnt": 0, "node": "EU-N182"}, "package_id": "PKG65344", "payload": {"status": "CREATED"}, "sent_ts": 1758765344330, "arrival_ts": 1758765344330}
{"action": "send", "src": "EU-N182", "dst": "AN-N144", "hlc": {"phys": 1758765351485, "cnt": 0, "node": "EU-N182"}, "package_id": "PKG65344", "payload": {"status": "SENT"}, "sent_ts": 1758765344665, "arrival_ts": 1758765344665}
{"action": "send", "src": "EU-N182", "dst": "AN-N144", "hlc": {"phys": 1758765351779, "cnt": 0, "node": "EU-N182"}, "package_id": "PKG65344", "payload": {"status": "IN_TRANSIT"}, "sent_ts": 1758765344959, "arrival_ts": 1758765344959}
{"action": "send", "src": "EU-N182", "dst": "AN-N144", "hlc": {"phys": 1758765352155, "cnt": 0, "node": "EU-N182"}, "package_id": "PKG65344", "payload": {"status": "RECEIVED"}, "sent_ts": 1758765345335, "arrival_ts": 1758765345335}
{"action": "send", "src": "EU-N182", "dst": "AN-N144", "hlc": {"phys": 1758765352464, "cnt": 0, "node": "EU-N182"}, "package_id": "PKG65344", "payload": {"status": "DELIVERED"}, "sent_ts": 1758765345644, "arrival_ts": 1758765345644}
{"action": "recv", "src": "AN-N58", "dst": "EU-N182", "hlc": {"phys": 1758800243479, "cnt": 0, "node": "AN-N58"}, "package_id": "PKG212", "payload": {"status": "CREATED"}, "sent_ts": 1758800212899, "arrival_ts": 1758800213002}
{"action": "recv", "src": "AN-N58", "dst": "EU-N182", "hlc": {"phys": 1758800243793, "cnt": 0, "node": "AN-N58"}, "package_id": "PKG212", "payload": {"status": "SENT"}, "sent_ts": 1758800213213, "arrival_ts": 1758800213320}
{"action": "recv", "src": "AN-N58", "dst": "EU-N182", "hlc": {"phys": 1758800244113, "cnt": 0, "node": "AN-N58"}, "package_id": "PKG212", "payload": {"status": "IN_TRANSIT"}, "sent_ts": 1758800213533, "arrival_ts": 1758800213719}
{"action": "recv", "src": "AN-N58", "dst": "EU-N182", "hlc": {"phys": 1758800244512, "cnt": 0, "node": "AN-N58"}, "package_id": "PKG212", "payload": {"status": "RECEIVED"}, "sent_ts": 1758800213932, "arrival_ts": 1758800214028}
{"action": "recv", "src": "AN-N58", "dst": "EU-N182", "hlc": {"phys": 1758800244804, "cnt": 0, "node": "AN-N58"}, "package_id": "PKG212", "payload": {"status": "DELIVERED"}, "sent_ts": 1758800214224, "arrival_ts": 1758800214391}
{"action": "recv", "src": "SA-N78", "dst": "EU-N182", "hlc": {"phys": 1758804858542, "cnt": 0, "node": "SA-N78"}, "package_id": "PKG4837", "payload": {"status": "CREATED"}, "sent_ts": 1758804837762, "arrival_ts": 1758804837843}
{"action": "recv", "src": "SA-N78", "dst": "EU-N182", "hlc": {"phys": 1758804858847, "cnt": 0, "node": "SA-N78"}, "package_id": "PKG4837", "payload": {"status": "SENT"}, "sent_ts": 1758804838067, "arrival_ts": 1758804838146}
{"action": "recv", "src": "SA-N78", "dst": "EU-N182", "hlc": {"phys": 1758804859141, "cnt": 0, "node": "SA-N78"}, "package_id": "PKG4837", "payload": {"status": "IN_TRANSIT"}, "sent_ts": 1758804838361, "arrival_ts": 1758804838485}
{"action": "recv", "src": "SA-N78", "dst": "EU-N182", "hlc": {"phys": 1758804859486, "cnt": 0, "node": "SA-N78"}, "package_id": "PKG4837", "payload": {"status": "RECEIVED"}, "sent_ts": 1758804838706, "arrival_ts": 1758804838903}
{"action": "recv", "src": "SA-N78", "dst": "EU-N182", "hlc": {"phys": 1758804859883, "cnt": 0, "node": "SA-N78"}, "package_id": "PKG4837", "payload": {"status": "DELIVERED"}, "sent_ts": 1758804839103, "arrival_ts": 1758804839222}
{"action": "send", "src": "EU-N182", "dst": "AN-N85", "hlc": {"phys": 1758805586353, "cnt": 0, "node": "EU-N182"}, "package_id": "PKG5579", "payload": {"status": "CREATED"}, "sent_ts": 1758805579533, "arrival_ts": 1758805579533}
{"action": "send", "src": "EU-N182", "dst": "AN-N85", "hlc": {"phys": 1758805586690, "cnt": 0, "node": "EU-N182"}, "package_id": "PKG5579", "payload": {"status": "SENT"}, "sent_ts": 1758805579870, "arrival_ts": 1758805579870}
{"action": "send", "src": "EU-N182", "dst": "AN-N85", "hlc": {"phys": 1758805586968, "cnt": 0, "node": "EU-N182"}, "package_id": "PKG5579", "payload": {"status": "IN_TRANSIT"}, "sent_ts": 1758805580148, "arrival_ts": 1758805580148}
{"action": "send", "src": "EU-N182", "dst": "AN-N85", "hlc": {"phys": 1758805587246, "cnt": 0, "node": "EU-N182"}, "package_id": "PKG5579", "payload": {"status": "RECEIVED"}, "sent_ts": 1758805580426, "arrival_ts": 1758805580426}
{"action": "send", "src": "EU-N182", "dst": "AN-N85", "hlc": {"phys": 1758805587553, "cnt": 0, "node": "EU-N182"}, "package_id": "PKG5579", "payload": {"status": "DELIVERED"}, "sent_ts": 1758805580733, "arrival_ts": 1758805580733}
{"action": "recv", "src": "AN-N4", "dst": "EU-N182", "hlc": {"phys": 1758810020167, "cnt": 0, "node": "AN-N4"}, "package_id": "PKG9990", "payload": {"status": "CREATED"}, "sent_ts": 1758809990126, "arrival_ts": 1758809990237}
{"action": "recv", "src": "AN-N4", "dst": "EU-N182", "hlc": {"phys": 1758810020494, "cnt": 0, "node": "AN-N4"}, "package_id": "PKG9990", "payload": {"status": "SENT"}, "sent_ts": 1758809990454, "arrival_ts": 1758809990584}
{"action": "recv", "src": "AN-N4", "dst": "EU-N182", "hlc": {"phys": 1758810020831, "cnt": 0, "node": "AN-N4"}, "package_id": "PKG9990", "payload": {"status": "IN_TRANSIT"}, "sent_ts": 1758809990791, "arrival_ts": 1758809990832}
{"action": "recv", "src": "AN-N4", "dst": "EU-N182", "hlc": {"phys": 1758810021078, "cnt": 0, "node": "AN-N4"}, "package_id": "PKG9990", "payload": {"status": "RECEIVED"}, "sent_ts": 1758809991038, "arrival_ts": 1758809991098}
{"action": "recv", "src": "AN-N4", "dst": "EU-N182", "hlc": {"phys": 1758810021345, "cnt": 0, "node": "AN-N4"}, "package_id": "PKG9990", "payload": {"status": "DELIVERED"}, "sent_ts": 1758809991305, "arrival_ts": 1758809991423}
{"action": "send", "src": "EU-N182", "dst": "EU-N184", "hlc": {"phys": 1758812098803, "cnt": 0, "node": "EU-N182"}, "package_id": "PKG12091", "payload": {"status": "CREATED"}, "sent_ts": 1758812091983, "arrival_ts": 1758812091983}
{"action": "send", "src": "EU-N182", "dst": "EU-N184", "hlc": {"phys": 1758812099115, "cnt": 0, "node": "EU-N182"}, "package_id": "PKG12091", "payload": {"status": "SENT"}, "sent_ts": 1758812092295, "arrival_ts": 1758812092295}
{"action": "send", "src": "EU-N182", "dst": "EU-N184", "hlc": {"phys": 1758812099331, "cnt": 0, "node": "EU-N182"}, "package_id": "PKG12091", "payload": {"status": "IN_TRANSIT"}, "sent_ts": 1758812092511, "arrival_ts": 1758812092511}
{"action": "send", "src": "EU-N182", "dst": "EU-N184", "hlc": {"phys": 1758812099670, "cnt": 0, "node": "EU-N182"}, "package_id": "PKG12091", "payload": {"status": "RECEIVED"}, "sent_ts": 1758812092850, "arrival_ts": 1758812092850}
{"action": "send", "src": "EU-N182", "dst": "EU-N184", "hlc": {"phys": 1758812099934, "cnt": 0, "node": "EU-N182"}, "package_id": "PKG12091", "payload": {"status": "DELIVERED"}, "sent_ts": 1758812093114, "arrival_ts": 1758812093114}
