{"action": "recv", "src": "AN-N27", "dst": "EU-N189", "hlc": {"phys": 1758717501823, "cnt": 0, "node": "AN-N27"}, "package_id": "PKG17471", "payload": {"status": "CREATED"}, "sent_ts": 1758717471553, "arrival_ts": 1758717471656}
{"action": "recv", "src": "AN-N27", "dst": "EU-N189", "hlc": {"phys": 1758717502134, "cnt": 0, "node": "AN-N27"}, "package_id": "PKG17471", "payload": {"status": "SENT"}, "sent_ts": 1758717471864, "arrival_ts": 1758717471996}
{"action": "recv", "src": "AN-N27", "dst": "EU-N189", "hlc": {"phys": 1758717502468, "cnt": 0, "node": "AN-N27"}, "package_id": "PKG17471", "payload": {"status": "IN_TRANSIT"}, "sent_ts": 1758717472198, "arrival_ts": 1758717472214}
{"action": "recv", "src": "AN-N27", "dst": "EU-N189", "hlc": {"phys": 1758717502693, "cnt": 0, "node": "AN-N27"}, "package_id": "PKG17471", "payload": {"status": "RECEIVED"}, "sent_ts": 1758717472423, "arrival_ts": 1758717472440}
{"action": "recv", "src": "AN-N27", "dst": "EU-N189", "hlc": {"phys": 1758717502911, "cnt": 0, "node": "AN-N27"}, "package_id": "PKG17471", "payload": {"status": "DELIVERED"}, "sent_ts": 1758717472641, "arrival_ts": 1758717472706}
{"action": "recv", "src": "NA-N113", "dst": "EU-N189", "hlc": {"phys": 1758717539476, "cnt": 0, "node": "NA-N113"}, "package_id": "PKG17538", "payload": {"status": "CREATED"}, "sent_ts": 1758717538346, "arrival_ts": 1758717538511}
{"action": "recv", "src": "NA-N113", "dst": "EU-N189", "hlc": {"phys": 1758717539836, "cnt": 0, "node": "NA-N113"}, "package_id": "PKG17538", "payload": {"status": "SENT"}, "sent_ts": 1758717538706, "arrival_ts": 1758717538821}
{"action": "recv", "src": "NA-N113", "dst": "EU-N189", "hlc": {"phys": 1758717540161, "cnt": 0, "node": "NA-N113"}, "package_id": "PKG17538", "payload": {"status": "IN_TRANSIT"}, "sent_ts": 1758717539031, "arrival_ts": 1758717539172}
{"action": "recv", "src": "NA-N113", "dst": "EU-N189", "hlc": {"phys": 1758717540511, "cnt": 0, "node": "NA-N113"}, "package_id": "PKG17538", "payload": {"status": "RECEIVED"}, "sent_ts": 1758717539381, "arrival_ts": 1758717539538}
{"action": "recv", "src": "NA-N113", "dst": "EU-N189", "hlc": {"phys": 1758717540873, "cnt": 0, "node": "NA-N113"}, "package_id": "PKG17538", "payload": {"status": "DELIVERED"}, "sent_ts": 1758717539743, "arrival_ts": 1758717539934}
{"action": "send", "src": "EU-N189", "dst": "AS-N151", "hlc": {"phys": 1758719354117, "cnt": 0, "node": "EU-N189"}, "package_id": "PKG19347", "payload": {"status": "CREATED"}, "sent_ts": 1758719347227, "arrival_ts": 1758719347227}
{"action": "send", "src": "EU-N189", "dst": "AS-N151", "hlc": {"phys": 1758719354419, "cnt": 0, "node": "EU-N189"}, "package_id": "PKG19347", "payload": {"status": "SENT"}, "sent_ts": 1758719347529, "arrival_ts": 1758719347529}
{"action": "send", "src": "EU-N189", "dst": "AS-N151", "hlc": {"phys": 1758719354699, "cnt": 0, "node": "EU-N189"}, "package_id": "PKG19347", "payload": {"status": "IN_TRANSIT"}, "sent_ts": 1758719347808, "arrival_ts": 1758719347809}
{"action": "send", "src": "EU-N189", "dst": "AS-N151", "hlc": {"phys": 1758719354968, "cnt": 0, "node": "EU-N189"}, "package_id": "PKG19347", "payload": {"status": "RECEIVED"}, "sent_ts": 1758719348078, "arrival_ts": 1758719348078}
{"action": "send", "src": "EU-N189", "dst": "AS-N151", "hlc": {"phys": 1758719355263, "cnt": 0, "node": "EU-N189"}, "package_id": "PKG19347", "payload": {"status": "DELIVERED"}, "sent_ts": 1758719348373, "arrival_ts": 1758719348373}
{"action": "recv", "src": "AU-N106", "dst": "EU-N189", "hlc": {"phys": 1758740962054, "cnt": 0, "node": "AU-N106"}, "package_id": "PKG40935", "payload": {"status": "CREATED"}, "sent_ts": 1758740935994, "arrival_ts": 1758740936097}
{"action": "recv", "src": "AU-N106", "dst": "EU-N189", "hlc": {"phys": 1758740962362, "cnt": 0, "node": "AU-N106"}, "package_id": "PKG40935", "payload": {"status": "SENT"}, "sent_ts": 1758740936302, "arrival_ts": 1758740936380}
{"action": "recv", "src": "AU-N106", "dst": "EU-N189", "hlc": {"phys": 1758740962641, "cnt": 0, "node": "AU-N106"}, "package_id": "PKG40935", "payload": {"status": "IN_TRANSIT"}, "sent_ts": 1758740936581, "arrival_ts": 1758740936675}
{"action": "recv", "src": "AU-N106", "dst": "EU-N189", "hlc": {"phys": 1758740962934, "cnt": 0, "node": "AU-N106"}, "package_id": "PKG40935", "payload": {"status": "RECEIVED"}, "sent_ts": 1758740936874, "arrival_ts": 1758740936933}
{"action": "recv", "src": "AU-N106", "dst": "EU-N189", "hlc": {"phys": 1758740963198, "cnt": 0, "node": "AU-N106"}, "package_id": "PKG40935", "payload": {"status": "DELIVERED"}, "sent_ts": 1758740937138, "arrival_ts": 1758740937235}
{"action": "send", "src": "EU-N189", "dst": "AN-N55", "hlc": {"phys": 1758743356849, "cnt": 0, "node": "EU-N189"}, "package_id": "PKG43349", "payload": {"status": "CREATED"}, "sent_ts": 1758743349959, "arrival_ts": 1758743349959}
{"action": "send", "src": "EU-N189", "dst": "AN-N55", "hlc": {"phys": 1758743357220, "cnt": 0, "node": "EU-N189"}, "package_id": "PKG43349", "payload": {"status": "SENT"}, "sent_ts": 1758743350330, "arrival_ts": 1758743350330}
{"action": "send", "src": "EU-N189", "dst": "AN-N55", "hlc": {"phys": 1758743357469, "cnt": 0, "node": "EU-N189"}, "package_id": "PKG43349", "payload": {"status": "IN_TRANSIT"}, "sent_ts": 1758743350579, "arrival_ts": 1758743350579}
{"action": "send", "src": "EU-N189", "dst": "AN-N55", "hlc": {"phys": 1758743357823, "cnt": 0, "node": "EU-N189"}, "package_id": "PKG43349", "payload": {"status": "RECEIVED"}, "sent_ts": 1758743350933, "arrival_ts": 1758743350933}
{"action": "send", "src": "EU-N189", "dst": "AN-N55", "hlc": {"phys": 1758743358054, "cnt": 0, "node": "EU-N189"}, "package_id": "PKG43349", "payload": {"status": "DELIVERED"}, "sent_ts": 1758743351164, "arrival_ts": 1758743351164}
{"action": "send", "src": "EU-N189", "dst": "AU-N197", "hlc": {"phys": 1758746101726, "cnt": 0, "node": "EU-N189"}, "package_id": "PKG46094", "payload": {"status": "CREATED"}, "sent_ts": 1758746094836, "arrival_ts": 1758746094836}
{"action": "send", "src": "EU-N189", "dst": "AU-N197", "hlc": {"phys": 1758746102051, "cnt": 0, "node": "EU-N189"}, "package_id": "PKG46094", "payload": {"status": "SENT"}, "sent_ts": 1758746095161, "arrival_ts": 1758746095161}
{"action": "send", "src": "EU-N189", "dst": "AU-N197", "hlc": {"phys": 1758746102401, "cnt": 0, "node": "EU-N189"}, "package_id": "PKG46094", "payload": {"status": "IN_TRANSIT"}, "sent_ts": 1758746095511, "arrival_ts": 1758746095511}
{"action": "send", "src": "EU-N189", "dst": "AU-N197", "hlc": {"phys": 1758746102673, "cnt": 0, "node": "EU-N189"}, "package_id": "PKG46094", "payload": {"status": "RECEIVED"}, "sent_ts": 1758746095783, "arrival_ts": 1758746095783}
{"action": "send", "src": "EU-N189", "dst": "AU-N197", "hlc": {"phys": 1758746103071, "cnt": 0, "node": "EU-N189"}, "package_id": "PKG46094", "payload": {"status": "DELIVERED"}, "sent_ts": 1758746096181, "arrival_ts": 1758746096181}
{"action": "send", "src": "EU-N189", "dst": "AF-N178", "hlc": {"phys": 1758748123792, "cnt": 0, "node": "EU-N189"}, "package_id": "PKG48116", "payload": {"status": "CREATED"}, "sent_ts": 1758748116902, "arrival_ts": 1758748116902}
{"action": "send", "src": "EU-N189", "dst": "AF-N178", "hlc": {"phys": 1758748124176, "cnt": 0, "node": "EU-N189"}, "package_id": "PKG48116", "payload": {"status": "SENT"}, "sent_ts": 1758748117286, "arrival_ts": 1758748117286}
{"action": "send", "src": "EU-N189", "dst": "AF-N178", "hlc": {"phys": 1758748124559, "cnt": 0, "node": "EU-N189"}, "package_id": "PKG48116", "payload": {"status": "IN_TRANSIT"}, "sent_ts": 1758748117669, "arrival_ts": 1758748117669}
{"action": "send", "src": "EU-N189", "dst": "AF-N178", "hlc": {"phys": 1758748124949, "cnt": 0, "node": "EU-N189"}, "package_id": "PKG48116", "payload": {"status": "RECEIVED"}, "sent_ts": 1758748118059, "arrival_ts": 1758748118059}
{"action": "send", "src": "EU-N189", "dst": "AF-N178", "hlc": {"phys": 1758748125268, "cnt": 0, "node": "EU-N189"}, "package_id": "PKG48116", "payload": {"status": "DELIVERED"}, "sent_ts": 1758748118378, "arrival_ts": 1758748118378}
{"action": "send", "src": "EU-N189", "dst": "AF-N55", "hlc": {"phys": 1758751833684, "cnt": 0, "node": "EU-N189"}, "package_id": "PKG51826", "payload": {"status": "CREATED"}, "sent_ts": 1758751826794, "arrival_ts": 1758751826794}
{"action": "send", "src": "EU-N189", "dst": "AF-N55", "hlc": {"phys": 1758751834016, "cnt": 0, "node": "EU-N189"}, "package_id": "PKG51826", "payload": {"status": "SENT"}, "sent_ts": 1758751827126, "arrival_ts": 1758751827126}
{"action": "send", "src": "EU-N189", "dst": "AF-N55", "hlc": {"phys": 1758751834349, "cnt": 0, "node": "EU-N189"}, "package_id": "PKG51826", "payload": {"status": "IN_TRANSIT"}, "sent_ts": 1758751827459, "arrival_ts": 1758751827459}
{"action": "send", "src": "EU-N189", "dst": "AF-N55", "hlc": {"phys": 1758751834603, "cnt": 0, "node": "EU-N189"}, "package_id": "PKG51826", "payload": {"status": "RECEIVED"}, "sent_ts": 1758751827713, "arrival_ts": 1758751827713}
{"action": "send", "src": "EU-N189", "dst": "AF-N55", "hlc": {"phys": 1758751834839, "cnt": 0, "node": "EU-N189"}, "package_id": "PKG51826", "payload": {"status": "DELIVERED"}, "sent_ts": 1758751827949, "arrival_ts": 1758751827949}
{"action": "send", "src": "EU-N189", "dst": "AS-N74", "hlc": {"phys": 1758761348173, "cnt": 0, "node": "EU-N189"}, "package_id": "PKG61341", "payload": {"status": "CREATED"}, "sent_ts": 1758761341283, "arrival_ts": 1758761341283}
{"action": "send", "src": "EU-N189", "dst": "AS-N74", "hlc": {"phys": 1758761348438, "cnt": 0, "node": "EU-N189"}, "package_id": "PKG61341", "payload": {"status": "SENT"}, "sent_ts": 1758761341548, "arrival_ts": 1758761341548}
{"action": "send", "src": "EU-N189", "dst": "AS-N74", "hlc": {"phys": 1758761348810, "cnt": 0, "node": "EU-N189"}, "package_id": "PKG61341", "payload": {"status": "IN_TRANSIT"}, "sent_ts": 1758761341920, "arrival_ts": 1758761341920}
{"action": "send", "src": "EU-N189", "dst": "AS-N74", "hlc": {"phys": 1758761349199, "cnt": 0, "node": "EU-N189"}, "package_id": "PKG61341", "payload": {"status": "RECEIVED"}, "sent_ts": 1758761342309, "arrival_ts": 1758761342309}
{"action": "send", "src": "EU-N189", "dst": "AS-N74", "hlc": {"phys": 1758761349493, "cnt": 0, "node": "EU-N189"}, "package_id": "PKG61341", "payload": {"status": "DELIVERED"}, "sent_ts": 1758761342603, "arrival_ts": 1758761342603}
{"action": "send", "src": "EU-N189", "dst": "AS-N165", "hlc": {"phys": 1758762714809, "cnt": 0, "node": "EU-N189"}, "package_id": "PKG62707", "payload": {"status": "CREATED"}, "sent_ts": 1758762707919, "arrival_ts": 1758762707919}
{"action": "send", "src": "EU-N189", "dst": "AS-N165", "hlc": {"phys": 1758762715095, "cnt": 0, "node": "EU-N189"}, "package_id": "PKG62707", "payload": {"status": "SENT"}, "sent_ts": 1758762708205, "arrival_ts": 1758762708206}
{"action": "send", "src": "EU-N189", "dst": "AS-N165", "hlc": {"phys": 1758762715361, "cnt": 0, "node": "EU-N189"}, "package_id": "PKG62707", "payload": {"status": "IN_TRANSIT"}, "sent_ts": 1758762708471, "arrival_ts": 1758762708471}
{"action": "send", "src": "EU-N189", "dst": "AS-N165", "hlc": {"phys": 1758762715747, "cnt": 0, "node": "EU-N189"}, "package_id": "PKG62707", "payload": {"status": "RECEIVED"}, "sent_ts": 1758762708857, "arrival_ts": 1758762708857}
{"action": "send", "src": "EU-N189", "dst": "AS-N165", "hlc": {"phys": 1758762715980, "cnt": 0, "node": "EU-N189"}, "package_id": "PKG62707", "payload": {"status": "DELIVERED"}, "sent_ts": 1758762709090, "arrival_ts": 1758762709090}
{"action": "recv", "src": "AS-N151", "dst": "EU-N189", "hlc": {"phys": 1758762750173, "cnt": 0, "node": "AS-N151"}, "package_id": "PKG62738", "payload": {"status": "CREATED"}, "sent_ts": 1758762738663, "arrival_ts": 1758762738706}
{"action": "recv", "src": "AS-N151", "dst": "EU-N189", "hlc": {"phys": 1758762750436, "cnt": 0, "node": "AS-N151"}, "package_id": "PKG62738", "payload": {"status": "SENT"}, "sent_ts": 1758762738926, "arrival_ts": 1758762738954}
{"action": "recv", "src": "AS-N151", "dst": "EU-N189", "hlc": {"phys": 1758762750670, "cnt": 0, "node": "AS-N151"}, "package_id": "PKG62738", "payload": {"status": "IN_TRANSIT"}, "sent_ts": 1758762739160, "arrival_ts": 1758762739302}
{"action": "recv", "src": "AS-N151", "dst": "EU-N189", "hlc": {"phys": 1758762751027, "cnt": 0, "node": "AS-N151"}, "package_id": "PKG62738", "payload": {"status": "RECEIVED"}, "sent_ts": 1758762739517, "arrival_ts": 1758762739592}
{"action": "recv", "src": "AS-N151", "dst": "EU-N189", "hlc": {"phys": 1758762751316, "cnt": 0, "node": "AS-N151"}, "package_id": "PKG62738", "payload": {"status": "DELIVERED"}, "sent_ts": 1758762739806, "arrival_ts": 1758762739867}
{"action": "recv", "src": "AF-N144", "dst": "EU-N189", "hlc": {"phys": 1758764316332, "cnt": 0, "node": "AF-N144"}, "package_id": "PKG64299", "payload": {"status": "CREATED"}, "sent_ts": 1758764299892, "arrival_ts": 1758764299943}
{"action": "recv", "src": "AF-N144", "dst": "EU-N189", "hlc": {"phys": 1758764316595, "cnt": 0, "node": "AF-N144"}, "package_id": "PKG64299", "payload": {"status": "SENT"}, "sent_ts": 1758764300155, "arrival_ts": 1758764300327}
{"action": "recv", "src": "AF-N144", "dst": "EU-N189", "hlc": {"phys": 1758764316985, "cnt": 0, "node": "AF-N144"}, "package_id": "PKG64299", "payload": {"status": "IN_TRANSIT"}, "sent_ts": 1758764300545, "arrival_ts": 1758764300701}
{"action": "recv", "src": "AF-N144", "dst": "EU-N189", "hlc": {"phys": 1758764317342, "cnt": 0, "node": "AF-N144"}, "package_id": "PKG64299", "payload": {"status": "RECEIVED"}, "sent_ts": 1758764300902, "arrival_ts": 1758764301062}
{"action": "recv", "src": "AF-N144", "dst": "EU-N189", "hlc": {"phys": 1758764317715, "cnt": 0, "node": "AF-N144"}, "package_id": "PKG64299", "payload": {"status": "DELIVERED"}, "sent_ts": 1758764301275, "arrival_ts": 1758764301475}
{"action": "recv", "src": "AS-N49", "dst": "EU-N189", "hlc": {"phys": 1758799961094, "cnt": 0, "node": "AS-N49"}, "package_id": "PKG99950", "payload": {"status": "CREATED"}, "sent_ts": 1758799950604, "arrival_ts": 1758799950764}
{"action": "recv", "src": "AS-N49", "dst": "EU-N189", "hlc": {"phys": 1758799961464, "cnt": 0, "node": "AS-N49"}, "package_id": "PKG99950", "payload": {"status": "SENT"}, "sent_ts": 1758799950974, "arrival_ts": 1758799951084}
{"action": "recv", "src": "AS-N49", "dst": "EU-N189", "hlc": {"phys": 1758799961773, "cnt": 0, "node": "AS-N49"}, "package_id": "PKG99950", "payload": {"status": "IN_TRANSIT"}, "sent_ts": 1758799951283, "arrival_ts": 1758799951368}
{"action": "recv", "src": "AS-N49", "dst": "EU-N189", "hlc": {"phys": 1758799962067, "cnt": 0, "node": "AS-N49"}, "package_id": "PKG99950", "payload": {"status": "RECEIVED"}, "sent_ts": 1758799951577, "arrival_ts": 1758799951697}
{"action": "recv", "src": "AS-N49", "dst": "EU-N189", "hlc": {"phys": 1758799962391, "cnt": 0, "node": "AS-N49"}, "package_id": "PKG99950", "payload": {"status": "DELIVERED"}, "sent_ts": 1758799951901, "arrival_ts": 1758799952048}
{"action": "send", "src": "EU-N189", "dst": "AU-N57", "hlc": {"phys": 1758804580767, "cnt": 0, "node": "EU-N189"}, "package_id": "PKG4573", "payload": {"status": "CREATED"}, "sent_ts": 1758804573876, "arrival_ts": 1758804573877}
{"action": "send", "src": "EU-N189", "dst": "AU-N57", "hlc": {"phys": 1758804581219, "cnt": 0, "node": "EU-N189"}, "package_id": "PKG4573", "payload": {"status": "SENT"}, "sent_ts": 1758804574329, "arrival_ts": 1758804574329}
{"action": "send", "src": "EU-N189", "dst": "AU-N57", "hlc": {"phys": 1758804581593, "cnt": 0, "node": "EU-N189"}, "package_id": "PKG4573", "payload": {"status": "IN_TRANSIT"}, "sent_ts": 1758804574703, "arrival_ts": 1758804574703}
{"action": "send", "src": "EU-N189", "dst": "AU-N57", "hlc": {"phys": 1758804581824, "cnt": 0, "node": "EU-N189"}, "package_id": "PKG4573", "payload": {"status": "RECEIVED"}, "sent_ts": 1758804574934, "arrival_ts": 1758804574934}
{"action": "send", "src": "EU-N189", "dst": "AU-N57", "hlc": {"phys": 1758804582072, "cnt": 0, "node": "EU-N189"}, "package_id": "PKG4573", "payload": {"status": "DELIVERED"}, "sent_ts": 1758804575182, "arrival_ts": 1758804575182}
{"action": "send", "src": "EU-N189", "dst": "AF-N104", "hlc": {"phys": 1758809840747, "cnt": 0, "node": "EU-N189"}, "package_id": "PKG9833", "payload": {"status": "CREATED"}, "sent_ts": 1758809833857, "arrival_ts": 1758809833857}
{"action": "send", "src": "EU-N189", "dst": "AF-N104", "hlc": {"phys": 1758809841041, "cnt": 0, "node": "EU-N189"}, "package_id": "PKG9833", "payload": {"status": "SENT"}, "sent_ts": 1758809834151, "arrival_ts": 1758809834151}
{"action": "send", "src": "EU-N189", "dst": "AF-N104", "hlc": {"phys": 1758809841334, "cnt": 0, "node": "EU-N189"}, "package_id": "PKG9833", "payload": {"status": "IN_TRANSIT"}, "sent_ts": 1758809834444, "arrival_ts": 1758809834444}
{"action": "send", "src": "EU-N189", "dst": "AF-N104", "hlc": {"phys": 1758809841581, "cnt": 0, "node": "EU-N189"}, "package_id": "PKG9833", "payload": {"status": "RECEIVED"}, "sent_ts": 1758809834691, "arrival_ts": 1758809834691}
{"action": "send", "src": "EU-N189", "dst": "AF-N104", "hlc": {"phys": 1758809841841, "cnt": 0, "node": "EU-N189"}, "package_id": "PKG9833", "payload": {"status": "DELIVERED"}, "sent_ts": 1758809834951, "arrival_ts": 1758809834951}
{"action": "recv", "src": "NA-N39", "dst": "EU-N189", "hlc": {"phys": 1758810046835, "cnt": 0, "node": "NA-N39"}, "package_id": "PKG10046", "payload": {"status": "CREATED"}, "sent_ts": 1758810046445, "arrival_ts": 1758810046607}
{"action": "recv", "src": "NA-N39", "dst": "EU-N189", "hlc": {"phys": 1758810047193, "cnt": 0, "node": "NA-N39"}, "package_id": "PKG10046", "payload": {"status": "SENT"}, "sent_ts": 1758810046803, "arrival_ts": 1758810046832}
{"action": "recv", "src": "NA-N39", "dst": "EU-N189", "hlc": {"phys": 1758810047424, "cnt": 0, "node": "NA-N39"}, "package_id": "PKG10046", "payload": {"status": "IN_TRANSIT"}, "sent_ts": 1758810047034, "arrival_ts": 1758810047115}
{"action": "recv", "src": "NA-N39", "dst": "EU-N189", "hlc": {"phys": 1758810047715, "cnt": 0, "node": "NA-N39"}, "package_id": "PKG10046", "payload": {"status": "RECEIVED"}, "sent_ts": 1758810047325, "arrival_ts": 1758810047515}
{"action": "recv", "src": "NA-N39", "dst": "EU-N189", "hlc": {"phys": 1758810048118, "cnt": 0, "node": "NA-N39"}, "package_id": "PKG10046", "payload": {"status": "DELIVERED"}, "sent_ts": 1758810047728, "arrival_ts": 1758810047844}
{"action": "send", "src": "EU-N189", "dst": "NA-N52", "hlc": {"phys": 1758811581431, "cnt": 0, "node": "EU-N189"}, "package_id": "PKG11574", "payload": {"status": "CREATED"}, "sent_ts": 1758811574541, "arrival_ts": 1758811574541}
{"action": "send", "src": "EU-N189", "dst": "NA-N52", "hlc": {"phys": 1758811581788, "cnt": 0, "node": "EU-N189"}, "package_id": "PKG11574", "payload": {"status": "SENT"}, "sent_ts": 1758811574898, "arrival_ts": 1758811574898}
{"action": "send", "src": "EU-N189", "dst": "NA-N52", "hlc": {"phys": 1758811582163, "cnt": 0, "node": "EU-N189"}, "package_id": "PKG11574", "payload": {"status": "IN_TRANSIT"}, "sent_ts": 1758811575273, "arrival_ts": 1758811575273}
{"action": "send", "src": "EU-N189", "dst": "NA-N52", "hlc": {"phys": 1758811582520, "cnt": 0, "node": "EU-N189"}, "package_id": "PKG11574", "payload": {"status": "RECEIVED"}, "sent_ts": 1758811575630, "arrival_ts": 1758811575630}
{"action": "send", "src": "EU-N189", "dst": "NA-N52", "hlc": {"phys": 1758811582859, "cnt": 0, "node": "EU-N189"}, "package_id": "PKG11574", "payload": {"status": "DELIVERED"}, "sent_ts": 1758811575969, "arrival_ts": 1758811575969}
{"action": "send", "src": "EU-N189", "dst": "SA-N6", "hlc": {"phys": 1758815048715, "cnt": 0, "node": "EU-N189"}, "package_id": "PKG15041", "payload": {"status": "CREATED"}, "sent_ts": 1758815041825, "arrival_ts": 1758815041825}
{"action": "send", "src": "EU-N189", "dst": "SA-N6", "hlc": {"phys": 1758815049039, "cnt": 0, "node": "EU-N189"}, "package_id": "PKG15041", "payload": {"status": "SENT"}, "sent_ts": 1758815042149, "arrival_ts": 1758815042149}
{"action": "send", "src": "EU-N189", "dst": "SA-N6", "hlc": {"phys": 1758815049351, "cnt": 0, "node": "EU-N189"}, "package_id": "PKG15041", "payload": {"status": "IN_TRANSIT"}, "sent_ts": 1758815042461, "arrival_ts": 1758815042461}
{"action": "send", "src": "EU-N189", "dst": "SA-N6", "hlc": {"phys": 1758815049586, "cnt": 0, "node": "EU-N189"}, "package_id": "PKG15041", "payload": {"status": "RECEIVED"}, "sent_ts": 1758815042696, "arrival_ts": 1758815042696}
{"action": "send", "src": "EU-N189", "dst": "SA-N6", "hlc": {"phys": 1758815049925, "cnt": 0, "node": "EU-N189"}, "package_id": "PKG15041", "payload": {"status": "DELIVERED"}, "sent_ts": 1758815043035, "arrival_ts": 1758815043035}
{"action": "recv", "src": "NA-N196", "dst": "EU-N189", "hlc": {"phys": 1758815819724, "cnt": 0, "node": "NA-N196"}, "package_id": "PKG15817", "payload": {"status": "CREATED"}, "sent_ts": 1758815817764, "arrival_ts": 1758815817889}
{"action": "recv", "src": "NA-N196", "dst": "EU-N189", "hlc": {"phys": 1758815820051, "cnt": 0, "node": "NA-N196"}, "package_id": "PKG15817", "payload": {"status": "SENT"}, "sent_ts": 1758815818091, "arrival_ts": 1758815818277}
{"action": "recv", "src": "NA-N196", "dst": "EU-N189", "hlc": {"phys": 1758815820453, "cnt": 0, "node": "NA-N196"}, "package_id": "PKG15817", "payload": {"status": "IN_TRANSIT"}, "sent_ts": 1758815818493, "arrival_ts": 1758815818687}
{"action": "recv", "src": "NA-N196", "dst": "EU-N189", "hlc": {"phys": 1758815820843, "cnt": 0, "node": "NA-N196"}, "package_id": "PKG15817", "payload": {"status": "RECEIVED"}, "sent_ts": 1758815818883, "arrival_ts": 1758815819019}
{"action": "recv", "src": "NA-N196", "dst": "EU-N189", "hlc": {"phys": 1758815821184, "cnt": 0, "node": "NA-N196"}, "package_id": "PKG15817", "payload": {"status": "DELIVERED"}, "sent_ts": 1758815819224, "arrival_ts": 1758815819330}
