{"action": "send", "src": "EU-N185", "dst": "EU-N11", "hlc": {"phys": 1758738775099, "cnt": 0, "node": "EU-N185"}, "package_id": "PKG38768", "payload": {"status": "CREATED"}, "sent_ts": 1758738768249, "arrival_ts": 1758738768249}
{"action": "send", "src": "EU-N185", "dst": "EU-N11", "hlc": {"phys": 1758738775410, "cnt": 0, "node": "EU-N185"}, "package_id": "PKG38768", "payload": {"status": "SENT"}, "sent_ts": 1758738768560, "arrival_ts": 1758738768560}
{"action": "send", "src": "EU-N185", "dst": "EU-N11", "hlc": {"phys": 1758738775703, "cnt": 0, "node": "EU-N185"}, "package_id": "PKG38768", "payload": {"status": "IN_TRANSIT"}, "sent_ts": 1758738768853, "arrival_ts": 1758738768853}
{"action": "send", "src": "EU-N185", "dst": "EU-N11", "hlc": {"phys": 1758738776112, "cnt": 0, "node": "EU-N185"}, "package_id": "PKG38768", "payload": {"status": "RECEIVED"}, "sent_ts": 1758738769262, "arrival_ts": 1758738769262}
{"action": "send", "src": "EU-N185", "dst": "EU-N11", "hlc": {"phys": 1758738776423, "cnt": 0, "node": "EU-N185"}, "package_id": "PKG38768", "payload": {"status": "DELIVERED"}, "sent_ts": 1758738769573, "arrival_ts": 1758738769573}
{"action": "recv", "src": "NA-N86", "dst": "EU-N185", "hlc": {"phys": 1758742931948, "cnt": 0, "node": "NA-N86"}, "package_id": "PKG42931", "payload": {"status": "CREATED"}, "sent_ts": 1758742931088, "arrival_ts": 1758742931159}
{"action": "recv", "src": "NA-N86", "dst": "EU-N185", "hlc": {"phys": 1758742932233, "cnt": 0, "node": "NA-N86"}, "package_id": "PKG42931", "payload": {"status": "SENT"}, "sent_ts": 1758742931373, "arrival_ts": 1758742931558}
{"action": "recv", "src": "NA-N86", "dst": "EU-N185", "hlc": {"phys": 1758742932620, "cnt": 0, "node": "NA-N86"}, "package_id": "PKG42931", "payload": {"status": "IN_TRANSIT"}, "sent_ts": 1758742931760, "arrival_ts": 1758742931903}
{"action": "recv", "src": "NA-N86", "dst": "EU-N185", "hlc": {"phys": 1758742932965, "cnt": 0, "node": "NA-N86"}, "package_id": "PKG42931", "payload": {"status": "RECEIVED"}, "sent_ts": 1758742932105, "arrival_ts": 1758742932226}
{"action": "recv", "src": "NA-N86", "dst": "EU-N185", "hlc": {"phys": 1758742933294, "cnt": 0, "node": "NA-N86"}, "package_id": "PKG42931", "payload": {"status": "DELIVERED"}, "sent_ts": 1758742932434, "arrival_ts": 1758742932558}
{"action": "recv", "src": "AU-N16", "dst": "EU-N185", "hlc": {"phys": 1758747031143, "cnt": 0, "node": "AU-N16"}, "package_id": "PKG47005", "payload": {"status": "CREATED"}, "sent_ts": 1758747005983, "arrival_ts": 1758747006160}
{"action": "recv", "src": "AU-N16", "dst": "EU-N185", "hlc": {"phys": 1758747031528, "cnt": 0, "node": "AU-N16"}, "package_id": "PKG47005", "payload": {"status": "SENT"}, "sent_ts": 1758747006368, "arrival_ts": 1758747006553}
{"action": "recv", "src": "AU-N16", "dst": "EU-N185", "hlc": {"phys": 1758747031913, "cnt": 0, "node": "AU-N16"}, "package_id": "PKG47005", "payload": {"status": "IN_TRANSIT"}, "sent_ts": 1758747006753, "arrival_ts": 1758747006892}
{"action": "recv", "src": "AU-N16", "dst": "EU-N185", "hlc": {"phys": 1758747032259, "cnt": 0, "node": "AU-N16"}, "package_id": "PKG47005", "payload": {"status": "RECEIVED"}, "sent_ts": 1758747007099, "arrival_ts": 1758747007111}
{"action": "recv", "src": "AU-N16", "dst": "EU-N185", "hlc": {"phys": 1758747032481, "cnt": 0, "node": "AU-N16"}, "package_id": "PKG47005", "payload": {"status": "DELIVERED"}, "sent_ts": 1758747007321, "arrival_ts": 1758747007476}
{"action": "recv", "src": "AF-N116", "dst": "EU-N185", "hlc": {"phys": 1758747511142, "cnt": 0, "node": "AF-N116"}, "package_id": "PKG47494", "payload": {"status": "CREATED"}, "sent_ts": 1758747494982, "arrival_ts": 1758747495173}
{"action": "recv", "src": "AF-N116", "dst": "EU-N185", "hlc": {"phys": 1758747511543, "cnt": 0, "node": "AF-N116"}, "package_id": "PKG47494", "payload": {"status": "SENT"}, "sent_ts": 1758747495383, "arrival_ts": 1758747495513}
{"action": "recv", "src": "AF-N116", "dst": "EU-N185", "hlc": {"phys": 1758747511890, "cnt": 0, "node": "AF-N116"}, "package_id": "PKG47494", "payload": {"status": "IN_TRANSIT"}, "sent_ts": 1758747495730, "arrival_ts": 1758747495769}
{"action": "recv", "src": "AF-N116", "dst": "EU-N185", "hlc": {"phys": 1758747512134, "cnt": 0, "node": "AF-N116"}, "package_id": "PKG47494", "payload": {"status": "RECEIVED"}, "sent_ts": 1758747495974, "arrival_ts": 1758747496150}
{"action": "recv", "src": "AF-N116", "dst": "EU-N185", "hlc": {"phys": 1758747512515, "cnt": 0, "node": "AF-N116"}, "package_id": "PKG47494", "payload": {"status": "DELIVERED"}, "sent_ts": 1758747496355, "arrival_ts": 1758747496432}
{"action": "recv", "src": "EU-N78", "dst": "EU-N185", "hlc": {"phys": 1758748377753, "cnt": 0, "node": "EU-N78"}, "package_id": "PKG48371", "payload": {"status": "CREATED"}, "sent_ts": 1758748371973, "arrival_ts": 1758748372079}
{"action": "recv", "src": "EU-N78", "dst": "EU-N185", "hlc": {"phys": 1758748378062, "cnt": 0, "node": "EU-N78"}, "package_id": "PKG48371", "payload": {"status": "SENT"}, "sent_ts": 1758748372282, "arrival_ts": 1758748372342}
{"action": "recv", "src": "EU-N78", "dst": "EU-N185", "hlc": {"phys": 1758748378328, "cnt": 0, "node": "EU-N78"}, "package_id": "PKG48371", "payload": {"status": "IN_TRANSIT"}, "sent_ts": 1758748372548, "arrival_ts": 1758748372636}
{"action": "recv", "src": "EU-N78", "dst": "EU-N185", "hlc": {"phys": 1758748378608, "cnt": 0, "node": "EU-N78"}, "package_id": "PKG48371", "payload": {"status": "RECEIVED"}, "sent_ts": 1758748372828, "arrival_ts": 1758748372967}
{"action": "recv", "src": "EU-N78", "dst": "EU-N185", "hlc": {"phys": 1758748378964, "cnt": 0, "node": "EU-N78"}, "package_id": "PKG48371", "payload": {"status": "DELIVERED"}, "sent_ts": 1758748373184, "arrival_ts": 1758748373265}
{"action": "send", "src": "EU-N185", "dst": "AS-N161", "hlc": {"phys": 1758751505940, "cnt": 0, "node": "EU-N185"}, "package_id": "PKG51499", "payload": {"status": "CREATED"}, "sent_ts": 1758751499090, "arrival_ts": 1758751499090}
{"action": "send", "src": "EU-N185", "dst": "AS-N161", "hlc": {"phys": 1758751506256, "cnt": 0, "node": "EU-N185"}, "package_id": "PKG51499", "payload": {"status": "SENT"}, "sent_ts": 1758751499406, "arrival_ts": 1758751499406}
{"action": "send", "src": "EU-N185", "dst": "AS-N161", "hlc": {"phys": 1758751506497, "cnt": 0, "node": "EU-N185"}, "package_id": "PKG51499", "payload": {"status": "IN_TRANSIT"}, "sent_ts": 1758751499647, "arrival_ts": 1758751499647}
{"action": "send", "src": "EU-N185", "dst": "AS-N161", "hlc": {"phys": 1758751506763, "cnt": 0, "node": "EU-N185"}, "package_id": "PKG51499", "payload": {"status": "RECEIVED"}, "sent_ts": 1758751499913, "arrival_ts": 1758751499913}
{"action": "send", "src": "EU-N185", "dst": "AS-N161", "hlc": {"phys": 1758751507042, "cnt": 0, "node": "EU-N185"}, "package_id": "PKG51499", "payload": {"status": "DELIVERED"}, "sent_ts": 1758751500192, "arrival_ts": 1758751500192}
{"action": "send", "src": "EU-N185", "dst": "AN-N160", "hlc": {"phys": 1758755383770, "cnt": 0, "node": "EU-N185"}, "package_id": "PKG55376", "payload": {"status": "CREATED"}, "sent_ts": 1758755376920, "arrival_ts": 1758755376920}
{"action": "send", "src": "EU-N185", "dst": "AN-N160", "hlc": {"phys": 1758755384031, "cnt": 0, "node": "EU-N185"}, "package_id": "PKG55376", "payload": {"status": "SENT"}, "sent_ts": 1758755377181, "arrival_ts": 1758755377181}
{"action": "send", "src": "EU-N185", "dst": "AN-N160", "hlc": {"phys": 1758755384368, "cnt": 0, "node": "EU-N185"}, "package_id": "PKG55376", "payload": {"status": "IN_TRANSIT"}, "sent_ts": 1758755377518, "arrival_ts": 1758755377518}
{"action": "send", "src": "EU-N185", "dst": "AN-N160", "hlc": {"phys": 1758755384669, "cnt": 0, "node": "EU-N185"}, "package_id": "PKG55376", "payload": {"status": "RECEIVED"}, "sent_ts": 1758755377819, "arrival_ts": 1758755377819}
{"action": "send", "src": "EU-N185", "dst": "AN-N160", "hlc": {"phys": 1758755385074, "cnt": 0, "node": "EU-N185"}, "package_id": "PKG55376", "payload": {"status": "DELIVERED"}, "sent_ts": 1758755378224, "arrival_ts": 1758755378224}
{"action": "recv", "src": "AF-N14", "dst": "EU-N185", "hlc": {"phys": 1758758778508, "cnt": 0, "node": "AF-N14"}, "package_id": "PKG58763", "payload": {"status": "CREATED"}, "sent_ts": 1758758763368, "arrival_ts": 1758758763431}
{"action": "recv", "src": "AF-N14", "dst": "EU-N185", "hlc": {"phys": 1758758778786, "cnt": 0, "node": "AF-N14"}, "package_id": "PKG58763", "payload": {"status": "SENT"}, "sent_ts": 1758758763646, "arrival_ts": 1758758763695}
{"action": "recv", "src": "AF-N14", "dst": "EU-N185", "hlc": {"phys": 1758758779050, "cnt": 0, "node": "AF-N14"}, "package_id": "PKG58763", "payload": {"status": "IN_TRANSIT"}, "sent_ts": 1758758763910, "arrival_ts": 1758758764023}
{"action": "recv", "src": "AF-N14", "dst": "EU-N185", "hlc": {"phys": 1758758779364, "cnt": 0, "node": "AF-N14"}, "package_id": "PKG58763", "payload": {"status": "RECEIVED"}, "sent_ts": 1758758764224, "arrival_ts": 1758758764374}
{"action": "recv", "src": "AF-N14", "dst": "EU-N185", "hlc": {"phys": 1758758779736, "cnt": 0, "node": "AF-N14"}, "package_id": "PKG58763", "payload": {"status": "DELIVERED"}, "sent_ts": 1758758764596, "arrival_ts": 1758758764784}
{"action": "recv", "src": "SA-N188", "dst": "EU-N185", "hlc": {"phys": 1758764340146, "cnt": 0, "node": "SA-N188"}, "package_id": "PKG64318", "payload": {"status": "CREATED"}, "sent_ts": 1758764318266, "arrival_ts": 1758764318344}
{"action": "recv", "src": "SA-N188", "dst": "EU-N185", "hlc": {"phys": 1758764340427, "cnt": 0, "node": "SA-N188"}, "package_id": "PKG64318", "payload": {"status": "SENT"}, "sent_ts": 1758764318547, "arrival_ts": 1758764318594}
{"action": "recv", "src": "SA-N188", "dst": "EU-N185", "hlc": {"phys": 1758764340677, "cnt": 0, "node": "SA-N188"}, "package_id": "PKG64318", "payload": {"status": "IN_TRANSIT"}, "sent_ts": 1758764318797, "arrival_ts": 1758764318985}
{"action": "recv", "src": "SA-N188", "dst": "EU-N185", "hlc": {"phys": 1758764341082, "cnt": 0, "node": "SA-N188"}, "package_id": "PKG64318", "payload": {"status": "RECEIVED"}, "sent_ts": 1758764319202, "arrival_ts": 1758764319261}
{"action": "recv", "src": "SA-N188", "dst": "EU-N185", "hlc": {"phys": 1758764341346, "cnt": 0, "node": "SA-N188"}, "package_id": "PKG64318", "payload": {"status": "DELIVERED"}, "sent_ts": 1758764319466, "arrival_ts": 1758764319647}
{"action": "recv", "src": "AS-N129", "dst": "EU-N185", "hlc": {"phys": 1758765246537, "cnt": 0, "node": "AS-N129"}, "package_id": "PKG65235", "payload": {"status": "CREATED"}, "sent_ts": 1758765235247, "arrival_ts": 1758765235390}
{"action": "recv", "src": "AS-N129", "dst": "EU-N185", "hlc": {"phys": 1758765246901, "cnt": 0, "node": "AS-N129"}, "package_id": "PKG65235", "payload": {"status": "SENT"}, "sent_ts": 1758765235611, "arrival_ts": 1758765235724}
{"action": "recv", "src": "AS-N129", "dst": "EU-N185", "hlc": {"phys": 1758765247234, "cnt": 0, "node": "AS-N129"}, "package_id": "PKG65235", "payload": {"status": "IN_TRANSIT"}, "sent_ts": 1758765235944, "arrival_ts": 1758765235957}
{"action": "recv", "src": "AS-N129", "dst": "EU-N185", "hlc": {"phys": 1758765247463, "cnt": 0, "node": "AS-N129"}, "package_id": "PKG65235", "payload": {"status": "RECEIVED"}, "sent_ts": 1758765236173, "arrival_ts": 1758765236202}
{"action": "recv", "src": "AS-N129", "dst": "EU-N185", "hlc": {"phys": 1758765247697, "cnt": 0, "node": "AS-N129"}, "package_id": "PKG65235", "payload": {"status": "DELIVERED"}, "sent_ts": 1758765236407, "arrival_ts": 1758765236481}
{"action": "recv", "src": "AU-N84", "dst": "EU-N185", "hlc": {"phys": 1758804027998, "cnt": 0, "node": "AU-N84"}, "package_id": "PKG4002", "payload": {"status": "CREATED"}, "sent_ts": 1758804002158, "arrival_ts": 1758804002270}
{"action": "recv", "src": "AU-N84", "dst": "EU-N185", "hlc": {"phys": 1758804028322, "cnt": 0, "node": "AU-N84"}, "package_id": "PKG4002", "payload": {"status": "SENT"}, "sent_ts": 1758804002482, "arrival_ts": 1758804002533}
{"action": "recv", "src": "AU-N84", "dst": "EU-N185", "hlc": {"phys": 1758804028578, "cnt": 0, "node": "AU-N84"}, "package_id": "PKG4002", "payload": {"status": "IN_TRANSIT"}, "sent_ts": 1758804002738, "arrival_ts": 1758804002839}
{"action": "recv", "src": "AU-N84", "dst": "EU-N185", "hlc": {"phys": 1758804028873, "cnt": 0, "node": "AU-N84"}, "package_id": "PKG4002", "payload": {"status": "RECEIVED"}, "sent_ts": 1758804003033, "arrival_ts": 1758804003048}
{"action": "recv", "src": "AU-N84", "dst": "EU-N185", "hlc": {"phys": 1758804029106, "cnt": 0, "node": "AU-N84"}, "package_id": "PKG4002", "payload": {"status": "DELIVERED"}, "sent_ts": 1758804003266, "arrival_ts": 1758804003322}
{"action": "send", "src": "EU-N185", "dst": "AN-N55", "hlc": {"phys": 1758812290964, "cnt": 0, "node": "EU-N185"}, "package_id": "PKG12284", "payload": {"status": "CREATED"}, "sent_ts": 1758812284114, "arrival_ts": 1758812284114}
{"action": "send", "src": "EU-N185", "dst": "AN-N55", "hlc": {"phys": 1758812291304, "cnt": 0, "node": "EU-N185"}, "package_id": "PKG12284", "payload": {"status": "SENT"}, "sent_ts": 1758812284454, "arrival_ts": 1758812284454}
{"action": "send", "src": "EU-N185", "dst": "AN-N55", "hlc": {"phys": 1758812291520, "cnt": 0, "node": "EU-N185"}, "package_id": "PKG12284", "payload": {"status": "IN_TRANSIT"}, "sent_ts": 1758812284670, "arrival_ts": 1758812284670}
{"action": "send", "src": "EU-N185", "dst": "AN-N55", "hlc": {"phys": 1758812291828, "cnt": 0, "node": "EU-N185"}, "package_id": "PKG12284", "payload": {"status": "RECEIVED"}, "sent_ts": 1758812284978, "arrival_ts": 1758812284978}
{"action": "send", "src": "EU-N185", "dst": "AN-N55", "hlc": {"phys": 1758812292216, "cnt": 0, "node": "EU-N185"}, "package_id": "PKG12284", "payload": {"status": "DELIVERED"}, "sent_ts": 1758812285366, "arrival_ts": 1758812285366}
{"action": "send", "src": "EU-N185", "dst": "AU-N40", "hlc": {"phys": 1758813533285, "cnt": 0, "node": "EU-N185"}, "package_id": "PKG13526", "payload": {"status": "CREATED"}, "sent_ts": 1758813526435, "arrival_ts": 1758813526435}
{"action": "send", "src": "EU-N185", "dst": "AU-N40", "hlc": {"phys": 1758813533504, "cnt": 0, "node": "EU-N185"}, "package_id": "PKG13526", "payload": {"status": "SENT"}, "sent_ts": 1758813526654, "arrival_ts": 1758813526654}
{"action": "send", "src": "EU-N185", "dst": "AU-N40", "hlc": {"phys": 1758813533783, "cnt": 0, "node": "EU-N185"}, "package_id": "PKG13526", "payload": {"status": "IN_TRANSIT"}, "sent_ts": 1758813526933, "arrival_ts": 1758813526933}
{"action": "send", "src": "EU-N185", "dst": "AU-N40", "hlc": {"phys": 1758813534108, "cnt": 0, "node": "EU-N185"}, "package_id": "PKG13526", "payload": {"status": "RECEIVED"}, "sent_ts": 1758813527258, "arrival_ts": 1758813527258}
{"action": "send", "src": "EU-N185", "dst": "AU-N40", "hlc": {"phys": 1758813534388, "cnt": 0, "node": "EU-N185"}, "package_id": "PKG13526", "payload": {"status": "DELIVERED"}, "sent_ts": 1758813527538, "arrival_ts": 1758813527538}
{"action": "send", "src": "EU-N185", "dst": "AU-N22", "hlc": {"phys": 1758814757295, "cnt": 0, "node": "EU-N185"}, "package_id": "PKG14750", "payload": {"status": "CREATED"}, "sent_ts": 1758814750445, "arrival_ts": 1758814750445}
{"action": "send", "src": "EU-N185", "dst": "AU-N22", "hlc": {"phys": 1758814757515, "cnt": 0, "node": "EU-N185"}, "package_id": "PKG14750", "payload": {"status": "SENT"}, "sent_ts": 1758814750665, "arrival_ts": 1758814750665}
{"action": "send", "src": "EU-N185", "dst": "AU-N22", "hlc": {"phys": 1758814757825, "cnt": 0, "node": "EU-N185"}, "package_id": "PKG14750", "payload": {"status": "IN_TRANSIT"}, "sent_ts": 1758814750975, "arrival_ts": 1758814750975}
{"action": "send", "src": "EU-N185", "dst": "AU-N22", "hlc": {"phys": 1758814758212, "cnt": 0, "node": "EU-N185"}, "package_id": "PKG14750", "payload": {"status": "RECEIVED"}, "sent_ts": 1758814751362, "arrival_ts": 1758814751362}
{"action": "send", "src": "EU-N185", "dst": "AU-N22", "hlc": {"phys": 1758814758600, "cnt": 0, "node": "EU-N185"}, "package_id": "PKG14750", "payload": {"status": "DELIVERED"}, "sent_ts": 1758814751750, "arrival_ts": 1758814751750}
{"action": "send", "src": "EU-N185", "dst": "AF-N129", "hlc": {"phys": 1758815173473, "cnt": 0, "node": "EU-N185"}, "package_id": "PKG15166", "payload": {"status": "CREATED"}, "sent_ts": 1758815166623, "arrival_ts": 1758815166623}
{"action": "send", "src": "EU-N185", "dst": "AF-N129", "hlc": {"phys": 1758815173705, "cnt": 0, "node": "EU-N185"}, "package_id": "PKG15166", "payload": {"status": "SENT"}, "sent_ts": 1758815166855, "arrival_ts": 1758815166855}
{"action": "send", "src": "EU-N185", "dst": "AF-N129", "hlc": {"phys": 1758815174096, "cnt": 0, "node": "EU-N185"}, "package_id": "PKG15166", "payload": {"status": "IN_TRANSIT"}, "sent_ts": 1758815167246, "arrival_ts": 1758815167246}
{"action": "send", "src": "EU-N185", "dst": "AF-N129", "hlc": {"phys": 1758815174358, "cnt": 0, "node": "EU-N185"}, "package_id": "PKG15166", "payload": {"status": "RECEIVED"}, "sent_ts": 1758815167508, "arrival_ts": 1758815167508}
{"action": "send", "src": "EU-N185", "dst": "AF-N129", "hlc": {"phys": 1758815174635, "cnt": 0, "node": "EU-N185"}, "package_id": "PKG15166", "payload": {"status": "DELIVERED"}, "sent_ts": 1758815167785, "arrival_ts": 1758815167785}
{"action": "send", "src": "EU-N185", "dst": "NA-N83", "hlc": {"phys": 1758815804215, "cnt": 0, "node": "EU-N185"}, "package_id": "PKG15797", "payload": {"status": "CREATED"}, "sent_ts": 1758815797365, "arrival_ts": 1758815797365}
{"action": "send", "src": "EU-N185", "dst": "NA-N83", "hlc": {"phys": 1758815804539, "cnt": 0, "node": "EU-N185"}, "package_id": "PKG15797", "payload": {"status": "SENT"}, "sent_ts": 1758815797689, "arrival_ts": 1758815797689}
{"action": "send", "src": "EU-N185", "dst": "NA-N83", "hlc": {"phys": 1758815804913, "cnt": 0, "node": "EU-N185"}, "package_id": "PKG15797", "payload": {"status": "IN_TRANSIT"}, "sent_ts": 1758815798063, "arrival_ts": 1758815798063}
{"action": "send", "src": "EU-N185", "dst": "NA-N83", "hlc": {"phys": 1758815805286, "cnt": 0, "node": "EU-N185"}, "package_id": "PKG15797", "payload": {"status": "RECEIVED"}, "sent_ts": 1758815798436, "arrival_ts": 1758815798436}
{"action": "send", "src": "EU-N185", "dst": "NA-N83", "hlc": {"phys": 1758815805579, "cnt": 0, "node": "EU-N185"}, "package_id": "PKG15797", "payload": {"status": "DELIVERED"}, "sent_ts": 1758815798729, "arrival_ts": 1758815798729}
{"action": "recv", "src": "SA-N144", "dst": "EU-N185", "hlc": {"phys": 1758815902428, "cnt": 0, "node": "SA-N144"}, "package_id": "PKG15880", "payload": {"status": "CREATED"}, "sent_ts": 1758815880988, "arrival_ts": 1758815881053}
{"action": "recv", "src": "SA-N144", "dst": "EU-N185", "hlc": {"phys": 1758815902692, "cnt": 0, "node": "SA-N144"}, "package_id": "PKG15880", "payload": {"status": "SENT"}, "sent_ts": 1758815881252, "arrival_ts": 1758815881337}
{"action": "recv", "src": "SA-N144", "dst": "EU-N185", "hlc": {"phys": 1758815903644, "cnt": 0, "node": "SA-N144"}, "package_id": "PKG15880", "payload": {"status": "IN_TRANSIT"}, "sent_ts": 1758815882204, "arrival_ts": 1758815882240}
{"action": "recv", "src": "SA-N144", "dst": "EU-N185", "hlc": {"phys": 1758815903871, "cnt": 0, "node": "SA-N144"}, "package_id": "PKG15880", "payload": {"status": "RECEIVED"}, "sent_ts": 1758815882431, "arrival_ts": 1758815882540}
{"action": "recv", "src": "SA-N144", "dst": "EU-N185", "hlc": {"phys": 1758815904180, "cnt": 0, "node": "SA-N144"}, "package_id": "PKG15880", "payload": {"status": "DELIVERED"}, "sent_ts": 1758815882740, "arrival_ts": 1758815882764}
{"action": "send", "src": "EU-N185", "dst": "SA-N50", "hlc": {"phys": 1758816125582, "cnt": 0, "node": "EU-N185"}, "package_id": "PKG16118", "payload": {"status": "CREATED"}, "sent_ts": 1758816118732, "arrival_ts": 1758816118732}
{"action": "send", "src": "EU-N185", "dst": "SA-N50", "hlc": {"phys": 1758816125988, "cnt": 0, "node": "EU-N185"}, "package_id": "PKG16118", "payload": {"status": "SENT"}, "sent_ts": 1758816119138, "arrival_ts": 1758816119138}
{"action": "send", "src": "EU-N185", "dst": "SA-N50", "hlc": {"phys": 1758816126255, "cnt": 0, "node": "EU-N185"}, "package_id": "PKG16118", "payload": {"status": "IN_TRANSIT"}, "sent_ts": 1758816119405, "arrival_ts": 1758816119405}
{"action": "send", "src": "EU-N185", "dst": "SA-N50", "hlc": {"phys": 1758816126583, "cnt": 0, "node": "EU-N185"}, "package_id": "PKG16118", "payload": {"status": "RECEIVED"}, "sent_ts": 1758816119733, "arrival_ts": 1758816119733}
{"action": "send", "src": "EU-N185", "dst": "SA-N50", "hlc": {"phys": 1758816126864, "cnt": 0, "node": "EU-N185"}, "package_id": "PKG16118", "payload": {"status": "DELIVERED"}, "sent_ts": 1758816120014, "arrival_ts": 1758816120014}
{"action": "send", "src": "EU-N185", "dst": "EU-N53", "hlc": {"phys": 1758816290380, "cnt": 0, "node": "EU-N185"}, "package_id": "PKG16283", "payload": {"status": "CREATED"}, "sent_ts": 1758816283530, "arrival_ts": 1758816283530}
{"action": "send", "src": "EU-N185", "dst": "EU-N53", "hlc": {"phys": 1758816290765, "cnt": 0, "node": "EU-N185"}, "package_id": "PKG16283", "payload": {"status": "SENT"}, "sent_ts": 1758816283915, "arrival_ts": 1758816283915}
{"action": "send", "src": "EU-N185", "dst": "EU-N53", "hlc": {"phys": 1758816291123, "cnt": 0, "node": "EU-N185"}, "package_id": "PKG16283", "payload": {"status": "IN_TRANSIT"}, "sent_ts": 1758816284273, "arrival_ts": 1758816284273}
{"action": "send", "src": "EU-N185", "dst": "EU-N53", "hlc": {"phys": 1758816291479, "cnt": 0, "node": "EU-N185"}, "package_id": "PKG16283", "payload": {"status": "RECEIVED"}, "sent_ts": 1758816284629, "arrival_ts": 1758816284629}
{"action": "send", "src": "EU-N185", "dst": "EU-N53", "hlc": {"phys": 1758816291759, "cnt": 0, "node": "EU-N185"}, "package_id": "PKG16283", "payload": {"status": "DELIVERED"}, "sent_ts": 1758816284909, "arrival_ts": 1758816284909}
{"action": "recv", "src": "SA-N107", "dst": "EU-N185", "hlc": {"phys": 1758816347030, "cnt": 0, "node": "SA-N107"}, "package_id": "PKG16325", "payload": {"status": "CREATED"}, "sent_ts": 1758816325960, "arrival_ts": 1758816326130}
{"action": "recv", "src": "SA-N107", "dst": "EU-N185", "hlc": {"phys": 1758816347403, "cnt": 0, "node": "SA-N107"}, "package_id": "PKG16325", "payload": {"status": "SENT"}, "sent_ts": 1758816326333, "arrival_ts": 1758816326355}
{"action": "recv", "src": "SA-N107", "dst": "EU-N185", "hlc": {"phys": 1758816347622, "cnt": 0, "node": "SA-N107"}, "package_id": "PKG16325", "payload": {"status": "IN_TRANSIT"}, "sent_ts": 1758816326552, "arrival_ts": 1758816326572}
{"action": "recv", "src": "SA-N107", "dst": "EU-N185", "hlc": {"phys": 1758816347840, "cnt": 0, "node": "SA-N107"}, "package_id": "PKG16325", "payload": {"status": "RECEIVED"}, "sent_ts": 1758816326770, "arrival_ts": 1758816326967}
{"action": "recv", "src": "SA-N107", "dst": "EU-N185", "hlc": {"phys": 1758816348228, "cnt": 0, "node": "SA-N107"}, "package_id": "PKG16325", "payload": {"status": "DELIVERED"}, "sent_ts": 1758816327158, "arrival_ts": 1758816327322}
{"action": "recv", "src": "NA-N155", "dst": "EU-N185", "hlc": {"phys": 1758816435138, "cnt": 0, "node": "NA-N155"}, "package_id": "PKG16433", "payload": {"status": "CREATED"}, "sent_ts": 1758816433588, "arrival_ts": 1758816433764}
{"action": "recv", "src": "NA-N155", "dst": "EU-N185", "hlc": {"phys": 1758816435512, "cnt": 0, "node": "NA-N155"}, "package_id": "PKG16433", "payload": {"status": "SENT"}, "sent_ts": 1758816433962, "arrival_ts": 1758816434093}
{"action": "recv", "src": "NA-N155", "dst": "EU-N185", "hlc": {"phys": 1758816435851, "cnt": 0, "node": "NA-N155"}, "package_id": "PKG16433", "payload": {"status": "IN_TRANSIT"}, "sent_ts": 1758816434301, "arrival_ts": 1758816434416}
{"action": "recv", "src": "NA-N155", "dst": "EU-N185", "hlc": {"phys": 1758816436164, "cnt": 0, "node": "NA-N155"}, "package_id": "PKG16433", "payload": {"status": "RECEIVED"}, "sent_ts": 1758816434614, "arrival_ts": 1758816434711}
{"action": "recv", "src": "NA-N155", "dst": "EU-N185", "hlc": {"phys": 1758816436461, "cnt": 0, "node": "NA-N155"}, "package_id": "PKG16433", "payload": {"status": "DELIVERED"}, "sent_ts": 1758816434911, "arrival_ts": 1758816434939}
{"action": "send", "src": "EU-N185", "dst": "AS-N188", "hlc": {"phys": 1758816992340, "cnt": 0, "node": "EU-N185"}, "package_id": "PKG16985", "payload": {"status": "CREATED"}, "sent_ts": 1758816985490, "arrival_ts": 1758816985490}
{"action": "send", "src": "EU-N185", "dst": "AS-N188", "hlc": {"phys": 1758816992663, "cnt": 0, "node": "EU-N185"}, "package_id": "PKG16985", "payload": {"status": "SENT"}, "sent_ts": 1758816985813, "arrival_ts": 1758816985813}
{"action": "send", "src": "EU-N185", "dst": "AS-N188", "hlc": {"phys": 1758816992972, "cnt": 0, "node": "EU-N185"}, "package_id": "PKG16985", "payload": {"status": "IN_TRANSIT"}, "sent_ts": 1758816986122, "arrival_ts": 1758816986122}
{"action": "send", "src": "EU-N185", "dst": "AS-N188", "hlc": {"phys": 1758816993189, "cnt": 0, "node": "EU-N185"}, "package_id": "PKG16985", "payload": {"status": "RECEIVED"}, "sent_ts": 1758816986339, "arrival_ts": 1758816986339}
{"action": "send", "src": "EU-N185", "dst": "AS-N188", "hlc": {"phys": 1758816993409, "cnt": 0, "node": "EU-N185"}, "package_id": "PKG16985", "payload": {"status": "DELIVERED"}, "sent_ts": 1758816986559, "arrival_ts": 1758816986559}
