{"action": "send", "src": "EU-N44", "dst": "AU-N42", "hlc": {"phys": 1758738670115, "cnt": 0, "node": "EU-N44"}, "package_id": "PKG38664", "payload": {"status": "CREATED"}, "sent_ts": 1758738664675, "arrival_ts": 1758738664675}
{"action": "send", "src": "EU-N44", "dst": "AU-N42", "hlc": {"phys": 1758738670843, "cnt": 0, "node": "EU-N44"}, "package_id": "PKG38664", "payload": {"status": "SENT"}, "sent_ts": 1758738665403, "arrival_ts": 1758738665403}
{"action": "send", "src": "EU-N44", "dst": "AU-N42", "hlc": {"phys": 1758738671232, "cnt": 0, "node": "EU-N44"}, "package_id": "PKG38664", "payload": {"status": "IN_TRANSIT"}, "sent_ts": 1758738665792, "arrival_ts": 1758738665792}
{"action": "send", "src": "EU-N44", "dst": "AU-N42", "hlc": {"phys": 1758738671547, "cnt": 0, "node": "EU-N44"}, "package_id": "PKG38664", "payload": {"status": "RECEIVED"}, "sent_ts": 1758738666107, "arrival_ts": 1758738666107}
{"action": "send", "src": "EU-N44", "dst": "AU-N42", "hlc": {"phys": 1758738671771, "cnt": 0, "node": "EU-N44"}, "package_id": "PKG38664", "payload": {"status": "DELIVERED"}, "sent_ts": 1758738666331, "arrival_ts": 1758738666331}
{"action": "recv", "src": "NA-N193", "dst": "EU-N44", "hlc": {"phys": 1758739466691, "cnt": 0, "node": "NA-N193"}, "package_id": "PKG39464", "payload": {"status": "CREATED"}, "sent_ts": 1758739464761, "arrival_ts": 1758739464808}
{"action": "recv", "src": "NA-N193", "dst": "EU-N44", "hlc": {"phys": 1758739466934, "cnt": 0, "node": "NA-N193"}, "package_id": "PKG39464", "payload": {"status": "SENT"}, "sent_ts": 1758739465004, "arrival_ts": 1758739465019}
{"action": "recv", "src": "NA-N193", "dst": "EU-N44", "hlc": {"phys": 1758739467170, "cnt": 0, "node": "NA-N193"}, "package_id": "PKG39464", "payload": {"status": "IN_TRANSIT"}, "sent_ts": 1758739465240, "arrival_ts": 1758739465370}
{"action": "recv", "src": "NA-N193", "dst": "EU-N44", "hlc": {"phys": 1758739467503, "cnt": 0, "node": "NA-N193"}, "package_id": "PKG39464", "payload": {"status": "RECEIVED"}, "sent_ts": 1758739465573, "arrival_ts": 1758739465595}
{"action": "recv", "src": "NA-N193", "dst": "EU-N44", "hlc": {"phys": 1758739467732, "cnt": 0, "node": "NA-N193"}, "package_id": "PKG39464", "payload": {"status": "DELIVERED"}, "sent_ts": 1758739465802, "arrival_ts": 1758739465859}
{"action": "recv", "src": "AN-N115", "dst": "EU-N44", "hlc": {"phys": 1758740430739, "cnt": 0, "node": "AN-N115"}, "package_id": "PKG40399", "payload": {"status": "CREATED"}, "sent_ts": 1758740399589, "arrival_ts": 1758740399776}
{"action": "recv", "src": "AN-N115", "dst": "EU-N44", "hlc": {"phys": 1758740431139, "cnt": 0, "node": "AN-N115"}, "package_id": "PKG40399", "payload": {"status": "SENT"}, "sent_ts": 1758740399989, "arrival_ts": 1758740400169}
{"action": "recv", "src": "AN-N115", "dst": "EU-N44", "hlc": {"phys": 1758740431525, "cnt": 0, "node": "AN-N115"}, "package_id": "PKG40399", "payload": {"status": "IN_TRANSIT"}, "sent_ts": 1758740400375, "arrival_ts": 1758740400469}
{"action": "recv", "src": "AN-N115", "dst": "EU-N44", "hlc": {"phys": 1758740431820, "cnt": 0, "node": "AN-N115"}, "package_id": "PKG40399", "payload": {"status": "RECEIVED"}, "sent_ts": 1758740400670, "arrival_ts": 1758740400809}
{"action": "recv", "src": "AN-N115", "dst": "EU-N44", "hlc": {"phys": 1758740432175, "cnt": 0, "node": "AN-N115"}, "package_id": "PKG40399", "payload": {"status": "DELIVERED"}, "sent_ts": 1758740401025, "arrival_ts": 1758740401079}
{"action": "recv", "src": "AS-N134", "dst": "EU-N44", "hlc": {"phys": 1758740661602, "cnt": 0, "node": "AS-N134"}, "package_id": "PKG40650", "payload": {"status": "CREATED"}, "sent_ts": 1758740650262, "arrival_ts": 1758740650389}
{"action": "recv", "src": "AS-N134", "dst": "EU-N44", "hlc": {"phys": 1758740661940, "cnt": 0, "node": "AS-N134"}, "package_id": "PKG40650", "payload": {"status": "SENT"}, "sent_ts": 1758740650600, "arrival_ts": 1758740650616}
{"action": "recv", "src": "AS-N134", "dst": "EU-N44", "hlc": {"phys": 1758740662157, "cnt": 0, "node": "AS-N134"}, "package_id": "PKG40650", "payload": {"status": "IN_TRANSIT"}, "sent_ts": 1758740650817, "arrival_ts": 1758740650859}
{"action": "recv", "src": "AS-N134", "dst": "EU-N44", "hlc": {"phys": 1758740662403, "cnt": 0, "node": "AS-N134"}, "package_id": "PKG40650", "payload": {"status": "RECEIVED"}, "sent_ts": 1758740651063, "arrival_ts": 1758740651096}
{"action": "recv", "src": "AS-N134", "dst": "EU-N44", "hlc": {"phys": 1758740662636, "cnt": 0, "node": "AS-N134"}, "package_id": "PKG40650", "payload": {"status": "DELIVERED"}, "sent_ts": 1758740651296, "arrival_ts": 1758740651413}
{"action": "send", "src": "EU-N44", "dst": "SA-N76", "hlc": {"phys": 1758740962898, "cnt": 0, "node": "EU-N44"}, "package_id": "PKG40957", "payload": {"status": "CREATED"}, "sent_ts": 1758740957458, "arrival_ts": 1758740957458}
{"action": "send", "src": "EU-N44", "dst": "SA-N76", "hlc": {"phys": 1758740963122, "cnt": 0, "node": "EU-N44"}, "package_id": "PKG40957", "payload": {"status": "SENT"}, "sent_ts": 1758740957682, "arrival_ts": 1758740957683}
{"action": "send", "src": "EU-N44", "dst": "SA-N76", "hlc": {"phys": 1758740963330, "cnt": 0, "node": "EU-N44"}, "package_id": "PKG40957", "payload": {"status": "IN_TRANSIT"}, "sent_ts": 1758740957890, "arrival_ts": 1758740957890}
{"action": "send", "src": "EU-N44", "dst": "SA-N76", "hlc": {"phys": 1758740963613, "cnt": 0, "node": "EU-N44"}, "package_id": "PKG40957", "payload": {"status": "RECEIVED"}, "sent_ts": 1758740958173, "arrival_ts": 1758740958173}
{"action": "send", "src": "EU-N44", "dst": "SA-N76", "hlc": {"phys": 1758740963864, "cnt": 0, "node": "EU-N44"}, "package_id": "PKG40957", "payload": {"status": "DELIVERED"}, "sent_ts": 1758740958424, "arrival_ts": 1758740958424}
{"action": "recv", "src": "AU-N171", "dst": "EU-N44", "hlc": {"phys": 1758741745683, "cnt": 0, "node": "AU-N171"}, "package_id": "PKG41718", "payload": {"status": "CREATED"}, "sent_ts": 1758741718973, "arrival_ts": 1758741719019}
{"action": "recv", "src": "AU-N171", "dst": "EU-N44", "hlc": {"phys": 1758741745930, "cnt": 0, "node": "AU-N171"}, "package_id": "PKG41718", "payload": {"status": "SENT"}, "sent_ts": 1758741719220, "arrival_ts": 1758741719298}
{"action": "recv", "src": "AU-N171", "dst": "EU-N44", "hlc": {"phys": 1758741746208, "cnt": 0, "node": "AU-N171"}, "package_id": "PKG41718", "payload": {"status": "IN_TRANSIT"}, "sent_ts": 1758741719498, "arrival_ts": 1758741719690}
{"action": "recv", "src": "AU-N171", "dst": "EU-N44", "hlc": {"phys": 1758741746625, "cnt": 0, "node": "AU-N171"}, "package_id": "PKG41718", "payload": {"status": "RECEIVED"}, "sent_ts": 1758741719915, "arrival_ts": 1758741720068}
{"action": "recv", "src": "AU-N171", "dst": "EU-N44", "hlc": {"phys": 1758741746984, "cnt": 0, "node": "AU-N171"}, "package_id": "PKG41718", "payload": {"status": "DELIVERED"}, "sent_ts": 1758741720274, "arrival_ts": 1758741720391}
{"action": "send", "src": "EU-N44", "dst": "NA-N67", "hlc": {"phys": 1758742708024, "cnt": 0, "node": "EU-N44"}, "package_id": "PKG42702", "payload": {"status": "CREATED"}, "sent_ts": 1758742702584, "arrival_ts": 1758742702584}
{"action": "send", "src": "EU-N44", "dst": "NA-N67", "hlc": {"phys": 1758742708245, "cnt": 0, "node": "EU-N44"}, "package_id": "PKG42702", "payload": {"status": "SENT"}, "sent_ts": 1758742702805, "arrival_ts": 1758742702805}
{"action": "send", "src": "EU-N44", "dst": "NA-N67", "hlc": {"phys": 1758742708634, "cnt": 0, "node": "EU-N44"}, "package_id": "PKG42702", "payload": {"status": "IN_TRANSIT"}, "sent_ts": 1758742703194, "arrival_ts": 1758742703194}
{"action": "send", "src": "EU-N44", "dst": "NA-N67", "hlc": {"phys": 1758742708850, "cnt": 0, "node": "EU-N44"}, "package_id": "PKG42702", "payload": {"status": "RECEIVED"}, "sent_ts": 1758742703410, "arrival_ts": 1758742703410}
{"action": "send", "src": "EU-N44", "dst": "NA-N67", "hlc": {"phys": 1758742709180, "cnt": 0, "node": "EU-N44"}, "package_id": "PKG42702", "payload": {"status": "DELIVERED"}, "sent_ts": 1758742703740, "arrival_ts": 1758742703740}
{"action": "send", "src": "EU-N44", "dst": "NA-N155", "hlc": {"phys": 1758744742117, "cnt": 0, "node": "EU-N44"}, "package_id": "PKG44736", "payload": {"status": "CREATED"}, "sent_ts": 1758744736677, "arrival_ts": 1758744736677}
{"action": "send", "src": "EU-N44", "dst": "NA-N155", "hlc": {"phys": 1758744742332, "cnt": 0, "node": "EU-N44"}, "package_id": "PKG44736", "payload": {"status": "SENT"}, "sent_ts": 1758744736892, "arrival_ts": 1758744736892}
{"action": "send", "src": "EU-N44", "dst": "NA-N155", "hlc": {"phys": 1758744742735, "cnt": 0, "node": "EU-N44"}, "package_id": "PKG44736", "payload": {"status": "IN_TRANSIT"}, "sent_ts": 1758744737295, "arrival_ts": 1758744737295}
{"action": "send", "src": "EU-N44", "dst": "NA-N155", "hlc": {"phys": 1758744742965, "cnt": 0, "node": "EU-N44"}, "package_id": "PKG44736", "payload": {"status": "RECEIVED"}, "sent_ts": 1758744737525, "arrival_ts": 1758744737525}
{"action": "send", "src": "EU-N44", "dst": "NA-N155", "hlc": {"phys": 1758744743183, "cnt": 0, "node": "EU-N44"}, "package_id": "PKG44736", "payload": {"status": "DELIVERED"}, "sent_ts": 1758744737743, "arrival_ts": 1758744737743}
{"action": "send", "src": "EU-N44", "dst": "SA-N27", "hlc": {"phys": 1758744966570, "cnt": 0, "node": "EU-N44"}, "package_id": "PKG44961", "payload": {"status": "CREATED"}, "sent_ts": 1758744961130, "arrival_ts": 1758744961130}
{"action": "send", "src": "EU-N44", "dst": "SA-N27", "hlc": {"phys": 1758744966800, "cnt": 0, "node": "EU-N44"}, "package_id": "PKG44961", "payload": {"status": "SENT"}, "sent_ts": 1758744961360, "arrival_ts": 1758744961360}
{"action": "send", "src": "EU-N44", "dst": "SA-N27", "hlc": {"phys": 1758744967021, "cnt": 0, "node": "EU-N44"}, "package_id": "PKG44961", "payload": {"status": "IN_TRANSIT"}, "sent_ts": 1758744961581, "arrival_ts": 1758744961581}
{"action": "send", "src": "EU-N44", "dst": "SA-N27", "hlc": {"phys": 1758744967281, "cnt": 0, "node": "EU-N44"}, "package_id": "PKG44961", "payload": {"status": "RECEIVED"}, "sent_ts": 1758744961841, "arrival_ts": 1758744961841}
{"action": "send", "src": "EU-N44", "dst": "SA-N27", "hlc": {"phys": 1758744967490, "cnt": 0, "node": "EU-N44"}, "package_id": "PKG44961", "payload": {"status": "DELIVERED"}, "sent_ts": 1758744962050, "arrival_ts": 1758744962050}
{"action": "recv", "src": "AS-N10", "dst": "EU-N44", "hlc": {"phys": 1758747712806, "cnt": 0, "node": "AS-N10"}, "package_id": "PKG47702", "payload": {"status": "CREATED"}, "sent_ts": 1758747702706, "arrival_ts": 1758747702831}
{"action": "recv", "src": "AS-N10", "dst": "EU-N44", "hlc": {"phys": 1758747713146, "cnt": 0, "node": "AS-N10"}, "package_id": "PKG47702", "payload": {"status": "SENT"}, "sent_ts": 1758747703046, "arrival_ts": 1758747703091}
{"action": "recv", "src": "AS-N10", "dst": "EU-N44", "hlc": {"phys": 1758747713410, "cnt": 0, "node": "AS-N10"}, "package_id": "PKG47702", "payload": {"status": "IN_TRANSIT"}, "sent_ts": 1758747703310, "arrival_ts": 1758747703481}
{"action": "recv", "src": "AS-N10", "dst": "EU-N44", "hlc": {"phys": 1758747713797, "cnt": 0, "node": "AS-N10"}, "package_id": "PKG47702", "payload": {"status": "RECEIVED"}, "sent_ts": 1758747703697, "arrival_ts": 1758747703762}
{"action": "recv", "src": "AS-N10", "dst": "EU-N44", "hlc": {"phys": 1758747714059, "cnt": 0, "node": "AS-N10"}, "package_id": "PKG47702", "payload": {"status": "DELIVERED"}, "sent_ts": 1758747703959, "arrival_ts": 1758747704042}
{"action": "recv", "src": "NA-N26", "dst": "EU-N44", "hlc": {"phys": 1758749355884, "cnt": 0, "node": "NA-N26"}, "package_id": "PKG49355", "payload": {"status": "CREATED"}, "sent_ts": 1758749355624, "arrival_ts": 1758749355723}
{"action": "recv", "src": "NA-N26", "dst": "EU-N44", "hlc": {"phys": 1758749356197, "cnt": 0, "node": "NA-N26"}, "package_id": "PKG49355", "payload": {"status": "SENT"}, "sent_ts": 1758749355937, "arrival_ts": 1758749355969}
{"action": "recv", "src": "NA-N26", "dst": "EU-N44", "hlc": {"phys": 1758749356431, "cnt": 0, "node": "NA-N26"}, "package_id": "PKG49355", "payload": {"status": "IN_TRANSIT"}, "sent_ts": 1758749356171, "arrival_ts": 1758749356238}
{"action": "recv", "src": "NA-N26", "dst": "EU-N44", "hlc": {"phys": 1758749356711, "cnt": 0, "node": "NA-N26"}, "package_id": "PKG49355", "payload": {"status": "RECEIVED"}, "sent_ts": 1758749356451, "arrival_ts": 1758749356542}
{"action": "recv", "src": "NA-N26", "dst": "EU-N44", "hlc": {"phys": 1758749357010, "cnt": 0, "node": "NA-N26"}, "package_id": "PKG49355", "payload": {"status": "DELIVERED"}, "sent_ts": 1758749356750, "arrival_ts": 1758749356797}
{"action": "recv", "src": "AN-N136", "dst": "EU-N44", "hlc": {"phys": 1758749730221, "cnt": 0, "node": "AN-N136"}, "package_id": "PKG49698", "payload": {"status": "CREATED"}, "sent_ts": 1758749698861, "arrival_ts": 1758749698886}
{"action": "recv", "src": "AN-N136", "dst": "EU-N44", "hlc": {"phys": 1758749730440, "cnt": 0, "node": "AN-N136"}, "package_id": "PKG49698", "payload": {"status": "SENT"}, "sent_ts": 1758749699080, "arrival_ts": 1758749699123}
{"action": "recv", "src": "AN-N136", "dst": "EU-N44", "hlc": {"phys": 1758749730674, "cnt": 0, "node": "AN-N136"}, "package_id": "PKG49698", "payload": {"status": "IN_TRANSIT"}, "sent_ts": 1758749699314, "arrival_ts": 1758749699501}
{"action": "recv", "src": "AN-N136", "dst": "EU-N44", "hlc": {"phys": 1758749731076, "cnt": 0, "node": "AN-N136"}, "package_id": "PKG49698", "payload": {"status": "RECEIVED"}, "sent_ts": 1758749699716, "arrival_ts": 1758749699748}
{"action": "recv", "src": "AN-N136", "dst": "EU-N44", "hlc": {"phys": 1758749731294, "cnt": 0, "node": "AN-N136"}, "package_id": "PKG49698", "payload": {"status": "DELIVERED"}, "sent_ts": 1758749699934, "arrival_ts": 1758749700034}
{"action": "recv", "src": "EU-N92", "dst": "EU-N44", "hlc": {"phys": 1758753285727, "cnt": 0, "node": "EU-N92"}, "package_id": "PKG53279", "payload": {"status": "CREATED"}, "sent_ts": 1758753279807, "arrival_ts": 1758753279893}
{"action": "recv", "src": "EU-N92", "dst": "EU-N44", "hlc": {"phys": 1758753286027, "cnt": 0, "node": "EU-N92"}, "package_id": "PKG53279", "payload": {"status": "SENT"}, "sent_ts": 1758753280107, "arrival_ts": 1758753280248}
{"action": "recv", "src": "EU-N92", "dst": "EU-N44", "hlc": {"phys": 1758753286372, "cnt": 0, "node": "EU-N92"}, "package_id": "PKG53279", "payload": {"status": "IN_TRANSIT"}, "sent_ts": 1758753280452, "arrival_ts": 1758753280540}
{"action": "recv", "src": "EU-N92", "dst": "EU-N44", "hlc": {"phys": 1758753286672, "cnt": 0, "node": "EU-N92"}, "package_id": "PKG53279", "payload": {"status": "RECEIVED"}, "sent_ts": 1758753280752, "arrival_ts": 1758753280819}
{"action": "recv", "src": "EU-N92", "dst": "EU-N44", "hlc": {"phys": 1758753286959, "cnt": 0, "node": "EU-N92"}, "package_id": "PKG53279", "payload": {"status": "DELIVERED"}, "sent_ts": 1758753281039, "arrival_ts": 1758753281116}
{"action": "recv", "src": "AF-N167", "dst": "EU-N44", "hlc": {"phys": 1758757596740, "cnt": 0, "node": "AF-N167"}, "package_id": "PKG57580", "payload": {"status": "CREATED"}, "sent_ts": 1758757580070, "arrival_ts": 1758757580263}
{"action": "recv", "src": "AF-N167", "dst": "EU-N44", "hlc": {"phys": 1758757597139, "cnt": 0, "node": "AF-N167"}, "package_id": "PKG57580", "payload": {"status": "SENT"}, "sent_ts": 1758757580469, "arrival_ts": 1758757580490}
{"action": "recv", "src": "AF-N167", "dst": "EU-N44", "hlc": {"phys": 1758757597374, "cnt": 0, "node": "AF-N167"}, "package_id": "PKG57580", "payload": {"status": "IN_TRANSIT"}, "sent_ts": 1758757580704, "arrival_ts": 1758757580719}
{"action": "recv", "src": "AF-N167", "dst": "EU-N44", "hlc": {"phys": 1758757597600, "cnt": 0, "node": "AF-N167"}, "package_id": "PKG57580", "payload": {"status": "RECEIVED"}, "sent_ts": 1758757580930, "arrival_ts": 1758757580992}
{"action": "recv", "src": "AF-N167", "dst": "EU-N44", "hlc": {"phys": 1758757597869, "cnt": 0, "node": "AF-N167"}, "package_id": "PKG57580", "payload": {"status": "DELIVERED"}, "sent_ts": 1758757581199, "arrival_ts": 1758757581373}
{"action": "send", "src": "EU-N44", "dst": "AU-N93", "hlc": {"phys": 1758760127553, "cnt": 0, "node": "EU-N44"}, "package_id": "PKG60122", "payload": {"status": "CREATED"}, "sent_ts": 1758760122113, "arrival_ts": 1758760122113}
{"action": "send", "src": "EU-N44", "dst": "AU-N93", "hlc": {"phys": 1758760127892, "cnt": 0, "node": "EU-N44"}, "package_id": "PKG60122", "payload": {"status": "SENT"}, "sent_ts": 1758760122452, "arrival_ts": 1758760122452}
{"action": "send", "src": "EU-N44", "dst": "AU-N93", "hlc": {"phys": 1758760128232, "cnt": 0, "node": "EU-N44"}, "package_id": "PKG60122", "payload": {"status": "IN_TRANSIT"}, "sent_ts": 1758760122792, "arrival_ts": 1758760122792}
{"action": "send", "src": "EU-N44", "dst": "AU-N93", "hlc": {"phys": 1758760128448, "cnt": 0, "node": "EU-N44"}, "package_id": "PKG60122", "payload": {"status": "RECEIVED"}, "sent_ts": 1758760123008, "arrival_ts": 1758760123008}
{"action": "send", "src": "EU-N44", "dst": "AU-N93", "hlc": {"phys": 1758760128835, "cnt": 0, "node": "EU-N44"}, "package_id": "PKG60122", "payload": {"status": "DELIVERED"}, "sent_ts": 1758760123395, "arrival_ts": 1758760123395}
{"action": "recv", "src": "AU-N7", "dst": "EU-N44", "hlc": {"phys": 1758760361911, "cnt": 0, "node": "AU-N7"}, "package_id": "PKG60336", "payload": {"status": "CREATED"}, "sent_ts": 1758760336841, "arrival_ts": 1758760336956}
{"action": "recv", "src": "AU-N7", "dst": "EU-N44", "hlc": {"phys": 1758760362242, "cnt": 0, "node": "AU-N7"}, "package_id": "PKG60336", "payload": {"status": "SENT"}, "sent_ts": 1758760337172, "arrival_ts": 1758760337322}
{"action": "recv", "src": "AU-N7", "dst": "EU-N44", "hlc": {"phys": 1758760362602, "cnt": 0, "node": "AU-N7"}, "package_id": "PKG60336", "payload": {"status": "IN_TRANSIT"}, "sent_ts": 1758760337532, "arrival_ts": 1758760337580}
{"action": "recv", "src": "AU-N7", "dst": "EU-N44", "hlc": {"phys": 1758760362852, "cnt": 0, "node": "AU-N7"}, "package_id": "PKG60336", "payload": {"status": "RECEIVED"}, "sent_ts": 1758760337782, "arrival_ts": 1758760337983}
{"action": "recv", "src": "AU-N7", "dst": "EU-N44", "hlc": {"phys": 1758760363268, "cnt": 0, "node": "AU-N7"}, "package_id": "PKG60336", "payload": {"status": "DELIVERED"}, "sent_ts": 1758760338198, "arrival_ts": 1758760338222}
{"action": "recv", "src": "AF-N107", "dst": "EU-N44", "hlc": {"phys": 1758762793231, "cnt": 0, "node": "AF-N107"}, "package_id": "PKG62777", "payload": {"status": "CREATED"}, "sent_ts": 1758762777161, "arrival_ts": 1758762777286}
{"action": "recv", "src": "AF-N107", "dst": "EU-N44", "hlc": {"phys": 1758762793557, "cnt": 0, "node": "AF-N107"}, "package_id": "PKG62777", "payload": {"status": "SENT"}, "sent_ts": 1758762777487, "arrival_ts": 1758762777506}
{"action": "recv", "src": "AF-N107", "dst": "EU-N44", "hlc": {"phys": 1758762793775, "cnt": 0, "node": "AF-N107"}, "package_id": "PKG62777", "payload": {"status": "IN_TRANSIT"}, "sent_ts": 1758762777705, "arrival_ts": 1758762777848}
{"action": "recv", "src": "AF-N107", "dst": "EU-N44", "hlc": {"phys": 1758762794116, "cnt": 0, "node": "AF-N107"}, "package_id": "PKG62777", "payload": {"status": "RECEIVED"}, "sent_ts": 1758762778046, "arrival_ts": 1758762778216}
{"action": "recv", "src": "AF-N107", "dst": "EU-N44", "hlc": {"phys": 1758762794504, "cnt": 0, "node": "AF-N107"}, "package_id": "PKG62777", "payload": {"status": "DELIVERED"}, "sent_ts": 1758762778434, "arrival_ts": 1758762778474}
{"action": "recv", "src": "AF-N34", "dst": "EU-N44", "hlc": {"phys": 1758762894717, "cnt": 0, "node": "AF-N34"}, "package_id": "PKG62879", "payload": {"status": "CREATED"}, "sent_ts": 1758762879377, "arrival_ts": 1758762879428}
{"action": "recv", "src": "AF-N34", "dst": "EU-N44", "hlc": {"phys": 1758762894983, "cnt": 0, "node": "AF-N34"}, "package_id": "PKG62879", "payload": {"status": "SENT"}, "sent_ts": 1758762879643, "arrival_ts": 1758762879779}
{"action": "recv", "src": "AF-N34", "dst": "EU-N44", "hlc": {"phys": 1758762895324, "cnt": 0, "node": "AF-N34"}, "package_id": "PKG62879", "payload": {"status": "IN_TRANSIT"}, "sent_ts": 1758762879984, "arrival_ts": 1758762880054}
{"action": "recv", "src": "AF-N34", "dst": "EU-N44", "hlc": {"phys": 1758762895607, "cnt": 0, "node": "AF-N34"}, "package_id": "PKG62879", "payload": {"status": "RECEIVED"}, "sent_ts": 1758762880267, "arrival_ts": 1758762880408}
{"action": "recv", "src": "AF-N34", "dst": "EU-N44", "hlc": {"phys": 1758762895964, "cnt": 0, "node": "AF-N34"}, "package_id": "PKG62879", "payload": {"status": "DELIVERED"}, "sent_ts": 1758762880624, "arrival_ts": 1758762880827}
{"action": "send", "src": "EU-N44", "dst": "AU-N11", "hlc": {"phys": 1758763515024, "cnt": 0, "node": "EU-N44"}, "package_id": "PKG63509", "payload": {"status": "CREATED"}, "sent_ts": 1758763509584, "arrival_ts": 1758763509584}
{"action": "send", "src": "EU-N44", "dst": "AU-N11", "hlc": {"phys": 1758763515352, "cnt": 0, "node": "EU-N44"}, "package_id": "PKG63509", "payload": {"status": "SENT"}, "sent_ts": 1758763509912, "arrival_ts": 1758763509912}
{"action": "send", "src": "EU-N44", "dst": "AU-N11", "hlc": {"phys": 1758763515615, "cnt": 0, "node": "EU-N44"}, "package_id": "PKG63509", "payload": {"status": "IN_TRANSIT"}, "sent_ts": 1758763510175, "arrival_ts": 1758763510175}
{"action": "send", "src": "EU-N44", "dst": "AU-N11", "hlc": {"phys": 1758763515986, "cnt": 0, "node": "EU-N44"}, "package_id": "PKG63509", "payload": {"status": "RECEIVED"}, "sent_ts": 1758763510546, "arrival_ts": 1758763510546}
{"action": "send", "src": "EU-N44", "dst": "AU-N11", "hlc": {"phys": 1758763516297, "cnt": 0, "node": "EU-N44"}, "package_id": "PKG63509", "payload": {"status": "DELIVERED"}, "sent_ts": 1758763510857, "arrival_ts": 1758763510857}
{"action": "send", "src": "EU-N44", "dst": "EU-N84", "hlc": {"phys": 1758763841123, "cnt": 0, "node": "EU-N44"}, "package_id": "PKG63835", "payload": {"status": "CREATED"}, "sent_ts": 1758763835683, "arrival_ts": 1758763835683}
{"action": "send", "src": "EU-N44", "dst": "EU-N84", "hlc": {"phys": 1758763841387, "cnt": 0, "node": "EU-N44"}, "package_id": "PKG63835", "payload": {"status": "SENT"}, "sent_ts": 1758763835947, "arrival_ts": 1758763835947}
{"action": "send", "src": "EU-N44", "dst": "EU-N84", "hlc": {"phys": 1758763841701, "cnt": 0, "node": "EU-N44"}, "package_id": "PKG63835", "payload": {"status": "IN_TRANSIT"}, "sent_ts": 1758763836261, "arrival_ts": 1758763836261}
{"action": "send", "src": "EU-N44", "dst": "EU-N84", "hlc": {"phys": 1758763841968, "cnt": 0, "node": "EU-N44"}, "package_id": "PKG63835", "payload": {"status": "RECEIVED"}, "sent_ts": 1758763836528, "arrival_ts": 1758763836528}
{"action": "send", "src": "EU-N44", "dst": "EU-N84", "hlc": {"phys": 1758763842299, "cnt": 0, "node": "EU-N44"}, "package_id": "PKG63835", "payload": {"status": "DELIVERED"}, "sent_ts": 1758763836859, "arrival_ts": 1758763836859}
{"action": "send", "src": "EU-N44", "dst": "SA-N144", "hlc": {"phys": 1758764897515, "cnt": 0, "node": "EU-N44"}, "package_id": "PKG64892", "payload": {"status": "CREATED"}, "sent_ts": 1758764892075, "arrival_ts": 1758764892075}
{"action": "send", "src": "EU-N44", "dst": "SA-N144", "hlc": {"phys": 1758764897864, "cnt": 0, "node": "EU-N44"}, "package_id": "PKG64892", "payload": {"status": "SENT"}, "sent_ts": 1758764892424, "arrival_ts": 1758764892424}
{"action": "send", "src": "EU-N44", "dst": "SA-N144", "hlc": {"phys": 1758764898147, "cnt": 0, "node": "EU-N44"}, "package_id": "PKG64892", "payload": {"status": "IN_TRANSIT"}, "sent_ts": 1758764892707, "arrival_ts": 1758764892707}
{"action": "send", "src": "EU-N44", "dst": "SA-N144", "hlc": {"phys": 1758764898505, "cnt": 0, "node": "EU-N44"}, "package_id": "PKG64892", "payload": {"status": "RECEIVED"}, "sent_ts": 1758764893065, "arrival_ts": 1758764893065}
{"action": "send", "src": "EU-N44", "dst": "SA-N144", "hlc": {"phys": 1758764898901, "cnt": 0, "node": "EU-N44"}, "package_id": "PKG64892", "payload": {"status": "DELIVERED"}, "sent_ts": 1758764893461, "arrival_ts": 1758764893461}
{"action": "send", "src": "EU-N44", "dst": "SA-N101", "hlc": {"phys": 1758765360472, "cnt": 0, "node": "EU-N44"}, "package_id": "PKG65355", "payload": {"status": "CREATED"}, "sent_ts": 1758765355032, "arrival_ts": 1758765355032}
{"action": "send", "src": "EU-N44", "dst": "SA-N101", "hlc": {"phys": 1758765360708, "cnt": 0, "node": "EU-N44"}, "package_id": "PKG65355", "payload": {"status": "SENT"}, "sent_ts": 1758765355268, "arrival_ts": 1758765355268}
{"action": "send", "src": "EU-N44", "dst": "SA-N101", "hlc": {"phys": 1758765360955, "cnt": 0, "node": "EU-N44"}, "package_id": "PKG65355", "payload": {"status": "IN_TRANSIT"}, "sent_ts": 1758765355515, "arrival_ts": 1758765355515}
{"action": "send", "src": "EU-N44", "dst": "SA-N101", "hlc": {"phys": 1758765361204, "cnt": 0, "node": "EU-N44"}, "package_id": "PKG65355", "payload": {"status": "RECEIVED"}, "sent_ts": 1758765355764, "arrival_ts": 1758765355764}
{"action": "send", "src": "EU-N44", "dst": "SA-N101", "hlc": {"phys": 1758765361464, "cnt": 0, "node": "EU-N44"}, "package_id": "PKG65355", "payload": {"status": "DELIVERED"}, "sent_ts": 1758765356024, "arrival_ts": 1758765356024}
{"action": "send", "src": "EU-N44", "dst": "SA-N195", "hlc": {"phys": 1758803226560, "cnt": 0, "node": "EU-N44"}, "package_id": "PKG3221", "payload": {"status": "CREATED"}, "sent_ts": 1758803221120, "arrival_ts": 1758803221120}
{"action": "send", "src": "EU-N44", "dst": "SA-N195", "hlc": {"phys": 1758803226803, "cnt": 0, "node": "EU-N44"}, "package_id": "PKG3221", "payload": {"status": "SENT"}, "sent_ts": 1758803221363, "arrival_ts": 1758803221363}
{"action": "send", "src": "EU-N44", "dst": "SA-N195", "hlc": {"phys": 1758803227184, "cnt": 0, "node": "EU-N44"}, "package_id": "PKG3221", "payload": {"status": "IN_TRANSIT"}, "sent_ts": 1758803221744, "arrival_ts": 1758803221744}
{"action": "send", "src": "EU-N44", "dst": "SA-N195", "hlc": {"phys": 1758803227526, "cnt": 0, "node": "EU-N44"}, "package_id": "PKG3221", "payload": {"status": "RECEIVED"}, "sent_ts": 1758803222086, "arrival_ts": 1758803222086}
{"action": "send", "src": "EU-N44", "dst": "SA-N195", "hlc": {"phys": 1758803227796, "cnt": 0, "node": "EU-N44"}, "package_id": "PKG3221", "payload": {"status": "DELIVERED"}, "sent_ts": 1758803222356, "arrival_ts": 1758803222356}
{"action": "recv", "src": "AU-N29", "dst": "EU-N44", "hlc": {"phys": 1758812889584, "cnt": 0, "node": "AU-N29"}, "package_id": "PKG12864", "payload": {"status": "CREATED"}, "sent_ts": 1758812864294, "arrival_ts": 1758812864421}
{"action": "recv", "src": "AU-N29", "dst": "EU-N44", "hlc": {"phys": 1758812889926, "cnt": 0, "node": "AU-N29"}, "package_id": "PKG12864", "payload": {"status": "SENT"}, "sent_ts": 1758812864636, "arrival_ts": 1758812864693}
{"action": "recv", "src": "AU-N29", "dst": "EU-N44", "hlc": {"phys": 1758812890192, "cnt": 0, "node": "AU-N29"}, "package_id": "PKG12864", "payload": {"status": "IN_TRANSIT"}, "sent_ts": 1758812864902, "arrival_ts": 1758812864965}
{"action": "recv", "src": "AU-N29", "dst": "EU-N44", "hlc": {"phys": 1758812890453, "cnt": 0, "node": "AU-N29"}, "package_id": "PKG12864", "payload": {"status": "RECEIVED"}, "sent_ts": 1758812865163, "arrival_ts": 1758812865229}
{"action": "recv", "src": "AU-N29", "dst": "EU-N44", "hlc": {"phys": 1758812890715, "cnt": 0, "node": "AU-N29"}, "package_id": "PKG12864", "payload": {"status": "DELIVERED"}, "sent_ts": 1758812865425, "arrival_ts": 1758812865620}
{"action": "recv", "src": "AS-N4", "dst": "EU-N44", "hlc": {"phys": 1758812998327, "cnt": 0, "node": "AS-N4"}, "package_id": "PKG12988", "payload": {"status": "CREATED"}, "sent_ts": 1758812988287, "arrival_ts": 1758812988378}
{"action": "recv", "src": "AS-N4", "dst": "EU-N44", "hlc": {"phys": 1758812998622, "cnt": 0, "node": "AS-N4"}, "package_id": "PKG12988", "payload": {"status": "SENT"}, "sent_ts": 1758812988582, "arrival_ts": 1758812988777}
{"action": "recv", "src": "AS-N4", "dst": "EU-N44", "hlc": {"phys": 1758812999009, "cnt": 0, "node": "AS-N4"}, "package_id": "PKG12988", "payload": {"status": "IN_TRANSIT"}, "sent_ts": 1758812988969, "arrival_ts": 1758812989035}
{"action": "recv", "src": "AS-N4", "dst": "EU-N44", "hlc": {"phys": 1758812999272, "cnt": 0, "node": "AS-N4"}, "package_id": "PKG12988", "payload": {"status": "RECEIVED"}, "sent_ts": 1758812989232, "arrival_ts": 1758812989285}
{"action": "recv", "src": "AS-N4", "dst": "EU-N44", "hlc": {"phys": 1758812999535, "cnt": 0, "node": "AS-N4"}, "package_id": "PKG12988", "payload": {"status": "DELIVERED"}, "sent_ts": 1758812989495, "arrival_ts": 1758812989530}
{"action": "send", "src": "EU-N44", "dst": "NA-N36", "hlc": {"phys": 1758813325120, "cnt": 0, "node": "EU-N44"}, "package_id": "PKG13319", "payload": {"status": "CREATED"}, "sent_ts": 1758813319680, "arrival_ts": 1758813319680}
{"action": "send", "src": "EU-N44", "dst": "NA-N36", "hlc": {"phys": 1758813325524, "cnt": 0, "node": "EU-N44"}, "package_id": "PKG13319", "payload": {"status": "SENT"}, "sent_ts": 1758813320084, "arrival_ts": 1758813320084}
{"action": "send", "src": "EU-N44", "dst": "NA-N36", "hlc": {"phys": 1758813325789, "cnt": 0, "node": "EU-N44"}, "package_id": "PKG13319", "payload": {"status": "IN_TRANSIT"}, "sent_ts": 1758813320349, "arrival_ts": 1758813320349}
{"action": "send", "src": "EU-N44", "dst": "NA-N36", "hlc": {"phys": 1758813326113, "cnt": 0, "node": "EU-N44"}, "package_id": "PKG13319", "payload": {"status": "RECEIVED"}, "sent_ts": 1758813320673, "arrival_ts": 1758813320673}
{"action": "send", "src": "EU-N44", "dst": "NA-N36", "hlc": {"phys": 1758813326469, "cnt": 0, "node": "EU-N44"}, "package_id": "PKG13319", "payload": {"status": "DELIVERED"}, "sent_ts": 1758813321029, "arrival_ts": 1758813321029}
{"action": "recv", "src": "NA-N73", "dst": "EU-N44", "hlc": {"phys": 1758813552799, "cnt": 0, "node": "NA-N73"}, "package_id": "PKG13552", "payload": {"status": "CREATED"}, "sent_ts": 1758813552069, "arrival_ts": 1758813552123}
{"action": "recv", "src": "NA-N73", "dst": "EU-N44", "hlc": {"phys": 1758813553034, "cnt": 0, "node": "NA-N73"}, "package_id": "PKG13552", "payload": {"status": "SENT"}, "sent_ts": 1758813552304, "arrival_ts": 1758813552434}
{"action": "recv", "src": "NA-N73", "dst": "EU-N44", "hlc": {"phys": 1758813553362, "cnt": 0, "node": "NA-N73"}, "package_id": "PKG13552", "payload": {"status": "IN_TRANSIT"}, "sent_ts": 1758813552632, "arrival_ts": 1758813552764}
{"action": "recv", "src": "NA-N73", "dst": "EU-N44", "hlc": {"phys": 1758813553690, "cnt": 0, "node": "NA-N73"}, "package_id": "PKG13552", "payload": {"status": "RECEIVED"}, "sent_ts": 1758813552960, "arrival_ts": 1758813553040}
{"action": "recv", "src": "NA-N73", "dst": "EU-N44", "hlc": {"phys": 1758813553969, "cnt": 0, "node": "NA-N73"}, "package_id": "PKG13552", "payload": {"status": "DELIVERED"}, "sent_ts": 1758813553239, "arrival_ts": 1758813553372}
