{"action": "send", "src": "EU-N101", "dst": "NA-N100", "hlc": {"phys": 1758718549707, "cnt": 0, "node": "EU-N101"}, "package_id": "PKG18543", "payload": {"status": "CREATED"}, "sent_ts": 1758718543697, "arrival_ts": 1758718543697}
{"action": "send", "src": "EU-N101", "dst": "NA-N100", "hlc": {"phys": 1758718550072, "cnt": 0, "node": "EU-N101"}, "package_id": "PKG18543", "payload": {"status": "SENT"}, "sent_ts": 1758718544062, "arrival_ts": 1758718544062}
{"action": "send", "src": "EU-N101", "dst": "NA-N100", "hlc": {"phys": 1758718550347, "cnt": 0, "node": "EU-N101"}, "package_id": "PKG18543", "payload": {"status": "IN_TRANSIT"}, "sent_ts": 1758718544337, "arrival_ts": 1758718544337}
{"action": "send", "src": "EU-N101", "dst": "NA-N100", "hlc": {"phys": 1758718550726, "cnt": 0, "node": "EU-N101"}, "package_id": "PKG18543", "payload": {"status": "RECEIVED"}, "sent_ts": 1758718544716, "arrival_ts": 1758718544716}
{"action": "send", "src": "EU-N101", "dst": "NA-N100", "hlc": {"phys": 1758718550952, "cnt": 0, "node": "EU-N101"}, "package_id": "PKG18543", "payload": {"status": "DELIVERED"}, "sent_ts": 1758718544942, "arrival_ts": 1758718544942}
{"action": "recv", "src": "AN-N62", "dst": "EU-N101", "hlc": {"phys": 1758718756953, "cnt": 0, "node": "AN-N62"}, "package_id": "PKG18726", "payload": {"status": "CREATED"}, "sent_ts": 1758718726333, "arrival_ts": 1758718726433}
{"action": "recv", "src": "AN-N62", "dst": "EU-N101", "hlc": {"phys": 1758718757264, "cnt": 0, "node": "AN-N62"}, "package_id": "PKG18726", "payload": {"status": "SENT"}, "sent_ts": 1758718726644, "arrival_ts": 1758718726699}
{"action": "recv", "src": "AN-N62", "dst": "EU-N101", "hlc": {"phys": 1758718757521, "cnt": 0, "node": "AN-N62"}, "package_id": "PKG18726", "payload": {"status": "IN_TRANSIT"}, "sent_ts": 1758718726901, "arrival_ts": 1758718727056}
{"action": "recv", "src": "AN-N62", "dst": "EU-N101", "hlc": {"phys": 1758718757887, "cnt": 0, "node": "AN-N62"}, "package_id": "PKG18726", "payload": {"status": "RECEIVED"}, "sent_ts": 1758718727267, "arrival_ts": 1758718727388}
{"action": "recv", "src": "AN-N62", "dst": "EU-N101", "hlc": {"phys": 1758718758220, "cnt": 0, "node": "AN-N62"}, "package_id": "PKG18726", "payload": {"status": "DELIVERED"}, "sent_ts": 1758718727600, "arrival_ts": 1758718727645}
{"action": "recv", "src": "AU-N9", "dst": "EU-N101", "hlc": {"phys": 1758719169320, "cnt": 0, "node": "AU-N9"}, "package_id": "PKG19144", "payload": {"status": "CREATED"}, "sent_ts": 1758719144230, "arrival_ts": 1758719144356}
{"action": "recv", "src": "AU-N9", "dst": "EU-N101", "hlc": {"phys": 1758719169646, "cnt": 0, "node": "AU-N9"}, "package_id": "PKG19144", "payload": {"status": "SENT"}, "sent_ts": 1758719144556, "arrival_ts": 1758719144658}
{"action": "recv", "src": "AU-N9", "dst": "EU-N101", "hlc": {"phys": 1758719169957, "cnt": 0, "node": "AU-N9"}, "package_id": "PKG19144", "payload": {"status": "IN_TRANSIT"}, "sent_ts": 1758719144867, "arrival_ts": 1758719144937}
{"action": "recv", "src": "AU-N9", "dst": "EU-N101", "hlc": {"phys": 1758719170236, "cnt": 0, "node": "AU-N9"}, "package_id": "PKG19144", "payload": {"status": "RECEIVED"}, "sent_ts": 1758719145146, "arrival_ts": 1758719145175}
{"action": "recv", "src": "AU-N9", "dst": "EU-N101", "hlc": {"phys": 1758719170479, "cnt": 0, "node": "AU-N9"}, "package_id": "PKG19144", "payload": {"status": "DELIVERED"}, "sent_ts": 1758719145389, "arrival_ts": 1758719145504}
{"action": "send", "src": "EU-N101", "dst": "EU-N32", "hlc": {"phys": 1758738016720, "cnt": 0, "node": "EU-N101"}, "package_id": "PKG38010", "payload": {"status": "CREATED"}, "sent_ts": 1758738010710, "arrival_ts": 1758738010710}
{"action": "send", "src": "EU-N101", "dst": "EU-N32", "hlc": {"phys": 1758738016983, "cnt": 0, "node": "EU-N101"}, "package_id": "PKG38010", "payload": {"status": "SENT"}, "sent_ts": 1758738010973, "arrival_ts": 1758738010973}
{"action": "send", "src": "EU-N101", "dst": "EU-N32", "hlc": {"phys": 1758738017345, "cnt": 0, "node": "EU-N101"}, "package_id": "PKG38010", "payload": {"status": "IN_TRANSIT"}, "sent_ts": 1758738011335, "arrival_ts": 1758738011335}
{"action": "send", "src": "EU-N101", "dst": "EU-N32", "hlc": {"phys": 1758738017658, "cnt": 0, "node": "EU-N101"}, "package_id": "PKG38010", "payload": {"status": "RECEIVED"}, "sent_ts": 1758738011648, "arrival_ts": 1758738011648}
{"action": "send", "src": "EU-N101", "dst": "EU-N32", "hlc": {"phys": 1758738018003, "cnt": 0, "node": "EU-N101"}, "package_id": "PKG38010", "payload": {"status": "DELIVERED"}, "sent_ts": 1758738011993, "arrival_ts": 1758738011993}
{"action": "recv", "src": "EU-N21", "dst": "EU-N101", "hlc": {"phys": 1758738962142, "cnt": 0, "node": "EU-N21"}, "package_id": "PKG38956", "payload": {"status": "CREATED"}, "sent_ts": 1758738956932, "arrival_ts": 1758738957025}
{"action": "recv", "src": "EU-N21", "dst": "EU-N101", "hlc": {"phys": 1758738962437, "cnt": 0, "node": "EU-N21"}, "package_id": "PKG38956", "payload": {"status": "SENT"}, "sent_ts": 1758738957227, "arrival_ts": 1758738957346}
{"action": "recv", "src": "EU-N21", "dst": "EU-N101", "hlc": {"phys": 1758738962766, "cnt": 0, "node": "EU-N21"}, "package_id": "PKG38956", "payload": {"status": "IN_TRANSIT"}, "sent_ts": 1758738957556, "arrival_ts": 1758738957643}
{"action": "recv", "src": "EU-N21", "dst": "EU-N101", "hlc": {"phys": 1758738963070, "cnt": 0, "node": "EU-N21"}, "package_id": "PKG38956", "payload": {"status": "RECEIVED"}, "sent_ts": 1758738957860, "arrival_ts": 1758738958030}
{"action": "recv", "src": "EU-N21", "dst": "EU-N101", "hlc": {"phys": 1758738963453, "cnt": 0, "node": "EU-N21"}, "package_id": "PKG38956", "payload": {"status": "DELIVERED"}, "sent_ts": 1758738958243, "arrival_ts": 1758738958363}
{"action": "recv", "src": "AU-N132", "dst": "EU-N101", "hlc": {"phys": 1758741596758, "cnt": 0, "node": "AU-N132"}, "package_id": "PKG41570", "payload": {"status": "CREATED"}, "sent_ts": 1758741570438, "arrival_ts": 1758741570475}
{"action": "recv", "src": "AU-N132", "dst": "EU-N101", "hlc": {"phys": 1758741596994, "cnt": 0, "node": "AU-N132"}, "package_id": "PKG41570", "payload": {"status": "SENT"}, "sent_ts": 1758741570674, "arrival_ts": 1758741570763}
{"action": "recv", "src": "AU-N132", "dst": "EU-N101", "hlc": {"phys": 1758741597299, "cnt": 0, "node": "AU-N132"}, "package_id": "PKG41570", "payload": {"status": "IN_TRANSIT"}, "sent_ts": 1758741570979, "arrival_ts": 1758741571172}
{"action": "recv", "src": "AU-N132", "dst": "EU-N101", "hlc": {"phys": 1758741597699, "cnt": 0, "node": "AU-N132"}, "package_id": "PKG41570", "payload": {"status": "RECEIVED"}, "sent_ts": 1758741571379, "arrival_ts": 1758741571411}
{"action": "recv", "src": "AU-N132", "dst": "EU-N101", "hlc": {"phys": 1758741597919, "cnt": 0, "node": "AU-N132"}, "package_id": "PKG41570", "payload": {"status": "DELIVERED"}, "sent_ts": 1758741571599, "arrival_ts": 1758741571675}
{"action": "send", "src": "EU-N101", "dst": "AN-N121", "hlc": {"phys": 1758741690759, "cnt": 0, "node": "EU-N101"}, "package_id": "PKG41684", "payload": {"status": "CREATED"}, "sent_ts": 1758741684749, "arrival_ts": 1758741684749}
{"action": "send", "src": "EU-N101", "dst": "AN-N121", "hlc": {"phys": 1758741691114, "cnt": 0, "node": "EU-N101"}, "package_id": "PKG41684", "payload": {"status": "SENT"}, "sent_ts": 1758741685104, "arrival_ts": 1758741685104}
{"action": "send", "src": "EU-N101", "dst": "AN-N121", "hlc": {"phys": 1758741691486, "cnt": 0, "node": "EU-N101"}, "package_id": "PKG41684", "payload": {"status": "IN_TRANSIT"}, "sent_ts": 1758741685476, "arrival_ts": 1758741685476}
{"action": "send", "src": "EU-N101", "dst": "AN-N121", "hlc": {"phys": 1758741691823, "cnt": 0, "node": "EU-N101"}, "package_id": "PKG41684", "payload": {"status": "RECEIVED"}, "sent_ts": 1758741685813, "arrival_ts": 1758741685813}
{"action": "send", "src": "EU-N101", "dst": "AN-N121", "hlc": {"phys": 1758741692193, "cnt": 0, "node": "EU-N101"}, "package_id": "PKG41684", "payload": {"status": "DELIVERED"}, "sent_ts": 1758741686183, "arrival_ts": 1758741686183}
{"action": "send", "src": "EU-N101", "dst": "AS-N99", "hlc": {"phys": 1758742817642, "cnt": 0, "node": "EU-N101"}, "package_id": "PKG42811", "payload": {"status": "CREATED"}, "sent_ts": 1758742811632, "arrival_ts": 1758742811632}
{"action": "send", "src": "EU-N101", "dst": "AS-N99", "hlc": {"phys": 1758742818046, "cnt": 0, "node": "EU-N101"}, "package_id": "PKG42811", "payload": {"status": "SENT"}, "sent_ts": 1758742812036, "arrival_ts": 1758742812036}
{"action": "send", "src": "EU-N101", "dst": "AS-N99", "hlc": {"phys": 1758742818340, "cnt": 0, "node": "EU-N101"}, "package_id": "PKG42811", "payload": {"status": "IN_TRANSIT"}, "sent_ts": 1758742812330, "arrival_ts": 1758742812330}
{"action": "send", "src": "EU-N101", "dst": "AS-N99", "hlc": {"phys": 1758742818621, "cnt": 0, "node": "EU-N101"}, "package_id": "PKG42811", "payload": {"status": "RECEIVED"}, "sent_ts": 1758742812611, "arrival_ts": 1758742812611}
{"action": "send", "src": "EU-N101", "dst": "AS-N99", "hlc": {"phys": 1758742818838, "cnt": 0, "node": "EU-N101"}, "package_id": "PKG42811", "payload": {"status": "DELIVERED"}, "sent_ts": 1758742812828, "arrival_ts": 1758742812828}
{"action": "send", "src": "EU-N101", "dst": "AN-N143", "hlc": {"phys": 1758744969388, "cnt": 0, "node": "EU-N101"}, "package_id": "PKG44963", "payload": {"status": "CREATED"}, "sent_ts": 1758744963378, "arrival_ts": 1758744963378}
{"action": "send", "src": "EU-N101", "dst": "AN-N143", "hlc": {"phys": 1758744969716, "cnt": 0, "node": "EU-N101"}, "package_id": "PKG44963", "payload": {"status": "SENT"}, "sent_ts": 1758744963706, "arrival_ts": 1758744963706}
{"action": "send", "src": "EU-N101", "dst": "AN-N143", "hlc": {"phys": 1758744969995, "cnt": 0, "node": "EU-N101"}, "package_id": "PKG44963", "payload": {"status": "IN_TRANSIT"}, "sent_ts": 1758744963985, "arrival_ts": 1758744963985}
{"action": "send", "src": "EU-N101", "dst": "AN-N143", "hlc": {"phys": 1758744970227, "cnt": 0, "node": "EU-N101"}, "package_id": "PKG44963", "payload": {"status": "RECEIVED"}, "sent_ts": 1758744964217, "arrival_ts": 1758744964217}
{"action": "send", "src": "EU-N101", "dst": "AN-N143", "hlc": {"phys": 1758744970553, "cnt": 0, "node": "EU-N101"}, "package_id": "PKG44963", "payload": {"status": "DELIVERED"}, "sent_ts": 1758744964542, "arrival_ts": 1758744964543}
{"action": "send", "src": "EU-N101", "dst": "NA-N148", "hlc": {"phys": 1758746714907, "cnt": 0, "node": "EU-N101"}, "package_id": "PKG46708", "payload": {"status": "CREATED"}, "sent_ts": 1758746708897, "arrival_ts": 1758746708897}
{"action": "send", "src": "EU-N101", "dst": "NA-N148", "hlc": {"phys": 1758746715185, "cnt": 0, "node": "EU-N101"}, "package_id": "PKG46708", "payload": {"status": "SENT"}, "sent_ts": 1758746709175, "arrival_ts": 1758746709175}
{"action": "send", "src": "EU-N101", "dst": "NA-N148", "hlc": {"phys": 1758746715512, "cnt": 0, "node": "EU-N101"}, "package_id": "PKG46708", "payload": {"status": "IN_TRANSIT"}, "sent_ts": 1758746709502, "arrival_ts": 1758746709502}
{"action": "send", "src": "EU-N101", "dst": "NA-N148", "hlc": {"phys": 1758746715901, "cnt": 0, "node": "EU-N101"}, "package_id": "PKG46708", "payload": {"status": "RECEIVED"}, "sent_ts": 1758746709891, "arrival_ts": 1758746709891}
{"action": "send", "src": "EU-N101", "dst": "NA-N148", "hlc": {"phys": 1758746716229, "cnt": 0, "node": "EU-N101"}, "package_id": "PKG46708", "payload": {"status": "DELIVERED"}, "sent_ts": 1758746710219, "arrival_ts": 1758746710219}
{"action": "recv", "src": "AU-N11", "dst": "EU-N101", "hlc": {"phys": 1758747972846, "cnt": 0, "node": "AU-N11"}, "package_id": "PKG47947", "payload": {"status": "CREATED"}, "sent_ts": 1758747947736, "arrival_ts": 1758747947807}
{"action": "recv", "src": "AU-N11", "dst": "EU-N101", "hlc": {"phys": 1758747973109, "cnt": 0, "node": "AU-N11"}, "package_id": "PKG47947", "payload": {"status": "SENT"}, "sent_ts": 1758747947999, "arrival_ts": 1758747948079}
{"action": "recv", "src": "AU-N11", "dst": "EU-N101", "hlc": {"phys": 1758747973404, "cnt": 0, "node": "AU-N11"}, "package_id": "PKG47947", "payload": {"status": "IN_TRANSIT"}, "sent_ts": 1758747948294, "arrival_ts": 1758747948481}
{"action": "recv", "src": "AU-N11", "dst": "EU-N101", "hlc": {"phys": 1758747973807, "cnt": 0, "node": "AU-N11"}, "package_id": "PKG47947", "payload": {"status": "RECEIVED"}, "sent_ts": 1758747948697, "arrival_ts": 1758747948807}
{"action": "recv", "src": "AU-N11", "dst": "EU-N101", "hlc": {"phys": 1758747974114, "cnt": 0, "node": "AU-N11"}, "package_id": "PKG47947", "payload": {"status": "DELIVERED"}, "sent_ts": 1758747949004, "arrival_ts": 1758747949074}
{"action": "send", "src": "EU-N101", "dst": "AU-N128", "hlc": {"phys": 1758748219901, "cnt": 0, "node": "EU-N101"}, "package_id": "PKG48213", "payload": {"status": "CREATED"}, "sent_ts": 1758748213891, "arrival_ts": 1758748213891}
{"action": "send", "src": "EU-N101", "dst": "AU-N128", "hlc": {"phys": 1758748220302, "cnt": 0, "node": "EU-N101"}, "package_id": "PKG48213", "payload": {"status": "SENT"}, "sent_ts": 1758748214292, "arrival_ts": 1758748214292}
{"action": "send", "src": "EU-N101", "dst": "AU-N128", "hlc": {"phys": 1758748220689, "cnt": 0, "node": "EU-N101"}, "package_id": "PKG48213", "payload": {"status": "IN_TRANSIT"}, "sent_ts": 1758748214679, "arrival_ts": 1758748214679}
{"action": "send", "src": "EU-N101", "dst": "AU-N128", "hlc": {"phys": 1758748221014, "cnt": 0, "node": "EU-N101"}, "package_id": "PKG48213", "payload": {"status": "RECEIVED"}, "sent_ts": 1758748215004, "arrival_ts": 1758748215004}
{"action": "send", "src": "EU-N101", "dst": "AU-N128", "hlc": {"phys": 1758748221278, "cnt": 0, "node": "EU-N101"}, "package_id": "PKG48213", "payload": {"status": "DELIVERED"}, "sent_ts": 1758748215268, "arrival_ts": 1758748215268}
{"action": "recv", "src": "AS-N29", "dst": "EU-N101", "hlc": {"phys": 1758750276457, "cnt": 0, "node": "AS-N29"}, "package_id": "PKG50266", "payload": {"status": "CREATED"}, "sent_ts": 1758750266167, "arrival_ts": 1758750266186}
{"action": "recv", "src": "AS-N29", "dst": "EU-N101", "hlc": {"phys": 1758750276692, "cnt": 0, "node": "AS-N29"}, "package_id": "PKG50266", "payload": {"status": "SENT"}, "sent_ts": 1758750266402, "arrival_ts": 1758750266589}
{"action": "recv", "src": "AS-N29", "dst": "EU-N101", "hlc": {"phys": 1758750277082, "cnt": 0, "node": "AS-N29"}, "package_id": "PKG50266", "payload": {"status": "IN_TRANSIT"}, "sent_ts": 1758750266792, "arrival_ts": 1758750266810}
{"action": "recv", "src": "AS-N29", "dst": "EU-N101", "hlc": {"phys": 1758750277299, "cnt": 0, "node": "AS-N29"}, "package_id": "PKG50266", "payload": {"status": "RECEIVED"}, "sent_ts": 1758750267009, "arrival_ts": 1758750267118}
{"action": "recv", "src": "AS-N29", "dst": "EU-N101", "hlc": {"phys": 1758750277609, "cnt": 0, "node": "AS-N29"}, "package_id": "PKG50266", "payload": {"status": "DELIVERED"}, "sent_ts": 1758750267319, "arrival_ts": 1758750267393}
{"action": "send", "src": "EU-N101", "dst": "AF-N175", "hlc": {"phys": 1758751880182, "cnt": 0, "node": "EU-N101"}, "package_id": "PKG51874", "payload": {"status": "CREATED"}, "sent_ts": 1758751874172, "arrival_ts": 1758751874172}
{"action": "send", "src": "EU-N101", "dst": "AF-N175", "hlc": {"phys": 1758751880577, "cnt": 0, "node": "EU-N101"}, "package_id": "PKG51874", "payload": {"status": "SENT"}, "sent_ts": 1758751874567, "arrival_ts": 1758751874567}
{"action": "send", "src": "EU-N101", "dst": "AF-N175", "hlc": {"phys": 1758751880848, "cnt": 0, "node": "EU-N101"}, "package_id": "PKG51874", "payload": {"status": "IN_TRANSIT"}, "sent_ts": 1758751874838, "arrival_ts": 1758751874838}
{"action": "send", "src": "EU-N101", "dst": "AF-N175", "hlc": {"phys": 1758751881243, "cnt": 0, "node": "EU-N101"}, "package_id": "PKG51874", "payload": {"status": "RECEIVED"}, "sent_ts": 1758751875233, "arrival_ts": 1758751875233}
{"action": "send", "src": "EU-N101", "dst": "AF-N175", "hlc": {"phys": 1758751881526, "cnt": 0, "node": "EU-N101"}, "package_id": "PKG51874", "payload": {"status": "DELIVERED"}, "sent_ts": 1758751875516, "arrival_ts": 1758751875516}
{"action": "send", "src": "EU-N101", "dst": "EU-N163", "hlc": {"phys": 1758752360082, "cnt": 0, "node": "EU-N101"}, "package_id": "PKG52354", "payload": {"status": "CREATED"}, "sent_ts": 1758752354072, "arrival_ts": 1758752354072}
{"action": "send", "src": "EU-N101", "dst": "EU-N163", "hlc": {"phys": 1758752360477, "cnt": 0, "node": "EU-N101"}, "package_id": "PKG52354", "payload": {"status": "SENT"}, "sent_ts": 1758752354467, "arrival_ts": 1758752354467}
{"action": "send", "src": "EU-N101", "dst": "EU-N163", "hlc": {"phys": 1758752360713, "cnt": 0, "node": "EU-N101"}, "package_id": "PKG52354", "payload": {"status": "IN_TRANSIT"}, "sent_ts": 1758752354703, "arrival_ts": 1758752354703}
{"action": "send", "src": "EU-N101", "dst": "EU-N163", "hlc": {"phys": 1758752362557, "cnt": 0, "node": "EU-N101"}, "package_id": "PKG52354", "payload": {"status": "RECEIVED"}, "sent_ts": 1758752356547, "arrival_ts": 1758752356547}
{"action": "send", "src": "EU-N101", "dst": "EU-N163", "hlc": {"phys": 1758752362768, "cnt": 0, "node": "EU-N101"}, "package_id": "PKG52354", "payload": {"status": "DELIVERED"}, "sent_ts": 1758752356758, "arrival_ts": 1758752356758}
{"action": "send", "src": "EU-N101", "dst": "NA-N119", "hlc": {"phys": 1758757738362, "cnt": 0, "node": "EU-N101"}, "package_id": "PKG57732", "payload": {"status": "CREATED"}, "sent_ts": 1758757732352, "arrival_ts": 1758757732352}
{"action": "send", "src": "EU-N101", "dst": "NA-N119", "hlc": {"phys": 1758757738651, "cnt": 0, "node": "EU-N101"}, "package_id": "PKG57732", "payload": {"status": "SENT"}, "sent_ts": 1758757732641, "arrival_ts": 1758757732641}
{"action": "send", "src": "EU-N101", "dst": "NA-N119", "hlc": {"phys": 1758757738948, "cnt": 0, "node": "EU-N101"}, "package_id": "PKG57732", "payload": {"status": "IN_TRANSIT"}, "sent_ts": 1758757732938, "arrival_ts": 1758757732938}
{"action": "send", "src": "EU-N101", "dst": "NA-N119", "hlc": {"phys": 1758757739256, "cnt": 0, "node": "EU-N101"}, "package_id": "PKG57732", "payload": {"status": "RECEIVED"}, "sent_ts": 1758757733246, "arrival_ts": 1758757733246}
{"action": "send", "src": "EU-N101", "dst": "NA-N119", "hlc": {"phys": 1758757739536, "cnt": 0, "node": "EU-N101"}, "package_id": "PKG57732", "payload": {"status": "DELIVERED"}, "sent_ts": 1758757733526, "arrival_ts": 1758757733526}
{"action": "send", "src": "EU-N101", "dst": "AS-N48", "hlc": {"phys": 1758757982833, "cnt": 0, "node": "EU-N101"}, "package_id": "PKG57976", "payload": {"status": "CREATED"}, "sent_ts": 1758757976823, "arrival_ts": 1758757976823}
{"action": "send", "src": "EU-N101", "dst": "AS-N48", "hlc": {"phys": 1758757983184, "cnt": 0, "node": "EU-N101"}, "package_id": "PKG57976", "payload": {"status": "SENT"}, "sent_ts": 1758757977174, "arrival_ts": 1758757977174}
{"action": "send", "src": "EU-N101", "dst": "AS-N48", "hlc": {"phys": 1758757983536, "cnt": 0, "node": "EU-N101"}, "package_id": "PKG57976", "payload": {"status": "IN_TRANSIT"}, "sent_ts": 1758757977526, "arrival_ts": 1758757977526}
{"action": "send", "src": "EU-N101", "dst": "AS-N48", "hlc": {"phys": 1758757983822, "cnt": 0, "node": "EU-N101"}, "package_id": "PKG57976", "payload": {"status": "RECEIVED"}, "sent_ts": 1758757977812, "arrival_ts": 1758757977812}
{"action": "send", "src": "EU-N101", "dst": "AS-N48", "hlc": {"phys": 1758757984204, "cnt": 0, "node": "EU-N101"}, "package_id": "PKG57976", "payload": {"status": "DELIVERED"}, "sent_ts": 1758757978194, "arrival_ts": 1758757978194}
{"action": "recv", "src": "SA-N108", "dst": "EU-N101", "hlc": {"phys": 1758764349828, "cnt": 0, "node": "SA-N108"}, "package_id": "PKG64328", "payload": {"status": "CREATED"}, "sent_ts": 1758764328748, "arrival_ts": 1758764328861}
{"action": "recv", "src": "SA-N108", "dst": "EU-N101", "hlc": {"phys": 1758764350152, "cnt": 0, "node": "SA-N108"}, "package_id": "PKG64328", "payload": {"status": "SENT"}, "sent_ts": 1758764329072, "arrival_ts": 1758764329235}
{"action": "recv", "src": "SA-N108", "dst": "EU-N101", "hlc": {"phys": 1758764350527, "cnt": 0, "node": "SA-N108"}, "package_id": "PKG64328", "payload": {"status": "IN_TRANSIT"}, "sent_ts": 1758764329447, "arrival_ts": 1758764329525}
{"action": "recv", "src": "SA-N108", "dst": "EU-N101", "hlc": {"phys": 1758764350807, "cnt": 0, "node": "SA-N108"}, "package_id": "PKG64328", "payload": {"status": "RECEIVED"}, "sent_ts": 1758764329727, "arrival_ts": 1758764329849}
{"action": "recv", "src": "SA-N108", "dst": "EU-N101", "hlc": {"phys": 1758764351132, "cnt": 0, "node": "SA-N108"}, "package_id": "PKG64328", "payload": {"status": "DELIVERED"}, "sent_ts": 1758764330052, "arrival_ts": 1758764330191}
{"action": "recv", "src": "AU-N70", "dst": "EU-N101", "hlc": {"phys": 1758804050886, "cnt": 0, "node": "AU-N70"}, "package_id": "PKG4025", "payload": {"status": "CREATED"}, "sent_ts": 1758804025186, "arrival_ts": 1758804025379}
{"action": "recv", "src": "AU-N70", "dst": "EU-N101", "hlc": {"phys": 1758804051289, "cnt": 0, "node": "AU-N70"}, "package_id": "PKG4025", "payload": {"status": "SENT"}, "sent_ts": 1758804025589, "arrival_ts": 1758804025622}
{"action": "recv", "src": "AU-N70", "dst": "EU-N101", "hlc": {"phys": 1758804051535, "cnt": 0, "node": "AU-N70"}, "package_id": "PKG4025", "payload": {"status": "IN_TRANSIT"}, "sent_ts": 1758804025835, "arrival_ts": 1758804026028}
{"action": "recv", "src": "AU-N70", "dst": "EU-N101", "hlc": {"phys": 1758804051924, "cnt": 0, "node": "AU-N70"}, "package_id": "PKG4025", "payload": {"status": "RECEIVED"}, "sent_ts": 1758804026224, "arrival_ts": 1758804026327}
{"action": "recv", "src": "AU-N70", "dst": "EU-N101", "hlc": {"phys": 1758804054974, "cnt": 0, "node": "AU-N70"}, "package_id": "PKG4025", "payload": {"status": "DELIVERED"}, "sent_ts": 1758804029274, "arrival_ts": 1758804029291}
{"action": "send", "src": "EU-N101", "dst": "EU-N121", "hlc": {"phys": 1758804273988, "cnt": 0, "node": "EU-N101"}, "package_id": "PKG4267", "payload": {"status": "CREATED"}, "sent_ts": 1758804267978, "arrival_ts": 1758804267978}
{"action": "send", "src": "EU-N101", "dst": "EU-N121", "hlc": {"phys": 1758804274311, "cnt": 0, "node": "EU-N101"}, "package_id": "PKG4267", "payload": {"status": "SENT"}, "sent_ts": 1758804268300, "arrival_ts": 1758804268301}
{"action": "send", "src": "EU-N101", "dst": "EU-N121", "hlc": {"phys": 1758804274615, "cnt": 0, "node": "EU-N101"}, "package_id": "PKG4267", "payload": {"status": "IN_TRANSIT"}, "sent_ts": 1758804268605, "arrival_ts": 1758804268605}
{"action": "send", "src": "EU-N101", "dst": "EU-N121", "hlc": {"phys": 1758804274963, "cnt": 0, "node": "EU-N101"}, "package_id": "PKG4267", "payload": {"status": "RECEIVED"}, "sent_ts": 1758804268953, "arrival_ts": 1758804268953}
{"action": "send", "src": "EU-N101", "dst": "EU-N121", "hlc": {"phys": 1758804275210, "cnt": 0, "node": "EU-N101"}, "package_id": "PKG4267", "payload": {"status": "DELIVERED"}, "sent_ts": 1758804269200, "arrival_ts": 1758804269200}
{"action": "recv", "src": "AN-N102", "dst": "EU-N101", "hlc": {"phys": 1758804394438, "cnt": 0, "node": "AN-N102"}, "package_id": "PKG4363", "payload": {"status": "CREATED"}, "sent_ts": 1758804363418, "arrival_ts": 1758804363599}
{"action": "recv", "src": "AN-N102", "dst": "EU-N101", "hlc": {"phys": 1758804394816, "cnt": 0, "node": "AN-N102"}, "package_id": "PKG4363", "payload": {"status": "SENT"}, "sent_ts": 1758804363796, "arrival_ts": 1758804363925}
{"action": "recv", "src": "AN-N102", "dst": "EU-N101", "hlc": {"phys": 1758804395166, "cnt": 0, "node": "AN-N102"}, "package_id": "PKG4363", "payload": {"status": "IN_TRANSIT"}, "sent_ts": 1758804364146, "arrival_ts": 1758804364288}
{"action": "recv", "src": "AN-N102", "dst": "EU-N101", "hlc": {"phys": 1758804395520, "cnt": 0, "node": "AN-N102"}, "package_id": "PKG4363", "payload": {"status": "RECEIVED"}, "sent_ts": 1758804364500, "arrival_ts": 1758804364522}
{"action": "recv", "src": "AN-N102", "dst": "EU-N101", "hlc": {"phys": 1758804395751, "cnt": 0, "node": "AN-N102"}, "package_id": "PKG4363", "payload": {"status": "DELIVERED"}, "sent_ts": 1758804364731, "arrival_ts": 1758804364792}
{"action": "send", "src": "EU-N101", "dst": "AU-N173", "hlc": {"phys": 1758810503848, "cnt": 0, "node": "EU-N101"}, "package_id": "PKG10497", "payload": {"status": "CREATED"}, "sent_ts": 1758810497838, "arrival_ts": 1758810497838}
{"action": "send", "src": "EU-N101", "dst": "AU-N173", "hlc": {"phys": 1758810504218, "cnt": 0, "node": "EU-N101"}, "package_id": "PKG10497", "payload": {"status": "SENT"}, "sent_ts": 1758810498208, "arrival_ts": 1758810498208}
{"action": "send", "src": "EU-N101", "dst": "AU-N173", "hlc": {"phys": 1758810504449, "cnt": 0, "node": "EU-N101"}, "package_id": "PKG10497", "payload": {"status": "IN_TRANSIT"}, "sent_ts": 1758810498439, "arrival_ts": 1758810498439}
{"action": "send", "src": "EU-N101", "dst": "AU-N173", "hlc": {"phys": 1758810504851, "cnt": 0, "node": "EU-N101"}, "package_id": "PKG10497", "payload": {"status": "RECEIVED"}, "sent_ts": 1758810498841, "arrival_ts": 1758810498841}
{"action": "send", "src": "EU-N101", "dst": "AU-N173", "hlc": {"phys": 1758810505254, "cnt": 0, "node": "EU-N101"}, "package_id": "PKG10497", "payload": {"status": "DELIVERED"}, "sent_ts": 1758810499244, "arrival_ts": 1758810499244}
{"action": "recv", "src": "NA-N50", "dst": "EU-N101", "hlc": {"phys": 1758811885066, "cnt": 0, "node": "NA-N50"}, "package_id": "PKG11884", "payload": {"status": "CREATED"}, "sent_ts": 1758811884566, "arrival_ts": 1758811884652}
{"action": "recv", "src": "NA-N50", "dst": "EU-N101", "hlc": {"phys": 1758811885344, "cnt": 0, "node": "NA-N50"}, "package_id": "PKG11884", "payload": {"status": "SENT"}, "sent_ts": 1758811884844, "arrival_ts": 1758811884865}
{"action": "recv", "src": "NA-N50", "dst": "EU-N101", "hlc": {"phys": 1758811885576, "cnt": 0, "node": "NA-N50"}, "package_id": "PKG11884", "payload": {"status": "IN_TRANSIT"}, "sent_ts": 1758811885076, "arrival_ts": 1758811885147}
{"action": "recv", "src": "NA-N50", "dst": "EU-N101", "hlc": {"phys": 1758811885855, "cnt": 0, "node": "NA-N50"}, "package_id": "PKG11884", "payload": {"status": "RECEIVED"}, "sent_ts": 1758811885355, "arrival_ts": 1758811885469}
{"action": "recv", "src": "NA-N50", "dst": "EU-N101", "hlc": {"phys": 1758811886180, "cnt": 0, "node": "NA-N50"}, "package_id": "PKG11884", "payload": {"status": "DELIVERED"}, "sent_ts": 1758811885680, "arrival_ts": 1758811885871}
{"action": "send", "src": "EU-N101", "dst": "AN-N146", "hlc": {"phys": 1758815294336, "cnt": 0, "node": "EU-N101"}, "package_id": "PKG15288", "payload": {"status": "CREATED"}, "sent_ts": 1758815288326, "arrival_ts": 1758815288326}
{"action": "send", "src": "EU-N101", "dst": "AN-N146", "hlc": {"phys": 1758815294665, "cnt": 0, "node": "EU-N101"}, "package_id": "PKG15288", "payload": {"status": "SENT"}, "sent_ts": 1758815288655, "arrival_ts": 1758815288655}
{"action": "send", "src": "EU-N101", "dst": "AN-N146", "hlc": {"phys": 1758815295051, "cnt": 0, "node": "EU-N101"}, "package_id": "PKG15288", "payload": {"status": "IN_TRANSIT"}, "sent_ts": 1758815289041, "arrival_ts": 1758815289041}
{"action": "send", "src": "EU-N101", "dst": "AN-N146", "hlc": {"phys": 1758815295363, "cnt": 0, "node": "EU-N101"}, "package_id": "PKG15288", "payload": {"status": "RECEIVED"}, "sent_ts": 1758815289353, "arrival_ts": 1758815289353}
{"action": "send", "src": "EU-N101", "dst": "AN-N146", "hlc": {"phys": 1758815295703, "cnt": 0, "node": "EU-N101"}, "package_id": "PKG15288", "payload": {"status": "DELIVERED"}, "sent_ts": 1758815289693, "arrival_ts": 1758815289693}
{"action": "recv", "src": "SA-N143", "dst": "EU-N101", "hlc": {"phys": 1758815862848, "cnt": 0, "node": "SA-N143"}, "package_id": "PKG15841", "payload": {"status": "CREATED"}, "sent_ts": 1758815841418, "arrival_ts": 1758815841602}
{"action": "recv", "src": "SA-N143", "dst": "EU-N101", "hlc": {"phys": 1758815863238, "cnt": 0, "node": "SA-N143"}, "package_id": "PKG15841", "payload": {"status": "SENT"}, "sent_ts": 1758815841808, "arrival_ts": 1758815841875}
{"action": "recv", "src": "SA-N143", "dst": "EU-N101", "hlc": {"phys": 1758815863500, "cnt": 0, "node": "SA-N143"}, "package_id": "PKG15841", "payload": {"status": "IN_TRANSIT"}, "sent_ts": 1758815842070, "arrival_ts": 1758815842109}
{"action": "recv", "src": "SA-N143", "dst": "EU-N101", "hlc": {"phys": 1758815863748, "cnt": 0, "node": "SA-N143"}, "package_id": "PKG15841", "payload": {"status": "RECEIVED"}, "sent_ts": 1758815842318, "arrival_ts": 1758815842520}
{"action": "recv", "src": "SA-N143", "dst": "EU-N101", "hlc": {"phys": 1758815864151, "cnt": 0, "node": "SA-N143"}, "package_id": "PKG15841", "payload": {"status": "DELIVERED"}, "sent_ts": 1758815842721, "arrival_ts": 1758815842891}
