{"action": "recv", "src": "SA-N134", "dst": "EU-N190", "hlc": {"phys": 1758713240290, "cnt": 0, "node": "SA-N134"}, "package_id": "PKG13218", "payload": {"status": "CREATED"}, "sent_ts": 1758713218950, "arrival_ts": 1758713219133}
{"action": "recv", "src": "SA-N134", "dst": "EU-N190", "hlc": {"phys": 1758713240693, "cnt": 0, "node": "SA-N134"}, "package_id": "PKG13218", "payload": {"status": "SENT"}, "sent_ts": 1758713219353, "arrival_ts": 1758713219505}
{"action": "recv", "src": "SA-N134", "dst": "EU-N190", "hlc": {"phys": 1758713241049, "cnt": 0, "node": "SA-N134"}, "package_id": "PKG13218", "payload": {"status": "IN_TRANSIT"}, "sent_ts": 1758713219709, "arrival_ts": 1758713219801}
{"action": "recv", "src": "SA-N134", "dst": "EU-N190", "hlc": {"phys": 1758713241346, "cnt": 0, "node": "SA-N134"}, "package_id": "PKG13218", "payload": {"status": "RECEIVED"}, "sent_ts": 1758713220006, "arrival_ts": 1758713220159}
{"action": "recv", "src": "SA-N134", "dst": "EU-N190", "hlc": {"phys": 1758713241703, "cnt": 0, "node": "SA-N134"}, "package_id": "PKG13218", "payload": {"status": "DELIVERED"}, "sent_ts": 1758713220363, "arrival_ts": 1758713220419}
{"action": "send", "src": "EU-N190", "dst": "AS-N70", "hlc": {"phys": 1758716357932, "cnt": 0, "node": "EU-N190"}, "package_id": "PKG16351", "payload": {"status": "CREATED"}, "sent_ts": 1758716351031, "arrival_ts": 1758716351032}
{"action": "send", "src": "EU-N190", "dst": "AS-N70", "hlc": {"phys": 1758716358187, "cnt": 0, "node": "EU-N190"}, "package_id": "PKG16351", "payload": {"status": "SENT"}, "sent_ts": 1758716351287, "arrival_ts": 1758716351287}
{"action": "send", "src": "EU-N190", "dst": "AS-N70", "hlc": {"phys": 1758716358561, "cnt": 0, "node": "EU-N190"}, "package_id": "PKG16351", "payload": {"status": "IN_TRANSIT"}, "sent_ts": 1758716351661, "arrival_ts": 1758716351661}
{"action": "send", "src": "EU-N190", "dst": "AS-N70", "hlc": {"phys": 1758716358868, "cnt": 0, "node": "EU-N190"}, "package_id": "PKG16351", "payload": {"status": "RECEIVED"}, "sent_ts": 1758716351968, "arrival_ts": 1758716351968}
{"action": "send", "src": "EU-N190", "dst": "AS-N70", "hlc": {"phys": 1758716359185, "cnt": 0, "node": "EU-N190"}, "package_id": "PKG16351", "payload": {"status": "DELIVERED"}, "sent_ts": 1758716352285, "arrival_ts": 1758716352285}
{"action": "send", "src": "EU-N190", "dst": "NA-N97", "hlc": {"phys": 1758717788063, "cnt": 0, "node": "EU-N190"}, "package_id": "PKG17781", "payload": {"status": "CREATED"}, "sent_ts": 1758717781163, "arrival_ts": 1758717781163}
{"action": "send", "src": "EU-N190", "dst": "NA-N97", "hlc": {"phys": 1758717788374, "cnt": 0, "node": "EU-N190"}, "package_id": "PKG17781", "payload": {"status": "SENT"}, "sent_ts": 1758717781474, "arrival_ts": 1758717781474}
{"action": "send", "src": "EU-N190", "dst": "NA-N97", "hlc": {"phys": 1758717788676, "cnt": 0, "node": "EU-N190"}, "package_id": "PKG17781", "payload": {"status": "IN_TRANSIT"}, "sent_ts": 1758717781776, "arrival_ts": 1758717781776}
{"action": "send", "src": "EU-N190", "dst": "NA-N97", "hlc": {"phys": 1758717789096, "cnt": 0, "node": "EU-N190"}, "package_id": "PKG17781", "payload": {"status": "RECEIVED"}, "sent_ts": 1758717782196, "arrival_ts": 1758717782196}
{"action": "send", "src": "EU-N190", "dst": "NA-N97", "hlc": {"phys": 1758717789501, "cnt": 0, "node": "EU-N190"}, "package_id": "PKG17781", "payload": {"status": "DELIVERED"}, "sent_ts": 1758717782601, "arrival_ts": 1758717782601}
{"action": "recv", "src": "NA-N185", "dst": "EU-N190", "hlc": {"phys": 1758740268984, "cnt": 0, "node": "NA-N185"}, "package_id": "PKG40267", "payload": {"status": "CREATED"}, "sent_ts": 1758740267134, "arrival_ts": 1758740267257}
{"action": "recv", "src": "NA-N185", "dst": "EU-N190", "hlc": {"phys": 1758740269310, "cnt": 0, "node": "NA-N185"}, "package_id": "PKG40267", "payload": {"status": "SENT"}, "sent_ts": 1758740267460, "arrival_ts": 1758740267599}
{"action": "recv", "src": "NA-N185", "dst": "EU-N190", "hlc": {"phys": 1758740269650, "cnt": 0, "node": "NA-N185"}, "package_id": "PKG40267", "payload": {"status": "IN_TRANSIT"}, "sent_ts": 1758740267800, "arrival_ts": 1758740267819}
{"action": "recv", "src": "NA-N185", "dst": "EU-N190", "hlc": {"phys": 1758740269864, "cnt": 0, "node": "NA-N185"}, "package_id": "PKG40267", "payload": {"status": "RECEIVED"}, "sent_ts": 1758740268014, "arrival_ts": 1758740268200}
{"action": "recv", "src": "NA-N185", "dst": "EU-N190", "hlc": {"phys": 1758740270240, "cnt": 0, "node": "NA-N185"}, "package_id": "PKG40267", "payload": {"status": "DELIVERED"}, "sent_ts": 1758740268390, "arrival_ts": 1758740268531}
{"action": "send", "src": "EU-N190", "dst": "SA-N22", "hlc": {"phys": 1758741151327, "cnt": 0, "node": "EU-N190"}, "package_id": "PKG41144", "payload": {"status": "CREATED"}, "sent_ts": 1758741144427, "arrival_ts": 1758741144427}
{"action": "send", "src": "EU-N190", "dst": "SA-N22", "hlc": {"phys": 1758741151574, "cnt": 0, "node": "EU-N190"}, "package_id": "PKG41144", "payload": {"status": "SENT"}, "sent_ts": 1758741144674, "arrival_ts": 1758741144674}
{"action": "send", "src": "EU-N190", "dst": "SA-N22", "hlc": {"phys": 1758741151901, "cnt": 0, "node": "EU-N190"}, "package_id": "PKG41144", "payload": {"status": "IN_TRANSIT"}, "sent_ts": 1758741145001, "arrival_ts": 1758741145001}
{"action": "send", "src": "EU-N190", "dst": "SA-N22", "hlc": {"phys": 1758741152148, "cnt": 0, "node": "EU-N190"}, "package_id": "PKG41144", "payload": {"status": "RECEIVED"}, "sent_ts": 1758741145248, "arrival_ts": 1758741145248}
{"action": "send", "src": "EU-N190", "dst": "SA-N22", "hlc": {"phys": 1758741152397, "cnt": 0, "node": "EU-N190"}, "package_id": "PKG41144", "payload": {"status": "DELIVERED"}, "sent_ts": 1758741145497, "arrival_ts": 1758741145497}
{"action": "send", "src": "EU-N190", "dst": "AU-N135", "hlc": {"phys": 1758741807565, "cnt": 0, "node": "EU-N190"}, "package_id": "PKG41800", "payload": {"status": "CREATED"}, "sent_ts": 1758741800665, "arrival_ts": 1758741800665}
{"action": "send", "src": "EU-N190", "dst": "AU-N135", "hlc": {"phys": 1758741807816, "cnt": 0, "node": "EU-N190"}, "package_id": "PKG41800", "payload": {"status": "SENT"}, "sent_ts": 1758741800916, "arrival_ts": 1758741800916}
{"action": "send", "src": "EU-N190", "dst": "AU-N135", "hlc": {"phys": 1758741808080, "cnt": 0, "node": "EU-N190"}, "package_id": "PKG41800", "payload": {"status": "IN_TRANSIT"}, "sent_ts": 1758741801180, "arrival_ts": 1758741801180}
{"action": "send", "src": "EU-N190", "dst": "AU-N135", "hlc": {"phys": 1758741808482, "cnt": 0, "node": "EU-N190"}, "package_id": "PKG41800", "payload": {"status": "RECEIVED"}, "sent_ts": 1758741801582, "arrival_ts": 1758741801582}
{"action": "send", "src": "EU-N190", "dst": "AU-N135", "hlc": {"phys": 1758741808840, "cnt": 0, "node": "EU-N190"}, "package_id": "PKG41800", "payload": {"status": "DELIVERED"}, "sent_ts": 1758741801940, "arrival_ts": 1758741801940}
{"action": "recv", "src": "AF-N126", "dst": "EU-N190", "hlc": {"phys": 1758741939878, "cnt": 0, "node": "AF-N126"}, "package_id": "PKG41923", "payload": {"status": "CREATED"}, "sent_ts": 1758741923618, "arrival_ts": 1758741923798}
{"action": "recv", "src": "AF-N126", "dst": "EU-N190", "hlc": {"phys": 1758741940268, "cnt": 0, "node": "AF-N126"}, "package_id": "PKG41923", "payload": {"status": "SENT"}, "sent_ts": 1758741924008, "arrival_ts": 1758741924170}
{"action": "recv", "src": "AF-N126", "dst": "EU-N190", "hlc": {"phys": 1758741940639, "cnt": 0, "node": "AF-N126"}, "package_id": "PKG41923", "payload": {"status": "IN_TRANSIT"}, "sent_ts": 1758741924379, "arrival_ts": 1758741924559}
{"action": "recv", "src": "AF-N126", "dst": "EU-N190", "hlc": {"phys": 1758741941012, "cnt": 0, "node": "AF-N126"}, "package_id": "PKG41923", "payload": {"status": "RECEIVED"}, "sent_ts": 1758741924752, "arrival_ts": 1758741924826}
{"action": "recv", "src": "AF-N126", "dst": "EU-N190", "hlc": {"phys": 1758741941288, "cnt": 0, "node": "AF-N126"}, "package_id": "PKG41923", "payload": {"status": "DELIVERED"}, "sent_ts": 1758741925028, "arrival_ts": 1758741925134}
{"action": "recv", "src": "AF-N179", "dst": "EU-N190", "hlc": {"phys": 1758742168280, "cnt": 0, "node": "AF-N179"}, "package_id": "PKG42151", "payload": {"status": "CREATED"}, "sent_ts": 1758742151490, "arrival_ts": 1758742151552}
{"action": "recv", "src": "AF-N179", "dst": "EU-N190", "hlc": {"phys": 1758742168542, "cnt": 0, "node": "AF-N179"}, "package_id": "PKG42151", "payload": {"status": "SENT"}, "sent_ts": 1758742151752, "arrival_ts": 1758742151767}
{"action": "recv", "src": "AF-N179", "dst": "EU-N190", "hlc": {"phys": 1758742168758, "cnt": 0, "node": "AF-N179"}, "package_id": "PKG42151", "payload": {"status": "IN_TRANSIT"}, "sent_ts": 1758742151968, "arrival_ts": 1758742152045}
{"action": "recv", "src": "AF-N179", "dst": "EU-N190", "hlc": {"phys": 1758742169038, "cnt": 0, "node": "AF-N179"}, "package_id": "PKG42151", "payload": {"status": "RECEIVED"}, "sent_ts": 1758742152248, "arrival_ts": 1758742152386}
{"action": "recv", "src": "AF-N179", "dst": "EU-N190", "hlc": {"phys": 1758742169986, "cnt": 0, "node": "AF-N179"}, "package_id": "PKG42151", "payload": {"status": "DELIVERED"}, "sent_ts": 1758742153196, "arrival_ts": 1758742153329}
{"action": "send", "src": "EU-N190", "dst": "AF-N142", "hlc": {"phys": 1758744766446, "cnt": 0, "node": "EU-N190"}, "package_id": "PKG44759", "payload": {"status": "CREATED"}, "sent_ts": 1758744759546, "arrival_ts": 1758744759546}
{"action": "send", "src": "EU-N190", "dst": "AF-N142", "hlc": {"phys": 1758744766801, "cnt": 0, "node": "EU-N190"}, "package_id": "PKG44759", "payload": {"status": "SENT"}, "sent_ts": 1758744759901, "arrival_ts": 1758744759901}
{"action": "send", "src": "EU-N190", "dst": "AF-N142", "hlc": {"phys": 1758744767018, "cnt": 0, "node": "EU-N190"}, "package_id": "PKG44759", "payload": {"status": "IN_TRANSIT"}, "sent_ts": 1758744760118, "arrival_ts": 1758744760118}
{"action": "send", "src": "EU-N190", "dst": "AF-N142", "hlc": {"phys": 1758744767268, "cnt": 0, "node": "EU-N190"}, "package_id": "PKG44759", "payload": {"status": "RECEIVED"}, "sent_ts": 1758744760368, "arrival_ts": 1758744760368}
{"action": "send", "src": "EU-N190", "dst": "AF-N142", "hlc": {"phys": 1758744767608, "cnt": 0, "node": "EU-N190"}, "package_id": "PKG44759", "payload": {"status": "DELIVERED"}, "sent_ts": 1758744760708, "arrival_ts": 1758744760708}
{"action": "recv", "src": "AF-N50", "dst": "EU-N190", "hlc": {"phys": 1758746530505, "cnt": 0, "node": "AF-N50"}, "package_id": "PKG46515", "payload": {"status": "CREATED"}, "sent_ts": 1758746515005, "arrival_ts": 1758746515023}
{"action": "recv", "src": "AF-N50", "dst": "EU-N190", "hlc": {"phys": 1758746530722, "cnt": 0, "node": "AF-N50"}, "package_id": "PKG46515", "payload": {"status": "SENT"}, "sent_ts": 1758746515222, "arrival_ts": 1758746515308}
{"action": "recv", "src": "AF-N50", "dst": "EU-N190", "hlc": {"phys": 1758746531031, "cnt": 0, "node": "AF-N50"}, "package_id": "PKG46515", "payload": {"status": "IN_TRANSIT"}, "sent_ts": 1758746515531, "arrival_ts": 1758746515696}
{"action": "recv", "src": "AF-N50", "dst": "EU-N190", "hlc": {"phys": 1758746531404, "cnt": 0, "node": "AF-N50"}, "package_id": "PKG46515", "payload": {"status": "RECEIVED"}, "sent_ts": 1758746515904, "arrival_ts": 1758746516051}
{"action": "recv", "src": "AF-N50", "dst": "EU-N190", "hlc": {"phys": 1758746531763, "cnt": 0, "node": "AF-N50"}, "package_id": "PKG46515", "payload": {"status": "DELIVERED"}, "sent_ts": 1758746516263, "arrival_ts": 1758746516443}
{"action": "send", "src": "EU-N190", "dst": "AU-N121", "hlc": {"phys": 1758747599762, "cnt": 0, "node": "EU-N190"}, "package_id": "PKG47592", "payload": {"status": "CREATED"}, "sent_ts": 1758747592862, "arrival_ts": 1758747592862}
{"action": "send", "src": "EU-N190", "dst": "AU-N121", "hlc": {"phys": 1758747600062, "cnt": 0, "node": "EU-N190"}, "package_id": "PKG47592", "payload": {"status": "SENT"}, "sent_ts": 1758747593162, "arrival_ts": 1758747593162}
{"action": "send", "src": "EU-N190", "dst": "AU-N121", "hlc": {"phys": 1758747600375, "cnt": 0, "node": "EU-N190"}, "package_id": "PKG47592", "payload": {"status": "IN_TRANSIT"}, "sent_ts": 1758747593475, "arrival_ts": 1758747593475}
{"action": "send", "src": "EU-N190", "dst": "AU-N121", "hlc": {"phys": 1758747600697, "cnt": 0, "node": "EU-N190"}, "package_id": "PKG47592", "payload": {"status": "RECEIVED"}, "sent_ts": 1758747593797, "arrival_ts": 1758747593797}
{"action": "send", "src": "EU-N190", "dst": "AU-N121", "hlc": {"phys": 1758747600981, "cnt": 0, "node": "EU-N190"}, "package_id": "PKG47592", "payload": {"status": "DELIVERED"}, "sent_ts": 1758747594081, "arrival_ts": 1758747594081}
{"action": "send", "src": "EU-N190", "dst": "NA-N28", "hlc": {"phys": 1758747804924, "cnt": 0, "node": "EU-N190"}, "package_id": "PKG47798", "payload": {"status": "CREATED"}, "sent_ts": 1758747798024, "arrival_ts": 1758747798024}
{"action": "send", "src": "EU-N190", "dst": "NA-N28", "hlc": {"phys": 1758747805251, "cnt": 0, "node": "EU-N190"}, "package_id": "PKG47798", "payload": {"status": "SENT"}, "sent_ts": 1758747798351, "arrival_ts": 1758747798351}
{"action": "send", "src": "EU-N190", "dst": "NA-N28", "hlc": {"phys": 1758747805561, "cnt": 0, "node": "EU-N190"}, "package_id": "PKG47798", "payload": {"status": "IN_TRANSIT"}, "sent_ts": 1758747798661, "arrival_ts": 1758747798661}
{"action": "send", "src": "EU-N190", "dst": "NA-N28", "hlc": {"phys": 1758747805793, "cnt": 0, "node": "EU-N190"}, "package_id": "PKG47798", "payload": {"status": "RECEIVED"}, "sent_ts": 1758747798893, "arrival_ts": 1758747798893}
{"action": "send", "src": "EU-N190", "dst": "NA-N28", "hlc": {"phys": 1758747806104, "cnt": 0, "node": "EU-N190"}, "package_id": "PKG47798", "payload": {"status": "DELIVERED"}, "sent_ts": 1758747799204, "arrival_ts": 1758747799204}
{"action": "recv", "src": "AS-N194", "dst": "EU-N190", "hlc": {"phys": 1758749903071, "cnt": 0, "node": "AS-N194"}, "package_id": "PKG49891", "payload": {"status": "CREATED"}, "sent_ts": 1758749891131, "arrival_ts": 1758749891156}
{"action": "recv", "src": "AS-N194", "dst": "EU-N190", "hlc": {"phys": 1758749903303, "cnt": 0, "node": "AS-N194"}, "package_id": "PKG49891", "payload": {"status": "SENT"}, "sent_ts": 1758749891363, "arrival_ts": 1758749891440}
{"action": "recv", "src": "AS-N194", "dst": "EU-N190", "hlc": {"phys": 1758749903584, "cnt": 0, "node": "AS-N194"}, "package_id": "PKG49891", "payload": {"status": "IN_TRANSIT"}, "sent_ts": 1758749891644, "arrival_ts": 1758749891714}
{"action": "recv", "src": "AS-N194", "dst": "EU-N190", "hlc": {"phys": 1758749903848, "cnt": 0, "node": "AS-N194"}, "package_id": "PKG49891", "payload": {"status": "RECEIVED"}, "sent_ts": 1758749891908, "arrival_ts": 1758749891942}
{"action": "recv", "src": "AS-N194", "dst": "EU-N190", "hlc": {"phys": 1758749904082, "cnt": 0, "node": "AS-N194"}, "package_id": "PKG49891", "payload": {"status": "DELIVERED"}, "sent_ts": 1758749892142, "arrival_ts": 1758749892241}
{"action": "recv", "src": "AN-N78", "dst": "EU-N190", "hlc": {"phys": 1758751825590, "cnt": 0, "node": "AN-N78"}, "package_id": "PKG51794", "payload": {"status": "CREATED"}, "sent_ts": 1758751794810, "arrival_ts": 1758751795007}
{"action": "recv", "src": "AN-N78", "dst": "EU-N190", "hlc": {"phys": 1758751825987, "cnt": 0, "node": "AN-N78"}, "package_id": "PKG51794", "payload": {"status": "SENT"}, "sent_ts": 1758751795207, "arrival_ts": 1758751795391}
{"action": "recv", "src": "AN-N78", "dst": "EU-N190", "hlc": {"phys": 1758751826384, "cnt": 0, "node": "AN-N78"}, "package_id": "PKG51794", "payload": {"status": "IN_TRANSIT"}, "sent_ts": 1758751795604, "arrival_ts": 1758751795674}
{"action": "recv", "src": "AN-N78", "dst": "EU-N190", "hlc": {"phys": 1758751826669, "cnt": 0, "node": "AN-N78"}, "package_id": "PKG51794", "payload": {"status": "RECEIVED"}, "sent_ts": 1758751795889, "arrival_ts": 1758751796070}
{"action": "recv", "src": "AN-N78", "dst": "EU-N190", "hlc": {"phys": 1758751827058, "cnt": 0, "node": "AN-N78"}, "package_id": "PKG51794", "payload": {"status": "DELIVERED"}, "sent_ts": 1758751796278, "arrival_ts": 1758751796306}
{"action": "send", "src": "EU-N190", "dst": "NA-N132", "hlc": {"phys": 1758758225279, "cnt": 0, "node": "EU-N190"}, "package_id": "PKG58218", "payload": {"status": "CREATED"}, "sent_ts": 1758758218379, "arrival_ts": 1758758218379}
{"action": "send", "src": "EU-N190", "dst": "NA-N132", "hlc": {"phys": 1758758225536, "cnt": 0, "node": "EU-N190"}, "package_id": "PKG58218", "payload": {"status": "SENT"}, "sent_ts": 1758758218636, "arrival_ts": 1758758218636}
{"action": "send", "src": "EU-N190", "dst": "NA-N132", "hlc": {"phys": 1758758225855, "cnt": 0, "node": "EU-N190"}, "package_id": "PKG58218", "payload": {"status": "IN_TRANSIT"}, "sent_ts": 1758758218955, "arrival_ts": 1758758218955}
{"action": "send", "src": "EU-N190", "dst": "NA-N132", "hlc": {"phys": 1758758226248, "cnt": 0, "node": "EU-N190"}, "package_id": "PKG58218", "payload": {"status": "RECEIVED"}, "sent_ts": 1758758219348, "arrival_ts": 1758758219348}
{"action": "send", "src": "EU-N190", "dst": "NA-N132", "hlc": {"phys": 1758758226622, "cnt": 0, "node": "EU-N190"}, "package_id": "PKG58218", "payload": {"status": "DELIVERED"}, "sent_ts": 1758758219722, "arrival_ts": 1758758219722}
{"action": "recv", "src": "AU-N141", "dst": "EU-N190", "hlc": {"phys": 1758761351251, "cnt": 0, "node": "AU-N141"}, "package_id": "PKG61324", "payload": {"status": "CREATED"}, "sent_ts": 1758761324841, "arrival_ts": 1758761324971}
{"action": "recv", "src": "AU-N141", "dst": "EU-N190", "hlc": {"phys": 1758761351593, "cnt": 0, "node": "AU-N141"}, "package_id": "PKG61324", "payload": {"status": "SENT"}, "sent_ts": 1758761325183, "arrival_ts": 1758761325321}
{"action": "recv", "src": "AU-N141", "dst": "EU-N190", "hlc": {"phys": 1758761351952, "cnt": 0, "node": "AU-N141"}, "package_id": "PKG61324", "payload": {"status": "IN_TRANSIT"}, "sent_ts": 1758761325542, "arrival_ts": 1758761325744}
{"action": "recv", "src": "AU-N141", "dst": "EU-N190", "hlc": {"phys": 1758761352357, "cnt": 0, "node": "AU-N141"}, "package_id": "PKG61324", "payload": {"status": "RECEIVED"}, "sent_ts": 1758761325947, "arrival_ts": 1758761325996}
{"action": "recv", "src": "AU-N141", "dst": "EU-N190", "hlc": {"phys": 1758761352621, "cnt": 0, "node": "AU-N141"}, "package_id": "PKG61324", "payload": {"status": "DELIVERED"}, "sent_ts": 1758761326211, "arrival_ts": 1758761326392}
{"action": "send", "src": "EU-N190", "dst": "AS-N26", "hlc": {"phys": 1758762531513, "cnt": 0, "node": "EU-N190"}, "package_id": "PKG62524", "payload": {"status": "CREATED"}, "sent_ts": 1758762524613, "arrival_ts": 1758762524613}
{"action": "send", "src": "EU-N190", "dst": "AS-N26", "hlc": {"phys": 1758762531823, "cnt": 0, "node": "EU-N190"}, "package_id": "PKG62524", "payload": {"status": "SENT"}, "sent_ts": 1758762524923, "arrival_ts": 1758762524923}
{"action": "send", "src": "EU-N190", "dst": "AS-N26", "hlc": {"phys": 1758762532089, "cnt": 0, "node": "EU-N190"}, "package_id": "PKG62524", "payload": {"status": "IN_TRANSIT"}, "sent_ts": 1758762525189, "arrival_ts": 1758762525189}
{"action": "send", "src": "EU-N190", "dst": "AS-N26", "hlc": {"phys": 1758762532396, "cnt": 0, "node": "EU-N190"}, "package_id": "PKG62524", "payload": {"status": "RECEIVED"}, "sent_ts": 1758762525496, "arrival_ts": 1758762525496}
{"action": "send", "src": "EU-N190", "dst": "AS-N26", "hlc": {"phys": 1758762532784, "cnt": 0, "node": "EU-N190"}, "package_id": "PKG62524", "payload": {"status": "DELIVERED"}, "sent_ts": 1758762525884, "arrival_ts": 1758762525884}
{"action": "recv", "src": "AN-N5", "dst": "EU-N190", "hlc": {"phys": 1758762925052, "cnt": 0, "node": "AN-N5"}, "package_id": "PKG62895", "payload": {"status": "CREATED"}, "sent_ts": 1758762895002, "arrival_ts": 1758762895086}
{"action": "recv", "src": "AN-N5", "dst": "EU-N190", "hlc": {"phys": 1758762925340, "cnt": 0, "node": "AN-N5"}, "package_id": "PKG62895", "payload": {"status": "SENT"}, "sent_ts": 1758762895290, "arrival_ts": 1758762895389}
{"action": "recv", "src": "AN-N5", "dst": "EU-N190", "hlc": {"phys": 1758762925652, "cnt": 0, "node": "AN-N5"}, "package_id": "PKG62895", "payload": {"status": "IN_TRANSIT"}, "sent_ts": 1758762895602, "arrival_ts": 1758762895626}
{"action": "recv", "src": "AN-N5", "dst": "EU-N190", "hlc": {"phys": 1758762925874, "cnt": 0, "node": "AN-N5"}, "package_id": "PKG62895", "payload": {"status": "RECEIVED"}, "sent_ts": 1758762895824, "arrival_ts": 1758762895959}
{"action": "recv", "src": "AN-N5", "dst": "EU-N190", "hlc": {"phys": 1758762926217, "cnt": 0, "node": "AN-N5"}, "package_id": "PKG62895", "payload": {"status": "DELIVERED"}, "sent_ts": 1758762896167, "arrival_ts": 1758762896259}
{"action": "recv", "src": "AN-N125", "dst": "EU-N190", "hlc": {"phys": 1758764982638, "cnt": 0, "node": "AN-N125"}, "package_id": "PKG64951", "payload": {"status": "CREATED"}, "sent_ts": 1758764951388, "arrival_ts": 1758764951401}
{"action": "recv", "src": "AN-N125", "dst": "EU-N190", "hlc": {"phys": 1758764982851, "cnt": 0, "node": "AN-N125"}, "package_id": "PKG64951", "payload": {"status": "SENT"}, "sent_ts": 1758764951601, "arrival_ts": 1758764951678}
{"action": "recv", "src": "AN-N125", "dst": "EU-N190", "hlc": {"phys": 1758764983129, "cnt": 0, "node": "AN-N125"}, "package_id": "PKG64951", "payload": {"status": "IN_TRANSIT"}, "sent_ts": 1758764951879, "arrival_ts": 1758764952008}
{"action": "recv", "src": "AN-N125", "dst": "EU-N190", "hlc": {"phys": 1758764983455, "cnt": 0, "node": "AN-N125"}, "package_id": "PKG64951", "payload": {"status": "RECEIVED"}, "sent_ts": 1758764952205, "arrival_ts": 1758764952342}
{"action": "recv", "src": "AN-N125", "dst": "EU-N190", "hlc": {"phys": 1758764983797, "cnt": 0, "node": "AN-N125"}, "package_id": "PKG64951", "payload": {"status": "DELIVERED"}, "sent_ts": 1758764952547, "arrival_ts": 1758764952621}
{"action": "recv", "src": "NA-N147", "dst": "EU-N190", "hlc": {"phys": 1758800768065, "cnt": 0, "node": "NA-N147"}, "package_id": "PKG766", "payload": {"status": "CREATED"}, "sent_ts": 1758800766595, "arrival_ts": 1758800766681}
{"action": "recv", "src": "NA-N147", "dst": "EU-N190", "hlc": {"phys": 1758800768365, "cnt": 0, "node": "NA-N147"}, "package_id": "PKG766", "payload": {"status": "SENT"}, "sent_ts": 1758800766895, "arrival_ts": 1758800767084}
{"action": "recv", "src": "NA-N147", "dst": "EU-N190", "hlc": {"phys": 1758800768754, "cnt": 0, "node": "NA-N147"}, "package_id": "PKG766", "payload": {"status": "IN_TRANSIT"}, "sent_ts": 1758800767284, "arrival_ts": 1758800767296}
{"action": "recv", "src": "NA-N147", "dst": "EU-N190", "hlc": {"phys": 1758800768959, "cnt": 0, "node": "NA-N147"}, "package_id": "PKG766", "payload": {"status": "RECEIVED"}, "sent_ts": 1758800767489, "arrival_ts": 1758800767577}
{"action": "recv", "src": "NA-N147", "dst": "EU-N190", "hlc": {"phys": 1758800769259, "cnt": 0, "node": "NA-N147"}, "package_id": "PKG766", "payload": {"status": "DELIVERED"}, "sent_ts": 1758800767789, "arrival_ts": 1758800767926}
{"action": "send", "src": "EU-N190", "dst": "EU-N80", "hlc": {"phys": 1758804098991, "cnt": 0, "node": "EU-N190"}, "package_id": "PKG4092", "payload": {"status": "CREATED"}, "sent_ts": 1758804092091, "arrival_ts": 1758804092091}
{"action": "send", "src": "EU-N190", "dst": "EU-N80", "hlc": {"phys": 1758804099290, "cnt": 0, "node": "EU-N190"}, "package_id": "PKG4092", "payload": {"status": "SENT"}, "sent_ts": 1758804092390, "arrival_ts": 1758804092391}
{"action": "send", "src": "EU-N190", "dst": "EU-N80", "hlc": {"phys": 1758804099593, "cnt": 0, "node": "EU-N190"}, "package_id": "PKG4092", "payload": {"status": "IN_TRANSIT"}, "sent_ts": 1758804092693, "arrival_ts": 1758804092693}
{"action": "send", "src": "EU-N190", "dst": "EU-N80", "hlc": {"phys": 1758804099951, "cnt": 0, "node": "EU-N190"}, "package_id": "PKG4092", "payload": {"status": "RECEIVED"}, "sent_ts": 1758804093051, "arrival_ts": 1758804093051}
{"action": "send", "src": "EU-N190", "dst": "EU-N80", "hlc": {"phys": 1758804100253, "cnt": 0, "node": "EU-N190"}, "package_id": "PKG4092", "payload": {"status": "DELIVERED"}, "sent_ts": 1758804093353, "arrival_ts": 1758804093353}
{"action": "send", "src": "EU-N190", "dst": "AU-N151", "hlc": {"phys": 1758805593847, "cnt": 0, "node": "EU-N190"}, "package_id": "PKG5586", "payload": {"status": "CREATED"}, "sent_ts": 1758805586947, "arrival_ts": 1758805586947}
{"action": "send", "src": "EU-N190", "dst": "AU-N151", "hlc": {"phys": 1758805594108, "cnt": 0, "node": "EU-N190"}, "package_id": "PKG5586", "payload": {"status": "SENT"}, "sent_ts": 1758805587208, "arrival_ts": 1758805587208}
{"action": "send", "src": "EU-N190", "dst": "AU-N151", "hlc": {"phys": 1758805594417, "cnt": 0, "node": "EU-N190"}, "package_id": "PKG5586", "payload": {"status": "IN_TRANSIT"}, "sent_ts": 1758805587517, "arrival_ts": 1758805587517}
{"action": "send", "src": "EU-N190", "dst": "AU-N151", "hlc": {"phys": 1758805594709, "cnt": 0, "node": "EU-N190"}, "package_id": "PKG5586", "payload": {"status": "RECEIVED"}, "sent_ts": 1758805587809, "arrival_ts": 1758805587809}
{"action": "send", "src": "EU-N190", "dst": "AU-N151", "hlc": {"phys": 1758805595111, "cnt": 0, "node": "EU-N190"}, "package_id": "PKG5586", "payload": {"status": "DELIVERED"}, "sent_ts": 1758805588211, "arrival_ts": 1758805588211}
{"action": "send", "src": "EU-N190", "dst": "EU-N69", "hlc": {"phys": 1758812125963, "cnt": 0, "node": "EU-N190"}, "package_id": "PKG12119", "payload": {"status": "CREATED"}, "sent_ts": 1758812119063, "arrival_ts": 1758812119063}
{"action": "send", "src": "EU-N190", "dst": "EU-N69", "hlc": {"phys": 1758812126379, "cnt": 0, "node": "EU-N190"}, "package_id": "PKG12119", "payload": {"status": "SENT"}, "sent_ts": 1758812119479, "arrival_ts": 1758812119479}
{"action": "send", "src": "EU-N190", "dst": "EU-N69", "hlc": {"phys": 1758812126627, "cnt": 0, "node": "EU-N190"}, "package_id": "PKG12119", "payload": {"status": "IN_TRANSIT"}, "sent_ts": 1758812119727, "arrival_ts": 1758812119727}
{"action": "send", "src": "EU-N190", "dst": "EU-N69", "hlc": {"phys": 1758812127020, "cnt": 0, "node": "EU-N190"}, "package_id": "PKG12119", "payload": {"status": "RECEIVED"}, "sent_ts": 1758812120120, "arrival_ts": 1758812120120}
{"action": "send", "src": "EU-N190", "dst": "EU-N69", "hlc": {"phys": 1758812127254, "cnt": 0, "node": "EU-N190"}, "package_id": "PKG12119", "payload": {"status": "DELIVERED"}, "sent_ts": 1758812120354, "arrival_ts": 1758812120354}
{"action": "send", "src": "EU-N190", "dst": "NA-N101", "hlc": {"phys": 1758815528815, "cnt": 0, "node": "EU-N190"}, "package_id": "PKG15521", "payload": {"status": "CREATED"}, "sent_ts": 1758815521915, "arrival_ts": 1758815521915}
{"action": "send", "src": "EU-N190", "dst": "NA-N101", "hlc": {"phys": 1758815529205, "cnt": 0, "node": "EU-N190"}, "package_id": "PKG15521", "payload": {"status": "SENT"}, "sent_ts": 1758815522305, "arrival_ts": 1758815522305}
{"action": "send", "src": "EU-N190", "dst": "NA-N101", "hlc": {"phys": 1758815529563, "cnt": 0, "node": "EU-N190"}, "package_id": "PKG15521", "payload": {"status": "IN_TRANSIT"}, "sent_ts": 1758815522663, "arrival_ts": 1758815522663}
{"action": "send", "src": "EU-N190", "dst": "NA-N101", "hlc": {"phys": 1758815529845, "cnt": 0, "node": "EU-N190"}, "package_id": "PKG15521", "payload": {"status": "RECEIVED"}, "sent_ts": 1758815522945, "arrival_ts": 1758815522945}
{"action": "send", "src": "EU-N190", "dst": "NA-N101", "hlc": {"phys": 1758815530155, "cnt": 0, "node": "EU-N190"}, "package_id": "PKG15521", "payload": {"status": "DELIVERED"}, "sent_ts": 1758815523255, "arrival_ts": 1758815523255}
{"action": "send", "src": "EU-N190", "dst": "AF-N55", "hlc": {"phys": 1758816013493, "cnt": 0, "node": "EU-N190"}, "package_id": "PKG16006", "payload": {"status": "CREATED"}, "sent_ts": 1758816006593, "arrival_ts": 1758816006593}
{"action": "send", "src": "EU-N190", "dst": "AF-N55", "hlc": {"phys": 1758816013851, "cnt": 0, "node": "EU-N190"}, "package_id": "PKG16006", "payload": {"status": "SENT"}, "sent_ts": 1758816006951, "arrival_ts": 1758816006951}
{"action": "send", "src": "EU-N190", "dst": "AF-N55", "hlc": {"phys": 1758816014129, "cnt": 0, "node": "EU-N190"}, "package_id": "PKG16006", "payload": {"status": "IN_TRANSIT"}, "sent_ts": 1758816007229, "arrival_ts": 1758816007229}
{"action": "send", "src": "EU-N190", "dst": "AF-N55", "hlc": {"phys": 1758816014517, "cnt": 0, "node": "EU-N190"}, "package_id": "PKG16006", "payload": {"status": "RECEIVED"}, "sent_ts": 1758816007617, "arrival_ts": 1758816007617}
{"action": "send", "src": "EU-N190", "dst": "AF-N55", "hlc": {"phys": 1758816014753, "cnt": 0, "node": "EU-N190"}, "package_id": "PKG16006", "payload": {"status": "DELIVERED"}, "sent_ts": 1758816007853, "arrival_ts": 1758816007853}
