{"action": "send", "src": "EU-N52", "dst": "AN-N135", "hlc": {"phys": 1758737928347, "cnt": 0, "node": "EU-N52"}, "package_id": "PKG37922", "payload": {"status": "CREATED"}, "sent_ts": 1758737922827, "arrival_ts": 1758737922827}
{"action": "send", "src": "EU-N52", "dst": "AN-N135", "hlc": {"phys": 1758737928625, "cnt": 0, "node": "EU-N52"}, "package_id": "PKG37922", "payload": {"status": "SENT"}, "sent_ts": 1758737923105, "arrival_ts": 1758737923105}
{"action": "send", "src": "EU-N52", "dst": "AN-N135", "hlc": {"phys": 1758737928987, "cnt": 0, "node": "EU-N52"}, "package_id": "PKG37922", "payload": {"status": "IN_TRANSIT"}, "sent_ts": 1758737923467, "arrival_ts": 1758737923467}
{"action": "send", "src": "EU-N52", "dst": "AN-N135", "hlc": {"phys": 1758737929371, "cnt": 0, "node": "EU-N52"}, "package_id": "PKG37922", "payload": {"status": "RECEIVED"}, "sent_ts": 1758737923851, "arrival_ts": 1758737923851}
{"action": "send", "src": "EU-N52", "dst": "AN-N135", "hlc": {"phys": 1758737929734, "cnt": 0, "node": "EU-N52"}, "package_id": "PKG37922", "payload": {"status": "DELIVERED"}, "sent_ts": 1758737924214, "arrival_ts": 1758737924215}
{"action": "recv", "src": "NA-N78", "dst": "EU-N52", "hlc": {"phys": 1758741415494, "cnt": 0, "node": "NA-N78"}, "package_id": "PKG41414", "payload": {"status": "CREATED"}, "sent_ts": 1758741414714, "arrival_ts": 1758741414867}
{"action": "recv", "src": "NA-N78", "dst": "EU-N52", "hlc": {"phys": 1758741415849, "cnt": 0, "node": "NA-N78"}, "package_id": "PKG41414", "payload": {"status": "SENT"}, "sent_ts": 1758741415069, "arrival_ts": 1758741415095}
{"action": "recv", "src": "NA-N78", "dst": "EU-N52", "hlc": {"phys": 1758741416082, "cnt": 0, "node": "NA-N78"}, "package_id": "PKG41414", "payload": {"status": "IN_TRANSIT"}, "sent_ts": 1758741415302, "arrival_ts": 1758741415393}
{"action": "recv", "src": "NA-N78", "dst": "EU-N52", "hlc": {"phys": 1758741416375, "cnt": 0, "node": "NA-N78"}, "package_id": "PKG41414", "payload": {"status": "RECEIVED"}, "sent_ts": 1758741415595, "arrival_ts": 1758741415775}
{"action": "recv", "src": "NA-N78", "dst": "EU-N52", "hlc": {"phys": 1758741416760, "cnt": 0, "node": "NA-N78"}, "package_id": "PKG41414", "payload": {"status": "DELIVERED"}, "sent_ts": 1758741415980, "arrival_ts": 1758741416131}
{"action": "recv", "src": "AN-N50", "dst": "EU-N52", "hlc": {"phys": 1758744963402, "cnt": 0, "node": "AN-N50"}, "package_id": "PKG44932", "payload": {"status": "CREATED"}, "sent_ts": 1758744932902, "arrival_ts": 1758744933074}
{"action": "recv", "src": "AN-N50", "dst": "EU-N52", "hlc": {"phys": 1758744963780, "cnt": 0, "node": "AN-N50"}, "package_id": "PKG44932", "payload": {"status": "SENT"}, "sent_ts": 1758744933280, "arrival_ts": 1758744933323}
{"action": "recv", "src": "AN-N50", "dst": "EU-N52", "hlc": {"phys": 1758744964027, "cnt": 0, "node": "AN-N50"}, "package_id": "PKG44932", "payload": {"status": "IN_TRANSIT"}, "sent_ts": 1758744933527, "arrival_ts": 1758744933631}
{"action": "recv", "src": "AN-N50", "dst": "EU-N52", "hlc": {"phys": 1758744964337, "cnt": 0, "node": "AN-N50"}, "package_id": "PKG44932", "payload": {"status": "RECEIVED"}, "sent_ts": 1758744933837, "arrival_ts": 1758744933907}
{"action": "recv", "src": "AN-N50", "dst": "EU-N52", "hlc": {"phys": 1758744964614, "cnt": 0, "node": "AN-N50"}, "package_id": "PKG44932", "payload": {"status": "DELIVERED"}, "sent_ts": 1758744934114, "arrival_ts": 1758744934159}
{"action": "recv", "src": "AU-N135", "dst": "EU-N52", "hlc": {"phys": 1758745375272, "cnt": 0, "node": "AU-N135"}, "package_id": "PKG45348", "payload": {"status": "CREATED"}, "sent_ts": 1758745348922, "arrival_ts": 1758745348985}
{"action": "recv", "src": "AU-N135", "dst": "EU-N52", "hlc": {"phys": 1758745375547, "cnt": 0, "node": "AU-N135"}, "package_id": "PKG45348", "payload": {"status": "SENT"}, "sent_ts": 1758745349197, "arrival_ts": 1758745349395}
{"action": "recv", "src": "AU-N135", "dst": "EU-N52", "hlc": {"phys": 1758745375955, "cnt": 0, "node": "AU-N135"}, "package_id": "PKG45348", "payload": {"status": "IN_TRANSIT"}, "sent_ts": 1758745349605, "arrival_ts": 1758745349738}
{"action": "recv", "src": "AU-N135", "dst": "EU-N52", "hlc": {"phys": 1758745376287, "cnt": 0, "node": "AU-N135"}, "package_id": "PKG45348", "payload": {"status": "RECEIVED"}, "sent_ts": 1758745349937, "arrival_ts": 1758745349966}
{"action": "recv", "src": "AU-N135", "dst": "EU-N52", "hlc": {"phys": 1758745376516, "cnt": 0, "node": "AU-N135"}, "package_id": "PKG45348", "payload": {"status": "DELIVERED"}, "sent_ts": 1758745350166, "arrival_ts": 1758745350267}
{"action": "recv", "src": "NA-N4", "dst": "EU-N52", "hlc": {"phys": 1758747273661, "cnt": 0, "node": "NA-N4"}, "package_id": "PKG47273", "payload": {"status": "CREATED"}, "sent_ts": 1758747273621, "arrival_ts": 1758747273727}
{"action": "recv", "src": "NA-N4", "dst": "EU-N52", "hlc": {"phys": 1758747273969, "cnt": 0, "node": "NA-N4"}, "package_id": "PKG47273", "payload": {"status": "SENT"}, "sent_ts": 1758747273929, "arrival_ts": 1758747273980}
{"action": "recv", "src": "NA-N4", "dst": "EU-N52", "hlc": {"phys": 1758747274218, "cnt": 0, "node": "NA-N4"}, "package_id": "PKG47273", "payload": {"status": "IN_TRANSIT"}, "sent_ts": 1758747274178, "arrival_ts": 1758747274331}
{"action": "recv", "src": "NA-N4", "dst": "EU-N52", "hlc": {"phys": 1758747274581, "cnt": 0, "node": "NA-N4"}, "package_id": "PKG47273", "payload": {"status": "RECEIVED"}, "sent_ts": 1758747274541, "arrival_ts": 1758747274633}
{"action": "recv", "src": "NA-N4", "dst": "EU-N52", "hlc": {"phys": 1758747274890, "cnt": 0, "node": "NA-N4"}, "package_id": "PKG47273", "payload": {"status": "DELIVERED"}, "sent_ts": 1758747274850, "arrival_ts": 1758747274974}
{"action": "recv", "src": "AN-N141", "dst": "EU-N52", "hlc": {"phys": 1758749416083, "cnt": 0, "node": "AN-N141"}, "package_id": "PKG49384", "payload": {"status": "CREATED"}, "sent_ts": 1758749384673, "arrival_ts": 1758749384876}
{"action": "recv", "src": "AN-N141", "dst": "EU-N52", "hlc": {"phys": 1758749416502, "cnt": 0, "node": "AN-N141"}, "package_id": "PKG49384", "payload": {"status": "SENT"}, "sent_ts": 1758749385092, "arrival_ts": 1758749385180}
{"action": "recv", "src": "AN-N141", "dst": "EU-N52", "hlc": {"phys": 1758749416797, "cnt": 0, "node": "AN-N141"}, "package_id": "PKG49384", "payload": {"status": "IN_TRANSIT"}, "sent_ts": 1758749385387, "arrival_ts": 1758749385508}
{"action": "recv", "src": "AN-N141", "dst": "EU-N52", "hlc": {"phys": 1758749417114, "cnt": 0, "node": "AN-N141"}, "package_id": "PKG49384", "payload": {"status": "RECEIVED"}, "sent_ts": 1758749385704, "arrival_ts": 1758749385751}
{"action": "recv", "src": "AN-N141", "dst": "EU-N52", "hlc": {"phys": 1758749417364, "cnt": 0, "node": "AN-N141"}, "package_id": "PKG49384", "payload": {"status": "DELIVERED"}, "sent_ts": 1758749385954, "arrival_ts": 1758749385975}
{"action": "send", "src": "EU-N52", "dst": "AF-N117", "hlc": {"phys": 1758753110907, "cnt": 0, "node": "EU-N52"}, "package_id": "PKG53105", "payload": {"status": "CREATED"}, "sent_ts": 1758753105387, "arrival_ts": 1758753105387}
{"action": "send", "src": "EU-N52", "dst": "AF-N117", "hlc": {"phys": 1758753111136, "cnt": 0, "node": "EU-N52"}, "package_id": "PKG53105", "payload": {"status": "SENT"}, "sent_ts": 1758753105616, "arrival_ts": 1758753105616}
{"action": "send", "src": "EU-N52", "dst": "AF-N117", "hlc": {"phys": 1758753111471, "cnt": 0, "node": "EU-N52"}, "package_id": "PKG53105", "payload": {"status": "IN_TRANSIT"}, "sent_ts": 1758753105951, "arrival_ts": 1758753105951}
{"action": "send", "src": "EU-N52", "dst": "AF-N117", "hlc": {"phys": 1758753111873, "cnt": 0, "node": "EU-N52"}, "package_id": "PKG53105", "payload": {"status": "RECEIVED"}, "sent_ts": 1758753106353, "arrival_ts": 1758753106353}
{"action": "send", "src": "EU-N52", "dst": "AF-N117", "hlc": {"phys": 1758753112189, "cnt": 0, "node": "EU-N52"}, "package_id": "PKG53105", "payload": {"status": "DELIVERED"}, "sent_ts": 1758753106669, "arrival_ts": 1758753106669}
{"action": "recv", "src": "SA-N1", "dst": "EU-N52", "hlc": {"phys": 1758753932483, "cnt": 0, "node": "SA-N1"}, "package_id": "PKG53912", "payload": {"status": "CREATED"}, "sent_ts": 1758753912473, "arrival_ts": 1758753912506}
{"action": "recv", "src": "SA-N1", "dst": "EU-N52", "hlc": {"phys": 1758753932736, "cnt": 0, "node": "SA-N1"}, "package_id": "PKG53912", "payload": {"status": "SENT"}, "sent_ts": 1758753912726, "arrival_ts": 1758753912795}
{"action": "recv", "src": "SA-N1", "dst": "EU-N52", "hlc": {"phys": 1758753933005, "cnt": 0, "node": "SA-N1"}, "package_id": "PKG53912", "payload": {"status": "IN_TRANSIT"}, "sent_ts": 1758753912995, "arrival_ts": 1758753913057}
{"action": "recv", "src": "SA-N1", "dst": "EU-N52", "hlc": {"phys": 1758753933278, "cnt": 0, "node": "SA-N1"}, "package_id": "PKG53912", "payload": {"status": "RECEIVED"}, "sent_ts": 1758753913268, "arrival_ts": 1758753913439}
{"action": "recv", "src": "SA-N1", "dst": "EU-N52", "hlc": {"phys": 1758753933658, "cnt": 0, "node": "SA-N1"}, "package_id": "PKG53912", "payload": {"status": "DELIVERED"}, "sent_ts": 1758753913648, "arrival_ts": 1758753913719}
{"action": "recv", "src": "AF-N115", "dst": "EU-N52", "hlc": {"phys": 1758754906395, "cnt": 0, "node": "AF-N115"}, "package_id": "PKG54890", "payload": {"status": "CREATED"}, "sent_ts": 1758754890245, "arrival_ts": 1758754890429}
{"action": "recv", "src": "AF-N115", "dst": "EU-N52", "hlc": {"phys": 1758754906775, "cnt": 0, "node": "AF-N115"}, "package_id": "PKG54890", "payload": {"status": "SENT"}, "sent_ts": 1758754890625, "arrival_ts": 1758754890705}
{"action": "recv", "src": "AF-N115", "dst": "EU-N52", "hlc": {"phys": 1758754907069, "cnt": 0, "node": "AF-N115"}, "package_id": "PKG54890", "payload": {"status": "IN_TRANSIT"}, "sent_ts": 1758754890919, "arrival_ts": 1758754891092}
{"action": "recv", "src": "AF-N115", "dst": "EU-N52", "hlc": {"phys": 1758754907459, "cnt": 0, "node": "AF-N115"}, "package_id": "PKG54890", "payload": {"status": "RECEIVED"}, "sent_ts": 1758754891309, "arrival_ts": 1758754891376}
{"action": "recv", "src": "AF-N115", "dst": "EU-N52", "hlc": {"phys": 1758754907756, "cnt": 0, "node": "AF-N115"}, "package_id": "PKG54890", "payload": {"status": "DELIVERED"}, "sent_ts": 1758754891606, "arrival_ts": 1758754891684}
{"action": "recv", "src": "AN-N163", "dst": "EU-N52", "hlc": {"phys": 1758757307234, "cnt": 0, "node": "AN-N163"}, "package_id": "PKG57275", "payload": {"status": "CREATED"}, "sent_ts": 1758757275604, "arrival_ts": 1758757275633}
{"action": "recv", "src": "AN-N163", "dst": "EU-N52", "hlc": {"phys": 1758757307465, "cnt": 0, "node": "AN-N163"}, "package_id": "PKG57275", "payload": {"status": "SENT"}, "sent_ts": 1758757275835, "arrival_ts": 1758757275860}
{"action": "recv", "src": "AN-N163", "dst": "EU-N52", "hlc": {"phys": 1758757307697, "cnt": 0, "node": "AN-N163"}, "package_id": "PKG57275", "payload": {"status": "IN_TRANSIT"}, "sent_ts": 1758757276067, "arrival_ts": 1758757276261}
{"action": "recv", "src": "AN-N163", "dst": "EU-N52", "hlc": {"phys": 1758757308085, "cnt": 0, "node": "AN-N163"}, "package_id": "PKG57275", "payload": {"status": "RECEIVED"}, "sent_ts": 1758757276455, "arrival_ts": 1758757276621}
{"action": "recv", "src": "AN-N163", "dst": "EU-N52", "hlc": {"phys": 1758757308442, "cnt": 0, "node": "AN-N163"}, "package_id": "PKG57275", "payload": {"status": "DELIVERED"}, "sent_ts": 1758757276812, "arrival_ts": 1758757276989}
{"action": "recv", "src": "NA-N86", "dst": "EU-N52", "hlc": {"phys": 1758757738535, "cnt": 0, "node": "NA-N86"}, "package_id": "PKG57737", "payload": {"status": "CREATED"}, "sent_ts": 1758757737675, "arrival_ts": 1758757737844}
{"action": "recv", "src": "NA-N86", "dst": "EU-N52", "hlc": {"phys": 1758757738910, "cnt": 0, "node": "NA-N86"}, "package_id": "PKG57737", "payload": {"status": "SENT"}, "sent_ts": 1758757738050, "arrival_ts": 1758757738076}
{"action": "recv", "src": "NA-N86", "dst": "EU-N52", "hlc": {"phys": 1758757739145, "cnt": 0, "node": "NA-N86"}, "package_id": "PKG57737", "payload": {"status": "IN_TRANSIT"}, "sent_ts": 1758757738285, "arrival_ts": 1758757738351}
{"action": "recv", "src": "NA-N86", "dst": "EU-N52", "hlc": {"phys": 1758757739423, "cnt": 0, "node": "NA-N86"}, "package_id": "PKG57737", "payload": {"status": "RECEIVED"}, "sent_ts": 1758757738563, "arrival_ts": 1758757738752}
{"action": "recv", "src": "NA-N86", "dst": "EU-N52", "hlc": {"phys": 1758757739830, "cnt": 0, "node": "NA-N86"}, "package_id": "PKG57737", "payload": {"status": "DELIVERED"}, "sent_ts": 1758757738969, "arrival_ts": 1758757739100}
{"action": "send", "src": "EU-N52", "dst": "NA-N176", "hlc": {"phys": 1758758992060, "cnt": 0, "node": "EU-N52"}, "package_id": "PKG58986", "payload": {"status": "CREATED"}, "sent_ts": 1758758986540, "arrival_ts": 1758758986540}
{"action": "send", "src": "EU-N52", "dst": "NA-N176", "hlc": {"phys": 1758758992387, "cnt": 0, "node": "EU-N52"}, "package_id": "PKG58986", "payload": {"status": "SENT"}, "sent_ts": 1758758986867, "arrival_ts": 1758758986867}
{"action": "send", "src": "EU-N52", "dst": "NA-N176", "hlc": {"phys": 1758758992604, "cnt": 0, "node": "EU-N52"}, "package_id": "PKG58986", "payload": {"status": "IN_TRANSIT"}, "sent_ts": 1758758987084, "arrival_ts": 1758758987084}
{"action": "send", "src": "EU-N52", "dst": "NA-N176", "hlc": {"phys": 1758758992837, "cnt": 0, "node": "EU-N52"}, "package_id": "PKG58986", "payload": {"status": "RECEIVED"}, "sent_ts": 1758758987317, "arrival_ts": 1758758987317}
{"action": "send", "src": "EU-N52", "dst": "NA-N176", "hlc": {"phys": 1758758993133, "cnt": 0, "node": "EU-N52"}, "package_id": "PKG58986", "payload": {"status": "DELIVERED"}, "sent_ts": 1758758987613, "arrival_ts": 1758758987613}
{"action": "recv", "src": "AU-N119", "dst": "EU-N52", "hlc": {"phys": 1758759059229, "cnt": 0, "node": "AU-N119"}, "package_id": "PKG59033", "payload": {"status": "CREATED"}, "sent_ts": 1758759033039, "arrival_ts": 1758759033066}
{"action": "recv", "src": "AU-N119", "dst": "EU-N52", "hlc": {"phys": 1758759059462, "cnt": 0, "node": "AU-N119"}, "package_id": "PKG59033", "payload": {"status": "SENT"}, "sent_ts": 1758759033272, "arrival_ts": 1758759033461}
{"action": "recv", "src": "AU-N119", "dst": "EU-N52", "hlc": {"phys": 1758759059868, "cnt": 0, "node": "AU-N119"}, "package_id": "PKG59033", "payload": {"status": "IN_TRANSIT"}, "sent_ts": 1758759033678, "arrival_ts": 1758759033791}
{"action": "recv", "src": "AU-N119", "dst": "EU-N52", "hlc": {"phys": 1758759060181, "cnt": 0, "node": "AU-N119"}, "package_id": "PKG59033", "payload": {"status": "RECEIVED"}, "sent_ts": 1758759033991, "arrival_ts": 1758759034091}
{"action": "recv", "src": "AU-N119", "dst": "EU-N52", "hlc": {"phys": 1758759060497, "cnt": 0, "node": "AU-N119"}, "package_id": "PKG59033", "payload": {"status": "DELIVERED"}, "sent_ts": 1758759034307, "arrival_ts": 1758759034392}
{"action": "recv", "src": "AF-N44", "dst": "EU-N52", "hlc": {"phys": 1758759280560, "cnt": 0, "node": "AF-N44"}, "package_id": "PKG59265", "payload": {"status": "CREATED"}, "sent_ts": 1758759265120, "arrival_ts": 1758759265271}
{"action": "recv", "src": "AF-N44", "dst": "EU-N52", "hlc": {"phys": 1758759280917, "cnt": 0, "node": "AF-N44"}, "package_id": "PKG59265", "payload": {"status": "SENT"}, "sent_ts": 1758759265477, "arrival_ts": 1758759265572}
{"action": "recv", "src": "AF-N44", "dst": "EU-N52", "hlc": {"phys": 1758759281222, "cnt": 0, "node": "AF-N44"}, "package_id": "PKG59265", "payload": {"status": "IN_TRANSIT"}, "sent_ts": 1758759265782, "arrival_ts": 1758759265860}
{"action": "recv", "src": "AF-N44", "dst": "EU-N52", "hlc": {"phys": 1758759281517, "cnt": 0, "node": "AF-N44"}, "package_id": "PKG59265", "payload": {"status": "RECEIVED"}, "sent_ts": 1758759266077, "arrival_ts": 1758759266121}
{"action": "recv", "src": "AF-N44", "dst": "EU-N52", "hlc": {"phys": 1758759281765, "cnt": 0, "node": "AF-N44"}, "package_id": "PKG59265", "payload": {"status": "DELIVERED"}, "sent_ts": 1758759266325, "arrival_ts": 1758759266364}
{"action": "send", "src": "EU-N52", "dst": "AS-N157", "hlc": {"phys": 1758762064661, "cnt": 0, "node": "EU-N52"}, "package_id": "PKG62059", "payload": {"status": "CREATED"}, "sent_ts": 1758762059141, "arrival_ts": 1758762059141}
{"action": "send", "src": "EU-N52", "dst": "AS-N157", "hlc": {"phys": 1758762064992, "cnt": 0, "node": "EU-N52"}, "package_id": "PKG62059", "payload": {"status": "SENT"}, "sent_ts": 1758762059472, "arrival_ts": 1758762059472}
{"action": "send", "src": "EU-N52", "dst": "AS-N157", "hlc": {"phys": 1758762065235, "cnt": 0, "node": "EU-N52"}, "package_id": "PKG62059", "payload": {"status": "IN_TRANSIT"}, "sent_ts": 1758762059715, "arrival_ts": 1758762059715}
{"action": "send", "src": "EU-N52", "dst": "AS-N157", "hlc": {"phys": 1758762065487, "cnt": 0, "node": "EU-N52"}, "package_id": "PKG62059", "payload": {"status": "RECEIVED"}, "sent_ts": 1758762059967, "arrival_ts": 1758762059967}
{"action": "send", "src": "EU-N52", "dst": "AS-N157", "hlc": {"phys": 1758762065801, "cnt": 0, "node": "EU-N52"}, "package_id": "PKG62059", "payload": {"status": "DELIVERED"}, "sent_ts": 1758762060281, "arrival_ts": 1758762060281}
{"action": "recv", "src": "AU-N194", "dst": "EU-N52", "hlc": {"phys": 1758765313962, "cnt": 0, "node": "AU-N194"}, "package_id": "PKG65287", "payload": {"status": "CREATED"}, "sent_ts": 1758765287022, "arrival_ts": 1758765287104}
{"action": "recv", "src": "AU-N194", "dst": "EU-N52", "hlc": {"phys": 1758765314248, "cnt": 0, "node": "AU-N194"}, "package_id": "PKG65287", "payload": {"status": "SENT"}, "sent_ts": 1758765287308, "arrival_ts": 1758765287437}
{"action": "recv", "src": "AU-N194", "dst": "EU-N52", "hlc": {"phys": 1758765314596, "cnt": 0, "node": "AU-N194"}, "package_id": "PKG65287", "payload": {"status": "IN_TRANSIT"}, "sent_ts": 1758765287656, "arrival_ts": 1758765287687}
{"action": "recv", "src": "AU-N194", "dst": "EU-N52", "hlc": {"phys": 1758765314835, "cnt": 0, "node": "AU-N194"}, "package_id": "PKG65287", "payload": {"status": "RECEIVED"}, "sent_ts": 1758765287895, "arrival_ts": 1758765287989}
{"action": "recv", "src": "AU-N194", "dst": "EU-N52", "hlc": {"phys": 1758765315150, "cnt": 0, "node": "AU-N194"}, "package_id": "PKG65287", "payload": {"status": "DELIVERED"}, "sent_ts": 1758765288210, "arrival_ts": 1758765288242}
{"action": "recv", "src": "NA-N86", "dst": "EU-N52", "hlc": {"phys": 1758800880977, "cnt": 0, "node": "NA-N86"}, "package_id": "PKG880", "payload": {"status": "CREATED"}, "sent_ts": 1758800880117, "arrival_ts": 1758800880292}
{"action": "recv", "src": "NA-N86", "dst": "EU-N52", "hlc": {"phys": 1758800881349, "cnt": 0, "node": "NA-N86"}, "package_id": "PKG880", "payload": {"status": "SENT"}, "sent_ts": 1758800880489, "arrival_ts": 1758800880652}
{"action": "recv", "src": "NA-N86", "dst": "EU-N52", "hlc": {"phys": 1758800881705, "cnt": 0, "node": "NA-N86"}, "package_id": "PKG880", "payload": {"status": "IN_TRANSIT"}, "sent_ts": 1758800880845, "arrival_ts": 1758800881017}
{"action": "recv", "src": "NA-N86", "dst": "EU-N52", "hlc": {"phys": 1758800882093, "cnt": 0, "node": "NA-N86"}, "package_id": "PKG880", "payload": {"status": "RECEIVED"}, "sent_ts": 1758800881233, "arrival_ts": 1758800881423}
{"action": "recv", "src": "NA-N86", "dst": "EU-N52", "hlc": {"phys": 1758800882499, "cnt": 0, "node": "NA-N86"}, "package_id": "PKG880", "payload": {"status": "DELIVERED"}, "sent_ts": 1758800881639, "arrival_ts": 1758800881823}
{"action": "send", "src": "EU-N52", "dst": "SA-N148", "hlc": {"phys": 1758802641943, "cnt": 0, "node": "EU-N52"}, "package_id": "PKG2636", "payload": {"status": "CREATED"}, "sent_ts": 1758802636423, "arrival_ts": 1758802636423}
{"action": "send", "src": "EU-N52", "dst": "SA-N148", "hlc": {"phys": 1758802642277, "cnt": 0, "node": "EU-N52"}, "package_id": "PKG2636", "payload": {"status": "SENT"}, "sent_ts": 1758802636757, "arrival_ts": 1758802636757}
{"action": "send", "src": "EU-N52", "dst": "SA-N148", "hlc": {"phys": 1758802642500, "cnt": 0, "node": "EU-N52"}, "package_id": "PKG2636", "payload": {"status": "IN_TRANSIT"}, "sent_ts": 1758802636980, "arrival_ts": 1758802636980}
{"action": "send", "src": "EU-N52", "dst": "SA-N148", "hlc": {"phys": 1758802642797, "cnt": 0, "node": "EU-N52"}, "package_id": "PKG2636", "payload": {"status": "RECEIVED"}, "sent_ts": 1758802637277, "arrival_ts": 1758802637277}
{"action": "send", "src": "EU-N52", "dst": "SA-N148", "hlc": {"phys": 1758802643117, "cnt": 0, "node": "EU-N52"}, "package_id": "PKG2636", "payload": {"status": "DELIVERED"}, "sent_ts": 1758802637597, "arrival_ts": 1758802637597}
{"action": "recv", "src": "EU-N171", "dst": "EU-N52", "hlc": {"phys": 1758803036985, "cnt": 0, "node": "EU-N171"}, "package_id": "PKG3030", "payload": {"status": "CREATED"}, "sent_ts": 1758803030275, "arrival_ts": 1758803030297}
{"action": "recv", "src": "EU-N171", "dst": "EU-N52", "hlc": {"phys": 1758803037215, "cnt": 0, "node": "EU-N171"}, "package_id": "PKG3030", "payload": {"status": "SENT"}, "sent_ts": 1758803030505, "arrival_ts": 1758803030648}
{"action": "recv", "src": "EU-N171", "dst": "EU-N52", "hlc": {"phys": 1758803037556, "cnt": 0, "node": "EU-N171"}, "package_id": "PKG3030", "payload": {"status": "IN_TRANSIT"}, "sent_ts": 1758803030846, "arrival_ts": 1758803030968}
{"action": "recv", "src": "EU-N171", "dst": "EU-N52", "hlc": {"phys": 1758803037894, "cnt": 0, "node": "EU-N171"}, "package_id": "PKG3030", "payload": {"status": "RECEIVED"}, "sent_ts": 1758803031184, "arrival_ts": 1758803031336}
{"action": "recv", "src": "EU-N171", "dst": "EU-N52", "hlc": {"phys": 1758803038250, "cnt": 0, "node": "EU-N171"}, "package_id": "PKG3030", "payload": {"status": "DELIVERED"}, "sent_ts": 1758803031540, "arrival_ts": 1758803031706}
{"action": "send", "src": "EU-N52", "dst": "EU-N19", "hlc": {"phys": 1758804904782, "cnt": 0, "node": "EU-N52"}, "package_id": "PKG4899", "payload": {"status": "CREATED"}, "sent_ts": 1758804899262, "arrival_ts": 1758804899262}
{"action": "send", "src": "EU-N52", "dst": "EU-N19", "hlc": {"phys": 1758804905075, "cnt": 0, "node": "EU-N52"}, "package_id": "PKG4899", "payload": {"status": "SENT"}, "sent_ts": 1758804899555, "arrival_ts": 1758804899555}
{"action": "send", "src": "EU-N52", "dst": "EU-N19", "hlc": {"phys": 1758804905449, "cnt": 0, "node": "EU-N52"}, "package_id": "PKG4899", "payload": {"status": "IN_TRANSIT"}, "sent_ts": 1758804899929, "arrival_ts": 1758804899929}
{"action": "send", "src": "EU-N52", "dst": "EU-N19", "hlc": {"phys": 1758804905665, "cnt": 0, "node": "EU-N52"}, "package_id": "PKG4899", "payload": {"status": "RECEIVED"}, "sent_ts": 1758804900145, "arrival_ts": 1758804900145}
{"action": "send", "src": "EU-N52", "dst": "EU-N19", "hlc": {"phys": 1758804906023, "cnt": 0, "node": "EU-N52"}, "package_id": "PKG4899", "payload": {"status": "DELIVERED"}, "sent_ts": 1758804900503, "arrival_ts": 1758804900503}
{"action": "recv", "src": "EU-N8", "dst": "EU-N52", "hlc": {"phys": 1758805237318, "cnt": 0, "node": "EU-N8"}, "package_id": "PKG5232", "payload": {"status": "CREATED"}, "sent_ts": 1758805232238, "arrival_ts": 1758805232366}
{"action": "recv", "src": "EU-N8", "dst": "EU-N52", "hlc": {"phys": 1758805237645, "cnt": 0, "node": "EU-N8"}, "package_id": "PKG5232", "payload": {"status": "SENT"}, "sent_ts": 1758805232565, "arrival_ts": 1758805232577}
{"action": "recv", "src": "EU-N8", "dst": "EU-N52", "hlc": {"phys": 1758805237864, "cnt": 0, "node": "EU-N8"}, "package_id": "PKG5232", "payload": {"status": "IN_TRANSIT"}, "sent_ts": 1758805232784, "arrival_ts": 1758805232983}
{"action": "recv", "src": "EU-N8", "dst": "EU-N52", "hlc": {"phys": 1758805238281, "cnt": 0, "node": "EU-N8"}, "package_id": "PKG5232", "payload": {"status": "RECEIVED"}, "sent_ts": 1758805233201, "arrival_ts": 1758805233298}
{"action": "recv", "src": "EU-N8", "dst": "EU-N52", "hlc": {"phys": 1758805238591, "cnt": 0, "node": "EU-N8"}, "package_id": "PKG5232", "payload": {"status": "DELIVERED"}, "sent_ts": 1758805233511, "arrival_ts": 1758805233704}
{"action": "send", "src": "EU-N52", "dst": "EU-N91", "hlc": {"phys": 1758810126135, "cnt": 0, "node": "EU-N52"}, "package_id": "PKG10120", "payload": {"status": "CREATED"}, "sent_ts": 1758810120615, "arrival_ts": 1758810120615}
{"action": "send", "src": "EU-N52", "dst": "EU-N91", "hlc": {"phys": 1758810126431, "cnt": 0, "node": "EU-N52"}, "package_id": "PKG10120", "payload": {"status": "SENT"}, "sent_ts": 1758810120911, "arrival_ts": 1758810120911}
{"action": "send", "src": "EU-N52", "dst": "EU-N91", "hlc": {"phys": 1758810126770, "cnt": 0, "node": "EU-N52"}, "package_id": "PKG10120", "payload": {"status": "IN_TRANSIT"}, "sent_ts": 1758810121250, "arrival_ts": 1758810121250}
{"action": "send", "src": "EU-N52", "dst": "EU-N91", "hlc": {"phys": 1758810127169, "cnt": 0, "node": "EU-N52"}, "package_id": "PKG10120", "payload": {"status": "RECEIVED"}, "sent_ts": 1758810121649, "arrival_ts": 1758810121649}
{"action": "send", "src": "EU-N52", "dst": "EU-N91", "hlc": {"phys": 1758810127386, "cnt": 0, "node": "EU-N52"}, "package_id": "PKG10120", "payload": {"status": "DELIVERED"}, "sent_ts": 1758810121866, "arrival_ts": 1758810121866}
{"action": "recv", "src": "AU-N85", "dst": "EU-N52", "hlc": {"phys": 1758812083688, "cnt": 0, "node": "AU-N85"}, "package_id": "PKG12057", "payload": {"status": "CREATED"}, "sent_ts": 1758812057838, "arrival_ts": 1758812057906}
{"action": "recv", "src": "AU-N85", "dst": "EU-N52", "hlc": {"phys": 1758812083967, "cnt": 0, "node": "AU-N85"}, "package_id": "PKG12057", "payload": {"status": "SENT"}, "sent_ts": 1758812058117, "arrival_ts": 1758812058274}
{"action": "recv", "src": "AU-N85", "dst": "EU-N52", "hlc": {"phys": 1758812084325, "cnt": 0, "node": "AU-N85"}, "package_id": "PKG12057", "payload": {"status": "IN_TRANSIT"}, "sent_ts": 1758812058475, "arrival_ts": 1758812058606}
{"action": "recv", "src": "AU-N85", "dst": "EU-N52", "hlc": {"phys": 1758812084650, "cnt": 0, "node": "AU-N85"}, "package_id": "PKG12057", "payload": {"status": "RECEIVED"}, "sent_ts": 1758812058800, "arrival_ts": 1758812058921}
{"action": "recv", "src": "AU-N85", "dst": "EU-N52", "hlc": {"phys": 1758812084963, "cnt": 0, "node": "AU-N85"}, "package_id": "PKG12057", "payload": {"status": "DELIVERED"}, "sent_ts": 1758812059113, "arrival_ts": 1758812059292}
{"action": "send", "src": "EU-N52", "dst": "EU-N27", "hlc": {"phys": 1758813620733, "cnt": 0, "node": "EU-N52"}, "package_id": "PKG13615", "payload": {"status": "CREATED"}, "sent_ts": 1758813615213, "arrival_ts": 1758813615213}
{"action": "send", "src": "EU-N52", "dst": "EU-N27", "hlc": {"phys": 1758813620949, "cnt": 0, "node": "EU-N52"}, "package_id": "PKG13615", "payload": {"status": "SENT"}, "sent_ts": 1758813615429, "arrival_ts": 1758813615429}
{"action": "send", "src": "EU-N52", "dst": "EU-N27", "hlc": {"phys": 1758813621168, "cnt": 0, "node": "EU-N52"}, "package_id": "PKG13615", "payload": {"status": "IN_TRANSIT"}, "sent_ts": 1758813615648, "arrival_ts": 1758813615648}
{"action": "send", "src": "EU-N52", "dst": "EU-N27", "hlc": {"phys": 1758813621432, "cnt": 0, "node": "EU-N52"}, "package_id": "PKG13615", "payload": {"status": "RECEIVED"}, "sent_ts": 1758813615912, "arrival_ts": 1758813615912}
{"action": "send", "src": "EU-N52", "dst": "EU-N27", "hlc": {"phys": 1758813621775, "cnt": 0, "node": "EU-N52"}, "package_id": "PKG13615", "payload": {"status": "DELIVERED"}, "sent_ts": 1758813616255, "arrival_ts": 1758813616255}
{"action": "recv", "src": "EU-N126", "dst": "EU-N52", "hlc": {"phys": 1758814091870, "cnt": 0, "node": "EU-N126"}, "package_id": "PKG14085", "payload": {"status": "CREATED"}, "sent_ts": 1758814085610, "arrival_ts": 1758814085626}
{"action": "recv", "src": "EU-N126", "dst": "EU-N52", "hlc": {"phys": 1758814092103, "cnt": 0, "node": "EU-N126"}, "package_id": "PKG14085", "payload": {"status": "SENT"}, "sent_ts": 1758814085843, "arrival_ts": 1758814086040}
{"action": "recv", "src": "EU-N126", "dst": "EU-N52", "hlc": {"phys": 1758814092495, "cnt": 0, "node": "EU-N126"}, "package_id": "PKG14085", "payload": {"status": "IN_TRANSIT"}, "sent_ts": 1758814086235, "arrival_ts": 1758814086436}
{"action": "recv", "src": "EU-N126", "dst": "EU-N52", "hlc": {"phys": 1758814092913, "cnt": 0, "node": "EU-N126"}, "package_id": "PKG14085", "payload": {"status": "RECEIVED"}, "sent_ts": 1758814086653, "arrival_ts": 1758814086743}
{"action": "recv", "src": "EU-N126", "dst": "EU-N52", "hlc": {"phys": 1758814093207, "cnt": 0, "node": "EU-N126"}, "package_id": "PKG14085", "payload": {"status": "DELIVERED"}, "sent_ts": 1758814086947, "arrival_ts": 1758814087025}
{"action": "recv", "src": "EU-N192", "dst": "EU-N52", "hlc": {"phys": 1758814350930, "cnt": 0, "node": "EU-N192"}, "package_id": "PKG14344", "payload": {"status": "CREATED"}, "sent_ts": 1758814344010, "arrival_ts": 1758814344145}
{"action": "recv", "src": "EU-N192", "dst": "EU-N52", "hlc": {"phys": 1758814351273, "cnt": 0, "node": "EU-N192"}, "package_id": "PKG14344", "payload": {"status": "SENT"}, "sent_ts": 1758814344353, "arrival_ts": 1758814344531}
{"action": "recv", "src": "EU-N192", "dst": "EU-N52", "hlc": {"phys": 1758814351662, "cnt": 0, "node": "EU-N192"}, "package_id": "PKG14344", "payload": {"status": "IN_TRANSIT"}, "sent_ts": 1758814344742, "arrival_ts": 1758814344802}
{"action": "recv", "src": "EU-N192", "dst": "EU-N52", "hlc": {"phys": 1758814351929, "cnt": 0, "node": "EU-N192"}, "package_id": "PKG14344", "payload": {"status": "RECEIVED"}, "sent_ts": 1758814345009, "arrival_ts": 1758814345082}
{"action": "recv", "src": "EU-N192", "dst": "EU-N52", "hlc": {"phys": 1758814352211, "cnt": 0, "node": "EU-N192"}, "package_id": "PKG14344", "payload": {"status": "DELIVERED"}, "sent_ts": 1758814345291, "arrival_ts": 1758814345323}
{"action": "recv", "src": "EU-N113", "dst": "EU-N52", "hlc": {"phys": 1758816423784, "cnt": 0, "node": "EU-N113"}, "package_id": "PKG16417", "payload": {"status": "CREATED"}, "sent_ts": 1758816417654, "arrival_ts": 1758816417759}
{"action": "recv", "src": "EU-N113", "dst": "EU-N52", "hlc": {"phys": 1758816424092, "cnt": 0, "node": "EU-N113"}, "package_id": "PKG16417", "payload": {"status": "SENT"}, "sent_ts": 1758816417962, "arrival_ts": 1758816418000}
{"action": "recv", "src": "EU-N113", "dst": "EU-N52", "hlc": {"phys": 1758816424339, "cnt": 0, "node": "EU-N113"}, "package_id": "PKG16417", "payload": {"status": "IN_TRANSIT"}, "sent_ts": 1758816418209, "arrival_ts": 1758816418327}
{"action": "recv", "src": "EU-N113", "dst": "EU-N52", "hlc": {"phys": 1758816424652, "cnt": 0, "node": "EU-N113"}, "package_id": "PKG16417", "payload": {"status": "RECEIVED"}, "sent_ts": 1758816418522, "arrival_ts": 1758816418624}
{"action": "recv", "src": "EU-N113", "dst": "EU-N52", "hlc": {"phys": 1758816424946, "cnt": 0, "node": "EU-N113"}, "package_id": "PKG16417", "payload": {"status": "DELIVERED"}, "sent_ts": 1758816418816, "arrival_ts": 1758816418892}
