{"action": "send", "src": "EU-N72", "dst": "AN-N96", "hlc": {"phys": 1758712887744, "cnt": 0, "node": "EU-N72"}, "package_id": "PKG12882", "payload": {"status": "CREATED"}, "sent_ts": 1758712882024, "arrival_ts": 1758712882024}
{"action": "send", "src": "EU-N72", "dst": "AN-N96", "hlc": {"phys": 1758712888099, "cnt": 0, "node": "EU-N72"}, "package_id": "PKG12882", "payload": {"status": "SENT"}, "sent_ts": 1758712882379, "arrival_ts": 1758712882379}
{"action": "send", "src": "EU-N72", "dst": "AN-N96", "hlc": {"phys": 1758712888314, "cnt": 0, "node": "EU-N72"}, "package_id": "PKG12882", "payload": {"status": "IN_TRANSIT"}, "sent_ts": 1758712882594, "arrival_ts": 1758712882594}
{"action": "send", "src": "EU-N72", "dst": "AN-N96", "hlc": {"phys": 1758712888624, "cnt": 0, "node": "EU-N72"}, "package_id": "PKG12882", "payload": {"status": "RECEIVED"}, "sent_ts": 1758712882904, "arrival_ts": 1758712882904}
{"action": "send", "src": "EU-N72", "dst": "AN-N96", "hlc": {"phys": 1758712888994, "cnt": 0, "node": "EU-N72"}, "package_id": "PKG12882", "payload": {"status": "DELIVERED"}, "sent_ts": 1758712883274, "arrival_ts": 1758712883274}
{"action": "recv", "src": "AN-N55", "dst": "EU-N72", "hlc": {"phys": 1758714296389, "cnt": 0, "node": "AN-N55"}, "package_id": "PKG14265", "payload": {"status": "CREATED"}, "sent_ts": 1758714265839, "arrival_ts": 1758714265906}
{"action": "recv", "src": "AN-N55", "dst": "EU-N72", "hlc": {"phys": 1758714296663, "cnt": 0, "node": "AN-N55"}, "package_id": "PKG14265", "payload": {"status": "SENT"}, "sent_ts": 1758714266113, "arrival_ts": 1758714266260}
{"action": "recv", "src": "AN-N55", "dst": "EU-N72", "hlc": {"phys": 1758714297009, "cnt": 0, "node": "AN-N55"}, "package_id": "PKG14265", "payload": {"status": "IN_TRANSIT"}, "sent_ts": 1758714266459, "arrival_ts": 1758714266512}
{"action": "recv", "src": "AN-N55", "dst": "EU-N72", "hlc": {"phys": 1758714297264, "cnt": 0, "node": "AN-N55"}, "package_id": "PKG14265", "payload": {"status": "RECEIVED"}, "sent_ts": 1758714266714, "arrival_ts": 1758714266903}
{"action": "recv", "src": "AN-N55", "dst": "EU-N72", "hlc": {"phys": 1758714297645, "cnt": 0, "node": "AN-N55"}, "package_id": "PKG14265", "payload": {"status": "DELIVERED"}, "sent_ts": 1758714267095, "arrival_ts": 1758714267291}
{"action": "send", "src": "EU-N72", "dst": "NA-N49", "hlc": {"phys": 1758716994292, "cnt": 0, "node": "EU-N72"}, "package_id": "PKG16988", "payload": {"status": "CREATED"}, "sent_ts": 1758716988572, "arrival_ts": 1758716988572}
{"action": "send", "src": "EU-N72", "dst": "NA-N49", "hlc": {"phys": 1758716994599, "cnt": 0, "node": "EU-N72"}, "package_id": "PKG16988", "payload": {"status": "SENT"}, "sent_ts": 1758716988879, "arrival_ts": 1758716988879}
{"action": "send", "src": "EU-N72", "dst": "NA-N49", "hlc": {"phys": 1758716994944, "cnt": 0, "node": "EU-N72"}, "package_id": "PKG16988", "payload": {"status": "IN_TRANSIT"}, "sent_ts": 1758716989224, "arrival_ts": 1758716989224}
{"action": "send", "src": "EU-N72", "dst": "NA-N49", "hlc": {"phys": 1758716995209, "cnt": 0, "node": "EU-N72"}, "package_id": "PKG16988", "payload": {"status": "RECEIVED"}, "sent_ts": 1758716989489, "arrival_ts": 1758716989489}
{"action": "send", "src": "EU-N72", "dst": "NA-N49", "hlc": {"phys": 1758716995521, "cnt": 0, "node": "EU-N72"}, "package_id": "PKG16988", "payload": {"status": "DELIVERED"}, "sent_ts": 1758716989801, "arrival_ts": 1758716989801}
{"action": "send", "src": "EU-N72", "dst": "SA-N23", "hlc": {"phys": 1758719052538, "cnt": 0, "node": "EU-N72"}, "package_id": "PKG19046", "payload": {"status": "CREATED"}, "sent_ts": 1758719046818, "arrival_ts": 1758719046818}
{"action": "send", "src": "EU-N72", "dst": "SA-N23", "hlc": {"phys": 1758719052838, "cnt": 0, "node": "EU-N72"}, "package_id": "PKG19046", "payload": {"status": "SENT"}, "sent_ts": 1758719047118, "arrival_ts": 1758719047118}
{"action": "send", "src": "EU-N72", "dst": "SA-N23", "hlc": {"phys": 1758719053123, "cnt": 0, "node": "EU-N72"}, "package_id": "PKG19046", "payload": {"status": "IN_TRANSIT"}, "sent_ts": 1758719047403, "arrival_ts": 1758719047403}
{"action": "send", "src": "EU-N72", "dst": "SA-N23", "hlc": {"phys": 1758719053424, "cnt": 0, "node": "EU-N72"}, "package_id": "PKG19046", "payload": {"status": "RECEIVED"}, "sent_ts": 1758719047704, "arrival_ts": 1758719047704}
{"action": "send", "src": "EU-N72", "dst": "SA-N23", "hlc": {"phys": 1758719053731, "cnt": 0, "node": "EU-N72"}, "package_id": "PKG19046", "payload": {"status": "DELIVERED"}, "sent_ts": 1758719048011, "arrival_ts": 1758719048011}
{"action": "send", "src": "EU-N72", "dst": "NA-N85", "hlc": {"phys": 1758739454937, "cnt": 0, "node": "EU-N72"}, "package_id": "PKG39449", "payload": {"status": "CREATED"}, "sent_ts": 1758739449217, "arrival_ts": 1758739449217}
{"action": "send", "src": "EU-N72", "dst": "NA-N85", "hlc": {"phys": 1758739455206, "cnt": 0, "node": "EU-N72"}, "package_id": "PKG39449", "payload": {"status": "SENT"}, "sent_ts": 1758739449486, "arrival_ts": 1758739449486}
{"action": "send", "src": "EU-N72", "dst": "NA-N85", "hlc": {"phys": 1758739455556, "cnt": 0, "node": "EU-N72"}, "package_id": "PKG39449", "payload": {"status": "IN_TRANSIT"}, "sent_ts": 1758739449836, "arrival_ts": 1758739449836}
{"action": "send", "src": "EU-N72", "dst": "NA-N85", "hlc": {"phys": 1758739455857, "cnt": 0, "node": "EU-N72"}, "package_id": "PKG39449", "payload": {"status": "RECEIVED"}, "sent_ts": 1758739450137, "arrival_ts": 1758739450137}
{"action": "send", "src": "EU-N72", "dst": "NA-N85", "hlc": {"phys": 1758739456083, "cnt": 0, "node": "EU-N72"}, "package_id": "PKG39449", "payload": {"status": "DELIVERED"}, "sent_ts": 1758739450363, "arrival_ts": 1758739450363}
{"action": "send", "src": "EU-N72", "dst": "NA-N170", "hlc": {"phys": 1758740493386, "cnt": 0, "node": "EU-N72"}, "package_id": "PKG40487", "payload": {"status": "CREATED"}, "sent_ts": 1758740487666, "arrival_ts": 1758740487666}
{"action": "send", "src": "EU-N72", "dst": "NA-N170", "hlc": {"phys": 1758740493801, "cnt": 0, "node": "EU-N72"}, "package_id": "PKG40487", "payload": {"status": "SENT"}, "sent_ts": 1758740488081, "arrival_ts": 1758740488081}
{"action": "send", "src": "EU-N72", "dst": "NA-N170", "hlc": {"phys": 1758740494151, "cnt": 0, "node": "EU-N72"}, "package_id": "PKG40487", "payload": {"status": "IN_TRANSIT"}, "sent_ts": 1758740488431, "arrival_ts": 1758740488431}
{"action": "send", "src": "EU-N72", "dst": "NA-N170", "hlc": {"phys": 1758740494367, "cnt": 0, "node": "EU-N72"}, "package_id": "PKG40487", "payload": {"status": "RECEIVED"}, "sent_ts": 1758740488647, "arrival_ts": 1758740488647}
{"action": "send", "src": "EU-N72", "dst": "NA-N170", "hlc": {"phys": 1758740494616, "cnt": 0, "node": "EU-N72"}, "package_id": "PKG40487", "payload": {"status": "DELIVERED"}, "sent_ts": 1758740488896, "arrival_ts": 1758740488896}
{"action": "recv", "src": "AF-N79", "dst": "EU-N72", "hlc": {"phys": 1758742407169, "cnt": 0, "node": "AF-N79"}, "package_id": "PKG42391", "payload": {"status": "CREATED"}, "sent_ts": 1758742391379, "arrival_ts": 1758742391538}
{"action": "recv", "src": "AF-N79", "dst": "EU-N72", "hlc": {"phys": 1758742407527, "cnt": 0, "node": "AF-N79"}, "package_id": "PKG42391", "payload": {"status": "SENT"}, "sent_ts": 1758742391737, "arrival_ts": 1758742391884}
{"action": "recv", "src": "AF-N79", "dst": "EU-N72", "hlc": {"phys": 1758742407869, "cnt": 0, "node": "AF-N79"}, "package_id": "PKG42391", "payload": {"status": "IN_TRANSIT"}, "sent_ts": 1758742392079, "arrival_ts": 1758742392169}
{"action": "recv", "src": "AF-N79", "dst": "EU-N72", "hlc": {"phys": 1758742408178, "cnt": 0, "node": "AF-N79"}, "package_id": "PKG42391", "payload": {"status": "RECEIVED"}, "sent_ts": 1758742392388, "arrival_ts": 1758742392551}
{"action": "recv", "src": "AF-N79", "dst": "EU-N72", "hlc": {"phys": 1758742408559, "cnt": 0, "node": "AF-N79"}, "package_id": "PKG42391", "payload": {"status": "DELIVERED"}, "sent_ts": 1758742392769, "arrival_ts": 1758742392924}
{"action": "send", "src": "EU-N72", "dst": "EU-N199", "hlc": {"phys": 1758746640366, "cnt": 0, "node": "EU-N72"}, "package_id": "PKG46634", "payload": {"status": "CREATED"}, "sent_ts": 1758746634646, "arrival_ts": 1758746634646}
{"action": "send", "src": "EU-N72", "dst": "EU-N199", "hlc": {"phys": 1758746640597, "cnt": 0, "node": "EU-N72"}, "package_id": "PKG46634", "payload": {"status": "SENT"}, "sent_ts": 1758746634877, "arrival_ts": 1758746634877}
{"action": "send", "src": "EU-N72", "dst": "EU-N199", "hlc": {"phys": 1758746640829, "cnt": 0, "node": "EU-N72"}, "package_id": "PKG46634", "payload": {"status": "IN_TRANSIT"}, "sent_ts": 1758746635109, "arrival_ts": 1758746635109}
{"action": "send", "src": "EU-N72", "dst": "EU-N199", "hlc": {"phys": 1758746641153, "cnt": 0, "node": "EU-N72"}, "package_id": "PKG46634", "payload": {"status": "RECEIVED"}, "sent_ts": 1758746635433, "arrival_ts": 1758746635433}
{"action": "send", "src": "EU-N72", "dst": "EU-N199", "hlc": {"phys": 1758746641431, "cnt": 0, "node": "EU-N72"}, "package_id": "PKG46634", "payload": {"status": "DELIVERED"}, "sent_ts": 1758746635711, "arrival_ts": 1758746635711}
{"action": "recv", "src": "EU-N31", "dst": "EU-N72", "hlc": {"phys": 1758748626477, "cnt": 0, "node": "EU-N31"}, "package_id": "PKG48621", "payload": {"status": "CREATED"}, "sent_ts": 1758748621167, "arrival_ts": 1758748621322}
{"action": "recv", "src": "EU-N31", "dst": "EU-N72", "hlc": {"phys": 1758748626831, "cnt": 0, "node": "EU-N31"}, "package_id": "PKG48621", "payload": {"status": "SENT"}, "sent_ts": 1758748621521, "arrival_ts": 1758748621567}
{"action": "recv", "src": "EU-N31", "dst": "EU-N72", "hlc": {"phys": 1758748627092, "cnt": 0, "node": "EU-N31"}, "package_id": "PKG48621", "payload": {"status": "IN_TRANSIT"}, "sent_ts": 1758748621782, "arrival_ts": 1758748621793}
{"action": "recv", "src": "EU-N31", "dst": "EU-N72", "hlc": {"phys": 1758748627296, "cnt": 0, "node": "EU-N31"}, "package_id": "PKG48621", "payload": {"status": "RECEIVED"}, "sent_ts": 1758748621986, "arrival_ts": 1758748622075}
{"action": "recv", "src": "EU-N31", "dst": "EU-N72", "hlc": {"phys": 1758748627589, "cnt": 0, "node": "EU-N31"}, "package_id": "PKG48621", "payload": {"status": "DELIVERED"}, "sent_ts": 1758748622279, "arrival_ts": 1758748622300}
{"action": "send", "src": "EU-N72", "dst": "AU-N186", "hlc": {"phys": 1758757286509, "cnt": 0, "node": "EU-N72"}, "package_id": "PKG57280", "payload": {"status": "CREATED"}, "sent_ts": 1758757280789, "arrival_ts": 1758757280789}
{"action": "send", "src": "EU-N72", "dst": "AU-N186", "hlc": {"phys": 1758757286865, "cnt": 0, "node": "EU-N72"}, "package_id": "PKG57280", "payload": {"status": "SENT"}, "sent_ts": 1758757281145, "arrival_ts": 1758757281145}
{"action": "send", "src": "EU-N72", "dst": "AU-N186", "hlc": {"phys": 1758757287194, "cnt": 0, "node": "EU-N72"}, "package_id": "PKG57280", "payload": {"status": "IN_TRANSIT"}, "sent_ts": 1758757281474, "arrival_ts": 1758757281474}
{"action": "send", "src": "EU-N72", "dst": "AU-N186", "hlc": {"phys": 1758757287565, "cnt": 0, "node": "EU-N72"}, "package_id": "PKG57280", "payload": {"status": "RECEIVED"}, "sent_ts": 1758757281845, "arrival_ts": 1758757281845}
{"action": "send", "src": "EU-N72", "dst": "AU-N186", "hlc": {"phys": 1758757287873, "cnt": 0, "node": "EU-N72"}, "package_id": "PKG57280", "payload": {"status": "DELIVERED"}, "sent_ts": 1758757282153, "arrival_ts": 1758757282153}
{"action": "recv", "src": "AS-N121", "dst": "EU-N72", "hlc": {"phys": 1758757426645, "cnt": 0, "node": "AS-N121"}, "package_id": "PKG57415", "payload": {"status": "CREATED"}, "sent_ts": 1758757415435, "arrival_ts": 1758757415536}
{"action": "recv", "src": "AS-N121", "dst": "EU-N72", "hlc": {"phys": 1758757426960, "cnt": 0, "node": "AS-N121"}, "package_id": "PKG57415", "payload": {"status": "SENT"}, "sent_ts": 1758757415750, "arrival_ts": 1758757415930}
{"action": "recv", "src": "AS-N121", "dst": "EU-N72", "hlc": {"phys": 1758757427339, "cnt": 0, "node": "AS-N121"}, "package_id": "PKG57415", "payload": {"status": "IN_TRANSIT"}, "sent_ts": 1758757416129, "arrival_ts": 1758757416296}
{"action": "recv", "src": "AS-N121", "dst": "EU-N72", "hlc": {"phys": 1758757427728, "cnt": 0, "node": "AS-N121"}, "package_id": "PKG57415", "payload": {"status": "RECEIVED"}, "sent_ts": 1758757416518, "arrival_ts": 1758757416652}
{"action": "recv", "src": "AS-N121", "dst": "EU-N72", "hlc": {"phys": 1758757428075, "cnt": 0, "node": "AS-N121"}, "package_id": "PKG57415", "payload": {"status": "DELIVERED"}, "sent_ts": 1758757416865, "arrival_ts": 1758757417018}
{"action": "send", "src": "EU-N72", "dst": "AU-N97", "hlc": {"phys": 1758758035285, "cnt": 0, "node": "EU-N72"}, "package_id": "PKG58029", "payload": {"status": "CREATED"}, "sent_ts": 1758758029565, "arrival_ts": 1758758029565}
{"action": "send", "src": "EU-N72", "dst": "AU-N97", "hlc": {"phys": 1758758035691, "cnt": 0, "node": "EU-N72"}, "package_id": "PKG58029", "payload": {"status": "SENT"}, "sent_ts": 1758758029971, "arrival_ts": 1758758029971}
{"action": "send", "src": "EU-N72", "dst": "AU-N97", "hlc": {"phys": 1758758036003, "cnt": 0, "node": "EU-N72"}, "package_id": "PKG58029", "payload": {"status": "IN_TRANSIT"}, "sent_ts": 1758758030283, "arrival_ts": 1758758030283}
{"action": "send", "src": "EU-N72", "dst": "AU-N97", "hlc": {"phys": 1758758036298, "cnt": 0, "node": "EU-N72"}, "package_id": "PKG58029", "payload": {"status": "RECEIVED"}, "sent_ts": 1758758030578, "arrival_ts": 1758758030578}
{"action": "send", "src": "EU-N72", "dst": "AU-N97", "hlc": {"phys": 1758758036592, "cnt": 0, "node": "EU-N72"}, "package_id": "PKG58029", "payload": {"status": "DELIVERED"}, "sent_ts": 1758758030872, "arrival_ts": 1758758030872}
{"action": "recv", "src": "AF-N170", "dst": "EU-N72", "hlc": {"phys": 1758760361442, "cnt": 0, "node": "AF-N170"}, "package_id": "PKG60344", "payload": {"status": "CREATED"}, "sent_ts": 1758760344742, "arrival_ts": 1758760344835}
{"action": "recv", "src": "AF-N170", "dst": "EU-N72", "hlc": {"phys": 1758760361744, "cnt": 0, "node": "AF-N170"}, "package_id": "PKG60344", "payload": {"status": "SENT"}, "sent_ts": 1758760345044, "arrival_ts": 1758760345158}
{"action": "recv", "src": "AF-N170", "dst": "EU-N72", "hlc": {"phys": 1758760362063, "cnt": 0, "node": "AF-N170"}, "package_id": "PKG60344", "payload": {"status": "IN_TRANSIT"}, "sent_ts": 1758760345363, "arrival_ts": 1758760345548}
{"action": "recv", "src": "AF-N170", "dst": "EU-N72", "hlc": {"phys": 1758760362468, "cnt": 0, "node": "AF-N170"}, "package_id": "PKG60344", "payload": {"status": "RECEIVED"}, "sent_ts": 1758760345768, "arrival_ts": 1758760345822}
{"action": "recv", "src": "AF-N170", "dst": "EU-N72", "hlc": {"phys": 1758760362743, "cnt": 0, "node": "AF-N170"}, "package_id": "PKG60344", "payload": {"status": "DELIVERED"}, "sent_ts": 1758760346043, "arrival_ts": 1758760346228}
{"action": "send", "src": "EU-N72", "dst": "AN-N60", "hlc": {"phys": 1758764255135, "cnt": 0, "node": "EU-N72"}, "package_id": "PKG64249", "payload": {"status": "CREATED"}, "sent_ts": 1758764249415, "arrival_ts": 1758764249415}
{"action": "send", "src": "EU-N72", "dst": "AN-N60", "hlc": {"phys": 1758764255447, "cnt": 0, "node": "EU-N72"}, "package_id": "PKG64249", "payload": {"status": "SENT"}, "sent_ts": 1758764249727, "arrival_ts": 1758764249727}
{"action": "send", "src": "EU-N72", "dst": "AN-N60", "hlc": {"phys": 1758764255802, "cnt": 0, "node": "EU-N72"}, "package_id": "PKG64249", "payload": {"status": "IN_TRANSIT"}, "sent_ts": 1758764250082, "arrival_ts": 1758764250082}
{"action": "send", "src": "EU-N72", "dst": "AN-N60", "hlc": {"phys": 1758764256133, "cnt": 0, "node": "EU-N72"}, "package_id": "PKG64249", "payload": {"status": "RECEIVED"}, "sent_ts": 1758764250413, "arrival_ts": 1758764250413}
{"action": "send", "src": "EU-N72", "dst": "AN-N60", "hlc": {"phys": 1758764256522, "cnt": 0, "node": "EU-N72"}, "package_id": "PKG64249", "payload": {"status": "DELIVERED"}, "sent_ts": 1758764250802, "arrival_ts": 1758764250802}
{"action": "send", "src": "EU-N72", "dst": "AF-N103", "hlc": {"phys": 1758803137254, "cnt": 0, "node": "EU-N72"}, "package_id": "PKG3131", "payload": {"status": "CREATED"}, "sent_ts": 1758803131534, "arrival_ts": 1758803131534}
{"action": "send", "src": "EU-N72", "dst": "AF-N103", "hlc": {"phys": 1758803137470, "cnt": 0, "node": "EU-N72"}, "package_id": "PKG3131", "payload": {"status": "SENT"}, "sent_ts": 1758803131750, "arrival_ts": 1758803131750}
{"action": "send", "src": "EU-N72", "dst": "AF-N103", "hlc": {"phys": 1758803137704, "cnt": 0, "node": "EU-N72"}, "package_id": "PKG3131", "payload": {"status": "IN_TRANSIT"}, "sent_ts": 1758803131984, "arrival_ts": 1758803131984}
{"action": "send", "src": "EU-N72", "dst": "AF-N103", "hlc": {"phys": 1758803137923, "cnt": 0, "node": "EU-N72"}, "package_id": "PKG3131", "payload": {"status": "RECEIVED"}, "sent_ts": 1758803132203, "arrival_ts": 1758803132203}
{"action": "send", "src": "EU-N72", "dst": "AF-N103", "hlc": {"phys": 1758803138263, "cnt": 0, "node": "EU-N72"}, "package_id": "PKG3131", "payload": {"status": "DELIVERED"}, "sent_ts": 1758803132543, "arrival_ts": 1758803132543}
{"action": "recv", "src": "EU-N195", "dst": "EU-N72", "hlc": {"phys": 1758804217873, "cnt": 0, "node": "EU-N195"}, "package_id": "PKG4210", "payload": {"status": "CREATED"}, "sent_ts": 1758804210923, "arrival_ts": 1758804211016}
{"action": "recv", "src": "EU-N195", "dst": "EU-N72", "hlc": {"phys": 1758804218184, "cnt": 0, "node": "EU-N195"}, "package_id": "PKG4210", "payload": {"status": "SENT"}, "sent_ts": 1758804211234, "arrival_ts": 1758804211252}
{"action": "recv", "src": "EU-N195", "dst": "EU-N72", "hlc": {"phys": 1758804218415, "cnt": 0, "node": "EU-N195"}, "package_id": "PKG4210", "payload": {"status": "IN_TRANSIT"}, "sent_ts": 1758804211465, "arrival_ts": 1758804211543}
{"action": "recv", "src": "EU-N195", "dst": "EU-N72", "hlc": {"phys": 1758804218700, "cnt": 0, "node": "EU-N195"}, "package_id": "PKG4210", "payload": {"status": "RECEIVED"}, "sent_ts": 1758804211750, "arrival_ts": 1758804211821}
{"action": "recv", "src": "EU-N195", "dst": "EU-N72", "hlc": {"phys": 1758804218973, "cnt": 0, "node": "EU-N195"}, "package_id": "PKG4210", "payload": {"status": "DELIVERED"}, "sent_ts": 1758804212023, "arrival_ts": 1758804212203}
{"action": "send", "src": "EU-N72", "dst": "AN-N110", "hlc": {"phys": 1758805851461, "cnt": 0, "node": "EU-N72"}, "package_id": "PKG5845", "payload": {"status": "CREATED"}, "sent_ts": 1758805845741, "arrival_ts": 1758805845741}
{"action": "send", "src": "EU-N72", "dst": "AN-N110", "hlc": {"phys": 1758805851829, "cnt": 0, "node": "EU-N72"}, "package_id": "PKG5845", "payload": {"status": "SENT"}, "sent_ts": 1758805846109, "arrival_ts": 1758805846109}
{"action": "send", "src": "EU-N72", "dst": "AN-N110", "hlc": {"phys": 1758805852231, "cnt": 0, "node": "EU-N72"}, "package_id": "PKG5845", "payload": {"status": "IN_TRANSIT"}, "sent_ts": 1758805846511, "arrival_ts": 1758805846511}
{"action": "send", "src": "EU-N72", "dst": "AN-N110", "hlc": {"phys": 1758805852533, "cnt": 0, "node": "EU-N72"}, "package_id": "PKG5845", "payload": {"status": "RECEIVED"}, "sent_ts": 1758805846813, "arrival_ts": 1758805846813}
{"action": "send", "src": "EU-N72", "dst": "AN-N110", "hlc": {"phys": 1758805852789, "cnt": 0, "node": "EU-N72"}, "package_id": "PKG5845", "payload": {"status": "DELIVERED"}, "sent_ts": 1758805847069, "arrival_ts": 1758805847069}
{"action": "recv", "src": "AN-N182", "dst": "EU-N72", "hlc": {"phys": 1758811624841, "cnt": 0, "node": "AN-N182"}, "package_id": "PKG11593", "payload": {"status": "CREATED"}, "sent_ts": 1758811593021, "arrival_ts": 1758811593195}
{"action": "recv", "src": "AN-N182", "dst": "EU-N72", "hlc": {"phys": 1758811625226, "cnt": 0, "node": "AN-N182"}, "package_id": "PKG11593", "payload": {"status": "SENT"}, "sent_ts": 1758811593406, "arrival_ts": 1758811593577}
{"action": "recv", "src": "AN-N182", "dst": "EU-N72", "hlc": {"phys": 1758811625615, "cnt": 0, "node": "AN-N182"}, "package_id": "PKG11593", "payload": {"status": "IN_TRANSIT"}, "sent_ts": 1758811593795, "arrival_ts": 1758811593914}
{"action": "recv", "src": "AN-N182", "dst": "EU-N72", "hlc": {"phys": 1758811625939, "cnt": 0, "node": "AN-N182"}, "package_id": "PKG11593", "payload": {"status": "RECEIVED"}, "sent_ts": 1758811594119, "arrival_ts": 1758811594239}
{"action": "recv", "src": "AN-N182", "dst": "EU-N72", "hlc": {"phys": 1758811626279, "cnt": 0, "node": "AN-N182"}, "package_id": "PKG11593", "payload": {"status": "DELIVERED"}, "sent_ts": 1758811594459, "arrival_ts": 1758811594551}
{"action": "send", "src": "EU-N72", "dst": "NA-N67", "hlc": {"phys": 1758811769919, "cnt": 0, "node": "EU-N72"}, "package_id": "PKG11764", "payload": {"status": "CREATED"}, "sent_ts": 1758811764199, "arrival_ts": 1758811764199}
{"action": "send", "src": "EU-N72", "dst": "NA-N67", "hlc": {"phys": 1758811770230, "cnt": 0, "node": "EU-N72"}, "package_id": "PKG11764", "payload": {"status": "SENT"}, "sent_ts": 1758811764510, "arrival_ts": 1758811764510}
{"action": "send", "src": "EU-N72", "dst": "NA-N67", "hlc": {"phys": 1758811770512, "cnt": 0, "node": "EU-N72"}, "package_id": "PKG11764", "payload": {"status": "IN_TRANSIT"}, "sent_ts": 1758811764792, "arrival_ts": 1758811764792}
{"action": "send", "src": "EU-N72", "dst": "NA-N67", "hlc": {"phys": 1758811770744, "cnt": 0, "node": "EU-N72"}, "package_id": "PKG11764", "payload": {"status": "RECEIVED"}, "sent_ts": 1758811765024, "arrival_ts": 1758811765024}
{"action": "send", "src": "EU-N72", "dst": "NA-N67", "hlc": {"phys": 1758811771072, "cnt": 0, "node": "EU-N72"}, "package_id": "PKG11764", "payload": {"status": "DELIVERED"}, "sent_ts": 1758811765352, "arrival_ts": 1758811765352}
{"action": "recv", "src": "EU-N85", "dst": "EU-N72", "hlc": {"phys": 1758816051621, "cnt": 0, "node": "EU-N85"}, "package_id": "PKG16045", "payload": {"status": "CREATED"}, "sent_ts": 1758816045771, "arrival_ts": 1758816045953}
{"action": "recv", "src": "EU-N85", "dst": "EU-N72", "hlc": {"phys": 1758816052009, "cnt": 0, "node": "EU-N85"}, "package_id": "PKG16045", "payload": {"status": "SENT"}, "sent_ts": 1758816046159, "arrival_ts": 1758816046200}
{"action": "recv", "src": "EU-N85", "dst": "EU-N72", "hlc": {"phys": 1758816052243, "cnt": 0, "node": "EU-N85"}, "package_id": "PKG16045", "payload": {"status": "IN_TRANSIT"}, "sent_ts": 1758816046393, "arrival_ts": 1758816046408}
{"action": "recv", "src": "EU-N85", "dst": "EU-N72", "hlc": {"phys": 1758816052462, "cnt": 0, "node": "EU-N85"}, "package_id": "PKG16045", "payload": {"status": "RECEIVED"}, "sent_ts": 1758816046612, "arrival_ts": 1758816046786}
{"action": "recv", "src": "EU-N85", "dst": "EU-N72", "hlc": {"phys": 1758816052835, "cnt": 0, "node": "EU-N85"}, "package_id": "PKG16045", "payload": {"status": "DELIVERED"}, "sent_ts": 1758816046985, "arrival_ts": 1758816047109}
{"action": "send", "src": "EU-N72", "dst": "EU-N169", "hlc": {"phys": 1758816765366, "cnt": 0, "node": "EU-N72"}, "package_id": "PKG16759", "payload": {"status": "CREATED"}, "sent_ts": 1758816759646, "arrival_ts": 1758816759646}
{"action": "send", "src": "EU-N72", "dst": "EU-N169", "hlc": {"phys": 1758816765677, "cnt": 0, "node": "EU-N72"}, "package_id": "PKG16759", "payload": {"status": "SENT"}, "sent_ts": 1758816759957, "arrival_ts": 1758816759957}
{"action": "send", "src": "EU-N72", "dst": "EU-N169", "hlc": {"phys": 1758816766051, "cnt": 0, "node": "EU-N72"}, "package_id": "PKG16759", "payload": {"status": "IN_TRANSIT"}, "sent_ts": 1758816760331, "arrival_ts": 1758816760331}
{"action": "send", "src": "EU-N72", "dst": "EU-N169", "hlc": {"phys": 1758816766284, "cnt": 0, "node": "EU-N72"}, "package_id": "PKG16759", "payload": {"status": "RECEIVED"}, "sent_ts": 1758816760564, "arrival_ts": 1758816760564}
{"action": "send", "src": "EU-N72", "dst": "EU-N169", "hlc": {"phys": 1758816766565, "cnt": 0, "node": "EU-N72"}, "package_id": "PKG16759", "payload": {"status": "DELIVERED"}, "sent_ts": 1758816760845, "arrival_ts": 1758816760845}
