{"action": "recv", "src": "EU-N166", "dst": "EU-N156", "hlc": {"phys": 1758712878577, "cnt": 0, "node": "EU-N166"}, "package_id": "PKG12871", "payload": {"status": "CREATED"}, "sent_ts": 1758712871917, "arrival_ts": 1758712871946}
{"action": "recv", "src": "EU-N166", "dst": "EU-N156", "hlc": {"phys": 1758712878813, "cnt": 0, "node": "EU-N166"}, "package_id": "PKG12871", "payload": {"status": "SENT"}, "sent_ts": 1758712872153, "arrival_ts": 1758712872344}
{"action": "recv", "src": "EU-N166", "dst": "EU-N156", "hlc": {"phys": 1758712879215, "cnt": 0, "node": "EU-N166"}, "package_id": "PKG12871", "payload": {"status": "IN_TRANSIT"}, "sent_ts": 1758712872555, "arrival_ts": 1758712872737}
{"action": "recv", "src": "EU-N166", "dst": "EU-N156", "hlc": {"phys": 1758712879602, "cnt": 0, "node": "EU-N166"}, "package_id": "PKG12871", "payload": {"status": "RECEIVED"}, "sent_ts": 1758712872942, "arrival_ts": 1758712873007}
{"action": "recv", "src": "EU-N166", "dst": "EU-N156", "hlc": {"phys": 1758712879868, "cnt": 0, "node": "EU-N166"}, "package_id": "PKG12871", "payload": {"status": "DELIVERED"}, "sent_ts": 1758712873208, "arrival_ts": 1758712873254}
{"action": "recv", "src": "AS-N17", "dst": "EU-N156", "hlc": {"phys": 1758714423617, "cnt": 0, "node": "AS-N17"}, "package_id": "PKG14413", "payload": {"status": "CREATED"}, "sent_ts": 1758714413447, "arrival_ts": 1758714413633}
{"action": "recv", "src": "AS-N17", "dst": "EU-N156", "hlc": {"phys": 1758714424007, "cnt": 0, "node": "AS-N17"}, "package_id": "PKG14413", "payload": {"status": "SENT"}, "sent_ts": 1758714413837, "arrival_ts": 1758714413966}
{"action": "recv", "src": "AS-N17", "dst": "EU-N156", "hlc": {"phys": 1758714424334, "cnt": 0, "node": "AS-N17"}, "package_id": "PKG14413", "payload": {"status": "IN_TRANSIT"}, "sent_ts": 1758714414164, "arrival_ts": 1758714414293}
{"action": "recv", "src": "AS-N17", "dst": "EU-N156", "hlc": {"phys": 1758714424660, "cnt": 0, "node": "AS-N17"}, "package_id": "PKG14413", "payload": {"status": "RECEIVED"}, "sent_ts": 1758714414490, "arrival_ts": 1758714414526}
{"action": "recv", "src": "AS-N17", "dst": "EU-N156", "hlc": {"phys": 1758714424902, "cnt": 0, "node": "AS-N17"}, "package_id": "PKG14413", "payload": {"status": "DELIVERED"}, "sent_ts": 1758714414732, "arrival_ts": 1758714414750}
{"action": "send", "src": "EU-N156", "dst": "SA-N179", "hlc": {"phys": 1758716627608, "cnt": 0, "node": "EU-N156"}, "package_id": "PKG16621", "payload": {"status": "CREATED"}, "sent_ts": 1758716621048, "arrival_ts": 1758716621048}
{"action": "send", "src": "EU-N156", "dst": "SA-N179", "hlc": {"phys": 1758716627878, "cnt": 0, "node": "EU-N156"}, "package_id": "PKG16621", "payload": {"status": "SENT"}, "sent_ts": 1758716621318, "arrival_ts": 1758716621318}
{"action": "send", "src": "EU-N156", "dst": "SA-N179", "hlc": {"phys": 1758716628252, "cnt": 0, "node": "EU-N156"}, "package_id": "PKG16621", "payload": {"status": "IN_TRANSIT"}, "sent_ts": 1758716621692, "arrival_ts": 1758716621692}
{"action": "send", "src": "EU-N156", "dst": "SA-N179", "hlc": {"phys": 1758716628491, "cnt": 0, "node": "EU-N156"}, "package_id": "PKG16621", "payload": {"status": "RECEIVED"}, "sent_ts": 1758716621931, "arrival_ts": 1758716621931}
{"action": "send", "src": "EU-N156", "dst": "SA-N179", "hlc": {"phys": 1758716628825, "cnt": 0, "node": "EU-N156"}, "package_id": "PKG16621", "payload": {"status": "DELIVERED"}, "sent_ts": 1758716622265, "arrival_ts": 1758716622265}
{"action": "recv", "src": "NA-N64", "dst": "EU-N156", "hlc": {"phys": 1758716984027, "cnt": 0, "node": "NA-N64"}, "package_id": "PKG16983", "payload": {"status": "CREATED"}, "sent_ts": 1758716983387, "arrival_ts": 1758716983510}
{"action": "recv", "src": "NA-N64", "dst": "EU-N156", "hlc": {"phys": 1758716984344, "cnt": 0, "node": "NA-N64"}, "package_id": "PKG16983", "payload": {"status": "SENT"}, "sent_ts": 1758716983704, "arrival_ts": 1758716983739}
{"action": "recv", "src": "NA-N64", "dst": "EU-N156", "hlc": {"phys": 1758716984593, "cnt": 0, "node": "NA-N64"}, "package_id": "PKG16983", "payload": {"status": "IN_TRANSIT"}, "sent_ts": 1758716983953, "arrival_ts": 1758716984019}
{"action": "recv", "src": "NA-N64", "dst": "EU-N156", "hlc": {"phys": 1758716984874, "cnt": 0, "node": "NA-N64"}, "package_id": "PKG16983", "payload": {"status": "RECEIVED"}, "sent_ts": 1758716984234, "arrival_ts": 1758716984265}
{"action": "recv", "src": "NA-N64", "dst": "EU-N156", "hlc": {"phys": 1758716985122, "cnt": 0, "node": "NA-N64"}, "package_id": "PKG16983", "payload": {"status": "DELIVERED"}, "sent_ts": 1758716984482, "arrival_ts": 1758716984641}
{"action": "recv", "src": "AU-N51", "dst": "EU-N156", "hlc": {"phys": 1758718515442, "cnt": 0, "node": "AU-N51"}, "package_id": "PKG18489", "payload": {"status": "CREATED"}, "sent_ts": 1758718489932, "arrival_ts": 1758718490066}
{"action": "recv", "src": "AU-N51", "dst": "EU-N156", "hlc": {"phys": 1758718515788, "cnt": 0, "node": "AU-N51"}, "package_id": "PKG18489", "payload": {"status": "SENT"}, "sent_ts": 1758718490278, "arrival_ts": 1758718490391}
{"action": "recv", "src": "AU-N51", "dst": "EU-N156", "hlc": {"phys": 1758718516116, "cnt": 0, "node": "AU-N51"}, "package_id": "PKG18489", "payload": {"status": "IN_TRANSIT"}, "sent_ts": 1758718490606, "arrival_ts": 1758718490701}
{"action": "recv", "src": "AU-N51", "dst": "EU-N156", "hlc": {"phys": 1758718516428, "cnt": 0, "node": "AU-N51"}, "package_id": "PKG18489", "payload": {"status": "RECEIVED"}, "sent_ts": 1758718490918, "arrival_ts": 1758718491089}
{"action": "recv", "src": "AU-N51", "dst": "EU-N156", "hlc": {"phys": 1758718516796, "cnt": 0, "node": "AU-N51"}, "package_id": "PKG18489", "payload": {"status": "DELIVERED"}, "sent_ts": 1758718491286, "arrival_ts": 1758718491323}
{"action": "send", "src": "EU-N156", "dst": "AN-N194", "hlc": {"phys": 1758718973276, "cnt": 0, "node": "EU-N156"}, "package_id": "PKG18966", "payload": {"status": "CREATED"}, "sent_ts": 1758718966716, "arrival_ts": 1758718966716}
{"action": "send", "src": "EU-N156", "dst": "AN-N194", "hlc": {"phys": 1758718973672, "cnt": 0, "node": "EU-N156"}, "package_id": "PKG18966", "payload": {"status": "SENT"}, "sent_ts": 1758718967112, "arrival_ts": 1758718967112}
{"action": "send", "src": "EU-N156", "dst": "AN-N194", "hlc": {"phys": 1758718974036, "cnt": 0, "node": "EU-N156"}, "package_id": "PKG18966", "payload": {"status": "IN_TRANSIT"}, "sent_ts": 1758718967476, "arrival_ts": 1758718967476}
{"action": "send", "src": "EU-N156", "dst": "AN-N194", "hlc": {"phys": 1758718974290, "cnt": 0, "node": "EU-N156"}, "package_id": "PKG18966", "payload": {"status": "RECEIVED"}, "sent_ts": 1758718967730, "arrival_ts": 1758718967730}
{"action": "send", "src": "EU-N156", "dst": "AN-N194", "hlc": {"phys": 1758718974543, "cnt": 0, "node": "EU-N156"}, "package_id": "PKG18966", "payload": {"status": "DELIVERED"}, "sent_ts": 1758718967983, "arrival_ts": 1758718967983}
{"action": "send", "src": "EU-N156", "dst": "AU-N56", "hlc": {"phys": 1758739408763, "cnt": 0, "node": "EU-N156"}, "package_id": "PKG39402", "payload": {"status": "CREATED"}, "sent_ts": 1758739402203, "arrival_ts": 1758739402203}
{"action": "send", "src": "EU-N156", "dst": "AU-N56", "hlc": {"phys": 1758739408984, "cnt": 0, "node": "EU-N156"}, "package_id": "PKG39402", "payload": {"status": "SENT"}, "sent_ts": 1758739402424, "arrival_ts": 1758739402424}
{"action": "send", "src": "EU-N156", "dst": "AU-N56", "hlc": {"phys": 1758739409279, "cnt": 0, "node": "EU-N156"}, "package_id": "PKG39402", "payload": {"status": "IN_TRANSIT"}, "sent_ts": 1758739402719, "arrival_ts": 1758739402719}
{"action": "send", "src": "EU-N156", "dst": "AU-N56", "hlc": {"phys": 1758739409665, "cnt": 0, "node": "EU-N156"}, "package_id": "PKG39402", "payload": {"status": "RECEIVED"}, "sent_ts": 1758739403105, "arrival_ts": 1758739403105}
{"action": "send", "src": "EU-N156", "dst": "AU-N56", "hlc": {"phys": 1758739410052, "cnt": 0, "node": "EU-N156"}, "package_id": "PKG39402", "payload": {"status": "DELIVERED"}, "sent_ts": 1758739403492, "arrival_ts": 1758739403492}
{"action": "recv", "src": "AF-N77", "dst": "EU-N156", "hlc": {"phys": 1758742609304, "cnt": 0, "node": "AF-N77"}, "package_id": "PKG42593", "payload": {"status": "CREATED"}, "sent_ts": 1758742593534, "arrival_ts": 1758742593715}
{"action": "recv", "src": "AF-N77", "dst": "EU-N156", "hlc": {"phys": 1758742609697, "cnt": 0, "node": "AF-N77"}, "package_id": "PKG42593", "payload": {"status": "SENT"}, "sent_ts": 1758742593927, "arrival_ts": 1758742594009}
{"action": "recv", "src": "AF-N77", "dst": "EU-N156", "hlc": {"phys": 1758742609976, "cnt": 0, "node": "AF-N77"}, "package_id": "PKG42593", "payload": {"status": "IN_TRANSIT"}, "sent_ts": 1758742594206, "arrival_ts": 1758742594383}
{"action": "recv", "src": "AF-N77", "dst": "EU-N156", "hlc": {"phys": 1758742610351, "cnt": 0, "node": "AF-N77"}, "package_id": "PKG42593", "payload": {"status": "RECEIVED"}, "sent_ts": 1758742594581, "arrival_ts": 1758742594683}
{"action": "recv", "src": "AF-N77", "dst": "EU-N156", "hlc": {"phys": 1758742610655, "cnt": 0, "node": "AF-N77"}, "package_id": "PKG42593", "payload": {"status": "DELIVERED"}, "sent_ts": 1758742594885, "arrival_ts": 1758742595066}
{"action": "recv", "src": "AF-N198", "dst": "EU-N156", "hlc": {"phys": 1758743463697, "cnt": 0, "node": "AF-N198"}, "package_id": "PKG43446", "payload": {"status": "CREATED"}, "sent_ts": 1758743446717, "arrival_ts": 1758743446863}
{"action": "recv", "src": "AF-N198", "dst": "EU-N156", "hlc": {"phys": 1758743464055, "cnt": 0, "node": "AF-N198"}, "package_id": "PKG43446", "payload": {"status": "SENT"}, "sent_ts": 1758743447075, "arrival_ts": 1758743447225}
{"action": "recv", "src": "AF-N198", "dst": "EU-N156", "hlc": {"phys": 1758743464402, "cnt": 0, "node": "AF-N198"}, "package_id": "PKG43446", "payload": {"status": "IN_TRANSIT"}, "sent_ts": 1758743447422, "arrival_ts": 1758743447606}
{"action": "recv", "src": "AF-N198", "dst": "EU-N156", "hlc": {"phys": 1758743464793, "cnt": 0, "node": "AF-N198"}, "package_id": "PKG43446", "payload": {"status": "RECEIVED"}, "sent_ts": 1758743447813, "arrival_ts": 1758743447836}
{"action": "recv", "src": "AF-N198", "dst": "EU-N156", "hlc": {"phys": 1758743465012, "cnt": 0, "node": "AF-N198"}, "package_id": "PKG43446", "payload": {"status": "DELIVERED"}, "sent_ts": 1758743448032, "arrival_ts": 1758743448172}
{"action": "recv", "src": "AU-N155", "dst": "EU-N156", "hlc": {"phys": 1758744781048, "cnt": 0, "node": "AU-N155"}, "package_id": "PKG44754", "payload": {"status": "CREATED"}, "sent_ts": 1758744754498, "arrival_ts": 1758744754695}
{"action": "recv", "src": "AU-N155", "dst": "EU-N156", "hlc": {"phys": 1758744781452, "cnt": 0, "node": "AU-N155"}, "package_id": "PKG44754", "payload": {"status": "SENT"}, "sent_ts": 1758744754902, "arrival_ts": 1758744754934}
{"action": "recv", "src": "AU-N155", "dst": "EU-N156", "hlc": {"phys": 1758744781700, "cnt": 0, "node": "AU-N155"}, "package_id": "PKG44754", "payload": {"status": "IN_TRANSIT"}, "sent_ts": 1758744755150, "arrival_ts": 1758744755334}
{"action": "recv", "src": "AU-N155", "dst": "EU-N156", "hlc": {"phys": 1758744782087, "cnt": 0, "node": "AU-N155"}, "package_id": "PKG44754", "payload": {"status": "RECEIVED"}, "sent_ts": 1758744755537, "arrival_ts": 1758744755580}
{"action": "recv", "src": "AU-N155", "dst": "EU-N156", "hlc": {"phys": 1758744782337, "cnt": 0, "node": "AU-N155"}, "package_id": "PKG44754", "payload": {"status": "DELIVERED"}, "sent_ts": 1758744755787, "arrival_ts": 1758744755851}
{"action": "send", "src": "EU-N156", "dst": "AU-N40", "hlc": {"phys": 1758745570717, "cnt": 0, "node": "EU-N156"}, "package_id": "PKG45564", "payload": {"status": "CREATED"}, "sent_ts": 1758745564157, "arrival_ts": 1758745564157}
{"action": "send", "src": "EU-N156", "dst": "AU-N40", "hlc": {"phys": 1758745571025, "cnt": 0, "node": "EU-N156"}, "package_id": "PKG45564", "payload": {"status": "SENT"}, "sent_ts": 1758745564465, "arrival_ts": 1758745564465}
{"action": "send", "src": "EU-N156", "dst": "AU-N40", "hlc": {"phys": 1758745571392, "cnt": 0, "node": "EU-N156"}, "package_id": "PKG45564", "payload": {"status": "IN_TRANSIT"}, "sent_ts": 1758745564832, "arrival_ts": 1758745564832}
{"action": "send", "src": "EU-N156", "dst": "AU-N40", "hlc": {"phys": 1758745571763, "cnt": 0, "node": "EU-N156"}, "package_id": "PKG45564", "payload": {"status": "RECEIVED"}, "sent_ts": 1758745565203, "arrival_ts": 1758745565203}
{"action": "send", "src": "EU-N156", "dst": "AU-N40", "hlc": {"phys": 1758745571996, "cnt": 0, "node": "EU-N156"}, "package_id": "PKG45564", "payload": {"status": "DELIVERED"}, "sent_ts": 1758745565436, "arrival_ts": 1758745565436}
{"action": "recv", "src": "AS-N4", "dst": "EU-N156", "hlc": {"phys": 1758746424292, "cnt": 0, "node": "AS-N4"}, "package_id": "PKG46414", "payload": {"status": "CREATED"}, "sent_ts": 1758746414252, "arrival_ts": 1758746414344}
{"action": "recv", "src": "AS-N4", "dst": "EU-N156", "hlc": {"phys": 1758746424598, "cnt": 0, "node": "AS-N4"}, "package_id": "PKG46414", "payload": {"status": "SENT"}, "sent_ts": 1758746414558, "arrival_ts": 1758746414716}
{"action": "recv", "src": "AS-N4", "dst": "EU-N156", "hlc": {"phys": 1758746424978, "cnt": 0, "node": "AS-N4"}, "package_id": "PKG46414", "payload": {"status": "IN_TRANSIT"}, "sent_ts": 1758746414938, "arrival_ts": 1758746414978}
{"action": "recv", "src": "AS-N4", "dst": "EU-N156", "hlc": {"phys": 1758746425209, "cnt": 0, "node": "AS-N4"}, "package_id": "PKG46414", "payload": {"status": "RECEIVED"}, "sent_ts": 1758746415169, "arrival_ts": 1758746415219}
{"action": "recv", "src": "AS-N4", "dst": "EU-N156", "hlc": {"phys": 1758746425471, "cnt": 0, "node": "AS-N4"}, "package_id": "PKG46414", "payload": {"status": "DELIVERED"}, "sent_ts": 1758746415431, "arrival_ts": 1758746415443}
{"action": "recv", "src": "AU-N43", "dst": "EU-N156", "hlc": {"phys": 1758754725008, "cnt": 0, "node": "AU-N43"}, "package_id": "PKG54699", "payload": {"status": "CREATED"}, "sent_ts": 1758754699578, "arrival_ts": 1758754699715}
{"action": "recv", "src": "AU-N43", "dst": "EU-N156", "hlc": {"phys": 1758754725368, "cnt": 0, "node": "AU-N43"}, "package_id": "PKG54699", "payload": {"status": "SENT"}, "sent_ts": 1758754699938, "arrival_ts": 1758754700044}
{"action": "recv", "src": "AU-N43", "dst": "EU-N156", "hlc": {"phys": 1758754725684, "cnt": 0, "node": "AU-N43"}, "package_id": "PKG54699", "payload": {"status": "IN_TRANSIT"}, "sent_ts": 1758754700254, "arrival_ts": 1758754700297}
{"action": "recv", "src": "AU-N43", "dst": "EU-N156", "hlc": {"phys": 1758754725949, "cnt": 0, "node": "AU-N43"}, "package_id": "PKG54699", "payload": {"status": "RECEIVED"}, "sent_ts": 1758754700519, "arrival_ts": 1758754700656}
{"action": "recv", "src": "AU-N43", "dst": "EU-N156", "hlc": {"phys": 1758754726307, "cnt": 0, "node": "AU-N43"}, "package_id": "PKG54699", "payload": {"status": "DELIVERED"}, "sent_ts": 1758754700877, "arrival_ts": 1758754700913}
{"action": "send", "src": "EU-N156", "dst": "SA-N98", "hlc": {"phys": 1758755430433, "cnt": 0, "node": "EU-N156"}, "package_id": "PKG55423", "payload": {"status": "CREATED"}, "sent_ts": 1758755423873, "arrival_ts": 1758755423873}
{"action": "send", "src": "EU-N156", "dst": "SA-N98", "hlc": {"phys": 1758755430809, "cnt": 0, "node": "EU-N156"}, "package_id": "PKG55423", "payload": {"status": "SENT"}, "sent_ts": 1758755424248, "arrival_ts": 1758755424249}
{"action": "send", "src": "EU-N156", "dst": "SA-N98", "hlc": {"phys": 1758755431201, "cnt": 0, "node": "EU-N156"}, "package_id": "PKG55423", "payload": {"status": "IN_TRANSIT"}, "sent_ts": 1758755424641, "arrival_ts": 1758755424641}
{"action": "send", "src": "EU-N156", "dst": "SA-N98", "hlc": {"phys": 1758755431571, "cnt": 0, "node": "EU-N156"}, "package_id": "PKG55423", "payload": {"status": "RECEIVED"}, "sent_ts": 1758755425011, "arrival_ts": 1758755425011}
{"action": "send", "src": "EU-N156", "dst": "SA-N98", "hlc": {"phys": 1758755431804, "cnt": 0, "node": "EU-N156"}, "package_id": "PKG55423", "payload": {"status": "DELIVERED"}, "sent_ts": 1758755425244, "arrival_ts": 1758755425244}
{"action": "recv", "src": "EU-N60", "dst": "EU-N156", "hlc": {"phys": 1758756429179, "cnt": 0, "node": "EU-N60"}, "package_id": "PKG56423", "payload": {"status": "CREATED"}, "sent_ts": 1758756423579, "arrival_ts": 1758756423699}
{"action": "recv", "src": "EU-N60", "dst": "EU-N156", "hlc": {"phys": 1758756429523, "cnt": 0, "node": "EU-N60"}, "package_id": "PKG56423", "payload": {"status": "SENT"}, "sent_ts": 1758756423923, "arrival_ts": 1758756424031}
{"action": "recv", "src": "EU-N60", "dst": "EU-N156", "hlc": {"phys": 1758756429851, "cnt": 0, "node": "EU-N60"}, "package_id": "PKG56423", "payload": {"status": "IN_TRANSIT"}, "sent_ts": 1758756424251, "arrival_ts": 1758756424345}
{"action": "recv", "src": "EU-N60", "dst": "EU-N156", "hlc": {"phys": 1758756430165, "cnt": 0, "node": "EU-N60"}, "package_id": "PKG56423", "payload": {"status": "RECEIVED"}, "sent_ts": 1758756424565, "arrival_ts": 1758756424618}
{"action": "recv", "src": "EU-N60", "dst": "EU-N156", "hlc": {"phys": 1758756430421, "cnt": 0, "node": "EU-N60"}, "package_id": "PKG56423", "payload": {"status": "DELIVERED"}, "sent_ts": 1758756424821, "arrival_ts": 1758756424884}
{"action": "recv", "src": "AF-N65", "dst": "EU-N156", "hlc": {"phys": 1758757232993, "cnt": 0, "node": "AF-N65"}, "package_id": "PKG57217", "payload": {"status": "CREATED"}, "sent_ts": 1758757217343, "arrival_ts": 1758757217407}
{"action": "recv", "src": "AF-N65", "dst": "EU-N156", "hlc": {"phys": 1758757233269, "cnt": 0, "node": "AF-N65"}, "package_id": "PKG57217", "payload": {"status": "SENT"}, "sent_ts": 1758757217619, "arrival_ts": 1758757217682}
{"action": "recv", "src": "AF-N65", "dst": "EU-N156", "hlc": {"phys": 1758757233540, "cnt": 0, "node": "AF-N65"}, "package_id": "PKG57217", "payload": {"status": "IN_TRANSIT"}, "sent_ts": 1758757217890, "arrival_ts": 1758757218028}
{"action": "recv", "src": "AF-N65", "dst": "EU-N156", "hlc": {"phys": 1758757233884, "cnt": 0, "node": "AF-N65"}, "package_id": "PKG57217", "payload": {"status": "RECEIVED"}, "sent_ts": 1758757218234, "arrival_ts": 1758757218350}
{"action": "recv", "src": "AF-N65", "dst": "EU-N156", "hlc": {"phys": 1758757234219, "cnt": 0, "node": "AF-N65"}, "package_id": "PKG57217", "payload": {"status": "DELIVERED"}, "sent_ts": 1758757218569, "arrival_ts": 1758757218618}
{"action": "send", "src": "EU-N156", "dst": "SA-N115", "hlc": {"phys": 1758759547678, "cnt": 0, "node": "EU-N156"}, "package_id": "PKG59541", "payload": {"status": "CREATED"}, "sent_ts": 1758759541118, "arrival_ts": 1758759541118}
{"action": "send", "src": "EU-N156", "dst": "SA-N115", "hlc": {"phys": 1758759547924, "cnt": 0, "node": "EU-N156"}, "package_id": "PKG59541", "payload": {"status": "SENT"}, "sent_ts": 1758759541364, "arrival_ts": 1758759541364}
{"action": "send", "src": "EU-N156", "dst": "SA-N115", "hlc": {"phys": 1758759548202, "cnt": 0, "node": "EU-N156"}, "package_id": "PKG59541", "payload": {"status": "IN_TRANSIT"}, "sent_ts": 1758759541642, "arrival_ts": 1758759541642}
{"action": "send", "src": "EU-N156", "dst": "SA-N115", "hlc": {"phys": 1758759548480, "cnt": 0, "node": "EU-N156"}, "package_id": "PKG59541", "payload": {"status": "RECEIVED"}, "sent_ts": 1758759541920, "arrival_ts": 1758759541920}
{"action": "send", "src": "EU-N156", "dst": "SA-N115", "hlc": {"phys": 1758759548741, "cnt": 0, "node": "EU-N156"}, "package_id": "PKG59541", "payload": {"status": "DELIVERED"}, "sent_ts": 1758759542181, "arrival_ts": 1758759542181}
{"action": "send", "src": "EU-N156", "dst": "AU-N180", "hlc": {"phys": 1758760484939, "cnt": 0, "node": "EU-N156"}, "package_id": "PKG60478", "payload": {"status": "CREATED"}, "sent_ts": 1758760478379, "arrival_ts": 1758760478379}
{"action": "send", "src": "EU-N156", "dst": "AU-N180", "hlc": {"phys": 1758760485313, "cnt": 0, "node": "EU-N156"}, "package_id": "PKG60478", "payload": {"status": "SENT"}, "sent_ts": 1758760478753, "arrival_ts": 1758760478753}
{"action": "send", "src": "EU-N156", "dst": "AU-N180", "hlc": {"phys": 1758760485650, "cnt": 0, "node": "EU-N156"}, "package_id": "PKG60478", "payload": {"status": "IN_TRANSIT"}, "sent_ts": 1758760479090, "arrival_ts": 1758760479090}
{"action": "send", "src": "EU-N156", "dst": "AU-N180", "hlc": {"phys": 1758760485912, "cnt": 0, "node": "EU-N156"}, "package_id": "PKG60478", "payload": {"status": "RECEIVED"}, "sent_ts": 1758760479352, "arrival_ts": 1758760479352}
{"action": "send", "src": "EU-N156", "dst": "AU-N180", "hlc": {"phys": 1758760486224, "cnt": 0, "node": "EU-N156"}, "package_id": "PKG60478", "payload": {"status": "DELIVERED"}, "sent_ts": 1758760479664, "arrival_ts": 1758760479664}
{"action": "recv", "src": "NA-N185", "dst": "EU-N156", "hlc": {"phys": 1758763978471, "cnt": 0, "node": "NA-N185"}, "package_id": "PKG63976", "payload": {"status": "CREATED"}, "sent_ts": 1758763976621, "arrival_ts": 1758763976781}
{"action": "recv", "src": "NA-N185", "dst": "EU-N156", "hlc": {"phys": 1758763978845, "cnt": 0, "node": "NA-N185"}, "package_id": "PKG63976", "payload": {"status": "SENT"}, "sent_ts": 1758763976995, "arrival_ts": 1758763977181}
{"action": "recv", "src": "NA-N185", "dst": "EU-N156", "hlc": {"phys": 1758763979234, "cnt": 0, "node": "NA-N185"}, "package_id": "PKG63976", "payload": {"status": "IN_TRANSIT"}, "sent_ts": 1758763977384, "arrival_ts": 1758763977441}
{"action": "recv", "src": "NA-N185", "dst": "EU-N156", "hlc": {"phys": 1758763979500, "cnt": 0, "node": "NA-N185"}, "package_id": "PKG63976", "payload": {"status": "RECEIVED"}, "sent_ts": 1758763977650, "arrival_ts": 1758763977731}
{"action": "recv", "src": "NA-N185", "dst": "EU-N156", "hlc": {"phys": 1758763979780, "cnt": 0, "node": "NA-N185"}, "package_id": "PKG63976", "payload": {"status": "DELIVERED"}, "sent_ts": 1758763977930, "arrival_ts": 1758763978123}
{"action": "send", "src": "EU-N156", "dst": "AU-N98", "hlc": {"phys": 1758800282507, "cnt": 0, "node": "EU-N156"}, "package_id": "PKG275", "payload": {"status": "CREATED"}, "sent_ts": 1758800275947, "arrival_ts": 1758800275947}
{"action": "send", "src": "EU-N156", "dst": "AU-N98", "hlc": {"phys": 1758800282803, "cnt": 0, "node": "EU-N156"}, "package_id": "PKG275", "payload": {"status": "SENT"}, "sent_ts": 1758800276243, "arrival_ts": 1758800276243}
{"action": "send", "src": "EU-N156", "dst": "AU-N98", "hlc": {"phys": 1758800283143, "cnt": 0, "node": "EU-N156"}, "package_id": "PKG275", "payload": {"status": "IN_TRANSIT"}, "sent_ts": 1758800276583, "arrival_ts": 1758800276583}
{"action": "send", "src": "EU-N156", "dst": "AU-N98", "hlc": {"phys": 1758800283375, "cnt": 0, "node": "EU-N156"}, "package_id": "PKG275", "payload": {"status": "RECEIVED"}, "sent_ts": 1758800276815, "arrival_ts": 1758800276815}
{"action": "send", "src": "EU-N156", "dst": "AU-N98", "hlc": {"phys": 1758800283655, "cnt": 0, "node": "EU-N156"}, "package_id": "PKG275", "payload": {"status": "DELIVERED"}, "sent_ts": 1758800277095, "arrival_ts": 1758800277095}
{"action": "recv", "src": "AN-N56", "dst": "EU-N156", "hlc": {"phys": 1758803367526, "cnt": 0, "node": "AN-N56"}, "package_id": "PKG3336", "payload": {"status": "CREATED"}, "sent_ts": 1758803336966, "arrival_ts": 1758803337047}
{"action": "recv", "src": "AN-N56", "dst": "EU-N156", "hlc": {"phys": 1758803367828, "cnt": 0, "node": "AN-N56"}, "package_id": "PKG3336", "payload": {"status": "SENT"}, "sent_ts": 1758803337268, "arrival_ts": 1758803337360}
{"action": "recv", "src": "AN-N56", "dst": "EU-N156", "hlc": {"phys": 1758803368136, "cnt": 0, "node": "AN-N56"}, "package_id": "PKG3336", "payload": {"status": "IN_TRANSIT"}, "sent_ts": 1758803337576, "arrival_ts": 1758803337756}
{"action": "recv", "src": "AN-N56", "dst": "EU-N156", "hlc": {"phys": 1758803368534, "cnt": 0, "node": "AN-N56"}, "package_id": "PKG3336", "payload": {"status": "RECEIVED"}, "sent_ts": 1758803337974, "arrival_ts": 1758803337998}
{"action": "recv", "src": "AN-N56", "dst": "EU-N156", "hlc": {"phys": 1758803368762, "cnt": 0, "node": "AN-N56"}, "package_id": "PKG3336", "payload": {"status": "DELIVERED"}, "sent_ts": 1758803338202, "arrival_ts": 1758803338313}
{"action": "send", "src": "EU-N156", "dst": "AS-N117", "hlc": {"phys": 1758812460395, "cnt": 0, "node": "EU-N156"}, "package_id": "PKG12453", "payload": {"status": "CREATED"}, "sent_ts": 1758812453835, "arrival_ts": 1758812453835}
{"action": "send", "src": "EU-N156", "dst": "AS-N117", "hlc": {"phys": 1758812460787, "cnt": 0, "node": "EU-N156"}, "package_id": "PKG12453", "payload": {"status": "SENT"}, "sent_ts": 1758812454227, "arrival_ts": 1758812454227}
{"action": "send", "src": "EU-N156", "dst": "AS-N117", "hlc": {"phys": 1758812461083, "cnt": 0, "node": "EU-N156"}, "package_id": "PKG12453", "payload": {"status": "IN_TRANSIT"}, "sent_ts": 1758812454523, "arrival_ts": 1758812454523}
{"action": "send", "src": "EU-N156", "dst": "AS-N117", "hlc": {"phys": 1758812461439, "cnt": 0, "node": "EU-N156"}, "package_id": "PKG12453", "payload": {"status": "RECEIVED"}, "sent_ts": 1758812454879, "arrival_ts": 1758812454879}
{"action": "send", "src": "EU-N156", "dst": "AS-N117", "hlc": {"phys": 1758812461751, "cnt": 0, "node": "EU-N156"}, "package_id": "PKG12453", "payload": {"status": "DELIVERED"}, "sent_ts": 1758812455191, "arrival_ts": 1758812455191}
{"action": "send", "src": "EU-N156", "dst": "AS-N193", "hlc": {"phys": 1758813113355, "cnt": 0, "node": "EU-N156"}, "package_id": "PKG13106", "payload": {"status": "CREATED"}, "sent_ts": 1758813106795, "arrival_ts": 1758813106795}
{"action": "send", "src": "EU-N156", "dst": "AS-N193", "hlc": {"phys": 1758813113713, "cnt": 0, "node": "EU-N156"}, "package_id": "PKG13106", "payload": {"status": "SENT"}, "sent_ts": 1758813107153, "arrival_ts": 1758813107153}
{"action": "send", "src": "EU-N156", "dst": "AS-N193", "hlc": {"phys": 1758813114007, "cnt": 0, "node": "EU-N156"}, "package_id": "PKG13106", "payload": {"status": "IN_TRANSIT"}, "sent_ts": 1758813107447, "arrival_ts": 1758813107447}
{"action": "send", "src": "EU-N156", "dst": "AS-N193", "hlc": {"phys": 1758813114396, "cnt": 0, "node": "EU-N156"}, "package_id": "PKG13106", "payload": {"status": "RECEIVED"}, "sent_ts": 1758813107836, "arrival_ts": 1758813107836}
{"action": "send", "src": "EU-N156", "dst": "AS-N193", "hlc": {"phys": 1758813114738, "cnt": 0, "node": "EU-N156"}, "package_id": "PKG13106", "payload": {"status": "DELIVERED"}, "sent_ts": 1758813108178, "arrival_ts": 1758813108178}
{"action": "recv", "src": "AN-N67", "dst": "EU-N156", "hlc": {"phys": 1758815082668, "cnt": 0, "node": "AN-N67"}, "package_id": "PKG15051", "payload": {"status": "CREATED"}, "sent_ts": 1758815051998, "arrival_ts": 1758815052123}
{"action": "recv", "src": "AN-N67", "dst": "EU-N156", "hlc": {"phys": 1758815083008, "cnt": 0, "node": "AN-N67"}, "package_id": "PKG15051", "payload": {"status": "SENT"}, "sent_ts": 1758815052338, "arrival_ts": 1758815052467}
{"action": "recv", "src": "AN-N67", "dst": "EU-N156", "hlc": {"phys": 1758815083334, "cnt": 0, "node": "AN-N67"}, "package_id": "PKG15051", "payload": {"status": "IN_TRANSIT"}, "sent_ts": 1758815052664, "arrival_ts": 1758815052772}
{"action": "recv", "src": "AN-N67", "dst": "EU-N156", "hlc": {"phys": 1758815083642, "cnt": 0, "node": "AN-N67"}, "package_id": "PKG15051", "payload": {"status": "RECEIVED"}, "sent_ts": 1758815052972, "arrival_ts": 1758815053040}
{"action": "recv", "src": "AN-N67", "dst": "EU-N156", "hlc": {"phys": 1758815083908, "cnt": 0, "node": "AN-N67"}, "package_id": "PKG15051", "payload": {"status": "DELIVERED"}, "sent_ts": 1758815053238, "arrival_ts": 1758815053309}
{"action": "send", "src": "EU-N156", "dst": "AS-N122", "hlc": {"phys": 1758816292758, "cnt": 0, "node": "EU-N156"}, "package_id": "PKG16286", "payload": {"status": "CREATED"}, "sent_ts": 1758816286198, "arrival_ts": 1758816286198}
{"action": "send", "src": "EU-N156", "dst": "AS-N122", "hlc": {"phys": 1758816293148, "cnt": 0, "node": "EU-N156"}, "package_id": "PKG16286", "payload": {"status": "SENT"}, "sent_ts": 1758816286588, "arrival_ts": 1758816286588}
{"action": "send", "src": "EU-N156", "dst": "AS-N122", "hlc": {"phys": 1758816293429, "cnt": 0, "node": "EU-N156"}, "package_id": "PKG16286", "payload": {"status": "IN_TRANSIT"}, "sent_ts": 1758816286869, "arrival_ts": 1758816286869}
{"action": "send", "src": "EU-N156", "dst": "AS-N122", "hlc": {"phys": 1758816293771, "cnt": 0, "node": "EU-N156"}, "package_id": "PKG16286", "payload": {"status": "RECEIVED"}, "sent_ts": 1758816287211, "arrival_ts": 1758816287211}
{"action": "send", "src": "EU-N156", "dst": "AS-N122", "hlc": {"phys": 1758816294099, "cnt": 0, "node": "EU-N156"}, "package_id": "PKG16286", "payload": {"status": "DELIVERED"}, "sent_ts": 1758816287539, "arrival_ts": 1758816287539}
{"action": "send", "src": "EU-N156", "dst": "AF-N43", "hlc": {"phys": 1758816885825, "cnt": 0, "node": "EU-N156"}, "package_id": "PKG16879", "payload": {"status": "CREATED"}, "sent_ts": 1758816879265, "arrival_ts": 1758816879265}
{"action": "send", "src": "EU-N156", "dst": "AF-N43", "hlc": {"phys": 1758816886181, "cnt": 0, "node": "EU-N156"}, "package_id": "PKG16879", "payload": {"status": "SENT"}, "sent_ts": 1758816879621, "arrival_ts": 1758816879621}
{"action": "send", "src": "EU-N156", "dst": "AF-N43", "hlc": {"phys": 1758816886427, "cnt": 0, "node": "EU-N156"}, "package_id": "PKG16879", "payload": {"status": "IN_TRANSIT"}, "sent_ts": 1758816879867, "arrival_ts": 1758816879867}
{"action": "send", "src": "EU-N156", "dst": "AF-N43", "hlc": {"phys": 1758816886744, "cnt": 0, "node": "EU-N156"}, "package_id": "PKG16879", "payload": {"status": "RECEIVED"}, "sent_ts": 1758816880184, "arrival_ts": 1758816880184}
{"action": "send", "src": "EU-N156", "dst": "AF-N43", "hlc": {"phys": 1758816887068, "cnt": 0, "node": "EU-N156"}, "package_id": "PKG16879", "payload": {"status": "DELIVERED"}, "sent_ts": 1758816880508, "arrival_ts": 1758816880508}
