{"action": "send", "src": "EU-N197", "dst": "AN-N106", "hlc": {"phys": 1758713555886, "cnt": 0, "node": "EU-N197"}, "package_id": "PKG13548", "payload": {"status": "CREATED"}, "sent_ts": 1758713548916, "arrival_ts": 1758713548916}
{"action": "send", "src": "EU-N197", "dst": "AN-N106", "hlc": {"phys": 1758713556218, "cnt": 0, "node": "EU-N197"}, "package_id": "PKG13548", "payload": {"status": "SENT"}, "sent_ts": 1758713549248, "arrival_ts": 1758713549248}
{"action": "send", "src": "EU-N197", "dst": "AN-N106", "hlc": {"phys": 1758713556490, "cnt": 0, "node": "EU-N197"}, "package_id": "PKG13548", "payload": {"status": "IN_TRANSIT"}, "sent_ts": 1758713549520, "arrival_ts": 1758713549520}
{"action": "send", "src": "EU-N197", "dst": "AN-N106", "hlc": {"phys": 1758713556776, "cnt": 0, "node": "EU-N197"}, "package_id": "PKG13548", "payload": {"status": "RECEIVED"}, "sent_ts": 1758713549806, "arrival_ts": 1758713549806}
{"action": "send", "src": "EU-N197", "dst": "AN-N106", "hlc": {"phys": 1758713557182, "cnt": 0, "node": "EU-N197"}, "package_id": "PKG13548", "payload": {"status": "DELIVERED"}, "sent_ts": 1758713550212, "arrival_ts": 1758713550212}
{"action": "recv", "src": "SA-N156", "dst": "EU-N197", "hlc": {"phys": 1758717745230, "cnt": 0, "node": "SA-N156"}, "package_id": "PKG17723", "payload": {"status": "CREATED"}, "sent_ts": 1758717723670, "arrival_ts": 1758717723787}
{"action": "recv", "src": "SA-N156", "dst": "EU-N197", "hlc": {"phys": 1758717745552, "cnt": 0, "node": "SA-N156"}, "package_id": "PKG17723", "payload": {"status": "SENT"}, "sent_ts": 1758717723992, "arrival_ts": 1758717724136}
{"action": "recv", "src": "SA-N156", "dst": "EU-N197", "hlc": {"phys": 1758717745911, "cnt": 0, "node": "SA-N156"}, "package_id": "PKG17723", "payload": {"status": "IN_TRANSIT"}, "sent_ts": 1758717724351, "arrival_ts": 1758717724432}
{"action": "recv", "src": "SA-N156", "dst": "EU-N197", "hlc": {"phys": 1758717746197, "cnt": 0, "node": "SA-N156"}, "package_id": "PKG17723", "payload": {"status": "RECEIVED"}, "sent_ts": 1758717724637, "arrival_ts": 1758717724811}
{"action": "recv", "src": "SA-N156", "dst": "EU-N197", "hlc": {"phys": 1758717746580, "cnt": 0, "node": "SA-N156"}, "package_id": "PKG17723", "payload": {"status": "DELIVERED"}, "sent_ts": 1758717725020, "arrival_ts": 1758717725179}
{"action": "recv", "src": "AU-N26", "dst": "EU-N197", "hlc": {"phys": 1758739611431, "cnt": 0, "node": "AU-N26"}, "package_id": "PKG39586", "payload": {"status": "CREATED"}, "sent_ts": 1758739586171, "arrival_ts": 1758739586316}
{"action": "recv", "src": "AU-N26", "dst": "EU-N197", "hlc": {"phys": 1758739611790, "cnt": 0, "node": "AU-N26"}, "package_id": "PKG39586", "payload": {"status": "SENT"}, "sent_ts": 1758739586530, "arrival_ts": 1758739586665}
{"action": "recv", "src": "AU-N26", "dst": "EU-N197", "hlc": {"phys": 1758739612139, "cnt": 0, "node": "AU-N26"}, "package_id": "PKG39586", "payload": {"status": "IN_TRANSIT"}, "sent_ts": 1758739586879, "arrival_ts": 1758739587075}
{"action": "recv", "src": "AU-N26", "dst": "EU-N197", "hlc": {"phys": 1758739612531, "cnt": 0, "node": "AU-N26"}, "package_id": "PKG39586", "payload": {"status": "RECEIVED"}, "sent_ts": 1758739587271, "arrival_ts": 1758739587288}
{"action": "recv", "src": "AU-N26", "dst": "EU-N197", "hlc": {"phys": 1758739612761, "cnt": 0, "node": "AU-N26"}, "package_id": "PKG39586", "payload": {"status": "DELIVERED"}, "sent_ts": 1758739587501, "arrival_ts": 1758739587664}
{"action": "recv", "src": "AU-N109", "dst": "EU-N197", "hlc": {"phys": 1758742835424, "cnt": 0, "node": "AU-N109"}, "package_id": "PKG42809", "payload": {"status": "CREATED"}, "sent_ts": 1758742809334, "arrival_ts": 1758742809382}
{"action": "recv", "src": "AU-N109", "dst": "EU-N197", "hlc": {"phys": 1758742835688, "cnt": 0, "node": "AU-N109"}, "package_id": "PKG42809", "payload": {"status": "SENT"}, "sent_ts": 1758742809598, "arrival_ts": 1758742809635}
{"action": "recv", "src": "AU-N109", "dst": "EU-N197", "hlc": {"phys": 1758742835921, "cnt": 0, "node": "AU-N109"}, "package_id": "PKG42809", "payload": {"status": "IN_TRANSIT"}, "sent_ts": 1758742809831, "arrival_ts": 1758742809938}
{"action": "recv", "src": "AU-N109", "dst": "EU-N197", "hlc": {"phys": 1758742836232, "cnt": 0, "node": "AU-N109"}, "package_id": "PKG42809", "payload": {"status": "RECEIVED"}, "sent_ts": 1758742810142, "arrival_ts": 1758742810187}
{"action": "recv", "src": "AU-N109", "dst": "EU-N197", "hlc": {"phys": 1758742836482, "cnt": 0, "node": "AU-N109"}, "package_id": "PKG42809", "payload": {"status": "DELIVERED"}, "sent_ts": 1758742810392, "arrival_ts": 1758742810414}
{"action": "send", "src": "EU-N197", "dst": "EU-N16", "hlc": {"phys": 1758746000033, "cnt": 0, "node": "EU-N197"}, "package_id": "PKG45993", "payload": {"status": "CREATED"}, "sent_ts": 1758745993063, "arrival_ts": 1758745993063}
{"action": "send", "src": "EU-N197", "dst": "EU-N16", "hlc": {"phys": 1758746000337, "cnt": 0, "node": "EU-N197"}, "package_id": "PKG45993", "payload": {"status": "SENT"}, "sent_ts": 1758745993367, "arrival_ts": 1758745993367}
{"action": "send", "src": "EU-N197", "dst": "EU-N16", "hlc": {"phys": 1758746000650, "cnt": 0, "node": "EU-N197"}, "package_id": "PKG45993", "payload": {"status": "IN_TRANSIT"}, "sent_ts": 1758745993680, "arrival_ts": 1758745993680}
{"action": "send", "src": "EU-N197", "dst": "EU-N16", "hlc": {"phys": 1758746000928, "cnt": 0, "node": "EU-N197"}, "package_id": "PKG45993", "payload": {"status": "RECEIVED"}, "sent_ts": 1758745993958, "arrival_ts": 1758745993958}
{"action": "send", "src": "EU-N197", "dst": "EU-N16", "hlc": {"phys": 1758746001298, "cnt": 0, "node": "EU-N197"}, "package_id": "PKG45993", "payload": {"status": "DELIVERED"}, "sent_ts": 1758745994328, "arrival_ts": 1758745994328}
{"action": "recv", "src": "AF-N155", "dst": "EU-N197", "hlc": {"phys": 1758746728103, "cnt": 0, "node": "AF-N155"}, "package_id": "PKG46711", "payload": {"status": "CREATED"}, "sent_ts": 1758746711553, "arrival_ts": 1758746711668}
{"action": "recv", "src": "AF-N155", "dst": "EU-N197", "hlc": {"phys": 1758746728421, "cnt": 0, "node": "AF-N155"}, "package_id": "PKG46711", "payload": {"status": "SENT"}, "sent_ts": 1758746711871, "arrival_ts": 1758746711996}
{"action": "recv", "src": "AF-N155", "dst": "EU-N197", "hlc": {"phys": 1758746728761, "cnt": 0, "node": "AF-N155"}, "package_id": "PKG46711", "payload": {"status": "IN_TRANSIT"}, "sent_ts": 1758746712211, "arrival_ts": 1758746712237}
{"action": "recv", "src": "AF-N155", "dst": "EU-N197", "hlc": {"phys": 1758746728978, "cnt": 0, "node": "AF-N155"}, "package_id": "PKG46711", "payload": {"status": "RECEIVED"}, "sent_ts": 1758746712428, "arrival_ts": 1758746712558}
{"action": "recv", "src": "AF-N155", "dst": "EU-N197", "hlc": {"phys": 1758746729306, "cnt": 0, "node": "AF-N155"}, "package_id": "PKG46711", "payload": {"status": "DELIVERED"}, "sent_ts": 1758746712756, "arrival_ts": 1758746712926}
{"action": "send", "src": "EU-N197", "dst": "AN-N42", "hlc": {"phys": 1758748476254, "cnt": 0, "node": "EU-N197"}, "package_id": "PKG48469", "payload": {"status": "CREATED"}, "sent_ts": 1758748469284, "arrival_ts": 1758748469284}
{"action": "send", "src": "EU-N197", "dst": "AN-N42", "hlc": {"phys": 1758748476511, "cnt": 0, "node": "EU-N197"}, "package_id": "PKG48469", "payload": {"status": "SENT"}, "sent_ts": 1758748469541, "arrival_ts": 1758748469541}
{"action": "send", "src": "EU-N197", "dst": "AN-N42", "hlc": {"phys": 1758748476778, "cnt": 0, "node": "EU-N197"}, "package_id": "PKG48469", "payload": {"status": "IN_TRANSIT"}, "sent_ts": 1758748469808, "arrival_ts": 1758748469808}
{"action": "send", "src": "EU-N197", "dst": "AN-N42", "hlc": {"phys": 1758748476994, "cnt": 0, "node": "EU-N197"}, "package_id": "PKG48469", "payload": {"status": "RECEIVED"}, "sent_ts": 1758748470024, "arrival_ts": 1758748470024}
{"action": "send", "src": "EU-N197", "dst": "AN-N42", "hlc": {"phys": 1758748477305, "cnt": 0, "node": "EU-N197"}, "package_id": "PKG48469", "payload": {"status": "DELIVERED"}, "sent_ts": 1758748470335, "arrival_ts": 1758748470335}
{"action": "recv", "src": "AU-N70", "dst": "EU-N197", "hlc": {"phys": 1758752435392, "cnt": 0, "node": "AU-N70"}, "package_id": "PKG52409", "payload": {"status": "CREATED"}, "sent_ts": 1758752409692, "arrival_ts": 1758752409841}
{"action": "recv", "src": "AU-N70", "dst": "EU-N197", "hlc": {"phys": 1758752435752, "cnt": 0, "node": "AU-N70"}, "package_id": "PKG52409", "payload": {"status": "SENT"}, "sent_ts": 1758752410052, "arrival_ts": 1758752410198}
{"action": "recv", "src": "AU-N70", "dst": "EU-N197", "hlc": {"phys": 1758752436111, "cnt": 0, "node": "AU-N70"}, "package_id": "PKG52409", "payload": {"status": "IN_TRANSIT"}, "sent_ts": 1758752410411, "arrival_ts": 1758752410609}
{"action": "recv", "src": "AU-N70", "dst": "EU-N197", "hlc": {"phys": 1758752436533, "cnt": 0, "node": "AU-N70"}, "package_id": "PKG52409", "payload": {"status": "RECEIVED"}, "sent_ts": 1758752410833, "arrival_ts": 1758752411020}
{"action": "recv", "src": "AU-N70", "dst": "EU-N197", "hlc": {"phys": 1758752436932, "cnt": 0, "node": "AU-N70"}, "package_id": "PKG52409", "payload": {"status": "DELIVERED"}, "sent_ts": 1758752411232, "arrival_ts": 1758752411363}
{"action": "send", "src": "EU-N197", "dst": "AF-N73", "hlc": {"phys": 1758754526914, "cnt": 0, "node": "EU-N197"}, "package_id": "PKG54519", "payload": {"status": "CREATED"}, "sent_ts": 1758754519944, "arrival_ts": 1758754519944}
{"action": "send", "src": "EU-N197", "dst": "AF-N73", "hlc": {"phys": 1758754527154, "cnt": 0, "node": "EU-N197"}, "package_id": "PKG54519", "payload": {"status": "SENT"}, "sent_ts": 1758754520184, "arrival_ts": 1758754520184}
{"action": "send", "src": "EU-N197", "dst": "AF-N73", "hlc": {"phys": 1758754527407, "cnt": 0, "node": "EU-N197"}, "package_id": "PKG54519", "payload": {"status": "IN_TRANSIT"}, "sent_ts": 1758754520437, "arrival_ts": 1758754520437}
{"action": "send", "src": "EU-N197", "dst": "AF-N73", "hlc": {"phys": 1758754527755, "cnt": 0, "node": "EU-N197"}, "package_id": "PKG54519", "payload": {"status": "RECEIVED"}, "sent_ts": 1758754520785, "arrival_ts": 1758754520785}
{"action": "send", "src": "EU-N197", "dst": "AF-N73", "hlc": {"phys": 1758754528009, "cnt": 0, "node": "EU-N197"}, "package_id": "PKG54519", "payload": {"status": "DELIVERED"}, "sent_ts": 1758754521039, "arrival_ts": 1758754521039}
{"action": "recv", "src": "AS-N152", "dst": "EU-N197", "hlc": {"phys": 1758755158990, "cnt": 0, "node": "AS-N152"}, "package_id": "PKG55147", "payload": {"status": "CREATED"}, "sent_ts": 1758755147470, "arrival_ts": 1758755147535}
{"action": "recv", "src": "AS-N152", "dst": "EU-N197", "hlc": {"phys": 1758755159261, "cnt": 0, "node": "AS-N152"}, "package_id": "PKG55147", "payload": {"status": "SENT"}, "sent_ts": 1758755147741, "arrival_ts": 1758755147841}
{"action": "recv", "src": "AS-N152", "dst": "EU-N197", "hlc": {"phys": 1758755159581, "cnt": 0, "node": "AS-N152"}, "package_id": "PKG55147", "payload": {"status": "IN_TRANSIT"}, "sent_ts": 1758755148061, "arrival_ts": 1758755148142}
{"action": "recv", "src": "AS-N152", "dst": "EU-N197", "hlc": {"phys": 1758755159872, "cnt": 0, "node": "AS-N152"}, "package_id": "PKG55147", "payload": {"status": "RECEIVED"}, "sent_ts": 1758755148352, "arrival_ts": 1758755148398}
{"action": "recv", "src": "AS-N152", "dst": "EU-N197", "hlc": {"phys": 1758755160113, "cnt": 0, "node": "AS-N152"}, "package_id": "PKG55147", "payload": {"status": "DELIVERED"}, "sent_ts": 1758755148593, "arrival_ts": 1758755148655}
{"action": "send", "src": "EU-N197", "dst": "EU-N144", "hlc": {"phys": 1758758437265, "cnt": 0, "node": "EU-N197"}, "package_id": "PKG58430", "payload": {"status": "CREATED"}, "sent_ts": 1758758430295, "arrival_ts": 1758758430295}
{"action": "send", "src": "EU-N197", "dst": "EU-N144", "hlc": {"phys": 1758758437574, "cnt": 0, "node": "EU-N197"}, "package_id": "PKG58430", "payload": {"status": "SENT"}, "sent_ts": 1758758430604, "arrival_ts": 1758758430604}
{"action": "send", "src": "EU-N197", "dst": "EU-N144", "hlc": {"phys": 1758758437838, "cnt": 0, "node": "EU-N197"}, "package_id": "PKG58430", "payload": {"status": "IN_TRANSIT"}, "sent_ts": 1758758430868, "arrival_ts": 1758758430868}
{"action": "send", "src": "EU-N197", "dst": "EU-N144", "hlc": {"phys": 1758758438120, "cnt": 0, "node": "EU-N197"}, "package_id": "PKG58430", "payload": {"status": "RECEIVED"}, "sent_ts": 1758758431149, "arrival_ts": 1758758431150}
{"action": "send", "src": "EU-N197", "dst": "EU-N144", "hlc": {"phys": 1758758438337, "cnt": 0, "node": "EU-N197"}, "package_id": "PKG58430", "payload": {"status": "DELIVERED"}, "sent_ts": 1758758431367, "arrival_ts": 1758758431367}
{"action": "send", "src": "EU-N197", "dst": "AF-N97", "hlc": {"phys": 1758758995808, "cnt": 0, "node": "EU-N197"}, "package_id": "PKG58988", "payload": {"status": "CREATED"}, "sent_ts": 1758758988838, "arrival_ts": 1758758988838}
{"action": "send", "src": "EU-N197", "dst": "AF-N97", "hlc": {"phys": 1758758996150, "cnt": 0, "node": "EU-N197"}, "package_id": "PKG58988", "payload": {"status": "SENT"}, "sent_ts": 1758758989180, "arrival_ts": 1758758989180}
{"action": "send", "src": "EU-N197", "dst": "AF-N97", "hlc": {"phys": 1758758996521, "cnt": 0, "node": "EU-N197"}, "package_id": "PKG58988", "payload": {"status": "IN_TRANSIT"}, "sent_ts": 1758758989551, "arrival_ts": 1758758989551}
{"action": "send", "src": "EU-N197", "dst": "AF-N97", "hlc": {"phys": 1758758996755, "cnt": 0, "node": "EU-N197"}, "package_id": "PKG58988", "payload": {"status": "RECEIVED"}, "sent_ts": 1758758989785, "arrival_ts": 1758758989785}
{"action": "send", "src": "EU-N197", "dst": "AF-N97", "hlc": {"phys": 1758758997066, "cnt": 0, "node": "EU-N197"}, "package_id": "PKG58988", "payload": {"status": "DELIVERED"}, "sent_ts": 1758758990096, "arrival_ts": 1758758990096}
{"action": "recv", "src": "SA-N114", "dst": "EU-N197", "hlc": {"phys": 1758761380642, "cnt": 0, "node": "SA-N114"}, "package_id": "PKG61359", "payload": {"status": "CREATED"}, "sent_ts": 1758761359502, "arrival_ts": 1758761359694}
{"action": "recv", "src": "SA-N114", "dst": "EU-N197", "hlc": {"phys": 1758761381036, "cnt": 0, "node": "SA-N114"}, "package_id": "PKG61359", "payload": {"status": "SENT"}, "sent_ts": 1758761359896, "arrival_ts": 1758761360051}
{"action": "recv", "src": "SA-N114", "dst": "EU-N197", "hlc": {"phys": 1758761381400, "cnt": 0, "node": "SA-N114"}, "package_id": "PKG61359", "payload": {"status": "IN_TRANSIT"}, "sent_ts": 1758761360260, "arrival_ts": 1758761360383}
{"action": "recv", "src": "SA-N114", "dst": "EU-N197", "hlc": {"phys": 1758761381733, "cnt": 0, "node": "SA-N114"}, "package_id": "PKG61359", "payload": {"status": "RECEIVED"}, "sent_ts": 1758761360593, "arrival_ts": 1758761360740}
{"action": "recv", "src": "SA-N114", "dst": "EU-N197", "hlc": {"phys": 1758761382100, "cnt": 0, "node": "SA-N114"}, "package_id": "PKG61359", "payload": {"status": "DELIVERED"}, "sent_ts": 1758761360960, "arrival_ts": 1758761361100}
{"action": "send", "src": "EU-N197", "dst": "AF-N135", "hlc": {"phys": 1758761525008, "cnt": 0, "node": "EU-N197"}, "package_id": "PKG61518", "payload": {"status": "CREATED"}, "sent_ts": 1758761518038, "arrival_ts": 1758761518038}
{"action": "send", "src": "EU-N197", "dst": "AF-N135", "hlc": {"phys": 1758761525248, "cnt": 0, "node": "EU-N197"}, "package_id": "PKG61518", "payload": {"status": "SENT"}, "sent_ts": 1758761518278, "arrival_ts": 1758761518278}
{"action": "send", "src": "EU-N197", "dst": "AF-N135", "hlc": {"phys": 1758761525536, "cnt": 0, "node": "EU-N197"}, "package_id": "PKG61518", "payload": {"status": "IN_TRANSIT"}, "sent_ts": 1758761518566, "arrival_ts": 1758761518566}
{"action": "send", "src": "EU-N197", "dst": "AF-N135", "hlc": {"phys": 1758761525843, "cnt": 0, "node": "EU-N197"}, "package_id": "PKG61518", "payload": {"status": "RECEIVED"}, "sent_ts": 1758761518873, "arrival_ts": 1758761518873}
{"action": "send", "src": "EU-N197", "dst": "AF-N135", "hlc": {"phys": 1758761526225, "cnt": 0, "node": "EU-N197"}, "package_id": "PKG61518", "payload": {"status": "DELIVERED"}, "sent_ts": 1758761519255, "arrival_ts": 1758761519255}
{"action": "recv", "src": "EU-N53", "dst": "EU-N197", "hlc": {"phys": 1758764845862, "cnt": 0, "node": "EU-N53"}, "package_id": "PKG64840", "payload": {"status": "CREATED"}, "sent_ts": 1758764840332, "arrival_ts": 1758764840363}
{"action": "recv", "src": "EU-N53", "dst": "EU-N197", "hlc": {"phys": 1758764846085, "cnt": 0, "node": "EU-N53"}, "package_id": "PKG64840", "payload": {"status": "SENT"}, "sent_ts": 1758764840555, "arrival_ts": 1758764840710}
{"action": "recv", "src": "EU-N53", "dst": "EU-N197", "hlc": {"phys": 1758764846453, "cnt": 0, "node": "EU-N53"}, "package_id": "PKG64840", "payload": {"status": "IN_TRANSIT"}, "sent_ts": 1758764840923, "arrival_ts": 1758764840999}
{"action": "recv", "src": "EU-N53", "dst": "EU-N197", "hlc": {"phys": 1758764846722, "cnt": 0, "node": "EU-N53"}, "package_id": "PKG64840", "payload": {"status": "RECEIVED"}, "sent_ts": 1758764841192, "arrival_ts": 1758764841386}
{"action": "recv", "src": "EU-N53", "dst": "EU-N197", "hlc": {"phys": 1758764847118, "cnt": 0, "node": "EU-N53"}, "package_id": "PKG64840", "payload": {"status": "DELIVERED"}, "sent_ts": 1758764841588, "arrival_ts": 1758764841682}
{"action": "send", "src": "EU-N197", "dst": "AN-N188", "hlc": {"phys": 1758802817809, "cnt": 0, "node": "EU-N197"}, "package_id": "PKG2810", "payload": {"status": "CREATED"}, "sent_ts": 1758802810839, "arrival_ts": 1758802810839}
{"action": "send", "src": "EU-N197", "dst": "AN-N188", "hlc": {"phys": 1758802818105, "cnt": 0, "node": "EU-N197"}, "package_id": "PKG2810", "payload": {"status": "SENT"}, "sent_ts": 1758802811135, "arrival_ts": 1758802811135}
{"action": "send", "src": "EU-N197", "dst": "AN-N188", "hlc": {"phys": 1758802818386, "cnt": 0, "node": "EU-N197"}, "package_id": "PKG2810", "payload": {"status": "IN_TRANSIT"}, "sent_ts": 1758802811416, "arrival_ts": 1758802811416}
{"action": "send", "src": "EU-N197", "dst": "AN-N188", "hlc": {"phys": 1758802818675, "cnt": 0, "node": "EU-N197"}, "package_id": "PKG2810", "payload": {"status": "RECEIVED"}, "sent_ts": 1758802811705, "arrival_ts": 1758802811705}
{"action": "send", "src": "EU-N197", "dst": "AN-N188", "hlc": {"phys": 1758802818952, "cnt": 0, "node": "EU-N197"}, "package_id": "PKG2810", "payload": {"status": "DELIVERED"}, "sent_ts": 1758802811982, "arrival_ts": 1758802811982}
{"action": "recv", "src": "AS-N51", "dst": "EU-N197", "hlc": {"phys": 1758803380888, "cnt": 0, "node": "AS-N51"}, "package_id": "PKG3370", "payload": {"status": "CREATED"}, "sent_ts": 1758803370378, "arrival_ts": 1758803370581}
{"action": "recv", "src": "AS-N51", "dst": "EU-N197", "hlc": {"phys": 1758803381308, "cnt": 0, "node": "AS-N51"}, "package_id": "PKG3370", "payload": {"status": "SENT"}, "sent_ts": 1758803370798, "arrival_ts": 1758803370963}
{"action": "recv", "src": "AS-N51", "dst": "EU-N197", "hlc": {"phys": 1758803381675, "cnt": 0, "node": "AS-N51"}, "package_id": "PKG3370", "payload": {"status": "IN_TRANSIT"}, "sent_ts": 1758803371165, "arrival_ts": 1758803371277}
{"action": "recv", "src": "AS-N51", "dst": "EU-N197", "hlc": {"phys": 1758803381998, "cnt": 0, "node": "AS-N51"}, "package_id": "PKG3370", "payload": {"status": "RECEIVED"}, "sent_ts": 1758803371488, "arrival_ts": 1758803371644}
{"action": "recv", "src": "AS-N51", "dst": "EU-N197", "hlc": {"phys": 1758803382364, "cnt": 0, "node": "AS-N51"}, "package_id": "PKG3370", "payload": {"status": "DELIVERED"}, "sent_ts": 1758803371854, "arrival_ts": 1758803372056}
{"action": "recv", "src": "SA-N74", "dst": "EU-N197", "hlc": {"phys": 1758803582098, "cnt": 0, "node": "SA-N74"}, "package_id": "PKG3561", "payload": {"status": "CREATED"}, "sent_ts": 1758803561358, "arrival_ts": 1758803561490}
{"action": "recv", "src": "SA-N74", "dst": "EU-N197", "hlc": {"phys": 1758803582434, "cnt": 0, "node": "SA-N74"}, "package_id": "PKG3561", "payload": {"status": "SENT"}, "sent_ts": 1758803561694, "arrival_ts": 1758803561837}
{"action": "recv", "src": "SA-N74", "dst": "EU-N197", "hlc": {"phys": 1758803582773, "cnt": 0, "node": "SA-N74"}, "package_id": "PKG3561", "payload": {"status": "IN_TRANSIT"}, "sent_ts": 1758803562033, "arrival_ts": 1758803562129}
{"action": "recv", "src": "SA-N74", "dst": "EU-N197", "hlc": {"phys": 1758803583088, "cnt": 0, "node": "SA-N74"}, "package_id": "PKG3561", "payload": {"status": "RECEIVED"}, "sent_ts": 1758803562348, "arrival_ts": 1758803562398}
{"action": "recv", "src": "SA-N74", "dst": "EU-N197", "hlc": {"phys": 1758803583344, "cnt": 0, "node": "SA-N74"}, "package_id": "PKG3561", "payload": {"status": "DELIVERED"}, "sent_ts": 1758803562604, "arrival_ts": 1758803562685}
{"action": "send", "src": "EU-N197", "dst": "AF-N162", "hlc": {"phys": 1758804241502, "cnt": 0, "node": "EU-N197"}, "package_id": "PKG4234", "payload": {"status": "CREATED"}, "sent_ts": 1758804234532, "arrival_ts": 1758804234532}
{"action": "send", "src": "EU-N197", "dst": "AF-N162", "hlc": {"phys": 1758804241822, "cnt": 0, "node": "EU-N197"}, "package_id": "PKG4234", "payload": {"status": "SENT"}, "sent_ts": 1758804234852, "arrival_ts": 1758804234852}
{"action": "send", "src": "EU-N197", "dst": "AF-N162", "hlc": {"phys": 1758804242155, "cnt": 0, "node": "EU-N197"}, "package_id": "PKG4234", "payload": {"status": "IN_TRANSIT"}, "sent_ts": 1758804235185, "arrival_ts": 1758804235185}
{"action": "send", "src": "EU-N197", "dst": "AF-N162", "hlc": {"phys": 1758804242375, "cnt": 0, "node": "EU-N197"}, "package_id": "PKG4234", "payload": {"status": "RECEIVED"}, "sent_ts": 1758804235405, "arrival_ts": 1758804235405}
{"action": "send", "src": "EU-N197", "dst": "AF-N162", "hlc": {"phys": 1758804242658, "cnt": 0, "node": "EU-N197"}, "package_id": "PKG4234", "payload": {"status": "DELIVERED"}, "sent_ts": 1758804235688, "arrival_ts": 1758804235688}
{"action": "send", "src": "EU-N197", "dst": "EU-N75", "hlc": {"phys": 1758804509446, "cnt": 0, "node": "EU-N197"}, "package_id": "PKG4502", "payload": {"status": "CREATED"}, "sent_ts": 1758804502476, "arrival_ts": 1758804502476}
{"action": "send", "src": "EU-N197", "dst": "EU-N75", "hlc": {"phys": 1758804509748, "cnt": 0, "node": "EU-N197"}, "package_id": "PKG4502", "payload": {"status": "SENT"}, "sent_ts": 1758804502778, "arrival_ts": 1758804502778}
{"action": "send", "src": "EU-N197", "dst": "EU-N75", "hlc": {"phys": 1758804509974, "cnt": 0, "node": "EU-N197"}, "package_id": "PKG4502", "payload": {"status": "IN_TRANSIT"}, "sent_ts": 1758804503004, "arrival_ts": 1758804503004}
{"action": "send", "src": "EU-N197", "dst": "EU-N75", "hlc": {"phys": 1758804510270, "cnt": 0, "node": "EU-N197"}, "package_id": "PKG4502", "payload": {"status": "RECEIVED"}, "sent_ts": 1758804503300, "arrival_ts": 1758804503300}
{"action": "send", "src": "EU-N197", "dst": "EU-N75", "hlc": {"phys": 1758804510505, "cnt": 0, "node": "EU-N197"}, "package_id": "PKG4502", "payload": {"status": "DELIVERED"}, "sent_ts": 1758804503535, "arrival_ts": 1758804503535}
{"action": "recv", "src": "NA-N46", "dst": "EU-N197", "hlc": {"phys": 1758811762268, "cnt": 0, "node": "NA-N46"}, "package_id": "PKG11761", "payload": {"status": "CREATED"}, "sent_ts": 1758811761808, "arrival_ts": 1758811761864}
{"action": "recv", "src": "NA-N46", "dst": "EU-N197", "hlc": {"phys": 1758811762574, "cnt": 0, "node": "NA-N46"}, "package_id": "PKG11761", "payload": {"status": "SENT"}, "sent_ts": 1758811762114, "arrival_ts": 1758811762158}
{"action": "recv", "src": "NA-N46", "dst": "EU-N197", "hlc": {"phys": 1758811762825, "cnt": 0, "node": "NA-N46"}, "package_id": "PKG11761", "payload": {"status": "IN_TRANSIT"}, "sent_ts": 1758811762365, "arrival_ts": 1758811762486}
{"action": "recv", "src": "NA-N46", "dst": "EU-N197", "hlc": {"phys": 1758811763149, "cnt": 0, "node": "NA-N46"}, "package_id": "PKG11761", "payload": {"status": "RECEIVED"}, "sent_ts": 1758811762689, "arrival_ts": 1758811762727}
{"action": "recv", "src": "NA-N46", "dst": "EU-N197", "hlc": {"phys": 1758811763383, "cnt": 0, "node": "NA-N46"}, "package_id": "PKG11761", "payload": {"status": "DELIVERED"}, "sent_ts": 1758811762923, "arrival_ts": 1758811762978}
{"action": "send", "src": "EU-N197", "dst": "AF-N14", "hlc": {"phys": 1758812004589, "cnt": 0, "node": "EU-N197"}, "package_id": "PKG11997", "payload": {"status": "CREATED"}, "sent_ts": 1758811997619, "arrival_ts": 1758811997619}
{"action": "send", "src": "EU-N197", "dst": "AF-N14", "hlc": {"phys": 1758812004959, "cnt": 0, "node": "EU-N197"}, "package_id": "PKG11997", "payload": {"status": "SENT"}, "sent_ts": 1758811997989, "arrival_ts": 1758811997989}
{"action": "send", "src": "EU-N197", "dst": "AF-N14", "hlc": {"phys": 1758812005337, "cnt": 0, "node": "EU-N197"}, "package_id": "PKG11997", "payload": {"status": "IN_TRANSIT"}, "sent_ts": 1758811998367, "arrival_ts": 1758811998367}
{"action": "send", "src": "EU-N197", "dst": "AF-N14", "hlc": {"phys": 1758812005660, "cnt": 0, "node": "EU-N197"}, "package_id": "PKG11997", "payload": {"status": "RECEIVED"}, "sent_ts": 1758811998690, "arrival_ts": 1758811998690}
{"action": "send", "src": "EU-N197", "dst": "AF-N14", "hlc": {"phys": 1758812005955, "cnt": 0, "node": "EU-N197"}, "package_id": "PKG11997", "payload": {"status": "DELIVERED"}, "sent_ts": 1758811998985, "arrival_ts": 1758811998985}
{"action": "send", "src": "EU-N197", "dst": "AN-N91", "hlc": {"phys": 1758812613297, "cnt": 0, "node": "EU-N197"}, "package_id": "PKG12606", "payload": {"status": "CREATED"}, "sent_ts": 1758812606327, "arrival_ts": 1758812606327}
{"action": "send", "src": "EU-N197", "dst": "AN-N91", "hlc": {"phys": 1758812613640, "cnt": 0, "node": "EU-N197"}, "package_id": "PKG12606", "payload": {"status": "SENT"}, "sent_ts": 1758812606670, "arrival_ts": 1758812606670}
{"action": "send", "src": "EU-N197", "dst": "AN-N91", "hlc": {"phys": 1758812614041, "cnt": 0, "node": "EU-N197"}, "package_id": "PKG12606", "payload": {"status": "IN_TRANSIT"}, "sent_ts": 1758812607071, "arrival_ts": 1758812607071}
{"action": "send", "src": "EU-N197", "dst": "AN-N91", "hlc": {"phys": 1758812614366, "cnt": 0, "node": "EU-N197"}, "package_id": "PKG12606", "payload": {"status": "RECEIVED"}, "sent_ts": 1758812607396, "arrival_ts": 1758812607396}
{"action": "send", "src": "EU-N197", "dst": "AN-N91", "hlc": {"phys": 1758812614736, "cnt": 0, "node": "EU-N197"}, "package_id": "PKG12606", "payload": {"status": "DELIVERED"}, "sent_ts": 1758812607766, "arrival_ts": 1758812607766}
{"action": "recv", "src": "SA-N29", "dst": "EU-N197", "hlc": {"phys": 1758813176280, "cnt": 0, "node": "SA-N29"}, "package_id": "PKG13155", "payload": {"status": "CREATED"}, "sent_ts": 1758813155990, "arrival_ts": 1758813156072}
{"action": "recv", "src": "SA-N29", "dst": "EU-N197", "hlc": {"phys": 1758813176559, "cnt": 0, "node": "SA-N29"}, "package_id": "PKG13155", "payload": {"status": "SENT"}, "sent_ts": 1758813156269, "arrival_ts": 1758813156339}
{"action": "recv", "src": "SA-N29", "dst": "EU-N197", "hlc": {"phys": 1758813176824, "cnt": 0, "node": "SA-N29"}, "package_id": "PKG13155", "payload": {"status": "IN_TRANSIT"}, "sent_ts": 1758813156534, "arrival_ts": 1758813156622}
{"action": "recv", "src": "SA-N29", "dst": "EU-N197", "hlc": {"phys": 1758813177105, "cnt": 0, "node": "SA-N29"}, "package_id": "PKG13155", "payload": {"status": "RECEIVED"}, "sent_ts": 1758813156815, "arrival_ts": 1758813156894}
{"action": "recv", "src": "SA-N29", "dst": "EU-N197", "hlc": {"phys": 1758813177385, "cnt": 0, "node": "SA-N29"}, "package_id": "PKG13155", "payload": {"status": "DELIVERED"}, "sent_ts": 1758813157095, "arrival_ts": 1758813157260}
{"action": "send", "src": "EU-N197", "dst": "AN-N170", "hlc": {"phys": 1758813699470, "cnt": 0, "node": "EU-N197"}, "package_id": "PKG13692", "payload": {"status": "CREATED"}, "sent_ts": 1758813692500, "arrival_ts": 1758813692500}
{"action": "send", "src": "EU-N197", "dst": "AN-N170", "hlc": {"phys": 1758813699731, "cnt": 0, "node": "EU-N197"}, "package_id": "PKG13692", "payload": {"status": "SENT"}, "sent_ts": 1758813692761, "arrival_ts": 1758813692761}
{"action": "send", "src": "EU-N197", "dst": "AN-N170", "hlc": {"phys": 1758813700089, "cnt": 0, "node": "EU-N197"}, "package_id": "PKG13692", "payload": {"status": "IN_TRANSIT"}, "sent_ts": 1758813693119, "arrival_ts": 1758813693119}
{"action": "send", "src": "EU-N197", "dst": "AN-N170", "hlc": {"phys": 1758813700457, "cnt": 0, "node": "EU-N197"}, "package_id": "PKG13692", "payload": {"status": "RECEIVED"}, "sent_ts": 1758813693487, "arrival_ts": 1758813693487}
{"action": "send", "src": "EU-N197", "dst": "AN-N170", "hlc": {"phys": 1758813700826, "cnt": 0, "node": "EU-N197"}, "package_id": "PKG13692", "payload": {"status": "DELIVERED"}, "sent_ts": 1758813693856, "arrival_ts": 1758813693856}
{"action": "send", "src": "EU-N197", "dst": "SA-N34", "hlc": {"phys": 1758814420291, "cnt": 0, "node": "EU-N197"}, "package_id": "PKG14413", "payload": {"status": "CREATED"}, "sent_ts": 1758814413321, "arrival_ts": 1758814413321}
{"action": "send", "src": "EU-N197", "dst": "SA-N34", "hlc": {"phys": 1758814420590, "cnt": 0, "node": "EU-N197"}, "package_id": "PKG14413", "payload": {"status": "SENT"}, "sent_ts": 1758814413620, "arrival_ts": 1758814413620}
{"action": "send", "src": "EU-N197", "dst": "SA-N34", "hlc": {"phys": 1758814420809, "cnt": 0, "node": "EU-N197"}, "package_id": "PKG14413", "payload": {"status": "IN_TRANSIT"}, "sent_ts": 1758814413839, "arrival_ts": 1758814413839}
{"action": "send", "src": "EU-N197", "dst": "SA-N34", "hlc": {"phys": 1758814421072, "cnt": 0, "node": "EU-N197"}, "package_id": "PKG14413", "payload": {"status": "RECEIVED"}, "sent_ts": 1758814414102, "arrival_ts": 1758814414102}
{"action": "send", "src": "EU-N197", "dst": "SA-N34", "hlc": {"phys": 1758814421428, "cnt": 0, "node": "EU-N197"}, "package_id": "PKG14413", "payload": {"status": "DELIVERED"}, "sent_ts": 1758814414458, "arrival_ts": 1758814414458}
