{"action": "send", "src": "EU-N81", "dst": "AF-N80", "hlc": {"phys": 1758718441617, "cnt": 0, "node": "EU-N81"}, "package_id": "PKG18435", "payload": {"status": "CREATED"}, "sent_ts": 1758718435807, "arrival_ts": 1758718435807}
{"action": "send", "src": "EU-N81", "dst": "AF-N80", "hlc": {"phys": 1758718441897, "cnt": 0, "node": "EU-N81"}, "package_id": "PKG18435", "payload": {"status": "SENT"}, "sent_ts": 1758718436087, "arrival_ts": 1758718436087}
{"action": "send", "src": "EU-N81", "dst": "AF-N80", "hlc": {"phys": 1758718442195, "cnt": 0, "node": "EU-N81"}, "package_id": "PKG18435", "payload": {"status": "IN_TRANSIT"}, "sent_ts": 1758718436385, "arrival_ts": 1758718436385}
{"action": "send", "src": "EU-N81", "dst": "AF-N80", "hlc": {"phys": 1758718442450, "cnt": 0, "node": "EU-N81"}, "package_id": "PKG18435", "payload": {"status": "RECEIVED"}, "sent_ts": 1758718436640, "arrival_ts": 1758718436640}
{"action": "send", "src": "EU-N81", "dst": "AF-N80", "hlc": {"phys": 1758718442831, "cnt": 0, "node": "EU-N81"}, "package_id": "PKG18435", "payload": {"status": "DELIVERED"}, "sent_ts": 1758718437021, "arrival_ts": 1758718437021}
{"action": "recv", "src": "AN-N148", "dst": "EU-N81", "hlc": {"phys": 1758743154730, "cnt": 0, "node": "AN-N148"}, "package_id": "PKG43123", "payload": {"status": "CREATED"}, "sent_ts": 1758743123250, "arrival_ts": 1758743123336}
{"action": "recv", "src": "AN-N148", "dst": "EU-N81", "hlc": {"phys": 1758743155010, "cnt": 0, "node": "AN-N148"}, "package_id": "PKG43123", "payload": {"status": "SENT"}, "sent_ts": 1758743123530, "arrival_ts": 1758743123582}
{"action": "recv", "src": "AN-N148", "dst": "EU-N81", "hlc": {"phys": 1758743155273, "cnt": 0, "node": "AN-N148"}, "package_id": "PKG43123", "payload": {"status": "IN_TRANSIT"}, "sent_ts": 1758743123793, "arrival_ts": 1758743123869}
{"action": "recv", "src": "AN-N148", "dst": "EU-N81", "hlc": {"phys": 1758743155551, "cnt": 0, "node": "AN-N148"}, "package_id": "PKG43123", "payload": {"status": "RECEIVED"}, "sent_ts": 1758743124071, "arrival_ts": 1758743124174}
{"action": "recv", "src": "AN-N148", "dst": "EU-N81", "hlc": {"phys": 1758743155862, "cnt": 0, "node": "AN-N148"}, "package_id": "PKG43123", "payload": {"status": "DELIVERED"}, "sent_ts": 1758743124382, "arrival_ts": 1758743124500}
{"action": "recv", "src": "EU-N188", "dst": "EU-N81", "hlc": {"phys": 1758743451096, "cnt": 0, "node": "EU-N188"}, "package_id": "PKG43444", "payload": {"status": "CREATED"}, "sent_ts": 1758743444216, "arrival_ts": 1758743444317}
{"action": "recv", "src": "EU-N188", "dst": "EU-N81", "hlc": {"phys": 1758743451411, "cnt": 0, "node": "EU-N188"}, "package_id": "PKG43444", "payload": {"status": "SENT"}, "sent_ts": 1758743444531, "arrival_ts": 1758743444706}
{"action": "recv", "src": "EU-N188", "dst": "EU-N81", "hlc": {"phys": 1758743451787, "cnt": 0, "node": "EU-N188"}, "package_id": "PKG43444", "payload": {"status": "IN_TRANSIT"}, "sent_ts": 1758743444907, "arrival_ts": 1758743444924}
{"action": "recv", "src": "EU-N188", "dst": "EU-N81", "hlc": {"phys": 1758743452011, "cnt": 0, "node": "EU-N188"}, "package_id": "PKG43444", "payload": {"status": "RECEIVED"}, "sent_ts": 1758743445131, "arrival_ts": 1758743445249}
{"action": "recv", "src": "EU-N188", "dst": "EU-N81", "hlc": {"phys": 1758743452351, "cnt": 0, "node": "EU-N188"}, "package_id": "PKG43444", "payload": {"status": "DELIVERED"}, "sent_ts": 1758743445471, "arrival_ts": 1758743445507}
{"action": "recv", "src": "NA-N169", "dst": "EU-N81", "hlc": {"phys": 1758744719873, "cnt": 0, "node": "NA-N169"}, "package_id": "PKG44718", "payload": {"status": "CREATED"}, "sent_ts": 1758744718183, "arrival_ts": 1758744718284}
{"action": "recv", "src": "NA-N169", "dst": "EU-N81", "hlc": {"phys": 1758744720182, "cnt": 0, "node": "NA-N169"}, "package_id": "PKG44718", "payload": {"status": "SENT"}, "sent_ts": 1758744718492, "arrival_ts": 1758744718653}
{"action": "recv", "src": "NA-N169", "dst": "EU-N81", "hlc": {"phys": 1758744720535, "cnt": 0, "node": "NA-N169"}, "package_id": "PKG44718", "payload": {"status": "IN_TRANSIT"}, "sent_ts": 1758744718845, "arrival_ts": 1758744718994}
{"action": "recv", "src": "NA-N169", "dst": "EU-N81", "hlc": {"phys": 1758744720875, "cnt": 0, "node": "NA-N169"}, "package_id": "PKG44718", "payload": {"status": "RECEIVED"}, "sent_ts": 1758744719185, "arrival_ts": 1758744719207}
{"action": "recv", "src": "NA-N169", "dst": "EU-N81", "hlc": {"phys": 1758744721106, "cnt": 0, "node": "NA-N169"}, "package_id": "PKG44718", "payload": {"status": "DELIVERED"}, "sent_ts": 1758744719416, "arrival_ts": 1758744719507}
{"action": "send", "src": "EU-N81", "dst": "EU-N168", "hlc": {"phys": 1758748252686, "cnt": 0, "node": "EU-N81"}, "package_id": "PKG48246", "payload": {"status": "CREATED"}, "sent_ts": 1758748246876, "arrival_ts": 1758748246876}
{"action": "send", "src": "EU-N81", "dst": "EU-N168", "hlc": {"phys": 1758748252932, "cnt": 0, "node": "EU-N81"}, "package_id": "PKG48246", "payload": {"status": "SENT"}, "sent_ts": 1758748247122, "arrival_ts": 1758748247122}
{"action": "send", "src": "EU-N81", "dst": "EU-N168", "hlc": {"phys": 1758748253199, "cnt": 0, "node": "EU-N81"}, "package_id": "PKG48246", "payload": {"status": "IN_TRANSIT"}, "sent_ts": 1758748247389, "arrival_ts": 1758748247389}
{"action": "send", "src": "EU-N81", "dst": "EU-N168", "hlc": {"phys": 1758748253431, "cnt": 0, "node": "EU-N81"}, "package_id": "PKG48246", "payload": {"status": "RECEIVED"}, "sent_ts": 1758748247621, "arrival_ts": 1758748247621}
{"action": "send", "src": "EU-N81", "dst": "EU-N168", "hlc": {"phys": 1758748253794, "cnt": 0, "node": "EU-N81"}, "package_id": "PKG48246", "payload": {"status": "DELIVERED"}, "sent_ts": 1758748247984, "arrival_ts": 1758748247984}
{"action": "send", "src": "EU-N81", "dst": "EU-N200", "hlc": {"phys": 1758749766196, "cnt": 0, "node": "EU-N81"}, "package_id": "PKG49760", "payload": {"status": "CREATED"}, "sent_ts": 1758749760386, "arrival_ts": 1758749760386}
{"action": "send", "src": "EU-N81", "dst": "EU-N200", "hlc": {"phys": 1758749766478, "cnt": 0, "node": "EU-N81"}, "package_id": "PKG49760", "payload": {"status": "SENT"}, "sent_ts": 1758749760668, "arrival_ts": 1758749760668}
{"action": "send", "src": "EU-N81", "dst": "EU-N200", "hlc": {"phys": 1758749766864, "cnt": 0, "node": "EU-N81"}, "package_id": "PKG49760", "payload": {"status": "IN_TRANSIT"}, "sent_ts": 1758749761053, "arrival_ts": 1758749761054}
{"action": "send", "src": "EU-N81", "dst": "EU-N200", "hlc": {"phys": 1758749767229, "cnt": 0, "node": "EU-N81"}, "package_id": "PKG49760", "payload": {"status": "RECEIVED"}, "sent_ts": 1758749761419, "arrival_ts": 1758749761419}
{"action": "send", "src": "EU-N81", "dst": "EU-N200", "hlc": {"phys": 1758749767564, "cnt": 0, "node": "EU-N81"}, "package_id": "PKG49760", "payload": {"status": "DELIVERED"}, "sent_ts": 1758749761754, "arrival_ts": 1758749761754}
{"action": "recv", "src": "AN-N183", "dst": "EU-N81", "hlc": {"phys": 1758754260175, "cnt": 0, "node": "AN-N183"}, "package_id": "PKG54228", "payload": {"status": "CREATED"}, "sent_ts": 1758754228345, "arrival_ts": 1758754228515}
{"action": "recv", "src": "AN-N183", "dst": "EU-N81", "hlc": {"phys": 1758754260567, "cnt": 0, "node": "AN-N183"}, "package_id": "PKG54228", "payload": {"status": "SENT"}, "sent_ts": 1758754228737, "arrival_ts": 1758754228882}
{"action": "recv", "src": "AN-N183", "dst": "EU-N81", "hlc": {"phys": 1758754260910, "cnt": 0, "node": "AN-N183"}, "package_id": "PKG54228", "payload": {"status": "IN_TRANSIT"}, "sent_ts": 1758754229080, "arrival_ts": 1758754229204}
{"action": "recv", "src": "AN-N183", "dst": "EU-N81", "hlc": {"phys": 1758754261244, "cnt": 0, "node": "AN-N183"}, "package_id": "PKG54228", "payload": {"status": "RECEIVED"}, "sent_ts": 1758754229414, "arrival_ts": 1758754229575}
{"action": "recv", "src": "AN-N183", "dst": "EU-N81", "hlc": {"phys": 1758754261614, "cnt": 0, "node": "AN-N183"}, "package_id": "PKG54228", "payload": {"status": "DELIVERED"}, "sent_ts": 1758754229784, "arrival_ts": 1758754229856}
{"action": "send", "src": "EU-N81", "dst": "AU-N117", "hlc": {"phys": 1758754341925, "cnt": 0, "node": "EU-N81"}, "package_id": "PKG54336", "payload": {"status": "CREATED"}, "sent_ts": 1758754336115, "arrival_ts": 1758754336115}
{"action": "send", "src": "EU-N81", "dst": "AU-N117", "hlc": {"phys": 1758754342169, "cnt": 0, "node": "EU-N81"}, "package_id": "PKG54336", "payload": {"status": "SENT"}, "sent_ts": 1758754336359, "arrival_ts": 1758754336359}
{"action": "send", "src": "EU-N81", "dst": "AU-N117", "hlc": {"phys": 1758754342563, "cnt": 0, "node": "EU-N81"}, "package_id": "PKG54336", "payload": {"status": "IN_TRANSIT"}, "sent_ts": 1758754336753, "arrival_ts": 1758754336753}
{"action": "send", "src": "EU-N81", "dst": "AU-N117", "hlc": {"phys": 1758754342793, "cnt": 0, "node": "EU-N81"}, "package_id": "PKG54336", "payload": {"status": "RECEIVED"}, "sent_ts": 1758754336983, "arrival_ts": 1758754336983}
{"action": "send", "src": "EU-N81", "dst": "AU-N117", "hlc": {"phys": 1758754343194, "cnt": 0, "node": "EU-N81"}, "package_id": "PKG54336", "payload": {"status": "DELIVERED"}, "sent_ts": 1758754337384, "arrival_ts": 1758754337384}
{"action": "send", "src": "EU-N81", "dst": "NA-N89", "hlc": {"phys": 1758761982509, "cnt": 0, "node": "EU-N81"}, "package_id": "PKG61976", "payload": {"status": "CREATED"}, "sent_ts": 1758761976699, "arrival_ts": 1758761976699}
{"action": "send", "src": "EU-N81", "dst": "NA-N89", "hlc": {"phys": 1758761982768, "cnt": 0, "node": "EU-N81"}, "package_id": "PKG61976", "payload": {"status": "SENT"}, "sent_ts": 1758761976958, "arrival_ts": 1758761976958}
{"action": "send", "src": "EU-N81", "dst": "NA-N89", "hlc": {"phys": 1758761982988, "cnt": 0, "node": "EU-N81"}, "package_id": "PKG61976", "payload": {"status": "IN_TRANSIT"}, "sent_ts": 1758761977178, "arrival_ts": 1758761977178}
{"action": "send", "src": "EU-N81", "dst": "NA-N89", "hlc": {"phys": 1758761983249, "cnt": 0, "node": "EU-N81"}, "package_id": "PKG61976", "payload": {"status": "RECEIVED"}, "sent_ts": 1758761977439, "arrival_ts": 1758761977439}
{"action": "send", "src": "EU-N81", "dst": "NA-N89", "hlc": {"phys": 1758761983640, "cnt": 0, "node": "EU-N81"}, "package_id": "PKG61976", "payload": {"status": "DELIVERED"}, "sent_ts": 1758761977830, "arrival_ts": 1758761977830}
{"action": "recv", "src": "AU-N191", "dst": "EU-N81", "hlc": {"phys": 1758762269091, "cnt": 0, "node": "AU-N191"}, "package_id": "PKG62242", "payload": {"status": "CREATED"}, "sent_ts": 1758762242181, "arrival_ts": 1758762242227}
{"action": "recv", "src": "AU-N191", "dst": "EU-N81", "hlc": {"phys": 1758762269341, "cnt": 0, "node": "AU-N191"}, "package_id": "PKG62242", "payload": {"status": "SENT"}, "sent_ts": 1758762242431, "arrival_ts": 1758762242553}
{"action": "recv", "src": "AU-N191", "dst": "EU-N81", "hlc": {"phys": 1758762269681, "cnt": 0, "node": "AU-N191"}, "package_id": "PKG62242", "payload": {"status": "IN_TRANSIT"}, "sent_ts": 1758762242771, "arrival_ts": 1758762242823}
{"action": "recv", "src": "AU-N191", "dst": "EU-N81", "hlc": {"phys": 1758762269935, "cnt": 0, "node": "AU-N191"}, "package_id": "PKG62242", "payload": {"status": "RECEIVED"}, "sent_ts": 1758762243025, "arrival_ts": 1758762243176}
{"action": "recv", "src": "AU-N191", "dst": "EU-N81", "hlc": {"phys": 1758762270293, "cnt": 0, "node": "AU-N191"}, "package_id": "PKG62242", "payload": {"status": "DELIVERED"}, "sent_ts": 1758762243383, "arrival_ts": 1758762243398}
{"action": "send", "src": "EU-N81", "dst": "AN-N51", "hlc": {"phys": 1758800455717, "cnt": 0, "node": "EU-N81"}, "package_id": "PKG449", "payload": {"status": "CREATED"}, "sent_ts": 1758800449907, "arrival_ts": 1758800449907}
{"action": "send", "src": "EU-N81", "dst": "AN-N51", "hlc": {"phys": 1758800456106, "cnt": 0, "node": "EU-N81"}, "package_id": "PKG449", "payload": {"status": "SENT"}, "sent_ts": 1758800450296, "arrival_ts": 1758800450296}
{"action": "send", "src": "EU-N81", "dst": "AN-N51", "hlc": {"phys": 1758800456449, "cnt": 0, "node": "EU-N81"}, "package_id": "PKG449", "payload": {"status": "IN_TRANSIT"}, "sent_ts": 1758800450639, "arrival_ts": 1758800450639}
{"action": "send", "src": "EU-N81", "dst": "AN-N51", "hlc": {"phys": 1758800456788, "cnt": 0, "node": "EU-N81"}, "package_id": "PKG449", "payload": {"status": "RECEIVED"}, "sent_ts": 1758800450977, "arrival_ts": 1758800450978}
{"action": "send", "src": "EU-N81", "dst": "AN-N51", "hlc": {"phys": 1758800457082, "cnt": 0, "node": "EU-N81"}, "package_id": "PKG449", "payload": {"status": "DELIVERED"}, "sent_ts": 1758800451272, "arrival_ts": 1758800451272}
{"action": "recv", "src": "SA-N66", "dst": "EU-N81", "hlc": {"phys": 1758800561935, "cnt": 0, "node": "SA-N66"}, "package_id": "PKG541", "payload": {"status": "CREATED"}, "sent_ts": 1758800541275, "arrival_ts": 1758800541334}
{"action": "recv", "src": "SA-N66", "dst": "EU-N81", "hlc": {"phys": 1758800562203, "cnt": 0, "node": "SA-N66"}, "package_id": "PKG541", "payload": {"status": "SENT"}, "sent_ts": 1758800541543, "arrival_ts": 1758800541613}
{"action": "recv", "src": "SA-N66", "dst": "EU-N81", "hlc": {"phys": 1758800562491, "cnt": 0, "node": "SA-N66"}, "package_id": "PKG541", "payload": {"status": "IN_TRANSIT"}, "sent_ts": 1758800541831, "arrival_ts": 1758800541970}
{"action": "recv", "src": "SA-N66", "dst": "EU-N81", "hlc": {"phys": 1758800562844, "cnt": 0, "node": "SA-N66"}, "package_id": "PKG541", "payload": {"status": "RECEIVED"}, "sent_ts": 1758800542184, "arrival_ts": 1758800542291}
{"action": "recv", "src": "SA-N66", "dst": "EU-N81", "hlc": {"phys": 1758800563153, "cnt": 0, "node": "SA-N66"}, "package_id": "PKG541", "payload": {"status": "DELIVERED"}, "sent_ts": 1758800542493, "arrival_ts": 1758800542626}
{"action": "recv", "src": "SA-N123", "dst": "EU-N81", "hlc": {"phys": 1758800567869, "cnt": 0, "node": "SA-N123"}, "package_id": "PKG546", "payload": {"status": "CREATED"}, "sent_ts": 1758800546639, "arrival_ts": 1758800546772}
{"action": "recv", "src": "SA-N123", "dst": "EU-N81", "hlc": {"phys": 1758800568211, "cnt": 0, "node": "SA-N123"}, "package_id": "PKG546", "payload": {"status": "SENT"}, "sent_ts": 1758800546981, "arrival_ts": 1758800547133}
{"action": "recv", "src": "SA-N123", "dst": "EU-N81", "hlc": {"phys": 1758800568567, "cnt": 0, "node": "SA-N123"}, "package_id": "PKG546", "payload": {"status": "IN_TRANSIT"}, "sent_ts": 1758800547337, "arrival_ts": 1758800547374}
{"action": "recv", "src": "SA-N123", "dst": "EU-N81", "hlc": {"phys": 1758800568815, "cnt": 0, "node": "SA-N123"}, "package_id": "PKG546", "payload": {"status": "RECEIVED"}, "sent_ts": 1758800547585, "arrival_ts": 1758800547774}
{"action": "recv", "src": "SA-N123", "dst": "EU-N81", "hlc": {"phys": 1758800569201, "cnt": 0, "node": "SA-N123"}, "package_id": "PKG546", "payload": {"status": "DELIVERED"}, "sent_ts": 1758800547971, "arrival_ts": 1758800548153}
{"action": "recv", "src": "AS-N45", "dst": "EU-N81", "hlc": {"phys": 1758804920398, "cnt": 0, "node": "AS-N45"}, "package_id": "PKG4909", "payload": {"status": "CREATED"}, "sent_ts": 1758804909948, "arrival_ts": 1758804910103}
{"action": "recv", "src": "AS-N45", "dst": "EU-N81", "hlc": {"phys": 1758804920754, "cnt": 0, "node": "AS-N45"}, "package_id": "PKG4909", "payload": {"status": "SENT"}, "sent_ts": 1758804910304, "arrival_ts": 1758804910424}
{"action": "recv", "src": "AS-N45", "dst": "EU-N81", "hlc": {"phys": 1758804921080, "cnt": 0, "node": "AS-N45"}, "package_id": "PKG4909", "payload": {"status": "IN_TRANSIT"}, "sent_ts": 1758804910630, "arrival_ts": 1758804910699}
{"action": "recv", "src": "AS-N45", "dst": "EU-N81", "hlc": {"phys": 1758804921344, "cnt": 0, "node": "AS-N45"}, "package_id": "PKG4909", "payload": {"status": "RECEIVED"}, "sent_ts": 1758804910894, "arrival_ts": 1758804911056}
{"action": "recv", "src": "AS-N45", "dst": "EU-N81", "hlc": {"phys": 1758804921714, "cnt": 0, "node": "AS-N45"}, "package_id": "PKG4909", "payload": {"status": "DELIVERED"}, "sent_ts": 1758804911264, "arrival_ts": 1758804911307}
{"action": "send", "src": "EU-N81", "dst": "SA-N91", "hlc": {"phys": 1758804928846, "cnt": 0, "node": "EU-N81"}, "package_id": "PKG4923", "payload": {"status": "CREATED"}, "sent_ts": 1758804923036, "arrival_ts": 1758804923036}
{"action": "send", "src": "EU-N81", "dst": "SA-N91", "hlc": {"phys": 1758804929108, "cnt": 0, "node": "EU-N81"}, "package_id": "PKG4923", "payload": {"status": "SENT"}, "sent_ts": 1758804923298, "arrival_ts": 1758804923298}
{"action": "send", "src": "EU-N81", "dst": "SA-N91", "hlc": {"phys": 1758804929510, "cnt": 0, "node": "EU-N81"}, "package_id": "PKG4923", "payload": {"status": "IN_TRANSIT"}, "sent_ts": 1758804923700, "arrival_ts": 1758804923700}
{"action": "send", "src": "EU-N81", "dst": "SA-N91", "hlc": {"phys": 1758804929742, "cnt": 0, "node": "EU-N81"}, "package_id": "PKG4923", "payload": {"status": "RECEIVED"}, "sent_ts": 1758804923932, "arrival_ts": 1758804923932}
{"action": "send", "src": "EU-N81", "dst": "SA-N91", "hlc": {"phys": 1758804930065, "cnt": 0, "node": "EU-N81"}, "package_id": "PKG4923", "payload": {"status": "DELIVERED"}, "sent_ts": 1758804924255, "arrival_ts": 1758804924255}
{"action": "send", "src": "EU-N81", "dst": "AF-N104", "hlc": {"phys": 1758812520914, "cnt": 0, "node": "EU-N81"}, "package_id": "PKG12515", "payload": {"status": "CREATED"}, "sent_ts": 1758812515104, "arrival_ts": 1758812515104}
{"action": "send", "src": "EU-N81", "dst": "AF-N104", "hlc": {"phys": 1758812521178, "cnt": 0, "node": "EU-N81"}, "package_id": "PKG12515", "payload": {"status": "SENT"}, "sent_ts": 1758812515368, "arrival_ts": 1758812515368}
{"action": "send", "src": "EU-N81", "dst": "AF-N104", "hlc": {"phys": 1758812521550, "cnt": 0, "node": "EU-N81"}, "package_id": "PKG12515", "payload": {"status": "IN_TRANSIT"}, "sent_ts": 1758812515740, "arrival_ts": 1758812515740}
{"action": "send", "src": "EU-N81", "dst": "AF-N104", "hlc": {"phys": 1758812521940, "cnt": 0, "node": "EU-N81"}, "package_id": "PKG12515", "payload": {"status": "RECEIVED"}, "sent_ts": 1758812516130, "arrival_ts": 1758812516130}
{"action": "send", "src": "EU-N81", "dst": "AF-N104", "hlc": {"phys": 1758812522295, "cnt": 0, "node": "EU-N81"}, "package_id": "PKG12515", "payload": {"status": "DELIVERED"}, "sent_ts": 1758812516485, "arrival_ts": 1758812516485}
{"action": "send", "src": "EU-N81", "dst": "SA-N65", "hlc": {"phys": 1758812812647, "cnt": 0, "node": "EU-N81"}, "package_id": "PKG12806", "payload": {"status": "CREATED"}, "sent_ts": 1758812806837, "arrival_ts": 1758812806837}
{"action": "send", "src": "EU-N81", "dst": "SA-N65", "hlc": {"phys": 1758812812974, "cnt": 0, "node": "EU-N81"}, "package_id": "PKG12806", "payload": {"status": "SENT"}, "sent_ts": 1758812807164, "arrival_ts": 1758812807164}
{"action": "send", "src": "EU-N81", "dst": "SA-N65", "hlc": {"phys": 1758812813332, "cnt": 0, "node": "EU-N81"}, "package_id": "PKG12806", "payload": {"status": "IN_TRANSIT"}, "sent_ts": 1758812807522, "arrival_ts": 1758812807522}
{"action": "send", "src": "EU-N81", "dst": "SA-N65", "hlc": {"phys": 1758812813597, "cnt": 0, "node": "EU-N81"}, "package_id": "PKG12806", "payload": {"status": "RECEIVED"}, "sent_ts": 1758812807787, "arrival_ts": 1758812807787}
{"action": "send", "src": "EU-N81", "dst": "SA-N65", "hlc": {"phys": 1758812813891, "cnt": 0, "node": "EU-N81"}, "package_id": "PKG12806", "payload": {"status": "DELIVERED"}, "sent_ts": 1758812808081, "arrival_ts": 1758812808081}
{"action": "send", "src": "EU-N81", "dst": "EU-N123", "hlc": {"phys": 1758814127691, "cnt": 0, "node": "EU-N81"}, "package_id": "PKG14121", "payload": {"status": "CREATED"}, "sent_ts": 1758814121881, "arrival_ts": 1758814121881}
{"action": "send", "src": "EU-N81", "dst": "EU-N123", "hlc": {"phys": 1758814128093, "cnt": 0, "node": "EU-N81"}, "package_id": "PKG14121", "payload": {"status": "SENT"}, "sent_ts": 1758814122283, "arrival_ts": 1758814122283}
{"action": "send", "src": "EU-N81", "dst": "EU-N123", "hlc": {"phys": 1758814128415, "cnt": 0, "node": "EU-N81"}, "package_id": "PKG14121", "payload": {"status": "IN_TRANSIT"}, "sent_ts": 1758814122605, "arrival_ts": 1758814122605}
{"action": "send", "src": "EU-N81", "dst": "EU-N123", "hlc": {"phys": 1758814128808, "cnt": 0, "node": "EU-N81"}, "package_id": "PKG14121", "payload": {"status": "RECEIVED"}, "sent_ts": 1758814122998, "arrival_ts": 1758814122998}
{"action": "send", "src": "EU-N81", "dst": "EU-N123", "hlc": {"phys": 1758814129213, "cnt": 0, "node": "EU-N81"}, "package_id": "PKG14121", "payload": {"status": "DELIVERED"}, "sent_ts": 1758814123403, "arrival_ts": 1758814123403}
{"action": "send", "src": "EU-N81", "dst": "AN-N193", "hlc": {"phys": 1758816390934, "cnt": 0, "node": "EU-N81"}, "package_id": "PKG16385", "payload": {"status": "CREATED"}, "sent_ts": 1758816385124, "arrival_ts": 1758816385124}
{"action": "send", "src": "EU-N81", "dst": "AN-N193", "hlc": {"phys": 1758816391259, "cnt": 0, "node": "EU-N81"}, "package_id": "PKG16385", "payload": {"status": "SENT"}, "sent_ts": 1758816385449, "arrival_ts": 1758816385449}
{"action": "send", "src": "EU-N81", "dst": "AN-N193", "hlc": {"phys": 1758816391588, "cnt": 0, "node": "EU-N81"}, "package_id": "PKG16385", "payload": {"status": "IN_TRANSIT"}, "sent_ts": 1758816385778, "arrival_ts": 1758816385778}
{"action": "send", "src": "EU-N81", "dst": "AN-N193", "hlc": {"phys": 1758816391866, "cnt": 0, "node": "EU-N81"}, "package_id": "PKG16385", "payload": {"status": "RECEIVED"}, "sent_ts": 1758816386056, "arrival_ts": 1758816386056}
{"action": "send", "src": "EU-N81", "dst": "AN-N193", "hlc": {"phys": 1758816392253, "cnt": 0, "node": "EU-N81"}, "package_id": "PKG16385", "payload": {"status": "DELIVERED"}, "sent_ts": 1758816386443, "arrival_ts": 1758816386443}
{"action": "recv", "src": "EU-N184", "dst": "EU-N81", "hlc": {"phys": 1758816853787, "cnt": 0, "node": "EU-N184"}, "package_id": "PKG16846", "payload": {"status": "CREATED"}, "sent_ts": 1758816846947, "arrival_ts": 1758816847142}
{"action": "recv", "src": "EU-N184", "dst": "EU-N81", "hlc": {"phys": 1758816854206, "cnt": 0, "node": "EU-N184"}, "package_id": "PKG16846", "payload": {"status": "SENT"}, "sent_ts": 1758816847366, "arrival_ts": 1758816847419}
{"action": "recv", "src": "EU-N184", "dst": "EU-N81", "hlc": {"phys": 1758816854456, "cnt": 0, "node": "EU-N184"}, "package_id": "PKG16846", "payload": {"status": "IN_TRANSIT"}, "sent_ts": 1758816847616, "arrival_ts": 1758816847791}
{"action": "recv", "src": "EU-N184", "dst": "EU-N81", "hlc": {"phys": 1758816854922, "cnt": 0, "node": "EU-N184"}, "package_id": "PKG16846", "payload": {"status": "RECEIVED"}, "sent_ts": 1758816848082, "arrival_ts": 1758816848181}
{"action": "recv", "src": "EU-N184", "dst": "EU-N81", "hlc": {"phys": 1758816855215, "cnt": 0, "node": "EU-N184"}, "package_id": "PKG16846", "payload": {"status": "DELIVERED"}, "sent_ts": 1758816848375, "arrival_ts": 1758816848458}
