{"action": "send", "src": "EU-N138", "dst": "AS-N67", "hlc": {"phys": 1758712696847, "cnt": 0, "node": "EU-N138"}, "package_id": "PKG12690", "payload": {"status": "CREATED"}, "sent_ts": 1758712690467, "arrival_ts": 1758712690467}
{"action": "send", "src": "EU-N138", "dst": "AS-N67", "hlc": {"phys": 1758712697158, "cnt": 0, "node": "EU-N138"}, "package_id": "PKG12690", "payload": {"status": "SENT"}, "sent_ts": 1758712690778, "arrival_ts": 1758712690778}
{"action": "send", "src": "EU-N138", "dst": "AS-N67", "hlc": {"phys": 1758712697561, "cnt": 0, "node": "EU-N138"}, "package_id": "PKG12690", "payload": {"status": "IN_TRANSIT"}, "sent_ts": 1758712691181, "arrival_ts": 1758712691181}
{"action": "send", "src": "EU-N138", "dst": "AS-N67", "hlc": {"phys": 1758712697886, "cnt": 0, "node": "EU-N138"}, "package_id": "PKG12690", "payload": {"status": "RECEIVED"}, "sent_ts": 1758712691506, "arrival_ts": 1758712691506}
{"action": "send", "src": "EU-N138", "dst": "AS-N67", "hlc": {"phys": 1758712698223, "cnt": 0, "node": "EU-N138"}, "package_id": "PKG12690", "payload": {"status": "DELIVERED"}, "sent_ts": 1758712691843, "arrival_ts": 1758712691843}
{"action": "send", "src": "EU-N138", "dst": "AN-N86", "hlc": {"phys": 1758714327546, "cnt": 0, "node": "EU-N138"}, "package_id": "PKG14321", "payload": {"status": "CREATED"}, "sent_ts": 1758714321166, "arrival_ts": 1758714321166}
{"action": "send", "src": "EU-N138", "dst": "AN-N86", "hlc": {"phys": 1758714327947, "cnt": 0, "node": "EU-N138"}, "package_id": "PKG14321", "payload": {"status": "SENT"}, "sent_ts": 1758714321567, "arrival_ts": 1758714321567}
{"action": "send", "src": "EU-N138", "dst": "AN-N86", "hlc": {"phys": 1758714328209, "cnt": 0, "node": "EU-N138"}, "package_id": "PKG14321", "payload": {"status": "IN_TRANSIT"}, "sent_ts": 1758714321829, "arrival_ts": 1758714321829}
{"action": "send", "src": "EU-N138", "dst": "AN-N86", "hlc": {"phys": 1758714328472, "cnt": 0, "node": "EU-N138"}, "package_id": "PKG14321", "payload": {"status": "RECEIVED"}, "sent_ts": 1758714322092, "arrival_ts": 1758714322092}
{"action": "send", "src": "EU-N138", "dst": "AN-N86", "hlc": {"phys": 1758714328815, "cnt": 0, "node": "EU-N138"}, "package_id": "PKG14321", "payload": {"status": "DELIVERED"}, "sent_ts": 1758714322435, "arrival_ts": 1758714322435}
{"action": "send", "src": "EU-N138", "dst": "AU-N169", "hlc": {"phys": 1758717387506, "cnt": 0, "node": "EU-N138"}, "package_id": "PKG17381", "payload": {"status": "CREATED"}, "sent_ts": 1758717381126, "arrival_ts": 1758717381126}
{"action": "send", "src": "EU-N138", "dst": "AU-N169", "hlc": {"phys": 1758717387730, "cnt": 0, "node": "EU-N138"}, "package_id": "PKG17381", "payload": {"status": "SENT"}, "sent_ts": 1758717381350, "arrival_ts": 1758717381350}
{"action": "send", "src": "EU-N138", "dst": "AU-N169", "hlc": {"phys": 1758717388118, "cnt": 0, "node": "EU-N138"}, "package_id": "PKG17381", "payload": {"status": "IN_TRANSIT"}, "sent_ts": 1758717381738, "arrival_ts": 1758717381738}
{"action": "send", "src": "EU-N138", "dst": "AU-N169", "hlc": {"phys": 1758717388341, "cnt": 0, "node": "EU-N138"}, "package_id": "PKG17381", "payload": {"status": "RECEIVED"}, "sent_ts": 1758717381961, "arrival_ts": 1758717381961}
{"action": "send", "src": "EU-N138", "dst": "AU-N169", "hlc": {"phys": 1758717388652, "cnt": 0, "node": "EU-N138"}, "package_id": "PKG17381", "payload": {"status": "DELIVERED"}, "sent_ts": 1758717382272, "arrival_ts": 1758717382272}
{"action": "recv", "src": "NA-N139", "dst": "EU-N138", "hlc": {"phys": 1758740247979, "cnt": 0, "node": "NA-N139"}, "package_id": "PKG40246", "payload": {"status": "CREATED"}, "sent_ts": 1758740246589, "arrival_ts": 1758740246678}
{"action": "recv", "src": "NA-N139", "dst": "EU-N138", "hlc": {"phys": 1758740248272, "cnt": 0, "node": "NA-N139"}, "package_id": "PKG40246", "payload": {"status": "SENT"}, "sent_ts": 1758740246882, "arrival_ts": 1758740246970}
{"action": "recv", "src": "NA-N139", "dst": "EU-N138", "hlc": {"phys": 1758740248568, "cnt": 0, "node": "NA-N139"}, "package_id": "PKG40246", "payload": {"status": "IN_TRANSIT"}, "sent_ts": 1758740247178, "arrival_ts": 1758740247316}
{"action": "recv", "src": "NA-N139", "dst": "EU-N138", "hlc": {"phys": 1758740248912, "cnt": 0, "node": "NA-N139"}, "package_id": "PKG40246", "payload": {"status": "RECEIVED"}, "sent_ts": 1758740247522, "arrival_ts": 1758740247609}
{"action": "recv", "src": "NA-N139", "dst": "EU-N138", "hlc": {"phys": 1758740249205, "cnt": 0, "node": "NA-N139"}, "package_id": "PKG40246", "payload": {"status": "DELIVERED"}, "sent_ts": 1758740247815, "arrival_ts": 1758740247849}
{"action": "recv", "src": "AS-N113", "dst": "EU-N138", "hlc": {"phys": 1758742529806, "cnt": 0, "node": "AS-N113"}, "package_id": "PKG42518", "payload": {"status": "CREATED"}, "sent_ts": 1758742518676, "arrival_ts": 1758742518740}
{"action": "recv", "src": "AS-N113", "dst": "EU-N138", "hlc": {"phys": 1758742530069, "cnt": 0, "node": "AS-N113"}, "package_id": "PKG42518", "payload": {"status": "SENT"}, "sent_ts": 1758742518939, "arrival_ts": 1758742518953}
{"action": "recv", "src": "AS-N113", "dst": "EU-N138", "hlc": {"phys": 1758742530287, "cnt": 0, "node": "AS-N113"}, "package_id": "PKG42518", "payload": {"status": "IN_TRANSIT"}, "sent_ts": 1758742519157, "arrival_ts": 1758742519356}
{"action": "recv", "src": "AS-N113", "dst": "EU-N138", "hlc": {"phys": 1758742530689, "cnt": 0, "node": "AS-N113"}, "package_id": "PKG42518", "payload": {"status": "RECEIVED"}, "sent_ts": 1758742519559, "arrival_ts": 1758742519622}
{"action": "recv", "src": "AS-N113", "dst": "EU-N138", "hlc": {"phys": 1758742530969, "cnt": 0, "node": "AS-N113"}, "package_id": "PKG42518", "payload": {"status": "DELIVERED"}, "sent_ts": 1758742519839, "arrival_ts": 1758742520038}
{"action": "send", "src": "EU-N138", "dst": "AF-N72", "hlc": {"phys": 1758744081375, "cnt": 0, "node": "EU-N138"}, "package_id": "PKG44074", "payload": {"status": "CREATED"}, "sent_ts": 1758744074995, "arrival_ts": 1758744074995}
{"action": "send", "src": "EU-N138", "dst": "AF-N72", "hlc": {"phys": 1758744081747, "cnt": 0, "node": "EU-N138"}, "package_id": "PKG44074", "payload": {"status": "SENT"}, "sent_ts": 1758744075367, "arrival_ts": 1758744075367}
{"action": "send", "src": "EU-N138", "dst": "AF-N72", "hlc": {"phys": 1758744082060, "cnt": 0, "node": "EU-N138"}, "package_id": "PKG44074", "payload": {"status": "IN_TRANSIT"}, "sent_ts": 1758744075680, "arrival_ts": 1758744075680}
{"action": "send", "src": "EU-N138", "dst": "AF-N72", "hlc": {"phys": 1758744082338, "cnt": 0, "node": "EU-N138"}, "package_id": "PKG44074", "payload": {"status": "RECEIVED"}, "sent_ts": 1758744075958, "arrival_ts": 1758744075958}
{"action": "send", "src": "EU-N138", "dst": "AF-N72", "hlc": {"phys": 1758744082553, "cnt": 0, "node": "EU-N138"}, "package_id": "PKG44074", "payload": {"status": "DELIVERED"}, "sent_ts": 1758744076173, "arrival_ts": 1758744076173}
{"action": "recv", "src": "NA-N123", "dst": "EU-N138", "hlc": {"phys": 1758745084025, "cnt": 0, "node": "NA-N123"}, "package_id": "PKG45082", "payload": {"status": "CREATED"}, "sent_ts": 1758745082795, "arrival_ts": 1758745082923}
{"action": "recv", "src": "NA-N123", "dst": "EU-N138", "hlc": {"phys": 1758745084361, "cnt": 0, "node": "NA-N123"}, "package_id": "PKG45082", "payload": {"status": "SENT"}, "sent_ts": 1758745083131, "arrival_ts": 1758745083259}
{"action": "recv", "src": "NA-N123", "dst": "EU-N138", "hlc": {"phys": 1758745084695, "cnt": 0, "node": "NA-N123"}, "package_id": "PKG45082", "payload": {"status": "IN_TRANSIT"}, "sent_ts": 1758745083465, "arrival_ts": 1758745083517}
{"action": "recv", "src": "NA-N123", "dst": "EU-N138", "hlc": {"phys": 1758745084958, "cnt": 0, "node": "NA-N123"}, "package_id": "PKG45082", "payload": {"status": "RECEIVED"}, "sent_ts": 1758745083728, "arrival_ts": 1758745083817}
{"action": "recv", "src": "NA-N123", "dst": "EU-N138", "hlc": {"phys": 1758745085249, "cnt": 0, "node": "NA-N123"}, "package_id": "PKG45082", "payload": {"status": "DELIVERED"}, "sent_ts": 1758745084019, "arrival_ts": 1758745084098}
{"action": "recv", "src": "NA-N52", "dst": "EU-N138", "hlc": {"phys": 1758745511617, "cnt": 0, "node": "NA-N52"}, "package_id": "PKG45511", "payload": {"status": "CREATED"}, "sent_ts": 1758745511097, "arrival_ts": 1758745511233}
{"action": "recv", "src": "NA-N52", "dst": "EU-N138", "hlc": {"phys": 1758745511959, "cnt": 0, "node": "NA-N52"}, "package_id": "PKG45511", "payload": {"status": "SENT"}, "sent_ts": 1758745511439, "arrival_ts": 1758745511637}
{"action": "recv", "src": "NA-N52", "dst": "EU-N138", "hlc": {"phys": 1758745512348, "cnt": 0, "node": "NA-N52"}, "package_id": "PKG45511", "payload": {"status": "IN_TRANSIT"}, "sent_ts": 1758745511828, "arrival_ts": 1758745511992}
{"action": "recv", "src": "NA-N52", "dst": "EU-N138", "hlc": {"phys": 1758745512722, "cnt": 0, "node": "NA-N52"}, "package_id": "PKG45511", "payload": {"status": "RECEIVED"}, "sent_ts": 1758745512202, "arrival_ts": 1758745512250}
{"action": "recv", "src": "NA-N52", "dst": "EU-N138", "hlc": {"phys": 1758745512986, "cnt": 0, "node": "NA-N52"}, "package_id": "PKG45511", "payload": {"status": "DELIVERED"}, "sent_ts": 1758745512466, "arrival_ts": 1758745512617}
{"action": "recv", "src": "SA-N139", "dst": "EU-N138", "hlc": {"phys": 1758746849611, "cnt": 0, "node": "SA-N139"}, "package_id": "PKG46828", "payload": {"status": "CREATED"}, "sent_ts": 1758746828221, "arrival_ts": 1758746828277}
{"action": "recv", "src": "SA-N139", "dst": "EU-N138", "hlc": {"phys": 1758746849865, "cnt": 0, "node": "SA-N139"}, "package_id": "PKG46828", "payload": {"status": "SENT"}, "sent_ts": 1758746828475, "arrival_ts": 1758746828646}
{"action": "recv", "src": "SA-N139", "dst": "EU-N138", "hlc": {"phys": 1758746850242, "cnt": 0, "node": "SA-N139"}, "package_id": "PKG46828", "payload": {"status": "IN_TRANSIT"}, "sent_ts": 1758746828852, "arrival_ts": 1758746828925}
{"action": "recv", "src": "SA-N139", "dst": "EU-N138", "hlc": {"phys": 1758746850516, "cnt": 0, "node": "SA-N139"}, "package_id": "PKG46828", "payload": {"status": "RECEIVED"}, "sent_ts": 1758746829126, "arrival_ts": 1758746829161}
{"action": "recv", "src": "SA-N139", "dst": "EU-N138", "hlc": {"phys": 1758746850757, "cnt": 0, "node": "SA-N139"}, "package_id": "PKG46828", "payload": {"status": "DELIVERED"}, "sent_ts": 1758746829367, "arrival_ts": 1758746829432}
{"action": "send", "src": "EU-N138", "dst": "EU-N180", "hlc": {"phys": 1758748859529, "cnt": 0, "node": "EU-N138"}, "package_id": "PKG48853", "payload": {"status": "CREATED"}, "sent_ts": 1758748853149, "arrival_ts": 1758748853149}
{"action": "send", "src": "EU-N138", "dst": "EU-N180", "hlc": {"phys": 1758748859760, "cnt": 0, "node": "EU-N138"}, "package_id": "PKG48853", "payload": {"status": "SENT"}, "sent_ts": 1758748853380, "arrival_ts": 1758748853380}
{"action": "send", "src": "EU-N138", "dst": "EU-N180", "hlc": {"phys": 1758748860039, "cnt": 0, "node": "EU-N138"}, "package_id": "PKG48853", "payload": {"status": "IN_TRANSIT"}, "sent_ts": 1758748853659, "arrival_ts": 1758748853659}
{"action": "send", "src": "EU-N138", "dst": "EU-N180", "hlc": {"phys": 1758748860352, "cnt": 0, "node": "EU-N138"}, "package_id": "PKG48853", "payload": {"status": "RECEIVED"}, "sent_ts": 1758748853972, "arrival_ts": 1758748853972}
{"action": "send", "src": "EU-N138", "dst": "EU-N180", "hlc": {"phys": 1758748860666, "cnt": 0, "node": "EU-N138"}, "package_id": "PKG48853", "payload": {"status": "DELIVERED"}, "sent_ts": 1758748854286, "arrival_ts": 1758748854286}
{"action": "recv", "src": "AF-N156", "dst": "EU-N138", "hlc": {"phys": 1758751645208, "cnt": 0, "node": "AF-N156"}, "package_id": "PKG51628", "payload": {"status": "CREATED"}, "sent_ts": 1758751628648, "arrival_ts": 1758751628744}
{"action": "recv", "src": "AF-N156", "dst": "EU-N138", "hlc": {"phys": 1758751645510, "cnt": 0, "node": "AF-N156"}, "package_id": "PKG51628", "payload": {"status": "SENT"}, "sent_ts": 1758751628950, "arrival_ts": 1758751629019}
{"action": "recv", "src": "AF-N156", "dst": "EU-N138", "hlc": {"phys": 1758751645787, "cnt": 0, "node": "AF-N156"}, "package_id": "PKG51628", "payload": {"status": "IN_TRANSIT"}, "sent_ts": 1758751629227, "arrival_ts": 1758751629247}
{"action": "recv", "src": "AF-N156", "dst": "EU-N138", "hlc": {"phys": 1758751646007, "cnt": 0, "node": "AF-N156"}, "package_id": "PKG51628", "payload": {"status": "RECEIVED"}, "sent_ts": 1758751629447, "arrival_ts": 1758751629596}
{"action": "recv", "src": "AF-N156", "dst": "EU-N138", "hlc": {"phys": 1758751646365, "cnt": 0, "node": "AF-N156"}, "package_id": "PKG51628", "payload": {"status": "DELIVERED"}, "sent_ts": 1758751629805, "arrival_ts": 1758751629889}
{"action": "send", "src": "EU-N138", "dst": "AF-N87", "hlc": {"phys": 1758756928729, "cnt": 0, "node": "EU-N138"}, "package_id": "PKG56922", "payload": {"status": "CREATED"}, "sent_ts": 1758756922349, "arrival_ts": 1758756922349}
{"action": "send", "src": "EU-N138", "dst": "AF-N87", "hlc": {"phys": 1758756928965, "cnt": 0, "node": "EU-N138"}, "package_id": "PKG56922", "payload": {"status": "SENT"}, "sent_ts": 1758756922585, "arrival_ts": 1758756922585}
{"action": "send", "src": "EU-N138", "dst": "AF-N87", "hlc": {"phys": 1758756929332, "cnt": 0, "node": "EU-N138"}, "package_id": "PKG56922", "payload": {"status": "IN_TRANSIT"}, "sent_ts": 1758756922952, "arrival_ts": 1758756922952}
{"action": "send", "src": "EU-N138", "dst": "AF-N87", "hlc": {"phys": 1758756929569, "cnt": 0, "node": "EU-N138"}, "package_id": "PKG56922", "payload": {"status": "RECEIVED"}, "sent_ts": 1758756923189, "arrival_ts": 1758756923189}
{"action": "send", "src": "EU-N138", "dst": "AF-N87", "hlc": {"phys": 1758756929912, "cnt": 0, "node": "EU-N138"}, "package_id": "PKG56922", "payload": {"status": "DELIVERED"}, "sent_ts": 1758756923532, "arrival_ts": 1758756923532}
{"action": "recv", "src": "AU-N2", "dst": "EU-N138", "hlc": {"phys": 1758801247212, "cnt": 0, "node": "AU-N2"}, "package_id": "PKG1222", "payload": {"status": "CREATED"}, "sent_ts": 1758801222192, "arrival_ts": 1758801222391}
{"action": "recv", "src": "AU-N2", "dst": "EU-N138", "hlc": {"phys": 1758801247627, "cnt": 0, "node": "AU-N2"}, "package_id": "PKG1222", "payload": {"status": "SENT"}, "sent_ts": 1758801222607, "arrival_ts": 1758801222628}
{"action": "recv", "src": "AU-N2", "dst": "EU-N138", "hlc": {"phys": 1758801247858, "cnt": 0, "node": "AU-N2"}, "package_id": "PKG1222", "payload": {"status": "IN_TRANSIT"}, "sent_ts": 1758801222838, "arrival_ts": 1758801222995}
{"action": "recv", "src": "AU-N2", "dst": "EU-N138", "hlc": {"phys": 1758801248215, "cnt": 0, "node": "AU-N2"}, "package_id": "PKG1222", "payload": {"status": "RECEIVED"}, "sent_ts": 1758801223195, "arrival_ts": 1758801223360}
{"action": "recv", "src": "AU-N2", "dst": "EU-N138", "hlc": {"phys": 1758801248589, "cnt": 0, "node": "AU-N2"}, "package_id": "PKG1222", "payload": {"status": "DELIVERED"}, "sent_ts": 1758801223569, "arrival_ts": 1758801223634}
{"action": "send", "src": "EU-N138", "dst": "AU-N66", "hlc": {"phys": 1758804010903, "cnt": 0, "node": "EU-N138"}, "package_id": "PKG4004", "payload": {"status": "CREATED"}, "sent_ts": 1758804004523, "arrival_ts": 1758804004523}
{"action": "send", "src": "EU-N138", "dst": "AU-N66", "hlc": {"phys": 1758804011309, "cnt": 0, "node": "EU-N138"}, "package_id": "PKG4004", "payload": {"status": "SENT"}, "sent_ts": 1758804004929, "arrival_ts": 1758804004929}
{"action": "send", "src": "EU-N138", "dst": "AU-N66", "hlc": {"phys": 1758804011684, "cnt": 0, "node": "EU-N138"}, "package_id": "PKG4004", "payload": {"status": "IN_TRANSIT"}, "sent_ts": 1758804005304, "arrival_ts": 1758804005304}
{"action": "send", "src": "EU-N138", "dst": "AU-N66", "hlc": {"phys": 1758804012026, "cnt": 0, "node": "EU-N138"}, "package_id": "PKG4004", "payload": {"status": "RECEIVED"}, "sent_ts": 1758804005646, "arrival_ts": 1758804005646}
{"action": "send", "src": "EU-N138", "dst": "AU-N66", "hlc": {"phys": 1758804012412, "cnt": 0, "node": "EU-N138"}, "package_id": "PKG4004", "payload": {"status": "DELIVERED"}, "sent_ts": 1758804006032, "arrival_ts": 1758804006032}
{"action": "recv", "src": "AU-N51", "dst": "EU-N138", "hlc": {"phys": 1758804230893, "cnt": 0, "node": "AU-N51"}, "package_id": "PKG4205", "payload": {"status": "CREATED"}, "sent_ts": 1758804205383, "arrival_ts": 1758804205509}
{"action": "recv", "src": "AU-N51", "dst": "EU-N138", "hlc": {"phys": 1758804231217, "cnt": 0, "node": "AU-N51"}, "package_id": "PKG4205", "payload": {"status": "SENT"}, "sent_ts": 1758804205707, "arrival_ts": 1758804205861}
{"action": "recv", "src": "AU-N51", "dst": "EU-N138", "hlc": {"phys": 1758804231581, "cnt": 0, "node": "AU-N51"}, "package_id": "PKG4205", "payload": {"status": "IN_TRANSIT"}, "sent_ts": 1758804206071, "arrival_ts": 1758804206242}
{"action": "recv", "src": "AU-N51", "dst": "EU-N138", "hlc": {"phys": 1758804231966, "cnt": 0, "node": "AU-N51"}, "package_id": "PKG4205", "payload": {"status": "RECEIVED"}, "sent_ts": 1758804206456, "arrival_ts": 1758804206654}
{"action": "recv", "src": "AU-N51", "dst": "EU-N138", "hlc": {"phys": 1758804232375, "cnt": 0, "node": "AU-N51"}, "package_id": "PKG4205", "payload": {"status": "DELIVERED"}, "sent_ts": 1758804206865, "arrival_ts": 1758804206905}
{"action": "recv", "src": "AN-N13", "dst": "EU-N138", "hlc": {"phys": 1758810187733, "cnt": 0, "node": "AN-N13"}, "package_id": "PKG10157", "payload": {"status": "CREATED"}, "sent_ts": 1758810157603, "arrival_ts": 1758810157731}
{"action": "recv", "src": "AN-N13", "dst": "EU-N138", "hlc": {"phys": 1758810188088, "cnt": 0, "node": "AN-N13"}, "package_id": "PKG10157", "payload": {"status": "SENT"}, "sent_ts": 1758810157958, "arrival_ts": 1758810158038}
{"action": "recv", "src": "AN-N13", "dst": "EU-N138", "hlc": {"phys": 1758810188365, "cnt": 0, "node": "AN-N13"}, "package_id": "PKG10157", "payload": {"status": "IN_TRANSIT"}, "sent_ts": 1758810158235, "arrival_ts": 1758810158409}
{"action": "recv", "src": "AN-N13", "dst": "EU-N138", "hlc": {"phys": 1758810188754, "cnt": 0, "node": "AN-N13"}, "package_id": "PKG10157", "payload": {"status": "RECEIVED"}, "sent_ts": 1758810158624, "arrival_ts": 1758810158641}
{"action": "recv", "src": "AN-N13", "dst": "EU-N138", "hlc": {"phys": 1758810188986, "cnt": 0, "node": "AN-N13"}, "package_id": "PKG10157", "payload": {"status": "DELIVERED"}, "sent_ts": 1758810158856, "arrival_ts": 1758810158892}
{"action": "send", "src": "EU-N138", "dst": "AN-N29", "hlc": {"phys": 1758810577270, "cnt": 0, "node": "EU-N138"}, "package_id": "PKG10570", "payload": {"status": "CREATED"}, "sent_ts": 1758810570890, "arrival_ts": 1758810570890}
{"action": "send", "src": "EU-N138", "dst": "AN-N29", "hlc": {"phys": 1758810577548, "cnt": 0, "node": "EU-N138"}, "package_id": "PKG10570", "payload": {"status": "SENT"}, "sent_ts": 1758810571168, "arrival_ts": 1758810571168}
{"action": "send", "src": "EU-N138", "dst": "AN-N29", "hlc": {"phys": 1758810577797, "cnt": 0, "node": "EU-N138"}, "package_id": "PKG10570", "payload": {"status": "IN_TRANSIT"}, "sent_ts": 1758810571417, "arrival_ts": 1758810571417}
{"action": "send", "src": "EU-N138", "dst": "AN-N29", "hlc": {"phys": 1758810578201, "cnt": 0, "node": "EU-N138"}, "package_id": "PKG10570", "payload": {"status": "RECEIVED"}, "sent_ts": 1758810571821, "arrival_ts": 1758810571821}
{"action": "send", "src": "EU-N138", "dst": "AN-N29", "hlc": {"phys": 1758810578527, "cnt": 0, "node": "EU-N138"}, "package_id": "PKG10570", "payload": {"status": "DELIVERED"}, "sent_ts": 1758810572147, "arrival_ts": 1758810572147}
{"action": "send", "src": "EU-N138", "dst": "NA-N36", "hlc": {"phys": 1758811578344, "cnt": 0, "node": "EU-N138"}, "package_id": "PKG11571", "payload": {"status": "CREATED"}, "sent_ts": 1758811571964, "arrival_ts": 1758811571964}
{"action": "send", "src": "EU-N138", "dst": "NA-N36", "hlc": {"phys": 1758811578687, "cnt": 0, "node": "EU-N138"}, "package_id": "PKG11571", "payload": {"status": "SENT"}, "sent_ts": 1758811572307, "arrival_ts": 1758811572307}
{"action": "send", "src": "EU-N138", "dst": "NA-N36", "hlc": {"phys": 1758811579032, "cnt": 0, "node": "EU-N138"}, "package_id": "PKG11571", "payload": {"status": "IN_TRANSIT"}, "sent_ts": 1758811572652, "arrival_ts": 1758811572652}
{"action": "send", "src": "EU-N138", "dst": "NA-N36", "hlc": {"phys": 1758811579360, "cnt": 0, "node": "EU-N138"}, "package_id": "PKG11571", "payload": {"status": "RECEIVED"}, "sent_ts": 1758811572980, "arrival_ts": 1758811572980}
{"action": "send", "src": "EU-N138", "dst": "NA-N36", "hlc": {"phys": 1758811579689, "cnt": 0, "node": "EU-N138"}, "package_id": "PKG11571", "payload": {"status": "DELIVERED"}, "sent_ts": 1758811573309, "arrival_ts": 1758811573309}
{"action": "recv", "src": "AN-N152", "dst": "EU-N138", "hlc": {"phys": 1758812693234, "cnt": 0, "node": "AN-N152"}, "package_id": "PKG12661", "payload": {"status": "CREATED"}, "sent_ts": 1758812661714, "arrival_ts": 1758812661891}
{"action": "recv", "src": "AN-N152", "dst": "EU-N138", "hlc": {"phys": 1758812693624, "cnt": 0, "node": "AN-N152"}, "package_id": "PKG12661", "payload": {"status": "SENT"}, "sent_ts": 1758812662104, "arrival_ts": 1758812662177}
{"action": "recv", "src": "AN-N152", "dst": "EU-N138", "hlc": {"phys": 1758812693905, "cnt": 0, "node": "AN-N152"}, "package_id": "PKG12661", "payload": {"status": "IN_TRANSIT"}, "sent_ts": 1758812662385, "arrival_ts": 1758812662556}
{"action": "recv", "src": "AN-N152", "dst": "EU-N138", "hlc": {"phys": 1758812694278, "cnt": 0, "node": "AN-N152"}, "package_id": "PKG12661", "payload": {"status": "RECEIVED"}, "sent_ts": 1758812662758, "arrival_ts": 1758812662882}
{"action": "recv", "src": "AN-N152", "dst": "EU-N138", "hlc": {"phys": 1758812694606, "cnt": 0, "node": "AN-N152"}, "package_id": "PKG12661", "payload": {"status": "DELIVERED"}, "sent_ts": 1758812663086, "arrival_ts": 1758812663256}
{"action": "send", "src": "EU-N138", "dst": "EU-N118", "hlc": {"phys": 1758814345521, "cnt": 0, "node": "EU-N138"}, "package_id": "PKG14339", "payload": {"status": "CREATED"}, "sent_ts": 1758814339141, "arrival_ts": 1758814339141}
{"action": "send", "src": "EU-N138", "dst": "EU-N118", "hlc": {"phys": 1758814345753, "cnt": 0, "node": "EU-N138"}, "package_id": "PKG14339", "payload": {"status": "SENT"}, "sent_ts": 1758814339373, "arrival_ts": 1758814339373}
{"action": "send", "src": "EU-N138", "dst": "EU-N118", "hlc": {"phys": 1758814346096, "cnt": 0, "node": "EU-N138"}, "package_id": "PKG14339", "payload": {"status": "IN_TRANSIT"}, "sent_ts": 1758814339716, "arrival_ts": 1758814339716}
{"action": "send", "src": "EU-N138", "dst": "EU-N118", "hlc": {"phys": 1758814346347, "cnt": 0, "node": "EU-N138"}, "package_id": "PKG14339", "payload": {"status": "RECEIVED"}, "sent_ts": 1758814339967, "arrival_ts": 1758814339967}
{"action": "send", "src": "EU-N138", "dst": "EU-N118", "hlc": {"phys": 1758814346706, "cnt": 0, "node": "EU-N138"}, "package_id": "PKG14339", "payload": {"status": "DELIVERED"}, "sent_ts": 1758814340326, "arrival_ts": 1758814340326}
