{"action": "send", "src": "EU-N136", "dst": "AN-N71", "hlc": {"phys": 1758713029649, "cnt": 0, "node": "EU-N136"}, "package_id": "PKG13023", "payload": {"status": "CREATED"}, "sent_ts": 1758713023289, "arrival_ts": 1758713023289}
{"action": "send", "src": "EU-N136", "dst": "AN-N71", "hlc": {"phys": 1758713030052, "cnt": 0, "node": "EU-N136"}, "package_id": "PKG13023", "payload": {"status": "SENT"}, "sent_ts": 1758713023692, "arrival_ts": 1758713023692}
{"action": "send", "src": "EU-N136", "dst": "AN-N71", "hlc": {"phys": 1758713030392, "cnt": 0, "node": "EU-N136"}, "package_id": "PKG13023", "payload": {"status": "IN_TRANSIT"}, "sent_ts": 1758713024032, "arrival_ts": 1758713024032}
{"action": "send", "src": "EU-N136", "dst": "AN-N71", "hlc": {"phys": 1758713030701, "cnt": 0, "node": "EU-N136"}, "package_id": "PKG13023", "payload": {"status": "RECEIVED"}, "sent_ts": 1758713024341, "arrival_ts": 1758713024341}
{"action": "send", "src": "EU-N136", "dst": "AN-N71", "hlc": {"phys": 1758713031088, "cnt": 0, "node": "EU-N136"}, "package_id": "PKG13023", "payload": {"status": "DELIVERED"}, "sent_ts": 1758713024728, "arrival_ts": 1758713024728}
{"action": "send", "src": "EU-N136", "dst": "EU-N149", "hlc": {"phys": 1758718797111, "cnt": 0, "node": "EU-N136"}, "package_id": "PKG18790", "payload": {"status": "CREATED"}, "sent_ts": 1758718790751, "arrival_ts": 1758718790751}
{"action": "send", "src": "EU-N136", "dst": "EU-N149", "hlc": {"phys": 1758718797461, "cnt": 0, "node": "EU-N136"}, "package_id": "PKG18790", "payload": {"status": "SENT"}, "sent_ts": 1758718791101, "arrival_ts": 1758718791101}
{"action": "send", "src": "EU-N136", "dst": "EU-N149", "hlc": {"phys": 1758718797698, "cnt": 0, "node": "EU-N136"}, "package_id": "PKG18790", "payload": {"status": "IN_TRANSIT"}, "sent_ts": 1758718791338, "arrival_ts": 1758718791338}
{"action": "send", "src": "EU-N136", "dst": "EU-N149", "hlc": {"phys": 1758718797968, "cnt": 0, "node": "EU-N136"}, "package_id": "PKG18790", "payload": {"status": "RECEIVED"}, "sent_ts": 1758718791608, "arrival_ts": 1758718791608}
{"action": "send", "src": "EU-N136", "dst": "EU-N149", "hlc": {"phys": 1758718798267, "cnt": 0, "node": "EU-N136"}, "package_id": "PKG18790", "payload": {"status": "DELIVERED"}, "sent_ts": 1758718791907, "arrival_ts": 1758718791907}
{"action": "recv", "src": "NA-N89", "dst": "EU-N136", "hlc": {"phys": 1758718856846, "cnt": 0, "node": "NA-N89"}, "package_id": "PKG18855", "payload": {"status": "CREATED"}, "sent_ts": 1758718855956, "arrival_ts": 1758718855970}
{"action": "recv", "src": "NA-N89", "dst": "EU-N136", "hlc": {"phys": 1758718857070, "cnt": 0, "node": "NA-N89"}, "package_id": "PKG18855", "payload": {"status": "SENT"}, "sent_ts": 1758718856180, "arrival_ts": 1758718856365}
{"action": "recv", "src": "NA-N89", "dst": "EU-N136", "hlc": {"phys": 1758718857459, "cnt": 0, "node": "NA-N89"}, "package_id": "PKG18855", "payload": {"status": "IN_TRANSIT"}, "sent_ts": 1758718856569, "arrival_ts": 1758718856639}
{"action": "recv", "src": "NA-N89", "dst": "EU-N136", "hlc": {"phys": 1758718857737, "cnt": 0, "node": "NA-N89"}, "package_id": "PKG18855", "payload": {"status": "RECEIVED"}, "sent_ts": 1758718856847, "arrival_ts": 1758718856977}
{"action": "recv", "src": "NA-N89", "dst": "EU-N136", "hlc": {"phys": 1758718858070, "cnt": 0, "node": "NA-N89"}, "package_id": "PKG18855", "payload": {"status": "DELIVERED"}, "sent_ts": 1758718857180, "arrival_ts": 1758718857221}
{"action": "recv", "src": "NA-N154", "dst": "EU-N136", "hlc": {"phys": 1758719024822, "cnt": 0, "node": "NA-N154"}, "package_id": "PKG19023", "payload": {"status": "CREATED"}, "sent_ts": 1758719023282, "arrival_ts": 1758719023362}
{"action": "recv", "src": "NA-N154", "dst": "EU-N136", "hlc": {"phys": 1758719025106, "cnt": 0, "node": "NA-N154"}, "package_id": "PKG19023", "payload": {"status": "SENT"}, "sent_ts": 1758719023566, "arrival_ts": 1758719023677}
{"action": "recv", "src": "NA-N154", "dst": "EU-N136", "hlc": {"phys": 1758719025421, "cnt": 0, "node": "NA-N154"}, "package_id": "PKG19023", "payload": {"status": "IN_TRANSIT"}, "sent_ts": 1758719023881, "arrival_ts": 1758719024006}
{"action": "recv", "src": "NA-N154", "dst": "EU-N136", "hlc": {"phys": 1758719025747, "cnt": 0, "node": "NA-N154"}, "package_id": "PKG19023", "payload": {"status": "RECEIVED"}, "sent_ts": 1758719024207, "arrival_ts": 1758719024314}
{"action": "recv", "src": "NA-N154", "dst": "EU-N136", "hlc": {"phys": 1758719026065, "cnt": 0, "node": "NA-N154"}, "package_id": "PKG19023", "payload": {"status": "DELIVERED"}, "sent_ts": 1758719024525, "arrival_ts": 1758719024657}
{"action": "send", "src": "EU-N136", "dst": "NA-N16", "hlc": {"phys": 1758738113172, "cnt": 0, "node": "EU-N136"}, "package_id": "PKG38106", "payload": {"status": "CREATED"}, "sent_ts": 1758738106811, "arrival_ts": 1758738106812}
{"action": "send", "src": "EU-N136", "dst": "NA-N16", "hlc": {"phys": 1758738113509, "cnt": 0, "node": "EU-N136"}, "package_id": "PKG38106", "payload": {"status": "SENT"}, "sent_ts": 1758738107149, "arrival_ts": 1758738107149}
{"action": "send", "src": "EU-N136", "dst": "NA-N16", "hlc": {"phys": 1758738113754, "cnt": 0, "node": "EU-N136"}, "package_id": "PKG38106", "payload": {"status": "IN_TRANSIT"}, "sent_ts": 1758738107394, "arrival_ts": 1758738107394}
{"action": "send", "src": "EU-N136", "dst": "NA-N16", "hlc": {"phys": 1758738114109, "cnt": 0, "node": "EU-N136"}, "package_id": "PKG38106", "payload": {"status": "RECEIVED"}, "sent_ts": 1758738107749, "arrival_ts": 1758738107749}
{"action": "send", "src": "EU-N136", "dst": "NA-N16", "hlc": {"phys": 1758738114389, "cnt": 0, "node": "EU-N136"}, "package_id": "PKG38106", "payload": {"status": "DELIVERED"}, "sent_ts": 1758738108029, "arrival_ts": 1758738108029}
{"action": "send", "src": "EU-N136", "dst": "AS-N192", "hlc": {"phys": 1758740873375, "cnt": 0, "node": "EU-N136"}, "package_id": "PKG40867", "payload": {"status": "CREATED"}, "sent_ts": 1758740867015, "arrival_ts": 1758740867015}
{"action": "send", "src": "EU-N136", "dst": "AS-N192", "hlc": {"phys": 1758740873599, "cnt": 0, "node": "EU-N136"}, "package_id": "PKG40867", "payload": {"status": "SENT"}, "sent_ts": 1758740867239, "arrival_ts": 1758740867239}
{"action": "send", "src": "EU-N136", "dst": "AS-N192", "hlc": {"phys": 1758740873810, "cnt": 0, "node": "EU-N136"}, "package_id": "PKG40867", "payload": {"status": "IN_TRANSIT"}, "sent_ts": 1758740867450, "arrival_ts": 1758740867450}
{"action": "send", "src": "EU-N136", "dst": "AS-N192", "hlc": {"phys": 1758740874067, "cnt": 0, "node": "EU-N136"}, "package_id": "PKG40867", "payload": {"status": "RECEIVED"}, "sent_ts": 1758740867707, "arrival_ts": 1758740867707}
{"action": "send", "src": "EU-N136", "dst": "AS-N192", "hlc": {"phys": 1758740874457, "cnt": 0, "node": "EU-N136"}, "package_id": "PKG40867", "payload": {"status": "DELIVERED"}, "sent_ts": 1758740868097, "arrival_ts": 1758740868097}
{"action": "send", "src": "EU-N136", "dst": "NA-N62", "hlc": {"phys": 1758741999883, "cnt": 0, "node": "EU-N136"}, "package_id": "PKG41993", "payload": {"status": "CREATED"}, "sent_ts": 1758741993523, "arrival_ts": 1758741993523}
{"action": "send", "src": "EU-N136", "dst": "NA-N62", "hlc": {"phys": 1758742000116, "cnt": 0, "node": "EU-N136"}, "package_id": "PKG41993", "payload": {"status": "SENT"}, "sent_ts": 1758741993756, "arrival_ts": 1758741993756}
{"action": "send", "src": "EU-N136", "dst": "NA-N62", "hlc": {"phys": 1758742000502, "cnt": 0, "node": "EU-N136"}, "package_id": "PKG41993", "payload": {"status": "IN_TRANSIT"}, "sent_ts": 1758741994142, "arrival_ts": 1758741994142}
{"action": "send", "src": "EU-N136", "dst": "NA-N62", "hlc": {"phys": 1758742000873, "cnt": 0, "node": "EU-N136"}, "package_id": "PKG41993", "payload": {"status": "RECEIVED"}, "sent_ts": 1758741994512, "arrival_ts": 1758741994513}
{"action": "send", "src": "EU-N136", "dst": "NA-N62", "hlc": {"phys": 1758742001105, "cnt": 0, "node": "EU-N136"}, "package_id": "PKG41993", "payload": {"status": "DELIVERED"}, "sent_ts": 1758741994744, "arrival_ts": 1758741994745}
{"action": "send", "src": "EU-N136", "dst": "EU-N194", "hlc": {"phys": 1758744959637, "cnt": 0, "node": "EU-N136"}, "package_id": "PKG44953", "payload": {"status": "CREATED"}, "sent_ts": 1758744953277, "arrival_ts": 1758744953277}
{"action": "send", "src": "EU-N136", "dst": "EU-N194", "hlc": {"phys": 1758744959963, "cnt": 0, "node": "EU-N136"}, "package_id": "PKG44953", "payload": {"status": "SENT"}, "sent_ts": 1758744953603, "arrival_ts": 1758744953603}
{"action": "send", "src": "EU-N136", "dst": "EU-N194", "hlc": {"phys": 1758744960240, "cnt": 0, "node": "EU-N136"}, "package_id": "PKG44953", "payload": {"status": "IN_TRANSIT"}, "sent_ts": 1758744953880, "arrival_ts": 1758744953880}
{"action": "send", "src": "EU-N136", "dst": "EU-N194", "hlc": {"phys": 1758744960533, "cnt": 0, "node": "EU-N136"}, "package_id": "PKG44953", "payload": {"status": "RECEIVED"}, "sent_ts": 1758744954173, "arrival_ts": 1758744954173}
{"action": "send", "src": "EU-N136", "dst": "EU-N194", "hlc": {"phys": 1758744960930, "cnt": 0, "node": "EU-N136"}, "package_id": "PKG44953", "payload": {"status": "DELIVERED"}, "sent_ts": 1758744954570, "arrival_ts": 1758744954570}
{"action": "send", "src": "EU-N136", "dst": "AN-N124", "hlc": {"phys": 1758748832733, "cnt": 0, "node": "EU-N136"}, "package_id": "PKG48826", "payload": {"status": "CREATED"}, "sent_ts": 1758748826373, "arrival_ts": 1758748826373}
{"action": "send", "src": "EU-N136", "dst": "AN-N124", "hlc": {"phys": 1758748833153, "cnt": 0, "node": "EU-N136"}, "package_id": "PKG48826", "payload": {"status": "SENT"}, "sent_ts": 1758748826793, "arrival_ts": 1758748826793}
{"action": "send", "src": "EU-N136", "dst": "AN-N124", "hlc": {"phys": 1758748833404, "cnt": 0, "node": "EU-N136"}, "package_id": "PKG48826", "payload": {"status": "IN_TRANSIT"}, "sent_ts": 1758748827044, "arrival_ts": 1758748827044}
{"action": "send", "src": "EU-N136", "dst": "AN-N124", "hlc": {"phys": 1758748833707, "cnt": 0, "node": "EU-N136"}, "package_id": "PKG48826", "payload": {"status": "RECEIVED"}, "sent_ts": 1758748827347, "arrival_ts": 1758748827347}
{"action": "send", "src": "EU-N136", "dst": "AN-N124", "hlc": {"phys": 1758748834050, "cnt": 0, "node": "EU-N136"}, "package_id": "PKG48826", "payload": {"status": "DELIVERED"}, "sent_ts": 1758748827690, "arrival_ts": 1758748827690}
{"action": "recv", "src": "AF-N133", "dst": "EU-N136", "hlc": {"phys": 1758752924618, "cnt": 0, "node": "AF-N133"}, "package_id": "PKG52908", "payload": {"status": "CREATED"}, "sent_ts": 1758752908288, "arrival_ts": 1758752908457}
{"action": "recv", "src": "AF-N133", "dst": "EU-N136", "hlc": {"phys": 1758752925001, "cnt": 0, "node": "AF-N133"}, "package_id": "PKG52908", "payload": {"status": "SENT"}, "sent_ts": 1758752908671, "arrival_ts": 1758752908864}
{"action": "recv", "src": "AF-N133", "dst": "EU-N136", "hlc": {"phys": 1758752925395, "cnt": 0, "node": "AF-N133"}, "package_id": "PKG52908", "payload": {"status": "IN_TRANSIT"}, "sent_ts": 1758752909065, "arrival_ts": 1758752909088}
{"action": "recv", "src": "AF-N133", "dst": "EU-N136", "hlc": {"phys": 1758752925635, "cnt": 0, "node": "AF-N133"}, "package_id": "PKG52908", "payload": {"status": "RECEIVED"}, "sent_ts": 1758752909305, "arrival_ts": 1758752909441}
{"action": "recv", "src": "AF-N133", "dst": "EU-N136", "hlc": {"phys": 1758752925978, "cnt": 0, "node": "AF-N133"}, "package_id": "PKG52908", "payload": {"status": "DELIVERED"}, "sent_ts": 1758752909648, "arrival_ts": 1758752909671}
{"action": "recv", "src": "SA-N4", "dst": "EU-N136", "hlc": {"phys": 1758755182769, "cnt": 0, "node": "SA-N4"}, "package_id": "PKG55162", "payload": {"status": "CREATED"}, "sent_ts": 1758755162729, "arrival_ts": 1758755162872}
{"action": "recv", "src": "SA-N4", "dst": "EU-N136", "hlc": {"phys": 1758755183122, "cnt": 0, "node": "SA-N4"}, "package_id": "PKG55162", "payload": {"status": "SENT"}, "sent_ts": 1758755163082, "arrival_ts": 1758755163134}
{"action": "recv", "src": "SA-N4", "dst": "EU-N136", "hlc": {"phys": 1758755183393, "cnt": 0, "node": "SA-N4"}, "package_id": "PKG55162", "payload": {"status": "IN_TRANSIT"}, "sent_ts": 1758755163353, "arrival_ts": 1758755163465}
{"action": "recv", "src": "SA-N4", "dst": "EU-N136", "hlc": {"phys": 1758755183719, "cnt": 0, "node": "SA-N4"}, "package_id": "PKG55162", "payload": {"status": "RECEIVED"}, "sent_ts": 1758755163679, "arrival_ts": 1758755163873}
{"action": "recv", "src": "SA-N4", "dst": "EU-N136", "hlc": {"phys": 1758755184120, "cnt": 0, "node": "SA-N4"}, "package_id": "PKG55162", "payload": {"status": "DELIVERED"}, "sent_ts": 1758755164080, "arrival_ts": 1758755164257}
{"action": "recv", "src": "EU-N184", "dst": "EU-N136", "hlc": {"phys": 1758755659639, "cnt": 0, "node": "EU-N184"}, "package_id": "PKG55652", "payload": {"status": "CREATED"}, "sent_ts": 1758755652799, "arrival_ts": 1758755652935}
{"action": "recv", "src": "EU-N184", "dst": "EU-N136", "hlc": {"phys": 1758755659986, "cnt": 0, "node": "EU-N184"}, "package_id": "PKG55652", "payload": {"status": "SENT"}, "sent_ts": 1758755653146, "arrival_ts": 1758755653326}
{"action": "recv", "src": "EU-N184", "dst": "EU-N136", "hlc": {"phys": 1758755660383, "cnt": 0, "node": "EU-N184"}, "package_id": "PKG55652", "payload": {"status": "IN_TRANSIT"}, "sent_ts": 1758755653543, "arrival_ts": 1758755653598}
{"action": "recv", "src": "EU-N184", "dst": "EU-N136", "hlc": {"phys": 1758755660651, "cnt": 0, "node": "EU-N184"}, "package_id": "PKG55652", "payload": {"status": "RECEIVED"}, "sent_ts": 1758755653811, "arrival_ts": 1758755653839}
{"action": "recv", "src": "EU-N184", "dst": "EU-N136", "hlc": {"phys": 1758755660887, "cnt": 0, "node": "EU-N184"}, "package_id": "PKG55652", "payload": {"status": "DELIVERED"}, "sent_ts": 1758755654047, "arrival_ts": 1758755654201}
{"action": "send", "src": "EU-N136", "dst": "NA-N91", "hlc": {"phys": 1758755677863, "cnt": 0, "node": "EU-N136"}, "package_id": "PKG55671", "payload": {"status": "CREATED"}, "sent_ts": 1758755671503, "arrival_ts": 1758755671503}
{"action": "send", "src": "EU-N136", "dst": "NA-N91", "hlc": {"phys": 1758755678197, "cnt": 0, "node": "EU-N136"}, "package_id": "PKG55671", "payload": {"status": "SENT"}, "sent_ts": 1758755671837, "arrival_ts": 1758755671837}
{"action": "send", "src": "EU-N136", "dst": "NA-N91", "hlc": {"phys": 1758755678479, "cnt": 0, "node": "EU-N136"}, "package_id": "PKG55671", "payload": {"status": "IN_TRANSIT"}, "sent_ts": 1758755672118, "arrival_ts": 1758755672119}
{"action": "send", "src": "EU-N136", "dst": "NA-N91", "hlc": {"phys": 1758755678748, "cnt": 0, "node": "EU-N136"}, "package_id": "PKG55671", "payload": {"status": "RECEIVED"}, "sent_ts": 1758755672388, "arrival_ts": 1758755672388}
{"action": "send", "src": "EU-N136", "dst": "NA-N91", "hlc": {"phys": 1758755679104, "cnt": 0, "node": "EU-N136"}, "package_id": "PKG55671", "payload": {"status": "DELIVERED"}, "sent_ts": 1758755672744, "arrival_ts": 1758755672744}
{"action": "recv", "src": "SA-N79", "dst": "EU-N136", "hlc": {"phys": 1758756023096, "cnt": 0, "node": "SA-N79"}, "package_id": "PKG56002", "payload": {"status": "CREATED"}, "sent_ts": 1758756002306, "arrival_ts": 1758756002505}
{"action": "recv", "src": "SA-N79", "dst": "EU-N136", "hlc": {"phys": 1758756023506, "cnt": 0, "node": "SA-N79"}, "package_id": "PKG56002", "payload": {"status": "SENT"}, "sent_ts": 1758756002716, "arrival_ts": 1758756002893}
{"action": "recv", "src": "SA-N79", "dst": "EU-N136", "hlc": {"phys": 1758756023902, "cnt": 0, "node": "SA-N79"}, "package_id": "PKG56002", "payload": {"status": "IN_TRANSIT"}, "sent_ts": 1758756003112, "arrival_ts": 1758756003148}
{"action": "recv", "src": "SA-N79", "dst": "EU-N136", "hlc": {"phys": 1758756024149, "cnt": 0, "node": "SA-N79"}, "package_id": "PKG56002", "payload": {"status": "RECEIVED"}, "sent_ts": 1758756003359, "arrival_ts": 1758756003553}
{"action": "recv", "src": "SA-N79", "dst": "EU-N136", "hlc": {"phys": 1758756024549, "cnt": 0, "node": "SA-N79"}, "package_id": "PKG56002", "payload": {"status": "DELIVERED"}, "sent_ts": 1758756003759, "arrival_ts": 1758756003837}
{"action": "send", "src": "EU-N136", "dst": "EU-N121", "hlc": {"phys": 1758756889430, "cnt": 0, "node": "EU-N136"}, "package_id": "PKG56883", "payload": {"status": "CREATED"}, "sent_ts": 1758756883070, "arrival_ts": 1758756883070}
{"action": "send", "src": "EU-N136", "dst": "EU-N121", "hlc": {"phys": 1758756889760, "cnt": 0, "node": "EU-N136"}, "package_id": "PKG56883", "payload": {"status": "SENT"}, "sent_ts": 1758756883400, "arrival_ts": 1758756883400}
{"action": "send", "src": "EU-N136", "dst": "EU-N121", "hlc": {"phys": 1758756890168, "cnt": 0, "node": "EU-N136"}, "package_id": "PKG56883", "payload": {"status": "IN_TRANSIT"}, "sent_ts": 1758756883808, "arrival_ts": 1758756883808}
{"action": "send", "src": "EU-N136", "dst": "EU-N121", "hlc": {"phys": 1758756890419, "cnt": 0, "node": "EU-N136"}, "package_id": "PKG56883", "payload": {"status": "RECEIVED"}, "sent_ts": 1758756884059, "arrival_ts": 1758756884059}
{"action": "send", "src": "EU-N136", "dst": "EU-N121", "hlc": {"phys": 1758756890702, "cnt": 0, "node": "EU-N136"}, "package_id": "PKG56883", "payload": {"status": "DELIVERED"}, "sent_ts": 1758756884342, "arrival_ts": 1758756884342}
{"action": "recv", "src": "AN-N86", "dst": "EU-N136", "hlc": {"phys": 1758758147879, "cnt": 0, "node": "AN-N86"}, "package_id": "PKG58117", "payload": {"status": "CREATED"}, "sent_ts": 1758758117019, "arrival_ts": 1758758117132}
{"action": "recv", "src": "AN-N86", "dst": "EU-N136", "hlc": {"phys": 1758758148200, "cnt": 0, "node": "AN-N86"}, "package_id": "PKG58117", "payload": {"status": "SENT"}, "sent_ts": 1758758117340, "arrival_ts": 1758758117413}
{"action": "recv", "src": "AN-N86", "dst": "EU-N136", "hlc": {"phys": 1758758148481, "cnt": 0, "node": "AN-N86"}, "package_id": "PKG58117", "payload": {"status": "IN_TRANSIT"}, "sent_ts": 1758758117621, "arrival_ts": 1758758117652}
{"action": "recv", "src": "AN-N86", "dst": "EU-N136", "hlc": {"phys": 1758758148727, "cnt": 0, "node": "AN-N86"}, "package_id": "PKG58117", "payload": {"status": "RECEIVED"}, "sent_ts": 1758758117867, "arrival_ts": 1758758117973}
{"action": "recv", "src": "AN-N86", "dst": "EU-N136", "hlc": {"phys": 1758758149042, "cnt": 0, "node": "AN-N86"}, "package_id": "PKG58117", "payload": {"status": "DELIVERED"}, "sent_ts": 1758758118182, "arrival_ts": 1758758118352}
{"action": "recv", "src": "SA-N140", "dst": "EU-N136", "hlc": {"phys": 1758761578428, "cnt": 0, "node": "SA-N140"}, "package_id": "PKG61557", "payload": {"status": "CREATED"}, "sent_ts": 1758761557028, "arrival_ts": 1758761557211}
{"action": "recv", "src": "SA-N140", "dst": "EU-N136", "hlc": {"phys": 1758761578816, "cnt": 0, "node": "SA-N140"}, "package_id": "PKG61557", "payload": {"status": "SENT"}, "sent_ts": 1758761557416, "arrival_ts": 1758761557524}
{"action": "recv", "src": "SA-N140", "dst": "EU-N136", "hlc": {"phys": 1758761579131, "cnt": 0, "node": "SA-N140"}, "package_id": "PKG61557", "payload": {"status": "IN_TRANSIT"}, "sent_ts": 1758761557731, "arrival_ts": 1758761557877}
{"action": "recv", "src": "SA-N140", "dst": "EU-N136", "hlc": {"phys": 1758761579483, "cnt": 0, "node": "SA-N140"}, "package_id": "PKG61557", "payload": {"status": "RECEIVED"}, "sent_ts": 1758761558083, "arrival_ts": 1758761558157}
{"action": "recv", "src": "SA-N140", "dst": "EU-N136", "hlc": {"phys": 1758761579774, "cnt": 0, "node": "SA-N140"}, "package_id": "PKG61557", "payload": {"status": "DELIVERED"}, "sent_ts": 1758761558374, "arrival_ts": 1758761558419}
{"action": "recv", "src": "AU-N16", "dst": "EU-N136", "hlc": {"phys": 1758800096262, "cnt": 0, "node": "AU-N16"}, "package_id": "PKG71", "payload": {"status": "CREATED"}, "sent_ts": 1758800071102, "arrival_ts": 1758800071245}
{"action": "recv", "src": "AU-N16", "dst": "EU-N136", "hlc": {"phys": 1758800096620, "cnt": 0, "node": "AU-N16"}, "package_id": "PKG71", "payload": {"status": "SENT"}, "sent_ts": 1758800071460, "arrival_ts": 1758800071570}
{"action": "recv", "src": "AU-N16", "dst": "EU-N136", "hlc": {"phys": 1758800096931, "cnt": 0, "node": "AU-N16"}, "package_id": "PKG71", "payload": {"status": "IN_TRANSIT"}, "sent_ts": 1758800071771, "arrival_ts": 1758800071947}
{"action": "recv", "src": "AU-N16", "dst": "EU-N136", "hlc": {"phys": 1758800097305, "cnt": 0, "node": "AU-N16"}, "package_id": "PKG71", "payload": {"status": "RECEIVED"}, "sent_ts": 1758800072145, "arrival_ts": 1758800072177}
{"action": "recv", "src": "AU-N16", "dst": "EU-N136", "hlc": {"phys": 1758800097538, "cnt": 0, "node": "AU-N16"}, "package_id": "PKG71", "payload": {"status": "DELIVERED"}, "sent_ts": 1758800072378, "arrival_ts": 1758800072560}
{"action": "send", "src": "EU-N136", "dst": "AN-N132", "hlc": {"phys": 1758803593348, "cnt": 0, "node": "EU-N136"}, "package_id": "PKG3586", "payload": {"status": "CREATED"}, "sent_ts": 1758803586988, "arrival_ts": 1758803586988}
{"action": "send", "src": "EU-N136", "dst": "AN-N132", "hlc": {"phys": 1758803593748, "cnt": 0, "node": "EU-N136"}, "package_id": "PKG3586", "payload": {"status": "SENT"}, "sent_ts": 1758803587388, "arrival_ts": 1758803587388}
{"action": "send", "src": "EU-N136", "dst": "AN-N132", "hlc": {"phys": 1758803594036, "cnt": 0, "node": "EU-N136"}, "package_id": "PKG3586", "payload": {"status": "IN_TRANSIT"}, "sent_ts": 1758803587676, "arrival_ts": 1758803587676}
{"action": "send", "src": "EU-N136", "dst": "AN-N132", "hlc": {"phys": 1758803596915, "cnt": 0, "node": "EU-N136"}, "package_id": "PKG3586", "payload": {"status": "RECEIVED"}, "sent_ts": 1758803590555, "arrival_ts": 1758803590555}
{"action": "send", "src": "EU-N136", "dst": "AN-N132", "hlc": {"phys": 1758803597195, "cnt": 0, "node": "EU-N136"}, "package_id": "PKG3586", "payload": {"status": "DELIVERED"}, "sent_ts": 1758803590835, "arrival_ts": 1758803590835}
{"action": "send", "src": "EU-N136", "dst": "EU-N68", "hlc": {"phys": 1758803603118, "cnt": 0, "node": "EU-N136"}, "package_id": "PKG3596", "payload": {"status": "CREATED"}, "sent_ts": 1758803596758, "arrival_ts": 1758803596758}
{"action": "send", "src": "EU-N136", "dst": "EU-N68", "hlc": {"phys": 1758803603467, "cnt": 0, "node": "EU-N136"}, "package_id": "PKG3596", "payload": {"status": "SENT"}, "sent_ts": 1758803597107, "arrival_ts": 1758803597107}
{"action": "send", "src": "EU-N136", "dst": "EU-N68", "hlc": {"phys": 1758803603754, "cnt": 0, "node": "EU-N136"}, "package_id": "PKG3596", "payload": {"status": "IN_TRANSIT"}, "sent_ts": 1758803597394, "arrival_ts": 1758803597394}
{"action": "send", "src": "EU-N136", "dst": "EU-N68", "hlc": {"phys": 1758803604145, "cnt": 0, "node": "EU-N136"}, "package_id": "PKG3596", "payload": {"status": "RECEIVED"}, "sent_ts": 1758803597785, "arrival_ts": 1758803597785}
{"action": "send", "src": "EU-N136", "dst": "EU-N68", "hlc": {"phys": 1758803604394, "cnt": 0, "node": "EU-N136"}, "package_id": "PKG3596", "payload": {"status": "DELIVERED"}, "sent_ts": 1758803598034, "arrival_ts": 1758803598034}
{"action": "send", "src": "EU-N136", "dst": "SA-N163", "hlc": {"phys": 1758804467873, "cnt": 0, "node": "EU-N136"}, "package_id": "PKG4461", "payload": {"status": "CREATED"}, "sent_ts": 1758804461513, "arrival_ts": 1758804461513}
{"action": "send", "src": "EU-N136", "dst": "SA-N163", "hlc": {"phys": 1758804468159, "cnt": 0, "node": "EU-N136"}, "package_id": "PKG4461", "payload": {"status": "SENT"}, "sent_ts": 1758804461799, "arrival_ts": 1758804461799}
{"action": "send", "src": "EU-N136", "dst": "SA-N163", "hlc": {"phys": 1758804469513, "cnt": 0, "node": "EU-N136"}, "package_id": "PKG4461", "payload": {"status": "IN_TRANSIT"}, "sent_ts": 1758804463153, "arrival_ts": 1758804463153}
{"action": "send", "src": "EU-N136", "dst": "SA-N163", "hlc": {"phys": 1758804469846, "cnt": 0, "node": "EU-N136"}, "package_id": "PKG4461", "payload": {"status": "RECEIVED"}, "sent_ts": 1758804463486, "arrival_ts": 1758804463486}
{"action": "send", "src": "EU-N136", "dst": "SA-N163", "hlc": {"phys": 1758804470086, "cnt": 0, "node": "EU-N136"}, "package_id": "PKG4461", "payload": {"status": "DELIVERED"}, "sent_ts": 1758804463726, "arrival_ts": 1758804463726}
{"action": "recv", "src": "AU-N164", "dst": "EU-N136", "hlc": {"phys": 1758805978993, "cnt": 0, "node": "AU-N164"}, "package_id": "PKG5952", "payload": {"status": "CREATED"}, "sent_ts": 1758805952353, "arrival_ts": 1758805952429}
{"action": "recv", "src": "AU-N164", "dst": "EU-N136", "hlc": {"phys": 1758805979271, "cnt": 0, "node": "AU-N164"}, "package_id": "PKG5952", "payload": {"status": "SENT"}, "sent_ts": 1758805952631, "arrival_ts": 1758805952829}
{"action": "recv", "src": "AU-N164", "dst": "EU-N136", "hlc": {"phys": 1758805979672, "cnt": 0, "node": "AU-N164"}, "package_id": "PKG5952", "payload": {"status": "IN_TRANSIT"}, "sent_ts": 1758805953032, "arrival_ts": 1758805953203}
{"action": "recv", "src": "AU-N164", "dst": "EU-N136", "hlc": {"phys": 1758805980056, "cnt": 0, "node": "AU-N164"}, "package_id": "PKG5952", "payload": {"status": "RECEIVED"}, "sent_ts": 1758805953416, "arrival_ts": 1758805953546}
{"action": "recv", "src": "AU-N164", "dst": "EU-N136", "hlc": {"phys": 1758805980395, "cnt": 0, "node": "AU-N164"}, "package_id": "PKG5952", "payload": {"status": "DELIVERED"}, "sent_ts": 1758805953755, "arrival_ts": 1758805953940}
{"action": "send", "src": "EU-N136", "dst": "AN-N92", "hlc": {"phys": 1758809626102, "cnt": 0, "node": "EU-N136"}, "package_id": "PKG9619", "payload": {"status": "CREATED"}, "sent_ts": 1758809619742, "arrival_ts": 1758809619742}
{"action": "send", "src": "EU-N136", "dst": "AN-N92", "hlc": {"phys": 1758809626493, "cnt": 0, "node": "EU-N136"}, "package_id": "PKG9619", "payload": {"status": "SENT"}, "sent_ts": 1758809620133, "arrival_ts": 1758809620133}
{"action": "send", "src": "EU-N136", "dst": "AN-N92", "hlc": {"phys": 1758809626799, "cnt": 0, "node": "EU-N136"}, "package_id": "PKG9619", "payload": {"status": "IN_TRANSIT"}, "sent_ts": 1758809620439, "arrival_ts": 1758809620439}
{"action": "send", "src": "EU-N136", "dst": "AN-N92", "hlc": {"phys": 1758809627187, "cnt": 0, "node": "EU-N136"}, "package_id": "PKG9619", "payload": {"status": "RECEIVED"}, "sent_ts": 1758809620827, "arrival_ts": 1758809620827}
{"action": "send", "src": "EU-N136", "dst": "AN-N92", "hlc": {"phys": 1758809627464, "cnt": 0, "node": "EU-N136"}, "package_id": "PKG9619", "payload": {"status": "DELIVERED"}, "sent_ts": 1758809621104, "arrival_ts": 1758809621104}
{"action": "send", "src": "EU-N136", "dst": "EU-N149", "hlc": {"phys": 1758811643754, "cnt": 0, "node": "EU-N136"}, "package_id": "PKG11637", "payload": {"status": "CREATED"}, "sent_ts": 1758811637394, "arrival_ts": 1758811637394}
{"action": "send", "src": "EU-N136", "dst": "EU-N149", "hlc": {"phys": 1758811644066, "cnt": 0, "node": "EU-N136"}, "package_id": "PKG11637", "payload": {"status": "SENT"}, "sent_ts": 1758811637706, "arrival_ts": 1758811637706}
{"action": "send", "src": "EU-N136", "dst": "EU-N149", "hlc": {"phys": 1758811644383, "cnt": 0, "node": "EU-N136"}, "package_id": "PKG11637", "payload": {"status": "IN_TRANSIT"}, "sent_ts": 1758811638023, "arrival_ts": 1758811638023}
{"action": "send", "src": "EU-N136", "dst": "EU-N149", "hlc": {"phys": 1758811644752, "cnt": 0, "node": "EU-N136"}, "package_id": "PKG11637", "payload": {"status": "RECEIVED"}, "sent_ts": 1758811638392, "arrival_ts": 1758811638392}
{"action": "send", "src": "EU-N136", "dst": "EU-N149", "hlc": {"phys": 1758811645047, "cnt": 0, "node": "EU-N136"}, "package_id": "PKG11637", "payload": {"status": "DELIVERED"}, "sent_ts": 1758811638687, "arrival_ts": 1758811638687}
{"action": "send", "src": "EU-N136", "dst": "AN-N54", "hlc": {"phys": 1758813427151, "cnt": 0, "node": "EU-N136"}, "package_id": "PKG13420", "payload": {"status": "CREATED"}, "sent_ts": 1758813420791, "arrival_ts": 1758813420791}
{"action": "send", "src": "EU-N136", "dst": "AN-N54", "hlc": {"phys": 1758813427556, "cnt": 0, "node": "EU-N136"}, "package_id": "PKG13420", "payload": {"status": "SENT"}, "sent_ts": 1758813421196, "arrival_ts": 1758813421196}
{"action": "send", "src": "EU-N136", "dst": "AN-N54", "hlc": {"phys": 1758813427787, "cnt": 0, "node": "EU-N136"}, "package_id": "PKG13420", "payload": {"status": "IN_TRANSIT"}, "sent_ts": 1758813421427, "arrival_ts": 1758813421427}
{"action": "send", "src": "EU-N136", "dst": "AN-N54", "hlc": {"phys": 1758813428117, "cnt": 0, "node": "EU-N136"}, "package_id": "PKG13420", "payload": {"status": "RECEIVED"}, "sent_ts": 1758813421757, "arrival_ts": 1758813421757}
{"action": "send", "src": "EU-N136", "dst": "AN-N54", "hlc": {"phys": 1758813428444, "cnt": 0, "node": "EU-N136"}, "package_id": "PKG13420", "payload": {"status": "DELIVERED"}, "sent_ts": 1758813422084, "arrival_ts": 1758813422084}
{"action": "send", "src": "EU-N136", "dst": "AF-N174", "hlc": {"phys": 1758813919099, "cnt": 0, "node": "EU-N136"}, "package_id": "PKG13912", "payload": {"status": "CREATED"}, "sent_ts": 1758813912739, "arrival_ts": 1758813912739}
{"action": "send", "src": "EU-N136", "dst": "AF-N174", "hlc": {"phys": 1758813919362, "cnt": 0, "node": "EU-N136"}, "package_id": "PKG13912", "payload": {"status": "SENT"}, "sent_ts": 1758813913002, "arrival_ts": 1758813913002}
{"action": "send", "src": "EU-N136", "dst": "AF-N174", "hlc": {"phys": 1758813919689, "cnt": 0, "node": "EU-N136"}, "package_id": "PKG13912", "payload": {"status": "IN_TRANSIT"}, "sent_ts": 1758813913329, "arrival_ts": 1758813913329}
{"action": "send", "src": "EU-N136", "dst": "AF-N174", "hlc": {"phys": 1758813919969, "cnt": 0, "node": "EU-N136"}, "package_id": "PKG13912", "payload": {"status": "RECEIVED"}, "sent_ts": 1758813913609, "arrival_ts": 1758813913609}
{"action": "send", "src": "EU-N136", "dst": "AF-N174", "hlc": {"phys": 1758813920357, "cnt": 0, "node": "EU-N136"}, "package_id": "PKG13912", "payload": {"status": "DELIVERED"}, "sent_ts": 1758813913997, "arrival_ts": 1758813913997}
{"action": "send", "src": "EU-N136", "dst": "AF-N74", "hlc": {"phys": 1758814440574, "cnt": 0, "node": "EU-N136"}, "package_id": "PKG14434", "payload": {"status": "CREATED"}, "sent_ts": 1758814434214, "arrival_ts": 1758814434214}
{"action": "send", "src": "EU-N136", "dst": "AF-N74", "hlc": {"phys": 1758814440901, "cnt": 0, "node": "EU-N136"}, "package_id": "PKG14434", "payload": {"status": "SENT"}, "sent_ts": 1758814434541, "arrival_ts": 1758814434541}
{"action": "send", "src": "EU-N136", "dst": "AF-N74", "hlc": {"phys": 1758814441291, "cnt": 0, "node": "EU-N136"}, "package_id": "PKG14434", "payload": {"status": "IN_TRANSIT"}, "sent_ts": 1758814434931, "arrival_ts": 1758814434931}
{"action": "send", "src": "EU-N136", "dst": "AF-N74", "hlc": {"phys": 1758814441527, "cnt": 0, "node": "EU-N136"}, "package_id": "PKG14434", "payload": {"status": "RECEIVED"}, "sent_ts": 1758814435167, "arrival_ts": 1758814435167}
{"action": "send", "src": "EU-N136", "dst": "AF-N74", "hlc": {"phys": 1758814441866, "cnt": 0, "node": "EU-N136"}, "package_id": "PKG14434", "payload": {"status": "DELIVERED"}, "sent_ts": 1758814435506, "arrival_ts": 1758814435506}
{"action": "send", "src": "EU-N136", "dst": "EU-N166", "hlc": {"phys": 1758814473998, "cnt": 0, "node": "EU-N136"}, "package_id": "PKG14467", "payload": {"status": "CREATED"}, "sent_ts": 1758814467638, "arrival_ts": 1758814467638}
{"action": "send", "src": "EU-N136", "dst": "EU-N166", "hlc": {"phys": 1758814474355, "cnt": 0, "node": "EU-N136"}, "package_id": "PKG14467", "payload": {"status": "SENT"}, "sent_ts": 1758814467995, "arrival_ts": 1758814467995}
{"action": "send", "src": "EU-N136", "dst": "EU-N166", "hlc": {"phys": 1758814474602, "cnt": 0, "node": "EU-N136"}, "package_id": "PKG14467", "payload": {"status": "IN_TRANSIT"}, "sent_ts": 1758814468242, "arrival_ts": 1758814468242}
{"action": "send", "src": "EU-N136", "dst": "EU-N166", "hlc": {"phys": 1758814474869, "cnt": 0, "node": "EU-N136"}, "package_id": "PKG14467", "payload": {"status": "RECEIVED"}, "sent_ts": 1758814468509, "arrival_ts": 1758814468509}
{"action": "send", "src": "EU-N136", "dst": "EU-N166", "hlc": {"phys": 1758814475118, "cnt": 0, "node": "EU-N136"}, "package_id": "PKG14467", "payload": {"status": "DELIVERED"}, "sent_ts": 1758814468758, "arrival_ts": 1758814468758}
{"action": "recv", "src": "SA-N51", "dst": "EU-N136", "hlc": {"phys": 1758815155391, "cnt": 0, "node": "SA-N51"}, "package_id": "PKG15134", "payload": {"status": "CREATED"}, "sent_ts": 1758815134881, "arrival_ts": 1758815135075}
{"action": "recv", "src": "SA-N51", "dst": "EU-N136", "hlc": {"phys": 1758815155776, "cnt": 0, "node": "SA-N51"}, "package_id": "PKG15134", "payload": {"status": "SENT"}, "sent_ts": 1758815135266, "arrival_ts": 1758815135436}
{"action": "recv", "src": "SA-N51", "dst": "EU-N136", "hlc": {"phys": 1758815156151, "cnt": 0, "node": "SA-N51"}, "package_id": "PKG15134", "payload": {"status": "IN_TRANSIT"}, "sent_ts": 1758815135641, "arrival_ts": 1758815135809}
{"action": "recv", "src": "SA-N51", "dst": "EU-N136", "hlc": {"phys": 1758815156521, "cnt": 0, "node": "SA-N51"}, "package_id": "PKG15134", "payload": {"status": "RECEIVED"}, "sent_ts": 1758815136011, "arrival_ts": 1758815136027}
{"action": "recv", "src": "SA-N51", "dst": "EU-N136", "hlc": {"phys": 1758815156736, "cnt": 0, "node": "SA-N51"}, "package_id": "PKG15134", "payload": {"status": "DELIVERED"}, "sent_ts": 1758815136226, "arrival_ts": 1758815136315}
