{"action": "send", "src": "EU-N58", "dst": "EU-N31", "hlc": {"phys": 1758717675566, "cnt": 0, "node": "EU-N58"}, "package_id": "PKG17669", "payload": {"status": "CREATED"}, "sent_ts": 1758717669986, "arrival_ts": 1758717669986}
{"action": "send", "src": "EU-N58", "dst": "EU-N31", "hlc": {"phys": 1758717675948, "cnt": 0, "node": "EU-N58"}, "package_id": "PKG17669", "payload": {"status": "SENT"}, "sent_ts": 1758717670368, "arrival_ts": 1758717670368}
{"action": "send", "src": "EU-N58", "dst": "EU-N31", "hlc": {"phys": 1758717676213, "cnt": 0, "node": "EU-N58"}, "package_id": "PKG17669", "payload": {"status": "IN_TRANSIT"}, "sent_ts": 1758717670633, "arrival_ts": 1758717670633}
{"action": "send", "src": "EU-N58", "dst": "EU-N31", "hlc": {"phys": 1758717676570, "cnt": 0, "node": "EU-N58"}, "package_id": "PKG17669", "payload": {"status": "RECEIVED"}, "sent_ts": 1758717670990, "arrival_ts": 1758717670990}
{"action": "send", "src": "EU-N58", "dst": "EU-N31", "hlc": {"phys": 1758717676888, "cnt": 0, "node": "EU-N58"}, "package_id": "PKG17669", "payload": {"status": "DELIVERED"}, "sent_ts": 1758717671308, "arrival_ts": 1758717671308}
{"action": "send", "src": "EU-N58", "dst": "AN-N194", "hlc": {"phys": 1758718723869, "cnt": 0, "node": "EU-N58"}, "package_id": "PKG18718", "payload": {"status": "CREATED"}, "sent_ts": 1758718718289, "arrival_ts": 1758718718289}
{"action": "send", "src": "EU-N58", "dst": "AN-N194", "hlc": {"phys": 1758718724255, "cnt": 0, "node": "EU-N58"}, "package_id": "PKG18718", "payload": {"status": "SENT"}, "sent_ts": 1758718718675, "arrival_ts": 1758718718675}
{"action": "send", "src": "EU-N58", "dst": "AN-N194", "hlc": {"phys": 1758718724508, "cnt": 0, "node": "EU-N58"}, "package_id": "PKG18718", "payload": {"status": "IN_TRANSIT"}, "sent_ts": 1758718718928, "arrival_ts": 1758718718928}
{"action": "send", "src": "EU-N58", "dst": "AN-N194", "hlc": {"phys": 1758718724827, "cnt": 0, "node": "EU-N58"}, "package_id": "PKG18718", "payload": {"status": "RECEIVED"}, "sent_ts": 1758718719247, "arrival_ts": 1758718719247}
{"action": "send", "src": "EU-N58", "dst": "AN-N194", "hlc": {"phys": 1758718725131, "cnt": 0, "node": "EU-N58"}, "package_id": "PKG18718", "payload": {"status": "DELIVERED"}, "sent_ts": 1758718719551, "arrival_ts": 1758718719551}
{"action": "recv", "src": "AF-N46", "dst": "EU-N58", "hlc": {"phys": 1758739368514, "cnt": 0, "node": "AF-N46"}, "package_id": "PKG39353", "payload": {"status": "CREATED"}, "sent_ts": 1758739353054, "arrival_ts": 1758739353234}
{"action": "recv", "src": "AF-N46", "dst": "EU-N58", "hlc": {"phys": 1758739368902, "cnt": 0, "node": "AF-N46"}, "package_id": "PKG39353", "payload": {"status": "SENT"}, "sent_ts": 1758739353442, "arrival_ts": 1758739353503}
{"action": "recv", "src": "AF-N46", "dst": "EU-N58", "hlc": {"phys": 1758739369166, "cnt": 0, "node": "AF-N46"}, "package_id": "PKG39353", "payload": {"status": "IN_TRANSIT"}, "sent_ts": 1758739353706, "arrival_ts": 1758739353753}
{"action": "recv", "src": "AF-N46", "dst": "EU-N58", "hlc": {"phys": 1758739369417, "cnt": 0, "node": "AF-N46"}, "package_id": "PKG39353", "payload": {"status": "RECEIVED"}, "sent_ts": 1758739353957, "arrival_ts": 1758739354159}
{"action": "recv", "src": "AF-N46", "dst": "EU-N58", "hlc": {"phys": 1758739369822, "cnt": 0, "node": "AF-N46"}, "package_id": "PKG39353", "payload": {"status": "DELIVERED"}, "sent_ts": 1758739354362, "arrival_ts": 1758739354486}
{"action": "recv", "src": "AU-N185", "dst": "EU-N58", "hlc": {"phys": 1758741610013, "cnt": 0, "node": "AU-N185"}, "package_id": "PKG41583", "payload": {"status": "CREATED"}, "sent_ts": 1758741583163, "arrival_ts": 1758741583225}
{"action": "recv", "src": "AU-N185", "dst": "EU-N58", "hlc": {"phys": 1758741610279, "cnt": 0, "node": "AU-N185"}, "package_id": "PKG41583", "payload": {"status": "SENT"}, "sent_ts": 1758741583429, "arrival_ts": 1758741583585}
{"action": "recv", "src": "AU-N185", "dst": "EU-N58", "hlc": {"phys": 1758741610639, "cnt": 0, "node": "AU-N185"}, "package_id": "PKG41583", "payload": {"status": "IN_TRANSIT"}, "sent_ts": 1758741583789, "arrival_ts": 1758741583802}
{"action": "recv", "src": "AU-N185", "dst": "EU-N58", "hlc": {"phys": 1758741610857, "cnt": 0, "node": "AU-N185"}, "package_id": "PKG41583", "payload": {"status": "RECEIVED"}, "sent_ts": 1758741584007, "arrival_ts": 1758741584067}
{"action": "recv", "src": "AU-N185", "dst": "EU-N58", "hlc": {"phys": 1758741611124, "cnt": 0, "node": "AU-N185"}, "package_id": "PKG41583", "payload": {"status": "DELIVERED"}, "sent_ts": 1758741584274, "arrival_ts": 1758741584343}
{"action": "send", "src": "EU-N58", "dst": "AS-N92", "hlc": {"phys": 1758743907354, "cnt": 0, "node": "EU-N58"}, "package_id": "PKG43901", "payload": {"status": "CREATED"}, "sent_ts": 1758743901774, "arrival_ts": 1758743901774}
{"action": "send", "src": "EU-N58", "dst": "AS-N92", "hlc": {"phys": 1758743907586, "cnt": 0, "node": "EU-N58"}, "package_id": "PKG43901", "payload": {"status": "SENT"}, "sent_ts": 1758743902006, "arrival_ts": 1758743902006}
{"action": "send", "src": "EU-N58", "dst": "AS-N92", "hlc": {"phys": 1758743907914, "cnt": 0, "node": "EU-N58"}, "package_id": "PKG43901", "payload": {"status": "IN_TRANSIT"}, "sent_ts": 1758743902334, "arrival_ts": 1758743902334}
{"action": "send", "src": "EU-N58", "dst": "AS-N92", "hlc": {"phys": 1758743908178, "cnt": 0, "node": "EU-N58"}, "package_id": "PKG43901", "payload": {"status": "RECEIVED"}, "sent_ts": 1758743902598, "arrival_ts": 1758743902598}
{"action": "send", "src": "EU-N58", "dst": "AS-N92", "hlc": {"phys": 1758743908577, "cnt": 0, "node": "EU-N58"}, "package_id": "PKG43901", "payload": {"status": "DELIVERED"}, "sent_ts": 1758743902997, "arrival_ts": 1758743902997}
{"action": "recv", "src": "AS-N146", "dst": "EU-N58", "hlc": {"phys": 1758747593958, "cnt": 0, "node": "AS-N146"}, "package_id": "PKG47582", "payload": {"status": "CREATED"}, "sent_ts": 1758747582498, "arrival_ts": 1758747582566}
{"action": "recv", "src": "AS-N146", "dst": "EU-N58", "hlc": {"phys": 1758747594236, "cnt": 0, "node": "AS-N146"}, "package_id": "PKG47582", "payload": {"status": "SENT"}, "sent_ts": 1758747582776, "arrival_ts": 1758747582815}
{"action": "recv", "src": "AS-N146", "dst": "EU-N58", "hlc": {"phys": 1758747594484, "cnt": 0, "node": "AS-N146"}, "package_id": "PKG47582", "payload": {"status": "IN_TRANSIT"}, "sent_ts": 1758747583024, "arrival_ts": 1758747583146}
{"action": "recv", "src": "AS-N146", "dst": "EU-N58", "hlc": {"phys": 1758747594812, "cnt": 0, "node": "AS-N146"}, "package_id": "PKG47582", "payload": {"status": "RECEIVED"}, "sent_ts": 1758747583352, "arrival_ts": 1758747583513}
{"action": "recv", "src": "AS-N146", "dst": "EU-N58", "hlc": {"phys": 1758747595182, "cnt": 0, "node": "AS-N146"}, "package_id": "PKG47582", "payload": {"status": "DELIVERED"}, "sent_ts": 1758747583722, "arrival_ts": 1758747583786}
{"action": "send", "src": "EU-N58", "dst": "AF-N120", "hlc": {"phys": 1758753488802, "cnt": 0, "node": "EU-N58"}, "package_id": "PKG53483", "payload": {"status": "CREATED"}, "sent_ts": 1758753483222, "arrival_ts": 1758753483222}
{"action": "send", "src": "EU-N58", "dst": "AF-N120", "hlc": {"phys": 1758753489030, "cnt": 0, "node": "EU-N58"}, "package_id": "PKG53483", "payload": {"status": "SENT"}, "sent_ts": 1758753483450, "arrival_ts": 1758753483450}
{"action": "send", "src": "EU-N58", "dst": "AF-N120", "hlc": {"phys": 1758753489323, "cnt": 0, "node": "EU-N58"}, "package_id": "PKG53483", "payload": {"status": "IN_TRANSIT"}, "sent_ts": 1758753483743, "arrival_ts": 1758753483743}
{"action": "send", "src": "EU-N58", "dst": "AF-N120", "hlc": {"phys": 1758753489737, "cnt": 0, "node": "EU-N58"}, "package_id": "PKG53483", "payload": {"status": "RECEIVED"}, "sent_ts": 1758753484157, "arrival_ts": 1758753484157}
{"action": "send", "src": "EU-N58", "dst": "AF-N120", "hlc": {"phys": 1758753490125, "cnt": 0, "node": "EU-N58"}, "package_id": "PKG53483", "payload": {"status": "DELIVERED"}, "sent_ts": 1758753484545, "arrival_ts": 1758753484546}
{"action": "send", "src": "EU-N58", "dst": "AS-N100", "hlc": {"phys": 1758756386922, "cnt": 0, "node": "EU-N58"}, "package_id": "PKG56381", "payload": {"status": "CREATED"}, "sent_ts": 1758756381342, "arrival_ts": 1758756381342}
{"action": "send", "src": "EU-N58", "dst": "AS-N100", "hlc": {"phys": 1758756387195, "cnt": 0, "node": "EU-N58"}, "package_id": "PKG56381", "payload": {"status": "SENT"}, "sent_ts": 1758756381615, "arrival_ts": 1758756381615}
{"action": "send", "src": "EU-N58", "dst": "AS-N100", "hlc": {"phys": 1758756387579, "cnt": 0, "node": "EU-N58"}, "package_id": "PKG56381", "payload": {"status": "IN_TRANSIT"}, "sent_ts": 1758756381999, "arrival_ts": 1758756381999}
{"action": "send", "src": "EU-N58", "dst": "AS-N100", "hlc": {"phys": 1758756387845, "cnt": 0, "node": "EU-N58"}, "package_id": "PKG56381", "payload": {"status": "RECEIVED"}, "sent_ts": 1758756382265, "arrival_ts": 1758756382265}
{"action": "send", "src": "EU-N58", "dst": "AS-N100", "hlc": {"phys": 1758756388095, "cnt": 0, "node": "EU-N58"}, "package_id": "PKG56381", "payload": {"status": "DELIVERED"}, "sent_ts": 1758756382515, "arrival_ts": 1758756382515}
{"action": "send", "src": "EU-N58", "dst": "AU-N23", "hlc": {"phys": 1758757712774, "cnt": 0, "node": "EU-N58"}, "package_id": "PKG57707", "payload": {"status": "CREATED"}, "sent_ts": 1758757707194, "arrival_ts": 1758757707194}
{"action": "send", "src": "EU-N58", "dst": "AU-N23", "hlc": {"phys": 1758757713074, "cnt": 0, "node": "EU-N58"}, "package_id": "PKG57707", "payload": {"status": "SENT"}, "sent_ts": 1758757707494, "arrival_ts": 1758757707494}
{"action": "send", "src": "EU-N58", "dst": "AU-N23", "hlc": {"phys": 1758757713345, "cnt": 0, "node": "EU-N58"}, "package_id": "PKG57707", "payload": {"status": "IN_TRANSIT"}, "sent_ts": 1758757707765, "arrival_ts": 1758757707765}
{"action": "send", "src": "EU-N58", "dst": "AU-N23", "hlc": {"phys": 1758757713719, "cnt": 0, "node": "EU-N58"}, "package_id": "PKG57707", "payload": {"status": "RECEIVED"}, "sent_ts": 1758757708139, "arrival_ts": 1758757708139}
{"action": "send", "src": "EU-N58", "dst": "AU-N23", "hlc": {"phys": 1758757713996, "cnt": 0, "node": "EU-N58"}, "package_id": "PKG57707", "payload": {"status": "DELIVERED"}, "sent_ts": 1758757708416, "arrival_ts": 1758757708416}
{"action": "recv", "src": "EU-N2", "dst": "EU-N58", "hlc": {"phys": 1758757750763, "cnt": 0, "node": "EU-N2"}, "package_id": "PKG57745", "payload": {"status": "CREATED"}, "sent_ts": 1758757745743, "arrival_ts": 1758757745888}
{"action": "recv", "src": "EU-N2", "dst": "EU-N58", "hlc": {"phys": 1758757751128, "cnt": 0, "node": "EU-N2"}, "package_id": "PKG57745", "payload": {"status": "SENT"}, "sent_ts": 1758757746108, "arrival_ts": 1758757746259}
{"action": "recv", "src": "EU-N2", "dst": "EU-N58", "hlc": {"phys": 1758757751494, "cnt": 0, "node": "EU-N2"}, "package_id": "PKG57745", "payload": {"status": "IN_TRANSIT"}, "sent_ts": 1758757746474, "arrival_ts": 1758757746654}
{"action": "recv", "src": "EU-N2", "dst": "EU-N58", "hlc": {"phys": 1758757751870, "cnt": 0, "node": "EU-N2"}, "package_id": "PKG57745", "payload": {"status": "RECEIVED"}, "sent_ts": 1758757746850, "arrival_ts": 1758757747018}
{"action": "recv", "src": "EU-N2", "dst": "EU-N58", "hlc": {"phys": 1758757752245, "cnt": 0, "node": "EU-N2"}, "package_id": "PKG57745", "payload": {"status": "DELIVERED"}, "sent_ts": 1758757747225, "arrival_ts": 1758757747340}
{"action": "send", "src": "EU-N58", "dst": "NA-N161", "hlc": {"phys": 1758758734916, "cnt": 0, "node": "EU-N58"}, "package_id": "PKG58729", "payload": {"status": "CREATED"}, "sent_ts": 1758758729336, "arrival_ts": 1758758729336}
{"action": "send", "src": "EU-N58", "dst": "NA-N161", "hlc": {"phys": 1758758735181, "cnt": 0, "node": "EU-N58"}, "package_id": "PKG58729", "payload": {"status": "SENT"}, "sent_ts": 1758758729601, "arrival_ts": 1758758729601}
{"action": "send", "src": "EU-N58", "dst": "NA-N161", "hlc": {"phys": 1758758735569, "cnt": 0, "node": "EU-N58"}, "package_id": "PKG58729", "payload": {"status": "IN_TRANSIT"}, "sent_ts": 1758758729989, "arrival_ts": 1758758729989}
{"action": "send", "src": "EU-N58", "dst": "NA-N161", "hlc": {"phys": 1758758735908, "cnt": 0, "node": "EU-N58"}, "package_id": "PKG58729", "payload": {"status": "RECEIVED"}, "sent_ts": 1758758730328, "arrival_ts": 1758758730328}
{"action": "send", "src": "EU-N58", "dst": "NA-N161", "hlc": {"phys": 1758758736264, "cnt": 0, "node": "EU-N58"}, "package_id": "PKG58729", "payload": {"status": "DELIVERED"}, "sent_ts": 1758758730684, "arrival_ts": 1758758730684}
{"action": "recv", "src": "AS-N108", "dst": "EU-N58", "hlc": {"phys": 1758763125209, "cnt": 0, "node": "AS-N108"}, "package_id": "PKG63114", "payload": {"status": "CREATED"}, "sent_ts": 1758763114129, "arrival_ts": 1758763114215}
{"action": "recv", "src": "AS-N108", "dst": "EU-N58", "hlc": {"phys": 1758763125491, "cnt": 0, "node": "AS-N108"}, "package_id": "PKG63114", "payload": {"status": "SENT"}, "sent_ts": 1758763114411, "arrival_ts": 1758763114613}
{"action": "recv", "src": "AS-N108", "dst": "EU-N58", "hlc": {"phys": 1758763125894, "cnt": 0, "node": "AS-N108"}, "package_id": "PKG63114", "payload": {"status": "IN_TRANSIT"}, "sent_ts": 1758763114814, "arrival_ts": 1758763114862}
{"action": "recv", "src": "AS-N108", "dst": "EU-N58", "hlc": {"phys": 1758763126142, "cnt": 0, "node": "AS-N108"}, "package_id": "PKG63114", "payload": {"status": "RECEIVED"}, "sent_ts": 1758763115062, "arrival_ts": 1758763115181}
{"action": "recv", "src": "AS-N108", "dst": "EU-N58", "hlc": {"phys": 1758763126465, "cnt": 0, "node": "AS-N108"}, "package_id": "PKG63114", "payload": {"status": "DELIVERED"}, "sent_ts": 1758763115385, "arrival_ts": 1758763115554}
{"action": "send", "src": "EU-N58", "dst": "AS-N49", "hlc": {"phys": 1758763298621, "cnt": 0, "node": "EU-N58"}, "package_id": "PKG63293", "payload": {"status": "CREATED"}, "sent_ts": 1758763293041, "arrival_ts": 1758763293041}
{"action": "send", "src": "EU-N58", "dst": "AS-N49", "hlc": {"phys": 1758763298853, "cnt": 0, "node": "EU-N58"}, "package_id": "PKG63293", "payload": {"status": "SENT"}, "sent_ts": 1758763293273, "arrival_ts": 1758763293273}
{"action": "send", "src": "EU-N58", "dst": "AS-N49", "hlc": {"phys": 1758763299241, "cnt": 0, "node": "EU-N58"}, "package_id": "PKG63293", "payload": {"status": "IN_TRANSIT"}, "sent_ts": 1758763293661, "arrival_ts": 1758763293661}
{"action": "send", "src": "EU-N58", "dst": "AS-N49", "hlc": {"phys": 1758763299522, "cnt": 0, "node": "EU-N58"}, "package_id": "PKG63293", "payload": {"status": "RECEIVED"}, "sent_ts": 1758763293942, "arrival_ts": 1758763293942}
{"action": "send", "src": "EU-N58", "dst": "AS-N49", "hlc": {"phys": 1758763299814, "cnt": 0, "node": "EU-N58"}, "package_id": "PKG63293", "payload": {"status": "DELIVERED"}, "sent_ts": 1758763294234, "arrival_ts": 1758763294234}
{"action": "send", "src": "EU-N58", "dst": "AF-N191", "hlc": {"phys": 1758764140459, "cnt": 0, "node": "EU-N58"}, "package_id": "PKG64134", "payload": {"status": "CREATED"}, "sent_ts": 1758764134879, "arrival_ts": 1758764134879}
{"action": "send", "src": "EU-N58", "dst": "AF-N191", "hlc": {"phys": 1758764140820, "cnt": 0, "node": "EU-N58"}, "package_id": "PKG64134", "payload": {"status": "SENT"}, "sent_ts": 1758764135240, "arrival_ts": 1758764135240}
{"action": "send", "src": "EU-N58", "dst": "AF-N191", "hlc": {"phys": 1758764141034, "cnt": 0, "node": "EU-N58"}, "package_id": "PKG64134", "payload": {"status": "IN_TRANSIT"}, "sent_ts": 1758764135454, "arrival_ts": 1758764135454}
{"action": "send", "src": "EU-N58", "dst": "AF-N191", "hlc": {"phys": 1758764141266, "cnt": 0, "node": "EU-N58"}, "package_id": "PKG64134", "payload": {"status": "RECEIVED"}, "sent_ts": 1758764135686, "arrival_ts": 1758764135686}
{"action": "send", "src": "EU-N58", "dst": "AF-N191", "hlc": {"phys": 1758764141655, "cnt": 0, "node": "EU-N58"}, "package_id": "PKG64134", "payload": {"status": "DELIVERED"}, "sent_ts": 1758764136075, "arrival_ts": 1758764136075}
{"action": "send", "src": "EU-N58", "dst": "AU-N34", "hlc": {"phys": 1758800918784, "cnt": 0, "node": "EU-N58"}, "package_id": "PKG913", "payload": {"status": "CREATED"}, "sent_ts": 1758800913204, "arrival_ts": 1758800913204}
{"action": "send", "src": "EU-N58", "dst": "AU-N34", "hlc": {"phys": 1758800919126, "cnt": 0, "node": "EU-N58"}, "package_id": "PKG913", "payload": {"status": "SENT"}, "sent_ts": 1758800913546, "arrival_ts": 1758800913546}
{"action": "send", "src": "EU-N58", "dst": "AU-N34", "hlc": {"phys": 1758800919405, "cnt": 0, "node": "EU-N58"}, "package_id": "PKG913", "payload": {"status": "IN_TRANSIT"}, "sent_ts": 1758800913825, "arrival_ts": 1758800913825}
{"action": "send", "src": "EU-N58", "dst": "AU-N34", "hlc": {"phys": 1758800919669, "cnt": 0, "node": "EU-N58"}, "package_id": "PKG913", "payload": {"status": "RECEIVED"}, "sent_ts": 1758800914089, "arrival_ts": 1758800914089}
{"action": "send", "src": "EU-N58", "dst": "AU-N34", "hlc": {"phys": 1758800920069, "cnt": 0, "node": "EU-N58"}, "package_id": "PKG913", "payload": {"status": "DELIVERED"}, "sent_ts": 1758800914489, "arrival_ts": 1758800914489}
{"action": "recv", "src": "AF-N176", "dst": "EU-N58", "hlc": {"phys": 1758801037241, "cnt": 0, "node": "AF-N176"}, "package_id": "PKG1020", "payload": {"status": "CREATED"}, "sent_ts": 1758801020481, "arrival_ts": 1758801020614}
{"action": "recv", "src": "AF-N176", "dst": "EU-N58", "hlc": {"phys": 1758801037591, "cnt": 0, "node": "AF-N176"}, "package_id": "PKG1020", "payload": {"status": "SENT"}, "sent_ts": 1758801020831, "arrival_ts": 1758801020889}
{"action": "recv", "src": "AF-N176", "dst": "EU-N58", "hlc": {"phys": 1758801037877, "cnt": 0, "node": "AF-N176"}, "package_id": "PKG1020", "payload": {"status": "IN_TRANSIT"}, "sent_ts": 1758801021117, "arrival_ts": 1758801021207}
{"action": "recv", "src": "AF-N176", "dst": "EU-N58", "hlc": {"phys": 1758801038183, "cnt": 0, "node": "AF-N176"}, "package_id": "PKG1020", "payload": {"status": "RECEIVED"}, "sent_ts": 1758801021423, "arrival_ts": 1758801021631}
{"action": "recv", "src": "AF-N176", "dst": "EU-N58", "hlc": {"phys": 1758801038601, "cnt": 0, "node": "AF-N176"}, "package_id": "PKG1020", "payload": {"status": "DELIVERED"}, "sent_ts": 1758801021841, "arrival_ts": 1758801021950}
{"action": "recv", "src": "EU-N32", "dst": "EU-N58", "hlc": {"phys": 1758805577363, "cnt": 0, "node": "EU-N32"}, "package_id": "PKG5572", "payload": {"status": "CREATED"}, "sent_ts": 1758805572043, "arrival_ts": 1758805572225}
{"action": "recv", "src": "EU-N32", "dst": "EU-N58", "hlc": {"phys": 1758805577750, "cnt": 0, "node": "EU-N32"}, "package_id": "PKG5572", "payload": {"status": "SENT"}, "sent_ts": 1758805572430, "arrival_ts": 1758805572573}
{"action": "recv", "src": "EU-N32", "dst": "EU-N58", "hlc": {"phys": 1758805578093, "cnt": 0, "node": "EU-N32"}, "package_id": "PKG5572", "payload": {"status": "IN_TRANSIT"}, "sent_ts": 1758805572773, "arrival_ts": 1758805572794}
{"action": "recv", "src": "EU-N32", "dst": "EU-N58", "hlc": {"phys": 1758805578309, "cnt": 0, "node": "EU-N32"}, "package_id": "PKG5572", "payload": {"status": "RECEIVED"}, "sent_ts": 1758805572989, "arrival_ts": 1758805573035}
{"action": "recv", "src": "EU-N32", "dst": "EU-N58", "hlc": {"phys": 1758805578557, "cnt": 0, "node": "EU-N32"}, "package_id": "PKG5572", "payload": {"status": "DELIVERED"}, "sent_ts": 1758805573237, "arrival_ts": 1758805573258}
{"action": "send", "src": "EU-N58", "dst": "SA-N107", "hlc": {"phys": 1758809931466, "cnt": 0, "node": "EU-N58"}, "package_id": "PKG9925", "payload": {"status": "CREATED"}, "sent_ts": 1758809925886, "arrival_ts": 1758809925886}
{"action": "send", "src": "EU-N58", "dst": "SA-N107", "hlc": {"phys": 1758809931821, "cnt": 0, "node": "EU-N58"}, "package_id": "PKG9925", "payload": {"status": "SENT"}, "sent_ts": 1758809926241, "arrival_ts": 1758809926241}
{"action": "send", "src": "EU-N58", "dst": "SA-N107", "hlc": {"phys": 1758809932134, "cnt": 0, "node": "EU-N58"}, "package_id": "PKG9925", "payload": {"status": "IN_TRANSIT"}, "sent_ts": 1758809926554, "arrival_ts": 1758809926554}
{"action": "send", "src": "EU-N58", "dst": "SA-N107", "hlc": {"phys": 1758809932430, "cnt": 0, "node": "EU-N58"}, "package_id": "PKG9925", "payload": {"status": "RECEIVED"}, "sent_ts": 1758809926850, "arrival_ts": 1758809926850}
{"action": "send", "src": "EU-N58", "dst": "SA-N107", "hlc": {"phys": 1758809932836, "cnt": 0, "node": "EU-N58"}, "package_id": "PKG9925", "payload": {"status": "DELIVERED"}, "sent_ts": 1758809927256, "arrival_ts": 1758809927256}
{"action": "send", "src": "EU-N58", "dst": "AN-N30", "hlc": {"phys": 1758810466891, "cnt": 0, "node": "EU-N58"}, "package_id": "PKG10461", "payload": {"status": "CREATED"}, "sent_ts": 1758810461311, "arrival_ts": 1758810461311}
{"action": "send", "src": "EU-N58", "dst": "AN-N30", "hlc": {"phys": 1758810467234, "cnt": 0, "node": "EU-N58"}, "package_id": "PKG10461", "payload": {"status": "SENT"}, "sent_ts": 1758810461654, "arrival_ts": 1758810461654}
{"action": "send", "src": "EU-N58", "dst": "AN-N30", "hlc": {"phys": 1758810467527, "cnt": 0, "node": "EU-N58"}, "package_id": "PKG10461", "payload": {"status": "IN_TRANSIT"}, "sent_ts": 1758810461947, "arrival_ts": 1758810461947}
{"action": "send", "src": "EU-N58", "dst": "AN-N30", "hlc": {"phys": 1758810467944, "cnt": 0, "node": "EU-N58"}, "package_id": "PKG10461", "payload": {"status": "RECEIVED"}, "sent_ts": 1758810462364, "arrival_ts": 1758810462364}
{"action": "send", "src": "EU-N58", "dst": "AN-N30", "hlc": {"phys": 1758810468269, "cnt": 0, "node": "EU-N58"}, "package_id": "PKG10461", "payload": {"status": "DELIVERED"}, "sent_ts": 1758810462689, "arrival_ts": 1758810462689}
{"action": "send", "src": "EU-N58", "dst": "NA-N60", "hlc": {"phys": 1758814222742, "cnt": 0, "node": "EU-N58"}, "package_id": "PKG14217", "payload": {"status": "CREATED"}, "sent_ts": 1758814217162, "arrival_ts": 1758814217162}
{"action": "send", "src": "EU-N58", "dst": "NA-N60", "hlc": {"phys": 1758814223084, "cnt": 0, "node": "EU-N58"}, "package_id": "PKG14217", "payload": {"status": "SENT"}, "sent_ts": 1758814217504, "arrival_ts": 1758814217504}
{"action": "send", "src": "EU-N58", "dst": "NA-N60", "hlc": {"phys": 1758814223348, "cnt": 0, "node": "EU-N58"}, "package_id": "PKG14217", "payload": {"status": "IN_TRANSIT"}, "sent_ts": 1758814217768, "arrival_ts": 1758814217768}
{"action": "send", "src": "EU-N58", "dst": "NA-N60", "hlc": {"phys": 1758814223690, "cnt": 0, "node": "EU-N58"}, "package_id": "PKG14217", "payload": {"status": "RECEIVED"}, "sent_ts": 1758814218110, "arrival_ts": 1758814218110}
{"action": "send", "src": "EU-N58", "dst": "NA-N60", "hlc": {"phys": 1758814223982, "cnt": 0, "node": "EU-N58"}, "package_id": "PKG14217", "payload": {"status": "DELIVERED"}, "sent_ts": 1758814218402, "arrival_ts": 1758814218402}
{"action": "send", "src": "EU-N58", "dst": "NA-N56", "hlc": {"phys": 1758815334969, "cnt": 0, "node": "EU-N58"}, "package_id": "PKG15329", "payload": {"status": "CREATED"}, "sent_ts": 1758815329389, "arrival_ts": 1758815329389}
{"action": "send", "src": "EU-N58", "dst": "NA-N56", "hlc": {"phys": 1758815335232, "cnt": 0, "node": "EU-N58"}, "package_id": "PKG15329", "payload": {"status": "SENT"}, "sent_ts": 1758815329652, "arrival_ts": 1758815329652}
{"action": "send", "src": "EU-N58", "dst": "NA-N56", "hlc": {"phys": 1758815335541, "cnt": 0, "node": "EU-N58"}, "package_id": "PKG15329", "payload": {"status": "IN_TRANSIT"}, "sent_ts": 1758815329961, "arrival_ts": 1758815329961}
{"action": "send", "src": "EU-N58", "dst": "NA-N56", "hlc": {"phys": 1758815335819, "cnt": 0, "node": "EU-N58"}, "package_id": "PKG15329", "payload": {"status": "RECEIVED"}, "sent_ts": 1758815330239, "arrival_ts": 1758815330239}
{"action": "send", "src": "EU-N58", "dst": "NA-N56", "hlc": {"phys": 1758815336128, "cnt": 0, "node": "EU-N58"}, "package_id": "PKG15329", "payload": {"status": "DELIVERED"}, "sent_ts": 1758815330548, "arrival_ts": 1758815330548}
{"action": "send", "src": "EU-N58", "dst": "NA-N54", "hlc": {"phys": 1758815931244, "cnt": 0, "node": "EU-N58"}, "package_id": "PKG15925", "payload": {"status": "CREATED"}, "sent_ts": 1758815925664, "arrival_ts": 1758815925664}
{"action": "send", "src": "EU-N58", "dst": "NA-N54", "hlc": {"phys": 1758815931570, "cnt": 0, "node": "EU-N58"}, "package_id": "PKG15925", "payload": {"status": "SENT"}, "sent_ts": 1758815925990, "arrival_ts": 1758815925990}
{"action": "send", "src": "EU-N58", "dst": "NA-N54", "hlc": {"phys": 1758815931802, "cnt": 0, "node": "EU-N58"}, "package_id": "PKG15925", "payload": {"status": "IN_TRANSIT"}, "sent_ts": 1758815926222, "arrival_ts": 1758815926222}
{"action": "send", "src": "EU-N58", "dst": "NA-N54", "hlc": {"phys": 1758815932144, "cnt": 0, "node": "EU-N58"}, "package_id": "PKG15925", "payload": {"status": "RECEIVED"}, "sent_ts": 1758815926564, "arrival_ts": 1758815926564}
{"action": "send", "src": "EU-N58", "dst": "NA-N54", "hlc": {"phys": 1758815932378, "cnt": 0, "node": "EU-N58"}, "package_id": "PKG15925", "payload": {"status": "DELIVERED"}, "sent_ts": 1758815926798, "arrival_ts": 1758815926798}
{"action": "recv", "src": "AF-N35", "dst": "EU-N58", "hlc": {"phys": 1758816568461, "cnt": 0, "node": "AF-N35"}, "package_id": "PKG16553", "payload": {"status": "CREATED"}, "sent_ts": 1758816553111, "arrival_ts": 1758816553202}
{"action": "recv", "src": "AF-N35", "dst": "EU-N58", "hlc": {"phys": 1758816568771, "cnt": 0, "node": "AF-N35"}, "package_id": "PKG16553", "payload": {"status": "SENT"}, "sent_ts": 1758816553421, "arrival_ts": 1758816553437}
{"action": "recv", "src": "AF-N35", "dst": "EU-N58", "hlc": {"phys": 1758816569003, "cnt": 0, "node": "AF-N35"}, "package_id": "PKG16553", "payload": {"status": "IN_TRANSIT"}, "sent_ts": 1758816553653, "arrival_ts": 1758816553838}
{"action": "recv", "src": "AF-N35", "dst": "EU-N58", "hlc": {"phys": 1758816569391, "cnt": 0, "node": "AF-N35"}, "package_id": "PKG16553", "payload": {"status": "RECEIVED"}, "sent_ts": 1758816554041, "arrival_ts": 1758816554067}
{"action": "recv", "src": "AF-N35", "dst": "EU-N58", "hlc": {"phys": 1758816569623, "cnt": 0, "node": "AF-N35"}, "package_id": "PKG16553", "payload": {"status": "DELIVERED"}, "sent_ts": 1758816554273, "arrival_ts": 1758816554465}
