{"action": "recv", "src": "AU-N169", "dst": "EU-N144", "hlc": {"phys": 1758716759614, "cnt": 0, "node": "AU-N169"}, "package_id": "PKG16732", "payload": {"status": "CREATED"}, "sent_ts": 1758716732924, "arrival_ts": 1758716733086}
{"action": "recv", "src": "AU-N169", "dst": "EU-N144", "hlc": {"phys": 1758716759972, "cnt": 0, "node": "AU-N169"}, "package_id": "PKG16732", "payload": {"status": "SENT"}, "sent_ts": 1758716733282, "arrival_ts": 1758716733457}
{"action": "recv", "src": "AU-N169", "dst": "EU-N144", "hlc": {"phys": 1758716760367, "cnt": 0, "node": "AU-N169"}, "package_id": "PKG16732", "payload": {"status": "IN_TRANSIT"}, "sent_ts": 1758716733677, "arrival_ts": 1758716733804}
{"action": "recv", "src": "AU-N169", "dst": "EU-N144", "hlc": {"phys": 1758716760698, "cnt": 0, "node": "AU-N169"}, "package_id": "PKG16732", "payload": {"status": "RECEIVED"}, "sent_ts": 1758716734008, "arrival_ts": 1758716734140}
{"action": "recv", "src": "AU-N169", "dst": "EU-N144", "hlc": {"phys": 1758716761039, "cnt": 0, "node": "AU-N169"}, "package_id": "PKG16732", "payload": {"status": "DELIVERED"}, "sent_ts": 1758716734349, "arrival_ts": 1758716734420}
{"action": "recv", "src": "NA-N135", "dst": "EU-N144", "hlc": {"phys": 1758717013388, "cnt": 0, "node": "NA-N135"}, "package_id": "PKG17012", "payload": {"status": "CREATED"}, "sent_ts": 1758717012038, "arrival_ts": 1758717012236}
{"action": "recv", "src": "NA-N135", "dst": "EU-N144", "hlc": {"phys": 1758717013801, "cnt": 0, "node": "NA-N135"}, "package_id": "PKG17012", "payload": {"status": "SENT"}, "sent_ts": 1758717012451, "arrival_ts": 1758717012467}
{"action": "recv", "src": "NA-N135", "dst": "EU-N144", "hlc": {"phys": 1758717014030, "cnt": 0, "node": "NA-N135"}, "package_id": "PKG17012", "payload": {"status": "IN_TRANSIT"}, "sent_ts": 1758717012680, "arrival_ts": 1758717012711}
{"action": "recv", "src": "NA-N135", "dst": "EU-N144", "hlc": {"phys": 1758717014271, "cnt": 0, "node": "NA-N135"}, "package_id": "PKG17012", "payload": {"status": "RECEIVED"}, "sent_ts": 1758717012921, "arrival_ts": 1758717012980}
{"action": "recv", "src": "NA-N135", "dst": "EU-N144", "hlc": {"phys": 1758717014522, "cnt": 0, "node": "NA-N135"}, "package_id": "PKG17012", "payload": {"status": "DELIVERED"}, "sent_ts": 1758717013172, "arrival_ts": 1758717013188}
{"action": "recv", "src": "AU-N174", "dst": "EU-N144", "hlc": {"phys": 1758717292201, "cnt": 0, "node": "AU-N174"}, "package_id": "PKG17265", "payload": {"status": "CREATED"}, "sent_ts": 1758717265461, "arrival_ts": 1758717265547}
{"action": "recv", "src": "AU-N174", "dst": "EU-N144", "hlc": {"phys": 1758717292493, "cnt": 0, "node": "AU-N174"}, "package_id": "PKG17265", "payload": {"status": "SENT"}, "sent_ts": 1758717265753, "arrival_ts": 1758717265817}
{"action": "recv", "src": "AU-N174", "dst": "EU-N144", "hlc": {"phys": 1758717292767, "cnt": 0, "node": "AU-N174"}, "package_id": "PKG17265", "payload": {"status": "IN_TRANSIT"}, "sent_ts": 1758717266027, "arrival_ts": 1758717266209}
{"action": "recv", "src": "AU-N174", "dst": "EU-N144", "hlc": {"phys": 1758717293151, "cnt": 0, "node": "AU-N174"}, "package_id": "PKG17265", "payload": {"status": "RECEIVED"}, "sent_ts": 1758717266411, "arrival_ts": 1758717266586}
{"action": "recv", "src": "AU-N174", "dst": "EU-N144", "hlc": {"phys": 1758717293543, "cnt": 0, "node": "AU-N174"}, "package_id": "PKG17265", "payload": {"status": "DELIVERED"}, "sent_ts": 1758717266803, "arrival_ts": 1758717267002}
{"action": "send", "src": "EU-N144", "dst": "EU-N12", "hlc": {"phys": 1758738069046, "cnt": 0, "node": "EU-N144"}, "package_id": "PKG38062", "payload": {"status": "CREATED"}, "sent_ts": 1758738062606, "arrival_ts": 1758738062606}
{"action": "send", "src": "EU-N144", "dst": "EU-N12", "hlc": {"phys": 1758738069373, "cnt": 0, "node": "EU-N144"}, "package_id": "PKG38062", "payload": {"status": "SENT"}, "sent_ts": 1758738062933, "arrival_ts": 1758738062933}
{"action": "send", "src": "EU-N144", "dst": "EU-N12", "hlc": {"phys": 1758738069743, "cnt": 0, "node": "EU-N144"}, "package_id": "PKG38062", "payload": {"status": "IN_TRANSIT"}, "sent_ts": 1758738063303, "arrival_ts": 1758738063303}
{"action": "send", "src": "EU-N144", "dst": "EU-N12", "hlc": {"phys": 1758738070031, "cnt": 0, "node": "EU-N144"}, "package_id": "PKG38062", "payload": {"status": "RECEIVED"}, "sent_ts": 1758738063591, "arrival_ts": 1758738063591}
{"action": "send", "src": "EU-N144", "dst": "EU-N12", "hlc": {"phys": 1758738070261, "cnt": 0, "node": "EU-N144"}, "package_id": "PKG38062", "payload": {"status": "DELIVERED"}, "sent_ts": 1758738063821, "arrival_ts": 1758738063821}
{"action": "send", "src": "EU-N144", "dst": "AN-N17", "hlc": {"phys": 1758742517216, "cnt": 0, "node": "EU-N144"}, "package_id": "PKG42510", "payload": {"status": "CREATED"}, "sent_ts": 1758742510776, "arrival_ts": 1758742510776}
{"action": "send", "src": "EU-N144", "dst": "AN-N17", "hlc": {"phys": 1758742517475, "cnt": 0, "node": "EU-N144"}, "package_id": "PKG42510", "payload": {"status": "SENT"}, "sent_ts": 1758742511035, "arrival_ts": 1758742511035}
{"action": "send", "src": "EU-N144", "dst": "AN-N17", "hlc": {"phys": 1758742517781, "cnt": 0, "node": "EU-N144"}, "package_id": "PKG42510", "payload": {"status": "IN_TRANSIT"}, "sent_ts": 1758742511341, "arrival_ts": 1758742511341}
{"action": "send", "src": "EU-N144", "dst": "AN-N17", "hlc": {"phys": 1758742518136, "cnt": 0, "node": "EU-N144"}, "package_id": "PKG42510", "payload": {"status": "RECEIVED"}, "sent_ts": 1758742511696, "arrival_ts": 1758742511696}
{"action": "send", "src": "EU-N144", "dst": "AN-N17", "hlc": {"phys": 1758742518412, "cnt": 0, "node": "EU-N144"}, "package_id": "PKG42510", "payload": {"status": "DELIVERED"}, "sent_ts": 1758742511972, "arrival_ts": 1758742511972}
{"action": "recv", "src": "EU-N76", "dst": "EU-N144", "hlc": {"phys": 1758742804516, "cnt": 0, "node": "EU-N76"}, "package_id": "PKG42798", "payload": {"status": "CREATED"}, "sent_ts": 1758742798756, "arrival_ts": 1758742798774}
{"action": "recv", "src": "EU-N76", "dst": "EU-N144", "hlc": {"phys": 1758742804734, "cnt": 0, "node": "EU-N76"}, "package_id": "PKG42798", "payload": {"status": "SENT"}, "sent_ts": 1758742798974, "arrival_ts": 1758742798987}
{"action": "recv", "src": "EU-N76", "dst": "EU-N144", "hlc": {"phys": 1758742804952, "cnt": 0, "node": "EU-N76"}, "package_id": "PKG42798", "payload": {"status": "IN_TRANSIT"}, "sent_ts": 1758742799192, "arrival_ts": 1758742799330}
{"action": "recv", "src": "EU-N76", "dst": "EU-N144", "hlc": {"phys": 1758742805305, "cnt": 0, "node": "EU-N76"}, "package_id": "PKG42798", "payload": {"status": "RECEIVED"}, "sent_ts": 1758742799545, "arrival_ts": 1758742799702}
{"action": "recv", "src": "EU-N76", "dst": "EU-N144", "hlc": {"phys": 1758742805678, "cnt": 0, "node": "EU-N76"}, "package_id": "PKG42798", "payload": {"status": "DELIVERED"}, "sent_ts": 1758742799918, "arrival_ts": 1758742800001}
{"action": "recv", "src": "AF-N87", "dst": "EU-N144", "hlc": {"phys": 1758747048040, "cnt": 0, "node": "AF-N87"}, "package_id": "PKG47032", "payload": {"status": "CREATED"}, "sent_ts": 1758747032170, "arrival_ts": 1758747032297}
{"action": "recv", "src": "AF-N87", "dst": "EU-N144", "hlc": {"phys": 1758747048379, "cnt": 0, "node": "AF-N87"}, "package_id": "PKG47032", "payload": {"status": "SENT"}, "sent_ts": 1758747032509, "arrival_ts": 1758747032627}
{"action": "recv", "src": "AF-N87", "dst": "EU-N144", "hlc": {"phys": 1758747048706, "cnt": 0, "node": "AF-N87"}, "package_id": "PKG47032", "payload": {"status": "IN_TRANSIT"}, "sent_ts": 1758747032836, "arrival_ts": 1758747032972}
{"action": "recv", "src": "AF-N87", "dst": "EU-N144", "hlc": {"phys": 1758747049048, "cnt": 0, "node": "AF-N87"}, "package_id": "PKG47032", "payload": {"status": "RECEIVED"}, "sent_ts": 1758747033178, "arrival_ts": 1758747033349}
{"action": "recv", "src": "AF-N87", "dst": "EU-N144", "hlc": {"phys": 1758747049423, "cnt": 0, "node": "AF-N87"}, "package_id": "PKG47032", "payload": {"status": "DELIVERED"}, "sent_ts": 1758747033553, "arrival_ts": 1758747033666}
{"action": "recv", "src": "SA-N156", "dst": "EU-N144", "hlc": {"phys": 1758749985129, "cnt": 0, "node": "SA-N156"}, "package_id": "PKG49963", "payload": {"status": "CREATED"}, "sent_ts": 1758749963569, "arrival_ts": 1758749963760}
{"action": "recv", "src": "SA-N156", "dst": "EU-N144", "hlc": {"phys": 1758749985515, "cnt": 0, "node": "SA-N156"}, "package_id": "PKG49963", "payload": {"status": "SENT"}, "sent_ts": 1758749963955, "arrival_ts": 1758749963969}
{"action": "recv", "src": "SA-N156", "dst": "EU-N144", "hlc": {"phys": 1758749985733, "cnt": 0, "node": "SA-N156"}, "package_id": "PKG49963", "payload": {"status": "IN_TRANSIT"}, "sent_ts": 1758749964173, "arrival_ts": 1758749964251}
{"action": "recv", "src": "SA-N156", "dst": "EU-N144", "hlc": {"phys": 1758749986014, "cnt": 0, "node": "SA-N156"}, "package_id": "PKG49963", "payload": {"status": "RECEIVED"}, "sent_ts": 1758749964454, "arrival_ts": 1758749964530}
{"action": "recv", "src": "SA-N156", "dst": "EU-N144", "hlc": {"phys": 1758749986294, "cnt": 0, "node": "SA-N156"}, "package_id": "PKG49963", "payload": {"status": "DELIVERED"}, "sent_ts": 1758749964734, "arrival_ts": 1758749964875}
{"action": "send", "src": "EU-N144", "dst": "AN-N178", "hlc": {"phys": 1758752905891, "cnt": 0, "node": "EU-N144"}, "package_id": "PKG52899", "payload": {"status": "CREATED"}, "sent_ts": 1758752899451, "arrival_ts": 1758752899451}
{"action": "send", "src": "EU-N144", "dst": "AN-N178", "hlc": {"phys": 1758752906188, "cnt": 0, "node": "EU-N144"}, "package_id": "PKG52899", "payload": {"status": "SENT"}, "sent_ts": 1758752899748, "arrival_ts": 1758752899748}
{"action": "send", "src": "EU-N144", "dst": "AN-N178", "hlc": {"phys": 1758752906493, "cnt": 0, "node": "EU-N144"}, "package_id": "PKG52899", "payload": {"status": "IN_TRANSIT"}, "sent_ts": 1758752900053, "arrival_ts": 1758752900053}
{"action": "send", "src": "EU-N144", "dst": "AN-N178", "hlc": {"phys": 1758752906807, "cnt": 0, "node": "EU-N144"}, "package_id": "PKG52899", "payload": {"status": "RECEIVED"}, "sent_ts": 1758752900367, "arrival_ts": 1758752900367}
{"action": "send", "src": "EU-N144", "dst": "AN-N178", "hlc": {"phys": 1758752907082, "cnt": 0, "node": "EU-N144"}, "package_id": "PKG52899", "payload": {"status": "DELIVERED"}, "sent_ts": 1758752900642, "arrival_ts": 1758752900642}
{"action": "recv", "src": "SA-N94", "dst": "EU-N144", "hlc": {"phys": 1758755282501, "cnt": 0, "node": "SA-N94"}, "package_id": "PKG55261", "payload": {"status": "CREATED"}, "sent_ts": 1758755261561, "arrival_ts": 1758755261648}
{"action": "recv", "src": "SA-N94", "dst": "EU-N144", "hlc": {"phys": 1758755282791, "cnt": 0, "node": "SA-N94"}, "package_id": "PKG55261", "payload": {"status": "SENT"}, "sent_ts": 1758755261851, "arrival_ts": 1758755262047}
{"action": "recv", "src": "SA-N94", "dst": "EU-N144", "hlc": {"phys": 1758755283199, "cnt": 0, "node": "SA-N94"}, "package_id": "PKG55261", "payload": {"status": "IN_TRANSIT"}, "sent_ts": 1758755262259, "arrival_ts": 1758755262278}
{"action": "recv", "src": "SA-N94", "dst": "EU-N144", "hlc": {"phys": 1758755283417, "cnt": 0, "node": "SA-N94"}, "package_id": "PKG55261", "payload": {"status": "RECEIVED"}, "sent_ts": 1758755262477, "arrival_ts": 1758755262617}
{"action": "recv", "src": "SA-N94", "dst": "EU-N144", "hlc": {"phys": 1758755283770, "cnt": 0, "node": "SA-N94"}, "package_id": "PKG55261", "payload": {"status": "DELIVERED"}, "sent_ts": 1758755262830, "arrival_ts": 1758755262916}
{"action": "recv", "src": "AN-N159", "dst": "EU-N144", "hlc": {"phys": 1758756530716, "cnt": 0, "node": "AN-N159"}, "package_id": "PKG56499", "payload": {"status": "CREATED"}, "sent_ts": 1758756499126, "arrival_ts": 1758756499297}
{"action": "recv", "src": "AN-N159", "dst": "EU-N144", "hlc": {"phys": 1758756531095, "cnt": 0, "node": "AN-N159"}, "package_id": "PKG56499", "payload": {"status": "SENT"}, "sent_ts": 1758756499505, "arrival_ts": 1758756499653}
{"action": "recv", "src": "AN-N159", "dst": "EU-N144", "hlc": {"phys": 1758756531459, "cnt": 0, "node": "AN-N159"}, "package_id": "PKG56499", "payload": {"status": "IN_TRANSIT"}, "sent_ts": 1758756499869, "arrival_ts": 1758756499984}
{"action": "recv", "src": "AN-N159", "dst": "EU-N144", "hlc": {"phys": 1758756531791, "cnt": 0, "node": "AN-N159"}, "package_id": "PKG56499", "payload": {"status": "RECEIVED"}, "sent_ts": 1758756500201, "arrival_ts": 1758756500365}
{"action": "recv", "src": "AN-N159", "dst": "EU-N144", "hlc": {"phys": 1758756532169, "cnt": 0, "node": "AN-N159"}, "package_id": "PKG56499", "payload": {"status": "DELIVERED"}, "sent_ts": 1758756500579, "arrival_ts": 1758756500776}
{"action": "recv", "src": "AF-N34", "dst": "EU-N144", "hlc": {"phys": 1758757192829, "cnt": 0, "node": "AF-N34"}, "package_id": "PKG57177", "payload": {"status": "CREATED"}, "sent_ts": 1758757177489, "arrival_ts": 1758757177594}
{"action": "recv", "src": "AF-N34", "dst": "EU-N144", "hlc": {"phys": 1758757193139, "cnt": 0, "node": "AF-N34"}, "package_id": "PKG57177", "payload": {"status": "SENT"}, "sent_ts": 1758757177799, "arrival_ts": 1758757177905}
{"action": "recv", "src": "AF-N34", "dst": "EU-N144", "hlc": {"phys": 1758757193445, "cnt": 0, "node": "AF-N34"}, "package_id": "PKG57177", "payload": {"status": "IN_TRANSIT"}, "sent_ts": 1758757178105, "arrival_ts": 1758757178281}
{"action": "recv", "src": "AF-N34", "dst": "EU-N144", "hlc": {"phys": 1758757193831, "cnt": 0, "node": "AF-N34"}, "package_id": "PKG57177", "payload": {"status": "RECEIVED"}, "sent_ts": 1758757178491, "arrival_ts": 1758757178635}
{"action": "recv", "src": "AF-N34", "dst": "EU-N144", "hlc": {"phys": 1758757194210, "cnt": 0, "node": "AF-N34"}, "package_id": "PKG57177", "payload": {"status": "DELIVERED"}, "sent_ts": 1758757178870, "arrival_ts": 1758757178907}
{"action": "recv", "src": "EU-N197", "dst": "EU-N144", "hlc": {"phys": 1758758437265, "cnt": 0, "node": "EU-N197"}, "package_id": "PKG58430", "payload": {"status": "CREATED"}, "sent_ts": 1758758430295, "arrival_ts": 1758758430389}
{"action": "recv", "src": "EU-N197", "dst": "EU-N144", "hlc": {"phys": 1758758437574, "cnt": 0, "node": "EU-N197"}, "package_id": "PKG58430", "payload": {"status": "SENT"}, "sent_ts": 1758758430604, "arrival_ts": 1758758430662}
{"action": "recv", "src": "EU-N197", "dst": "EU-N144", "hlc": {"phys": 1758758437838, "cnt": 0, "node": "EU-N197"}, "package_id": "PKG58430", "payload": {"status": "IN_TRANSIT"}, "sent_ts": 1758758430868, "arrival_ts": 1758758430944}
{"action": "recv", "src": "EU-N197", "dst": "EU-N144", "hlc": {"phys": 1758758438120, "cnt": 0, "node": "EU-N197"}, "package_id": "PKG58430", "payload": {"status": "RECEIVED"}, "sent_ts": 1758758431149, "arrival_ts": 1758758431167}
{"action": "recv", "src": "EU-N197", "dst": "EU-N144", "hlc": {"phys": 1758758438337, "cnt": 0, "node": "EU-N197"}, "package_id": "PKG58430", "payload": {"status": "DELIVERED"}, "sent_ts": 1758758431367, "arrival_ts": 1758758431388}
{"action": "send", "src": "EU-N144", "dst": "AF-N192", "hlc": {"phys": 1758759346262, "cnt": 0, "node": "EU-N144"}, "package_id": "PKG59339", "payload": {"status": "CREATED"}, "sent_ts": 1758759339822, "arrival_ts": 1758759339822}
{"action": "send", "src": "EU-N144", "dst": "AF-N192", "hlc": {"phys": 1758759346754, "cnt": 0, "node": "EU-N144"}, "package_id": "PKG59339", "payload": {"status": "SENT"}, "sent_ts": 1758759340314, "arrival_ts": 1758759340314}
{"action": "send", "src": "EU-N144", "dst": "AF-N192", "hlc": {"phys": 1758759346997, "cnt": 0, "node": "EU-N144"}, "package_id": "PKG59339", "payload": {"status": "IN_TRANSIT"}, "sent_ts": 1758759340557, "arrival_ts": 1758759340557}
{"action": "send", "src": "EU-N144", "dst": "AF-N192", "hlc": {"phys": 1758759347385, "cnt": 0, "node": "EU-N144"}, "package_id": "PKG59339", "payload": {"status": "RECEIVED"}, "sent_ts": 1758759340945, "arrival_ts": 1758759340945}
{"action": "send", "src": "EU-N144", "dst": "AF-N192", "hlc": {"phys": 1758759347760, "cnt": 0, "node": "EU-N144"}, "package_id": "PKG59339", "payload": {"status": "DELIVERED"}, "sent_ts": 1758759341320, "arrival_ts": 1758759341320}
{"action": "recv", "src": "SA-N154", "dst": "EU-N144", "hlc": {"phys": 1758760641296, "cnt": 0, "node": "SA-N154"}, "package_id": "PKG60619", "payload": {"status": "CREATED"}, "sent_ts": 1758760619756, "arrival_ts": 1758760619831}
{"action": "recv", "src": "SA-N154", "dst": "EU-N144", "hlc": {"phys": 1758760641586, "cnt": 0, "node": "SA-N154"}, "package_id": "PKG60619", "payload": {"status": "SENT"}, "sent_ts": 1758760620046, "arrival_ts": 1758760620064}
{"action": "recv", "src": "SA-N154", "dst": "EU-N144", "hlc": {"phys": 1758760641810, "cnt": 0, "node": "SA-N154"}, "package_id": "PKG60619", "payload": {"status": "IN_TRANSIT"}, "sent_ts": 1758760620270, "arrival_ts": 1758760620319}
{"action": "recv", "src": "SA-N154", "dst": "EU-N144", "hlc": {"phys": 1758760642064, "cnt": 0, "node": "SA-N154"}, "package_id": "PKG60619", "payload": {"status": "RECEIVED"}, "sent_ts": 1758760620524, "arrival_ts": 1758760620605}
{"action": "recv", "src": "SA-N154", "dst": "EU-N144", "hlc": {"phys": 1758760642360, "cnt": 0, "node": "SA-N154"}, "package_id": "PKG60619", "payload": {"status": "DELIVERED"}, "sent_ts": 1758760620820, "arrival_ts": 1758760620876}
{"action": "recv", "src": "SA-N74", "dst": "EU-N144", "hlc": {"phys": 1758764438194, "cnt": 0, "node": "SA-N74"}, "package_id": "PKG64417", "payload": {"status": "CREATED"}, "sent_ts": 1758764417454, "arrival_ts": 1758764417507}
{"action": "recv", "src": "SA-N74", "dst": "EU-N144", "hlc": {"phys": 1758764438458, "cnt": 0, "node": "SA-N74"}, "package_id": "PKG64417", "payload": {"status": "SENT"}, "sent_ts": 1758764417718, "arrival_ts": 1758764417837}
{"action": "recv", "src": "SA-N74", "dst": "EU-N144", "hlc": {"phys": 1758764438782, "cnt": 0, "node": "SA-N74"}, "package_id": "PKG64417", "payload": {"status": "IN_TRANSIT"}, "sent_ts": 1758764418042, "arrival_ts": 1758764418243}
{"action": "recv", "src": "SA-N74", "dst": "EU-N144", "hlc": {"phys": 1758764439186, "cnt": 0, "node": "SA-N74"}, "package_id": "PKG64417", "payload": {"status": "RECEIVED"}, "sent_ts": 1758764418446, "arrival_ts": 1758764418466}
{"action": "recv", "src": "SA-N74", "dst": "EU-N144", "hlc": {"phys": 1758764439402, "cnt": 0, "node": "SA-N74"}, "package_id": "PKG64417", "payload": {"status": "DELIVERED"}, "sent_ts": 1758764418662, "arrival_ts": 1758764418826}
{"action": "send", "src": "EU-N144", "dst": "AF-N140", "hlc": {"phys": 1758800783561, "cnt": 0, "node": "EU-N144"}, "package_id": "PKG777", "payload": {"status": "CREATED"}, "sent_ts": 1758800777121, "arrival_ts": 1758800777121}
{"action": "send", "src": "EU-N144", "dst": "AF-N140", "hlc": {"phys": 1758800783787, "cnt": 0, "node": "EU-N144"}, "package_id": "PKG777", "payload": {"status": "SENT"}, "sent_ts": 1758800777347, "arrival_ts": 1758800777347}
{"action": "send", "src": "EU-N144", "dst": "AF-N140", "hlc": {"phys": 1758800784083, "cnt": 0, "node": "EU-N144"}, "package_id": "PKG777", "payload": {"status": "IN_TRANSIT"}, "sent_ts": 1758800777643, "arrival_ts": 1758800777643}
{"action": "send", "src": "EU-N144", "dst": "AF-N140", "hlc": {"phys": 1758800786083, "cnt": 0, "node": "EU-N144"}, "package_id": "PKG777", "payload": {"status": "RECEIVED"}, "sent_ts": 1758800779643, "arrival_ts": 1758800779643}
{"action": "send", "src": "EU-N144", "dst": "AF-N140", "hlc": {"phys": 1758800786455, "cnt": 0, "node": "EU-N144"}, "package_id": "PKG777", "payload": {"status": "DELIVERED"}, "sent_ts": 1758800780015, "arrival_ts": 1758800780015}
{"action": "recv", "src": "EU-N38", "dst": "EU-N144", "hlc": {"phys": 1758802922141, "cnt": 0, "node": "EU-N38"}, "package_id": "PKG2916", "payload": {"status": "CREATED"}, "sent_ts": 1758802916761, "arrival_ts": 1758802916937}
{"action": "recv", "src": "EU-N38", "dst": "EU-N144", "hlc": {"phys": 1758802922529, "cnt": 0, "node": "EU-N38"}, "package_id": "PKG2916", "payload": {"status": "SENT"}, "sent_ts": 1758802917149, "arrival_ts": 1758802917199}
{"action": "recv", "src": "EU-N38", "dst": "EU-N144", "hlc": {"phys": 1758802922776, "cnt": 0, "node": "EU-N38"}, "package_id": "PKG2916", "payload": {"status": "IN_TRANSIT"}, "sent_ts": 1758802917396, "arrival_ts": 1758802917464}
{"action": "recv", "src": "EU-N38", "dst": "EU-N144", "hlc": {"phys": 1758802923042, "cnt": 0, "node": "EU-N38"}, "package_id": "PKG2916", "payload": {"status": "RECEIVED"}, "sent_ts": 1758802917662, "arrival_ts": 1758802917827}
{"action": "recv", "src": "EU-N38", "dst": "EU-N144", "hlc": {"phys": 1758802923416, "cnt": 0, "node": "EU-N38"}, "package_id": "PKG2916", "payload": {"status": "DELIVERED"}, "sent_ts": 1758802918036, "arrival_ts": 1758802918058}
{"action": "recv", "src": "AU-N106", "dst": "EU-N144", "hlc": {"phys": 1758804748134, "cnt": 0, "node": "AU-N106"}, "package_id": "PKG4722", "payload": {"status": "CREATED"}, "sent_ts": 1758804722074, "arrival_ts": 1758804722164}
{"action": "recv", "src": "AU-N106", "dst": "EU-N144", "hlc": {"phys": 1758804748436, "cnt": 0, "node": "AU-N106"}, "package_id": "PKG4722", "payload": {"status": "SENT"}, "sent_ts": 1758804722376, "arrival_ts": 1758804722535}
{"action": "recv", "src": "AU-N106", "dst": "EU-N144", "hlc": {"phys": 1758804748804, "cnt": 0, "node": "AU-N106"}, "package_id": "PKG4722", "payload": {"status": "IN_TRANSIT"}, "sent_ts": 1758804722744, "arrival_ts": 1758804722799}
{"action": "recv", "src": "AU-N106", "dst": "EU-N144", "hlc": {"phys": 1758804749074, "cnt": 0, "node": "AU-N106"}, "package_id": "PKG4722", "payload": {"status": "RECEIVED"}, "sent_ts": 1758804723014, "arrival_ts": 1758804723124}
{"action": "recv", "src": "AU-N106", "dst": "EU-N144", "hlc": {"phys": 1758804749392, "cnt": 0, "node": "AU-N106"}, "package_id": "PKG4722", "payload": {"status": "DELIVERED"}, "sent_ts": 1758804723332, "arrival_ts": 1758804723492}
{"action": "send", "src": "EU-N144", "dst": "AU-N200", "hlc": {"phys": 1758811991066, "cnt": 0, "node": "EU-N144"}, "package_id": "PKG11984", "payload": {"status": "CREATED"}, "sent_ts": 1758811984626, "arrival_ts": 1758811984626}
{"action": "send", "src": "EU-N144", "dst": "AU-N200", "hlc": {"phys": 1758811991315, "cnt": 0, "node": "EU-N144"}, "package_id": "PKG11984", "payload": {"status": "SENT"}, "sent_ts": 1758811984875, "arrival_ts": 1758811984875}
{"action": "send", "src": "EU-N144", "dst": "AU-N200", "hlc": {"phys": 1758811991720, "cnt": 0, "node": "EU-N144"}, "package_id": "PKG11984", "payload": {"status": "IN_TRANSIT"}, "sent_ts": 1758811985280, "arrival_ts": 1758811985280}
{"action": "send", "src": "EU-N144", "dst": "AU-N200", "hlc": {"phys": 1758811992092, "cnt": 0, "node": "EU-N144"}, "package_id": "PKG11984", "payload": {"status": "RECEIVED"}, "sent_ts": 1758811985652, "arrival_ts": 1758811985652}
{"action": "send", "src": "EU-N144", "dst": "AU-N200", "hlc": {"phys": 1758811992309, "cnt": 0, "node": "EU-N144"}, "package_id": "PKG11984", "payload": {"status": "DELIVERED"}, "sent_ts": 1758811985869, "arrival_ts": 1758811985869}
{"action": "send", "src": "EU-N144", "dst": "AN-N94", "hlc": {"phys": 1758814029010, "cnt": 0, "node": "EU-N144"}, "package_id": "PKG14022", "payload": {"status": "CREATED"}, "sent_ts": 1758814022570, "arrival_ts": 1758814022570}
{"action": "send", "src": "EU-N144", "dst": "AN-N94", "hlc": {"phys": 1758814029258, "cnt": 0, "node": "EU-N144"}, "package_id": "PKG14022", "payload": {"status": "SENT"}, "sent_ts": 1758814022818, "arrival_ts": 1758814022818}
{"action": "send", "src": "EU-N144", "dst": "AN-N94", "hlc": {"phys": 1758814029492, "cnt": 0, "node": "EU-N144"}, "package_id": "PKG14022", "payload": {"status": "IN_TRANSIT"}, "sent_ts": 1758814023052, "arrival_ts": 1758814023052}
{"action": "send", "src": "EU-N144", "dst": "AN-N94", "hlc": {"phys": 1758814029833, "cnt": 0, "node": "EU-N144"}, "package_id": "PKG14022", "payload": {"status": "RECEIVED"}, "sent_ts": 1758814023393, "arrival_ts": 1758814023393}
{"action": "send", "src": "EU-N144", "dst": "AN-N94", "hlc": {"phys": 1758814030095, "cnt": 0, "node": "EU-N144"}, "package_id": "PKG14022", "payload": {"status": "DELIVERED"}, "sent_ts": 1758814023655, "arrival_ts": 1758814023655}
