{"action": "send", "src": "EU-N57", "dst": "AF-N10", "hlc": {"phys": 1758717347696, "cnt": 0, "node": "EU-N57"}, "package_id": "PKG17342", "payload": {"status": "CREATED"}, "sent_ts": 1758717342126, "arrival_ts": 1758717342126}
{"action": "send", "src": "EU-N57", "dst": "AF-N10", "hlc": {"phys": 1758717348099, "cnt": 0, "node": "EU-N57"}, "package_id": "PKG17342", "payload": {"status": "SENT"}, "sent_ts": 1758717342529, "arrival_ts": 1758717342529}
{"action": "send", "src": "EU-N57", "dst": "AF-N10", "hlc": {"phys": 1758717348378, "cnt": 0, "node": "EU-N57"}, "package_id": "PKG17342", "payload": {"status": "IN_TRANSIT"}, "sent_ts": 1758717342808, "arrival_ts": 1758717342808}
{"action": "send", "src": "EU-N57", "dst": "AF-N10", "hlc": {"phys": 1758717348701, "cnt": 0, "node": "EU-N57"}, "package_id": "PKG17342", "payload": {"status": "RECEIVED"}, "sent_ts": 1758717343131, "arrival_ts": 1758717343131}
{"action": "send", "src": "EU-N57", "dst": "AF-N10", "hlc": {"phys": 1758717348966, "cnt": 0, "node": "EU-N57"}, "package_id": "PKG17342", "payload": {"status": "DELIVERED"}, "sent_ts": 1758717343396, "arrival_ts": 1758717343396}
{"action": "send", "src": "EU-N57", "dst": "EU-N21", "hlc": {"phys": 1758718964916, "cnt": 0, "node": "EU-N57"}, "package_id": "PKG18959", "payload": {"status": "CREATED"}, "sent_ts": 1758718959346, "arrival_ts": 1758718959346}
{"action": "send", "src": "EU-N57", "dst": "EU-N21", "hlc": {"phys": 1758718965154, "cnt": 0, "node": "EU-N57"}, "package_id": "PKG18959", "payload": {"status": "SENT"}, "sent_ts": 1758718959584, "arrival_ts": 1758718959584}
{"action": "send", "src": "EU-N57", "dst": "EU-N21", "hlc": {"phys": 1758718965396, "cnt": 0, "node": "EU-N57"}, "package_id": "PKG18959", "payload": {"status": "IN_TRANSIT"}, "sent_ts": 1758718959826, "arrival_ts": 1758718959826}
{"action": "send", "src": "EU-N57", "dst": "EU-N21", "hlc": {"phys": 1758718965641, "cnt": 0, "node": "EU-N57"}, "package_id": "PKG18959", "payload": {"status": "RECEIVED"}, "sent_ts": 1758718960071, "arrival_ts": 1758718960071}
{"action": "send", "src": "EU-N57", "dst": "EU-N21", "hlc": {"phys": 1758718965921, "cnt": 0, "node": "EU-N57"}, "package_id": "PKG18959", "payload": {"status": "DELIVERED"}, "sent_ts": 1758718960351, "arrival_ts": 1758718960351}
{"action": "send", "src": "EU-N57", "dst": "EU-N159", "hlc": {"phys": 1758741311639, "cnt": 0, "node": "EU-N57"}, "package_id": "PKG41306", "payload": {"status": "CREATED"}, "sent_ts": 1758741306069, "arrival_ts": 1758741306069}
{"action": "send", "src": "EU-N57", "dst": "EU-N159", "hlc": {"phys": 1758741312042, "cnt": 0, "node": "EU-N57"}, "package_id": "PKG41306", "payload": {"status": "SENT"}, "sent_ts": 1758741306472, "arrival_ts": 1758741306472}
{"action": "send", "src": "EU-N57", "dst": "EU-N159", "hlc": {"phys": 1758741312387, "cnt": 0, "node": "EU-N57"}, "package_id": "PKG41306", "payload": {"status": "IN_TRANSIT"}, "sent_ts": 1758741306817, "arrival_ts": 1758741306817}
{"action": "send", "src": "EU-N57", "dst": "EU-N159", "hlc": {"phys": 1758741312742, "cnt": 0, "node": "EU-N57"}, "package_id": "PKG41306", "payload": {"status": "RECEIVED"}, "sent_ts": 1758741307172, "arrival_ts": 1758741307172}
{"action": "send", "src": "EU-N57", "dst": "EU-N159", "hlc": {"phys": 1758741313476, "cnt": 0, "node": "EU-N57"}, "package_id": "PKG41306", "payload": {"status": "DELIVERED"}, "sent_ts": 1758741307906, "arrival_ts": 1758741307906}
{"action": "recv", "src": "AN-N103", "dst": "EU-N57", "hlc": {"phys": 1758744435839, "cnt": 0, "node": "AN-N103"}, "package_id": "PKG44404", "payload": {"status": "CREATED"}, "sent_ts": 1758744404809, "arrival_ts": 1758744404984}
{"action": "recv", "src": "AN-N103", "dst": "EU-N57", "hlc": {"phys": 1758744436226, "cnt": 0, "node": "AN-N103"}, "package_id": "PKG44404", "payload": {"status": "SENT"}, "sent_ts": 1758744405196, "arrival_ts": 1758744405239}
{"action": "recv", "src": "AN-N103", "dst": "EU-N57", "hlc": {"phys": 1758744436473, "cnt": 0, "node": "AN-N103"}, "package_id": "PKG44404", "payload": {"status": "IN_TRANSIT"}, "sent_ts": 1758744405443, "arrival_ts": 1758744405535}
{"action": "recv", "src": "AN-N103", "dst": "EU-N57", "hlc": {"phys": 1758744436781, "cnt": 0, "node": "AN-N103"}, "package_id": "PKG44404", "payload": {"status": "RECEIVED"}, "sent_ts": 1758744405751, "arrival_ts": 1758744405949}
{"action": "recv", "src": "AN-N103", "dst": "EU-N57", "hlc": {"phys": 1758744437184, "cnt": 0, "node": "AN-N103"}, "package_id": "PKG44404", "payload": {"status": "DELIVERED"}, "sent_ts": 1758744406154, "arrival_ts": 1758744406309}
{"action": "send", "src": "EU-N57", "dst": "AS-N111", "hlc": {"phys": 1758745185078, "cnt": 0, "node": "EU-N57"}, "package_id": "PKG45179", "payload": {"status": "CREATED"}, "sent_ts": 1758745179508, "arrival_ts": 1758745179508}
{"action": "send", "src": "EU-N57", "dst": "AS-N111", "hlc": {"phys": 1758745185443, "cnt": 0, "node": "EU-N57"}, "package_id": "PKG45179", "payload": {"status": "SENT"}, "sent_ts": 1758745179873, "arrival_ts": 1758745179873}
{"action": "send", "src": "EU-N57", "dst": "AS-N111", "hlc": {"phys": 1758745185684, "cnt": 0, "node": "EU-N57"}, "package_id": "PKG45179", "payload": {"status": "IN_TRANSIT"}, "sent_ts": 1758745180114, "arrival_ts": 1758745180114}
{"action": "send", "src": "EU-N57", "dst": "AS-N111", "hlc": {"phys": 1758745186079, "cnt": 0, "node": "EU-N57"}, "package_id": "PKG45179", "payload": {"status": "RECEIVED"}, "sent_ts": 1758745180509, "arrival_ts": 1758745180509}
{"action": "send", "src": "EU-N57", "dst": "AS-N111", "hlc": {"phys": 1758745186384, "cnt": 0, "node": "EU-N57"}, "package_id": "PKG45179", "payload": {"status": "DELIVERED"}, "sent_ts": 1758745180814, "arrival_ts": 1758745180814}
{"action": "recv", "src": "AF-N145", "dst": "EU-N57", "hlc": {"phys": 1758746169202, "cnt": 0, "node": "AF-N145"}, "package_id": "PKG46152", "payload": {"status": "CREATED"}, "sent_ts": 1758746152752, "arrival_ts": 1758746152952}
{"action": "recv", "src": "AF-N145", "dst": "EU-N57", "hlc": {"phys": 1758746169611, "cnt": 0, "node": "AF-N145"}, "package_id": "PKG46152", "payload": {"status": "SENT"}, "sent_ts": 1758746153161, "arrival_ts": 1758746153326}
{"action": "recv", "src": "AF-N145", "dst": "EU-N57", "hlc": {"phys": 1758746169982, "cnt": 0, "node": "AF-N145"}, "package_id": "PKG46152", "payload": {"status": "IN_TRANSIT"}, "sent_ts": 1758746153532, "arrival_ts": 1758746153576}
{"action": "recv", "src": "AF-N145", "dst": "EU-N57", "hlc": {"phys": 1758746170242, "cnt": 0, "node": "AF-N145"}, "package_id": "PKG46152", "payload": {"status": "RECEIVED"}, "sent_ts": 1758746153792, "arrival_ts": 1758746153934}
{"action": "recv", "src": "AF-N145", "dst": "EU-N57", "hlc": {"phys": 1758746170598, "cnt": 0, "node": "AF-N145"}, "package_id": "PKG46152", "payload": {"status": "DELIVERED"}, "sent_ts": 1758746154148, "arrival_ts": 1758746154234}
{"action": "send", "src": "EU-N57", "dst": "NA-N181", "hlc": {"phys": 1758747855751, "cnt": 0, "node": "EU-N57"}, "package_id": "PKG47850", "payload": {"status": "CREATED"}, "sent_ts": 1758747850181, "arrival_ts": 1758747850181}
{"action": "send", "src": "EU-N57", "dst": "NA-N181", "hlc": {"phys": 1758747857259, "cnt": 0, "node": "EU-N57"}, "package_id": "PKG47850", "payload": {"status": "SENT"}, "sent_ts": 1758747851689, "arrival_ts": 1758747851689}
{"action": "send", "src": "EU-N57", "dst": "NA-N181", "hlc": {"phys": 1758747857481, "cnt": 0, "node": "EU-N57"}, "package_id": "PKG47850", "payload": {"status": "IN_TRANSIT"}, "sent_ts": 1758747851911, "arrival_ts": 1758747851911}
{"action": "send", "src": "EU-N57", "dst": "NA-N181", "hlc": {"phys": 1758747857755, "cnt": 0, "node": "EU-N57"}, "package_id": "PKG47850", "payload": {"status": "RECEIVED"}, "sent_ts": 1758747852185, "arrival_ts": 1758747852185}
{"action": "send", "src": "EU-N57", "dst": "NA-N181", "hlc": {"phys": 1758747858169, "cnt": 0, "node": "EU-N57"}, "package_id": "PKG47850", "payload": {"status": "DELIVERED"}, "sent_ts": 1758747852599, "arrival_ts": 1758747852599}
{"action": "recv", "src": "EU-N71", "dst": "EU-N57", "hlc": {"phys": 1758748562978, "cnt": 0, "node": "EU-N71"}, "package_id": "PKG48557", "payload": {"status": "CREATED"}, "sent_ts": 1758748557268, "arrival_ts": 1758748557399}
{"action": "recv", "src": "EU-N71", "dst": "EU-N57", "hlc": {"phys": 1758748563317, "cnt": 0, "node": "EU-N71"}, "package_id": "PKG48557", "payload": {"status": "SENT"}, "sent_ts": 1758748557607, "arrival_ts": 1758748557775}
{"action": "recv", "src": "EU-N71", "dst": "EU-N57", "hlc": {"phys": 1758748563716, "cnt": 0, "node": "EU-N71"}, "package_id": "PKG48557", "payload": {"status": "IN_TRANSIT"}, "sent_ts": 1758748558006, "arrival_ts": 1758748558199}
{"action": "recv", "src": "EU-N71", "dst": "EU-N57", "hlc": {"phys": 1758748564098, "cnt": 0, "node": "EU-N71"}, "package_id": "PKG48557", "payload": {"status": "RECEIVED"}, "sent_ts": 1758748558388, "arrival_ts": 1758748558585}
{"action": "recv", "src": "EU-N71", "dst": "EU-N57", "hlc": {"phys": 1758748564503, "cnt": 0, "node": "EU-N71"}, "package_id": "PKG48557", "payload": {"status": "DELIVERED"}, "sent_ts": 1758748558793, "arrival_ts": 1758748558953}
{"action": "send", "src": "EU-N57", "dst": "SA-N154", "hlc": {"phys": 1758752810272, "cnt": 0, "node": "EU-N57"}, "package_id": "PKG52804", "payload": {"status": "CREATED"}, "sent_ts": 1758752804702, "arrival_ts": 1758752804702}
{"action": "send", "src": "EU-N57", "dst": "SA-N154", "hlc": {"phys": 1758752810615, "cnt": 0, "node": "EU-N57"}, "package_id": "PKG52804", "payload": {"status": "SENT"}, "sent_ts": 1758752805045, "arrival_ts": 1758752805045}
{"action": "send", "src": "EU-N57", "dst": "SA-N154", "hlc": {"phys": 1758752810835, "cnt": 0, "node": "EU-N57"}, "package_id": "PKG52804", "payload": {"status": "IN_TRANSIT"}, "sent_ts": 1758752805265, "arrival_ts": 1758752805265}
{"action": "send", "src": "EU-N57", "dst": "SA-N154", "hlc": {"phys": 1758752811147, "cnt": 0, "node": "EU-N57"}, "package_id": "PKG52804", "payload": {"status": "RECEIVED"}, "sent_ts": 1758752805577, "arrival_ts": 1758752805577}
{"action": "send", "src": "EU-N57", "dst": "SA-N154", "hlc": {"phys": 1758752811462, "cnt": 0, "node": "EU-N57"}, "package_id": "PKG52804", "payload": {"status": "DELIVERED"}, "sent_ts": 1758752805892, "arrival_ts": 1758752805892}
{"action": "recv", "src": "AU-N127", "dst": "EU-N57", "hlc": {"phys": 1758755842224, "cnt": 0, "node": "AU-N127"}, "package_id": "PKG55815", "payload": {"status": "CREATED"}, "sent_ts": 1758755815954, "arrival_ts": 1758755816087}
{"action": "recv", "src": "AU-N127", "dst": "EU-N57", "hlc": {"phys": 1758755842565, "cnt": 0, "node": "AU-N127"}, "package_id": "PKG55815", "payload": {"status": "SENT"}, "sent_ts": 1758755816295, "arrival_ts": 1758755816462}
{"action": "recv", "src": "AU-N127", "dst": "EU-N57", "hlc": {"phys": 1758755842944, "cnt": 0, "node": "AU-N127"}, "package_id": "PKG55815", "payload": {"status": "IN_TRANSIT"}, "sent_ts": 1758755816674, "arrival_ts": 1758755816722}
{"action": "recv", "src": "AU-N127", "dst": "EU-N57", "hlc": {"phys": 1758755843214, "cnt": 0, "node": "AU-N127"}, "package_id": "PKG55815", "payload": {"status": "RECEIVED"}, "sent_ts": 1758755816944, "arrival_ts": 1758755817112}
{"action": "recv", "src": "AU-N127", "dst": "EU-N57", "hlc": {"phys": 1758755843594, "cnt": 0, "node": "AU-N127"}, "package_id": "PKG55815", "payload": {"status": "DELIVERED"}, "sent_ts": 1758755817324, "arrival_ts": 1758755817468}
{"action": "recv", "src": "NA-N48", "dst": "EU-N57", "hlc": {"phys": 1758758315684, "cnt": 0, "node": "NA-N48"}, "package_id": "PKG58315", "payload": {"status": "CREATED"}, "sent_ts": 1758758315204, "arrival_ts": 1758758315216}
{"action": "recv", "src": "NA-N48", "dst": "EU-N57", "hlc": {"phys": 1758758315900, "cnt": 0, "node": "NA-N48"}, "package_id": "PKG58315", "payload": {"status": "SENT"}, "sent_ts": 1758758315420, "arrival_ts": 1758758315444}
{"action": "recv", "src": "NA-N48", "dst": "EU-N57", "hlc": {"phys": 1758758316145, "cnt": 0, "node": "NA-N48"}, "package_id": "PKG58315", "payload": {"status": "IN_TRANSIT"}, "sent_ts": 1758758315665, "arrival_ts": 1758758315767}
{"action": "recv", "src": "NA-N48", "dst": "EU-N57", "hlc": {"phys": 1758758316454, "cnt": 0, "node": "NA-N48"}, "package_id": "PKG58315", "payload": {"status": "RECEIVED"}, "sent_ts": 1758758315974, "arrival_ts": 1758758316103}
{"action": "recv", "src": "NA-N48", "dst": "EU-N57", "hlc": {"phys": 1758758316777, "cnt": 0, "node": "NA-N48"}, "package_id": "PKG58315", "payload": {"status": "DELIVERED"}, "sent_ts": 1758758316297, "arrival_ts": 1758758316408}
{"action": "recv", "src": "AF-N164", "dst": "EU-N57", "hlc": {"phys": 1758758950628, "cnt": 0, "node": "AF-N164"}, "package_id": "PKG58933", "payload": {"status": "CREATED"}, "sent_ts": 1758758933988, "arrival_ts": 1758758934108}
{"action": "recv", "src": "AF-N164", "dst": "EU-N57", "hlc": {"phys": 1758758950951, "cnt": 0, "node": "AF-N164"}, "package_id": "PKG58933", "payload": {"status": "SENT"}, "sent_ts": 1758758934311, "arrival_ts": 1758758934343}
{"action": "recv", "src": "AF-N164", "dst": "EU-N57", "hlc": {"phys": 1758758951207, "cnt": 0, "node": "AF-N164"}, "package_id": "PKG58933", "payload": {"status": "IN_TRANSIT"}, "sent_ts": 1758758934567, "arrival_ts": 1758758934579}
{"action": "recv", "src": "AF-N164", "dst": "EU-N57", "hlc": {"phys": 1758758951439, "cnt": 0, "node": "AF-N164"}, "package_id": "PKG58933", "payload": {"status": "RECEIVED"}, "sent_ts": 1758758934799, "arrival_ts": 1758758934821}
{"action": "recv", "src": "AF-N164", "dst": "EU-N57", "hlc": {"phys": 1758758951662, "cnt": 0, "node": "AF-N164"}, "package_id": "PKG58933", "payload": {"status": "DELIVERED"}, "sent_ts": 1758758935022, "arrival_ts": 1758758935140}
{"action": "send", "src": "EU-N57", "dst": "AN-N77", "hlc": {"phys": 1758759509282, "cnt": 0, "node": "EU-N57"}, "package_id": "PKG59503", "payload": {"status": "CREATED"}, "sent_ts": 1758759503712, "arrival_ts": 1758759503712}
{"action": "send", "src": "EU-N57", "dst": "AN-N77", "hlc": {"phys": 1758759509636, "cnt": 0, "node": "EU-N57"}, "package_id": "PKG59503", "payload": {"status": "SENT"}, "sent_ts": 1758759504066, "arrival_ts": 1758759504066}
{"action": "send", "src": "EU-N57", "dst": "AN-N77", "hlc": {"phys": 1758759510007, "cnt": 0, "node": "EU-N57"}, "package_id": "PKG59503", "payload": {"status": "IN_TRANSIT"}, "sent_ts": 1758759504437, "arrival_ts": 1758759504437}
{"action": "send", "src": "EU-N57", "dst": "AN-N77", "hlc": {"phys": 1758759510316, "cnt": 0, "node": "EU-N57"}, "package_id": "PKG59503", "payload": {"status": "RECEIVED"}, "sent_ts": 1758759504746, "arrival_ts": 1758759504746}
{"action": "send", "src": "EU-N57", "dst": "AN-N77", "hlc": {"phys": 1758759510550, "cnt": 0, "node": "EU-N57"}, "package_id": "PKG59503", "payload": {"status": "DELIVERED"}, "sent_ts": 1758759504980, "arrival_ts": 1758759504980}
{"action": "send", "src": "EU-N57", "dst": "AF-N88", "hlc": {"phys": 1758761604158, "cnt": 0, "node": "EU-N57"}, "package_id": "PKG61598", "payload": {"status": "CREATED"}, "sent_ts": 1758761598588, "arrival_ts": 1758761598588}
{"action": "send", "src": "EU-N57", "dst": "AF-N88", "hlc": {"phys": 1758761604549, "cnt": 0, "node": "EU-N57"}, "package_id": "PKG61598", "payload": {"status": "SENT"}, "sent_ts": 1758761598979, "arrival_ts": 1758761598979}
{"action": "send", "src": "EU-N57", "dst": "AF-N88", "hlc": {"phys": 1758761604833, "cnt": 0, "node": "EU-N57"}, "package_id": "PKG61598", "payload": {"status": "IN_TRANSIT"}, "sent_ts": 1758761599263, "arrival_ts": 1758761599263}
{"action": "send", "src": "EU-N57", "dst": "AF-N88", "hlc": {"phys": 1758761605134, "cnt": 0, "node": "EU-N57"}, "package_id": "PKG61598", "payload": {"status": "RECEIVED"}, "sent_ts": 1758761599564, "arrival_ts": 1758761599564}
{"action": "send", "src": "EU-N57", "dst": "AF-N88", "hlc": {"phys": 1758761605484, "cnt": 0, "node": "EU-N57"}, "package_id": "PKG61598", "payload": {"status": "DELIVERED"}, "sent_ts": 1758761599914, "arrival_ts": 1758761599914}
{"action": "recv", "src": "AS-N164", "dst": "EU-N57", "hlc": {"phys": 1758805344800, "cnt": 0, "node": "AS-N164"}, "package_id": "PKG5333", "payload": {"status": "CREATED"}, "sent_ts": 1758805333160, "arrival_ts": 1758805333263}
{"action": "recv", "src": "AS-N164", "dst": "EU-N57", "hlc": {"phys": 1758805345112, "cnt": 0, "node": "AS-N164"}, "package_id": "PKG5333", "payload": {"status": "SENT"}, "sent_ts": 1758805333472, "arrival_ts": 1758805333522}
{"action": "recv", "src": "AS-N164", "dst": "EU-N57", "hlc": {"phys": 1758805345343, "cnt": 0, "node": "AS-N164"}, "package_id": "PKG5333", "payload": {"status": "IN_TRANSIT"}, "sent_ts": 1758805333703, "arrival_ts": 1758805333775}
{"action": "recv", "src": "AS-N164", "dst": "EU-N57", "hlc": {"phys": 1758805345621, "cnt": 0, "node": "AS-N164"}, "package_id": "PKG5333", "payload": {"status": "RECEIVED"}, "sent_ts": 1758805333981, "arrival_ts": 1758805334028}
{"action": "recv", "src": "AS-N164", "dst": "EU-N57", "hlc": {"phys": 1758805345871, "cnt": 0, "node": "AS-N164"}, "package_id": "PKG5333", "payload": {"status": "DELIVERED"}, "sent_ts": 1758805334231, "arrival_ts": 1758805334378}
{"action": "send", "src": "EU-N57", "dst": "SA-N150", "hlc": {"phys": 1758805442740, "cnt": 0, "node": "EU-N57"}, "package_id": "PKG5437", "payload": {"status": "CREATED"}, "sent_ts": 1758805437170, "arrival_ts": 1758805437170}
{"action": "send", "src": "EU-N57", "dst": "SA-N150", "hlc": {"phys": 1758805443062, "cnt": 0, "node": "EU-N57"}, "package_id": "PKG5437", "payload": {"status": "SENT"}, "sent_ts": 1758805437492, "arrival_ts": 1758805437492}
{"action": "send", "src": "EU-N57", "dst": "SA-N150", "hlc": {"phys": 1758805443290, "cnt": 0, "node": "EU-N57"}, "package_id": "PKG5437", "payload": {"status": "IN_TRANSIT"}, "sent_ts": 1758805437720, "arrival_ts": 1758805437720}
{"action": "send", "src": "EU-N57", "dst": "SA-N150", "hlc": {"phys": 1758805443654, "cnt": 0, "node": "EU-N57"}, "package_id": "PKG5437", "payload": {"status": "RECEIVED"}, "sent_ts": 1758805438084, "arrival_ts": 1758805438084}
{"action": "send", "src": "EU-N57", "dst": "SA-N150", "hlc": {"phys": 1758805443927, "cnt": 0, "node": "EU-N57"}, "package_id": "PKG5437", "payload": {"status": "DELIVERED"}, "sent_ts": 1758805438357, "arrival_ts": 1758805438357}
{"action": "recv", "src": "SA-N25", "dst": "EU-N57", "hlc": {"phys": 1758808457308, "cnt": 0, "node": "SA-N25"}, "package_id": "PKG8437", "payload": {"status": "CREATED"}, "sent_ts": 1758808437058, "arrival_ts": 1758808437205}
{"action": "recv", "src": "SA-N25", "dst": "EU-N57", "hlc": {"phys": 1758808457667, "cnt": 0, "node": "SA-N25"}, "package_id": "PKG8437", "payload": {"status": "SENT"}, "sent_ts": 1758808437417, "arrival_ts": 1758808437494}
{"action": "recv", "src": "SA-N25", "dst": "EU-N57", "hlc": {"phys": 1758808457946, "cnt": 0, "node": "SA-N25"}, "package_id": "PKG8437", "payload": {"status": "IN_TRANSIT"}, "sent_ts": 1758808437696, "arrival_ts": 1758808437883}
{"action": "recv", "src": "SA-N25", "dst": "EU-N57", "hlc": {"phys": 1758808458331, "cnt": 0, "node": "SA-N25"}, "package_id": "PKG8437", "payload": {"status": "RECEIVED"}, "sent_ts": 1758808438081, "arrival_ts": 1758808438110}
{"action": "recv", "src": "SA-N25", "dst": "EU-N57", "hlc": {"phys": 1758808458578, "cnt": 0, "node": "SA-N25"}, "package_id": "PKG8437", "payload": {"status": "DELIVERED"}, "sent_ts": 1758808438328, "arrival_ts": 1758808438476}
{"action": "send", "src": "EU-N57", "dst": "AU-N147", "hlc": {"phys": 1758810604399, "cnt": 0, "node": "EU-N57"}, "package_id": "PKG10598", "payload": {"status": "CREATED"}, "sent_ts": 1758810598829, "arrival_ts": 1758810598829}
{"action": "send", "src": "EU-N57", "dst": "AU-N147", "hlc": {"phys": 1758810604632, "cnt": 0, "node": "EU-N57"}, "package_id": "PKG10598", "payload": {"status": "SENT"}, "sent_ts": 1758810599062, "arrival_ts": 1758810599062}
{"action": "send", "src": "EU-N57", "dst": "AU-N147", "hlc": {"phys": 1758810604958, "cnt": 0, "node": "EU-N57"}, "package_id": "PKG10598", "payload": {"status": "IN_TRANSIT"}, "sent_ts": 1758810599388, "arrival_ts": 1758810599388}
{"action": "send", "src": "EU-N57", "dst": "AU-N147", "hlc": {"phys": 1758810605286, "cnt": 0, "node": "EU-N57"}, "package_id": "PKG10598", "payload": {"status": "RECEIVED"}, "sent_ts": 1758810599716, "arrival_ts": 1758810599716}
{"action": "send", "src": "EU-N57", "dst": "AU-N147", "hlc": {"phys": 1758810605551, "cnt": 0, "node": "EU-N57"}, "package_id": "PKG10598", "payload": {"status": "DELIVERED"}, "sent_ts": 1758810599981, "arrival_ts": 1758810599981}
{"action": "recv", "src": "SA-N48", "dst": "EU-N57", "hlc": {"phys": 1758816319630, "cnt": 0, "node": "SA-N48"}, "package_id": "PKG16299", "payload": {"status": "CREATED"}, "sent_ts": 1758816299150, "arrival_ts": 1758816299281}
{"action": "recv", "src": "SA-N48", "dst": "EU-N57", "hlc": {"phys": 1758816319974, "cnt": 0, "node": "SA-N48"}, "package_id": "PKG16299", "payload": {"status": "SENT"}, "sent_ts": 1758816299494, "arrival_ts": 1758816299658}
{"action": "recv", "src": "SA-N48", "dst": "EU-N57", "hlc": {"phys": 1758816320346, "cnt": 0, "node": "SA-N48"}, "package_id": "PKG16299", "payload": {"status": "IN_TRANSIT"}, "sent_ts": 1758816299866, "arrival_ts": 1758816299999}
{"action": "recv", "src": "SA-N48", "dst": "EU-N57", "hlc": {"phys": 1758816320688, "cnt": 0, "node": "SA-N48"}, "package_id": "PKG16299", "payload": {"status": "RECEIVED"}, "sent_ts": 1758816300208, "arrival_ts": 1758816300354}
{"action": "recv", "src": "SA-N48", "dst": "EU-N57", "hlc": {"phys": 1758816321029, "cnt": 0, "node": "SA-N48"}, "package_id": "PKG16299", "payload": {"status": "DELIVERED"}, "sent_ts": 1758816300549, "arrival_ts": 1758816300727}
{"action": "recv", "src": "NA-N46", "dst": "EU-N57", "hlc": {"phys": 1758816822803, "cnt": 0, "node": "NA-N46"}, "package_id": "PKG16822", "payload": {"status": "CREATED"}, "sent_ts": 1758816822343, "arrival_ts": 1758816822490}
{"action": "recv", "src": "NA-N46", "dst": "EU-N57", "hlc": {"phys": 1758816823159, "cnt": 0, "node": "NA-N46"}, "package_id": "PKG16822", "payload": {"status": "SENT"}, "sent_ts": 1758816822699, "arrival_ts": 1758816822774}
{"action": "recv", "src": "NA-N46", "dst": "EU-N57", "hlc": {"phys": 1758816823438, "cnt": 0, "node": "NA-N46"}, "package_id": "PKG16822", "payload": {"status": "IN_TRANSIT"}, "sent_ts": 1758816822978, "arrival_ts": 1758816823098}
{"action": "recv", "src": "NA-N46", "dst": "EU-N57", "hlc": {"phys": 1758816823766, "cnt": 0, "node": "NA-N46"}, "package_id": "PKG16822", "payload": {"status": "RECEIVED"}, "sent_ts": 1758816823306, "arrival_ts": 1758816823321}
{"action": "recv", "src": "NA-N46", "dst": "EU-N57", "hlc": {"phys": 1758816823986, "cnt": 0, "node": "NA-N46"}, "package_id": "PKG16822", "payload": {"status": "DELIVERED"}, "sent_ts": 1758816823526, "arrival_ts": 1758816823561}
