{"action": "recv", "src": "AF-N160", "dst": "EU-N61", "hlc": {"phys": 1758713052740, "cnt": 0, "node": "AF-N160"}, "package_id": "PKG13036", "payload": {"status": "CREATED"}, "sent_ts": 1758713036140, "arrival_ts": 1758713036303}
{"action": "recv", "src": "AF-N160", "dst": "EU-N61", "hlc": {"phys": 1758713053111, "cnt": 0, "node": "AF-N160"}, "package_id": "PKG13036", "payload": {"status": "SENT"}, "sent_ts": 1758713036511, "arrival_ts": 1758713036701}
{"action": "recv", "src": "AF-N160", "dst": "EU-N61", "hlc": {"phys": 1758713053516, "cnt": 0, "node": "AF-N160"}, "package_id": "PKG13036", "payload": {"status": "IN_TRANSIT"}, "sent_ts": 1758713036916, "arrival_ts": 1758713037093}
{"action": "recv", "src": "AF-N160", "dst": "EU-N61", "hlc": {"phys": 1758713053906, "cnt": 0, "node": "AF-N160"}, "package_id": "PKG13036", "payload": {"status": "RECEIVED"}, "sent_ts": 1758713037306, "arrival_ts": 1758713037461}
{"action": "recv", "src": "AF-N160", "dst": "EU-N61", "hlc": {"phys": 1758713054259, "cnt": 0, "node": "AF-N160"}, "package_id": "PKG13036", "payload": {"status": "DELIVERED"}, "sent_ts": 1758713037659, "arrival_ts": 1758713037689}
{"action": "recv", "src": "EU-N71", "dst": "EU-N61", "hlc": {"phys": 1758718394792, "cnt": 0, "node": "EU-N71"}, "package_id": "PKG18389", "payload": {"status": "CREATED"}, "sent_ts": 1758718389082, "arrival_ts": 1758718389200}
{"action": "recv", "src": "EU-N71", "dst": "EU-N61", "hlc": {"phys": 1758718395118, "cnt": 0, "node": "EU-N71"}, "package_id": "PKG18389", "payload": {"status": "SENT"}, "sent_ts": 1758718389408, "arrival_ts": 1758718389512}
{"action": "recv", "src": "EU-N71", "dst": "EU-N61", "hlc": {"phys": 1758718395426, "cnt": 0, "node": "EU-N71"}, "package_id": "PKG18389", "payload": {"status": "IN_TRANSIT"}, "sent_ts": 1758718389716, "arrival_ts": 1758718389827}
{"action": "recv", "src": "EU-N71", "dst": "EU-N61", "hlc": {"phys": 1758718395752, "cnt": 0, "node": "EU-N71"}, "package_id": "PKG18389", "payload": {"status": "RECEIVED"}, "sent_ts": 1758718390042, "arrival_ts": 1758718390084}
{"action": "recv", "src": "EU-N71", "dst": "EU-N61", "hlc": {"phys": 1758718396000, "cnt": 0, "node": "EU-N71"}, "package_id": "PKG18389", "payload": {"status": "DELIVERED"}, "sent_ts": 1758718390290, "arrival_ts": 1758718390456}
{"action": "send", "src": "EU-N61", "dst": "SA-N140", "hlc": {"phys": 1758739394801, "cnt": 0, "node": "EU-N61"}, "package_id": "PKG39389", "payload": {"status": "CREATED"}, "sent_ts": 1758739389191, "arrival_ts": 1758739389191}
{"action": "send", "src": "EU-N61", "dst": "SA-N140", "hlc": {"phys": 1758739395096, "cnt": 0, "node": "EU-N61"}, "package_id": "PKG39389", "payload": {"status": "SENT"}, "sent_ts": 1758739389486, "arrival_ts": 1758739389486}
{"action": "send", "src": "EU-N61", "dst": "SA-N140", "hlc": {"phys": 1758739395429, "cnt": 0, "node": "EU-N61"}, "package_id": "PKG39389", "payload": {"status": "IN_TRANSIT"}, "sent_ts": 1758739389819, "arrival_ts": 1758739389819}
{"action": "send", "src": "EU-N61", "dst": "SA-N140", "hlc": {"phys": 1758739395690, "cnt": 0, "node": "EU-N61"}, "package_id": "PKG39389", "payload": {"status": "RECEIVED"}, "sent_ts": 1758739390080, "arrival_ts": 1758739390080}
{"action": "send", "src": "EU-N61", "dst": "SA-N140", "hlc": {"phys": 1758739395999, "cnt": 0, "node": "EU-N61"}, "package_id": "PKG39389", "payload": {"status": "DELIVERED"}, "sent_ts": 1758739390389, "arrival_ts": 1758739390389}
{"action": "recv", "src": "AU-N12", "dst": "EU-N61", "hlc": {"phys": 1758739726952, "cnt": 0, "node": "AU-N12"}, "package_id": "PKG39701", "payload": {"status": "CREATED"}, "sent_ts": 1758739701832, "arrival_ts": 1758739701909}
{"action": "recv", "src": "AU-N12", "dst": "EU-N61", "hlc": {"phys": 1758739727238, "cnt": 0, "node": "AU-N12"}, "package_id": "PKG39701", "payload": {"status": "SENT"}, "sent_ts": 1758739702118, "arrival_ts": 1758739702310}
{"action": "recv", "src": "AU-N12", "dst": "EU-N61", "hlc": {"phys": 1758739727624, "cnt": 0, "node": "AU-N12"}, "package_id": "PKG39701", "payload": {"status": "IN_TRANSIT"}, "sent_ts": 1758739702504, "arrival_ts": 1758739702690}
{"action": "recv", "src": "AU-N12", "dst": "EU-N61", "hlc": {"phys": 1758739728022, "cnt": 0, "node": "AU-N12"}, "package_id": "PKG39701", "payload": {"status": "RECEIVED"}, "sent_ts": 1758739702902, "arrival_ts": 1758739703097}
{"action": "recv", "src": "AU-N12", "dst": "EU-N61", "hlc": {"phys": 1758739728432, "cnt": 0, "node": "AU-N12"}, "package_id": "PKG39701", "payload": {"status": "DELIVERED"}, "sent_ts": 1758739703312, "arrival_ts": 1758739703449}
{"action": "recv", "src": "AU-N120", "dst": "EU-N61", "hlc": {"phys": 1758741272119, "cnt": 0, "node": "AU-N120"}, "package_id": "PKG41245", "payload": {"status": "CREATED"}, "sent_ts": 1758741245919, "arrival_ts": 1758741246062}
{"action": "recv", "src": "AU-N120", "dst": "EU-N61", "hlc": {"phys": 1758741272474, "cnt": 0, "node": "AU-N120"}, "package_id": "PKG41245", "payload": {"status": "SENT"}, "sent_ts": 1758741246274, "arrival_ts": 1758741246434}
{"action": "recv", "src": "AU-N120", "dst": "EU-N61", "hlc": {"phys": 1758741272831, "cnt": 0, "node": "AU-N120"}, "package_id": "PKG41245", "payload": {"status": "IN_TRANSIT"}, "sent_ts": 1758741246631, "arrival_ts": 1758741246757}
{"action": "recv", "src": "AU-N120", "dst": "EU-N61", "hlc": {"phys": 1758741273158, "cnt": 0, "node": "AU-N120"}, "package_id": "PKG41245", "payload": {"status": "RECEIVED"}, "sent_ts": 1758741246958, "arrival_ts": 1758741247095}
{"action": "recv", "src": "AU-N120", "dst": "EU-N61", "hlc": {"phys": 1758741273529, "cnt": 0, "node": "AU-N120"}, "package_id": "PKG41245", "payload": {"status": "DELIVERED"}, "sent_ts": 1758741247329, "arrival_ts": 1758741247463}
{"action": "send", "src": "EU-N61", "dst": "AN-N48", "hlc": {"phys": 1758746637957, "cnt": 0, "node": "EU-N61"}, "package_id": "PKG46632", "payload": {"status": "CREATED"}, "sent_ts": 1758746632347, "arrival_ts": 1758746632347}
{"action": "send", "src": "EU-N61", "dst": "AN-N48", "hlc": {"phys": 1758746638234, "cnt": 0, "node": "EU-N61"}, "package_id": "PKG46632", "payload": {"status": "SENT"}, "sent_ts": 1758746632624, "arrival_ts": 1758746632624}
{"action": "send", "src": "EU-N61", "dst": "AN-N48", "hlc": {"phys": 1758746638480, "cnt": 0, "node": "EU-N61"}, "package_id": "PKG46632", "payload": {"status": "IN_TRANSIT"}, "sent_ts": 1758746632870, "arrival_ts": 1758746632870}
{"action": "send", "src": "EU-N61", "dst": "AN-N48", "hlc": {"phys": 1758746638742, "cnt": 0, "node": "EU-N61"}, "package_id": "PKG46632", "payload": {"status": "RECEIVED"}, "sent_ts": 1758746633132, "arrival_ts": 1758746633132}
{"action": "send", "src": "EU-N61", "dst": "AN-N48", "hlc": {"phys": 1758746638988, "cnt": 0, "node": "EU-N61"}, "package_id": "PKG46632", "payload": {"status": "DELIVERED"}, "sent_ts": 1758746633378, "arrival_ts": 1758746633378}
{"action": "recv", "src": "SA-N12", "dst": "EU-N61", "hlc": {"phys": 1758750012684, "cnt": 0, "node": "SA-N12"}, "package_id": "PKG49992", "payload": {"status": "CREATED"}, "sent_ts": 1758749992564, "arrival_ts": 1758749992599}
{"action": "recv", "src": "SA-N12", "dst": "EU-N61", "hlc": {"phys": 1758750012904, "cnt": 0, "node": "SA-N12"}, "package_id": "PKG49992", "payload": {"status": "SENT"}, "sent_ts": 1758749992784, "arrival_ts": 1758749992944}
{"action": "recv", "src": "SA-N12", "dst": "EU-N61", "hlc": {"phys": 1758750013262, "cnt": 0, "node": "SA-N12"}, "package_id": "PKG49992", "payload": {"status": "IN_TRANSIT"}, "sent_ts": 1758749993142, "arrival_ts": 1758749993232}
{"action": "recv", "src": "SA-N12", "dst": "EU-N61", "hlc": {"phys": 1758750013555, "cnt": 0, "node": "SA-N12"}, "package_id": "PKG49992", "payload": {"status": "RECEIVED"}, "sent_ts": 1758749993435, "arrival_ts": 1758749993518}
{"action": "recv", "src": "SA-N12", "dst": "EU-N61", "hlc": {"phys": 1758750013850, "cnt": 0, "node": "SA-N12"}, "package_id": "PKG49992", "payload": {"status": "DELIVERED"}, "sent_ts": 1758749993730, "arrival_ts": 1758749993780}
{"action": "send", "src": "EU-N61", "dst": "AS-N119", "hlc": {"phys": 1758754321780, "cnt": 0, "node": "EU-N61"}, "package_id": "PKG54316", "payload": {"status": "CREATED"}, "sent_ts": 1758754316170, "arrival_ts": 1758754316170}
{"action": "send", "src": "EU-N61", "dst": "AS-N119", "hlc": {"phys": 1758754322199, "cnt": 0, "node": "EU-N61"}, "package_id": "PKG54316", "payload": {"status": "SENT"}, "sent_ts": 1758754316589, "arrival_ts": 1758754316589}
{"action": "send", "src": "EU-N61", "dst": "AS-N119", "hlc": {"phys": 1758754322470, "cnt": 0, "node": "EU-N61"}, "package_id": "PKG54316", "payload": {"status": "IN_TRANSIT"}, "sent_ts": 1758754316860, "arrival_ts": 1758754316860}
{"action": "send", "src": "EU-N61", "dst": "AS-N119", "hlc": {"phys": 1758754322771, "cnt": 0, "node": "EU-N61"}, "package_id": "PKG54316", "payload": {"status": "RECEIVED"}, "sent_ts": 1758754317161, "arrival_ts": 1758754317161}
{"action": "send", "src": "EU-N61", "dst": "AS-N119", "hlc": {"phys": 1758754323021, "cnt": 0, "node": "EU-N61"}, "package_id": "PKG54316", "payload": {"status": "DELIVERED"}, "sent_ts": 1758754317411, "arrival_ts": 1758754317411}
{"action": "send", "src": "EU-N61", "dst": "AF-N34", "hlc": {"phys": 1758755834451, "cnt": 0, "node": "EU-N61"}, "package_id": "PKG55828", "payload": {"status": "CREATED"}, "sent_ts": 1758755828841, "arrival_ts": 1758755828841}
{"action": "send", "src": "EU-N61", "dst": "AF-N34", "hlc": {"phys": 1758755834785, "cnt": 0, "node": "EU-N61"}, "package_id": "PKG55828", "payload": {"status": "SENT"}, "sent_ts": 1758755829175, "arrival_ts": 1758755829175}
{"action": "send", "src": "EU-N61", "dst": "AF-N34", "hlc": {"phys": 1758755835111, "cnt": 0, "node": "EU-N61"}, "package_id": "PKG55828", "payload": {"status": "IN_TRANSIT"}, "sent_ts": 1758755829501, "arrival_ts": 1758755829501}
{"action": "send", "src": "EU-N61", "dst": "AF-N34", "hlc": {"phys": 1758755835505, "cnt": 0, "node": "EU-N61"}, "package_id": "PKG55828", "payload": {"status": "RECEIVED"}, "sent_ts": 1758755829895, "arrival_ts": 1758755829895}
{"action": "send", "src": "EU-N61", "dst": "AF-N34", "hlc": {"phys": 1758755835764, "cnt": 0, "node": "EU-N61"}, "package_id": "PKG55828", "payload": {"status": "DELIVERED"}, "sent_ts": 1758755830154, "arrival_ts": 1758755830154}
{"action": "recv", "src": "SA-N109", "dst": "EU-N61", "hlc": {"phys": 1758756266529, "cnt": 0, "node": "SA-N109"}, "package_id": "PKG56245", "payload": {"status": "CREATED"}, "sent_ts": 1758756245439, "arrival_ts": 1758756245585}
{"action": "recv", "src": "SA-N109", "dst": "EU-N61", "hlc": {"phys": 1758756266884, "cnt": 0, "node": "SA-N109"}, "package_id": "PKG56245", "payload": {"status": "SENT"}, "sent_ts": 1758756245794, "arrival_ts": 1758756245823}
{"action": "recv", "src": "SA-N109", "dst": "EU-N61", "hlc": {"phys": 1758756267122, "cnt": 0, "node": "SA-N109"}, "package_id": "PKG56245", "payload": {"status": "IN_TRANSIT"}, "sent_ts": 1758756246032, "arrival_ts": 1758756246195}
{"action": "recv", "src": "SA-N109", "dst": "EU-N61", "hlc": {"phys": 1758756267499, "cnt": 0, "node": "SA-N109"}, "package_id": "PKG56245", "payload": {"status": "RECEIVED"}, "sent_ts": 1758756246409, "arrival_ts": 1758756246538}
{"action": "recv", "src": "SA-N109", "dst": "EU-N61", "hlc": {"phys": 1758756267826, "cnt": 0, "node": "SA-N109"}, "package_id": "PKG56245", "payload": {"status": "DELIVERED"}, "sent_ts": 1758756246736, "arrival_ts": 1758756246775}
{"action": "recv", "src": "EU-N104", "dst": "EU-N61", "hlc": {"phys": 1758761691744, "cnt": 0, "node": "EU-N104"}, "package_id": "PKG61685", "payload": {"status": "CREATED"}, "sent_ts": 1758761685704, "arrival_ts": 1758761685755}
{"action": "recv", "src": "EU-N104", "dst": "EU-N61", "hlc": {"phys": 1758761692005, "cnt": 0, "node": "EU-N104"}, "package_id": "PKG61685", "payload": {"status": "SENT"}, "sent_ts": 1758761685965, "arrival_ts": 1758761686029}
{"action": "recv", "src": "EU-N104", "dst": "EU-N61", "hlc": {"phys": 1758761692259, "cnt": 0, "node": "EU-N104"}, "package_id": "PKG61685", "payload": {"status": "IN_TRANSIT"}, "sent_ts": 1758761686219, "arrival_ts": 1758761686353}
{"action": "recv", "src": "EU-N104", "dst": "EU-N61", "hlc": {"phys": 1758761692596, "cnt": 0, "node": "EU-N104"}, "package_id": "PKG61685", "payload": {"status": "RECEIVED"}, "sent_ts": 1758761686556, "arrival_ts": 1758761686652}
{"action": "recv", "src": "EU-N104", "dst": "EU-N61", "hlc": {"phys": 1758761692892, "cnt": 0, "node": "EU-N104"}, "package_id": "PKG61685", "payload": {"status": "DELIVERED"}, "sent_ts": 1758761686852, "arrival_ts": 1758761687036}
{"action": "recv", "src": "AN-N6", "dst": "EU-N61", "hlc": {"phys": 1758763896354, "cnt": 0, "node": "AN-N6"}, "package_id": "PKG63866", "payload": {"status": "CREATED"}, "sent_ts": 1758763866294, "arrival_ts": 1758763866322}
{"action": "recv", "src": "AN-N6", "dst": "EU-N61", "hlc": {"phys": 1758763896604, "cnt": 0, "node": "AN-N6"}, "package_id": "PKG63866", "payload": {"status": "SENT"}, "sent_ts": 1758763866544, "arrival_ts": 1758763866727}
{"action": "recv", "src": "AN-N6", "dst": "EU-N61", "hlc": {"phys": 1758763896989, "cnt": 0, "node": "AN-N6"}, "package_id": "PKG63866", "payload": {"status": "IN_TRANSIT"}, "sent_ts": 1758763866929, "arrival_ts": 1758763867040}
{"action": "recv", "src": "AN-N6", "dst": "EU-N61", "hlc": {"phys": 1758763897300, "cnt": 0, "node": "AN-N6"}, "package_id": "PKG63866", "payload": {"status": "RECEIVED"}, "sent_ts": 1758763867240, "arrival_ts": 1758763867325}
{"action": "recv", "src": "AN-N6", "dst": "EU-N61", "hlc": {"phys": 1758763897579, "cnt": 0, "node": "AN-N6"}, "package_id": "PKG63866", "payload": {"status": "DELIVERED"}, "sent_ts": 1758763867519, "arrival_ts": 1758763867544}
{"action": "send", "src": "EU-N61", "dst": "AU-N139", "hlc": {"phys": 1758765385659, "cnt": 0, "node": "EU-N61"}, "package_id": "PKG65380", "payload": {"status": "CREATED"}, "sent_ts": 1758765380049, "arrival_ts": 1758765380049}
{"action": "send", "src": "EU-N61", "dst": "AU-N139", "hlc": {"phys": 1758765386044, "cnt": 0, "node": "EU-N61"}, "package_id": "PKG65380", "payload": {"status": "SENT"}, "sent_ts": 1758765380434, "arrival_ts": 1758765380434}
{"action": "send", "src": "EU-N61", "dst": "AU-N139", "hlc": {"phys": 1758765386403, "cnt": 0, "node": "EU-N61"}, "package_id": "PKG65380", "payload": {"status": "IN_TRANSIT"}, "sent_ts": 1758765380793, "arrival_ts": 1758765380793}
{"action": "send", "src": "EU-N61", "dst": "AU-N139", "hlc": {"phys": 1758765386783, "cnt": 0, "node": "EU-N61"}, "package_id": "PKG65380", "payload": {"status": "RECEIVED"}, "sent_ts": 1758765381173, "arrival_ts": 1758765381173}
{"action": "send", "src": "EU-N61", "dst": "AU-N139", "hlc": {"phys": 1758765387095, "cnt": 0, "node": "EU-N61"}, "package_id": "PKG65380", "payload": {"status": "DELIVERED"}, "sent_ts": 1758765381485, "arrival_ts": 1758765381485}
{"action": "send", "src": "EU-N61", "dst": "AU-N34", "hlc": {"phys": 1758800864743, "cnt": 0, "node": "EU-N61"}, "package_id": "PKG859", "payload": {"status": "CREATED"}, "sent_ts": 1758800859133, "arrival_ts": 1758800859133}
{"action": "send", "src": "EU-N61", "dst": "AU-N34", "hlc": {"phys": 1758800865084, "cnt": 0, "node": "EU-N61"}, "package_id": "PKG859", "payload": {"status": "SENT"}, "sent_ts": 1758800859474, "arrival_ts": 1758800859474}
{"action": "send", "src": "EU-N61", "dst": "AU-N34", "hlc": {"phys": 1758800865398, "cnt": 0, "node": "EU-N61"}, "package_id": "PKG859", "payload": {"status": "IN_TRANSIT"}, "sent_ts": 1758800859788, "arrival_ts": 1758800859788}
{"action": "send", "src": "EU-N61", "dst": "AU-N34", "hlc": {"phys": 1758800865770, "cnt": 0, "node": "EU-N61"}, "package_id": "PKG859", "payload": {"status": "RECEIVED"}, "sent_ts": 1758800860160, "arrival_ts": 1758800860160}
{"action": "send", "src": "EU-N61", "dst": "AU-N34", "hlc": {"phys": 1758800866066, "cnt": 0, "node": "EU-N61"}, "package_id": "PKG859", "payload": {"status": "DELIVERED"}, "sent_ts": 1758800860456, "arrival_ts": 1758800860456}
{"action": "recv", "src": "AF-N154", "dst": "EU-N61", "hlc": {"phys": 1758802845282, "cnt": 0, "node": "AF-N154"}, "package_id": "PKG2828", "payload": {"status": "CREATED"}, "sent_ts": 1758802828742, "arrival_ts": 1758802828821}
{"action": "recv", "src": "AF-N154", "dst": "EU-N61", "hlc": {"phys": 1758802845570, "cnt": 0, "node": "AF-N154"}, "package_id": "PKG2828", "payload": {"status": "SENT"}, "sent_ts": 1758802829030, "arrival_ts": 1758802829204}
{"action": "recv", "src": "AF-N154", "dst": "EU-N61", "hlc": {"phys": 1758802845957, "cnt": 0, "node": "AF-N154"}, "package_id": "PKG2828", "payload": {"status": "IN_TRANSIT"}, "sent_ts": 1758802829417, "arrival_ts": 1758802829434}
{"action": "recv", "src": "AF-N154", "dst": "EU-N61", "hlc": {"phys": 1758802846188, "cnt": 0, "node": "AF-N154"}, "package_id": "PKG2828", "payload": {"status": "RECEIVED"}, "sent_ts": 1758802829648, "arrival_ts": 1758802829664}
{"action": "recv", "src": "AF-N154", "dst": "EU-N61", "hlc": {"phys": 1758802846418, "cnt": 0, "node": "AF-N154"}, "package_id": "PKG2828", "payload": {"status": "DELIVERED"}, "sent_ts": 1758802829878, "arrival_ts": 1758802829966}
{"action": "send", "src": "EU-N61", "dst": "EU-N50", "hlc": {"phys": 1758803638352, "cnt": 0, "node": "EU-N61"}, "package_id": "PKG3632", "payload": {"status": "CREATED"}, "sent_ts": 1758803632742, "arrival_ts": 1758803632742}
{"action": "send", "src": "EU-N61", "dst": "EU-N50", "hlc": {"phys": 1758803638579, "cnt": 0, "node": "EU-N61"}, "package_id": "PKG3632", "payload": {"status": "SENT"}, "sent_ts": 1758803632969, "arrival_ts": 1758803632969}
{"action": "send", "src": "EU-N61", "dst": "EU-N50", "hlc": {"phys": 1758803638853, "cnt": 0, "node": "EU-N61"}, "package_id": "PKG3632", "payload": {"status": "IN_TRANSIT"}, "sent_ts": 1758803633243, "arrival_ts": 1758803633243}
{"action": "send", "src": "EU-N61", "dst": "EU-N50", "hlc": {"phys": 1758803639094, "cnt": 0, "node": "EU-N61"}, "package_id": "PKG3632", "payload": {"status": "RECEIVED"}, "sent_ts": 1758803633484, "arrival_ts": 1758803633484}
{"action": "send", "src": "EU-N61", "dst": "EU-N50", "hlc": {"phys": 1758803639364, "cnt": 0, "node": "EU-N61"}, "package_id": "PKG3632", "payload": {"status": "DELIVERED"}, "sent_ts": 1758803633754, "arrival_ts": 1758803633754}
{"action": "send", "src": "EU-N61", "dst": "AU-N59", "hlc": {"phys": 1758804991926, "cnt": 0, "node": "EU-N61"}, "package_id": "PKG4986", "payload": {"status": "CREATED"}, "sent_ts": 1758804986316, "arrival_ts": 1758804986316}
{"action": "send", "src": "EU-N61", "dst": "AU-N59", "hlc": {"phys": 1758804992156, "cnt": 0, "node": "EU-N61"}, "package_id": "PKG4986", "payload": {"status": "SENT"}, "sent_ts": 1758804986546, "arrival_ts": 1758804986546}
{"action": "send", "src": "EU-N61", "dst": "AU-N59", "hlc": {"phys": 1758804992389, "cnt": 0, "node": "EU-N61"}, "package_id": "PKG4986", "payload": {"status": "IN_TRANSIT"}, "sent_ts": 1758804986779, "arrival_ts": 1758804986779}
{"action": "send", "src": "EU-N61", "dst": "AU-N59", "hlc": {"phys": 1758804992732, "cnt": 0, "node": "EU-N61"}, "package_id": "PKG4986", "payload": {"status": "RECEIVED"}, "sent_ts": 1758804987122, "arrival_ts": 1758804987122}
{"action": "send", "src": "EU-N61", "dst": "AU-N59", "hlc": {"phys": 1758804993102, "cnt": 0, "node": "EU-N61"}, "package_id": "PKG4986", "payload": {"status": "DELIVERED"}, "sent_ts": 1758804987492, "arrival_ts": 1758804987492}
{"action": "recv", "src": "SA-N8", "dst": "EU-N61", "hlc": {"phys": 1758809534822, "cnt": 0, "node": "SA-N8"}, "package_id": "PKG9514", "payload": {"status": "CREATED"}, "sent_ts": 1758809514742, "arrival_ts": 1758809514796}
{"action": "recv", "src": "SA-N8", "dst": "EU-N61", "hlc": {"phys": 1758809535100, "cnt": 0, "node": "SA-N8"}, "package_id": "PKG9514", "payload": {"status": "SENT"}, "sent_ts": 1758809515020, "arrival_ts": 1758809515117}
{"action": "recv", "src": "SA-N8", "dst": "EU-N61", "hlc": {"phys": 1758809535395, "cnt": 0, "node": "SA-N8"}, "package_id": "PKG9514", "payload": {"status": "IN_TRANSIT"}, "sent_ts": 1758809515315, "arrival_ts": 1758809515368}
{"action": "recv", "src": "SA-N8", "dst": "EU-N61", "hlc": {"phys": 1758809535641, "cnt": 0, "node": "SA-N8"}, "package_id": "PKG9514", "payload": {"status": "RECEIVED"}, "sent_ts": 1758809515561, "arrival_ts": 1758809515659}
{"action": "recv", "src": "SA-N8", "dst": "EU-N61", "hlc": {"phys": 1758809535948, "cnt": 0, "node": "SA-N8"}, "package_id": "PKG9514", "payload": {"status": "DELIVERED"}, "sent_ts": 1758809515868, "arrival_ts": 1758809515941}
{"action": "send", "src": "EU-N61", "dst": "AU-N127", "hlc": {"phys": 1758812321792, "cnt": 0, "node": "EU-N61"}, "package_id": "PKG12316", "payload": {"status": "CREATED"}, "sent_ts": 1758812316182, "arrival_ts": 1758812316182}
{"action": "send", "src": "EU-N61", "dst": "AU-N127", "hlc": {"phys": 1758812322087, "cnt": 0, "node": "EU-N61"}, "package_id": "PKG12316", "payload": {"status": "SENT"}, "sent_ts": 1758812316477, "arrival_ts": 1758812316477}
{"action": "send", "src": "EU-N61", "dst": "AU-N127", "hlc": {"phys": 1758812322473, "cnt": 0, "node": "EU-N61"}, "package_id": "PKG12316", "payload": {"status": "IN_TRANSIT"}, "sent_ts": 1758812316863, "arrival_ts": 1758812316863}
{"action": "send", "src": "EU-N61", "dst": "AU-N127", "hlc": {"phys": 1758812322721, "cnt": 0, "node": "EU-N61"}, "package_id": "PKG12316", "payload": {"status": "RECEIVED"}, "sent_ts": 1758812317111, "arrival_ts": 1758812317111}
{"action": "send", "src": "EU-N61", "dst": "AU-N127", "hlc": {"phys": 1758812322968, "cnt": 0, "node": "EU-N61"}, "package_id": "PKG12316", "payload": {"status": "DELIVERED"}, "sent_ts": 1758812317358, "arrival_ts": 1758812317358}
{"action": "recv", "src": "AU-N155", "dst": "EU-N61", "hlc": {"phys": 1758816007095, "cnt": 0, "node": "AU-N155"}, "package_id": "PKG15980", "payload": {"status": "CREATED"}, "sent_ts": 1758815980545, "arrival_ts": 1758815980700}
{"action": "recv", "src": "AU-N155", "dst": "EU-N61", "hlc": {"phys": 1758816007466, "cnt": 0, "node": "AU-N155"}, "package_id": "PKG15980", "payload": {"status": "SENT"}, "sent_ts": 1758815980916, "arrival_ts": 1758815980971}
{"action": "recv", "src": "AU-N155", "dst": "EU-N61", "hlc": {"phys": 1758816007730, "cnt": 0, "node": "AU-N155"}, "package_id": "PKG15980", "payload": {"status": "IN_TRANSIT"}, "sent_ts": 1758815981180, "arrival_ts": 1758815981280}
{"action": "recv", "src": "AU-N155", "dst": "EU-N61", "hlc": {"phys": 1758816008041, "cnt": 0, "node": "AU-N155"}, "package_id": "PKG15980", "payload": {"status": "RECEIVED"}, "sent_ts": 1758815981491, "arrival_ts": 1758815981666}
{"action": "recv", "src": "AU-N155", "dst": "EU-N61", "hlc": {"phys": 1758816008411, "cnt": 0, "node": "AU-N155"}, "package_id": "PKG15980", "payload": {"status": "DELIVERED"}, "sent_ts": 1758815981861, "arrival_ts": 1758815981951}
{"action": "send", "src": "EU-N61", "dst": "AN-N92", "hlc": {"phys": 1758816137224, "cnt": 0, "node": "EU-N61"}, "package_id": "PKG16131", "payload": {"status": "CREATED"}, "sent_ts": 1758816131614, "arrival_ts": 1758816131614}
{"action": "send", "src": "EU-N61", "dst": "AN-N92", "hlc": {"phys": 1758816137485, "cnt": 0, "node": "EU-N61"}, "package_id": "PKG16131", "payload": {"status": "SENT"}, "sent_ts": 1758816131875, "arrival_ts": 1758816131875}
{"action": "send", "src": "EU-N61", "dst": "AN-N92", "hlc": {"phys": 1758816137844, "cnt": 0, "node": "EU-N61"}, "package_id": "PKG16131", "payload": {"status": "IN_TRANSIT"}, "sent_ts": 1758816132234, "arrival_ts": 1758816132234}
{"action": "send", "src": "EU-N61", "dst": "AN-N92", "hlc": {"phys": 1758816138184, "cnt": 0, "node": "EU-N61"}, "package_id": "PKG16131", "payload": {"status": "RECEIVED"}, "sent_ts": 1758816132574, "arrival_ts": 1758816132574}
{"action": "send", "src": "EU-N61", "dst": "AN-N92", "hlc": {"phys": 1758816138543, "cnt": 0, "node": "EU-N61"}, "package_id": "PKG16131", "payload": {"status": "DELIVERED"}, "sent_ts": 1758816132933, "arrival_ts": 1758816132933}
