{"action": "send", "src": "EU-N171", "dst": "EU-N68", "hlc": {"phys": 1758713071304, "cnt": 0, "node": "EU-N171"}, "package_id": "PKG13064", "payload": {"status": "CREATED"}, "sent_ts": 1758713064594, "arrival_ts": 1758713064594}
{"action": "send", "src": "EU-N171", "dst": "EU-N68", "hlc": {"phys": 1758713071631, "cnt": 0, "node": "EU-N171"}, "package_id": "PKG13064", "payload": {"status": "SENT"}, "sent_ts": 1758713064921, "arrival_ts": 1758713064921}
{"action": "send", "src": "EU-N171", "dst": "EU-N68", "hlc": {"phys": 1758713071968, "cnt": 0, "node": "EU-N171"}, "package_id": "PKG13064", "payload": {"status": "IN_TRANSIT"}, "sent_ts": 1758713065258, "arrival_ts": 1758713065258}
{"action": "send", "src": "EU-N171", "dst": "EU-N68", "hlc": {"phys": 1758713072356, "cnt": 0, "node": "EU-N171"}, "package_id": "PKG13064", "payload": {"status": "RECEIVED"}, "sent_ts": 1758713065646, "arrival_ts": 1758713065646}
{"action": "send", "src": "EU-N171", "dst": "EU-N68", "hlc": {"phys": 1758713072758, "cnt": 0, "node": "EU-N171"}, "package_id": "PKG13064", "payload": {"status": "DELIVERED"}, "sent_ts": 1758713066048, "arrival_ts": 1758713066048}
{"action": "send", "src": "EU-N171", "dst": "EU-N34", "hlc": {"phys": 1758714086160, "cnt": 0, "node": "EU-N171"}, "package_id": "PKG14079", "payload": {"status": "CREATED"}, "sent_ts": 1758714079450, "arrival_ts": 1758714079450}
{"action": "send", "src": "EU-N171", "dst": "EU-N34", "hlc": {"phys": 1758714086512, "cnt": 0, "node": "EU-N171"}, "package_id": "PKG14079", "payload": {"status": "SENT"}, "sent_ts": 1758714079802, "arrival_ts": 1758714079802}
{"action": "send", "src": "EU-N171", "dst": "EU-N34", "hlc": {"phys": 1758714086855, "cnt": 0, "node": "EU-N171"}, "package_id": "PKG14079", "payload": {"status": "IN_TRANSIT"}, "sent_ts": 1758714080145, "arrival_ts": 1758714080145}
{"action": "send", "src": "EU-N171", "dst": "EU-N34", "hlc": {"phys": 1758714087219, "cnt": 0, "node": "EU-N171"}, "package_id": "PKG14079", "payload": {"status": "RECEIVED"}, "sent_ts": 1758714080509, "arrival_ts": 1758714080509}
{"action": "send", "src": "EU-N171", "dst": "EU-N34", "hlc": {"phys": 1758714087621, "cnt": 0, "node": "EU-N171"}, "package_id": "PKG14079", "payload": {"status": "DELIVERED"}, "sent_ts": 1758714080911, "arrival_ts": 1758714080911}
{"action": "recv", "src": "AU-N42", "dst": "EU-N171", "hlc": {"phys": 1758717566573, "cnt": 0, "node": "AU-N42"}, "package_id": "PKG17541", "payload": {"status": "CREATED"}, "sent_ts": 1758717541153, "arrival_ts": 1758717541304}
{"action": "recv", "src": "AU-N42", "dst": "EU-N171", "hlc": {"phys": 1758717566935, "cnt": 0, "node": "AU-N42"}, "package_id": "PKG17541", "payload": {"status": "SENT"}, "sent_ts": 1758717541515, "arrival_ts": 1758717541621}
{"action": "recv", "src": "AU-N42", "dst": "EU-N171", "hlc": {"phys": 1758717567237, "cnt": 0, "node": "AU-N42"}, "package_id": "PKG17541", "payload": {"status": "IN_TRANSIT"}, "sent_ts": 1758717541817, "arrival_ts": 1758717541993}
{"action": "recv", "src": "AU-N42", "dst": "EU-N171", "hlc": {"phys": 1758717567618, "cnt": 0, "node": "AU-N42"}, "package_id": "PKG17541", "payload": {"status": "RECEIVED"}, "sent_ts": 1758717542198, "arrival_ts": 1758717542333}
{"action": "recv", "src": "AU-N42", "dst": "EU-N171", "hlc": {"phys": 1758717567961, "cnt": 0, "node": "AU-N42"}, "package_id": "PKG17541", "payload": {"status": "DELIVERED"}, "sent_ts": 1758717542541, "arrival_ts": 1758717542644}
{"action": "recv", "src": "AU-N32", "dst": "EU-N171", "hlc": {"phys": 1758717842223, "cnt": 0, "node": "AU-N32"}, "package_id": "PKG17816", "payload": {"status": "CREATED"}, "sent_ts": 1758717816903, "arrival_ts": 1758717817045}
{"action": "recv", "src": "AU-N32", "dst": "EU-N171", "hlc": {"phys": 1758717842572, "cnt": 0, "node": "AU-N32"}, "package_id": "PKG17816", "payload": {"status": "SENT"}, "sent_ts": 1758717817252, "arrival_ts": 1758717817307}
{"action": "recv", "src": "AU-N32", "dst": "EU-N171", "hlc": {"phys": 1758717842825, "cnt": 0, "node": "AU-N32"}, "package_id": "PKG17816", "payload": {"status": "IN_TRANSIT"}, "sent_ts": 1758717817505, "arrival_ts": 1758717817543}
{"action": "recv", "src": "AU-N32", "dst": "EU-N171", "hlc": {"phys": 1758717843063, "cnt": 0, "node": "AU-N32"}, "package_id": "PKG17816", "payload": {"status": "RECEIVED"}, "sent_ts": 1758717817743, "arrival_ts": 1758717817756}
{"action": "recv", "src": "AU-N32", "dst": "EU-N171", "hlc": {"phys": 1758717843285, "cnt": 0, "node": "AU-N32"}, "package_id": "PKG17816", "payload": {"status": "DELIVERED"}, "sent_ts": 1758717817965, "arrival_ts": 1758717818019}
{"action": "send", "src": "EU-N171", "dst": "SA-N151", "hlc": {"phys": 1758718388399, "cnt": 0, "node": "EU-N171"}, "package_id": "PKG18381", "payload": {"status": "CREATED"}, "sent_ts": 1758718381689, "arrival_ts": 1758718381689}
{"action": "send", "src": "EU-N171", "dst": "SA-N151", "hlc": {"phys": 1758718388621, "cnt": 0, "node": "EU-N171"}, "package_id": "PKG18381", "payload": {"status": "SENT"}, "sent_ts": 1758718381911, "arrival_ts": 1758718381911}
{"action": "send", "src": "EU-N171", "dst": "SA-N151", "hlc": {"phys": 1758718388949, "cnt": 0, "node": "EU-N171"}, "package_id": "PKG18381", "payload": {"status": "IN_TRANSIT"}, "sent_ts": 1758718382239, "arrival_ts": 1758718382239}
{"action": "send", "src": "EU-N171", "dst": "SA-N151", "hlc": {"phys": 1758718389232, "cnt": 0, "node": "EU-N171"}, "package_id": "PKG18381", "payload": {"status": "RECEIVED"}, "sent_ts": 1758718382522, "arrival_ts": 1758718382522}
{"action": "send", "src": "EU-N171", "dst": "SA-N151", "hlc": {"phys": 1758718389491, "cnt": 0, "node": "EU-N171"}, "package_id": "PKG18381", "payload": {"status": "DELIVERED"}, "sent_ts": 1758718382781, "arrival_ts": 1758718382781}
{"action": "recv", "src": "AS-N121", "dst": "EU-N171", "hlc": {"phys": 1758718882329, "cnt": 0, "node": "AS-N121"}, "package_id": "PKG18871", "payload": {"status": "CREATED"}, "sent_ts": 1758718871119, "arrival_ts": 1758718871223}
{"action": "recv", "src": "AS-N121", "dst": "EU-N171", "hlc": {"phys": 1758718882646, "cnt": 0, "node": "AS-N121"}, "package_id": "PKG18871", "payload": {"status": "SENT"}, "sent_ts": 1758718871436, "arrival_ts": 1758718871475}
{"action": "recv", "src": "AS-N121", "dst": "EU-N171", "hlc": {"phys": 1758718882893, "cnt": 0, "node": "AS-N121"}, "package_id": "PKG18871", "payload": {"status": "IN_TRANSIT"}, "sent_ts": 1758718871683, "arrival_ts": 1758718871758}
{"action": "recv", "src": "AS-N121", "dst": "EU-N171", "hlc": {"phys": 1758718883185, "cnt": 0, "node": "AS-N121"}, "package_id": "PKG18871", "payload": {"status": "RECEIVED"}, "sent_ts": 1758718871975, "arrival_ts": 1758718872041}
{"action": "recv", "src": "AS-N121", "dst": "EU-N171", "hlc": {"phys": 1758718883445, "cnt": 0, "node": "AS-N121"}, "package_id": "PKG18871", "payload": {"status": "DELIVERED"}, "sent_ts": 1758718872235, "arrival_ts": 1758718872389}
{"action": "recv", "src": "AF-N188", "dst": "EU-N171", "hlc": {"phys": 1758738409463, "cnt": 0, "node": "AF-N188"}, "package_id": "PKG38392", "payload": {"status": "CREATED"}, "sent_ts": 1758738392583, "arrival_ts": 1758738392723}
{"action": "recv", "src": "AF-N188", "dst": "EU-N171", "hlc": {"phys": 1758738409805, "cnt": 0, "node": "AF-N188"}, "package_id": "PKG38392", "payload": {"status": "SENT"}, "sent_ts": 1758738392925, "arrival_ts": 1758738393116}
{"action": "recv", "src": "AF-N188", "dst": "EU-N171", "hlc": {"phys": 1758738410212, "cnt": 0, "node": "AF-N188"}, "package_id": "PKG38392", "payload": {"status": "IN_TRANSIT"}, "sent_ts": 1758738393332, "arrival_ts": 1758738393393}
{"action": "recv", "src": "AF-N188", "dst": "EU-N171", "hlc": {"phys": 1758738410495, "cnt": 0, "node": "AF-N188"}, "package_id": "PKG38392", "payload": {"status": "RECEIVED"}, "sent_ts": 1758738393615, "arrival_ts": 1758738393702}
{"action": "recv", "src": "AF-N188", "dst": "EU-N171", "hlc": {"phys": 1758738410802, "cnt": 0, "node": "AF-N188"}, "package_id": "PKG38392", "payload": {"status": "DELIVERED"}, "sent_ts": 1758738393922, "arrival_ts": 1758738393964}
{"action": "send", "src": "EU-N171", "dst": "EU-N35", "hlc": {"phys": 1758740831275, "cnt": 0, "node": "EU-N171"}, "package_id": "PKG40824", "payload": {"status": "CREATED"}, "sent_ts": 1758740824565, "arrival_ts": 1758740824565}
{"action": "send", "src": "EU-N171", "dst": "EU-N35", "hlc": {"phys": 1758740831666, "cnt": 0, "node": "EU-N171"}, "package_id": "PKG40824", "payload": {"status": "SENT"}, "sent_ts": 1758740824956, "arrival_ts": 1758740824956}
{"action": "send", "src": "EU-N171", "dst": "EU-N35", "hlc": {"phys": 1758740831972, "cnt": 0, "node": "EU-N171"}, "package_id": "PKG40824", "payload": {"status": "IN_TRANSIT"}, "sent_ts": 1758740825262, "arrival_ts": 1758740825262}
{"action": "send", "src": "EU-N171", "dst": "EU-N35", "hlc": {"phys": 1758740832234, "cnt": 0, "node": "EU-N171"}, "package_id": "PKG40824", "payload": {"status": "RECEIVED"}, "sent_ts": 1758740825524, "arrival_ts": 1758740825524}
{"action": "send", "src": "EU-N171", "dst": "EU-N35", "hlc": {"phys": 1758740832460, "cnt": 0, "node": "EU-N171"}, "package_id": "PKG40824", "payload": {"status": "DELIVERED"}, "sent_ts": 1758740825750, "arrival_ts": 1758740825750}
{"action": "send", "src": "EU-N171", "dst": "SA-N106", "hlc": {"phys": 1758740977021, "cnt": 0, "node": "EU-N171"}, "package_id": "PKG40970", "payload": {"status": "CREATED"}, "sent_ts": 1758740970311, "arrival_ts": 1758740970311}
{"action": "send", "src": "EU-N171", "dst": "SA-N106", "hlc": {"phys": 1758740977411, "cnt": 0, "node": "EU-N171"}, "package_id": "PKG40970", "payload": {"status": "SENT"}, "sent_ts": 1758740970701, "arrival_ts": 1758740970701}
{"action": "send", "src": "EU-N171", "dst": "SA-N106", "hlc": {"phys": 1758740977723, "cnt": 0, "node": "EU-N171"}, "package_id": "PKG40970", "payload": {"status": "IN_TRANSIT"}, "sent_ts": 1758740971013, "arrival_ts": 1758740971013}
{"action": "send", "src": "EU-N171", "dst": "SA-N106", "hlc": {"phys": 1758740978114, "cnt": 0, "node": "EU-N171"}, "package_id": "PKG40970", "payload": {"status": "RECEIVED"}, "sent_ts": 1758740971404, "arrival_ts": 1758740971404}
{"action": "send", "src": "EU-N171", "dst": "SA-N106", "hlc": {"phys": 1758740978356, "cnt": 0, "node": "EU-N171"}, "package_id": "PKG40970", "payload": {"status": "DELIVERED"}, "sent_ts": 1758740971646, "arrival_ts": 1758740971646}
{"action": "send", "src": "EU-N171", "dst": "NA-N18", "hlc": {"phys": 1758744789311, "cnt": 0, "node": "EU-N171"}, "package_id": "PKG44782", "payload": {"status": "CREATED"}, "sent_ts": 1758744782601, "arrival_ts": 1758744782601}
{"action": "send", "src": "EU-N171", "dst": "NA-N18", "hlc": {"phys": 1758744789665, "cnt": 0, "node": "EU-N171"}, "package_id": "PKG44782", "payload": {"status": "SENT"}, "sent_ts": 1758744782955, "arrival_ts": 1758744782955}
{"action": "send", "src": "EU-N171", "dst": "NA-N18", "hlc": {"phys": 1758744790004, "cnt": 0, "node": "EU-N171"}, "package_id": "PKG44782", "payload": {"status": "IN_TRANSIT"}, "sent_ts": 1758744783294, "arrival_ts": 1758744783294}
{"action": "send", "src": "EU-N171", "dst": "NA-N18", "hlc": {"phys": 1758744790373, "cnt": 0, "node": "EU-N171"}, "package_id": "PKG44782", "payload": {"status": "RECEIVED"}, "sent_ts": 1758744783663, "arrival_ts": 1758744783663}
{"action": "send", "src": "EU-N171", "dst": "NA-N18", "hlc": {"phys": 1758744790743, "cnt": 0, "node": "EU-N171"}, "package_id": "PKG44782", "payload": {"status": "DELIVERED"}, "sent_ts": 1758744784033, "arrival_ts": 1758744784033}
{"action": "recv", "src": "AS-N6", "dst": "EU-N171", "hlc": {"phys": 1758745914101, "cnt": 0, "node": "AS-N6"}, "package_id": "PKG45904", "payload": {"status": "CREATED"}, "sent_ts": 1758745904041, "arrival_ts": 1758745904193}
{"action": "recv", "src": "AS-N6", "dst": "EU-N171", "hlc": {"phys": 1758745914460, "cnt": 0, "node": "AS-N6"}, "package_id": "PKG45904", "payload": {"status": "SENT"}, "sent_ts": 1758745904400, "arrival_ts": 1758745904524}
{"action": "recv", "src": "AS-N6", "dst": "EU-N171", "hlc": {"phys": 1758745914795, "cnt": 0, "node": "AS-N6"}, "package_id": "PKG45904", "payload": {"status": "IN_TRANSIT"}, "sent_ts": 1758745904735, "arrival_ts": 1758745904936}
{"action": "recv", "src": "AS-N6", "dst": "EU-N171", "hlc": {"phys": 1758745915218, "cnt": 0, "node": "AS-N6"}, "package_id": "PKG45904", "payload": {"status": "RECEIVED"}, "sent_ts": 1758745905158, "arrival_ts": 1758745905205}
{"action": "recv", "src": "AS-N6", "dst": "EU-N171", "hlc": {"phys": 1758745915475, "cnt": 0, "node": "AS-N6"}, "package_id": "PKG45904", "payload": {"status": "DELIVERED"}, "sent_ts": 1758745905415, "arrival_ts": 1758745905589}
{"action": "recv", "src": "EU-N150", "dst": "EU-N171", "hlc": {"phys": 1758748167883, "cnt": 0, "node": "EU-N150"}, "package_id": "PKG48161", "payload": {"status": "CREATED"}, "sent_ts": 1758748161383, "arrival_ts": 1758748161483}
{"action": "recv", "src": "EU-N150", "dst": "EU-N171", "hlc": {"phys": 1758748168194, "cnt": 0, "node": "EU-N150"}, "package_id": "PKG48161", "payload": {"status": "SENT"}, "sent_ts": 1758748161694, "arrival_ts": 1758748161811}
{"action": "recv", "src": "EU-N150", "dst": "EU-N171", "hlc": {"phys": 1758748168520, "cnt": 0, "node": "EU-N150"}, "package_id": "PKG48161", "payload": {"status": "IN_TRANSIT"}, "sent_ts": 1758748162020, "arrival_ts": 1758748162222}
{"action": "recv", "src": "EU-N150", "dst": "EU-N171", "hlc": {"phys": 1758748168929, "cnt": 0, "node": "EU-N150"}, "package_id": "PKG48161", "payload": {"status": "RECEIVED"}, "sent_ts": 1758748162429, "arrival_ts": 1758748162600}
{"action": "recv", "src": "EU-N150", "dst": "EU-N171", "hlc": {"phys": 1758748169307, "cnt": 0, "node": "EU-N150"}, "package_id": "PKG48161", "payload": {"status": "DELIVERED"}, "sent_ts": 1758748162807, "arrival_ts": 1758748162958}
{"action": "recv", "src": "AU-N89", "dst": "EU-N171", "hlc": {"phys": 1758749559924, "cnt": 0, "node": "AU-N89"}, "package_id": "PKG49534", "payload": {"status": "CREATED"}, "sent_ts": 1758749534034, "arrival_ts": 1758749534231}
{"action": "recv", "src": "AU-N89", "dst": "EU-N171", "hlc": {"phys": 1758749560328, "cnt": 0, "node": "AU-N89"}, "package_id": "PKG49534", "payload": {"status": "SENT"}, "sent_ts": 1758749534438, "arrival_ts": 1758749534552}
{"action": "recv", "src": "AU-N89", "dst": "EU-N171", "hlc": {"phys": 1758749560643, "cnt": 0, "node": "AU-N89"}, "package_id": "PKG49534", "payload": {"status": "IN_TRANSIT"}, "sent_ts": 1758749534753, "arrival_ts": 1758749534925}
{"action": "recv", "src": "AU-N89", "dst": "EU-N171", "hlc": {"phys": 1758749561016, "cnt": 0, "node": "AU-N89"}, "package_id": "PKG49534", "payload": {"status": "RECEIVED"}, "sent_ts": 1758749535126, "arrival_ts": 1758749535307}
{"action": "recv", "src": "AU-N89", "dst": "EU-N171", "hlc": {"phys": 1758749561391, "cnt": 0, "node": "AU-N89"}, "package_id": "PKG49534", "payload": {"status": "DELIVERED"}, "sent_ts": 1758749535501, "arrival_ts": 1758749535537}
{"action": "recv", "src": "AS-N17", "dst": "EU-N171", "hlc": {"phys": 1758749821962, "cnt": 0, "node": "AS-N17"}, "package_id": "PKG49811", "payload": {"status": "CREATED"}, "sent_ts": 1758749811792, "arrival_ts": 1758749811813}
{"action": "recv", "src": "AS-N17", "dst": "EU-N171", "hlc": {"phys": 1758749822192, "cnt": 0, "node": "AS-N17"}, "package_id": "PKG49811", "payload": {"status": "SENT"}, "sent_ts": 1758749812022, "arrival_ts": 1758749812173}
{"action": "recv", "src": "AS-N17", "dst": "EU-N171", "hlc": {"phys": 1758749822547, "cnt": 0, "node": "AS-N17"}, "package_id": "PKG49811", "payload": {"status": "IN_TRANSIT"}, "sent_ts": 1758749812377, "arrival_ts": 1758749812525}
{"action": "recv", "src": "AS-N17", "dst": "EU-N171", "hlc": {"phys": 1758749822914, "cnt": 0, "node": "AS-N17"}, "package_id": "PKG49811", "payload": {"status": "RECEIVED"}, "sent_ts": 1758749812744, "arrival_ts": 1758749812776}
{"action": "recv", "src": "AS-N17", "dst": "EU-N171", "hlc": {"phys": 1758749823146, "cnt": 0, "node": "AS-N17"}, "package_id": "PKG49811", "payload": {"status": "DELIVERED"}, "sent_ts": 1758749812976, "arrival_ts": 1758749812988}
{"action": "recv", "src": "AU-N59", "dst": "EU-N171", "hlc": {"phys": 1758754132433, "cnt": 0, "node": "AU-N59"}, "package_id": "PKG54106", "payload": {"status": "CREATED"}, "sent_ts": 1758754106843, "arrival_ts": 1758754106936}
{"action": "recv", "src": "AU-N59", "dst": "EU-N171", "hlc": {"phys": 1758754132749, "cnt": 0, "node": "AU-N59"}, "package_id": "PKG54106", "payload": {"status": "SENT"}, "sent_ts": 1758754107159, "arrival_ts": 1758754107340}
{"action": "recv", "src": "AU-N59", "dst": "EU-N171", "hlc": {"phys": 1758754133135, "cnt": 0, "node": "AU-N59"}, "package_id": "PKG54106", "payload": {"status": "IN_TRANSIT"}, "sent_ts": 1758754107545, "arrival_ts": 1758754107607}
{"action": "recv", "src": "AU-N59", "dst": "EU-N171", "hlc": {"phys": 1758754133419, "cnt": 0, "node": "AU-N59"}, "package_id": "PKG54106", "payload": {"status": "RECEIVED"}, "sent_ts": 1758754107829, "arrival_ts": 1758754107909}
{"action": "recv", "src": "AU-N59", "dst": "EU-N171", "hlc": {"phys": 1758754133706, "cnt": 0, "node": "AU-N59"}, "package_id": "PKG54106", "payload": {"status": "DELIVERED"}, "sent_ts": 1758754108116, "arrival_ts": 1758754108155}
{"action": "recv", "src": "EU-N21", "dst": "EU-N171", "hlc": {"phys": 1758757783525, "cnt": 0, "node": "EU-N21"}, "package_id": "PKG57778", "payload": {"status": "CREATED"}, "sent_ts": 1758757778315, "arrival_ts": 1758757778458}
{"action": "recv", "src": "EU-N21", "dst": "EU-N171", "hlc": {"phys": 1758757783890, "cnt": 0, "node": "EU-N21"}, "package_id": "PKG57778", "payload": {"status": "SENT"}, "sent_ts": 1758757778680, "arrival_ts": 1758757778841}
{"action": "recv", "src": "EU-N21", "dst": "EU-N171", "hlc": {"phys": 1758757784242, "cnt": 0, "node": "EU-N21"}, "package_id": "PKG57778", "payload": {"status": "IN_TRANSIT"}, "sent_ts": 1758757779032, "arrival_ts": 1758757779184}
{"action": "recv", "src": "EU-N21", "dst": "EU-N171", "hlc": {"phys": 1758757784605, "cnt": 0, "node": "EU-N21"}, "package_id": "PKG57778", "payload": {"status": "RECEIVED"}, "sent_ts": 1758757779395, "arrival_ts": 1758757779546}
{"action": "recv", "src": "EU-N21", "dst": "EU-N171", "hlc": {"phys": 1758757784972, "cnt": 0, "node": "EU-N21"}, "package_id": "PKG57778", "payload": {"status": "DELIVERED"}, "sent_ts": 1758757779762, "arrival_ts": 1758757779904}
{"action": "send", "src": "EU-N171", "dst": "AS-N44", "hlc": {"phys": 1758761522211, "cnt": 0, "node": "EU-N171"}, "package_id": "PKG61515", "payload": {"status": "CREATED"}, "sent_ts": 1758761515501, "arrival_ts": 1758761515501}
{"action": "send", "src": "EU-N171", "dst": "AS-N44", "hlc": {"phys": 1758761522511, "cnt": 0, "node": "EU-N171"}, "package_id": "PKG61515", "payload": {"status": "SENT"}, "sent_ts": 1758761515801, "arrival_ts": 1758761515801}
{"action": "send", "src": "EU-N171", "dst": "AS-N44", "hlc": {"phys": 1758761522758, "cnt": 0, "node": "EU-N171"}, "package_id": "PKG61515", "payload": {"status": "IN_TRANSIT"}, "sent_ts": 1758761516048, "arrival_ts": 1758761516048}
{"action": "send", "src": "EU-N171", "dst": "AS-N44", "hlc": {"phys": 1758761523124, "cnt": 0, "node": "EU-N171"}, "package_id": "PKG61515", "payload": {"status": "RECEIVED"}, "sent_ts": 1758761516414, "arrival_ts": 1758761516414}
{"action": "send", "src": "EU-N171", "dst": "AS-N44", "hlc": {"phys": 1758761523466, "cnt": 0, "node": "EU-N171"}, "package_id": "PKG61515", "payload": {"status": "DELIVERED"}, "sent_ts": 1758761516756, "arrival_ts": 1758761516756}
{"action": "recv", "src": "NA-N14", "dst": "EU-N171", "hlc": {"phys": 1758762391310, "cnt": 0, "node": "NA-N14"}, "package_id": "PKG62391", "payload": {"status": "CREATED"}, "sent_ts": 1758762391170, "arrival_ts": 1758762391217}
{"action": "recv", "src": "NA-N14", "dst": "EU-N171", "hlc": {"phys": 1758762391574, "cnt": 0, "node": "NA-N14"}, "package_id": "PKG62391", "payload": {"status": "SENT"}, "sent_ts": 1758762391434, "arrival_ts": 1758762391612}
{"action": "recv", "src": "NA-N14", "dst": "EU-N171", "hlc": {"phys": 1758762391976, "cnt": 0, "node": "NA-N14"}, "package_id": "PKG62391", "payload": {"status": "IN_TRANSIT"}, "sent_ts": 1758762391836, "arrival_ts": 1758762391928}
{"action": "recv", "src": "NA-N14", "dst": "EU-N171", "hlc": {"phys": 1758762392269, "cnt": 0, "node": "NA-N14"}, "package_id": "PKG62391", "payload": {"status": "RECEIVED"}, "sent_ts": 1758762392129, "arrival_ts": 1758762392327}
{"action": "recv", "src": "NA-N14", "dst": "EU-N171", "hlc": {"phys": 1758762392658, "cnt": 0, "node": "NA-N14"}, "package_id": "PKG62391", "payload": {"status": "DELIVERED"}, "sent_ts": 1758762392518, "arrival_ts": 1758762392650}
{"action": "recv", "src": "SA-N12", "dst": "EU-N171", "hlc": {"phys": 1758762444266, "cnt": 0, "node": "SA-N12"}, "package_id": "PKG62424", "payload": {"status": "CREATED"}, "sent_ts": 1758762424146, "arrival_ts": 1758762424285}
{"action": "recv", "src": "SA-N12", "dst": "EU-N171", "hlc": {"phys": 1758762444612, "cnt": 0, "node": "SA-N12"}, "package_id": "PKG62424", "payload": {"status": "SENT"}, "sent_ts": 1758762424492, "arrival_ts": 1758762424546}
{"action": "recv", "src": "SA-N12", "dst": "EU-N171", "hlc": {"phys": 1758762444876, "cnt": 0, "node": "SA-N12"}, "package_id": "PKG62424", "payload": {"status": "IN_TRANSIT"}, "sent_ts": 1758762424756, "arrival_ts": 1758762424826}
{"action": "recv", "src": "SA-N12", "dst": "EU-N171", "hlc": {"phys": 1758762445157, "cnt": 0, "node": "SA-N12"}, "package_id": "PKG62424", "payload": {"status": "RECEIVED"}, "sent_ts": 1758762425037, "arrival_ts": 1758762425168}
{"action": "recv", "src": "SA-N12", "dst": "EU-N171", "hlc": {"phys": 1758762445483, "cnt": 0, "node": "SA-N12"}, "package_id": "PKG62424", "payload": {"status": "DELIVERED"}, "sent_ts": 1758762425363, "arrival_ts": 1758762425534}
{"action": "send", "src": "EU-N171", "dst": "EU-N52", "hlc": {"phys": 1758803036985, "cnt": 0, "node": "EU-N171"}, "package_id": "PKG3030", "payload": {"status": "CREATED"}, "sent_ts": 1758803030275, "arrival_ts": 1758803030275}
{"action": "send", "src": "EU-N171", "dst": "EU-N52", "hlc": {"phys": 1758803037215, "cnt": 0, "node": "EU-N171"}, "package_id": "PKG3030", "payload": {"status": "SENT"}, "sent_ts": 1758803030505, "arrival_ts": 1758803030505}
{"action": "send", "src": "EU-N171", "dst": "EU-N52", "hlc": {"phys": 1758803037556, "cnt": 0, "node": "EU-N171"}, "package_id": "PKG3030", "payload": {"status": "IN_TRANSIT"}, "sent_ts": 1758803030846, "arrival_ts": 1758803030846}
{"action": "send", "src": "EU-N171", "dst": "EU-N52", "hlc": {"phys": 1758803037894, "cnt": 0, "node": "EU-N171"}, "package_id": "PKG3030", "payload": {"status": "RECEIVED"}, "sent_ts": 1758803031184, "arrival_ts": 1758803031184}
{"action": "send", "src": "EU-N171", "dst": "EU-N52", "hlc": {"phys": 1758803038250, "cnt": 0, "node": "EU-N171"}, "package_id": "PKG3030", "payload": {"status": "DELIVERED"}, "sent_ts": 1758803031540, "arrival_ts": 1758803031540}
{"action": "send", "src": "EU-N171", "dst": "SA-N3", "hlc": {"phys": 1758804362459, "cnt": 0, "node": "EU-N171"}, "package_id": "PKG4355", "payload": {"status": "CREATED"}, "sent_ts": 1758804355749, "arrival_ts": 1758804355749}
{"action": "send", "src": "EU-N171", "dst": "SA-N3", "hlc": {"phys": 1758804362701, "cnt": 0, "node": "EU-N171"}, "package_id": "PKG4355", "payload": {"status": "SENT"}, "sent_ts": 1758804355991, "arrival_ts": 1758804355991}
{"action": "send", "src": "EU-N171", "dst": "SA-N3", "hlc": {"phys": 1758804363023, "cnt": 0, "node": "EU-N171"}, "package_id": "PKG4355", "payload": {"status": "IN_TRANSIT"}, "sent_ts": 1758804356313, "arrival_ts": 1758804356313}
{"action": "send", "src": "EU-N171", "dst": "SA-N3", "hlc": {"phys": 1758804363317, "cnt": 0, "node": "EU-N171"}, "package_id": "PKG4355", "payload": {"status": "RECEIVED"}, "sent_ts": 1758804356607, "arrival_ts": 1758804356607}
{"action": "send", "src": "EU-N171", "dst": "SA-N3", "hlc": {"phys": 1758804363558, "cnt": 0, "node": "EU-N171"}, "package_id": "PKG4355", "payload": {"status": "DELIVERED"}, "sent_ts": 1758804356848, "arrival_ts": 1758804356848}
{"action": "send", "src": "EU-N171", "dst": "NA-N167", "hlc": {"phys": 1758804859163, "cnt": 0, "node": "EU-N171"}, "package_id": "PKG4852", "payload": {"status": "CREATED"}, "sent_ts": 1758804852453, "arrival_ts": 1758804852453}
{"action": "send", "src": "EU-N171", "dst": "NA-N167", "hlc": {"phys": 1758804859506, "cnt": 0, "node": "EU-N171"}, "package_id": "PKG4852", "payload": {"status": "SENT"}, "sent_ts": 1758804852796, "arrival_ts": 1758804852796}
{"action": "send", "src": "EU-N171", "dst": "NA-N167", "hlc": {"phys": 1758804859850, "cnt": 0, "node": "EU-N171"}, "package_id": "PKG4852", "payload": {"status": "IN_TRANSIT"}, "sent_ts": 1758804853140, "arrival_ts": 1758804853140}
{"action": "send", "src": "EU-N171", "dst": "NA-N167", "hlc": {"phys": 1758804860235, "cnt": 0, "node": "EU-N171"}, "package_id": "PKG4852", "payload": {"status": "RECEIVED"}, "sent_ts": 1758804853525, "arrival_ts": 1758804853525}
{"action": "send", "src": "EU-N171", "dst": "NA-N167", "hlc": {"phys": 1758804860628, "cnt": 0, "node": "EU-N171"}, "package_id": "PKG4852", "payload": {"status": "DELIVERED"}, "sent_ts": 1758804853918, "arrival_ts": 1758804853918}
{"action": "send", "src": "EU-N171", "dst": "AF-N73", "hlc": {"phys": 1758810019954, "cnt": 0, "node": "EU-N171"}, "package_id": "PKG10013", "payload": {"status": "CREATED"}, "sent_ts": 1758810013244, "arrival_ts": 1758810013244}
{"action": "send", "src": "EU-N171", "dst": "AF-N73", "hlc": {"phys": 1758810020361, "cnt": 0, "node": "EU-N171"}, "package_id": "PKG10013", "payload": {"status": "SENT"}, "sent_ts": 1758810013651, "arrival_ts": 1758810013651}
{"action": "send", "src": "EU-N171", "dst": "AF-N73", "hlc": {"phys": 1758810020592, "cnt": 0, "node": "EU-N171"}, "package_id": "PKG10013", "payload": {"status": "IN_TRANSIT"}, "sent_ts": 1758810013882, "arrival_ts": 1758810013882}
{"action": "send", "src": "EU-N171", "dst": "AF-N73", "hlc": {"phys": 1758810020826, "cnt": 0, "node": "EU-N171"}, "package_id": "PKG10013", "payload": {"status": "RECEIVED"}, "sent_ts": 1758810014116, "arrival_ts": 1758810014116}
{"action": "send", "src": "EU-N171", "dst": "AF-N73", "hlc": {"phys": 1758810021042, "cnt": 0, "node": "EU-N171"}, "package_id": "PKG10013", "payload": {"status": "DELIVERED"}, "sent_ts": 1758810014332, "arrival_ts": 1758810014332}
