{"action": "send", "src": "EU-N93", "dst": "AN-N52", "hlc": {"phys": 1758716781469, "cnt": 0, "node": "EU-N93"}, "package_id": "PKG16775", "payload": {"status": "CREATED"}, "sent_ts": 1758716775539, "arrival_ts": 1758716775539}
{"action": "send", "src": "EU-N93", "dst": "AN-N52", "hlc": {"phys": 1758716781869, "cnt": 0, "node": "EU-N93"}, "package_id": "PKG16775", "payload": {"status": "SENT"}, "sent_ts": 1758716775939, "arrival_ts": 1758716775939}
{"action": "send", "src": "EU-N93", "dst": "AN-N52", "hlc": {"phys": 1758716782248, "cnt": 0, "node": "EU-N93"}, "package_id": "PKG16775", "payload": {"status": "IN_TRANSIT"}, "sent_ts": 1758716776318, "arrival_ts": 1758716776318}
{"action": "send", "src": "EU-N93", "dst": "AN-N52", "hlc": {"phys": 1758716782583, "cnt": 0, "node": "EU-N93"}, "package_id": "PKG16775", "payload": {"status": "RECEIVED"}, "sent_ts": 1758716776653, "arrival_ts": 1758716776653}
{"action": "send", "src": "EU-N93", "dst": "AN-N52", "hlc": {"phys": 1758716782984, "cnt": 0, "node": "EU-N93"}, "package_id": "PKG16775", "payload": {"status": "DELIVERED"}, "sent_ts": 1758716777054, "arrival_ts": 1758716777054}
{"action": "recv", "src": "AS-N69", "dst": "EU-N93", "hlc": {"phys": 1758717168360, "cnt": 0, "node": "AS-N69"}, "package_id": "PKG17157", "payload": {"status": "CREATED"}, "sent_ts": 1758717157670, "arrival_ts": 1758717157767}
{"action": "recv", "src": "AS-N69", "dst": "EU-N93", "hlc": {"phys": 1758717168669, "cnt": 0, "node": "AS-N69"}, "package_id": "PKG17157", "payload": {"status": "SENT"}, "sent_ts": 1758717157979, "arrival_ts": 1758717158022}
{"action": "recv", "src": "AS-N69", "dst": "EU-N93", "hlc": {"phys": 1758717168915, "cnt": 0, "node": "AS-N69"}, "package_id": "PKG17157", "payload": {"status": "IN_TRANSIT"}, "sent_ts": 1758717158225, "arrival_ts": 1758717158364}
{"action": "recv", "src": "AS-N69", "dst": "EU-N93", "hlc": {"phys": 1758717169257, "cnt": 0, "node": "AS-N69"}, "package_id": "PKG17157", "payload": {"status": "RECEIVED"}, "sent_ts": 1758717158567, "arrival_ts": 1758717158586}
{"action": "recv", "src": "AS-N69", "dst": "EU-N93", "hlc": {"phys": 1758717169475, "cnt": 0, "node": "AS-N69"}, "package_id": "PKG17157", "payload": {"status": "DELIVERED"}, "sent_ts": 1758717158785, "arrival_ts": 1758717158833}
{"action": "send", "src": "EU-N93", "dst": "SA-N183", "hlc": {"phys": 1758719011447, "cnt": 0, "node": "EU-N93"}, "package_id": "PKG19005", "payload": {"status": "CREATED"}, "sent_ts": 1758719005517, "arrival_ts": 1758719005517}
{"action": "send", "src": "EU-N93", "dst": "SA-N183", "hlc": {"phys": 1758719011806, "cnt": 0, "node": "EU-N93"}, "package_id": "PKG19005", "payload": {"status": "SENT"}, "sent_ts": 1758719005876, "arrival_ts": 1758719005876}
{"action": "send", "src": "EU-N93", "dst": "SA-N183", "hlc": {"phys": 1758719012186, "cnt": 0, "node": "EU-N93"}, "package_id": "PKG19005", "payload": {"status": "IN_TRANSIT"}, "sent_ts": 1758719006256, "arrival_ts": 1758719006256}
{"action": "send", "src": "EU-N93", "dst": "SA-N183", "hlc": {"phys": 1758719012398, "cnt": 0, "node": "EU-N93"}, "package_id": "PKG19005", "payload": {"status": "RECEIVED"}, "sent_ts": 1758719006468, "arrival_ts": 1758719006468}
{"action": "send", "src": "EU-N93", "dst": "SA-N183", "hlc": {"phys": 1758719012700, "cnt": 0, "node": "EU-N93"}, "package_id": "PKG19005", "payload": {"status": "DELIVERED"}, "sent_ts": 1758719006770, "arrival_ts": 1758719006770}
{"action": "send", "src": "EU-N93", "dst": "EU-N73", "hlc": {"phys": 1758739377212, "cnt": 0, "node": "EU-N93"}, "package_id": "PKG39371", "payload": {"status": "CREATED"}, "sent_ts": 1758739371282, "arrival_ts": 1758739371282}
{"action": "send", "src": "EU-N93", "dst": "EU-N73", "hlc": {"phys": 1758739377570, "cnt": 0, "node": "EU-N93"}, "package_id": "PKG39371", "payload": {"status": "SENT"}, "sent_ts": 1758739371640, "arrival_ts": 1758739371640}
{"action": "send", "src": "EU-N93", "dst": "EU-N73", "hlc": {"phys": 1758739377795, "cnt": 0, "node": "EU-N93"}, "package_id": "PKG39371", "payload": {"status": "IN_TRANSIT"}, "sent_ts": 1758739371865, "arrival_ts": 1758739371865}
{"action": "send", "src": "EU-N93", "dst": "EU-N73", "hlc": {"phys": 1758739378039, "cnt": 0, "node": "EU-N93"}, "package_id": "PKG39371", "payload": {"status": "RECEIVED"}, "sent_ts": 1758739372109, "arrival_ts": 1758739372109}
{"action": "send", "src": "EU-N93", "dst": "EU-N73", "hlc": {"phys": 1758739378283, "cnt": 0, "node": "EU-N93"}, "package_id": "PKG39371", "payload": {"status": "DELIVERED"}, "sent_ts": 1758739372353, "arrival_ts": 1758739372353}
{"action": "recv", "src": "EU-N91", "dst": "EU-N93", "hlc": {"phys": 1758739426456, "cnt": 0, "node": "EU-N91"}, "package_id": "PKG39420", "payload": {"status": "CREATED"}, "sent_ts": 1758739420546, "arrival_ts": 1758739420671}
{"action": "recv", "src": "EU-N91", "dst": "EU-N93", "hlc": {"phys": 1758739426791, "cnt": 0, "node": "EU-N91"}, "package_id": "PKG39420", "payload": {"status": "SENT"}, "sent_ts": 1758739420881, "arrival_ts": 1758739421052}
{"action": "recv", "src": "EU-N91", "dst": "EU-N93", "hlc": {"phys": 1758739427170, "cnt": 0, "node": "EU-N91"}, "package_id": "PKG39420", "payload": {"status": "IN_TRANSIT"}, "sent_ts": 1758739421260, "arrival_ts": 1758739421317}
{"action": "recv", "src": "EU-N91", "dst": "EU-N93", "hlc": {"phys": 1758739427447, "cnt": 0, "node": "EU-N91"}, "package_id": "PKG39420", "payload": {"status": "RECEIVED"}, "sent_ts": 1758739421537, "arrival_ts": 1758739421721}
{"action": "recv", "src": "EU-N91", "dst": "EU-N93", "hlc": {"phys": 1758739427846, "cnt": 0, "node": "EU-N91"}, "package_id": "PKG39420", "payload": {"status": "DELIVERED"}, "sent_ts": 1758739421936, "arrival_ts": 1758739422021}
{"action": "recv", "src": "AN-N1", "dst": "EU-N93", "hlc": {"phys": 1758740995217, "cnt": 0, "node": "AN-N1"}, "package_id": "PKG40965", "payload": {"status": "CREATED"}, "sent_ts": 1758740965207, "arrival_ts": 1758740965308}
{"action": "recv", "src": "AN-N1", "dst": "EU-N93", "hlc": {"phys": 1758740995546, "cnt": 0, "node": "AN-N1"}, "package_id": "PKG40965", "payload": {"status": "SENT"}, "sent_ts": 1758740965536, "arrival_ts": 1758740965690}
{"action": "recv", "src": "AN-N1", "dst": "EU-N93", "hlc": {"phys": 1758740995906, "cnt": 0, "node": "AN-N1"}, "package_id": "PKG40965", "payload": {"status": "IN_TRANSIT"}, "sent_ts": 1758740965896, "arrival_ts": 1758740966032}
{"action": "recv", "src": "AN-N1", "dst": "EU-N93", "hlc": {"phys": 1758740996249, "cnt": 0, "node": "AN-N1"}, "package_id": "PKG40965", "payload": {"status": "RECEIVED"}, "sent_ts": 1758740966239, "arrival_ts": 1758740966358}
{"action": "recv", "src": "AN-N1", "dst": "EU-N93", "hlc": {"phys": 1758740996585, "cnt": 0, "node": "AN-N1"}, "package_id": "PKG40965", "payload": {"status": "DELIVERED"}, "sent_ts": 1758740966575, "arrival_ts": 1758740966710}
{"action": "send", "src": "EU-N93", "dst": "AU-N51", "hlc": {"phys": 1758741571056, "cnt": 0, "node": "EU-N93"}, "package_id": "PKG41565", "payload": {"status": "CREATED"}, "sent_ts": 1758741565126, "arrival_ts": 1758741565126}
{"action": "send", "src": "EU-N93", "dst": "AU-N51", "hlc": {"phys": 1758741571312, "cnt": 0, "node": "EU-N93"}, "package_id": "PKG41565", "payload": {"status": "SENT"}, "sent_ts": 1758741565382, "arrival_ts": 1758741565382}
{"action": "send", "src": "EU-N93", "dst": "AU-N51", "hlc": {"phys": 1758741571612, "cnt": 0, "node": "EU-N93"}, "package_id": "PKG41565", "payload": {"status": "IN_TRANSIT"}, "sent_ts": 1758741565682, "arrival_ts": 1758741565682}
{"action": "send", "src": "EU-N93", "dst": "AU-N51", "hlc": {"phys": 1758741571991, "cnt": 0, "node": "EU-N93"}, "package_id": "PKG41565", "payload": {"status": "RECEIVED"}, "sent_ts": 1758741566061, "arrival_ts": 1758741566061}
{"action": "send", "src": "EU-N93", "dst": "AU-N51", "hlc": {"phys": 1758741572372, "cnt": 0, "node": "EU-N93"}, "package_id": "PKG41565", "payload": {"status": "DELIVERED"}, "sent_ts": 1758741566442, "arrival_ts": 1758741566442}
{"action": "recv", "src": "NA-N178", "dst": "EU-N93", "hlc": {"phys": 1758743740108, "cnt": 0, "node": "NA-N178"}, "package_id": "PKG43738", "payload": {"status": "CREATED"}, "sent_ts": 1758743738328, "arrival_ts": 1758743738384}
{"action": "recv", "src": "NA-N178", "dst": "EU-N93", "hlc": {"phys": 1758743740372, "cnt": 0, "node": "NA-N178"}, "package_id": "PKG43738", "payload": {"status": "SENT"}, "sent_ts": 1758743738592, "arrival_ts": 1758743738786}
{"action": "recv", "src": "NA-N178", "dst": "EU-N93", "hlc": {"phys": 1758743740770, "cnt": 0, "node": "NA-N178"}, "package_id": "PKG43738", "payload": {"status": "IN_TRANSIT"}, "sent_ts": 1758743738990, "arrival_ts": 1758743739097}
{"action": "recv", "src": "NA-N178", "dst": "EU-N93", "hlc": {"phys": 1758743741079, "cnt": 0, "node": "NA-N178"}, "package_id": "PKG43738", "payload": {"status": "RECEIVED"}, "sent_ts": 1758743739299, "arrival_ts": 1758743739491}
{"action": "recv", "src": "NA-N178", "dst": "EU-N93", "hlc": {"phys": 1758743741468, "cnt": 0, "node": "NA-N178"}, "package_id": "PKG43738", "payload": {"status": "DELIVERED"}, "sent_ts": 1758743739688, "arrival_ts": 1758743739787}
{"action": "recv", "src": "EU-N176", "dst": "EU-N93", "hlc": {"phys": 1758745045090, "cnt": 0, "node": "EU-N176"}, "package_id": "PKG45038", "payload": {"status": "CREATED"}, "sent_ts": 1758745038330, "arrival_ts": 1758745038530}
{"action": "recv", "src": "EU-N176", "dst": "EU-N93", "hlc": {"phys": 1758745045495, "cnt": 0, "node": "EU-N176"}, "package_id": "PKG45038", "payload": {"status": "SENT"}, "sent_ts": 1758745038735, "arrival_ts": 1758745038825}
{"action": "recv", "src": "EU-N176", "dst": "EU-N93", "hlc": {"phys": 1758745045774, "cnt": 0, "node": "EU-N176"}, "package_id": "PKG45038", "payload": {"status": "IN_TRANSIT"}, "sent_ts": 1758745039014, "arrival_ts": 1758745039162}
{"action": "recv", "src": "EU-N176", "dst": "EU-N93", "hlc": {"phys": 1758745046119, "cnt": 0, "node": "EU-N176"}, "package_id": "PKG45038", "payload": {"status": "RECEIVED"}, "sent_ts": 1758745039359, "arrival_ts": 1758745039373}
{"action": "recv", "src": "EU-N176", "dst": "EU-N93", "hlc": {"phys": 1758745046349, "cnt": 0, "node": "EU-N176"}, "package_id": "PKG45038", "payload": {"status": "DELIVERED"}, "sent_ts": 1758745039589, "arrival_ts": 1758745039705}
{"action": "recv", "src": "AF-N200", "dst": "EU-N93", "hlc": {"phys": 1758749651794, "cnt": 0, "node": "AF-N200"}, "package_id": "PKG49634", "payload": {"status": "CREATED"}, "sent_ts": 1758749634794, "arrival_ts": 1758749634820}
{"action": "recv", "src": "AF-N200", "dst": "EU-N93", "hlc": {"phys": 1758749652027, "cnt": 0, "node": "AF-N200"}, "package_id": "PKG49634", "payload": {"status": "SENT"}, "sent_ts": 1758749635027, "arrival_ts": 1758749635097}
{"action": "recv", "src": "AF-N200", "dst": "EU-N93", "hlc": {"phys": 1758749652305, "cnt": 0, "node": "AF-N200"}, "package_id": "PKG49634", "payload": {"status": "IN_TRANSIT"}, "sent_ts": 1758749635305, "arrival_ts": 1758749635453}
{"action": "recv", "src": "AF-N200", "dst": "EU-N93", "hlc": {"phys": 1758749652663, "cnt": 0, "node": "AF-N200"}, "package_id": "PKG49634", "payload": {"status": "RECEIVED"}, "sent_ts": 1758749635663, "arrival_ts": 1758749635727}
{"action": "recv", "src": "AF-N200", "dst": "EU-N93", "hlc": {"phys": 1758749652930, "cnt": 0, "node": "AF-N200"}, "package_id": "PKG49634", "payload": {"status": "DELIVERED"}, "sent_ts": 1758749635930, "arrival_ts": 1758749636000}
{"action": "recv", "src": "AS-N141", "dst": "EU-N93", "hlc": {"phys": 1758749764260, "cnt": 0, "node": "AS-N141"}, "package_id": "PKG49752", "payload": {"status": "CREATED"}, "sent_ts": 1758749752850, "arrival_ts": 1758749753014}
{"action": "recv", "src": "AS-N141", "dst": "EU-N93", "hlc": {"phys": 1758749764643, "cnt": 0, "node": "AS-N141"}, "package_id": "PKG49752", "payload": {"status": "SENT"}, "sent_ts": 1758749753233, "arrival_ts": 1758749753250}
{"action": "recv", "src": "AS-N141", "dst": "EU-N93", "hlc": {"phys": 1758749764877, "cnt": 0, "node": "AS-N141"}, "package_id": "PKG49752", "payload": {"status": "IN_TRANSIT"}, "sent_ts": 1758749753467, "arrival_ts": 1758749753495}
{"action": "recv", "src": "AS-N141", "dst": "EU-N93", "hlc": {"phys": 1758749765110, "cnt": 0, "node": "AS-N141"}, "package_id": "PKG49752", "payload": {"status": "RECEIVED"}, "sent_ts": 1758749753700, "arrival_ts": 1758749753724}
{"action": "recv", "src": "AS-N141", "dst": "EU-N93", "hlc": {"phys": 1758749765343, "cnt": 0, "node": "AS-N141"}, "package_id": "PKG49752", "payload": {"status": "DELIVERED"}, "sent_ts": 1758749753933, "arrival_ts": 1758749754040}
{"action": "recv", "src": "AF-N25", "dst": "EU-N93", "hlc": {"phys": 1758761666957, "cnt": 0, "node": "AF-N25"}, "package_id": "PKG61651", "payload": {"status": "CREATED"}, "sent_ts": 1758761651707, "arrival_ts": 1758761651904}
{"action": "recv", "src": "AF-N25", "dst": "EU-N93", "hlc": {"phys": 1758761667374, "cnt": 0, "node": "AF-N25"}, "package_id": "PKG61651", "payload": {"status": "SENT"}, "sent_ts": 1758761652124, "arrival_ts": 1758761652171}
{"action": "recv", "src": "AF-N25", "dst": "EU-N93", "hlc": {"phys": 1758761667632, "cnt": 0, "node": "AF-N25"}, "package_id": "PKG61651", "payload": {"status": "IN_TRANSIT"}, "sent_ts": 1758761652382, "arrival_ts": 1758761652522}
{"action": "recv", "src": "AF-N25", "dst": "EU-N93", "hlc": {"phys": 1758761667988, "cnt": 0, "node": "AF-N25"}, "package_id": "PKG61651", "payload": {"status": "RECEIVED"}, "sent_ts": 1758761652738, "arrival_ts": 1758761652752}
{"action": "recv", "src": "AF-N25", "dst": "EU-N93", "hlc": {"phys": 1758761668206, "cnt": 0, "node": "AF-N25"}, "package_id": "PKG61651", "payload": {"status": "DELIVERED"}, "sent_ts": 1758761652956, "arrival_ts": 1758761652972}
{"action": "send", "src": "EU-N93", "dst": "NA-N74", "hlc": {"phys": 1758762629167, "cnt": 0, "node": "EU-N93"}, "package_id": "PKG62623", "payload": {"status": "CREATED"}, "sent_ts": 1758762623237, "arrival_ts": 1758762623237}
{"action": "send", "src": "EU-N93", "dst": "NA-N74", "hlc": {"phys": 1758762629537, "cnt": 0, "node": "EU-N93"}, "package_id": "PKG62623", "payload": {"status": "SENT"}, "sent_ts": 1758762623607, "arrival_ts": 1758762623607}
{"action": "send", "src": "EU-N93", "dst": "NA-N74", "hlc": {"phys": 1758762629923, "cnt": 0, "node": "EU-N93"}, "package_id": "PKG62623", "payload": {"status": "IN_TRANSIT"}, "sent_ts": 1758762623993, "arrival_ts": 1758762623993}
{"action": "send", "src": "EU-N93", "dst": "NA-N74", "hlc": {"phys": 1758762630293, "cnt": 0, "node": "EU-N93"}, "package_id": "PKG62623", "payload": {"status": "RECEIVED"}, "sent_ts": 1758762624363, "arrival_ts": 1758762624363}
{"action": "send", "src": "EU-N93", "dst": "NA-N74", "hlc": {"phys": 1758762630696, "cnt": 0, "node": "EU-N93"}, "package_id": "PKG62623", "payload": {"status": "DELIVERED"}, "sent_ts": 1758762624766, "arrival_ts": 1758762624766}
{"action": "send", "src": "EU-N93", "dst": "AN-N104", "hlc": {"phys": 1758762867039, "cnt": 0, "node": "EU-N93"}, "package_id": "PKG62861", "payload": {"status": "CREATED"}, "sent_ts": 1758762861109, "arrival_ts": 1758762861109}
{"action": "send", "src": "EU-N93", "dst": "AN-N104", "hlc": {"phys": 1758762867368, "cnt": 0, "node": "EU-N93"}, "package_id": "PKG62861", "payload": {"status": "SENT"}, "sent_ts": 1758762861438, "arrival_ts": 1758762861438}
{"action": "send", "src": "EU-N93", "dst": "AN-N104", "hlc": {"phys": 1758762867689, "cnt": 0, "node": "EU-N93"}, "package_id": "PKG62861", "payload": {"status": "IN_TRANSIT"}, "sent_ts": 1758762861759, "arrival_ts": 1758762861759}
{"action": "send", "src": "EU-N93", "dst": "AN-N104", "hlc": {"phys": 1758762867952, "cnt": 0, "node": "EU-N93"}, "package_id": "PKG62861", "payload": {"status": "RECEIVED"}, "sent_ts": 1758762862022, "arrival_ts": 1758762862022}
{"action": "send", "src": "EU-N93", "dst": "AN-N104", "hlc": {"phys": 1758762868183, "cnt": 0, "node": "EU-N93"}, "package_id": "PKG62861", "payload": {"status": "DELIVERED"}, "sent_ts": 1758762862253, "arrival_ts": 1758762862253}
{"action": "recv", "src": "AS-N58", "dst": "EU-N93", "hlc": {"phys": 1758801112706, "cnt": 0, "node": "AS-N58"}, "package_id": "PKG1102", "payload": {"status": "CREATED"}, "sent_ts": 1758801102126, "arrival_ts": 1758801102302}
{"action": "recv", "src": "AS-N58", "dst": "EU-N93", "hlc": {"phys": 1758801113106, "cnt": 0, "node": "AS-N58"}, "package_id": "PKG1102", "payload": {"status": "SENT"}, "sent_ts": 1758801102526, "arrival_ts": 1758801102551}
{"action": "recv", "src": "AS-N58", "dst": "EU-N93", "hlc": {"phys": 1758801113341, "cnt": 0, "node": "AS-N58"}, "package_id": "PKG1102", "payload": {"status": "IN_TRANSIT"}, "sent_ts": 1758801102761, "arrival_ts": 1758801102785}
{"action": "recv", "src": "AS-N58", "dst": "EU-N93", "hlc": {"phys": 1758801113575, "cnt": 0, "node": "AS-N58"}, "package_id": "PKG1102", "payload": {"status": "RECEIVED"}, "sent_ts": 1758801102995, "arrival_ts": 1758801103111}
{"action": "recv", "src": "AS-N58", "dst": "EU-N93", "hlc": {"phys": 1758801113900, "cnt": 0, "node": "AS-N58"}, "package_id": "PKG1102", "payload": {"status": "DELIVERED"}, "sent_ts": 1758801103320, "arrival_ts": 1758801103402}
{"action": "send", "src": "EU-N93", "dst": "NA-N69", "hlc": {"phys": 1758804390000, "cnt": 0, "node": "EU-N93"}, "package_id": "PKG4384", "payload": {"status": "CREATED"}, "sent_ts": 1758804384070, "arrival_ts": 1758804384070}
{"action": "send", "src": "EU-N93", "dst": "NA-N69", "hlc": {"phys": 1758804390400, "cnt": 0, "node": "EU-N93"}, "package_id": "PKG4384", "payload": {"status": "SENT"}, "sent_ts": 1758804384470, "arrival_ts": 1758804384470}
{"action": "send", "src": "EU-N93", "dst": "NA-N69", "hlc": {"phys": 1758804390686, "cnt": 0, "node": "EU-N93"}, "package_id": "PKG4384", "payload": {"status": "IN_TRANSIT"}, "sent_ts": 1758804384756, "arrival_ts": 1758804384756}
{"action": "send", "src": "EU-N93", "dst": "NA-N69", "hlc": {"phys": 1758804391073, "cnt": 0, "node": "EU-N93"}, "package_id": "PKG4384", "payload": {"status": "RECEIVED"}, "sent_ts": 1758804385143, "arrival_ts": 1758804385143}
{"action": "send", "src": "EU-N93", "dst": "NA-N69", "hlc": {"phys": 1758804391330, "cnt": 0, "node": "EU-N93"}, "package_id": "PKG4384", "payload": {"status": "DELIVERED"}, "sent_ts": 1758804385400, "arrival_ts": 1758804385400}
{"action": "recv", "src": "AF-N43", "dst": "EU-N93", "hlc": {"phys": 1758804961756, "cnt": 0, "node": "AF-N43"}, "package_id": "PKG4946", "payload": {"status": "CREATED"}, "sent_ts": 1758804946326, "arrival_ts": 1758804946545}
{"action": "recv", "src": "AF-N43", "dst": "EU-N93", "hlc": {"phys": 1758804962176, "cnt": 0, "node": "AF-N43"}, "package_id": "PKG4946", "payload": {"status": "SENT"}, "sent_ts": 1758804946746, "arrival_ts": 1758804946842}
{"action": "recv", "src": "AF-N43", "dst": "EU-N93", "hlc": {"phys": 1758804962471, "cnt": 0, "node": "AF-N43"}, "package_id": "PKG4946", "payload": {"status": "IN_TRANSIT"}, "sent_ts": 1758804947041, "arrival_ts": 1758804947119}
{"action": "recv", "src": "AF-N43", "dst": "EU-N93", "hlc": {"phys": 1758804962750, "cnt": 0, "node": "AF-N43"}, "package_id": "PKG4946", "payload": {"status": "RECEIVED"}, "sent_ts": 1758804947320, "arrival_ts": 1758804947375}
{"action": "recv", "src": "AF-N43", "dst": "EU-N93", "hlc": {"phys": 1758804963014, "cnt": 0, "node": "AF-N43"}, "package_id": "PKG4946", "payload": {"status": "DELIVERED"}, "sent_ts": 1758804947584, "arrival_ts": 1758804947780}
{"action": "recv", "src": "NA-N75", "dst": "EU-N93", "hlc": {"phys": 1758805878071, "cnt": 0, "node": "NA-N75"}, "package_id": "PKG5877", "payload": {"status": "CREATED"}, "sent_ts": 1758805877321, "arrival_ts": 1758805877361}
{"action": "recv", "src": "NA-N75", "dst": "EU-N93", "hlc": {"phys": 1758805878319, "cnt": 0, "node": "NA-N75"}, "package_id": "PKG5877", "payload": {"status": "SENT"}, "sent_ts": 1758805877569, "arrival_ts": 1758805877739}
{"action": "recv", "src": "NA-N75", "dst": "EU-N93", "hlc": {"phys": 1758805878689, "cnt": 0, "node": "NA-N75"}, "package_id": "PKG5877", "payload": {"status": "IN_TRANSIT"}, "sent_ts": 1758805877939, "arrival_ts": 1758805877971}
{"action": "recv", "src": "NA-N75", "dst": "EU-N93", "hlc": {"phys": 1758805878935, "cnt": 0, "node": "NA-N75"}, "package_id": "PKG5877", "payload": {"status": "RECEIVED"}, "sent_ts": 1758805878185, "arrival_ts": 1758805878338}
{"action": "recv", "src": "NA-N75", "dst": "EU-N93", "hlc": {"phys": 1758805879287, "cnt": 0, "node": "NA-N75"}, "package_id": "PKG5877", "payload": {"status": "DELIVERED"}, "sent_ts": 1758805878537, "arrival_ts": 1758805878712}
{"action": "send", "src": "EU-N93", "dst": "AS-N83", "hlc": {"phys": 1758812500395, "cnt": 0, "node": "EU-N93"}, "package_id": "PKG12494", "payload": {"status": "CREATED"}, "sent_ts": 1758812494465, "arrival_ts": 1758812494465}
{"action": "send", "src": "EU-N93", "dst": "AS-N83", "hlc": {"phys": 1758812500644, "cnt": 0, "node": "EU-N93"}, "package_id": "PKG12494", "payload": {"status": "SENT"}, "sent_ts": 1758812494714, "arrival_ts": 1758812494714}
{"action": "send", "src": "EU-N93", "dst": "AS-N83", "hlc": {"phys": 1758812500938, "cnt": 0, "node": "EU-N93"}, "package_id": "PKG12494", "payload": {"status": "IN_TRANSIT"}, "sent_ts": 1758812495008, "arrival_ts": 1758812495008}
{"action": "send", "src": "EU-N93", "dst": "AS-N83", "hlc": {"phys": 1758812501223, "cnt": 0, "node": "EU-N93"}, "package_id": "PKG12494", "payload": {"status": "RECEIVED"}, "sent_ts": 1758812495293, "arrival_ts": 1758812495293}
{"action": "send", "src": "EU-N93", "dst": "AS-N83", "hlc": {"phys": 1758812501487, "cnt": 0, "node": "EU-N93"}, "package_id": "PKG12494", "payload": {"status": "DELIVERED"}, "sent_ts": 1758812495557, "arrival_ts": 1758812495557}
{"action": "recv", "src": "EU-N26", "dst": "EU-N93", "hlc": {"phys": 1758812515081, "cnt": 0, "node": "EU-N26"}, "package_id": "PKG12509", "payload": {"status": "CREATED"}, "sent_ts": 1758812509821, "arrival_ts": 1758812509974}
{"action": "recv", "src": "EU-N26", "dst": "EU-N93", "hlc": {"phys": 1758812515438, "cnt": 0, "node": "EU-N26"}, "package_id": "PKG12509", "payload": {"status": "SENT"}, "sent_ts": 1758812510178, "arrival_ts": 1758812510230}
{"action": "recv", "src": "EU-N26", "dst": "EU-N93", "hlc": {"phys": 1758812515689, "cnt": 0, "node": "EU-N26"}, "package_id": "PKG12509", "payload": {"status": "IN_TRANSIT"}, "sent_ts": 1758812510429, "arrival_ts": 1758812510573}
{"action": "recv", "src": "EU-N26", "dst": "EU-N93", "hlc": {"phys": 1758812516031, "cnt": 0, "node": "EU-N26"}, "package_id": "PKG12509", "payload": {"status": "RECEIVED"}, "sent_ts": 1758812510771, "arrival_ts": 1758812510920}
{"action": "recv", "src": "EU-N26", "dst": "EU-N93", "hlc": {"phys": 1758812516374, "cnt": 0, "node": "EU-N26"}, "package_id": "PKG12509", "payload": {"status": "DELIVERED"}, "sent_ts": 1758812511114, "arrival_ts": 1758812511277}
{"action": "send", "src": "EU-N93", "dst": "AN-N78", "hlc": {"phys": 1758814426875, "cnt": 0, "node": "EU-N93"}, "package_id": "PKG14420", "payload": {"status": "CREATED"}, "sent_ts": 1758814420945, "arrival_ts": 1758814420945}
{"action": "send", "src": "EU-N93", "dst": "AN-N78", "hlc": {"phys": 1758814427212, "cnt": 0, "node": "EU-N93"}, "package_id": "PKG14420", "payload": {"status": "SENT"}, "sent_ts": 1758814421282, "arrival_ts": 1758814421282}
{"action": "send", "src": "EU-N93", "dst": "AN-N78", "hlc": {"phys": 1758814427445, "cnt": 0, "node": "EU-N93"}, "package_id": "PKG14420", "payload": {"status": "IN_TRANSIT"}, "sent_ts": 1758814421515, "arrival_ts": 1758814421515}
{"action": "send", "src": "EU-N93", "dst": "AN-N78", "hlc": {"phys": 1758814427828, "cnt": 0, "node": "EU-N93"}, "package_id": "PKG14420", "payload": {"status": "RECEIVED"}, "sent_ts": 1758814421898, "arrival_ts": 1758814421898}
{"action": "send", "src": "EU-N93", "dst": "AN-N78", "hlc": {"phys": 1758814428165, "cnt": 0, "node": "EU-N93"}, "package_id": "PKG14420", "payload": {"status": "DELIVERED"}, "sent_ts": 1758814422235, "arrival_ts": 1758814422235}
{"action": "recv", "src": "SA-N88", "dst": "EU-N93", "hlc": {"phys": 1758815057490, "cnt": 0, "node": "SA-N88"}, "package_id": "PKG15036", "payload": {"status": "CREATED"}, "sent_ts": 1758815036610, "arrival_ts": 1758815036653}
{"action": "recv", "src": "SA-N88", "dst": "EU-N93", "hlc": {"phys": 1758815057739, "cnt": 0, "node": "SA-N88"}, "package_id": "PKG15036", "payload": {"status": "SENT"}, "sent_ts": 1758815036859, "arrival_ts": 1758815036922}
{"action": "recv", "src": "SA-N88", "dst": "EU-N93", "hlc": {"phys": 1758815058020, "cnt": 0, "node": "SA-N88"}, "package_id": "PKG15036", "payload": {"status": "IN_TRANSIT"}, "sent_ts": 1758815037140, "arrival_ts": 1758815037283}
{"action": "recv", "src": "SA-N88", "dst": "EU-N93", "hlc": {"phys": 1758815058379, "cnt": 0, "node": "SA-N88"}, "package_id": "PKG15036", "payload": {"status": "RECEIVED"}, "sent_ts": 1758815037499, "arrival_ts": 1758815037515}
{"action": "recv", "src": "SA-N88", "dst": "EU-N93", "hlc": {"phys": 1758815058612, "cnt": 0, "node": "SA-N88"}, "package_id": "PKG15036", "payload": {"status": "DELIVERED"}, "sent_ts": 1758815037732, "arrival_ts": 1758815037771}
