{"action": "send", "src": "EU-N155", "dst": "AU-N175", "hlc": {"phys": 1758712955217, "cnt": 0, "node": "EU-N155"}, "package_id": "PKG12948", "payload": {"status": "CREATED"}, "sent_ts": 1758712948667, "arrival_ts": 1758712948667}
{"action": "send", "src": "EU-N155", "dst": "AU-N175", "hlc": {"phys": 1758712955605, "cnt": 0, "node": "EU-N155"}, "package_id": "PKG12948", "payload": {"status": "SENT"}, "sent_ts": 1758712949055, "arrival_ts": 1758712949055}
{"action": "send", "src": "EU-N155", "dst": "AU-N175", "hlc": {"phys": 1758712955821, "cnt": 0, "node": "EU-N155"}, "package_id": "PKG12948", "payload": {"status": "IN_TRANSIT"}, "sent_ts": 1758712949271, "arrival_ts": 1758712949271}
{"action": "send", "src": "EU-N155", "dst": "AU-N175", "hlc": {"phys": 1758712956069, "cnt": 0, "node": "EU-N155"}, "package_id": "PKG12948", "payload": {"status": "RECEIVED"}, "sent_ts": 1758712949519, "arrival_ts": 1758712949519}
{"action": "send", "src": "EU-N155", "dst": "AU-N175", "hlc": {"phys": 1758712956348, "cnt": 0, "node": "EU-N155"}, "package_id": "PKG12948", "payload": {"status": "DELIVERED"}, "sent_ts": 1758712949798, "arrival_ts": 1758712949798}
{"action": "recv", "src": "SA-N176", "dst": "EU-N155", "hlc": {"phys": 1758717961429, "cnt": 0, "node": "SA-N176"}, "package_id": "PKG17939", "payload": {"status": "CREATED"}, "sent_ts": 1758717939669, "arrival_ts": 1758717939817}
{"action": "recv", "src": "SA-N176", "dst": "EU-N155", "hlc": {"phys": 1758717961794, "cnt": 0, "node": "SA-N176"}, "package_id": "PKG17939", "payload": {"status": "SENT"}, "sent_ts": 1758717940034, "arrival_ts": 1758717940189}
{"action": "recv", "src": "SA-N176", "dst": "EU-N155", "hlc": {"phys": 1758717962169, "cnt": 0, "node": "SA-N176"}, "package_id": "PKG17939", "payload": {"status": "IN_TRANSIT"}, "sent_ts": 1758717940409, "arrival_ts": 1758717940592}
{"action": "recv", "src": "SA-N176", "dst": "EU-N155", "hlc": {"phys": 1758717962561, "cnt": 0, "node": "SA-N176"}, "package_id": "PKG17939", "payload": {"status": "RECEIVED"}, "sent_ts": 1758717940801, "arrival_ts": 1758717940865}
{"action": "recv", "src": "SA-N176", "dst": "EU-N155", "hlc": {"phys": 1758717962833, "cnt": 0, "node": "SA-N176"}, "package_id": "PKG17939", "payload": {"status": "DELIVERED"}, "sent_ts": 1758717941073, "arrival_ts": 1758717941129}
{"action": "send", "src": "EU-N155", "dst": "AN-N170", "hlc": {"phys": 1758718483288, "cnt": 0, "node": "EU-N155"}, "package_id": "PKG18476", "payload": {"status": "CREATED"}, "sent_ts": 1758718476738, "arrival_ts": 1758718476738}
{"action": "send", "src": "EU-N155", "dst": "AN-N170", "hlc": {"phys": 1758718483571, "cnt": 0, "node": "EU-N155"}, "package_id": "PKG18476", "payload": {"status": "SENT"}, "sent_ts": 1758718477021, "arrival_ts": 1758718477021}
{"action": "send", "src": "EU-N155", "dst": "AN-N170", "hlc": {"phys": 1758718483941, "cnt": 0, "node": "EU-N155"}, "package_id": "PKG18476", "payload": {"status": "IN_TRANSIT"}, "sent_ts": 1758718477391, "arrival_ts": 1758718477391}
{"action": "send", "src": "EU-N155", "dst": "AN-N170", "hlc": {"phys": 1758718484298, "cnt": 0, "node": "EU-N155"}, "package_id": "PKG18476", "payload": {"status": "RECEIVED"}, "sent_ts": 1758718477748, "arrival_ts": 1758718477748}
{"action": "send", "src": "EU-N155", "dst": "AN-N170", "hlc": {"phys": 1758718484693, "cnt": 0, "node": "EU-N155"}, "package_id": "PKG18476", "payload": {"status": "DELIVERED"}, "sent_ts": 1758718478143, "arrival_ts": 1758718478143}
{"action": "recv", "src": "AU-N27", "dst": "EU-N155", "hlc": {"phys": 1758718961041, "cnt": 0, "node": "AU-N27"}, "package_id": "PKG18935", "payload": {"status": "CREATED"}, "sent_ts": 1758718935771, "arrival_ts": 1758718935886}
{"action": "recv", "src": "AU-N27", "dst": "EU-N155", "hlc": {"phys": 1758718961367, "cnt": 0, "node": "AU-N27"}, "package_id": "PKG18935", "payload": {"status": "SENT"}, "sent_ts": 1758718936097, "arrival_ts": 1758718936123}
{"action": "recv", "src": "AU-N27", "dst": "EU-N155", "hlc": {"phys": 1758718961584, "cnt": 0, "node": "AU-N27"}, "package_id": "PKG18935", "payload": {"status": "IN_TRANSIT"}, "sent_ts": 1758718936314, "arrival_ts": 1758718936494}
{"action": "recv", "src": "AU-N27", "dst": "EU-N155", "hlc": {"phys": 1758718961956, "cnt": 0, "node": "AU-N27"}, "package_id": "PKG18935", "payload": {"status": "RECEIVED"}, "sent_ts": 1758718936686, "arrival_ts": 1758718936753}
{"action": "recv", "src": "AU-N27", "dst": "EU-N155", "hlc": {"phys": 1758718962235, "cnt": 0, "node": "AU-N27"}, "package_id": "PKG18935", "payload": {"status": "DELIVERED"}, "sent_ts": 1758718936965, "arrival_ts": 1758718937012}
{"action": "recv", "src": "AN-N95", "dst": "EU-N155", "hlc": {"phys": 1758719398200, "cnt": 0, "node": "AN-N95"}, "package_id": "PKG19367", "payload": {"status": "CREATED"}, "sent_ts": 1758719367250, "arrival_ts": 1758719367331}
{"action": "recv", "src": "AN-N95", "dst": "EU-N155", "hlc": {"phys": 1758719398497, "cnt": 0, "node": "AN-N95"}, "package_id": "PKG19367", "payload": {"status": "SENT"}, "sent_ts": 1758719367547, "arrival_ts": 1758719367573}
{"action": "recv", "src": "AN-N95", "dst": "EU-N155", "hlc": {"phys": 1758719398732, "cnt": 0, "node": "AN-N95"}, "package_id": "PKG19367", "payload": {"status": "IN_TRANSIT"}, "sent_ts": 1758719367782, "arrival_ts": 1758719367932}
{"action": "recv", "src": "AN-N95", "dst": "EU-N155", "hlc": {"phys": 1758719399078, "cnt": 0, "node": "AN-N95"}, "package_id": "PKG19367", "payload": {"status": "RECEIVED"}, "sent_ts": 1758719368128, "arrival_ts": 1758719368163}
{"action": "recv", "src": "AN-N95", "dst": "EU-N155", "hlc": {"phys": 1758719399314, "cnt": 0, "node": "AN-N95"}, "package_id": "PKG19367", "payload": {"status": "DELIVERED"}, "sent_ts": 1758719368364, "arrival_ts": 1758719368415}
{"action": "send", "src": "EU-N155", "dst": "AS-N9", "hlc": {"phys": 1758719566740, "cnt": 0, "node": "EU-N155"}, "package_id": "PKG19560", "payload": {"status": "CREATED"}, "sent_ts": 1758719560190, "arrival_ts": 1758719560190}
{"action": "send", "src": "EU-N155", "dst": "AS-N9", "hlc": {"phys": 1758719567038, "cnt": 0, "node": "EU-N155"}, "package_id": "PKG19560", "payload": {"status": "SENT"}, "sent_ts": 1758719560488, "arrival_ts": 1758719560488}
{"action": "send", "src": "EU-N155", "dst": "AS-N9", "hlc": {"phys": 1758719567367, "cnt": 0, "node": "EU-N155"}, "package_id": "PKG19560", "payload": {"status": "IN_TRANSIT"}, "sent_ts": 1758719560817, "arrival_ts": 1758719560817}
{"action": "send", "src": "EU-N155", "dst": "AS-N9", "hlc": {"phys": 1758719567685, "cnt": 0, "node": "EU-N155"}, "package_id": "PKG19560", "payload": {"status": "RECEIVED"}, "sent_ts": 1758719561135, "arrival_ts": 1758719561135}
{"action": "send", "src": "EU-N155", "dst": "AS-N9", "hlc": {"phys": 1758719568094, "cnt": 0, "node": "EU-N155"}, "package_id": "PKG19560", "payload": {"status": "DELIVERED"}, "sent_ts": 1758719561544, "arrival_ts": 1758719561544}
{"action": "recv", "src": "EU-N167", "dst": "EU-N155", "hlc": {"phys": 1758719571853, "cnt": 0, "node": "EU-N167"}, "package_id": "PKG19565", "payload": {"status": "CREATED"}, "sent_ts": 1758719565183, "arrival_ts": 1758719565230}
{"action": "recv", "src": "EU-N167", "dst": "EU-N155", "hlc": {"phys": 1758719572106, "cnt": 0, "node": "EU-N167"}, "package_id": "PKG19565", "payload": {"status": "SENT"}, "sent_ts": 1758719565436, "arrival_ts": 1758719565563}
{"action": "recv", "src": "EU-N167", "dst": "EU-N155", "hlc": {"phys": 1758719572441, "cnt": 0, "node": "EU-N167"}, "package_id": "PKG19565", "payload": {"status": "IN_TRANSIT"}, "sent_ts": 1758719565771, "arrival_ts": 1758719565932}
{"action": "recv", "src": "EU-N167", "dst": "EU-N155", "hlc": {"phys": 1758719572806, "cnt": 0, "node": "EU-N167"}, "package_id": "PKG19565", "payload": {"status": "RECEIVED"}, "sent_ts": 1758719566136, "arrival_ts": 1758719566198}
{"action": "recv", "src": "EU-N167", "dst": "EU-N155", "hlc": {"phys": 1758719573076, "cnt": 0, "node": "EU-N167"}, "package_id": "PKG19565", "payload": {"status": "DELIVERED"}, "sent_ts": 1758719566406, "arrival_ts": 1758719566445}
{"action": "send", "src": "EU-N155", "dst": "AS-N158", "hlc": {"phys": 1758738121637, "cnt": 0, "node": "EU-N155"}, "package_id": "PKG38115", "payload": {"status": "CREATED"}, "sent_ts": 1758738115087, "arrival_ts": 1758738115087}
{"action": "send", "src": "EU-N155", "dst": "AS-N158", "hlc": {"phys": 1758738121992, "cnt": 0, "node": "EU-N155"}, "package_id": "PKG38115", "payload": {"status": "SENT"}, "sent_ts": 1758738115441, "arrival_ts": 1758738115442}
{"action": "send", "src": "EU-N155", "dst": "AS-N158", "hlc": {"phys": 1758738122332, "cnt": 0, "node": "EU-N155"}, "package_id": "PKG38115", "payload": {"status": "IN_TRANSIT"}, "sent_ts": 1758738115782, "arrival_ts": 1758738115782}
{"action": "send", "src": "EU-N155", "dst": "AS-N158", "hlc": {"phys": 1758738122580, "cnt": 0, "node": "EU-N155"}, "package_id": "PKG38115", "payload": {"status": "RECEIVED"}, "sent_ts": 1758738116030, "arrival_ts": 1758738116030}
{"action": "send", "src": "EU-N155", "dst": "AS-N158", "hlc": {"phys": 1758738122866, "cnt": 0, "node": "EU-N155"}, "package_id": "PKG38115", "payload": {"status": "DELIVERED"}, "sent_ts": 1758738116316, "arrival_ts": 1758738116316}
{"action": "send", "src": "EU-N155", "dst": "NA-N145", "hlc": {"phys": 1758738845725, "cnt": 0, "node": "EU-N155"}, "package_id": "PKG38839", "payload": {"status": "CREATED"}, "sent_ts": 1758738839175, "arrival_ts": 1758738839175}
{"action": "send", "src": "EU-N155", "dst": "NA-N145", "hlc": {"phys": 1758738846142, "cnt": 0, "node": "EU-N155"}, "package_id": "PKG38839", "payload": {"status": "SENT"}, "sent_ts": 1758738839592, "arrival_ts": 1758738839592}
{"action": "send", "src": "EU-N155", "dst": "NA-N145", "hlc": {"phys": 1758738846399, "cnt": 0, "node": "EU-N155"}, "package_id": "PKG38839", "payload": {"status": "IN_TRANSIT"}, "sent_ts": 1758738839849, "arrival_ts": 1758738839849}
{"action": "send", "src": "EU-N155", "dst": "NA-N145", "hlc": {"phys": 1758738846785, "cnt": 0, "node": "EU-N155"}, "package_id": "PKG38839", "payload": {"status": "RECEIVED"}, "sent_ts": 1758738840235, "arrival_ts": 1758738840235}
{"action": "send", "src": "EU-N155", "dst": "NA-N145", "hlc": {"phys": 1758738847139, "cnt": 0, "node": "EU-N155"}, "package_id": "PKG38839", "payload": {"status": "DELIVERED"}, "sent_ts": 1758738840589, "arrival_ts": 1758738840589}
{"action": "send", "src": "EU-N155", "dst": "SA-N10", "hlc": {"phys": 1758740584052, "cnt": 0, "node": "EU-N155"}, "package_id": "PKG40577", "payload": {"status": "CREATED"}, "sent_ts": 1758740577502, "arrival_ts": 1758740577502}
{"action": "send", "src": "EU-N155", "dst": "SA-N10", "hlc": {"phys": 1758740584377, "cnt": 0, "node": "EU-N155"}, "package_id": "PKG40577", "payload": {"status": "SENT"}, "sent_ts": 1758740577827, "arrival_ts": 1758740577827}
{"action": "send", "src": "EU-N155", "dst": "SA-N10", "hlc": {"phys": 1758740584734, "cnt": 0, "node": "EU-N155"}, "package_id": "PKG40577", "payload": {"status": "IN_TRANSIT"}, "sent_ts": 1758740578184, "arrival_ts": 1758740578184}
{"action": "send", "src": "EU-N155", "dst": "SA-N10", "hlc": {"phys": 1758740585122, "cnt": 0, "node": "EU-N155"}, "package_id": "PKG40577", "payload": {"status": "RECEIVED"}, "sent_ts": 1758740578572, "arrival_ts": 1758740578572}
{"action": "send", "src": "EU-N155", "dst": "SA-N10", "hlc": {"phys": 1758740585525, "cnt": 0, "node": "EU-N155"}, "package_id": "PKG40577", "payload": {"status": "DELIVERED"}, "sent_ts": 1758740578975, "arrival_ts": 1758740578975}
{"action": "recv", "src": "SA-N52", "dst": "EU-N155", "hlc": {"phys": 1758741086551, "cnt": 0, "node": "SA-N52"}, "package_id": "PKG41066", "payload": {"status": "CREATED"}, "sent_ts": 1758741066031, "arrival_ts": 1758741066230}
{"action": "recv", "src": "SA-N52", "dst": "EU-N155", "hlc": {"phys": 1758741087034, "cnt": 0, "node": "SA-N52"}, "package_id": "PKG41066", "payload": {"status": "SENT"}, "sent_ts": 1758741066514, "arrival_ts": 1758741066590}
{"action": "recv", "src": "SA-N52", "dst": "EU-N155", "hlc": {"phys": 1758741087313, "cnt": 0, "node": "SA-N52"}, "package_id": "PKG41066", "payload": {"status": "IN_TRANSIT"}, "sent_ts": 1758741066793, "arrival_ts": 1758741066951}
{"action": "recv", "src": "SA-N52", "dst": "EU-N155", "hlc": {"phys": 1758741087689, "cnt": 0, "node": "SA-N52"}, "package_id": "PKG41066", "payload": {"status": "RECEIVED"}, "sent_ts": 1758741067169, "arrival_ts": 1758741067342}
{"action": "recv", "src": "SA-N52", "dst": "EU-N155", "hlc": {"phys": 1758741088080, "cnt": 0, "node": "SA-N52"}, "package_id": "PKG41066", "payload": {"status": "DELIVERED"}, "sent_ts": 1758741067560, "arrival_ts": 1758741067674}
{"action": "send", "src": "EU-N155", "dst": "AU-N168", "hlc": {"phys": 1758741372267, "cnt": 0, "node": "EU-N155"}, "package_id": "PKG41365", "payload": {"status": "CREATED"}, "sent_ts": 1758741365717, "arrival_ts": 1758741365717}
{"action": "send", "src": "EU-N155", "dst": "AU-N168", "hlc": {"phys": 1758741372560, "cnt": 0, "node": "EU-N155"}, "package_id": "PKG41365", "payload": {"status": "SENT"}, "sent_ts": 1758741366010, "arrival_ts": 1758741366010}
{"action": "send", "src": "EU-N155", "dst": "AU-N168", "hlc": {"phys": 1758741372809, "cnt": 0, "node": "EU-N155"}, "package_id": "PKG41365", "payload": {"status": "IN_TRANSIT"}, "sent_ts": 1758741366259, "arrival_ts": 1758741366259}
{"action": "send", "src": "EU-N155", "dst": "AU-N168", "hlc": {"phys": 1758741373168, "cnt": 0, "node": "EU-N155"}, "package_id": "PKG41365", "payload": {"status": "RECEIVED"}, "sent_ts": 1758741366618, "arrival_ts": 1758741366618}
{"action": "send", "src": "EU-N155", "dst": "AU-N168", "hlc": {"phys": 1758741373446, "cnt": 0, "node": "EU-N155"}, "package_id": "PKG41365", "payload": {"status": "DELIVERED"}, "sent_ts": 1758741366896, "arrival_ts": 1758741366896}
{"action": "recv", "src": "AS-N14", "dst": "EU-N155", "hlc": {"phys": 1758741993152, "cnt": 0, "node": "AS-N14"}, "package_id": "PKG41983", "payload": {"status": "CREATED"}, "sent_ts": 1758741983012, "arrival_ts": 1758741983210}
{"action": "recv", "src": "AS-N14", "dst": "EU-N155", "hlc": {"phys": 1758741993555, "cnt": 0, "node": "AS-N14"}, "package_id": "PKG41983", "payload": {"status": "SENT"}, "sent_ts": 1758741983415, "arrival_ts": 1758741983616}
{"action": "recv", "src": "AS-N14", "dst": "EU-N155", "hlc": {"phys": 1758741993972, "cnt": 0, "node": "AS-N14"}, "package_id": "PKG41983", "payload": {"status": "IN_TRANSIT"}, "sent_ts": 1758741983832, "arrival_ts": 1758741983908}
{"action": "recv", "src": "AS-N14", "dst": "EU-N155", "hlc": {"phys": 1758741994251, "cnt": 0, "node": "AS-N14"}, "package_id": "PKG41983", "payload": {"status": "RECEIVED"}, "sent_ts": 1758741984111, "arrival_ts": 1758741984223}
{"action": "recv", "src": "AS-N14", "dst": "EU-N155", "hlc": {"phys": 1758741994562, "cnt": 0, "node": "AS-N14"}, "package_id": "PKG41983", "payload": {"status": "DELIVERED"}, "sent_ts": 1758741984422, "arrival_ts": 1758741984512}
{"action": "send", "src": "EU-N155", "dst": "NA-N79", "hlc": {"phys": 1758742504563, "cnt": 0, "node": "EU-N155"}, "package_id": "PKG42498", "payload": {"status": "CREATED"}, "sent_ts": 1758742498013, "arrival_ts": 1758742498013}
{"action": "send", "src": "EU-N155", "dst": "NA-N79", "hlc": {"phys": 1758742504812, "cnt": 0, "node": "EU-N155"}, "package_id": "PKG42498", "payload": {"status": "SENT"}, "sent_ts": 1758742498262, "arrival_ts": 1758742498262}
{"action": "send", "src": "EU-N155", "dst": "NA-N79", "hlc": {"phys": 1758742505139, "cnt": 0, "node": "EU-N155"}, "package_id": "PKG42498", "payload": {"status": "IN_TRANSIT"}, "sent_ts": 1758742498589, "arrival_ts": 1758742498589}
{"action": "send", "src": "EU-N155", "dst": "NA-N79", "hlc": {"phys": 1758742505447, "cnt": 0, "node": "EU-N155"}, "package_id": "PKG42498", "payload": {"status": "RECEIVED"}, "sent_ts": 1758742498897, "arrival_ts": 1758742498897}
{"action": "send", "src": "EU-N155", "dst": "NA-N79", "hlc": {"phys": 1758742505837, "cnt": 0, "node": "EU-N155"}, "package_id": "PKG42498", "payload": {"status": "DELIVERED"}, "sent_ts": 1758742499287, "arrival_ts": 1758742499287}
{"action": "send", "src": "EU-N155", "dst": "AF-N195", "hlc": {"phys": 1758744623946, "cnt": 0, "node": "EU-N155"}, "package_id": "PKG44617", "payload": {"status": "CREATED"}, "sent_ts": 1758744617396, "arrival_ts": 1758744617396}
{"action": "send", "src": "EU-N155", "dst": "AF-N195", "hlc": {"phys": 1758744624242, "cnt": 0, "node": "EU-N155"}, "package_id": "PKG44617", "payload": {"status": "SENT"}, "sent_ts": 1758744617692, "arrival_ts": 1758744617692}
{"action": "send", "src": "EU-N155", "dst": "AF-N195", "hlc": {"phys": 1758744624596, "cnt": 0, "node": "EU-N155"}, "package_id": "PKG44617", "payload": {"status": "IN_TRANSIT"}, "sent_ts": 1758744618046, "arrival_ts": 1758744618046}
{"action": "send", "src": "EU-N155", "dst": "AF-N195", "hlc": {"phys": 1758744624873, "cnt": 0, "node": "EU-N155"}, "package_id": "PKG44617", "payload": {"status": "RECEIVED"}, "sent_ts": 1758744618323, "arrival_ts": 1758744618323}
{"action": "send", "src": "EU-N155", "dst": "AF-N195", "hlc": {"phys": 1758744625231, "cnt": 0, "node": "EU-N155"}, "package_id": "PKG44617", "payload": {"status": "DELIVERED"}, "sent_ts": 1758744618681, "arrival_ts": 1758744618681}
{"action": "send", "src": "EU-N155", "dst": "AN-N190", "hlc": {"phys": 1758745936169, "cnt": 0, "node": "EU-N155"}, "package_id": "PKG45929", "payload": {"status": "CREATED"}, "sent_ts": 1758745929619, "arrival_ts": 1758745929619}
{"action": "send", "src": "EU-N155", "dst": "AN-N190", "hlc": {"phys": 1758745936550, "cnt": 0, "node": "EU-N155"}, "package_id": "PKG45929", "payload": {"status": "SENT"}, "sent_ts": 1758745930000, "arrival_ts": 1758745930000}
{"action": "send", "src": "EU-N155", "dst": "AN-N190", "hlc": {"phys": 1758745936923, "cnt": 0, "node": "EU-N155"}, "package_id": "PKG45929", "payload": {"status": "IN_TRANSIT"}, "sent_ts": 1758745930373, "arrival_ts": 1758745930373}
{"action": "send", "src": "EU-N155", "dst": "AN-N190", "hlc": {"phys": 1758745937223, "cnt": 0, "node": "EU-N155"}, "package_id": "PKG45929", "payload": {"status": "RECEIVED"}, "sent_ts": 1758745930673, "arrival_ts": 1758745930673}
{"action": "send", "src": "EU-N155", "dst": "AN-N190", "hlc": {"phys": 1758745937470, "cnt": 0, "node": "EU-N155"}, "package_id": "PKG45929", "payload": {"status": "DELIVERED"}, "sent_ts": 1758745930920, "arrival_ts": 1758745930920}
{"action": "recv", "src": "AS-N42", "dst": "EU-N155", "hlc": {"phys": 1758748850450, "cnt": 0, "node": "AS-N42"}, "package_id": "PKG48840", "payload": {"status": "CREATED"}, "sent_ts": 1758748840030, "arrival_ts": 1758748840066}
{"action": "recv", "src": "AS-N42", "dst": "EU-N155", "hlc": {"phys": 1758748850683, "cnt": 0, "node": "AS-N42"}, "package_id": "PKG48840", "payload": {"status": "SENT"}, "sent_ts": 1758748840263, "arrival_ts": 1758748840398}
{"action": "recv", "src": "AS-N42", "dst": "EU-N155", "hlc": {"phys": 1758748851026, "cnt": 0, "node": "AS-N42"}, "package_id": "PKG48840", "payload": {"status": "IN_TRANSIT"}, "sent_ts": 1758748840606, "arrival_ts": 1758748840632}
{"action": "recv", "src": "AS-N42", "dst": "EU-N155", "hlc": {"phys": 1758748851259, "cnt": 0, "node": "AS-N42"}, "package_id": "PKG48840", "payload": {"status": "RECEIVED"}, "sent_ts": 1758748840839, "arrival_ts": 1758748840980}
{"action": "recv", "src": "AS-N42", "dst": "EU-N155", "hlc": {"phys": 1758748851597, "cnt": 0, "node": "AS-N42"}, "package_id": "PKG48840", "payload": {"status": "DELIVERED"}, "sent_ts": 1758748841177, "arrival_ts": 1758748841234}
{"action": "send", "src": "EU-N155", "dst": "AF-N32", "hlc": {"phys": 1758748933505, "cnt": 0, "node": "EU-N155"}, "package_id": "PKG48926", "payload": {"status": "CREATED"}, "sent_ts": 1758748926955, "arrival_ts": 1758748926955}
{"action": "send", "src": "EU-N155", "dst": "AF-N32", "hlc": {"phys": 1758748933726, "cnt": 0, "node": "EU-N155"}, "package_id": "PKG48926", "payload": {"status": "SENT"}, "sent_ts": 1758748927176, "arrival_ts": 1758748927176}
{"action": "send", "src": "EU-N155", "dst": "AF-N32", "hlc": {"phys": 1758748934042, "cnt": 0, "node": "EU-N155"}, "package_id": "PKG48926", "payload": {"status": "IN_TRANSIT"}, "sent_ts": 1758748927492, "arrival_ts": 1758748927492}
{"action": "send", "src": "EU-N155", "dst": "AF-N32", "hlc": {"phys": 1758748934406, "cnt": 0, "node": "EU-N155"}, "package_id": "PKG48926", "payload": {"status": "RECEIVED"}, "sent_ts": 1758748927856, "arrival_ts": 1758748927856}
{"action": "send", "src": "EU-N155", "dst": "AF-N32", "hlc": {"phys": 1758748934787, "cnt": 0, "node": "EU-N155"}, "package_id": "PKG48926", "payload": {"status": "DELIVERED"}, "sent_ts": 1758748928237, "arrival_ts": 1758748928237}
{"action": "recv", "src": "SA-N146", "dst": "EU-N155", "hlc": {"phys": 1758751417031, "cnt": 0, "node": "SA-N146"}, "package_id": "PKG51395", "payload": {"status": "CREATED"}, "sent_ts": 1758751395571, "arrival_ts": 1758751395688}
{"action": "recv", "src": "SA-N146", "dst": "EU-N155", "hlc": {"phys": 1758751417360, "cnt": 0, "node": "SA-N146"}, "package_id": "PKG51395", "payload": {"status": "SENT"}, "sent_ts": 1758751395900, "arrival_ts": 1758751396022}
{"action": "recv", "src": "SA-N146", "dst": "EU-N155", "hlc": {"phys": 1758751417703, "cnt": 0, "node": "SA-N146"}, "package_id": "PKG51395", "payload": {"status": "IN_TRANSIT"}, "sent_ts": 1758751396243, "arrival_ts": 1758751396355}
{"action": "recv", "src": "SA-N146", "dst": "EU-N155", "hlc": {"phys": 1758751418021, "cnt": 0, "node": "SA-N146"}, "package_id": "PKG51395", "payload": {"status": "RECEIVED"}, "sent_ts": 1758751396561, "arrival_ts": 1758751396750}
{"action": "recv", "src": "SA-N146", "dst": "EU-N155", "hlc": {"phys": 1758751418414, "cnt": 0, "node": "SA-N146"}, "package_id": "PKG51395", "payload": {"status": "DELIVERED"}, "sent_ts": 1758751396954, "arrival_ts": 1758751397060}
{"action": "send", "src": "EU-N155", "dst": "AN-N54", "hlc": {"phys": 1758751619076, "cnt": 0, "node": "EU-N155"}, "package_id": "PKG51612", "payload": {"status": "CREATED"}, "sent_ts": 1758751612526, "arrival_ts": 1758751612526}
{"action": "send", "src": "EU-N155", "dst": "AN-N54", "hlc": {"phys": 1758751619318, "cnt": 0, "node": "EU-N155"}, "package_id": "PKG51612", "payload": {"status": "SENT"}, "sent_ts": 1758751612768, "arrival_ts": 1758751612768}
{"action": "send", "src": "EU-N155", "dst": "AN-N54", "hlc": {"phys": 1758751619649, "cnt": 0, "node": "EU-N155"}, "package_id": "PKG51612", "payload": {"status": "IN_TRANSIT"}, "sent_ts": 1758751613099, "arrival_ts": 1758751613099}
{"action": "send", "src": "EU-N155", "dst": "AN-N54", "hlc": {"phys": 1758751619905, "cnt": 0, "node": "EU-N155"}, "package_id": "PKG51612", "payload": {"status": "RECEIVED"}, "sent_ts": 1758751613355, "arrival_ts": 1758751613355}
{"action": "send", "src": "EU-N155", "dst": "AN-N54", "hlc": {"phys": 1758751620141, "cnt": 0, "node": "EU-N155"}, "package_id": "PKG51612", "payload": {"status": "DELIVERED"}, "sent_ts": 1758751613591, "arrival_ts": 1758751613591}
{"action": "send", "src": "EU-N155", "dst": "NA-N57", "hlc": {"phys": 1758753099389, "cnt": 0, "node": "EU-N155"}, "package_id": "PKG53092", "payload": {"status": "CREATED"}, "sent_ts": 1758753092839, "arrival_ts": 1758753092839}
{"action": "send", "src": "EU-N155", "dst": "NA-N57", "hlc": {"phys": 1758753099667, "cnt": 0, "node": "EU-N155"}, "package_id": "PKG53092", "payload": {"status": "SENT"}, "sent_ts": 1758753093117, "arrival_ts": 1758753093117}
{"action": "send", "src": "EU-N155", "dst": "NA-N57", "hlc": {"phys": 1758753100002, "cnt": 0, "node": "EU-N155"}, "package_id": "PKG53092", "payload": {"status": "IN_TRANSIT"}, "sent_ts": 1758753093452, "arrival_ts": 1758753093452}
{"action": "send", "src": "EU-N155", "dst": "NA-N57", "hlc": {"phys": 1758753100322, "cnt": 0, "node": "EU-N155"}, "package_id": "PKG53092", "payload": {"status": "RECEIVED"}, "sent_ts": 1758753093772, "arrival_ts": 1758753093772}
{"action": "send", "src": "EU-N155", "dst": "NA-N57", "hlc": {"phys": 1758753100619, "cnt": 0, "node": "EU-N155"}, "package_id": "PKG53092", "payload": {"status": "DELIVERED"}, "sent_ts": 1758753094069, "arrival_ts": 1758753094069}
{"action": "send", "src": "EU-N155", "dst": "AS-N116", "hlc": {"phys": 1758755224895, "cnt": 0, "node": "EU-N155"}, "package_id": "PKG55218", "payload": {"status": "CREATED"}, "sent_ts": 1758755218345, "arrival_ts": 1758755218345}
{"action": "send", "src": "EU-N155", "dst": "AS-N116", "hlc": {"phys": 1758755225209, "cnt": 0, "node": "EU-N155"}, "package_id": "PKG55218", "payload": {"status": "SENT"}, "sent_ts": 1758755218659, "arrival_ts": 1758755218659}
{"action": "send", "src": "EU-N155", "dst": "AS-N116", "hlc": {"phys": 1758755225539, "cnt": 0, "node": "EU-N155"}, "package_id": "PKG55218", "payload": {"status": "IN_TRANSIT"}, "sent_ts": 1758755218989, "arrival_ts": 1758755218989}
{"action": "send", "src": "EU-N155", "dst": "AS-N116", "hlc": {"phys": 1758755225901, "cnt": 0, "node": "EU-N155"}, "package_id": "PKG55218", "payload": {"status": "RECEIVED"}, "sent_ts": 1758755219351, "arrival_ts": 1758755219351}
{"action": "send", "src": "EU-N155", "dst": "AS-N116", "hlc": {"phys": 1758755226199, "cnt": 0, "node": "EU-N155"}, "package_id": "PKG55218", "payload": {"status": "DELIVERED"}, "sent_ts": 1758755219649, "arrival_ts": 1758755219649}
{"action": "send", "src": "EU-N155", "dst": "SA-N137", "hlc": {"phys": 1758755478878, "cnt": 0, "node": "EU-N155"}, "package_id": "PKG55472", "payload": {"status": "CREATED"}, "sent_ts": 1758755472328, "arrival_ts": 1758755472328}
{"action": "send", "src": "EU-N155", "dst": "SA-N137", "hlc": {"phys": 1758755479239, "cnt": 0, "node": "EU-N155"}, "package_id": "PKG55472", "payload": {"status": "SENT"}, "sent_ts": 1758755472689, "arrival_ts": 1758755472689}
{"action": "send", "src": "EU-N155", "dst": "SA-N137", "hlc": {"phys": 1758755479569, "cnt": 0, "node": "EU-N155"}, "package_id": "PKG55472", "payload": {"status": "IN_TRANSIT"}, "sent_ts": 1758755473019, "arrival_ts": 1758755473019}
{"action": "send", "src": "EU-N155", "dst": "SA-N137", "hlc": {"phys": 1758755479922, "cnt": 0, "node": "EU-N155"}, "package_id": "PKG55472", "payload": {"status": "RECEIVED"}, "sent_ts": 1758755473372, "arrival_ts": 1758755473372}
{"action": "send", "src": "EU-N155", "dst": "SA-N137", "hlc": {"phys": 1758755480239, "cnt": 0, "node": "EU-N155"}, "package_id": "PKG55472", "payload": {"status": "DELIVERED"}, "sent_ts": 1758755473689, "arrival_ts": 1758755473689}
{"action": "recv", "src": "AS-N62", "dst": "EU-N155", "hlc": {"phys": 1758761472898, "cnt": 0, "node": "AS-N62"}, "package_id": "PKG61462", "payload": {"status": "CREATED"}, "sent_ts": 1758761462278, "arrival_ts": 1758761462350}
{"action": "recv", "src": "AS-N62", "dst": "EU-N155", "hlc": {"phys": 1758761473190, "cnt": 0, "node": "AS-N62"}, "package_id": "PKG61462", "payload": {"status": "SENT"}, "sent_ts": 1758761462570, "arrival_ts": 1758761462680}
{"action": "recv", "src": "AS-N62", "dst": "EU-N155", "hlc": {"phys": 1758761473511, "cnt": 0, "node": "AS-N62"}, "package_id": "PKG61462", "payload": {"status": "IN_TRANSIT"}, "sent_ts": 1758761462891, "arrival_ts": 1758761462909}
{"action": "recv", "src": "AS-N62", "dst": "EU-N155", "hlc": {"phys": 1758761473738, "cnt": 0, "node": "AS-N62"}, "package_id": "PKG61462", "payload": {"status": "RECEIVED"}, "sent_ts": 1758761463118, "arrival_ts": 1758761463197}
{"action": "recv", "src": "AS-N62", "dst": "EU-N155", "hlc": {"phys": 1758761474016, "cnt": 0, "node": "AS-N62"}, "package_id": "PKG61462", "payload": {"status": "DELIVERED"}, "sent_ts": 1758761463396, "arrival_ts": 1758761463575}
{"action": "send", "src": "EU-N155", "dst": "AF-N157", "hlc": {"phys": 1758761584701, "cnt": 0, "node": "EU-N155"}, "package_id": "PKG61578", "payload": {"status": "CREATED"}, "sent_ts": 1758761578151, "arrival_ts": 1758761578151}
{"action": "send", "src": "EU-N155", "dst": "AF-N157", "hlc": {"phys": 1758761585088, "cnt": 0, "node": "EU-N155"}, "package_id": "PKG61578", "payload": {"status": "SENT"}, "sent_ts": 1758761578538, "arrival_ts": 1758761578538}
{"action": "send", "src": "EU-N155", "dst": "AF-N157", "hlc": {"phys": 1758761585362, "cnt": 0, "node": "EU-N155"}, "package_id": "PKG61578", "payload": {"status": "IN_TRANSIT"}, "sent_ts": 1758761578812, "arrival_ts": 1758761578812}
{"action": "send", "src": "EU-N155", "dst": "AF-N157", "hlc": {"phys": 1758761585686, "cnt": 0, "node": "EU-N155"}, "package_id": "PKG61578", "payload": {"status": "RECEIVED"}, "sent_ts": 1758761579136, "arrival_ts": 1758761579136}
{"action": "send", "src": "EU-N155", "dst": "AF-N157", "hlc": {"phys": 1758761585918, "cnt": 0, "node": "EU-N155"}, "package_id": "PKG61578", "payload": {"status": "DELIVERED"}, "sent_ts": 1758761579368, "arrival_ts": 1758761579368}
{"action": "send", "src": "EU-N155", "dst": "AN-N80", "hlc": {"phys": 1758763219314, "cnt": 0, "node": "EU-N155"}, "package_id": "PKG63212", "payload": {"status": "CREATED"}, "sent_ts": 1758763212764, "arrival_ts": 1758763212764}
{"action": "send", "src": "EU-N155", "dst": "AN-N80", "hlc": {"phys": 1758763219712, "cnt": 0, "node": "EU-N155"}, "package_id": "PKG63212", "payload": {"status": "SENT"}, "sent_ts": 1758763213162, "arrival_ts": 1758763213162}
{"action": "send", "src": "EU-N155", "dst": "AN-N80", "hlc": {"phys": 1758763219985, "cnt": 0, "node": "EU-N155"}, "package_id": "PKG63212", "payload": {"status": "IN_TRANSIT"}, "sent_ts": 1758763213435, "arrival_ts": 1758763213435}
{"action": "send", "src": "EU-N155", "dst": "AN-N80", "hlc": {"phys": 1758763220263, "cnt": 0, "node": "EU-N155"}, "package_id": "PKG63212", "payload": {"status": "RECEIVED"}, "sent_ts": 1758763213713, "arrival_ts": 1758763213713}
{"action": "send", "src": "EU-N155", "dst": "AN-N80", "hlc": {"phys": 1758763220540, "cnt": 0, "node": "EU-N155"}, "package_id": "PKG63212", "payload": {"status": "DELIVERED"}, "sent_ts": 1758763213990, "arrival_ts": 1758763213990}
{"action": "send", "src": "EU-N155", "dst": "NA-N67", "hlc": {"phys": 1758805253989, "cnt": 0, "node": "EU-N155"}, "package_id": "PKG5247", "payload": {"status": "CREATED"}, "sent_ts": 1758805247439, "arrival_ts": 1758805247439}
{"action": "send", "src": "EU-N155", "dst": "NA-N67", "hlc": {"phys": 1758805254252, "cnt": 0, "node": "EU-N155"}, "package_id": "PKG5247", "payload": {"status": "SENT"}, "sent_ts": 1758805247702, "arrival_ts": 1758805247702}
{"action": "send", "src": "EU-N155", "dst": "NA-N67", "hlc": {"phys": 1758805254562, "cnt": 0, "node": "EU-N155"}, "package_id": "PKG5247", "payload": {"status": "IN_TRANSIT"}, "sent_ts": 1758805248012, "arrival_ts": 1758805248012}
{"action": "send", "src": "EU-N155", "dst": "NA-N67", "hlc": {"phys": 1758805254914, "cnt": 0, "node": "EU-N155"}, "package_id": "PKG5247", "payload": {"status": "RECEIVED"}, "sent_ts": 1758805248364, "arrival_ts": 1758805248364}
{"action": "send", "src": "EU-N155", "dst": "NA-N67", "hlc": {"phys": 1758805255192, "cnt": 0, "node": "EU-N155"}, "package_id": "PKG5247", "payload": {"status": "DELIVERED"}, "sent_ts": 1758805248642, "arrival_ts": 1758805248642}
{"action": "recv", "src": "AS-N198", "dst": "EU-N155", "hlc": {"phys": 1758805425996, "cnt": 0, "node": "AS-N198"}, "package_id": "PKG5414", "payload": {"status": "CREATED"}, "sent_ts": 1758805414016, "arrival_ts": 1758805414161}
{"action": "recv", "src": "AS-N198", "dst": "EU-N155", "hlc": {"phys": 1758805426347, "cnt": 0, "node": "AS-N198"}, "package_id": "PKG5414", "payload": {"status": "SENT"}, "sent_ts": 1758805414367, "arrival_ts": 1758805414458}
{"action": "recv", "src": "AS-N198", "dst": "EU-N155", "hlc": {"phys": 1758805426642, "cnt": 0, "node": "AS-N198"}, "package_id": "PKG5414", "payload": {"status": "IN_TRANSIT"}, "sent_ts": 1758805414662, "arrival_ts": 1758805414707}
{"action": "recv", "src": "AS-N198", "dst": "EU-N155", "hlc": {"phys": 1758805426900, "cnt": 0, "node": "AS-N198"}, "package_id": "PKG5414", "payload": {"status": "RECEIVED"}, "sent_ts": 1758805414920, "arrival_ts": 1758805415008}
{"action": "recv", "src": "AS-N198", "dst": "EU-N155", "hlc": {"phys": 1758805427194, "cnt": 0, "node": "AS-N198"}, "package_id": "PKG5414", "payload": {"status": "DELIVERED"}, "sent_ts": 1758805415214, "arrival_ts": 1758805415240}
{"action": "send", "src": "EU-N155", "dst": "EU-N84", "hlc": {"phys": 1758812123259, "cnt": 0, "node": "EU-N155"}, "package_id": "PKG12116", "payload": {"status": "CREATED"}, "sent_ts": 1758812116709, "arrival_ts": 1758812116709}
{"action": "send", "src": "EU-N155", "dst": "EU-N84", "hlc": {"phys": 1758812123506, "cnt": 0, "node": "EU-N155"}, "package_id": "PKG12116", "payload": {"status": "SENT"}, "sent_ts": 1758812116956, "arrival_ts": 1758812116956}
{"action": "send", "src": "EU-N155", "dst": "EU-N84", "hlc": {"phys": 1758812123769, "cnt": 0, "node": "EU-N155"}, "package_id": "PKG12116", "payload": {"status": "IN_TRANSIT"}, "sent_ts": 1758812117219, "arrival_ts": 1758812117219}
{"action": "send", "src": "EU-N155", "dst": "EU-N84", "hlc": {"phys": 1758812124032, "cnt": 0, "node": "EU-N155"}, "package_id": "PKG12116", "payload": {"status": "RECEIVED"}, "sent_ts": 1758812117482, "arrival_ts": 1758812117482}
{"action": "send", "src": "EU-N155", "dst": "EU-N84", "hlc": {"phys": 1758812124345, "cnt": 0, "node": "EU-N155"}, "package_id": "PKG12116", "payload": {"status": "DELIVERED"}, "sent_ts": 1758812117795, "arrival_ts": 1758812117795}
{"action": "send", "src": "EU-N155", "dst": "AF-N33", "hlc": {"phys": 1758813264917, "cnt": 0, "node": "EU-N155"}, "package_id": "PKG13258", "payload": {"status": "CREATED"}, "sent_ts": 1758813258367, "arrival_ts": 1758813258367}
{"action": "send", "src": "EU-N155", "dst": "AF-N33", "hlc": {"phys": 1758813265215, "cnt": 0, "node": "EU-N155"}, "package_id": "PKG13258", "payload": {"status": "SENT"}, "sent_ts": 1758813258665, "arrival_ts": 1758813258665}
{"action": "send", "src": "EU-N155", "dst": "AF-N33", "hlc": {"phys": 1758813265573, "cnt": 0, "node": "EU-N155"}, "package_id": "PKG13258", "payload": {"status": "IN_TRANSIT"}, "sent_ts": 1758813259023, "arrival_ts": 1758813259023}
{"action": "send", "src": "EU-N155", "dst": "AF-N33", "hlc": {"phys": 1758813265915, "cnt": 0, "node": "EU-N155"}, "package_id": "PKG13258", "payload": {"status": "RECEIVED"}, "sent_ts": 1758813259365, "arrival_ts": 1758813259365}
{"action": "send", "src": "EU-N155", "dst": "AF-N33", "hlc": {"phys": 1758813266149, "cnt": 0, "node": "EU-N155"}, "package_id": "PKG13258", "payload": {"status": "DELIVERED"}, "sent_ts": 1758813259599, "arrival_ts": 1758813259599}
