{"action": "recv", "src": "AN-N67", "dst": "EU-N169", "hlc": {"phys": 1758718336997, "cnt": 0, "node": "AN-N67"}, "package_id": "PKG18306", "payload": {"status": "CREATED"}, "sent_ts": 1758718306327, "arrival_ts": 1758718306376}
{"action": "recv", "src": "AN-N67", "dst": "EU-N169", "hlc": {"phys": 1758718337250, "cnt": 0, "node": "AN-N67"}, "package_id": "PKG18306", "payload": {"status": "SENT"}, "sent_ts": 1758718306580, "arrival_ts": 1758718306739}
{"action": "recv", "src": "AN-N67", "dst": "EU-N169", "hlc": {"phys": 1758718337617, "cnt": 0, "node": "AN-N67"}, "package_id": "PKG18306", "payload": {"status": "IN_TRANSIT"}, "sent_ts": 1758718306947, "arrival_ts": 1758718307102}
{"action": "recv", "src": "AN-N67", "dst": "EU-N169", "hlc": {"phys": 1758718337968, "cnt": 0, "node": "AN-N67"}, "package_id": "PKG18306", "payload": {"status": "RECEIVED"}, "sent_ts": 1758718307298, "arrival_ts": 1758718307340}
{"action": "recv", "src": "AN-N67", "dst": "EU-N169", "hlc": {"phys": 1758718338206, "cnt": 0, "node": "AN-N67"}, "package_id": "PKG18306", "payload": {"status": "DELIVERED"}, "sent_ts": 1758718307536, "arrival_ts": 1758718307574}
{"action": "recv", "src": "AS-N145", "dst": "EU-N169", "hlc": {"phys": 1758718470959, "cnt": 0, "node": "AS-N145"}, "package_id": "PKG18459", "payload": {"status": "CREATED"}, "sent_ts": 1758718459509, "arrival_ts": 1758718459620}
{"action": "recv", "src": "AS-N145", "dst": "EU-N169", "hlc": {"phys": 1758718471280, "cnt": 0, "node": "AS-N145"}, "package_id": "PKG18459", "payload": {"status": "SENT"}, "sent_ts": 1758718459830, "arrival_ts": 1758718459923}
{"action": "recv", "src": "AS-N145", "dst": "EU-N169", "hlc": {"phys": 1758718471585, "cnt": 0, "node": "AS-N145"}, "package_id": "PKG18459", "payload": {"status": "IN_TRANSIT"}, "sent_ts": 1758718460135, "arrival_ts": 1758718460328}
{"action": "recv", "src": "AS-N145", "dst": "EU-N169", "hlc": {"phys": 1758718471999, "cnt": 0, "node": "AS-N145"}, "package_id": "PKG18459", "payload": {"status": "RECEIVED"}, "sent_ts": 1758718460549, "arrival_ts": 1758718460607}
{"action": "recv", "src": "AS-N145", "dst": "EU-N169", "hlc": {"phys": 1758718472265, "cnt": 0, "node": "AS-N145"}, "package_id": "PKG18459", "payload": {"status": "DELIVERED"}, "sent_ts": 1758718460815, "arrival_ts": 1758718460859}
{"action": "send", "src": "EU-N169", "dst": "NA-N11", "hlc": {"phys": 1758743839560, "cnt": 0, "node": "EU-N169"}, "package_id": "PKG43832", "payload": {"status": "CREATED"}, "sent_ts": 1758743832870, "arrival_ts": 1758743832870}
{"action": "send", "src": "EU-N169", "dst": "NA-N11", "hlc": {"phys": 1758743839824, "cnt": 0, "node": "EU-N169"}, "package_id": "PKG43832", "payload": {"status": "SENT"}, "sent_ts": 1758743833134, "arrival_ts": 1758743833134}
{"action": "send", "src": "EU-N169", "dst": "NA-N11", "hlc": {"phys": 1758743840090, "cnt": 0, "node": "EU-N169"}, "package_id": "PKG43832", "payload": {"status": "IN_TRANSIT"}, "sent_ts": 1758743833400, "arrival_ts": 1758743833400}
{"action": "send", "src": "EU-N169", "dst": "NA-N11", "hlc": {"phys": 1758743840415, "cnt": 0, "node": "EU-N169"}, "package_id": "PKG43832", "payload": {"status": "RECEIVED"}, "sent_ts": 1758743833725, "arrival_ts": 1758743833725}
{"action": "send", "src": "EU-N169", "dst": "NA-N11", "hlc": {"phys": 1758743840739, "cnt": 0, "node": "EU-N169"}, "package_id": "PKG43832", "payload": {"status": "DELIVERED"}, "sent_ts": 1758743834049, "arrival_ts": 1758743834049}
{"action": "recv", "src": "AU-N155", "dst": "EU-N169", "hlc": {"phys": 1758744832491, "cnt": 0, "node": "AU-N155"}, "package_id": "PKG44805", "payload": {"status": "CREATED"}, "sent_ts": 1758744805941, "arrival_ts": 1758744806122}
{"action": "recv", "src": "AU-N155", "dst": "EU-N169", "hlc": {"phys": 1758744832864, "cnt": 0, "node": "AU-N155"}, "package_id": "PKG44805", "payload": {"status": "SENT"}, "sent_ts": 1758744806314, "arrival_ts": 1758744806419}
{"action": "recv", "src": "AU-N155", "dst": "EU-N169", "hlc": {"phys": 1758744833159, "cnt": 0, "node": "AU-N155"}, "package_id": "PKG44805", "payload": {"status": "IN_TRANSIT"}, "sent_ts": 1758744806609, "arrival_ts": 1758744806729}
{"action": "recv", "src": "AU-N155", "dst": "EU-N169", "hlc": {"phys": 1758744833482, "cnt": 0, "node": "AU-N155"}, "package_id": "PKG44805", "payload": {"status": "RECEIVED"}, "sent_ts": 1758744806932, "arrival_ts": 1758744807088}
{"action": "recv", "src": "AU-N155", "dst": "EU-N169", "hlc": {"phys": 1758744833837, "cnt": 0, "node": "AU-N155"}, "package_id": "PKG44805", "payload": {"status": "DELIVERED"}, "sent_ts": 1758744807287, "arrival_ts": 1758744807429}
{"action": "recv", "src": "AS-N115", "dst": "EU-N169", "hlc": {"phys": 1758745323995, "cnt": 0, "node": "AS-N115"}, "package_id": "PKG45312", "payload": {"status": "CREATED"}, "sent_ts": 1758745312845, "arrival_ts": 1758745313042}
{"action": "recv", "src": "AS-N115", "dst": "EU-N169", "hlc": {"phys": 1758745324397, "cnt": 0, "node": "AS-N115"}, "package_id": "PKG45312", "payload": {"status": "SENT"}, "sent_ts": 1758745313247, "arrival_ts": 1758745313449}
{"action": "recv", "src": "AS-N115", "dst": "EU-N169", "hlc": {"phys": 1758745324802, "cnt": 0, "node": "AS-N115"}, "package_id": "PKG45312", "payload": {"status": "IN_TRANSIT"}, "sent_ts": 1758745313652, "arrival_ts": 1758745313731}
{"action": "recv", "src": "AS-N115", "dst": "EU-N169", "hlc": {"phys": 1758745325099, "cnt": 0, "node": "AS-N115"}, "package_id": "PKG45312", "payload": {"status": "RECEIVED"}, "sent_ts": 1758745313949, "arrival_ts": 1758745314129}
{"action": "recv", "src": "AS-N115", "dst": "EU-N169", "hlc": {"phys": 1758745325478, "cnt": 0, "node": "AS-N115"}, "package_id": "PKG45312", "payload": {"status": "DELIVERED"}, "sent_ts": 1758745314328, "arrival_ts": 1758745314472}
{"action": "send", "src": "EU-N169", "dst": "SA-N5", "hlc": {"phys": 1758746697901, "cnt": 0, "node": "EU-N169"}, "package_id": "PKG46691", "payload": {"status": "CREATED"}, "sent_ts": 1758746691211, "arrival_ts": 1758746691211}
{"action": "send", "src": "EU-N169", "dst": "SA-N5", "hlc": {"phys": 1758746698228, "cnt": 0, "node": "EU-N169"}, "package_id": "PKG46691", "payload": {"status": "SENT"}, "sent_ts": 1758746691538, "arrival_ts": 1758746691538}
{"action": "send", "src": "EU-N169", "dst": "SA-N5", "hlc": {"phys": 1758746698688, "cnt": 0, "node": "EU-N169"}, "package_id": "PKG46691", "payload": {"status": "IN_TRANSIT"}, "sent_ts": 1758746691998, "arrival_ts": 1758746691998}
{"action": "send", "src": "EU-N169", "dst": "SA-N5", "hlc": {"phys": 1758746698910, "cnt": 0, "node": "EU-N169"}, "package_id": "PKG46691", "payload": {"status": "RECEIVED"}, "sent_ts": 1758746692220, "arrival_ts": 1758746692220}
{"action": "send", "src": "EU-N169", "dst": "SA-N5", "hlc": {"phys": 1758746699128, "cnt": 0, "node": "EU-N169"}, "package_id": "PKG46691", "payload": {"status": "DELIVERED"}, "sent_ts": 1758746692438, "arrival_ts": 1758746692438}
{"action": "send", "src": "EU-N169", "dst": "EU-N71", "hlc": {"phys": 1758750249835, "cnt": 0, "node": "EU-N169"}, "package_id": "PKG50243", "payload": {"status": "CREATED"}, "sent_ts": 1758750243145, "arrival_ts": 1758750243145}
{"action": "send", "src": "EU-N169", "dst": "EU-N71", "hlc": {"phys": 1758750250067, "cnt": 0, "node": "EU-N169"}, "package_id": "PKG50243", "payload": {"status": "SENT"}, "sent_ts": 1758750243377, "arrival_ts": 1758750243377}
{"action": "send", "src": "EU-N169", "dst": "EU-N71", "hlc": {"phys": 1758750250424, "cnt": 0, "node": "EU-N169"}, "package_id": "PKG50243", "payload": {"status": "IN_TRANSIT"}, "sent_ts": 1758750243734, "arrival_ts": 1758750243734}
{"action": "send", "src": "EU-N169", "dst": "EU-N71", "hlc": {"phys": 1758750250764, "cnt": 0, "node": "EU-N169"}, "package_id": "PKG50243", "payload": {"status": "RECEIVED"}, "sent_ts": 1758750244074, "arrival_ts": 1758750244074}
{"action": "send", "src": "EU-N169", "dst": "EU-N71", "hlc": {"phys": 1758750251152, "cnt": 0, "node": "EU-N169"}, "package_id": "PKG50243", "payload": {"status": "DELIVERED"}, "sent_ts": 1758750244462, "arrival_ts": 1758750244462}
{"action": "send", "src": "EU-N169", "dst": "SA-N128", "hlc": {"phys": 1758750340207, "cnt": 0, "node": "EU-N169"}, "package_id": "PKG50333", "payload": {"status": "CREATED"}, "sent_ts": 1758750333516, "arrival_ts": 1758750333517}
{"action": "send", "src": "EU-N169", "dst": "SA-N128", "hlc": {"phys": 1758750340454, "cnt": 0, "node": "EU-N169"}, "package_id": "PKG50333", "payload": {"status": "SENT"}, "sent_ts": 1758750333764, "arrival_ts": 1758750333764}
{"action": "send", "src": "EU-N169", "dst": "SA-N128", "hlc": {"phys": 1758750340801, "cnt": 0, "node": "EU-N169"}, "package_id": "PKG50333", "payload": {"status": "IN_TRANSIT"}, "sent_ts": 1758750334111, "arrival_ts": 1758750334111}
{"action": "send", "src": "EU-N169", "dst": "SA-N128", "hlc": {"phys": 1758750341098, "cnt": 0, "node": "EU-N169"}, "package_id": "PKG50333", "payload": {"status": "RECEIVED"}, "sent_ts": 1758750334408, "arrival_ts": 1758750334408}
{"action": "send", "src": "EU-N169", "dst": "SA-N128", "hlc": {"phys": 1758750341486, "cnt": 0, "node": "EU-N169"}, "package_id": "PKG50333", "payload": {"status": "DELIVERED"}, "sent_ts": 1758750334796, "arrival_ts": 1758750334796}
{"action": "send", "src": "EU-N169", "dst": "AF-N26", "hlc": {"phys": 1758754146883, "cnt": 0, "node": "EU-N169"}, "package_id": "PKG54140", "payload": {"status": "CREATED"}, "sent_ts": 1758754140193, "arrival_ts": 1758754140193}
{"action": "send", "src": "EU-N169", "dst": "AF-N26", "hlc": {"phys": 1758754147143, "cnt": 0, "node": "EU-N169"}, "package_id": "PKG54140", "payload": {"status": "SENT"}, "sent_ts": 1758754140453, "arrival_ts": 1758754140453}
{"action": "send", "src": "EU-N169", "dst": "AF-N26", "hlc": {"phys": 1758754147486, "cnt": 0, "node": "EU-N169"}, "package_id": "PKG54140", "payload": {"status": "IN_TRANSIT"}, "sent_ts": 1758754140796, "arrival_ts": 1758754140796}
{"action": "send", "src": "EU-N169", "dst": "AF-N26", "hlc": {"phys": 1758754147748, "cnt": 0, "node": "EU-N169"}, "package_id": "PKG54140", "payload": {"status": "RECEIVED"}, "sent_ts": 1758754141058, "arrival_ts": 1758754141058}
{"action": "send", "src": "EU-N169", "dst": "AF-N26", "hlc": {"phys": 1758754148054, "cnt": 0, "node": "EU-N169"}, "package_id": "PKG54140", "payload": {"status": "DELIVERED"}, "sent_ts": 1758754141364, "arrival_ts": 1758754141364}
{"action": "recv", "src": "AF-N140", "dst": "EU-N169", "hlc": {"phys": 1758755962092, "cnt": 0, "node": "AF-N140"}, "package_id": "PKG55945", "payload": {"status": "CREATED"}, "sent_ts": 1758755945692, "arrival_ts": 1758755945885}
{"action": "recv", "src": "AF-N140", "dst": "EU-N169", "hlc": {"phys": 1758755962480, "cnt": 0, "node": "AF-N140"}, "package_id": "PKG55945", "payload": {"status": "SENT"}, "sent_ts": 1758755946080, "arrival_ts": 1758755946149}
{"action": "recv", "src": "AF-N140", "dst": "EU-N169", "hlc": {"phys": 1758755962743, "cnt": 0, "node": "AF-N140"}, "package_id": "PKG55945", "payload": {"status": "IN_TRANSIT"}, "sent_ts": 1758755946343, "arrival_ts": 1758755946502}
{"action": "recv", "src": "AF-N140", "dst": "EU-N169", "hlc": {"phys": 1758755963117, "cnt": 0, "node": "AF-N140"}, "package_id": "PKG55945", "payload": {"status": "RECEIVED"}, "sent_ts": 1758755946717, "arrival_ts": 1758755946879}
{"action": "recv", "src": "AF-N140", "dst": "EU-N169", "hlc": {"phys": 1758755963489, "cnt": 0, "node": "AF-N140"}, "package_id": "PKG55945", "payload": {"status": "DELIVERED"}, "sent_ts": 1758755947089, "arrival_ts": 1758755947202}
{"action": "send", "src": "EU-N169", "dst": "SA-N17", "hlc": {"phys": 1758757311233, "cnt": 0, "node": "EU-N169"}, "package_id": "PKG57304", "payload": {"status": "CREATED"}, "sent_ts": 1758757304543, "arrival_ts": 1758757304543}
{"action": "send", "src": "EU-N169", "dst": "SA-N17", "hlc": {"phys": 1758757311549, "cnt": 0, "node": "EU-N169"}, "package_id": "PKG57304", "payload": {"status": "SENT"}, "sent_ts": 1758757304859, "arrival_ts": 1758757304859}
{"action": "send", "src": "EU-N169", "dst": "SA-N17", "hlc": {"phys": 1758757311824, "cnt": 0, "node": "EU-N169"}, "package_id": "PKG57304", "payload": {"status": "IN_TRANSIT"}, "sent_ts": 1758757305134, "arrival_ts": 1758757305134}
{"action": "send", "src": "EU-N169", "dst": "SA-N17", "hlc": {"phys": 1758757312039, "cnt": 0, "node": "EU-N169"}, "package_id": "PKG57304", "payload": {"status": "RECEIVED"}, "sent_ts": 1758757305349, "arrival_ts": 1758757305350}
{"action": "send", "src": "EU-N169", "dst": "SA-N17", "hlc": {"phys": 1758757312309, "cnt": 0, "node": "EU-N169"}, "package_id": "PKG57304", "payload": {"status": "DELIVERED"}, "sent_ts": 1758757305619, "arrival_ts": 1758757305619}
{"action": "send", "src": "EU-N169", "dst": "SA-N124", "hlc": {"phys": 1758763513631, "cnt": 0, "node": "EU-N169"}, "package_id": "PKG63506", "payload": {"status": "CREATED"}, "sent_ts": 1758763506941, "arrival_ts": 1758763506941}
{"action": "send", "src": "EU-N169", "dst": "SA-N124", "hlc": {"phys": 1758763514006, "cnt": 0, "node": "EU-N169"}, "package_id": "PKG63506", "payload": {"status": "SENT"}, "sent_ts": 1758763507316, "arrival_ts": 1758763507316}
{"action": "send", "src": "EU-N169", "dst": "SA-N124", "hlc": {"phys": 1758763514301, "cnt": 0, "node": "EU-N169"}, "package_id": "PKG63506", "payload": {"status": "IN_TRANSIT"}, "sent_ts": 1758763507611, "arrival_ts": 1758763507611}
{"action": "send", "src": "EU-N169", "dst": "SA-N124", "hlc": {"phys": 1758763514627, "cnt": 0, "node": "EU-N169"}, "package_id": "PKG63506", "payload": {"status": "RECEIVED"}, "sent_ts": 1758763507937, "arrival_ts": 1758763507937}
{"action": "send", "src": "EU-N169", "dst": "SA-N124", "hlc": {"phys": 1758763514986, "cnt": 0, "node": "EU-N169"}, "package_id": "PKG63506", "payload": {"status": "DELIVERED"}, "sent_ts": 1758763508296, "arrival_ts": 1758763508296}
{"action": "send", "src": "EU-N169", "dst": "EU-N88", "hlc": {"phys": 1758802787342, "cnt": 0, "node": "EU-N169"}, "package_id": "PKG2780", "payload": {"status": "CREATED"}, "sent_ts": 1758802780652, "arrival_ts": 1758802780652}
{"action": "send", "src": "EU-N169", "dst": "EU-N88", "hlc": {"phys": 1758802787633, "cnt": 0, "node": "EU-N169"}, "package_id": "PKG2780", "payload": {"status": "SENT"}, "sent_ts": 1758802780943, "arrival_ts": 1758802780943}
{"action": "send", "src": "EU-N169", "dst": "EU-N88", "hlc": {"phys": 1758802788036, "cnt": 0, "node": "EU-N169"}, "package_id": "PKG2780", "payload": {"status": "IN_TRANSIT"}, "sent_ts": 1758802781346, "arrival_ts": 1758802781346}
{"action": "send", "src": "EU-N169", "dst": "EU-N88", "hlc": {"phys": 1758802788409, "cnt": 0, "node": "EU-N169"}, "package_id": "PKG2780", "payload": {"status": "RECEIVED"}, "sent_ts": 1758802781719, "arrival_ts": 1758802781719}
{"action": "send", "src": "EU-N169", "dst": "EU-N88", "hlc": {"phys": 1758802788720, "cnt": 0, "node": "EU-N169"}, "package_id": "PKG2780", "payload": {"status": "DELIVERED"}, "sent_ts": 1758802782029, "arrival_ts": 1758802782030}
{"action": "send", "src": "EU-N169", "dst": "NA-N23", "hlc": {"phys": 1758802984679, "cnt": 0, "node": "EU-N169"}, "package_id": "PKG2977", "payload": {"status": "CREATED"}, "sent_ts": 1758802977989, "arrival_ts": 1758802977989}
{"action": "send", "src": "EU-N169", "dst": "NA-N23", "hlc": {"phys": 1758802985057, "cnt": 0, "node": "EU-N169"}, "package_id": "PKG2977", "payload": {"status": "SENT"}, "sent_ts": 1758802978367, "arrival_ts": 1758802978367}
{"action": "send", "src": "EU-N169", "dst": "NA-N23", "hlc": {"phys": 1758802985356, "cnt": 0, "node": "EU-N169"}, "package_id": "PKG2977", "payload": {"status": "IN_TRANSIT"}, "sent_ts": 1758802978666, "arrival_ts": 1758802978666}
{"action": "send", "src": "EU-N169", "dst": "NA-N23", "hlc": {"phys": 1758802985732, "cnt": 0, "node": "EU-N169"}, "package_id": "PKG2977", "payload": {"status": "RECEIVED"}, "sent_ts": 1758802979042, "arrival_ts": 1758802979042}
{"action": "send", "src": "EU-N169", "dst": "NA-N23", "hlc": {"phys": 1758802986042, "cnt": 0, "node": "EU-N169"}, "package_id": "PKG2977", "payload": {"status": "DELIVERED"}, "sent_ts": 1758802979352, "arrival_ts": 1758802979352}
{"action": "recv", "src": "EU-N100", "dst": "EU-N169", "hlc": {"phys": 1758803247869, "cnt": 0, "node": "EU-N100"}, "package_id": "PKG3241", "payload": {"status": "CREATED"}, "sent_ts": 1758803241869, "arrival_ts": 1758803242037}
{"action": "recv", "src": "EU-N100", "dst": "EU-N169", "hlc": {"phys": 1758803248242, "cnt": 0, "node": "EU-N100"}, "package_id": "PKG3241", "payload": {"status": "SENT"}, "sent_ts": 1758803242242, "arrival_ts": 1758803242357}
{"action": "recv", "src": "EU-N100", "dst": "EU-N169", "hlc": {"phys": 1758803248570, "cnt": 0, "node": "EU-N100"}, "package_id": "PKG3241", "payload": {"status": "IN_TRANSIT"}, "sent_ts": 1758803242570, "arrival_ts": 1758803242626}
{"action": "recv", "src": "EU-N100", "dst": "EU-N169", "hlc": {"phys": 1758803248834, "cnt": 0, "node": "EU-N100"}, "package_id": "PKG3241", "payload": {"status": "RECEIVED"}, "sent_ts": 1758803242834, "arrival_ts": 1758803242961}
{"action": "recv", "src": "EU-N100", "dst": "EU-N169", "hlc": {"phys": 1758803249157, "cnt": 0, "node": "EU-N100"}, "package_id": "PKG3241", "payload": {"status": "DELIVERED"}, "sent_ts": 1758803243157, "arrival_ts": 1758803243204}
{"action": "send", "src": "EU-N169", "dst": "AN-N132", "hlc": {"phys": 1758804723766, "cnt": 0, "node": "EU-N169"}, "package_id": "PKG4717", "payload": {"status": "CREATED"}, "sent_ts": 1758804717076, "arrival_ts": 1758804717076}
{"action": "send", "src": "EU-N169", "dst": "AN-N132", "hlc": {"phys": 1758804724140, "cnt": 0, "node": "EU-N169"}, "package_id": "PKG4717", "payload": {"status": "SENT"}, "sent_ts": 1758804717450, "arrival_ts": 1758804717450}
{"action": "send", "src": "EU-N169", "dst": "AN-N132", "hlc": {"phys": 1758804724500, "cnt": 0, "node": "EU-N169"}, "package_id": "PKG4717", "payload": {"status": "IN_TRANSIT"}, "sent_ts": 1758804717810, "arrival_ts": 1758804717810}
{"action": "send", "src": "EU-N169", "dst": "AN-N132", "hlc": {"phys": 1758804724840, "cnt": 0, "node": "EU-N169"}, "package_id": "PKG4717", "payload": {"status": "RECEIVED"}, "sent_ts": 1758804718150, "arrival_ts": 1758804718150}
{"action": "send", "src": "EU-N169", "dst": "AN-N132", "hlc": {"phys": 1758804725153, "cnt": 0, "node": "EU-N169"}, "package_id": "PKG4717", "payload": {"status": "DELIVERED"}, "sent_ts": 1758804718463, "arrival_ts": 1758804718463}
{"action": "recv", "src": "AN-N59", "dst": "EU-N169", "hlc": {"phys": 1758812639753, "cnt": 0, "node": "AN-N59"}, "package_id": "PKG12609", "payload": {"status": "CREATED"}, "sent_ts": 1758812609163, "arrival_ts": 1758812609289}
{"action": "recv", "src": "AN-N59", "dst": "EU-N169", "hlc": {"phys": 1758812640082, "cnt": 0, "node": "AN-N59"}, "package_id": "PKG12609", "payload": {"status": "SENT"}, "sent_ts": 1758812609492, "arrival_ts": 1758812609573}
{"action": "recv", "src": "AN-N59", "dst": "EU-N169", "hlc": {"phys": 1758812640363, "cnt": 0, "node": "AN-N59"}, "package_id": "PKG12609", "payload": {"status": "IN_TRANSIT"}, "sent_ts": 1758812609773, "arrival_ts": 1758812609913}
{"action": "recv", "src": "AN-N59", "dst": "EU-N169", "hlc": {"phys": 1758812640704, "cnt": 0, "node": "AN-N59"}, "package_id": "PKG12609", "payload": {"status": "RECEIVED"}, "sent_ts": 1758812610114, "arrival_ts": 1758812610187}
{"action": "recv", "src": "AN-N59", "dst": "EU-N169", "hlc": {"phys": 1758812640984, "cnt": 0, "node": "AN-N59"}, "package_id": "PKG12609", "payload": {"status": "DELIVERED"}, "sent_ts": 1758812610394, "arrival_ts": 1758812610533}
{"action": "recv", "src": "NA-N65", "dst": "EU-N169", "hlc": {"phys": 1758813282722, "cnt": 0, "node": "NA-N65"}, "package_id": "PKG13282", "payload": {"status": "CREATED"}, "sent_ts": 1758813282072, "arrival_ts": 1758813282204}
{"action": "recv", "src": "NA-N65", "dst": "EU-N169", "hlc": {"phys": 1758813283060, "cnt": 0, "node": "NA-N65"}, "package_id": "PKG13282", "payload": {"status": "SENT"}, "sent_ts": 1758813282410, "arrival_ts": 1758813282499}
{"action": "recv", "src": "NA-N65", "dst": "EU-N169", "hlc": {"phys": 1758813283355, "cnt": 0, "node": "NA-N65"}, "package_id": "PKG13282", "payload": {"status": "IN_TRANSIT"}, "sent_ts": 1758813282705, "arrival_ts": 1758813282762}
{"action": "recv", "src": "NA-N65", "dst": "EU-N169", "hlc": {"phys": 1758813283616, "cnt": 0, "node": "NA-N65"}, "package_id": "PKG13282", "payload": {"status": "RECEIVED"}, "sent_ts": 1758813282966, "arrival_ts": 1758813283162}
{"action": "recv", "src": "NA-N65", "dst": "EU-N169", "hlc": {"phys": 1758813284015, "cnt": 0, "node": "NA-N65"}, "package_id": "PKG13282", "payload": {"status": "DELIVERED"}, "sent_ts": 1758813283365, "arrival_ts": 1758813283468}
{"action": "recv", "src": "EU-N72", "dst": "EU-N169", "hlc": {"phys": 1758816765366, "cnt": 0, "node": "EU-N72"}, "package_id": "PKG16759", "payload": {"status": "CREATED"}, "sent_ts": 1758816759646, "arrival_ts": 1758816759749}
{"action": "recv", "src": "EU-N72", "dst": "EU-N169", "hlc": {"phys": 1758816765677, "cnt": 0, "node": "EU-N72"}, "package_id": "PKG16759", "payload": {"status": "SENT"}, "sent_ts": 1758816759957, "arrival_ts": 1758816760132}
{"action": "recv", "src": "EU-N72", "dst": "EU-N169", "hlc": {"phys": 1758816766051, "cnt": 0, "node": "EU-N72"}, "package_id": "PKG16759", "payload": {"status": "IN_TRANSIT"}, "sent_ts": 1758816760331, "arrival_ts": 1758816760364}
{"action": "recv", "src": "EU-N72", "dst": "EU-N169", "hlc": {"phys": 1758816766284, "cnt": 0, "node": "EU-N72"}, "package_id": "PKG16759", "payload": {"status": "RECEIVED"}, "sent_ts": 1758816760564, "arrival_ts": 1758816760650}
{"action": "recv", "src": "EU-N72", "dst": "EU-N169", "hlc": {"phys": 1758816766565, "cnt": 0, "node": "EU-N72"}, "package_id": "PKG16759", "payload": {"status": "DELIVERED"}, "sent_ts": 1758816760845, "arrival_ts": 1758816760922}
