{"action": "recv", "src": "EU-N171", "dst": "EU-N68", "hlc": {"phys": 1758713071304, "cnt": 0, "node": "EU-N171"}, "package_id": "PKG13064", "payload": {"status": "CREATED"}, "sent_ts": 1758713064594, "arrival_ts": 1758713064720}
{"action": "recv", "src": "EU-N171", "dst": "EU-N68", "hlc": {"phys": 1758713071631, "cnt": 0, "node": "EU-N171"}, "package_id": "PKG13064", "payload": {"status": "SENT"}, "sent_ts": 1758713064921, "arrival_ts": 1758713065040}
{"action": "recv", "src": "EU-N171", "dst": "EU-N68", "hlc": {"phys": 1758713071968, "cnt": 0, "node": "EU-N171"}, "package_id": "PKG13064", "payload": {"status": "IN_TRANSIT"}, "sent_ts": 1758713065258, "arrival_ts": 1758713065437}
{"action": "recv", "src": "EU-N171", "dst": "EU-N68", "hlc": {"phys": 1758713072356, "cnt": 0, "node": "EU-N171"}, "package_id": "PKG13064", "payload": {"status": "RECEIVED"}, "sent_ts": 1758713065646, "arrival_ts": 1758713065835}
{"action": "recv", "src": "EU-N171", "dst": "EU-N68", "hlc": {"phys": 1758713072758, "cnt": 0, "node": "EU-N171"}, "package_id": "PKG13064", "payload": {"status": "DELIVERED"}, "sent_ts": 1758713066048, "arrival_ts": 1758713066219}
{"action": "recv", "src": "NA-N195", "dst": "EU-N68", "hlc": {"phys": 1758717169577, "cnt": 0, "node": "NA-N195"}, "package_id": "PKG17167", "payload": {"status": "CREATED"}, "sent_ts": 1758717167627, "arrival_ts": 1758717167771}
{"action": "recv", "src": "NA-N195", "dst": "EU-N68", "hlc": {"phys": 1758717169927, "cnt": 0, "node": "NA-N195"}, "package_id": "PKG17167", "payload": {"status": "SENT"}, "sent_ts": 1758717167977, "arrival_ts": 1758717168179}
{"action": "recv", "src": "NA-N195", "dst": "EU-N68", "hlc": {"phys": 1758717170329, "cnt": 0, "node": "NA-N195"}, "package_id": "PKG17167", "payload": {"status": "IN_TRANSIT"}, "sent_ts": 1758717168379, "arrival_ts": 1758717168450}
{"action": "recv", "src": "NA-N195", "dst": "EU-N68", "hlc": {"phys": 1758717170607, "cnt": 0, "node": "NA-N195"}, "package_id": "PKG17167", "payload": {"status": "RECEIVED"}, "sent_ts": 1758717168657, "arrival_ts": 1758717168698}
{"action": "recv", "src": "NA-N195", "dst": "EU-N68", "hlc": {"phys": 1758717170857, "cnt": 0, "node": "NA-N195"}, "package_id": "PKG17167", "payload": {"status": "DELIVERED"}, "sent_ts": 1758717168907, "arrival_ts": 1758717169056}
{"action": "send", "src": "EU-N68", "dst": "AU-N61", "hlc": {"phys": 1758719653688, "cnt": 0, "node": "EU-N68"}, "package_id": "PKG19648", "payload": {"status": "CREATED"}, "sent_ts": 1758719648008, "arrival_ts": 1758719648008}
{"action": "send", "src": "EU-N68", "dst": "AU-N61", "hlc": {"phys": 1758719654044, "cnt": 0, "node": "EU-N68"}, "package_id": "PKG19648", "payload": {"status": "SENT"}, "sent_ts": 1758719648364, "arrival_ts": 1758719648364}
{"action": "send", "src": "EU-N68", "dst": "AU-N61", "hlc": {"phys": 1758719654369, "cnt": 0, "node": "EU-N68"}, "package_id": "PKG19648", "payload": {"status": "IN_TRANSIT"}, "sent_ts": 1758719648689, "arrival_ts": 1758719648689}
{"action": "send", "src": "EU-N68", "dst": "AU-N61", "hlc": {"phys": 1758719654619, "cnt": 0, "node": "EU-N68"}, "package_id": "PKG19648", "payload": {"status": "RECEIVED"}, "sent_ts": 1758719648939, "arrival_ts": 1758719648939}
{"action": "send", "src": "EU-N68", "dst": "AU-N61", "hlc": {"phys": 1758719654884, "cnt": 0, "node": "EU-N68"}, "package_id": "PKG19648", "payload": {"status": "DELIVERED"}, "sent_ts": 1758719649204, "arrival_ts": 1758719649204}
{"action": "recv", "src": "AU-N162", "dst": "EU-N68", "hlc": {"phys": 1758739076036, "cnt": 0, "node": "AU-N162"}, "package_id": "PKG39049", "payload": {"status": "CREATED"}, "sent_ts": 1758739049416, "arrival_ts": 1758739049532}
{"action": "recv", "src": "AU-N162", "dst": "EU-N68", "hlc": {"phys": 1758739076361, "cnt": 0, "node": "AU-N162"}, "package_id": "PKG39049", "payload": {"status": "SENT"}, "sent_ts": 1758739049741, "arrival_ts": 1758739049847}
{"action": "recv", "src": "AU-N162", "dst": "EU-N68", "hlc": {"phys": 1758739076679, "cnt": 0, "node": "AU-N162"}, "package_id": "PKG39049", "payload": {"status": "IN_TRANSIT"}, "sent_ts": 1758739050059, "arrival_ts": 1758739050168}
{"action": "recv", "src": "AU-N162", "dst": "EU-N68", "hlc": {"phys": 1758739076991, "cnt": 0, "node": "AU-N162"}, "package_id": "PKG39049", "payload": {"status": "RECEIVED"}, "sent_ts": 1758739050371, "arrival_ts": 1758739050472}
{"action": "recv", "src": "AU-N162", "dst": "EU-N68", "hlc": {"phys": 1758739077285, "cnt": 0, "node": "AU-N162"}, "package_id": "PKG39049", "payload": {"status": "DELIVERED"}, "sent_ts": 1758739050665, "arrival_ts": 1758739050743}
{"action": "send", "src": "EU-N68", "dst": "NA-N3", "hlc": {"phys": 1758739859558, "cnt": 0, "node": "EU-N68"}, "package_id": "PKG39853", "payload": {"status": "CREATED"}, "sent_ts": 1758739853878, "arrival_ts": 1758739853878}
{"action": "send", "src": "EU-N68", "dst": "NA-N3", "hlc": {"phys": 1758739859854, "cnt": 0, "node": "EU-N68"}, "package_id": "PKG39853", "payload": {"status": "SENT"}, "sent_ts": 1758739854174, "arrival_ts": 1758739854174}
{"action": "send", "src": "EU-N68", "dst": "NA-N3", "hlc": {"phys": 1758739860234, "cnt": 0, "node": "EU-N68"}, "package_id": "PKG39853", "payload": {"status": "IN_TRANSIT"}, "sent_ts": 1758739854554, "arrival_ts": 1758739854554}
{"action": "send", "src": "EU-N68", "dst": "NA-N3", "hlc": {"phys": 1758739860555, "cnt": 0, "node": "EU-N68"}, "package_id": "PKG39853", "payload": {"status": "RECEIVED"}, "sent_ts": 1758739854875, "arrival_ts": 1758739854875}
{"action": "send", "src": "EU-N68", "dst": "NA-N3", "hlc": {"phys": 1758739860853, "cnt": 0, "node": "EU-N68"}, "package_id": "PKG39853", "payload": {"status": "DELIVERED"}, "sent_ts": 1758739855173, "arrival_ts": 1758739855173}
{"action": "send", "src": "EU-N68", "dst": "AU-N5", "hlc": {"phys": 1758741277624, "cnt": 0, "node": "EU-N68"}, "package_id": "PKG41271", "payload": {"status": "CREATED"}, "sent_ts": 1758741271944, "arrival_ts": 1758741271944}
{"action": "send", "src": "EU-N68", "dst": "AU-N5", "hlc": {"phys": 1758741277855, "cnt": 0, "node": "EU-N68"}, "package_id": "PKG41271", "payload": {"status": "SENT"}, "sent_ts": 1758741272175, "arrival_ts": 1758741272175}
{"action": "send", "src": "EU-N68", "dst": "AU-N5", "hlc": {"phys": 1758741278124, "cnt": 0, "node": "EU-N68"}, "package_id": "PKG41271", "payload": {"status": "IN_TRANSIT"}, "sent_ts": 1758741272444, "arrival_ts": 1758741272445}
{"action": "send", "src": "EU-N68", "dst": "AU-N5", "hlc": {"phys": 1758741278511, "cnt": 0, "node": "EU-N68"}, "package_id": "PKG41271", "payload": {"status": "RECEIVED"}, "sent_ts": 1758741272831, "arrival_ts": 1758741272831}
{"action": "send", "src": "EU-N68", "dst": "AU-N5", "hlc": {"phys": 1758741278759, "cnt": 0, "node": "EU-N68"}, "package_id": "PKG41271", "payload": {"status": "DELIVERED"}, "sent_ts": 1758741273079, "arrival_ts": 1758741273079}
{"action": "send", "src": "EU-N68", "dst": "AN-N192", "hlc": {"phys": 1758744633561, "cnt": 0, "node": "EU-N68"}, "package_id": "PKG44627", "payload": {"status": "CREATED"}, "sent_ts": 1758744627881, "arrival_ts": 1758744627881}
{"action": "send", "src": "EU-N68", "dst": "AN-N192", "hlc": {"phys": 1758744633810, "cnt": 0, "node": "EU-N68"}, "package_id": "PKG44627", "payload": {"status": "SENT"}, "sent_ts": 1758744628130, "arrival_ts": 1758744628130}
{"action": "send", "src": "EU-N68", "dst": "AN-N192", "hlc": {"phys": 1758744634406, "cnt": 0, "node": "EU-N68"}, "package_id": "PKG44627", "payload": {"status": "IN_TRANSIT"}, "sent_ts": 1758744628726, "arrival_ts": 1758744628726}
{"action": "send", "src": "EU-N68", "dst": "AN-N192", "hlc": {"phys": 1758744634755, "cnt": 0, "node": "EU-N68"}, "package_id": "PKG44627", "payload": {"status": "RECEIVED"}, "sent_ts": 1758744629075, "arrival_ts": 1758744629075}
{"action": "send", "src": "EU-N68", "dst": "AN-N192", "hlc": {"phys": 1758744635158, "cnt": 0, "node": "EU-N68"}, "package_id": "PKG44627", "payload": {"status": "DELIVERED"}, "sent_ts": 1758744629478, "arrival_ts": 1758744629478}
{"action": "send", "src": "EU-N68", "dst": "SA-N121", "hlc": {"phys": 1758748222260, "cnt": 0, "node": "EU-N68"}, "package_id": "PKG48216", "payload": {"status": "CREATED"}, "sent_ts": 1758748216580, "arrival_ts": 1758748216580}
{"action": "send", "src": "EU-N68", "dst": "SA-N121", "hlc": {"phys": 1758748223560, "cnt": 0, "node": "EU-N68"}, "package_id": "PKG48216", "payload": {"status": "SENT"}, "sent_ts": 1758748217880, "arrival_ts": 1758748217880}
{"action": "send", "src": "EU-N68", "dst": "SA-N121", "hlc": {"phys": 1758748223842, "cnt": 0, "node": "EU-N68"}, "package_id": "PKG48216", "payload": {"status": "IN_TRANSIT"}, "sent_ts": 1758748218162, "arrival_ts": 1758748218162}
{"action": "send", "src": "EU-N68", "dst": "SA-N121", "hlc": {"phys": 1758748224214, "cnt": 0, "node": "EU-N68"}, "package_id": "PKG48216", "payload": {"status": "RECEIVED"}, "sent_ts": 1758748218534, "arrival_ts": 1758748218534}
{"action": "send", "src": "EU-N68", "dst": "SA-N121", "hlc": {"phys": 1758748224588, "cnt": 0, "node": "EU-N68"}, "package_id": "PKG48216", "payload": {"status": "DELIVERED"}, "sent_ts": 1758748218908, "arrival_ts": 1758748218908}
{"action": "send", "src": "EU-N68", "dst": "NA-N165", "hlc": {"phys": 1758749873683, "cnt": 0, "node": "EU-N68"}, "package_id": "PKG49868", "payload": {"status": "CREATED"}, "sent_ts": 1758749868003, "arrival_ts": 1758749868003}
{"action": "send", "src": "EU-N68", "dst": "NA-N165", "hlc": {"phys": 1758749874008, "cnt": 0, "node": "EU-N68"}, "package_id": "PKG49868", "payload": {"status": "SENT"}, "sent_ts": 1758749868328, "arrival_ts": 1758749868328}
{"action": "send", "src": "EU-N68", "dst": "NA-N165", "hlc": {"phys": 1758749874263, "cnt": 0, "node": "EU-N68"}, "package_id": "PKG49868", "payload": {"status": "IN_TRANSIT"}, "sent_ts": 1758749868583, "arrival_ts": 1758749868583}
{"action": "send", "src": "EU-N68", "dst": "NA-N165", "hlc": {"phys": 1758749874663, "cnt": 0, "node": "EU-N68"}, "package_id": "PKG49868", "payload": {"status": "RECEIVED"}, "sent_ts": 1758749868983, "arrival_ts": 1758749868983}
{"action": "send", "src": "EU-N68", "dst": "NA-N165", "hlc": {"phys": 1758749874940, "cnt": 0, "node": "EU-N68"}, "package_id": "PKG49868", "payload": {"status": "DELIVERED"}, "sent_ts": 1758749869260, "arrival_ts": 1758749869260}
{"action": "send", "src": "EU-N68", "dst": "AS-N130", "hlc": {"phys": 1758749899142, "cnt": 0, "node": "EU-N68"}, "package_id": "PKG49893", "payload": {"status": "CREATED"}, "sent_ts": 1758749893462, "arrival_ts": 1758749893462}
{"action": "send", "src": "EU-N68", "dst": "AS-N130", "hlc": {"phys": 1758749899515, "cnt": 0, "node": "EU-N68"}, "package_id": "PKG49893", "payload": {"status": "SENT"}, "sent_ts": 1758749893835, "arrival_ts": 1758749893835}
{"action": "send", "src": "EU-N68", "dst": "AS-N130", "hlc": {"phys": 1758749899838, "cnt": 0, "node": "EU-N68"}, "package_id": "PKG49893", "payload": {"status": "IN_TRANSIT"}, "sent_ts": 1758749894158, "arrival_ts": 1758749894158}
{"action": "send", "src": "EU-N68", "dst": "AS-N130", "hlc": {"phys": 1758749900090, "cnt": 0, "node": "EU-N68"}, "package_id": "PKG49893", "payload": {"status": "RECEIVED"}, "sent_ts": 1758749894410, "arrival_ts": 1758749894410}
{"action": "send", "src": "EU-N68", "dst": "AS-N130", "hlc": {"phys": 1758749900434, "cnt": 0, "node": "EU-N68"}, "package_id": "PKG49893", "payload": {"status": "DELIVERED"}, "sent_ts": 1758749894754, "arrival_ts": 1758749894754}
{"action": "send", "src": "EU-N68", "dst": "AS-N80", "hlc": {"phys": 1758752046379, "cnt": 0, "node": "EU-N68"}, "package_id": "PKG52040", "payload": {"status": "CREATED"}, "sent_ts": 1758752040699, "arrival_ts": 1758752040699}
{"action": "send", "src": "EU-N68", "dst": "AS-N80", "hlc": {"phys": 1758752046733, "cnt": 0, "node": "EU-N68"}, "package_id": "PKG52040", "payload": {"status": "SENT"}, "sent_ts": 1758752041053, "arrival_ts": 1758752041053}
{"action": "send", "src": "EU-N68", "dst": "AS-N80", "hlc": {"phys": 1758752047093, "cnt": 0, "node": "EU-N68"}, "package_id": "PKG52040", "payload": {"status": "IN_TRANSIT"}, "sent_ts": 1758752041413, "arrival_ts": 1758752041413}
{"action": "send", "src": "EU-N68", "dst": "AS-N80", "hlc": {"phys": 1758752047399, "cnt": 0, "node": "EU-N68"}, "package_id": "PKG52040", "payload": {"status": "RECEIVED"}, "sent_ts": 1758752041719, "arrival_ts": 1758752041719}
{"action": "send", "src": "EU-N68", "dst": "AS-N80", "hlc": {"phys": 1758752047763, "cnt": 0, "node": "EU-N68"}, "package_id": "PKG52040", "payload": {"status": "DELIVERED"}, "sent_ts": 1758752042083, "arrival_ts": 1758752042083}
{"action": "recv", "src": "SA-N26", "dst": "EU-N68", "hlc": {"phys": 1758752742297, "cnt": 0, "node": "SA-N26"}, "package_id": "PKG52722", "payload": {"status": "CREATED"}, "sent_ts": 1758752722037, "arrival_ts": 1758752722211}
{"action": "recv", "src": "SA-N26", "dst": "EU-N68", "hlc": {"phys": 1758752743987, "cnt": 0, "node": "SA-N26"}, "package_id": "PKG52722", "payload": {"status": "SENT"}, "sent_ts": 1758752723727, "arrival_ts": 1758752723835}
{"action": "recv", "src": "SA-N26", "dst": "EU-N68", "hlc": {"phys": 1758752744299, "cnt": 0, "node": "SA-N26"}, "package_id": "PKG52722", "payload": {"status": "IN_TRANSIT"}, "sent_ts": 1758752724039, "arrival_ts": 1758752724204}
{"action": "recv", "src": "SA-N26", "dst": "EU-N68", "hlc": {"phys": 1758752744676, "cnt": 0, "node": "SA-N26"}, "package_id": "PKG52722", "payload": {"status": "RECEIVED"}, "sent_ts": 1758752724416, "arrival_ts": 1758752724473}
{"action": "recv", "src": "SA-N26", "dst": "EU-N68", "hlc": {"phys": 1758752744945, "cnt": 0, "node": "SA-N26"}, "package_id": "PKG52722", "payload": {"status": "DELIVERED"}, "sent_ts": 1758752724685, "arrival_ts": 1758752724878}
{"action": "recv", "src": "AU-N97", "dst": "EU-N68", "hlc": {"phys": 1758754532939, "cnt": 0, "node": "AU-N97"}, "package_id": "PKG54506", "payload": {"status": "CREATED"}, "sent_ts": 1758754506969, "arrival_ts": 1758754507038}
{"action": "recv", "src": "AU-N97", "dst": "EU-N68", "hlc": {"phys": 1758754533209, "cnt": 0, "node": "AU-N97"}, "package_id": "PKG54506", "payload": {"status": "SENT"}, "sent_ts": 1758754507239, "arrival_ts": 1758754507413}
{"action": "recv", "src": "AU-N97", "dst": "EU-N68", "hlc": {"phys": 1758754533594, "cnt": 0, "node": "AU-N97"}, "package_id": "PKG54506", "payload": {"status": "IN_TRANSIT"}, "sent_ts": 1758754507624, "arrival_ts": 1758754507674}
{"action": "recv", "src": "AU-N97", "dst": "EU-N68", "hlc": {"phys": 1758754533863, "cnt": 0, "node": "AU-N97"}, "package_id": "PKG54506", "payload": {"status": "RECEIVED"}, "sent_ts": 1758754507893, "arrival_ts": 1758754507984}
{"action": "recv", "src": "AU-N97", "dst": "EU-N68", "hlc": {"phys": 1758754534163, "cnt": 0, "node": "AU-N97"}, "package_id": "PKG54506", "payload": {"status": "DELIVERED"}, "sent_ts": 1758754508193, "arrival_ts": 1758754508376}
{"action": "recv", "src": "EU-N3", "dst": "EU-N68", "hlc": {"phys": 1758755351806, "cnt": 0, "node": "EU-N3"}, "package_id": "PKG55346", "payload": {"status": "CREATED"}, "sent_ts": 1758755346776, "arrival_ts": 1758755346796}
{"action": "recv", "src": "EU-N3", "dst": "EU-N68", "hlc": {"phys": 1758755352036, "cnt": 0, "node": "EU-N3"}, "package_id": "PKG55346", "payload": {"status": "SENT"}, "sent_ts": 1758755347006, "arrival_ts": 1758755347200}
{"action": "recv", "src": "EU-N3", "dst": "EU-N68", "hlc": {"phys": 1758755352422, "cnt": 0, "node": "EU-N3"}, "package_id": "PKG55346", "payload": {"status": "IN_TRANSIT"}, "sent_ts": 1758755347392, "arrival_ts": 1758755347589}
{"action": "recv", "src": "EU-N3", "dst": "EU-N68", "hlc": {"phys": 1758755352815, "cnt": 0, "node": "EU-N3"}, "package_id": "PKG55346", "payload": {"status": "RECEIVED"}, "sent_ts": 1758755347785, "arrival_ts": 1758755347950}
{"action": "recv", "src": "EU-N3", "dst": "EU-N68", "hlc": {"phys": 1758755353183, "cnt": 0, "node": "EU-N3"}, "package_id": "PKG55346", "payload": {"status": "DELIVERED"}, "sent_ts": 1758755348153, "arrival_ts": 1758755348262}
{"action": "recv", "src": "AS-N3", "dst": "EU-N68", "hlc": {"phys": 1758756484771, "cnt": 0, "node": "AS-N3"}, "package_id": "PKG56474", "payload": {"status": "CREATED"}, "sent_ts": 1758756474741, "arrival_ts": 1758756474895}
{"action": "recv", "src": "AS-N3", "dst": "EU-N68", "hlc": {"phys": 1758756485133, "cnt": 0, "node": "AS-N3"}, "package_id": "PKG56474", "payload": {"status": "SENT"}, "sent_ts": 1758756475103, "arrival_ts": 1758756475137}
{"action": "recv", "src": "AS-N3", "dst": "EU-N68", "hlc": {"phys": 1758756485369, "cnt": 0, "node": "AS-N3"}, "package_id": "PKG56474", "payload": {"status": "IN_TRANSIT"}, "sent_ts": 1758756475339, "arrival_ts": 1758756475532}
{"action": "recv", "src": "AS-N3", "dst": "EU-N68", "hlc": {"phys": 1758756485785, "cnt": 0, "node": "AS-N3"}, "package_id": "PKG56474", "payload": {"status": "RECEIVED"}, "sent_ts": 1758756475755, "arrival_ts": 1758756475842}
{"action": "recv", "src": "AS-N3", "dst": "EU-N68", "hlc": {"phys": 1758756486090, "cnt": 0, "node": "AS-N3"}, "package_id": "PKG56474", "payload": {"status": "DELIVERED"}, "sent_ts": 1758756476060, "arrival_ts": 1758756476092}
{"action": "recv", "src": "AS-N187", "dst": "EU-N68", "hlc": {"phys": 1758756792655, "cnt": 0, "node": "AS-N187"}, "package_id": "PKG56780", "payload": {"status": "CREATED"}, "sent_ts": 1758756780785, "arrival_ts": 1758756780843}
{"action": "recv", "src": "AS-N187", "dst": "EU-N68", "hlc": {"phys": 1758756792924, "cnt": 0, "node": "AS-N187"}, "package_id": "PKG56780", "payload": {"status": "SENT"}, "sent_ts": 1758756781054, "arrival_ts": 1758756781141}
{"action": "recv", "src": "AS-N187", "dst": "EU-N68", "hlc": {"phys": 1758756793225, "cnt": 0, "node": "AS-N187"}, "package_id": "PKG56780", "payload": {"status": "IN_TRANSIT"}, "sent_ts": 1758756781355, "arrival_ts": 1758756781418}
{"action": "recv", "src": "AS-N187", "dst": "EU-N68", "hlc": {"phys": 1758756793501, "cnt": 0, "node": "AS-N187"}, "package_id": "PKG56780", "payload": {"status": "RECEIVED"}, "sent_ts": 1758756781631, "arrival_ts": 1758756781766}
{"action": "recv", "src": "AS-N187", "dst": "EU-N68", "hlc": {"phys": 1758756793855, "cnt": 0, "node": "AS-N187"}, "package_id": "PKG56780", "payload": {"status": "DELIVERED"}, "sent_ts": 1758756781985, "arrival_ts": 1758756782140}
{"action": "recv", "src": "EU-N142", "dst": "EU-N68", "hlc": {"phys": 1758757053115, "cnt": 0, "node": "EU-N142"}, "package_id": "PKG57046", "payload": {"status": "CREATED"}, "sent_ts": 1758757046695, "arrival_ts": 1758757046825}
{"action": "recv", "src": "EU-N142", "dst": "EU-N68", "hlc": {"phys": 1758757053446, "cnt": 0, "node": "EU-N142"}, "package_id": "PKG57046", "payload": {"status": "SENT"}, "sent_ts": 1758757047026, "arrival_ts": 1758757047175}
{"action": "recv", "src": "EU-N142", "dst": "EU-N68", "hlc": {"phys": 1758757053809, "cnt": 0, "node": "EU-N142"}, "package_id": "PKG57046", "payload": {"status": "IN_TRANSIT"}, "sent_ts": 1758757047389, "arrival_ts": 1758757047508}
{"action": "recv", "src": "EU-N142", "dst": "EU-N68", "hlc": {"phys": 1758757054142, "cnt": 0, "node": "EU-N142"}, "package_id": "PKG57046", "payload": {"status": "RECEIVED"}, "sent_ts": 1758757047722, "arrival_ts": 1758757047843}
{"action": "recv", "src": "EU-N142", "dst": "EU-N68", "hlc": {"phys": 1758757054473, "cnt": 0, "node": "EU-N142"}, "package_id": "PKG57046", "payload": {"status": "DELIVERED"}, "sent_ts": 1758757048053, "arrival_ts": 1758757048112}
{"action": "recv", "src": "EU-N60", "dst": "EU-N68", "hlc": {"phys": 1758757081065, "cnt": 0, "node": "EU-N60"}, "package_id": "PKG57075", "payload": {"status": "CREATED"}, "sent_ts": 1758757075465, "arrival_ts": 1758757075525}
{"action": "recv", "src": "EU-N60", "dst": "EU-N68", "hlc": {"phys": 1758757081335, "cnt": 0, "node": "EU-N60"}, "package_id": "PKG57075", "payload": {"status": "SENT"}, "sent_ts": 1758757075735, "arrival_ts": 1758757075812}
{"action": "recv", "src": "EU-N60", "dst": "EU-N68", "hlc": {"phys": 1758757081630, "cnt": 0, "node": "EU-N60"}, "package_id": "PKG57075", "payload": {"status": "IN_TRANSIT"}, "sent_ts": 1758757076030, "arrival_ts": 1758757076048}
{"action": "recv", "src": "EU-N60", "dst": "EU-N68", "hlc": {"phys": 1758757081872, "cnt": 0, "node": "EU-N60"}, "package_id": "PKG57075", "payload": {"status": "RECEIVED"}, "sent_ts": 1758757076272, "arrival_ts": 1758757076449}
{"action": "recv", "src": "EU-N60", "dst": "EU-N68", "hlc": {"phys": 1758757082255, "cnt": 0, "node": "EU-N60"}, "package_id": "PKG57075", "payload": {"status": "DELIVERED"}, "sent_ts": 1758757076655, "arrival_ts": 1758757076736}
{"action": "send", "src": "EU-N68", "dst": "AN-N92", "hlc": {"phys": 1758758546094, "cnt": 0, "node": "EU-N68"}, "package_id": "PKG58540", "payload": {"status": "CREATED"}, "sent_ts": 1758758540414, "arrival_ts": 1758758540414}
{"action": "send", "src": "EU-N68", "dst": "AN-N92", "hlc": {"phys": 1758758546458, "cnt": 0, "node": "EU-N68"}, "package_id": "PKG58540", "payload": {"status": "SENT"}, "sent_ts": 1758758540778, "arrival_ts": 1758758540778}
{"action": "send", "src": "EU-N68", "dst": "AN-N92", "hlc": {"phys": 1758758546821, "cnt": 0, "node": "EU-N68"}, "package_id": "PKG58540", "payload": {"status": "IN_TRANSIT"}, "sent_ts": 1758758541141, "arrival_ts": 1758758541141}
{"action": "send", "src": "EU-N68", "dst": "AN-N92", "hlc": {"phys": 1758758547108, "cnt": 0, "node": "EU-N68"}, "package_id": "PKG58540", "payload": {"status": "RECEIVED"}, "sent_ts": 1758758541428, "arrival_ts": 1758758541428}
{"action": "send", "src": "EU-N68", "dst": "AN-N92", "hlc": {"phys": 1758758547347, "cnt": 0, "node": "EU-N68"}, "package_id": "PKG58540", "payload": {"status": "DELIVERED"}, "sent_ts": 1758758541667, "arrival_ts": 1758758541667}
{"action": "send", "src": "EU-N68", "dst": "AF-N117", "hlc": {"phys": 1758760104737, "cnt": 0, "node": "EU-N68"}, "package_id": "PKG60099", "payload": {"status": "CREATED"}, "sent_ts": 1758760099057, "arrival_ts": 1758760099057}
{"action": "send", "src": "EU-N68", "dst": "AF-N117", "hlc": {"phys": 1758760105001, "cnt": 0, "node": "EU-N68"}, "package_id": "PKG60099", "payload": {"status": "SENT"}, "sent_ts": 1758760099321, "arrival_ts": 1758760099321}
{"action": "send", "src": "EU-N68", "dst": "AF-N117", "hlc": {"phys": 1758760105372, "cnt": 0, "node": "EU-N68"}, "package_id": "PKG60099", "payload": {"status": "IN_TRANSIT"}, "sent_ts": 1758760099692, "arrival_ts": 1758760099692}
{"action": "send", "src": "EU-N68", "dst": "AF-N117", "hlc": {"phys": 1758760105667, "cnt": 0, "node": "EU-N68"}, "package_id": "PKG60099", "payload": {"status": "RECEIVED"}, "sent_ts": 1758760099987, "arrival_ts": 1758760099987}
{"action": "send", "src": "EU-N68", "dst": "AF-N117", "hlc": {"phys": 1758760105913, "cnt": 0, "node": "EU-N68"}, "package_id": "PKG60099", "payload": {"status": "DELIVERED"}, "sent_ts": 1758760100233, "arrival_ts": 1758760100233}
{"action": "send", "src": "EU-N68", "dst": "AU-N159", "hlc": {"phys": 1758761300863, "cnt": 0, "node": "EU-N68"}, "package_id": "PKG61295", "payload": {"status": "CREATED"}, "sent_ts": 1758761295183, "arrival_ts": 1758761295183}
{"action": "send", "src": "EU-N68", "dst": "AU-N159", "hlc": {"phys": 1758761301097, "cnt": 0, "node": "EU-N68"}, "package_id": "PKG61295", "payload": {"status": "SENT"}, "sent_ts": 1758761295417, "arrival_ts": 1758761295417}
{"action": "send", "src": "EU-N68", "dst": "AU-N159", "hlc": {"phys": 1758761301495, "cnt": 0, "node": "EU-N68"}, "package_id": "PKG61295", "payload": {"status": "IN_TRANSIT"}, "sent_ts": 1758761295815, "arrival_ts": 1758761295815}
{"action": "send", "src": "EU-N68", "dst": "AU-N159", "hlc": {"phys": 1758761301824, "cnt": 0, "node": "EU-N68"}, "package_id": "PKG61295", "payload": {"status": "RECEIVED"}, "sent_ts": 1758761296144, "arrival_ts": 1758761296144}
{"action": "send", "src": "EU-N68", "dst": "AU-N159", "hlc": {"phys": 1758761302156, "cnt": 0, "node": "EU-N68"}, "package_id": "PKG61295", "payload": {"status": "DELIVERED"}, "sent_ts": 1758761296476, "arrival_ts": 1758761296476}
{"action": "send", "src": "EU-N68", "dst": "AN-N10", "hlc": {"phys": 1758762634350, "cnt": 0, "node": "EU-N68"}, "package_id": "PKG62628", "payload": {"status": "CREATED"}, "sent_ts": 1758762628669, "arrival_ts": 1758762628670}
{"action": "send", "src": "EU-N68", "dst": "AN-N10", "hlc": {"phys": 1758762634689, "cnt": 0, "node": "EU-N68"}, "package_id": "PKG62628", "payload": {"status": "SENT"}, "sent_ts": 1758762629009, "arrival_ts": 1758762629009}
{"action": "send", "src": "EU-N68", "dst": "AN-N10", "hlc": {"phys": 1758762635028, "cnt": 0, "node": "EU-N68"}, "package_id": "PKG62628", "payload": {"status": "IN_TRANSIT"}, "sent_ts": 1758762629348, "arrival_ts": 1758762629348}
{"action": "send", "src": "EU-N68", "dst": "AN-N10", "hlc": {"phys": 1758762635323, "cnt": 0, "node": "EU-N68"}, "package_id": "PKG62628", "payload": {"status": "RECEIVED"}, "sent_ts": 1758762629643, "arrival_ts": 1758762629643}
{"action": "send", "src": "EU-N68", "dst": "AN-N10", "hlc": {"phys": 1758762635663, "cnt": 0, "node": "EU-N68"}, "package_id": "PKG62628", "payload": {"status": "DELIVERED"}, "sent_ts": 1758762629983, "arrival_ts": 1758762629983}
{"action": "recv", "src": "AF-N44", "dst": "EU-N68", "hlc": {"phys": 1758762725785, "cnt": 0, "node": "AF-N44"}, "package_id": "PKG62710", "payload": {"status": "CREATED"}, "sent_ts": 1758762710345, "arrival_ts": 1758762710414}
{"action": "recv", "src": "AF-N44", "dst": "EU-N68", "hlc": {"phys": 1758762726064, "cnt": 0, "node": "AF-N44"}, "package_id": "PKG62710", "payload": {"status": "SENT"}, "sent_ts": 1758762710624, "arrival_ts": 1758762710730}
{"action": "recv", "src": "AF-N44", "dst": "EU-N68", "hlc": {"phys": 1758762726370, "cnt": 0, "node": "AF-N44"}, "package_id": "PKG62710", "payload": {"status": "IN_TRANSIT"}, "sent_ts": 1758762710930, "arrival_ts": 1758762711092}
{"action": "recv", "src": "AF-N44", "dst": "EU-N68", "hlc": {"phys": 1758762726740, "cnt": 0, "node": "AF-N44"}, "package_id": "PKG62710", "payload": {"status": "RECEIVED"}, "sent_ts": 1758762711300, "arrival_ts": 1758762711495}
{"action": "recv", "src": "AF-N44", "dst": "EU-N68", "hlc": {"phys": 1758762727143, "cnt": 0, "node": "AF-N44"}, "package_id": "PKG62710", "payload": {"status": "DELIVERED"}, "sent_ts": 1758762711703, "arrival_ts": 1758762711785}
{"action": "send", "src": "EU-N68", "dst": "AS-N159", "hlc": {"phys": 1758763156007, "cnt": 0, "node": "EU-N68"}, "package_id": "PKG63150", "payload": {"status": "CREATED"}, "sent_ts": 1758763150327, "arrival_ts": 1758763150327}
{"action": "send", "src": "EU-N68", "dst": "AS-N159", "hlc": {"phys": 1758763156396, "cnt": 0, "node": "EU-N68"}, "package_id": "PKG63150", "payload": {"status": "SENT"}, "sent_ts": 1758763150716, "arrival_ts": 1758763150716}
{"action": "send", "src": "EU-N68", "dst": "AS-N159", "hlc": {"phys": 1758763156692, "cnt": 0, "node": "EU-N68"}, "package_id": "PKG63150", "payload": {"status": "IN_TRANSIT"}, "sent_ts": 1758763151012, "arrival_ts": 1758763151012}
{"action": "send", "src": "EU-N68", "dst": "AS-N159", "hlc": {"phys": 1758763156987, "cnt": 0, "node": "EU-N68"}, "package_id": "PKG63150", "payload": {"status": "RECEIVED"}, "sent_ts": 1758763151307, "arrival_ts": 1758763151307}
{"action": "send", "src": "EU-N68", "dst": "AS-N159", "hlc": {"phys": 1758763157235, "cnt": 0, "node": "EU-N68"}, "package_id": "PKG63150", "payload": {"status": "DELIVERED"}, "sent_ts": 1758763151555, "arrival_ts": 1758763151555}
{"action": "send", "src": "EU-N68", "dst": "NA-N103", "hlc": {"phys": 1758765465119, "cnt": 0, "node": "EU-N68"}, "package_id": "PKG65459", "payload": {"status": "CREATED"}, "sent_ts": 1758765459439, "arrival_ts": 1758765459439}
{"action": "send", "src": "EU-N68", "dst": "NA-N103", "hlc": {"phys": 1758765465454, "cnt": 0, "node": "EU-N68"}, "package_id": "PKG65459", "payload": {"status": "SENT"}, "sent_ts": 1758765459774, "arrival_ts": 1758765459774}
{"action": "send", "src": "EU-N68", "dst": "NA-N103", "hlc": {"phys": 1758765465741, "cnt": 0, "node": "EU-N68"}, "package_id": "PKG65459", "payload": {"status": "IN_TRANSIT"}, "sent_ts": 1758765460061, "arrival_ts": 1758765460061}
{"action": "send", "src": "EU-N68", "dst": "NA-N103", "hlc": {"phys": 1758765466075, "cnt": 0, "node": "EU-N68"}, "package_id": "PKG65459", "payload": {"status": "RECEIVED"}, "sent_ts": 1758765460395, "arrival_ts": 1758765460395}
{"action": "send", "src": "EU-N68", "dst": "NA-N103", "hlc": {"phys": 1758765466298, "cnt": 0, "node": "EU-N68"}, "package_id": "PKG65459", "payload": {"status": "DELIVERED"}, "sent_ts": 1758765460618, "arrival_ts": 1758765460618}
{"action": "send", "src": "EU-N68", "dst": "AS-N14", "hlc": {"phys": 1758800182098, "cnt": 0, "node": "EU-N68"}, "package_id": "PKG176", "payload": {"status": "CREATED"}, "sent_ts": 1758800176418, "arrival_ts": 1758800176418}
{"action": "send", "src": "EU-N68", "dst": "AS-N14", "hlc": {"phys": 1758800182425, "cnt": 0, "node": "EU-N68"}, "package_id": "PKG176", "payload": {"status": "SENT"}, "sent_ts": 1758800176745, "arrival_ts": 1758800176745}
{"action": "send", "src": "EU-N68", "dst": "AS-N14", "hlc": {"phys": 1758800182735, "cnt": 0, "node": "EU-N68"}, "package_id": "PKG176", "payload": {"status": "IN_TRANSIT"}, "sent_ts": 1758800177055, "arrival_ts": 1758800177055}
{"action": "send", "src": "EU-N68", "dst": "AS-N14", "hlc": {"phys": 1758800183015, "cnt": 0, "node": "EU-N68"}, "package_id": "PKG176", "payload": {"status": "RECEIVED"}, "sent_ts": 1758800177335, "arrival_ts": 1758800177335}
{"action": "send", "src": "EU-N68", "dst": "AS-N14", "hlc": {"phys": 1758800183247, "cnt": 0, "node": "EU-N68"}, "package_id": "PKG176", "payload": {"status": "DELIVERED"}, "sent_ts": 1758800177567, "arrival_ts": 1758800177567}
{"action": "recv", "src": "AS-N60", "dst": "EU-N68", "hlc": {"phys": 1758803137206, "cnt": 0, "node": "AS-N60"}, "package_id": "PKG3126", "payload": {"status": "CREATED"}, "sent_ts": 1758803126606, "arrival_ts": 1758803126657}
{"action": "recv", "src": "AS-N60", "dst": "EU-N68", "hlc": {"phys": 1758803137471, "cnt": 0, "node": "AS-N60"}, "package_id": "PKG3126", "payload": {"status": "SENT"}, "sent_ts": 1758803126871, "arrival_ts": 1758803126954}
{"action": "recv", "src": "AS-N60", "dst": "EU-N68", "hlc": {"phys": 1758803137767, "cnt": 0, "node": "AS-N60"}, "package_id": "PKG3126", "payload": {"status": "IN_TRANSIT"}, "sent_ts": 1758803127167, "arrival_ts": 1758803127190}
{"action": "recv", "src": "AS-N60", "dst": "EU-N68", "hlc": {"phys": 1758803138000, "cnt": 0, "node": "AS-N60"}, "package_id": "PKG3126", "payload": {"status": "RECEIVED"}, "sent_ts": 1758803127400, "arrival_ts": 1758803127486}
{"action": "recv", "src": "AS-N60", "dst": "EU-N68", "hlc": {"phys": 1758803138295, "cnt": 0, "node": "AS-N60"}, "package_id": "PKG3126", "payload": {"status": "DELIVERED"}, "sent_ts": 1758803127695, "arrival_ts": 1758803127809}
{"action": "send", "src": "EU-N68", "dst": "EU-N29", "hlc": {"phys": 1758803188577, "cnt": 0, "node": "EU-N68"}, "package_id": "PKG3182", "payload": {"status": "CREATED"}, "sent_ts": 1758803182897, "arrival_ts": 1758803182897}
{"action": "send", "src": "EU-N68", "dst": "EU-N29", "hlc": {"phys": 1758803188842, "cnt": 0, "node": "EU-N68"}, "package_id": "PKG3182", "payload": {"status": "SENT"}, "sent_ts": 1758803183162, "arrival_ts": 1758803183162}
{"action": "send", "src": "EU-N68", "dst": "EU-N29", "hlc": {"phys": 1758803189104, "cnt": 0, "node": "EU-N68"}, "package_id": "PKG3182", "payload": {"status": "IN_TRANSIT"}, "sent_ts": 1758803183424, "arrival_ts": 1758803183424}
{"action": "send", "src": "EU-N68", "dst": "EU-N29", "hlc": {"phys": 1758803189354, "cnt": 0, "node": "EU-N68"}, "package_id": "PKG3182", "payload": {"status": "RECEIVED"}, "sent_ts": 1758803183674, "arrival_ts": 1758803183674}
{"action": "send", "src": "EU-N68", "dst": "EU-N29", "hlc": {"phys": 1758803189725, "cnt": 0, "node": "EU-N68"}, "package_id": "PKG3182", "payload": {"status": "DELIVERED"}, "sent_ts": 1758803184045, "arrival_ts": 1758803184045}
{"action": "send", "src": "EU-N68", "dst": "AN-N37", "hlc": {"phys": 1758803297149, "cnt": 0, "node": "EU-N68"}, "package_id": "PKG3291", "payload": {"status": "CREATED"}, "sent_ts": 1758803291469, "arrival_ts": 1758803291469}
{"action": "send", "src": "EU-N68", "dst": "AN-N37", "hlc": {"phys": 1758803297387, "cnt": 0, "node": "EU-N68"}, "package_id": "PKG3291", "payload": {"status": "SENT"}, "sent_ts": 1758803291707, "arrival_ts": 1758803291707}
{"action": "send", "src": "EU-N68", "dst": "AN-N37", "hlc": {"phys": 1758803297757, "cnt": 0, "node": "EU-N68"}, "package_id": "PKG3291", "payload": {"status": "IN_TRANSIT"}, "sent_ts": 1758803292077, "arrival_ts": 1758803292077}
{"action": "send", "src": "EU-N68", "dst": "AN-N37", "hlc": {"phys": 1758803297973, "cnt": 0, "node": "EU-N68"}, "package_id": "PKG3291", "payload": {"status": "RECEIVED"}, "sent_ts": 1758803292293, "arrival_ts": 1758803292293}
{"action": "send", "src": "EU-N68", "dst": "AN-N37", "hlc": {"phys": 1758803298385, "cnt": 0, "node": "EU-N68"}, "package_id": "PKG3291", "payload": {"status": "DELIVERED"}, "sent_ts": 1758803292705, "arrival_ts": 1758803292705}
{"action": "recv", "src": "EU-N136", "dst": "EU-N68", "hlc": {"phys": 1758803603118, "cnt": 0, "node": "EU-N136"}, "package_id": "PKG3596", "payload": {"status": "CREATED"}, "sent_ts": 1758803596758, "arrival_ts": 1758803596894}
{"action": "recv", "src": "EU-N136", "dst": "EU-N68", "hlc": {"phys": 1758803603467, "cnt": 0, "node": "EU-N136"}, "package_id": "PKG3596", "payload": {"status": "SENT"}, "sent_ts": 1758803597107, "arrival_ts": 1758803597192}
{"action": "recv", "src": "EU-N136", "dst": "EU-N68", "hlc": {"phys": 1758803603754, "cnt": 0, "node": "EU-N136"}, "package_id": "PKG3596", "payload": {"status": "IN_TRANSIT"}, "sent_ts": 1758803597394, "arrival_ts": 1758803597579}
{"action": "recv", "src": "EU-N136", "dst": "EU-N68", "hlc": {"phys": 1758803604145, "cnt": 0, "node": "EU-N136"}, "package_id": "PKG3596", "payload": {"status": "RECEIVED"}, "sent_ts": 1758803597785, "arrival_ts": 1758803597831}
{"action": "recv", "src": "EU-N136", "dst": "EU-N68", "hlc": {"phys": 1758803604394, "cnt": 0, "node": "EU-N136"}, "package_id": "PKG3596", "payload": {"status": "DELIVERED"}, "sent_ts": 1758803598034, "arrival_ts": 1758803598149}
{"action": "recv", "src": "AF-N86", "dst": "EU-N68", "hlc": {"phys": 1758803625602, "cnt": 0, "node": "AF-N86"}, "package_id": "PKG3609", "payload": {"status": "CREATED"}, "sent_ts": 1758803609742, "arrival_ts": 1758803609818}
{"action": "recv", "src": "AF-N86", "dst": "EU-N68", "hlc": {"phys": 1758803625895, "cnt": 0, "node": "AF-N86"}, "package_id": "PKG3609", "payload": {"status": "SENT"}, "sent_ts": 1758803610035, "arrival_ts": 1758803610123}
{"action": "recv", "src": "AF-N86", "dst": "EU-N68", "hlc": {"phys": 1758803626205, "cnt": 0, "node": "AF-N86"}, "package_id": "PKG3609", "payload": {"status": "IN_TRANSIT"}, "sent_ts": 1758803610345, "arrival_ts": 1758803610381}
{"action": "recv", "src": "AF-N86", "dst": "EU-N68", "hlc": {"phys": 1758803626425, "cnt": 0, "node": "AF-N86"}, "package_id": "PKG3609", "payload": {"status": "RECEIVED"}, "sent_ts": 1758803610565, "arrival_ts": 1758803610741}
{"action": "recv", "src": "AF-N86", "dst": "EU-N68", "hlc": {"phys": 1758803626810, "cnt": 0, "node": "AF-N86"}, "package_id": "PKG3609", "payload": {"status": "DELIVERED"}, "sent_ts": 1758803610950, "arrival_ts": 1758803611017}
{"action": "recv", "src": "AN-N197", "dst": "EU-N68", "hlc": {"phys": 1758805002696, "cnt": 0, "node": "AN-N197"}, "package_id": "PKG4970", "payload": {"status": "CREATED"}, "sent_ts": 1758804970726, "arrival_ts": 1758804970784}
{"action": "recv", "src": "AN-N197", "dst": "EU-N68", "hlc": {"phys": 1758805002965, "cnt": 0, "node": "AN-N197"}, "package_id": "PKG4970", "payload": {"status": "SENT"}, "sent_ts": 1758804970995, "arrival_ts": 1758804971148}
{"action": "recv", "src": "AN-N197", "dst": "EU-N68", "hlc": {"phys": 1758805003325, "cnt": 0, "node": "AN-N197"}, "package_id": "PKG4970", "payload": {"status": "IN_TRANSIT"}, "sent_ts": 1758804971355, "arrival_ts": 1758804971452}
{"action": "recv", "src": "AN-N197", "dst": "EU-N68", "hlc": {"phys": 1758805003635, "cnt": 0, "node": "AN-N197"}, "package_id": "PKG4970", "payload": {"status": "RECEIVED"}, "sent_ts": 1758804971665, "arrival_ts": 1758804971680}
{"action": "recv", "src": "AN-N197", "dst": "EU-N68", "hlc": {"phys": 1758805003852, "cnt": 0, "node": "AN-N197"}, "package_id": "PKG4970", "payload": {"status": "DELIVERED"}, "sent_ts": 1758804971882, "arrival_ts": 1758804971921}
{"action": "recv", "src": "NA-N156", "dst": "EU-N68", "hlc": {"phys": 1758813396346, "cnt": 0, "node": "NA-N156"}, "package_id": "PKG13394", "payload": {"status": "CREATED"}, "sent_ts": 1758813394786, "arrival_ts": 1758813394853}
{"action": "recv", "src": "NA-N156", "dst": "EU-N68", "hlc": {"phys": 1758813396612, "cnt": 0, "node": "NA-N156"}, "package_id": "PKG13394", "payload": {"status": "SENT"}, "sent_ts": 1758813395052, "arrival_ts": 1758813395223}
{"action": "recv", "src": "NA-N156", "dst": "EU-N68", "hlc": {"phys": 1758813396999, "cnt": 0, "node": "NA-N156"}, "package_id": "PKG13394", "payload": {"status": "IN_TRANSIT"}, "sent_ts": 1758813395439, "arrival_ts": 1758813395636}
{"action": "recv", "src": "NA-N156", "dst": "EU-N68", "hlc": {"phys": 1758813397399, "cnt": 0, "node": "NA-N156"}, "package_id": "PKG13394", "payload": {"status": "RECEIVED"}, "sent_ts": 1758813395839, "arrival_ts": 1758813396033}
{"action": "recv", "src": "NA-N156", "dst": "EU-N68", "hlc": {"phys": 1758813397802, "cnt": 0, "node": "NA-N156"}, "package_id": "PKG13394", "payload": {"status": "DELIVERED"}, "sent_ts": 1758813396242, "arrival_ts": 1758813396401}
{"action": "send", "src": "EU-N68", "dst": "AU-N171", "hlc": {"phys": 1758813776249, "cnt": 0, "node": "EU-N68"}, "package_id": "PKG13770", "payload": {"status": "CREATED"}, "sent_ts": 1758813770569, "arrival_ts": 1758813770569}
{"action": "send", "src": "EU-N68", "dst": "AU-N171", "hlc": {"phys": 1758813776515, "cnt": 0, "node": "EU-N68"}, "package_id": "PKG13770", "payload": {"status": "SENT"}, "sent_ts": 1758813770835, "arrival_ts": 1758813770835}
{"action": "send", "src": "EU-N68", "dst": "AU-N171", "hlc": {"phys": 1758813776797, "cnt": 0, "node": "EU-N68"}, "package_id": "PKG13770", "payload": {"status": "IN_TRANSIT"}, "sent_ts": 1758813771117, "arrival_ts": 1758813771117}
{"action": "send", "src": "EU-N68", "dst": "AU-N171", "hlc": {"phys": 1758813777138, "cnt": 0, "node": "EU-N68"}, "package_id": "PKG13770", "payload": {"status": "RECEIVED"}, "sent_ts": 1758813771458, "arrival_ts": 1758813771458}
{"action": "send", "src": "EU-N68", "dst": "AU-N171", "hlc": {"phys": 1758813777539, "cnt": 0, "node": "EU-N68"}, "package_id": "PKG13770", "payload": {"status": "DELIVERED"}, "sent_ts": 1758813771859, "arrival_ts": 1758813771859}
{"action": "send", "src": "EU-N68", "dst": "AF-N85", "hlc": {"phys": 1758814308821, "cnt": 0, "node": "EU-N68"}, "package_id": "PKG14303", "payload": {"status": "CREATED"}, "sent_ts": 1758814303141, "arrival_ts": 1758814303141}
{"action": "send", "src": "EU-N68", "dst": "AF-N85", "hlc": {"phys": 1758814309132, "cnt": 0, "node": "EU-N68"}, "package_id": "PKG14303", "payload": {"status": "SENT"}, "sent_ts": 1758814303452, "arrival_ts": 1758814303452}
{"action": "send", "src": "EU-N68", "dst": "AF-N85", "hlc": {"phys": 1758814309425, "cnt": 0, "node": "EU-N68"}, "package_id": "PKG14303", "payload": {"status": "IN_TRANSIT"}, "sent_ts": 1758814303745, "arrival_ts": 1758814303745}
{"action": "send", "src": "EU-N68", "dst": "AF-N85", "hlc": {"phys": 1758814309783, "cnt": 0, "node": "EU-N68"}, "package_id": "PKG14303", "payload": {"status": "RECEIVED"}, "sent_ts": 1758814304103, "arrival_ts": 1758814304103}
{"action": "send", "src": "EU-N68", "dst": "AF-N85", "hlc": {"phys": 1758814310048, "cnt": 0, "node": "EU-N68"}, "package_id": "PKG14303", "payload": {"status": "DELIVERED"}, "sent_ts": 1758814304368, "arrival_ts": 1758814304368}
