{"action": "recv", "src": "EU-N171", "dst": "EU-N34", "hlc": {"phys": 1758714086160, "cnt": 0, "node": "EU-N171"}, "package_id": "PKG14079", "payload": {"status": "CREATED"}, "sent_ts": 1758714079450, "arrival_ts": 1758714079591}
{"action": "recv", "src": "EU-N171", "dst": "EU-N34", "hlc": {"phys": 1758714086512, "cnt": 0, "node": "EU-N171"}, "package_id": "PKG14079", "payload": {"status": "SENT"}, "sent_ts": 1758714079802, "arrival_ts": 1758714079932}
{"action": "recv", "src": "EU-N171", "dst": "EU-N34", "hlc": {"phys": 1758714086855, "cnt": 0, "node": "EU-N171"}, "package_id": "PKG14079", "payload": {"status": "IN_TRANSIT"}, "sent_ts": 1758714080145, "arrival_ts": 1758714080309}
{"action": "recv", "src": "EU-N171", "dst": "EU-N34", "hlc": {"phys": 1758714087219, "cnt": 0, "node": "EU-N171"}, "package_id": "PKG14079", "payload": {"status": "RECEIVED"}, "sent_ts": 1758714080509, "arrival_ts": 1758714080708}
{"action": "recv", "src": "EU-N171", "dst": "EU-N34", "hlc": {"phys": 1758714087621, "cnt": 0, "node": "EU-N171"}, "package_id": "PKG14079", "payload": {"status": "DELIVERED"}, "sent_ts": 1758714080911, "arrival_ts": 1758714081058}
{"action": "recv", "src": "AS-N6", "dst": "EU-N34", "hlc": {"phys": 1758718829678, "cnt": 0, "node": "AS-N6"}, "package_id": "PKG18819", "payload": {"status": "CREATED"}, "sent_ts": 1758718819618, "arrival_ts": 1758718819720}
{"action": "recv", "src": "AS-N6", "dst": "EU-N34", "hlc": {"phys": 1758718829990, "cnt": 0, "node": "AS-N6"}, "package_id": "PKG18819", "payload": {"status": "SENT"}, "sent_ts": 1758718819930, "arrival_ts": 1758718820082}
{"action": "recv", "src": "AS-N6", "dst": "EU-N34", "hlc": {"phys": 1758718830348, "cnt": 0, "node": "AS-N6"}, "package_id": "PKG18819", "payload": {"status": "IN_TRANSIT"}, "sent_ts": 1758718820288, "arrival_ts": 1758718820483}
{"action": "recv", "src": "AS-N6", "dst": "EU-N34", "hlc": {"phys": 1758718830751, "cnt": 0, "node": "AS-N6"}, "package_id": "PKG18819", "payload": {"status": "RECEIVED"}, "sent_ts": 1758718820691, "arrival_ts": 1758718820829}
{"action": "recv", "src": "AS-N6", "dst": "EU-N34", "hlc": {"phys": 1758718831090, "cnt": 0, "node": "AS-N6"}, "package_id": "PKG18819", "payload": {"status": "DELIVERED"}, "sent_ts": 1758718821030, "arrival_ts": 1758718821069}
{"action": "recv", "src": "AS-N15", "dst": "EU-N34", "hlc": {"phys": 1758718981877, "cnt": 0, "node": "AS-N15"}, "package_id": "PKG18971", "payload": {"status": "CREATED"}, "sent_ts": 1758718971727, "arrival_ts": 1758718971806}
{"action": "recv", "src": "AS-N15", "dst": "EU-N34", "hlc": {"phys": 1758718982161, "cnt": 0, "node": "AS-N15"}, "package_id": "PKG18971", "payload": {"status": "SENT"}, "sent_ts": 1758718972011, "arrival_ts": 1758718972043}
{"action": "recv", "src": "AS-N15", "dst": "EU-N34", "hlc": {"phys": 1758718982400, "cnt": 0, "node": "AS-N15"}, "package_id": "PKG18971", "payload": {"status": "IN_TRANSIT"}, "sent_ts": 1758718972250, "arrival_ts": 1758718972346}
{"action": "recv", "src": "AS-N15", "dst": "EU-N34", "hlc": {"phys": 1758718982700, "cnt": 0, "node": "AS-N15"}, "package_id": "PKG18971", "payload": {"status": "RECEIVED"}, "sent_ts": 1758718972550, "arrival_ts": 1758718972640}
{"action": "recv", "src": "AS-N15", "dst": "EU-N34", "hlc": {"phys": 1758718983000, "cnt": 0, "node": "AS-N15"}, "package_id": "PKG18971", "payload": {"status": "DELIVERED"}, "sent_ts": 1758718972850, "arrival_ts": 1758718972994}
{"action": "recv", "src": "EU-N55", "dst": "EU-N34", "hlc": {"phys": 1758719005720, "cnt": 0, "node": "EU-N55"}, "package_id": "PKG19000", "payload": {"status": "CREATED"}, "sent_ts": 1758719000170, "arrival_ts": 1758719000290}
{"action": "recv", "src": "EU-N55", "dst": "EU-N34", "hlc": {"phys": 1758719006048, "cnt": 0, "node": "EU-N55"}, "package_id": "PKG19000", "payload": {"status": "SENT"}, "sent_ts": 1758719000498, "arrival_ts": 1758719000666}
{"action": "recv", "src": "EU-N55", "dst": "EU-N34", "hlc": {"phys": 1758719006420, "cnt": 0, "node": "EU-N55"}, "package_id": "PKG19000", "payload": {"status": "IN_TRANSIT"}, "sent_ts": 1758719000870, "arrival_ts": 1758719000912}
{"action": "recv", "src": "EU-N55", "dst": "EU-N34", "hlc": {"phys": 1758719006667, "cnt": 0, "node": "EU-N55"}, "package_id": "PKG19000", "payload": {"status": "RECEIVED"}, "sent_ts": 1758719001117, "arrival_ts": 1758719001229}
{"action": "recv", "src": "EU-N55", "dst": "EU-N34", "hlc": {"phys": 1758719006989, "cnt": 0, "node": "EU-N55"}, "package_id": "PKG19000", "payload": {"status": "DELIVERED"}, "sent_ts": 1758719001439, "arrival_ts": 1758719001527}
{"action": "send", "src": "EU-N34", "dst": "AU-N36", "hlc": {"phys": 1758737845953, "cnt": 0, "node": "EU-N34"}, "package_id": "PKG37840", "payload": {"status": "CREATED"}, "sent_ts": 1758737840613, "arrival_ts": 1758737840613}
{"action": "send", "src": "EU-N34", "dst": "AU-N36", "hlc": {"phys": 1758737846233, "cnt": 0, "node": "EU-N34"}, "package_id": "PKG37840", "payload": {"status": "SENT"}, "sent_ts": 1758737840893, "arrival_ts": 1758737840893}
{"action": "send", "src": "EU-N34", "dst": "AU-N36", "hlc": {"phys": 1758737846604, "cnt": 0, "node": "EU-N34"}, "package_id": "PKG37840", "payload": {"status": "IN_TRANSIT"}, "sent_ts": 1758737841264, "arrival_ts": 1758737841264}
{"action": "send", "src": "EU-N34", "dst": "AU-N36", "hlc": {"phys": 1758737846868, "cnt": 0, "node": "EU-N34"}, "package_id": "PKG37840", "payload": {"status": "RECEIVED"}, "sent_ts": 1758737841528, "arrival_ts": 1758737841528}
{"action": "send", "src": "EU-N34", "dst": "AU-N36", "hlc": {"phys": 1758737847160, "cnt": 0, "node": "EU-N34"}, "package_id": "PKG37840", "payload": {"status": "DELIVERED"}, "sent_ts": 1758737841820, "arrival_ts": 1758737841820}
{"action": "recv", "src": "AF-N83", "dst": "EU-N34", "hlc": {"phys": 1758739659780, "cnt": 0, "node": "AF-N83"}, "package_id": "PKG39643", "payload": {"status": "CREATED"}, "sent_ts": 1758739643950, "arrival_ts": 1758739644040}
{"action": "recv", "src": "AF-N83", "dst": "EU-N34", "hlc": {"phys": 1758739660080, "cnt": 0, "node": "AF-N83"}, "package_id": "PKG39643", "payload": {"status": "SENT"}, "sent_ts": 1758739644250, "arrival_ts": 1758739644307}
{"action": "recv", "src": "AF-N83", "dst": "EU-N34", "hlc": {"phys": 1758739660338, "cnt": 0, "node": "AF-N83"}, "package_id": "PKG39643", "payload": {"status": "IN_TRANSIT"}, "sent_ts": 1758739644508, "arrival_ts": 1758739644604}
{"action": "recv", "src": "AF-N83", "dst": "EU-N34", "hlc": {"phys": 1758739660637, "cnt": 0, "node": "AF-N83"}, "package_id": "PKG39643", "payload": {"status": "RECEIVED"}, "sent_ts": 1758739644807, "arrival_ts": 1758739644821}
{"action": "recv", "src": "AF-N83", "dst": "EU-N34", "hlc": {"phys": 1758739660849, "cnt": 0, "node": "AF-N83"}, "package_id": "PKG39643", "payload": {"status": "DELIVERED"}, "sent_ts": 1758739645019, "arrival_ts": 1758739645055}
{"action": "send", "src": "EU-N34", "dst": "NA-N62", "hlc": {"phys": 1758740918038, "cnt": 0, "node": "EU-N34"}, "package_id": "PKG40912", "payload": {"status": "CREATED"}, "sent_ts": 1758740912698, "arrival_ts": 1758740912698}
{"action": "send", "src": "EU-N34", "dst": "NA-N62", "hlc": {"phys": 1758740918346, "cnt": 0, "node": "EU-N34"}, "package_id": "PKG40912", "payload": {"status": "SENT"}, "sent_ts": 1758740913006, "arrival_ts": 1758740913006}
{"action": "send", "src": "EU-N34", "dst": "NA-N62", "hlc": {"phys": 1758740918738, "cnt": 0, "node": "EU-N34"}, "package_id": "PKG40912", "payload": {"status": "IN_TRANSIT"}, "sent_ts": 1758740913398, "arrival_ts": 1758740913398}
{"action": "send", "src": "EU-N34", "dst": "NA-N62", "hlc": {"phys": 1758740919059, "cnt": 0, "node": "EU-N34"}, "package_id": "PKG40912", "payload": {"status": "RECEIVED"}, "sent_ts": 1758740913719, "arrival_ts": 1758740913719}
{"action": "send", "src": "EU-N34", "dst": "NA-N62", "hlc": {"phys": 1758740919419, "cnt": 0, "node": "EU-N34"}, "package_id": "PKG40912", "payload": {"status": "DELIVERED"}, "sent_ts": 1758740914079, "arrival_ts": 1758740914079}
{"action": "recv", "src": "NA-N174", "dst": "EU-N34", "hlc": {"phys": 1758746615805, "cnt": 0, "node": "NA-N174"}, "package_id": "PKG46614", "payload": {"status": "CREATED"}, "sent_ts": 1758746614065, "arrival_ts": 1758746614151}
{"action": "recv", "src": "NA-N174", "dst": "EU-N34", "hlc": {"phys": 1758746616099, "cnt": 0, "node": "NA-N174"}, "package_id": "PKG46614", "payload": {"status": "SENT"}, "sent_ts": 1758746614359, "arrival_ts": 1758746614406}
{"action": "recv", "src": "NA-N174", "dst": "EU-N34", "hlc": {"phys": 1758746616362, "cnt": 0, "node": "NA-N174"}, "package_id": "PKG46614", "payload": {"status": "IN_TRANSIT"}, "sent_ts": 1758746614622, "arrival_ts": 1758746614770}
{"action": "recv", "src": "NA-N174", "dst": "EU-N34", "hlc": {"phys": 1758746616719, "cnt": 0, "node": "NA-N174"}, "package_id": "PKG46614", "payload": {"status": "RECEIVED"}, "sent_ts": 1758746614979, "arrival_ts": 1758746615114}
{"action": "recv", "src": "NA-N174", "dst": "EU-N34", "hlc": {"phys": 1758746617058, "cnt": 0, "node": "NA-N174"}, "package_id": "PKG46614", "payload": {"status": "DELIVERED"}, "sent_ts": 1758746615318, "arrival_ts": 1758746615329}
{"action": "send", "src": "EU-N34", "dst": "AN-N170", "hlc": {"phys": 1758748539726, "cnt": 0, "node": "EU-N34"}, "package_id": "PKG48534", "payload": {"status": "CREATED"}, "sent_ts": 1758748534386, "arrival_ts": 1758748534386}
{"action": "send", "src": "EU-N34", "dst": "AN-N170", "hlc": {"phys": 1758748540035, "cnt": 0, "node": "EU-N34"}, "package_id": "PKG48534", "payload": {"status": "SENT"}, "sent_ts": 1758748534695, "arrival_ts": 1758748534695}
{"action": "send", "src": "EU-N34", "dst": "AN-N170", "hlc": {"phys": 1758748540312, "cnt": 0, "node": "EU-N34"}, "package_id": "PKG48534", "payload": {"status": "IN_TRANSIT"}, "sent_ts": 1758748534972, "arrival_ts": 1758748534972}
{"action": "send", "src": "EU-N34", "dst": "AN-N170", "hlc": {"phys": 1758748540654, "cnt": 0, "node": "EU-N34"}, "package_id": "PKG48534", "payload": {"status": "RECEIVED"}, "sent_ts": 1758748535314, "arrival_ts": 1758748535314}
{"action": "send", "src": "EU-N34", "dst": "AN-N170", "hlc": {"phys": 1758748540922, "cnt": 0, "node": "EU-N34"}, "package_id": "PKG48534", "payload": {"status": "DELIVERED"}, "sent_ts": 1758748535582, "arrival_ts": 1758748535582}
{"action": "recv", "src": "SA-N107", "dst": "EU-N34", "hlc": {"phys": 1758751826899, "cnt": 0, "node": "SA-N107"}, "package_id": "PKG51805", "payload": {"status": "CREATED"}, "sent_ts": 1758751805829, "arrival_ts": 1758751805954}
{"action": "recv", "src": "SA-N107", "dst": "EU-N34", "hlc": {"phys": 1758751827230, "cnt": 0, "node": "SA-N107"}, "package_id": "PKG51805", "payload": {"status": "SENT"}, "sent_ts": 1758751806160, "arrival_ts": 1758751806199}
{"action": "recv", "src": "SA-N107", "dst": "EU-N34", "hlc": {"phys": 1758751827468, "cnt": 0, "node": "SA-N107"}, "package_id": "PKG51805", "payload": {"status": "IN_TRANSIT"}, "sent_ts": 1758751806398, "arrival_ts": 1758751806483}
{"action": "recv", "src": "SA-N107", "dst": "EU-N34", "hlc": {"phys": 1758751827755, "cnt": 0, "node": "SA-N107"}, "package_id": "PKG51805", "payload": {"status": "RECEIVED"}, "sent_ts": 1758751806685, "arrival_ts": 1758751806834}
{"action": "recv", "src": "SA-N107", "dst": "EU-N34", "hlc": {"phys": 1758751828103, "cnt": 0, "node": "SA-N107"}, "package_id": "PKG51805", "payload": {"status": "DELIVERED"}, "sent_ts": 1758751807033, "arrival_ts": 1758751807178}
{"action": "recv", "src": "SA-N10", "dst": "EU-N34", "hlc": {"phys": 1758753354662, "cnt": 0, "node": "SA-N10"}, "package_id": "PKG53334", "payload": {"status": "CREATED"}, "sent_ts": 1758753334562, "arrival_ts": 1758753334600}
{"action": "recv", "src": "SA-N10", "dst": "EU-N34", "hlc": {"phys": 1758753354903, "cnt": 0, "node": "SA-N10"}, "package_id": "PKG53334", "payload": {"status": "SENT"}, "sent_ts": 1758753334803, "arrival_ts": 1758753334895}
{"action": "recv", "src": "SA-N10", "dst": "EU-N34", "hlc": {"phys": 1758753355215, "cnt": 0, "node": "SA-N10"}, "package_id": "PKG53334", "payload": {"status": "IN_TRANSIT"}, "sent_ts": 1758753335115, "arrival_ts": 1758753335180}
{"action": "recv", "src": "SA-N10", "dst": "EU-N34", "hlc": {"phys": 1758753355487, "cnt": 0, "node": "SA-N10"}, "package_id": "PKG53334", "payload": {"status": "RECEIVED"}, "sent_ts": 1758753335387, "arrival_ts": 1758753335448}
{"action": "recv", "src": "SA-N10", "dst": "EU-N34", "hlc": {"phys": 1758753355757, "cnt": 0, "node": "SA-N10"}, "package_id": "PKG53334", "payload": {"status": "DELIVERED"}, "sent_ts": 1758753335657, "arrival_ts": 1758753335816}
{"action": "send", "src": "EU-N34", "dst": "AF-N189", "hlc": {"phys": 1758753772421, "cnt": 0, "node": "EU-N34"}, "package_id": "PKG53767", "payload": {"status": "CREATED"}, "sent_ts": 1758753767081, "arrival_ts": 1758753767081}
{"action": "send", "src": "EU-N34", "dst": "AF-N189", "hlc": {"phys": 1758753772759, "cnt": 0, "node": "EU-N34"}, "package_id": "PKG53767", "payload": {"status": "SENT"}, "sent_ts": 1758753767419, "arrival_ts": 1758753767419}
{"action": "send", "src": "EU-N34", "dst": "AF-N189", "hlc": {"phys": 1758753773112, "cnt": 0, "node": "EU-N34"}, "package_id": "PKG53767", "payload": {"status": "IN_TRANSIT"}, "sent_ts": 1758753767772, "arrival_ts": 1758753767772}
{"action": "send", "src": "EU-N34", "dst": "AF-N189", "hlc": {"phys": 1758753773362, "cnt": 0, "node": "EU-N34"}, "package_id": "PKG53767", "payload": {"status": "RECEIVED"}, "sent_ts": 1758753768022, "arrival_ts": 1758753768022}
{"action": "send", "src": "EU-N34", "dst": "AF-N189", "hlc": {"phys": 1758753773742, "cnt": 0, "node": "EU-N34"}, "package_id": "PKG53767", "payload": {"status": "DELIVERED"}, "sent_ts": 1758753768402, "arrival_ts": 1758753768402}
{"action": "recv", "src": "AU-N64", "dst": "EU-N34", "hlc": {"phys": 1758758132361, "cnt": 0, "node": "AU-N64"}, "package_id": "PKG58106", "payload": {"status": "CREATED"}, "sent_ts": 1758758106721, "arrival_ts": 1758758106875}
{"action": "recv", "src": "AU-N64", "dst": "EU-N34", "hlc": {"phys": 1758758132728, "cnt": 0, "node": "AU-N64"}, "package_id": "PKG58106", "payload": {"status": "SENT"}, "sent_ts": 1758758107088, "arrival_ts": 1758758107136}
{"action": "recv", "src": "AU-N64", "dst": "EU-N34", "hlc": {"phys": 1758758132981, "cnt": 0, "node": "AU-N64"}, "package_id": "PKG58106", "payload": {"status": "IN_TRANSIT"}, "sent_ts": 1758758107341, "arrival_ts": 1758758107370}
{"action": "recv", "src": "AU-N64", "dst": "EU-N34", "hlc": {"phys": 1758758133213, "cnt": 0, "node": "AU-N64"}, "package_id": "PKG58106", "payload": {"status": "RECEIVED"}, "sent_ts": 1758758107573, "arrival_ts": 1758758107690}
{"action": "recv", "src": "AU-N64", "dst": "EU-N34", "hlc": {"phys": 1758758133547, "cnt": 0, "node": "AU-N64"}, "package_id": "PKG58106", "payload": {"status": "DELIVERED"}, "sent_ts": 1758758107907, "arrival_ts": 1758758108082}
{"action": "recv", "src": "NA-N39", "dst": "EU-N34", "hlc": {"phys": 1758758441012, "cnt": 0, "node": "NA-N39"}, "package_id": "PKG58440", "payload": {"status": "CREATED"}, "sent_ts": 1758758440622, "arrival_ts": 1758758440749}
{"action": "recv", "src": "NA-N39", "dst": "EU-N34", "hlc": {"phys": 1758758441341, "cnt": 0, "node": "NA-N39"}, "package_id": "PKG58440", "payload": {"status": "SENT"}, "sent_ts": 1758758440951, "arrival_ts": 1758758441040}
{"action": "recv", "src": "NA-N39", "dst": "EU-N34", "hlc": {"phys": 1758758441628, "cnt": 0, "node": "NA-N39"}, "package_id": "PKG58440", "payload": {"status": "IN_TRANSIT"}, "sent_ts": 1758758441238, "arrival_ts": 1758758441338}
{"action": "recv", "src": "NA-N39", "dst": "EU-N34", "hlc": {"phys": 1758758441932, "cnt": 0, "node": "NA-N39"}, "package_id": "PKG58440", "payload": {"status": "RECEIVED"}, "sent_ts": 1758758441542, "arrival_ts": 1758758441710}
{"action": "recv", "src": "NA-N39", "dst": "EU-N34", "hlc": {"phys": 1758758442298, "cnt": 0, "node": "NA-N39"}, "package_id": "PKG58440", "payload": {"status": "DELIVERED"}, "sent_ts": 1758758441908, "arrival_ts": 1758758442021}
{"action": "recv", "src": "AN-N41", "dst": "EU-N34", "hlc": {"phys": 1758761515856, "cnt": 0, "node": "AN-N41"}, "package_id": "PKG61485", "payload": {"status": "CREATED"}, "sent_ts": 1758761485446, "arrival_ts": 1758761485519}
{"action": "recv", "src": "AN-N41", "dst": "EU-N34", "hlc": {"phys": 1758761516146, "cnt": 0, "node": "AN-N41"}, "package_id": "PKG61485", "payload": {"status": "SENT"}, "sent_ts": 1758761485736, "arrival_ts": 1758761485799}
{"action": "recv", "src": "AN-N41", "dst": "EU-N34", "hlc": {"phys": 1758761516420, "cnt": 0, "node": "AN-N41"}, "package_id": "PKG61485", "payload": {"status": "IN_TRANSIT"}, "sent_ts": 1758761486010, "arrival_ts": 1758761486167}
{"action": "recv", "src": "AN-N41", "dst": "EU-N34", "hlc": {"phys": 1758761516778, "cnt": 0, "node": "AN-N41"}, "package_id": "PKG61485", "payload": {"status": "RECEIVED"}, "sent_ts": 1758761486368, "arrival_ts": 1758761486380}
{"action": "recv", "src": "AN-N41", "dst": "EU-N34", "hlc": {"phys": 1758761516993, "cnt": 0, "node": "AN-N41"}, "package_id": "PKG61485", "payload": {"status": "DELIVERED"}, "sent_ts": 1758761486583, "arrival_ts": 1758761486692}
{"action": "send", "src": "EU-N34", "dst": "AF-N5", "hlc": {"phys": 1758802754610, "cnt": 0, "node": "EU-N34"}, "package_id": "PKG2749", "payload": {"status": "CREATED"}, "sent_ts": 1758802749270, "arrival_ts": 1758802749270}
{"action": "send", "src": "EU-N34", "dst": "AF-N5", "hlc": {"phys": 1758802754886, "cnt": 0, "node": "EU-N34"}, "package_id": "PKG2749", "payload": {"status": "SENT"}, "sent_ts": 1758802749546, "arrival_ts": 1758802749546}
{"action": "send", "src": "EU-N34", "dst": "AF-N5", "hlc": {"phys": 1758802755230, "cnt": 0, "node": "EU-N34"}, "package_id": "PKG2749", "payload": {"status": "IN_TRANSIT"}, "sent_ts": 1758802749890, "arrival_ts": 1758802749890}
{"action": "send", "src": "EU-N34", "dst": "AF-N5", "hlc": {"phys": 1758802755619, "cnt": 0, "node": "EU-N34"}, "package_id": "PKG2749", "payload": {"status": "RECEIVED"}, "sent_ts": 1758802750279, "arrival_ts": 1758802750279}
{"action": "send", "src": "EU-N34", "dst": "AF-N5", "hlc": {"phys": 1758802755977, "cnt": 0, "node": "EU-N34"}, "package_id": "PKG2749", "payload": {"status": "DELIVERED"}, "sent_ts": 1758802750637, "arrival_ts": 1758802750637}
{"action": "send", "src": "EU-N34", "dst": "AN-N119", "hlc": {"phys": 1758802757265, "cnt": 0, "node": "EU-N34"}, "package_id": "PKG2751", "payload": {"status": "CREATED"}, "sent_ts": 1758802751925, "arrival_ts": 1758802751925}
{"action": "send", "src": "EU-N34", "dst": "AN-N119", "hlc": {"phys": 1758802757518, "cnt": 0, "node": "EU-N34"}, "package_id": "PKG2751", "payload": {"status": "SENT"}, "sent_ts": 1758802752178, "arrival_ts": 1758802752178}
{"action": "send", "src": "EU-N34", "dst": "AN-N119", "hlc": {"phys": 1758802757774, "cnt": 0, "node": "EU-N34"}, "package_id": "PKG2751", "payload": {"status": "IN_TRANSIT"}, "sent_ts": 1758802752434, "arrival_ts": 1758802752434}
{"action": "send", "src": "EU-N34", "dst": "AN-N119", "hlc": {"phys": 1758802758169, "cnt": 0, "node": "EU-N34"}, "package_id": "PKG2751", "payload": {"status": "RECEIVED"}, "sent_ts": 1758802752829, "arrival_ts": 1758802752829}
{"action": "send", "src": "EU-N34", "dst": "AN-N119", "hlc": {"phys": 1758802758509, "cnt": 0, "node": "EU-N34"}, "package_id": "PKG2751", "payload": {"status": "DELIVERED"}, "sent_ts": 1758802753169, "arrival_ts": 1758802753169}
{"action": "recv", "src": "AS-N48", "dst": "EU-N34", "hlc": {"phys": 1758803285845, "cnt": 0, "node": "AS-N48"}, "package_id": "PKG3275", "payload": {"status": "CREATED"}, "sent_ts": 1758803275365, "arrival_ts": 1758803275557}
{"action": "recv", "src": "AS-N48", "dst": "EU-N34", "hlc": {"phys": 1758803286238, "cnt": 0, "node": "AS-N48"}, "package_id": "PKG3275", "payload": {"status": "SENT"}, "sent_ts": 1758803275758, "arrival_ts": 1758803275832}
{"action": "recv", "src": "AS-N48", "dst": "EU-N34", "hlc": {"phys": 1758803286514, "cnt": 0, "node": "AS-N48"}, "package_id": "PKG3275", "payload": {"status": "IN_TRANSIT"}, "sent_ts": 1758803276034, "arrival_ts": 1758803276158}
{"action": "recv", "src": "AS-N48", "dst": "EU-N34", "hlc": {"phys": 1758803289751, "cnt": 0, "node": "AS-N48"}, "package_id": "PKG3275", "payload": {"status": "RECEIVED"}, "sent_ts": 1758803279271, "arrival_ts": 1758803279475}
{"action": "recv", "src": "AS-N48", "dst": "EU-N34", "hlc": {"phys": 1758803290171, "cnt": 0, "node": "AS-N48"}, "package_id": "PKG3275", "payload": {"status": "DELIVERED"}, "sent_ts": 1758803279691, "arrival_ts": 1758803279881}
{"action": "recv", "src": "AF-N99", "dst": "EU-N34", "hlc": {"phys": 1758803530347, "cnt": 0, "node": "AF-N99"}, "package_id": "PKG3514", "payload": {"status": "CREATED"}, "sent_ts": 1758803514357, "arrival_ts": 1758803514466}
{"action": "recv", "src": "AF-N99", "dst": "EU-N34", "hlc": {"phys": 1758803530673, "cnt": 0, "node": "AF-N99"}, "package_id": "PKG3514", "payload": {"status": "SENT"}, "sent_ts": 1758803514683, "arrival_ts": 1758803514803}
{"action": "recv", "src": "AF-N99", "dst": "EU-N34", "hlc": {"phys": 1758803531001, "cnt": 0, "node": "AF-N99"}, "package_id": "PKG3514", "payload": {"status": "IN_TRANSIT"}, "sent_ts": 1758803515011, "arrival_ts": 1758803515208}
{"action": "recv", "src": "AF-N99", "dst": "EU-N34", "hlc": {"phys": 1758803531405, "cnt": 0, "node": "AF-N99"}, "package_id": "PKG3514", "payload": {"status": "RECEIVED"}, "sent_ts": 1758803515415, "arrival_ts": 1758803515583}
{"action": "recv", "src": "AF-N99", "dst": "EU-N34", "hlc": {"phys": 1758803531761, "cnt": 0, "node": "AF-N99"}, "package_id": "PKG3514", "payload": {"status": "DELIVERED"}, "sent_ts": 1758803515771, "arrival_ts": 1758803515864}
{"action": "send", "src": "EU-N34", "dst": "EU-N56", "hlc": {"phys": 1758810250127, "cnt": 0, "node": "EU-N34"}, "package_id": "PKG10244", "payload": {"status": "CREATED"}, "sent_ts": 1758810244787, "arrival_ts": 1758810244787}
{"action": "send", "src": "EU-N34", "dst": "EU-N56", "hlc": {"phys": 1758810250372, "cnt": 0, "node": "EU-N34"}, "package_id": "PKG10244", "payload": {"status": "SENT"}, "sent_ts": 1758810245032, "arrival_ts": 1758810245032}
{"action": "send", "src": "EU-N34", "dst": "EU-N56", "hlc": {"phys": 1758810250636, "cnt": 0, "node": "EU-N34"}, "package_id": "PKG10244", "payload": {"status": "IN_TRANSIT"}, "sent_ts": 1758810245296, "arrival_ts": 1758810245296}
{"action": "send", "src": "EU-N34", "dst": "EU-N56", "hlc": {"phys": 1758810250980, "cnt": 0, "node": "EU-N34"}, "package_id": "PKG10244", "payload": {"status": "RECEIVED"}, "sent_ts": 1758810245640, "arrival_ts": 1758810245640}
{"action": "send", "src": "EU-N34", "dst": "EU-N56", "hlc": {"phys": 1758810251335, "cnt": 0, "node": "EU-N34"}, "package_id": "PKG10244", "payload": {"status": "DELIVERED"}, "sent_ts": 1758810245995, "arrival_ts": 1758810245995}
{"action": "recv", "src": "EU-N60", "dst": "EU-N34", "hlc": {"phys": 1758810495711, "cnt": 0, "node": "EU-N60"}, "package_id": "PKG10490", "payload": {"status": "CREATED"}, "sent_ts": 1758810490111, "arrival_ts": 1758810490192}
{"action": "recv", "src": "EU-N60", "dst": "EU-N34", "hlc": {"phys": 1758810495990, "cnt": 0, "node": "EU-N60"}, "package_id": "PKG10490", "payload": {"status": "SENT"}, "sent_ts": 1758810490390, "arrival_ts": 1758810490416}
{"action": "recv", "src": "EU-N60", "dst": "EU-N34", "hlc": {"phys": 1758810496222, "cnt": 0, "node": "EU-N60"}, "package_id": "PKG10490", "payload": {"status": "IN_TRANSIT"}, "sent_ts": 1758810490622, "arrival_ts": 1758810490710}
{"action": "recv", "src": "EU-N60", "dst": "EU-N34", "hlc": {"phys": 1758810496518, "cnt": 0, "node": "EU-N60"}, "package_id": "PKG10490", "payload": {"status": "RECEIVED"}, "sent_ts": 1758810490918, "arrival_ts": 1758810491109}
{"action": "recv", "src": "EU-N60", "dst": "EU-N34", "hlc": {"phys": 1758810496920, "cnt": 0, "node": "EU-N60"}, "package_id": "PKG10490", "payload": {"status": "DELIVERED"}, "sent_ts": 1758810491320, "arrival_ts": 1758810491456}
{"action": "recv", "src": "AS-N87", "dst": "EU-N34", "hlc": {"phys": 1758811622186, "cnt": 0, "node": "AS-N87"}, "package_id": "PKG11611", "payload": {"status": "CREATED"}, "sent_ts": 1758811611316, "arrival_ts": 1758811611485}
{"action": "recv", "src": "AS-N87", "dst": "EU-N34", "hlc": {"phys": 1758811622560, "cnt": 0, "node": "AS-N87"}, "package_id": "PKG11611", "payload": {"status": "SENT"}, "sent_ts": 1758811611690, "arrival_ts": 1758811611861}
{"action": "recv", "src": "AS-N87", "dst": "EU-N34", "hlc": {"phys": 1758811622945, "cnt": 0, "node": "AS-N87"}, "package_id": "PKG11611", "payload": {"status": "IN_TRANSIT"}, "sent_ts": 1758811612075, "arrival_ts": 1758811612225}
{"action": "recv", "src": "AS-N87", "dst": "EU-N34", "hlc": {"phys": 1758811623316, "cnt": 0, "node": "AS-N87"}, "package_id": "PKG11611", "payload": {"status": "RECEIVED"}, "sent_ts": 1758811612446, "arrival_ts": 1758811612463}
{"action": "recv", "src": "AS-N87", "dst": "EU-N34", "hlc": {"phys": 1758811623533, "cnt": 0, "node": "AS-N87"}, "package_id": "PKG11611", "payload": {"status": "DELIVERED"}, "sent_ts": 1758811612663, "arrival_ts": 1758811612778}
{"action": "recv", "src": "AU-N75", "dst": "EU-N34", "hlc": {"phys": 1758812910811, "cnt": 0, "node": "AU-N75"}, "package_id": "PKG12885", "payload": {"status": "CREATED"}, "sent_ts": 1758812885061, "arrival_ts": 1758812885144}
{"action": "recv", "src": "AU-N75", "dst": "EU-N34", "hlc": {"phys": 1758812911103, "cnt": 0, "node": "AU-N75"}, "package_id": "PKG12885", "payload": {"status": "SENT"}, "sent_ts": 1758812885353, "arrival_ts": 1758812885516}
{"action": "recv", "src": "AU-N75", "dst": "EU-N34", "hlc": {"phys": 1758812911489, "cnt": 0, "node": "AU-N75"}, "package_id": "PKG12885", "payload": {"status": "IN_TRANSIT"}, "sent_ts": 1758812885739, "arrival_ts": 1758812885882}
{"action": "recv", "src": "AU-N75", "dst": "EU-N34", "hlc": {"phys": 1758812911829, "cnt": 0, "node": "AU-N75"}, "package_id": "PKG12885", "payload": {"status": "RECEIVED"}, "sent_ts": 1758812886079, "arrival_ts": 1758812886183}
{"action": "recv", "src": "AU-N75", "dst": "EU-N34", "hlc": {"phys": 1758812912140, "cnt": 0, "node": "AU-N75"}, "package_id": "PKG12885", "payload": {"status": "DELIVERED"}, "sent_ts": 1758812886390, "arrival_ts": 1758812886482}
{"action": "recv", "src": "AU-N31", "dst": "EU-N34", "hlc": {"phys": 1758815463068, "cnt": 0, "node": "AU-N31"}, "package_id": "PKG15437", "payload": {"status": "CREATED"}, "sent_ts": 1758815437758, "arrival_ts": 1758815437930}
{"action": "recv", "src": "AU-N31", "dst": "EU-N34", "hlc": {"phys": 1758815463442, "cnt": 0, "node": "AU-N31"}, "package_id": "PKG15437", "payload": {"status": "SENT"}, "sent_ts": 1758815438132, "arrival_ts": 1758815438230}
{"action": "recv", "src": "AU-N31", "dst": "EU-N34", "hlc": {"phys": 1758815463735, "cnt": 0, "node": "AU-N31"}, "package_id": "PKG15437", "payload": {"status": "IN_TRANSIT"}, "sent_ts": 1758815438425, "arrival_ts": 1758815438572}
{"action": "recv", "src": "AU-N31", "dst": "EU-N34", "hlc": {"phys": 1758815464076, "cnt": 0, "node": "AU-N31"}, "package_id": "PKG15437", "payload": {"status": "RECEIVED"}, "sent_ts": 1758815438766, "arrival_ts": 1758815438904}
{"action": "recv", "src": "AU-N31", "dst": "EU-N34", "hlc": {"phys": 1758815464432, "cnt": 0, "node": "AU-N31"}, "package_id": "PKG15437", "payload": {"status": "DELIVERED"}, "sent_ts": 1758815439122, "arrival_ts": 1758815439204}
{"action": "send", "src": "EU-N34", "dst": "SA-N22", "hlc": {"phys": 1758815576100, "cnt": 0, "node": "EU-N34"}, "package_id": "PKG15570", "payload": {"status": "CREATED"}, "sent_ts": 1758815570760, "arrival_ts": 1758815570760}
{"action": "send", "src": "EU-N34", "dst": "SA-N22", "hlc": {"phys": 1758815576452, "cnt": 0, "node": "EU-N34"}, "package_id": "PKG15570", "payload": {"status": "SENT"}, "sent_ts": 1758815571112, "arrival_ts": 1758815571112}
{"action": "send", "src": "EU-N34", "dst": "SA-N22", "hlc": {"phys": 1758815576685, "cnt": 0, "node": "EU-N34"}, "package_id": "PKG15570", "payload": {"status": "IN_TRANSIT"}, "sent_ts": 1758815571345, "arrival_ts": 1758815571345}
{"action": "send", "src": "EU-N34", "dst": "SA-N22", "hlc": {"phys": 1758815577093, "cnt": 0, "node": "EU-N34"}, "package_id": "PKG15570", "payload": {"status": "RECEIVED"}, "sent_ts": 1758815571753, "arrival_ts": 1758815571753}
{"action": "send", "src": "EU-N34", "dst": "SA-N22", "hlc": {"phys": 1758815577385, "cnt": 0, "node": "EU-N34"}, "package_id": "PKG15570", "payload": {"status": "DELIVERED"}, "sent_ts": 1758815572045, "arrival_ts": 1758815572045}
