{"action": "send", "src": "EU-N23", "dst": "AN-N166", "hlc": {"phys": 1758738183206, "cnt": 0, "node": "EU-N23"}, "package_id": "PKG38177", "payload": {"status": "CREATED"}, "sent_ts": 1758738177976, "arrival_ts": 1758738177976}
{"action": "send", "src": "EU-N23", "dst": "AN-N166", "hlc": {"phys": 1758738183483, "cnt": 0, "node": "EU-N23"}, "package_id": "PKG38177", "payload": {"status": "SENT"}, "sent_ts": 1758738178253, "arrival_ts": 1758738178253}
{"action": "send", "src": "EU-N23", "dst": "AN-N166", "hlc": {"phys": 1758738183851, "cnt": 0, "node": "EU-N23"}, "package_id": "PKG38177", "payload": {"status": "IN_TRANSIT"}, "sent_ts": 1758738178621, "arrival_ts": 1758738178621}
{"action": "send", "src": "EU-N23", "dst": "AN-N166", "hlc": {"phys": 1758738184079, "cnt": 0, "node": "EU-N23"}, "package_id": "PKG38177", "payload": {"status": "RECEIVED"}, "sent_ts": 1758738178849, "arrival_ts": 1758738178849}
{"action": "send", "src": "EU-N23", "dst": "AN-N166", "hlc": {"phys": 1758738184366, "cnt": 0, "node": "EU-N23"}, "package_id": "PKG38177", "payload": {"status": "DELIVERED"}, "sent_ts": 1758738179136, "arrival_ts": 1758738179136}
{"action": "send", "src": "EU-N23", "dst": "EU-N160", "hlc": {"phys": 1758739784555, "cnt": 0, "node": "EU-N23"}, "package_id": "PKG39779", "payload": {"status": "CREATED"}, "sent_ts": 1758739779325, "arrival_ts": 1758739779325}
{"action": "send", "src": "EU-N23", "dst": "EU-N160", "hlc": {"phys": 1758739784857, "cnt": 0, "node": "EU-N23"}, "package_id": "PKG39779", "payload": {"status": "SENT"}, "sent_ts": 1758739779627, "arrival_ts": 1758739779627}
{"action": "send", "src": "EU-N23", "dst": "EU-N160", "hlc": {"phys": 1758739785127, "cnt": 0, "node": "EU-N23"}, "package_id": "PKG39779", "payload": {"status": "IN_TRANSIT"}, "sent_ts": 1758739779896, "arrival_ts": 1758739779897}
{"action": "send", "src": "EU-N23", "dst": "EU-N160", "hlc": {"phys": 1758739785488, "cnt": 0, "node": "EU-N23"}, "package_id": "PKG39779", "payload": {"status": "RECEIVED"}, "sent_ts": 1758739780258, "arrival_ts": 1758739780258}
{"action": "send", "src": "EU-N23", "dst": "EU-N160", "hlc": {"phys": 1758739785790, "cnt": 0, "node": "EU-N23"}, "package_id": "PKG39779", "payload": {"status": "DELIVERED"}, "sent_ts": 1758739780560, "arrival_ts": 1758739780560}
{"action": "recv", "src": "EU-N26", "dst": "EU-N23", "hlc": {"phys": 1758740754594, "cnt": 0, "node": "EU-N26"}, "package_id": "PKG40749", "payload": {"status": "CREATED"}, "sent_ts": 1758740749334, "arrival_ts": 1758740749446}
{"action": "recv", "src": "EU-N26", "dst": "EU-N23", "hlc": {"phys": 1758740754904, "cnt": 0, "node": "EU-N26"}, "package_id": "PKG40749", "payload": {"status": "SENT"}, "sent_ts": 1758740749644, "arrival_ts": 1758740749684}
{"action": "recv", "src": "EU-N26", "dst": "EU-N23", "hlc": {"phys": 1758740755166, "cnt": 0, "node": "EU-N26"}, "package_id": "PKG40749", "payload": {"status": "IN_TRANSIT"}, "sent_ts": 1758740749906, "arrival_ts": 1758740750066}
{"action": "recv", "src": "EU-N26", "dst": "EU-N23", "hlc": {"phys": 1758740755544, "cnt": 0, "node": "EU-N26"}, "package_id": "PKG40749", "payload": {"status": "RECEIVED"}, "sent_ts": 1758740750284, "arrival_ts": 1758740750320}
{"action": "recv", "src": "EU-N26", "dst": "EU-N23", "hlc": {"phys": 1758740755791, "cnt": 0, "node": "EU-N26"}, "package_id": "PKG40749", "payload": {"status": "DELIVERED"}, "sent_ts": 1758740750531, "arrival_ts": 1758740750655}
{"action": "send", "src": "EU-N23", "dst": "SA-N46", "hlc": {"phys": 1758741142229, "cnt": 0, "node": "EU-N23"}, "package_id": "PKG41136", "payload": {"status": "CREATED"}, "sent_ts": 1758741136999, "arrival_ts": 1758741136999}
{"action": "send", "src": "EU-N23", "dst": "SA-N46", "hlc": {"phys": 1758741142508, "cnt": 0, "node": "EU-N23"}, "package_id": "PKG41136", "payload": {"status": "SENT"}, "sent_ts": 1758741137278, "arrival_ts": 1758741137278}
{"action": "send", "src": "EU-N23", "dst": "SA-N46", "hlc": {"phys": 1758741142821, "cnt": 0, "node": "EU-N23"}, "package_id": "PKG41136", "payload": {"status": "IN_TRANSIT"}, "sent_ts": 1758741137591, "arrival_ts": 1758741137591}
{"action": "send", "src": "EU-N23", "dst": "SA-N46", "hlc": {"phys": 1758741143085, "cnt": 0, "node": "EU-N23"}, "package_id": "PKG41136", "payload": {"status": "RECEIVED"}, "sent_ts": 1758741137855, "arrival_ts": 1758741137855}
{"action": "send", "src": "EU-N23", "dst": "SA-N46", "hlc": {"phys": 1758741143332, "cnt": 0, "node": "EU-N23"}, "package_id": "PKG41136", "payload": {"status": "DELIVERED"}, "sent_ts": 1758741138102, "arrival_ts": 1758741138102}
{"action": "recv", "src": "AF-N118", "dst": "EU-N23", "hlc": {"phys": 1758742978802, "cnt": 0, "node": "AF-N118"}, "package_id": "PKG42962", "payload": {"status": "CREATED"}, "sent_ts": 1758742962622, "arrival_ts": 1758742962759}
{"action": "recv", "src": "AF-N118", "dst": "EU-N23", "hlc": {"phys": 1758742979133, "cnt": 0, "node": "AF-N118"}, "package_id": "PKG42962", "payload": {"status": "SENT"}, "sent_ts": 1758742962953, "arrival_ts": 1758742963039}
{"action": "recv", "src": "AF-N118", "dst": "EU-N23", "hlc": {"phys": 1758742979430, "cnt": 0, "node": "AF-N118"}, "package_id": "PKG42962", "payload": {"status": "IN_TRANSIT"}, "sent_ts": 1758742963250, "arrival_ts": 1758742963342}
{"action": "recv", "src": "AF-N118", "dst": "EU-N23", "hlc": {"phys": 1758742979725, "cnt": 0, "node": "AF-N118"}, "package_id": "PKG42962", "payload": {"status": "RECEIVED"}, "sent_ts": 1758742963545, "arrival_ts": 1758742963741}
{"action": "recv", "src": "AF-N118", "dst": "EU-N23", "hlc": {"phys": 1758742980132, "cnt": 0, "node": "AF-N118"}, "package_id": "PKG42962", "payload": {"status": "DELIVERED"}, "sent_ts": 1758742963952, "arrival_ts": 1758742964012}
{"action": "recv", "src": "AN-N9", "dst": "EU-N23", "hlc": {"phys": 1758743505935, "cnt": 0, "node": "AN-N9"}, "package_id": "PKG43475", "payload": {"status": "CREATED"}, "sent_ts": 1758743475845, "arrival_ts": 1758743476003}
{"action": "recv", "src": "AN-N9", "dst": "EU-N23", "hlc": {"phys": 1758743506305, "cnt": 0, "node": "AN-N9"}, "package_id": "PKG43475", "payload": {"status": "SENT"}, "sent_ts": 1758743476215, "arrival_ts": 1758743476324}
{"action": "recv", "src": "AN-N9", "dst": "EU-N23", "hlc": {"phys": 1758743506613, "cnt": 0, "node": "AN-N9"}, "package_id": "PKG43475", "payload": {"status": "IN_TRANSIT"}, "sent_ts": 1758743476523, "arrival_ts": 1758743476633}
{"action": "recv", "src": "AN-N9", "dst": "EU-N23", "hlc": {"phys": 1758743506923, "cnt": 0, "node": "AN-N9"}, "package_id": "PKG43475", "payload": {"status": "RECEIVED"}, "sent_ts": 1758743476833, "arrival_ts": 1758743476941}
{"action": "recv", "src": "AN-N9", "dst": "EU-N23", "hlc": {"phys": 1758743507232, "cnt": 0, "node": "AN-N9"}, "package_id": "PKG43475", "payload": {"status": "DELIVERED"}, "sent_ts": 1758743477142, "arrival_ts": 1758743477176}
{"action": "recv", "src": "EU-N122", "dst": "EU-N23", "hlc": {"phys": 1758744994267, "cnt": 0, "node": "EU-N122"}, "package_id": "PKG44988", "payload": {"status": "CREATED"}, "sent_ts": 1758744988047, "arrival_ts": 1758744988198}
{"action": "recv", "src": "EU-N122", "dst": "EU-N23", "hlc": {"phys": 1758744994671, "cnt": 0, "node": "EU-N122"}, "package_id": "PKG44988", "payload": {"status": "SENT"}, "sent_ts": 1758744988451, "arrival_ts": 1758744988565}
{"action": "recv", "src": "EU-N122", "dst": "EU-N23", "hlc": {"phys": 1758744994995, "cnt": 0, "node": "EU-N122"}, "package_id": "PKG44988", "payload": {"status": "IN_TRANSIT"}, "sent_ts": 1758744988775, "arrival_ts": 1758744988903}
{"action": "recv", "src": "EU-N122", "dst": "EU-N23", "hlc": {"phys": 1758744995320, "cnt": 0, "node": "EU-N122"}, "package_id": "PKG44988", "payload": {"status": "RECEIVED"}, "sent_ts": 1758744989100, "arrival_ts": 1758744989223}
{"action": "recv", "src": "EU-N122", "dst": "EU-N23", "hlc": {"phys": 1758744995648, "cnt": 0, "node": "EU-N122"}, "package_id": "PKG44988", "payload": {"status": "DELIVERED"}, "sent_ts": 1758744989428, "arrival_ts": 1758744989556}
{"action": "send", "src": "EU-N23", "dst": "SA-N157", "hlc": {"phys": 1758747045104, "cnt": 0, "node": "EU-N23"}, "package_id": "PKG47039", "payload": {"status": "CREATED"}, "sent_ts": 1758747039874, "arrival_ts": 1758747039874}
{"action": "send", "src": "EU-N23", "dst": "SA-N157", "hlc": {"phys": 1758747045347, "cnt": 0, "node": "EU-N23"}, "package_id": "PKG47039", "payload": {"status": "SENT"}, "sent_ts": 1758747040117, "arrival_ts": 1758747040117}
{"action": "send", "src": "EU-N23", "dst": "SA-N157", "hlc": {"phys": 1758747045632, "cnt": 0, "node": "EU-N23"}, "package_id": "PKG47039", "payload": {"status": "IN_TRANSIT"}, "sent_ts": 1758747040402, "arrival_ts": 1758747040402}
{"action": "send", "src": "EU-N23", "dst": "SA-N157", "hlc": {"phys": 1758747045901, "cnt": 0, "node": "EU-N23"}, "package_id": "PKG47039", "payload": {"status": "RECEIVED"}, "sent_ts": 1758747040671, "arrival_ts": 1758747040671}
{"action": "send", "src": "EU-N23", "dst": "SA-N157", "hlc": {"phys": 1758747046305, "cnt": 0, "node": "EU-N23"}, "package_id": "PKG47039", "payload": {"status": "DELIVERED"}, "sent_ts": 1758747041075, "arrival_ts": 1758747041075}
{"action": "recv", "src": "AU-N49", "dst": "EU-N23", "hlc": {"phys": 1758747775516, "cnt": 0, "node": "AU-N49"}, "package_id": "PKG47750", "payload": {"status": "CREATED"}, "sent_ts": 1758747750026, "arrival_ts": 1758747750120}
{"action": "recv", "src": "AU-N49", "dst": "EU-N23", "hlc": {"phys": 1758747775827, "cnt": 0, "node": "AU-N49"}, "package_id": "PKG47750", "payload": {"status": "SENT"}, "sent_ts": 1758747750337, "arrival_ts": 1758747750438}
{"action": "recv", "src": "AU-N49", "dst": "EU-N23", "hlc": {"phys": 1758747776150, "cnt": 0, "node": "AU-N49"}, "package_id": "PKG47750", "payload": {"status": "IN_TRANSIT"}, "sent_ts": 1758747750660, "arrival_ts": 1758747750774}
{"action": "recv", "src": "AU-N49", "dst": "EU-N23", "hlc": {"phys": 1758747776458, "cnt": 0, "node": "AU-N49"}, "package_id": "PKG47750", "payload": {"status": "RECEIVED"}, "sent_ts": 1758747750968, "arrival_ts": 1758747751008}
{"action": "recv", "src": "AU-N49", "dst": "EU-N23", "hlc": {"phys": 1758747776720, "cnt": 0, "node": "AU-N49"}, "package_id": "PKG47750", "payload": {"status": "DELIVERED"}, "sent_ts": 1758747751230, "arrival_ts": 1758747751397}
{"action": "send", "src": "EU-N23", "dst": "AS-N131", "hlc": {"phys": 1758749531641, "cnt": 0, "node": "EU-N23"}, "package_id": "PKG49526", "payload": {"status": "CREATED"}, "sent_ts": 1758749526411, "arrival_ts": 1758749526411}
{"action": "send", "src": "EU-N23", "dst": "AS-N131", "hlc": {"phys": 1758749531923, "cnt": 0, "node": "EU-N23"}, "package_id": "PKG49526", "payload": {"status": "SENT"}, "sent_ts": 1758749526693, "arrival_ts": 1758749526693}
{"action": "send", "src": "EU-N23", "dst": "AS-N131", "hlc": {"phys": 1758749532188, "cnt": 0, "node": "EU-N23"}, "package_id": "PKG49526", "payload": {"status": "IN_TRANSIT"}, "sent_ts": 1758749526958, "arrival_ts": 1758749526958}
{"action": "send", "src": "EU-N23", "dst": "AS-N131", "hlc": {"phys": 1758749532533, "cnt": 0, "node": "EU-N23"}, "package_id": "PKG49526", "payload": {"status": "RECEIVED"}, "sent_ts": 1758749527303, "arrival_ts": 1758749527303}
{"action": "send", "src": "EU-N23", "dst": "AS-N131", "hlc": {"phys": 1758749532782, "cnt": 0, "node": "EU-N23"}, "package_id": "PKG49526", "payload": {"status": "DELIVERED"}, "sent_ts": 1758749527552, "arrival_ts": 1758749527552}
{"action": "send", "src": "EU-N23", "dst": "SA-N84", "hlc": {"phys": 1758753108085, "cnt": 0, "node": "EU-N23"}, "package_id": "PKG53102", "payload": {"status": "CREATED"}, "sent_ts": 1758753102855, "arrival_ts": 1758753102855}
{"action": "send", "src": "EU-N23", "dst": "SA-N84", "hlc": {"phys": 1758753108401, "cnt": 0, "node": "EU-N23"}, "package_id": "PKG53102", "payload": {"status": "SENT"}, "sent_ts": 1758753103171, "arrival_ts": 1758753103171}
{"action": "send", "src": "EU-N23", "dst": "SA-N84", "hlc": {"phys": 1758753108755, "cnt": 0, "node": "EU-N23"}, "package_id": "PKG53102", "payload": {"status": "IN_TRANSIT"}, "sent_ts": 1758753103525, "arrival_ts": 1758753103525}
{"action": "send", "src": "EU-N23", "dst": "SA-N84", "hlc": {"phys": 1758753109091, "cnt": 0, "node": "EU-N23"}, "package_id": "PKG53102", "payload": {"status": "RECEIVED"}, "sent_ts": 1758753103861, "arrival_ts": 1758753103861}
{"action": "send", "src": "EU-N23", "dst": "SA-N84", "hlc": {"phys": 1758753109326, "cnt": 0, "node": "EU-N23"}, "package_id": "PKG53102", "payload": {"status": "DELIVERED"}, "sent_ts": 1758753104096, "arrival_ts": 1758753104096}
{"action": "send", "src": "EU-N23", "dst": "AU-N41", "hlc": {"phys": 1758753418293, "cnt": 0, "node": "EU-N23"}, "package_id": "PKG53413", "payload": {"status": "CREATED"}, "sent_ts": 1758753413063, "arrival_ts": 1758753413064}
{"action": "send", "src": "EU-N23", "dst": "AU-N41", "hlc": {"phys": 1758753418583, "cnt": 0, "node": "EU-N23"}, "package_id": "PKG53413", "payload": {"status": "SENT"}, "sent_ts": 1758753413353, "arrival_ts": 1758753413353}
{"action": "send", "src": "EU-N23", "dst": "AU-N41", "hlc": {"phys": 1758753418917, "cnt": 0, "node": "EU-N23"}, "package_id": "PKG53413", "payload": {"status": "IN_TRANSIT"}, "sent_ts": 1758753413687, "arrival_ts": 1758753413687}
{"action": "send", "src": "EU-N23", "dst": "AU-N41", "hlc": {"phys": 1758753419307, "cnt": 0, "node": "EU-N23"}, "package_id": "PKG53413", "payload": {"status": "RECEIVED"}, "sent_ts": 1758753414077, "arrival_ts": 1758753414077}
{"action": "send", "src": "EU-N23", "dst": "AU-N41", "hlc": {"phys": 1758753419597, "cnt": 0, "node": "EU-N23"}, "package_id": "PKG53413", "payload": {"status": "DELIVERED"}, "sent_ts": 1758753414367, "arrival_ts": 1758753414367}
{"action": "recv", "src": "EU-N98", "dst": "EU-N23", "hlc": {"phys": 1758756384641, "cnt": 0, "node": "EU-N98"}, "package_id": "PKG56378", "payload": {"status": "CREATED"}, "sent_ts": 1758756378661, "arrival_ts": 1758756378711}
{"action": "recv", "src": "EU-N98", "dst": "EU-N23", "hlc": {"phys": 1758756384904, "cnt": 0, "node": "EU-N98"}, "package_id": "PKG56378", "payload": {"status": "SENT"}, "sent_ts": 1758756378924, "arrival_ts": 1758756379065}
{"action": "recv", "src": "EU-N98", "dst": "EU-N23", "hlc": {"phys": 1758756385255, "cnt": 0, "node": "EU-N98"}, "package_id": "PKG56378", "payload": {"status": "IN_TRANSIT"}, "sent_ts": 1758756379275, "arrival_ts": 1758756379347}
{"action": "recv", "src": "EU-N98", "dst": "EU-N23", "hlc": {"phys": 1758756385545, "cnt": 0, "node": "EU-N98"}, "package_id": "PKG56378", "payload": {"status": "RECEIVED"}, "sent_ts": 1758756379565, "arrival_ts": 1758756379697}
{"action": "recv", "src": "EU-N98", "dst": "EU-N23", "hlc": {"phys": 1758756385891, "cnt": 0, "node": "EU-N98"}, "package_id": "PKG56378", "payload": {"status": "DELIVERED"}, "sent_ts": 1758756379911, "arrival_ts": 1758756380106}
{"action": "recv", "src": "EU-N54", "dst": "EU-N23", "hlc": {"phys": 1758758287086, "cnt": 0, "node": "EU-N54"}, "package_id": "PKG58281", "payload": {"status": "CREATED"}, "sent_ts": 1758758281546, "arrival_ts": 1758758281723}
{"action": "recv", "src": "EU-N54", "dst": "EU-N23", "hlc": {"phys": 1758758287473, "cnt": 0, "node": "EU-N54"}, "package_id": "PKG58281", "payload": {"status": "SENT"}, "sent_ts": 1758758281933, "arrival_ts": 1758758282131}
{"action": "recv", "src": "EU-N54", "dst": "EU-N23", "hlc": {"phys": 1758758287879, "cnt": 0, "node": "EU-N54"}, "package_id": "PKG58281", "payload": {"status": "IN_TRANSIT"}, "sent_ts": 1758758282339, "arrival_ts": 1758758282443}
{"action": "recv", "src": "EU-N54", "dst": "EU-N23", "hlc": {"phys": 1758758288178, "cnt": 0, "node": "EU-N54"}, "package_id": "PKG58281", "payload": {"status": "RECEIVED"}, "sent_ts": 1758758282638, "arrival_ts": 1758758282758}
{"action": "recv", "src": "EU-N54", "dst": "EU-N23", "hlc": {"phys": 1758758288501, "cnt": 0, "node": "EU-N54"}, "package_id": "PKG58281", "payload": {"status": "DELIVERED"}, "sent_ts": 1758758282961, "arrival_ts": 1758758283078}
{"action": "send", "src": "EU-N23", "dst": "AU-N83", "hlc": {"phys": 1758764044669, "cnt": 0, "node": "EU-N23"}, "package_id": "PKG64039", "payload": {"status": "CREATED"}, "sent_ts": 1758764039439, "arrival_ts": 1758764039439}
{"action": "send", "src": "EU-N23", "dst": "AU-N83", "hlc": {"phys": 1758764044995, "cnt": 0, "node": "EU-N23"}, "package_id": "PKG64039", "payload": {"status": "SENT"}, "sent_ts": 1758764039765, "arrival_ts": 1758764039765}
{"action": "send", "src": "EU-N23", "dst": "AU-N83", "hlc": {"phys": 1758764045241, "cnt": 0, "node": "EU-N23"}, "package_id": "PKG64039", "payload": {"status": "IN_TRANSIT"}, "sent_ts": 1758764040011, "arrival_ts": 1758764040011}
{"action": "send", "src": "EU-N23", "dst": "AU-N83", "hlc": {"phys": 1758764045631, "cnt": 0, "node": "EU-N23"}, "package_id": "PKG64039", "payload": {"status": "RECEIVED"}, "sent_ts": 1758764040401, "arrival_ts": 1758764040401}
{"action": "send", "src": "EU-N23", "dst": "AU-N83", "hlc": {"phys": 1758764045849, "cnt": 0, "node": "EU-N23"}, "package_id": "PKG64039", "payload": {"status": "DELIVERED"}, "sent_ts": 1758764040619, "arrival_ts": 1758764040619}
{"action": "send", "src": "EU-N23", "dst": "SA-N28", "hlc": {"phys": 1758764866468, "cnt": 0, "node": "EU-N23"}, "package_id": "PKG64861", "payload": {"status": "CREATED"}, "sent_ts": 1758764861238, "arrival_ts": 1758764861238}
{"action": "send", "src": "EU-N23", "dst": "SA-N28", "hlc": {"phys": 1758764866876, "cnt": 0, "node": "EU-N23"}, "package_id": "PKG64861", "payload": {"status": "SENT"}, "sent_ts": 1758764861646, "arrival_ts": 1758764861646}
{"action": "send", "src": "EU-N23", "dst": "SA-N28", "hlc": {"phys": 1758764867146, "cnt": 0, "node": "EU-N23"}, "package_id": "PKG64861", "payload": {"status": "IN_TRANSIT"}, "sent_ts": 1758764861916, "arrival_ts": 1758764861916}
{"action": "send", "src": "EU-N23", "dst": "SA-N28", "hlc": {"phys": 1758764867528, "cnt": 0, "node": "EU-N23"}, "package_id": "PKG64861", "payload": {"status": "RECEIVED"}, "sent_ts": 1758764862298, "arrival_ts": 1758764862298}
{"action": "send", "src": "EU-N23", "dst": "SA-N28", "hlc": {"phys": 1758764867878, "cnt": 0, "node": "EU-N23"}, "package_id": "PKG64861", "payload": {"status": "DELIVERED"}, "sent_ts": 1758764862648, "arrival_ts": 1758764862648}
{"action": "recv", "src": "AF-N83", "dst": "EU-N23", "hlc": {"phys": 1758765411207, "cnt": 0, "node": "AF-N83"}, "package_id": "PKG65395", "payload": {"status": "CREATED"}, "sent_ts": 1758765395377, "arrival_ts": 1758765395457}
{"action": "recv", "src": "AF-N83", "dst": "EU-N23", "hlc": {"phys": 1758765411493, "cnt": 0, "node": "AF-N83"}, "package_id": "PKG65395", "payload": {"status": "SENT"}, "sent_ts": 1758765395663, "arrival_ts": 1758765395724}
{"action": "recv", "src": "AF-N83", "dst": "EU-N23", "hlc": {"phys": 1758765411765, "cnt": 0, "node": "AF-N83"}, "package_id": "PKG65395", "payload": {"status": "IN_TRANSIT"}, "sent_ts": 1758765395935, "arrival_ts": 1758765396038}
{"action": "recv", "src": "AF-N83", "dst": "EU-N23", "hlc": {"phys": 1758765412053, "cnt": 0, "node": "AF-N83"}, "package_id": "PKG65395", "payload": {"status": "RECEIVED"}, "sent_ts": 1758765396223, "arrival_ts": 1758765396282}
{"action": "recv", "src": "AF-N83", "dst": "EU-N23", "hlc": {"phys": 1758765412325, "cnt": 0, "node": "AF-N83"}, "package_id": "PKG65395", "payload": {"status": "DELIVERED"}, "sent_ts": 1758765396495, "arrival_ts": 1758765396682}
{"action": "send", "src": "EU-N23", "dst": "AU-N28", "hlc": {"phys": 1758805830221, "cnt": 0, "node": "EU-N23"}, "package_id": "PKG5824", "payload": {"status": "CREATED"}, "sent_ts": 1758805824991, "arrival_ts": 1758805824991}
{"action": "send", "src": "EU-N23", "dst": "AU-N28", "hlc": {"phys": 1758805830456, "cnt": 0, "node": "EU-N23"}, "package_id": "PKG5824", "payload": {"status": "SENT"}, "sent_ts": 1758805825226, "arrival_ts": 1758805825226}
{"action": "send", "src": "EU-N23", "dst": "AU-N28", "hlc": {"phys": 1758805830751, "cnt": 0, "node": "EU-N23"}, "package_id": "PKG5824", "payload": {"status": "IN_TRANSIT"}, "sent_ts": 1758805825521, "arrival_ts": 1758805825521}
{"action": "send", "src": "EU-N23", "dst": "AU-N28", "hlc": {"phys": 1758805831019, "cnt": 0, "node": "EU-N23"}, "package_id": "PKG5824", "payload": {"status": "RECEIVED"}, "sent_ts": 1758805825789, "arrival_ts": 1758805825789}
{"action": "send", "src": "EU-N23", "dst": "AU-N28", "hlc": {"phys": 1758805831390, "cnt": 0, "node": "EU-N23"}, "package_id": "PKG5824", "payload": {"status": "DELIVERED"}, "sent_ts": 1758805826160, "arrival_ts": 1758805826160}
{"action": "recv", "src": "AF-N102", "dst": "EU-N23", "hlc": {"phys": 1758809824126, "cnt": 0, "node": "AF-N102"}, "package_id": "PKG9808", "payload": {"status": "CREATED"}, "sent_ts": 1758809808106, "arrival_ts": 1758809808260}
{"action": "recv", "src": "AF-N102", "dst": "EU-N23", "hlc": {"phys": 1758809824484, "cnt": 0, "node": "AF-N102"}, "package_id": "PKG9808", "payload": {"status": "SENT"}, "sent_ts": 1758809808464, "arrival_ts": 1758809808551}
{"action": "recv", "src": "AF-N102", "dst": "EU-N23", "hlc": {"phys": 1758809824779, "cnt": 0, "node": "AF-N102"}, "package_id": "PKG9808", "payload": {"status": "IN_TRANSIT"}, "sent_ts": 1758809808759, "arrival_ts": 1758809808940}
{"action": "recv", "src": "AF-N102", "dst": "EU-N23", "hlc": {"phys": 1758809825166, "cnt": 0, "node": "AF-N102"}, "package_id": "PKG9808", "payload": {"status": "RECEIVED"}, "sent_ts": 1758809809146, "arrival_ts": 1758809809344}
{"action": "recv", "src": "AF-N102", "dst": "EU-N23", "hlc": {"phys": 1758809825571, "cnt": 0, "node": "AF-N102"}, "package_id": "PKG9808", "payload": {"status": "DELIVERED"}, "sent_ts": 1758809809551, "arrival_ts": 1758809809607}
{"action": "send", "src": "EU-N23", "dst": "AF-N167", "hlc": {"phys": 1758810291525, "cnt": 0, "node": "EU-N23"}, "package_id": "PKG10286", "payload": {"status": "CREATED"}, "sent_ts": 1758810286295, "arrival_ts": 1758810286295}
{"action": "send", "src": "EU-N23", "dst": "AF-N167", "hlc": {"phys": 1758810291758, "cnt": 0, "node": "EU-N23"}, "package_id": "PKG10286", "payload": {"status": "SENT"}, "sent_ts": 1758810286528, "arrival_ts": 1758810286528}
{"action": "send", "src": "EU-N23", "dst": "AF-N167", "hlc": {"phys": 1758810292069, "cnt": 0, "node": "EU-N23"}, "package_id": "PKG10286", "payload": {"status": "IN_TRANSIT"}, "sent_ts": 1758810286839, "arrival_ts": 1758810286839}
{"action": "send", "src": "EU-N23", "dst": "AF-N167", "hlc": {"phys": 1758810292368, "cnt": 0, "node": "EU-N23"}, "package_id": "PKG10286", "payload": {"status": "RECEIVED"}, "sent_ts": 1758810287138, "arrival_ts": 1758810287138}
{"action": "send", "src": "EU-N23", "dst": "AF-N167", "hlc": {"phys": 1758810292661, "cnt": 0, "node": "EU-N23"}, "package_id": "PKG10286", "payload": {"status": "DELIVERED"}, "sent_ts": 1758810287431, "arrival_ts": 1758810287431}
{"action": "send", "src": "EU-N23", "dst": "AF-N74", "hlc": {"phys": 1758812109160, "cnt": 0, "node": "EU-N23"}, "package_id": "PKG12103", "payload": {"status": "CREATED"}, "sent_ts": 1758812103930, "arrival_ts": 1758812103930}
{"action": "send", "src": "EU-N23", "dst": "AF-N74", "hlc": {"phys": 1758812109499, "cnt": 0, "node": "EU-N23"}, "package_id": "PKG12103", "payload": {"status": "SENT"}, "sent_ts": 1758812104269, "arrival_ts": 1758812104269}
{"action": "send", "src": "EU-N23", "dst": "AF-N74", "hlc": {"phys": 1758812109766, "cnt": 0, "node": "EU-N23"}, "package_id": "PKG12103", "payload": {"status": "IN_TRANSIT"}, "sent_ts": 1758812104536, "arrival_ts": 1758812104536}
{"action": "send", "src": "EU-N23", "dst": "AF-N74", "hlc": {"phys": 1758812110102, "cnt": 0, "node": "EU-N23"}, "package_id": "PKG12103", "payload": {"status": "RECEIVED"}, "sent_ts": 1758812104872, "arrival_ts": 1758812104872}
{"action": "send", "src": "EU-N23", "dst": "AF-N74", "hlc": {"phys": 1758812110407, "cnt": 0, "node": "EU-N23"}, "package_id": "PKG12103", "payload": {"status": "DELIVERED"}, "sent_ts": 1758812105177, "arrival_ts": 1758812105177}
