{"action": "send", "src": "EU-N7", "dst": "AS-N128", "hlc": {"phys": 1758718321909, "cnt": 0, "node": "EU-N7"}, "package_id": "PKG18316", "payload": {"status": "CREATED"}, "sent_ts": 1758718316839, "arrival_ts": 1758718316839}
{"action": "send", "src": "EU-N7", "dst": "AS-N128", "hlc": {"phys": 1758718322173, "cnt": 0, "node": "EU-N7"}, "package_id": "PKG18316", "payload": {"status": "SENT"}, "sent_ts": 1758718317103, "arrival_ts": 1758718317103}
{"action": "send", "src": "EU-N7", "dst": "AS-N128", "hlc": {"phys": 1758718322481, "cnt": 0, "node": "EU-N7"}, "package_id": "PKG18316", "payload": {"status": "IN_TRANSIT"}, "sent_ts": 1758718317411, "arrival_ts": 1758718317411}
{"action": "send", "src": "EU-N7", "dst": "AS-N128", "hlc": {"phys": 1758718322774, "cnt": 0, "node": "EU-N7"}, "package_id": "PKG18316", "payload": {"status": "RECEIVED"}, "sent_ts": 1758718317704, "arrival_ts": 1758718317704}
{"action": "send", "src": "EU-N7", "dst": "AS-N128", "hlc": {"phys": 1758718323143, "cnt": 0, "node": "EU-N7"}, "package_id": "PKG18316", "payload": {"status": "DELIVERED"}, "sent_ts": 1758718318073, "arrival_ts": 1758718318073}
{"action": "recv", "src": "NA-N33", "dst": "EU-N7", "hlc": {"phys": 1758739627796, "cnt": 0, "node": "NA-N33"}, "package_id": "PKG39627", "payload": {"status": "CREATED"}, "sent_ts": 1758739627466, "arrival_ts": 1758739627652}
{"action": "recv", "src": "NA-N33", "dst": "EU-N7", "hlc": {"phys": 1758739628185, "cnt": 0, "node": "NA-N33"}, "package_id": "PKG39627", "payload": {"status": "SENT"}, "sent_ts": 1758739627855, "arrival_ts": 1758739628032}
{"action": "recv", "src": "NA-N33", "dst": "EU-N7", "hlc": {"phys": 1758739628575, "cnt": 0, "node": "NA-N33"}, "package_id": "PKG39627", "payload": {"status": "IN_TRANSIT"}, "sent_ts": 1758739628245, "arrival_ts": 1758739628283}
{"action": "recv", "src": "NA-N33", "dst": "EU-N7", "hlc": {"phys": 1758739628819, "cnt": 0, "node": "NA-N33"}, "package_id": "PKG39627", "payload": {"status": "RECEIVED"}, "sent_ts": 1758739628489, "arrival_ts": 1758739628599}
{"action": "recv", "src": "NA-N33", "dst": "EU-N7", "hlc": {"phys": 1758739629144, "cnt": 0, "node": "NA-N33"}, "package_id": "PKG39627", "payload": {"status": "DELIVERED"}, "sent_ts": 1758739628814, "arrival_ts": 1758739628842}
{"action": "send", "src": "EU-N7", "dst": "AN-N38", "hlc": {"phys": 1758742720091, "cnt": 0, "node": "EU-N7"}, "package_id": "PKG42715", "payload": {"status": "CREATED"}, "sent_ts": 1758742715021, "arrival_ts": 1758742715021}
{"action": "send", "src": "EU-N7", "dst": "AN-N38", "hlc": {"phys": 1758742720333, "cnt": 0, "node": "EU-N7"}, "package_id": "PKG42715", "payload": {"status": "SENT"}, "sent_ts": 1758742715263, "arrival_ts": 1758742715263}
{"action": "send", "src": "EU-N7", "dst": "AN-N38", "hlc": {"phys": 1758742720566, "cnt": 0, "node": "EU-N7"}, "package_id": "PKG42715", "payload": {"status": "IN_TRANSIT"}, "sent_ts": 1758742715496, "arrival_ts": 1758742715496}
{"action": "send", "src": "EU-N7", "dst": "AN-N38", "hlc": {"phys": 1758742720846, "cnt": 0, "node": "EU-N7"}, "package_id": "PKG42715", "payload": {"status": "RECEIVED"}, "sent_ts": 1758742715776, "arrival_ts": 1758742715776}
{"action": "send", "src": "EU-N7", "dst": "AN-N38", "hlc": {"phys": 1758742721187, "cnt": 0, "node": "EU-N7"}, "package_id": "PKG42715", "payload": {"status": "DELIVERED"}, "sent_ts": 1758742716117, "arrival_ts": 1758742716117}
{"action": "send", "src": "EU-N7", "dst": "AS-N58", "hlc": {"phys": 1758746034943, "cnt": 0, "node": "EU-N7"}, "package_id": "PKG46029", "payload": {"status": "CREATED"}, "sent_ts": 1758746029873, "arrival_ts": 1758746029873}
{"action": "send", "src": "EU-N7", "dst": "AS-N58", "hlc": {"phys": 1758746035321, "cnt": 0, "node": "EU-N7"}, "package_id": "PKG46029", "payload": {"status": "SENT"}, "sent_ts": 1758746030251, "arrival_ts": 1758746030251}
{"action": "send", "src": "EU-N7", "dst": "AS-N58", "hlc": {"phys": 1758746035685, "cnt": 0, "node": "EU-N7"}, "package_id": "PKG46029", "payload": {"status": "IN_TRANSIT"}, "sent_ts": 1758746030615, "arrival_ts": 1758746030615}
{"action": "send", "src": "EU-N7", "dst": "AS-N58", "hlc": {"phys": 1758746036038, "cnt": 0, "node": "EU-N7"}, "package_id": "PKG46029", "payload": {"status": "RECEIVED"}, "sent_ts": 1758746030968, "arrival_ts": 1758746030968}
{"action": "send", "src": "EU-N7", "dst": "AS-N58", "hlc": {"phys": 1758746036372, "cnt": 0, "node": "EU-N7"}, "package_id": "PKG46029", "payload": {"status": "DELIVERED"}, "sent_ts": 1758746031302, "arrival_ts": 1758746031302}
{"action": "recv", "src": "AU-N198", "dst": "EU-N7", "hlc": {"phys": 1758748789429, "cnt": 0, "node": "AU-N198"}, "package_id": "PKG48762", "payload": {"status": "CREATED"}, "sent_ts": 1758748762449, "arrival_ts": 1758748762581}
{"action": "recv", "src": "AU-N198", "dst": "EU-N7", "hlc": {"phys": 1758748789776, "cnt": 0, "node": "AU-N198"}, "package_id": "PKG48762", "payload": {"status": "SENT"}, "sent_ts": 1758748762796, "arrival_ts": 1758748762883}
{"action": "recv", "src": "AU-N198", "dst": "EU-N7", "hlc": {"phys": 1758748790065, "cnt": 0, "node": "AU-N198"}, "package_id": "PKG48762", "payload": {"status": "IN_TRANSIT"}, "sent_ts": 1758748763085, "arrival_ts": 1758748763111}
{"action": "recv", "src": "AU-N198", "dst": "EU-N7", "hlc": {"phys": 1758748790307, "cnt": 0, "node": "AU-N198"}, "package_id": "PKG48762", "payload": {"status": "RECEIVED"}, "sent_ts": 1758748763327, "arrival_ts": 1758748763379}
{"action": "recv", "src": "AU-N198", "dst": "EU-N7", "hlc": {"phys": 1758748790569, "cnt": 0, "node": "AU-N198"}, "package_id": "PKG48762", "payload": {"status": "DELIVERED"}, "sent_ts": 1758748763589, "arrival_ts": 1758748763708}
{"action": "recv", "src": "EU-N69", "dst": "EU-N7", "hlc": {"phys": 1758754210841, "cnt": 0, "node": "EU-N69"}, "package_id": "PKG54205", "payload": {"status": "CREATED"}, "sent_ts": 1758754205151, "arrival_ts": 1758754205332}
{"action": "recv", "src": "EU-N69", "dst": "EU-N7", "hlc": {"phys": 1758754211226, "cnt": 0, "node": "EU-N69"}, "package_id": "PKG54205", "payload": {"status": "SENT"}, "sent_ts": 1758754205536, "arrival_ts": 1758754205616}
{"action": "recv", "src": "EU-N69", "dst": "EU-N7", "hlc": {"phys": 1758754211513, "cnt": 0, "node": "EU-N69"}, "package_id": "PKG54205", "payload": {"status": "IN_TRANSIT"}, "sent_ts": 1758754205823, "arrival_ts": 1758754205933}
{"action": "recv", "src": "EU-N69", "dst": "EU-N7", "hlc": {"phys": 1758754211817, "cnt": 0, "node": "EU-N69"}, "package_id": "PKG54205", "payload": {"status": "RECEIVED"}, "sent_ts": 1758754206127, "arrival_ts": 1758754206274}
{"action": "recv", "src": "EU-N69", "dst": "EU-N7", "hlc": {"phys": 1758754212176, "cnt": 0, "node": "EU-N69"}, "package_id": "PKG54205", "payload": {"status": "DELIVERED"}, "sent_ts": 1758754206486, "arrival_ts": 1758754206622}
{"action": "send", "src": "EU-N7", "dst": "AF-N161", "hlc": {"phys": 1758755862554, "cnt": 0, "node": "EU-N7"}, "package_id": "PKG55857", "payload": {"status": "CREATED"}, "sent_ts": 1758755857484, "arrival_ts": 1758755857484}
{"action": "send", "src": "EU-N7", "dst": "AF-N161", "hlc": {"phys": 1758755862881, "cnt": 0, "node": "EU-N7"}, "package_id": "PKG55857", "payload": {"status": "SENT"}, "sent_ts": 1758755857811, "arrival_ts": 1758755857811}
{"action": "send", "src": "EU-N7", "dst": "AF-N161", "hlc": {"phys": 1758755863279, "cnt": 0, "node": "EU-N7"}, "package_id": "PKG55857", "payload": {"status": "IN_TRANSIT"}, "sent_ts": 1758755858209, "arrival_ts": 1758755858209}
{"action": "send", "src": "EU-N7", "dst": "AF-N161", "hlc": {"phys": 1758755863606, "cnt": 0, "node": "EU-N7"}, "package_id": "PKG55857", "payload": {"status": "RECEIVED"}, "sent_ts": 1758755858536, "arrival_ts": 1758755858536}
{"action": "send", "src": "EU-N7", "dst": "AF-N161", "hlc": {"phys": 1758755863914, "cnt": 0, "node": "EU-N7"}, "package_id": "PKG55857", "payload": {"status": "DELIVERED"}, "sent_ts": 1758755858844, "arrival_ts": 1758755858844}
{"action": "recv", "src": "EU-N186", "dst": "EU-N7", "hlc": {"phys": 1758756965364, "cnt": 0, "node": "EU-N186"}, "package_id": "PKG56958", "payload": {"status": "CREATED"}, "sent_ts": 1758756958504, "arrival_ts": 1758756958562}
{"action": "recv", "src": "EU-N186", "dst": "EU-N7", "hlc": {"phys": 1758756965622, "cnt": 0, "node": "EU-N186"}, "package_id": "PKG56958", "payload": {"status": "SENT"}, "sent_ts": 1758756958762, "arrival_ts": 1758756958840}
{"action": "recv", "src": "EU-N186", "dst": "EU-N7", "hlc": {"phys": 1758756965900, "cnt": 0, "node": "EU-N186"}, "package_id": "PKG56958", "payload": {"status": "IN_TRANSIT"}, "sent_ts": 1758756959040, "arrival_ts": 1758756959092}
{"action": "recv", "src": "EU-N186", "dst": "EU-N7", "hlc": {"phys": 1758756966151, "cnt": 0, "node": "EU-N186"}, "package_id": "PKG56958", "payload": {"status": "RECEIVED"}, "sent_ts": 1758756959291, "arrival_ts": 1758756959465}
{"action": "recv", "src": "EU-N186", "dst": "EU-N7", "hlc": {"phys": 1758756966541, "cnt": 0, "node": "EU-N186"}, "package_id": "PKG56958", "payload": {"status": "DELIVERED"}, "sent_ts": 1758756959681, "arrival_ts": 1758756959794}
{"action": "recv", "src": "AF-N17", "dst": "EU-N7", "hlc": {"phys": 1758757137656, "cnt": 0, "node": "AF-N17"}, "package_id": "PKG57122", "payload": {"status": "CREATED"}, "sent_ts": 1758757122486, "arrival_ts": 1758757122681}
{"action": "recv", "src": "AF-N17", "dst": "EU-N7", "hlc": {"phys": 1758757138064, "cnt": 0, "node": "AF-N17"}, "package_id": "PKG57122", "payload": {"status": "SENT"}, "sent_ts": 1758757122894, "arrival_ts": 1758757122993}
{"action": "recv", "src": "AF-N17", "dst": "EU-N7", "hlc": {"phys": 1758757138369, "cnt": 0, "node": "AF-N17"}, "package_id": "PKG57122", "payload": {"status": "IN_TRANSIT"}, "sent_ts": 1758757123199, "arrival_ts": 1758757123247}
{"action": "recv", "src": "AF-N17", "dst": "EU-N7", "hlc": {"phys": 1758757138635, "cnt": 0, "node": "AF-N17"}, "package_id": "PKG57122", "payload": {"status": "RECEIVED"}, "sent_ts": 1758757123465, "arrival_ts": 1758757123640}
{"action": "recv", "src": "AF-N17", "dst": "EU-N7", "hlc": {"phys": 1758757139022, "cnt": 0, "node": "AF-N17"}, "package_id": "PKG57122", "payload": {"status": "DELIVERED"}, "sent_ts": 1758757123852, "arrival_ts": 1758757123884}
{"action": "recv", "src": "AU-N95", "dst": "EU-N7", "hlc": {"phys": 1758757232700, "cnt": 0, "node": "AU-N95"}, "package_id": "PKG57206", "payload": {"status": "CREATED"}, "sent_ts": 1758757206750, "arrival_ts": 1758757206835}
{"action": "recv", "src": "AU-N95", "dst": "EU-N7", "hlc": {"phys": 1758757232983, "cnt": 0, "node": "AU-N95"}, "package_id": "PKG57206", "payload": {"status": "SENT"}, "sent_ts": 1758757207033, "arrival_ts": 1758757207192}
{"action": "recv", "src": "AU-N95", "dst": "EU-N7", "hlc": {"phys": 1758757233349, "cnt": 0, "node": "AU-N95"}, "package_id": "PKG57206", "payload": {"status": "IN_TRANSIT"}, "sent_ts": 1758757207399, "arrival_ts": 1758757207561}
{"action": "recv", "src": "AU-N95", "dst": "EU-N7", "hlc": {"phys": 1758757233729, "cnt": 0, "node": "AU-N95"}, "package_id": "PKG57206", "payload": {"status": "RECEIVED"}, "sent_ts": 1758757207779, "arrival_ts": 1758757207875}
{"action": "recv", "src": "AU-N95", "dst": "EU-N7", "hlc": {"phys": 1758757234045, "cnt": 0, "node": "AU-N95"}, "package_id": "PKG57206", "payload": {"status": "DELIVERED"}, "sent_ts": 1758757208095, "arrival_ts": 1758757208248}
{"action": "recv", "src": "SA-N123", "dst": "EU-N7", "hlc": {"phys": 1758758663737, "cnt": 0, "node": "SA-N123"}, "package_id": "PKG58642", "payload": {"status": "CREATED"}, "sent_ts": 1758758642507, "arrival_ts": 1758758642524}
{"action": "recv", "src": "SA-N123", "dst": "EU-N7", "hlc": {"phys": 1758758663960, "cnt": 0, "node": "SA-N123"}, "package_id": "PKG58642", "payload": {"status": "SENT"}, "sent_ts": 1758758642730, "arrival_ts": 1758758642870}
{"action": "recv", "src": "SA-N123", "dst": "EU-N7", "hlc": {"phys": 1758758664310, "cnt": 0, "node": "SA-N123"}, "package_id": "PKG58642", "payload": {"status": "IN_TRANSIT"}, "sent_ts": 1758758643080, "arrival_ts": 1758758643265}
{"action": "recv", "src": "SA-N123", "dst": "EU-N7", "hlc": {"phys": 1758758664703, "cnt": 0, "node": "SA-N123"}, "package_id": "PKG58642", "payload": {"status": "RECEIVED"}, "sent_ts": 1758758643473, "arrival_ts": 1758758643517}
{"action": "recv", "src": "SA-N123", "dst": "EU-N7", "hlc": {"phys": 1758758664963, "cnt": 0, "node": "SA-N123"}, "package_id": "PKG58642", "payload": {"status": "DELIVERED"}, "sent_ts": 1758758643733, "arrival_ts": 1758758643814}
{"action": "send", "src": "EU-N7", "dst": "EU-N194", "hlc": {"phys": 1758760312755, "cnt": 0, "node": "EU-N7"}, "package_id": "PKG60307", "payload": {"status": "CREATED"}, "sent_ts": 1758760307685, "arrival_ts": 1758760307685}
{"action": "send", "src": "EU-N7", "dst": "EU-N194", "hlc": {"phys": 1758760313098, "cnt": 0, "node": "EU-N7"}, "package_id": "PKG60307", "payload": {"status": "SENT"}, "sent_ts": 1758760308028, "arrival_ts": 1758760308028}
{"action": "send", "src": "EU-N7", "dst": "EU-N194", "hlc": {"phys": 1758760313391, "cnt": 0, "node": "EU-N7"}, "package_id": "PKG60307", "payload": {"status": "IN_TRANSIT"}, "sent_ts": 1758760308320, "arrival_ts": 1758760308321}
{"action": "send", "src": "EU-N7", "dst": "EU-N194", "hlc": {"phys": 1758760313760, "cnt": 0, "node": "EU-N7"}, "package_id": "PKG60307", "payload": {"status": "RECEIVED"}, "sent_ts": 1758760308690, "arrival_ts": 1758760308690}
{"action": "send", "src": "EU-N7", "dst": "EU-N194", "hlc": {"phys": 1758760314144, "cnt": 0, "node": "EU-N7"}, "package_id": "PKG60307", "payload": {"status": "DELIVERED"}, "sent_ts": 1758760309074, "arrival_ts": 1758760309074}
{"action": "recv", "src": "EU-N193", "dst": "EU-N7", "hlc": {"phys": 1758804282497, "cnt": 0, "node": "EU-N193"}, "package_id": "PKG4275", "payload": {"status": "CREATED"}, "sent_ts": 1758804275567, "arrival_ts": 1758804275589}
{"action": "recv", "src": "EU-N193", "dst": "EU-N7", "hlc": {"phys": 1758804282725, "cnt": 0, "node": "EU-N193"}, "package_id": "PKG4275", "payload": {"status": "SENT"}, "sent_ts": 1758804275795, "arrival_ts": 1758804275890}
{"action": "recv", "src": "EU-N193", "dst": "EU-N7", "hlc": {"phys": 1758804283034, "cnt": 0, "node": "EU-N193"}, "package_id": "PKG4275", "payload": {"status": "IN_TRANSIT"}, "sent_ts": 1758804276104, "arrival_ts": 1758804276295}
{"action": "recv", "src": "EU-N193", "dst": "EU-N7", "hlc": {"phys": 1758804283433, "cnt": 0, "node": "EU-N193"}, "package_id": "PKG4275", "payload": {"status": "RECEIVED"}, "sent_ts": 1758804276503, "arrival_ts": 1758804276532}
{"action": "recv", "src": "EU-N193", "dst": "EU-N7", "hlc": {"phys": 1758804283673, "cnt": 0, "node": "EU-N193"}, "package_id": "PKG4275", "payload": {"status": "DELIVERED"}, "sent_ts": 1758804276743, "arrival_ts": 1758804276872}
{"action": "send", "src": "EU-N7", "dst": "NA-N50", "hlc": {"phys": 1758805687110, "cnt": 0, "node": "EU-N7"}, "package_id": "PKG5682", "payload": {"status": "CREATED"}, "sent_ts": 1758805682040, "arrival_ts": 1758805682040}
{"action": "send", "src": "EU-N7", "dst": "NA-N50", "hlc": {"phys": 1758805687389, "cnt": 0, "node": "EU-N7"}, "package_id": "PKG5682", "payload": {"status": "SENT"}, "sent_ts": 1758805682319, "arrival_ts": 1758805682319}
{"action": "send", "src": "EU-N7", "dst": "NA-N50", "hlc": {"phys": 1758805687786, "cnt": 0, "node": "EU-N7"}, "package_id": "PKG5682", "payload": {"status": "IN_TRANSIT"}, "sent_ts": 1758805682716, "arrival_ts": 1758805682716}
{"action": "send", "src": "EU-N7", "dst": "NA-N50", "hlc": {"phys": 1758805688035, "cnt": 0, "node": "EU-N7"}, "package_id": "PKG5682", "payload": {"status": "RECEIVED"}, "sent_ts": 1758805682965, "arrival_ts": 1758805682965}
{"action": "send", "src": "EU-N7", "dst": "NA-N50", "hlc": {"phys": 1758805688342, "cnt": 0, "node": "EU-N7"}, "package_id": "PKG5682", "payload": {"status": "DELIVERED"}, "sent_ts": 1758805683272, "arrival_ts": 1758805683272}
{"action": "send", "src": "EU-N7", "dst": "SA-N151", "hlc": {"phys": 1758813000883, "cnt": 0, "node": "EU-N7"}, "package_id": "PKG12995", "payload": {"status": "CREATED"}, "sent_ts": 1758812995813, "arrival_ts": 1758812995813}
{"action": "send", "src": "EU-N7", "dst": "SA-N151", "hlc": {"phys": 1758813001147, "cnt": 0, "node": "EU-N7"}, "package_id": "PKG12995", "payload": {"status": "SENT"}, "sent_ts": 1758812996077, "arrival_ts": 1758812996077}
{"action": "send", "src": "EU-N7", "dst": "SA-N151", "hlc": {"phys": 1758813001427, "cnt": 0, "node": "EU-N7"}, "package_id": "PKG12995", "payload": {"status": "IN_TRANSIT"}, "sent_ts": 1758812996357, "arrival_ts": 1758812996357}
{"action": "send", "src": "EU-N7", "dst": "SA-N151", "hlc": {"phys": 1758813001781, "cnt": 0, "node": "EU-N7"}, "package_id": "PKG12995", "payload": {"status": "RECEIVED"}, "sent_ts": 1758812996711, "arrival_ts": 1758812996711}
{"action": "send", "src": "EU-N7", "dst": "SA-N151", "hlc": {"phys": 1758813002182, "cnt": 0, "node": "EU-N7"}, "package_id": "PKG12995", "payload": {"status": "DELIVERED"}, "sent_ts": 1758812997112, "arrival_ts": 1758812997112}
{"action": "recv", "src": "SA-N69", "dst": "EU-N7", "hlc": {"phys": 1758813529122, "cnt": 0, "node": "SA-N69"}, "package_id": "PKG13508", "payload": {"status": "CREATED"}, "sent_ts": 1758813508432, "arrival_ts": 1758813508524}
{"action": "recv", "src": "SA-N69", "dst": "EU-N7", "hlc": {"phys": 1758813529413, "cnt": 0, "node": "SA-N69"}, "package_id": "PKG13508", "payload": {"status": "SENT"}, "sent_ts": 1758813508723, "arrival_ts": 1758813508770}
{"action": "recv", "src": "SA-N69", "dst": "EU-N7", "hlc": {"phys": 1758813529660, "cnt": 0, "node": "SA-N69"}, "package_id": "PKG13508", "payload": {"status": "IN_TRANSIT"}, "sent_ts": 1758813508970, "arrival_ts": 1758813509021}
{"action": "recv", "src": "SA-N69", "dst": "EU-N7", "hlc": {"phys": 1758813529924, "cnt": 0, "node": "SA-N69"}, "package_id": "PKG13508", "payload": {"status": "RECEIVED"}, "sent_ts": 1758813509234, "arrival_ts": 1758813509275}
{"action": "recv", "src": "SA-N69", "dst": "EU-N7", "hlc": {"phys": 1758813530171, "cnt": 0, "node": "SA-N69"}, "package_id": "PKG13508", "payload": {"status": "DELIVERED"}, "sent_ts": 1758813509481, "arrival_ts": 1758813509591}
{"action": "recv", "src": "AS-N51", "dst": "EU-N7", "hlc": {"phys": 1758813796778, "cnt": 0, "node": "AS-N51"}, "package_id": "PKG13786", "payload": {"status": "CREATED"}, "sent_ts": 1758813786268, "arrival_ts": 1758813786319}
{"action": "recv", "src": "AS-N51", "dst": "EU-N7", "hlc": {"phys": 1758813797029, "cnt": 0, "node": "AS-N51"}, "package_id": "PKG13786", "payload": {"status": "SENT"}, "sent_ts": 1758813786519, "arrival_ts": 1758813786640}
{"action": "recv", "src": "AS-N51", "dst": "EU-N7", "hlc": {"phys": 1758813797355, "cnt": 0, "node": "AS-N51"}, "package_id": "PKG13786", "payload": {"status": "IN_TRANSIT"}, "sent_ts": 1758813786845, "arrival_ts": 1758813786935}
{"action": "recv", "src": "AS-N51", "dst": "EU-N7", "hlc": {"phys": 1758813797647, "cnt": 0, "node": "AS-N51"}, "package_id": "PKG13786", "payload": {"status": "RECEIVED"}, "sent_ts": 1758813787137, "arrival_ts": 1758813787182}
{"action": "recv", "src": "AS-N51", "dst": "EU-N7", "hlc": {"phys": 1758813797897, "cnt": 0, "node": "AS-N51"}, "package_id": "PKG13786", "payload": {"status": "DELIVERED"}, "sent_ts": 1758813787387, "arrival_ts": 1758813787493}
{"action": "send", "src": "EU-N7", "dst": "AF-N175", "hlc": {"phys": 1758813848271, "cnt": 0, "node": "EU-N7"}, "package_id": "PKG13843", "payload": {"status": "CREATED"}, "sent_ts": 1758813843201, "arrival_ts": 1758813843201}
{"action": "send", "src": "EU-N7", "dst": "AF-N175", "hlc": {"phys": 1758813848517, "cnt": 0, "node": "EU-N7"}, "package_id": "PKG13843", "payload": {"status": "SENT"}, "sent_ts": 1758813843447, "arrival_ts": 1758813843447}
{"action": "send", "src": "EU-N7", "dst": "AF-N175", "hlc": {"phys": 1758813848890, "cnt": 0, "node": "EU-N7"}, "package_id": "PKG13843", "payload": {"status": "IN_TRANSIT"}, "sent_ts": 1758813843820, "arrival_ts": 1758813843820}
{"action": "send", "src": "EU-N7", "dst": "AF-N175", "hlc": {"phys": 1758813849230, "cnt": 0, "node": "EU-N7"}, "package_id": "PKG13843", "payload": {"status": "RECEIVED"}, "sent_ts": 1758813844160, "arrival_ts": 1758813844160}
{"action": "send", "src": "EU-N7", "dst": "AF-N175", "hlc": {"phys": 1758813849448, "cnt": 0, "node": "EU-N7"}, "package_id": "PKG13843", "payload": {"status": "DELIVERED"}, "sent_ts": 1758813844378, "arrival_ts": 1758813844378}
{"action": "send", "src": "EU-N7", "dst": "AU-N26", "hlc": {"phys": 1758814475074, "cnt": 0, "node": "EU-N7"}, "package_id": "PKG14470", "payload": {"status": "CREATED"}, "sent_ts": 1758814470004, "arrival_ts": 1758814470004}
{"action": "send", "src": "EU-N7", "dst": "AU-N26", "hlc": {"phys": 1758814475476, "cnt": 0, "node": "EU-N7"}, "package_id": "PKG14470", "payload": {"status": "SENT"}, "sent_ts": 1758814470406, "arrival_ts": 1758814470406}
{"action": "send", "src": "EU-N7", "dst": "AU-N26", "hlc": {"phys": 1758814475791, "cnt": 0, "node": "EU-N7"}, "package_id": "PKG14470", "payload": {"status": "IN_TRANSIT"}, "sent_ts": 1758814470721, "arrival_ts": 1758814470721}
{"action": "send", "src": "EU-N7", "dst": "AU-N26", "hlc": {"phys": 1758814476177, "cnt": 0, "node": "EU-N7"}, "package_id": "PKG14470", "payload": {"status": "RECEIVED"}, "sent_ts": 1758814471107, "arrival_ts": 1758814471107}
{"action": "send", "src": "EU-N7", "dst": "AU-N26", "hlc": {"phys": 1758814476502, "cnt": 0, "node": "EU-N7"}, "package_id": "PKG14470", "payload": {"status": "DELIVERED"}, "sent_ts": 1758814471432, "arrival_ts": 1758814471432}
