{"action": "send", "src": "EU-N120", "dst": "SA-N25", "hlc": {"phys": 1758717799914, "cnt": 0, "node": "EU-N120"}, "package_id": "PKG17793", "payload": {"status": "CREATED"}, "sent_ts": 1758717793714, "arrival_ts": 1758717793714}
{"action": "send", "src": "EU-N120", "dst": "SA-N25", "hlc": {"phys": 1758717800197, "cnt": 0, "node": "EU-N120"}, "package_id": "PKG17793", "payload": {"status": "SENT"}, "sent_ts": 1758717793997, "arrival_ts": 1758717793997}
{"action": "send", "src": "EU-N120", "dst": "SA-N25", "hlc": {"phys": 1758717800556, "cnt": 0, "node": "EU-N120"}, "package_id": "PKG17793", "payload": {"status": "IN_TRANSIT"}, "sent_ts": 1758717794356, "arrival_ts": 1758717794356}
{"action": "send", "src": "EU-N120", "dst": "SA-N25", "hlc": {"phys": 1758717800921, "cnt": 0, "node": "EU-N120"}, "package_id": "PKG17793", "payload": {"status": "RECEIVED"}, "sent_ts": 1758717794721, "arrival_ts": 1758717794721}
{"action": "send", "src": "EU-N120", "dst": "SA-N25", "hlc": {"phys": 1758717801300, "cnt": 0, "node": "EU-N120"}, "package_id": "PKG17793", "payload": {"status": "DELIVERED"}, "sent_ts": 1758717795100, "arrival_ts": 1758717795100}
{"action": "recv", "src": "SA-N103", "dst": "EU-N120", "hlc": {"phys": 1758738359692, "cnt": 0, "node": "SA-N103"}, "package_id": "PKG38338", "payload": {"status": "CREATED"}, "sent_ts": 1758738338662, "arrival_ts": 1758738338740}
{"action": "recv", "src": "SA-N103", "dst": "EU-N120", "hlc": {"phys": 1758738359971, "cnt": 0, "node": "SA-N103"}, "package_id": "PKG38338", "payload": {"status": "SENT"}, "sent_ts": 1758738338941, "arrival_ts": 1758738338985}
{"action": "recv", "src": "SA-N103", "dst": "EU-N120", "hlc": {"phys": 1758738360221, "cnt": 0, "node": "SA-N103"}, "package_id": "PKG38338", "payload": {"status": "IN_TRANSIT"}, "sent_ts": 1758738339191, "arrival_ts": 1758738339277}
{"action": "recv", "src": "SA-N103", "dst": "EU-N120", "hlc": {"phys": 1758738360502, "cnt": 0, "node": "SA-N103"}, "package_id": "PKG38338", "payload": {"status": "RECEIVED"}, "sent_ts": 1758738339472, "arrival_ts": 1758738339502}
{"action": "recv", "src": "SA-N103", "dst": "EU-N120", "hlc": {"phys": 1758738360737, "cnt": 0, "node": "SA-N103"}, "package_id": "PKG38338", "payload": {"status": "DELIVERED"}, "sent_ts": 1758738339707, "arrival_ts": 1758738339875}
{"action": "send", "src": "EU-N120", "dst": "EU-N109", "hlc": {"phys": 1758739576830, "cnt": 0, "node": "EU-N120"}, "package_id": "PKG39570", "payload": {"status": "CREATED"}, "sent_ts": 1758739570630, "arrival_ts": 1758739570630}
{"action": "send", "src": "EU-N120", "dst": "EU-N109", "hlc": {"phys": 1758739577069, "cnt": 0, "node": "EU-N120"}, "package_id": "PKG39570", "payload": {"status": "SENT"}, "sent_ts": 1758739570869, "arrival_ts": 1758739570869}
{"action": "send", "src": "EU-N120", "dst": "EU-N109", "hlc": {"phys": 1758739577365, "cnt": 0, "node": "EU-N120"}, "package_id": "PKG39570", "payload": {"status": "IN_TRANSIT"}, "sent_ts": 1758739571165, "arrival_ts": 1758739571165}
{"action": "send", "src": "EU-N120", "dst": "EU-N109", "hlc": {"phys": 1758739577732, "cnt": 0, "node": "EU-N120"}, "package_id": "PKG39570", "payload": {"status": "RECEIVED"}, "sent_ts": 1758739571532, "arrival_ts": 1758739571532}
{"action": "send", "src": "EU-N120", "dst": "EU-N109", "hlc": {"phys": 1758739578019, "cnt": 0, "node": "EU-N120"}, "package_id": "PKG39570", "payload": {"status": "DELIVERED"}, "sent_ts": 1758739571819, "arrival_ts": 1758739571819}
{"action": "recv", "src": "AS-N81", "dst": "EU-N120", "hlc": {"phys": 1758740351070, "cnt": 0, "node": "AS-N81"}, "package_id": "PKG40340", "payload": {"status": "CREATED"}, "sent_ts": 1758740340260, "arrival_ts": 1758740340332}
{"action": "recv", "src": "AS-N81", "dst": "EU-N120", "hlc": {"phys": 1758740351349, "cnt": 0, "node": "AS-N81"}, "package_id": "PKG40340", "payload": {"status": "SENT"}, "sent_ts": 1758740340539, "arrival_ts": 1758740340602}
{"action": "recv", "src": "AS-N81", "dst": "EU-N120", "hlc": {"phys": 1758740351613, "cnt": 0, "node": "AS-N81"}, "package_id": "PKG40340", "payload": {"status": "IN_TRANSIT"}, "sent_ts": 1758740340803, "arrival_ts": 1758740340910}
{"action": "recv", "src": "AS-N81", "dst": "EU-N120", "hlc": {"phys": 1758740351924, "cnt": 0, "node": "AS-N81"}, "package_id": "PKG40340", "payload": {"status": "RECEIVED"}, "sent_ts": 1758740341114, "arrival_ts": 1758740341174}
{"action": "recv", "src": "AS-N81", "dst": "EU-N120", "hlc": {"phys": 1758740352190, "cnt": 0, "node": "AS-N81"}, "package_id": "PKG40340", "payload": {"status": "DELIVERED"}, "sent_ts": 1758740341380, "arrival_ts": 1758740341483}
{"action": "send", "src": "EU-N120", "dst": "AN-N81", "hlc": {"phys": 1758744265982, "cnt": 0, "node": "EU-N120"}, "package_id": "PKG44259", "payload": {"status": "CREATED"}, "sent_ts": 1758744259782, "arrival_ts": 1758744259782}
{"action": "send", "src": "EU-N120", "dst": "AN-N81", "hlc": {"phys": 1758744266217, "cnt": 0, "node": "EU-N120"}, "package_id": "PKG44259", "payload": {"status": "SENT"}, "sent_ts": 1758744260017, "arrival_ts": 1758744260017}
{"action": "send", "src": "EU-N120", "dst": "AN-N81", "hlc": {"phys": 1758744266432, "cnt": 0, "node": "EU-N120"}, "package_id": "PKG44259", "payload": {"status": "IN_TRANSIT"}, "sent_ts": 1758744260232, "arrival_ts": 1758744260232}
{"action": "send", "src": "EU-N120", "dst": "AN-N81", "hlc": {"phys": 1758744266726, "cnt": 0, "node": "EU-N120"}, "package_id": "PKG44259", "payload": {"status": "RECEIVED"}, "sent_ts": 1758744260526, "arrival_ts": 1758744260526}
{"action": "send", "src": "EU-N120", "dst": "AN-N81", "hlc": {"phys": 1758744267067, "cnt": 0, "node": "EU-N120"}, "package_id": "PKG44259", "payload": {"status": "DELIVERED"}, "sent_ts": 1758744260867, "arrival_ts": 1758744260867}
{"action": "recv", "src": "NA-N16", "dst": "EU-N120", "hlc": {"phys": 1758744525564, "cnt": 0, "node": "NA-N16"}, "package_id": "PKG44525", "payload": {"status": "CREATED"}, "sent_ts": 1758744525404, "arrival_ts": 1758744525524}
{"action": "recv", "src": "NA-N16", "dst": "EU-N120", "hlc": {"phys": 1758744525890, "cnt": 0, "node": "NA-N16"}, "package_id": "PKG44525", "payload": {"status": "SENT"}, "sent_ts": 1758744525730, "arrival_ts": 1758744525914}
{"action": "recv", "src": "NA-N16", "dst": "EU-N120", "hlc": {"phys": 1758744526278, "cnt": 0, "node": "NA-N16"}, "package_id": "PKG44525", "payload": {"status": "IN_TRANSIT"}, "sent_ts": 1758744526118, "arrival_ts": 1758744526249}
{"action": "recv", "src": "NA-N16", "dst": "EU-N120", "hlc": {"phys": 1758744526618, "cnt": 0, "node": "NA-N16"}, "package_id": "PKG44525", "payload": {"status": "RECEIVED"}, "sent_ts": 1758744526458, "arrival_ts": 1758744526573}
{"action": "recv", "src": "NA-N16", "dst": "EU-N120", "hlc": {"phys": 1758744526927, "cnt": 0, "node": "NA-N16"}, "package_id": "PKG44525", "payload": {"status": "DELIVERED"}, "sent_ts": 1758744526767, "arrival_ts": 1758744526847}
{"action": "recv", "src": "NA-N151", "dst": "EU-N120", "hlc": {"phys": 1758746400511, "cnt": 0, "node": "NA-N151"}, "package_id": "PKG46399", "payload": {"status": "CREATED"}, "sent_ts": 1758746399001, "arrival_ts": 1758746399047}
{"action": "recv", "src": "NA-N151", "dst": "EU-N120", "hlc": {"phys": 1758746400758, "cnt": 0, "node": "NA-N151"}, "package_id": "PKG46399", "payload": {"status": "SENT"}, "sent_ts": 1758746399247, "arrival_ts": 1758746399400}
{"action": "recv", "src": "NA-N151", "dst": "EU-N120", "hlc": {"phys": 1758746401110, "cnt": 0, "node": "NA-N151"}, "package_id": "PKG46399", "payload": {"status": "IN_TRANSIT"}, "sent_ts": 1758746399600, "arrival_ts": 1758746399712}
{"action": "recv", "src": "NA-N151", "dst": "EU-N120", "hlc": {"phys": 1758746401430, "cnt": 0, "node": "NA-N151"}, "package_id": "PKG46399", "payload": {"status": "RECEIVED"}, "sent_ts": 1758746399920, "arrival_ts": 1758746399961}
{"action": "recv", "src": "NA-N151", "dst": "EU-N120", "hlc": {"phys": 1758746401677, "cnt": 0, "node": "NA-N151"}, "package_id": "PKG46399", "payload": {"status": "DELIVERED"}, "sent_ts": 1758746400167, "arrival_ts": 1758746400273}
{"action": "send", "src": "EU-N120", "dst": "SA-N166", "hlc": {"phys": 1758747382132, "cnt": 0, "node": "EU-N120"}, "package_id": "PKG47375", "payload": {"status": "CREATED"}, "sent_ts": 1758747375932, "arrival_ts": 1758747375932}
{"action": "send", "src": "EU-N120", "dst": "SA-N166", "hlc": {"phys": 1758747382417, "cnt": 0, "node": "EU-N120"}, "package_id": "PKG47375", "payload": {"status": "SENT"}, "sent_ts": 1758747376217, "arrival_ts": 1758747376217}
{"action": "send", "src": "EU-N120", "dst": "SA-N166", "hlc": {"phys": 1758747382815, "cnt": 0, "node": "EU-N120"}, "package_id": "PKG47375", "payload": {"status": "IN_TRANSIT"}, "sent_ts": 1758747376615, "arrival_ts": 1758747376615}
{"action": "send", "src": "EU-N120", "dst": "SA-N166", "hlc": {"phys": 1758747383133, "cnt": 0, "node": "EU-N120"}, "package_id": "PKG47375", "payload": {"status": "RECEIVED"}, "sent_ts": 1758747376933, "arrival_ts": 1758747376933}
{"action": "send", "src": "EU-N120", "dst": "SA-N166", "hlc": {"phys": 1758747383543, "cnt": 0, "node": "EU-N120"}, "package_id": "PKG47375", "payload": {"status": "DELIVERED"}, "sent_ts": 1758747377343, "arrival_ts": 1758747377343}
{"action": "send", "src": "EU-N120", "dst": "AN-N182", "hlc": {"phys": 1758747991146, "cnt": 0, "node": "EU-N120"}, "package_id": "PKG47984", "payload": {"status": "CREATED"}, "sent_ts": 1758747984946, "arrival_ts": 1758747984946}
{"action": "send", "src": "EU-N120", "dst": "AN-N182", "hlc": {"phys": 1758747991435, "cnt": 0, "node": "EU-N120"}, "package_id": "PKG47984", "payload": {"status": "SENT"}, "sent_ts": 1758747985235, "arrival_ts": 1758747985235}
{"action": "send", "src": "EU-N120", "dst": "AN-N182", "hlc": {"phys": 1758747991730, "cnt": 0, "node": "EU-N120"}, "package_id": "PKG47984", "payload": {"status": "IN_TRANSIT"}, "sent_ts": 1758747985530, "arrival_ts": 1758747985530}
{"action": "send", "src": "EU-N120", "dst": "AN-N182", "hlc": {"phys": 1758747991980, "cnt": 0, "node": "EU-N120"}, "package_id": "PKG47984", "payload": {"status": "RECEIVED"}, "sent_ts": 1758747985780, "arrival_ts": 1758747985780}
{"action": "send", "src": "EU-N120", "dst": "AN-N182", "hlc": {"phys": 1758747992381, "cnt": 0, "node": "EU-N120"}, "package_id": "PKG47984", "payload": {"status": "DELIVERED"}, "sent_ts": 1758747986181, "arrival_ts": 1758747986181}
{"action": "recv", "src": "AS-N120", "dst": "EU-N120", "hlc": {"phys": 1758748086508, "cnt": 0, "node": "AS-N120"}, "package_id": "PKG48075", "payload": {"status": "CREATED"}, "sent_ts": 1758748075308, "arrival_ts": 1758748075325}
{"action": "recv", "src": "AS-N120", "dst": "EU-N120", "hlc": {"phys": 1758748086737, "cnt": 0, "node": "AS-N120"}, "package_id": "PKG48075", "payload": {"status": "SENT"}, "sent_ts": 1758748075537, "arrival_ts": 1758748075582}
{"action": "recv", "src": "AS-N120", "dst": "EU-N120", "hlc": {"phys": 1758748086999, "cnt": 0, "node": "AS-N120"}, "package_id": "PKG48075", "payload": {"status": "IN_TRANSIT"}, "sent_ts": 1758748075799, "arrival_ts": 1758748075818}
{"action": "recv", "src": "AS-N120", "dst": "EU-N120", "hlc": {"phys": 1758748087238, "cnt": 0, "node": "AS-N120"}, "package_id": "PKG48075", "payload": {"status": "RECEIVED"}, "sent_ts": 1758748076038, "arrival_ts": 1758748076184}
{"action": "recv", "src": "AS-N120", "dst": "EU-N120", "hlc": {"phys": 1758748087586, "cnt": 0, "node": "AS-N120"}, "package_id": "PKG48075", "payload": {"status": "DELIVERED"}, "sent_ts": 1758748076385, "arrival_ts": 1758748076416}
{"action": "send", "src": "EU-N120", "dst": "SA-N190", "hlc": {"phys": 1758748420154, "cnt": 0, "node": "EU-N120"}, "package_id": "PKG48413", "payload": {"status": "CREATED"}, "sent_ts": 1758748413954, "arrival_ts": 1758748413954}
{"action": "send", "src": "EU-N120", "dst": "SA-N190", "hlc": {"phys": 1758748420509, "cnt": 0, "node": "EU-N120"}, "package_id": "PKG48413", "payload": {"status": "SENT"}, "sent_ts": 1758748414309, "arrival_ts": 1758748414309}
{"action": "send", "src": "EU-N120", "dst": "SA-N190", "hlc": {"phys": 1758748420834, "cnt": 0, "node": "EU-N120"}, "package_id": "PKG48413", "payload": {"status": "IN_TRANSIT"}, "sent_ts": 1758748414634, "arrival_ts": 1758748414634}
{"action": "send", "src": "EU-N120", "dst": "SA-N190", "hlc": {"phys": 1758748421191, "cnt": 0, "node": "EU-N120"}, "package_id": "PKG48413", "payload": {"status": "RECEIVED"}, "sent_ts": 1758748414991, "arrival_ts": 1758748414991}
{"action": "send", "src": "EU-N120", "dst": "SA-N190", "hlc": {"phys": 1758748421499, "cnt": 0, "node": "EU-N120"}, "package_id": "PKG48413", "payload": {"status": "DELIVERED"}, "sent_ts": 1758748415299, "arrival_ts": 1758748415299}
{"action": "recv", "src": "AF-N70", "dst": "EU-N120", "hlc": {"phys": 1758748884128, "cnt": 0, "node": "AF-N70"}, "package_id": "PKG48868", "payload": {"status": "CREATED"}, "sent_ts": 1758748868428, "arrival_ts": 1758748868489}
{"action": "recv", "src": "AF-N70", "dst": "EU-N120", "hlc": {"phys": 1758748884400, "cnt": 0, "node": "AF-N70"}, "package_id": "PKG48868", "payload": {"status": "SENT"}, "sent_ts": 1758748868700, "arrival_ts": 1758748868804}
{"action": "recv", "src": "AF-N70", "dst": "EU-N120", "hlc": {"phys": 1758748884714, "cnt": 0, "node": "AF-N70"}, "package_id": "PKG48868", "payload": {"status": "IN_TRANSIT"}, "sent_ts": 1758748869014, "arrival_ts": 1758748869040}
{"action": "recv", "src": "AF-N70", "dst": "EU-N120", "hlc": {"phys": 1758748884951, "cnt": 0, "node": "AF-N70"}, "package_id": "PKG48868", "payload": {"status": "RECEIVED"}, "sent_ts": 1758748869251, "arrival_ts": 1758748869369}
{"action": "recv", "src": "AF-N70", "dst": "EU-N120", "hlc": {"phys": 1758748885274, "cnt": 0, "node": "AF-N70"}, "package_id": "PKG48868", "payload": {"status": "DELIVERED"}, "sent_ts": 1758748869574, "arrival_ts": 1758748869612}
{"action": "recv", "src": "EU-N37", "dst": "EU-N120", "hlc": {"phys": 1758748942243, "cnt": 0, "node": "EU-N37"}, "package_id": "PKG48936", "payload": {"status": "CREATED"}, "sent_ts": 1758748936873, "arrival_ts": 1758748936964}
{"action": "recv", "src": "EU-N37", "dst": "EU-N120", "hlc": {"phys": 1758748942527, "cnt": 0, "node": "EU-N37"}, "package_id": "PKG48936", "payload": {"status": "SENT"}, "sent_ts": 1758748937157, "arrival_ts": 1758748937287}
{"action": "recv", "src": "EU-N37", "dst": "EU-N120", "hlc": {"phys": 1758748942860, "cnt": 0, "node": "EU-N37"}, "package_id": "PKG48936", "payload": {"status": "IN_TRANSIT"}, "sent_ts": 1758748937490, "arrival_ts": 1758748937621}
{"action": "recv", "src": "EU-N37", "dst": "EU-N120", "hlc": {"phys": 1758748943192, "cnt": 0, "node": "EU-N37"}, "package_id": "PKG48936", "payload": {"status": "RECEIVED"}, "sent_ts": 1758748937822, "arrival_ts": 1758748937990}
{"action": "recv", "src": "EU-N37", "dst": "EU-N120", "hlc": {"phys": 1758748943572, "cnt": 0, "node": "EU-N37"}, "package_id": "PKG48936", "payload": {"status": "DELIVERED"}, "sent_ts": 1758748938202, "arrival_ts": 1758748938323}
{"action": "recv", "src": "NA-N105", "dst": "EU-N120", "hlc": {"phys": 1758749820225, "cnt": 0, "node": "NA-N105"}, "package_id": "PKG49819", "payload": {"status": "CREATED"}, "sent_ts": 1758749819175, "arrival_ts": 1758749819220}
{"action": "recv", "src": "NA-N105", "dst": "EU-N120", "hlc": {"phys": 1758749820492, "cnt": 0, "node": "NA-N105"}, "package_id": "PKG49819", "payload": {"status": "SENT"}, "sent_ts": 1758749819442, "arrival_ts": 1758749819529}
{"action": "recv", "src": "NA-N105", "dst": "EU-N120", "hlc": {"phys": 1758749820776, "cnt": 0, "node": "NA-N105"}, "package_id": "PKG49819", "payload": {"status": "IN_TRANSIT"}, "sent_ts": 1758749819726, "arrival_ts": 1758749819877}
{"action": "recv", "src": "NA-N105", "dst": "EU-N120", "hlc": {"phys": 1758749821142, "cnt": 0, "node": "NA-N105"}, "package_id": "PKG49819", "payload": {"status": "RECEIVED"}, "sent_ts": 1758749820092, "arrival_ts": 1758749820262}
{"action": "recv", "src": "NA-N105", "dst": "EU-N120", "hlc": {"phys": 1758749821509, "cnt": 0, "node": "NA-N105"}, "package_id": "PKG49819", "payload": {"status": "DELIVERED"}, "sent_ts": 1758749820459, "arrival_ts": 1758749820558}
{"action": "recv", "src": "AU-N58", "dst": "EU-N120", "hlc": {"phys": 1758751596652, "cnt": 0, "node": "AU-N58"}, "package_id": "PKG51571", "payload": {"status": "CREATED"}, "sent_ts": 1758751571072, "arrival_ts": 1758751571203}
{"action": "recv", "src": "AU-N58", "dst": "EU-N120", "hlc": {"phys": 1758751596984, "cnt": 0, "node": "AU-N58"}, "package_id": "PKG51571", "payload": {"status": "SENT"}, "sent_ts": 1758751571404, "arrival_ts": 1758751571416}
{"action": "recv", "src": "AU-N58", "dst": "EU-N120", "hlc": {"phys": 1758751597192, "cnt": 0, "node": "AU-N58"}, "package_id": "PKG51571", "payload": {"status": "IN_TRANSIT"}, "sent_ts": 1758751571612, "arrival_ts": 1758751571664}
{"action": "recv", "src": "AU-N58", "dst": "EU-N120", "hlc": {"phys": 1758751597446, "cnt": 0, "node": "AU-N58"}, "package_id": "PKG51571", "payload": {"status": "RECEIVED"}, "sent_ts": 1758751571866, "arrival_ts": 1758751571886}
{"action": "recv", "src": "AU-N58", "dst": "EU-N120", "hlc": {"phys": 1758751597665, "cnt": 0, "node": "AU-N58"}, "package_id": "PKG51571", "payload": {"status": "DELIVERED"}, "sent_ts": 1758751572085, "arrival_ts": 1758751572147}
{"action": "recv", "src": "AF-N100", "dst": "EU-N120", "hlc": {"phys": 1758751693625, "cnt": 0, "node": "AF-N100"}, "package_id": "PKG51677", "payload": {"status": "CREATED"}, "sent_ts": 1758751677625, "arrival_ts": 1758751677736}
{"action": "recv", "src": "AF-N100", "dst": "EU-N120", "hlc": {"phys": 1758751693952, "cnt": 0, "node": "AF-N100"}, "package_id": "PKG51677", "payload": {"status": "SENT"}, "sent_ts": 1758751677952, "arrival_ts": 1758751678064}
{"action": "recv", "src": "AF-N100", "dst": "EU-N120", "hlc": {"phys": 1758751694279, "cnt": 0, "node": "AF-N100"}, "package_id": "PKG51677", "payload": {"status": "IN_TRANSIT"}, "sent_ts": 1758751678279, "arrival_ts": 1758751678408}
{"action": "recv", "src": "AF-N100", "dst": "EU-N120", "hlc": {"phys": 1758751694618, "cnt": 0, "node": "AF-N100"}, "package_id": "PKG51677", "payload": {"status": "RECEIVED"}, "sent_ts": 1758751678618, "arrival_ts": 1758751678662}
{"action": "recv", "src": "AF-N100", "dst": "EU-N120", "hlc": {"phys": 1758751694867, "cnt": 0, "node": "AF-N100"}, "package_id": "PKG51677", "payload": {"status": "DELIVERED"}, "sent_ts": 1758751678867, "arrival_ts": 1758751678934}
{"action": "recv", "src": "AU-N56", "dst": "EU-N120", "hlc": {"phys": 1758751910207, "cnt": 0, "node": "AU-N56"}, "package_id": "PKG51884", "payload": {"status": "CREATED"}, "sent_ts": 1758751884647, "arrival_ts": 1758751884680}
{"action": "recv", "src": "AU-N56", "dst": "EU-N120", "hlc": {"phys": 1758751910444, "cnt": 0, "node": "AU-N56"}, "package_id": "PKG51884", "payload": {"status": "SENT"}, "sent_ts": 1758751884884, "arrival_ts": 1758751885041}
{"action": "recv", "src": "AU-N56", "dst": "EU-N120", "hlc": {"phys": 1758751910809, "cnt": 0, "node": "AU-N56"}, "package_id": "PKG51884", "payload": {"status": "IN_TRANSIT"}, "sent_ts": 1758751885249, "arrival_ts": 1758751885441}
{"action": "recv", "src": "AU-N56", "dst": "EU-N120", "hlc": {"phys": 1758751911202, "cnt": 0, "node": "AU-N56"}, "package_id": "PKG51884", "payload": {"status": "RECEIVED"}, "sent_ts": 1758751885642, "arrival_ts": 1758751885799}
{"action": "recv", "src": "AU-N56", "dst": "EU-N120", "hlc": {"phys": 1758751911563, "cnt": 0, "node": "AU-N56"}, "package_id": "PKG51884", "payload": {"status": "DELIVERED"}, "sent_ts": 1758751886003, "arrival_ts": 1758751886114}
{"action": "recv", "src": "EU-N70", "dst": "EU-N120", "hlc": {"phys": 1758753393259, "cnt": 0, "node": "EU-N70"}, "package_id": "PKG53387", "payload": {"status": "CREATED"}, "sent_ts": 1758753387559, "arrival_ts": 1758753387700}
{"action": "recv", "src": "EU-N70", "dst": "EU-N120", "hlc": {"phys": 1758753393602, "cnt": 0, "node": "EU-N70"}, "package_id": "PKG53387", "payload": {"status": "SENT"}, "sent_ts": 1758753387902, "arrival_ts": 1758753388044}
{"action": "recv", "src": "EU-N70", "dst": "EU-N120", "hlc": {"phys": 1758753393945, "cnt": 0, "node": "EU-N70"}, "package_id": "PKG53387", "payload": {"status": "IN_TRANSIT"}, "sent_ts": 1758753388245, "arrival_ts": 1758753388358}
{"action": "recv", "src": "EU-N70", "dst": "EU-N120", "hlc": {"phys": 1758753394274, "cnt": 0, "node": "EU-N70"}, "package_id": "PKG53387", "payload": {"status": "RECEIVED"}, "sent_ts": 1758753388574, "arrival_ts": 1758753388716}
{"action": "recv", "src": "EU-N70", "dst": "EU-N120", "hlc": {"phys": 1758753394619, "cnt": 0, "node": "EU-N70"}, "package_id": "PKG53387", "payload": {"status": "DELIVERED"}, "sent_ts": 1758753388919, "arrival_ts": 1758753389013}
{"action": "send", "src": "EU-N120", "dst": "NA-N162", "hlc": {"phys": 1758757055522, "cnt": 0, "node": "EU-N120"}, "package_id": "PKG57049", "payload": {"status": "CREATED"}, "sent_ts": 1758757049322, "arrival_ts": 1758757049322}
{"action": "send", "src": "EU-N120", "dst": "NA-N162", "hlc": {"phys": 1758757055886, "cnt": 0, "node": "EU-N120"}, "package_id": "PKG57049", "payload": {"status": "SENT"}, "sent_ts": 1758757049686, "arrival_ts": 1758757049686}
{"action": "send", "src": "EU-N120", "dst": "NA-N162", "hlc": {"phys": 1758757056169, "cnt": 0, "node": "EU-N120"}, "package_id": "PKG57049", "payload": {"status": "IN_TRANSIT"}, "sent_ts": 1758757049969, "arrival_ts": 1758757049969}
{"action": "send", "src": "EU-N120", "dst": "NA-N162", "hlc": {"phys": 1758757056504, "cnt": 0, "node": "EU-N120"}, "package_id": "PKG57049", "payload": {"status": "RECEIVED"}, "sent_ts": 1758757050304, "arrival_ts": 1758757050304}
{"action": "send", "src": "EU-N120", "dst": "NA-N162", "hlc": {"phys": 1758757056781, "cnt": 0, "node": "EU-N120"}, "package_id": "PKG57049", "payload": {"status": "DELIVERED"}, "sent_ts": 1758757050581, "arrival_ts": 1758757050581}
{"action": "recv", "src": "AF-N170", "dst": "EU-N120", "hlc": {"phys": 1758758011431, "cnt": 0, "node": "AF-N170"}, "package_id": "PKG57994", "payload": {"status": "CREATED"}, "sent_ts": 1758757994731, "arrival_ts": 1758757994922}
{"action": "recv", "src": "AF-N170", "dst": "EU-N120", "hlc": {"phys": 1758758011833, "cnt": 0, "node": "AF-N170"}, "package_id": "PKG57994", "payload": {"status": "SENT"}, "sent_ts": 1758757995133, "arrival_ts": 1758757995187}
{"action": "recv", "src": "AF-N170", "dst": "EU-N120", "hlc": {"phys": 1758758012110, "cnt": 0, "node": "AF-N170"}, "package_id": "PKG57994", "payload": {"status": "IN_TRANSIT"}, "sent_ts": 1758757995410, "arrival_ts": 1758757995556}
{"action": "recv", "src": "AF-N170", "dst": "EU-N120", "hlc": {"phys": 1758758012471, "cnt": 0, "node": "AF-N170"}, "package_id": "PKG57994", "payload": {"status": "RECEIVED"}, "sent_ts": 1758757995771, "arrival_ts": 1758757995966}
{"action": "recv", "src": "AF-N170", "dst": "EU-N120", "hlc": {"phys": 1758758012875, "cnt": 0, "node": "AF-N170"}, "package_id": "PKG57994", "payload": {"status": "DELIVERED"}, "sent_ts": 1758757996175, "arrival_ts": 1758757996295}
{"action": "send", "src": "EU-N120", "dst": "NA-N64", "hlc": {"phys": 1758758559747, "cnt": 0, "node": "EU-N120"}, "package_id": "PKG58553", "payload": {"status": "CREATED"}, "sent_ts": 1758758553547, "arrival_ts": 1758758553547}
{"action": "send", "src": "EU-N120", "dst": "NA-N64", "hlc": {"phys": 1758758560110, "cnt": 0, "node": "EU-N120"}, "package_id": "PKG58553", "payload": {"status": "SENT"}, "sent_ts": 1758758553910, "arrival_ts": 1758758553910}
{"action": "send", "src": "EU-N120", "dst": "NA-N64", "hlc": {"phys": 1758758560474, "cnt": 0, "node": "EU-N120"}, "package_id": "PKG58553", "payload": {"status": "IN_TRANSIT"}, "sent_ts": 1758758554274, "arrival_ts": 1758758554274}
{"action": "send", "src": "EU-N120", "dst": "NA-N64", "hlc": {"phys": 1758758560874, "cnt": 0, "node": "EU-N120"}, "package_id": "PKG58553", "payload": {"status": "RECEIVED"}, "sent_ts": 1758758554674, "arrival_ts": 1758758554674}
{"action": "send", "src": "EU-N120", "dst": "NA-N64", "hlc": {"phys": 1758758561096, "cnt": 0, "node": "EU-N120"}, "package_id": "PKG58553", "payload": {"status": "DELIVERED"}, "sent_ts": 1758758554896, "arrival_ts": 1758758554896}
{"action": "send", "src": "EU-N120", "dst": "SA-N172", "hlc": {"phys": 1758760897698, "cnt": 0, "node": "EU-N120"}, "package_id": "PKG60891", "payload": {"status": "CREATED"}, "sent_ts": 1758760891498, "arrival_ts": 1758760891498}
{"action": "send", "src": "EU-N120", "dst": "SA-N172", "hlc": {"phys": 1758760898043, "cnt": 0, "node": "EU-N120"}, "package_id": "PKG60891", "payload": {"status": "SENT"}, "sent_ts": 1758760891843, "arrival_ts": 1758760891843}
{"action": "send", "src": "EU-N120", "dst": "SA-N172", "hlc": {"phys": 1758760898414, "cnt": 0, "node": "EU-N120"}, "package_id": "PKG60891", "payload": {"status": "IN_TRANSIT"}, "sent_ts": 1758760892214, "arrival_ts": 1758760892214}
{"action": "send", "src": "EU-N120", "dst": "SA-N172", "hlc": {"phys": 1758760898823, "cnt": 0, "node": "EU-N120"}, "package_id": "PKG60891", "payload": {"status": "RECEIVED"}, "sent_ts": 1758760892623, "arrival_ts": 1758760892623}
{"action": "send", "src": "EU-N120", "dst": "SA-N172", "hlc": {"phys": 1758760899078, "cnt": 0, "node": "EU-N120"}, "package_id": "PKG60891", "payload": {"status": "DELIVERED"}, "sent_ts": 1758760892878, "arrival_ts": 1758760892878}
{"action": "send", "src": "EU-N120", "dst": "AN-N98", "hlc": {"phys": 1758804258833, "cnt": 0, "node": "EU-N120"}, "package_id": "PKG4252", "payload": {"status": "CREATED"}, "sent_ts": 1758804252633, "arrival_ts": 1758804252633}
{"action": "send", "src": "EU-N120", "dst": "AN-N98", "hlc": {"phys": 1758804259198, "cnt": 0, "node": "EU-N120"}, "package_id": "PKG4252", "payload": {"status": "SENT"}, "sent_ts": 1758804252998, "arrival_ts": 1758804252998}
{"action": "send", "src": "EU-N120", "dst": "AN-N98", "hlc": {"phys": 1758804259530, "cnt": 0, "node": "EU-N120"}, "package_id": "PKG4252", "payload": {"status": "IN_TRANSIT"}, "sent_ts": 1758804253330, "arrival_ts": 1758804253330}
{"action": "send", "src": "EU-N120", "dst": "AN-N98", "hlc": {"phys": 1758804259949, "cnt": 0, "node": "EU-N120"}, "package_id": "PKG4252", "payload": {"status": "RECEIVED"}, "sent_ts": 1758804253749, "arrival_ts": 1758804253749}
{"action": "send", "src": "EU-N120", "dst": "AN-N98", "hlc": {"phys": 1758804260318, "cnt": 0, "node": "EU-N120"}, "package_id": "PKG4252", "payload": {"status": "DELIVERED"}, "sent_ts": 1758804254118, "arrival_ts": 1758804254118}
{"action": "recv", "src": "AN-N55", "dst": "EU-N120", "hlc": {"phys": 1758804406562, "cnt": 0, "node": "AN-N55"}, "package_id": "PKG4376", "payload": {"status": "CREATED"}, "sent_ts": 1758804376012, "arrival_ts": 1758804376041}
{"action": "recv", "src": "AN-N55", "dst": "EU-N120", "hlc": {"phys": 1758804406793, "cnt": 0, "node": "AN-N55"}, "package_id": "PKG4376", "payload": {"status": "SENT"}, "sent_ts": 1758804376243, "arrival_ts": 1758804376377}
{"action": "recv", "src": "AN-N55", "dst": "EU-N120", "hlc": {"phys": 1758804407130, "cnt": 0, "node": "AN-N55"}, "package_id": "PKG4376", "payload": {"status": "IN_TRANSIT"}, "sent_ts": 1758804376580, "arrival_ts": 1758804376730}
{"action": "recv", "src": "AN-N55", "dst": "EU-N120", "hlc": {"phys": 1758804407458, "cnt": 0, "node": "AN-N55"}, "package_id": "PKG4376", "payload": {"status": "RECEIVED"}, "sent_ts": 1758804376908, "arrival_ts": 1758804376982}
{"action": "recv", "src": "AN-N55", "dst": "EU-N120", "hlc": {"phys": 1758804407733, "cnt": 0, "node": "AN-N55"}, "package_id": "PKG4376", "payload": {"status": "DELIVERED"}, "sent_ts": 1758804377183, "arrival_ts": 1758804377289}
{"action": "recv", "src": "NA-N197", "dst": "EU-N120", "hlc": {"phys": 1758813609557, "cnt": 0, "node": "NA-N197"}, "package_id": "PKG13607", "payload": {"status": "CREATED"}, "sent_ts": 1758813607587, "arrival_ts": 1758813607687}
{"action": "recv", "src": "NA-N197", "dst": "EU-N120", "hlc": {"phys": 1758813609865, "cnt": 0, "node": "NA-N197"}, "package_id": "PKG13607", "payload": {"status": "SENT"}, "sent_ts": 1758813607895, "arrival_ts": 1758813607976}
{"action": "recv", "src": "NA-N197", "dst": "EU-N120", "hlc": {"phys": 1758813610143, "cnt": 0, "node": "NA-N197"}, "package_id": "PKG13607", "payload": {"status": "IN_TRANSIT"}, "sent_ts": 1758813608173, "arrival_ts": 1758813608224}
{"action": "recv", "src": "NA-N197", "dst": "EU-N120", "hlc": {"phys": 1758813610405, "cnt": 0, "node": "NA-N197"}, "package_id": "PKG13607", "payload": {"status": "RECEIVED"}, "sent_ts": 1758813608435, "arrival_ts": 1758813608536}
{"action": "recv", "src": "NA-N197", "dst": "EU-N120", "hlc": {"phys": 1758813610717, "cnt": 0, "node": "NA-N197"}, "package_id": "PKG13607", "payload": {"status": "DELIVERED"}, "sent_ts": 1758813608747, "arrival_ts": 1758813608929}
{"action": "send", "src": "EU-N120", "dst": "AF-N150", "hlc": {"phys": 1758817002189, "cnt": 0, "node": "EU-N120"}, "package_id": "PKG16995", "payload": {"status": "CREATED"}, "sent_ts": 1758816995989, "arrival_ts": 1758816995989}
{"action": "send", "src": "EU-N120", "dst": "AF-N150", "hlc": {"phys": 1758817002471, "cnt": 0, "node": "EU-N120"}, "package_id": "PKG16995", "payload": {"status": "SENT"}, "sent_ts": 1758816996271, "arrival_ts": 1758816996271}
{"action": "send", "src": "EU-N120", "dst": "AF-N150", "hlc": {"phys": 1758817002720, "cnt": 0, "node": "EU-N120"}, "package_id": "PKG16995", "payload": {"status": "IN_TRANSIT"}, "sent_ts": 1758816996520, "arrival_ts": 1758816996520}
{"action": "send", "src": "EU-N120", "dst": "AF-N150", "hlc": {"phys": 1758817003001, "cnt": 0, "node": "EU-N120"}, "package_id": "PKG16995", "payload": {"status": "RECEIVED"}, "sent_ts": 1758816996801, "arrival_ts": 1758816996801}
{"action": "send", "src": "EU-N120", "dst": "AF-N150", "hlc": {"phys": 1758817003236, "cnt": 0, "node": "EU-N120"}, "package_id": "PKG16995", "payload": {"status": "DELIVERED"}, "sent_ts": 1758816997036, "arrival_ts": 1758816997036}
