{"action": "recv", "src": "SA-N66", "dst": "NA-N118", "hlc": {"phys": 1758719706953, "cnt": 0, "node": "SA-N66"}, "package_id": "PKG19686", "payload": {"status": "CREATED"}, "sent_ts": 1758719686293, "arrival_ts": 1758719686460}
{"action": "recv", "src": "SA-N66", "dst": "NA-N118", "hlc": {"phys": 1758719707339, "cnt": 0, "node": "SA-N66"}, "package_id": "PKG19686", "payload": {"status": "SENT"}, "sent_ts": 1758719686679, "arrival_ts": 1758719686872}
{"action": "recv", "src": "SA-N66", "dst": "NA-N118", "hlc": {"phys": 1758719707740, "cnt": 0, "node": "SA-N66"}, "package_id": "PKG19686", "payload": {"status": "IN_TRANSIT"}, "sent_ts": 1758719687080, "arrival_ts": 1758719687128}
{"action": "recv", "src": "SA-N66", "dst": "NA-N118", "hlc": {"phys": 1758719707994, "cnt": 0, "node": "SA-N66"}, "package_id": "PKG19686", "payload": {"status": "RECEIVED"}, "sent_ts": 1758719687334, "arrival_ts": 1758719687518}
{"action": "recv", "src": "SA-N66", "dst": "NA-N118", "hlc": {"phys": 1758719708367, "cnt": 0, "node": "SA-N66"}, "package_id": "PKG19686", "payload": {"status": "DELIVERED"}, "sent_ts": 1758719687707, "arrival_ts": 1758719687723}
{"action": "send", "src": "NA-N118", "dst": "AN-N46", "hlc": {"phys": 1758740939639, "cnt": 0, "node": "NA-N118"}, "package_id": "PKG40938", "payload": {"status": "CREATED"}, "sent_ts": 1758740938459, "arrival_ts": 1758740938459}
{"action": "send", "src": "NA-N118", "dst": "AN-N46", "hlc": {"phys": 1758740939945, "cnt": 0, "node": "NA-N118"}, "package_id": "PKG40938", "payload": {"status": "SENT"}, "sent_ts": 1758740938765, "arrival_ts": 1758740938765}
{"action": "send", "src": "NA-N118", "dst": "AN-N46", "hlc": {"phys": 1758740940315, "cnt": 0, "node": "NA-N118"}, "package_id": "PKG40938", "payload": {"status": "IN_TRANSIT"}, "sent_ts": 1758740939135, "arrival_ts": 1758740939135}
{"action": "send", "src": "NA-N118", "dst": "AN-N46", "hlc": {"phys": 1758740940608, "cnt": 0, "node": "NA-N118"}, "package_id": "PKG40938", "payload": {"status": "RECEIVED"}, "sent_ts": 1758740939428, "arrival_ts": 1758740939428}
{"action": "send", "src": "NA-N118", "dst": "AN-N46", "hlc": {"phys": 1758740940921, "cnt": 0, "node": "NA-N118"}, "package_id": "PKG40938", "payload": {"status": "DELIVERED"}, "sent_ts": 1758740939741, "arrival_ts": 1758740939741}
{"action": "send", "src": "NA-N118", "dst": "NA-N116", "hlc": {"phys": 1758742971521, "cnt": 0, "node": "NA-N118"}, "package_id": "PKG42970", "payload": {"status": "CREATED"}, "sent_ts": 1758742970341, "arrival_ts": 1758742970341}
{"action": "send", "src": "NA-N118", "dst": "NA-N116", "hlc": {"phys": 1758742971886, "cnt": 0, "node": "NA-N118"}, "package_id": "PKG42970", "payload": {"status": "SENT"}, "sent_ts": 1758742970706, "arrival_ts": 1758742970706}
{"action": "send", "src": "NA-N118", "dst": "NA-N116", "hlc": {"phys": 1758742972183, "cnt": 0, "node": "NA-N118"}, "package_id": "PKG42970", "payload": {"status": "IN_TRANSIT"}, "sent_ts": 1758742971003, "arrival_ts": 1758742971003}
{"action": "send", "src": "NA-N118", "dst": "NA-N116", "hlc": {"phys": 1758742972491, "cnt": 0, "node": "NA-N118"}, "package_id": "PKG42970", "payload": {"status": "RECEIVED"}, "sent_ts": 1758742971311, "arrival_ts": 1758742971311}
{"action": "send", "src": "NA-N118", "dst": "NA-N116", "hlc": {"phys": 1758742972825, "cnt": 0, "node": "NA-N118"}, "package_id": "PKG42970", "payload": {"status": "DELIVERED"}, "sent_ts": 1758742971645, "arrival_ts": 1758742971645}
{"action": "recv", "src": "AN-N103", "dst": "NA-N118", "hlc": {"phys": 1758743832323, "cnt": 0, "node": "AN-N103"}, "package_id": "PKG43801", "payload": {"status": "CREATED"}, "sent_ts": 1758743801293, "arrival_ts": 1758743801358}
{"action": "recv", "src": "AN-N103", "dst": "NA-N118", "hlc": {"phys": 1758743832604, "cnt": 0, "node": "AN-N103"}, "package_id": "PKG43801", "payload": {"status": "SENT"}, "sent_ts": 1758743801574, "arrival_ts": 1758743801754}
{"action": "recv", "src": "AN-N103", "dst": "NA-N118", "hlc": {"phys": 1758743832992, "cnt": 0, "node": "AN-N103"}, "package_id": "PKG43801", "payload": {"status": "IN_TRANSIT"}, "sent_ts": 1758743801962, "arrival_ts": 1758743802069}
{"action": "recv", "src": "AN-N103", "dst": "NA-N118", "hlc": {"phys": 1758743833316, "cnt": 0, "node": "AN-N103"}, "package_id": "PKG43801", "payload": {"status": "RECEIVED"}, "sent_ts": 1758743802286, "arrival_ts": 1758743802397}
{"action": "recv", "src": "AN-N103", "dst": "NA-N118", "hlc": {"phys": 1758743833623, "cnt": 0, "node": "AN-N103"}, "package_id": "PKG43801", "payload": {"status": "DELIVERED"}, "sent_ts": 1758743802593, "arrival_ts": 1758743802789}
{"action": "recv", "src": "EU-N173", "dst": "NA-N118", "hlc": {"phys": 1758744702038, "cnt": 0, "node": "EU-N173"}, "package_id": "PKG44695", "payload": {"status": "CREATED"}, "sent_ts": 1758744695308, "arrival_ts": 1758744695382}
{"action": "recv", "src": "EU-N173", "dst": "NA-N118", "hlc": {"phys": 1758744702328, "cnt": 0, "node": "EU-N173"}, "package_id": "PKG44695", "payload": {"status": "SENT"}, "sent_ts": 1758744695598, "arrival_ts": 1758744695654}
{"action": "recv", "src": "EU-N173", "dst": "NA-N118", "hlc": {"phys": 1758744702593, "cnt": 0, "node": "EU-N173"}, "package_id": "PKG44695", "payload": {"status": "IN_TRANSIT"}, "sent_ts": 1758744695863, "arrival_ts": 1758744695980}
{"action": "recv", "src": "EU-N173", "dst": "NA-N118", "hlc": {"phys": 1758744702917, "cnt": 0, "node": "EU-N173"}, "package_id": "PKG44695", "payload": {"status": "RECEIVED"}, "sent_ts": 1758744696187, "arrival_ts": 1758744696246}
{"action": "recv", "src": "EU-N173", "dst": "NA-N118", "hlc": {"phys": 1758744703167, "cnt": 0, "node": "EU-N173"}, "package_id": "PKG44695", "payload": {"status": "DELIVERED"}, "sent_ts": 1758744696437, "arrival_ts": 1758744696454}
{"action": "send", "src": "NA-N118", "dst": "AS-N148", "hlc": {"phys": 1758745501678, "cnt": 0, "node": "NA-N118"}, "package_id": "PKG45500", "payload": {"status": "CREATED"}, "sent_ts": 1758745500498, "arrival_ts": 1758745500498}
{"action": "send", "src": "NA-N118", "dst": "AS-N148", "hlc": {"phys": 1758745502064, "cnt": 0, "node": "NA-N118"}, "package_id": "PKG45500", "payload": {"status": "SENT"}, "sent_ts": 1758745500884, "arrival_ts": 1758745500884}
{"action": "send", "src": "NA-N118", "dst": "AS-N148", "hlc": {"phys": 1758745502326, "cnt": 0, "node": "NA-N118"}, "package_id": "PKG45500", "payload": {"status": "IN_TRANSIT"}, "sent_ts": 1758745501146, "arrival_ts": 1758745501146}
{"action": "send", "src": "NA-N118", "dst": "AS-N148", "hlc": {"phys": 1758745502638, "cnt": 0, "node": "NA-N118"}, "package_id": "PKG45500", "payload": {"status": "RECEIVED"}, "sent_ts": 1758745501458, "arrival_ts": 1758745501458}
{"action": "send", "src": "NA-N118", "dst": "AS-N148", "hlc": {"phys": 1758745502965, "cnt": 0, "node": "NA-N118"}, "package_id": "PKG45500", "payload": {"status": "DELIVERED"}, "sent_ts": 1758745501785, "arrival_ts": 1758745501785}
{"action": "recv", "src": "SA-N154", "dst": "NA-N118", "hlc": {"phys": 1758748709457, "cnt": 0, "node": "SA-N154"}, "package_id": "PKG48687", "payload": {"status": "CREATED"}, "sent_ts": 1758748687917, "arrival_ts": 1758748688094}
{"action": "recv", "src": "SA-N154", "dst": "NA-N118", "hlc": {"phys": 1758748709844, "cnt": 0, "node": "SA-N154"}, "package_id": "PKG48687", "payload": {"status": "SENT"}, "sent_ts": 1758748688304, "arrival_ts": 1758748688413}
{"action": "recv", "src": "SA-N154", "dst": "NA-N118", "hlc": {"phys": 1758748710165, "cnt": 0, "node": "SA-N154"}, "package_id": "PKG48687", "payload": {"status": "IN_TRANSIT"}, "sent_ts": 1758748688625, "arrival_ts": 1758748688736}
{"action": "recv", "src": "SA-N154", "dst": "NA-N118", "hlc": {"phys": 1758748710485, "cnt": 0, "node": "SA-N154"}, "package_id": "PKG48687", "payload": {"status": "RECEIVED"}, "sent_ts": 1758748688945, "arrival_ts": 1758748689101}
{"action": "recv", "src": "SA-N154", "dst": "NA-N118", "hlc": {"phys": 1758748710869, "cnt": 0, "node": "SA-N154"}, "package_id": "PKG48687", "payload": {"status": "DELIVERED"}, "sent_ts": 1758748689329, "arrival_ts": 1758748689548}
{"action": "send", "src": "NA-N118", "dst": "NA-N55", "hlc": {"phys": 1758749415956, "cnt": 0, "node": "NA-N118"}, "package_id": "PKG49414", "payload": {"status": "CREATED"}, "sent_ts": 1758749414776, "arrival_ts": 1758749414776}
{"action": "send", "src": "NA-N118", "dst": "NA-N55", "hlc": {"phys": 1758749416313, "cnt": 0, "node": "NA-N118"}, "package_id": "PKG49414", "payload": {"status": "SENT"}, "sent_ts": 1758749415133, "arrival_ts": 1758749415133}
{"action": "send", "src": "NA-N118", "dst": "NA-N55", "hlc": {"phys": 1758749416608, "cnt": 0, "node": "NA-N118"}, "package_id": "PKG49414", "payload": {"status": "IN_TRANSIT"}, "sent_ts": 1758749415428, "arrival_ts": 1758749415428}
{"action": "send", "src": "NA-N118", "dst": "NA-N55", "hlc": {"phys": 1758749416999, "cnt": 0, "node": "NA-N118"}, "package_id": "PKG49414", "payload": {"status": "RECEIVED"}, "sent_ts": 1758749415819, "arrival_ts": 1758749415819}
{"action": "send", "src": "NA-N118", "dst": "NA-N55", "hlc": {"phys": 1758749417357, "cnt": 0, "node": "NA-N118"}, "package_id": "PKG49414", "payload": {"status": "DELIVERED"}, "sent_ts": 1758749416177, "arrival_ts": 1758749416177}
{"action": "send", "src": "NA-N118", "dst": "AF-N83", "hlc": {"phys": 1758755120017, "cnt": 0, "node": "NA-N118"}, "package_id": "PKG55118", "payload": {"status": "CREATED"}, "sent_ts": 1758755118837, "arrival_ts": 1758755118837}
{"action": "send", "src": "NA-N118", "dst": "AF-N83", "hlc": {"phys": 1758755120244, "cnt": 0, "node": "NA-N118"}, "package_id": "PKG55118", "payload": {"status": "SENT"}, "sent_ts": 1758755119064, "arrival_ts": 1758755119064}
{"action": "send", "src": "NA-N118", "dst": "AF-N83", "hlc": {"phys": 1758755120515, "cnt": 0, "node": "NA-N118"}, "package_id": "PKG55118", "payload": {"status": "IN_TRANSIT"}, "sent_ts": 1758755119335, "arrival_ts": 1758755119335}
{"action": "send", "src": "NA-N118", "dst": "AF-N83", "hlc": {"phys": 1758755120859, "cnt": 0, "node": "NA-N118"}, "package_id": "PKG55118", "payload": {"status": "RECEIVED"}, "sent_ts": 1758755119679, "arrival_ts": 1758755119679}
{"action": "send", "src": "NA-N118", "dst": "AF-N83", "hlc": {"phys": 1758755121143, "cnt": 0, "node": "NA-N118"}, "package_id": "PKG55118", "payload": {"status": "DELIVERED"}, "sent_ts": 1758755119963, "arrival_ts": 1758755119963}
{"action": "recv", "src": "AS-N117", "dst": "NA-N118", "hlc": {"phys": 1758755211285, "cnt": 0, "node": "AS-N117"}, "package_id": "PKG55200", "payload": {"status": "CREATED"}, "sent_ts": 1758755200115, "arrival_ts": 1758755200283}
{"action": "recv", "src": "AS-N117", "dst": "NA-N118", "hlc": {"phys": 1758755211664, "cnt": 0, "node": "AS-N117"}, "package_id": "PKG55200", "payload": {"status": "SENT"}, "sent_ts": 1758755200494, "arrival_ts": 1758755200545}
{"action": "recv", "src": "AS-N117", "dst": "NA-N118", "hlc": {"phys": 1758755211906, "cnt": 0, "node": "AS-N117"}, "package_id": "PKG55200", "payload": {"status": "IN_TRANSIT"}, "sent_ts": 1758755200736, "arrival_ts": 1758755200931}
{"action": "recv", "src": "AS-N117", "dst": "NA-N118", "hlc": {"phys": 1758755212294, "cnt": 0, "node": "AS-N117"}, "package_id": "PKG55200", "payload": {"status": "RECEIVED"}, "sent_ts": 1758755201124, "arrival_ts": 1758755201150}
{"action": "recv", "src": "AS-N117", "dst": "NA-N118", "hlc": {"phys": 1758755212529, "cnt": 0, "node": "AS-N117"}, "package_id": "PKG55200", "payload": {"status": "DELIVERED"}, "sent_ts": 1758755201359, "arrival_ts": 1758755201520}
{"action": "send", "src": "NA-N118", "dst": "AS-N37", "hlc": {"phys": 1758764898676, "cnt": 0, "node": "NA-N118"}, "package_id": "PKG64897", "payload": {"status": "CREATED"}, "sent_ts": 1758764897496, "arrival_ts": 1758764897496}
{"action": "send", "src": "NA-N118", "dst": "AS-N37", "hlc": {"phys": 1758764898993, "cnt": 0, "node": "NA-N118"}, "package_id": "PKG64897", "payload": {"status": "SENT"}, "sent_ts": 1758764897813, "arrival_ts": 1758764897813}
{"action": "send", "src": "NA-N118", "dst": "AS-N37", "hlc": {"phys": 1758764899327, "cnt": 0, "node": "NA-N118"}, "package_id": "PKG64897", "payload": {"status": "IN_TRANSIT"}, "sent_ts": 1758764898147, "arrival_ts": 1758764898147}
{"action": "send", "src": "NA-N118", "dst": "AS-N37", "hlc": {"phys": 1758764899581, "cnt": 0, "node": "NA-N118"}, "package_id": "PKG64897", "payload": {"status": "RECEIVED"}, "sent_ts": 1758764898401, "arrival_ts": 1758764898401}
{"action": "send", "src": "NA-N118", "dst": "AS-N37", "hlc": {"phys": 1758764899931, "cnt": 0, "node": "NA-N118"}, "package_id": "PKG64897", "payload": {"status": "DELIVERED"}, "sent_ts": 1758764898751, "arrival_ts": 1758764898751}
{"action": "recv", "src": "NA-N87", "dst": "NA-N118", "hlc": {"phys": 1758799881481, "cnt": 0, "node": "NA-N87"}, "package_id": "PKG99880", "payload": {"status": "CREATED"}, "sent_ts": 1758799880611, "arrival_ts": 1758799880806}
{"action": "recv", "src": "NA-N87", "dst": "NA-N118", "hlc": {"phys": 1758799881883, "cnt": 0, "node": "NA-N87"}, "package_id": "PKG99880", "payload": {"status": "SENT"}, "sent_ts": 1758799881013, "arrival_ts": 1758799881159}
{"action": "recv", "src": "NA-N87", "dst": "NA-N118", "hlc": {"phys": 1758799882214, "cnt": 0, "node": "NA-N87"}, "package_id": "PKG99880", "payload": {"status": "IN_TRANSIT"}, "sent_ts": 1758799881344, "arrival_ts": 1758799881508}
{"action": "recv", "src": "NA-N87", "dst": "NA-N118", "hlc": {"phys": 1758799882576, "cnt": 0, "node": "NA-N87"}, "package_id": "PKG99880", "payload": {"status": "RECEIVED"}, "sent_ts": 1758799881706, "arrival_ts": 1758799881808}
{"action": "recv", "src": "NA-N87", "dst": "NA-N118", "hlc": {"phys": 1758799882877, "cnt": 0, "node": "NA-N87"}, "package_id": "PKG99880", "payload": {"status": "DELIVERED"}, "sent_ts": 1758799882007, "arrival_ts": 1758799882066}
{"action": "send", "src": "NA-N118", "dst": "AU-N73", "hlc": {"phys": 1758811934419, "cnt": 0, "node": "NA-N118"}, "package_id": "PKG11933", "payload": {"status": "CREATED"}, "sent_ts": 1758811933239, "arrival_ts": 1758811933239}
{"action": "send", "src": "NA-N118", "dst": "AU-N73", "hlc": {"phys": 1758811934652, "cnt": 0, "node": "NA-N118"}, "package_id": "PKG11933", "payload": {"status": "SENT"}, "sent_ts": 1758811933472, "arrival_ts": 1758811933472}
{"action": "send", "src": "NA-N118", "dst": "AU-N73", "hlc": {"phys": 1758811934902, "cnt": 0, "node": "NA-N118"}, "package_id": "PKG11933", "payload": {"status": "IN_TRANSIT"}, "sent_ts": 1758811933722, "arrival_ts": 1758811933722}
{"action": "send", "src": "NA-N118", "dst": "AU-N73", "hlc": {"phys": 1758811935245, "cnt": 0, "node": "NA-N118"}, "package_id": "PKG11933", "payload": {"status": "RECEIVED"}, "sent_ts": 1758811934065, "arrival_ts": 1758811934065}
{"action": "send", "src": "NA-N118", "dst": "AU-N73", "hlc": {"phys": 1758811935525, "cnt": 0, "node": "NA-N118"}, "package_id": "PKG11933", "payload": {"status": "DELIVERED"}, "sent_ts": 1758811934345, "arrival_ts": 1758811934345}
{"action": "send", "src": "NA-N118", "dst": "AS-N34", "hlc": {"phys": 1758812125574, "cnt": 0, "node": "NA-N118"}, "package_id": "PKG12124", "payload": {"status": "CREATED"}, "sent_ts": 1758812124394, "arrival_ts": 1758812124394}
{"action": "send", "src": "NA-N118", "dst": "AS-N34", "hlc": {"phys": 1758812125900, "cnt": 0, "node": "NA-N118"}, "package_id": "PKG12124", "payload": {"status": "SENT"}, "sent_ts": 1758812124720, "arrival_ts": 1758812124720}
{"action": "send", "src": "NA-N118", "dst": "AS-N34", "hlc": {"phys": 1758812126147, "cnt": 0, "node": "NA-N118"}, "package_id": "PKG12124", "payload": {"status": "IN_TRANSIT"}, "sent_ts": 1758812124967, "arrival_ts": 1758812124967}
{"action": "send", "src": "NA-N118", "dst": "AS-N34", "hlc": {"phys": 1758812126408, "cnt": 0, "node": "NA-N118"}, "package_id": "PKG12124", "payload": {"status": "RECEIVED"}, "sent_ts": 1758812125228, "arrival_ts": 1758812125228}
{"action": "send", "src": "NA-N118", "dst": "AS-N34", "hlc": {"phys": 1758812126657, "cnt": 0, "node": "NA-N118"}, "package_id": "PKG12124", "payload": {"status": "DELIVERED"}, "sent_ts": 1758812125477, "arrival_ts": 1758812125477}
{"action": "recv", "src": "NA-N171", "dst": "NA-N118", "hlc": {"phys": 1758812346845, "cnt": 1, "node": "NA-N171"}, "package_id": "PKG12342", "payload": {"status": "CREATED"}, "sent_ts": 1758812342124, "arrival_ts": 1758812342304}
{"action": "recv", "src": "NA-N171", "dst": "NA-N118", "hlc": {"phys": 1758812346845, "cnt": 2, "node": "NA-N171"}, "package_id": "PKG12342", "payload": {"status": "SENT"}, "sent_ts": 1758812342514, "arrival_ts": 1758812342542}
{"action": "recv", "src": "NA-N171", "dst": "NA-N118", "hlc": {"phys": 1758812346845, "cnt": 3, "node": "NA-N171"}, "package_id": "PKG12342", "payload": {"status": "IN_TRANSIT"}, "sent_ts": 1758812342747, "arrival_ts": 1758812342844}
{"action": "recv", "src": "NA-N171", "dst": "NA-N118", "hlc": {"phys": 1758812346845, "cnt": 4, "node": "NA-N171"}, "package_id": "PKG12342", "payload": {"status": "RECEIVED"}, "sent_ts": 1758812343055, "arrival_ts": 1758812343188}
{"action": "recv", "src": "NA-N171", "dst": "NA-N118", "hlc": {"phys": 1758812346845, "cnt": 5, "node": "NA-N171"}, "package_id": "PKG12342", "payload": {"status": "DELIVERED"}, "sent_ts": 1758812343394, "arrival_ts": 1758812343560}
