{"action": "recv", "src": "AS-N123", "dst": "NA-N178", "hlc": {"phys": 1758717102392, "cnt": 0, "node": "AS-N123"}, "package_id": "PKG17091", "payload": {"status": "CREATED"}, "sent_ts": 1758717091162, "arrival_ts": 1758717091214}
{"action": "recv", "src": "AS-N123", "dst": "NA-N178", "hlc": {"phys": 1758717102642, "cnt": 0, "node": "AS-N123"}, "package_id": "PKG17091", "payload": {"status": "SENT"}, "sent_ts": 1758717091412, "arrival_ts": 1758717091428}
{"action": "recv", "src": "AS-N123", "dst": "NA-N178", "hlc": {"phys": 1758717102865, "cnt": 0, "node": "AS-N123"}, "package_id": "PKG17091", "payload": {"status": "IN_TRANSIT"}, "sent_ts": 1758717091635, "arrival_ts": 1758717091744}
{"action": "recv", "src": "AS-N123", "dst": "NA-N178", "hlc": {"phys": 1758717103185, "cnt": 0, "node": "AS-N123"}, "package_id": "PKG17091", "payload": {"status": "RECEIVED"}, "sent_ts": 1758717091955, "arrival_ts": 1758717091975}
{"action": "recv", "src": "AS-N123", "dst": "NA-N178", "hlc": {"phys": 1758717103416, "cnt": 0, "node": "AS-N123"}, "package_id": "PKG17091", "payload": {"status": "DELIVERED"}, "sent_ts": 1758717092186, "arrival_ts": 1758717092292}
{"action": "send", "src": "NA-N178", "dst": "AF-N139", "hlc": {"phys": 1758717842335, "cnt": 0, "node": "NA-N178"}, "package_id": "PKG17840", "payload": {"status": "CREATED"}, "sent_ts": 1758717840555, "arrival_ts": 1758717840555}
{"action": "send", "src": "NA-N178", "dst": "AF-N139", "hlc": {"phys": 1758717842573, "cnt": 0, "node": "NA-N178"}, "package_id": "PKG17840", "payload": {"status": "SENT"}, "sent_ts": 1758717840793, "arrival_ts": 1758717840793}
{"action": "send", "src": "NA-N178", "dst": "AF-N139", "hlc": {"phys": 1758717842970, "cnt": 0, "node": "NA-N178"}, "package_id": "PKG17840", "payload": {"status": "IN_TRANSIT"}, "sent_ts": 1758717841190, "arrival_ts": 1758717841190}
{"action": "send", "src": "NA-N178", "dst": "AF-N139", "hlc": {"phys": 1758717843265, "cnt": 0, "node": "NA-N178"}, "package_id": "PKG17840", "payload": {"status": "RECEIVED"}, "sent_ts": 1758717841485, "arrival_ts": 1758717841485}
{"action": "send", "src": "NA-N178", "dst": "AF-N139", "hlc": {"phys": 1758717843619, "cnt": 0, "node": "NA-N178"}, "package_id": "PKG17840", "payload": {"status": "DELIVERED"}, "sent_ts": 1758717841839, "arrival_ts": 1758717841839}
{"action": "recv", "src": "SA-N109", "dst": "NA-N178", "hlc": {"phys": 1758719342293, "cnt": 0, "node": "SA-N109"}, "package_id": "PKG19321", "payload": {"status": "CREATED"}, "sent_ts": 1758719321203, "arrival_ts": 1758719321270}
{"action": "recv", "src": "SA-N109", "dst": "NA-N178", "hlc": {"phys": 1758719342570, "cnt": 0, "node": "SA-N109"}, "package_id": "PKG19321", "payload": {"status": "SENT"}, "sent_ts": 1758719321480, "arrival_ts": 1758719321601}
{"action": "recv", "src": "SA-N109", "dst": "NA-N178", "hlc": {"phys": 1758719342895, "cnt": 0, "node": "SA-N109"}, "package_id": "PKG19321", "payload": {"status": "IN_TRANSIT"}, "sent_ts": 1758719321805, "arrival_ts": 1758719321891}
{"action": "recv", "src": "SA-N109", "dst": "NA-N178", "hlc": {"phys": 1758719343190, "cnt": 0, "node": "SA-N109"}, "package_id": "PKG19321", "payload": {"status": "RECEIVED"}, "sent_ts": 1758719322100, "arrival_ts": 1758719322194}
{"action": "recv", "src": "SA-N109", "dst": "NA-N178", "hlc": {"phys": 1758719343483, "cnt": 0, "node": "SA-N109"}, "package_id": "PKG19321", "payload": {"status": "DELIVERED"}, "sent_ts": 1758719322393, "arrival_ts": 1758719322568}
{"action": "recv", "src": "AN-N194", "dst": "NA-N178", "hlc": {"phys": 1758743233446, "cnt": 0, "node": "AN-N194"}, "package_id": "PKG43201", "payload": {"status": "CREATED"}, "sent_ts": 1758743201506, "arrival_ts": 1758743201653}
{"action": "recv", "src": "AN-N194", "dst": "NA-N178", "hlc": {"phys": 1758743233785, "cnt": 0, "node": "AN-N194"}, "package_id": "PKG43201", "payload": {"status": "SENT"}, "sent_ts": 1758743201845, "arrival_ts": 1758743202032}
{"action": "recv", "src": "AN-N194", "dst": "NA-N178", "hlc": {"phys": 1758743234188, "cnt": 0, "node": "AN-N194"}, "package_id": "PKG43201", "payload": {"status": "IN_TRANSIT"}, "sent_ts": 1758743202248, "arrival_ts": 1758743202369}
{"action": "recv", "src": "AN-N194", "dst": "NA-N178", "hlc": {"phys": 1758743234512, "cnt": 0, "node": "AN-N194"}, "package_id": "PKG43201", "payload": {"status": "RECEIVED"}, "sent_ts": 1758743202572, "arrival_ts": 1758743202709}
{"action": "recv", "src": "AN-N194", "dst": "NA-N178", "hlc": {"phys": 1758743234868, "cnt": 0, "node": "AN-N194"}, "package_id": "PKG43201", "payload": {"status": "DELIVERED"}, "sent_ts": 1758743202928, "arrival_ts": 1758743203112}
{"action": "send", "src": "NA-N178", "dst": "EU-N93", "hlc": {"phys": 1758743740108, "cnt": 0, "node": "NA-N178"}, "package_id": "PKG43738", "payload": {"status": "CREATED"}, "sent_ts": 1758743738328, "arrival_ts": 1758743738328}
{"action": "send", "src": "NA-N178", "dst": "EU-N93", "hlc": {"phys": 1758743740372, "cnt": 0, "node": "NA-N178"}, "package_id": "PKG43738", "payload": {"status": "SENT"}, "sent_ts": 1758743738592, "arrival_ts": 1758743738592}
{"action": "send", "src": "NA-N178", "dst": "EU-N93", "hlc": {"phys": 1758743740770, "cnt": 0, "node": "NA-N178"}, "package_id": "PKG43738", "payload": {"status": "IN_TRANSIT"}, "sent_ts": 1758743738990, "arrival_ts": 1758743738990}
{"action": "send", "src": "NA-N178", "dst": "EU-N93", "hlc": {"phys": 1758743741079, "cnt": 0, "node": "NA-N178"}, "package_id": "PKG43738", "payload": {"status": "RECEIVED"}, "sent_ts": 1758743739299, "arrival_ts": 1758743739299}
{"action": "send", "src": "NA-N178", "dst": "EU-N93", "hlc": {"phys": 1758743741468, "cnt": 0, "node": "NA-N178"}, "package_id": "PKG43738", "payload": {"status": "DELIVERED"}, "sent_ts": 1758743739688, "arrival_ts": 1758743739688}
{"action": "recv", "src": "AS-N82", "dst": "NA-N178", "hlc": {"phys": 1758744137118, "cnt": 0, "node": "AS-N82"}, "package_id": "PKG44126", "payload": {"status": "CREATED"}, "sent_ts": 1758744126298, "arrival_ts": 1758744126478}
{"action": "recv", "src": "AS-N82", "dst": "NA-N178", "hlc": {"phys": 1758744137505, "cnt": 0, "node": "AS-N82"}, "package_id": "PKG44126", "payload": {"status": "SENT"}, "sent_ts": 1758744126685, "arrival_ts": 1758744126782}
{"action": "recv", "src": "AS-N82", "dst": "NA-N178", "hlc": {"phys": 1758744137813, "cnt": 0, "node": "AS-N82"}, "package_id": "PKG44126", "payload": {"status": "IN_TRANSIT"}, "sent_ts": 1758744126993, "arrival_ts": 1758744127074}
{"action": "recv", "src": "AS-N82", "dst": "NA-N178", "hlc": {"phys": 1758744138093, "cnt": 0, "node": "AS-N82"}, "package_id": "PKG44126", "payload": {"status": "RECEIVED"}, "sent_ts": 1758744127273, "arrival_ts": 1758744127346}
{"action": "recv", "src": "AS-N82", "dst": "NA-N178", "hlc": {"phys": 1758744138369, "cnt": 0, "node": "AS-N82"}, "package_id": "PKG44126", "payload": {"status": "DELIVERED"}, "sent_ts": 1758744127549, "arrival_ts": 1758744127651}
{"action": "send", "src": "NA-N178", "dst": "EU-N78", "hlc": {"phys": 1758746925071, "cnt": 0, "node": "NA-N178"}, "package_id": "PKG46923", "payload": {"status": "CREATED"}, "sent_ts": 1758746923291, "arrival_ts": 1758746923291}
{"action": "send", "src": "NA-N178", "dst": "EU-N78", "hlc": {"phys": 1758746925372, "cnt": 0, "node": "NA-N178"}, "package_id": "PKG46923", "payload": {"status": "SENT"}, "sent_ts": 1758746923592, "arrival_ts": 1758746923592}
{"action": "send", "src": "NA-N178", "dst": "EU-N78", "hlc": {"phys": 1758746925652, "cnt": 0, "node": "NA-N178"}, "package_id": "PKG46923", "payload": {"status": "IN_TRANSIT"}, "sent_ts": 1758746923872, "arrival_ts": 1758746923872}
{"action": "send", "src": "NA-N178", "dst": "EU-N78", "hlc": {"phys": 1758746925946, "cnt": 0, "node": "NA-N178"}, "package_id": "PKG46923", "payload": {"status": "RECEIVED"}, "sent_ts": 1758746924166, "arrival_ts": 1758746924166}
{"action": "send", "src": "NA-N178", "dst": "EU-N78", "hlc": {"phys": 1758746926309, "cnt": 0, "node": "NA-N178"}, "package_id": "PKG46923", "payload": {"status": "DELIVERED"}, "sent_ts": 1758746924529, "arrival_ts": 1758746924529}
{"action": "recv", "src": "EU-N143", "dst": "NA-N178", "hlc": {"phys": 1758747141937, "cnt": 1, "node": "EU-N143"}, "package_id": "PKG47132", "payload": {"status": "CREATED"}, "sent_ts": 1758747132690, "arrival_ts": 1758747132830}
{"action": "recv", "src": "EU-N143", "dst": "NA-N178", "hlc": {"phys": 1758747141937, "cnt": 2, "node": "EU-N143"}, "package_id": "PKG47132", "payload": {"status": "SENT"}, "sent_ts": 1758747133041, "arrival_ts": 1758747133162}
{"action": "recv", "src": "EU-N143", "dst": "NA-N178", "hlc": {"phys": 1758747141937, "cnt": 3, "node": "EU-N143"}, "package_id": "PKG47132", "payload": {"status": "IN_TRANSIT"}, "sent_ts": 1758747133367, "arrival_ts": 1758747133389}
{"action": "recv", "src": "EU-N143", "dst": "NA-N178", "hlc": {"phys": 1758747141937, "cnt": 4, "node": "EU-N143"}, "package_id": "PKG47132", "payload": {"status": "RECEIVED"}, "sent_ts": 1758747133599, "arrival_ts": 1758747133750}
{"action": "recv", "src": "EU-N143", "dst": "NA-N178", "hlc": {"phys": 1758747141937, "cnt": 5, "node": "EU-N143"}, "package_id": "PKG47132", "payload": {"status": "DELIVERED"}, "sent_ts": 1758747133963, "arrival_ts": 1758747134159}
{"action": "send", "src": "NA-N178", "dst": "SA-N160", "hlc": {"phys": 1758752047797, "cnt": 0, "node": "NA-N178"}, "package_id": "PKG52046", "payload": {"status": "CREATED"}, "sent_ts": 1758752046017, "arrival_ts": 1758752046017}
{"action": "send", "src": "NA-N178", "dst": "SA-N160", "hlc": {"phys": 1758752048220, "cnt": 0, "node": "NA-N178"}, "package_id": "PKG52046", "payload": {"status": "SENT"}, "sent_ts": 1758752046440, "arrival_ts": 1758752046440}
{"action": "send", "src": "NA-N178", "dst": "SA-N160", "hlc": {"phys": 1758752048448, "cnt": 0, "node": "NA-N178"}, "package_id": "PKG52046", "payload": {"status": "IN_TRANSIT"}, "sent_ts": 1758752046668, "arrival_ts": 1758752046668}
{"action": "send", "src": "NA-N178", "dst": "SA-N160", "hlc": {"phys": 1758752048836, "cnt": 0, "node": "NA-N178"}, "package_id": "PKG52046", "payload": {"status": "RECEIVED"}, "sent_ts": 1758752047056, "arrival_ts": 1758752047056}
{"action": "send", "src": "NA-N178", "dst": "SA-N160", "hlc": {"phys": 1758752049177, "cnt": 0, "node": "NA-N178"}, "package_id": "PKG52046", "payload": {"status": "DELIVERED"}, "sent_ts": 1758752047397, "arrival_ts": 1758752047397}
{"action": "recv", "src": "EU-N9", "dst": "NA-N178", "hlc": {"phys": 1758752627035, "cnt": 0, "node": "EU-N9"}, "package_id": "PKG52621", "payload": {"status": "CREATED"}, "sent_ts": 1758752621945, "arrival_ts": 1758752622046}
{"action": "recv", "src": "EU-N9", "dst": "NA-N178", "hlc": {"phys": 1758752627358, "cnt": 0, "node": "EU-N9"}, "package_id": "PKG52621", "payload": {"status": "SENT"}, "sent_ts": 1758752622268, "arrival_ts": 1758752622417}
{"action": "recv", "src": "EU-N9", "dst": "NA-N178", "hlc": {"phys": 1758752627702, "cnt": 0, "node": "EU-N9"}, "package_id": "PKG52621", "payload": {"status": "IN_TRANSIT"}, "sent_ts": 1758752622612, "arrival_ts": 1758752622656}
{"action": "recv", "src": "EU-N9", "dst": "NA-N178", "hlc": {"phys": 1758752627957, "cnt": 0, "node": "EU-N9"}, "package_id": "PKG52621", "payload": {"status": "RECEIVED"}, "sent_ts": 1758752622867, "arrival_ts": 1758752623047}
{"action": "recv", "src": "EU-N9", "dst": "NA-N178", "hlc": {"phys": 1758752628347, "cnt": 0, "node": "EU-N9"}, "package_id": "PKG52621", "payload": {"status": "DELIVERED"}, "sent_ts": 1758752623257, "arrival_ts": 1758752623297}
{"action": "recv", "src": "AF-N53", "dst": "NA-N178", "hlc": {"phys": 1758753874914, "cnt": 0, "node": "AF-N53"}, "package_id": "PKG53859", "payload": {"status": "CREATED"}, "sent_ts": 1758753859384, "arrival_ts": 1758753859476}
{"action": "recv", "src": "AF-N53", "dst": "NA-N178", "hlc": {"phys": 1758753875219, "cnt": 0, "node": "AF-N53"}, "package_id": "PKG53859", "payload": {"status": "SENT"}, "sent_ts": 1758753859689, "arrival_ts": 1758753859805}
{"action": "recv", "src": "AF-N53", "dst": "NA-N178", "hlc": {"phys": 1758753875546, "cnt": 0, "node": "AF-N53"}, "package_id": "PKG53859", "payload": {"status": "IN_TRANSIT"}, "sent_ts": 1758753860016, "arrival_ts": 1758753860098}
{"action": "recv", "src": "AF-N53", "dst": "NA-N178", "hlc": {"phys": 1758753875826, "cnt": 0, "node": "AF-N53"}, "package_id": "PKG53859", "payload": {"status": "RECEIVED"}, "sent_ts": 1758753860296, "arrival_ts": 1758753860339}
{"action": "recv", "src": "AF-N53", "dst": "NA-N178", "hlc": {"phys": 1758753876076, "cnt": 0, "node": "AF-N53"}, "package_id": "PKG53859", "payload": {"status": "DELIVERED"}, "sent_ts": 1758753860546, "arrival_ts": 1758753860639}
{"action": "recv", "src": "AF-N105", "dst": "NA-N178", "hlc": {"phys": 1758755385209, "cnt": 0, "node": "AF-N105"}, "package_id": "PKG55369", "payload": {"status": "CREATED"}, "sent_ts": 1758755369159, "arrival_ts": 1758755369257}
{"action": "recv", "src": "AF-N105", "dst": "NA-N178", "hlc": {"phys": 1758755385519, "cnt": 0, "node": "AF-N105"}, "package_id": "PKG55369", "payload": {"status": "SENT"}, "sent_ts": 1758755369469, "arrival_ts": 1758755369503}
{"action": "recv", "src": "AF-N105", "dst": "NA-N178", "hlc": {"phys": 1758755385764, "cnt": 0, "node": "AF-N105"}, "package_id": "PKG55369", "payload": {"status": "IN_TRANSIT"}, "sent_ts": 1758755369714, "arrival_ts": 1758755369755}
{"action": "recv", "src": "AF-N105", "dst": "NA-N178", "hlc": {"phys": 1758755386006, "cnt": 0, "node": "AF-N105"}, "package_id": "PKG55369", "payload": {"status": "RECEIVED"}, "sent_ts": 1758755369956, "arrival_ts": 1758755370157}
{"action": "recv", "src": "AF-N105", "dst": "NA-N178", "hlc": {"phys": 1758755386419, "cnt": 0, "node": "AF-N105"}, "package_id": "PKG55369", "payload": {"status": "DELIVERED"}, "sent_ts": 1758755370368, "arrival_ts": 1758755370496}
{"action": "recv", "src": "EU-N140", "dst": "NA-N178", "hlc": {"phys": 1758755684785, "cnt": 0, "node": "EU-N140"}, "package_id": "PKG55678", "payload": {"status": "CREATED"}, "sent_ts": 1758755678385, "arrival_ts": 1758755678557}
{"action": "recv", "src": "EU-N140", "dst": "NA-N178", "hlc": {"phys": 1758755685169, "cnt": 0, "node": "EU-N140"}, "package_id": "PKG55678", "payload": {"status": "SENT"}, "sent_ts": 1758755678769, "arrival_ts": 1758755678920}
{"action": "recv", "src": "EU-N140", "dst": "NA-N178", "hlc": {"phys": 1758755685515, "cnt": 0, "node": "EU-N140"}, "package_id": "PKG55678", "payload": {"status": "IN_TRANSIT"}, "sent_ts": 1758755679115, "arrival_ts": 1758755679157}
{"action": "recv", "src": "EU-N140", "dst": "NA-N178", "hlc": {"phys": 1758755685759, "cnt": 0, "node": "EU-N140"}, "package_id": "PKG55678", "payload": {"status": "RECEIVED"}, "sent_ts": 1758755679359, "arrival_ts": 1758755679424}
{"action": "recv", "src": "EU-N140", "dst": "NA-N178", "hlc": {"phys": 1758755686047, "cnt": 0, "node": "EU-N140"}, "package_id": "PKG55678", "payload": {"status": "DELIVERED"}, "sent_ts": 1758755679647, "arrival_ts": 1758755679720}
{"action": "recv", "src": "SA-N187", "dst": "NA-N178", "hlc": {"phys": 1758761136036, "cnt": 0, "node": "SA-N187"}, "package_id": "PKG61114", "payload": {"status": "CREATED"}, "sent_ts": 1758761114166, "arrival_ts": 1758761114251}
{"action": "recv", "src": "SA-N187", "dst": "NA-N178", "hlc": {"phys": 1758761136333, "cnt": 0, "node": "SA-N187"}, "package_id": "PKG61114", "payload": {"status": "SENT"}, "sent_ts": 1758761114463, "arrival_ts": 1758761114590}
{"action": "recv", "src": "SA-N187", "dst": "NA-N178", "hlc": {"phys": 1758761136662, "cnt": 0, "node": "SA-N187"}, "package_id": "PKG61114", "payload": {"status": "IN_TRANSIT"}, "sent_ts": 1758761114792, "arrival_ts": 1758761114946}
{"action": "recv", "src": "SA-N187", "dst": "NA-N178", "hlc": {"phys": 1758761137018, "cnt": 0, "node": "SA-N187"}, "package_id": "PKG61114", "payload": {"status": "RECEIVED"}, "sent_ts": 1758761115148, "arrival_ts": 1758761115263}
{"action": "recv", "src": "SA-N187", "dst": "NA-N178", "hlc": {"phys": 1758761137330, "cnt": 0, "node": "SA-N187"}, "package_id": "PKG61114", "payload": {"status": "DELIVERED"}, "sent_ts": 1758761115460, "arrival_ts": 1758761115538}
{"action": "recv", "src": "NA-N127", "dst": "NA-N178", "hlc": {"phys": 1758763660047, "cnt": 0, "node": "NA-N127"}, "package_id": "PKG63658", "payload": {"status": "CREATED"}, "sent_ts": 1758763658777, "arrival_ts": 1758763658937}
{"action": "recv", "src": "NA-N127", "dst": "NA-N178", "hlc": {"phys": 1758763660419, "cnt": 0, "node": "NA-N127"}, "package_id": "PKG63658", "payload": {"status": "SENT"}, "sent_ts": 1758763659149, "arrival_ts": 1758763659314}
{"action": "recv", "src": "NA-N127", "dst": "NA-N178", "hlc": {"phys": 1758763660807, "cnt": 0, "node": "NA-N127"}, "package_id": "PKG63658", "payload": {"status": "IN_TRANSIT"}, "sent_ts": 1758763659537, "arrival_ts": 1758763659570}
{"action": "recv", "src": "NA-N127", "dst": "NA-N178", "hlc": {"phys": 1758763661042, "cnt": 0, "node": "NA-N127"}, "package_id": "PKG63658", "payload": {"status": "RECEIVED"}, "sent_ts": 1758763659772, "arrival_ts": 1758763659839}
{"action": "recv", "src": "NA-N127", "dst": "NA-N178", "hlc": {"phys": 1758763661304, "cnt": 0, "node": "NA-N127"}, "package_id": "PKG63658", "payload": {"status": "DELIVERED"}, "sent_ts": 1758763660034, "arrival_ts": 1758763660232}
{"action": "recv", "src": "AU-N42", "dst": "NA-N178", "hlc": {"phys": 1758764764631, "cnt": 0, "node": "AU-N42"}, "package_id": "PKG64739", "payload": {"status": "CREATED"}, "sent_ts": 1758764739211, "arrival_ts": 1758764739260}
{"action": "recv", "src": "AU-N42", "dst": "NA-N178", "hlc": {"phys": 1758764764883, "cnt": 0, "node": "AU-N42"}, "package_id": "PKG64739", "payload": {"status": "SENT"}, "sent_ts": 1758764739463, "arrival_ts": 1758764739521}
{"action": "recv", "src": "AU-N42", "dst": "NA-N178", "hlc": {"phys": 1758764765141, "cnt": 0, "node": "AU-N42"}, "package_id": "PKG64739", "payload": {"status": "IN_TRANSIT"}, "sent_ts": 1758764739721, "arrival_ts": 1758764739855}
{"action": "recv", "src": "AU-N42", "dst": "NA-N178", "hlc": {"phys": 1758764765474, "cnt": 0, "node": "AU-N42"}, "package_id": "PKG64739", "payload": {"status": "RECEIVED"}, "sent_ts": 1758764740054, "arrival_ts": 1758764740074}
{"action": "recv", "src": "AU-N42", "dst": "NA-N178", "hlc": {"phys": 1758764765691, "cnt": 0, "node": "AU-N42"}, "package_id": "PKG64739", "payload": {"status": "DELIVERED"}, "sent_ts": 1758764740271, "arrival_ts": 1758764740331}
{"action": "recv", "src": "EU-N105", "dst": "NA-N178", "hlc": {"phys": 1758810432364, "cnt": 0, "node": "EU-N105"}, "package_id": "PKG10426", "payload": {"status": "CREATED"}, "sent_ts": 1758810426314, "arrival_ts": 1758810426438}
{"action": "recv", "src": "EU-N105", "dst": "NA-N178", "hlc": {"phys": 1758810432703, "cnt": 0, "node": "EU-N105"}, "package_id": "PKG10426", "payload": {"status": "SENT"}, "sent_ts": 1758810426653, "arrival_ts": 1758810426720}
{"action": "recv", "src": "EU-N105", "dst": "NA-N178", "hlc": {"phys": 1758810432982, "cnt": 0, "node": "EU-N105"}, "package_id": "PKG10426", "payload": {"status": "IN_TRANSIT"}, "sent_ts": 1758810426932, "arrival_ts": 1758810427023}
{"action": "recv", "src": "EU-N105", "dst": "NA-N178", "hlc": {"phys": 1758810433279, "cnt": 0, "node": "EU-N105"}, "package_id": "PKG10426", "payload": {"status": "RECEIVED"}, "sent_ts": 1758810427229, "arrival_ts": 1758810427247}
{"action": "recv", "src": "EU-N105", "dst": "NA-N178", "hlc": {"phys": 1758810433497, "cnt": 0, "node": "EU-N105"}, "package_id": "PKG10426", "payload": {"status": "DELIVERED"}, "sent_ts": 1758810427447, "arrival_ts": 1758810427643}
{"action": "recv", "src": "EU-N186", "dst": "NA-N178", "hlc": {"phys": 1758811994129, "cnt": 0, "node": "EU-N186"}, "package_id": "PKG11987", "payload": {"status": "CREATED"}, "sent_ts": 1758811987269, "arrival_ts": 1758811987374}
{"action": "recv", "src": "EU-N186", "dst": "NA-N178", "hlc": {"phys": 1758811994442, "cnt": 0, "node": "EU-N186"}, "package_id": "PKG11987", "payload": {"status": "SENT"}, "sent_ts": 1758811987582, "arrival_ts": 1758811987745}
{"action": "recv", "src": "EU-N186", "dst": "NA-N178", "hlc": {"phys": 1758811994798, "cnt": 0, "node": "EU-N186"}, "package_id": "PKG11987", "payload": {"status": "IN_TRANSIT"}, "sent_ts": 1758811987938, "arrival_ts": 1758811988098}
{"action": "recv", "src": "EU-N186", "dst": "NA-N178", "hlc": {"phys": 1758811995172, "cnt": 0, "node": "EU-N186"}, "package_id": "PKG11987", "payload": {"status": "RECEIVED"}, "sent_ts": 1758811988312, "arrival_ts": 1758811988483}
{"action": "recv", "src": "EU-N186", "dst": "NA-N178", "hlc": {"phys": 1758811995559, "cnt": 0, "node": "EU-N186"}, "package_id": "PKG11987", "payload": {"status": "DELIVERED"}, "sent_ts": 1758811988699, "arrival_ts": 1758811988776}
{"action": "send", "src": "NA-N178", "dst": "AF-N138", "hlc": {"phys": 1758814710704, "cnt": 0, "node": "NA-N178"}, "package_id": "PKG14708", "payload": {"status": "CREATED"}, "sent_ts": 1758814708924, "arrival_ts": 1758814708924}
{"action": "send", "src": "NA-N178", "dst": "AF-N138", "hlc": {"phys": 1758814710922, "cnt": 0, "node": "NA-N178"}, "package_id": "PKG14708", "payload": {"status": "SENT"}, "sent_ts": 1758814709142, "arrival_ts": 1758814709142}
{"action": "send", "src": "NA-N178", "dst": "AF-N138", "hlc": {"phys": 1758814711281, "cnt": 0, "node": "NA-N178"}, "package_id": "PKG14708", "payload": {"status": "IN_TRANSIT"}, "sent_ts": 1758814709501, "arrival_ts": 1758814709501}
{"action": "send", "src": "NA-N178", "dst": "AF-N138", "hlc": {"phys": 1758814711579, "cnt": 0, "node": "NA-N178"}, "package_id": "PKG14708", "payload": {"status": "RECEIVED"}, "sent_ts": 1758814709799, "arrival_ts": 1758814709799}
{"action": "send", "src": "NA-N178", "dst": "AF-N138", "hlc": {"phys": 1758814711919, "cnt": 0, "node": "NA-N178"}, "package_id": "PKG14708", "payload": {"status": "DELIVERED"}, "sent_ts": 1758814710139, "arrival_ts": 1758814710139}
{"action": "recv", "src": "AF-N90", "dst": "NA-N178", "hlc": {"phys": 1758815133298, "cnt": 0, "node": "AF-N90"}, "package_id": "PKG15117", "payload": {"status": "CREATED"}, "sent_ts": 1758815117398, "arrival_ts": 1758815117533}
{"action": "recv", "src": "AF-N90", "dst": "NA-N178", "hlc": {"phys": 1758815133641, "cnt": 0, "node": "AF-N90"}, "package_id": "PKG15117", "payload": {"status": "SENT"}, "sent_ts": 1758815117741, "arrival_ts": 1758815117903}
{"action": "recv", "src": "AF-N90", "dst": "NA-N178", "hlc": {"phys": 1758815134000, "cnt": 0, "node": "AF-N90"}, "package_id": "PKG15117", "payload": {"status": "IN_TRANSIT"}, "sent_ts": 1758815118100, "arrival_ts": 1758815118173}
{"action": "recv", "src": "AF-N90", "dst": "NA-N178", "hlc": {"phys": 1758815134279, "cnt": 0, "node": "AF-N90"}, "package_id": "PKG15117", "payload": {"status": "RECEIVED"}, "sent_ts": 1758815118379, "arrival_ts": 1758815118543}
{"action": "recv", "src": "AF-N90", "dst": "NA-N178", "hlc": {"phys": 1758815134633, "cnt": 0, "node": "AF-N90"}, "package_id": "PKG15117", "payload": {"status": "DELIVERED"}, "sent_ts": 1758815118733, "arrival_ts": 1758815118899}
{"action": "recv", "src": "AF-N4", "dst": "NA-N178", "hlc": {"phys": 1758815689406, "cnt": 0, "node": "AF-N4"}, "package_id": "PKG15674", "payload": {"status": "CREATED"}, "sent_ts": 1758815674366, "arrival_ts": 1758815674551}
{"action": "recv", "src": "AF-N4", "dst": "NA-N178", "hlc": {"phys": 1758815689793, "cnt": 0, "node": "AF-N4"}, "package_id": "PKG15674", "payload": {"status": "SENT"}, "sent_ts": 1758815674753, "arrival_ts": 1758815674954}
{"action": "recv", "src": "AF-N4", "dst": "NA-N178", "hlc": {"phys": 1758815690195, "cnt": 0, "node": "AF-N4"}, "package_id": "PKG15674", "payload": {"status": "IN_TRANSIT"}, "sent_ts": 1758815675155, "arrival_ts": 1758815675338}
{"action": "recv", "src": "AF-N4", "dst": "NA-N178", "hlc": {"phys": 1758815690579, "cnt": 0, "node": "AF-N4"}, "package_id": "PKG15674", "payload": {"status": "RECEIVED"}, "sent_ts": 1758815675539, "arrival_ts": 1758815675686}
{"action": "recv", "src": "AF-N4", "dst": "NA-N178", "hlc": {"phys": 1758815690936, "cnt": 0, "node": "AF-N4"}, "package_id": "PKG15674", "payload": {"status": "DELIVERED"}, "sent_ts": 1758815675896, "arrival_ts": 1758815675999}
