{"action": "send", "src": "NA-N11", "dst": "NA-N116", "hlc": {"phys": 1758717973759, "cnt": 0, "node": "NA-N11"}, "package_id": "PKG17973", "payload": {"status": "CREATED"}, "sent_ts": 1758717973649, "arrival_ts": 1758717973649}
{"action": "send", "src": "NA-N11", "dst": "NA-N116", "hlc": {"phys": 1758717973990, "cnt": 0, "node": "NA-N11"}, "package_id": "PKG17973", "payload": {"status": "SENT"}, "sent_ts": 1758717973880, "arrival_ts": 1758717973880}
{"action": "send", "src": "NA-N11", "dst": "NA-N116", "hlc": {"phys": 1758717974292, "cnt": 0, "node": "NA-N11"}, "package_id": "PKG17973", "payload": {"status": "IN_TRANSIT"}, "sent_ts": 1758717974182, "arrival_ts": 1758717974182}
{"action": "send", "src": "NA-N11", "dst": "NA-N116", "hlc": {"phys": 1758717974660, "cnt": 0, "node": "NA-N11"}, "package_id": "PKG17973", "payload": {"status": "RECEIVED"}, "sent_ts": 1758717974549, "arrival_ts": 1758717974550}
{"action": "send", "src": "NA-N11", "dst": "NA-N116", "hlc": {"phys": 1758717974981, "cnt": 0, "node": "NA-N11"}, "package_id": "PKG17973", "payload": {"status": "DELIVERED"}, "sent_ts": 1758717974871, "arrival_ts": 1758717974871}
{"action": "send", "src": "NA-N11", "dst": "AU-N162", "hlc": {"phys": 1758718183272, "cnt": 0, "node": "NA-N11"}, "package_id": "PKG18183", "payload": {"status": "CREATED"}, "sent_ts": 1758718183162, "arrival_ts": 1758718183162}
{"action": "send", "src": "NA-N11", "dst": "AU-N162", "hlc": {"phys": 1758718183627, "cnt": 0, "node": "NA-N11"}, "package_id": "PKG18183", "payload": {"status": "SENT"}, "sent_ts": 1758718183517, "arrival_ts": 1758718183517}
{"action": "send", "src": "NA-N11", "dst": "AU-N162", "hlc": {"phys": 1758718183854, "cnt": 0, "node": "NA-N11"}, "package_id": "PKG18183", "payload": {"status": "IN_TRANSIT"}, "sent_ts": 1758718183744, "arrival_ts": 1758718183744}
{"action": "send", "src": "NA-N11", "dst": "AU-N162", "hlc": {"phys": 1758718184206, "cnt": 0, "node": "NA-N11"}, "package_id": "PKG18183", "payload": {"status": "RECEIVED"}, "sent_ts": 1758718184096, "arrival_ts": 1758718184096}
{"action": "send", "src": "NA-N11", "dst": "AU-N162", "hlc": {"phys": 1758718184506, "cnt": 0, "node": "NA-N11"}, "package_id": "PKG18183", "payload": {"status": "DELIVERED"}, "sent_ts": 1758718184396, "arrival_ts": 1758718184396}
{"action": "recv", "src": "AN-N145", "dst": "NA-N11", "hlc": {"phys": 1758740066091, "cnt": 0, "node": "AN-N145"}, "package_id": "PKG40034", "payload": {"status": "CREATED"}, "sent_ts": 1758740034641, "arrival_ts": 1758740034740}
{"action": "recv", "src": "AN-N145", "dst": "NA-N11", "hlc": {"phys": 1758740066391, "cnt": 0, "node": "AN-N145"}, "package_id": "PKG40034", "payload": {"status": "SENT"}, "sent_ts": 1758740034941, "arrival_ts": 1758740035030}
{"action": "recv", "src": "AN-N145", "dst": "NA-N11", "hlc": {"phys": 1758740066691, "cnt": 0, "node": "AN-N145"}, "package_id": "PKG40034", "payload": {"status": "IN_TRANSIT"}, "sent_ts": 1758740035241, "arrival_ts": 1758740035318}
{"action": "recv", "src": "AN-N145", "dst": "NA-N11", "hlc": {"phys": 1758740066975, "cnt": 0, "node": "AN-N145"}, "package_id": "PKG40034", "payload": {"status": "RECEIVED"}, "sent_ts": 1758740035525, "arrival_ts": 1758740035718}
{"action": "recv", "src": "AN-N145", "dst": "NA-N11", "hlc": {"phys": 1758740067373, "cnt": 0, "node": "AN-N145"}, "package_id": "PKG40034", "payload": {"status": "DELIVERED"}, "sent_ts": 1758740035923, "arrival_ts": 1758740036038}
{"action": "recv", "src": "AN-N112", "dst": "NA-N11", "hlc": {"phys": 1758740673574, "cnt": 0, "node": "AN-N112"}, "package_id": "PKG40642", "payload": {"status": "CREATED"}, "sent_ts": 1758740642454, "arrival_ts": 1758740642636}
{"action": "recv", "src": "AN-N112", "dst": "NA-N11", "hlc": {"phys": 1758740673963, "cnt": 0, "node": "AN-N112"}, "package_id": "PKG40642", "payload": {"status": "SENT"}, "sent_ts": 1758740642843, "arrival_ts": 1758740643012}
{"action": "recv", "src": "AN-N112", "dst": "NA-N11", "hlc": {"phys": 1758740674352, "cnt": 0, "node": "AN-N112"}, "package_id": "PKG40642", "payload": {"status": "IN_TRANSIT"}, "sent_ts": 1758740643232, "arrival_ts": 1758740643417}
{"action": "recv", "src": "AN-N112", "dst": "NA-N11", "hlc": {"phys": 1758740674756, "cnt": 0, "node": "AN-N112"}, "package_id": "PKG40642", "payload": {"status": "RECEIVED"}, "sent_ts": 1758740643636, "arrival_ts": 1758740643731}
{"action": "recv", "src": "AN-N112", "dst": "NA-N11", "hlc": {"phys": 1758740675066, "cnt": 0, "node": "AN-N112"}, "package_id": "PKG40642", "payload": {"status": "DELIVERED"}, "sent_ts": 1758740643946, "arrival_ts": 1758740643965}
{"action": "recv", "src": "EU-N169", "dst": "NA-N11", "hlc": {"phys": 1758743839560, "cnt": 0, "node": "EU-N169"}, "package_id": "PKG43832", "payload": {"status": "CREATED"}, "sent_ts": 1758743832870, "arrival_ts": 1758743832925}
{"action": "recv", "src": "EU-N169", "dst": "NA-N11", "hlc": {"phys": 1758743839824, "cnt": 0, "node": "EU-N169"}, "package_id": "PKG43832", "payload": {"status": "SENT"}, "sent_ts": 1758743833134, "arrival_ts": 1758743833190}
{"action": "recv", "src": "EU-N169", "dst": "NA-N11", "hlc": {"phys": 1758743840090, "cnt": 0, "node": "EU-N169"}, "package_id": "PKG43832", "payload": {"status": "IN_TRANSIT"}, "sent_ts": 1758743833400, "arrival_ts": 1758743833513}
{"action": "recv", "src": "EU-N169", "dst": "NA-N11", "hlc": {"phys": 1758743840415, "cnt": 0, "node": "EU-N169"}, "package_id": "PKG43832", "payload": {"status": "RECEIVED"}, "sent_ts": 1758743833725, "arrival_ts": 1758743833827}
{"action": "recv", "src": "EU-N169", "dst": "NA-N11", "hlc": {"phys": 1758743840739, "cnt": 0, "node": "EU-N169"}, "package_id": "PKG43832", "payload": {"status": "DELIVERED"}, "sent_ts": 1758743834049, "arrival_ts": 1758743834123}
{"action": "send", "src": "NA-N11", "dst": "AS-N131", "hlc": {"phys": 1758746117587, "cnt": 0, "node": "NA-N11"}, "package_id": "PKG46117", "payload": {"status": "CREATED"}, "sent_ts": 1758746117477, "arrival_ts": 1758746117479}
{"action": "send", "src": "NA-N11", "dst": "AS-N131", "hlc": {"phys": 1758746117941, "cnt": 0, "node": "NA-N11"}, "package_id": "PKG46117", "payload": {"status": "SENT"}, "sent_ts": 1758746117831, "arrival_ts": 1758746117831}
{"action": "send", "src": "NA-N11", "dst": "AS-N131", "hlc": {"phys": 1758746118357, "cnt": 0, "node": "NA-N11"}, "package_id": "PKG46117", "payload": {"status": "IN_TRANSIT"}, "sent_ts": 1758746118247, "arrival_ts": 1758746118247}
{"action": "send", "src": "NA-N11", "dst": "AS-N131", "hlc": {"phys": 1758746118640, "cnt": 0, "node": "NA-N11"}, "package_id": "PKG46117", "payload": {"status": "RECEIVED"}, "sent_ts": 1758746118530, "arrival_ts": 1758746118530}
{"action": "send", "src": "NA-N11", "dst": "AS-N131", "hlc": {"phys": 1758746118887, "cnt": 0, "node": "NA-N11"}, "package_id": "PKG46117", "payload": {"status": "DELIVERED"}, "sent_ts": 1758746118777, "arrival_ts": 1758746118777}
{"action": "recv", "src": "NA-N62", "dst": "NA-N11", "hlc": {"phys": 1758747109457, "cnt": 0, "node": "NA-N62"}, "package_id": "PKG47108", "payload": {"status": "CREATED"}, "sent_ts": 1758747108837, "arrival_ts": 1758747108899}
{"action": "recv", "src": "NA-N62", "dst": "NA-N11", "hlc": {"phys": 1758747109720, "cnt": 0, "node": "NA-N62"}, "package_id": "PKG47108", "payload": {"status": "SENT"}, "sent_ts": 1758747109100, "arrival_ts": 1758747109270}
{"action": "recv", "src": "NA-N62", "dst": "NA-N11", "hlc": {"phys": 1758747110109, "cnt": 0, "node": "NA-N62"}, "package_id": "PKG47108", "payload": {"status": "IN_TRANSIT"}, "sent_ts": 1758747109489, "arrival_ts": 1758747109538}
{"action": "recv", "src": "NA-N62", "dst": "NA-N11", "hlc": {"phys": 1758747110357, "cnt": 0, "node": "NA-N62"}, "package_id": "PKG47108", "payload": {"status": "RECEIVED"}, "sent_ts": 1758747109737, "arrival_ts": 1758747109781}
{"action": "recv", "src": "NA-N62", "dst": "NA-N11", "hlc": {"phys": 1758747110602, "cnt": 0, "node": "NA-N62"}, "package_id": "PKG47108", "payload": {"status": "DELIVERED"}, "sent_ts": 1758747109982, "arrival_ts": 1758747110055}
{"action": "send", "src": "NA-N11", "dst": "EU-N103", "hlc": {"phys": 1758747831958, "cnt": 0, "node": "NA-N11"}, "package_id": "PKG47831", "payload": {"status": "CREATED"}, "sent_ts": 1758747831848, "arrival_ts": 1758747831848}
{"action": "send", "src": "NA-N11", "dst": "EU-N103", "hlc": {"phys": 1758747832348, "cnt": 0, "node": "NA-N11"}, "package_id": "PKG47831", "payload": {"status": "SENT"}, "sent_ts": 1758747832238, "arrival_ts": 1758747832238}
{"action": "send", "src": "NA-N11", "dst": "EU-N103", "hlc": {"phys": 1758747832733, "cnt": 0, "node": "NA-N11"}, "package_id": "PKG47831", "payload": {"status": "IN_TRANSIT"}, "sent_ts": 1758747832623, "arrival_ts": 1758747832623}
{"action": "send", "src": "NA-N11", "dst": "EU-N103", "hlc": {"phys": 1758747833153, "cnt": 0, "node": "NA-N11"}, "package_id": "PKG47831", "payload": {"status": "RECEIVED"}, "sent_ts": 1758747833043, "arrival_ts": 1758747833043}
{"action": "send", "src": "NA-N11", "dst": "EU-N103", "hlc": {"phys": 1758747833433, "cnt": 0, "node": "NA-N11"}, "package_id": "PKG47831", "payload": {"status": "DELIVERED"}, "sent_ts": 1758747833323, "arrival_ts": 1758747833323}
{"action": "recv", "src": "AU-N81", "dst": "NA-N11", "hlc": {"phys": 1758749035761, "cnt": 0, "node": "AU-N81"}, "package_id": "PKG49009", "payload": {"status": "CREATED"}, "sent_ts": 1758749009951, "arrival_ts": 1758749010039}
{"action": "recv", "src": "AU-N81", "dst": "NA-N11", "hlc": {"phys": 1758749036056, "cnt": 0, "node": "AU-N81"}, "package_id": "PKG49009", "payload": {"status": "SENT"}, "sent_ts": 1758749010246, "arrival_ts": 1758749010400}
{"action": "recv", "src": "AU-N81", "dst": "NA-N11", "hlc": {"phys": 1758749036407, "cnt": 0, "node": "AU-N81"}, "package_id": "PKG49009", "payload": {"status": "IN_TRANSIT"}, "sent_ts": 1758749010597, "arrival_ts": 1758749010715}
{"action": "recv", "src": "AU-N81", "dst": "NA-N11", "hlc": {"phys": 1758749036741, "cnt": 0, "node": "AU-N81"}, "package_id": "PKG49009", "payload": {"status": "RECEIVED"}, "sent_ts": 1758749010931, "arrival_ts": 1758749010983}
{"action": "recv", "src": "AU-N81", "dst": "NA-N11", "hlc": {"phys": 1758749037018, "cnt": 0, "node": "AU-N81"}, "package_id": "PKG49009", "payload": {"status": "DELIVERED"}, "sent_ts": 1758749011208, "arrival_ts": 1758749011377}
{"action": "recv", "src": "AN-N182", "dst": "NA-N11", "hlc": {"phys": 1758758429085, "cnt": 0, "node": "AN-N182"}, "package_id": "PKG58397", "payload": {"status": "CREATED"}, "sent_ts": 1758758397265, "arrival_ts": 1758758397284}
{"action": "recv", "src": "AN-N182", "dst": "NA-N11", "hlc": {"phys": 1758758429308, "cnt": 0, "node": "AN-N182"}, "package_id": "PKG58397", "payload": {"status": "SENT"}, "sent_ts": 1758758397488, "arrival_ts": 1758758397655}
{"action": "recv", "src": "AN-N182", "dst": "NA-N11", "hlc": {"phys": 1758758429688, "cnt": 0, "node": "AN-N182"}, "package_id": "PKG58397", "payload": {"status": "IN_TRANSIT"}, "sent_ts": 1758758397868, "arrival_ts": 1758758397911}
{"action": "recv", "src": "AN-N182", "dst": "NA-N11", "hlc": {"phys": 1758758429943, "cnt": 0, "node": "AN-N182"}, "package_id": "PKG58397", "payload": {"status": "RECEIVED"}, "sent_ts": 1758758398123, "arrival_ts": 1758758398285}
{"action": "recv", "src": "AN-N182", "dst": "NA-N11", "hlc": {"phys": 1758758430308, "cnt": 0, "node": "AN-N182"}, "package_id": "PKG58397", "payload": {"status": "DELIVERED"}, "sent_ts": 1758758398488, "arrival_ts": 1758758398504}
{"action": "recv", "src": "AU-N183", "dst": "NA-N11", "hlc": {"phys": 1758759736229, "cnt": 0, "node": "AU-N183"}, "package_id": "PKG59709", "payload": {"status": "CREATED"}, "sent_ts": 1758759709399, "arrival_ts": 1758759709514}
{"action": "recv", "src": "AU-N183", "dst": "NA-N11", "hlc": {"phys": 1758759736557, "cnt": 0, "node": "AU-N183"}, "package_id": "PKG59709", "payload": {"status": "SENT"}, "sent_ts": 1758759709727, "arrival_ts": 1758759709763}
{"action": "recv", "src": "AU-N183", "dst": "NA-N11", "hlc": {"phys": 1758759736797, "cnt": 0, "node": "AU-N183"}, "package_id": "PKG59709", "payload": {"status": "IN_TRANSIT"}, "sent_ts": 1758759709967, "arrival_ts": 1758759710062}
{"action": "recv", "src": "AU-N183", "dst": "NA-N11", "hlc": {"phys": 1758759737113, "cnt": 0, "node": "AU-N183"}, "package_id": "PKG59709", "payload": {"status": "RECEIVED"}, "sent_ts": 1758759710283, "arrival_ts": 1758759710412}
{"action": "recv", "src": "AU-N183", "dst": "NA-N11", "hlc": {"phys": 1758759737451, "cnt": 0, "node": "AU-N183"}, "package_id": "PKG59709", "payload": {"status": "DELIVERED"}, "sent_ts": 1758759710621, "arrival_ts": 1758759710681}
{"action": "recv", "src": "AF-N116", "dst": "NA-N11", "hlc": {"phys": 1758765064354, "cnt": 0, "node": "AF-N116"}, "package_id": "PKG65048", "payload": {"status": "CREATED"}, "sent_ts": 1758765048194, "arrival_ts": 1758765048395}
{"action": "recv", "src": "AF-N116", "dst": "NA-N11", "hlc": {"phys": 1758765064759, "cnt": 0, "node": "AF-N116"}, "package_id": "PKG65048", "payload": {"status": "SENT"}, "sent_ts": 1758765048599, "arrival_ts": 1758765048734}
{"action": "recv", "src": "AF-N116", "dst": "NA-N11", "hlc": {"phys": 1758765065104, "cnt": 0, "node": "AF-N116"}, "package_id": "PKG65048", "payload": {"status": "IN_TRANSIT"}, "sent_ts": 1758765048944, "arrival_ts": 1758765049062}
{"action": "recv", "src": "AF-N116", "dst": "NA-N11", "hlc": {"phys": 1758765065435, "cnt": 0, "node": "AF-N116"}, "package_id": "PKG65048", "payload": {"status": "RECEIVED"}, "sent_ts": 1758765049275, "arrival_ts": 1758765049407}
{"action": "recv", "src": "AF-N116", "dst": "NA-N11", "hlc": {"phys": 1758765065773, "cnt": 0, "node": "AF-N116"}, "package_id": "PKG65048", "payload": {"status": "DELIVERED"}, "sent_ts": 1758765049613, "arrival_ts": 1758765049679}
{"action": "recv", "src": "AF-N131", "dst": "NA-N11", "hlc": {"phys": 1758802799708, "cnt": 0, "node": "AF-N131"}, "package_id": "PKG2783", "payload": {"status": "CREATED"}, "sent_ts": 1758802783398, "arrival_ts": 1758802783559}
{"action": "recv", "src": "AF-N131", "dst": "NA-N11", "hlc": {"phys": 1758802800087, "cnt": 0, "node": "AF-N131"}, "package_id": "PKG2783", "payload": {"status": "SENT"}, "sent_ts": 1758802783777, "arrival_ts": 1758802783955}
{"action": "recv", "src": "AF-N131", "dst": "NA-N11", "hlc": {"phys": 1758802800472, "cnt": 0, "node": "AF-N131"}, "package_id": "PKG2783", "payload": {"status": "IN_TRANSIT"}, "sent_ts": 1758802784162, "arrival_ts": 1758802784280}
{"action": "recv", "src": "AF-N131", "dst": "NA-N11", "hlc": {"phys": 1758802800788, "cnt": 0, "node": "AF-N131"}, "package_id": "PKG2783", "payload": {"status": "RECEIVED"}, "sent_ts": 1758802784478, "arrival_ts": 1758802784497}
{"action": "recv", "src": "AF-N131", "dst": "NA-N11", "hlc": {"phys": 1758802801002, "cnt": 0, "node": "AF-N131"}, "package_id": "PKG2783", "payload": {"status": "DELIVERED"}, "sent_ts": 1758802784692, "arrival_ts": 1758802784789}
{"action": "send", "src": "NA-N11", "dst": "AF-N196", "hlc": {"phys": 1758813449469, "cnt": 0, "node": "NA-N11"}, "package_id": "PKG13449", "payload": {"status": "CREATED"}, "sent_ts": 1758813449359, "arrival_ts": 1758813449359}
{"action": "send", "src": "NA-N11", "dst": "AF-N196", "hlc": {"phys": 1758813449810, "cnt": 0, "node": "NA-N11"}, "package_id": "PKG13449", "payload": {"status": "SENT"}, "sent_ts": 1758813449700, "arrival_ts": 1758813449700}
{"action": "send", "src": "NA-N11", "dst": "AF-N196", "hlc": {"phys": 1758813450195, "cnt": 0, "node": "NA-N11"}, "package_id": "PKG13449", "payload": {"status": "IN_TRANSIT"}, "sent_ts": 1758813450085, "arrival_ts": 1758813450085}
{"action": "send", "src": "NA-N11", "dst": "AF-N196", "hlc": {"phys": 1758813450444, "cnt": 0, "node": "NA-N11"}, "package_id": "PKG13449", "payload": {"status": "RECEIVED"}, "sent_ts": 1758813450334, "arrival_ts": 1758813450334}
{"action": "send", "src": "NA-N11", "dst": "AF-N196", "hlc": {"phys": 1758813450790, "cnt": 0, "node": "NA-N11"}, "package_id": "PKG13449", "payload": {"status": "DELIVERED"}, "sent_ts": 1758813450680, "arrival_ts": 1758813450680}
{"action": "send", "src": "NA-N11", "dst": "NA-N23", "hlc": {"phys": 1758813452046, "cnt": 0, "node": "NA-N11"}, "package_id": "PKG13451", "payload": {"status": "CREATED"}, "sent_ts": 1758813451936, "arrival_ts": 1758813451936}
{"action": "send", "src": "NA-N11", "dst": "NA-N23", "hlc": {"phys": 1758813452262, "cnt": 0, "node": "NA-N11"}, "package_id": "PKG13451", "payload": {"status": "SENT"}, "sent_ts": 1758813452152, "arrival_ts": 1758813452152}
{"action": "send", "src": "NA-N11", "dst": "NA-N23", "hlc": {"phys": 1758813452477, "cnt": 0, "node": "NA-N11"}, "package_id": "PKG13451", "payload": {"status": "IN_TRANSIT"}, "sent_ts": 1758813452367, "arrival_ts": 1758813452367}
{"action": "send", "src": "NA-N11", "dst": "NA-N23", "hlc": {"phys": 1758813452819, "cnt": 0, "node": "NA-N11"}, "package_id": "PKG13451", "payload": {"status": "RECEIVED"}, "sent_ts": 1758813452709, "arrival_ts": 1758813452709}
{"action": "send", "src": "NA-N11", "dst": "NA-N23", "hlc": {"phys": 1758813453209, "cnt": 0, "node": "NA-N11"}, "package_id": "PKG13451", "payload": {"status": "DELIVERED"}, "sent_ts": 1758813453099, "arrival_ts": 1758813453099}
{"action": "send", "src": "NA-N11", "dst": "SA-N12", "hlc": {"phys": 1758814041055, "cnt": 0, "node": "NA-N11"}, "package_id": "PKG14040", "payload": {"status": "CREATED"}, "sent_ts": 1758814040945, "arrival_ts": 1758814040945}
{"action": "send", "src": "NA-N11", "dst": "SA-N12", "hlc": {"phys": 1758814041271, "cnt": 0, "node": "NA-N11"}, "package_id": "PKG14040", "payload": {"status": "SENT"}, "sent_ts": 1758814041161, "arrival_ts": 1758814041161}
{"action": "send", "src": "NA-N11", "dst": "SA-N12", "hlc": {"phys": 1758814041657, "cnt": 0, "node": "NA-N11"}, "package_id": "PKG14040", "payload": {"status": "IN_TRANSIT"}, "sent_ts": 1758814041547, "arrival_ts": 1758814041547}
{"action": "send", "src": "NA-N11", "dst": "SA-N12", "hlc": {"phys": 1758814042016, "cnt": 0, "node": "NA-N11"}, "package_id": "PKG14040", "payload": {"status": "RECEIVED"}, "sent_ts": 1758814041906, "arrival_ts": 1758814041906}
{"action": "send", "src": "NA-N11", "dst": "SA-N12", "hlc": {"phys": 1758814042387, "cnt": 0, "node": "NA-N11"}, "package_id": "PKG14040", "payload": {"status": "DELIVERED"}, "sent_ts": 1758814042277, "arrival_ts": 1758814042277}
