{"action": "send", "src": "NA-N182", "dst": "SA-N159", "hlc": {"phys": 1758714066199, "cnt": 0, "node": "NA-N182"}, "package_id": "PKG14064", "payload": {"status": "CREATED"}, "sent_ts": 1758714064379, "arrival_ts": 1758714064379}
{"action": "send", "src": "NA-N182", "dst": "SA-N159", "hlc": {"phys": 1758714066526, "cnt": 0, "node": "NA-N182"}, "package_id": "PKG14064", "payload": {"status": "SENT"}, "sent_ts": 1758714064706, "arrival_ts": 1758714064706}
{"action": "send", "src": "NA-N182", "dst": "SA-N159", "hlc": {"phys": 1758714066750, "cnt": 0, "node": "NA-N182"}, "package_id": "PKG14064", "payload": {"status": "IN_TRANSIT"}, "sent_ts": 1758714064930, "arrival_ts": 1758714064930}
{"action": "send", "src": "NA-N182", "dst": "SA-N159", "hlc": {"phys": 1758714067042, "cnt": 0, "node": "NA-N182"}, "package_id": "PKG14064", "payload": {"status": "RECEIVED"}, "sent_ts": 1758714065222, "arrival_ts": 1758714065222}
{"action": "send", "src": "NA-N182", "dst": "SA-N159", "hlc": {"phys": 1758714067313, "cnt": 0, "node": "NA-N182"}, "package_id": "PKG14064", "payload": {"status": "DELIVERED"}, "sent_ts": 1758714065493, "arrival_ts": 1758714065493}
{"action": "send", "src": "NA-N182", "dst": "EU-N100", "hlc": {"phys": 1758714272835, "cnt": 0, "node": "NA-N182"}, "package_id": "PKG14271", "payload": {"status": "CREATED"}, "sent_ts": 1758714271015, "arrival_ts": 1758714271015}
{"action": "send", "src": "NA-N182", "dst": "EU-N100", "hlc": {"phys": 1758714273145, "cnt": 0, "node": "NA-N182"}, "package_id": "PKG14271", "payload": {"status": "SENT"}, "sent_ts": 1758714271325, "arrival_ts": 1758714271325}
{"action": "send", "src": "NA-N182", "dst": "EU-N100", "hlc": {"phys": 1758714273527, "cnt": 0, "node": "NA-N182"}, "package_id": "PKG14271", "payload": {"status": "IN_TRANSIT"}, "sent_ts": 1758714271707, "arrival_ts": 1758714271707}
{"action": "send", "src": "NA-N182", "dst": "EU-N100", "hlc": {"phys": 1758714273867, "cnt": 0, "node": "NA-N182"}, "package_id": "PKG14271", "payload": {"status": "RECEIVED"}, "sent_ts": 1758714272047, "arrival_ts": 1758714272047}
{"action": "send", "src": "NA-N182", "dst": "EU-N100", "hlc": {"phys": 1758714274187, "cnt": 0, "node": "NA-N182"}, "package_id": "PKG14271", "payload": {"status": "DELIVERED"}, "sent_ts": 1758714272367, "arrival_ts": 1758714272367}
{"action": "recv", "src": "AN-N184", "dst": "NA-N182", "hlc": {"phys": 1758714427052, "cnt": 0, "node": "AN-N184"}, "package_id": "PKG14395", "payload": {"status": "CREATED"}, "sent_ts": 1758714395212, "arrival_ts": 1758714395280}
{"action": "recv", "src": "AN-N184", "dst": "NA-N182", "hlc": {"phys": 1758714427319, "cnt": 0, "node": "AN-N184"}, "package_id": "PKG14395", "payload": {"status": "SENT"}, "sent_ts": 1758714395479, "arrival_ts": 1758714395649}
{"action": "recv", "src": "AN-N184", "dst": "NA-N182", "hlc": {"phys": 1758714427697, "cnt": 0, "node": "AN-N184"}, "package_id": "PKG14395", "payload": {"status": "IN_TRANSIT"}, "sent_ts": 1758714395857, "arrival_ts": 1758714396043}
{"action": "recv", "src": "AN-N184", "dst": "NA-N182", "hlc": {"phys": 1758714428078, "cnt": 0, "node": "AN-N184"}, "package_id": "PKG14395", "payload": {"status": "RECEIVED"}, "sent_ts": 1758714396238, "arrival_ts": 1758714396288}
{"action": "recv", "src": "AN-N184", "dst": "NA-N182", "hlc": {"phys": 1758714428331, "cnt": 0, "node": "AN-N184"}, "package_id": "PKG14395", "payload": {"status": "DELIVERED"}, "sent_ts": 1758714396491, "arrival_ts": 1758714396619}
{"action": "send", "src": "NA-N182", "dst": "AN-N86", "hlc": {"phys": 1758740370963, "cnt": 0, "node": "NA-N182"}, "package_id": "PKG40369", "payload": {"status": "CREATED"}, "sent_ts": 1758740369143, "arrival_ts": 1758740369143}
{"action": "send", "src": "NA-N182", "dst": "AN-N86", "hlc": {"phys": 1758740371322, "cnt": 0, "node": "NA-N182"}, "package_id": "PKG40369", "payload": {"status": "SENT"}, "sent_ts": 1758740369502, "arrival_ts": 1758740369502}
{"action": "send", "src": "NA-N182", "dst": "AN-N86", "hlc": {"phys": 1758740371632, "cnt": 0, "node": "NA-N182"}, "package_id": "PKG40369", "payload": {"status": "IN_TRANSIT"}, "sent_ts": 1758740369812, "arrival_ts": 1758740369812}
{"action": "send", "src": "NA-N182", "dst": "AN-N86", "hlc": {"phys": 1758740371878, "cnt": 0, "node": "NA-N182"}, "package_id": "PKG40369", "payload": {"status": "RECEIVED"}, "sent_ts": 1758740370058, "arrival_ts": 1758740370058}
{"action": "send", "src": "NA-N182", "dst": "AN-N86", "hlc": {"phys": 1758740372111, "cnt": 0, "node": "NA-N182"}, "package_id": "PKG40369", "payload": {"status": "DELIVERED"}, "sent_ts": 1758740370291, "arrival_ts": 1758740370291}
{"action": "send", "src": "NA-N182", "dst": "AU-N89", "hlc": {"phys": 1758743538590, "cnt": 0, "node": "NA-N182"}, "package_id": "PKG43536", "payload": {"status": "CREATED"}, "sent_ts": 1758743536770, "arrival_ts": 1758743536770}
{"action": "send", "src": "NA-N182", "dst": "AU-N89", "hlc": {"phys": 1758743538955, "cnt": 0, "node": "NA-N182"}, "package_id": "PKG43536", "payload": {"status": "SENT"}, "sent_ts": 1758743537135, "arrival_ts": 1758743537135}
{"action": "send", "src": "NA-N182", "dst": "AU-N89", "hlc": {"phys": 1758743539220, "cnt": 0, "node": "NA-N182"}, "package_id": "PKG43536", "payload": {"status": "IN_TRANSIT"}, "sent_ts": 1758743537400, "arrival_ts": 1758743537400}
{"action": "send", "src": "NA-N182", "dst": "AU-N89", "hlc": {"phys": 1758743539502, "cnt": 0, "node": "NA-N182"}, "package_id": "PKG43536", "payload": {"status": "RECEIVED"}, "sent_ts": 1758743537682, "arrival_ts": 1758743537682}
{"action": "send", "src": "NA-N182", "dst": "AU-N89", "hlc": {"phys": 1758743539797, "cnt": 0, "node": "NA-N182"}, "package_id": "PKG43536", "payload": {"status": "DELIVERED"}, "sent_ts": 1758743537977, "arrival_ts": 1758743537977}
{"action": "recv", "src": "AU-N173", "dst": "NA-N182", "hlc": {"phys": 1758743788136, "cnt": 0, "node": "AU-N173"}, "package_id": "PKG43761", "payload": {"status": "CREATED"}, "sent_ts": 1758743761406, "arrival_ts": 1758743761488}
{"action": "recv", "src": "AU-N173", "dst": "NA-N182", "hlc": {"phys": 1758743788427, "cnt": 0, "node": "AU-N173"}, "package_id": "PKG43761", "payload": {"status": "SENT"}, "sent_ts": 1758743761697, "arrival_ts": 1758743761779}
{"action": "recv", "src": "AU-N173", "dst": "NA-N182", "hlc": {"phys": 1758743788704, "cnt": 0, "node": "AU-N173"}, "package_id": "PKG43761", "payload": {"status": "IN_TRANSIT"}, "sent_ts": 1758743761974, "arrival_ts": 1758743762036}
{"action": "recv", "src": "AU-N173", "dst": "NA-N182", "hlc": {"phys": 1758743788967, "cnt": 0, "node": "AU-N173"}, "package_id": "PKG43761", "payload": {"status": "RECEIVED"}, "sent_ts": 1758743762237, "arrival_ts": 1758743762427}
{"action": "recv", "src": "AU-N173", "dst": "NA-N182", "hlc": {"phys": 1758743789356, "cnt": 0, "node": "AU-N173"}, "package_id": "PKG43761", "payload": {"status": "DELIVERED"}, "sent_ts": 1758743762626, "arrival_ts": 1758743762689}
{"action": "recv", "src": "EU-N19", "dst": "NA-N182", "hlc": {"phys": 1758744016992, "cnt": 0, "node": "EU-N19"}, "package_id": "PKG44011", "payload": {"status": "CREATED"}, "sent_ts": 1758744011802, "arrival_ts": 1758744011872}
{"action": "recv", "src": "EU-N19", "dst": "NA-N182", "hlc": {"phys": 1758744017274, "cnt": 0, "node": "EU-N19"}, "package_id": "PKG44011", "payload": {"status": "SENT"}, "sent_ts": 1758744012084, "arrival_ts": 1758744012148}
{"action": "recv", "src": "EU-N19", "dst": "NA-N182", "hlc": {"phys": 1758744017546, "cnt": 0, "node": "EU-N19"}, "package_id": "PKG44011", "payload": {"status": "IN_TRANSIT"}, "sent_ts": 1758744012356, "arrival_ts": 1758744012520}
{"action": "recv", "src": "EU-N19", "dst": "NA-N182", "hlc": {"phys": 1758744017910, "cnt": 0, "node": "EU-N19"}, "package_id": "PKG44011", "payload": {"status": "RECEIVED"}, "sent_ts": 1758744012720, "arrival_ts": 1758744012830}
{"action": "recv", "src": "EU-N19", "dst": "NA-N182", "hlc": {"phys": 1758744018234, "cnt": 0, "node": "EU-N19"}, "package_id": "PKG44011", "payload": {"status": "DELIVERED"}, "sent_ts": 1758744013044, "arrival_ts": 1758744013205}
{"action": "recv", "src": "SA-N26", "dst": "NA-N182", "hlc": {"phys": 1758745726838, "cnt": 0, "node": "SA-N26"}, "package_id": "PKG45706", "payload": {"status": "CREATED"}, "sent_ts": 1758745706578, "arrival_ts": 1758745706685}
{"action": "recv", "src": "SA-N26", "dst": "NA-N182", "hlc": {"phys": 1758745727163, "cnt": 0, "node": "SA-N26"}, "package_id": "PKG45706", "payload": {"status": "SENT"}, "sent_ts": 1758745706903, "arrival_ts": 1758745707034}
{"action": "recv", "src": "SA-N26", "dst": "NA-N182", "hlc": {"phys": 1758745727505, "cnt": 0, "node": "SA-N26"}, "package_id": "PKG45706", "payload": {"status": "IN_TRANSIT"}, "sent_ts": 1758745707245, "arrival_ts": 1758745707297}
{"action": "recv", "src": "SA-N26", "dst": "NA-N182", "hlc": {"phys": 1758745727770, "cnt": 0, "node": "SA-N26"}, "package_id": "PKG45706", "payload": {"status": "RECEIVED"}, "sent_ts": 1758745707510, "arrival_ts": 1758745707657}
{"action": "recv", "src": "SA-N26", "dst": "NA-N182", "hlc": {"phys": 1758745728126, "cnt": 0, "node": "SA-N26"}, "package_id": "PKG45706", "payload": {"status": "DELIVERED"}, "sent_ts": 1758745707866, "arrival_ts": 1758745707930}
{"action": "send", "src": "NA-N182", "dst": "NA-N21", "hlc": {"phys": 1758746984255, "cnt": 0, "node": "NA-N182"}, "package_id": "PKG46982", "payload": {"status": "CREATED"}, "sent_ts": 1758746982435, "arrival_ts": 1758746982435}
{"action": "send", "src": "NA-N182", "dst": "NA-N21", "hlc": {"phys": 1758746984663, "cnt": 0, "node": "NA-N182"}, "package_id": "PKG46982", "payload": {"status": "SENT"}, "sent_ts": 1758746982843, "arrival_ts": 1758746982843}
{"action": "send", "src": "NA-N182", "dst": "NA-N21", "hlc": {"phys": 1758746984979, "cnt": 0, "node": "NA-N182"}, "package_id": "PKG46982", "payload": {"status": "IN_TRANSIT"}, "sent_ts": 1758746983159, "arrival_ts": 1758746983159}
{"action": "send", "src": "NA-N182", "dst": "NA-N21", "hlc": {"phys": 1758746985203, "cnt": 0, "node": "NA-N182"}, "package_id": "PKG46982", "payload": {"status": "RECEIVED"}, "sent_ts": 1758746983383, "arrival_ts": 1758746983383}
{"action": "send", "src": "NA-N182", "dst": "NA-N21", "hlc": {"phys": 1758746985444, "cnt": 0, "node": "NA-N182"}, "package_id": "PKG46982", "payload": {"status": "DELIVERED"}, "sent_ts": 1758746983624, "arrival_ts": 1758746983624}
{"action": "recv", "src": "AF-N191", "dst": "NA-N182", "hlc": {"phys": 1758747202538, "cnt": 0, "node": "AF-N191"}, "package_id": "PKG47185", "payload": {"status": "CREATED"}, "sent_ts": 1758747185628, "arrival_ts": 1758747185685}
{"action": "recv", "src": "AF-N191", "dst": "NA-N182", "hlc": {"phys": 1758747202802, "cnt": 0, "node": "AF-N191"}, "package_id": "PKG47185", "payload": {"status": "SENT"}, "sent_ts": 1758747185892, "arrival_ts": 1758747185940}
{"action": "recv", "src": "AF-N191", "dst": "NA-N182", "hlc": {"phys": 1758747203065, "cnt": 0, "node": "AF-N191"}, "package_id": "PKG47185", "payload": {"status": "IN_TRANSIT"}, "sent_ts": 1758747186155, "arrival_ts": 1758747186286}
{"action": "recv", "src": "AF-N191", "dst": "NA-N182", "hlc": {"phys": 1758747203407, "cnt": 0, "node": "AF-N191"}, "package_id": "PKG47185", "payload": {"status": "RECEIVED"}, "sent_ts": 1758747186497, "arrival_ts": 1758747186612}
{"action": "recv", "src": "AF-N191", "dst": "NA-N182", "hlc": {"phys": 1758747203734, "cnt": 0, "node": "AF-N191"}, "package_id": "PKG47185", "payload": {"status": "DELIVERED"}, "sent_ts": 1758747186824, "arrival_ts": 1758747186868}
{"action": "recv", "src": "NA-N153", "dst": "NA-N182", "hlc": {"phys": 1758747540162, "cnt": 0, "node": "NA-N153"}, "package_id": "PKG47538", "payload": {"status": "CREATED"}, "sent_ts": 1758747538632, "arrival_ts": 1758747538648}
{"action": "recv", "src": "NA-N153", "dst": "NA-N182", "hlc": {"phys": 1758747540382, "cnt": 0, "node": "NA-N153"}, "package_id": "PKG47538", "payload": {"status": "SENT"}, "sent_ts": 1758747538852, "arrival_ts": 1758747538934}
{"action": "recv", "src": "NA-N153", "dst": "NA-N182", "hlc": {"phys": 1758747540662, "cnt": 0, "node": "NA-N153"}, "package_id": "PKG47538", "payload": {"status": "IN_TRANSIT"}, "sent_ts": 1758747539132, "arrival_ts": 1758747539240}
{"action": "recv", "src": "NA-N153", "dst": "NA-N182", "hlc": {"phys": 1758747540973, "cnt": 0, "node": "NA-N153"}, "package_id": "PKG47538", "payload": {"status": "RECEIVED"}, "sent_ts": 1758747539443, "arrival_ts": 1758747539567}
{"action": "recv", "src": "NA-N153", "dst": "NA-N182", "hlc": {"phys": 1758747541297, "cnt": 0, "node": "NA-N153"}, "package_id": "PKG47538", "payload": {"status": "DELIVERED"}, "sent_ts": 1758747539767, "arrival_ts": 1758747539805}
{"action": "recv", "src": "SA-N84", "dst": "NA-N182", "hlc": {"phys": 1758748780510, "cnt": 0, "node": "SA-N84"}, "package_id": "PKG48759", "payload": {"status": "CREATED"}, "sent_ts": 1758748759670, "arrival_ts": 1758748759825}
{"action": "recv", "src": "SA-N84", "dst": "NA-N182", "hlc": {"phys": 1758748780866, "cnt": 0, "node": "SA-N84"}, "package_id": "PKG48759", "payload": {"status": "SENT"}, "sent_ts": 1758748760026, "arrival_ts": 1758748760164}
{"action": "recv", "src": "SA-N84", "dst": "NA-N182", "hlc": {"phys": 1758748781217, "cnt": 0, "node": "SA-N84"}, "package_id": "PKG48759", "payload": {"status": "IN_TRANSIT"}, "sent_ts": 1758748760377, "arrival_ts": 1758748760561}
{"action": "recv", "src": "SA-N84", "dst": "NA-N182", "hlc": {"phys": 1758748781617, "cnt": 0, "node": "SA-N84"}, "package_id": "PKG48759", "payload": {"status": "RECEIVED"}, "sent_ts": 1758748760777, "arrival_ts": 1758748760855}
{"action": "recv", "src": "SA-N84", "dst": "NA-N182", "hlc": {"phys": 1758748781905, "cnt": 0, "node": "SA-N84"}, "package_id": "PKG48759", "payload": {"status": "DELIVERED"}, "sent_ts": 1758748761065, "arrival_ts": 1758748761225}
{"action": "send", "src": "NA-N182", "dst": "AU-N164", "hlc": {"phys": 1758751619334, "cnt": 0, "node": "NA-N182"}, "package_id": "PKG51617", "payload": {"status": "CREATED"}, "sent_ts": 1758751617514, "arrival_ts": 1758751617514}
{"action": "send", "src": "NA-N182", "dst": "AU-N164", "hlc": {"phys": 1758751619629, "cnt": 0, "node": "NA-N182"}, "package_id": "PKG51617", "payload": {"status": "SENT"}, "sent_ts": 1758751617809, "arrival_ts": 1758751617809}
{"action": "send", "src": "NA-N182", "dst": "AU-N164", "hlc": {"phys": 1758751619841, "cnt": 0, "node": "NA-N182"}, "package_id": "PKG51617", "payload": {"status": "IN_TRANSIT"}, "sent_ts": 1758751618021, "arrival_ts": 1758751618021}
{"action": "send", "src": "NA-N182", "dst": "AU-N164", "hlc": {"phys": 1758751620833, "cnt": 0, "node": "NA-N182"}, "package_id": "PKG51617", "payload": {"status": "RECEIVED"}, "sent_ts": 1758751619013, "arrival_ts": 1758751619013}
{"action": "send", "src": "NA-N182", "dst": "AU-N164", "hlc": {"phys": 1758751621201, "cnt": 0, "node": "NA-N182"}, "package_id": "PKG51617", "payload": {"status": "DELIVERED"}, "sent_ts": 1758751619381, "arrival_ts": 1758751619381}
{"action": "recv", "src": "AF-N109", "dst": "NA-N182", "hlc": {"phys": 1758751639485, "cnt": 0, "node": "AF-N109"}, "package_id": "PKG51623", "payload": {"status": "CREATED"}, "sent_ts": 1758751623395, "arrival_ts": 1758751623546}
{"action": "recv", "src": "AF-N109", "dst": "NA-N182", "hlc": {"phys": 1758751639837, "cnt": 0, "node": "AF-N109"}, "package_id": "PKG51623", "payload": {"status": "SENT"}, "sent_ts": 1758751623747, "arrival_ts": 1758751623882}
{"action": "recv", "src": "AF-N109", "dst": "NA-N182", "hlc": {"phys": 1758751640180, "cnt": 0, "node": "AF-N109"}, "package_id": "PKG51623", "payload": {"status": "IN_TRANSIT"}, "sent_ts": 1758751624090, "arrival_ts": 1758751624275}
{"action": "recv", "src": "AF-N109", "dst": "NA-N182", "hlc": {"phys": 1758751640570, "cnt": 0, "node": "AF-N109"}, "package_id": "PKG51623", "payload": {"status": "RECEIVED"}, "sent_ts": 1758751624480, "arrival_ts": 1758751624584}
{"action": "recv", "src": "AF-N109", "dst": "NA-N182", "hlc": {"phys": 1758751640910, "cnt": 0, "node": "AF-N109"}, "package_id": "PKG51623", "payload": {"status": "DELIVERED"}, "sent_ts": 1758751624820, "arrival_ts": 1758751624910}
{"action": "send", "src": "NA-N182", "dst": "EU-N98", "hlc": {"phys": 1758752345281, "cnt": 0, "node": "NA-N182"}, "package_id": "PKG52343", "payload": {"status": "CREATED"}, "sent_ts": 1758752343461, "arrival_ts": 1758752343461}
{"action": "send", "src": "NA-N182", "dst": "EU-N98", "hlc": {"phys": 1758752345648, "cnt": 0, "node": "NA-N182"}, "package_id": "PKG52343", "payload": {"status": "SENT"}, "sent_ts": 1758752343828, "arrival_ts": 1758752343828}
{"action": "send", "src": "NA-N182", "dst": "EU-N98", "hlc": {"phys": 1758752346059, "cnt": 0, "node": "NA-N182"}, "package_id": "PKG52343", "payload": {"status": "IN_TRANSIT"}, "sent_ts": 1758752344239, "arrival_ts": 1758752344239}
{"action": "send", "src": "NA-N182", "dst": "EU-N98", "hlc": {"phys": 1758752346300, "cnt": 0, "node": "NA-N182"}, "package_id": "PKG52343", "payload": {"status": "RECEIVED"}, "sent_ts": 1758752344480, "arrival_ts": 1758752344480}
{"action": "send", "src": "NA-N182", "dst": "EU-N98", "hlc": {"phys": 1758752346603, "cnt": 0, "node": "NA-N182"}, "package_id": "PKG52343", "payload": {"status": "DELIVERED"}, "sent_ts": 1758752344783, "arrival_ts": 1758752344783}
{"action": "send", "src": "NA-N182", "dst": "AS-N20", "hlc": {"phys": 1758756069983, "cnt": 0, "node": "NA-N182"}, "package_id": "PKG56068", "payload": {"status": "CREATED"}, "sent_ts": 1758756068163, "arrival_ts": 1758756068163}
{"action": "send", "src": "NA-N182", "dst": "AS-N20", "hlc": {"phys": 1758756070256, "cnt": 0, "node": "NA-N182"}, "package_id": "PKG56068", "payload": {"status": "SENT"}, "sent_ts": 1758756068436, "arrival_ts": 1758756068436}
{"action": "send", "src": "NA-N182", "dst": "AS-N20", "hlc": {"phys": 1758756070614, "cnt": 0, "node": "NA-N182"}, "package_id": "PKG56068", "payload": {"status": "IN_TRANSIT"}, "sent_ts": 1758756068794, "arrival_ts": 1758756068794}
{"action": "send", "src": "NA-N182", "dst": "AS-N20", "hlc": {"phys": 1758756070903, "cnt": 0, "node": "NA-N182"}, "package_id": "PKG56068", "payload": {"status": "RECEIVED"}, "sent_ts": 1758756069083, "arrival_ts": 1758756069083}
{"action": "send", "src": "NA-N182", "dst": "AS-N20", "hlc": {"phys": 1758756071248, "cnt": 0, "node": "NA-N182"}, "package_id": "PKG56068", "payload": {"status": "DELIVERED"}, "sent_ts": 1758756069428, "arrival_ts": 1758756069428}
{"action": "recv", "src": "AU-N11", "dst": "NA-N182", "hlc": {"phys": 1758756314394, "cnt": 0, "node": "AU-N11"}, "package_id": "PKG56289", "payload": {"status": "CREATED"}, "sent_ts": 1758756289284, "arrival_ts": 1758756289355}
{"action": "recv", "src": "AU-N11", "dst": "NA-N182", "hlc": {"phys": 1758756314666, "cnt": 0, "node": "AU-N11"}, "package_id": "PKG56289", "payload": {"status": "SENT"}, "sent_ts": 1758756289556, "arrival_ts": 1758756289620}
{"action": "recv", "src": "AU-N11", "dst": "NA-N182", "hlc": {"phys": 1758756314944, "cnt": 0, "node": "AU-N11"}, "package_id": "PKG56289", "payload": {"status": "IN_TRANSIT"}, "sent_ts": 1758756289834, "arrival_ts": 1758756290015}
{"action": "recv", "src": "AU-N11", "dst": "NA-N182", "hlc": {"phys": 1758756315344, "cnt": 0, "node": "AU-N11"}, "package_id": "PKG56289", "payload": {"status": "RECEIVED"}, "sent_ts": 1758756290234, "arrival_ts": 1758756290369}
{"action": "recv", "src": "AU-N11", "dst": "NA-N182", "hlc": {"phys": 1758756315681, "cnt": 0, "node": "AU-N11"}, "package_id": "PKG56289", "payload": {"status": "DELIVERED"}, "sent_ts": 1758756290571, "arrival_ts": 1758756290610}
{"action": "recv", "src": "AU-N119", "dst": "NA-N182", "hlc": {"phys": 1758756422675, "cnt": 0, "node": "AU-N119"}, "package_id": "PKG56396", "payload": {"status": "CREATED"}, "sent_ts": 1758756396485, "arrival_ts": 1758756396598}
{"action": "recv", "src": "AU-N119", "dst": "NA-N182", "hlc": {"phys": 1758756422999, "cnt": 0, "node": "AU-N119"}, "package_id": "PKG56396", "payload": {"status": "SENT"}, "sent_ts": 1758756396809, "arrival_ts": 1758756396828}
{"action": "recv", "src": "AU-N119", "dst": "NA-N182", "hlc": {"phys": 1758756423226, "cnt": 0, "node": "AU-N119"}, "package_id": "PKG56396", "payload": {"status": "IN_TRANSIT"}, "sent_ts": 1758756397036, "arrival_ts": 1758756397167}
{"action": "recv", "src": "AU-N119", "dst": "NA-N182", "hlc": {"phys": 1758756423549, "cnt": 0, "node": "AU-N119"}, "package_id": "PKG56396", "payload": {"status": "RECEIVED"}, "sent_ts": 1758756397359, "arrival_ts": 1758756397528}
{"action": "recv", "src": "AU-N119", "dst": "NA-N182", "hlc": {"phys": 1758756423934, "cnt": 0, "node": "AU-N119"}, "package_id": "PKG56396", "payload": {"status": "DELIVERED"}, "sent_ts": 1758756397744, "arrival_ts": 1758756397801}
{"action": "send", "src": "NA-N182", "dst": "AU-N120", "hlc": {"phys": 1758762181703, "cnt": 0, "node": "NA-N182"}, "package_id": "PKG62179", "payload": {"status": "CREATED"}, "sent_ts": 1758762179883, "arrival_ts": 1758762179883}
{"action": "send", "src": "NA-N182", "dst": "AU-N120", "hlc": {"phys": 1758762182054, "cnt": 0, "node": "NA-N182"}, "package_id": "PKG62179", "payload": {"status": "SENT"}, "sent_ts": 1758762180234, "arrival_ts": 1758762180234}
{"action": "send", "src": "NA-N182", "dst": "AU-N120", "hlc": {"phys": 1758762182347, "cnt": 0, "node": "NA-N182"}, "package_id": "PKG62179", "payload": {"status": "IN_TRANSIT"}, "sent_ts": 1758762180527, "arrival_ts": 1758762180527}
{"action": "send", "src": "NA-N182", "dst": "AU-N120", "hlc": {"phys": 1758762182603, "cnt": 0, "node": "NA-N182"}, "package_id": "PKG62179", "payload": {"status": "RECEIVED"}, "sent_ts": 1758762180783, "arrival_ts": 1758762180783}
{"action": "send", "src": "NA-N182", "dst": "AU-N120", "hlc": {"phys": 1758762183001, "cnt": 0, "node": "NA-N182"}, "package_id": "PKG62179", "payload": {"status": "DELIVERED"}, "sent_ts": 1758762181181, "arrival_ts": 1758762181181}
{"action": "send", "src": "NA-N182", "dst": "AF-N58", "hlc": {"phys": 1758765107565, "cnt": 0, "node": "NA-N182"}, "package_id": "PKG65105", "payload": {"status": "CREATED"}, "sent_ts": 1758765105745, "arrival_ts": 1758765105745}
{"action": "send", "src": "NA-N182", "dst": "AF-N58", "hlc": {"phys": 1758765107834, "cnt": 0, "node": "NA-N182"}, "package_id": "PKG65105", "payload": {"status": "SENT"}, "sent_ts": 1758765106014, "arrival_ts": 1758765106014}
{"action": "send", "src": "NA-N182", "dst": "AF-N58", "hlc": {"phys": 1758765108194, "cnt": 0, "node": "NA-N182"}, "package_id": "PKG65105", "payload": {"status": "IN_TRANSIT"}, "sent_ts": 1758765106374, "arrival_ts": 1758765106374}
{"action": "send", "src": "NA-N182", "dst": "AF-N58", "hlc": {"phys": 1758765108527, "cnt": 0, "node": "NA-N182"}, "package_id": "PKG65105", "payload": {"status": "RECEIVED"}, "sent_ts": 1758765106707, "arrival_ts": 1758765106707}
{"action": "send", "src": "NA-N182", "dst": "AF-N58", "hlc": {"phys": 1758765108888, "cnt": 0, "node": "NA-N182"}, "package_id": "PKG65105", "payload": {"status": "DELIVERED"}, "sent_ts": 1758765107068, "arrival_ts": 1758765107068}
{"action": "recv", "src": "AN-N27", "dst": "NA-N182", "hlc": {"phys": 1758803427145, "cnt": 0, "node": "AN-N27"}, "package_id": "PKG3396", "payload": {"status": "CREATED"}, "sent_ts": 1758803396875, "arrival_ts": 1758803396953}
{"action": "recv", "src": "AN-N27", "dst": "NA-N182", "hlc": {"phys": 1758803427431, "cnt": 0, "node": "AN-N27"}, "package_id": "PKG3396", "payload": {"status": "SENT"}, "sent_ts": 1758803397161, "arrival_ts": 1758803397298}
{"action": "recv", "src": "AN-N27", "dst": "NA-N182", "hlc": {"phys": 1758803427781, "cnt": 0, "node": "AN-N27"}, "package_id": "PKG3396", "payload": {"status": "IN_TRANSIT"}, "sent_ts": 1758803397511, "arrival_ts": 1758803397571}
{"action": "recv", "src": "AN-N27", "dst": "NA-N182", "hlc": {"phys": 1758803428052, "cnt": 0, "node": "AN-N27"}, "package_id": "PKG3396", "payload": {"status": "RECEIVED"}, "sent_ts": 1758803397782, "arrival_ts": 1758803397808}
{"action": "recv", "src": "AN-N27", "dst": "NA-N182", "hlc": {"phys": 1758803428274, "cnt": 0, "node": "AN-N27"}, "package_id": "PKG3396", "payload": {"status": "DELIVERED"}, "sent_ts": 1758803398004, "arrival_ts": 1758803398179}
{"action": "recv", "src": "AF-N15", "dst": "NA-N182", "hlc": {"phys": 1758805179658, "cnt": 0, "node": "AF-N15"}, "package_id": "PKG5164", "payload": {"status": "CREATED"}, "sent_ts": 1758805164508, "arrival_ts": 1758805164642}
{"action": "recv", "src": "AF-N15", "dst": "NA-N182", "hlc": {"phys": 1758805180000, "cnt": 0, "node": "AF-N15"}, "package_id": "PKG5164", "payload": {"status": "SENT"}, "sent_ts": 1758805164850, "arrival_ts": 1758805165046}
{"action": "recv", "src": "AF-N15", "dst": "NA-N182", "hlc": {"phys": 1758805180401, "cnt": 0, "node": "AF-N15"}, "package_id": "PKG5164", "payload": {"status": "IN_TRANSIT"}, "sent_ts": 1758805165251, "arrival_ts": 1758805165414}
{"action": "recv", "src": "AF-N15", "dst": "NA-N182", "hlc": {"phys": 1758805180763, "cnt": 0, "node": "AF-N15"}, "package_id": "PKG5164", "payload": {"status": "RECEIVED"}, "sent_ts": 1758805165613, "arrival_ts": 1758805165775}
{"action": "recv", "src": "AF-N15", "dst": "NA-N182", "hlc": {"phys": 1758805181121, "cnt": 0, "node": "AF-N15"}, "package_id": "PKG5164", "payload": {"status": "DELIVERED"}, "sent_ts": 1758805165971, "arrival_ts": 1758805166035}
{"action": "recv", "src": "AS-N46", "dst": "NA-N182", "hlc": {"phys": 1758811616951, "cnt": 0, "node": "AS-N46"}, "package_id": "PKG11606", "payload": {"status": "CREATED"}, "sent_ts": 1758811606491, "arrival_ts": 1758811606585}
{"action": "recv", "src": "AS-N46", "dst": "NA-N182", "hlc": {"phys": 1758811617246, "cnt": 0, "node": "AS-N46"}, "package_id": "PKG11606", "payload": {"status": "SENT"}, "sent_ts": 1758811606786, "arrival_ts": 1758811606895}
{"action": "recv", "src": "AS-N46", "dst": "NA-N182", "hlc": {"phys": 1758811617557, "cnt": 0, "node": "AS-N46"}, "package_id": "PKG11606", "payload": {"status": "IN_TRANSIT"}, "sent_ts": 1758811607097, "arrival_ts": 1758811607129}
{"action": "recv", "src": "AS-N46", "dst": "NA-N182", "hlc": {"phys": 1758811617789, "cnt": 0, "node": "AS-N46"}, "package_id": "PKG11606", "payload": {"status": "RECEIVED"}, "sent_ts": 1758811607329, "arrival_ts": 1758811607405}
{"action": "recv", "src": "AS-N46", "dst": "NA-N182", "hlc": {"phys": 1758811618067, "cnt": 0, "node": "AS-N46"}, "package_id": "PKG11606", "payload": {"status": "DELIVERED"}, "sent_ts": 1758811607607, "arrival_ts": 1758811607629}
