{"action": "recv", "src": "EU-N1", "dst": "NA-N42", "hlc": {"phys": 1758712943639, "cnt": 0, "node": "EU-N1"}, "package_id": "PKG12938", "payload": {"status": "CREATED"}, "sent_ts": 1758712938629, "arrival_ts": 1758712938717}
{"action": "recv", "src": "EU-N1", "dst": "NA-N42", "hlc": {"phys": 1758712943933, "cnt": 0, "node": "EU-N1"}, "package_id": "PKG12938", "payload": {"status": "SENT"}, "sent_ts": 1758712938923, "arrival_ts": 1758712939107}
{"action": "recv", "src": "EU-N1", "dst": "NA-N42", "hlc": {"phys": 1758712944336, "cnt": 0, "node": "EU-N1"}, "package_id": "PKG12938", "payload": {"status": "IN_TRANSIT"}, "sent_ts": 1758712939326, "arrival_ts": 1758712939399}
{"action": "recv", "src": "EU-N1", "dst": "NA-N42", "hlc": {"phys": 1758712944614, "cnt": 0, "node": "EU-N1"}, "package_id": "PKG12938", "payload": {"status": "RECEIVED"}, "sent_ts": 1758712939604, "arrival_ts": 1758712939679}
{"action": "recv", "src": "EU-N1", "dst": "NA-N42", "hlc": {"phys": 1758712944897, "cnt": 0, "node": "EU-N1"}, "package_id": "PKG12938", "payload": {"status": "DELIVERED"}, "sent_ts": 1758712939887, "arrival_ts": 1758712940019}
{"action": "send", "src": "NA-N42", "dst": "AN-N64", "hlc": {"phys": 1758713702900, "cnt": 0, "node": "NA-N42"}, "package_id": "PKG13702", "payload": {"status": "CREATED"}, "sent_ts": 1758713702480, "arrival_ts": 1758713702480}
{"action": "send", "src": "NA-N42", "dst": "AN-N64", "hlc": {"phys": 1758713703191, "cnt": 0, "node": "NA-N42"}, "package_id": "PKG13702", "payload": {"status": "SENT"}, "sent_ts": 1758713702771, "arrival_ts": 1758713702771}
{"action": "send", "src": "NA-N42", "dst": "AN-N64", "hlc": {"phys": 1758713703487, "cnt": 0, "node": "NA-N42"}, "package_id": "PKG13702", "payload": {"status": "IN_TRANSIT"}, "sent_ts": 1758713703067, "arrival_ts": 1758713703067}
{"action": "send", "src": "NA-N42", "dst": "AN-N64", "hlc": {"phys": 1758713703837, "cnt": 0, "node": "NA-N42"}, "package_id": "PKG13702", "payload": {"status": "RECEIVED"}, "sent_ts": 1758713703417, "arrival_ts": 1758713703417}
{"action": "send", "src": "NA-N42", "dst": "AN-N64", "hlc": {"phys": 1758713704137, "cnt": 0, "node": "NA-N42"}, "package_id": "PKG13702", "payload": {"status": "DELIVERED"}, "sent_ts": 1758713703717, "arrival_ts": 1758713703717}
{"action": "recv", "src": "SA-N98", "dst": "NA-N42", "hlc": {"phys": 1758714600133, "cnt": 0, "node": "SA-N98"}, "package_id": "PKG14579", "payload": {"status": "CREATED"}, "sent_ts": 1758714579153, "arrival_ts": 1758714579332}
{"action": "recv", "src": "SA-N98", "dst": "NA-N42", "hlc": {"phys": 1758714600517, "cnt": 0, "node": "SA-N98"}, "package_id": "PKG14579", "payload": {"status": "SENT"}, "sent_ts": 1758714579537, "arrival_ts": 1758714579699}
{"action": "recv", "src": "SA-N98", "dst": "NA-N42", "hlc": {"phys": 1758714600874, "cnt": 0, "node": "SA-N98"}, "package_id": "PKG14579", "payload": {"status": "IN_TRANSIT"}, "sent_ts": 1758714579894, "arrival_ts": 1758714579939}
{"action": "recv", "src": "SA-N98", "dst": "NA-N42", "hlc": {"phys": 1758714601127, "cnt": 0, "node": "SA-N98"}, "package_id": "PKG14579", "payload": {"status": "RECEIVED"}, "sent_ts": 1758714580147, "arrival_ts": 1758714580345}
{"action": "recv", "src": "SA-N98", "dst": "NA-N42", "hlc": {"phys": 1758714601539, "cnt": 0, "node": "SA-N98"}, "package_id": "PKG14579", "payload": {"status": "DELIVERED"}, "sent_ts": 1758714580559, "arrival_ts": 1758714580579}
{"action": "send", "src": "NA-N42", "dst": "AN-N67", "hlc": {"phys": 1758717284299, "cnt": 0, "node": "NA-N42"}, "package_id": "PKG17283", "payload": {"status": "CREATED"}, "sent_ts": 1758717283879, "arrival_ts": 1758717283879}
{"action": "send", "src": "NA-N42", "dst": "AN-N67", "hlc": {"phys": 1758717284614, "cnt": 0, "node": "NA-N42"}, "package_id": "PKG17283", "payload": {"status": "SENT"}, "sent_ts": 1758717284194, "arrival_ts": 1758717284194}
{"action": "send", "src": "NA-N42", "dst": "AN-N67", "hlc": {"phys": 1758717285020, "cnt": 0, "node": "NA-N42"}, "package_id": "PKG17283", "payload": {"status": "IN_TRANSIT"}, "sent_ts": 1758717284600, "arrival_ts": 1758717284600}
{"action": "send", "src": "NA-N42", "dst": "AN-N67", "hlc": {"phys": 1758717285391, "cnt": 0, "node": "NA-N42"}, "package_id": "PKG17283", "payload": {"status": "RECEIVED"}, "sent_ts": 1758717284971, "arrival_ts": 1758717284971}
{"action": "send", "src": "NA-N42", "dst": "AN-N67", "hlc": {"phys": 1758717285769, "cnt": 0, "node": "NA-N42"}, "package_id": "PKG17283", "payload": {"status": "DELIVERED"}, "sent_ts": 1758717285349, "arrival_ts": 1758717285349}
{"action": "recv", "src": "AF-N28", "dst": "NA-N42", "hlc": {"phys": 1758722639635, "cnt": 0, "node": "AF-N28"}, "package_id": "PKG22624", "payload": {"status": "CREATED"}, "sent_ts": 1758722624355, "arrival_ts": 1758722624572}
{"action": "recv", "src": "AF-N28", "dst": "NA-N42", "hlc": {"phys": 1758722640072, "cnt": 0, "node": "AF-N28"}, "package_id": "PKG22624", "payload": {"status": "SENT"}, "sent_ts": 1758722624792, "arrival_ts": 1758722624983}
{"action": "recv", "src": "AF-N28", "dst": "NA-N42", "hlc": {"phys": 1758722640477, "cnt": 0, "node": "AF-N28"}, "package_id": "PKG22624", "payload": {"status": "IN_TRANSIT"}, "sent_ts": 1758722625197, "arrival_ts": 1758722625420}
{"action": "recv", "src": "AF-N28", "dst": "NA-N42", "hlc": {"phys": 1758722640958, "cnt": 0, "node": "AF-N28"}, "package_id": "PKG22624", "payload": {"status": "RECEIVED"}, "sent_ts": 1758722625677, "arrival_ts": 1758722625702}
{"action": "recv", "src": "AF-N28", "dst": "NA-N42", "hlc": {"phys": 1758722641270, "cnt": 0, "node": "AF-N28"}, "package_id": "PKG22624", "payload": {"status": "DELIVERED"}, "sent_ts": 1758722625990, "arrival_ts": 1758722626220}
{"action": "recv", "src": "SA-N188", "dst": "NA-N42", "hlc": {"phys": 1758737865127, "cnt": 0, "node": "SA-N188"}, "package_id": "PKG37843", "payload": {"status": "CREATED"}, "sent_ts": 1758737843247, "arrival_ts": 1758737843393}
{"action": "recv", "src": "SA-N188", "dst": "NA-N42", "hlc": {"phys": 1758737865485, "cnt": 0, "node": "SA-N188"}, "package_id": "PKG37843", "payload": {"status": "SENT"}, "sent_ts": 1758737843605, "arrival_ts": 1758737843764}
{"action": "recv", "src": "SA-N188", "dst": "NA-N42", "hlc": {"phys": 1758737865858, "cnt": 0, "node": "SA-N188"}, "package_id": "PKG37843", "payload": {"status": "IN_TRANSIT"}, "sent_ts": 1758737843978, "arrival_ts": 1758737844073}
{"action": "recv", "src": "SA-N188", "dst": "NA-N42", "hlc": {"phys": 1758737866155, "cnt": 0, "node": "SA-N188"}, "package_id": "PKG37843", "payload": {"status": "RECEIVED"}, "sent_ts": 1758737844275, "arrival_ts": 1758737844382}
{"action": "recv", "src": "SA-N188", "dst": "NA-N42", "hlc": {"phys": 1758737866465, "cnt": 0, "node": "SA-N188"}, "package_id": "PKG37843", "payload": {"status": "DELIVERED"}, "sent_ts": 1758737844585, "arrival_ts": 1758737844635}
{"action": "recv", "src": "EU-N163", "dst": "NA-N42", "hlc": {"phys": 1758740839502, "cnt": 0, "node": "EU-N163"}, "package_id": "PKG40832", "payload": {"status": "CREATED"}, "sent_ts": 1758740832872, "arrival_ts": 1758740832938}
{"action": "recv", "src": "EU-N163", "dst": "NA-N42", "hlc": {"phys": 1758740839781, "cnt": 0, "node": "EU-N163"}, "package_id": "PKG40832", "payload": {"status": "SENT"}, "sent_ts": 1758740833151, "arrival_ts": 1758740833189}
{"action": "recv", "src": "EU-N163", "dst": "NA-N42", "hlc": {"phys": 1758740840034, "cnt": 0, "node": "EU-N163"}, "package_id": "PKG40832", "payload": {"status": "IN_TRANSIT"}, "sent_ts": 1758740833404, "arrival_ts": 1758740833602}
{"action": "recv", "src": "EU-N163", "dst": "NA-N42", "hlc": {"phys": 1758740840437, "cnt": 0, "node": "EU-N163"}, "package_id": "PKG40832", "payload": {"status": "RECEIVED"}, "sent_ts": 1758740833807, "arrival_ts": 1758740833871}
{"action": "recv", "src": "EU-N163", "dst": "NA-N42", "hlc": {"phys": 1758740840718, "cnt": 0, "node": "EU-N163"}, "package_id": "PKG40832", "payload": {"status": "DELIVERED"}, "sent_ts": 1758740834088, "arrival_ts": 1758740834260}
{"action": "recv", "src": "AF-N161", "dst": "NA-N42", "hlc": {"phys": 1758740931996, "cnt": 0, "node": "AF-N161"}, "package_id": "PKG40915", "payload": {"status": "CREATED"}, "sent_ts": 1758740915386, "arrival_ts": 1758740915562}
{"action": "recv", "src": "AF-N161", "dst": "NA-N42", "hlc": {"phys": 1758740932384, "cnt": 0, "node": "AF-N161"}, "package_id": "PKG40915", "payload": {"status": "SENT"}, "sent_ts": 1758740915774, "arrival_ts": 1758740915792}
{"action": "recv", "src": "AF-N161", "dst": "NA-N42", "hlc": {"phys": 1758740932618, "cnt": 0, "node": "AF-N161"}, "package_id": "PKG40915", "payload": {"status": "IN_TRANSIT"}, "sent_ts": 1758740916008, "arrival_ts": 1758740916084}
{"action": "recv", "src": "AF-N161", "dst": "NA-N42", "hlc": {"phys": 1758740932896, "cnt": 0, "node": "AF-N161"}, "package_id": "PKG40915", "payload": {"status": "RECEIVED"}, "sent_ts": 1758740916286, "arrival_ts": 1758740916329}
{"action": "recv", "src": "AF-N161", "dst": "NA-N42", "hlc": {"phys": 1758740933144, "cnt": 0, "node": "AF-N161"}, "package_id": "PKG40915", "payload": {"status": "DELIVERED"}, "sent_ts": 1758740916534, "arrival_ts": 1758740916739}
{"action": "send", "src": "NA-N42", "dst": "SA-N191", "hlc": {"phys": 1758741230647, "cnt": 0, "node": "NA-N42"}, "package_id": "PKG41230", "payload": {"status": "CREATED"}, "sent_ts": 1758741230227, "arrival_ts": 1758741230227}
{"action": "send", "src": "NA-N42", "dst": "SA-N191", "hlc": {"phys": 1758741231051, "cnt": 0, "node": "NA-N42"}, "package_id": "PKG41230", "payload": {"status": "SENT"}, "sent_ts": 1758741230630, "arrival_ts": 1758741230631}
{"action": "send", "src": "NA-N42", "dst": "SA-N191", "hlc": {"phys": 1758741231406, "cnt": 0, "node": "NA-N42"}, "package_id": "PKG41230", "payload": {"status": "IN_TRANSIT"}, "sent_ts": 1758741230986, "arrival_ts": 1758741230986}
{"action": "send", "src": "NA-N42", "dst": "SA-N191", "hlc": {"phys": 1758741231716, "cnt": 0, "node": "NA-N42"}, "package_id": "PKG41230", "payload": {"status": "RECEIVED"}, "sent_ts": 1758741231296, "arrival_ts": 1758741231296}
{"action": "send", "src": "NA-N42", "dst": "SA-N191", "hlc": {"phys": 1758741231995, "cnt": 0, "node": "NA-N42"}, "package_id": "PKG41230", "payload": {"status": "DELIVERED"}, "sent_ts": 1758741231575, "arrival_ts": 1758741231575}
{"action": "send", "src": "NA-N42", "dst": "AN-N1", "hlc": {"phys": 1758741363588, "cnt": 0, "node": "NA-N42"}, "package_id": "PKG41363", "payload": {"status": "CREATED"}, "sent_ts": 1758741363168, "arrival_ts": 1758741363168}
{"action": "send", "src": "NA-N42", "dst": "AN-N1", "hlc": {"phys": 1758741363898, "cnt": 0, "node": "NA-N42"}, "package_id": "PKG41363", "payload": {"status": "SENT"}, "sent_ts": 1758741363478, "arrival_ts": 1758741363478}
{"action": "send", "src": "NA-N42", "dst": "AN-N1", "hlc": {"phys": 1758741364178, "cnt": 0, "node": "NA-N42"}, "package_id": "PKG41363", "payload": {"status": "IN_TRANSIT"}, "sent_ts": 1758741363758, "arrival_ts": 1758741363758}
{"action": "send", "src": "NA-N42", "dst": "AN-N1", "hlc": {"phys": 1758741364488, "cnt": 0, "node": "NA-N42"}, "package_id": "PKG41363", "payload": {"status": "RECEIVED"}, "sent_ts": 1758741364068, "arrival_ts": 1758741364068}
{"action": "send", "src": "NA-N42", "dst": "AN-N1", "hlc": {"phys": 1758741364878, "cnt": 0, "node": "NA-N42"}, "package_id": "PKG41363", "payload": {"status": "DELIVERED"}, "sent_ts": 1758741364458, "arrival_ts": 1758741364458}
{"action": "send", "src": "NA-N42", "dst": "NA-N183", "hlc": {"phys": 1758746554303, "cnt": 0, "node": "NA-N42"}, "package_id": "PKG46553", "payload": {"status": "CREATED"}, "sent_ts": 1758746553883, "arrival_ts": 1758746553883}
{"action": "send", "src": "NA-N42", "dst": "NA-N183", "hlc": {"phys": 1758746554709, "cnt": 0, "node": "NA-N42"}, "package_id": "PKG46553", "payload": {"status": "SENT"}, "sent_ts": 1758746554289, "arrival_ts": 1758746554289}
{"action": "send", "src": "NA-N42", "dst": "NA-N183", "hlc": {"phys": 1758746555006, "cnt": 0, "node": "NA-N42"}, "package_id": "PKG46553", "payload": {"status": "IN_TRANSIT"}, "sent_ts": 1758746554586, "arrival_ts": 1758746554586}
{"action": "send", "src": "NA-N42", "dst": "NA-N183", "hlc": {"phys": 1758746555288, "cnt": 0, "node": "NA-N42"}, "package_id": "PKG46553", "payload": {"status": "RECEIVED"}, "sent_ts": 1758746554868, "arrival_ts": 1758746554868}
{"action": "send", "src": "NA-N42", "dst": "NA-N183", "hlc": {"phys": 1758746555649, "cnt": 0, "node": "NA-N42"}, "package_id": "PKG46553", "payload": {"status": "DELIVERED"}, "sent_ts": 1758746555229, "arrival_ts": 1758746555229}
{"action": "recv", "src": "SA-N50", "dst": "NA-N42", "hlc": {"phys": 1758747084585, "cnt": 0, "node": "SA-N50"}, "package_id": "PKG47064", "payload": {"status": "CREATED"}, "sent_ts": 1758747064085, "arrival_ts": 1758747064274}
{"action": "recv", "src": "SA-N50", "dst": "NA-N42", "hlc": {"phys": 1758747084975, "cnt": 0, "node": "SA-N50"}, "package_id": "PKG47064", "payload": {"status": "SENT"}, "sent_ts": 1758747064475, "arrival_ts": 1758747064527}
{"action": "recv", "src": "SA-N50", "dst": "NA-N42", "hlc": {"phys": 1758747085223, "cnt": 0, "node": "SA-N50"}, "package_id": "PKG47064", "payload": {"status": "IN_TRANSIT"}, "sent_ts": 1758747064723, "arrival_ts": 1758747064877}
{"action": "recv", "src": "SA-N50", "dst": "NA-N42", "hlc": {"phys": 1758747085583, "cnt": 0, "node": "SA-N50"}, "package_id": "PKG47064", "payload": {"status": "RECEIVED"}, "sent_ts": 1758747065082, "arrival_ts": 1758747065263}
{"action": "recv", "src": "SA-N50", "dst": "NA-N42", "hlc": {"phys": 1758747085987, "cnt": 0, "node": "SA-N50"}, "package_id": "PKG47064", "payload": {"status": "DELIVERED"}, "sent_ts": 1758747065487, "arrival_ts": 1758747065621}
{"action": "recv", "src": "EU-N162", "dst": "NA-N42", "hlc": {"phys": 1758747654661, "cnt": 0, "node": "EU-N162"}, "package_id": "PKG47648", "payload": {"status": "CREATED"}, "sent_ts": 1758747648041, "arrival_ts": 1758747648109}
{"action": "recv", "src": "EU-N162", "dst": "NA-N42", "hlc": {"phys": 1758747654943, "cnt": 0, "node": "EU-N162"}, "package_id": "PKG47648", "payload": {"status": "SENT"}, "sent_ts": 1758747648323, "arrival_ts": 1758747648391}
{"action": "recv", "src": "EU-N162", "dst": "NA-N42", "hlc": {"phys": 1758747655219, "cnt": 0, "node": "EU-N162"}, "package_id": "PKG47648", "payload": {"status": "IN_TRANSIT"}, "sent_ts": 1758747648599, "arrival_ts": 1758747648717}
{"action": "recv", "src": "EU-N162", "dst": "NA-N42", "hlc": {"phys": 1758747655527, "cnt": 0, "node": "EU-N162"}, "package_id": "PKG47648", "payload": {"status": "RECEIVED"}, "sent_ts": 1758747648907, "arrival_ts": 1758747649095}
{"action": "recv", "src": "EU-N162", "dst": "NA-N42", "hlc": {"phys": 1758747655919, "cnt": 0, "node": "EU-N162"}, "package_id": "PKG47648", "payload": {"status": "DELIVERED"}, "sent_ts": 1758747649299, "arrival_ts": 1758747649353}
{"action": "recv", "src": "AU-N150", "dst": "NA-N42", "hlc": {"phys": 1758748385913, "cnt": 0, "node": "AU-N150"}, "package_id": "PKG48359", "payload": {"status": "CREATED"}, "sent_ts": 1758748359413, "arrival_ts": 1758748359612}
{"action": "recv", "src": "AU-N150", "dst": "NA-N42", "hlc": {"phys": 1758748386316, "cnt": 0, "node": "AU-N150"}, "package_id": "PKG48359", "payload": {"status": "SENT"}, "sent_ts": 1758748359816, "arrival_ts": 1758748359853}
{"action": "recv", "src": "AU-N150", "dst": "NA-N42", "hlc": {"phys": 1758748386550, "cnt": 0, "node": "AU-N150"}, "package_id": "PKG48359", "payload": {"status": "IN_TRANSIT"}, "sent_ts": 1758748360050, "arrival_ts": 1758748360127}
{"action": "recv", "src": "AU-N150", "dst": "NA-N42", "hlc": {"phys": 1758748386829, "cnt": 0, "node": "AU-N150"}, "package_id": "PKG48359", "payload": {"status": "RECEIVED"}, "sent_ts": 1758748360329, "arrival_ts": 1758748360450}
{"action": "recv", "src": "AU-N150", "dst": "NA-N42", "hlc": {"phys": 1758748387170, "cnt": 0, "node": "AU-N150"}, "package_id": "PKG48359", "payload": {"status": "DELIVERED"}, "sent_ts": 1758748360670, "arrival_ts": 1758748360837}
{"action": "send", "src": "NA-N42", "dst": "AF-N5", "hlc": {"phys": 1758751660337, "cnt": 0, "node": "NA-N42"}, "package_id": "PKG51659", "payload": {"status": "CREATED"}, "sent_ts": 1758751659917, "arrival_ts": 1758751659917}
{"action": "send", "src": "NA-N42", "dst": "AF-N5", "hlc": {"phys": 1758751660710, "cnt": 0, "node": "NA-N42"}, "package_id": "PKG51659", "payload": {"status": "SENT"}, "sent_ts": 1758751660290, "arrival_ts": 1758751660290}
{"action": "send", "src": "NA-N42", "dst": "AF-N5", "hlc": {"phys": 1758751661036, "cnt": 0, "node": "NA-N42"}, "package_id": "PKG51659", "payload": {"status": "IN_TRANSIT"}, "sent_ts": 1758751660616, "arrival_ts": 1758751660616}
{"action": "send", "src": "NA-N42", "dst": "AF-N5", "hlc": {"phys": 1758751661254, "cnt": 0, "node": "NA-N42"}, "package_id": "PKG51659", "payload": {"status": "RECEIVED"}, "sent_ts": 1758751660834, "arrival_ts": 1758751660834}
{"action": "send", "src": "NA-N42", "dst": "AF-N5", "hlc": {"phys": 1758751661613, "cnt": 0, "node": "NA-N42"}, "package_id": "PKG51659", "payload": {"status": "DELIVERED"}, "sent_ts": 1758751661193, "arrival_ts": 1758751661193}
{"action": "recv", "src": "SA-N8", "dst": "NA-N42", "hlc": {"phys": 1758752242739, "cnt": 0, "node": "SA-N8"}, "package_id": "PKG52222", "payload": {"status": "CREATED"}, "sent_ts": 1758752222659, "arrival_ts": 1758752222827}
{"action": "recv", "src": "SA-N8", "dst": "NA-N42", "hlc": {"phys": 1758752243104, "cnt": 0, "node": "SA-N8"}, "package_id": "PKG52222", "payload": {"status": "SENT"}, "sent_ts": 1758752223024, "arrival_ts": 1758752223191}
{"action": "recv", "src": "SA-N8", "dst": "NA-N42", "hlc": {"phys": 1758752243484, "cnt": 0, "node": "SA-N8"}, "package_id": "PKG52222", "payload": {"status": "IN_TRANSIT"}, "sent_ts": 1758752223404, "arrival_ts": 1758752223453}
{"action": "recv", "src": "SA-N8", "dst": "NA-N42", "hlc": {"phys": 1758752243737, "cnt": 0, "node": "SA-N8"}, "package_id": "PKG52222", "payload": {"status": "RECEIVED"}, "sent_ts": 1758752223657, "arrival_ts": 1758752223717}
{"action": "recv", "src": "SA-N8", "dst": "NA-N42", "hlc": {"phys": 1758752243992, "cnt": 0, "node": "SA-N8"}, "package_id": "PKG52222", "payload": {"status": "DELIVERED"}, "sent_ts": 1758752223912, "arrival_ts": 1758752224056}
{"action": "recv", "src": "AN-N88", "dst": "NA-N42", "hlc": {"phys": 1758754093144, "cnt": 0, "node": "AN-N88"}, "package_id": "PKG54062", "payload": {"status": "CREATED"}, "sent_ts": 1758754062264, "arrival_ts": 1758754062416}
{"action": "recv", "src": "AN-N88", "dst": "NA-N42", "hlc": {"phys": 1758754093499, "cnt": 0, "node": "AN-N88"}, "package_id": "PKG54062", "payload": {"status": "SENT"}, "sent_ts": 1758754062619, "arrival_ts": 1758754062714}
{"action": "recv", "src": "AN-N88", "dst": "NA-N42", "hlc": {"phys": 1758754093796, "cnt": 0, "node": "AN-N88"}, "package_id": "PKG54062", "payload": {"status": "IN_TRANSIT"}, "sent_ts": 1758754062916, "arrival_ts": 1758754063008}
{"action": "recv", "src": "AN-N88", "dst": "NA-N42", "hlc": {"phys": 1758754094093, "cnt": 0, "node": "AN-N88"}, "package_id": "PKG54062", "payload": {"status": "RECEIVED"}, "sent_ts": 1758754063213, "arrival_ts": 1758754063383}
{"action": "recv", "src": "AN-N88", "dst": "NA-N42", "hlc": {"phys": 1758754094472, "cnt": 0, "node": "AN-N88"}, "package_id": "PKG54062", "payload": {"status": "DELIVERED"}, "sent_ts": 1758754063592, "arrival_ts": 1758754063649}
{"action": "recv", "src": "NA-N196", "dst": "NA-N42", "hlc": {"phys": 1758754302089, "cnt": 0, "node": "NA-N196"}, "package_id": "PKG54300", "payload": {"status": "CREATED"}, "sent_ts": 1758754300129, "arrival_ts": 1758754300204}
{"action": "recv", "src": "NA-N196", "dst": "NA-N42", "hlc": {"phys": 1758754302371, "cnt": 0, "node": "NA-N196"}, "package_id": "PKG54300", "payload": {"status": "SENT"}, "sent_ts": 1758754300411, "arrival_ts": 1758754300525}
{"action": "recv", "src": "NA-N196", "dst": "NA-N42", "hlc": {"phys": 1758754302690, "cnt": 0, "node": "NA-N196"}, "package_id": "PKG54300", "payload": {"status": "IN_TRANSIT"}, "sent_ts": 1758754300730, "arrival_ts": 1758754300896}
{"action": "recv", "src": "NA-N196", "dst": "NA-N42", "hlc": {"phys": 1758754303076, "cnt": 0, "node": "NA-N196"}, "package_id": "PKG54300", "payload": {"status": "RECEIVED"}, "sent_ts": 1758754301116, "arrival_ts": 1758754301274}
{"action": "recv", "src": "NA-N196", "dst": "NA-N42", "hlc": {"phys": 1758754303454, "cnt": 0, "node": "NA-N196"}, "package_id": "PKG54300", "payload": {"status": "DELIVERED"}, "sent_ts": 1758754301494, "arrival_ts": 1758754301633}
{"action": "recv", "src": "SA-N12", "dst": "NA-N42", "hlc": {"phys": 1758756580533, "cnt": 0, "node": "SA-N12"}, "package_id": "PKG56560", "payload": {"status": "CREATED"}, "sent_ts": 1758756560413, "arrival_ts": 1758756560504}
{"action": "recv", "src": "SA-N12", "dst": "NA-N42", "hlc": {"phys": 1758756580845, "cnt": 0, "node": "SA-N12"}, "package_id": "PKG56560", "payload": {"status": "SENT"}, "sent_ts": 1758756560725, "arrival_ts": 1758756560819}
{"action": "recv", "src": "SA-N12", "dst": "NA-N42", "hlc": {"phys": 1758756581141, "cnt": 0, "node": "SA-N12"}, "package_id": "PKG56560", "payload": {"status": "IN_TRANSIT"}, "sent_ts": 1758756561021, "arrival_ts": 1758756561182}
{"action": "recv", "src": "SA-N12", "dst": "NA-N42", "hlc": {"phys": 1758756581511, "cnt": 0, "node": "SA-N12"}, "package_id": "PKG56560", "payload": {"status": "RECEIVED"}, "sent_ts": 1758756561391, "arrival_ts": 1758756561539}
{"action": "recv", "src": "SA-N12", "dst": "NA-N42", "hlc": {"phys": 1758756581869, "cnt": 0, "node": "SA-N12"}, "package_id": "PKG56560", "payload": {"status": "DELIVERED"}, "sent_ts": 1758756561749, "arrival_ts": 1758756561924}
{"action": "recv", "src": "EU-N24", "dst": "NA-N42", "hlc": {"phys": 1758758322874, "cnt": 0, "node": "EU-N24"}, "package_id": "PKG58317", "payload": {"status": "CREATED"}, "sent_ts": 1758758317634, "arrival_ts": 1758758317732}
{"action": "recv", "src": "EU-N24", "dst": "NA-N42", "hlc": {"phys": 1758758323172, "cnt": 0, "node": "EU-N24"}, "package_id": "PKG58317", "payload": {"status": "SENT"}, "sent_ts": 1758758317932, "arrival_ts": 1758758318046}
{"action": "recv", "src": "EU-N24", "dst": "NA-N42", "hlc": {"phys": 1758758323498, "cnt": 0, "node": "EU-N24"}, "package_id": "PKG58317", "payload": {"status": "IN_TRANSIT"}, "sent_ts": 1758758318258, "arrival_ts": 1758758318349}
{"action": "recv", "src": "EU-N24", "dst": "NA-N42", "hlc": {"phys": 1758758323794, "cnt": 0, "node": "EU-N24"}, "package_id": "PKG58317", "payload": {"status": "RECEIVED"}, "sent_ts": 1758758318554, "arrival_ts": 1758758318581}
{"action": "recv", "src": "EU-N24", "dst": "NA-N42", "hlc": {"phys": 1758758324027, "cnt": 0, "node": "EU-N24"}, "package_id": "PKG58317", "payload": {"status": "DELIVERED"}, "sent_ts": 1758758318787, "arrival_ts": 1758758318917}
{"action": "send", "src": "NA-N42", "dst": "SA-N124", "hlc": {"phys": 1758760140030, "cnt": 0, "node": "NA-N42"}, "package_id": "PKG60139", "payload": {"status": "CREATED"}, "sent_ts": 1758760139610, "arrival_ts": 1758760139610}
{"action": "send", "src": "NA-N42", "dst": "SA-N124", "hlc": {"phys": 1758760140364, "cnt": 0, "node": "NA-N42"}, "package_id": "PKG60139", "payload": {"status": "SENT"}, "sent_ts": 1758760139944, "arrival_ts": 1758760139944}
{"action": "send", "src": "NA-N42", "dst": "SA-N124", "hlc": {"phys": 1758760140655, "cnt": 0, "node": "NA-N42"}, "package_id": "PKG60139", "payload": {"status": "IN_TRANSIT"}, "sent_ts": 1758760140235, "arrival_ts": 1758760140235}
{"action": "send", "src": "NA-N42", "dst": "SA-N124", "hlc": {"phys": 1758760140985, "cnt": 0, "node": "NA-N42"}, "package_id": "PKG60139", "payload": {"status": "RECEIVED"}, "sent_ts": 1758760140565, "arrival_ts": 1758760140565}
{"action": "send", "src": "NA-N42", "dst": "SA-N124", "hlc": {"phys": 1758760141386, "cnt": 0, "node": "NA-N42"}, "package_id": "PKG60139", "payload": {"status": "DELIVERED"}, "sent_ts": 1758760140966, "arrival_ts": 1758760140966}
{"action": "send", "src": "NA-N42", "dst": "EU-N122", "hlc": {"phys": 1758761346939, "cnt": 0, "node": "NA-N42"}, "package_id": "PKG61346", "payload": {"status": "CREATED"}, "sent_ts": 1758761346519, "arrival_ts": 1758761346519}
{"action": "send", "src": "NA-N42", "dst": "EU-N122", "hlc": {"phys": 1758761347169, "cnt": 0, "node": "NA-N42"}, "package_id": "PKG61346", "payload": {"status": "SENT"}, "sent_ts": 1758761346749, "arrival_ts": 1758761346749}
{"action": "send", "src": "NA-N42", "dst": "EU-N122", "hlc": {"phys": 1758761347451, "cnt": 0, "node": "NA-N42"}, "package_id": "PKG61346", "payload": {"status": "IN_TRANSIT"}, "sent_ts": 1758761347031, "arrival_ts": 1758761347031}
{"action": "send", "src": "NA-N42", "dst": "EU-N122", "hlc": {"phys": 1758761347668, "cnt": 0, "node": "NA-N42"}, "package_id": "PKG61346", "payload": {"status": "RECEIVED"}, "sent_ts": 1758761347248, "arrival_ts": 1758761347248}
{"action": "send", "src": "NA-N42", "dst": "EU-N122", "hlc": {"phys": 1758761347949, "cnt": 0, "node": "NA-N42"}, "package_id": "PKG61346", "payload": {"status": "DELIVERED"}, "sent_ts": 1758761347528, "arrival_ts": 1758761347529}
{"action": "recv", "src": "AN-N123", "dst": "NA-N42", "hlc": {"phys": 1758763563834, "cnt": 0, "node": "AN-N123"}, "package_id": "PKG63532", "payload": {"status": "CREATED"}, "sent_ts": 1758763532604, "arrival_ts": 1758763532738}
{"action": "recv", "src": "AN-N123", "dst": "NA-N42", "hlc": {"phys": 1758763564177, "cnt": 0, "node": "AN-N123"}, "package_id": "PKG63532", "payload": {"status": "SENT"}, "sent_ts": 1758763532947, "arrival_ts": 1758763533001}
{"action": "recv", "src": "AN-N123", "dst": "NA-N42", "hlc": {"phys": 1758763564440, "cnt": 0, "node": "AN-N123"}, "package_id": "PKG63532", "payload": {"status": "IN_TRANSIT"}, "sent_ts": 1758763533210, "arrival_ts": 1758763533411}
{"action": "recv", "src": "AN-N123", "dst": "NA-N42", "hlc": {"phys": 1758763564843, "cnt": 0, "node": "AN-N123"}, "package_id": "PKG63532", "payload": {"status": "RECEIVED"}, "sent_ts": 1758763533613, "arrival_ts": 1758763533683}
{"action": "recv", "src": "AN-N123", "dst": "NA-N42", "hlc": {"phys": 1758763565109, "cnt": 0, "node": "AN-N123"}, "package_id": "PKG63532", "payload": {"status": "DELIVERED"}, "sent_ts": 1758763533879, "arrival_ts": 1758763534008}
{"action": "recv", "src": "AF-N13", "dst": "NA-N42", "hlc": {"phys": 1758800441627, "cnt": 0, "node": "AF-N13"}, "package_id": "PKG426", "payload": {"status": "CREATED"}, "sent_ts": 1758800426496, "arrival_ts": 1758800426576}
{"action": "recv", "src": "AF-N13", "dst": "NA-N42", "hlc": {"phys": 1758800441923, "cnt": 0, "node": "AF-N13"}, "package_id": "PKG426", "payload": {"status": "SENT"}, "sent_ts": 1758800426793, "arrival_ts": 1758800426920}
{"action": "recv", "src": "AF-N13", "dst": "NA-N42", "hlc": {"phys": 1758800442264, "cnt": 0, "node": "AF-N13"}, "package_id": "PKG426", "payload": {"status": "IN_TRANSIT"}, "sent_ts": 1758800427134, "arrival_ts": 1758800427216}
{"action": "recv", "src": "AF-N13", "dst": "NA-N42", "hlc": {"phys": 1758800442561, "cnt": 0, "node": "AF-N13"}, "package_id": "PKG426", "payload": {"status": "RECEIVED"}, "sent_ts": 1758800427431, "arrival_ts": 1758800427542}
{"action": "recv", "src": "AF-N13", "dst": "NA-N42", "hlc": {"phys": 1758800442873, "cnt": 0, "node": "AF-N13"}, "package_id": "PKG426", "payload": {"status": "DELIVERED"}, "sent_ts": 1758800427743, "arrival_ts": 1758800427771}
{"action": "send", "src": "NA-N42", "dst": "AN-N29", "hlc": {"phys": 1758801162054, "cnt": 0, "node": "NA-N42"}, "package_id": "PKG1161", "payload": {"status": "CREATED"}, "sent_ts": 1758801161634, "arrival_ts": 1758801161634}
{"action": "send", "src": "NA-N42", "dst": "AN-N29", "hlc": {"phys": 1758801162455, "cnt": 0, "node": "NA-N42"}, "package_id": "PKG1161", "payload": {"status": "SENT"}, "sent_ts": 1758801162035, "arrival_ts": 1758801162035}
{"action": "send", "src": "NA-N42", "dst": "AN-N29", "hlc": {"phys": 1758801162684, "cnt": 0, "node": "NA-N42"}, "package_id": "PKG1161", "payload": {"status": "IN_TRANSIT"}, "sent_ts": 1758801162264, "arrival_ts": 1758801162264}
{"action": "send", "src": "NA-N42", "dst": "AN-N29", "hlc": {"phys": 1758801162946, "cnt": 0, "node": "NA-N42"}, "package_id": "PKG1161", "payload": {"status": "RECEIVED"}, "sent_ts": 1758801162526, "arrival_ts": 1758801162526}
{"action": "send", "src": "NA-N42", "dst": "AN-N29", "hlc": {"phys": 1758801163306, "cnt": 0, "node": "NA-N42"}, "package_id": "PKG1161", "payload": {"status": "DELIVERED"}, "sent_ts": 1758801162886, "arrival_ts": 1758801162886}
{"action": "send", "src": "NA-N42", "dst": "NA-N145", "hlc": {"phys": 1758802841726, "cnt": 0, "node": "NA-N42"}, "package_id": "PKG2841", "payload": {"status": "CREATED"}, "sent_ts": 1758802841306, "arrival_ts": 1758802841306}
{"action": "send", "src": "NA-N42", "dst": "NA-N145", "hlc": {"phys": 1758802842020, "cnt": 0, "node": "NA-N42"}, "package_id": "PKG2841", "payload": {"status": "SENT"}, "sent_ts": 1758802841600, "arrival_ts": 1758802841600}
{"action": "send", "src": "NA-N42", "dst": "NA-N145", "hlc": {"phys": 1758802842359, "cnt": 0, "node": "NA-N42"}, "package_id": "PKG2841", "payload": {"status": "IN_TRANSIT"}, "sent_ts": 1758802841939, "arrival_ts": 1758802841939}
{"action": "send", "src": "NA-N42", "dst": "NA-N145", "hlc": {"phys": 1758802842685, "cnt": 0, "node": "NA-N42"}, "package_id": "PKG2841", "payload": {"status": "RECEIVED"}, "sent_ts": 1758802842265, "arrival_ts": 1758802842265}
{"action": "send", "src": "NA-N42", "dst": "NA-N145", "hlc": {"phys": 1758802843023, "cnt": 0, "node": "NA-N42"}, "package_id": "PKG2841", "payload": {"status": "DELIVERED"}, "sent_ts": 1758802842603, "arrival_ts": 1758802842603}
{"action": "recv", "src": "NA-N40", "dst": "NA-N42", "hlc": {"phys": 1758803962723, "cnt": 0, "node": "NA-N40"}, "package_id": "PKG3962", "payload": {"status": "CREATED"}, "sent_ts": 1758803962323, "arrival_ts": 1758803962410}
{"action": "recv", "src": "NA-N40", "dst": "NA-N42", "hlc": {"phys": 1758803963020, "cnt": 0, "node": "NA-N40"}, "package_id": "PKG3962", "payload": {"status": "SENT"}, "sent_ts": 1758803962620, "arrival_ts": 1758803962807}
{"action": "recv", "src": "NA-N40", "dst": "NA-N42", "hlc": {"phys": 1758803963419, "cnt": 0, "node": "NA-N40"}, "package_id": "PKG3962", "payload": {"status": "IN_TRANSIT"}, "sent_ts": 1758803963019, "arrival_ts": 1758803963170}
{"action": "recv", "src": "NA-N40", "dst": "NA-N42", "hlc": {"phys": 1758803963775, "cnt": 0, "node": "NA-N40"}, "package_id": "PKG3962", "payload": {"status": "RECEIVED"}, "sent_ts": 1758803963375, "arrival_ts": 1758803963416}
{"action": "recv", "src": "NA-N40", "dst": "NA-N42", "hlc": {"phys": 1758803966640, "cnt": 0, "node": "NA-N40"}, "package_id": "PKG3962", "payload": {"status": "DELIVERED"}, "sent_ts": 1758803966240, "arrival_ts": 1758803966350}
{"action": "recv", "src": "AF-N187", "dst": "NA-N42", "hlc": {"phys": 1758810401250, "cnt": 0, "node": "AF-N187"}, "package_id": "PKG10384", "payload": {"status": "CREATED"}, "sent_ts": 1758810384380, "arrival_ts": 1758810384515}
{"action": "recv", "src": "AF-N187", "dst": "NA-N42", "hlc": {"phys": 1758810401604, "cnt": 0, "node": "AF-N187"}, "package_id": "PKG10384", "payload": {"status": "SENT"}, "sent_ts": 1758810384734, "arrival_ts": 1758810384767}
{"action": "recv", "src": "AF-N187", "dst": "NA-N42", "hlc": {"phys": 1758810401850, "cnt": 0, "node": "AF-N187"}, "package_id": "PKG10384", "payload": {"status": "IN_TRANSIT"}, "sent_ts": 1758810384980, "arrival_ts": 1758810385156}
{"action": "recv", "src": "AF-N187", "dst": "NA-N42", "hlc": {"phys": 1758810402240, "cnt": 0, "node": "AF-N187"}, "package_id": "PKG10384", "payload": {"status": "RECEIVED"}, "sent_ts": 1758810385370, "arrival_ts": 1758810385445}
{"action": "recv", "src": "AF-N187", "dst": "NA-N42", "hlc": {"phys": 1758810402521, "cnt": 0, "node": "AF-N187"}, "package_id": "PKG10384", "payload": {"status": "DELIVERED"}, "sent_ts": 1758810385651, "arrival_ts": 1758810385836}
{"action": "recv", "src": "AN-N80", "dst": "NA-N42", "hlc": {"phys": 1758812618714, "cnt": 0, "node": "AN-N80"}, "package_id": "PKG12587", "payload": {"status": "CREATED"}, "sent_ts": 1758812587914, "arrival_ts": 1758812587988}
{"action": "recv", "src": "AN-N80", "dst": "NA-N42", "hlc": {"phys": 1758812618994, "cnt": 0, "node": "AN-N80"}, "package_id": "PKG12587", "payload": {"status": "SENT"}, "sent_ts": 1758812588194, "arrival_ts": 1758812588212}
{"action": "recv", "src": "AN-N80", "dst": "NA-N42", "hlc": {"phys": 1758812619214, "cnt": 0, "node": "AN-N80"}, "package_id": "PKG12587", "payload": {"status": "IN_TRANSIT"}, "sent_ts": 1758812588414, "arrival_ts": 1758812588513}
{"action": "recv", "src": "AN-N80", "dst": "NA-N42", "hlc": {"phys": 1758812619522, "cnt": 0, "node": "AN-N80"}, "package_id": "PKG12587", "payload": {"status": "RECEIVED"}, "sent_ts": 1758812588722, "arrival_ts": 1758812588773}
{"action": "recv", "src": "AN-N80", "dst": "NA-N42", "hlc": {"phys": 1758812619770, "cnt": 0, "node": "AN-N80"}, "package_id": "PKG12587", "payload": {"status": "DELIVERED"}, "sent_ts": 1758812588970, "arrival_ts": 1758812589158}
{"action": "send", "src": "NA-N42", "dst": "AS-N154", "hlc": {"phys": 1758815891935, "cnt": 0, "node": "NA-N42"}, "package_id": "PKG15891", "payload": {"status": "CREATED"}, "sent_ts": 1758815891515, "arrival_ts": 1758815891515}
{"action": "send", "src": "NA-N42", "dst": "AS-N154", "hlc": {"phys": 1758815892259, "cnt": 0, "node": "NA-N42"}, "package_id": "PKG15891", "payload": {"status": "SENT"}, "sent_ts": 1758815891839, "arrival_ts": 1758815891839}
{"action": "send", "src": "NA-N42", "dst": "AS-N154", "hlc": {"phys": 1758815892538, "cnt": 0, "node": "NA-N42"}, "package_id": "PKG15891", "payload": {"status": "IN_TRANSIT"}, "sent_ts": 1758815892118, "arrival_ts": 1758815892118}
{"action": "send", "src": "NA-N42", "dst": "AS-N154", "hlc": {"phys": 1758815892880, "cnt": 0, "node": "NA-N42"}, "package_id": "PKG15891", "payload": {"status": "RECEIVED"}, "sent_ts": 1758815892460, "arrival_ts": 1758815892460}
{"action": "send", "src": "NA-N42", "dst": "AS-N154", "hlc": {"phys": 1758815893253, "cnt": 0, "node": "NA-N42"}, "package_id": "PKG15891", "payload": {"status": "DELIVERED"}, "sent_ts": 1758815892833, "arrival_ts": 1758815892833}
