{"action": "recv", "src": "AU-N172", "dst": "NA-N12", "hlc": {"phys": 1758713767623, "cnt": 0, "node": "AU-N172"}, "package_id": "PKG13740", "payload": {"status": "CREATED"}, "sent_ts": 1758713740903, "arrival_ts": 1758713740927}
{"action": "recv", "src": "AU-N172", "dst": "NA-N12", "hlc": {"phys": 1758713767867, "cnt": 0, "node": "AU-N172"}, "package_id": "PKG13740", "payload": {"status": "SENT"}, "sent_ts": 1758713741147, "arrival_ts": 1758713741312}
{"action": "recv", "src": "AU-N172", "dst": "NA-N12", "hlc": {"phys": 1758713768252, "cnt": 0, "node": "AU-N172"}, "package_id": "PKG13740", "payload": {"status": "IN_TRANSIT"}, "sent_ts": 1758713741532, "arrival_ts": 1758713741688}
{"action": "recv", "src": "AU-N172", "dst": "NA-N12", "hlc": {"phys": 1758713768617, "cnt": 0, "node": "AU-N172"}, "package_id": "PKG13740", "payload": {"status": "RECEIVED"}, "sent_ts": 1758713741897, "arrival_ts": 1758713741922}
{"action": "recv", "src": "AU-N172", "dst": "NA-N12", "hlc": {"phys": 1758713768852, "cnt": 0, "node": "AU-N172"}, "package_id": "PKG13740", "payload": {"status": "DELIVERED"}, "sent_ts": 1758713742132, "arrival_ts": 1758713742255}
{"action": "recv", "src": "NA-N179", "dst": "NA-N12", "hlc": {"phys": 1758719299236, "cnt": 0, "node": "NA-N179"}, "package_id": "PKG19297", "payload": {"status": "CREATED"}, "sent_ts": 1758719297446, "arrival_ts": 1758719297624}
{"action": "recv", "src": "NA-N179", "dst": "NA-N12", "hlc": {"phys": 1758719299623, "cnt": 0, "node": "NA-N179"}, "package_id": "PKG19297", "payload": {"status": "SENT"}, "sent_ts": 1758719297833, "arrival_ts": 1758719298009}
{"action": "recv", "src": "NA-N179", "dst": "NA-N12", "hlc": {"phys": 1758719300003, "cnt": 0, "node": "NA-N179"}, "package_id": "PKG19297", "payload": {"status": "IN_TRANSIT"}, "sent_ts": 1758719298213, "arrival_ts": 1758719298411}
{"action": "recv", "src": "NA-N179", "dst": "NA-N12", "hlc": {"phys": 1758719300415, "cnt": 0, "node": "NA-N179"}, "package_id": "PKG19297", "payload": {"status": "RECEIVED"}, "sent_ts": 1758719298625, "arrival_ts": 1758719298674}
{"action": "recv", "src": "NA-N179", "dst": "NA-N12", "hlc": {"phys": 1758719300669, "cnt": 0, "node": "NA-N179"}, "package_id": "PKG19297", "payload": {"status": "DELIVERED"}, "sent_ts": 1758719298879, "arrival_ts": 1758719298972}
{"action": "send", "src": "NA-N12", "dst": "AN-N60", "hlc": {"phys": 1758739284097, "cnt": 0, "node": "NA-N12"}, "package_id": "PKG39283", "payload": {"status": "CREATED"}, "sent_ts": 1758739283977, "arrival_ts": 1758739283977}
{"action": "send", "src": "NA-N12", "dst": "AN-N60", "hlc": {"phys": 1758739284353, "cnt": 0, "node": "NA-N12"}, "package_id": "PKG39283", "payload": {"status": "SENT"}, "sent_ts": 1758739284233, "arrival_ts": 1758739284233}
{"action": "send", "src": "NA-N12", "dst": "AN-N60", "hlc": {"phys": 1758739284674, "cnt": 0, "node": "NA-N12"}, "package_id": "PKG39283", "payload": {"status": "IN_TRANSIT"}, "sent_ts": 1758739284554, "arrival_ts": 1758739284554}
{"action": "send", "src": "NA-N12", "dst": "AN-N60", "hlc": {"phys": 1758739285002, "cnt": 0, "node": "NA-N12"}, "package_id": "PKG39283", "payload": {"status": "RECEIVED"}, "sent_ts": 1758739284882, "arrival_ts": 1758739284882}
{"action": "send", "src": "NA-N12", "dst": "AN-N60", "hlc": {"phys": 1758739285240, "cnt": 0, "node": "NA-N12"}, "package_id": "PKG39283", "payload": {"status": "DELIVERED"}, "sent_ts": 1758739285120, "arrival_ts": 1758739285120}
{"action": "recv", "src": "AU-N139", "dst": "NA-N12", "hlc": {"phys": 1758741203765, "cnt": 0, "node": "AU-N139"}, "package_id": "PKG41177", "payload": {"status": "CREATED"}, "sent_ts": 1758741177375, "arrival_ts": 1758741177521}
{"action": "recv", "src": "AU-N139", "dst": "NA-N12", "hlc": {"phys": 1758741204131, "cnt": 0, "node": "AU-N139"}, "package_id": "PKG41177", "payload": {"status": "SENT"}, "sent_ts": 1758741177741, "arrival_ts": 1758741177785}
{"action": "recv", "src": "AU-N139", "dst": "NA-N12", "hlc": {"phys": 1758741204380, "cnt": 0, "node": "AU-N139"}, "package_id": "PKG41177", "payload": {"status": "IN_TRANSIT"}, "sent_ts": 1758741177990, "arrival_ts": 1758741178126}
{"action": "recv", "src": "AU-N139", "dst": "NA-N12", "hlc": {"phys": 1758741204717, "cnt": 0, "node": "AU-N139"}, "package_id": "PKG41177", "payload": {"status": "RECEIVED"}, "sent_ts": 1758741178327, "arrival_ts": 1758741178416}
{"action": "recv", "src": "AU-N139", "dst": "NA-N12", "hlc": {"phys": 1758741204998, "cnt": 0, "node": "AU-N139"}, "package_id": "PKG41177", "payload": {"status": "DELIVERED"}, "sent_ts": 1758741178608, "arrival_ts": 1758741178754}
{"action": "recv", "src": "AN-N156", "dst": "NA-N12", "hlc": {"phys": 1758741389330, "cnt": 0, "node": "AN-N156"}, "package_id": "PKG41357", "payload": {"status": "CREATED"}, "sent_ts": 1758741357770, "arrival_ts": 1758741357953}
{"action": "recv", "src": "AN-N156", "dst": "NA-N12", "hlc": {"phys": 1758741389733, "cnt": 0, "node": "AN-N156"}, "package_id": "PKG41357", "payload": {"status": "SENT"}, "sent_ts": 1758741358173, "arrival_ts": 1758741358265}
{"action": "recv", "src": "AN-N156", "dst": "NA-N12", "hlc": {"phys": 1758741390042, "cnt": 0, "node": "AN-N156"}, "package_id": "PKG41357", "payload": {"status": "IN_TRANSIT"}, "sent_ts": 1758741358482, "arrival_ts": 1758741358681}
{"action": "recv", "src": "AN-N156", "dst": "NA-N12", "hlc": {"phys": 1758741390442, "cnt": 0, "node": "AN-N156"}, "package_id": "PKG41357", "payload": {"status": "RECEIVED"}, "sent_ts": 1758741358882, "arrival_ts": 1758741358931}
{"action": "recv", "src": "AN-N156", "dst": "NA-N12", "hlc": {"phys": 1758741390688, "cnt": 0, "node": "AN-N156"}, "package_id": "PKG41357", "payload": {"status": "DELIVERED"}, "sent_ts": 1758741359128, "arrival_ts": 1758741359231}
{"action": "recv", "src": "EU-N122", "dst": "NA-N12", "hlc": {"phys": 1758741671859, "cnt": 0, "node": "EU-N122"}, "package_id": "PKG41665", "payload": {"status": "CREATED"}, "sent_ts": 1758741665639, "arrival_ts": 1758741665792}
{"action": "recv", "src": "EU-N122", "dst": "NA-N12", "hlc": {"phys": 1758741672231, "cnt": 0, "node": "EU-N122"}, "package_id": "PKG41665", "payload": {"status": "SENT"}, "sent_ts": 1758741666011, "arrival_ts": 1758741666161}
{"action": "recv", "src": "EU-N122", "dst": "NA-N12", "hlc": {"phys": 1758741672595, "cnt": 0, "node": "EU-N122"}, "package_id": "PKG41665", "payload": {"status": "IN_TRANSIT"}, "sent_ts": 1758741666375, "arrival_ts": 1758741666425}
{"action": "recv", "src": "EU-N122", "dst": "NA-N12", "hlc": {"phys": 1758741672846, "cnt": 0, "node": "EU-N122"}, "package_id": "PKG41665", "payload": {"status": "RECEIVED"}, "sent_ts": 1758741666626, "arrival_ts": 1758741666724}
{"action": "recv", "src": "EU-N122", "dst": "NA-N12", "hlc": {"phys": 1758741673139, "cnt": 0, "node": "EU-N122"}, "package_id": "PKG41665", "payload": {"status": "DELIVERED"}, "sent_ts": 1758741666919, "arrival_ts": 1758741666999}
{"action": "recv", "src": "NA-N61", "dst": "NA-N12", "hlc": {"phys": 1758742409872, "cnt": 0, "node": "NA-N61"}, "package_id": "PKG42409", "payload": {"status": "CREATED"}, "sent_ts": 1758742409262, "arrival_ts": 1758742409446}
{"action": "recv", "src": "NA-N61", "dst": "NA-N12", "hlc": {"phys": 1758742410258, "cnt": 0, "node": "NA-N61"}, "package_id": "PKG42409", "payload": {"status": "SENT"}, "sent_ts": 1758742409648, "arrival_ts": 1758742409808}
{"action": "recv", "src": "NA-N61", "dst": "NA-N12", "hlc": {"phys": 1758742410611, "cnt": 0, "node": "NA-N61"}, "package_id": "PKG42409", "payload": {"status": "IN_TRANSIT"}, "sent_ts": 1758742410001, "arrival_ts": 1758742410197}
{"action": "recv", "src": "NA-N61", "dst": "NA-N12", "hlc": {"phys": 1758742411011, "cnt": 0, "node": "NA-N61"}, "package_id": "PKG42409", "payload": {"status": "RECEIVED"}, "sent_ts": 1758742410401, "arrival_ts": 1758742410487}
{"action": "recv", "src": "NA-N61", "dst": "NA-N12", "hlc": {"phys": 1758742411302, "cnt": 0, "node": "NA-N61"}, "package_id": "PKG42409", "payload": {"status": "DELIVERED"}, "sent_ts": 1758742410692, "arrival_ts": 1758742410836}
{"action": "send", "src": "NA-N12", "dst": "AN-N111", "hlc": {"phys": 1758743470383, "cnt": 0, "node": "NA-N12"}, "package_id": "PKG43470", "payload": {"status": "CREATED"}, "sent_ts": 1758743470263, "arrival_ts": 1758743470263}
{"action": "send", "src": "NA-N12", "dst": "AN-N111", "hlc": {"phys": 1758743470724, "cnt": 0, "node": "NA-N12"}, "package_id": "PKG43470", "payload": {"status": "SENT"}, "sent_ts": 1758743470604, "arrival_ts": 1758743470604}
{"action": "send", "src": "NA-N12", "dst": "AN-N111", "hlc": {"phys": 1758743471126, "cnt": 0, "node": "NA-N12"}, "package_id": "PKG43470", "payload": {"status": "IN_TRANSIT"}, "sent_ts": 1758743471006, "arrival_ts": 1758743471006}
{"action": "send", "src": "NA-N12", "dst": "AN-N111", "hlc": {"phys": 1758743471515, "cnt": 0, "node": "NA-N12"}, "package_id": "PKG43470", "payload": {"status": "RECEIVED"}, "sent_ts": 1758743471395, "arrival_ts": 1758743471395}
{"action": "send", "src": "NA-N12", "dst": "AN-N111", "hlc": {"phys": 1758743471869, "cnt": 0, "node": "NA-N12"}, "package_id": "PKG43470", "payload": {"status": "DELIVERED"}, "sent_ts": 1758743471749, "arrival_ts": 1758743471749}
{"action": "recv", "src": "AN-N178", "dst": "NA-N12", "hlc": {"phys": 1758744531854, "cnt": 0, "node": "AN-N178"}, "package_id": "PKG44500", "payload": {"status": "CREATED"}, "sent_ts": 1758744500074, "arrival_ts": 1758744500269}
{"action": "recv", "src": "AN-N178", "dst": "NA-N12", "hlc": {"phys": 1758744532247, "cnt": 0, "node": "AN-N178"}, "package_id": "PKG44500", "payload": {"status": "SENT"}, "sent_ts": 1758744500467, "arrival_ts": 1758744500566}
{"action": "recv", "src": "AN-N178", "dst": "NA-N12", "hlc": {"phys": 1758744532553, "cnt": 0, "node": "AN-N178"}, "package_id": "PKG44500", "payload": {"status": "IN_TRANSIT"}, "sent_ts": 1758744500773, "arrival_ts": 1758744500905}
{"action": "recv", "src": "AN-N178", "dst": "NA-N12", "hlc": {"phys": 1758744532900, "cnt": 0, "node": "AN-N178"}, "package_id": "PKG44500", "payload": {"status": "RECEIVED"}, "sent_ts": 1758744501120, "arrival_ts": 1758744501222}
{"action": "recv", "src": "AN-N178", "dst": "NA-N12", "hlc": {"phys": 1758744533206, "cnt": 0, "node": "AN-N178"}, "package_id": "PKG44500", "payload": {"status": "DELIVERED"}, "sent_ts": 1758744501426, "arrival_ts": 1758744501563}
{"action": "send", "src": "NA-N12", "dst": "AF-N171", "hlc": {"phys": 1758744842000, "cnt": 0, "node": "NA-N12"}, "package_id": "PKG44841", "payload": {"status": "CREATED"}, "sent_ts": 1758744841880, "arrival_ts": 1758744841880}
{"action": "send", "src": "NA-N12", "dst": "AF-N171", "hlc": {"phys": 1758744842390, "cnt": 0, "node": "NA-N12"}, "package_id": "PKG44841", "payload": {"status": "SENT"}, "sent_ts": 1758744842270, "arrival_ts": 1758744842270}
{"action": "send", "src": "NA-N12", "dst": "AF-N171", "hlc": {"phys": 1758744842678, "cnt": 0, "node": "NA-N12"}, "package_id": "PKG44841", "payload": {"status": "IN_TRANSIT"}, "sent_ts": 1758744842558, "arrival_ts": 1758744842558}
{"action": "send", "src": "NA-N12", "dst": "AF-N171", "hlc": {"phys": 1758744843071, "cnt": 0, "node": "NA-N12"}, "package_id": "PKG44841", "payload": {"status": "RECEIVED"}, "sent_ts": 1758744842951, "arrival_ts": 1758744842951}
{"action": "send", "src": "NA-N12", "dst": "AF-N171", "hlc": {"phys": 1758744843315, "cnt": 0, "node": "NA-N12"}, "package_id": "PKG44841", "payload": {"status": "DELIVERED"}, "sent_ts": 1758744843195, "arrival_ts": 1758744843195}
{"action": "recv", "src": "AF-N102", "dst": "NA-N12", "hlc": {"phys": 1758745543390, "cnt": 0, "node": "AF-N102"}, "package_id": "PKG45527", "payload": {"status": "CREATED"}, "sent_ts": 1758745527370, "arrival_ts": 1758745527426}
{"action": "recv", "src": "AF-N102", "dst": "NA-N12", "hlc": {"phys": 1758745543654, "cnt": 0, "node": "AF-N102"}, "package_id": "PKG45527", "payload": {"status": "SENT"}, "sent_ts": 1758745527634, "arrival_ts": 1758745527655}
{"action": "recv", "src": "AF-N102", "dst": "NA-N12", "hlc": {"phys": 1758745543887, "cnt": 0, "node": "AF-N102"}, "package_id": "PKG45527", "payload": {"status": "IN_TRANSIT"}, "sent_ts": 1758745527867, "arrival_ts": 1758745528044}
{"action": "recv", "src": "AF-N102", "dst": "NA-N12", "hlc": {"phys": 1758745544274, "cnt": 0, "node": "AF-N102"}, "package_id": "PKG45527", "payload": {"status": "RECEIVED"}, "sent_ts": 1758745528254, "arrival_ts": 1758745528450}
{"action": "recv", "src": "AF-N102", "dst": "NA-N12", "hlc": {"phys": 1758745544691, "cnt": 0, "node": "AF-N102"}, "package_id": "PKG45527", "payload": {"status": "DELIVERED"}, "sent_ts": 1758745528671, "arrival_ts": 1758745528737}
{"action": "send", "src": "NA-N12", "dst": "SA-N86", "hlc": {"phys": 1758745665832, "cnt": 0, "node": "NA-N12"}, "package_id": "PKG45665", "payload": {"status": "CREATED"}, "sent_ts": 1758745665712, "arrival_ts": 1758745665712}
{"action": "send", "src": "NA-N12", "dst": "SA-N86", "hlc": {"phys": 1758745666221, "cnt": 0, "node": "NA-N12"}, "package_id": "PKG45665", "payload": {"status": "SENT"}, "sent_ts": 1758745666101, "arrival_ts": 1758745666101}
{"action": "send", "src": "NA-N12", "dst": "SA-N86", "hlc": {"phys": 1758745666578, "cnt": 0, "node": "NA-N12"}, "package_id": "PKG45665", "payload": {"status": "IN_TRANSIT"}, "sent_ts": 1758745666458, "arrival_ts": 1758745666458}
{"action": "send", "src": "NA-N12", "dst": "SA-N86", "hlc": {"phys": 1758745666887, "cnt": 0, "node": "NA-N12"}, "package_id": "PKG45665", "payload": {"status": "RECEIVED"}, "sent_ts": 1758745666767, "arrival_ts": 1758745666767}
{"action": "send", "src": "NA-N12", "dst": "SA-N86", "hlc": {"phys": 1758745667242, "cnt": 0, "node": "NA-N12"}, "package_id": "PKG45665", "payload": {"status": "DELIVERED"}, "sent_ts": 1758745667122, "arrival_ts": 1758745667122}
{"action": "recv", "src": "AU-N3", "dst": "NA-N12", "hlc": {"phys": 1758746584151, "cnt": 0, "node": "AU-N3"}, "package_id": "PKG46559", "payload": {"status": "CREATED"}, "sent_ts": 1758746559121, "arrival_ts": 1758746559313}
{"action": "recv", "src": "AU-N3", "dst": "NA-N12", "hlc": {"phys": 1758746584557, "cnt": 0, "node": "AU-N3"}, "package_id": "PKG46559", "payload": {"status": "SENT"}, "sent_ts": 1758746559527, "arrival_ts": 1758746559603}
{"action": "recv", "src": "AU-N3", "dst": "NA-N12", "hlc": {"phys": 1758746584838, "cnt": 0, "node": "AU-N3"}, "package_id": "PKG46559", "payload": {"status": "IN_TRANSIT"}, "sent_ts": 1758746559808, "arrival_ts": 1758746559941}
{"action": "recv", "src": "AU-N3", "dst": "NA-N12", "hlc": {"phys": 1758746585189, "cnt": 0, "node": "AU-N3"}, "package_id": "PKG46559", "payload": {"status": "RECEIVED"}, "sent_ts": 1758746560159, "arrival_ts": 1758746560193}
{"action": "recv", "src": "AU-N3", "dst": "NA-N12", "hlc": {"phys": 1758746585425, "cnt": 0, "node": "AU-N3"}, "package_id": "PKG46559", "payload": {"status": "DELIVERED"}, "sent_ts": 1758746560395, "arrival_ts": 1758746560539}
{"action": "send", "src": "NA-N12", "dst": "SA-N16", "hlc": {"phys": 1758746601338, "cnt": 0, "node": "NA-N12"}, "package_id": "PKG46601", "payload": {"status": "CREATED"}, "sent_ts": 1758746601218, "arrival_ts": 1758746601218}
{"action": "send", "src": "NA-N12", "dst": "SA-N16", "hlc": {"phys": 1758746601630, "cnt": 0, "node": "NA-N12"}, "package_id": "PKG46601", "payload": {"status": "SENT"}, "sent_ts": 1758746601510, "arrival_ts": 1758746601510}
{"action": "send", "src": "NA-N12", "dst": "SA-N16", "hlc": {"phys": 1758746601923, "cnt": 0, "node": "NA-N12"}, "package_id": "PKG46601", "payload": {"status": "IN_TRANSIT"}, "sent_ts": 1758746601803, "arrival_ts": 1758746601803}
{"action": "send", "src": "NA-N12", "dst": "SA-N16", "hlc": {"phys": 1758746602245, "cnt": 0, "node": "NA-N12"}, "package_id": "PKG46601", "payload": {"status": "RECEIVED"}, "sent_ts": 1758746602125, "arrival_ts": 1758746602125}
{"action": "send", "src": "NA-N12", "dst": "SA-N16", "hlc": {"phys": 1758746602645, "cnt": 0, "node": "NA-N12"}, "package_id": "PKG46601", "payload": {"status": "DELIVERED"}, "sent_ts": 1758746602525, "arrival_ts": 1758746602525}
{"action": "send", "src": "NA-N12", "dst": "EU-N75", "hlc": {"phys": 1758746660200, "cnt": 0, "node": "NA-N12"}, "package_id": "PKG46660", "payload": {"status": "CREATED"}, "sent_ts": 1758746660080, "arrival_ts": 1758746660080}
{"action": "send", "src": "NA-N12", "dst": "EU-N75", "hlc": {"phys": 1758746660574, "cnt": 0, "node": "NA-N12"}, "package_id": "PKG46660", "payload": {"status": "SENT"}, "sent_ts": 1758746660454, "arrival_ts": 1758746660454}
{"action": "send", "src": "NA-N12", "dst": "EU-N75", "hlc": {"phys": 1758746660869, "cnt": 0, "node": "NA-N12"}, "package_id": "PKG46660", "payload": {"status": "IN_TRANSIT"}, "sent_ts": 1758746660749, "arrival_ts": 1758746660749}
{"action": "send", "src": "NA-N12", "dst": "EU-N75", "hlc": {"phys": 1758746661255, "cnt": 0, "node": "NA-N12"}, "package_id": "PKG46660", "payload": {"status": "RECEIVED"}, "sent_ts": 1758746661135, "arrival_ts": 1758746661135}
{"action": "send", "src": "NA-N12", "dst": "EU-N75", "hlc": {"phys": 1758746661644, "cnt": 0, "node": "NA-N12"}, "package_id": "PKG46660", "payload": {"status": "DELIVERED"}, "sent_ts": 1758746661524, "arrival_ts": 1758746661524}
{"action": "recv", "src": "SA-N111", "dst": "NA-N12", "hlc": {"phys": 1758746921233, "cnt": 0, "node": "SA-N111"}, "package_id": "PKG46900", "payload": {"status": "CREATED"}, "sent_ts": 1758746900123, "arrival_ts": 1758746900269}
{"action": "recv", "src": "SA-N111", "dst": "NA-N12", "hlc": {"phys": 1758746921590, "cnt": 0, "node": "SA-N111"}, "package_id": "PKG46900", "payload": {"status": "SENT"}, "sent_ts": 1758746900480, "arrival_ts": 1758746900520}
{"action": "recv", "src": "SA-N111", "dst": "NA-N12", "hlc": {"phys": 1758746921838, "cnt": 0, "node": "SA-N111"}, "package_id": "PKG46900", "payload": {"status": "IN_TRANSIT"}, "sent_ts": 1758746900728, "arrival_ts": 1758746900863}
{"action": "recv", "src": "SA-N111", "dst": "NA-N12", "hlc": {"phys": 1758746922225, "cnt": 0, "node": "SA-N111"}, "package_id": "PKG46900", "payload": {"status": "RECEIVED"}, "sent_ts": 1758746901115, "arrival_ts": 1758746901252}
{"action": "recv", "src": "SA-N111", "dst": "NA-N12", "hlc": {"phys": 1758746922620, "cnt": 0, "node": "SA-N111"}, "package_id": "PKG46900", "payload": {"status": "DELIVERED"}, "sent_ts": 1758746901510, "arrival_ts": 1758746901651}
{"action": "recv", "src": "SA-N142", "dst": "NA-N12", "hlc": {"phys": 1758748912757, "cnt": 0, "node": "SA-N142"}, "package_id": "PKG48891", "payload": {"status": "CREATED"}, "sent_ts": 1758748891337, "arrival_ts": 1758748891382}
{"action": "recv", "src": "SA-N142", "dst": "NA-N12", "hlc": {"phys": 1758748913003, "cnt": 0, "node": "SA-N142"}, "package_id": "PKG48891", "payload": {"status": "SENT"}, "sent_ts": 1758748891583, "arrival_ts": 1758748891657}
{"action": "recv", "src": "SA-N142", "dst": "NA-N12", "hlc": {"phys": 1758748913280, "cnt": 0, "node": "SA-N142"}, "package_id": "PKG48891", "payload": {"status": "IN_TRANSIT"}, "sent_ts": 1758748891860, "arrival_ts": 1758748891964}
{"action": "recv", "src": "SA-N142", "dst": "NA-N12", "hlc": {"phys": 1758748913596, "cnt": 0, "node": "SA-N142"}, "package_id": "PKG48891", "payload": {"status": "RECEIVED"}, "sent_ts": 1758748892176, "arrival_ts": 1758748892331}
{"action": "recv", "src": "SA-N142", "dst": "NA-N12", "hlc": {"phys": 1758748913965, "cnt": 0, "node": "SA-N142"}, "package_id": "PKG48891", "payload": {"status": "DELIVERED"}, "sent_ts": 1758748892545, "arrival_ts": 1758748892657}
{"action": "recv", "src": "AF-N173", "dst": "NA-N12", "hlc": {"phys": 1758749092492, "cnt": 0, "node": "AF-N173"}, "package_id": "PKG49075", "payload": {"status": "CREATED"}, "sent_ts": 1758749075762, "arrival_ts": 1758749075918}
{"action": "recv", "src": "AF-N173", "dst": "NA-N12", "hlc": {"phys": 1758749092867, "cnt": 0, "node": "AF-N173"}, "package_id": "PKG49075", "payload": {"status": "SENT"}, "sent_ts": 1758749076137, "arrival_ts": 1758749076170}
{"action": "recv", "src": "AF-N173", "dst": "NA-N12", "hlc": {"phys": 1758749093114, "cnt": 0, "node": "AF-N173"}, "package_id": "PKG49075", "payload": {"status": "IN_TRANSIT"}, "sent_ts": 1758749076384, "arrival_ts": 1758749076441}
{"action": "recv", "src": "AF-N173", "dst": "NA-N12", "hlc": {"phys": 1758749093378, "cnt": 0, "node": "AF-N173"}, "package_id": "PKG49075", "payload": {"status": "RECEIVED"}, "sent_ts": 1758749076648, "arrival_ts": 1758749076687}
{"action": "recv", "src": "AF-N173", "dst": "NA-N12", "hlc": {"phys": 1758749093626, "cnt": 0, "node": "AF-N173"}, "package_id": "PKG49075", "payload": {"status": "DELIVERED"}, "sent_ts": 1758749076896, "arrival_ts": 1758749077029}
{"action": "recv", "src": "AF-N102", "dst": "NA-N12", "hlc": {"phys": 1758753099486, "cnt": 0, "node": "AF-N102"}, "package_id": "PKG53083", "payload": {"status": "CREATED"}, "sent_ts": 1758753083466, "arrival_ts": 1758753083657}
{"action": "recv", "src": "AF-N102", "dst": "NA-N12", "hlc": {"phys": 1758753099893, "cnt": 0, "node": "AF-N102"}, "package_id": "PKG53083", "payload": {"status": "SENT"}, "sent_ts": 1758753083873, "arrival_ts": 1758753084069}
{"action": "recv", "src": "AF-N102", "dst": "NA-N12", "hlc": {"phys": 1758753100312, "cnt": 0, "node": "AF-N102"}, "package_id": "PKG53083", "payload": {"status": "IN_TRANSIT"}, "sent_ts": 1758753084292, "arrival_ts": 1758753084403}
{"action": "recv", "src": "AF-N102", "dst": "NA-N12", "hlc": {"phys": 1758753100627, "cnt": 0, "node": "AF-N102"}, "package_id": "PKG53083", "payload": {"status": "RECEIVED"}, "sent_ts": 1758753084607, "arrival_ts": 1758753084727}
{"action": "recv", "src": "AF-N102", "dst": "NA-N12", "hlc": {"phys": 1758753100962, "cnt": 0, "node": "AF-N102"}, "package_id": "PKG53083", "payload": {"status": "DELIVERED"}, "sent_ts": 1758753084942, "arrival_ts": 1758753085025}
{"action": "send", "src": "NA-N12", "dst": "AN-N148", "hlc": {"phys": 1758756930384, "cnt": 0, "node": "NA-N12"}, "package_id": "PKG56930", "payload": {"status": "CREATED"}, "sent_ts": 1758756930264, "arrival_ts": 1758756930264}
{"action": "send", "src": "NA-N12", "dst": "AN-N148", "hlc": {"phys": 1758756930689, "cnt": 0, "node": "NA-N12"}, "package_id": "PKG56930", "payload": {"status": "SENT"}, "sent_ts": 1758756930569, "arrival_ts": 1758756930569}
{"action": "send", "src": "NA-N12", "dst": "AN-N148", "hlc": {"phys": 1758756930956, "cnt": 0, "node": "NA-N12"}, "package_id": "PKG56930", "payload": {"status": "IN_TRANSIT"}, "sent_ts": 1758756930836, "arrival_ts": 1758756930836}
{"action": "send", "src": "NA-N12", "dst": "AN-N148", "hlc": {"phys": 1758756931235, "cnt": 0, "node": "NA-N12"}, "package_id": "PKG56930", "payload": {"status": "RECEIVED"}, "sent_ts": 1758756931115, "arrival_ts": 1758756931115}
{"action": "send", "src": "NA-N12", "dst": "AN-N148", "hlc": {"phys": 1758756931513, "cnt": 0, "node": "NA-N12"}, "package_id": "PKG56930", "payload": {"status": "DELIVERED"}, "sent_ts": 1758756931393, "arrival_ts": 1758756931393}
{"action": "recv", "src": "AN-N181", "dst": "NA-N12", "hlc": {"phys": 1758758056298, "cnt": 0, "node": "AN-N181"}, "package_id": "PKG58024", "payload": {"status": "CREATED"}, "sent_ts": 1758758024488, "arrival_ts": 1758758024621}
{"action": "recv", "src": "AN-N181", "dst": "NA-N12", "hlc": {"phys": 1758758056623, "cnt": 0, "node": "AN-N181"}, "package_id": "PKG58024", "payload": {"status": "SENT"}, "sent_ts": 1758758024813, "arrival_ts": 1758758024990}
{"action": "recv", "src": "AN-N181", "dst": "NA-N12", "hlc": {"phys": 1758758057011, "cnt": 0, "node": "AN-N181"}, "package_id": "PKG58024", "payload": {"status": "IN_TRANSIT"}, "sent_ts": 1758758025201, "arrival_ts": 1758758025248}
{"action": "recv", "src": "AN-N181", "dst": "NA-N12", "hlc": {"phys": 1758758057275, "cnt": 0, "node": "AN-N181"}, "package_id": "PKG58024", "payload": {"status": "RECEIVED"}, "sent_ts": 1758758025465, "arrival_ts": 1758758025530}
{"action": "recv", "src": "AN-N181", "dst": "NA-N12", "hlc": {"phys": 1758758057538, "cnt": 0, "node": "AN-N181"}, "package_id": "PKG58024", "payload": {"status": "DELIVERED"}, "sent_ts": 1758758025728, "arrival_ts": 1758758025819}
{"action": "recv", "src": "AU-N120", "dst": "NA-N12", "hlc": {"phys": 1758758145774, "cnt": 0, "node": "AU-N120"}, "package_id": "PKG58119", "payload": {"status": "CREATED"}, "sent_ts": 1758758119574, "arrival_ts": 1758758119654}
{"action": "recv", "src": "AU-N120", "dst": "NA-N12", "hlc": {"phys": 1758758146055, "cnt": 0, "node": "AU-N120"}, "package_id": "PKG58119", "payload": {"status": "SENT"}, "sent_ts": 1758758119855, "arrival_ts": 1758758119933}
{"action": "recv", "src": "AU-N120", "dst": "NA-N12", "hlc": {"phys": 1758758146338, "cnt": 0, "node": "AU-N120"}, "package_id": "PKG58119", "payload": {"status": "IN_TRANSIT"}, "sent_ts": 1758758120138, "arrival_ts": 1758758120208}
{"action": "recv", "src": "AU-N120", "dst": "NA-N12", "hlc": {"phys": 1758758146625, "cnt": 0, "node": "AU-N120"}, "package_id": "PKG58119", "payload": {"status": "RECEIVED"}, "sent_ts": 1758758120425, "arrival_ts": 1758758120502}
{"action": "recv", "src": "AU-N120", "dst": "NA-N12", "hlc": {"phys": 1758758146913, "cnt": 0, "node": "AU-N120"}, "package_id": "PKG58119", "payload": {"status": "DELIVERED"}, "sent_ts": 1758758120713, "arrival_ts": 1758758120846}
{"action": "recv", "src": "AS-N9", "dst": "NA-N12", "hlc": {"phys": 1758760999449, "cnt": 0, "node": "AS-N9"}, "package_id": "PKG60989", "payload": {"status": "CREATED"}, "sent_ts": 1758760989359, "arrival_ts": 1758760989388}
{"action": "recv", "src": "AS-N9", "dst": "NA-N12", "hlc": {"phys": 1758760999682, "cnt": 0, "node": "AS-N9"}, "package_id": "PKG60989", "payload": {"status": "SENT"}, "sent_ts": 1758760989592, "arrival_ts": 1758760989614}
{"action": "recv", "src": "AS-N9", "dst": "NA-N12", "hlc": {"phys": 1758760999909, "cnt": 0, "node": "AS-N9"}, "package_id": "PKG60989", "payload": {"status": "IN_TRANSIT"}, "sent_ts": 1758760989819, "arrival_ts": 1758760989981}
{"action": "recv", "src": "AS-N9", "dst": "NA-N12", "hlc": {"phys": 1758761000281, "cnt": 0, "node": "AS-N9"}, "package_id": "PKG60989", "payload": {"status": "RECEIVED"}, "sent_ts": 1758760990191, "arrival_ts": 1758760990230}
{"action": "recv", "src": "AS-N9", "dst": "NA-N12", "hlc": {"phys": 1758761000534, "cnt": 0, "node": "AS-N9"}, "package_id": "PKG60989", "payload": {"status": "DELIVERED"}, "sent_ts": 1758760990444, "arrival_ts": 1758760990556}
{"action": "send", "src": "NA-N12", "dst": "EU-N177", "hlc": {"phys": 1758761585945, "cnt": 0, "node": "NA-N12"}, "package_id": "PKG61585", "payload": {"status": "CREATED"}, "sent_ts": 1758761585825, "arrival_ts": 1758761585825}
{"action": "send", "src": "NA-N12", "dst": "EU-N177", "hlc": {"phys": 1758761586188, "cnt": 0, "node": "NA-N12"}, "package_id": "PKG61585", "payload": {"status": "SENT"}, "sent_ts": 1758761586068, "arrival_ts": 1758761586068}
{"action": "send", "src": "NA-N12", "dst": "EU-N177", "hlc": {"phys": 1758761586587, "cnt": 0, "node": "NA-N12"}, "package_id": "PKG61585", "payload": {"status": "IN_TRANSIT"}, "sent_ts": 1758761586467, "arrival_ts": 1758761586467}
{"action": "send", "src": "NA-N12", "dst": "EU-N177", "hlc": {"phys": 1758761586858, "cnt": 0, "node": "NA-N12"}, "package_id": "PKG61585", "payload": {"status": "RECEIVED"}, "sent_ts": 1758761586738, "arrival_ts": 1758761586738}
{"action": "send", "src": "NA-N12", "dst": "EU-N177", "hlc": {"phys": 1758761587094, "cnt": 0, "node": "NA-N12"}, "package_id": "PKG61585", "payload": {"status": "DELIVERED"}, "sent_ts": 1758761586974, "arrival_ts": 1758761586974}
{"action": "send", "src": "NA-N12", "dst": "AF-N144", "hlc": {"phys": 1758804255570, "cnt": 0, "node": "NA-N12"}, "package_id": "PKG4255", "payload": {"status": "CREATED"}, "sent_ts": 1758804255450, "arrival_ts": 1758804255450}
{"action": "send", "src": "NA-N12", "dst": "AF-N144", "hlc": {"phys": 1758804255854, "cnt": 0, "node": "NA-N12"}, "package_id": "PKG4255", "payload": {"status": "SENT"}, "sent_ts": 1758804255734, "arrival_ts": 1758804255734}
{"action": "send", "src": "NA-N12", "dst": "AF-N144", "hlc": {"phys": 1758804256083, "cnt": 0, "node": "NA-N12"}, "package_id": "PKG4255", "payload": {"status": "IN_TRANSIT"}, "sent_ts": 1758804255963, "arrival_ts": 1758804255963}
{"action": "send", "src": "NA-N12", "dst": "AF-N144", "hlc": {"phys": 1758804256321, "cnt": 0, "node": "NA-N12"}, "package_id": "PKG4255", "payload": {"status": "RECEIVED"}, "sent_ts": 1758804256201, "arrival_ts": 1758804256201}
{"action": "send", "src": "NA-N12", "dst": "AF-N144", "hlc": {"phys": 1758804256669, "cnt": 0, "node": "NA-N12"}, "package_id": "PKG4255", "payload": {"status": "DELIVERED"}, "sent_ts": 1758804256549, "arrival_ts": 1758804256549}
{"action": "recv", "src": "EU-N106", "dst": "NA-N12", "hlc": {"phys": 1758804634252, "cnt": 0, "node": "EU-N106"}, "package_id": "PKG4628", "payload": {"status": "CREATED"}, "sent_ts": 1758804628192, "arrival_ts": 1758804628352}
{"action": "recv", "src": "EU-N106", "dst": "NA-N12", "hlc": {"phys": 1758804634621, "cnt": 0, "node": "EU-N106"}, "package_id": "PKG4628", "payload": {"status": "SENT"}, "sent_ts": 1758804628561, "arrival_ts": 1758804628590}
{"action": "recv", "src": "EU-N106", "dst": "NA-N12", "hlc": {"phys": 1758804634857, "cnt": 0, "node": "EU-N106"}, "package_id": "PKG4628", "payload": {"status": "IN_TRANSIT"}, "sent_ts": 1758804628797, "arrival_ts": 1758804628959}
{"action": "recv", "src": "EU-N106", "dst": "NA-N12", "hlc": {"phys": 1758804635231, "cnt": 0, "node": "EU-N106"}, "package_id": "PKG4628", "payload": {"status": "RECEIVED"}, "sent_ts": 1758804629171, "arrival_ts": 1758804629316}
{"action": "recv", "src": "EU-N106", "dst": "NA-N12", "hlc": {"phys": 1758804635596, "cnt": 0, "node": "EU-N106"}, "package_id": "PKG4628", "payload": {"status": "DELIVERED"}, "sent_ts": 1758804629536, "arrival_ts": 1758804629600}
{"action": "send", "src": "NA-N12", "dst": "AU-N185", "hlc": {"phys": 1758805167379, "cnt": 0, "node": "NA-N12"}, "package_id": "PKG5167", "payload": {"status": "CREATED"}, "sent_ts": 1758805167259, "arrival_ts": 1758805167259}
{"action": "send", "src": "NA-N12", "dst": "AU-N185", "hlc": {"phys": 1758805167610, "cnt": 0, "node": "NA-N12"}, "package_id": "PKG5167", "payload": {"status": "SENT"}, "sent_ts": 1758805167490, "arrival_ts": 1758805167490}
{"action": "send", "src": "NA-N12", "dst": "AU-N185", "hlc": {"phys": 1758805168027, "cnt": 0, "node": "NA-N12"}, "package_id": "PKG5167", "payload": {"status": "IN_TRANSIT"}, "sent_ts": 1758805167907, "arrival_ts": 1758805167907}
{"action": "send", "src": "NA-N12", "dst": "AU-N185", "hlc": {"phys": 1758805168384, "cnt": 0, "node": "NA-N12"}, "package_id": "PKG5167", "payload": {"status": "RECEIVED"}, "sent_ts": 1758805168264, "arrival_ts": 1758805168264}
{"action": "send", "src": "NA-N12", "dst": "AU-N185", "hlc": {"phys": 1758805168615, "cnt": 0, "node": "NA-N12"}, "package_id": "PKG5167", "payload": {"status": "DELIVERED"}, "sent_ts": 1758805168495, "arrival_ts": 1758805168495}
{"action": "send", "src": "NA-N12", "dst": "AN-N132", "hlc": {"phys": 1758813043037, "cnt": 0, "node": "NA-N12"}, "package_id": "PKG13042", "payload": {"status": "CREATED"}, "sent_ts": 1758813042917, "arrival_ts": 1758813042917}
{"action": "send", "src": "NA-N12", "dst": "AN-N132", "hlc": {"phys": 1758813043255, "cnt": 0, "node": "NA-N12"}, "package_id": "PKG13042", "payload": {"status": "SENT"}, "sent_ts": 1758813043135, "arrival_ts": 1758813043135}
{"action": "send", "src": "NA-N12", "dst": "AN-N132", "hlc": {"phys": 1758813043659, "cnt": 0, "node": "NA-N12"}, "package_id": "PKG13042", "payload": {"status": "IN_TRANSIT"}, "sent_ts": 1758813043539, "arrival_ts": 1758813043539}
{"action": "send", "src": "NA-N12", "dst": "AN-N132", "hlc": {"phys": 1758813043893, "cnt": 0, "node": "NA-N12"}, "package_id": "PKG13042", "payload": {"status": "RECEIVED"}, "sent_ts": 1758813043773, "arrival_ts": 1758813043773}
{"action": "send", "src": "NA-N12", "dst": "AN-N132", "hlc": {"phys": 1758813044203, "cnt": 0, "node": "NA-N12"}, "package_id": "PKG13042", "payload": {"status": "DELIVERED"}, "sent_ts": 1758813044083, "arrival_ts": 1758813044083}
