{"action": "recv", "src": "AN-N8", "dst": "NA-N148", "hlc": {"phys": 1758717060173, "cnt": 0, "node": "AN-N8"}, "package_id": "PKG17030", "payload": {"status": "CREATED"}, "sent_ts": 1758717030093, "arrival_ts": 1758717030125}
{"action": "recv", "src": "AN-N8", "dst": "NA-N148", "hlc": {"phys": 1758717060419, "cnt": 0, "node": "AN-N8"}, "package_id": "PKG17030", "payload": {"status": "SENT"}, "sent_ts": 1758717030339, "arrival_ts": 1758717030506}
{"action": "recv", "src": "AN-N8", "dst": "NA-N148", "hlc": {"phys": 1758717060793, "cnt": 0, "node": "AN-N8"}, "package_id": "PKG17030", "payload": {"status": "IN_TRANSIT"}, "sent_ts": 1758717030713, "arrival_ts": 1758717030833}
{"action": "recv", "src": "AN-N8", "dst": "NA-N148", "hlc": {"phys": 1758717061122, "cnt": 0, "node": "AN-N8"}, "package_id": "PKG17030", "payload": {"status": "RECEIVED"}, "sent_ts": 1758717031042, "arrival_ts": 1758717031120}
{"action": "recv", "src": "AN-N8", "dst": "NA-N148", "hlc": {"phys": 1758717061397, "cnt": 0, "node": "AN-N8"}, "package_id": "PKG17030", "payload": {"status": "DELIVERED"}, "sent_ts": 1758717031317, "arrival_ts": 1758717031410}
{"action": "send", "src": "NA-N148", "dst": "NA-N22", "hlc": {"phys": 1758717573609, "cnt": 0, "node": "NA-N148"}, "package_id": "PKG17572", "payload": {"status": "CREATED"}, "sent_ts": 1758717572129, "arrival_ts": 1758717572129}
{"action": "send", "src": "NA-N148", "dst": "NA-N22", "hlc": {"phys": 1758717573942, "cnt": 0, "node": "NA-N148"}, "package_id": "PKG17572", "payload": {"status": "SENT"}, "sent_ts": 1758717572462, "arrival_ts": 1758717572462}
{"action": "send", "src": "NA-N148", "dst": "NA-N22", "hlc": {"phys": 1758717574190, "cnt": 0, "node": "NA-N148"}, "package_id": "PKG17572", "payload": {"status": "IN_TRANSIT"}, "sent_ts": 1758717572710, "arrival_ts": 1758717572710}
{"action": "send", "src": "NA-N148", "dst": "NA-N22", "hlc": {"phys": 1758717574455, "cnt": 0, "node": "NA-N148"}, "package_id": "PKG17572", "payload": {"status": "RECEIVED"}, "sent_ts": 1758717572975, "arrival_ts": 1758717572975}
{"action": "send", "src": "NA-N148", "dst": "NA-N22", "hlc": {"phys": 1758717574709, "cnt": 0, "node": "NA-N148"}, "package_id": "PKG17572", "payload": {"status": "DELIVERED"}, "sent_ts": 1758717573229, "arrival_ts": 1758717573229}
{"action": "recv", "src": "AS-N18", "dst": "NA-N148", "hlc": {"phys": 1758717739219, "cnt": 0, "node": "AS-N18"}, "package_id": "PKG17729", "payload": {"status": "CREATED"}, "sent_ts": 1758717729039, "arrival_ts": 1758717729107}
{"action": "recv", "src": "AS-N18", "dst": "NA-N148", "hlc": {"phys": 1758717739488, "cnt": 0, "node": "AS-N18"}, "package_id": "PKG17729", "payload": {"status": "SENT"}, "sent_ts": 1758717729308, "arrival_ts": 1758717729442}
{"action": "recv", "src": "AS-N18", "dst": "NA-N148", "hlc": {"phys": 1758717739836, "cnt": 0, "node": "AS-N18"}, "package_id": "PKG17729", "payload": {"status": "IN_TRANSIT"}, "sent_ts": 1758717729656, "arrival_ts": 1758717729810}
{"action": "recv", "src": "AS-N18", "dst": "NA-N148", "hlc": {"phys": 1758717740203, "cnt": 0, "node": "AS-N18"}, "package_id": "PKG17729", "payload": {"status": "RECEIVED"}, "sent_ts": 1758717730023, "arrival_ts": 1758717730130}
{"action": "recv", "src": "AS-N18", "dst": "NA-N148", "hlc": {"phys": 1758717740523, "cnt": 0, "node": "AS-N18"}, "package_id": "PKG17729", "payload": {"status": "DELIVERED"}, "sent_ts": 1758717730343, "arrival_ts": 1758717730457}
{"action": "recv", "src": "EU-N158", "dst": "NA-N148", "hlc": {"phys": 1758739587921, "cnt": 0, "node": "EU-N158"}, "package_id": "PKG39581", "payload": {"status": "CREATED"}, "sent_ts": 1758739581341, "arrival_ts": 1758739581391}
{"action": "recv", "src": "EU-N158", "dst": "NA-N148", "hlc": {"phys": 1758739588178, "cnt": 0, "node": "EU-N158"}, "package_id": "PKG39581", "payload": {"status": "SENT"}, "sent_ts": 1758739581598, "arrival_ts": 1758739581754}
{"action": "recv", "src": "EU-N158", "dst": "NA-N148", "hlc": {"phys": 1758739588554, "cnt": 0, "node": "EU-N158"}, "package_id": "PKG39581", "payload": {"status": "IN_TRANSIT"}, "sent_ts": 1758739581974, "arrival_ts": 1758739581998}
{"action": "recv", "src": "EU-N158", "dst": "NA-N148", "hlc": {"phys": 1758739588786, "cnt": 0, "node": "EU-N158"}, "package_id": "PKG39581", "payload": {"status": "RECEIVED"}, "sent_ts": 1758739582206, "arrival_ts": 1758739582237}
{"action": "recv", "src": "EU-N158", "dst": "NA-N148", "hlc": {"phys": 1758739589021, "cnt": 0, "node": "EU-N158"}, "package_id": "PKG39581", "payload": {"status": "DELIVERED"}, "sent_ts": 1758739582441, "arrival_ts": 1758739582511}
{"action": "send", "src": "NA-N148", "dst": "SA-N106", "hlc": {"phys": 1758740625579, "cnt": 0, "node": "NA-N148"}, "package_id": "PKG40624", "payload": {"status": "CREATED"}, "sent_ts": 1758740624099, "arrival_ts": 1758740624099}
{"action": "send", "src": "NA-N148", "dst": "SA-N106", "hlc": {"phys": 1758740625813, "cnt": 0, "node": "NA-N148"}, "package_id": "PKG40624", "payload": {"status": "SENT"}, "sent_ts": 1758740624333, "arrival_ts": 1758740624333}
{"action": "send", "src": "NA-N148", "dst": "SA-N106", "hlc": {"phys": 1758740626074, "cnt": 0, "node": "NA-N148"}, "package_id": "PKG40624", "payload": {"status": "IN_TRANSIT"}, "sent_ts": 1758740624594, "arrival_ts": 1758740624594}
{"action": "send", "src": "NA-N148", "dst": "SA-N106", "hlc": {"phys": 1758740626478, "cnt": 0, "node": "NA-N148"}, "package_id": "PKG40624", "payload": {"status": "RECEIVED"}, "sent_ts": 1758740624998, "arrival_ts": 1758740624998}
{"action": "send", "src": "NA-N148", "dst": "SA-N106", "hlc": {"phys": 1758740626818, "cnt": 0, "node": "NA-N148"}, "package_id": "PKG40624", "payload": {"status": "DELIVERED"}, "sent_ts": 1758740625338, "arrival_ts": 1758740625338}
{"action": "send", "src": "NA-N148", "dst": "EU-N168", "hlc": {"phys": 1758742054492, "cnt": 0, "node": "NA-N148"}, "package_id": "PKG42053", "payload": {"status": "CREATED"}, "sent_ts": 1758742053012, "arrival_ts": 1758742053012}
{"action": "send", "src": "NA-N148", "dst": "EU-N168", "hlc": {"phys": 1758742054835, "cnt": 0, "node": "NA-N148"}, "package_id": "PKG42053", "payload": {"status": "SENT"}, "sent_ts": 1758742053355, "arrival_ts": 1758742053355}
{"action": "send", "src": "NA-N148", "dst": "EU-N168", "hlc": {"phys": 1758742055115, "cnt": 0, "node": "NA-N148"}, "package_id": "PKG42053", "payload": {"status": "IN_TRANSIT"}, "sent_ts": 1758742053635, "arrival_ts": 1758742053635}
{"action": "send", "src": "NA-N148", "dst": "EU-N168", "hlc": {"phys": 1758742055458, "cnt": 0, "node": "NA-N148"}, "package_id": "PKG42053", "payload": {"status": "RECEIVED"}, "sent_ts": 1758742053978, "arrival_ts": 1758742053978}
{"action": "send", "src": "NA-N148", "dst": "EU-N168", "hlc": {"phys": 1758742055786, "cnt": 0, "node": "NA-N148"}, "package_id": "PKG42053", "payload": {"status": "DELIVERED"}, "sent_ts": 1758742054306, "arrival_ts": 1758742054306}
{"action": "recv", "src": "AS-N192", "dst": "NA-N148", "hlc": {"phys": 1758744128314, "cnt": 0, "node": "AS-N192"}, "package_id": "PKG44116", "payload": {"status": "CREATED"}, "sent_ts": 1758744116394, "arrival_ts": 1758744116576}
{"action": "recv", "src": "AS-N192", "dst": "NA-N148", "hlc": {"phys": 1758744128703, "cnt": 0, "node": "AS-N192"}, "package_id": "PKG44116", "payload": {"status": "SENT"}, "sent_ts": 1758744116783, "arrival_ts": 1758744116976}
{"action": "recv", "src": "AS-N192", "dst": "NA-N148", "hlc": {"phys": 1758744129103, "cnt": 0, "node": "AS-N192"}, "package_id": "PKG44116", "payload": {"status": "IN_TRANSIT"}, "sent_ts": 1758744117183, "arrival_ts": 1758744117318}
{"action": "recv", "src": "AS-N192", "dst": "NA-N148", "hlc": {"phys": 1758744129444, "cnt": 0, "node": "AS-N192"}, "package_id": "PKG44116", "payload": {"status": "RECEIVED"}, "sent_ts": 1758744117524, "arrival_ts": 1758744117619}
{"action": "recv", "src": "AS-N192", "dst": "NA-N148", "hlc": {"phys": 1758744129739, "cnt": 0, "node": "AS-N192"}, "package_id": "PKG44116", "payload": {"status": "DELIVERED"}, "sent_ts": 1758744117819, "arrival_ts": 1758744117943}
{"action": "recv", "src": "AN-N169", "dst": "NA-N148", "hlc": {"phys": 1758744194528, "cnt": 0, "node": "AN-N169"}, "package_id": "PKG44162", "payload": {"status": "CREATED"}, "sent_ts": 1758744162838, "arrival_ts": 1758744163002}
{"action": "recv", "src": "AN-N169", "dst": "NA-N148", "hlc": {"phys": 1758744194895, "cnt": 0, "node": "AN-N169"}, "package_id": "PKG44162", "payload": {"status": "SENT"}, "sent_ts": 1758744163205, "arrival_ts": 1758744163235}
{"action": "recv", "src": "AN-N169", "dst": "NA-N148", "hlc": {"phys": 1758744195140, "cnt": 0, "node": "AN-N169"}, "package_id": "PKG44162", "payload": {"status": "IN_TRANSIT"}, "sent_ts": 1758744163450, "arrival_ts": 1758744163577}
{"action": "recv", "src": "AN-N169", "dst": "NA-N148", "hlc": {"phys": 1758744195477, "cnt": 0, "node": "AN-N169"}, "package_id": "PKG44162", "payload": {"status": "RECEIVED"}, "sent_ts": 1758744163787, "arrival_ts": 1758744163902}
{"action": "recv", "src": "AN-N169", "dst": "NA-N148", "hlc": {"phys": 1758744195787, "cnt": 0, "node": "AN-N169"}, "package_id": "PKG44162", "payload": {"status": "DELIVERED"}, "sent_ts": 1758744164097, "arrival_ts": 1758744164182}
{"action": "send", "src": "NA-N148", "dst": "AF-N45", "hlc": {"phys": 1758744498784, "cnt": 0, "node": "NA-N148"}, "package_id": "PKG44497", "payload": {"status": "CREATED"}, "sent_ts": 1758744497304, "arrival_ts": 1758744497304}
{"action": "send", "src": "NA-N148", "dst": "AF-N45", "hlc": {"phys": 1758744499187, "cnt": 0, "node": "NA-N148"}, "package_id": "PKG44497", "payload": {"status": "SENT"}, "sent_ts": 1758744497707, "arrival_ts": 1758744497707}
{"action": "send", "src": "NA-N148", "dst": "AF-N45", "hlc": {"phys": 1758744499567, "cnt": 0, "node": "NA-N148"}, "package_id": "PKG44497", "payload": {"status": "IN_TRANSIT"}, "sent_ts": 1758744498087, "arrival_ts": 1758744498087}
{"action": "send", "src": "NA-N148", "dst": "AF-N45", "hlc": {"phys": 1758744499914, "cnt": 0, "node": "NA-N148"}, "package_id": "PKG44497", "payload": {"status": "RECEIVED"}, "sent_ts": 1758744498434, "arrival_ts": 1758744498434}
{"action": "send", "src": "NA-N148", "dst": "AF-N45", "hlc": {"phys": 1758744500181, "cnt": 0, "node": "NA-N148"}, "package_id": "PKG44497", "payload": {"status": "DELIVERED"}, "sent_ts": 1758744498701, "arrival_ts": 1758744498701}
{"action": "recv", "src": "AN-N65", "dst": "NA-N148", "hlc": {"phys": 1758744619753, "cnt": 0, "node": "AN-N65"}, "package_id": "PKG44589", "payload": {"status": "CREATED"}, "sent_ts": 1758744589103, "arrival_ts": 1758744589230}
{"action": "recv", "src": "AN-N65", "dst": "NA-N148", "hlc": {"phys": 1758744620077, "cnt": 0, "node": "AN-N65"}, "package_id": "PKG44589", "payload": {"status": "SENT"}, "sent_ts": 1758744589427, "arrival_ts": 1758744589488}
{"action": "recv", "src": "AN-N65", "dst": "NA-N148", "hlc": {"phys": 1758744620339, "cnt": 0, "node": "AN-N65"}, "package_id": "PKG44589", "payload": {"status": "IN_TRANSIT"}, "sent_ts": 1758744589689, "arrival_ts": 1758744589807}
{"action": "recv", "src": "AN-N65", "dst": "NA-N148", "hlc": {"phys": 1758744620662, "cnt": 0, "node": "AN-N65"}, "package_id": "PKG44589", "payload": {"status": "RECEIVED"}, "sent_ts": 1758744590012, "arrival_ts": 1758744590162}
{"action": "recv", "src": "AN-N65", "dst": "NA-N148", "hlc": {"phys": 1758744621034, "cnt": 0, "node": "AN-N65"}, "package_id": "PKG44589", "payload": {"status": "DELIVERED"}, "sent_ts": 1758744590384, "arrival_ts": 1758744590559}
{"action": "send", "src": "NA-N148", "dst": "EU-N170", "hlc": {"phys": 1758745854330, "cnt": 0, "node": "NA-N148"}, "package_id": "PKG45852", "payload": {"status": "CREATED"}, "sent_ts": 1758745852850, "arrival_ts": 1758745852850}
{"action": "send", "src": "NA-N148", "dst": "EU-N170", "hlc": {"phys": 1758745854625, "cnt": 0, "node": "NA-N148"}, "package_id": "PKG45852", "payload": {"status": "SENT"}, "sent_ts": 1758745853145, "arrival_ts": 1758745853145}
{"action": "send", "src": "NA-N148", "dst": "EU-N170", "hlc": {"phys": 1758745854923, "cnt": 0, "node": "NA-N148"}, "package_id": "PKG45852", "payload": {"status": "IN_TRANSIT"}, "sent_ts": 1758745853443, "arrival_ts": 1758745853443}
{"action": "send", "src": "NA-N148", "dst": "EU-N170", "hlc": {"phys": 1758745855312, "cnt": 0, "node": "NA-N148"}, "package_id": "PKG45852", "payload": {"status": "RECEIVED"}, "sent_ts": 1758745853832, "arrival_ts": 1758745853832}
{"action": "send", "src": "NA-N148", "dst": "EU-N170", "hlc": {"phys": 1758745855657, "cnt": 0, "node": "NA-N148"}, "package_id": "PKG45852", "payload": {"status": "DELIVERED"}, "sent_ts": 1758745854177, "arrival_ts": 1758745854177}
{"action": "recv", "src": "EU-N101", "dst": "NA-N148", "hlc": {"phys": 1758746714907, "cnt": 0, "node": "EU-N101"}, "package_id": "PKG46708", "payload": {"status": "CREATED"}, "sent_ts": 1758746708897, "arrival_ts": 1758746708972}
{"action": "recv", "src": "EU-N101", "dst": "NA-N148", "hlc": {"phys": 1758746715185, "cnt": 0, "node": "EU-N101"}, "package_id": "PKG46708", "payload": {"status": "SENT"}, "sent_ts": 1758746709175, "arrival_ts": 1758746709298}
{"action": "recv", "src": "EU-N101", "dst": "NA-N148", "hlc": {"phys": 1758746715512, "cnt": 0, "node": "EU-N101"}, "package_id": "PKG46708", "payload": {"status": "IN_TRANSIT"}, "sent_ts": 1758746709502, "arrival_ts": 1758746709685}
{"action": "recv", "src": "EU-N101", "dst": "NA-N148", "hlc": {"phys": 1758746715901, "cnt": 0, "node": "EU-N101"}, "package_id": "PKG46708", "payload": {"status": "RECEIVED"}, "sent_ts": 1758746709891, "arrival_ts": 1758746710017}
{"action": "recv", "src": "EU-N101", "dst": "NA-N148", "hlc": {"phys": 1758746716229, "cnt": 0, "node": "EU-N101"}, "package_id": "PKG46708", "payload": {"status": "DELIVERED"}, "sent_ts": 1758746710219, "arrival_ts": 1758746710355}
{"action": "recv", "src": "AN-N13", "dst": "NA-N148", "hlc": {"phys": 1758746798322, "cnt": 0, "node": "AN-N13"}, "package_id": "PKG46768", "payload": {"status": "CREATED"}, "sent_ts": 1758746768192, "arrival_ts": 1758746768278}
{"action": "recv", "src": "AN-N13", "dst": "NA-N148", "hlc": {"phys": 1758746798605, "cnt": 0, "node": "AN-N13"}, "package_id": "PKG46768", "payload": {"status": "SENT"}, "sent_ts": 1758746768475, "arrival_ts": 1758746768565}
{"action": "recv", "src": "AN-N13", "dst": "NA-N148", "hlc": {"phys": 1758746798903, "cnt": 0, "node": "AN-N13"}, "package_id": "PKG46768", "payload": {"status": "IN_TRANSIT"}, "sent_ts": 1758746768773, "arrival_ts": 1758746768838}
{"action": "recv", "src": "AN-N13", "dst": "NA-N148", "hlc": {"phys": 1758746799172, "cnt": 0, "node": "AN-N13"}, "package_id": "PKG46768", "payload": {"status": "RECEIVED"}, "sent_ts": 1758746769042, "arrival_ts": 1758746769175}
{"action": "recv", "src": "AN-N13", "dst": "NA-N148", "hlc": {"phys": 1758746799508, "cnt": 0, "node": "AN-N13"}, "package_id": "PKG46768", "payload": {"status": "DELIVERED"}, "sent_ts": 1758746769378, "arrival_ts": 1758746769499}
{"action": "recv", "src": "AN-N93", "dst": "NA-N148", "hlc": {"phys": 1758748018459, "cnt": 0, "node": "AN-N93"}, "package_id": "PKG47987", "payload": {"status": "CREATED"}, "sent_ts": 1758747987529, "arrival_ts": 1758747987700}
{"action": "recv", "src": "AN-N93", "dst": "NA-N148", "hlc": {"phys": 1758748018836, "cnt": 0, "node": "AN-N93"}, "package_id": "PKG47987", "payload": {"status": "SENT"}, "sent_ts": 1758747987906, "arrival_ts": 1758747987986}
{"action": "recv", "src": "AN-N93", "dst": "NA-N148", "hlc": {"phys": 1758748019129, "cnt": 0, "node": "AN-N93"}, "package_id": "PKG47987", "payload": {"status": "IN_TRANSIT"}, "sent_ts": 1758747988199, "arrival_ts": 1758747988297}
{"action": "recv", "src": "AN-N93", "dst": "NA-N148", "hlc": {"phys": 1758748019442, "cnt": 0, "node": "AN-N93"}, "package_id": "PKG47987", "payload": {"status": "RECEIVED"}, "sent_ts": 1758747988512, "arrival_ts": 1758747988564}
{"action": "recv", "src": "AN-N93", "dst": "NA-N148", "hlc": {"phys": 1758748019705, "cnt": 0, "node": "AN-N93"}, "package_id": "PKG47987", "payload": {"status": "DELIVERED"}, "sent_ts": 1758747988775, "arrival_ts": 1758747988951}
{"action": "send", "src": "NA-N148", "dst": "EU-N20", "hlc": {"phys": 1758749777239, "cnt": 0, "node": "NA-N148"}, "package_id": "PKG49775", "payload": {"status": "CREATED"}, "sent_ts": 1758749775759, "arrival_ts": 1758749775759}
{"action": "send", "src": "NA-N148", "dst": "EU-N20", "hlc": {"phys": 1758749777556, "cnt": 0, "node": "NA-N148"}, "package_id": "PKG49775", "payload": {"status": "SENT"}, "sent_ts": 1758749776076, "arrival_ts": 1758749776076}
{"action": "send", "src": "NA-N148", "dst": "EU-N20", "hlc": {"phys": 1758749777905, "cnt": 0, "node": "NA-N148"}, "package_id": "PKG49775", "payload": {"status": "IN_TRANSIT"}, "sent_ts": 1758749776425, "arrival_ts": 1758749776425}
{"action": "send", "src": "NA-N148", "dst": "EU-N20", "hlc": {"phys": 1758749778254, "cnt": 0, "node": "NA-N148"}, "package_id": "PKG49775", "payload": {"status": "RECEIVED"}, "sent_ts": 1758749776774, "arrival_ts": 1758749776774}
{"action": "send", "src": "NA-N148", "dst": "EU-N20", "hlc": {"phys": 1758749778489, "cnt": 0, "node": "NA-N148"}, "package_id": "PKG49775", "payload": {"status": "DELIVERED"}, "sent_ts": 1758749777009, "arrival_ts": 1758749777009}
{"action": "recv", "src": "SA-N6", "dst": "NA-N148", "hlc": {"phys": 1758750265784, "cnt": 0, "node": "SA-N6"}, "package_id": "PKG50245", "payload": {"status": "CREATED"}, "sent_ts": 1758750245724, "arrival_ts": 1758750245855}
{"action": "recv", "src": "SA-N6", "dst": "NA-N148", "hlc": {"phys": 1758750266110, "cnt": 0, "node": "SA-N6"}, "package_id": "PKG50245", "payload": {"status": "SENT"}, "sent_ts": 1758750246050, "arrival_ts": 1758750246188}
{"action": "recv", "src": "SA-N6", "dst": "NA-N148", "hlc": {"phys": 1758750266451, "cnt": 0, "node": "SA-N6"}, "package_id": "PKG50245", "payload": {"status": "IN_TRANSIT"}, "sent_ts": 1758750246391, "arrival_ts": 1758750246458}
{"action": "recv", "src": "SA-N6", "dst": "NA-N148", "hlc": {"phys": 1758750266716, "cnt": 0, "node": "SA-N6"}, "package_id": "PKG50245", "payload": {"status": "RECEIVED"}, "sent_ts": 1758750246656, "arrival_ts": 1758750246698}
{"action": "recv", "src": "SA-N6", "dst": "NA-N148", "hlc": {"phys": 1758750266964, "cnt": 0, "node": "SA-N6"}, "package_id": "PKG50245", "payload": {"status": "DELIVERED"}, "sent_ts": 1758750246904, "arrival_ts": 1758750247092}
{"action": "recv", "src": "SA-N183", "dst": "NA-N148", "hlc": {"phys": 1758750412712, "cnt": 0, "node": "SA-N183"}, "package_id": "PKG50390", "payload": {"status": "CREATED"}, "sent_ts": 1758750390882, "arrival_ts": 1758750391010}
{"action": "recv", "src": "SA-N183", "dst": "NA-N148", "hlc": {"phys": 1758750413048, "cnt": 0, "node": "SA-N183"}, "package_id": "PKG50390", "payload": {"status": "SENT"}, "sent_ts": 1758750391218, "arrival_ts": 1758750391386}
{"action": "recv", "src": "SA-N183", "dst": "NA-N148", "hlc": {"phys": 1758750413425, "cnt": 0, "node": "SA-N183"}, "package_id": "PKG50390", "payload": {"status": "IN_TRANSIT"}, "sent_ts": 1758750391595, "arrival_ts": 1758750391677}
{"action": "recv", "src": "SA-N183", "dst": "NA-N148", "hlc": {"phys": 1758750413719, "cnt": 0, "node": "SA-N183"}, "package_id": "PKG50390", "payload": {"status": "RECEIVED"}, "sent_ts": 1758750391889, "arrival_ts": 1758750391933}
{"action": "recv", "src": "SA-N183", "dst": "NA-N148", "hlc": {"phys": 1758750413973, "cnt": 0, "node": "SA-N183"}, "package_id": "PKG50390", "payload": {"status": "DELIVERED"}, "sent_ts": 1758750392143, "arrival_ts": 1758750392173}
{"action": "recv", "src": "SA-N54", "dst": "NA-N148", "hlc": {"phys": 1758752660162, "cnt": 0, "node": "SA-N54"}, "package_id": "PKG52639", "payload": {"status": "CREATED"}, "sent_ts": 1758752639622, "arrival_ts": 1758752639657}
{"action": "recv", "src": "SA-N54", "dst": "NA-N148", "hlc": {"phys": 1758752660417, "cnt": 0, "node": "SA-N54"}, "package_id": "PKG52639", "payload": {"status": "SENT"}, "sent_ts": 1758752639877, "arrival_ts": 1758752639965}
{"action": "recv", "src": "SA-N54", "dst": "NA-N148", "hlc": {"phys": 1758752660717, "cnt": 0, "node": "SA-N54"}, "package_id": "PKG52639", "payload": {"status": "IN_TRANSIT"}, "sent_ts": 1758752640177, "arrival_ts": 1758752640298}
{"action": "recv", "src": "SA-N54", "dst": "NA-N148", "hlc": {"phys": 1758752661038, "cnt": 0, "node": "SA-N54"}, "package_id": "PKG52639", "payload": {"status": "RECEIVED"}, "sent_ts": 1758752640498, "arrival_ts": 1758752640608}
{"action": "recv", "src": "SA-N54", "dst": "NA-N148", "hlc": {"phys": 1758752661352, "cnt": 0, "node": "SA-N54"}, "package_id": "PKG52639", "payload": {"status": "DELIVERED"}, "sent_ts": 1758752640812, "arrival_ts": 1758752640855}
{"action": "recv", "src": "AF-N98", "dst": "NA-N148", "hlc": {"phys": 1758756985175, "cnt": 0, "node": "AF-N98"}, "package_id": "PKG56969", "payload": {"status": "CREATED"}, "sent_ts": 1758756969195, "arrival_ts": 1758756969306}
{"action": "recv", "src": "AF-N98", "dst": "NA-N148", "hlc": {"phys": 1758756985504, "cnt": 0, "node": "AF-N98"}, "package_id": "PKG56969", "payload": {"status": "SENT"}, "sent_ts": 1758756969524, "arrival_ts": 1758756969701}
{"action": "recv", "src": "AF-N98", "dst": "NA-N148", "hlc": {"phys": 1758756985877, "cnt": 0, "node": "AF-N98"}, "package_id": "PKG56969", "payload": {"status": "IN_TRANSIT"}, "sent_ts": 1758756969897, "arrival_ts": 1758756969986}
{"action": "recv", "src": "AF-N98", "dst": "NA-N148", "hlc": {"phys": 1758756986180, "cnt": 0, "node": "AF-N98"}, "package_id": "PKG56969", "payload": {"status": "RECEIVED"}, "sent_ts": 1758756970200, "arrival_ts": 1758756970354}
{"action": "recv", "src": "AF-N98", "dst": "NA-N148", "hlc": {"phys": 1758756986540, "cnt": 0, "node": "AF-N98"}, "package_id": "PKG56969", "payload": {"status": "DELIVERED"}, "sent_ts": 1758756970560, "arrival_ts": 1758756970658}
{"action": "recv", "src": "NA-N184", "dst": "NA-N148", "hlc": {"phys": 1758759762529, "cnt": 0, "node": "NA-N184"}, "package_id": "PKG59760", "payload": {"status": "CREATED"}, "sent_ts": 1758759760689, "arrival_ts": 1758759760834}
{"action": "recv", "src": "NA-N184", "dst": "NA-N148", "hlc": {"phys": 1758759764868, "cnt": 0, "node": "NA-N184"}, "package_id": "PKG59760", "payload": {"status": "SENT"}, "sent_ts": 1758759763028, "arrival_ts": 1758759763068}
{"action": "recv", "src": "NA-N184", "dst": "NA-N148", "hlc": {"phys": 1758759765103, "cnt": 0, "node": "NA-N184"}, "package_id": "PKG59760", "payload": {"status": "IN_TRANSIT"}, "sent_ts": 1758759763263, "arrival_ts": 1758759763432}
{"action": "recv", "src": "NA-N184", "dst": "NA-N148", "hlc": {"phys": 1758759765463, "cnt": 0, "node": "NA-N184"}, "package_id": "PKG59760", "payload": {"status": "RECEIVED"}, "sent_ts": 1758759763623, "arrival_ts": 1758759763778}
{"action": "recv", "src": "NA-N184", "dst": "NA-N148", "hlc": {"phys": 1758759765818, "cnt": 0, "node": "NA-N184"}, "package_id": "PKG59760", "payload": {"status": "DELIVERED"}, "sent_ts": 1758759763978, "arrival_ts": 1758759764112}
{"action": "recv", "src": "EU-N168", "dst": "NA-N148", "hlc": {"phys": 1758764116119, "cnt": 0, "node": "EU-N168"}, "package_id": "PKG64109", "payload": {"status": "CREATED"}, "sent_ts": 1758764109439, "arrival_ts": 1758764109585}
{"action": "recv", "src": "EU-N168", "dst": "NA-N148", "hlc": {"phys": 1758764116475, "cnt": 0, "node": "EU-N168"}, "package_id": "PKG64109", "payload": {"status": "SENT"}, "sent_ts": 1758764109795, "arrival_ts": 1758764109839}
{"action": "recv", "src": "EU-N168", "dst": "NA-N148", "hlc": {"phys": 1758764116724, "cnt": 0, "node": "EU-N168"}, "package_id": "PKG64109", "payload": {"status": "IN_TRANSIT"}, "sent_ts": 1758764110044, "arrival_ts": 1758764110162}
{"action": "recv", "src": "EU-N168", "dst": "NA-N148", "hlc": {"phys": 1758764117050, "cnt": 0, "node": "EU-N168"}, "package_id": "PKG64109", "payload": {"status": "RECEIVED"}, "sent_ts": 1758764110370, "arrival_ts": 1758764110382}
{"action": "recv", "src": "EU-N168", "dst": "NA-N148", "hlc": {"phys": 1758764117267, "cnt": 0, "node": "EU-N168"}, "package_id": "PKG64109", "payload": {"status": "DELIVERED"}, "sent_ts": 1758764110587, "arrival_ts": 1758764110768}
{"action": "send", "src": "NA-N148", "dst": "AS-N70", "hlc": {"phys": 1758765283194, "cnt": 0, "node": "NA-N148"}, "package_id": "PKG65281", "payload": {"status": "CREATED"}, "sent_ts": 1758765281714, "arrival_ts": 1758765281714}
{"action": "send", "src": "NA-N148", "dst": "AS-N70", "hlc": {"phys": 1758765283578, "cnt": 0, "node": "NA-N148"}, "package_id": "PKG65281", "payload": {"status": "SENT"}, "sent_ts": 1758765282098, "arrival_ts": 1758765282098}
{"action": "send", "src": "NA-N148", "dst": "AS-N70", "hlc": {"phys": 1758765283844, "cnt": 0, "node": "NA-N148"}, "package_id": "PKG65281", "payload": {"status": "IN_TRANSIT"}, "sent_ts": 1758765282364, "arrival_ts": 1758765282364}
{"action": "send", "src": "NA-N148", "dst": "AS-N70", "hlc": {"phys": 1758765284125, "cnt": 0, "node": "NA-N148"}, "package_id": "PKG65281", "payload": {"status": "RECEIVED"}, "sent_ts": 1758765282645, "arrival_ts": 1758765282645}
{"action": "send", "src": "NA-N148", "dst": "AS-N70", "hlc": {"phys": 1758765284473, "cnt": 0, "node": "NA-N148"}, "package_id": "PKG65281", "payload": {"status": "DELIVERED"}, "sent_ts": 1758765282992, "arrival_ts": 1758765282993}
{"action": "send", "src": "NA-N148", "dst": "AN-N86", "hlc": {"phys": 1758800232683, "cnt": 0, "node": "NA-N148"}, "package_id": "PKG231", "payload": {"status": "CREATED"}, "sent_ts": 1758800231203, "arrival_ts": 1758800231203}
{"action": "send", "src": "NA-N148", "dst": "AN-N86", "hlc": {"phys": 1758800232957, "cnt": 0, "node": "NA-N148"}, "package_id": "PKG231", "payload": {"status": "SENT"}, "sent_ts": 1758800231477, "arrival_ts": 1758800231477}
{"action": "send", "src": "NA-N148", "dst": "AN-N86", "hlc": {"phys": 1758800233332, "cnt": 0, "node": "NA-N148"}, "package_id": "PKG231", "payload": {"status": "IN_TRANSIT"}, "sent_ts": 1758800231852, "arrival_ts": 1758800231852}
{"action": "send", "src": "NA-N148", "dst": "AN-N86", "hlc": {"phys": 1758800233631, "cnt": 0, "node": "NA-N148"}, "package_id": "PKG231", "payload": {"status": "RECEIVED"}, "sent_ts": 1758800232151, "arrival_ts": 1758800232151}
{"action": "send", "src": "NA-N148", "dst": "AN-N86", "hlc": {"phys": 1758800233897, "cnt": 0, "node": "NA-N148"}, "package_id": "PKG231", "payload": {"status": "DELIVERED"}, "sent_ts": 1758800232417, "arrival_ts": 1758800232417}
{"action": "send", "src": "NA-N148", "dst": "AF-N29", "hlc": {"phys": 1758800582143, "cnt": 0, "node": "NA-N148"}, "package_id": "PKG580", "payload": {"status": "CREATED"}, "sent_ts": 1758800580663, "arrival_ts": 1758800580663}
{"action": "send", "src": "NA-N148", "dst": "AF-N29", "hlc": {"phys": 1758800582448, "cnt": 0, "node": "NA-N148"}, "package_id": "PKG580", "payload": {"status": "SENT"}, "sent_ts": 1758800580968, "arrival_ts": 1758800580968}
{"action": "send", "src": "NA-N148", "dst": "AF-N29", "hlc": {"phys": 1758800582676, "cnt": 0, "node": "NA-N148"}, "package_id": "PKG580", "payload": {"status": "IN_TRANSIT"}, "sent_ts": 1758800581196, "arrival_ts": 1758800581196}
{"action": "send", "src": "NA-N148", "dst": "AF-N29", "hlc": {"phys": 1758800582948, "cnt": 0, "node": "NA-N148"}, "package_id": "PKG580", "payload": {"status": "RECEIVED"}, "sent_ts": 1758800581468, "arrival_ts": 1758800581468}
{"action": "send", "src": "NA-N148", "dst": "AF-N29", "hlc": {"phys": 1758800583241, "cnt": 0, "node": "NA-N148"}, "package_id": "PKG580", "payload": {"status": "DELIVERED"}, "sent_ts": 1758800581761, "arrival_ts": 1758800581761}
{"action": "send", "src": "NA-N148", "dst": "SA-N45", "hlc": {"phys": 1758800855612, "cnt": 0, "node": "NA-N148"}, "package_id": "PKG854", "payload": {"status": "CREATED"}, "sent_ts": 1758800854132, "arrival_ts": 1758800854132}
{"action": "send", "src": "NA-N148", "dst": "SA-N45", "hlc": {"phys": 1758800855828, "cnt": 0, "node": "NA-N148"}, "package_id": "PKG854", "payload": {"status": "SENT"}, "sent_ts": 1758800854348, "arrival_ts": 1758800854348}
{"action": "send", "src": "NA-N148", "dst": "SA-N45", "hlc": {"phys": 1758800856061, "cnt": 0, "node": "NA-N148"}, "package_id": "PKG854", "payload": {"status": "IN_TRANSIT"}, "sent_ts": 1758800854581, "arrival_ts": 1758800854581}
{"action": "send", "src": "NA-N148", "dst": "SA-N45", "hlc": {"phys": 1758800856296, "cnt": 0, "node": "NA-N148"}, "package_id": "PKG854", "payload": {"status": "RECEIVED"}, "sent_ts": 1758800854816, "arrival_ts": 1758800854816}
{"action": "send", "src": "NA-N148", "dst": "SA-N45", "hlc": {"phys": 1758800856543, "cnt": 0, "node": "NA-N148"}, "package_id": "PKG854", "payload": {"status": "DELIVERED"}, "sent_ts": 1758800855063, "arrival_ts": 1758800855063}
{"action": "recv", "src": "AN-N158", "dst": "NA-N148", "hlc": {"phys": 1758803172960, "cnt": 0, "node": "AN-N158"}, "package_id": "PKG3141", "payload": {"status": "CREATED"}, "sent_ts": 1758803141380, "arrival_ts": 1758803141423}
{"action": "recv", "src": "AN-N158", "dst": "NA-N148", "hlc": {"phys": 1758803173205, "cnt": 0, "node": "AN-N158"}, "package_id": "PKG3141", "payload": {"status": "SENT"}, "sent_ts": 1758803141625, "arrival_ts": 1758803141639}
{"action": "recv", "src": "AN-N158", "dst": "NA-N148", "hlc": {"phys": 1758803173423, "cnt": 0, "node": "AN-N158"}, "package_id": "PKG3141", "payload": {"status": "IN_TRANSIT"}, "sent_ts": 1758803141843, "arrival_ts": 1758803141997}
{"action": "recv", "src": "AN-N158", "dst": "NA-N148", "hlc": {"phys": 1758803173783, "cnt": 0, "node": "AN-N158"}, "package_id": "PKG3141", "payload": {"status": "RECEIVED"}, "sent_ts": 1758803142203, "arrival_ts": 1758803142255}
{"action": "recv", "src": "AN-N158", "dst": "NA-N148", "hlc": {"phys": 1758803174057, "cnt": 0, "node": "AN-N158"}, "package_id": "PKG3141", "payload": {"status": "DELIVERED"}, "sent_ts": 1758803142477, "arrival_ts": 1758803142602}
{"action": "recv", "src": "AF-N130", "dst": "NA-N148", "hlc": {"phys": 1758812541514, "cnt": 0, "node": "AF-N130"}, "package_id": "PKG12525", "payload": {"status": "CREATED"}, "sent_ts": 1758812525214, "arrival_ts": 1758812525261}
{"action": "recv", "src": "AF-N130", "dst": "NA-N148", "hlc": {"phys": 1758812541764, "cnt": 0, "node": "AF-N130"}, "package_id": "PKG12525", "payload": {"status": "SENT"}, "sent_ts": 1758812525464, "arrival_ts": 1758812525636}
{"action": "recv", "src": "AF-N130", "dst": "NA-N148", "hlc": {"phys": 1758812542134, "cnt": 0, "node": "AF-N130"}, "package_id": "PKG12525", "payload": {"status": "IN_TRANSIT"}, "sent_ts": 1758812525834, "arrival_ts": 1758812526029}
{"action": "recv", "src": "AF-N130", "dst": "NA-N148", "hlc": {"phys": 1758812542526, "cnt": 0, "node": "AF-N130"}, "package_id": "PKG12525", "payload": {"status": "RECEIVED"}, "sent_ts": 1758812526226, "arrival_ts": 1758812526279}
{"action": "recv", "src": "AF-N130", "dst": "NA-N148", "hlc": {"phys": 1758812542774, "cnt": 0, "node": "AF-N130"}, "package_id": "PKG12525", "payload": {"status": "DELIVERED"}, "sent_ts": 1758812526474, "arrival_ts": 1758812526621}
{"action": "recv", "src": "AU-N129", "dst": "NA-N148", "hlc": {"phys": 1758812770878, "cnt": 0, "node": "AU-N129"}, "package_id": "PKG12744", "payload": {"status": "CREATED"}, "sent_ts": 1758812744588, "arrival_ts": 1758812744601}
{"action": "recv", "src": "AU-N129", "dst": "NA-N148", "hlc": {"phys": 1758812771096, "cnt": 0, "node": "AU-N129"}, "package_id": "PKG12744", "payload": {"status": "SENT"}, "sent_ts": 1758812744806, "arrival_ts": 1758812744952}
{"action": "recv", "src": "AU-N129", "dst": "NA-N148", "hlc": {"phys": 1758812771453, "cnt": 0, "node": "AU-N129"}, "package_id": "PKG12744", "payload": {"status": "IN_TRANSIT"}, "sent_ts": 1758812745163, "arrival_ts": 1758812745339}
{"action": "recv", "src": "AU-N129", "dst": "NA-N148", "hlc": {"phys": 1758812771828, "cnt": 0, "node": "AU-N129"}, "package_id": "PKG12744", "payload": {"status": "RECEIVED"}, "sent_ts": 1758812745538, "arrival_ts": 1758812745621}
{"action": "recv", "src": "AU-N129", "dst": "NA-N148", "hlc": {"phys": 1758812772091, "cnt": 0, "node": "AU-N129"}, "package_id": "PKG12744", "payload": {"status": "DELIVERED"}, "sent_ts": 1758812745801, "arrival_ts": 1758812745852}
