{"action": "send", "src": "NA-N34", "dst": "AU-N145", "hlc": {"phys": 1758713887679, "cnt": 0, "node": "NA-N34"}, "package_id": "PKG13887", "payload": {"status": "CREATED"}, "sent_ts": 1758713887339, "arrival_ts": 1758713887339}
{"action": "send", "src": "NA-N34", "dst": "AU-N145", "hlc": {"phys": 1758713887983, "cnt": 0, "node": "NA-N34"}, "package_id": "PKG13887", "payload": {"status": "SENT"}, "sent_ts": 1758713887643, "arrival_ts": 1758713887643}
{"action": "send", "src": "NA-N34", "dst": "AU-N145", "hlc": {"phys": 1758713888344, "cnt": 0, "node": "NA-N34"}, "package_id": "PKG13887", "payload": {"status": "IN_TRANSIT"}, "sent_ts": 1758713888004, "arrival_ts": 1758713888005}
{"action": "send", "src": "NA-N34", "dst": "AU-N145", "hlc": {"phys": 1758713888745, "cnt": 0, "node": "NA-N34"}, "package_id": "PKG13887", "payload": {"status": "RECEIVED"}, "sent_ts": 1758713888405, "arrival_ts": 1758713888405}
{"action": "send", "src": "NA-N34", "dst": "AU-N145", "hlc": {"phys": 1758713889110, "cnt": 0, "node": "NA-N34"}, "package_id": "PKG13887", "payload": {"status": "DELIVERED"}, "sent_ts": 1758713888770, "arrival_ts": 1758713888770}
{"action": "send", "src": "NA-N34", "dst": "AU-N82", "hlc": {"phys": 1758714142190, "cnt": 0, "node": "NA-N34"}, "package_id": "PKG14141", "payload": {"status": "CREATED"}, "sent_ts": 1758714141850, "arrival_ts": 1758714141850}
{"action": "send", "src": "NA-N34", "dst": "AU-N82", "hlc": {"phys": 1758714142419, "cnt": 0, "node": "NA-N34"}, "package_id": "PKG14141", "payload": {"status": "SENT"}, "sent_ts": 1758714142079, "arrival_ts": 1758714142079}
{"action": "send", "src": "NA-N34", "dst": "AU-N82", "hlc": {"phys": 1758714142714, "cnt": 0, "node": "NA-N34"}, "package_id": "PKG14141", "payload": {"status": "IN_TRANSIT"}, "sent_ts": 1758714142374, "arrival_ts": 1758714142374}
{"action": "send", "src": "NA-N34", "dst": "AU-N82", "hlc": {"phys": 1758714142943, "cnt": 0, "node": "NA-N34"}, "package_id": "PKG14141", "payload": {"status": "RECEIVED"}, "sent_ts": 1758714142603, "arrival_ts": 1758714142603}
{"action": "send", "src": "NA-N34", "dst": "AU-N82", "hlc": {"phys": 1758714143158, "cnt": 0, "node": "NA-N34"}, "package_id": "PKG14141", "payload": {"status": "DELIVERED"}, "sent_ts": 1758714142818, "arrival_ts": 1758714142818}
{"action": "recv", "src": "EU-N181", "dst": "NA-N34", "hlc": {"phys": 1758717013739, "cnt": 0, "node": "EU-N181"}, "package_id": "PKG17006", "payload": {"status": "CREATED"}, "sent_ts": 1758717006929, "arrival_ts": 1758717007061}
{"action": "recv", "src": "EU-N181", "dst": "NA-N34", "hlc": {"phys": 1758717014100, "cnt": 0, "node": "EU-N181"}, "package_id": "PKG17006", "payload": {"status": "SENT"}, "sent_ts": 1758717007290, "arrival_ts": 1758717007440}
{"action": "recv", "src": "EU-N181", "dst": "NA-N34", "hlc": {"phys": 1758717014475, "cnt": 0, "node": "EU-N181"}, "package_id": "PKG17006", "payload": {"status": "IN_TRANSIT"}, "sent_ts": 1758717007665, "arrival_ts": 1758717007807}
{"action": "recv", "src": "EU-N181", "dst": "NA-N34", "hlc": {"phys": 1758717014820, "cnt": 0, "node": "EU-N181"}, "package_id": "PKG17006", "payload": {"status": "RECEIVED"}, "sent_ts": 1758717008010, "arrival_ts": 1758717008045}
{"action": "recv", "src": "EU-N181", "dst": "NA-N34", "hlc": {"phys": 1758717015049, "cnt": 0, "node": "EU-N181"}, "package_id": "PKG17006", "payload": {"status": "DELIVERED"}, "sent_ts": 1758717008239, "arrival_ts": 1758717008288}
{"action": "recv", "src": "AN-N127", "dst": "NA-N34", "hlc": {"phys": 1758738605268, "cnt": 0, "node": "AN-N127"}, "package_id": "PKG38573", "payload": {"status": "CREATED"}, "sent_ts": 1758738573998, "arrival_ts": 1758738574156}
{"action": "recv", "src": "AN-N127", "dst": "NA-N34", "hlc": {"phys": 1758738605638, "cnt": 0, "node": "AN-N127"}, "package_id": "PKG38573", "payload": {"status": "SENT"}, "sent_ts": 1758738574368, "arrival_ts": 1758738574466}
{"action": "recv", "src": "AN-N127", "dst": "NA-N34", "hlc": {"phys": 1758738605941, "cnt": 0, "node": "AN-N127"}, "package_id": "PKG38573", "payload": {"status": "IN_TRANSIT"}, "sent_ts": 1758738574671, "arrival_ts": 1758738574823}
{"action": "recv", "src": "AN-N127", "dst": "NA-N34", "hlc": {"phys": 1758738606300, "cnt": 0, "node": "AN-N127"}, "package_id": "PKG38573", "payload": {"status": "RECEIVED"}, "sent_ts": 1758738575030, "arrival_ts": 1758738575071}
{"action": "recv", "src": "AN-N127", "dst": "NA-N34", "hlc": {"phys": 1758738606539, "cnt": 0, "node": "AN-N127"}, "package_id": "PKG38573", "payload": {"status": "DELIVERED"}, "sent_ts": 1758738575269, "arrival_ts": 1758738575281}
{"action": "recv", "src": "AF-N161", "dst": "NA-N34", "hlc": {"phys": 1758741620381, "cnt": 0, "node": "AF-N161"}, "package_id": "PKG41603", "payload": {"status": "CREATED"}, "sent_ts": 1758741603771, "arrival_ts": 1758741603790}
{"action": "recv", "src": "AF-N161", "dst": "NA-N34", "hlc": {"phys": 1758741620598, "cnt": 0, "node": "AF-N161"}, "package_id": "PKG41603", "payload": {"status": "SENT"}, "sent_ts": 1758741603988, "arrival_ts": 1758741604022}
{"action": "recv", "src": "AF-N161", "dst": "NA-N34", "hlc": {"phys": 1758741620830, "cnt": 0, "node": "AF-N161"}, "package_id": "PKG41603", "payload": {"status": "IN_TRANSIT"}, "sent_ts": 1758741604220, "arrival_ts": 1758741604339}
{"action": "recv", "src": "AF-N161", "dst": "NA-N34", "hlc": {"phys": 1758741621154, "cnt": 0, "node": "AF-N161"}, "package_id": "PKG41603", "payload": {"status": "RECEIVED"}, "sent_ts": 1758741604544, "arrival_ts": 1758741604617}
{"action": "recv", "src": "AF-N161", "dst": "NA-N34", "hlc": {"phys": 1758741621424, "cnt": 0, "node": "AF-N161"}, "package_id": "PKG41603", "payload": {"status": "DELIVERED"}, "sent_ts": 1758741604814, "arrival_ts": 1758741604835}
{"action": "send", "src": "NA-N34", "dst": "AF-N124", "hlc": {"phys": 1758741621424, "cnt": 1, "node": "NA-N34"}, "package_id": "PKG41611", "payload": {"status": "CREATED"}, "sent_ts": 1758741611417, "arrival_ts": 1758741611417}
{"action": "send", "src": "NA-N34", "dst": "AF-N124", "hlc": {"phys": 1758741621424, "cnt": 2, "node": "NA-N34"}, "package_id": "PKG41611", "payload": {"status": "SENT"}, "sent_ts": 1758741611757, "arrival_ts": 1758741611757}
{"action": "send", "src": "NA-N34", "dst": "AF-N124", "hlc": {"phys": 1758741621424, "cnt": 3, "node": "NA-N34"}, "package_id": "PKG41611", "payload": {"status": "IN_TRANSIT"}, "sent_ts": 1758741612042, "arrival_ts": 1758741612042}
{"action": "send", "src": "NA-N34", "dst": "AF-N124", "hlc": {"phys": 1758741621424, "cnt": 4, "node": "NA-N34"}, "package_id": "PKG41611", "payload": {"status": "RECEIVED"}, "sent_ts": 1758741612372, "arrival_ts": 1758741612372}
{"action": "send", "src": "NA-N34", "dst": "AF-N124", "hlc": {"phys": 1758741621424, "cnt": 5, "node": "NA-N34"}, "package_id": "PKG41611", "payload": {"status": "DELIVERED"}, "sent_ts": 1758741612712, "arrival_ts": 1758741612712}
{"action": "recv", "src": "EU-N64", "dst": "NA-N34", "hlc": {"phys": 1758742464008, "cnt": 0, "node": "EU-N64"}, "package_id": "PKG42458", "payload": {"status": "CREATED"}, "sent_ts": 1758742458368, "arrival_ts": 1758742458514}
{"action": "recv", "src": "EU-N64", "dst": "NA-N34", "hlc": {"phys": 1758742464363, "cnt": 0, "node": "EU-N64"}, "package_id": "PKG42458", "payload": {"status": "SENT"}, "sent_ts": 1758742458723, "arrival_ts": 1758742458831}
{"action": "recv", "src": "EU-N64", "dst": "NA-N34", "hlc": {"phys": 1758742464694, "cnt": 0, "node": "EU-N64"}, "package_id": "PKG42458", "payload": {"status": "IN_TRANSIT"}, "sent_ts": 1758742459053, "arrival_ts": 1758742459335}
{"action": "recv", "src": "EU-N64", "dst": "NA-N34", "hlc": {"phys": 1758742465221, "cnt": 0, "node": "EU-N64"}, "package_id": "PKG42458", "payload": {"status": "RECEIVED"}, "sent_ts": 1758742459581, "arrival_ts": 1758742459697}
{"action": "recv", "src": "EU-N64", "dst": "NA-N34", "hlc": {"phys": 1758742465531, "cnt": 0, "node": "EU-N64"}, "package_id": "PKG42458", "payload": {"status": "DELIVERED"}, "sent_ts": 1758742459891, "arrival_ts": 1758742460008}
{"action": "send", "src": "NA-N34", "dst": "AU-N200", "hlc": {"phys": 1758743784212, "cnt": 0, "node": "NA-N34"}, "package_id": "PKG43783", "payload": {"status": "CREATED"}, "sent_ts": 1758743783872, "arrival_ts": 1758743783872}
{"action": "send", "src": "NA-N34", "dst": "AU-N200", "hlc": {"phys": 1758743784506, "cnt": 0, "node": "NA-N34"}, "package_id": "PKG43783", "payload": {"status": "SENT"}, "sent_ts": 1758743784166, "arrival_ts": 1758743784166}
{"action": "send", "src": "NA-N34", "dst": "AU-N200", "hlc": {"phys": 1758743784781, "cnt": 0, "node": "NA-N34"}, "package_id": "PKG43783", "payload": {"status": "IN_TRANSIT"}, "sent_ts": 1758743784441, "arrival_ts": 1758743784441}
{"action": "send", "src": "NA-N34", "dst": "AU-N200", "hlc": {"phys": 1758743785172, "cnt": 0, "node": "NA-N34"}, "package_id": "PKG43783", "payload": {"status": "RECEIVED"}, "sent_ts": 1758743784832, "arrival_ts": 1758743784832}
{"action": "send", "src": "NA-N34", "dst": "AU-N200", "hlc": {"phys": 1758743785557, "cnt": 0, "node": "NA-N34"}, "package_id": "PKG43783", "payload": {"status": "DELIVERED"}, "sent_ts": 1758743785217, "arrival_ts": 1758743785217}
{"action": "send", "src": "NA-N34", "dst": "AF-N39", "hlc": {"phys": 1758747763383, "cnt": 0, "node": "NA-N34"}, "package_id": "PKG47763", "payload": {"status": "CREATED"}, "sent_ts": 1758747763043, "arrival_ts": 1758747763043}
{"action": "send", "src": "NA-N34", "dst": "AF-N39", "hlc": {"phys": 1758747763771, "cnt": 0, "node": "NA-N34"}, "package_id": "PKG47763", "payload": {"status": "SENT"}, "sent_ts": 1758747763431, "arrival_ts": 1758747763431}
{"action": "send", "src": "NA-N34", "dst": "AF-N39", "hlc": {"phys": 1758747764003, "cnt": 0, "node": "NA-N34"}, "package_id": "PKG47763", "payload": {"status": "IN_TRANSIT"}, "sent_ts": 1758747763663, "arrival_ts": 1758747763663}
{"action": "send", "src": "NA-N34", "dst": "AF-N39", "hlc": {"phys": 1758747764329, "cnt": 0, "node": "NA-N34"}, "package_id": "PKG47763", "payload": {"status": "RECEIVED"}, "sent_ts": 1758747763989, "arrival_ts": 1758747763989}
{"action": "send", "src": "NA-N34", "dst": "AF-N39", "hlc": {"phys": 1758747764591, "cnt": 0, "node": "NA-N34"}, "package_id": "PKG47763", "payload": {"status": "DELIVERED"}, "sent_ts": 1758747764251, "arrival_ts": 1758747764251}
{"action": "send", "src": "NA-N34", "dst": "SA-N14", "hlc": {"phys": 1758756292174, "cnt": 0, "node": "NA-N34"}, "package_id": "PKG56291", "payload": {"status": "CREATED"}, "sent_ts": 1758756291834, "arrival_ts": 1758756291834}
{"action": "send", "src": "NA-N34", "dst": "SA-N14", "hlc": {"phys": 1758756292534, "cnt": 0, "node": "NA-N34"}, "package_id": "PKG56291", "payload": {"status": "SENT"}, "sent_ts": 1758756292194, "arrival_ts": 1758756292194}
{"action": "send", "src": "NA-N34", "dst": "SA-N14", "hlc": {"phys": 1758756292819, "cnt": 0, "node": "NA-N34"}, "package_id": "PKG56291", "payload": {"status": "IN_TRANSIT"}, "sent_ts": 1758756292479, "arrival_ts": 1758756292479}
{"action": "send", "src": "NA-N34", "dst": "SA-N14", "hlc": {"phys": 1758756293155, "cnt": 0, "node": "NA-N34"}, "package_id": "PKG56291", "payload": {"status": "RECEIVED"}, "sent_ts": 1758756292815, "arrival_ts": 1758756292815}
{"action": "send", "src": "NA-N34", "dst": "SA-N14", "hlc": {"phys": 1758756293492, "cnt": 0, "node": "NA-N34"}, "package_id": "PKG56291", "payload": {"status": "DELIVERED"}, "sent_ts": 1758756293152, "arrival_ts": 1758756293152}
{"action": "send", "src": "NA-N34", "dst": "AU-N76", "hlc": {"phys": 1758759176298, "cnt": 0, "node": "NA-N34"}, "package_id": "PKG59175", "payload": {"status": "CREATED"}, "sent_ts": 1758759175958, "arrival_ts": 1758759175958}
{"action": "send", "src": "NA-N34", "dst": "AU-N76", "hlc": {"phys": 1758759176544, "cnt": 0, "node": "NA-N34"}, "package_id": "PKG59175", "payload": {"status": "SENT"}, "sent_ts": 1758759176204, "arrival_ts": 1758759176204}
{"action": "send", "src": "NA-N34", "dst": "AU-N76", "hlc": {"phys": 1758759176887, "cnt": 0, "node": "NA-N34"}, "package_id": "PKG59175", "payload": {"status": "IN_TRANSIT"}, "sent_ts": 1758759176547, "arrival_ts": 1758759176547}
{"action": "send", "src": "NA-N34", "dst": "AU-N76", "hlc": {"phys": 1758759177283, "cnt": 0, "node": "NA-N34"}, "package_id": "PKG59175", "payload": {"status": "RECEIVED"}, "sent_ts": 1758759176943, "arrival_ts": 1758759176945}
{"action": "send", "src": "NA-N34", "dst": "AU-N76", "hlc": {"phys": 1758759177546, "cnt": 0, "node": "NA-N34"}, "package_id": "PKG59175", "payload": {"status": "DELIVERED"}, "sent_ts": 1758759177206, "arrival_ts": 1758759177206}
{"action": "send", "src": "NA-N34", "dst": "SA-N52", "hlc": {"phys": 1758762473370, "cnt": 0, "node": "NA-N34"}, "package_id": "PKG62473", "payload": {"status": "CREATED"}, "sent_ts": 1758762473030, "arrival_ts": 1758762473030}
{"action": "send", "src": "NA-N34", "dst": "SA-N52", "hlc": {"phys": 1758762473737, "cnt": 0, "node": "NA-N34"}, "package_id": "PKG62473", "payload": {"status": "SENT"}, "sent_ts": 1758762473397, "arrival_ts": 1758762473397}
{"action": "send", "src": "NA-N34", "dst": "SA-N52", "hlc": {"phys": 1758762474045, "cnt": 0, "node": "NA-N34"}, "package_id": "PKG62473", "payload": {"status": "IN_TRANSIT"}, "sent_ts": 1758762473705, "arrival_ts": 1758762473705}
{"action": "send", "src": "NA-N34", "dst": "SA-N52", "hlc": {"phys": 1758762474377, "cnt": 0, "node": "NA-N34"}, "package_id": "PKG62473", "payload": {"status": "RECEIVED"}, "sent_ts": 1758762474037, "arrival_ts": 1758762474037}
{"action": "send", "src": "NA-N34", "dst": "SA-N52", "hlc": {"phys": 1758762474701, "cnt": 0, "node": "NA-N34"}, "package_id": "PKG62473", "payload": {"status": "DELIVERED"}, "sent_ts": 1758762474361, "arrival_ts": 1758762474361}
{"action": "recv", "src": "NA-N40", "dst": "NA-N34", "hlc": {"phys": 1758805154579, "cnt": 0, "node": "NA-N40"}, "package_id": "PKG5154", "payload": {"status": "CREATED"}, "sent_ts": 1758805154179, "arrival_ts": 1758805154368}
{"action": "recv", "src": "NA-N40", "dst": "NA-N34", "hlc": {"phys": 1758805154967, "cnt": 0, "node": "NA-N40"}, "package_id": "PKG5154", "payload": {"status": "SENT"}, "sent_ts": 1758805154567, "arrival_ts": 1758805154609}
{"action": "recv", "src": "NA-N40", "dst": "NA-N34", "hlc": {"phys": 1758805155203, "cnt": 0, "node": "NA-N40"}, "package_id": "PKG5154", "payload": {"status": "IN_TRANSIT"}, "sent_ts": 1758805154803, "arrival_ts": 1758805154952}
{"action": "recv", "src": "NA-N40", "dst": "NA-N34", "hlc": {"phys": 1758805155558, "cnt": 0, "node": "NA-N40"}, "package_id": "PKG5154", "payload": {"status": "RECEIVED"}, "sent_ts": 1758805155158, "arrival_ts": 1758805155176}
{"action": "recv", "src": "NA-N40", "dst": "NA-N34", "hlc": {"phys": 1758805155774, "cnt": 0, "node": "NA-N40"}, "package_id": "PKG5154", "payload": {"status": "DELIVERED"}, "sent_ts": 1758805155374, "arrival_ts": 1758805155542}
{"action": "recv", "src": "EU-N21", "dst": "NA-N34", "hlc": {"phys": 1758813710275, "cnt": 0, "node": "EU-N21"}, "package_id": "PKG13705", "payload": {"status": "CREATED"}, "sent_ts": 1758813705065, "arrival_ts": 1758813705113}
{"action": "recv", "src": "EU-N21", "dst": "NA-N34", "hlc": {"phys": 1758813710523, "cnt": 0, "node": "EU-N21"}, "package_id": "PKG13705", "payload": {"status": "SENT"}, "sent_ts": 1758813705313, "arrival_ts": 1758813705498}
{"action": "recv", "src": "EU-N21", "dst": "NA-N34", "hlc": {"phys": 1758813710910, "cnt": 0, "node": "EU-N21"}, "package_id": "PKG13705", "payload": {"status": "IN_TRANSIT"}, "sent_ts": 1758813705700, "arrival_ts": 1758813705793}
{"action": "recv", "src": "EU-N21", "dst": "NA-N34", "hlc": {"phys": 1758813711203, "cnt": 0, "node": "EU-N21"}, "package_id": "PKG13705", "payload": {"status": "RECEIVED"}, "sent_ts": 1758813705993, "arrival_ts": 1758813706014}
{"action": "recv", "src": "EU-N21", "dst": "NA-N34", "hlc": {"phys": 1758813711417, "cnt": 0, "node": "EU-N21"}, "package_id": "PKG13705", "payload": {"status": "DELIVERED"}, "sent_ts": 1758813706207, "arrival_ts": 1758813706259}
{"action": "send", "src": "NA-N34", "dst": "AS-N160", "hlc": {"phys": 1758814460582, "cnt": 0, "node": "NA-N34"}, "package_id": "PKG14460", "payload": {"status": "CREATED"}, "sent_ts": 1758814460242, "arrival_ts": 1758814460242}
{"action": "send", "src": "NA-N34", "dst": "AS-N160", "hlc": {"phys": 1758814460846, "cnt": 0, "node": "NA-N34"}, "package_id": "PKG14460", "payload": {"status": "SENT"}, "sent_ts": 1758814460506, "arrival_ts": 1758814460506}
{"action": "send", "src": "NA-N34", "dst": "AS-N160", "hlc": {"phys": 1758814461188, "cnt": 0, "node": "NA-N34"}, "package_id": "PKG14460", "payload": {"status": "IN_TRANSIT"}, "sent_ts": 1758814460848, "arrival_ts": 1758814460848}
{"action": "send", "src": "NA-N34", "dst": "AS-N160", "hlc": {"phys": 1758814461515, "cnt": 0, "node": "NA-N34"}, "package_id": "PKG14460", "payload": {"status": "RECEIVED"}, "sent_ts": 1758814461175, "arrival_ts": 1758814461175}
{"action": "send", "src": "NA-N34", "dst": "AS-N160", "hlc": {"phys": 1758814461763, "cnt": 0, "node": "NA-N34"}, "package_id": "PKG14460", "payload": {"status": "DELIVERED"}, "sent_ts": 1758814461423, "arrival_ts": 1758814461423}
{"action": "send", "src": "NA-N34", "dst": "NA-N29", "hlc": {"phys": 1758814724380, "cnt": 0, "node": "NA-N34"}, "package_id": "PKG14724", "payload": {"status": "CREATED"}, "sent_ts": 1758814724040, "arrival_ts": 1758814724040}
{"action": "send", "src": "NA-N34", "dst": "NA-N29", "hlc": {"phys": 1758814725355, "cnt": 0, "node": "NA-N34"}, "package_id": "PKG14724", "payload": {"status": "SENT"}, "sent_ts": 1758814725015, "arrival_ts": 1758814725015}
{"action": "send", "src": "NA-N34", "dst": "NA-N29", "hlc": {"phys": 1758814725674, "cnt": 0, "node": "NA-N34"}, "package_id": "PKG14724", "payload": {"status": "IN_TRANSIT"}, "sent_ts": 1758814725334, "arrival_ts": 1758814725334}
{"action": "send", "src": "NA-N34", "dst": "NA-N29", "hlc": {"phys": 1758814725966, "cnt": 0, "node": "NA-N34"}, "package_id": "PKG14724", "payload": {"status": "RECEIVED"}, "sent_ts": 1758814725626, "arrival_ts": 1758814725626}
{"action": "send", "src": "NA-N34", "dst": "NA-N29", "hlc": {"phys": 1758814726308, "cnt": 0, "node": "NA-N34"}, "package_id": "PKG14724", "payload": {"status": "DELIVERED"}, "sent_ts": 1758814725968, "arrival_ts": 1758814725968}
{"action": "recv", "src": "NA-N33", "dst": "NA-N34", "hlc": {"phys": 1758815662326, "cnt": 0, "node": "NA-N33"}, "package_id": "PKG15661", "payload": {"status": "CREATED"}, "sent_ts": 1758815661996, "arrival_ts": 1758815662137}
{"action": "recv", "src": "NA-N33", "dst": "NA-N34", "hlc": {"phys": 1758815662669, "cnt": 0, "node": "NA-N33"}, "package_id": "PKG15661", "payload": {"status": "SENT"}, "sent_ts": 1758815662339, "arrival_ts": 1758815662424}
{"action": "recv", "src": "NA-N33", "dst": "NA-N34", "hlc": {"phys": 1758815662968, "cnt": 0, "node": "NA-N33"}, "package_id": "PKG15661", "payload": {"status": "IN_TRANSIT"}, "sent_ts": 1758815662638, "arrival_ts": 1758815662702}
{"action": "recv", "src": "NA-N33", "dst": "NA-N34", "hlc": {"phys": 1758815663245, "cnt": 0, "node": "NA-N33"}, "package_id": "PKG15661", "payload": {"status": "RECEIVED"}, "sent_ts": 1758815662915, "arrival_ts": 1758815663066}
{"action": "recv", "src": "NA-N33", "dst": "NA-N34", "hlc": {"phys": 1758815663600, "cnt": 0, "node": "NA-N33"}, "package_id": "PKG15661", "payload": {"status": "DELIVERED"}, "sent_ts": 1758815663270, "arrival_ts": 1758815663292}
