{"action": "recv", "src": "EU-N32", "dst": "NA-N16", "hlc": {"phys": 1758713018348, "cnt": 0, "node": "EU-N32"}, "package_id": "PKG13013", "payload": {"status": "CREATED"}, "sent_ts": 1758713013028, "arrival_ts": 1758713013134}
{"action": "recv", "src": "EU-N32", "dst": "NA-N16", "hlc": {"phys": 1758713018656, "cnt": 0, "node": "EU-N32"}, "package_id": "PKG13013", "payload": {"status": "SENT"}, "sent_ts": 1758713013336, "arrival_ts": 1758713013483}
{"action": "recv", "src": "EU-N32", "dst": "NA-N16", "hlc": {"phys": 1758713019013, "cnt": 0, "node": "EU-N32"}, "package_id": "PKG13013", "payload": {"status": "IN_TRANSIT"}, "sent_ts": 1758713013693, "arrival_ts": 1758713013788}
{"action": "recv", "src": "EU-N32", "dst": "NA-N16", "hlc": {"phys": 1758713019307, "cnt": 0, "node": "EU-N32"}, "package_id": "PKG13013", "payload": {"status": "RECEIVED"}, "sent_ts": 1758713013987, "arrival_ts": 1758713014122}
{"action": "recv", "src": "EU-N32", "dst": "NA-N16", "hlc": {"phys": 1758713019648, "cnt": 0, "node": "EU-N32"}, "package_id": "PKG13013", "payload": {"status": "DELIVERED"}, "sent_ts": 1758713014328, "arrival_ts": 1758713014406}
{"action": "recv", "src": "SA-N99", "dst": "NA-N16", "hlc": {"phys": 1758716562983, "cnt": 0, "node": "SA-N99"}, "package_id": "PKG16541", "payload": {"status": "CREATED"}, "sent_ts": 1758716541993, "arrival_ts": 1758716542027}
{"action": "recv", "src": "SA-N99", "dst": "NA-N16", "hlc": {"phys": 1758716563225, "cnt": 0, "node": "SA-N99"}, "package_id": "PKG16541", "payload": {"status": "SENT"}, "sent_ts": 1758716542235, "arrival_ts": 1758716542299}
{"action": "recv", "src": "SA-N99", "dst": "NA-N16", "hlc": {"phys": 1758716563494, "cnt": 0, "node": "SA-N99"}, "package_id": "PKG16541", "payload": {"status": "IN_TRANSIT"}, "sent_ts": 1758716542504, "arrival_ts": 1758716542687}
{"action": "recv", "src": "SA-N99", "dst": "NA-N16", "hlc": {"phys": 1758716563891, "cnt": 0, "node": "SA-N99"}, "package_id": "PKG16541", "payload": {"status": "RECEIVED"}, "sent_ts": 1758716542901, "arrival_ts": 1758716543002}
{"action": "recv", "src": "SA-N99", "dst": "NA-N16", "hlc": {"phys": 1758716564208, "cnt": 0, "node": "SA-N99"}, "package_id": "PKG16541", "payload": {"status": "DELIVERED"}, "sent_ts": 1758716543218, "arrival_ts": 1758716543242}
{"action": "send", "src": "NA-N16", "dst": "AN-N45", "hlc": {"phys": 1758716567320, "cnt": 0, "node": "NA-N16"}, "package_id": "PKG16567", "payload": {"status": "CREATED"}, "sent_ts": 1758716567160, "arrival_ts": 1758716567160}
{"action": "send", "src": "NA-N16", "dst": "AN-N45", "hlc": {"phys": 1758716567704, "cnt": 0, "node": "NA-N16"}, "package_id": "PKG16567", "payload": {"status": "SENT"}, "sent_ts": 1758716567544, "arrival_ts": 1758716567544}
{"action": "send", "src": "NA-N16", "dst": "AN-N45", "hlc": {"phys": 1758716568079, "cnt": 0, "node": "NA-N16"}, "package_id": "PKG16567", "payload": {"status": "IN_TRANSIT"}, "sent_ts": 1758716567919, "arrival_ts": 1758716567919}
{"action": "send", "src": "NA-N16", "dst": "AN-N45", "hlc": {"phys": 1758716568401, "cnt": 0, "node": "NA-N16"}, "package_id": "PKG16567", "payload": {"status": "RECEIVED"}, "sent_ts": 1758716568241, "arrival_ts": 1758716568241}
{"action": "send", "src": "NA-N16", "dst": "AN-N45", "hlc": {"phys": 1758716568761, "cnt": 0, "node": "NA-N16"}, "package_id": "PKG16567", "payload": {"status": "DELIVERED"}, "sent_ts": 1758716568601, "arrival_ts": 1758716568601}
{"action": "send", "src": "NA-N16", "dst": "SA-N66", "hlc": {"phys": 1758717124618, "cnt": 0, "node": "NA-N16"}, "package_id": "PKG17124", "payload": {"status": "CREATED"}, "sent_ts": 1758717124458, "arrival_ts": 1758717124458}
{"action": "send", "src": "NA-N16", "dst": "SA-N66", "hlc": {"phys": 1758717124976, "cnt": 0, "node": "NA-N16"}, "package_id": "PKG17124", "payload": {"status": "SENT"}, "sent_ts": 1758717124816, "arrival_ts": 1758717124816}
{"action": "send", "src": "NA-N16", "dst": "SA-N66", "hlc": {"phys": 1758717125318, "cnt": 0, "node": "NA-N16"}, "package_id": "PKG17124", "payload": {"status": "IN_TRANSIT"}, "sent_ts": 1758717125158, "arrival_ts": 1758717125158}
{"action": "send", "src": "NA-N16", "dst": "SA-N66", "hlc": {"phys": 1758717125621, "cnt": 0, "node": "NA-N16"}, "package_id": "PKG17124", "payload": {"status": "RECEIVED"}, "sent_ts": 1758717125461, "arrival_ts": 1758717125461}
{"action": "send", "src": "NA-N16", "dst": "SA-N66", "hlc": {"phys": 1758717125893, "cnt": 0, "node": "NA-N16"}, "package_id": "PKG17124", "payload": {"status": "DELIVERED"}, "sent_ts": 1758717125733, "arrival_ts": 1758717125733}
{"action": "recv", "src": "EU-N136", "dst": "NA-N16", "hlc": {"phys": 1758738113172, "cnt": 0, "node": "EU-N136"}, "package_id": "PKG38106", "payload": {"status": "CREATED"}, "sent_ts": 1758738106811, "arrival_ts": 1758738106933}
{"action": "recv", "src": "EU-N136", "dst": "NA-N16", "hlc": {"phys": 1758738113509, "cnt": 0, "node": "EU-N136"}, "package_id": "PKG38106", "payload": {"status": "SENT"}, "sent_ts": 1758738107149, "arrival_ts": 1758738107171}
{"action": "recv", "src": "EU-N136", "dst": "NA-N16", "hlc": {"phys": 1758738113754, "cnt": 0, "node": "EU-N136"}, "package_id": "PKG38106", "payload": {"status": "IN_TRANSIT"}, "sent_ts": 1758738107394, "arrival_ts": 1758738107540}
{"action": "recv", "src": "EU-N136", "dst": "NA-N16", "hlc": {"phys": 1758738114109, "cnt": 0, "node": "EU-N136"}, "package_id": "PKG38106", "payload": {"status": "RECEIVED"}, "sent_ts": 1758738107749, "arrival_ts": 1758738107817}
{"action": "recv", "src": "EU-N136", "dst": "NA-N16", "hlc": {"phys": 1758738114389, "cnt": 0, "node": "EU-N136"}, "package_id": "PKG38106", "payload": {"status": "DELIVERED"}, "sent_ts": 1758738108029, "arrival_ts": 1758738108073}
{"action": "send", "src": "NA-N16", "dst": "AS-N157", "hlc": {"phys": 1758741501119, "cnt": 0, "node": "NA-N16"}, "package_id": "PKG41500", "payload": {"status": "CREATED"}, "sent_ts": 1758741500959, "arrival_ts": 1758741500959}
{"action": "send", "src": "NA-N16", "dst": "AS-N157", "hlc": {"phys": 1758741501499, "cnt": 0, "node": "NA-N16"}, "package_id": "PKG41500", "payload": {"status": "SENT"}, "sent_ts": 1758741501339, "arrival_ts": 1758741501339}
{"action": "send", "src": "NA-N16", "dst": "AS-N157", "hlc": {"phys": 1758741501780, "cnt": 0, "node": "NA-N16"}, "package_id": "PKG41500", "payload": {"status": "IN_TRANSIT"}, "sent_ts": 1758741501620, "arrival_ts": 1758741501620}
{"action": "send", "src": "NA-N16", "dst": "AS-N157", "hlc": {"phys": 1758741502028, "cnt": 0, "node": "NA-N16"}, "package_id": "PKG41500", "payload": {"status": "RECEIVED"}, "sent_ts": 1758741501868, "arrival_ts": 1758741501868}
{"action": "send", "src": "NA-N16", "dst": "AS-N157", "hlc": {"phys": 1758741502384, "cnt": 0, "node": "NA-N16"}, "package_id": "PKG41500", "payload": {"status": "DELIVERED"}, "sent_ts": 1758741502224, "arrival_ts": 1758741502224}
{"action": "recv", "src": "AU-N80", "dst": "NA-N16", "hlc": {"phys": 1758744489511, "cnt": 0, "node": "AU-N80"}, "package_id": "PKG44463", "payload": {"status": "CREATED"}, "sent_ts": 1758744463711, "arrival_ts": 1758744463846}
{"action": "recv", "src": "AU-N80", "dst": "NA-N16", "hlc": {"phys": 1758744489854, "cnt": 0, "node": "AU-N80"}, "package_id": "PKG44463", "payload": {"status": "SENT"}, "sent_ts": 1758744464054, "arrival_ts": 1758744464128}
{"action": "recv", "src": "AU-N80", "dst": "NA-N16", "hlc": {"phys": 1758744490137, "cnt": 0, "node": "AU-N80"}, "package_id": "PKG44463", "payload": {"status": "IN_TRANSIT"}, "sent_ts": 1758744464337, "arrival_ts": 1758744464436}
{"action": "recv", "src": "AU-N80", "dst": "NA-N16", "hlc": {"phys": 1758744490451, "cnt": 0, "node": "AU-N80"}, "package_id": "PKG44463", "payload": {"status": "RECEIVED"}, "sent_ts": 1758744464651, "arrival_ts": 1758744464816}
{"action": "recv", "src": "AU-N80", "dst": "NA-N16", "hlc": {"phys": 1758744490838, "cnt": 0, "node": "AU-N80"}, "package_id": "PKG44463", "payload": {"status": "DELIVERED"}, "sent_ts": 1758744465038, "arrival_ts": 1758744465145}
{"action": "send", "src": "NA-N16", "dst": "EU-N120", "hlc": {"phys": 1758744525564, "cnt": 0, "node": "NA-N16"}, "package_id": "PKG44525", "payload": {"status": "CREATED"}, "sent_ts": 1758744525404, "arrival_ts": 1758744525404}
{"action": "send", "src": "NA-N16", "dst": "EU-N120", "hlc": {"phys": 1758744525890, "cnt": 0, "node": "NA-N16"}, "package_id": "PKG44525", "payload": {"status": "SENT"}, "sent_ts": 1758744525730, "arrival_ts": 1758744525730}
{"action": "send", "src": "NA-N16", "dst": "EU-N120", "hlc": {"phys": 1758744526278, "cnt": 0, "node": "NA-N16"}, "package_id": "PKG44525", "payload": {"status": "IN_TRANSIT"}, "sent_ts": 1758744526118, "arrival_ts": 1758744526118}
{"action": "send", "src": "NA-N16", "dst": "EU-N120", "hlc": {"phys": 1758744526618, "cnt": 0, "node": "NA-N16"}, "package_id": "PKG44525", "payload": {"status": "RECEIVED"}, "sent_ts": 1758744526458, "arrival_ts": 1758744526458}
{"action": "send", "src": "NA-N16", "dst": "EU-N120", "hlc": {"phys": 1758744526927, "cnt": 0, "node": "NA-N16"}, "package_id": "PKG44525", "payload": {"status": "DELIVERED"}, "sent_ts": 1758744526767, "arrival_ts": 1758744526767}
{"action": "recv", "src": "NA-N75", "dst": "NA-N16", "hlc": {"phys": 1758747638017, "cnt": 0, "node": "NA-N75"}, "package_id": "PKG47637", "payload": {"status": "CREATED"}, "sent_ts": 1758747637267, "arrival_ts": 1758747637467}
{"action": "recv", "src": "NA-N75", "dst": "NA-N16", "hlc": {"phys": 1758747638433, "cnt": 0, "node": "NA-N75"}, "package_id": "PKG47637", "payload": {"status": "SENT"}, "sent_ts": 1758747637683, "arrival_ts": 1758747637841}
{"action": "recv", "src": "NA-N75", "dst": "NA-N16", "hlc": {"phys": 1758747638807, "cnt": 0, "node": "NA-N75"}, "package_id": "PKG47637", "payload": {"status": "IN_TRANSIT"}, "sent_ts": 1758747638056, "arrival_ts": 1758747638231}
{"action": "recv", "src": "NA-N75", "dst": "NA-N16", "hlc": {"phys": 1758747639192, "cnt": 0, "node": "NA-N75"}, "package_id": "PKG47637", "payload": {"status": "RECEIVED"}, "sent_ts": 1758747638442, "arrival_ts": 1758747638479}
{"action": "recv", "src": "NA-N75", "dst": "NA-N16", "hlc": {"phys": 1758747639424, "cnt": 0, "node": "NA-N75"}, "package_id": "PKG47637", "payload": {"status": "DELIVERED"}, "sent_ts": 1758747638674, "arrival_ts": 1758747638775}
{"action": "send", "src": "NA-N16", "dst": "NA-N75", "hlc": {"phys": 1758748322607, "cnt": 0, "node": "NA-N16"}, "package_id": "PKG48322", "payload": {"status": "CREATED"}, "sent_ts": 1758748322447, "arrival_ts": 1758748322447}
{"action": "send", "src": "NA-N16", "dst": "NA-N75", "hlc": {"phys": 1758748322855, "cnt": 0, "node": "NA-N16"}, "package_id": "PKG48322", "payload": {"status": "SENT"}, "sent_ts": 1758748322695, "arrival_ts": 1758748322695}
{"action": "send", "src": "NA-N16", "dst": "NA-N75", "hlc": {"phys": 1758748323105, "cnt": 0, "node": "NA-N16"}, "package_id": "PKG48322", "payload": {"status": "IN_TRANSIT"}, "sent_ts": 1758748322945, "arrival_ts": 1758748322945}
{"action": "send", "src": "NA-N16", "dst": "NA-N75", "hlc": {"phys": 1758748323492, "cnt": 0, "node": "NA-N16"}, "package_id": "PKG48322", "payload": {"status": "RECEIVED"}, "sent_ts": 1758748323332, "arrival_ts": 1758748323332}
{"action": "send", "src": "NA-N16", "dst": "NA-N75", "hlc": {"phys": 1758748323820, "cnt": 0, "node": "NA-N16"}, "package_id": "PKG48322", "payload": {"status": "DELIVERED"}, "sent_ts": 1758748323660, "arrival_ts": 1758748323660}
{"action": "recv", "src": "AU-N62", "dst": "NA-N16", "hlc": {"phys": 1758749726870, "cnt": 0, "node": "AU-N62"}, "package_id": "PKG49701", "payload": {"status": "CREATED"}, "sent_ts": 1758749701250, "arrival_ts": 1758749701424}
{"action": "recv", "src": "AU-N62", "dst": "NA-N16", "hlc": {"phys": 1758749727246, "cnt": 0, "node": "AU-N62"}, "package_id": "PKG49701", "payload": {"status": "SENT"}, "sent_ts": 1758749701626, "arrival_ts": 1758749701642}
{"action": "recv", "src": "AU-N62", "dst": "NA-N16", "hlc": {"phys": 1758749727465, "cnt": 0, "node": "AU-N62"}, "package_id": "PKG49701", "payload": {"status": "IN_TRANSIT"}, "sent_ts": 1758749701845, "arrival_ts": 1758749701988}
{"action": "recv", "src": "AU-N62", "dst": "NA-N16", "hlc": {"phys": 1758749727821, "cnt": 0, "node": "AU-N62"}, "package_id": "PKG49701", "payload": {"status": "RECEIVED"}, "sent_ts": 1758749702201, "arrival_ts": 1758749702242}
{"action": "recv", "src": "AU-N62", "dst": "NA-N16", "hlc": {"phys": 1758749728068, "cnt": 0, "node": "AU-N62"}, "package_id": "PKG49701", "payload": {"status": "DELIVERED"}, "sent_ts": 1758749702448, "arrival_ts": 1758749702555}
{"action": "recv", "src": "AU-N93", "dst": "NA-N16", "hlc": {"phys": 1758754336969, "cnt": 0, "node": "AU-N93"}, "package_id": "PKG54311", "payload": {"status": "CREATED"}, "sent_ts": 1758754311039, "arrival_ts": 1758754311157}
{"action": "recv", "src": "AU-N93", "dst": "NA-N16", "hlc": {"phys": 1758754337309, "cnt": 0, "node": "AU-N93"}, "package_id": "PKG54311", "payload": {"status": "SENT"}, "sent_ts": 1758754311379, "arrival_ts": 1758754311436}
{"action": "recv", "src": "AU-N93", "dst": "NA-N16", "hlc": {"phys": 1758754337577, "cnt": 0, "node": "AU-N93"}, "package_id": "PKG54311", "payload": {"status": "IN_TRANSIT"}, "sent_ts": 1758754311647, "arrival_ts": 1758754311770}
{"action": "recv", "src": "AU-N93", "dst": "NA-N16", "hlc": {"phys": 1758754337911, "cnt": 0, "node": "AU-N93"}, "package_id": "PKG54311", "payload": {"status": "RECEIVED"}, "sent_ts": 1758754311981, "arrival_ts": 1758754311996}
{"action": "recv", "src": "AU-N93", "dst": "NA-N16", "hlc": {"phys": 1758754338124, "cnt": 0, "node": "AU-N93"}, "package_id": "PKG54311", "payload": {"status": "DELIVERED"}, "sent_ts": 1758754312194, "arrival_ts": 1758754312330}
{"action": "send", "src": "NA-N16", "dst": "AN-N106", "hlc": {"phys": 1758757433955, "cnt": 0, "node": "NA-N16"}, "package_id": "PKG57433", "payload": {"status": "CREATED"}, "sent_ts": 1758757433795, "arrival_ts": 1758757433795}
{"action": "send", "src": "NA-N16", "dst": "AN-N106", "hlc": {"phys": 1758757434227, "cnt": 0, "node": "NA-N16"}, "package_id": "PKG57433", "payload": {"status": "SENT"}, "sent_ts": 1758757434067, "arrival_ts": 1758757434067}
{"action": "send", "src": "NA-N16", "dst": "AN-N106", "hlc": {"phys": 1758757434497, "cnt": 0, "node": "NA-N16"}, "package_id": "PKG57433", "payload": {"status": "IN_TRANSIT"}, "sent_ts": 1758757434337, "arrival_ts": 1758757434337}
{"action": "send", "src": "NA-N16", "dst": "AN-N106", "hlc": {"phys": 1758757434800, "cnt": 0, "node": "NA-N16"}, "package_id": "PKG57433", "payload": {"status": "RECEIVED"}, "sent_ts": 1758757434640, "arrival_ts": 1758757434640}
{"action": "send", "src": "NA-N16", "dst": "AN-N106", "hlc": {"phys": 1758757435176, "cnt": 0, "node": "NA-N16"}, "package_id": "PKG57433", "payload": {"status": "DELIVERED"}, "sent_ts": 1758757435016, "arrival_ts": 1758757435016}
{"action": "send", "src": "NA-N16", "dst": "AS-N45", "hlc": {"phys": 1758757932878, "cnt": 0, "node": "NA-N16"}, "package_id": "PKG57932", "payload": {"status": "CREATED"}, "sent_ts": 1758757932718, "arrival_ts": 1758757932718}
{"action": "send", "src": "NA-N16", "dst": "AS-N45", "hlc": {"phys": 1758757933244, "cnt": 0, "node": "NA-N16"}, "package_id": "PKG57932", "payload": {"status": "SENT"}, "sent_ts": 1758757933084, "arrival_ts": 1758757933084}
{"action": "send", "src": "NA-N16", "dst": "AS-N45", "hlc": {"phys": 1758757933578, "cnt": 0, "node": "NA-N16"}, "package_id": "PKG57932", "payload": {"status": "IN_TRANSIT"}, "sent_ts": 1758757933418, "arrival_ts": 1758757933418}
{"action": "send", "src": "NA-N16", "dst": "AS-N45", "hlc": {"phys": 1758757933961, "cnt": 0, "node": "NA-N16"}, "package_id": "PKG57932", "payload": {"status": "RECEIVED"}, "sent_ts": 1758757933801, "arrival_ts": 1758757933801}
{"action": "send", "src": "NA-N16", "dst": "AS-N45", "hlc": {"phys": 1758757934232, "cnt": 0, "node": "NA-N16"}, "package_id": "PKG57932", "payload": {"status": "DELIVERED"}, "sent_ts": 1758757934072, "arrival_ts": 1758757934072}
{"action": "recv", "src": "AS-N100", "dst": "NA-N16", "hlc": {"phys": 1758802429589, "cnt": 0, "node": "AS-N100"}, "package_id": "PKG2418", "payload": {"status": "CREATED"}, "sent_ts": 1758802418589, "arrival_ts": 1758802418682}
{"action": "recv", "src": "AS-N100", "dst": "NA-N16", "hlc": {"phys": 1758802429887, "cnt": 0, "node": "AS-N100"}, "package_id": "PKG2418", "payload": {"status": "SENT"}, "sent_ts": 1758802418887, "arrival_ts": 1758802418920}
{"action": "recv", "src": "AS-N100", "dst": "NA-N16", "hlc": {"phys": 1758802430152, "cnt": 0, "node": "AS-N100"}, "package_id": "PKG2418", "payload": {"status": "IN_TRANSIT"}, "sent_ts": 1758802419152, "arrival_ts": 1758802419197}
{"action": "recv", "src": "AS-N100", "dst": "NA-N16", "hlc": {"phys": 1758802430402, "cnt": 0, "node": "AS-N100"}, "package_id": "PKG2418", "payload": {"status": "RECEIVED"}, "sent_ts": 1758802419402, "arrival_ts": 1758802419507}
{"action": "recv", "src": "AS-N100", "dst": "NA-N16", "hlc": {"phys": 1758802430712, "cnt": 0, "node": "AS-N100"}, "package_id": "PKG2418", "payload": {"status": "DELIVERED"}, "sent_ts": 1758802419712, "arrival_ts": 1758802419887}
{"action": "recv", "src": "NA-N170", "dst": "NA-N16", "hlc": {"phys": 1758803948630, "cnt": 0, "node": "NA-N170"}, "package_id": "PKG3946", "payload": {"status": "CREATED"}, "sent_ts": 1758803946930, "arrival_ts": 1758803947103}
{"action": "recv", "src": "NA-N170", "dst": "NA-N16", "hlc": {"phys": 1758803949002, "cnt": 0, "node": "NA-N170"}, "package_id": "PKG3946", "payload": {"status": "SENT"}, "sent_ts": 1758803947302, "arrival_ts": 1758803947475}
{"action": "recv", "src": "NA-N170", "dst": "NA-N16", "hlc": {"phys": 1758803949373, "cnt": 0, "node": "NA-N170"}, "package_id": "PKG3946", "payload": {"status": "IN_TRANSIT"}, "sent_ts": 1758803947673, "arrival_ts": 1758803947717}
{"action": "recv", "src": "NA-N170", "dst": "NA-N16", "hlc": {"phys": 1758803949621, "cnt": 0, "node": "NA-N170"}, "package_id": "PKG3946", "payload": {"status": "RECEIVED"}, "sent_ts": 1758803947921, "arrival_ts": 1758803947973}
{"action": "recv", "src": "NA-N170", "dst": "NA-N16", "hlc": {"phys": 1758803949886, "cnt": 0, "node": "NA-N170"}, "package_id": "PKG3946", "payload": {"status": "DELIVERED"}, "sent_ts": 1758803948186, "arrival_ts": 1758803948289}
{"action": "recv", "src": "AS-N193", "dst": "NA-N16", "hlc": {"phys": 1758804762688, "cnt": 0, "node": "AS-N193"}, "package_id": "PKG4750", "payload": {"status": "CREATED"}, "sent_ts": 1758804750758, "arrival_ts": 1758804751482}
{"action": "recv", "src": "AS-N193", "dst": "NA-N16", "hlc": {"phys": 1758804763622, "cnt": 0, "node": "AS-N193"}, "package_id": "PKG4750", "payload": {"status": "SENT"}, "sent_ts": 1758804751692, "arrival_ts": 1758804751725}
{"action": "recv", "src": "AS-N193", "dst": "NA-N16", "hlc": {"phys": 1758804763841, "cnt": 0, "node": "AS-N193"}, "package_id": "PKG4750", "payload": {"status": "IN_TRANSIT"}, "sent_ts": 1758804751911, "arrival_ts": 1758804751990}
{"action": "recv", "src": "AS-N193", "dst": "NA-N16", "hlc": {"phys": 1758804764128, "cnt": 0, "node": "AS-N193"}, "package_id": "PKG4750", "payload": {"status": "RECEIVED"}, "sent_ts": 1758804752198, "arrival_ts": 1758804752292}
{"action": "recv", "src": "AS-N193", "dst": "NA-N16", "hlc": {"phys": 1758804764432, "cnt": 0, "node": "AS-N193"}, "package_id": "PKG4750", "payload": {"status": "DELIVERED"}, "sent_ts": 1758804752502, "arrival_ts": 1758804752543}
{"action": "send", "src": "NA-N16", "dst": "AN-N131", "hlc": {"phys": 1758812556980, "cnt": 0, "node": "NA-N16"}, "package_id": "PKG12556", "payload": {"status": "CREATED"}, "sent_ts": 1758812556820, "arrival_ts": 1758812556820}
{"action": "send", "src": "NA-N16", "dst": "AN-N131", "hlc": {"phys": 1758812557259, "cnt": 0, "node": "NA-N16"}, "package_id": "PKG12556", "payload": {"status": "SENT"}, "sent_ts": 1758812557099, "arrival_ts": 1758812557099}
{"action": "send", "src": "NA-N16", "dst": "AN-N131", "hlc": {"phys": 1758812557522, "cnt": 0, "node": "NA-N16"}, "package_id": "PKG12556", "payload": {"status": "IN_TRANSIT"}, "sent_ts": 1758812557362, "arrival_ts": 1758812557362}
{"action": "send", "src": "NA-N16", "dst": "AN-N131", "hlc": {"phys": 1758812557863, "cnt": 0, "node": "NA-N16"}, "package_id": "PKG12556", "payload": {"status": "RECEIVED"}, "sent_ts": 1758812557703, "arrival_ts": 1758812557703}
{"action": "send", "src": "NA-N16", "dst": "AN-N131", "hlc": {"phys": 1758812558097, "cnt": 0, "node": "NA-N16"}, "package_id": "PKG12556", "payload": {"status": "DELIVERED"}, "sent_ts": 1758812557937, "arrival_ts": 1758812557937}
{"action": "recv", "src": "AN-N168", "dst": "NA-N16", "hlc": {"phys": 1758813545147, "cnt": 0, "node": "AN-N168"}, "package_id": "PKG13513", "payload": {"status": "CREATED"}, "sent_ts": 1758813513467, "arrival_ts": 1758813513506}
{"action": "recv", "src": "AN-N168", "dst": "NA-N16", "hlc": {"phys": 1758813545394, "cnt": 0, "node": "AN-N168"}, "package_id": "PKG13513", "payload": {"status": "SENT"}, "sent_ts": 1758813513714, "arrival_ts": 1758813513887}
{"action": "recv", "src": "AN-N168", "dst": "NA-N16", "hlc": {"phys": 1758813545769, "cnt": 0, "node": "AN-N168"}, "package_id": "PKG13513", "payload": {"status": "IN_TRANSIT"}, "sent_ts": 1758813514089, "arrival_ts": 1758813514273}
{"action": "recv", "src": "AN-N168", "dst": "NA-N16", "hlc": {"phys": 1758813546158, "cnt": 0, "node": "AN-N168"}, "package_id": "PKG13513", "payload": {"status": "RECEIVED"}, "sent_ts": 1758813514478, "arrival_ts": 1758813514622}
{"action": "recv", "src": "AN-N168", "dst": "NA-N16", "hlc": {"phys": 1758813546500, "cnt": 0, "node": "AN-N168"}, "package_id": "PKG13513", "payload": {"status": "DELIVERED"}, "sent_ts": 1758813514820, "arrival_ts": 1758813514953}
{"action": "recv", "src": "EU-N157", "dst": "NA-N16", "hlc": {"phys": 1758813810783, "cnt": 0, "node": "EU-N157"}, "package_id": "PKG13804", "payload": {"status": "CREATED"}, "sent_ts": 1758813804213, "arrival_ts": 1758813804374}
{"action": "recv", "src": "EU-N157", "dst": "NA-N16", "hlc": {"phys": 1758813811156, "cnt": 0, "node": "EU-N157"}, "package_id": "PKG13804", "payload": {"status": "SENT"}, "sent_ts": 1758813804586, "arrival_ts": 1758813804711}
{"action": "recv", "src": "EU-N157", "dst": "NA-N16", "hlc": {"phys": 1758813811485, "cnt": 0, "node": "EU-N157"}, "package_id": "PKG13804", "payload": {"status": "IN_TRANSIT"}, "sent_ts": 1758813804915, "arrival_ts": 1758813804975}
{"action": "recv", "src": "EU-N157", "dst": "NA-N16", "hlc": {"phys": 1758813811762, "cnt": 0, "node": "EU-N157"}, "package_id": "PKG13804", "payload": {"status": "RECEIVED"}, "sent_ts": 1758813805192, "arrival_ts": 1758813805388}
{"action": "recv", "src": "EU-N157", "dst": "NA-N16", "hlc": {"phys": 1758813812153, "cnt": 0, "node": "EU-N157"}, "package_id": "PKG13804", "payload": {"status": "DELIVERED"}, "sent_ts": 1758813805583, "arrival_ts": 1758813805783}
{"action": "recv", "src": "EU-N177", "dst": "NA-N16", "hlc": {"phys": 1758814462141, "cnt": 0, "node": "EU-N177"}, "package_id": "PKG14455", "payload": {"status": "CREATED"}, "sent_ts": 1758814455371, "arrival_ts": 1758814455451}
{"action": "recv", "src": "EU-N177", "dst": "NA-N16", "hlc": {"phys": 1758814462438, "cnt": 0, "node": "EU-N177"}, "package_id": "PKG14455", "payload": {"status": "SENT"}, "sent_ts": 1758814455668, "arrival_ts": 1758814455713}
{"action": "recv", "src": "EU-N177", "dst": "NA-N16", "hlc": {"phys": 1758814462685, "cnt": 0, "node": "EU-N177"}, "package_id": "PKG14455", "payload": {"status": "IN_TRANSIT"}, "sent_ts": 1758814455915, "arrival_ts": 1758814455940}
{"action": "recv", "src": "EU-N177", "dst": "NA-N16", "hlc": {"phys": 1758814462918, "cnt": 0, "node": "EU-N177"}, "package_id": "PKG14455", "payload": {"status": "RECEIVED"}, "sent_ts": 1758814456148, "arrival_ts": 1758814456326}
{"action": "recv", "src": "EU-N177", "dst": "NA-N16", "hlc": {"phys": 1758814463293, "cnt": 0, "node": "EU-N177"}, "package_id": "PKG14455", "payload": {"status": "DELIVERED"}, "sent_ts": 1758814456523, "arrival_ts": 1758814456615}
{"action": "recv", "src": "EU-N9", "dst": "NA-N16", "hlc": {"phys": 1758816709651, "cnt": 0, "node": "EU-N9"}, "package_id": "PKG16704", "payload": {"status": "CREATED"}, "sent_ts": 1758816704561, "arrival_ts": 1758816704757}
{"action": "recv", "src": "EU-N9", "dst": "NA-N16", "hlc": {"phys": 1758816710052, "cnt": 0, "node": "EU-N9"}, "package_id": "PKG16704", "payload": {"status": "SENT"}, "sent_ts": 1758816704962, "arrival_ts": 1758816705096}
{"action": "recv", "src": "EU-N9", "dst": "NA-N16", "hlc": {"phys": 1758816710392, "cnt": 0, "node": "EU-N9"}, "package_id": "PKG16704", "payload": {"status": "IN_TRANSIT"}, "sent_ts": 1758816705302, "arrival_ts": 1758816705501}
{"action": "recv", "src": "EU-N9", "dst": "NA-N16", "hlc": {"phys": 1758816710797, "cnt": 0, "node": "EU-N9"}, "package_id": "PKG16704", "payload": {"status": "RECEIVED"}, "sent_ts": 1758816705707, "arrival_ts": 1758816705822}
{"action": "recv", "src": "EU-N9", "dst": "NA-N16", "hlc": {"phys": 1758816711109, "cnt": 0, "node": "EU-N9"}, "package_id": "PKG16704", "payload": {"status": "DELIVERED"}, "sent_ts": 1758816706019, "arrival_ts": 1758816706108}
