{"action": "send", "src": "NA-N146", "dst": "AF-N174", "hlc": {"phys": 1758712697206, "cnt": 0, "node": "NA-N146"}, "package_id": "PKG12695", "payload": {"status": "CREATED"}, "sent_ts": 1758712695746, "arrival_ts": 1758712695746}
{"action": "send", "src": "NA-N146", "dst": "AF-N174", "hlc": {"phys": 1758712697544, "cnt": 0, "node": "NA-N146"}, "package_id": "PKG12695", "payload": {"status": "SENT"}, "sent_ts": 1758712696084, "arrival_ts": 1758712696084}
{"action": "send", "src": "NA-N146", "dst": "AF-N174", "hlc": {"phys": 1758712697779, "cnt": 0, "node": "NA-N146"}, "package_id": "PKG12695", "payload": {"status": "IN_TRANSIT"}, "sent_ts": 1758712696319, "arrival_ts": 1758712696319}
{"action": "send", "src": "NA-N146", "dst": "AF-N174", "hlc": {"phys": 1758712698163, "cnt": 0, "node": "NA-N146"}, "package_id": "PKG12695", "payload": {"status": "RECEIVED"}, "sent_ts": 1758712696703, "arrival_ts": 1758712696703}
{"action": "send", "src": "NA-N146", "dst": "AF-N174", "hlc": {"phys": 1758712698489, "cnt": 0, "node": "NA-N146"}, "package_id": "PKG12695", "payload": {"status": "DELIVERED"}, "sent_ts": 1758712697029, "arrival_ts": 1758712697029}
{"action": "send", "src": "NA-N146", "dst": "EU-N160", "hlc": {"phys": 1758738705218, "cnt": 0, "node": "NA-N146"}, "package_id": "PKG38703", "payload": {"status": "CREATED"}, "sent_ts": 1758738703758, "arrival_ts": 1758738703758}
{"action": "send", "src": "NA-N146", "dst": "EU-N160", "hlc": {"phys": 1758738705480, "cnt": 0, "node": "NA-N146"}, "package_id": "PKG38703", "payload": {"status": "SENT"}, "sent_ts": 1758738704020, "arrival_ts": 1758738704020}
{"action": "send", "src": "NA-N146", "dst": "EU-N160", "hlc": {"phys": 1758738705831, "cnt": 0, "node": "NA-N146"}, "package_id": "PKG38703", "payload": {"status": "IN_TRANSIT"}, "sent_ts": 1758738704371, "arrival_ts": 1758738704371}
{"action": "send", "src": "NA-N146", "dst": "EU-N160", "hlc": {"phys": 1758738706109, "cnt": 0, "node": "NA-N146"}, "package_id": "PKG38703", "payload": {"status": "RECEIVED"}, "sent_ts": 1758738704649, "arrival_ts": 1758738704649}
{"action": "send", "src": "NA-N146", "dst": "EU-N160", "hlc": {"phys": 1758738706402, "cnt": 0, "node": "NA-N146"}, "package_id": "PKG38703", "payload": {"status": "DELIVERED"}, "sent_ts": 1758738704942, "arrival_ts": 1758738704942}
{"action": "send", "src": "NA-N146", "dst": "NA-N96", "hlc": {"phys": 1758739832014, "cnt": 0, "node": "NA-N146"}, "package_id": "PKG39830", "payload": {"status": "CREATED"}, "sent_ts": 1758739830554, "arrival_ts": 1758739830554}
{"action": "send", "src": "NA-N146", "dst": "NA-N96", "hlc": {"phys": 1758739832372, "cnt": 0, "node": "NA-N146"}, "package_id": "PKG39830", "payload": {"status": "SENT"}, "sent_ts": 1758739830912, "arrival_ts": 1758739830912}
{"action": "send", "src": "NA-N146", "dst": "NA-N96", "hlc": {"phys": 1758739832648, "cnt": 0, "node": "NA-N146"}, "package_id": "PKG39830", "payload": {"status": "IN_TRANSIT"}, "sent_ts": 1758739831188, "arrival_ts": 1758739831188}
{"action": "send", "src": "NA-N146", "dst": "NA-N96", "hlc": {"phys": 1758739833039, "cnt": 0, "node": "NA-N146"}, "package_id": "PKG39830", "payload": {"status": "RECEIVED"}, "sent_ts": 1758739831579, "arrival_ts": 1758739831579}
{"action": "send", "src": "NA-N146", "dst": "NA-N96", "hlc": {"phys": 1758739833355, "cnt": 0, "node": "NA-N146"}, "package_id": "PKG39830", "payload": {"status": "DELIVERED"}, "sent_ts": 1758739831895, "arrival_ts": 1758739831895}
{"action": "recv", "src": "AS-N195", "dst": "NA-N146", "hlc": {"phys": 1758741691277, "cnt": 0, "node": "AS-N195"}, "package_id": "PKG41679", "payload": {"status": "CREATED"}, "sent_ts": 1758741679327, "arrival_ts": 1758741679523}
{"action": "recv", "src": "AS-N195", "dst": "NA-N146", "hlc": {"phys": 1758741691679, "cnt": 0, "node": "AS-N195"}, "package_id": "PKG41679", "payload": {"status": "SENT"}, "sent_ts": 1758741679729, "arrival_ts": 1758741679904}
{"action": "recv", "src": "AS-N195", "dst": "NA-N146", "hlc": {"phys": 1758741692052, "cnt": 0, "node": "AS-N195"}, "package_id": "PKG41679", "payload": {"status": "IN_TRANSIT"}, "sent_ts": 1758741680102, "arrival_ts": 1758741680195}
{"action": "recv", "src": "AS-N195", "dst": "NA-N146", "hlc": {"phys": 1758741692346, "cnt": 0, "node": "AS-N195"}, "package_id": "PKG41679", "payload": {"status": "RECEIVED"}, "sent_ts": 1758741680396, "arrival_ts": 1758741680513}
{"action": "recv", "src": "AS-N195", "dst": "NA-N146", "hlc": {"phys": 1758741692670, "cnt": 0, "node": "AS-N195"}, "package_id": "PKG41679", "payload": {"status": "DELIVERED"}, "sent_ts": 1758741680720, "arrival_ts": 1758741680809}
{"action": "send", "src": "NA-N146", "dst": "SA-N118", "hlc": {"phys": 1758742745330, "cnt": 0, "node": "NA-N146"}, "package_id": "PKG42743", "payload": {"status": "CREATED"}, "sent_ts": 1758742743870, "arrival_ts": 1758742743870}
{"action": "send", "src": "NA-N146", "dst": "SA-N118", "hlc": {"phys": 1758742745669, "cnt": 0, "node": "NA-N146"}, "package_id": "PKG42743", "payload": {"status": "SENT"}, "sent_ts": 1758742744209, "arrival_ts": 1758742744209}
{"action": "send", "src": "NA-N146", "dst": "SA-N118", "hlc": {"phys": 1758742745995, "cnt": 0, "node": "NA-N146"}, "package_id": "PKG42743", "payload": {"status": "IN_TRANSIT"}, "sent_ts": 1758742744535, "arrival_ts": 1758742744535}
{"action": "send", "src": "NA-N146", "dst": "SA-N118", "hlc": {"phys": 1758742746334, "cnt": 0, "node": "NA-N146"}, "package_id": "PKG42743", "payload": {"status": "RECEIVED"}, "sent_ts": 1758742744874, "arrival_ts": 1758742744874}
{"action": "send", "src": "NA-N146", "dst": "SA-N118", "hlc": {"phys": 1758742746718, "cnt": 0, "node": "NA-N146"}, "package_id": "PKG42743", "payload": {"status": "DELIVERED"}, "sent_ts": 1758742745258, "arrival_ts": 1758742745258}
{"action": "send", "src": "NA-N146", "dst": "NA-N189", "hlc": {"phys": 1758742748101, "cnt": 0, "node": "NA-N146"}, "package_id": "PKG42746", "payload": {"status": "CREATED"}, "sent_ts": 1758742746641, "arrival_ts": 1758742746641}
{"action": "send", "src": "NA-N146", "dst": "NA-N189", "hlc": {"phys": 1758742748489, "cnt": 0, "node": "NA-N146"}, "package_id": "PKG42746", "payload": {"status": "SENT"}, "sent_ts": 1758742747029, "arrival_ts": 1758742747029}
{"action": "send", "src": "NA-N146", "dst": "NA-N189", "hlc": {"phys": 1758742748858, "cnt": 0, "node": "NA-N146"}, "package_id": "PKG42746", "payload": {"status": "IN_TRANSIT"}, "sent_ts": 1758742747398, "arrival_ts": 1758742747398}
{"action": "send", "src": "NA-N146", "dst": "NA-N189", "hlc": {"phys": 1758742749228, "cnt": 0, "node": "NA-N146"}, "package_id": "PKG42746", "payload": {"status": "RECEIVED"}, "sent_ts": 1758742747768, "arrival_ts": 1758742747768}
{"action": "send", "src": "NA-N146", "dst": "NA-N189", "hlc": {"phys": 1758742749523, "cnt": 0, "node": "NA-N146"}, "package_id": "PKG42746", "payload": {"status": "DELIVERED"}, "sent_ts": 1758742748063, "arrival_ts": 1758742748063}
{"action": "recv", "src": "AS-N32", "dst": "NA-N146", "hlc": {"phys": 1758743149178, "cnt": 0, "node": "AS-N32"}, "package_id": "PKG43138", "payload": {"status": "CREATED"}, "sent_ts": 1758743138858, "arrival_ts": 1758743138893}
{"action": "recv", "src": "AS-N32", "dst": "NA-N146", "hlc": {"phys": 1758743149427, "cnt": 0, "node": "AS-N32"}, "package_id": "PKG43138", "payload": {"status": "SENT"}, "sent_ts": 1758743139107, "arrival_ts": 1758743139280}
{"action": "recv", "src": "AS-N32", "dst": "NA-N146", "hlc": {"phys": 1758743149814, "cnt": 0, "node": "AS-N32"}, "package_id": "PKG43138", "payload": {"status": "IN_TRANSIT"}, "sent_ts": 1758743139494, "arrival_ts": 1758743139654}
{"action": "recv", "src": "AS-N32", "dst": "NA-N146", "hlc": {"phys": 1758743150170, "cnt": 0, "node": "AS-N32"}, "package_id": "PKG43138", "payload": {"status": "RECEIVED"}, "sent_ts": 1758743139850, "arrival_ts": 1758743140043}
{"action": "recv", "src": "AS-N32", "dst": "NA-N146", "hlc": {"phys": 1758743150558, "cnt": 0, "node": "AS-N32"}, "package_id": "PKG43138", "payload": {"status": "DELIVERED"}, "sent_ts": 1758743140238, "arrival_ts": 1758743140283}
{"action": "recv", "src": "AS-N61", "dst": "NA-N146", "hlc": {"phys": 1758747130236, "cnt": 0, "node": "AS-N61"}, "package_id": "PKG47119", "payload": {"status": "CREATED"}, "sent_ts": 1758747119626, "arrival_ts": 1758747119717}
{"action": "recv", "src": "AS-N61", "dst": "NA-N146", "hlc": {"phys": 1758747130544, "cnt": 0, "node": "AS-N61"}, "package_id": "PKG47119", "payload": {"status": "SENT"}, "sent_ts": 1758747119934, "arrival_ts": 1758747120121}
{"action": "recv", "src": "AS-N61", "dst": "NA-N146", "hlc": {"phys": 1758747130947, "cnt": 0, "node": "AS-N61"}, "package_id": "PKG47119", "payload": {"status": "IN_TRANSIT"}, "sent_ts": 1758747120337, "arrival_ts": 1758747120508}
{"action": "recv", "src": "AS-N61", "dst": "NA-N146", "hlc": {"phys": 1758747131332, "cnt": 0, "node": "AS-N61"}, "package_id": "PKG47119", "payload": {"status": "RECEIVED"}, "sent_ts": 1758747120722, "arrival_ts": 1758747120787}
{"action": "recv", "src": "AS-N61", "dst": "NA-N146", "hlc": {"phys": 1758747131599, "cnt": 0, "node": "AS-N61"}, "package_id": "PKG47119", "payload": {"status": "DELIVERED"}, "sent_ts": 1758747120989, "arrival_ts": 1758747121063}
{"action": "send", "src": "NA-N146", "dst": "AU-N72", "hlc": {"phys": 1758754360834, "cnt": 0, "node": "NA-N146"}, "package_id": "PKG54359", "payload": {"status": "CREATED"}, "sent_ts": 1758754359374, "arrival_ts": 1758754359374}
{"action": "send", "src": "NA-N146", "dst": "AU-N72", "hlc": {"phys": 1758754361234, "cnt": 0, "node": "NA-N146"}, "package_id": "PKG54359", "payload": {"status": "SENT"}, "sent_ts": 1758754359774, "arrival_ts": 1758754359774}
{"action": "send", "src": "NA-N146", "dst": "AU-N72", "hlc": {"phys": 1758754361500, "cnt": 0, "node": "NA-N146"}, "package_id": "PKG54359", "payload": {"status": "IN_TRANSIT"}, "sent_ts": 1758754360040, "arrival_ts": 1758754360040}
{"action": "send", "src": "NA-N146", "dst": "AU-N72", "hlc": {"phys": 1758754361874, "cnt": 0, "node": "NA-N146"}, "package_id": "PKG54359", "payload": {"status": "RECEIVED"}, "sent_ts": 1758754360414, "arrival_ts": 1758754360414}
{"action": "send", "src": "NA-N146", "dst": "AU-N72", "hlc": {"phys": 1758754362206, "cnt": 0, "node": "NA-N146"}, "package_id": "PKG54359", "payload": {"status": "DELIVERED"}, "sent_ts": 1758754360746, "arrival_ts": 1758754360746}
{"action": "send", "src": "NA-N146", "dst": "AS-N147", "hlc": {"phys": 1758755463415, "cnt": 0, "node": "NA-N146"}, "package_id": "PKG55461", "payload": {"status": "CREATED"}, "sent_ts": 1758755461955, "arrival_ts": 1758755461955}
{"action": "send", "src": "NA-N146", "dst": "AS-N147", "hlc": {"phys": 1758755463831, "cnt": 0, "node": "NA-N146"}, "package_id": "PKG55461", "payload": {"status": "SENT"}, "sent_ts": 1758755462371, "arrival_ts": 1758755462371}
{"action": "send", "src": "NA-N146", "dst": "AS-N147", "hlc": {"phys": 1758755464143, "cnt": 0, "node": "NA-N146"}, "package_id": "PKG55461", "payload": {"status": "IN_TRANSIT"}, "sent_ts": 1758755462683, "arrival_ts": 1758755462683}
{"action": "send", "src": "NA-N146", "dst": "AS-N147", "hlc": {"phys": 1758755464500, "cnt": 0, "node": "NA-N146"}, "package_id": "PKG55461", "payload": {"status": "RECEIVED"}, "sent_ts": 1758755463040, "arrival_ts": 1758755463040}
{"action": "send", "src": "NA-N146", "dst": "AS-N147", "hlc": {"phys": 1758755464902, "cnt": 0, "node": "NA-N146"}, "package_id": "PKG55461", "payload": {"status": "DELIVERED"}, "sent_ts": 1758755463442, "arrival_ts": 1758755463442}
{"action": "send", "src": "NA-N146", "dst": "SA-N79", "hlc": {"phys": 1758757514730, "cnt": 0, "node": "NA-N146"}, "package_id": "PKG57513", "payload": {"status": "CREATED"}, "sent_ts": 1758757513270, "arrival_ts": 1758757513270}
{"action": "send", "src": "NA-N146", "dst": "SA-N79", "hlc": {"phys": 1758757515085, "cnt": 0, "node": "NA-N146"}, "package_id": "PKG57513", "payload": {"status": "SENT"}, "sent_ts": 1758757513625, "arrival_ts": 1758757513625}
{"action": "send", "src": "NA-N146", "dst": "SA-N79", "hlc": {"phys": 1758757515400, "cnt": 0, "node": "NA-N146"}, "package_id": "PKG57513", "payload": {"status": "IN_TRANSIT"}, "sent_ts": 1758757513940, "arrival_ts": 1758757513940}
{"action": "send", "src": "NA-N146", "dst": "SA-N79", "hlc": {"phys": 1758757515794, "cnt": 0, "node": "NA-N146"}, "package_id": "PKG57513", "payload": {"status": "RECEIVED"}, "sent_ts": 1758757514334, "arrival_ts": 1758757514334}
{"action": "send", "src": "NA-N146", "dst": "SA-N79", "hlc": {"phys": 1758757516070, "cnt": 0, "node": "NA-N146"}, "package_id": "PKG57513", "payload": {"status": "DELIVERED"}, "sent_ts": 1758757514610, "arrival_ts": 1758757514610}
{"action": "recv", "src": "AF-N11", "dst": "NA-N146", "hlc": {"phys": 1758760618815, "cnt": 0, "node": "AF-N11"}, "package_id": "PKG60603", "payload": {"status": "CREATED"}, "sent_ts": 1758760603705, "arrival_ts": 1758760603881}
{"action": "recv", "src": "AF-N11", "dst": "NA-N146", "hlc": {"phys": 1758760619206, "cnt": 0, "node": "AF-N11"}, "package_id": "PKG60603", "payload": {"status": "SENT"}, "sent_ts": 1758760604096, "arrival_ts": 1758760604279}
{"action": "recv", "src": "AF-N11", "dst": "NA-N146", "hlc": {"phys": 1758760619603, "cnt": 0, "node": "AF-N11"}, "package_id": "PKG60603", "payload": {"status": "IN_TRANSIT"}, "sent_ts": 1758760604493, "arrival_ts": 1758760604649}
{"action": "recv", "src": "AF-N11", "dst": "NA-N146", "hlc": {"phys": 1758760619969, "cnt": 0, "node": "AF-N11"}, "package_id": "PKG60603", "payload": {"status": "RECEIVED"}, "sent_ts": 1758760604859, "arrival_ts": 1758760604944}
{"action": "recv", "src": "AF-N11", "dst": "NA-N146", "hlc": {"phys": 1758760620253, "cnt": 0, "node": "AF-N11"}, "package_id": "PKG60603", "payload": {"status": "DELIVERED"}, "sent_ts": 1758760605143, "arrival_ts": 1758760605267}
{"action": "recv", "src": "NA-N93", "dst": "NA-N146", "hlc": {"phys": 1758761000103, "cnt": 0, "node": "NA-N93"}, "package_id": "PKG60999", "payload": {"status": "CREATED"}, "sent_ts": 1758760999173, "arrival_ts": 1758760999274}
{"action": "recv", "src": "NA-N93", "dst": "NA-N146", "hlc": {"phys": 1758761000420, "cnt": 0, "node": "NA-N93"}, "package_id": "PKG60999", "payload": {"status": "SENT"}, "sent_ts": 1758760999490, "arrival_ts": 1758760999532}
{"action": "recv", "src": "NA-N93", "dst": "NA-N146", "hlc": {"phys": 1758761000673, "cnt": 0, "node": "NA-N93"}, "package_id": "PKG60999", "payload": {"status": "IN_TRANSIT"}, "sent_ts": 1758760999743, "arrival_ts": 1758760999905}
{"action": "recv", "src": "NA-N93", "dst": "NA-N146", "hlc": {"phys": 1758761001031, "cnt": 0, "node": "NA-N93"}, "package_id": "PKG60999", "payload": {"status": "RECEIVED"}, "sent_ts": 1758761000101, "arrival_ts": 1758761000160}
{"action": "recv", "src": "NA-N93", "dst": "NA-N146", "hlc": {"phys": 1758761001298, "cnt": 0, "node": "NA-N93"}, "package_id": "PKG60999", "payload": {"status": "DELIVERED"}, "sent_ts": 1758761000368, "arrival_ts": 1758761000546}
{"action": "send", "src": "NA-N146", "dst": "EU-N131", "hlc": {"phys": 1758764317213, "cnt": 0, "node": "NA-N146"}, "package_id": "PKG64315", "payload": {"status": "CREATED"}, "sent_ts": 1758764315753, "arrival_ts": 1758764315753}
{"action": "send", "src": "NA-N146", "dst": "EU-N131", "hlc": {"phys": 1758764317570, "cnt": 0, "node": "NA-N146"}, "package_id": "PKG64315", "payload": {"status": "SENT"}, "sent_ts": 1758764316110, "arrival_ts": 1758764316110}
{"action": "send", "src": "NA-N146", "dst": "EU-N131", "hlc": {"phys": 1758764317880, "cnt": 0, "node": "NA-N146"}, "package_id": "PKG64315", "payload": {"status": "IN_TRANSIT"}, "sent_ts": 1758764316420, "arrival_ts": 1758764316420}
{"action": "send", "src": "NA-N146", "dst": "EU-N131", "hlc": {"phys": 1758764318253, "cnt": 0, "node": "NA-N146"}, "package_id": "PKG64315", "payload": {"status": "RECEIVED"}, "sent_ts": 1758764316793, "arrival_ts": 1758764316793}
{"action": "send", "src": "NA-N146", "dst": "EU-N131", "hlc": {"phys": 1758764318468, "cnt": 0, "node": "NA-N146"}, "package_id": "PKG64315", "payload": {"status": "DELIVERED"}, "sent_ts": 1758764317008, "arrival_ts": 1758764317008}
{"action": "send", "src": "NA-N146", "dst": "AS-N14", "hlc": {"phys": 1758765481003, "cnt": 0, "node": "NA-N146"}, "package_id": "PKG65479", "payload": {"status": "CREATED"}, "sent_ts": 1758765479543, "arrival_ts": 1758765479543}
{"action": "send", "src": "NA-N146", "dst": "AS-N14", "hlc": {"phys": 1758765481408, "cnt": 0, "node": "NA-N146"}, "package_id": "PKG65479", "payload": {"status": "SENT"}, "sent_ts": 1758765479948, "arrival_ts": 1758765479948}
{"action": "send", "src": "NA-N146", "dst": "AS-N14", "hlc": {"phys": 1758765481641, "cnt": 0, "node": "NA-N146"}, "package_id": "PKG65479", "payload": {"status": "IN_TRANSIT"}, "sent_ts": 1758765480181, "arrival_ts": 1758765480181}
{"action": "send", "src": "NA-N146", "dst": "AS-N14", "hlc": {"phys": 1758765482033, "cnt": 0, "node": "NA-N146"}, "package_id": "PKG65479", "payload": {"status": "RECEIVED"}, "sent_ts": 1758765480573, "arrival_ts": 1758765480573}
{"action": "send", "src": "NA-N146", "dst": "AS-N14", "hlc": {"phys": 1758765482279, "cnt": 0, "node": "NA-N146"}, "package_id": "PKG65479", "payload": {"status": "DELIVERED"}, "sent_ts": 1758765480819, "arrival_ts": 1758765480819}
{"action": "send", "src": "NA-N146", "dst": "AU-N95", "hlc": {"phys": 1758800845404, "cnt": 0, "node": "NA-N146"}, "package_id": "PKG843", "payload": {"status": "CREATED"}, "sent_ts": 1758800843944, "arrival_ts": 1758800843944}
{"action": "send", "src": "NA-N146", "dst": "AU-N95", "hlc": {"phys": 1758800845748, "cnt": 0, "node": "NA-N146"}, "package_id": "PKG843", "payload": {"status": "SENT"}, "sent_ts": 1758800844288, "arrival_ts": 1758800844288}
{"action": "send", "src": "NA-N146", "dst": "AU-N95", "hlc": {"phys": 1758800846028, "cnt": 0, "node": "NA-N146"}, "package_id": "PKG843", "payload": {"status": "IN_TRANSIT"}, "sent_ts": 1758800844568, "arrival_ts": 1758800844568}
{"action": "send", "src": "NA-N146", "dst": "AU-N95", "hlc": {"phys": 1758800846321, "cnt": 0, "node": "NA-N146"}, "package_id": "PKG843", "payload": {"status": "RECEIVED"}, "sent_ts": 1758800844861, "arrival_ts": 1758800844861}
{"action": "send", "src": "NA-N146", "dst": "AU-N95", "hlc": {"phys": 1758800846645, "cnt": 0, "node": "NA-N146"}, "package_id": "PKG843", "payload": {"status": "DELIVERED"}, "sent_ts": 1758800845185, "arrival_ts": 1758800845185}
{"action": "send", "src": "NA-N146", "dst": "AU-N105", "hlc": {"phys": 1758809667164, "cnt": 0, "node": "NA-N146"}, "package_id": "PKG9665", "payload": {"status": "CREATED"}, "sent_ts": 1758809665704, "arrival_ts": 1758809665704}
{"action": "send", "src": "NA-N146", "dst": "AU-N105", "hlc": {"phys": 1758809667551, "cnt": 0, "node": "NA-N146"}, "package_id": "PKG9665", "payload": {"status": "SENT"}, "sent_ts": 1758809666091, "arrival_ts": 1758809666091}
{"action": "send", "src": "NA-N146", "dst": "AU-N105", "hlc": {"phys": 1758809667815, "cnt": 0, "node": "NA-N146"}, "package_id": "PKG9665", "payload": {"status": "IN_TRANSIT"}, "sent_ts": 1758809666355, "arrival_ts": 1758809666355}
{"action": "send", "src": "NA-N146", "dst": "AU-N105", "hlc": {"phys": 1758809668047, "cnt": 0, "node": "NA-N146"}, "package_id": "PKG9665", "payload": {"status": "RECEIVED"}, "sent_ts": 1758809666587, "arrival_ts": 1758809666587}
{"action": "send", "src": "NA-N146", "dst": "AU-N105", "hlc": {"phys": 1758809668902, "cnt": 0, "node": "NA-N146"}, "package_id": "PKG9665", "payload": {"status": "DELIVERED"}, "sent_ts": 1758809667442, "arrival_ts": 1758809667442}
{"action": "recv", "src": "AN-N183", "dst": "NA-N146", "hlc": {"phys": 1758810134941, "cnt": 0, "node": "AN-N183"}, "package_id": "PKG10103", "payload": {"status": "CREATED"}, "sent_ts": 1758810103111, "arrival_ts": 1758810103127}
{"action": "recv", "src": "AN-N183", "dst": "NA-N146", "hlc": {"phys": 1758810135172, "cnt": 0, "node": "AN-N183"}, "package_id": "PKG10103", "payload": {"status": "SENT"}, "sent_ts": 1758810103342, "arrival_ts": 1758810103465}
{"action": "recv", "src": "AN-N183", "dst": "NA-N146", "hlc": {"phys": 1758810135500, "cnt": 0, "node": "AN-N183"}, "package_id": "PKG10103", "payload": {"status": "IN_TRANSIT"}, "sent_ts": 1758810103670, "arrival_ts": 1758810103823}
{"action": "recv", "src": "AN-N183", "dst": "NA-N146", "hlc": {"phys": 1758810135858, "cnt": 0, "node": "AN-N183"}, "package_id": "PKG10103", "payload": {"status": "RECEIVED"}, "sent_ts": 1758810104028, "arrival_ts": 1758810104102}
{"action": "recv", "src": "AN-N183", "dst": "NA-N146", "hlc": {"phys": 1758810136135, "cnt": 0, "node": "AN-N183"}, "package_id": "PKG10103", "payload": {"status": "DELIVERED"}, "sent_ts": 1758810104305, "arrival_ts": 1758810104333}
{"action": "send", "src": "NA-N146", "dst": "NA-N98", "hlc": {"phys": 1758810274274, "cnt": 0, "node": "NA-N146"}, "package_id": "PKG10272", "payload": {"status": "CREATED"}, "sent_ts": 1758810272814, "arrival_ts": 1758810272814}
{"action": "send", "src": "NA-N146", "dst": "NA-N98", "hlc": {"phys": 1758810274583, "cnt": 0, "node": "NA-N146"}, "package_id": "PKG10272", "payload": {"status": "SENT"}, "sent_ts": 1758810273123, "arrival_ts": 1758810273123}
{"action": "send", "src": "NA-N146", "dst": "NA-N98", "hlc": {"phys": 1758810275005, "cnt": 0, "node": "NA-N146"}, "package_id": "PKG10272", "payload": {"status": "IN_TRANSIT"}, "sent_ts": 1758810273545, "arrival_ts": 1758810273545}
{"action": "send", "src": "NA-N146", "dst": "NA-N98", "hlc": {"phys": 1758810275221, "cnt": 0, "node": "NA-N146"}, "package_id": "PKG10272", "payload": {"status": "RECEIVED"}, "sent_ts": 1758810273761, "arrival_ts": 1758810273761}
{"action": "send", "src": "NA-N146", "dst": "NA-N98", "hlc": {"phys": 1758810275485, "cnt": 0, "node": "NA-N146"}, "package_id": "PKG10272", "payload": {"status": "DELIVERED"}, "sent_ts": 1758810274025, "arrival_ts": 1758810274025}
{"action": "recv", "src": "AF-N162", "dst": "NA-N146", "hlc": {"phys": 1758810354613, "cnt": 0, "node": "AF-N162"}, "package_id": "PKG10337", "payload": {"status": "CREATED"}, "sent_ts": 1758810337993, "arrival_ts": 1758810338179}
{"action": "recv", "src": "AF-N162", "dst": "NA-N146", "hlc": {"phys": 1758810354998, "cnt": 0, "node": "AF-N162"}, "package_id": "PKG10337", "payload": {"status": "SENT"}, "sent_ts": 1758810338378, "arrival_ts": 1758810338403}
{"action": "recv", "src": "AF-N162", "dst": "NA-N146", "hlc": {"phys": 1758810355213, "cnt": 0, "node": "AF-N162"}, "package_id": "PKG10337", "payload": {"status": "IN_TRANSIT"}, "sent_ts": 1758810338593, "arrival_ts": 1758810338759}
{"action": "recv", "src": "AF-N162", "dst": "NA-N146", "hlc": {"phys": 1758810355587, "cnt": 0, "node": "AF-N162"}, "package_id": "PKG10337", "payload": {"status": "RECEIVED"}, "sent_ts": 1758810338967, "arrival_ts": 1758810339063}
{"action": "recv", "src": "AF-N162", "dst": "NA-N146", "hlc": {"phys": 1758810355900, "cnt": 0, "node": "AF-N162"}, "package_id": "PKG10337", "payload": {"status": "DELIVERED"}, "sent_ts": 1758810339280, "arrival_ts": 1758810339376}
{"action": "send", "src": "NA-N146", "dst": "AS-N29", "hlc": {"phys": 1758811644094, "cnt": 0, "node": "NA-N146"}, "package_id": "PKG11642", "payload": {"status": "CREATED"}, "sent_ts": 1758811642634, "arrival_ts": 1758811642634}
{"action": "send", "src": "NA-N146", "dst": "AS-N29", "hlc": {"phys": 1758811644420, "cnt": 0, "node": "NA-N146"}, "package_id": "PKG11642", "payload": {"status": "SENT"}, "sent_ts": 1758811642960, "arrival_ts": 1758811642960}
{"action": "send", "src": "NA-N146", "dst": "AS-N29", "hlc": {"phys": 1758811644806, "cnt": 0, "node": "NA-N146"}, "package_id": "PKG11642", "payload": {"status": "IN_TRANSIT"}, "sent_ts": 1758811643346, "arrival_ts": 1758811643346}
{"action": "send", "src": "NA-N146", "dst": "AS-N29", "hlc": {"phys": 1758811645073, "cnt": 0, "node": "NA-N146"}, "package_id": "PKG11642", "payload": {"status": "RECEIVED"}, "sent_ts": 1758811643613, "arrival_ts": 1758811643613}
{"action": "send", "src": "NA-N146", "dst": "AS-N29", "hlc": {"phys": 1758811645490, "cnt": 0, "node": "NA-N146"}, "package_id": "PKG11642", "payload": {"status": "DELIVERED"}, "sent_ts": 1758811644030, "arrival_ts": 1758811644030}
{"action": "send", "src": "NA-N146", "dst": "AU-N14", "hlc": {"phys": 1758812728198, "cnt": 0, "node": "NA-N146"}, "package_id": "PKG12726", "payload": {"status": "CREATED"}, "sent_ts": 1758812726738, "arrival_ts": 1758812726738}
{"action": "send", "src": "NA-N146", "dst": "AU-N14", "hlc": {"phys": 1758812728507, "cnt": 0, "node": "NA-N146"}, "package_id": "PKG12726", "payload": {"status": "SENT"}, "sent_ts": 1758812727047, "arrival_ts": 1758812727047}
{"action": "send", "src": "NA-N146", "dst": "AU-N14", "hlc": {"phys": 1758812728845, "cnt": 0, "node": "NA-N146"}, "package_id": "PKG12726", "payload": {"status": "IN_TRANSIT"}, "sent_ts": 1758812727385, "arrival_ts": 1758812727385}
{"action": "send", "src": "NA-N146", "dst": "AU-N14", "hlc": {"phys": 1758812729121, "cnt": 0, "node": "NA-N146"}, "package_id": "PKG12726", "payload": {"status": "RECEIVED"}, "sent_ts": 1758812727661, "arrival_ts": 1758812727661}
{"action": "send", "src": "NA-N146", "dst": "AU-N14", "hlc": {"phys": 1758812729414, "cnt": 0, "node": "NA-N146"}, "package_id": "PKG12726", "payload": {"status": "DELIVERED"}, "sent_ts": 1758812727954, "arrival_ts": 1758812727954}
{"action": "recv", "src": "SA-N70", "dst": "NA-N146", "hlc": {"phys": 1758815324733, "cnt": 0, "node": "SA-N70"}, "package_id": "PKG15304", "payload": {"status": "CREATED"}, "sent_ts": 1758815304033, "arrival_ts": 1758815304058}
{"action": "recv", "src": "SA-N70", "dst": "NA-N146", "hlc": {"phys": 1758815324964, "cnt": 0, "node": "SA-N70"}, "package_id": "PKG15304", "payload": {"status": "SENT"}, "sent_ts": 1758815304264, "arrival_ts": 1758815304405}
{"action": "recv", "src": "SA-N70", "dst": "NA-N146", "hlc": {"phys": 1758815325325, "cnt": 0, "node": "SA-N70"}, "package_id": "PKG15304", "payload": {"status": "IN_TRANSIT"}, "sent_ts": 1758815304625, "arrival_ts": 1758815304743}
{"action": "recv", "src": "SA-N70", "dst": "NA-N146", "hlc": {"phys": 1758815325639, "cnt": 0, "node": "SA-N70"}, "package_id": "PKG15304", "payload": {"status": "RECEIVED"}, "sent_ts": 1758815304939, "arrival_ts": 1758815305065}
{"action": "recv", "src": "SA-N70", "dst": "NA-N146", "hlc": {"phys": 1758815325978, "cnt": 0, "node": "SA-N70"}, "package_id": "PKG15304", "payload": {"status": "DELIVERED"}, "sent_ts": 1758815305278, "arrival_ts": 1758815305417}
{"action": "recv", "src": "AU-N158", "dst": "NA-N146", "hlc": {"phys": 1758816843945, "cnt": 0, "node": "AU-N158"}, "package_id": "PKG16817", "payload": {"status": "CREATED"}, "sent_ts": 1758816817365, "arrival_ts": 1758816817446}
{"action": "recv", "src": "AU-N158", "dst": "NA-N146", "hlc": {"phys": 1758816844228, "cnt": 0, "node": "AU-N158"}, "package_id": "PKG16817", "payload": {"status": "SENT"}, "sent_ts": 1758816817648, "arrival_ts": 1758816817836}
{"action": "recv", "src": "AU-N158", "dst": "NA-N146", "hlc": {"phys": 1758816844613, "cnt": 0, "node": "AU-N158"}, "package_id": "PKG16817", "payload": {"status": "IN_TRANSIT"}, "sent_ts": 1758816818033, "arrival_ts": 1758816818190}
{"action": "recv", "src": "AU-N158", "dst": "NA-N146", "hlc": {"phys": 1758816844974, "cnt": 0, "node": "AU-N158"}, "package_id": "PKG16817", "payload": {"status": "RECEIVED"}, "sent_ts": 1758816818394, "arrival_ts": 1758816818553}
{"action": "recv", "src": "AU-N158", "dst": "NA-N146", "hlc": {"phys": 1758816845344, "cnt": 0, "node": "AU-N158"}, "package_id": "PKG16817", "payload": {"status": "DELIVERED"}, "sent_ts": 1758816818764, "arrival_ts": 1758816818824}
