{"action": "send", "src": "NA-N179", "dst": "NA-N165", "hlc": {"phys": 1758713579426, "cnt": 0, "node": "NA-N179"}, "package_id": "PKG13577", "payload": {"status": "CREATED"}, "sent_ts": 1758713577636, "arrival_ts": 1758713577637}
{"action": "send", "src": "NA-N179", "dst": "NA-N165", "hlc": {"phys": 1758713579675, "cnt": 0, "node": "NA-N179"}, "package_id": "PKG13577", "payload": {"status": "SENT"}, "sent_ts": 1758713577885, "arrival_ts": 1758713577885}
{"action": "send", "src": "NA-N179", "dst": "NA-N165", "hlc": {"phys": 1758713579909, "cnt": 0, "node": "NA-N179"}, "package_id": "PKG13577", "payload": {"status": "IN_TRANSIT"}, "sent_ts": 1758713578119, "arrival_ts": 1758713578119}
{"action": "send", "src": "NA-N179", "dst": "NA-N165", "hlc": {"phys": 1758713580276, "cnt": 0, "node": "NA-N179"}, "package_id": "PKG13577", "payload": {"status": "RECEIVED"}, "sent_ts": 1758713578486, "arrival_ts": 1758713578486}
{"action": "send", "src": "NA-N179", "dst": "NA-N165", "hlc": {"phys": 1758713580595, "cnt": 0, "node": "NA-N179"}, "package_id": "PKG13577", "payload": {"status": "DELIVERED"}, "sent_ts": 1758713578804, "arrival_ts": 1758713578805}
{"action": "recv", "src": "AF-N198", "dst": "NA-N179", "hlc": {"phys": 1758716917832, "cnt": 0, "node": "AF-N198"}, "package_id": "PKG16900", "payload": {"status": "CREATED"}, "sent_ts": 1758716900852, "arrival_ts": 1758716900925}
{"action": "recv", "src": "AF-N198", "dst": "NA-N179", "hlc": {"phys": 1758716918119, "cnt": 0, "node": "AF-N198"}, "package_id": "PKG16900", "payload": {"status": "SENT"}, "sent_ts": 1758716901139, "arrival_ts": 1758716901164}
{"action": "recv", "src": "AF-N198", "dst": "NA-N179", "hlc": {"phys": 1758716918329, "cnt": 0, "node": "AF-N198"}, "package_id": "PKG16900", "payload": {"status": "IN_TRANSIT"}, "sent_ts": 1758716901349, "arrival_ts": 1758716901495}
{"action": "recv", "src": "AF-N198", "dst": "NA-N179", "hlc": {"phys": 1758716918679, "cnt": 0, "node": "AF-N198"}, "package_id": "PKG16900", "payload": {"status": "RECEIVED"}, "sent_ts": 1758716901699, "arrival_ts": 1758716901840}
{"action": "recv", "src": "AF-N198", "dst": "NA-N179", "hlc": {"phys": 1758716919023, "cnt": 0, "node": "AF-N198"}, "package_id": "PKG16900", "payload": {"status": "DELIVERED"}, "sent_ts": 1758716902043, "arrival_ts": 1758716902229}
{"action": "send", "src": "NA-N179", "dst": "AS-N94", "hlc": {"phys": 1758717666418, "cnt": 0, "node": "NA-N179"}, "package_id": "PKG17664", "payload": {"status": "CREATED"}, "sent_ts": 1758717664628, "arrival_ts": 1758717664628}
{"action": "send", "src": "NA-N179", "dst": "AS-N94", "hlc": {"phys": 1758717666800, "cnt": 0, "node": "NA-N179"}, "package_id": "PKG17664", "payload": {"status": "SENT"}, "sent_ts": 1758717665010, "arrival_ts": 1758717665010}
{"action": "send", "src": "NA-N179", "dst": "AS-N94", "hlc": {"phys": 1758717667124, "cnt": 0, "node": "NA-N179"}, "package_id": "PKG17664", "payload": {"status": "IN_TRANSIT"}, "sent_ts": 1758717665334, "arrival_ts": 1758717665334}
{"action": "send", "src": "NA-N179", "dst": "AS-N94", "hlc": {"phys": 1758717667484, "cnt": 0, "node": "NA-N179"}, "package_id": "PKG17664", "payload": {"status": "RECEIVED"}, "sent_ts": 1758717665694, "arrival_ts": 1758717665694}
{"action": "send", "src": "NA-N179", "dst": "AS-N94", "hlc": {"phys": 1758717667788, "cnt": 0, "node": "NA-N179"}, "package_id": "PKG17664", "payload": {"status": "DELIVERED"}, "sent_ts": 1758717665998, "arrival_ts": 1758717665998}
{"action": "send", "src": "NA-N179", "dst": "NA-N12", "hlc": {"phys": 1758719299236, "cnt": 0, "node": "NA-N179"}, "package_id": "PKG19297", "payload": {"status": "CREATED"}, "sent_ts": 1758719297446, "arrival_ts": 1758719297446}
{"action": "send", "src": "NA-N179", "dst": "NA-N12", "hlc": {"phys": 1758719299623, "cnt": 0, "node": "NA-N179"}, "package_id": "PKG19297", "payload": {"status": "SENT"}, "sent_ts": 1758719297833, "arrival_ts": 1758719297833}
{"action": "send", "src": "NA-N179", "dst": "NA-N12", "hlc": {"phys": 1758719300003, "cnt": 0, "node": "NA-N179"}, "package_id": "PKG19297", "payload": {"status": "IN_TRANSIT"}, "sent_ts": 1758719298213, "arrival_ts": 1758719298213}
{"action": "send", "src": "NA-N179", "dst": "NA-N12", "hlc": {"phys": 1758719300415, "cnt": 0, "node": "NA-N179"}, "package_id": "PKG19297", "payload": {"status": "RECEIVED"}, "sent_ts": 1758719298625, "arrival_ts": 1758719298625}
{"action": "send", "src": "NA-N179", "dst": "NA-N12", "hlc": {"phys": 1758719300669, "cnt": 0, "node": "NA-N179"}, "package_id": "PKG19297", "payload": {"status": "DELIVERED"}, "sent_ts": 1758719298879, "arrival_ts": 1758719298879}
{"action": "send", "src": "NA-N179", "dst": "AF-N181", "hlc": {"phys": 1758739942753, "cnt": 0, "node": "NA-N179"}, "package_id": "PKG39940", "payload": {"status": "CREATED"}, "sent_ts": 1758739940963, "arrival_ts": 1758739940963}
{"action": "send", "src": "NA-N179", "dst": "AF-N181", "hlc": {"phys": 1758739943047, "cnt": 0, "node": "NA-N179"}, "package_id": "PKG39940", "payload": {"status": "SENT"}, "sent_ts": 1758739941257, "arrival_ts": 1758739941257}
{"action": "send", "src": "NA-N179", "dst": "AF-N181", "hlc": {"phys": 1758739943430, "cnt": 0, "node": "NA-N179"}, "package_id": "PKG39940", "payload": {"status": "IN_TRANSIT"}, "sent_ts": 1758739941640, "arrival_ts": 1758739941640}
{"action": "send", "src": "NA-N179", "dst": "AF-N181", "hlc": {"phys": 1758739943651, "cnt": 0, "node": "NA-N179"}, "package_id": "PKG39940", "payload": {"status": "RECEIVED"}, "sent_ts": 1758739941861, "arrival_ts": 1758739941861}
{"action": "send", "src": "NA-N179", "dst": "AF-N181", "hlc": {"phys": 1758739943958, "cnt": 0, "node": "NA-N179"}, "package_id": "PKG39940", "payload": {"status": "DELIVERED"}, "sent_ts": 1758739942168, "arrival_ts": 1758739942168}
{"action": "send", "src": "NA-N179", "dst": "AF-N88", "hlc": {"phys": 1758743875833, "cnt": 0, "node": "NA-N179"}, "package_id": "PKG43874", "payload": {"status": "CREATED"}, "sent_ts": 1758743874043, "arrival_ts": 1758743874043}
{"action": "send", "src": "NA-N179", "dst": "AF-N88", "hlc": {"phys": 1758743876218, "cnt": 0, "node": "NA-N179"}, "package_id": "PKG43874", "payload": {"status": "SENT"}, "sent_ts": 1758743874428, "arrival_ts": 1758743874428}
{"action": "send", "src": "NA-N179", "dst": "AF-N88", "hlc": {"phys": 1758743876450, "cnt": 0, "node": "NA-N179"}, "package_id": "PKG43874", "payload": {"status": "IN_TRANSIT"}, "sent_ts": 1758743874660, "arrival_ts": 1758743874660}
{"action": "send", "src": "NA-N179", "dst": "AF-N88", "hlc": {"phys": 1758743876822, "cnt": 0, "node": "NA-N179"}, "package_id": "PKG43874", "payload": {"status": "RECEIVED"}, "sent_ts": 1758743875032, "arrival_ts": 1758743875032}
{"action": "send", "src": "NA-N179", "dst": "AF-N88", "hlc": {"phys": 1758743877182, "cnt": 0, "node": "NA-N179"}, "package_id": "PKG43874", "payload": {"status": "DELIVERED"}, "sent_ts": 1758743875392, "arrival_ts": 1758743875392}
{"action": "recv", "src": "AU-N139", "dst": "NA-N179", "hlc": {"phys": 1758745234438, "cnt": 0, "node": "AU-N139"}, "package_id": "PKG45208", "payload": {"status": "CREATED"}, "sent_ts": 1758745208048, "arrival_ts": 1758745208119}
{"action": "recv", "src": "AU-N139", "dst": "NA-N179", "hlc": {"phys": 1758745234703, "cnt": 0, "node": "AU-N139"}, "package_id": "PKG45208", "payload": {"status": "SENT"}, "sent_ts": 1758745208313, "arrival_ts": 1758745208384}
{"action": "recv", "src": "AU-N139", "dst": "NA-N179", "hlc": {"phys": 1758745234968, "cnt": 0, "node": "AU-N139"}, "package_id": "PKG45208", "payload": {"status": "IN_TRANSIT"}, "sent_ts": 1758745208578, "arrival_ts": 1758745208726}
{"action": "recv", "src": "AU-N139", "dst": "NA-N179", "hlc": {"phys": 1758745235321, "cnt": 0, "node": "AU-N139"}, "package_id": "PKG45208", "payload": {"status": "RECEIVED"}, "sent_ts": 1758745208931, "arrival_ts": 1758745208951}
{"action": "recv", "src": "AU-N139", "dst": "NA-N179", "hlc": {"phys": 1758745235554, "cnt": 0, "node": "AU-N139"}, "package_id": "PKG45208", "payload": {"status": "DELIVERED"}, "sent_ts": 1758745209164, "arrival_ts": 1758745209232}
{"action": "send", "src": "NA-N179", "dst": "SA-N132", "hlc": {"phys": 1758746574210, "cnt": 0, "node": "NA-N179"}, "package_id": "PKG46572", "payload": {"status": "CREATED"}, "sent_ts": 1758746572420, "arrival_ts": 1758746572420}
{"action": "send", "src": "NA-N179", "dst": "SA-N132", "hlc": {"phys": 1758746574613, "cnt": 0, "node": "NA-N179"}, "package_id": "PKG46572", "payload": {"status": "SENT"}, "sent_ts": 1758746572823, "arrival_ts": 1758746572823}
{"action": "send", "src": "NA-N179", "dst": "SA-N132", "hlc": {"phys": 1758746574969, "cnt": 0, "node": "NA-N179"}, "package_id": "PKG46572", "payload": {"status": "IN_TRANSIT"}, "sent_ts": 1758746573179, "arrival_ts": 1758746573179}
{"action": "send", "src": "NA-N179", "dst": "SA-N132", "hlc": {"phys": 1758746575201, "cnt": 0, "node": "NA-N179"}, "package_id": "PKG46572", "payload": {"status": "RECEIVED"}, "sent_ts": 1758746573411, "arrival_ts": 1758746573411}
{"action": "send", "src": "NA-N179", "dst": "SA-N132", "hlc": {"phys": 1758746575585, "cnt": 0, "node": "NA-N179"}, "package_id": "PKG46572", "payload": {"status": "DELIVERED"}, "sent_ts": 1758746573795, "arrival_ts": 1758746573795}
{"action": "recv", "src": "AS-N93", "dst": "NA-N179", "hlc": {"phys": 1758747159631, "cnt": 0, "node": "AS-N93"}, "package_id": "PKG47148", "payload": {"status": "CREATED"}, "sent_ts": 1758747148701, "arrival_ts": 1758747148785}
{"action": "recv", "src": "AS-N93", "dst": "NA-N179", "hlc": {"phys": 1758747159928, "cnt": 0, "node": "AS-N93"}, "package_id": "PKG47148", "payload": {"status": "SENT"}, "sent_ts": 1758747148998, "arrival_ts": 1758747149045}
{"action": "recv", "src": "AS-N93", "dst": "NA-N179", "hlc": {"phys": 1758747160176, "cnt": 0, "node": "AS-N93"}, "package_id": "PKG47148", "payload": {"status": "IN_TRANSIT"}, "sent_ts": 1758747149246, "arrival_ts": 1758747149313}
{"action": "recv", "src": "AS-N93", "dst": "NA-N179", "hlc": {"phys": 1758747160457, "cnt": 0, "node": "AS-N93"}, "package_id": "PKG47148", "payload": {"status": "RECEIVED"}, "sent_ts": 1758747149527, "arrival_ts": 1758747149548}
{"action": "recv", "src": "AS-N93", "dst": "NA-N179", "hlc": {"phys": 1758747160665, "cnt": 0, "node": "AS-N93"}, "package_id": "PKG47148", "payload": {"status": "DELIVERED"}, "sent_ts": 1758747149735, "arrival_ts": 1758747149834}
{"action": "recv", "src": "AF-N19", "dst": "NA-N179", "hlc": {"phys": 1758748818366, "cnt": 0, "node": "AF-N19"}, "package_id": "PKG48803", "payload": {"status": "CREATED"}, "sent_ts": 1758748803176, "arrival_ts": 1758748803279}
{"action": "recv", "src": "AF-N19", "dst": "NA-N179", "hlc": {"phys": 1758748818677, "cnt": 0, "node": "AF-N19"}, "package_id": "PKG48803", "payload": {"status": "SENT"}, "sent_ts": 1758748803487, "arrival_ts": 1758748803677}
{"action": "recv", "src": "AF-N19", "dst": "NA-N179", "hlc": {"phys": 1758748819065, "cnt": 0, "node": "AF-N19"}, "package_id": "PKG48803", "payload": {"status": "IN_TRANSIT"}, "sent_ts": 1758748803875, "arrival_ts": 1758748803908}
{"action": "recv", "src": "AF-N19", "dst": "NA-N179", "hlc": {"phys": 1758748819313, "cnt": 0, "node": "AF-N19"}, "package_id": "PKG48803", "payload": {"status": "RECEIVED"}, "sent_ts": 1758748804123, "arrival_ts": 1758748804240}
{"action": "recv", "src": "AF-N19", "dst": "NA-N179", "hlc": {"phys": 1758748819668, "cnt": 0, "node": "AF-N19"}, "package_id": "PKG48803", "payload": {"status": "DELIVERED"}, "sent_ts": 1758748804478, "arrival_ts": 1758748804526}
{"action": "send", "src": "NA-N179", "dst": "SA-N8", "hlc": {"phys": 1758749749151, "cnt": 0, "node": "NA-N179"}, "package_id": "PKG49747", "payload": {"status": "CREATED"}, "sent_ts": 1758749747361, "arrival_ts": 1758749747361}
{"action": "send", "src": "NA-N179", "dst": "SA-N8", "hlc": {"phys": 1758749749521, "cnt": 0, "node": "NA-N179"}, "package_id": "PKG49747", "payload": {"status": "SENT"}, "sent_ts": 1758749747731, "arrival_ts": 1758749747731}
{"action": "send", "src": "NA-N179", "dst": "SA-N8", "hlc": {"phys": 1758749749872, "cnt": 0, "node": "NA-N179"}, "package_id": "PKG49747", "payload": {"status": "IN_TRANSIT"}, "sent_ts": 1758749748082, "arrival_ts": 1758749748082}
{"action": "send", "src": "NA-N179", "dst": "SA-N8", "hlc": {"phys": 1758749750137, "cnt": 0, "node": "NA-N179"}, "package_id": "PKG49747", "payload": {"status": "RECEIVED"}, "sent_ts": 1758749748347, "arrival_ts": 1758749748347}
{"action": "send", "src": "NA-N179", "dst": "SA-N8", "hlc": {"phys": 1758749750488, "cnt": 0, "node": "NA-N179"}, "package_id": "PKG49747", "payload": {"status": "DELIVERED"}, "sent_ts": 1758749748698, "arrival_ts": 1758749748698}
{"action": "recv", "src": "AN-N82", "dst": "NA-N179", "hlc": {"phys": 1758752409565, "cnt": 0, "node": "AN-N82"}, "package_id": "PKG52378", "payload": {"status": "CREATED"}, "sent_ts": 1758752378745, "arrival_ts": 1758752378905}
{"action": "recv", "src": "AN-N82", "dst": "NA-N179", "hlc": {"phys": 1758752409936, "cnt": 0, "node": "AN-N82"}, "package_id": "PKG52378", "payload": {"status": "SENT"}, "sent_ts": 1758752379116, "arrival_ts": 1758752379296}
{"action": "recv", "src": "AN-N82", "dst": "NA-N179", "hlc": {"phys": 1758752410322, "cnt": 0, "node": "AN-N82"}, "package_id": "PKG52378", "payload": {"status": "IN_TRANSIT"}, "sent_ts": 1758752379502, "arrival_ts": 1758752379652}
{"action": "recv", "src": "AN-N82", "dst": "NA-N179", "hlc": {"phys": 1758752410687, "cnt": 0, "node": "AN-N82"}, "package_id": "PKG52378", "payload": {"status": "RECEIVED"}, "sent_ts": 1758752379867, "arrival_ts": 1758752379979}
{"action": "recv", "src": "AN-N82", "dst": "NA-N179", "hlc": {"phys": 1758752411012, "cnt": 0, "node": "AN-N82"}, "package_id": "PKG52378", "payload": {"status": "DELIVERED"}, "sent_ts": 1758752380192, "arrival_ts": 1758752380373}
{"action": "send", "src": "NA-N179", "dst": "SA-N30", "hlc": {"phys": 1758754889332, "cnt": 0, "node": "NA-N179"}, "package_id": "PKG54887", "payload": {"status": "CREATED"}, "sent_ts": 1758754887542, "arrival_ts": 1758754887542}
{"action": "send", "src": "NA-N179", "dst": "SA-N30", "hlc": {"phys": 1758754889563, "cnt": 0, "node": "NA-N179"}, "package_id": "PKG54887", "payload": {"status": "SENT"}, "sent_ts": 1758754887773, "arrival_ts": 1758754887773}
{"action": "send", "src": "NA-N179", "dst": "SA-N30", "hlc": {"phys": 1758754889915, "cnt": 0, "node": "NA-N179"}, "package_id": "PKG54887", "payload": {"status": "IN_TRANSIT"}, "sent_ts": 1758754888125, "arrival_ts": 1758754888125}
{"action": "send", "src": "NA-N179", "dst": "SA-N30", "hlc": {"phys": 1758754890264, "cnt": 0, "node": "NA-N179"}, "package_id": "PKG54887", "payload": {"status": "RECEIVED"}, "sent_ts": 1758754888474, "arrival_ts": 1758754888474}
{"action": "send", "src": "NA-N179", "dst": "SA-N30", "hlc": {"phys": 1758754890644, "cnt": 0, "node": "NA-N179"}, "package_id": "PKG54887", "payload": {"status": "DELIVERED"}, "sent_ts": 1758754888854, "arrival_ts": 1758754888854}
{"action": "recv", "src": "NA-N132", "dst": "NA-N179", "hlc": {"phys": 1758755420119, "cnt": 0, "node": "NA-N132"}, "package_id": "PKG55418", "payload": {"status": "CREATED"}, "sent_ts": 1758755418799, "arrival_ts": 1758755418928}
{"action": "recv", "src": "NA-N132", "dst": "NA-N179", "hlc": {"phys": 1758755420465, "cnt": 0, "node": "NA-N132"}, "package_id": "PKG55418", "payload": {"status": "SENT"}, "sent_ts": 1758755419145, "arrival_ts": 1758755419273}
{"action": "recv", "src": "NA-N132", "dst": "NA-N179", "hlc": {"phys": 1758755420815, "cnt": 0, "node": "NA-N132"}, "package_id": "PKG55418", "payload": {"status": "IN_TRANSIT"}, "sent_ts": 1758755419495, "arrival_ts": 1758755419618}
{"action": "recv", "src": "NA-N132", "dst": "NA-N179", "hlc": {"phys": 1758755421146, "cnt": 0, "node": "NA-N132"}, "package_id": "PKG55418", "payload": {"status": "RECEIVED"}, "sent_ts": 1758755419826, "arrival_ts": 1758755419994}
{"action": "recv", "src": "NA-N132", "dst": "NA-N179", "hlc": {"phys": 1758755421519, "cnt": 0, "node": "NA-N132"}, "package_id": "PKG55418", "payload": {"status": "DELIVERED"}, "sent_ts": 1758755420199, "arrival_ts": 1758755420256}
{"action": "send", "src": "NA-N179", "dst": "SA-N113", "hlc": {"phys": 1758758347405, "cnt": 0, "node": "NA-N179"}, "package_id": "PKG58345", "payload": {"status": "CREATED"}, "sent_ts": 1758758345615, "arrival_ts": 1758758345615}
{"action": "send", "src": "NA-N179", "dst": "SA-N113", "hlc": {"phys": 1758758347765, "cnt": 0, "node": "NA-N179"}, "package_id": "PKG58345", "payload": {"status": "SENT"}, "sent_ts": 1758758345975, "arrival_ts": 1758758345975}
{"action": "send", "src": "NA-N179", "dst": "SA-N113", "hlc": {"phys": 1758758348135, "cnt": 0, "node": "NA-N179"}, "package_id": "PKG58345", "payload": {"status": "IN_TRANSIT"}, "sent_ts": 1758758346345, "arrival_ts": 1758758346345}
{"action": "send", "src": "NA-N179", "dst": "SA-N113", "hlc": {"phys": 1758758348375, "cnt": 0, "node": "NA-N179"}, "package_id": "PKG58345", "payload": {"status": "RECEIVED"}, "sent_ts": 1758758346585, "arrival_ts": 1758758346585}
{"action": "send", "src": "NA-N179", "dst": "SA-N113", "hlc": {"phys": 1758758348635, "cnt": 0, "node": "NA-N179"}, "package_id": "PKG58345", "payload": {"status": "DELIVERED"}, "sent_ts": 1758758346845, "arrival_ts": 1758758346845}
{"action": "send", "src": "NA-N179", "dst": "AF-N70", "hlc": {"phys": 1758760819164, "cnt": 0, "node": "NA-N179"}, "package_id": "PKG60817", "payload": {"status": "CREATED"}, "sent_ts": 1758760817374, "arrival_ts": 1758760817374}
{"action": "send", "src": "NA-N179", "dst": "AF-N70", "hlc": {"phys": 1758760819384, "cnt": 0, "node": "NA-N179"}, "package_id": "PKG60817", "payload": {"status": "SENT"}, "sent_ts": 1758760817594, "arrival_ts": 1758760817594}
{"action": "send", "src": "NA-N179", "dst": "AF-N70", "hlc": {"phys": 1758760819691, "cnt": 0, "node": "NA-N179"}, "package_id": "PKG60817", "payload": {"status": "IN_TRANSIT"}, "sent_ts": 1758760817901, "arrival_ts": 1758760817901}
{"action": "send", "src": "NA-N179", "dst": "AF-N70", "hlc": {"phys": 1758760820055, "cnt": 0, "node": "NA-N179"}, "package_id": "PKG60817", "payload": {"status": "RECEIVED"}, "sent_ts": 1758760818265, "arrival_ts": 1758760818265}
{"action": "send", "src": "NA-N179", "dst": "AF-N70", "hlc": {"phys": 1758760820394, "cnt": 0, "node": "NA-N179"}, "package_id": "PKG60817", "payload": {"status": "DELIVERED"}, "sent_ts": 1758760818604, "arrival_ts": 1758760818604}
{"action": "send", "src": "NA-N179", "dst": "EU-N154", "hlc": {"phys": 1758801311269, "cnt": 0, "node": "NA-N179"}, "package_id": "PKG1309", "payload": {"status": "CREATED"}, "sent_ts": 1758801309479, "arrival_ts": 1758801309479}
{"action": "send", "src": "NA-N179", "dst": "EU-N154", "hlc": {"phys": 1758801311565, "cnt": 0, "node": "NA-N179"}, "package_id": "PKG1309", "payload": {"status": "SENT"}, "sent_ts": 1758801309775, "arrival_ts": 1758801309775}
{"action": "send", "src": "NA-N179", "dst": "EU-N154", "hlc": {"phys": 1758801311889, "cnt": 0, "node": "NA-N179"}, "package_id": "PKG1309", "payload": {"status": "IN_TRANSIT"}, "sent_ts": 1758801310099, "arrival_ts": 1758801310099}
{"action": "send", "src": "NA-N179", "dst": "EU-N154", "hlc": {"phys": 1758801312236, "cnt": 0, "node": "NA-N179"}, "package_id": "PKG1309", "payload": {"status": "RECEIVED"}, "sent_ts": 1758801310446, "arrival_ts": 1758801310446}
{"action": "send", "src": "NA-N179", "dst": "EU-N154", "hlc": {"phys": 1758801312588, "cnt": 0, "node": "NA-N179"}, "package_id": "PKG1309", "payload": {"status": "DELIVERED"}, "sent_ts": 1758801310798, "arrival_ts": 1758801310798}
{"action": "recv", "src": "AU-N46", "dst": "NA-N179", "hlc": {"phys": 1758803126568, "cnt": 0, "node": "AU-N46"}, "package_id": "PKG3101", "payload": {"status": "CREATED"}, "sent_ts": 1758803101108, "arrival_ts": 1758803101147}
{"action": "recv", "src": "AU-N46", "dst": "NA-N179", "hlc": {"phys": 1758803126831, "cnt": 0, "node": "AU-N46"}, "package_id": "PKG3101", "payload": {"status": "SENT"}, "sent_ts": 1758803101371, "arrival_ts": 1758803101394}
{"action": "recv", "src": "AU-N46", "dst": "NA-N179", "hlc": {"phys": 1758803127063, "cnt": 0, "node": "AU-N46"}, "package_id": "PKG3101", "payload": {"status": "IN_TRANSIT"}, "sent_ts": 1758803101603, "arrival_ts": 1758803101699}
{"action": "recv", "src": "AU-N46", "dst": "NA-N179", "hlc": {"phys": 1758803127357, "cnt": 0, "node": "AU-N46"}, "package_id": "PKG3101", "payload": {"status": "RECEIVED"}, "sent_ts": 1758803101897, "arrival_ts": 1758803101976}
{"action": "recv", "src": "AU-N46", "dst": "NA-N179", "hlc": {"phys": 1758803127651, "cnt": 0, "node": "AU-N46"}, "package_id": "PKG3101", "payload": {"status": "DELIVERED"}, "sent_ts": 1758803102191, "arrival_ts": 1758803102249}
{"action": "send", "src": "NA-N179", "dst": "AN-N57", "hlc": {"phys": 1758804812085, "cnt": 0, "node": "NA-N179"}, "package_id": "PKG4810", "payload": {"status": "CREATED"}, "sent_ts": 1758804810295, "arrival_ts": 1758804810295}
{"action": "send", "src": "NA-N179", "dst": "AN-N57", "hlc": {"phys": 1758804812398, "cnt": 0, "node": "NA-N179"}, "package_id": "PKG4810", "payload": {"status": "SENT"}, "sent_ts": 1758804810608, "arrival_ts": 1758804810608}
{"action": "send", "src": "NA-N179", "dst": "AN-N57", "hlc": {"phys": 1758804812773, "cnt": 0, "node": "NA-N179"}, "package_id": "PKG4810", "payload": {"status": "IN_TRANSIT"}, "sent_ts": 1758804810983, "arrival_ts": 1758804810983}
{"action": "send", "src": "NA-N179", "dst": "AN-N57", "hlc": {"phys": 1758804812980, "cnt": 0, "node": "NA-N179"}, "package_id": "PKG4810", "payload": {"status": "RECEIVED"}, "sent_ts": 1758804811190, "arrival_ts": 1758804811190}
{"action": "send", "src": "NA-N179", "dst": "AN-N57", "hlc": {"phys": 1758804813254, "cnt": 0, "node": "NA-N179"}, "package_id": "PKG4810", "payload": {"status": "DELIVERED"}, "sent_ts": 1758804811464, "arrival_ts": 1758804811464}
{"action": "send", "src": "NA-N179", "dst": "AN-N135", "hlc": {"phys": 1758809534956, "cnt": 0, "node": "NA-N179"}, "package_id": "PKG9533", "payload": {"status": "CREATED"}, "sent_ts": 1758809533166, "arrival_ts": 1758809533166}
{"action": "send", "src": "NA-N179", "dst": "AN-N135", "hlc": {"phys": 1758809535328, "cnt": 0, "node": "NA-N179"}, "package_id": "PKG9533", "payload": {"status": "SENT"}, "sent_ts": 1758809533538, "arrival_ts": 1758809533538}
{"action": "send", "src": "NA-N179", "dst": "AN-N135", "hlc": {"phys": 1758809535730, "cnt": 0, "node": "NA-N179"}, "package_id": "PKG9533", "payload": {"status": "IN_TRANSIT"}, "sent_ts": 1758809533940, "arrival_ts": 1758809533940}
{"action": "send", "src": "NA-N179", "dst": "AN-N135", "hlc": {"phys": 1758809536040, "cnt": 0, "node": "NA-N179"}, "package_id": "PKG9533", "payload": {"status": "RECEIVED"}, "sent_ts": 1758809534250, "arrival_ts": 1758809534250}
{"action": "send", "src": "NA-N179", "dst": "AN-N135", "hlc": {"phys": 1758809536272, "cnt": 0, "node": "NA-N179"}, "package_id": "PKG9533", "payload": {"status": "DELIVERED"}, "sent_ts": 1758809534482, "arrival_ts": 1758809534482}
{"action": "recv", "src": "SA-N154", "dst": "NA-N179", "hlc": {"phys": 1758814727806, "cnt": 0, "node": "SA-N154"}, "package_id": "PKG14706", "payload": {"status": "CREATED"}, "sent_ts": 1758814706266, "arrival_ts": 1758814706383}
{"action": "recv", "src": "SA-N154", "dst": "NA-N179", "hlc": {"phys": 1758814728133, "cnt": 0, "node": "SA-N154"}, "package_id": "PKG14706", "payload": {"status": "SENT"}, "sent_ts": 1758814706593, "arrival_ts": 1758814706765}
{"action": "recv", "src": "SA-N154", "dst": "NA-N179", "hlc": {"phys": 1758814728523, "cnt": 0, "node": "SA-N154"}, "package_id": "PKG14706", "payload": {"status": "IN_TRANSIT"}, "sent_ts": 1758814706983, "arrival_ts": 1758814707171}
{"action": "recv", "src": "SA-N154", "dst": "NA-N179", "hlc": {"phys": 1758814728928, "cnt": 0, "node": "SA-N154"}, "package_id": "PKG14706", "payload": {"status": "RECEIVED"}, "sent_ts": 1758814707388, "arrival_ts": 1758814707512}
{"action": "recv", "src": "SA-N154", "dst": "NA-N179", "hlc": {"phys": 1758814729256, "cnt": 0, "node": "SA-N154"}, "package_id": "PKG14706", "payload": {"status": "DELIVERED"}, "sent_ts": 1758814707716, "arrival_ts": 1758814707729}
{"action": "send", "src": "NA-N179", "dst": "AS-N100", "hlc": {"phys": 1758814754786, "cnt": 0, "node": "NA-N179"}, "package_id": "PKG14752", "payload": {"status": "CREATED"}, "sent_ts": 1758814752996, "arrival_ts": 1758814752996}
{"action": "send", "src": "NA-N179", "dst": "AS-N100", "hlc": {"phys": 1758814755079, "cnt": 0, "node": "NA-N179"}, "package_id": "PKG14752", "payload": {"status": "SENT"}, "sent_ts": 1758814753289, "arrival_ts": 1758814753289}
{"action": "send", "src": "NA-N179", "dst": "AS-N100", "hlc": {"phys": 1758814755341, "cnt": 0, "node": "NA-N179"}, "package_id": "PKG14752", "payload": {"status": "IN_TRANSIT"}, "sent_ts": 1758814753551, "arrival_ts": 1758814753551}
{"action": "send", "src": "NA-N179", "dst": "AS-N100", "hlc": {"phys": 1758814755571, "cnt": 0, "node": "NA-N179"}, "package_id": "PKG14752", "payload": {"status": "RECEIVED"}, "sent_ts": 1758814753781, "arrival_ts": 1758814753781}
{"action": "send", "src": "NA-N179", "dst": "AS-N100", "hlc": {"phys": 1758814755899, "cnt": 0, "node": "NA-N179"}, "package_id": "PKG14752", "payload": {"status": "DELIVERED"}, "sent_ts": 1758814754109, "arrival_ts": 1758814754109}
{"action": "recv", "src": "EU-N51", "dst": "NA-N179", "hlc": {"phys": 1758815148129, "cnt": 0, "node": "EU-N51"}, "package_id": "PKG15142", "payload": {"status": "CREATED"}, "sent_ts": 1758815142619, "arrival_ts": 1758815142799}
{"action": "recv", "src": "EU-N51", "dst": "NA-N179", "hlc": {"phys": 1758815148516, "cnt": 0, "node": "EU-N51"}, "package_id": "PKG15142", "payload": {"status": "SENT"}, "sent_ts": 1758815143006, "arrival_ts": 1758815143133}
{"action": "recv", "src": "EU-N51", "dst": "NA-N179", "hlc": {"phys": 1758815148843, "cnt": 0, "node": "EU-N51"}, "package_id": "PKG15142", "payload": {"status": "IN_TRANSIT"}, "sent_ts": 1758815143333, "arrival_ts": 1758815143532}
{"action": "recv", "src": "EU-N51", "dst": "NA-N179", "hlc": {"phys": 1758815149246, "cnt": 0, "node": "EU-N51"}, "package_id": "PKG15142", "payload": {"status": "RECEIVED"}, "sent_ts": 1758815143736, "arrival_ts": 1758815143759}
{"action": "recv", "src": "EU-N51", "dst": "NA-N179", "hlc": {"phys": 1758815149478, "cnt": 0, "node": "EU-N51"}, "package_id": "PKG15142", "payload": {"status": "DELIVERED"}, "sent_ts": 1758815143968, "arrival_ts": 1758815144166}
{"action": "recv", "src": "AU-N83", "dst": "NA-N179", "hlc": {"phys": 1758815182082, "cnt": 0, "node": "AU-N83"}, "package_id": "PKG15156", "payload": {"status": "CREATED"}, "sent_ts": 1758815156252, "arrival_ts": 1758815156402}
{"action": "recv", "src": "AU-N83", "dst": "NA-N179", "hlc": {"phys": 1758815182426, "cnt": 0, "node": "AU-N83"}, "package_id": "PKG15156", "payload": {"status": "SENT"}, "sent_ts": 1758815156596, "arrival_ts": 1758815156741}
{"action": "recv", "src": "AU-N83", "dst": "NA-N179", "hlc": {"phys": 1758815182767, "cnt": 0, "node": "AU-N83"}, "package_id": "PKG15156", "payload": {"status": "IN_TRANSIT"}, "sent_ts": 1758815156937, "arrival_ts": 1758815156970}
{"action": "recv", "src": "AU-N83", "dst": "NA-N179", "hlc": {"phys": 1758815183018, "cnt": 0, "node": "AU-N83"}, "package_id": "PKG15156", "payload": {"status": "RECEIVED"}, "sent_ts": 1758815157188, "arrival_ts": 1758815157315}
{"action": "recv", "src": "AU-N83", "dst": "NA-N179", "hlc": {"phys": 1758815183357, "cnt": 0, "node": "AU-N83"}, "package_id": "PKG15156", "payload": {"status": "DELIVERED"}, "sent_ts": 1758815157527, "arrival_ts": 1758815157693}
