{"action": "recv", "src": "EU-N45", "dst": "NA-N125", "hlc": {"phys": 1758717078781, "cnt": 0, "node": "EU-N45"}, "package_id": "PKG17073", "payload": {"status": "CREATED"}, "sent_ts": 1758717073331, "arrival_ts": 1758717073410}
{"action": "recv", "src": "EU-N45", "dst": "NA-N125", "hlc": {"phys": 1758717079071, "cnt": 0, "node": "EU-N45"}, "package_id": "PKG17073", "payload": {"status": "SENT"}, "sent_ts": 1758717073621, "arrival_ts": 1758717073742}
{"action": "recv", "src": "EU-N45", "dst": "NA-N125", "hlc": {"phys": 1758717079399, "cnt": 0, "node": "EU-N45"}, "package_id": "PKG17073", "payload": {"status": "IN_TRANSIT"}, "sent_ts": 1758717073949, "arrival_ts": 1758717074008}
{"action": "recv", "src": "EU-N45", "dst": "NA-N125", "hlc": {"phys": 1758717079670, "cnt": 0, "node": "EU-N45"}, "package_id": "PKG17073", "payload": {"status": "RECEIVED"}, "sent_ts": 1758717074220, "arrival_ts": 1758717074242}
{"action": "recv", "src": "EU-N45", "dst": "NA-N125", "hlc": {"phys": 1758717079873, "cnt": 0, "node": "EU-N45"}, "package_id": "PKG17073", "payload": {"status": "DELIVERED"}, "sent_ts": 1758717074423, "arrival_ts": 1758717074586}
{"action": "send", "src": "NA-N125", "dst": "AU-N127", "hlc": {"phys": 1758717217524, "cnt": 0, "node": "NA-N125"}, "package_id": "PKG17216", "payload": {"status": "CREATED"}, "sent_ts": 1758717216274, "arrival_ts": 1758717216274}
{"action": "send", "src": "NA-N125", "dst": "AU-N127", "hlc": {"phys": 1758717217768, "cnt": 0, "node": "NA-N125"}, "package_id": "PKG17216", "payload": {"status": "SENT"}, "sent_ts": 1758717216518, "arrival_ts": 1758717216518}
{"action": "send", "src": "NA-N125", "dst": "AU-N127", "hlc": {"phys": 1758717218143, "cnt": 0, "node": "NA-N125"}, "package_id": "PKG17216", "payload": {"status": "IN_TRANSIT"}, "sent_ts": 1758717216893, "arrival_ts": 1758717216893}
{"action": "send", "src": "NA-N125", "dst": "AU-N127", "hlc": {"phys": 1758717218475, "cnt": 0, "node": "NA-N125"}, "package_id": "PKG17216", "payload": {"status": "RECEIVED"}, "sent_ts": 1758717217225, "arrival_ts": 1758717217225}
{"action": "send", "src": "NA-N125", "dst": "AU-N127", "hlc": {"phys": 1758717218837, "cnt": 0, "node": "NA-N125"}, "package_id": "PKG17216", "payload": {"status": "DELIVERED"}, "sent_ts": 1758717217587, "arrival_ts": 1758717217587}
{"action": "recv", "src": "AN-N18", "dst": "NA-N125", "hlc": {"phys": 1758717902006, "cnt": 0, "node": "AN-N18"}, "package_id": "PKG17871", "payload": {"status": "CREATED"}, "sent_ts": 1758717871826, "arrival_ts": 1758717871912}
{"action": "recv", "src": "AN-N18", "dst": "NA-N125", "hlc": {"phys": 1758717902306, "cnt": 0, "node": "AN-N18"}, "package_id": "PKG17871", "payload": {"status": "SENT"}, "sent_ts": 1758717872126, "arrival_ts": 1758717872212}
{"action": "recv", "src": "AN-N18", "dst": "NA-N125", "hlc": {"phys": 1758717902606, "cnt": 0, "node": "AN-N18"}, "package_id": "PKG17871", "payload": {"status": "IN_TRANSIT"}, "sent_ts": 1758717872426, "arrival_ts": 1758717872557}
{"action": "recv", "src": "AN-N18", "dst": "NA-N125", "hlc": {"phys": 1758717902948, "cnt": 0, "node": "AN-N18"}, "package_id": "PKG17871", "payload": {"status": "RECEIVED"}, "sent_ts": 1758717872768, "arrival_ts": 1758717872898}
{"action": "recv", "src": "AN-N18", "dst": "NA-N125", "hlc": {"phys": 1758717903284, "cnt": 0, "node": "AN-N18"}, "package_id": "PKG17871", "payload": {"status": "DELIVERED"}, "sent_ts": 1758717873104, "arrival_ts": 1758717873151}
{"action": "send", "src": "NA-N125", "dst": "AU-N81", "hlc": {"phys": 1758739700286, "cnt": 0, "node": "NA-N125"}, "package_id": "PKG39699", "payload": {"status": "CREATED"}, "sent_ts": 1758739699036, "arrival_ts": 1758739699036}
{"action": "send", "src": "NA-N125", "dst": "AU-N81", "hlc": {"phys": 1758739700652, "cnt": 0, "node": "NA-N125"}, "package_id": "PKG39699", "payload": {"status": "SENT"}, "sent_ts": 1758739699402, "arrival_ts": 1758739699402}
{"action": "send", "src": "NA-N125", "dst": "AU-N81", "hlc": {"phys": 1758739700923, "cnt": 0, "node": "NA-N125"}, "package_id": "PKG39699", "payload": {"status": "IN_TRANSIT"}, "sent_ts": 1758739699673, "arrival_ts": 1758739699673}
{"action": "send", "src": "NA-N125", "dst": "AU-N81", "hlc": {"phys": 1758739701237, "cnt": 0, "node": "NA-N125"}, "package_id": "PKG39699", "payload": {"status": "RECEIVED"}, "sent_ts": 1758739699987, "arrival_ts": 1758739699987}
{"action": "send", "src": "NA-N125", "dst": "AU-N81", "hlc": {"phys": 1758739701471, "cnt": 0, "node": "NA-N125"}, "package_id": "PKG39699", "payload": {"status": "DELIVERED"}, "sent_ts": 1758739700221, "arrival_ts": 1758739700221}
{"action": "send", "src": "NA-N125", "dst": "AN-N25", "hlc": {"phys": 1758743109012, "cnt": 0, "node": "NA-N125"}, "package_id": "PKG43107", "payload": {"status": "CREATED"}, "sent_ts": 1758743107762, "arrival_ts": 1758743107762}
{"action": "send", "src": "NA-N125", "dst": "AN-N25", "hlc": {"phys": 1758743109244, "cnt": 0, "node": "NA-N125"}, "package_id": "PKG43107", "payload": {"status": "SENT"}, "sent_ts": 1758743107994, "arrival_ts": 1758743107994}
{"action": "send", "src": "NA-N125", "dst": "AN-N25", "hlc": {"phys": 1758743109506, "cnt": 0, "node": "NA-N125"}, "package_id": "PKG43107", "payload": {"status": "IN_TRANSIT"}, "sent_ts": 1758743108256, "arrival_ts": 1758743108256}
{"action": "send", "src": "NA-N125", "dst": "AN-N25", "hlc": {"phys": 1758743109801, "cnt": 0, "node": "NA-N125"}, "package_id": "PKG43107", "payload": {"status": "RECEIVED"}, "sent_ts": 1758743108551, "arrival_ts": 1758743108551}
{"action": "send", "src": "NA-N125", "dst": "AN-N25", "hlc": {"phys": 1758743110159, "cnt": 0, "node": "NA-N125"}, "package_id": "PKG43107", "payload": {"status": "DELIVERED"}, "sent_ts": 1758743108909, "arrival_ts": 1758743108909}
{"action": "send", "src": "NA-N125", "dst": "SA-N14", "hlc": {"phys": 1758745898790, "cnt": 0, "node": "NA-N125"}, "package_id": "PKG45897", "payload": {"status": "CREATED"}, "sent_ts": 1758745897540, "arrival_ts": 1758745897540}
{"action": "send", "src": "NA-N125", "dst": "SA-N14", "hlc": {"phys": 1758745899117, "cnt": 0, "node": "NA-N125"}, "package_id": "PKG45897", "payload": {"status": "SENT"}, "sent_ts": 1758745897867, "arrival_ts": 1758745897867}
{"action": "send", "src": "NA-N125", "dst": "SA-N14", "hlc": {"phys": 1758745899534, "cnt": 0, "node": "NA-N125"}, "package_id": "PKG45897", "payload": {"status": "IN_TRANSIT"}, "sent_ts": 1758745898284, "arrival_ts": 1758745898284}
{"action": "send", "src": "NA-N125", "dst": "SA-N14", "hlc": {"phys": 1758745899877, "cnt": 0, "node": "NA-N125"}, "package_id": "PKG45897", "payload": {"status": "RECEIVED"}, "sent_ts": 1758745898627, "arrival_ts": 1758745898627}
{"action": "send", "src": "NA-N125", "dst": "SA-N14", "hlc": {"phys": 1758745900307, "cnt": 0, "node": "NA-N125"}, "package_id": "PKG45897", "payload": {"status": "DELIVERED"}, "sent_ts": 1758745899057, "arrival_ts": 1758745899057}
{"action": "recv", "src": "AS-N177", "dst": "NA-N125", "hlc": {"phys": 1758747891634, "cnt": 0, "node": "AS-N177"}, "package_id": "PKG47879", "payload": {"status": "CREATED"}, "sent_ts": 1758747879864, "arrival_ts": 1758747879921}
{"action": "recv", "src": "AS-N177", "dst": "NA-N125", "hlc": {"phys": 1758747891894, "cnt": 0, "node": "AS-N177"}, "package_id": "PKG47879", "payload": {"status": "SENT"}, "sent_ts": 1758747880124, "arrival_ts": 1758747880210}
{"action": "recv", "src": "AS-N177", "dst": "NA-N125", "hlc": {"phys": 1758747892189, "cnt": 0, "node": "AS-N177"}, "package_id": "PKG47879", "payload": {"status": "IN_TRANSIT"}, "sent_ts": 1758747880419, "arrival_ts": 1758747880450}
{"action": "recv", "src": "AS-N177", "dst": "NA-N125", "hlc": {"phys": 1758747892422, "cnt": 0, "node": "AS-N177"}, "package_id": "PKG47879", "payload": {"status": "RECEIVED"}, "sent_ts": 1758747880651, "arrival_ts": 1758747880713}
{"action": "recv", "src": "AS-N177", "dst": "NA-N125", "hlc": {"phys": 1758747892685, "cnt": 0, "node": "AS-N177"}, "package_id": "PKG47879", "payload": {"status": "DELIVERED"}, "sent_ts": 1758747880915, "arrival_ts": 1758747880933}
{"action": "recv", "src": "AF-N120", "dst": "NA-N125", "hlc": {"phys": 1758749015175, "cnt": 0, "node": "AF-N120"}, "package_id": "PKG48998", "payload": {"status": "CREATED"}, "sent_ts": 1758748998975, "arrival_ts": 1758748999144}
{"action": "recv", "src": "AF-N120", "dst": "NA-N125", "hlc": {"phys": 1758749015550, "cnt": 0, "node": "AF-N120"}, "package_id": "PKG48998", "payload": {"status": "SENT"}, "sent_ts": 1758748999350, "arrival_ts": 1758748999524}
{"action": "recv", "src": "AF-N120", "dst": "NA-N125", "hlc": {"phys": 1758749015935, "cnt": 0, "node": "AF-N120"}, "package_id": "PKG48998", "payload": {"status": "IN_TRANSIT"}, "sent_ts": 1758748999735, "arrival_ts": 1758748999779}
{"action": "recv", "src": "AF-N120", "dst": "NA-N125", "hlc": {"phys": 1758749016183, "cnt": 0, "node": "AF-N120"}, "package_id": "PKG48998", "payload": {"status": "RECEIVED"}, "sent_ts": 1758748999983, "arrival_ts": 1758749000024}
{"action": "recv", "src": "AF-N120", "dst": "NA-N125", "hlc": {"phys": 1758749016430, "cnt": 0, "node": "AF-N120"}, "package_id": "PKG48998", "payload": {"status": "DELIVERED"}, "sent_ts": 1758749000230, "arrival_ts": 1758749000261}
{"action": "send", "src": "NA-N125", "dst": "SA-N42", "hlc": {"phys": 1758749728056, "cnt": 0, "node": "NA-N125"}, "package_id": "PKG49726", "payload": {"status": "CREATED"}, "sent_ts": 1758749726806, "arrival_ts": 1758749726806}
{"action": "send", "src": "NA-N125", "dst": "SA-N42", "hlc": {"phys": 1758749728357, "cnt": 0, "node": "NA-N125"}, "package_id": "PKG49726", "payload": {"status": "SENT"}, "sent_ts": 1758749727107, "arrival_ts": 1758749727107}
{"action": "send", "src": "NA-N125", "dst": "SA-N42", "hlc": {"phys": 1758749728707, "cnt": 0, "node": "NA-N125"}, "package_id": "PKG49726", "payload": {"status": "IN_TRANSIT"}, "sent_ts": 1758749727457, "arrival_ts": 1758749727457}
{"action": "send", "src": "NA-N125", "dst": "SA-N42", "hlc": {"phys": 1758749728957, "cnt": 0, "node": "NA-N125"}, "package_id": "PKG49726", "payload": {"status": "RECEIVED"}, "sent_ts": 1758749727707, "arrival_ts": 1758749727707}
{"action": "send", "src": "NA-N125", "dst": "SA-N42", "hlc": {"phys": 1758749729322, "cnt": 0, "node": "NA-N125"}, "package_id": "PKG49726", "payload": {"status": "DELIVERED"}, "sent_ts": 1758749728072, "arrival_ts": 1758749728072}
{"action": "send", "src": "NA-N125", "dst": "AF-N156", "hlc": {"phys": 1758754466002, "cnt": 0, "node": "NA-N125"}, "package_id": "PKG54464", "payload": {"status": "CREATED"}, "sent_ts": 1758754464752, "arrival_ts": 1758754464752}
{"action": "send", "src": "NA-N125", "dst": "AF-N156", "hlc": {"phys": 1758754466344, "cnt": 0, "node": "NA-N125"}, "package_id": "PKG54464", "payload": {"status": "SENT"}, "sent_ts": 1758754465094, "arrival_ts": 1758754465094}
{"action": "send", "src": "NA-N125", "dst": "AF-N156", "hlc": {"phys": 1758754466649, "cnt": 0, "node": "NA-N125"}, "package_id": "PKG54464", "payload": {"status": "IN_TRANSIT"}, "sent_ts": 1758754465399, "arrival_ts": 1758754465399}
{"action": "send", "src": "NA-N125", "dst": "AF-N156", "hlc": {"phys": 1758754467039, "cnt": 0, "node": "NA-N125"}, "package_id": "PKG54464", "payload": {"status": "RECEIVED"}, "sent_ts": 1758754465789, "arrival_ts": 1758754465789}
{"action": "send", "src": "NA-N125", "dst": "AF-N156", "hlc": {"phys": 1758754467453, "cnt": 0, "node": "NA-N125"}, "package_id": "PKG54464", "payload": {"status": "DELIVERED"}, "sent_ts": 1758754466203, "arrival_ts": 1758754466203}
{"action": "recv", "src": "NA-N177", "dst": "NA-N125", "hlc": {"phys": 1758754471792, "cnt": 0, "node": "NA-N177"}, "package_id": "PKG54470", "payload": {"status": "CREATED"}, "sent_ts": 1758754470022, "arrival_ts": 1758754470131}
{"action": "recv", "src": "NA-N177", "dst": "NA-N125", "hlc": {"phys": 1758754472121, "cnt": 0, "node": "NA-N177"}, "package_id": "PKG54470", "payload": {"status": "SENT"}, "sent_ts": 1758754470351, "arrival_ts": 1758754470392}
{"action": "recv", "src": "NA-N177", "dst": "NA-N125", "hlc": {"phys": 1758754472370, "cnt": 0, "node": "NA-N177"}, "package_id": "PKG54470", "payload": {"status": "IN_TRANSIT"}, "sent_ts": 1758754470600, "arrival_ts": 1758754470725}
{"action": "recv", "src": "NA-N177", "dst": "NA-N125", "hlc": {"phys": 1758754472704, "cnt": 0, "node": "NA-N177"}, "package_id": "PKG54470", "payload": {"status": "RECEIVED"}, "sent_ts": 1758754470934, "arrival_ts": 1758754470972}
{"action": "recv", "src": "NA-N177", "dst": "NA-N125", "hlc": {"phys": 1758754472965, "cnt": 0, "node": "NA-N177"}, "package_id": "PKG54470", "payload": {"status": "DELIVERED"}, "sent_ts": 1758754471195, "arrival_ts": 1758754471253}
{"action": "recv", "src": "AU-N198", "dst": "NA-N125", "hlc": {"phys": 1758756436445, "cnt": 0, "node": "AU-N198"}, "package_id": "PKG56409", "payload": {"status": "CREATED"}, "sent_ts": 1758756409465, "arrival_ts": 1758756409570}
{"action": "recv", "src": "AU-N198", "dst": "NA-N125", "hlc": {"phys": 1758756436749, "cnt": 0, "node": "AU-N198"}, "package_id": "PKG56409", "payload": {"status": "SENT"}, "sent_ts": 1758756409769, "arrival_ts": 1758756409928}
{"action": "recv", "src": "AU-N198", "dst": "NA-N125", "hlc": {"phys": 1758756437132, "cnt": 0, "node": "AU-N198"}, "package_id": "PKG56409", "payload": {"status": "IN_TRANSIT"}, "sent_ts": 1758756410152, "arrival_ts": 1758756410254}
{"action": "recv", "src": "AU-N198", "dst": "NA-N125", "hlc": {"phys": 1758756437449, "cnt": 0, "node": "AU-N198"}, "package_id": "PKG56409", "payload": {"status": "RECEIVED"}, "sent_ts": 1758756410469, "arrival_ts": 1758756410578}
{"action": "recv", "src": "AU-N198", "dst": "NA-N125", "hlc": {"phys": 1758756437765, "cnt": 0, "node": "AU-N198"}, "package_id": "PKG56409", "payload": {"status": "DELIVERED"}, "sent_ts": 1758756410785, "arrival_ts": 1758756410981}
{"action": "send", "src": "NA-N125", "dst": "AS-N173", "hlc": {"phys": 1758758505992, "cnt": 0, "node": "NA-N125"}, "package_id": "PKG58504", "payload": {"status": "CREATED"}, "sent_ts": 1758758504742, "arrival_ts": 1758758504742}
{"action": "send", "src": "NA-N125", "dst": "AS-N173", "hlc": {"phys": 1758758506239, "cnt": 0, "node": "NA-N125"}, "package_id": "PKG58504", "payload": {"status": "SENT"}, "sent_ts": 1758758504989, "arrival_ts": 1758758504989}
{"action": "send", "src": "NA-N125", "dst": "AS-N173", "hlc": {"phys": 1758758506501, "cnt": 0, "node": "NA-N125"}, "package_id": "PKG58504", "payload": {"status": "IN_TRANSIT"}, "sent_ts": 1758758505251, "arrival_ts": 1758758505251}
{"action": "send", "src": "NA-N125", "dst": "AS-N173", "hlc": {"phys": 1758758506794, "cnt": 0, "node": "NA-N125"}, "package_id": "PKG58504", "payload": {"status": "RECEIVED"}, "sent_ts": 1758758505544, "arrival_ts": 1758758505544}
{"action": "send", "src": "NA-N125", "dst": "AS-N173", "hlc": {"phys": 1758758507041, "cnt": 0, "node": "NA-N125"}, "package_id": "PKG58504", "payload": {"status": "DELIVERED"}, "sent_ts": 1758758505791, "arrival_ts": 1758758505791}
{"action": "send", "src": "NA-N125", "dst": "NA-N81", "hlc": {"phys": 1758758982483, "cnt": 0, "node": "NA-N125"}, "package_id": "PKG58981", "payload": {"status": "CREATED"}, "sent_ts": 1758758981233, "arrival_ts": 1758758981233}
{"action": "send", "src": "NA-N125", "dst": "NA-N81", "hlc": {"phys": 1758758982871, "cnt": 0, "node": "NA-N125"}, "package_id": "PKG58981", "payload": {"status": "SENT"}, "sent_ts": 1758758981621, "arrival_ts": 1758758981621}
{"action": "send", "src": "NA-N125", "dst": "NA-N81", "hlc": {"phys": 1758758983230, "cnt": 0, "node": "NA-N125"}, "package_id": "PKG58981", "payload": {"status": "IN_TRANSIT"}, "sent_ts": 1758758981980, "arrival_ts": 1758758981980}
{"action": "send", "src": "NA-N125", "dst": "NA-N81", "hlc": {"phys": 1758758983572, "cnt": 0, "node": "NA-N125"}, "package_id": "PKG58981", "payload": {"status": "RECEIVED"}, "sent_ts": 1758758982322, "arrival_ts": 1758758982322}
{"action": "send", "src": "NA-N125", "dst": "NA-N81", "hlc": {"phys": 1758758983820, "cnt": 0, "node": "NA-N125"}, "package_id": "PKG58981", "payload": {"status": "DELIVERED"}, "sent_ts": 1758758982570, "arrival_ts": 1758758982570}
{"action": "send", "src": "NA-N125", "dst": "SA-N142", "hlc": {"phys": 1758760246278, "cnt": 0, "node": "NA-N125"}, "package_id": "PKG60245", "payload": {"status": "CREATED"}, "sent_ts": 1758760245028, "arrival_ts": 1758760245028}
{"action": "send", "src": "NA-N125", "dst": "SA-N142", "hlc": {"phys": 1758760246615, "cnt": 0, "node": "NA-N125"}, "package_id": "PKG60245", "payload": {"status": "SENT"}, "sent_ts": 1758760245365, "arrival_ts": 1758760245365}
{"action": "send", "src": "NA-N125", "dst": "SA-N142", "hlc": {"phys": 1758760246864, "cnt": 0, "node": "NA-N125"}, "package_id": "PKG60245", "payload": {"status": "IN_TRANSIT"}, "sent_ts": 1758760245614, "arrival_ts": 1758760245614}
{"action": "send", "src": "NA-N125", "dst": "SA-N142", "hlc": {"phys": 1758760247236, "cnt": 0, "node": "NA-N125"}, "package_id": "PKG60245", "payload": {"status": "RECEIVED"}, "sent_ts": 1758760245986, "arrival_ts": 1758760245986}
{"action": "send", "src": "NA-N125", "dst": "SA-N142", "hlc": {"phys": 1758760247580, "cnt": 0, "node": "NA-N125"}, "package_id": "PKG60245", "payload": {"status": "DELIVERED"}, "sent_ts": 1758760246330, "arrival_ts": 1758760246330}
{"action": "recv", "src": "AS-N47", "dst": "NA-N125", "hlc": {"phys": 1758761910414, "cnt": 0, "node": "AS-N47"}, "package_id": "PKG61899", "payload": {"status": "CREATED"}, "sent_ts": 1758761899944, "arrival_ts": 1758761900082}
{"action": "recv", "src": "AS-N47", "dst": "NA-N125", "hlc": {"phys": 1758761910749, "cnt": 0, "node": "AS-N47"}, "package_id": "PKG61899", "payload": {"status": "SENT"}, "sent_ts": 1758761900279, "arrival_ts": 1758761900436}
{"action": "recv", "src": "AS-N47", "dst": "NA-N125", "hlc": {"phys": 1758761911121, "cnt": 0, "node": "AS-N47"}, "package_id": "PKG61899", "payload": {"status": "IN_TRANSIT"}, "sent_ts": 1758761900651, "arrival_ts": 1758761900853}
{"action": "recv", "src": "AS-N47", "dst": "NA-N125", "hlc": {"phys": 1758761911537, "cnt": 0, "node": "AS-N47"}, "package_id": "PKG61899", "payload": {"status": "RECEIVED"}, "sent_ts": 1758761901067, "arrival_ts": 1758761901196}
{"action": "recv", "src": "AS-N47", "dst": "NA-N125", "hlc": {"phys": 1758761911874, "cnt": 0, "node": "AS-N47"}, "package_id": "PKG61899", "payload": {"status": "DELIVERED"}, "sent_ts": 1758761901404, "arrival_ts": 1758761901488}
{"action": "send", "src": "NA-N125", "dst": "AF-N149", "hlc": {"phys": 1758762212297, "cnt": 0, "node": "NA-N125"}, "package_id": "PKG62211", "payload": {"status": "CREATED"}, "sent_ts": 1758762211047, "arrival_ts": 1758762211047}
{"action": "send", "src": "NA-N125", "dst": "AF-N149", "hlc": {"phys": 1758762212630, "cnt": 0, "node": "NA-N125"}, "package_id": "PKG62211", "payload": {"status": "SENT"}, "sent_ts": 1758762211380, "arrival_ts": 1758762211380}
{"action": "send", "src": "NA-N125", "dst": "AF-N149", "hlc": {"phys": 1758762212951, "cnt": 0, "node": "NA-N125"}, "package_id": "PKG62211", "payload": {"status": "IN_TRANSIT"}, "sent_ts": 1758762211701, "arrival_ts": 1758762211701}
{"action": "send", "src": "NA-N125", "dst": "AF-N149", "hlc": {"phys": 1758762213189, "cnt": 0, "node": "NA-N125"}, "package_id": "PKG62211", "payload": {"status": "RECEIVED"}, "sent_ts": 1758762211939, "arrival_ts": 1758762211939}
{"action": "send", "src": "NA-N125", "dst": "AF-N149", "hlc": {"phys": 1758762213561, "cnt": 0, "node": "NA-N125"}, "package_id": "PKG62211", "payload": {"status": "DELIVERED"}, "sent_ts": 1758762212311, "arrival_ts": 1758762212311}
{"action": "recv", "src": "AF-N176", "dst": "NA-N125", "hlc": {"phys": 1758765427722, "cnt": 0, "node": "AF-N176"}, "package_id": "PKG65410", "payload": {"status": "CREATED"}, "sent_ts": 1758765410962, "arrival_ts": 1758765411044}
{"action": "recv", "src": "AF-N176", "dst": "NA-N125", "hlc": {"phys": 1758765428025, "cnt": 0, "node": "AF-N176"}, "package_id": "PKG65410", "payload": {"status": "SENT"}, "sent_ts": 1758765411265, "arrival_ts": 1758765411311}
{"action": "recv", "src": "AF-N176", "dst": "NA-N125", "hlc": {"phys": 1758765428281, "cnt": 0, "node": "AF-N176"}, "package_id": "PKG65410", "payload": {"status": "IN_TRANSIT"}, "sent_ts": 1758765411521, "arrival_ts": 1758765411679}
{"action": "recv", "src": "AF-N176", "dst": "NA-N125", "hlc": {"phys": 1758765428648, "cnt": 0, "node": "AF-N176"}, "package_id": "PKG65410", "payload": {"status": "RECEIVED"}, "sent_ts": 1758765411888, "arrival_ts": 1758765411906}
{"action": "recv", "src": "AF-N176", "dst": "NA-N125", "hlc": {"phys": 1758765428855, "cnt": 0, "node": "AF-N176"}, "package_id": "PKG65410", "payload": {"status": "DELIVERED"}, "sent_ts": 1758765412095, "arrival_ts": 1758765412279}
{"action": "recv", "src": "AN-N93", "dst": "NA-N125", "hlc": {"phys": 1758809569557, "cnt": 0, "node": "AN-N93"}, "package_id": "PKG9538", "payload": {"status": "CREATED"}, "sent_ts": 1758809538627, "arrival_ts": 1758809538810}
{"action": "recv", "src": "AN-N93", "dst": "NA-N125", "hlc": {"phys": 1758809569958, "cnt": 0, "node": "AN-N93"}, "package_id": "PKG9538", "payload": {"status": "SENT"}, "sent_ts": 1758809539028, "arrival_ts": 1758809539112}
{"action": "recv", "src": "AN-N93", "dst": "NA-N125", "hlc": {"phys": 1758809570250, "cnt": 0, "node": "AN-N93"}, "package_id": "PKG9538", "payload": {"status": "IN_TRANSIT"}, "sent_ts": 1758809539320, "arrival_ts": 1758809539356}
{"action": "recv", "src": "AN-N93", "dst": "NA-N125", "hlc": {"phys": 1758809570497, "cnt": 0, "node": "AN-N93"}, "package_id": "PKG9538", "payload": {"status": "RECEIVED"}, "sent_ts": 1758809539567, "arrival_ts": 1758809539727}
{"action": "recv", "src": "AN-N93", "dst": "NA-N125", "hlc": {"phys": 1758809570852, "cnt": 0, "node": "AN-N93"}, "package_id": "PKG9538", "payload": {"status": "DELIVERED"}, "sent_ts": 1758809539922, "arrival_ts": 1758809539958}
{"action": "send", "src": "NA-N125", "dst": "AS-N167", "hlc": {"phys": 1758812054196, "cnt": 0, "node": "NA-N125"}, "package_id": "PKG12052", "payload": {"status": "CREATED"}, "sent_ts": 1758812052946, "arrival_ts": 1758812052946}
{"action": "send", "src": "NA-N125", "dst": "AS-N167", "hlc": {"phys": 1758812054534, "cnt": 0, "node": "NA-N125"}, "package_id": "PKG12052", "payload": {"status": "SENT"}, "sent_ts": 1758812053284, "arrival_ts": 1758812053284}
{"action": "send", "src": "NA-N125", "dst": "AS-N167", "hlc": {"phys": 1758812054736, "cnt": 0, "node": "NA-N125"}, "package_id": "PKG12052", "payload": {"status": "IN_TRANSIT"}, "sent_ts": 1758812053486, "arrival_ts": 1758812053486}
{"action": "send", "src": "NA-N125", "dst": "AS-N167", "hlc": {"phys": 1758812054985, "cnt": 0, "node": "NA-N125"}, "package_id": "PKG12052", "payload": {"status": "RECEIVED"}, "sent_ts": 1758812053735, "arrival_ts": 1758812053735}
{"action": "send", "src": "NA-N125", "dst": "AS-N167", "hlc": {"phys": 1758812055275, "cnt": 0, "node": "NA-N125"}, "package_id": "PKG12052", "payload": {"status": "DELIVERED"}, "sent_ts": 1758812054025, "arrival_ts": 1758812054025}
{"action": "recv", "src": "SA-N102", "dst": "NA-N125", "hlc": {"phys": 1758814831177, "cnt": 0, "node": "SA-N102"}, "package_id": "PKG14810", "payload": {"status": "CREATED"}, "sent_ts": 1758814810157, "arrival_ts": 1758814810214}
{"action": "recv", "src": "SA-N102", "dst": "NA-N125", "hlc": {"phys": 1758814831430, "cnt": 0, "node": "SA-N102"}, "package_id": "PKG14810", "payload": {"status": "SENT"}, "sent_ts": 1758814810410, "arrival_ts": 1758814810461}
{"action": "recv", "src": "SA-N102", "dst": "NA-N125", "hlc": {"phys": 1758814831679, "cnt": 0, "node": "SA-N102"}, "package_id": "PKG14810", "payload": {"status": "IN_TRANSIT"}, "sent_ts": 1758814810659, "arrival_ts": 1758814810700}
{"action": "recv", "src": "SA-N102", "dst": "NA-N125", "hlc": {"phys": 1758814831912, "cnt": 0, "node": "SA-N102"}, "package_id": "PKG14810", "payload": {"status": "RECEIVED"}, "sent_ts": 1758814810892, "arrival_ts": 1758814810942}
{"action": "recv", "src": "SA-N102", "dst": "NA-N125", "hlc": {"phys": 1758814832159, "cnt": 0, "node": "SA-N102"}, "package_id": "PKG14810", "payload": {"status": "DELIVERED"}, "sent_ts": 1758814811139, "arrival_ts": 1758814811178}
{"action": "recv", "src": "AU-N75", "dst": "NA-N125", "hlc": {"phys": 1758816093026, "cnt": 0, "node": "AU-N75"}, "package_id": "PKG16067", "payload": {"status": "CREATED"}, "sent_ts": 1758816067276, "arrival_ts": 1758816067382}
{"action": "recv", "src": "AU-N75", "dst": "NA-N125", "hlc": {"phys": 1758816093335, "cnt": 0, "node": "AU-N75"}, "package_id": "PKG16067", "payload": {"status": "SENT"}, "sent_ts": 1758816067585, "arrival_ts": 1758816067732}
{"action": "recv", "src": "AU-N75", "dst": "NA-N125", "hlc": {"phys": 1758816093677, "cnt": 0, "node": "AU-N75"}, "package_id": "PKG16067", "payload": {"status": "IN_TRANSIT"}, "sent_ts": 1758816067927, "arrival_ts": 1758816068008}
{"action": "recv", "src": "AU-N75", "dst": "NA-N125", "hlc": {"phys": 1758816093958, "cnt": 0, "node": "AU-N75"}, "package_id": "PKG16067", "payload": {"status": "RECEIVED"}, "sent_ts": 1758816068208, "arrival_ts": 1758816068324}
{"action": "recv", "src": "AU-N75", "dst": "NA-N125", "hlc": {"phys": 1758816094270, "cnt": 0, "node": "AU-N75"}, "package_id": "PKG16067", "payload": {"status": "DELIVERED"}, "sent_ts": 1758816068520, "arrival_ts": 1758816068551}
{"action": "recv", "src": "AF-N51", "dst": "NA-N125", "hlc": {"phys": 1758816822352, "cnt": 0, "node": "AF-N51"}, "package_id": "PKG16806", "payload": {"status": "CREATED"}, "sent_ts": 1758816806842, "arrival_ts": 1758816807120}
{"action": "recv", "src": "AF-N51", "dst": "NA-N125", "hlc": {"phys": 1758816822832, "cnt": 0, "node": "AF-N51"}, "package_id": "PKG16806", "payload": {"status": "SENT"}, "sent_ts": 1758816807322, "arrival_ts": 1758816807446}
{"action": "recv", "src": "AF-N51", "dst": "NA-N125", "hlc": {"phys": 1758816823143, "cnt": 0, "node": "AF-N51"}, "package_id": "PKG16806", "payload": {"status": "IN_TRANSIT"}, "sent_ts": 1758816807633, "arrival_ts": 1758816807724}
{"action": "recv", "src": "AF-N51", "dst": "NA-N125", "hlc": {"phys": 1758816823451, "cnt": 0, "node": "AF-N51"}, "package_id": "PKG16806", "payload": {"status": "RECEIVED"}, "sent_ts": 1758816807941, "arrival_ts": 1758816808014}
{"action": "recv", "src": "AF-N51", "dst": "NA-N125", "hlc": {"phys": 1758816823729, "cnt": 0, "node": "AF-N51"}, "package_id": "PKG16806", "payload": {"status": "DELIVERED"}, "sent_ts": 1758816808219, "arrival_ts": 1758816808405}
{"action": "send", "src": "NA-N125", "dst": "AN-N38", "hlc": {"phys": 1758816850894, "cnt": 0, "node": "NA-N125"}, "package_id": "PKG16849", "payload": {"status": "CREATED"}, "sent_ts": 1758816849644, "arrival_ts": 1758816849644}
{"action": "send", "src": "NA-N125", "dst": "AN-N38", "hlc": {"phys": 1758816851255, "cnt": 0, "node": "NA-N125"}, "package_id": "PKG16849", "payload": {"status": "SENT"}, "sent_ts": 1758816850005, "arrival_ts": 1758816850005}
{"action": "send", "src": "NA-N125", "dst": "AN-N38", "hlc": {"phys": 1758816851487, "cnt": 0, "node": "NA-N125"}, "package_id": "PKG16849", "payload": {"status": "IN_TRANSIT"}, "sent_ts": 1758816850237, "arrival_ts": 1758816850238}
{"action": "send", "src": "NA-N125", "dst": "AN-N38", "hlc": {"phys": 1758816851904, "cnt": 0, "node": "NA-N125"}, "package_id": "PKG16849", "payload": {"status": "RECEIVED"}, "sent_ts": 1758816850654, "arrival_ts": 1758816850654}
{"action": "send", "src": "NA-N125", "dst": "AN-N38", "hlc": {"phys": 1758816852180, "cnt": 0, "node": "NA-N125"}, "package_id": "PKG16849", "payload": {"status": "DELIVERED"}, "sent_ts": 1758816850930, "arrival_ts": 1758816850930}
