{"action": "send", "src": "NA-N136", "dst": "AU-N176", "hlc": {"phys": 1758713255856, "cnt": 0, "node": "NA-N136"}, "package_id": "PKG13254", "payload": {"status": "CREATED"}, "sent_ts": 1758713254496, "arrival_ts": 1758713254496}
{"action": "send", "src": "NA-N136", "dst": "AU-N176", "hlc": {"phys": 1758713256167, "cnt": 0, "node": "NA-N136"}, "package_id": "PKG13254", "payload": {"status": "SENT"}, "sent_ts": 1758713254807, "arrival_ts": 1758713254807}
{"action": "send", "src": "NA-N136", "dst": "AU-N176", "hlc": {"phys": 1758713256416, "cnt": 0, "node": "NA-N136"}, "package_id": "PKG13254", "payload": {"status": "IN_TRANSIT"}, "sent_ts": 1758713255056, "arrival_ts": 1758713255056}
{"action": "send", "src": "NA-N136", "dst": "AU-N176", "hlc": {"phys": 1758713256759, "cnt": 0, "node": "NA-N136"}, "package_id": "PKG13254", "payload": {"status": "RECEIVED"}, "sent_ts": 1758713255399, "arrival_ts": 1758713255399}
{"action": "send", "src": "NA-N136", "dst": "AU-N176", "hlc": {"phys": 1758713257146, "cnt": 0, "node": "NA-N136"}, "package_id": "PKG13254", "payload": {"status": "DELIVERED"}, "sent_ts": 1758713255786, "arrival_ts": 1758713255786}
{"action": "send", "src": "NA-N136", "dst": "AU-N160", "hlc": {"phys": 1758716879367, "cnt": 0, "node": "NA-N136"}, "package_id": "PKG16878", "payload": {"status": "CREATED"}, "sent_ts": 1758716878007, "arrival_ts": 1758716878007}
{"action": "send", "src": "NA-N136", "dst": "AU-N160", "hlc": {"phys": 1758716879723, "cnt": 0, "node": "NA-N136"}, "package_id": "PKG16878", "payload": {"status": "SENT"}, "sent_ts": 1758716878363, "arrival_ts": 1758716878363}
{"action": "send", "src": "NA-N136", "dst": "AU-N160", "hlc": {"phys": 1758716879954, "cnt": 0, "node": "NA-N136"}, "package_id": "PKG16878", "payload": {"status": "IN_TRANSIT"}, "sent_ts": 1758716878594, "arrival_ts": 1758716878594}
{"action": "send", "src": "NA-N136", "dst": "AU-N160", "hlc": {"phys": 1758716880330, "cnt": 0, "node": "NA-N136"}, "package_id": "PKG16878", "payload": {"status": "RECEIVED"}, "sent_ts": 1758716878970, "arrival_ts": 1758716878970}
{"action": "send", "src": "NA-N136", "dst": "AU-N160", "hlc": {"phys": 1758716880603, "cnt": 0, "node": "NA-N136"}, "package_id": "PKG16878", "payload": {"status": "DELIVERED"}, "sent_ts": 1758716879243, "arrival_ts": 1758716879243}
{"action": "recv", "src": "AN-N156", "dst": "NA-N136", "hlc": {"phys": 1758742918342, "cnt": 0, "node": "AN-N156"}, "package_id": "PKG42886", "payload": {"status": "CREATED"}, "sent_ts": 1758742886782, "arrival_ts": 1758742886918}
{"action": "recv", "src": "AN-N156", "dst": "NA-N136", "hlc": {"phys": 1758742918697, "cnt": 0, "node": "AN-N156"}, "package_id": "PKG42886", "payload": {"status": "SENT"}, "sent_ts": 1758742887137, "arrival_ts": 1758742887215}
{"action": "recv", "src": "AN-N156", "dst": "NA-N136", "hlc": {"phys": 1758742918987, "cnt": 0, "node": "AN-N156"}, "package_id": "PKG42886", "payload": {"status": "IN_TRANSIT"}, "sent_ts": 1758742887427, "arrival_ts": 1758742887587}
{"action": "recv", "src": "AN-N156", "dst": "NA-N136", "hlc": {"phys": 1758742919362, "cnt": 0, "node": "AN-N156"}, "package_id": "PKG42886", "payload": {"status": "RECEIVED"}, "sent_ts": 1758742887802, "arrival_ts": 1758742887977}
{"action": "recv", "src": "AN-N156", "dst": "NA-N136", "hlc": {"phys": 1758742919733, "cnt": 0, "node": "AN-N156"}, "package_id": "PKG42886", "payload": {"status": "DELIVERED"}, "sent_ts": 1758742888173, "arrival_ts": 1758742888345}
{"action": "send", "src": "NA-N136", "dst": "AF-N147", "hlc": {"phys": 1758742919733, "cnt": 1, "node": "NA-N136"}, "package_id": "PKG42894", "payload": {"status": "CREATED"}, "sent_ts": 1758742894985, "arrival_ts": 1758742894985}
{"action": "send", "src": "NA-N136", "dst": "AF-N147", "hlc": {"phys": 1758742919733, "cnt": 2, "node": "NA-N136"}, "package_id": "PKG42894", "payload": {"status": "SENT"}, "sent_ts": 1758742895346, "arrival_ts": 1758742895346}
{"action": "send", "src": "NA-N136", "dst": "AF-N147", "hlc": {"phys": 1758742919733, "cnt": 3, "node": "NA-N136"}, "package_id": "PKG42894", "payload": {"status": "IN_TRANSIT"}, "sent_ts": 1758742895707, "arrival_ts": 1758742895707}
{"action": "send", "src": "NA-N136", "dst": "AF-N147", "hlc": {"phys": 1758742919733, "cnt": 4, "node": "NA-N136"}, "package_id": "PKG42894", "payload": {"status": "RECEIVED"}, "sent_ts": 1758742896021, "arrival_ts": 1758742896021}
{"action": "send", "src": "NA-N136", "dst": "AF-N147", "hlc": {"phys": 1758742919733, "cnt": 5, "node": "NA-N136"}, "package_id": "PKG42894", "payload": {"status": "DELIVERED"}, "sent_ts": 1758742896402, "arrival_ts": 1758742896402}
{"action": "recv", "src": "AF-N135", "dst": "NA-N136", "hlc": {"phys": 1758743815306, "cnt": 0, "node": "AF-N135"}, "package_id": "PKG43798", "payload": {"status": "CREATED"}, "sent_ts": 1758743798956, "arrival_ts": 1758743799006}
{"action": "recv", "src": "AF-N135", "dst": "NA-N136", "hlc": {"phys": 1758743815553, "cnt": 0, "node": "AF-N135"}, "package_id": "PKG43798", "payload": {"status": "SENT"}, "sent_ts": 1758743799203, "arrival_ts": 1758743799275}
{"action": "recv", "src": "AF-N135", "dst": "NA-N136", "hlc": {"phys": 1758743815818, "cnt": 0, "node": "AF-N135"}, "package_id": "PKG43798", "payload": {"status": "IN_TRANSIT"}, "sent_ts": 1758743799468, "arrival_ts": 1758743799547}
{"action": "recv", "src": "AF-N135", "dst": "NA-N136", "hlc": {"phys": 1758743816111, "cnt": 0, "node": "AF-N135"}, "package_id": "PKG43798", "payload": {"status": "RECEIVED"}, "sent_ts": 1758743799761, "arrival_ts": 1758743799796}
{"action": "recv", "src": "AF-N135", "dst": "NA-N136", "hlc": {"phys": 1758743816356, "cnt": 0, "node": "AF-N135"}, "package_id": "PKG43798", "payload": {"status": "DELIVERED"}, "sent_ts": 1758743800006, "arrival_ts": 1758743800061}
{"action": "recv", "src": "EU-N161", "dst": "NA-N136", "hlc": {"phys": 1758746052231, "cnt": 0, "node": "EU-N161"}, "package_id": "PKG46045", "payload": {"status": "CREATED"}, "sent_ts": 1758746045621, "arrival_ts": 1758746045641}
{"action": "recv", "src": "EU-N161", "dst": "NA-N136", "hlc": {"phys": 1758746052462, "cnt": 0, "node": "EU-N161"}, "package_id": "PKG46045", "payload": {"status": "SENT"}, "sent_ts": 1758746045852, "arrival_ts": 1758746046016}
{"action": "recv", "src": "EU-N161", "dst": "NA-N136", "hlc": {"phys": 1758746052833, "cnt": 0, "node": "EU-N161"}, "package_id": "PKG46045", "payload": {"status": "IN_TRANSIT"}, "sent_ts": 1758746046223, "arrival_ts": 1758746046259}
{"action": "recv", "src": "EU-N161", "dst": "NA-N136", "hlc": {"phys": 1758746053059, "cnt": 0, "node": "EU-N161"}, "package_id": "PKG46045", "payload": {"status": "RECEIVED"}, "sent_ts": 1758746046449, "arrival_ts": 1758746046573}
{"action": "recv", "src": "EU-N161", "dst": "NA-N136", "hlc": {"phys": 1758746053381, "cnt": 0, "node": "EU-N161"}, "package_id": "PKG46045", "payload": {"status": "DELIVERED"}, "sent_ts": 1758746046771, "arrival_ts": 1758746046939}
{"action": "send", "src": "NA-N136", "dst": "SA-N183", "hlc": {"phys": 1758747437708, "cnt": 0, "node": "NA-N136"}, "package_id": "PKG47436", "payload": {"status": "CREATED"}, "sent_ts": 1758747436348, "arrival_ts": 1758747436348}
{"action": "send", "src": "NA-N136", "dst": "SA-N183", "hlc": {"phys": 1758747438050, "cnt": 0, "node": "NA-N136"}, "package_id": "PKG47436", "payload": {"status": "SENT"}, "sent_ts": 1758747436690, "arrival_ts": 1758747436690}
{"action": "send", "src": "NA-N136", "dst": "SA-N183", "hlc": {"phys": 1758747438440, "cnt": 0, "node": "NA-N136"}, "package_id": "PKG47436", "payload": {"status": "IN_TRANSIT"}, "sent_ts": 1758747437080, "arrival_ts": 1758747437080}
{"action": "send", "src": "NA-N136", "dst": "SA-N183", "hlc": {"phys": 1758747438718, "cnt": 0, "node": "NA-N136"}, "package_id": "PKG47436", "payload": {"status": "RECEIVED"}, "sent_ts": 1758747437358, "arrival_ts": 1758747437358}
{"action": "send", "src": "NA-N136", "dst": "SA-N183", "hlc": {"phys": 1758747439094, "cnt": 0, "node": "NA-N136"}, "package_id": "PKG47436", "payload": {"status": "DELIVERED"}, "sent_ts": 1758747437734, "arrival_ts": 1758747437734}
{"action": "send", "src": "NA-N136", "dst": "EU-N59", "hlc": {"phys": 1758749133412, "cnt": 0, "node": "NA-N136"}, "package_id": "PKG49132", "payload": {"status": "CREATED"}, "sent_ts": 1758749132052, "arrival_ts": 1758749132052}
{"action": "send", "src": "NA-N136", "dst": "EU-N59", "hlc": {"phys": 1758749133647, "cnt": 0, "node": "NA-N136"}, "package_id": "PKG49132", "payload": {"status": "SENT"}, "sent_ts": 1758749132287, "arrival_ts": 1758749132287}
{"action": "send", "src": "NA-N136", "dst": "EU-N59", "hlc": {"phys": 1758749134033, "cnt": 0, "node": "NA-N136"}, "package_id": "PKG49132", "payload": {"status": "IN_TRANSIT"}, "sent_ts": 1758749132673, "arrival_ts": 1758749132673}
{"action": "send", "src": "NA-N136", "dst": "EU-N59", "hlc": {"phys": 1758749134372, "cnt": 0, "node": "NA-N136"}, "package_id": "PKG49132", "payload": {"status": "RECEIVED"}, "sent_ts": 1758749133012, "arrival_ts": 1758749133012}
{"action": "send", "src": "NA-N136", "dst": "EU-N59", "hlc": {"phys": 1758749134682, "cnt": 0, "node": "NA-N136"}, "package_id": "PKG49132", "payload": {"status": "DELIVERED"}, "sent_ts": 1758749133322, "arrival_ts": 1758749133322}
{"action": "send", "src": "NA-N136", "dst": "EU-N71", "hlc": {"phys": 1758749725631, "cnt": 0, "node": "NA-N136"}, "package_id": "PKG49724", "payload": {"status": "CREATED"}, "sent_ts": 1758749724271, "arrival_ts": 1758749724271}
{"action": "send", "src": "NA-N136", "dst": "EU-N71", "hlc": {"phys": 1758749726031, "cnt": 0, "node": "NA-N136"}, "package_id": "PKG49724", "payload": {"status": "SENT"}, "sent_ts": 1758749724671, "arrival_ts": 1758749724671}
{"action": "send", "src": "NA-N136", "dst": "EU-N71", "hlc": {"phys": 1758749726432, "cnt": 0, "node": "NA-N136"}, "package_id": "PKG49724", "payload": {"status": "IN_TRANSIT"}, "sent_ts": 1758749725072, "arrival_ts": 1758749725072}
{"action": "send", "src": "NA-N136", "dst": "EU-N71", "hlc": {"phys": 1758749726664, "cnt": 0, "node": "NA-N136"}, "package_id": "PKG49724", "payload": {"status": "RECEIVED"}, "sent_ts": 1758749725304, "arrival_ts": 1758749725304}
{"action": "send", "src": "NA-N136", "dst": "EU-N71", "hlc": {"phys": 1758749726949, "cnt": 0, "node": "NA-N136"}, "package_id": "PKG49724", "payload": {"status": "DELIVERED"}, "sent_ts": 1758749725589, "arrival_ts": 1758749725589}
{"action": "send", "src": "NA-N136", "dst": "AU-N124", "hlc": {"phys": 1758751738914, "cnt": 0, "node": "NA-N136"}, "package_id": "PKG51737", "payload": {"status": "CREATED"}, "sent_ts": 1758751737554, "arrival_ts": 1758751737554}
{"action": "send", "src": "NA-N136", "dst": "AU-N124", "hlc": {"phys": 1758751739150, "cnt": 0, "node": "NA-N136"}, "package_id": "PKG51737", "payload": {"status": "SENT"}, "sent_ts": 1758751737790, "arrival_ts": 1758751737790}
{"action": "send", "src": "NA-N136", "dst": "AU-N124", "hlc": {"phys": 1758751739482, "cnt": 0, "node": "NA-N136"}, "package_id": "PKG51737", "payload": {"status": "IN_TRANSIT"}, "sent_ts": 1758751738122, "arrival_ts": 1758751738122}
{"action": "send", "src": "NA-N136", "dst": "AU-N124", "hlc": {"phys": 1758751739815, "cnt": 0, "node": "NA-N136"}, "package_id": "PKG51737", "payload": {"status": "RECEIVED"}, "sent_ts": 1758751738455, "arrival_ts": 1758751738455}
{"action": "send", "src": "NA-N136", "dst": "AU-N124", "hlc": {"phys": 1758751740084, "cnt": 0, "node": "NA-N136"}, "package_id": "PKG51737", "payload": {"status": "DELIVERED"}, "sent_ts": 1758751738724, "arrival_ts": 1758751738724}
{"action": "send", "src": "NA-N136", "dst": "AS-N165", "hlc": {"phys": 1758753053627, "cnt": 0, "node": "NA-N136"}, "package_id": "PKG53052", "payload": {"status": "CREATED"}, "sent_ts": 1758753052267, "arrival_ts": 1758753052267}
{"action": "send", "src": "NA-N136", "dst": "AS-N165", "hlc": {"phys": 1758753053961, "cnt": 0, "node": "NA-N136"}, "package_id": "PKG53052", "payload": {"status": "SENT"}, "sent_ts": 1758753052601, "arrival_ts": 1758753052601}
{"action": "send", "src": "NA-N136", "dst": "AS-N165", "hlc": {"phys": 1758753054293, "cnt": 0, "node": "NA-N136"}, "package_id": "PKG53052", "payload": {"status": "IN_TRANSIT"}, "sent_ts": 1758753052933, "arrival_ts": 1758753052933}
{"action": "send", "src": "NA-N136", "dst": "AS-N165", "hlc": {"phys": 1758753054589, "cnt": 0, "node": "NA-N136"}, "package_id": "PKG53052", "payload": {"status": "RECEIVED"}, "sent_ts": 1758753053229, "arrival_ts": 1758753053229}
{"action": "send", "src": "NA-N136", "dst": "AS-N165", "hlc": {"phys": 1758753054907, "cnt": 0, "node": "NA-N136"}, "package_id": "PKG53052", "payload": {"status": "DELIVERED"}, "sent_ts": 1758753053547, "arrival_ts": 1758753053547}
{"action": "send", "src": "NA-N136", "dst": "AU-N176", "hlc": {"phys": 1758754411295, "cnt": 0, "node": "NA-N136"}, "package_id": "PKG54409", "payload": {"status": "CREATED"}, "sent_ts": 1758754409935, "arrival_ts": 1758754409935}
{"action": "send", "src": "NA-N136", "dst": "AU-N176", "hlc": {"phys": 1758754411613, "cnt": 0, "node": "NA-N136"}, "package_id": "PKG54409", "payload": {"status": "SENT"}, "sent_ts": 1758754410253, "arrival_ts": 1758754410253}
{"action": "send", "src": "NA-N136", "dst": "AU-N176", "hlc": {"phys": 1758754411860, "cnt": 0, "node": "NA-N136"}, "package_id": "PKG54409", "payload": {"status": "IN_TRANSIT"}, "sent_ts": 1758754410500, "arrival_ts": 1758754410500}
{"action": "send", "src": "NA-N136", "dst": "AU-N176", "hlc": {"phys": 1758754412076, "cnt": 0, "node": "NA-N136"}, "package_id": "PKG54409", "payload": {"status": "RECEIVED"}, "sent_ts": 1758754410716, "arrival_ts": 1758754410716}
{"action": "send", "src": "NA-N136", "dst": "AU-N176", "hlc": {"phys": 1758754412369, "cnt": 0, "node": "NA-N136"}, "package_id": "PKG54409", "payload": {"status": "DELIVERED"}, "sent_ts": 1758754411009, "arrival_ts": 1758754411009}
{"action": "send", "src": "NA-N136", "dst": "AN-N44", "hlc": {"phys": 1758755401719, "cnt": 0, "node": "NA-N136"}, "package_id": "PKG55400", "payload": {"status": "CREATED"}, "sent_ts": 1758755400359, "arrival_ts": 1758755400359}
{"action": "send", "src": "NA-N136", "dst": "AN-N44", "hlc": {"phys": 1758755402114, "cnt": 0, "node": "NA-N136"}, "package_id": "PKG55400", "payload": {"status": "SENT"}, "sent_ts": 1758755400754, "arrival_ts": 1758755400754}
{"action": "send", "src": "NA-N136", "dst": "AN-N44", "hlc": {"phys": 1758755402384, "cnt": 0, "node": "NA-N136"}, "package_id": "PKG55400", "payload": {"status": "IN_TRANSIT"}, "sent_ts": 1758755401024, "arrival_ts": 1758755401024}
{"action": "send", "src": "NA-N136", "dst": "AN-N44", "hlc": {"phys": 1758755402707, "cnt": 0, "node": "NA-N136"}, "package_id": "PKG55400", "payload": {"status": "RECEIVED"}, "sent_ts": 1758755401347, "arrival_ts": 1758755401347}
{"action": "send", "src": "NA-N136", "dst": "AN-N44", "hlc": {"phys": 1758755403014, "cnt": 0, "node": "NA-N136"}, "package_id": "PKG55400", "payload": {"status": "DELIVERED"}, "sent_ts": 1758755401654, "arrival_ts": 1758755401654}
{"action": "send", "src": "NA-N136", "dst": "SA-N51", "hlc": {"phys": 1758757141864, "cnt": 0, "node": "NA-N136"}, "package_id": "PKG57140", "payload": {"status": "CREATED"}, "sent_ts": 1758757140504, "arrival_ts": 1758757140504}
{"action": "send", "src": "NA-N136", "dst": "SA-N51", "hlc": {"phys": 1758757142210, "cnt": 0, "node": "NA-N136"}, "package_id": "PKG57140", "payload": {"status": "SENT"}, "sent_ts": 1758757140850, "arrival_ts": 1758757140850}
{"action": "send", "src": "NA-N136", "dst": "SA-N51", "hlc": {"phys": 1758757142464, "cnt": 0, "node": "NA-N136"}, "package_id": "PKG57140", "payload": {"status": "IN_TRANSIT"}, "sent_ts": 1758757141104, "arrival_ts": 1758757141104}
{"action": "send", "src": "NA-N136", "dst": "SA-N51", "hlc": {"phys": 1758757142845, "cnt": 0, "node": "NA-N136"}, "package_id": "PKG57140", "payload": {"status": "RECEIVED"}, "sent_ts": 1758757141485, "arrival_ts": 1758757141485}
{"action": "send", "src": "NA-N136", "dst": "SA-N51", "hlc": {"phys": 1758757143157, "cnt": 0, "node": "NA-N136"}, "package_id": "PKG57140", "payload": {"status": "DELIVERED"}, "sent_ts": 1758757141797, "arrival_ts": 1758757141797}
{"action": "recv", "src": "AF-N135", "dst": "NA-N136", "hlc": {"phys": 1758760428225, "cnt": 0, "node": "AF-N135"}, "package_id": "PKG60411", "payload": {"status": "CREATED"}, "sent_ts": 1758760411875, "arrival_ts": 1758760411913}
{"action": "recv", "src": "AF-N135", "dst": "NA-N136", "hlc": {"phys": 1758760428472, "cnt": 0, "node": "AF-N135"}, "package_id": "PKG60411", "payload": {"status": "SENT"}, "sent_ts": 1758760412122, "arrival_ts": 1758760412141}
{"action": "recv", "src": "AF-N135", "dst": "NA-N136", "hlc": {"phys": 1758760428706, "cnt": 0, "node": "AF-N135"}, "package_id": "PKG60411", "payload": {"status": "IN_TRANSIT"}, "sent_ts": 1758760412356, "arrival_ts": 1758760412473}
{"action": "recv", "src": "AF-N135", "dst": "NA-N136", "hlc": {"phys": 1758760429031, "cnt": 0, "node": "AF-N135"}, "package_id": "PKG60411", "payload": {"status": "RECEIVED"}, "sent_ts": 1758760412681, "arrival_ts": 1758760412868}
{"action": "recv", "src": "AF-N135", "dst": "NA-N136", "hlc": {"phys": 1758760429419, "cnt": 0, "node": "AF-N135"}, "package_id": "PKG60411", "payload": {"status": "DELIVERED"}, "sent_ts": 1758760413069, "arrival_ts": 1758760413174}
{"action": "send", "src": "NA-N136", "dst": "EU-N63", "hlc": {"phys": 1758763123297, "cnt": 0, "node": "NA-N136"}, "package_id": "PKG63121", "payload": {"status": "CREATED"}, "sent_ts": 1758763121937, "arrival_ts": 1758763121937}
{"action": "send", "src": "NA-N136", "dst": "EU-N63", "hlc": {"phys": 1758763123631, "cnt": 0, "node": "NA-N136"}, "package_id": "PKG63121", "payload": {"status": "SENT"}, "sent_ts": 1758763122271, "arrival_ts": 1758763122271}
{"action": "send", "src": "NA-N136", "dst": "EU-N63", "hlc": {"phys": 1758763123937, "cnt": 0, "node": "NA-N136"}, "package_id": "PKG63121", "payload": {"status": "IN_TRANSIT"}, "sent_ts": 1758763122577, "arrival_ts": 1758763122577}
{"action": "send", "src": "NA-N136", "dst": "EU-N63", "hlc": {"phys": 1758763124196, "cnt": 0, "node": "NA-N136"}, "package_id": "PKG63121", "payload": {"status": "RECEIVED"}, "sent_ts": 1758763122836, "arrival_ts": 1758763122836}
{"action": "send", "src": "NA-N136", "dst": "EU-N63", "hlc": {"phys": 1758763124570, "cnt": 0, "node": "NA-N136"}, "package_id": "PKG63121", "payload": {"status": "DELIVERED"}, "sent_ts": 1758763123210, "arrival_ts": 1758763123210}
{"action": "send", "src": "NA-N136", "dst": "AS-N114", "hlc": {"phys": 1758763797639, "cnt": 0, "node": "NA-N136"}, "package_id": "PKG63796", "payload": {"status": "CREATED"}, "sent_ts": 1758763796279, "arrival_ts": 1758763796279}
{"action": "send", "src": "NA-N136", "dst": "AS-N114", "hlc": {"phys": 1758763798007, "cnt": 0, "node": "NA-N136"}, "package_id": "PKG63796", "payload": {"status": "SENT"}, "sent_ts": 1758763796647, "arrival_ts": 1758763796647}
{"action": "send", "src": "NA-N136", "dst": "AS-N114", "hlc": {"phys": 1758763798415, "cnt": 0, "node": "NA-N136"}, "package_id": "PKG63796", "payload": {"status": "IN_TRANSIT"}, "sent_ts": 1758763797055, "arrival_ts": 1758763797055}
{"action": "send", "src": "NA-N136", "dst": "AS-N114", "hlc": {"phys": 1758763798789, "cnt": 0, "node": "NA-N136"}, "package_id": "PKG63796", "payload": {"status": "RECEIVED"}, "sent_ts": 1758763797429, "arrival_ts": 1758763797429}
{"action": "send", "src": "NA-N136", "dst": "AS-N114", "hlc": {"phys": 1758763799009, "cnt": 0, "node": "NA-N136"}, "package_id": "PKG63796", "payload": {"status": "DELIVERED"}, "sent_ts": 1758763797649, "arrival_ts": 1758763797649}
{"action": "recv", "src": "AU-N186", "dst": "NA-N136", "hlc": {"phys": 1758764104739, "cnt": 0, "node": "AU-N186"}, "package_id": "PKG64077", "payload": {"status": "CREATED"}, "sent_ts": 1758764077879, "arrival_ts": 1758764078031}
{"action": "recv", "src": "AU-N186", "dst": "NA-N136", "hlc": {"phys": 1758764105094, "cnt": 0, "node": "AU-N186"}, "package_id": "PKG64077", "payload": {"status": "SENT"}, "sent_ts": 1758764078234, "arrival_ts": 1758764078376}
{"action": "recv", "src": "AU-N186", "dst": "NA-N136", "hlc": {"phys": 1758764105453, "cnt": 0, "node": "AU-N186"}, "package_id": "PKG64077", "payload": {"status": "IN_TRANSIT"}, "sent_ts": 1758764078593, "arrival_ts": 1758764078781}
{"action": "recv", "src": "AU-N186", "dst": "NA-N136", "hlc": {"phys": 1758764105854, "cnt": 0, "node": "AU-N186"}, "package_id": "PKG64077", "payload": {"status": "RECEIVED"}, "sent_ts": 1758764078994, "arrival_ts": 1758764079024}
{"action": "recv", "src": "AU-N186", "dst": "NA-N136", "hlc": {"phys": 1758764106072, "cnt": 0, "node": "AU-N186"}, "package_id": "PKG64077", "payload": {"status": "DELIVERED"}, "sent_ts": 1758764079212, "arrival_ts": 1758764079293}
{"action": "recv", "src": "SA-N172", "dst": "NA-N136", "hlc": {"phys": 1758764305989, "cnt": 0, "node": "SA-N172"}, "package_id": "PKG64284", "payload": {"status": "CREATED"}, "sent_ts": 1758764284269, "arrival_ts": 1758764284315}
{"action": "recv", "src": "SA-N172", "dst": "NA-N136", "hlc": {"phys": 1758764306239, "cnt": 0, "node": "SA-N172"}, "package_id": "PKG64284", "payload": {"status": "SENT"}, "sent_ts": 1758764284519, "arrival_ts": 1758764284575}
{"action": "recv", "src": "SA-N172", "dst": "NA-N136", "hlc": {"phys": 1758764306486, "cnt": 0, "node": "SA-N172"}, "package_id": "PKG64284", "payload": {"status": "IN_TRANSIT"}, "sent_ts": 1758764284766, "arrival_ts": 1758764284865}
{"action": "recv", "src": "SA-N172", "dst": "NA-N136", "hlc": {"phys": 1758764306797, "cnt": 0, "node": "SA-N172"}, "package_id": "PKG64284", "payload": {"status": "RECEIVED"}, "sent_ts": 1758764285077, "arrival_ts": 1758764285212}
{"action": "recv", "src": "SA-N172", "dst": "NA-N136", "hlc": {"phys": 1758764307138, "cnt": 0, "node": "SA-N172"}, "package_id": "PKG64284", "payload": {"status": "DELIVERED"}, "sent_ts": 1758764285418, "arrival_ts": 1758764285580}
{"action": "recv", "src": "AU-N176", "dst": "NA-N136", "hlc": {"phys": 1758799923255, "cnt": 0, "node": "AU-N176"}, "package_id": "PKG99896", "payload": {"status": "CREATED"}, "sent_ts": 1758799896495, "arrival_ts": 1758799896567}
{"action": "recv", "src": "AU-N176", "dst": "NA-N136", "hlc": {"phys": 1758799923541, "cnt": 0, "node": "AU-N176"}, "package_id": "PKG99896", "payload": {"status": "SENT"}, "sent_ts": 1758799896781, "arrival_ts": 1758799896841}
{"action": "recv", "src": "AU-N176", "dst": "NA-N136", "hlc": {"phys": 1758799923795, "cnt": 0, "node": "AU-N176"}, "package_id": "PKG99896", "payload": {"status": "IN_TRANSIT"}, "sent_ts": 1758799897035, "arrival_ts": 1758799897051}
{"action": "recv", "src": "AU-N176", "dst": "NA-N136", "hlc": {"phys": 1758799924017, "cnt": 0, "node": "AU-N176"}, "package_id": "PKG99896", "payload": {"status": "RECEIVED"}, "sent_ts": 1758799897257, "arrival_ts": 1758799897303}
{"action": "recv", "src": "AU-N176", "dst": "NA-N136", "hlc": {"phys": 1758799924271, "cnt": 0, "node": "AU-N176"}, "package_id": "PKG99896", "payload": {"status": "DELIVERED"}, "sent_ts": 1758799897511, "arrival_ts": 1758799897523}
{"action": "recv", "src": "NA-N27", "dst": "NA-N136", "hlc": {"phys": 1758803149335, "cnt": 0, "node": "NA-N27"}, "package_id": "PKG3149", "payload": {"status": "CREATED"}, "sent_ts": 1758803149065, "arrival_ts": 1758803149138}
{"action": "recv", "src": "NA-N27", "dst": "NA-N136", "hlc": {"phys": 1758803149626, "cnt": 0, "node": "NA-N27"}, "package_id": "PKG3149", "payload": {"status": "SENT"}, "sent_ts": 1758803149356, "arrival_ts": 1758803149381}
{"action": "recv", "src": "NA-N27", "dst": "NA-N136", "hlc": {"phys": 1758803149837, "cnt": 0, "node": "NA-N27"}, "package_id": "PKG3149", "payload": {"status": "IN_TRANSIT"}, "sent_ts": 1758803149567, "arrival_ts": 1758803149723}
{"action": "recv", "src": "NA-N27", "dst": "NA-N136", "hlc": {"phys": 1758803150202, "cnt": 0, "node": "NA-N27"}, "package_id": "PKG3149", "payload": {"status": "RECEIVED"}, "sent_ts": 1758803149932, "arrival_ts": 1758803149969}
{"action": "recv", "src": "NA-N27", "dst": "NA-N136", "hlc": {"phys": 1758803150450, "cnt": 0, "node": "NA-N27"}, "package_id": "PKG3149", "payload": {"status": "DELIVERED"}, "sent_ts": 1758803150180, "arrival_ts": 1758803150300}
{"action": "send", "src": "NA-N136", "dst": "NA-N74", "hlc": {"phys": 1758803505177, "cnt": 0, "node": "NA-N136"}, "package_id": "PKG3503", "payload": {"status": "CREATED"}, "sent_ts": 1758803503817, "arrival_ts": 1758803503817}
{"action": "send", "src": "NA-N136", "dst": "NA-N74", "hlc": {"phys": 1758803505531, "cnt": 0, "node": "NA-N136"}, "package_id": "PKG3503", "payload": {"status": "SENT"}, "sent_ts": 1758803504171, "arrival_ts": 1758803504171}
{"action": "send", "src": "NA-N136", "dst": "NA-N74", "hlc": {"phys": 1758803505848, "cnt": 0, "node": "NA-N136"}, "package_id": "PKG3503", "payload": {"status": "IN_TRANSIT"}, "sent_ts": 1758803504488, "arrival_ts": 1758803504488}
{"action": "send", "src": "NA-N136", "dst": "NA-N74", "hlc": {"phys": 1758803506063, "cnt": 0, "node": "NA-N136"}, "package_id": "PKG3503", "payload": {"status": "RECEIVED"}, "sent_ts": 1758803504703, "arrival_ts": 1758803504703}
{"action": "send", "src": "NA-N136", "dst": "NA-N74", "hlc": {"phys": 1758803506392, "cnt": 0, "node": "NA-N136"}, "package_id": "PKG3503", "payload": {"status": "DELIVERED"}, "sent_ts": 1758803505032, "arrival_ts": 1758803505032}
{"action": "send", "src": "NA-N136", "dst": "NA-N162", "hlc": {"phys": 1758805538821, "cnt": 0, "node": "NA-N136"}, "package_id": "PKG5537", "payload": {"status": "CREATED"}, "sent_ts": 1758805537461, "arrival_ts": 1758805537461}
{"action": "send", "src": "NA-N136", "dst": "NA-N162", "hlc": {"phys": 1758805539037, "cnt": 0, "node": "NA-N136"}, "package_id": "PKG5537", "payload": {"status": "SENT"}, "sent_ts": 1758805537677, "arrival_ts": 1758805537677}
{"action": "send", "src": "NA-N136", "dst": "NA-N162", "hlc": {"phys": 1758805539282, "cnt": 0, "node": "NA-N136"}, "package_id": "PKG5537", "payload": {"status": "IN_TRANSIT"}, "sent_ts": 1758805537922, "arrival_ts": 1758805537922}
{"action": "send", "src": "NA-N136", "dst": "NA-N162", "hlc": {"phys": 1758805539590, "cnt": 0, "node": "NA-N136"}, "package_id": "PKG5537", "payload": {"status": "RECEIVED"}, "sent_ts": 1758805538230, "arrival_ts": 1758805538230}
{"action": "send", "src": "NA-N136", "dst": "NA-N162", "hlc": {"phys": 1758805539882, "cnt": 0, "node": "NA-N136"}, "package_id": "PKG5537", "payload": {"status": "DELIVERED"}, "sent_ts": 1758805538522, "arrival_ts": 1758805538522}
{"action": "send", "src": "NA-N136", "dst": "SA-N99", "hlc": {"phys": 1758814352845, "cnt": 0, "node": "NA-N136"}, "package_id": "PKG14351", "payload": {"status": "CREATED"}, "sent_ts": 1758814351485, "arrival_ts": 1758814351485}
{"action": "send", "src": "NA-N136", "dst": "SA-N99", "hlc": {"phys": 1758814353138, "cnt": 0, "node": "NA-N136"}, "package_id": "PKG14351", "payload": {"status": "SENT"}, "sent_ts": 1758814351778, "arrival_ts": 1758814351778}
{"action": "send", "src": "NA-N136", "dst": "SA-N99", "hlc": {"phys": 1758814353543, "cnt": 0, "node": "NA-N136"}, "package_id": "PKG14351", "payload": {"status": "IN_TRANSIT"}, "sent_ts": 1758814352183, "arrival_ts": 1758814352183}
{"action": "send", "src": "NA-N136", "dst": "SA-N99", "hlc": {"phys": 1758814353897, "cnt": 0, "node": "NA-N136"}, "package_id": "PKG14351", "payload": {"status": "RECEIVED"}, "sent_ts": 1758814352537, "arrival_ts": 1758814352537}
{"action": "send", "src": "NA-N136", "dst": "SA-N99", "hlc": {"phys": 1758814354207, "cnt": 0, "node": "NA-N136"}, "package_id": "PKG14351", "payload": {"status": "DELIVERED"}, "sent_ts": 1758814352847, "arrival_ts": 1758814352847}
{"action": "recv", "src": "EU-N150", "dst": "NA-N136", "hlc": {"phys": 1758815588448, "cnt": 0, "node": "EU-N150"}, "package_id": "PKG15581", "payload": {"status": "CREATED"}, "sent_ts": 1758815581948, "arrival_ts": 1758815582003}
{"action": "recv", "src": "EU-N150", "dst": "NA-N136", "hlc": {"phys": 1758815588712, "cnt": 0, "node": "EU-N150"}, "package_id": "PKG15581", "payload": {"status": "SENT"}, "sent_ts": 1758815582212, "arrival_ts": 1758815582311}
{"action": "recv", "src": "EU-N150", "dst": "NA-N136", "hlc": {"phys": 1758815589027, "cnt": 0, "node": "EU-N150"}, "package_id": "PKG15581", "payload": {"status": "IN_TRANSIT"}, "sent_ts": 1758815582527, "arrival_ts": 1758815582636}
{"action": "recv", "src": "EU-N150", "dst": "NA-N136", "hlc": {"phys": 1758815589340, "cnt": 0, "node": "EU-N150"}, "package_id": "PKG15581", "payload": {"status": "RECEIVED"}, "sent_ts": 1758815582840, "arrival_ts": 1758815582901}
{"action": "recv", "src": "EU-N150", "dst": "NA-N136", "hlc": {"phys": 1758815589603, "cnt": 0, "node": "EU-N150"}, "package_id": "PKG15581", "payload": {"status": "DELIVERED"}, "sent_ts": 1758815583103, "arrival_ts": 1758815583274}
{"action": "recv", "src": "AN-N100", "dst": "NA-N136", "hlc": {"phys": 1758815617822, "cnt": 0, "node": "AN-N100"}, "package_id": "PKG15586", "payload": {"status": "CREATED"}, "sent_ts": 1758815586822, "arrival_ts": 1758815587020}
{"action": "recv", "src": "AN-N100", "dst": "NA-N136", "hlc": {"phys": 1758815618225, "cnt": 0, "node": "AN-N100"}, "package_id": "PKG15586", "payload": {"status": "SENT"}, "sent_ts": 1758815587225, "arrival_ts": 1758815587320}
{"action": "recv", "src": "AN-N100", "dst": "NA-N136", "hlc": {"phys": 1758815618521, "cnt": 0, "node": "AN-N100"}, "package_id": "PKG15586", "payload": {"status": "IN_TRANSIT"}, "sent_ts": 1758815587521, "arrival_ts": 1758815587658}
{"action": "recv", "src": "AN-N100", "dst": "NA-N136", "hlc": {"phys": 1758815618863, "cnt": 0, "node": "AN-N100"}, "package_id": "PKG15586", "payload": {"status": "RECEIVED"}, "sent_ts": 1758815587863, "arrival_ts": 1758815587877}
{"action": "recv", "src": "AN-N100", "dst": "NA-N136", "hlc": {"phys": 1758815619081, "cnt": 0, "node": "AN-N100"}, "package_id": "PKG15586", "payload": {"status": "DELIVERED"}, "sent_ts": 1758815588081, "arrival_ts": 1758815588125}
{"action": "recv", "src": "SA-N84", "dst": "NA-N136", "hlc": {"phys": 1758816382211, "cnt": 0, "node": "SA-N84"}, "package_id": "PKG16361", "payload": {"status": "CREATED"}, "sent_ts": 1758816361371, "arrival_ts": 1758816361493}
{"action": "recv", "src": "SA-N84", "dst": "NA-N136", "hlc": {"phys": 1758816382539, "cnt": 0, "node": "SA-N84"}, "package_id": "PKG16361", "payload": {"status": "SENT"}, "sent_ts": 1758816361699, "arrival_ts": 1758816361710}
{"action": "recv", "src": "SA-N84", "dst": "NA-N136", "hlc": {"phys": 1758816382756, "cnt": 0, "node": "SA-N84"}, "package_id": "PKG16361", "payload": {"status": "IN_TRANSIT"}, "sent_ts": 1758816361916, "arrival_ts": 1758816362041}
{"action": "recv", "src": "SA-N84", "dst": "NA-N136", "hlc": {"phys": 1758816383082, "cnt": 0, "node": "SA-N84"}, "package_id": "PKG16361", "payload": {"status": "RECEIVED"}, "sent_ts": 1758816362242, "arrival_ts": 1758816362299}
{"action": "recv", "src": "SA-N84", "dst": "NA-N136", "hlc": {"phys": 1758816383350, "cnt": 0, "node": "SA-N84"}, "package_id": "PKG16361", "payload": {"status": "DELIVERED"}, "sent_ts": 1758816362510, "arrival_ts": 1758816362541}
