{"action": "send", "src": "NA-N130", "dst": "NA-N99", "hlc": {"phys": 1758714037614, "cnt": 0, "node": "NA-N130"}, "package_id": "PKG14036", "payload": {"status": "CREATED"}, "sent_ts": 1758714036314, "arrival_ts": 1758714036314}
{"action": "send", "src": "NA-N130", "dst": "NA-N99", "hlc": {"phys": 1758714037943, "cnt": 0, "node": "NA-N130"}, "package_id": "PKG14036", "payload": {"status": "SENT"}, "sent_ts": 1758714036643, "arrival_ts": 1758714036643}
{"action": "send", "src": "NA-N130", "dst": "NA-N99", "hlc": {"phys": 1758714038312, "cnt": 0, "node": "NA-N130"}, "package_id": "PKG14036", "payload": {"status": "IN_TRANSIT"}, "sent_ts": 1758714037012, "arrival_ts": 1758714037012}
{"action": "send", "src": "NA-N130", "dst": "NA-N99", "hlc": {"phys": 1758714038635, "cnt": 0, "node": "NA-N130"}, "package_id": "PKG14036", "payload": {"status": "RECEIVED"}, "sent_ts": 1758714037335, "arrival_ts": 1758714037335}
{"action": "send", "src": "NA-N130", "dst": "NA-N99", "hlc": {"phys": 1758714038863, "cnt": 0, "node": "NA-N130"}, "package_id": "PKG14036", "payload": {"status": "DELIVERED"}, "sent_ts": 1758714037563, "arrival_ts": 1758714037563}
{"action": "send", "src": "NA-N130", "dst": "AU-N137", "hlc": {"phys": 1758717477733, "cnt": 0, "node": "NA-N130"}, "package_id": "PKG17476", "payload": {"status": "CREATED"}, "sent_ts": 1758717476433, "arrival_ts": 1758717476433}
{"action": "send", "src": "NA-N130", "dst": "AU-N137", "hlc": {"phys": 1758717478013, "cnt": 0, "node": "NA-N130"}, "package_id": "PKG17476", "payload": {"status": "SENT"}, "sent_ts": 1758717476713, "arrival_ts": 1758717476713}
{"action": "send", "src": "NA-N130", "dst": "AU-N137", "hlc": {"phys": 1758717478249, "cnt": 0, "node": "NA-N130"}, "package_id": "PKG17476", "payload": {"status": "IN_TRANSIT"}, "sent_ts": 1758717476949, "arrival_ts": 1758717476949}
{"action": "send", "src": "NA-N130", "dst": "AU-N137", "hlc": {"phys": 1758717478585, "cnt": 0, "node": "NA-N130"}, "package_id": "PKG17476", "payload": {"status": "RECEIVED"}, "sent_ts": 1758717477285, "arrival_ts": 1758717477285}
{"action": "send", "src": "NA-N130", "dst": "AU-N137", "hlc": {"phys": 1758717478928, "cnt": 0, "node": "NA-N130"}, "package_id": "PKG17476", "payload": {"status": "DELIVERED"}, "sent_ts": 1758717477628, "arrival_ts": 1758717477628}
{"action": "send", "src": "NA-N130", "dst": "EU-N124", "hlc": {"phys": 1758739011662, "cnt": 0, "node": "NA-N130"}, "package_id": "PKG39010", "payload": {"status": "CREATED"}, "sent_ts": 1758739010362, "arrival_ts": 1758739010362}
{"action": "send", "src": "NA-N130", "dst": "EU-N124", "hlc": {"phys": 1758739011884, "cnt": 0, "node": "NA-N130"}, "package_id": "PKG39010", "payload": {"status": "SENT"}, "sent_ts": 1758739010584, "arrival_ts": 1758739010584}
{"action": "send", "src": "NA-N130", "dst": "EU-N124", "hlc": {"phys": 1758739012155, "cnt": 0, "node": "NA-N130"}, "package_id": "PKG39010", "payload": {"status": "IN_TRANSIT"}, "sent_ts": 1758739010855, "arrival_ts": 1758739010855}
{"action": "send", "src": "NA-N130", "dst": "EU-N124", "hlc": {"phys": 1758739012415, "cnt": 0, "node": "NA-N130"}, "package_id": "PKG39010", "payload": {"status": "RECEIVED"}, "sent_ts": 1758739011115, "arrival_ts": 1758739011115}
{"action": "send", "src": "NA-N130", "dst": "EU-N124", "hlc": {"phys": 1758739012670, "cnt": 0, "node": "NA-N130"}, "package_id": "PKG39010", "payload": {"status": "DELIVERED"}, "sent_ts": 1758739011370, "arrival_ts": 1758739011370}
{"action": "recv", "src": "AS-N84", "dst": "NA-N130", "hlc": {"phys": 1758740791813, "cnt": 0, "node": "AS-N84"}, "package_id": "PKG40780", "payload": {"status": "CREATED"}, "sent_ts": 1758740780973, "arrival_ts": 1758740781157}
{"action": "recv", "src": "AS-N84", "dst": "NA-N130", "hlc": {"phys": 1758740792211, "cnt": 0, "node": "AS-N84"}, "package_id": "PKG40780", "payload": {"status": "SENT"}, "sent_ts": 1758740781371, "arrival_ts": 1758740781396}
{"action": "recv", "src": "AS-N84", "dst": "NA-N130", "hlc": {"phys": 1758740792448, "cnt": 0, "node": "AS-N84"}, "package_id": "PKG40780", "payload": {"status": "IN_TRANSIT"}, "sent_ts": 1758740781608, "arrival_ts": 1758740781726}
{"action": "recv", "src": "AS-N84", "dst": "NA-N130", "hlc": {"phys": 1758740792773, "cnt": 0, "node": "AS-N84"}, "package_id": "PKG40780", "payload": {"status": "RECEIVED"}, "sent_ts": 1758740781933, "arrival_ts": 1758740782128}
{"action": "recv", "src": "AS-N84", "dst": "NA-N130", "hlc": {"phys": 1758740793187, "cnt": 0, "node": "AS-N84"}, "package_id": "PKG40780", "payload": {"status": "DELIVERED"}, "sent_ts": 1758740782347, "arrival_ts": 1758740782533}
{"action": "send", "src": "NA-N130", "dst": "EU-N113", "hlc": {"phys": 1758741520225, "cnt": 0, "node": "NA-N130"}, "package_id": "PKG41518", "payload": {"status": "CREATED"}, "sent_ts": 1758741518925, "arrival_ts": 1758741518925}
{"action": "send", "src": "NA-N130", "dst": "EU-N113", "hlc": {"phys": 1758741520435, "cnt": 0, "node": "NA-N130"}, "package_id": "PKG41518", "payload": {"status": "SENT"}, "sent_ts": 1758741519135, "arrival_ts": 1758741519135}
{"action": "send", "src": "NA-N130", "dst": "EU-N113", "hlc": {"phys": 1758741520690, "cnt": 0, "node": "NA-N130"}, "package_id": "PKG41518", "payload": {"status": "IN_TRANSIT"}, "sent_ts": 1758741519390, "arrival_ts": 1758741519390}
{"action": "send", "src": "NA-N130", "dst": "EU-N113", "hlc": {"phys": 1758741520973, "cnt": 0, "node": "NA-N130"}, "package_id": "PKG41518", "payload": {"status": "RECEIVED"}, "sent_ts": 1758741519673, "arrival_ts": 1758741519673}
{"action": "send", "src": "NA-N130", "dst": "EU-N113", "hlc": {"phys": 1758741521314, "cnt": 0, "node": "NA-N130"}, "package_id": "PKG41518", "payload": {"status": "DELIVERED"}, "sent_ts": 1758741520014, "arrival_ts": 1758741520014}
{"action": "send", "src": "NA-N130", "dst": "NA-N173", "hlc": {"phys": 1758741609867, "cnt": 0, "node": "NA-N130"}, "package_id": "PKG41608", "payload": {"status": "CREATED"}, "sent_ts": 1758741608567, "arrival_ts": 1758741608567}
{"action": "send", "src": "NA-N130", "dst": "NA-N173", "hlc": {"phys": 1758741610260, "cnt": 0, "node": "NA-N130"}, "package_id": "PKG41608", "payload": {"status": "SENT"}, "sent_ts": 1758741608960, "arrival_ts": 1758741608960}
{"action": "send", "src": "NA-N130", "dst": "NA-N173", "hlc": {"phys": 1758741610722, "cnt": 0, "node": "NA-N130"}, "package_id": "PKG41608", "payload": {"status": "IN_TRANSIT"}, "sent_ts": 1758741609422, "arrival_ts": 1758741609422}
{"action": "send", "src": "NA-N130", "dst": "NA-N173", "hlc": {"phys": 1758741611104, "cnt": 0, "node": "NA-N130"}, "package_id": "PKG41608", "payload": {"status": "RECEIVED"}, "sent_ts": 1758741609804, "arrival_ts": 1758741609804}
{"action": "send", "src": "NA-N130", "dst": "NA-N173", "hlc": {"phys": 1758741611374, "cnt": 0, "node": "NA-N130"}, "package_id": "PKG41608", "payload": {"status": "DELIVERED"}, "sent_ts": 1758741610074, "arrival_ts": 1758741610074}
{"action": "send", "src": "NA-N130", "dst": "AF-N28", "hlc": {"phys": 1758742161225, "cnt": 0, "node": "NA-N130"}, "package_id": "PKG42159", "payload": {"status": "CREATED"}, "sent_ts": 1758742159925, "arrival_ts": 1758742159925}
{"action": "send", "src": "NA-N130", "dst": "AF-N28", "hlc": {"phys": 1758742161521, "cnt": 0, "node": "NA-N130"}, "package_id": "PKG42159", "payload": {"status": "SENT"}, "sent_ts": 1758742160221, "arrival_ts": 1758742160221}
{"action": "send", "src": "NA-N130", "dst": "AF-N28", "hlc": {"phys": 1758742161832, "cnt": 0, "node": "NA-N130"}, "package_id": "PKG42159", "payload": {"status": "IN_TRANSIT"}, "sent_ts": 1758742160532, "arrival_ts": 1758742160532}
{"action": "send", "src": "NA-N130", "dst": "AF-N28", "hlc": {"phys": 1758742162081, "cnt": 0, "node": "NA-N130"}, "package_id": "PKG42159", "payload": {"status": "RECEIVED"}, "sent_ts": 1758742160781, "arrival_ts": 1758742160781}
{"action": "send", "src": "NA-N130", "dst": "AF-N28", "hlc": {"phys": 1758742162498, "cnt": 0, "node": "NA-N130"}, "package_id": "PKG42159", "payload": {"status": "DELIVERED"}, "sent_ts": 1758742161198, "arrival_ts": 1758742161199}
{"action": "recv", "src": "AU-N86", "dst": "NA-N130", "hlc": {"phys": 1758742287607, "cnt": 0, "node": "AU-N86"}, "package_id": "PKG42261", "payload": {"status": "CREATED"}, "sent_ts": 1758742261747, "arrival_ts": 1758742261774}
{"action": "recv", "src": "AU-N86", "dst": "NA-N130", "hlc": {"phys": 1758742287823, "cnt": 0, "node": "AU-N86"}, "package_id": "PKG42261", "payload": {"status": "SENT"}, "sent_ts": 1758742261963, "arrival_ts": 1758742262154}
{"action": "recv", "src": "AU-N86", "dst": "NA-N130", "hlc": {"phys": 1758742288226, "cnt": 0, "node": "AU-N86"}, "package_id": "PKG42261", "payload": {"status": "IN_TRANSIT"}, "sent_ts": 1758742262366, "arrival_ts": 1758742262510}
{"action": "recv", "src": "AU-N86", "dst": "NA-N130", "hlc": {"phys": 1758742288581, "cnt": 0, "node": "AU-N86"}, "package_id": "PKG42261", "payload": {"status": "RECEIVED"}, "sent_ts": 1758742262721, "arrival_ts": 1758742262777}
{"action": "recv", "src": "AU-N86", "dst": "NA-N130", "hlc": {"phys": 1758742288859, "cnt": 0, "node": "AU-N86"}, "package_id": "PKG42261", "payload": {"status": "DELIVERED"}, "sent_ts": 1758742262999, "arrival_ts": 1758742263028}
{"action": "recv", "src": "EU-N102", "dst": "NA-N130", "hlc": {"phys": 1758742482910, "cnt": 0, "node": "EU-N102"}, "package_id": "PKG42476", "payload": {"status": "CREATED"}, "sent_ts": 1758742476890, "arrival_ts": 1758742477030}
{"action": "recv", "src": "EU-N102", "dst": "NA-N130", "hlc": {"phys": 1758742483266, "cnt": 0, "node": "EU-N102"}, "package_id": "PKG42476", "payload": {"status": "SENT"}, "sent_ts": 1758742477246, "arrival_ts": 1758742477421}
{"action": "recv", "src": "EU-N102", "dst": "NA-N130", "hlc": {"phys": 1758742483653, "cnt": 0, "node": "EU-N102"}, "package_id": "PKG42476", "payload": {"status": "IN_TRANSIT"}, "sent_ts": 1758742477633, "arrival_ts": 1758742477802}
{"action": "recv", "src": "EU-N102", "dst": "NA-N130", "hlc": {"phys": 1758742484027, "cnt": 0, "node": "EU-N102"}, "package_id": "PKG42476", "payload": {"status": "RECEIVED"}, "sent_ts": 1758742478007, "arrival_ts": 1758742478069}
{"action": "recv", "src": "EU-N102", "dst": "NA-N130", "hlc": {"phys": 1758742484291, "cnt": 0, "node": "EU-N102"}, "package_id": "PKG42476", "payload": {"status": "DELIVERED"}, "sent_ts": 1758742478271, "arrival_ts": 1758742478344}
{"action": "send", "src": "NA-N130", "dst": "AN-N72", "hlc": {"phys": 1758742945685, "cnt": 0, "node": "NA-N130"}, "package_id": "PKG42944", "payload": {"status": "CREATED"}, "sent_ts": 1758742944385, "arrival_ts": 1758742944385}
{"action": "send", "src": "NA-N130", "dst": "AN-N72", "hlc": {"phys": 1758742946048, "cnt": 0, "node": "NA-N130"}, "package_id": "PKG42944", "payload": {"status": "SENT"}, "sent_ts": 1758742944748, "arrival_ts": 1758742944748}
{"action": "send", "src": "NA-N130", "dst": "AN-N72", "hlc": {"phys": 1758742946399, "cnt": 0, "node": "NA-N130"}, "package_id": "PKG42944", "payload": {"status": "IN_TRANSIT"}, "sent_ts": 1758742945099, "arrival_ts": 1758742945099}
{"action": "send", "src": "NA-N130", "dst": "AN-N72", "hlc": {"phys": 1758742946688, "cnt": 0, "node": "NA-N130"}, "package_id": "PKG42944", "payload": {"status": "RECEIVED"}, "sent_ts": 1758742945388, "arrival_ts": 1758742945388}
{"action": "send", "src": "NA-N130", "dst": "AN-N72", "hlc": {"phys": 1758742946998, "cnt": 0, "node": "NA-N130"}, "package_id": "PKG42944", "payload": {"status": "DELIVERED"}, "sent_ts": 1758742945698, "arrival_ts": 1758742945698}
{"action": "send", "src": "NA-N130", "dst": "AU-N99", "hlc": {"phys": 1758743492678, "cnt": 0, "node": "NA-N130"}, "package_id": "PKG43491", "payload": {"status": "CREATED"}, "sent_ts": 1758743491378, "arrival_ts": 1758743491378}
{"action": "send", "src": "NA-N130", "dst": "AU-N99", "hlc": {"phys": 1758743493033, "cnt": 0, "node": "NA-N130"}, "package_id": "PKG43491", "payload": {"status": "SENT"}, "sent_ts": 1758743491733, "arrival_ts": 1758743491733}
{"action": "send", "src": "NA-N130", "dst": "AU-N99", "hlc": {"phys": 1758743493420, "cnt": 0, "node": "NA-N130"}, "package_id": "PKG43491", "payload": {"status": "IN_TRANSIT"}, "sent_ts": 1758743492120, "arrival_ts": 1758743492120}
{"action": "send", "src": "NA-N130", "dst": "AU-N99", "hlc": {"phys": 1758743493716, "cnt": 0, "node": "NA-N130"}, "package_id": "PKG43491", "payload": {"status": "RECEIVED"}, "sent_ts": 1758743492416, "arrival_ts": 1758743492416}
{"action": "send", "src": "NA-N130", "dst": "AU-N99", "hlc": {"phys": 1758743494102, "cnt": 0, "node": "NA-N130"}, "package_id": "PKG43491", "payload": {"status": "DELIVERED"}, "sent_ts": 1758743492802, "arrival_ts": 1758743492802}
{"action": "send", "src": "NA-N130", "dst": "EU-N112", "hlc": {"phys": 1758744549746, "cnt": 0, "node": "NA-N130"}, "package_id": "PKG44548", "payload": {"status": "CREATED"}, "sent_ts": 1758744548446, "arrival_ts": 1758744548446}
{"action": "send", "src": "NA-N130", "dst": "EU-N112", "hlc": {"phys": 1758744550089, "cnt": 0, "node": "NA-N130"}, "package_id": "PKG44548", "payload": {"status": "SENT"}, "sent_ts": 1758744548789, "arrival_ts": 1758744548789}
{"action": "send", "src": "NA-N130", "dst": "EU-N112", "hlc": {"phys": 1758744550354, "cnt": 0, "node": "NA-N130"}, "package_id": "PKG44548", "payload": {"status": "IN_TRANSIT"}, "sent_ts": 1758744549054, "arrival_ts": 1758744549054}
{"action": "send", "src": "NA-N130", "dst": "EU-N112", "hlc": {"phys": 1758744550734, "cnt": 0, "node": "NA-N130"}, "package_id": "PKG44548", "payload": {"status": "RECEIVED"}, "sent_ts": 1758744549434, "arrival_ts": 1758744549434}
{"action": "send", "src": "NA-N130", "dst": "EU-N112", "hlc": {"phys": 1758744551024, "cnt": 0, "node": "NA-N130"}, "package_id": "PKG44548", "payload": {"status": "DELIVERED"}, "sent_ts": 1758744549724, "arrival_ts": 1758744549724}
{"action": "send", "src": "NA-N130", "dst": "AU-N92", "hlc": {"phys": 1758745515128, "cnt": 0, "node": "NA-N130"}, "package_id": "PKG45513", "payload": {"status": "CREATED"}, "sent_ts": 1758745513828, "arrival_ts": 1758745513828}
{"action": "send", "src": "NA-N130", "dst": "AU-N92", "hlc": {"phys": 1758745515362, "cnt": 0, "node": "NA-N130"}, "package_id": "PKG45513", "payload": {"status": "SENT"}, "sent_ts": 1758745514062, "arrival_ts": 1758745514062}
{"action": "send", "src": "NA-N130", "dst": "AU-N92", "hlc": {"phys": 1758745515688, "cnt": 0, "node": "NA-N130"}, "package_id": "PKG45513", "payload": {"status": "IN_TRANSIT"}, "sent_ts": 1758745514388, "arrival_ts": 1758745514388}
{"action": "send", "src": "NA-N130", "dst": "AU-N92", "hlc": {"phys": 1758745515998, "cnt": 0, "node": "NA-N130"}, "package_id": "PKG45513", "payload": {"status": "RECEIVED"}, "sent_ts": 1758745514698, "arrival_ts": 1758745514698}
{"action": "send", "src": "NA-N130", "dst": "AU-N92", "hlc": {"phys": 1758745516324, "cnt": 0, "node": "NA-N130"}, "package_id": "PKG45513", "payload": {"status": "DELIVERED"}, "sent_ts": 1758745515024, "arrival_ts": 1758745515024}
{"action": "recv", "src": "AS-N130", "dst": "NA-N130", "hlc": {"phys": 1758746152934, "cnt": 0, "node": "AS-N130"}, "package_id": "PKG46141", "payload": {"status": "CREATED"}, "sent_ts": 1758746141634, "arrival_ts": 1758746141679}
{"action": "recv", "src": "AS-N130", "dst": "NA-N130", "hlc": {"phys": 1758746153182, "cnt": 0, "node": "AS-N130"}, "package_id": "PKG46141", "payload": {"status": "SENT"}, "sent_ts": 1758746141882, "arrival_ts": 1758746142040}
{"action": "recv", "src": "AS-N130", "dst": "NA-N130", "hlc": {"phys": 1758746153539, "cnt": 0, "node": "AS-N130"}, "package_id": "PKG46141", "payload": {"status": "IN_TRANSIT"}, "sent_ts": 1758746142239, "arrival_ts": 1758746142356}
{"action": "recv", "src": "AS-N130", "dst": "NA-N130", "hlc": {"phys": 1758746153866, "cnt": 0, "node": "AS-N130"}, "package_id": "PKG46141", "payload": {"status": "RECEIVED"}, "sent_ts": 1758746142566, "arrival_ts": 1758746142760}
{"action": "recv", "src": "AS-N130", "dst": "NA-N130", "hlc": {"phys": 1758746154274, "cnt": 0, "node": "AS-N130"}, "package_id": "PKG46141", "payload": {"status": "DELIVERED"}, "sent_ts": 1758746142974, "arrival_ts": 1758746143060}
{"action": "send", "src": "NA-N130", "dst": "SA-N184", "hlc": {"phys": 1758752751027, "cnt": 0, "node": "NA-N130"}, "package_id": "PKG52749", "payload": {"status": "CREATED"}, "sent_ts": 1758752749727, "arrival_ts": 1758752749727}
{"action": "send", "src": "NA-N130", "dst": "SA-N184", "hlc": {"phys": 1758752751260, "cnt": 0, "node": "NA-N130"}, "package_id": "PKG52749", "payload": {"status": "SENT"}, "sent_ts": 1758752749960, "arrival_ts": 1758752749960}
{"action": "send", "src": "NA-N130", "dst": "SA-N184", "hlc": {"phys": 1758752751620, "cnt": 0, "node": "NA-N130"}, "package_id": "PKG52749", "payload": {"status": "IN_TRANSIT"}, "sent_ts": 1758752750320, "arrival_ts": 1758752750320}
{"action": "send", "src": "NA-N130", "dst": "SA-N184", "hlc": {"phys": 1758752752007, "cnt": 0, "node": "NA-N130"}, "package_id": "PKG52749", "payload": {"status": "RECEIVED"}, "sent_ts": 1758752750707, "arrival_ts": 1758752750707}
{"action": "send", "src": "NA-N130", "dst": "SA-N184", "hlc": {"phys": 1758752752397, "cnt": 0, "node": "NA-N130"}, "package_id": "PKG52749", "payload": {"status": "DELIVERED"}, "sent_ts": 1758752751097, "arrival_ts": 1758752751098}
{"action": "recv", "src": "AS-N50", "dst": "NA-N130", "hlc": {"phys": 1758754127267, "cnt": 0, "node": "AS-N50"}, "package_id": "PKG54116", "payload": {"status": "CREATED"}, "sent_ts": 1758754116767, "arrival_ts": 1758754116965}
{"action": "recv", "src": "AS-N50", "dst": "NA-N130", "hlc": {"phys": 1758754127694, "cnt": 0, "node": "AS-N50"}, "package_id": "PKG54116", "payload": {"status": "SENT"}, "sent_ts": 1758754117194, "arrival_ts": 1758754117291}
{"action": "recv", "src": "AS-N50", "dst": "NA-N130", "hlc": {"phys": 1758754127986, "cnt": 0, "node": "AS-N50"}, "package_id": "PKG54116", "payload": {"status": "IN_TRANSIT"}, "sent_ts": 1758754117486, "arrival_ts": 1758754117527}
{"action": "recv", "src": "AS-N50", "dst": "NA-N130", "hlc": {"phys": 1758754128219, "cnt": 0, "node": "AS-N50"}, "package_id": "PKG54116", "payload": {"status": "RECEIVED"}, "sent_ts": 1758754117719, "arrival_ts": 1758754117748}
{"action": "recv", "src": "AS-N50", "dst": "NA-N130", "hlc": {"phys": 1758754128465, "cnt": 0, "node": "AS-N50"}, "package_id": "PKG54116", "payload": {"status": "DELIVERED"}, "sent_ts": 1758754117965, "arrival_ts": 1758754118052}
{"action": "recv", "src": "EU-N35", "dst": "NA-N130", "hlc": {"phys": 1758755395528, "cnt": 0, "node": "EU-N35"}, "package_id": "PKG55390", "payload": {"status": "CREATED"}, "sent_ts": 1758755390178, "arrival_ts": 1758755390337}
{"action": "recv", "src": "EU-N35", "dst": "NA-N130", "hlc": {"phys": 1758755395891, "cnt": 0, "node": "EU-N35"}, "package_id": "PKG55390", "payload": {"status": "SENT"}, "sent_ts": 1758755390541, "arrival_ts": 1758755390579}
{"action": "recv", "src": "EU-N35", "dst": "NA-N130", "hlc": {"phys": 1758755396132, "cnt": 0, "node": "EU-N35"}, "package_id": "PKG55390", "payload": {"status": "IN_TRANSIT"}, "sent_ts": 1758755390782, "arrival_ts": 1758755390877}
{"action": "recv", "src": "EU-N35", "dst": "NA-N130", "hlc": {"phys": 1758755396447, "cnt": 0, "node": "EU-N35"}, "package_id": "PKG55390", "payload": {"status": "RECEIVED"}, "sent_ts": 1758755391097, "arrival_ts": 1758755391120}
{"action": "recv", "src": "EU-N35", "dst": "NA-N130", "hlc": {"phys": 1758755396670, "cnt": 0, "node": "EU-N35"}, "package_id": "PKG55390", "payload": {"status": "DELIVERED"}, "sent_ts": 1758755391320, "arrival_ts": 1758755391388}
{"action": "send", "src": "NA-N130", "dst": "NA-N167", "hlc": {"phys": 1758755934005, "cnt": 0, "node": "NA-N130"}, "package_id": "PKG55932", "payload": {"status": "CREATED"}, "sent_ts": 1758755932705, "arrival_ts": 1758755932705}
{"action": "send", "src": "NA-N130", "dst": "NA-N167", "hlc": {"phys": 1758755934253, "cnt": 0, "node": "NA-N130"}, "package_id": "PKG55932", "payload": {"status": "SENT"}, "sent_ts": 1758755932953, "arrival_ts": 1758755932953}
{"action": "send", "src": "NA-N130", "dst": "NA-N167", "hlc": {"phys": 1758755934594, "cnt": 0, "node": "NA-N130"}, "package_id": "PKG55932", "payload": {"status": "IN_TRANSIT"}, "sent_ts": 1758755933294, "arrival_ts": 1758755933294}
{"action": "send", "src": "NA-N130", "dst": "NA-N167", "hlc": {"phys": 1758755934907, "cnt": 0, "node": "NA-N130"}, "package_id": "PKG55932", "payload": {"status": "RECEIVED"}, "sent_ts": 1758755933607, "arrival_ts": 1758755933607}
{"action": "send", "src": "NA-N130", "dst": "NA-N167", "hlc": {"phys": 1758755935292, "cnt": 0, "node": "NA-N130"}, "package_id": "PKG55932", "payload": {"status": "DELIVERED"}, "sent_ts": 1758755933992, "arrival_ts": 1758755933992}
{"action": "send", "src": "NA-N130", "dst": "AU-N159", "hlc": {"phys": 1758761629824, "cnt": 0, "node": "NA-N130"}, "package_id": "PKG61628", "payload": {"status": "CREATED"}, "sent_ts": 1758761628524, "arrival_ts": 1758761628524}
{"action": "send", "src": "NA-N130", "dst": "AU-N159", "hlc": {"phys": 1758761630205, "cnt": 0, "node": "NA-N130"}, "package_id": "PKG61628", "payload": {"status": "SENT"}, "sent_ts": 1758761628905, "arrival_ts": 1758761628905}
{"action": "send", "src": "NA-N130", "dst": "AU-N159", "hlc": {"phys": 1758761630581, "cnt": 0, "node": "NA-N130"}, "package_id": "PKG61628", "payload": {"status": "IN_TRANSIT"}, "sent_ts": 1758761629281, "arrival_ts": 1758761629281}
{"action": "send", "src": "NA-N130", "dst": "AU-N159", "hlc": {"phys": 1758761630867, "cnt": 0, "node": "NA-N130"}, "package_id": "PKG61628", "payload": {"status": "RECEIVED"}, "sent_ts": 1758761629567, "arrival_ts": 1758761629567}
{"action": "send", "src": "NA-N130", "dst": "AU-N159", "hlc": {"phys": 1758761631261, "cnt": 0, "node": "NA-N130"}, "package_id": "PKG61628", "payload": {"status": "DELIVERED"}, "sent_ts": 1758761629961, "arrival_ts": 1758761629961}
{"action": "send", "src": "NA-N130", "dst": "AN-N130", "hlc": {"phys": 1758761691817, "cnt": 0, "node": "NA-N130"}, "package_id": "PKG61690", "payload": {"status": "CREATED"}, "sent_ts": 1758761690517, "arrival_ts": 1758761690517}
{"action": "send", "src": "NA-N130", "dst": "AN-N130", "hlc": {"phys": 1758761692044, "cnt": 0, "node": "NA-N130"}, "package_id": "PKG61690", "payload": {"status": "SENT"}, "sent_ts": 1758761690744, "arrival_ts": 1758761690744}
{"action": "send", "src": "NA-N130", "dst": "AN-N130", "hlc": {"phys": 1758761692382, "cnt": 0, "node": "NA-N130"}, "package_id": "PKG61690", "payload": {"status": "IN_TRANSIT"}, "sent_ts": 1758761691082, "arrival_ts": 1758761691082}
{"action": "send", "src": "NA-N130", "dst": "AN-N130", "hlc": {"phys": 1758761692723, "cnt": 0, "node": "NA-N130"}, "package_id": "PKG61690", "payload": {"status": "RECEIVED"}, "sent_ts": 1758761691423, "arrival_ts": 1758761691423}
{"action": "send", "src": "NA-N130", "dst": "AN-N130", "hlc": {"phys": 1758761692971, "cnt": 0, "node": "NA-N130"}, "package_id": "PKG61690", "payload": {"status": "DELIVERED"}, "sent_ts": 1758761691671, "arrival_ts": 1758761691671}
{"action": "send", "src": "NA-N130", "dst": "AU-N67", "hlc": {"phys": 1758763733889, "cnt": 0, "node": "NA-N130"}, "package_id": "PKG63732", "payload": {"status": "CREATED"}, "sent_ts": 1758763732589, "arrival_ts": 1758763732589}
{"action": "send", "src": "NA-N130", "dst": "AU-N67", "hlc": {"phys": 1758763734104, "cnt": 0, "node": "NA-N130"}, "package_id": "PKG63732", "payload": {"status": "SENT"}, "sent_ts": 1758763732804, "arrival_ts": 1758763732804}
{"action": "send", "src": "NA-N130", "dst": "AU-N67", "hlc": {"phys": 1758763734464, "cnt": 0, "node": "NA-N130"}, "package_id": "PKG63732", "payload": {"status": "IN_TRANSIT"}, "sent_ts": 1758763733164, "arrival_ts": 1758763733164}
{"action": "send", "src": "NA-N130", "dst": "AU-N67", "hlc": {"phys": 1758763734759, "cnt": 0, "node": "NA-N130"}, "package_id": "PKG63732", "payload": {"status": "RECEIVED"}, "sent_ts": 1758763733459, "arrival_ts": 1758763733459}
{"action": "send", "src": "NA-N130", "dst": "AU-N67", "hlc": {"phys": 1758763735096, "cnt": 0, "node": "NA-N130"}, "package_id": "PKG63732", "payload": {"status": "DELIVERED"}, "sent_ts": 1758763733796, "arrival_ts": 1758763733796}
{"action": "send", "src": "NA-N130", "dst": "AF-N38", "hlc": {"phys": 1758765109707, "cnt": 0, "node": "NA-N130"}, "package_id": "PKG65108", "payload": {"status": "CREATED"}, "sent_ts": 1758765108407, "arrival_ts": 1758765108408}
{"action": "send", "src": "NA-N130", "dst": "AF-N38", "hlc": {"phys": 1758765109969, "cnt": 0, "node": "NA-N130"}, "package_id": "PKG65108", "payload": {"status": "SENT"}, "sent_ts": 1758765108669, "arrival_ts": 1758765108669}
{"action": "send", "src": "NA-N130", "dst": "AF-N38", "hlc": {"phys": 1758765110270, "cnt": 0, "node": "NA-N130"}, "package_id": "PKG65108", "payload": {"status": "IN_TRANSIT"}, "sent_ts": 1758765108970, "arrival_ts": 1758765108970}
{"action": "send", "src": "NA-N130", "dst": "AF-N38", "hlc": {"phys": 1758765110543, "cnt": 0, "node": "NA-N130"}, "package_id": "PKG65108", "payload": {"status": "RECEIVED"}, "sent_ts": 1758765109243, "arrival_ts": 1758765109243}
{"action": "send", "src": "NA-N130", "dst": "AF-N38", "hlc": {"phys": 1758765110813, "cnt": 0, "node": "NA-N130"}, "package_id": "PKG65108", "payload": {"status": "DELIVERED"}, "sent_ts": 1758765109513, "arrival_ts": 1758765109513}
{"action": "send", "src": "NA-N130", "dst": "AS-N14", "hlc": {"phys": 1758803089077, "cnt": 0, "node": "NA-N130"}, "package_id": "PKG3087", "payload": {"status": "CREATED"}, "sent_ts": 1758803087777, "arrival_ts": 1758803087777}
{"action": "send", "src": "NA-N130", "dst": "AS-N14", "hlc": {"phys": 1758803089373, "cnt": 0, "node": "NA-N130"}, "package_id": "PKG3087", "payload": {"status": "SENT"}, "sent_ts": 1758803088073, "arrival_ts": 1758803088073}
{"action": "send", "src": "NA-N130", "dst": "AS-N14", "hlc": {"phys": 1758803089746, "cnt": 0, "node": "NA-N130"}, "package_id": "PKG3087", "payload": {"status": "IN_TRANSIT"}, "sent_ts": 1758803088446, "arrival_ts": 1758803088446}
{"action": "send", "src": "NA-N130", "dst": "AS-N14", "hlc": {"phys": 1758803090086, "cnt": 0, "node": "NA-N130"}, "package_id": "PKG3087", "payload": {"status": "RECEIVED"}, "sent_ts": 1758803088786, "arrival_ts": 1758803088786}
{"action": "send", "src": "NA-N130", "dst": "AS-N14", "hlc": {"phys": 1758803090381, "cnt": 0, "node": "NA-N130"}, "package_id": "PKG3087", "payload": {"status": "DELIVERED"}, "sent_ts": 1758803089081, "arrival_ts": 1758803089081}
{"action": "recv", "src": "AN-N170", "dst": "NA-N130", "hlc": {"phys": 1758803735037, "cnt": 0, "node": "AN-N170"}, "package_id": "PKG3703", "payload": {"status": "CREATED"}, "sent_ts": 1758803703337, "arrival_ts": 1758803703534}
{"action": "recv", "src": "AN-N170", "dst": "NA-N130", "hlc": {"phys": 1758803735449, "cnt": 0, "node": "AN-N170"}, "package_id": "PKG3703", "payload": {"status": "SENT"}, "sent_ts": 1758803703749, "arrival_ts": 1758803703825}
{"action": "recv", "src": "AN-N170", "dst": "NA-N130", "hlc": {"phys": 1758803735717, "cnt": 0, "node": "AN-N170"}, "package_id": "PKG3703", "payload": {"status": "IN_TRANSIT"}, "sent_ts": 1758803704017, "arrival_ts": 1758803704135}
{"action": "recv", "src": "AN-N170", "dst": "NA-N130", "hlc": {"phys": 1758803736045, "cnt": 0, "node": "AN-N170"}, "package_id": "PKG3703", "payload": {"status": "RECEIVED"}, "sent_ts": 1758803704345, "arrival_ts": 1758803704529}
{"action": "recv", "src": "AN-N170", "dst": "NA-N130", "hlc": {"phys": 1758803736450, "cnt": 0, "node": "AN-N170"}, "package_id": "PKG3703", "payload": {"status": "DELIVERED"}, "sent_ts": 1758803704750, "arrival_ts": 1758803704914}
{"action": "recv", "src": "AF-N8", "dst": "NA-N130", "hlc": {"phys": 1758816267523, "cnt": 0, "node": "AF-N8"}, "package_id": "PKG16252", "payload": {"status": "CREATED"}, "sent_ts": 1758816252443, "arrival_ts": 1758816252516}
{"action": "recv", "src": "AF-N8", "dst": "NA-N130", "hlc": {"phys": 1758816267803, "cnt": 0, "node": "AF-N8"}, "package_id": "PKG16252", "payload": {"status": "SENT"}, "sent_ts": 1758816252723, "arrival_ts": 1758816252897}
{"action": "recv", "src": "AF-N8", "dst": "NA-N130", "hlc": {"phys": 1758816268174, "cnt": 0, "node": "AF-N8"}, "package_id": "PKG16252", "payload": {"status": "IN_TRANSIT"}, "sent_ts": 1758816253094, "arrival_ts": 1758816253235}
{"action": "recv", "src": "AF-N8", "dst": "NA-N130", "hlc": {"phys": 1758816268528, "cnt": 0, "node": "AF-N8"}, "package_id": "PKG16252", "payload": {"status": "RECEIVED"}, "sent_ts": 1758816253448, "arrival_ts": 1758816253602}
{"action": "recv", "src": "AF-N8", "dst": "NA-N130", "hlc": {"phys": 1758816268886, "cnt": 0, "node": "AF-N8"}, "package_id": "PKG16252", "payload": {"status": "DELIVERED"}, "sent_ts": 1758816253806, "arrival_ts": 1758816253825}
