{"action": "send", "src": "NA-N159", "dst": "AS-N77", "hlc": {"phys": 1758713896697, "cnt": 0, "node": "NA-N159"}, "package_id": "PKG13895", "payload": {"status": "CREATED"}, "sent_ts": 1758713895107, "arrival_ts": 1758713895107}
{"action": "send", "src": "NA-N159", "dst": "AS-N77", "hlc": {"phys": 1758713897047, "cnt": 0, "node": "NA-N159"}, "package_id": "PKG13895", "payload": {"status": "SENT"}, "sent_ts": 1758713895457, "arrival_ts": 1758713895457}
{"action": "send", "src": "NA-N159", "dst": "AS-N77", "hlc": {"phys": 1758713897318, "cnt": 0, "node": "NA-N159"}, "package_id": "PKG13895", "payload": {"status": "IN_TRANSIT"}, "sent_ts": 1758713895728, "arrival_ts": 1758713895728}
{"action": "send", "src": "NA-N159", "dst": "AS-N77", "hlc": {"phys": 1758713897693, "cnt": 0, "node": "NA-N159"}, "package_id": "PKG13895", "payload": {"status": "RECEIVED"}, "sent_ts": 1758713896103, "arrival_ts": 1758713896103}
{"action": "send", "src": "NA-N159", "dst": "AS-N77", "hlc": {"phys": 1758713897998, "cnt": 0, "node": "NA-N159"}, "package_id": "PKG13895", "payload": {"status": "DELIVERED"}, "sent_ts": 1758713896408, "arrival_ts": 1758713896408}
{"action": "send", "src": "NA-N159", "dst": "AS-N43", "hlc": {"phys": 1758741114640, "cnt": 0, "node": "NA-N159"}, "package_id": "PKG41113", "payload": {"status": "CREATED"}, "sent_ts": 1758741113050, "arrival_ts": 1758741113050}
{"action": "send", "src": "NA-N159", "dst": "AS-N43", "hlc": {"phys": 1758741115054, "cnt": 0, "node": "NA-N159"}, "package_id": "PKG41113", "payload": {"status": "SENT"}, "sent_ts": 1758741113464, "arrival_ts": 1758741113464}
{"action": "send", "src": "NA-N159", "dst": "AS-N43", "hlc": {"phys": 1758741115360, "cnt": 0, "node": "NA-N159"}, "package_id": "PKG41113", "payload": {"status": "IN_TRANSIT"}, "sent_ts": 1758741113770, "arrival_ts": 1758741113770}
{"action": "send", "src": "NA-N159", "dst": "AS-N43", "hlc": {"phys": 1758741115747, "cnt": 0, "node": "NA-N159"}, "package_id": "PKG41113", "payload": {"status": "RECEIVED"}, "sent_ts": 1758741114157, "arrival_ts": 1758741114157}
{"action": "send", "src": "NA-N159", "dst": "AS-N43", "hlc": {"phys": 1758741116041, "cnt": 0, "node": "NA-N159"}, "package_id": "PKG41113", "payload": {"status": "DELIVERED"}, "sent_ts": 1758741114451, "arrival_ts": 1758741114451}
{"action": "recv", "src": "AF-N63", "dst": "NA-N159", "hlc": {"phys": 1758744597250, "cnt": 0, "node": "AF-N63"}, "package_id": "PKG44581", "payload": {"status": "CREATED"}, "sent_ts": 1758744581620, "arrival_ts": 1758744581673}
{"action": "recv", "src": "AF-N63", "dst": "NA-N159", "hlc": {"phys": 1758744597515, "cnt": 0, "node": "AF-N63"}, "package_id": "PKG44581", "payload": {"status": "SENT"}, "sent_ts": 1758744581885, "arrival_ts": 1758744581931}
{"action": "recv", "src": "AF-N63", "dst": "NA-N159", "hlc": {"phys": 1758744597763, "cnt": 0, "node": "AF-N63"}, "package_id": "PKG44581", "payload": {"status": "IN_TRANSIT"}, "sent_ts": 1758744582133, "arrival_ts": 1758744582154}
{"action": "recv", "src": "AF-N63", "dst": "NA-N159", "hlc": {"phys": 1758744598006, "cnt": 0, "node": "AF-N63"}, "package_id": "PKG44581", "payload": {"status": "RECEIVED"}, "sent_ts": 1758744582376, "arrival_ts": 1758744582429}
{"action": "recv", "src": "AF-N63", "dst": "NA-N159", "hlc": {"phys": 1758744598256, "cnt": 0, "node": "AF-N63"}, "package_id": "PKG44581", "payload": {"status": "DELIVERED"}, "sent_ts": 1758744582626, "arrival_ts": 1758744582767}
{"action": "send", "src": "NA-N159", "dst": "AU-N158", "hlc": {"phys": 1758745238719, "cnt": 0, "node": "NA-N159"}, "package_id": "PKG45237", "payload": {"status": "CREATED"}, "sent_ts": 1758745237129, "arrival_ts": 1758745237129}
{"action": "send", "src": "NA-N159", "dst": "AU-N158", "hlc": {"phys": 1758745238937, "cnt": 0, "node": "NA-N159"}, "package_id": "PKG45237", "payload": {"status": "SENT"}, "sent_ts": 1758745237347, "arrival_ts": 1758745237347}
{"action": "send", "src": "NA-N159", "dst": "AU-N158", "hlc": {"phys": 1758745239228, "cnt": 0, "node": "NA-N159"}, "package_id": "PKG45237", "payload": {"status": "IN_TRANSIT"}, "sent_ts": 1758745237638, "arrival_ts": 1758745237638}
{"action": "send", "src": "NA-N159", "dst": "AU-N158", "hlc": {"phys": 1758745239585, "cnt": 0, "node": "NA-N159"}, "package_id": "PKG45237", "payload": {"status": "RECEIVED"}, "sent_ts": 1758745237995, "arrival_ts": 1758745237995}
{"action": "send", "src": "NA-N159", "dst": "AU-N158", "hlc": {"phys": 1758745239815, "cnt": 0, "node": "NA-N159"}, "package_id": "PKG45237", "payload": {"status": "DELIVERED"}, "sent_ts": 1758745238225, "arrival_ts": 1758745238225}
{"action": "recv", "src": "SA-N112", "dst": "NA-N159", "hlc": {"phys": 1758747380452, "cnt": 0, "node": "SA-N112"}, "package_id": "PKG47359", "payload": {"status": "CREATED"}, "sent_ts": 1758747359332, "arrival_ts": 1758747359365}
{"action": "recv", "src": "SA-N112", "dst": "NA-N159", "hlc": {"phys": 1758747380675, "cnt": 0, "node": "SA-N112"}, "package_id": "PKG47359", "payload": {"status": "SENT"}, "sent_ts": 1758747359555, "arrival_ts": 1758747359572}
{"action": "recv", "src": "SA-N112", "dst": "NA-N159", "hlc": {"phys": 1758747380891, "cnt": 0, "node": "SA-N112"}, "package_id": "PKG47359", "payload": {"status": "IN_TRANSIT"}, "sent_ts": 1758747359771, "arrival_ts": 1758747359951}
{"action": "recv", "src": "SA-N112", "dst": "NA-N159", "hlc": {"phys": 1758747381284, "cnt": 0, "node": "SA-N112"}, "package_id": "PKG47359", "payload": {"status": "RECEIVED"}, "sent_ts": 1758747360164, "arrival_ts": 1758747360278}
{"action": "recv", "src": "SA-N112", "dst": "NA-N159", "hlc": {"phys": 1758747381612, "cnt": 0, "node": "SA-N112"}, "package_id": "PKG47359", "payload": {"status": "DELIVERED"}, "sent_ts": 1758747360492, "arrival_ts": 1758747360552}
{"action": "recv", "src": "AF-N83", "dst": "NA-N159", "hlc": {"phys": 1758749760544, "cnt": 0, "node": "AF-N83"}, "package_id": "PKG49744", "payload": {"status": "CREATED"}, "sent_ts": 1758749744714, "arrival_ts": 1758749744879}
{"action": "recv", "src": "AF-N83", "dst": "NA-N159", "hlc": {"phys": 1758749760927, "cnt": 0, "node": "AF-N83"}, "package_id": "PKG49744", "payload": {"status": "SENT"}, "sent_ts": 1758749745097, "arrival_ts": 1758749745154}
{"action": "recv", "src": "AF-N83", "dst": "NA-N159", "hlc": {"phys": 1758749761194, "cnt": 0, "node": "AF-N83"}, "package_id": "PKG49744", "payload": {"status": "IN_TRANSIT"}, "sent_ts": 1758749745364, "arrival_ts": 1758749745521}
{"action": "recv", "src": "AF-N83", "dst": "NA-N159", "hlc": {"phys": 1758749761559, "cnt": 0, "node": "AF-N83"}, "package_id": "PKG49744", "payload": {"status": "RECEIVED"}, "sent_ts": 1758749745729, "arrival_ts": 1758749745780}
{"action": "recv", "src": "AF-N83", "dst": "NA-N159", "hlc": {"phys": 1758749761827, "cnt": 0, "node": "AF-N83"}, "package_id": "PKG49744", "payload": {"status": "DELIVERED"}, "sent_ts": 1758749745997, "arrival_ts": 1758749746127}
{"action": "send", "src": "NA-N159", "dst": "AS-N64", "hlc": {"phys": 1758754253576, "cnt": 0, "node": "NA-N159"}, "package_id": "PKG54251", "payload": {"status": "CREATED"}, "sent_ts": 1758754251986, "arrival_ts": 1758754251986}
{"action": "send", "src": "NA-N159", "dst": "AS-N64", "hlc": {"phys": 1758754253965, "cnt": 0, "node": "NA-N159"}, "package_id": "PKG54251", "payload": {"status": "SENT"}, "sent_ts": 1758754252375, "arrival_ts": 1758754252375}
{"action": "send", "src": "NA-N159", "dst": "AS-N64", "hlc": {"phys": 1758754254223, "cnt": 0, "node": "NA-N159"}, "package_id": "PKG54251", "payload": {"status": "IN_TRANSIT"}, "sent_ts": 1758754252633, "arrival_ts": 1758754252633}
{"action": "send", "src": "NA-N159", "dst": "AS-N64", "hlc": {"phys": 1758754254517, "cnt": 0, "node": "NA-N159"}, "package_id": "PKG54251", "payload": {"status": "RECEIVED"}, "sent_ts": 1758754252927, "arrival_ts": 1758754252927}
{"action": "send", "src": "NA-N159", "dst": "AS-N64", "hlc": {"phys": 1758754254831, "cnt": 0, "node": "NA-N159"}, "package_id": "PKG54251", "payload": {"status": "DELIVERED"}, "sent_ts": 1758754253241, "arrival_ts": 1758754253241}
{"action": "send", "src": "NA-N159", "dst": "AU-N191", "hlc": {"phys": 1758755276149, "cnt": 0, "node": "NA-N159"}, "package_id": "PKG55274", "payload": {"status": "CREATED"}, "sent_ts": 1758755274559, "arrival_ts": 1758755274559}
{"action": "send", "src": "NA-N159", "dst": "AU-N191", "hlc": {"phys": 1758755276512, "cnt": 0, "node": "NA-N159"}, "package_id": "PKG55274", "payload": {"status": "SENT"}, "sent_ts": 1758755274922, "arrival_ts": 1758755274922}
{"action": "send", "src": "NA-N159", "dst": "AU-N191", "hlc": {"phys": 1758755276806, "cnt": 0, "node": "NA-N159"}, "package_id": "PKG55274", "payload": {"status": "IN_TRANSIT"}, "sent_ts": 1758755275216, "arrival_ts": 1758755275216}
{"action": "send", "src": "NA-N159", "dst": "AU-N191", "hlc": {"phys": 1758755277154, "cnt": 0, "node": "NA-N159"}, "package_id": "PKG55274", "payload": {"status": "RECEIVED"}, "sent_ts": 1758755275564, "arrival_ts": 1758755275564}
{"action": "send", "src": "NA-N159", "dst": "AU-N191", "hlc": {"phys": 1758755277470, "cnt": 0, "node": "NA-N159"}, "package_id": "PKG55274", "payload": {"status": "DELIVERED"}, "sent_ts": 1758755275880, "arrival_ts": 1758755275880}
{"action": "recv", "src": "EU-N30", "dst": "NA-N159", "hlc": {"phys": 1758760548405, "cnt": 0, "node": "EU-N30"}, "package_id": "PKG60543", "payload": {"status": "CREATED"}, "sent_ts": 1758760543105, "arrival_ts": 1758760543238}
{"action": "recv", "src": "EU-N30", "dst": "NA-N159", "hlc": {"phys": 1758760548747, "cnt": 0, "node": "EU-N30"}, "package_id": "PKG60543", "payload": {"status": "SENT"}, "sent_ts": 1758760543447, "arrival_ts": 1758760543490}
{"action": "recv", "src": "EU-N30", "dst": "NA-N159", "hlc": {"phys": 1758760549002, "cnt": 0, "node": "EU-N30"}, "package_id": "PKG60543", "payload": {"status": "IN_TRANSIT"}, "sent_ts": 1758760543702, "arrival_ts": 1758760543828}
{"action": "recv", "src": "EU-N30", "dst": "NA-N159", "hlc": {"phys": 1758760549351, "cnt": 0, "node": "EU-N30"}, "package_id": "PKG60543", "payload": {"status": "RECEIVED"}, "sent_ts": 1758760544051, "arrival_ts": 1758760544230}
{"action": "recv", "src": "EU-N30", "dst": "NA-N159", "hlc": {"phys": 1758760549735, "cnt": 0, "node": "EU-N30"}, "package_id": "PKG60543", "payload": {"status": "DELIVERED"}, "sent_ts": 1758760544435, "arrival_ts": 1758760544594}
{"action": "send", "src": "NA-N159", "dst": "AF-N187", "hlc": {"phys": 1758760608084, "cnt": 0, "node": "NA-N159"}, "package_id": "PKG60606", "payload": {"status": "CREATED"}, "sent_ts": 1758760606494, "arrival_ts": 1758760606494}
{"action": "send", "src": "NA-N159", "dst": "AF-N187", "hlc": {"phys": 1758760608319, "cnt": 0, "node": "NA-N159"}, "package_id": "PKG60606", "payload": {"status": "SENT"}, "sent_ts": 1758760606729, "arrival_ts": 1758760606729}
{"action": "send", "src": "NA-N159", "dst": "AF-N187", "hlc": {"phys": 1758760608595, "cnt": 0, "node": "NA-N159"}, "package_id": "PKG60606", "payload": {"status": "IN_TRANSIT"}, "sent_ts": 1758760607005, "arrival_ts": 1758760607005}
{"action": "send", "src": "NA-N159", "dst": "AF-N187", "hlc": {"phys": 1758760608919, "cnt": 0, "node": "NA-N159"}, "package_id": "PKG60606", "payload": {"status": "RECEIVED"}, "sent_ts": 1758760607329, "arrival_ts": 1758760607329}
{"action": "send", "src": "NA-N159", "dst": "AF-N187", "hlc": {"phys": 1758760609293, "cnt": 0, "node": "NA-N159"}, "package_id": "PKG60606", "payload": {"status": "DELIVERED"}, "sent_ts": 1758760607703, "arrival_ts": 1758760607703}
{"action": "send", "src": "NA-N159", "dst": "AN-N73", "hlc": {"phys": 1758761023970, "cnt": 0, "node": "NA-N159"}, "package_id": "PKG61022", "payload": {"status": "CREATED"}, "sent_ts": 1758761022380, "arrival_ts": 1758761022380}
{"action": "send", "src": "NA-N159", "dst": "AN-N73", "hlc": {"phys": 1758761024200, "cnt": 0, "node": "NA-N159"}, "package_id": "PKG61022", "payload": {"status": "SENT"}, "sent_ts": 1758761022610, "arrival_ts": 1758761022610}
{"action": "send", "src": "NA-N159", "dst": "AN-N73", "hlc": {"phys": 1758761024534, "cnt": 0, "node": "NA-N159"}, "package_id": "PKG61022", "payload": {"status": "IN_TRANSIT"}, "sent_ts": 1758761022944, "arrival_ts": 1758761022944}
{"action": "send", "src": "NA-N159", "dst": "AN-N73", "hlc": {"phys": 1758761024845, "cnt": 0, "node": "NA-N159"}, "package_id": "PKG61022", "payload": {"status": "RECEIVED"}, "sent_ts": 1758761023255, "arrival_ts": 1758761023255}
{"action": "send", "src": "NA-N159", "dst": "AN-N73", "hlc": {"phys": 1758761025203, "cnt": 0, "node": "NA-N159"}, "package_id": "PKG61022", "payload": {"status": "DELIVERED"}, "sent_ts": 1758761023613, "arrival_ts": 1758761023613}
{"action": "send", "src": "NA-N159", "dst": "SA-N67", "hlc": {"phys": 1758764470532, "cnt": 0, "node": "NA-N159"}, "package_id": "PKG64468", "payload": {"status": "CREATED"}, "sent_ts": 1758764468942, "arrival_ts": 1758764468942}
{"action": "send", "src": "NA-N159", "dst": "SA-N67", "hlc": {"phys": 1758764470837, "cnt": 0, "node": "NA-N159"}, "package_id": "PKG64468", "payload": {"status": "SENT"}, "sent_ts": 1758764469247, "arrival_ts": 1758764469247}
{"action": "send", "src": "NA-N159", "dst": "SA-N67", "hlc": {"phys": 1758764471097, "cnt": 0, "node": "NA-N159"}, "package_id": "PKG64468", "payload": {"status": "IN_TRANSIT"}, "sent_ts": 1758764469507, "arrival_ts": 1758764469507}
{"action": "send", "src": "NA-N159", "dst": "SA-N67", "hlc": {"phys": 1758764471403, "cnt": 0, "node": "NA-N159"}, "package_id": "PKG64468", "payload": {"status": "RECEIVED"}, "sent_ts": 1758764469813, "arrival_ts": 1758764469813}
{"action": "send", "src": "NA-N159", "dst": "SA-N67", "hlc": {"phys": 1758764471700, "cnt": 0, "node": "NA-N159"}, "package_id": "PKG64468", "payload": {"status": "DELIVERED"}, "sent_ts": 1758764470110, "arrival_ts": 1758764470110}
{"action": "send", "src": "NA-N159", "dst": "AU-N156", "hlc": {"phys": 1758764631238, "cnt": 0, "node": "NA-N159"}, "package_id": "PKG64629", "payload": {"status": "CREATED"}, "sent_ts": 1758764629648, "arrival_ts": 1758764629648}
{"action": "send", "src": "NA-N159", "dst": "AU-N156", "hlc": {"phys": 1758764631638, "cnt": 0, "node": "NA-N159"}, "package_id": "PKG64629", "payload": {"status": "SENT"}, "sent_ts": 1758764630048, "arrival_ts": 1758764630048}
{"action": "send", "src": "NA-N159", "dst": "AU-N156", "hlc": {"phys": 1758764631859, "cnt": 0, "node": "NA-N159"}, "package_id": "PKG64629", "payload": {"status": "IN_TRANSIT"}, "sent_ts": 1758764630269, "arrival_ts": 1758764630269}
{"action": "send", "src": "NA-N159", "dst": "AU-N156", "hlc": {"phys": 1758764632178, "cnt": 0, "node": "NA-N159"}, "package_id": "PKG64629", "payload": {"status": "RECEIVED"}, "sent_ts": 1758764630588, "arrival_ts": 1758764630588}
{"action": "send", "src": "NA-N159", "dst": "AU-N156", "hlc": {"phys": 1758764632573, "cnt": 0, "node": "NA-N159"}, "package_id": "PKG64629", "payload": {"status": "DELIVERED"}, "sent_ts": 1758764630983, "arrival_ts": 1758764630983}
{"action": "recv", "src": "AF-N100", "dst": "NA-N159", "hlc": {"phys": 1758801254025, "cnt": 0, "node": "AF-N100"}, "package_id": "PKG1238", "payload": {"status": "CREATED"}, "sent_ts": 1758801238025, "arrival_ts": 1758801238117}
{"action": "recv", "src": "AF-N100", "dst": "NA-N159", "hlc": {"phys": 1758801254319, "cnt": 0, "node": "AF-N100"}, "package_id": "PKG1238", "payload": {"status": "SENT"}, "sent_ts": 1758801238319, "arrival_ts": 1758801238353}
{"action": "recv", "src": "AF-N100", "dst": "NA-N159", "hlc": {"phys": 1758801254552, "cnt": 0, "node": "AF-N100"}, "package_id": "PKG1238", "payload": {"status": "IN_TRANSIT"}, "sent_ts": 1758801238552, "arrival_ts": 1758801238730}
{"action": "recv", "src": "AF-N100", "dst": "NA-N159", "hlc": {"phys": 1758801254926, "cnt": 0, "node": "AF-N100"}, "package_id": "PKG1238", "payload": {"status": "RECEIVED"}, "sent_ts": 1758801238925, "arrival_ts": 1758801239045}
{"action": "recv", "src": "AF-N100", "dst": "NA-N159", "hlc": {"phys": 1758801255250, "cnt": 0, "node": "AF-N100"}, "package_id": "PKG1238", "payload": {"status": "DELIVERED"}, "sent_ts": 1758801239250, "arrival_ts": 1758801239419}
{"action": "send", "src": "NA-N159", "dst": "AN-N30", "hlc": {"phys": 1758809717594, "cnt": 0, "node": "NA-N159"}, "package_id": "PKG9716", "payload": {"status": "CREATED"}, "sent_ts": 1758809716004, "arrival_ts": 1758809716004}
{"action": "send", "src": "NA-N159", "dst": "AN-N30", "hlc": {"phys": 1758809717813, "cnt": 0, "node": "NA-N159"}, "package_id": "PKG9716", "payload": {"status": "SENT"}, "sent_ts": 1758809716223, "arrival_ts": 1758809716223}
{"action": "send", "src": "NA-N159", "dst": "AN-N30", "hlc": {"phys": 1758809718119, "cnt": 0, "node": "NA-N159"}, "package_id": "PKG9716", "payload": {"status": "IN_TRANSIT"}, "sent_ts": 1758809716529, "arrival_ts": 1758809716529}
{"action": "send", "src": "NA-N159", "dst": "AN-N30", "hlc": {"phys": 1758809718430, "cnt": 0, "node": "NA-N159"}, "package_id": "PKG9716", "payload": {"status": "RECEIVED"}, "sent_ts": 1758809716840, "arrival_ts": 1758809716840}
{"action": "send", "src": "NA-N159", "dst": "AN-N30", "hlc": {"phys": 1758809718769, "cnt": 0, "node": "NA-N159"}, "package_id": "PKG9716", "payload": {"status": "DELIVERED"}, "sent_ts": 1758809717179, "arrival_ts": 1758809717179}
{"action": "recv", "src": "AF-N150", "dst": "NA-N159", "hlc": {"phys": 1758810566617, "cnt": 0, "node": "AF-N150"}, "package_id": "PKG10550", "payload": {"status": "CREATED"}, "sent_ts": 1758810550117, "arrival_ts": 1758810550297}
{"action": "recv", "src": "AF-N150", "dst": "NA-N159", "hlc": {"phys": 1758810567003, "cnt": 0, "node": "AF-N150"}, "package_id": "PKG10550", "payload": {"status": "SENT"}, "sent_ts": 1758810550503, "arrival_ts": 1758810550616}
{"action": "recv", "src": "AF-N150", "dst": "NA-N159", "hlc": {"phys": 1758810567312, "cnt": 0, "node": "AF-N150"}, "package_id": "PKG10550", "payload": {"status": "IN_TRANSIT"}, "sent_ts": 1758810550812, "arrival_ts": 1758810550993}
{"action": "recv", "src": "AF-N150", "dst": "NA-N159", "hlc": {"phys": 1758810567699, "cnt": 0, "node": "AF-N150"}, "package_id": "PKG10550", "payload": {"status": "RECEIVED"}, "sent_ts": 1758810551199, "arrival_ts": 1758810551357}
{"action": "recv", "src": "AF-N150", "dst": "NA-N159", "hlc": {"phys": 1758810568059, "cnt": 0, "node": "AF-N150"}, "package_id": "PKG10550", "payload": {"status": "DELIVERED"}, "sent_ts": 1758810551559, "arrival_ts": 1758810551718}
{"action": "recv", "src": "AS-N130", "dst": "NA-N159", "hlc": {"phys": 1758813818308, "cnt": 0, "node": "AS-N130"}, "package_id": "PKG13807", "payload": {"status": "CREATED"}, "sent_ts": 1758813807008, "arrival_ts": 1758813807129}
{"action": "recv", "src": "AS-N130", "dst": "NA-N159", "hlc": {"phys": 1758813818636, "cnt": 0, "node": "AS-N130"}, "package_id": "PKG13807", "payload": {"status": "SENT"}, "sent_ts": 1758813807336, "arrival_ts": 1758813807362}
{"action": "recv", "src": "AS-N130", "dst": "NA-N159", "hlc": {"phys": 1758813818870, "cnt": 0, "node": "AS-N130"}, "package_id": "PKG13807", "payload": {"status": "IN_TRANSIT"}, "sent_ts": 1758813807570, "arrival_ts": 1758813807610}
{"action": "recv", "src": "AS-N130", "dst": "NA-N159", "hlc": {"phys": 1758813819119, "cnt": 0, "node": "AS-N130"}, "package_id": "PKG13807", "payload": {"status": "RECEIVED"}, "sent_ts": 1758813807819, "arrival_ts": 1758813808015}
{"action": "recv", "src": "AS-N130", "dst": "NA-N159", "hlc": {"phys": 1758813819521, "cnt": 0, "node": "AS-N130"}, "package_id": "PKG13807", "payload": {"status": "DELIVERED"}, "sent_ts": 1758813808221, "arrival_ts": 1758813808323}
{"action": "send", "src": "NA-N159", "dst": "NA-N19", "hlc": {"phys": 1758814258106, "cnt": 0, "node": "NA-N159"}, "package_id": "PKG14256", "payload": {"status": "CREATED"}, "sent_ts": 1758814256516, "arrival_ts": 1758814256516}
{"action": "send", "src": "NA-N159", "dst": "NA-N19", "hlc": {"phys": 1758814258309, "cnt": 0, "node": "NA-N159"}, "package_id": "PKG14256", "payload": {"status": "SENT"}, "sent_ts": 1758814256719, "arrival_ts": 1758814256719}
{"action": "send", "src": "NA-N159", "dst": "NA-N19", "hlc": {"phys": 1758814258572, "cnt": 0, "node": "NA-N159"}, "package_id": "PKG14256", "payload": {"status": "IN_TRANSIT"}, "sent_ts": 1758814256982, "arrival_ts": 1758814256982}
{"action": "send", "src": "NA-N159", "dst": "NA-N19", "hlc": {"phys": 1758814258885, "cnt": 0, "node": "NA-N159"}, "package_id": "PKG14256", "payload": {"status": "RECEIVED"}, "sent_ts": 1758814257295, "arrival_ts": 1758814257295}
{"action": "send", "src": "NA-N159", "dst": "NA-N19", "hlc": {"phys": 1758814259179, "cnt": 0, "node": "NA-N159"}, "package_id": "PKG14256", "payload": {"status": "DELIVERED"}, "sent_ts": 1758814257589, "arrival_ts": 1758814257589}
{"action": "recv", "src": "AN-N58", "dst": "NA-N159", "hlc": {"phys": 1758815502951, "cnt": 0, "node": "AN-N58"}, "package_id": "PKG15472", "payload": {"status": "CREATED"}, "sent_ts": 1758815472371, "arrival_ts": 1758815472394}
{"action": "recv", "src": "AN-N58", "dst": "NA-N159", "hlc": {"phys": 1758815503184, "cnt": 0, "node": "AN-N58"}, "package_id": "PKG15472", "payload": {"status": "SENT"}, "sent_ts": 1758815472604, "arrival_ts": 1758815472684}
{"action": "recv", "src": "AN-N58", "dst": "NA-N159", "hlc": {"phys": 1758815503461, "cnt": 0, "node": "AN-N58"}, "package_id": "PKG15472", "payload": {"status": "IN_TRANSIT"}, "sent_ts": 1758815472881, "arrival_ts": 1758815472947}
{"action": "recv", "src": "AN-N58", "dst": "NA-N159", "hlc": {"phys": 1758815503725, "cnt": 0, "node": "AN-N58"}, "package_id": "PKG15472", "payload": {"status": "RECEIVED"}, "sent_ts": 1758815473145, "arrival_ts": 1758815473292}
{"action": "recv", "src": "AN-N58", "dst": "NA-N159", "hlc": {"phys": 1758815504065, "cnt": 0, "node": "AN-N58"}, "package_id": "PKG15472", "payload": {"status": "DELIVERED"}, "sent_ts": 1758815473485, "arrival_ts": 1758815473547}
