{"action": "send", "src": "NA-N46", "dst": "EU-N66", "hlc": {"phys": 1758719450371, "cnt": 0, "node": "NA-N46"}, "package_id": "PKG19449", "payload": {"status": "CREATED"}, "sent_ts": 1758719449911, "arrival_ts": 1758719449911}
{"action": "send", "src": "NA-N46", "dst": "EU-N66", "hlc": {"phys": 1758719450700, "cnt": 0, "node": "NA-N46"}, "package_id": "PKG19449", "payload": {"status": "SENT"}, "sent_ts": 1758719450240, "arrival_ts": 1758719450240}
{"action": "send", "src": "NA-N46", "dst": "EU-N66", "hlc": {"phys": 1758719451004, "cnt": 0, "node": "NA-N46"}, "package_id": "PKG19449", "payload": {"status": "IN_TRANSIT"}, "sent_ts": 1758719450544, "arrival_ts": 1758719450544}
{"action": "send", "src": "NA-N46", "dst": "EU-N66", "hlc": {"phys": 1758719451338, "cnt": 0, "node": "NA-N46"}, "package_id": "PKG19449", "payload": {"status": "RECEIVED"}, "sent_ts": 1758719450878, "arrival_ts": 1758719450878}
{"action": "send", "src": "NA-N46", "dst": "EU-N66", "hlc": {"phys": 1758719451673, "cnt": 0, "node": "NA-N46"}, "package_id": "PKG19449", "payload": {"status": "DELIVERED"}, "sent_ts": 1758719451213, "arrival_ts": 1758719451213}
{"action": "recv", "src": "AN-N153", "dst": "NA-N46", "hlc": {"phys": 1758740737859, "cnt": 0, "node": "AN-N153"}, "package_id": "PKG40706", "payload": {"status": "CREATED"}, "sent_ts": 1758740706329, "arrival_ts": 1758740706375}
{"action": "recv", "src": "AN-N153", "dst": "NA-N46", "hlc": {"phys": 1758740738109, "cnt": 0, "node": "AN-N153"}, "package_id": "PKG40706", "payload": {"status": "SENT"}, "sent_ts": 1758740706579, "arrival_ts": 1758740706598}
{"action": "recv", "src": "AN-N153", "dst": "NA-N46", "hlc": {"phys": 1758740738326, "cnt": 0, "node": "AN-N153"}, "package_id": "PKG40706", "payload": {"status": "IN_TRANSIT"}, "sent_ts": 1758740706796, "arrival_ts": 1758740706948}
{"action": "recv", "src": "AN-N153", "dst": "NA-N46", "hlc": {"phys": 1758740738664, "cnt": 0, "node": "AN-N153"}, "package_id": "PKG40706", "payload": {"status": "RECEIVED"}, "sent_ts": 1758740707134, "arrival_ts": 1758740707231}
{"action": "recv", "src": "AN-N153", "dst": "NA-N46", "hlc": {"phys": 1758740738973, "cnt": 0, "node": "AN-N153"}, "package_id": "PKG40706", "payload": {"status": "DELIVERED"}, "sent_ts": 1758740707443, "arrival_ts": 1758740707530}
{"action": "recv", "src": "NA-N162", "dst": "NA-N46", "hlc": {"phys": 1758742548418, "cnt": 0, "node": "NA-N162"}, "package_id": "PKG42546", "payload": {"status": "CREATED"}, "sent_ts": 1758742546798, "arrival_ts": 1758742546902}
{"action": "recv", "src": "NA-N162", "dst": "NA-N46", "hlc": {"phys": 1758742548724, "cnt": 0, "node": "NA-N162"}, "package_id": "PKG42546", "payload": {"status": "SENT"}, "sent_ts": 1758742547104, "arrival_ts": 1758742547254}
{"action": "recv", "src": "NA-N162", "dst": "NA-N46", "hlc": {"phys": 1758742549083, "cnt": 0, "node": "NA-N162"}, "package_id": "PKG42546", "payload": {"status": "IN_TRANSIT"}, "sent_ts": 1758742547463, "arrival_ts": 1758742547665}
{"action": "recv", "src": "NA-N162", "dst": "NA-N46", "hlc": {"phys": 1758742549487, "cnt": 0, "node": "NA-N162"}, "package_id": "PKG42546", "payload": {"status": "RECEIVED"}, "sent_ts": 1758742547867, "arrival_ts": 1758742547974}
{"action": "recv", "src": "NA-N162", "dst": "NA-N46", "hlc": {"phys": 1758742549797, "cnt": 0, "node": "NA-N162"}, "package_id": "PKG42546", "payload": {"status": "DELIVERED"}, "sent_ts": 1758742548177, "arrival_ts": 1758742548288}
{"action": "recv", "src": "SA-N67", "dst": "NA-N46", "hlc": {"phys": 1758745359139, "cnt": 0, "node": "SA-N67"}, "package_id": "PKG45338", "payload": {"status": "CREATED"}, "sent_ts": 1758745338469, "arrival_ts": 1758745338635}
{"action": "recv", "src": "SA-N67", "dst": "NA-N46", "hlc": {"phys": 1758745359501, "cnt": 0, "node": "SA-N67"}, "package_id": "PKG45338", "payload": {"status": "SENT"}, "sent_ts": 1758745338831, "arrival_ts": 1758745338984}
{"action": "recv", "src": "SA-N67", "dst": "NA-N46", "hlc": {"phys": 1758745359863, "cnt": 0, "node": "SA-N67"}, "package_id": "PKG45338", "payload": {"status": "IN_TRANSIT"}, "sent_ts": 1758745339193, "arrival_ts": 1758745339388}
{"action": "recv", "src": "SA-N67", "dst": "NA-N46", "hlc": {"phys": 1758745360269, "cnt": 0, "node": "SA-N67"}, "package_id": "PKG45338", "payload": {"status": "RECEIVED"}, "sent_ts": 1758745339599, "arrival_ts": 1758745339800}
{"action": "recv", "src": "SA-N67", "dst": "NA-N46", "hlc": {"phys": 1758745360676, "cnt": 0, "node": "SA-N67"}, "package_id": "PKG45338", "payload": {"status": "DELIVERED"}, "sent_ts": 1758745340006, "arrival_ts": 1758745340050}
{"action": "send", "src": "NA-N46", "dst": "AF-N86", "hlc": {"phys": 1758745814615, "cnt": 0, "node": "NA-N46"}, "package_id": "PKG45814", "payload": {"status": "CREATED"}, "sent_ts": 1758745814155, "arrival_ts": 1758745814155}
{"action": "send", "src": "NA-N46", "dst": "AF-N86", "hlc": {"phys": 1758745814904, "cnt": 0, "node": "NA-N46"}, "package_id": "PKG45814", "payload": {"status": "SENT"}, "sent_ts": 1758745814444, "arrival_ts": 1758745814444}
{"action": "send", "src": "NA-N46", "dst": "AF-N86", "hlc": {"phys": 1758745815204, "cnt": 0, "node": "NA-N46"}, "package_id": "PKG45814", "payload": {"status": "IN_TRANSIT"}, "sent_ts": 1758745814744, "arrival_ts": 1758745814744}
{"action": "send", "src": "NA-N46", "dst": "AF-N86", "hlc": {"phys": 1758745815458, "cnt": 0, "node": "NA-N46"}, "package_id": "PKG45814", "payload": {"status": "RECEIVED"}, "sent_ts": 1758745814998, "arrival_ts": 1758745814998}
{"action": "send", "src": "NA-N46", "dst": "AF-N86", "hlc": {"phys": 1758745815783, "cnt": 0, "node": "NA-N46"}, "package_id": "PKG45814", "payload": {"status": "DELIVERED"}, "sent_ts": 1758745815323, "arrival_ts": 1758745815323}
{"action": "recv", "src": "SA-N84", "dst": "NA-N46", "hlc": {"phys": 1758746179094, "cnt": 0, "node": "SA-N84"}, "package_id": "PKG46158", "payload": {"status": "CREATED"}, "sent_ts": 1758746158254, "arrival_ts": 1758746158287}
{"action": "recv", "src": "SA-N84", "dst": "NA-N46", "hlc": {"phys": 1758746179326, "cnt": 0, "node": "SA-N84"}, "package_id": "PKG46158", "payload": {"status": "SENT"}, "sent_ts": 1758746158486, "arrival_ts": 1758746158657}
{"action": "recv", "src": "SA-N84", "dst": "NA-N46", "hlc": {"phys": 1758746179712, "cnt": 0, "node": "SA-N84"}, "package_id": "PKG46158", "payload": {"status": "IN_TRANSIT"}, "sent_ts": 1758746158872, "arrival_ts": 1758746159065}
{"action": "recv", "src": "SA-N84", "dst": "NA-N46", "hlc": {"phys": 1758746180130, "cnt": 0, "node": "SA-N84"}, "package_id": "PKG46158", "payload": {"status": "RECEIVED"}, "sent_ts": 1758746159290, "arrival_ts": 1758746159408}
{"action": "recv", "src": "SA-N84", "dst": "NA-N46", "hlc": {"phys": 1758746180456, "cnt": 0, "node": "SA-N84"}, "package_id": "PKG46158", "payload": {"status": "DELIVERED"}, "sent_ts": 1758746159616, "arrival_ts": 1758746159640}
{"action": "recv", "src": "SA-N135", "dst": "NA-N46", "hlc": {"phys": 1758746305833, "cnt": 0, "node": "SA-N135"}, "package_id": "PKG46284", "payload": {"status": "CREATED"}, "sent_ts": 1758746284483, "arrival_ts": 1758746284538}
{"action": "recv", "src": "SA-N135", "dst": "NA-N46", "hlc": {"phys": 1758746306095, "cnt": 0, "node": "SA-N135"}, "package_id": "PKG46284", "payload": {"status": "SENT"}, "sent_ts": 1758746284745, "arrival_ts": 1758746284853}
{"action": "recv", "src": "SA-N135", "dst": "NA-N46", "hlc": {"phys": 1758746306421, "cnt": 0, "node": "SA-N135"}, "package_id": "PKG46284", "payload": {"status": "IN_TRANSIT"}, "sent_ts": 1758746285071, "arrival_ts": 1758746285250}
{"action": "recv", "src": "SA-N135", "dst": "NA-N46", "hlc": {"phys": 1758746306822, "cnt": 0, "node": "SA-N135"}, "package_id": "PKG46284", "payload": {"status": "RECEIVED"}, "sent_ts": 1758746285472, "arrival_ts": 1758746285532}
{"action": "recv", "src": "SA-N135", "dst": "NA-N46", "hlc": {"phys": 1758746307086, "cnt": 0, "node": "SA-N135"}, "package_id": "PKG46284", "payload": {"status": "DELIVERED"}, "sent_ts": 1758746285736, "arrival_ts": 1758746285878}
{"action": "send", "src": "NA-N46", "dst": "AU-N128", "hlc": {"phys": 1758746462469, "cnt": 0, "node": "NA-N46"}, "package_id": "PKG46462", "payload": {"status": "CREATED"}, "sent_ts": 1758746462009, "arrival_ts": 1758746462009}
{"action": "send", "src": "NA-N46", "dst": "AU-N128", "hlc": {"phys": 1758746462883, "cnt": 0, "node": "NA-N46"}, "package_id": "PKG46462", "payload": {"status": "SENT"}, "sent_ts": 1758746462423, "arrival_ts": 1758746462423}
{"action": "send", "src": "NA-N46", "dst": "AU-N128", "hlc": {"phys": 1758746463239, "cnt": 0, "node": "NA-N46"}, "package_id": "PKG46462", "payload": {"status": "IN_TRANSIT"}, "sent_ts": 1758746462779, "arrival_ts": 1758746462779}
{"action": "send", "src": "NA-N46", "dst": "AU-N128", "hlc": {"phys": 1758746463485, "cnt": 0, "node": "NA-N46"}, "package_id": "PKG46462", "payload": {"status": "RECEIVED"}, "sent_ts": 1758746463025, "arrival_ts": 1758746463025}
{"action": "send", "src": "NA-N46", "dst": "AU-N128", "hlc": {"phys": 1758746463773, "cnt": 0, "node": "NA-N46"}, "package_id": "PKG46462", "payload": {"status": "DELIVERED"}, "sent_ts": 1758746463313, "arrival_ts": 1758746463313}
{"action": "send", "src": "NA-N46", "dst": "AU-N183", "hlc": {"phys": 1758748453616, "cnt": 0, "node": "NA-N46"}, "package_id": "PKG48453", "payload": {"status": "CREATED"}, "sent_ts": 1758748453156, "arrival_ts": 1758748453156}
{"action": "send", "src": "NA-N46", "dst": "AU-N183", "hlc": {"phys": 1758748453904, "cnt": 0, "node": "NA-N46"}, "package_id": "PKG48453", "payload": {"status": "SENT"}, "sent_ts": 1758748453444, "arrival_ts": 1758748453444}
{"action": "send", "src": "NA-N46", "dst": "AU-N183", "hlc": {"phys": 1758748454127, "cnt": 0, "node": "NA-N46"}, "package_id": "PKG48453", "payload": {"status": "IN_TRANSIT"}, "sent_ts": 1758748453667, "arrival_ts": 1758748453667}
{"action": "send", "src": "NA-N46", "dst": "AU-N183", "hlc": {"phys": 1758748454342, "cnt": 0, "node": "NA-N46"}, "package_id": "PKG48453", "payload": {"status": "RECEIVED"}, "sent_ts": 1758748453882, "arrival_ts": 1758748453882}
{"action": "send", "src": "NA-N46", "dst": "AU-N183", "hlc": {"phys": 1758748454681, "cnt": 0, "node": "NA-N46"}, "package_id": "PKG48453", "payload": {"status": "DELIVERED"}, "sent_ts": 1758748454221, "arrival_ts": 1758748454222}
{"action": "send", "src": "NA-N46", "dst": "AN-N25", "hlc": {"phys": 1758748829516, "cnt": 0, "node": "NA-N46"}, "package_id": "PKG48829", "payload": {"status": "CREATED"}, "sent_ts": 1758748829056, "arrival_ts": 1758748829056}
{"action": "send", "src": "NA-N46", "dst": "AN-N25", "hlc": {"phys": 1758748829806, "cnt": 0, "node": "NA-N46"}, "package_id": "PKG48829", "payload": {"status": "SENT"}, "sent_ts": 1758748829346, "arrival_ts": 1758748829346}
{"action": "send", "src": "NA-N46", "dst": "AN-N25", "hlc": {"phys": 1758748830165, "cnt": 0, "node": "NA-N46"}, "package_id": "PKG48829", "payload": {"status": "IN_TRANSIT"}, "sent_ts": 1758748829705, "arrival_ts": 1758748829705}
{"action": "send", "src": "NA-N46", "dst": "AN-N25", "hlc": {"phys": 1758748830513, "cnt": 0, "node": "NA-N46"}, "package_id": "PKG48829", "payload": {"status": "RECEIVED"}, "sent_ts": 1758748830053, "arrival_ts": 1758748830053}
{"action": "send", "src": "NA-N46", "dst": "AN-N25", "hlc": {"phys": 1758748830882, "cnt": 0, "node": "NA-N46"}, "package_id": "PKG48829", "payload": {"status": "DELIVERED"}, "sent_ts": 1758748830422, "arrival_ts": 1758748830422}
{"action": "recv", "src": "AF-N193", "dst": "NA-N46", "hlc": {"phys": 1758751879729, "cnt": 0, "node": "AF-N193"}, "package_id": "PKG51862", "payload": {"status": "CREATED"}, "sent_ts": 1758751862799, "arrival_ts": 1758751862863}
{"action": "recv", "src": "AF-N193", "dst": "NA-N46", "hlc": {"phys": 1758751880003, "cnt": 0, "node": "AF-N193"}, "package_id": "PKG51862", "payload": {"status": "SENT"}, "sent_ts": 1758751863073, "arrival_ts": 1758751863238}
{"action": "recv", "src": "AF-N193", "dst": "NA-N46", "hlc": {"phys": 1758751881521, "cnt": 0, "node": "AF-N193"}, "package_id": "PKG51862", "payload": {"status": "IN_TRANSIT"}, "sent_ts": 1758751864591, "arrival_ts": 1758751864656}
{"action": "recv", "src": "AF-N193", "dst": "NA-N46", "hlc": {"phys": 1758751881800, "cnt": 0, "node": "AF-N193"}, "package_id": "PKG51862", "payload": {"status": "RECEIVED"}, "sent_ts": 1758751864870, "arrival_ts": 1758751864924}
{"action": "recv", "src": "AF-N193", "dst": "NA-N46", "hlc": {"phys": 1758751882063, "cnt": 0, "node": "AF-N193"}, "package_id": "PKG51862", "payload": {"status": "DELIVERED"}, "sent_ts": 1758751865133, "arrival_ts": 1758751865169}
{"action": "recv", "src": "NA-N6", "dst": "NA-N46", "hlc": {"phys": 1758755049341, "cnt": 0, "node": "NA-N6"}, "package_id": "PKG55049", "payload": {"status": "CREATED"}, "sent_ts": 1758755049281, "arrival_ts": 1758755049316}
{"action": "recv", "src": "NA-N6", "dst": "NA-N46", "hlc": {"phys": 1758755049583, "cnt": 0, "node": "NA-N6"}, "package_id": "PKG55049", "payload": {"status": "SENT"}, "sent_ts": 1758755049523, "arrival_ts": 1758755049642}
{"action": "recv", "src": "NA-N6", "dst": "NA-N46", "hlc": {"phys": 1758755049919, "cnt": 0, "node": "NA-N6"}, "package_id": "PKG55049", "payload": {"status": "IN_TRANSIT"}, "sent_ts": 1758755049859, "arrival_ts": 1758755049921}
{"action": "recv", "src": "NA-N6", "dst": "NA-N46", "hlc": {"phys": 1758755050175, "cnt": 0, "node": "NA-N6"}, "package_id": "PKG55049", "payload": {"status": "RECEIVED"}, "sent_ts": 1758755050115, "arrival_ts": 1758755050183}
{"action": "recv", "src": "NA-N6", "dst": "NA-N46", "hlc": {"phys": 1758755050459, "cnt": 0, "node": "NA-N6"}, "package_id": "PKG55049", "payload": {"status": "DELIVERED"}, "sent_ts": 1758755050399, "arrival_ts": 1758755050591}
{"action": "send", "src": "NA-N46", "dst": "AS-N102", "hlc": {"phys": 1758756710020, "cnt": 0, "node": "NA-N46"}, "package_id": "PKG56709", "payload": {"status": "CREATED"}, "sent_ts": 1758756709560, "arrival_ts": 1758756709560}
{"action": "send", "src": "NA-N46", "dst": "AS-N102", "hlc": {"phys": 1758756710279, "cnt": 0, "node": "NA-N46"}, "package_id": "PKG56709", "payload": {"status": "SENT"}, "sent_ts": 1758756709819, "arrival_ts": 1758756709819}
{"action": "send", "src": "NA-N46", "dst": "AS-N102", "hlc": {"phys": 1758756710604, "cnt": 0, "node": "NA-N46"}, "package_id": "PKG56709", "payload": {"status": "IN_TRANSIT"}, "sent_ts": 1758756710144, "arrival_ts": 1758756710144}
{"action": "send", "src": "NA-N46", "dst": "AS-N102", "hlc": {"phys": 1758756710893, "cnt": 0, "node": "NA-N46"}, "package_id": "PKG56709", "payload": {"status": "RECEIVED"}, "sent_ts": 1758756710433, "arrival_ts": 1758756710433}
{"action": "send", "src": "NA-N46", "dst": "AS-N102", "hlc": {"phys": 1758756711246, "cnt": 0, "node": "NA-N46"}, "package_id": "PKG56709", "payload": {"status": "DELIVERED"}, "sent_ts": 1758756710786, "arrival_ts": 1758756710786}
{"action": "recv", "src": "AF-N168", "dst": "NA-N46", "hlc": {"phys": 1758758232722, "cnt": 0, "node": "AF-N168"}, "package_id": "PKG58216", "payload": {"status": "CREATED"}, "sent_ts": 1758758216042, "arrival_ts": 1758758216174}
{"action": "recv", "src": "AF-N168", "dst": "NA-N46", "hlc": {"phys": 1758758233067, "cnt": 0, "node": "AF-N168"}, "package_id": "PKG58216", "payload": {"status": "SENT"}, "sent_ts": 1758758216387, "arrival_ts": 1758758216425}
{"action": "recv", "src": "AF-N168", "dst": "NA-N46", "hlc": {"phys": 1758758233310, "cnt": 0, "node": "AF-N168"}, "package_id": "PKG58216", "payload": {"status": "IN_TRANSIT"}, "sent_ts": 1758758216630, "arrival_ts": 1758758216693}
{"action": "recv", "src": "AF-N168", "dst": "NA-N46", "hlc": {"phys": 1758758233578, "cnt": 0, "node": "AF-N168"}, "package_id": "PKG58216", "payload": {"status": "RECEIVED"}, "sent_ts": 1758758216898, "arrival_ts": 1758758216914}
{"action": "recv", "src": "AF-N168", "dst": "NA-N46", "hlc": {"phys": 1758758233813, "cnt": 0, "node": "AF-N168"}, "package_id": "PKG58216", "payload": {"status": "DELIVERED"}, "sent_ts": 1758758217133, "arrival_ts": 1758758217157}
{"action": "recv", "src": "AN-N156", "dst": "NA-N46", "hlc": {"phys": 1758761825607, "cnt": 0, "node": "AN-N156"}, "package_id": "PKG61794", "payload": {"status": "CREATED"}, "sent_ts": 1758761794047, "arrival_ts": 1758761794207}
{"action": "recv", "src": "AN-N156", "dst": "NA-N46", "hlc": {"phys": 1758761825979, "cnt": 0, "node": "AN-N156"}, "package_id": "PKG61794", "payload": {"status": "SENT"}, "sent_ts": 1758761794419, "arrival_ts": 1758761794601}
{"action": "recv", "src": "AN-N156", "dst": "NA-N46", "hlc": {"phys": 1758761826378, "cnt": 0, "node": "AN-N156"}, "package_id": "PKG61794", "payload": {"status": "IN_TRANSIT"}, "sent_ts": 1758761794818, "arrival_ts": 1758761794996}
{"action": "recv", "src": "AN-N156", "dst": "NA-N46", "hlc": {"phys": 1758761826751, "cnt": 0, "node": "AN-N156"}, "package_id": "PKG61794", "payload": {"status": "RECEIVED"}, "sent_ts": 1758761795191, "arrival_ts": 1758761795286}
{"action": "recv", "src": "AN-N156", "dst": "NA-N46", "hlc": {"phys": 1758761827062, "cnt": 0, "node": "AN-N156"}, "package_id": "PKG61794", "payload": {"status": "DELIVERED"}, "sent_ts": 1758761795502, "arrival_ts": 1758761795516}
{"action": "recv", "src": "NA-N112", "dst": "NA-N46", "hlc": {"phys": 1758764170152, "cnt": 0, "node": "NA-N112"}, "package_id": "PKG64169", "payload": {"status": "CREATED"}, "sent_ts": 1758764169032, "arrival_ts": 1758764169080}
{"action": "recv", "src": "NA-N112", "dst": "NA-N46", "hlc": {"phys": 1758764170401, "cnt": 0, "node": "NA-N112"}, "package_id": "PKG64169", "payload": {"status": "SENT"}, "sent_ts": 1758764169281, "arrival_ts": 1758764169478}
{"action": "recv", "src": "NA-N112", "dst": "NA-N46", "hlc": {"phys": 1758764170799, "cnt": 0, "node": "NA-N112"}, "package_id": "PKG64169", "payload": {"status": "IN_TRANSIT"}, "sent_ts": 1758764169679, "arrival_ts": 1758764169727}
{"action": "recv", "src": "NA-N112", "dst": "NA-N46", "hlc": {"phys": 1758764171050, "cnt": 0, "node": "NA-N112"}, "package_id": "PKG64169", "payload": {"status": "RECEIVED"}, "sent_ts": 1758764169930, "arrival_ts": 1758764170121}
{"action": "recv", "src": "NA-N112", "dst": "NA-N46", "hlc": {"phys": 1758764171442, "cnt": 0, "node": "NA-N112"}, "package_id": "PKG64169", "payload": {"status": "DELIVERED"}, "sent_ts": 1758764170322, "arrival_ts": 1758764170477}
{"action": "recv", "src": "AS-N199", "dst": "NA-N46", "hlc": {"phys": 1758799997930, "cnt": 0, "node": "AS-N199"}, "package_id": "PKG99985", "payload": {"status": "CREATED"}, "sent_ts": 1758799985940, "arrival_ts": 1758799986014}
{"action": "recv", "src": "AS-N199", "dst": "NA-N46", "hlc": {"phys": 1758799998219, "cnt": 0, "node": "AS-N199"}, "package_id": "PKG99985", "payload": {"status": "SENT"}, "sent_ts": 1758799986229, "arrival_ts": 1758799986330}
{"action": "recv", "src": "AS-N199", "dst": "NA-N46", "hlc": {"phys": 1758799998536, "cnt": 0, "node": "AS-N199"}, "package_id": "PKG99985", "payload": {"status": "IN_TRANSIT"}, "sent_ts": 1758799986546, "arrival_ts": 1758799986701}
{"action": "recv", "src": "AS-N199", "dst": "NA-N46", "hlc": {"phys": 1758799998886, "cnt": 0, "node": "AS-N199"}, "package_id": "PKG99985", "payload": {"status": "RECEIVED"}, "sent_ts": 1758799986896, "arrival_ts": 1758799986988}
{"action": "recv", "src": "AS-N199", "dst": "NA-N46", "hlc": {"phys": 1758799999190, "cnt": 0, "node": "AS-N199"}, "package_id": "PKG99985", "payload": {"status": "DELIVERED"}, "sent_ts": 1758799987200, "arrival_ts": 1758799987334}
{"action": "send", "src": "NA-N46", "dst": "AU-N8", "hlc": {"phys": 1758799999190, "cnt": 1, "node": "NA-N46"}, "package_id": "PKG99993", "payload": {"status": "CREATED"}, "sent_ts": 1758799993858, "arrival_ts": 1758799993858}
{"action": "send", "src": "NA-N46", "dst": "AU-N8", "hlc": {"phys": 1758799999190, "cnt": 2, "node": "NA-N46"}, "package_id": "PKG99993", "payload": {"status": "SENT"}, "sent_ts": 1758799994146, "arrival_ts": 1758799994146}
{"action": "send", "src": "NA-N46", "dst": "AU-N8", "hlc": {"phys": 1758799999190, "cnt": 3, "node": "NA-N46"}, "package_id": "PKG99993", "payload": {"status": "IN_TRANSIT"}, "sent_ts": 1758799994538, "arrival_ts": 1758799994538}
{"action": "send", "src": "NA-N46", "dst": "AU-N8", "hlc": {"phys": 1758799999190, "cnt": 4, "node": "NA-N46"}, "package_id": "PKG99993", "payload": {"status": "RECEIVED"}, "sent_ts": 1758799994934, "arrival_ts": 1758799994934}
{"action": "send", "src": "NA-N46", "dst": "AU-N8", "hlc": {"phys": 1758799999190, "cnt": 5, "node": "NA-N46"}, "package_id": "PKG99993", "payload": {"status": "DELIVERED"}, "sent_ts": 1758799995340, "arrival_ts": 1758799995340}
{"action": "send", "src": "NA-N46", "dst": "EU-N187", "hlc": {"phys": 1758801105070, "cnt": 0, "node": "NA-N46"}, "package_id": "PKG1104", "payload": {"status": "CREATED"}, "sent_ts": 1758801104610, "arrival_ts": 1758801104610}
{"action": "send", "src": "NA-N46", "dst": "EU-N187", "hlc": {"phys": 1758801105332, "cnt": 0, "node": "NA-N46"}, "package_id": "PKG1104", "payload": {"status": "SENT"}, "sent_ts": 1758801104872, "arrival_ts": 1758801104872}
{"action": "send", "src": "NA-N46", "dst": "EU-N187", "hlc": {"phys": 1758801105596, "cnt": 0, "node": "NA-N46"}, "package_id": "PKG1104", "payload": {"status": "IN_TRANSIT"}, "sent_ts": 1758801105136, "arrival_ts": 1758801105136}
{"action": "send", "src": "NA-N46", "dst": "EU-N187", "hlc": {"phys": 1758801105903, "cnt": 0, "node": "NA-N46"}, "package_id": "PKG1104", "payload": {"status": "RECEIVED"}, "sent_ts": 1758801105443, "arrival_ts": 1758801105443}
{"action": "send", "src": "NA-N46", "dst": "EU-N187", "hlc": {"phys": 1758801106228, "cnt": 0, "node": "NA-N46"}, "package_id": "PKG1104", "payload": {"status": "DELIVERED"}, "sent_ts": 1758801105768, "arrival_ts": 1758801105768}
{"action": "recv", "src": "AN-N35", "dst": "NA-N46", "hlc": {"phys": 1758804127662, "cnt": 0, "node": "AN-N35"}, "package_id": "PKG4097", "payload": {"status": "CREATED"}, "sent_ts": 1758804097312, "arrival_ts": 1758804097352}
{"action": "recv", "src": "AN-N35", "dst": "NA-N46", "hlc": {"phys": 1758804127910, "cnt": 0, "node": "AN-N35"}, "package_id": "PKG4097", "payload": {"status": "SENT"}, "sent_ts": 1758804097560, "arrival_ts": 1758804097648}
{"action": "recv", "src": "AN-N35", "dst": "NA-N46", "hlc": {"phys": 1758804128200, "cnt": 0, "node": "AN-N35"}, "package_id": "PKG4097", "payload": {"status": "IN_TRANSIT"}, "sent_ts": 1758804097850, "arrival_ts": 1758804097888}
{"action": "recv", "src": "AN-N35", "dst": "NA-N46", "hlc": {"phys": 1758804128445, "cnt": 0, "node": "AN-N35"}, "package_id": "PKG4097", "payload": {"status": "RECEIVED"}, "sent_ts": 1758804098095, "arrival_ts": 1758804098230}
{"action": "recv", "src": "AN-N35", "dst": "NA-N46", "hlc": {"phys": 1758804128781, "cnt": 0, "node": "AN-N35"}, "package_id": "PKG4097", "payload": {"status": "DELIVERED"}, "sent_ts": 1758804098431, "arrival_ts": 1758804098614}
{"action": "recv", "src": "AF-N59", "dst": "NA-N46", "hlc": {"phys": 1758804735362, "cnt": 0, "node": "AF-N59"}, "package_id": "PKG4719", "payload": {"status": "CREATED"}, "sent_ts": 1758804719772, "arrival_ts": 1758804719795}
{"action": "recv", "src": "AF-N59", "dst": "NA-N46", "hlc": {"phys": 1758804735597, "cnt": 0, "node": "AF-N59"}, "package_id": "PKG4719", "payload": {"status": "SENT"}, "sent_ts": 1758804720007, "arrival_ts": 1758804720137}
{"action": "recv", "src": "AF-N59", "dst": "NA-N46", "hlc": {"phys": 1758804735938, "cnt": 0, "node": "AF-N59"}, "package_id": "PKG4719", "payload": {"status": "IN_TRANSIT"}, "sent_ts": 1758804720348, "arrival_ts": 1758804720365}
{"action": "recv", "src": "AF-N59", "dst": "NA-N46", "hlc": {"phys": 1758804736165, "cnt": 0, "node": "AF-N59"}, "package_id": "PKG4719", "payload": {"status": "RECEIVED"}, "sent_ts": 1758804720575, "arrival_ts": 1758804720623}
{"action": "recv", "src": "AF-N59", "dst": "NA-N46", "hlc": {"phys": 1758804736415, "cnt": 0, "node": "AF-N59"}, "package_id": "PKG4719", "payload": {"status": "DELIVERED"}, "sent_ts": 1758804720825, "arrival_ts": 1758804720857}
{"action": "recv", "src": "AS-N79", "dst": "NA-N46", "hlc": {"phys": 1758809898827, "cnt": 0, "node": "AS-N79"}, "package_id": "PKG9888", "payload": {"status": "CREATED"}, "sent_ts": 1758809888037, "arrival_ts": 1758809888219}
{"action": "recv", "src": "AS-N79", "dst": "NA-N46", "hlc": {"phys": 1758809899214, "cnt": 0, "node": "AS-N79"}, "package_id": "PKG9888", "payload": {"status": "SENT"}, "sent_ts": 1758809888424, "arrival_ts": 1758809888456}
{"action": "recv", "src": "AS-N79", "dst": "NA-N46", "hlc": {"phys": 1758809899462, "cnt": 0, "node": "AS-N79"}, "package_id": "PKG9888", "payload": {"status": "IN_TRANSIT"}, "sent_ts": 1758809888672, "arrival_ts": 1758809888821}
{"action": "recv", "src": "AS-N79", "dst": "NA-N46", "hlc": {"phys": 1758809899818, "cnt": 0, "node": "AS-N79"}, "package_id": "PKG9888", "payload": {"status": "RECEIVED"}, "sent_ts": 1758809889028, "arrival_ts": 1758809889152}
{"action": "recv", "src": "AS-N79", "dst": "NA-N46", "hlc": {"phys": 1758809900149, "cnt": 0, "node": "AS-N79"}, "package_id": "PKG9888", "payload": {"status": "DELIVERED"}, "sent_ts": 1758809889359, "arrival_ts": 1758809889548}
{"action": "send", "src": "NA-N46", "dst": "EU-N112", "hlc": {"phys": 1758810511519, "cnt": 0, "node": "NA-N46"}, "package_id": "PKG10511", "payload": {"status": "CREATED"}, "sent_ts": 1758810511059, "arrival_ts": 1758810511059}
{"action": "send", "src": "NA-N46", "dst": "EU-N112", "hlc": {"phys": 1758810511922, "cnt": 0, "node": "NA-N46"}, "package_id": "PKG10511", "payload": {"status": "SENT"}, "sent_ts": 1758810511462, "arrival_ts": 1758810511462}
{"action": "send", "src": "NA-N46", "dst": "EU-N112", "hlc": {"phys": 1758810512313, "cnt": 0, "node": "NA-N46"}, "package_id": "PKG10511", "payload": {"status": "IN_TRANSIT"}, "sent_ts": 1758810511853, "arrival_ts": 1758810511853}
{"action": "send", "src": "NA-N46", "dst": "EU-N112", "hlc": {"phys": 1758810512700, "cnt": 0, "node": "NA-N46"}, "package_id": "PKG10511", "payload": {"status": "RECEIVED"}, "sent_ts": 1758810512240, "arrival_ts": 1758810512240}
{"action": "send", "src": "NA-N46", "dst": "EU-N112", "hlc": {"phys": 1758810513089, "cnt": 0, "node": "NA-N46"}, "package_id": "PKG10511", "payload": {"status": "DELIVERED"}, "sent_ts": 1758810512629, "arrival_ts": 1758810512629}
{"action": "send", "src": "NA-N46", "dst": "EU-N197", "hlc": {"phys": 1758811762268, "cnt": 0, "node": "NA-N46"}, "package_id": "PKG11761", "payload": {"status": "CREATED"}, "sent_ts": 1758811761808, "arrival_ts": 1758811761808}
{"action": "send", "src": "NA-N46", "dst": "EU-N197", "hlc": {"phys": 1758811762574, "cnt": 0, "node": "NA-N46"}, "package_id": "PKG11761", "payload": {"status": "SENT"}, "sent_ts": 1758811762114, "arrival_ts": 1758811762114}
{"action": "send", "src": "NA-N46", "dst": "EU-N197", "hlc": {"phys": 1758811762825, "cnt": 0, "node": "NA-N46"}, "package_id": "PKG11761", "payload": {"status": "IN_TRANSIT"}, "sent_ts": 1758811762365, "arrival_ts": 1758811762365}
{"action": "send", "src": "NA-N46", "dst": "EU-N197", "hlc": {"phys": 1758811763149, "cnt": 0, "node": "NA-N46"}, "package_id": "PKG11761", "payload": {"status": "RECEIVED"}, "sent_ts": 1758811762689, "arrival_ts": 1758811762689}
{"action": "send", "src": "NA-N46", "dst": "EU-N197", "hlc": {"phys": 1758811763383, "cnt": 0, "node": "NA-N46"}, "package_id": "PKG11761", "payload": {"status": "DELIVERED"}, "sent_ts": 1758811762923, "arrival_ts": 1758811762923}
{"action": "recv", "src": "AU-N62", "dst": "NA-N46", "hlc": {"phys": 1758813977192, "cnt": 0, "node": "AU-N62"}, "package_id": "PKG13951", "payload": {"status": "CREATED"}, "sent_ts": 1758813951572, "arrival_ts": 1758813951645}
{"action": "recv", "src": "AU-N62", "dst": "NA-N46", "hlc": {"phys": 1758813977473, "cnt": 0, "node": "AU-N62"}, "package_id": "PKG13951", "payload": {"status": "SENT"}, "sent_ts": 1758813951853, "arrival_ts": 1758813952041}
{"action": "recv", "src": "AU-N62", "dst": "NA-N46", "hlc": {"phys": 1758813977858, "cnt": 0, "node": "AU-N62"}, "package_id": "PKG13951", "payload": {"status": "IN_TRANSIT"}, "sent_ts": 1758813952238, "arrival_ts": 1758813952356}
{"action": "recv", "src": "AU-N62", "dst": "NA-N46", "hlc": {"phys": 1758813978181, "cnt": 0, "node": "AU-N62"}, "package_id": "PKG13951", "payload": {"status": "RECEIVED"}, "sent_ts": 1758813952561, "arrival_ts": 1758813952688}
{"action": "recv", "src": "AU-N62", "dst": "NA-N46", "hlc": {"phys": 1758813978523, "cnt": 0, "node": "AU-N62"}, "package_id": "PKG13951", "payload": {"status": "DELIVERED"}, "sent_ts": 1758813952903, "arrival_ts": 1758813953004}
{"action": "recv", "src": "NA-N61", "dst": "NA-N46", "hlc": {"phys": 1758814028367, "cnt": 0, "node": "NA-N61"}, "package_id": "PKG14027", "payload": {"status": "CREATED"}, "sent_ts": 1758814027757, "arrival_ts": 1758814027908}
{"action": "recv", "src": "NA-N61", "dst": "NA-N46", "hlc": {"phys": 1758814028725, "cnt": 0, "node": "NA-N61"}, "package_id": "PKG14027", "payload": {"status": "SENT"}, "sent_ts": 1758814028115, "arrival_ts": 1758814028303}
{"action": "recv", "src": "NA-N61", "dst": "NA-N46", "hlc": {"phys": 1758814029112, "cnt": 0, "node": "NA-N61"}, "package_id": "PKG14027", "payload": {"status": "IN_TRANSIT"}, "sent_ts": 1758814028502, "arrival_ts": 1758814028700}
{"action": "recv", "src": "NA-N61", "dst": "NA-N46", "hlc": {"phys": 1758814029515, "cnt": 0, "node": "NA-N61"}, "package_id": "PKG14027", "payload": {"status": "RECEIVED"}, "sent_ts": 1758814028905, "arrival_ts": 1758814029015}
{"action": "recv", "src": "NA-N61", "dst": "NA-N46", "hlc": {"phys": 1758814029824, "cnt": 0, "node": "NA-N61"}, "package_id": "PKG14027", "payload": {"status": "DELIVERED"}, "sent_ts": 1758814029214, "arrival_ts": 1758814029376}
{"action": "send", "src": "NA-N46", "dst": "AS-N115", "hlc": {"phys": 1758814778835, "cnt": 0, "node": "NA-N46"}, "package_id": "PKG14778", "payload": {"status": "CREATED"}, "sent_ts": 1758814778375, "arrival_ts": 1758814778375}
{"action": "send", "src": "NA-N46", "dst": "AS-N115", "hlc": {"phys": 1758814779238, "cnt": 0, "node": "NA-N46"}, "package_id": "PKG14778", "payload": {"status": "SENT"}, "sent_ts": 1758814778778, "arrival_ts": 1758814778778}
{"action": "send", "src": "NA-N46", "dst": "AS-N115", "hlc": {"phys": 1758814779547, "cnt": 0, "node": "NA-N46"}, "package_id": "PKG14778", "payload": {"status": "IN_TRANSIT"}, "sent_ts": 1758814779087, "arrival_ts": 1758814779087}
{"action": "send", "src": "NA-N46", "dst": "AS-N115", "hlc": {"phys": 1758814779936, "cnt": 0, "node": "NA-N46"}, "package_id": "PKG14778", "payload": {"status": "RECEIVED"}, "sent_ts": 1758814779476, "arrival_ts": 1758814779476}
{"action": "send", "src": "NA-N46", "dst": "AS-N115", "hlc": {"phys": 1758814780184, "cnt": 0, "node": "NA-N46"}, "package_id": "PKG14778", "payload": {"status": "DELIVERED"}, "sent_ts": 1758814779724, "arrival_ts": 1758814779724}
{"action": "recv", "src": "AU-N129", "dst": "NA-N46", "hlc": {"phys": 1758815443660, "cnt": 0, "node": "AU-N129"}, "package_id": "PKG15417", "payload": {"status": "CREATED"}, "sent_ts": 1758815417370, "arrival_ts": 1758815417488}
{"action": "recv", "src": "AU-N129", "dst": "NA-N46", "hlc": {"phys": 1758815443998, "cnt": 0, "node": "AU-N129"}, "package_id": "PKG15417", "payload": {"status": "SENT"}, "sent_ts": 1758815417708, "arrival_ts": 1758815417881}
{"action": "recv", "src": "AU-N129", "dst": "NA-N46", "hlc": {"phys": 1758815444370, "cnt": 0, "node": "AU-N129"}, "package_id": "PKG15417", "payload": {"status": "IN_TRANSIT"}, "sent_ts": 1758815418080, "arrival_ts": 1758815418143}
{"action": "recv", "src": "AU-N129", "dst": "NA-N46", "hlc": {"phys": 1758815444646, "cnt": 0, "node": "AU-N129"}, "package_id": "PKG15417", "payload": {"status": "RECEIVED"}, "sent_ts": 1758815418356, "arrival_ts": 1758815418551}
{"action": "recv", "src": "AU-N129", "dst": "NA-N46", "hlc": {"phys": 1758815445052, "cnt": 0, "node": "AU-N129"}, "package_id": "PKG15417", "payload": {"status": "DELIVERED"}, "sent_ts": 1758815418762, "arrival_ts": 1758815418775}
{"action": "send", "src": "NA-N46", "dst": "EU-N57", "hlc": {"phys": 1758816822803, "cnt": 0, "node": "NA-N46"}, "package_id": "PKG16822", "payload": {"status": "CREATED"}, "sent_ts": 1758816822343, "arrival_ts": 1758816822343}
{"action": "send", "src": "NA-N46", "dst": "EU-N57", "hlc": {"phys": 1758816823159, "cnt": 0, "node": "NA-N46"}, "package_id": "PKG16822", "payload": {"status": "SENT"}, "sent_ts": 1758816822699, "arrival_ts": 1758816822699}
{"action": "send", "src": "NA-N46", "dst": "EU-N57", "hlc": {"phys": 1758816823438, "cnt": 0, "node": "NA-N46"}, "package_id": "PKG16822", "payload": {"status": "IN_TRANSIT"}, "sent_ts": 1758816822978, "arrival_ts": 1758816822978}
{"action": "send", "src": "NA-N46", "dst": "EU-N57", "hlc": {"phys": 1758816823766, "cnt": 0, "node": "NA-N46"}, "package_id": "PKG16822", "payload": {"status": "RECEIVED"}, "sent_ts": 1758816823306, "arrival_ts": 1758816823306}
{"action": "send", "src": "NA-N46", "dst": "EU-N57", "hlc": {"phys": 1758816823986, "cnt": 0, "node": "NA-N46"}, "package_id": "PKG16822", "payload": {"status": "DELIVERED"}, "sent_ts": 1758816823526, "arrival_ts": 1758816823526}
