{"action": "recv", "src": "AF-N103", "dst": "NA-N194", "hlc": {"phys": 1758719029026, "cnt": 0, "node": "AF-N103"}, "package_id": "PKG19012", "payload": {"status": "CREATED"}, "sent_ts": 1758719012996, "arrival_ts": 1758719013045}
{"action": "recv", "src": "AF-N103", "dst": "NA-N194", "hlc": {"phys": 1758719029286, "cnt": 0, "node": "AF-N103"}, "package_id": "PKG19012", "payload": {"status": "SENT"}, "sent_ts": 1758719013256, "arrival_ts": 1758719013300}
{"action": "recv", "src": "AF-N103", "dst": "NA-N194", "hlc": {"phys": 1758719029535, "cnt": 0, "node": "AF-N103"}, "package_id": "PKG19012", "payload": {"status": "IN_TRANSIT"}, "sent_ts": 1758719013505, "arrival_ts": 1758719013611}
{"action": "recv", "src": "AF-N103", "dst": "NA-N194", "hlc": {"phys": 1758719029852, "cnt": 0, "node": "AF-N103"}, "package_id": "PKG19012", "payload": {"status": "RECEIVED"}, "sent_ts": 1758719013822, "arrival_ts": 1758719013915}
{"action": "recv", "src": "AF-N103", "dst": "NA-N194", "hlc": {"phys": 1758719030154, "cnt": 0, "node": "AF-N103"}, "package_id": "PKG19012", "payload": {"status": "DELIVERED"}, "sent_ts": 1758719014124, "arrival_ts": 1758719014264}
{"action": "send", "src": "NA-N194", "dst": "AF-N97", "hlc": {"phys": 1758739001595, "cnt": 0, "node": "NA-N194"}, "package_id": "PKG38999", "payload": {"status": "CREATED"}, "sent_ts": 1758738999655, "arrival_ts": 1758738999655}
{"action": "send", "src": "NA-N194", "dst": "AF-N97", "hlc": {"phys": 1758739001932, "cnt": 0, "node": "NA-N194"}, "package_id": "PKG38999", "payload": {"status": "SENT"}, "sent_ts": 1758738999992, "arrival_ts": 1758738999992}
{"action": "send", "src": "NA-N194", "dst": "AF-N97", "hlc": {"phys": 1758739002234, "cnt": 0, "node": "NA-N194"}, "package_id": "PKG38999", "payload": {"status": "IN_TRANSIT"}, "sent_ts": 1758739000294, "arrival_ts": 1758739000294}
{"action": "send", "src": "NA-N194", "dst": "AF-N97", "hlc": {"phys": 1758739002530, "cnt": 0, "node": "NA-N194"}, "package_id": "PKG38999", "payload": {"status": "RECEIVED"}, "sent_ts": 1758739000590, "arrival_ts": 1758739000590}
{"action": "send", "src": "NA-N194", "dst": "AF-N97", "hlc": {"phys": 1758739002790, "cnt": 0, "node": "NA-N194"}, "package_id": "PKG38999", "payload": {"status": "DELIVERED"}, "sent_ts": 1758739000850, "arrival_ts": 1758739000850}
{"action": "recv", "src": "AS-N70", "dst": "NA-N194", "hlc": {"phys": 1758739825580, "cnt": 0, "node": "AS-N70"}, "package_id": "PKG39814", "payload": {"status": "CREATED"}, "sent_ts": 1758739814880, "arrival_ts": 1758739815077}
{"action": "recv", "src": "AS-N70", "dst": "NA-N194", "hlc": {"phys": 1758739825997, "cnt": 0, "node": "AS-N70"}, "package_id": "PKG39814", "payload": {"status": "SENT"}, "sent_ts": 1758739815297, "arrival_ts": 1758739815383}
{"action": "recv", "src": "AS-N70", "dst": "NA-N194", "hlc": {"phys": 1758739826288, "cnt": 0, "node": "AS-N70"}, "package_id": "PKG39814", "payload": {"status": "IN_TRANSIT"}, "sent_ts": 1758739815588, "arrival_ts": 1758739815604}
{"action": "recv", "src": "AS-N70", "dst": "NA-N194", "hlc": {"phys": 1758739826503, "cnt": 0, "node": "AS-N70"}, "package_id": "PKG39814", "payload": {"status": "RECEIVED"}, "sent_ts": 1758739815803, "arrival_ts": 1758739815980}
{"action": "recv", "src": "AS-N70", "dst": "NA-N194", "hlc": {"phys": 1758739826898, "cnt": 0, "node": "AS-N70"}, "package_id": "PKG39814", "payload": {"status": "DELIVERED"}, "sent_ts": 1758739816198, "arrival_ts": 1758739816294}
{"action": "recv", "src": "AF-N121", "dst": "NA-N194", "hlc": {"phys": 1758742949981, "cnt": 0, "node": "AF-N121"}, "package_id": "PKG42933", "payload": {"status": "CREATED"}, "sent_ts": 1758742933771, "arrival_ts": 1758742933833}
{"action": "recv", "src": "AF-N121", "dst": "NA-N194", "hlc": {"phys": 1758742950258, "cnt": 0, "node": "AF-N121"}, "package_id": "PKG42933", "payload": {"status": "SENT"}, "sent_ts": 1758742934048, "arrival_ts": 1758742934082}
{"action": "recv", "src": "AF-N121", "dst": "NA-N194", "hlc": {"phys": 1758742950505, "cnt": 0, "node": "AF-N121"}, "package_id": "PKG42933", "payload": {"status": "IN_TRANSIT"}, "sent_ts": 1758742934295, "arrival_ts": 1758742934409}
{"action": "recv", "src": "AF-N121", "dst": "NA-N194", "hlc": {"phys": 1758742950819, "cnt": 0, "node": "AF-N121"}, "package_id": "PKG42933", "payload": {"status": "RECEIVED"}, "sent_ts": 1758742934609, "arrival_ts": 1758742934731}
{"action": "recv", "src": "AF-N121", "dst": "NA-N194", "hlc": {"phys": 1758742951139, "cnt": 0, "node": "AF-N121"}, "package_id": "PKG42933", "payload": {"status": "DELIVERED"}, "sent_ts": 1758742934929, "arrival_ts": 1758742935090}
{"action": "recv", "src": "SA-N166", "dst": "NA-N194", "hlc": {"phys": 1758743661785, "cnt": 0, "node": "SA-N166"}, "package_id": "PKG43640", "payload": {"status": "CREATED"}, "sent_ts": 1758743640125, "arrival_ts": 1758743640228}
{"action": "recv", "src": "SA-N166", "dst": "NA-N194", "hlc": {"phys": 1758743662094, "cnt": 0, "node": "SA-N166"}, "package_id": "PKG43640", "payload": {"status": "SENT"}, "sent_ts": 1758743640434, "arrival_ts": 1758743640548}
{"action": "recv", "src": "SA-N166", "dst": "NA-N194", "hlc": {"phys": 1758743662418, "cnt": 0, "node": "SA-N166"}, "package_id": "PKG43640", "payload": {"status": "IN_TRANSIT"}, "sent_ts": 1758743640758, "arrival_ts": 1758743640949}
{"action": "recv", "src": "SA-N166", "dst": "NA-N194", "hlc": {"phys": 1758743662804, "cnt": 0, "node": "SA-N166"}, "package_id": "PKG43640", "payload": {"status": "RECEIVED"}, "sent_ts": 1758743641144, "arrival_ts": 1758743641155}
{"action": "recv", "src": "SA-N166", "dst": "NA-N194", "hlc": {"phys": 1758743663022, "cnt": 0, "node": "SA-N166"}, "package_id": "PKG43640", "payload": {"status": "DELIVERED"}, "sent_ts": 1758743641362, "arrival_ts": 1758743641403}
{"action": "send", "src": "NA-N194", "dst": "EU-N67", "hlc": {"phys": 1758744598856, "cnt": 0, "node": "NA-N194"}, "package_id": "PKG44596", "payload": {"status": "CREATED"}, "sent_ts": 1758744596916, "arrival_ts": 1758744596916}
{"action": "send", "src": "NA-N194", "dst": "EU-N67", "hlc": {"phys": 1758744599196, "cnt": 0, "node": "NA-N194"}, "package_id": "PKG44596", "payload": {"status": "SENT"}, "sent_ts": 1758744597256, "arrival_ts": 1758744597256}
{"action": "send", "src": "NA-N194", "dst": "EU-N67", "hlc": {"phys": 1758744599491, "cnt": 0, "node": "NA-N194"}, "package_id": "PKG44596", "payload": {"status": "IN_TRANSIT"}, "sent_ts": 1758744597551, "arrival_ts": 1758744597551}
{"action": "send", "src": "NA-N194", "dst": "EU-N67", "hlc": {"phys": 1758744599801, "cnt": 0, "node": "NA-N194"}, "package_id": "PKG44596", "payload": {"status": "RECEIVED"}, "sent_ts": 1758744597861, "arrival_ts": 1758744597861}
{"action": "send", "src": "NA-N194", "dst": "EU-N67", "hlc": {"phys": 1758744600127, "cnt": 0, "node": "NA-N194"}, "package_id": "PKG44596", "payload": {"status": "DELIVERED"}, "sent_ts": 1758744598187, "arrival_ts": 1758744598187}
{"action": "send", "src": "NA-N194", "dst": "AS-N107", "hlc": {"phys": 1758745718996, "cnt": 0, "node": "NA-N194"}, "package_id": "PKG45717", "payload": {"status": "CREATED"}, "sent_ts": 1758745717056, "arrival_ts": 1758745717056}
{"action": "send", "src": "NA-N194", "dst": "AS-N107", "hlc": {"phys": 1758745719297, "cnt": 0, "node": "NA-N194"}, "package_id": "PKG45717", "payload": {"status": "SENT"}, "sent_ts": 1758745717357, "arrival_ts": 1758745717357}
{"action": "send", "src": "NA-N194", "dst": "AS-N107", "hlc": {"phys": 1758745719668, "cnt": 0, "node": "NA-N194"}, "package_id": "PKG45717", "payload": {"status": "IN_TRANSIT"}, "sent_ts": 1758745717728, "arrival_ts": 1758745717728}
{"action": "send", "src": "NA-N194", "dst": "AS-N107", "hlc": {"phys": 1758745719915, "cnt": 0, "node": "NA-N194"}, "package_id": "PKG45717", "payload": {"status": "RECEIVED"}, "sent_ts": 1758745717975, "arrival_ts": 1758745717975}
{"action": "send", "src": "NA-N194", "dst": "AS-N107", "hlc": {"phys": 1758745720208, "cnt": 0, "node": "NA-N194"}, "package_id": "PKG45717", "payload": {"status": "DELIVERED"}, "sent_ts": 1758745718268, "arrival_ts": 1758745718268}
{"action": "recv", "src": "AF-N34", "dst": "NA-N194", "hlc": {"phys": 1758745758040, "cnt": 0, "node": "AF-N34"}, "package_id": "PKG45742", "payload": {"status": "CREATED"}, "sent_ts": 1758745742700, "arrival_ts": 1758745742831}
{"action": "recv", "src": "AF-N34", "dst": "NA-N194", "hlc": {"phys": 1758745758382, "cnt": 0, "node": "AF-N34"}, "package_id": "PKG45742", "payload": {"status": "SENT"}, "sent_ts": 1758745743042, "arrival_ts": 1758745743059}
{"action": "recv", "src": "AF-N34", "dst": "NA-N194", "hlc": {"phys": 1758745758598, "cnt": 0, "node": "AF-N34"}, "package_id": "PKG45742", "payload": {"status": "IN_TRANSIT"}, "sent_ts": 1758745743258, "arrival_ts": 1758745743372}
{"action": "recv", "src": "AF-N34", "dst": "NA-N194", "hlc": {"phys": 1758745758927, "cnt": 0, "node": "AF-N34"}, "package_id": "PKG45742", "payload": {"status": "RECEIVED"}, "sent_ts": 1758745743587, "arrival_ts": 1758745743651}
{"action": "recv", "src": "AF-N34", "dst": "NA-N194", "hlc": {"phys": 1758745759195, "cnt": 0, "node": "AF-N34"}, "package_id": "PKG45742", "payload": {"status": "DELIVERED"}, "sent_ts": 1758745743855, "arrival_ts": 1758745744016}
{"action": "send", "src": "NA-N194", "dst": "AU-N163", "hlc": {"phys": 1758747089677, "cnt": 0, "node": "NA-N194"}, "package_id": "PKG47087", "payload": {"status": "CREATED"}, "sent_ts": 1758747087737, "arrival_ts": 1758747087737}
{"action": "send", "src": "NA-N194", "dst": "AU-N163", "hlc": {"phys": 1758747090037, "cnt": 0, "node": "NA-N194"}, "package_id": "PKG47087", "payload": {"status": "SENT"}, "sent_ts": 1758747088097, "arrival_ts": 1758747088097}
{"action": "send", "src": "NA-N194", "dst": "AU-N163", "hlc": {"phys": 1758747090399, "cnt": 0, "node": "NA-N194"}, "package_id": "PKG47087", "payload": {"status": "IN_TRANSIT"}, "sent_ts": 1758747088459, "arrival_ts": 1758747088459}
{"action": "send", "src": "NA-N194", "dst": "AU-N163", "hlc": {"phys": 1758747090728, "cnt": 0, "node": "NA-N194"}, "package_id": "PKG47087", "payload": {"status": "RECEIVED"}, "sent_ts": 1758747088788, "arrival_ts": 1758747088788}
{"action": "send", "src": "NA-N194", "dst": "AU-N163", "hlc": {"phys": 1758747091010, "cnt": 0, "node": "NA-N194"}, "package_id": "PKG47087", "payload": {"status": "DELIVERED"}, "sent_ts": 1758747089070, "arrival_ts": 1758747089070}
{"action": "recv", "src": "AU-N100", "dst": "NA-N194", "hlc": {"phys": 1758747264388, "cnt": 0, "node": "AU-N100"}, "package_id": "PKG47238", "payload": {"status": "CREATED"}, "sent_ts": 1758747238388, "arrival_ts": 1758747238470}
{"action": "recv", "src": "AU-N100", "dst": "NA-N194", "hlc": {"phys": 1758747264677, "cnt": 0, "node": "AU-N100"}, "package_id": "PKG47238", "payload": {"status": "SENT"}, "sent_ts": 1758747238677, "arrival_ts": 1758747238847}
{"action": "recv", "src": "AU-N100", "dst": "NA-N194", "hlc": {"phys": 1758747265063, "cnt": 0, "node": "AU-N100"}, "package_id": "PKG47238", "payload": {"status": "IN_TRANSIT"}, "sent_ts": 1758747239063, "arrival_ts": 1758747239164}
{"action": "recv", "src": "AU-N100", "dst": "NA-N194", "hlc": {"phys": 1758747265377, "cnt": 0, "node": "AU-N100"}, "package_id": "PKG47238", "payload": {"status": "RECEIVED"}, "sent_ts": 1758747239377, "arrival_ts": 1758747239441}
{"action": "recv", "src": "AU-N100", "dst": "NA-N194", "hlc": {"phys": 1758747266807, "cnt": 0, "node": "AU-N100"}, "package_id": "PKG47238", "payload": {"status": "DELIVERED"}, "sent_ts": 1758747240807, "arrival_ts": 1758747240919}
{"action": "recv", "src": "AN-N182", "dst": "NA-N194", "hlc": {"phys": 1758748427132, "cnt": 0, "node": "AN-N182"}, "package_id": "PKG48395", "payload": {"status": "CREATED"}, "sent_ts": 1758748395312, "arrival_ts": 1758748395393}
{"action": "recv", "src": "AN-N182", "dst": "NA-N194", "hlc": {"phys": 1758748427415, "cnt": 0, "node": "AN-N182"}, "package_id": "PKG48395", "payload": {"status": "SENT"}, "sent_ts": 1758748395595, "arrival_ts": 1758748395785}
{"action": "recv", "src": "AN-N182", "dst": "NA-N194", "hlc": {"phys": 1758748427818, "cnt": 0, "node": "AN-N182"}, "package_id": "PKG48395", "payload": {"status": "IN_TRANSIT"}, "sent_ts": 1758748395998, "arrival_ts": 1758748396109}
{"action": "recv", "src": "AN-N182", "dst": "NA-N194", "hlc": {"phys": 1758748428145, "cnt": 0, "node": "AN-N182"}, "package_id": "PKG48395", "payload": {"status": "RECEIVED"}, "sent_ts": 1758748396325, "arrival_ts": 1758748396498}
{"action": "recv", "src": "AN-N182", "dst": "NA-N194", "hlc": {"phys": 1758748428531, "cnt": 0, "node": "AN-N182"}, "package_id": "PKG48395", "payload": {"status": "DELIVERED"}, "sent_ts": 1758748396711, "arrival_ts": 1758748396768}
{"action": "send", "src": "NA-N194", "dst": "AF-N179", "hlc": {"phys": 1758749973188, "cnt": 0, "node": "NA-N194"}, "package_id": "PKG49971", "payload": {"status": "CREATED"}, "sent_ts": 1758749971248, "arrival_ts": 1758749971248}
{"action": "send", "src": "NA-N194", "dst": "AF-N179", "hlc": {"phys": 1758749973529, "cnt": 0, "node": "NA-N194"}, "package_id": "PKG49971", "payload": {"status": "SENT"}, "sent_ts": 1758749971589, "arrival_ts": 1758749971589}
{"action": "send", "src": "NA-N194", "dst": "AF-N179", "hlc": {"phys": 1758749973853, "cnt": 0, "node": "NA-N194"}, "package_id": "PKG49971", "payload": {"status": "IN_TRANSIT"}, "sent_ts": 1758749971913, "arrival_ts": 1758749971913}
{"action": "send", "src": "NA-N194", "dst": "AF-N179", "hlc": {"phys": 1758749974131, "cnt": 0, "node": "NA-N194"}, "package_id": "PKG49971", "payload": {"status": "RECEIVED"}, "sent_ts": 1758749972191, "arrival_ts": 1758749972191}
{"action": "send", "src": "NA-N194", "dst": "AF-N179", "hlc": {"phys": 1758749974432, "cnt": 0, "node": "NA-N194"}, "package_id": "PKG49971", "payload": {"status": "DELIVERED"}, "sent_ts": 1758749972492, "arrival_ts": 1758749972492}
{"action": "recv", "src": "SA-N111", "dst": "NA-N194", "hlc": {"phys": 1758753732042, "cnt": 0, "node": "SA-N111"}, "package_id": "PKG53710", "payload": {"status": "CREATED"}, "sent_ts": 1758753710932, "arrival_ts": 1758753710992}
{"action": "recv", "src": "SA-N111", "dst": "NA-N194", "hlc": {"phys": 1758753732313, "cnt": 0, "node": "SA-N111"}, "package_id": "PKG53710", "payload": {"status": "SENT"}, "sent_ts": 1758753711203, "arrival_ts": 1758753711218}
{"action": "recv", "src": "SA-N111", "dst": "NA-N194", "hlc": {"phys": 1758753732544, "cnt": 0, "node": "SA-N111"}, "package_id": "PKG53710", "payload": {"status": "IN_TRANSIT"}, "sent_ts": 1758753711434, "arrival_ts": 1758753711617}
{"action": "recv", "src": "SA-N111", "dst": "NA-N194", "hlc": {"phys": 1758753732921, "cnt": 0, "node": "SA-N111"}, "package_id": "PKG53710", "payload": {"status": "RECEIVED"}, "sent_ts": 1758753711811, "arrival_ts": 1758753711854}
{"action": "recv", "src": "SA-N111", "dst": "NA-N194", "hlc": {"phys": 1758753733170, "cnt": 0, "node": "SA-N111"}, "package_id": "PKG53710", "payload": {"status": "DELIVERED"}, "sent_ts": 1758753712060, "arrival_ts": 1758753712084}
{"action": "send", "src": "NA-N194", "dst": "SA-N136", "hlc": {"phys": 1758756992065, "cnt": 0, "node": "NA-N194"}, "package_id": "PKG56990", "payload": {"status": "CREATED"}, "sent_ts": 1758756990125, "arrival_ts": 1758756990125}
{"action": "send", "src": "NA-N194", "dst": "SA-N136", "hlc": {"phys": 1758756992349, "cnt": 0, "node": "NA-N194"}, "package_id": "PKG56990", "payload": {"status": "SENT"}, "sent_ts": 1758756990409, "arrival_ts": 1758756990409}
{"action": "send", "src": "NA-N194", "dst": "SA-N136", "hlc": {"phys": 1758756992589, "cnt": 0, "node": "NA-N194"}, "package_id": "PKG56990", "payload": {"status": "IN_TRANSIT"}, "sent_ts": 1758756990649, "arrival_ts": 1758756990649}
{"action": "send", "src": "NA-N194", "dst": "SA-N136", "hlc": {"phys": 1758756992834, "cnt": 0, "node": "NA-N194"}, "package_id": "PKG56990", "payload": {"status": "RECEIVED"}, "sent_ts": 1758756990894, "arrival_ts": 1758756990894}
{"action": "send", "src": "NA-N194", "dst": "SA-N136", "hlc": {"phys": 1758756993205, "cnt": 0, "node": "NA-N194"}, "package_id": "PKG56990", "payload": {"status": "DELIVERED"}, "sent_ts": 1758756991265, "arrival_ts": 1758756991265}
{"action": "recv", "src": "AN-N22", "dst": "NA-N194", "hlc": {"phys": 1758757845118, "cnt": 0, "node": "AN-N22"}, "package_id": "PKG57814", "payload": {"status": "CREATED"}, "sent_ts": 1758757814898, "arrival_ts": 1758757814955}
{"action": "recv", "src": "AN-N22", "dst": "NA-N194", "hlc": {"phys": 1758757845400, "cnt": 0, "node": "AN-N22"}, "package_id": "PKG57814", "payload": {"status": "SENT"}, "sent_ts": 1758757815180, "arrival_ts": 1758757815285}
{"action": "recv", "src": "AN-N22", "dst": "NA-N194", "hlc": {"phys": 1758757845716, "cnt": 0, "node": "AN-N22"}, "package_id": "PKG57814", "payload": {"status": "IN_TRANSIT"}, "sent_ts": 1758757815496, "arrival_ts": 1758757815632}
{"action": "recv", "src": "AN-N22", "dst": "NA-N194", "hlc": {"phys": 1758757846054, "cnt": 0, "node": "AN-N22"}, "package_id": "PKG57814", "payload": {"status": "RECEIVED"}, "sent_ts": 1758757815834, "arrival_ts": 1758757815873}
{"action": "recv", "src": "AN-N22", "dst": "NA-N194", "hlc": {"phys": 1758757846294, "cnt": 0, "node": "AN-N22"}, "package_id": "PKG57814", "payload": {"status": "DELIVERED"}, "sent_ts": 1758757816074, "arrival_ts": 1758757816144}
{"action": "send", "src": "NA-N194", "dst": "SA-N106", "hlc": {"phys": 1758758948772, "cnt": 0, "node": "NA-N194"}, "package_id": "PKG58946", "payload": {"status": "CREATED"}, "sent_ts": 1758758946832, "arrival_ts": 1758758946832}
{"action": "send", "src": "NA-N194", "dst": "SA-N106", "hlc": {"phys": 1758758949052, "cnt": 0, "node": "NA-N194"}, "package_id": "PKG58946", "payload": {"status": "SENT"}, "sent_ts": 1758758947112, "arrival_ts": 1758758947112}
{"action": "send", "src": "NA-N194", "dst": "SA-N106", "hlc": {"phys": 1758758949407, "cnt": 0, "node": "NA-N194"}, "package_id": "PKG58946", "payload": {"status": "IN_TRANSIT"}, "sent_ts": 1758758947467, "arrival_ts": 1758758947467}
{"action": "send", "src": "NA-N194", "dst": "SA-N106", "hlc": {"phys": 1758758949762, "cnt": 0, "node": "NA-N194"}, "package_id": "PKG58946", "payload": {"status": "RECEIVED"}, "sent_ts": 1758758947822, "arrival_ts": 1758758947822}
{"action": "send", "src": "NA-N194", "dst": "SA-N106", "hlc": {"phys": 1758758950120, "cnt": 0, "node": "NA-N194"}, "package_id": "PKG58946", "payload": {"status": "DELIVERED"}, "sent_ts": 1758758948180, "arrival_ts": 1758758948180}
{"action": "recv", "src": "AU-N9", "dst": "NA-N194", "hlc": {"phys": 1758759555719, "cnt": 0, "node": "AU-N9"}, "package_id": "PKG59530", "payload": {"status": "CREATED"}, "sent_ts": 1758759530629, "arrival_ts": 1758759530673}
{"action": "recv", "src": "AU-N9", "dst": "NA-N194", "hlc": {"phys": 1758759555964, "cnt": 0, "node": "AU-N9"}, "package_id": "PKG59530", "payload": {"status": "SENT"}, "sent_ts": 1758759530874, "arrival_ts": 1758759531014}
{"action": "recv", "src": "AU-N9", "dst": "NA-N194", "hlc": {"phys": 1758759556320, "cnt": 0, "node": "AU-N9"}, "package_id": "PKG59530", "payload": {"status": "IN_TRANSIT"}, "sent_ts": 1758759531230, "arrival_ts": 1758759531420}
{"action": "recv", "src": "AU-N9", "dst": "NA-N194", "hlc": {"phys": 1758759556718, "cnt": 0, "node": "AU-N9"}, "package_id": "PKG59530", "payload": {"status": "RECEIVED"}, "sent_ts": 1758759531628, "arrival_ts": 1758759531787}
{"action": "recv", "src": "AU-N9", "dst": "NA-N194", "hlc": {"phys": 1758759557075, "cnt": 0, "node": "AU-N9"}, "package_id": "PKG59530", "payload": {"status": "DELIVERED"}, "sent_ts": 1758759531985, "arrival_ts": 1758759532124}
{"action": "send", "src": "NA-N194", "dst": "AU-N25", "hlc": {"phys": 1758760498098, "cnt": 0, "node": "NA-N194"}, "package_id": "PKG60496", "payload": {"status": "CREATED"}, "sent_ts": 1758760496158, "arrival_ts": 1758760496158}
{"action": "send", "src": "NA-N194", "dst": "AU-N25", "hlc": {"phys": 1758760498330, "cnt": 0, "node": "NA-N194"}, "package_id": "PKG60496", "payload": {"status": "SENT"}, "sent_ts": 1758760496390, "arrival_ts": 1758760496390}
{"action": "send", "src": "NA-N194", "dst": "AU-N25", "hlc": {"phys": 1758760498686, "cnt": 0, "node": "NA-N194"}, "package_id": "PKG60496", "payload": {"status": "IN_TRANSIT"}, "sent_ts": 1758760496746, "arrival_ts": 1758760496746}
{"action": "send", "src": "NA-N194", "dst": "AU-N25", "hlc": {"phys": 1758760499025, "cnt": 0, "node": "NA-N194"}, "package_id": "PKG60496", "payload": {"status": "RECEIVED"}, "sent_ts": 1758760497085, "arrival_ts": 1758760497085}
{"action": "send", "src": "NA-N194", "dst": "AU-N25", "hlc": {"phys": 1758760499348, "cnt": 0, "node": "NA-N194"}, "package_id": "PKG60496", "payload": {"status": "DELIVERED"}, "sent_ts": 1758760497408, "arrival_ts": 1758760497408}
{"action": "send", "src": "NA-N194", "dst": "EU-N84", "hlc": {"phys": 1758804231045, "cnt": 0, "node": "NA-N194"}, "package_id": "PKG4229", "payload": {"status": "CREATED"}, "sent_ts": 1758804229105, "arrival_ts": 1758804229105}
{"action": "send", "src": "NA-N194", "dst": "EU-N84", "hlc": {"phys": 1758804231383, "cnt": 0, "node": "NA-N194"}, "package_id": "PKG4229", "payload": {"status": "SENT"}, "sent_ts": 1758804229443, "arrival_ts": 1758804229443}
{"action": "send", "src": "NA-N194", "dst": "EU-N84", "hlc": {"phys": 1758804231690, "cnt": 0, "node": "NA-N194"}, "package_id": "PKG4229", "payload": {"status": "IN_TRANSIT"}, "sent_ts": 1758804229750, "arrival_ts": 1758804229750}
{"action": "send", "src": "NA-N194", "dst": "EU-N84", "hlc": {"phys": 1758804231979, "cnt": 0, "node": "NA-N194"}, "package_id": "PKG4229", "payload": {"status": "RECEIVED"}, "sent_ts": 1758804230039, "arrival_ts": 1758804230039}
{"action": "send", "src": "NA-N194", "dst": "EU-N84", "hlc": {"phys": 1758804232246, "cnt": 0, "node": "NA-N194"}, "package_id": "PKG4229", "payload": {"status": "DELIVERED"}, "sent_ts": 1758804230306, "arrival_ts": 1758804230306}
{"action": "send", "src": "NA-N194", "dst": "AN-N177", "hlc": {"phys": 1758804892921, "cnt": 0, "node": "NA-N194"}, "package_id": "PKG4890", "payload": {"status": "CREATED"}, "sent_ts": 1758804890981, "arrival_ts": 1758804890981}
{"action": "send", "src": "NA-N194", "dst": "AN-N177", "hlc": {"phys": 1758804893231, "cnt": 0, "node": "NA-N194"}, "package_id": "PKG4890", "payload": {"status": "SENT"}, "sent_ts": 1758804891291, "arrival_ts": 1758804891291}
{"action": "send", "src": "NA-N194", "dst": "AN-N177", "hlc": {"phys": 1758804893509, "cnt": 0, "node": "NA-N194"}, "package_id": "PKG4890", "payload": {"status": "IN_TRANSIT"}, "sent_ts": 1758804891569, "arrival_ts": 1758804891569}
{"action": "send", "src": "NA-N194", "dst": "AN-N177", "hlc": {"phys": 1758804893866, "cnt": 0, "node": "NA-N194"}, "package_id": "PKG4890", "payload": {"status": "RECEIVED"}, "sent_ts": 1758804891926, "arrival_ts": 1758804891926}
{"action": "send", "src": "NA-N194", "dst": "AN-N177", "hlc": {"phys": 1758804894161, "cnt": 0, "node": "NA-N194"}, "package_id": "PKG4890", "payload": {"status": "DELIVERED"}, "sent_ts": 1758804892221, "arrival_ts": 1758804892221}
{"action": "send", "src": "NA-N194", "dst": "AN-N69", "hlc": {"phys": 1758813018588, "cnt": 0, "node": "NA-N194"}, "package_id": "PKG13016", "payload": {"status": "CREATED"}, "sent_ts": 1758813016648, "arrival_ts": 1758813016648}
{"action": "send", "src": "NA-N194", "dst": "AN-N69", "hlc": {"phys": 1758813018806, "cnt": 0, "node": "NA-N194"}, "package_id": "PKG13016", "payload": {"status": "SENT"}, "sent_ts": 1758813016866, "arrival_ts": 1758813016866}
{"action": "send", "src": "NA-N194", "dst": "AN-N69", "hlc": {"phys": 1758813019101, "cnt": 0, "node": "NA-N194"}, "package_id": "PKG13016", "payload": {"status": "IN_TRANSIT"}, "sent_ts": 1758813017161, "arrival_ts": 1758813017161}
{"action": "send", "src": "NA-N194", "dst": "AN-N69", "hlc": {"phys": 1758813019458, "cnt": 0, "node": "NA-N194"}, "package_id": "PKG13016", "payload": {"status": "RECEIVED"}, "sent_ts": 1758813017518, "arrival_ts": 1758813017518}
{"action": "send", "src": "NA-N194", "dst": "AN-N69", "hlc": {"phys": 1758813019817, "cnt": 0, "node": "NA-N194"}, "package_id": "PKG13016", "payload": {"status": "DELIVERED"}, "sent_ts": 1758813017877, "arrival_ts": 1758813017877}
{"action": "send", "src": "NA-N194", "dst": "SA-N23", "hlc": {"phys": 1758813803528, "cnt": 0, "node": "NA-N194"}, "package_id": "PKG13801", "payload": {"status": "CREATED"}, "sent_ts": 1758813801588, "arrival_ts": 1758813801588}
{"action": "send", "src": "NA-N194", "dst": "SA-N23", "hlc": {"phys": 1758813803918, "cnt": 0, "node": "NA-N194"}, "package_id": "PKG13801", "payload": {"status": "SENT"}, "sent_ts": 1758813801978, "arrival_ts": 1758813801978}
{"action": "send", "src": "NA-N194", "dst": "SA-N23", "hlc": {"phys": 1758813804276, "cnt": 0, "node": "NA-N194"}, "package_id": "PKG13801", "payload": {"status": "IN_TRANSIT"}, "sent_ts": 1758813802336, "arrival_ts": 1758813802336}
{"action": "send", "src": "NA-N194", "dst": "SA-N23", "hlc": {"phys": 1758813804568, "cnt": 0, "node": "NA-N194"}, "package_id": "PKG13801", "payload": {"status": "RECEIVED"}, "sent_ts": 1758813802628, "arrival_ts": 1758813802628}
{"action": "send", "src": "NA-N194", "dst": "SA-N23", "hlc": {"phys": 1758813804847, "cnt": 0, "node": "NA-N194"}, "package_id": "PKG13801", "payload": {"status": "DELIVERED"}, "sent_ts": 1758813802907, "arrival_ts": 1758813802907}
{"action": "recv", "src": "EU-N104", "dst": "NA-N194", "hlc": {"phys": 1758814684558, "cnt": 0, "node": "EU-N104"}, "package_id": "PKG14678", "payload": {"status": "CREATED"}, "sent_ts": 1758814678518, "arrival_ts": 1758814678562}
{"action": "recv", "src": "EU-N104", "dst": "NA-N194", "hlc": {"phys": 1758814684819, "cnt": 0, "node": "EU-N104"}, "package_id": "PKG14678", "payload": {"status": "SENT"}, "sent_ts": 1758814678779, "arrival_ts": 1758814678867}
{"action": "recv", "src": "EU-N104", "dst": "NA-N194", "hlc": {"phys": 1758814685114, "cnt": 0, "node": "EU-N104"}, "package_id": "PKG14678", "payload": {"status": "IN_TRANSIT"}, "sent_ts": 1758814679074, "arrival_ts": 1758814679261}
{"action": "recv", "src": "EU-N104", "dst": "NA-N194", "hlc": {"phys": 1758814685505, "cnt": 0, "node": "EU-N104"}, "package_id": "PKG14678", "payload": {"status": "RECEIVED"}, "sent_ts": 1758814679465, "arrival_ts": 1758814679595}
{"action": "recv", "src": "EU-N104", "dst": "NA-N194", "hlc": {"phys": 1758814685848, "cnt": 0, "node": "EU-N104"}, "package_id": "PKG14678", "payload": {"status": "DELIVERED"}, "sent_ts": 1758814679808, "arrival_ts": 1758814679822}
{"action": "send", "src": "NA-N194", "dst": "SA-N67", "hlc": {"phys": 1758814912103, "cnt": 0, "node": "NA-N194"}, "package_id": "PKG14910", "payload": {"status": "CREATED"}, "sent_ts": 1758814910163, "arrival_ts": 1758814910163}
{"action": "send", "src": "NA-N194", "dst": "SA-N67", "hlc": {"phys": 1758814912475, "cnt": 0, "node": "NA-N194"}, "package_id": "PKG14910", "payload": {"status": "SENT"}, "sent_ts": 1758814910535, "arrival_ts": 1758814910535}
{"action": "send", "src": "NA-N194", "dst": "SA-N67", "hlc": {"phys": 1758814912833, "cnt": 0, "node": "NA-N194"}, "package_id": "PKG14910", "payload": {"status": "IN_TRANSIT"}, "sent_ts": 1758814910893, "arrival_ts": 1758814910893}
{"action": "send", "src": "NA-N194", "dst": "SA-N67", "hlc": {"phys": 1758814913160, "cnt": 0, "node": "NA-N194"}, "package_id": "PKG14910", "payload": {"status": "RECEIVED"}, "sent_ts": 1758814911220, "arrival_ts": 1758814911220}
{"action": "send", "src": "NA-N194", "dst": "SA-N67", "hlc": {"phys": 1758814913516, "cnt": 0, "node": "NA-N194"}, "package_id": "PKG14910", "payload": {"status": "DELIVERED"}, "sent_ts": 1758814911576, "arrival_ts": 1758814911576}
{"action": "recv", "src": "NA-N196", "dst": "NA-N194", "hlc": {"phys": 1758815424562, "cnt": 0, "node": "NA-N196"}, "package_id": "PKG15422", "payload": {"status": "CREATED"}, "sent_ts": 1758815422602, "arrival_ts": 1758815422695}
{"action": "recv", "src": "NA-N196", "dst": "NA-N194", "hlc": {"phys": 1758815424858, "cnt": 0, "node": "NA-N196"}, "package_id": "PKG15422", "payload": {"status": "SENT"}, "sent_ts": 1758815422898, "arrival_ts": 1758815423013}
{"action": "recv", "src": "NA-N196", "dst": "NA-N194", "hlc": {"phys": 1758815425171, "cnt": 0, "node": "NA-N196"}, "package_id": "PKG15422", "payload": {"status": "IN_TRANSIT"}, "sent_ts": 1758815423211, "arrival_ts": 1758815423310}
{"action": "recv", "src": "NA-N196", "dst": "NA-N194", "hlc": {"phys": 1758815425466, "cnt": 0, "node": "NA-N196"}, "package_id": "PKG15422", "payload": {"status": "RECEIVED"}, "sent_ts": 1758815423506, "arrival_ts": 1758815423608}
{"action": "recv", "src": "NA-N196", "dst": "NA-N194", "hlc": {"phys": 1758815425775, "cnt": 0, "node": "NA-N196"}, "package_id": "PKG15422", "payload": {"status": "DELIVERED"}, "sent_ts": 1758815423815, "arrival_ts": 1758815423913}
{"action": "send", "src": "NA-N194", "dst": "AN-N48", "hlc": {"phys": 1758816100059, "cnt": 0, "node": "NA-N194"}, "package_id": "PKG16098", "payload": {"status": "CREATED"}, "sent_ts": 1758816098119, "arrival_ts": 1758816098119}
{"action": "send", "src": "NA-N194", "dst": "AN-N48", "hlc": {"phys": 1758816100389, "cnt": 0, "node": "NA-N194"}, "package_id": "PKG16098", "payload": {"status": "SENT"}, "sent_ts": 1758816098449, "arrival_ts": 1758816098449}
{"action": "send", "src": "NA-N194", "dst": "AN-N48", "hlc": {"phys": 1758816100716, "cnt": 0, "node": "NA-N194"}, "package_id": "PKG16098", "payload": {"status": "IN_TRANSIT"}, "sent_ts": 1758816098776, "arrival_ts": 1758816098776}
{"action": "send", "src": "NA-N194", "dst": "AN-N48", "hlc": {"phys": 1758816100998, "cnt": 0, "node": "NA-N194"}, "package_id": "PKG16098", "payload": {"status": "RECEIVED"}, "sent_ts": 1758816099058, "arrival_ts": 1758816099058}
{"action": "send", "src": "NA-N194", "dst": "AN-N48", "hlc": {"phys": 1758816101248, "cnt": 0, "node": "NA-N194"}, "package_id": "PKG16098", "payload": {"status": "DELIVERED"}, "sent_ts": 1758816099308, "arrival_ts": 1758816099308}
{"action": "recv", "src": "AS-N58", "dst": "NA-N194", "hlc": {"phys": 1758816652726, "cnt": 0, "node": "AS-N58"}, "package_id": "PKG16642", "payload": {"status": "CREATED"}, "sent_ts": 1758816642146, "arrival_ts": 1758816642336}
{"action": "recv", "src": "AS-N58", "dst": "NA-N194", "hlc": {"phys": 1758816653116, "cnt": 0, "node": "AS-N58"}, "package_id": "PKG16642", "payload": {"status": "SENT"}, "sent_ts": 1758816642536, "arrival_ts": 1758816642681}
{"action": "recv", "src": "AS-N58", "dst": "NA-N194", "hlc": {"phys": 1758816653457, "cnt": 0, "node": "AS-N58"}, "package_id": "PKG16642", "payload": {"status": "IN_TRANSIT"}, "sent_ts": 1758816642877, "arrival_ts": 1758816643039}
{"action": "recv", "src": "AS-N58", "dst": "NA-N194", "hlc": {"phys": 1758816653815, "cnt": 0, "node": "AS-N58"}, "package_id": "PKG16642", "payload": {"status": "RECEIVED"}, "sent_ts": 1758816643235, "arrival_ts": 1758816643418}
{"action": "recv", "src": "AS-N58", "dst": "NA-N194", "hlc": {"phys": 1758816654203, "cnt": 0, "node": "AS-N58"}, "package_id": "PKG16642", "payload": {"status": "DELIVERED"}, "sent_ts": 1758816643623, "arrival_ts": 1758816643753}
