{"action": "send", "src": "NA-N189", "dst": "AU-N37", "hlc": {"phys": 1758712662178, "cnt": 0, "node": "NA-N189"}, "package_id": "PKG12660", "payload": {"status": "CREATED"}, "sent_ts": 1758712660288, "arrival_ts": 1758712660288}
{"action": "send", "src": "NA-N189", "dst": "AU-N37", "hlc": {"phys": 1758712662534, "cnt": 0, "node": "NA-N189"}, "package_id": "PKG12660", "payload": {"status": "SENT"}, "sent_ts": 1758712660644, "arrival_ts": 1758712660644}
{"action": "send", "src": "NA-N189", "dst": "AU-N37", "hlc": {"phys": 1758712662783, "cnt": 0, "node": "NA-N189"}, "package_id": "PKG12660", "payload": {"status": "IN_TRANSIT"}, "sent_ts": 1758712660893, "arrival_ts": 1758712660893}
{"action": "send", "src": "NA-N189", "dst": "AU-N37", "hlc": {"phys": 1758712663157, "cnt": 0, "node": "NA-N189"}, "package_id": "PKG12660", "payload": {"status": "RECEIVED"}, "sent_ts": 1758712661267, "arrival_ts": 1758712661267}
{"action": "send", "src": "NA-N189", "dst": "AU-N37", "hlc": {"phys": 1758712663529, "cnt": 0, "node": "NA-N189"}, "package_id": "PKG12660", "payload": {"status": "DELIVERED"}, "sent_ts": 1758712661639, "arrival_ts": 1758712661639}
{"action": "send", "src": "NA-N189", "dst": "SA-N31", "hlc": {"phys": 1758713022520, "cnt": 0, "node": "NA-N189"}, "package_id": "PKG13020", "payload": {"status": "CREATED"}, "sent_ts": 1758713020630, "arrival_ts": 1758713020630}
{"action": "send", "src": "NA-N189", "dst": "SA-N31", "hlc": {"phys": 1758713022874, "cnt": 0, "node": "NA-N189"}, "package_id": "PKG13020", "payload": {"status": "SENT"}, "sent_ts": 1758713020984, "arrival_ts": 1758713020984}
{"action": "send", "src": "NA-N189", "dst": "SA-N31", "hlc": {"phys": 1758713023120, "cnt": 0, "node": "NA-N189"}, "package_id": "PKG13020", "payload": {"status": "IN_TRANSIT"}, "sent_ts": 1758713021230, "arrival_ts": 1758713021230}
{"action": "send", "src": "NA-N189", "dst": "SA-N31", "hlc": {"phys": 1758713023493, "cnt": 0, "node": "NA-N189"}, "package_id": "PKG13020", "payload": {"status": "RECEIVED"}, "sent_ts": 1758713021603, "arrival_ts": 1758713021603}
{"action": "send", "src": "NA-N189", "dst": "SA-N31", "hlc": {"phys": 1758713023803, "cnt": 0, "node": "NA-N189"}, "package_id": "PKG13020", "payload": {"status": "DELIVERED"}, "sent_ts": 1758713021913, "arrival_ts": 1758713021913}
{"action": "send", "src": "NA-N189", "dst": "AU-N119", "hlc": {"phys": 1758713724982, "cnt": 0, "node": "NA-N189"}, "package_id": "PKG13723", "payload": {"status": "CREATED"}, "sent_ts": 1758713723092, "arrival_ts": 1758713723092}
{"action": "send", "src": "NA-N189", "dst": "AU-N119", "hlc": {"phys": 1758713725232, "cnt": 0, "node": "NA-N189"}, "package_id": "PKG13723", "payload": {"status": "SENT"}, "sent_ts": 1758713723342, "arrival_ts": 1758713723342}
{"action": "send", "src": "NA-N189", "dst": "AU-N119", "hlc": {"phys": 1758713725557, "cnt": 0, "node": "NA-N189"}, "package_id": "PKG13723", "payload": {"status": "IN_TRANSIT"}, "sent_ts": 1758713723667, "arrival_ts": 1758713723667}
{"action": "send", "src": "NA-N189", "dst": "AU-N119", "hlc": {"phys": 1758713725940, "cnt": 0, "node": "NA-N189"}, "package_id": "PKG13723", "payload": {"status": "RECEIVED"}, "sent_ts": 1758713724050, "arrival_ts": 1758713724050}
{"action": "send", "src": "NA-N189", "dst": "AU-N119", "hlc": {"phys": 1758713726228, "cnt": 0, "node": "NA-N189"}, "package_id": "PKG13723", "payload": {"status": "DELIVERED"}, "sent_ts": 1758713724338, "arrival_ts": 1758713724338}
{"action": "send", "src": "NA-N189", "dst": "AS-N34", "hlc": {"phys": 1758717468439, "cnt": 0, "node": "NA-N189"}, "package_id": "PKG17466", "payload": {"status": "CREATED"}, "sent_ts": 1758717466549, "arrival_ts": 1758717466549}
{"action": "send", "src": "NA-N189", "dst": "AS-N34", "hlc": {"phys": 1758717468702, "cnt": 0, "node": "NA-N189"}, "package_id": "PKG17466", "payload": {"status": "SENT"}, "sent_ts": 1758717466812, "arrival_ts": 1758717466812}
{"action": "send", "src": "NA-N189", "dst": "AS-N34", "hlc": {"phys": 1758717468935, "cnt": 0, "node": "NA-N189"}, "package_id": "PKG17466", "payload": {"status": "IN_TRANSIT"}, "sent_ts": 1758717467045, "arrival_ts": 1758717467045}
{"action": "send", "src": "NA-N189", "dst": "AS-N34", "hlc": {"phys": 1758717469289, "cnt": 0, "node": "NA-N189"}, "package_id": "PKG17466", "payload": {"status": "RECEIVED"}, "sent_ts": 1758717467399, "arrival_ts": 1758717467399}
{"action": "send", "src": "NA-N189", "dst": "AS-N34", "hlc": {"phys": 1758717469679, "cnt": 0, "node": "NA-N189"}, "package_id": "PKG17466", "payload": {"status": "DELIVERED"}, "sent_ts": 1758717467789, "arrival_ts": 1758717467789}
{"action": "send", "src": "NA-N189", "dst": "AU-N14", "hlc": {"phys": 1758718136300, "cnt": 0, "node": "NA-N189"}, "package_id": "PKG18134", "payload": {"status": "CREATED"}, "sent_ts": 1758718134410, "arrival_ts": 1758718134410}
{"action": "send", "src": "NA-N189", "dst": "AU-N14", "hlc": {"phys": 1758718136599, "cnt": 0, "node": "NA-N189"}, "package_id": "PKG18134", "payload": {"status": "SENT"}, "sent_ts": 1758718134709, "arrival_ts": 1758718134709}
{"action": "send", "src": "NA-N189", "dst": "AU-N14", "hlc": {"phys": 1758718136850, "cnt": 0, "node": "NA-N189"}, "package_id": "PKG18134", "payload": {"status": "IN_TRANSIT"}, "sent_ts": 1758718134960, "arrival_ts": 1758718134960}
{"action": "send", "src": "NA-N189", "dst": "AU-N14", "hlc": {"phys": 1758718137082, "cnt": 0, "node": "NA-N189"}, "package_id": "PKG18134", "payload": {"status": "RECEIVED"}, "sent_ts": 1758718135192, "arrival_ts": 1758718135192}
{"action": "send", "src": "NA-N189", "dst": "AU-N14", "hlc": {"phys": 1758718137329, "cnt": 0, "node": "NA-N189"}, "package_id": "PKG18134", "payload": {"status": "DELIVERED"}, "sent_ts": 1758718135439, "arrival_ts": 1758718135440}
{"action": "send", "src": "NA-N189", "dst": "AF-N102", "hlc": {"phys": 1758719210271, "cnt": 0, "node": "NA-N189"}, "package_id": "PKG19208", "payload": {"status": "CREATED"}, "sent_ts": 1758719208381, "arrival_ts": 1758719208381}
{"action": "send", "src": "NA-N189", "dst": "AF-N102", "hlc": {"phys": 1758719210595, "cnt": 0, "node": "NA-N189"}, "package_id": "PKG19208", "payload": {"status": "SENT"}, "sent_ts": 1758719208705, "arrival_ts": 1758719208705}
{"action": "send", "src": "NA-N189", "dst": "AF-N102", "hlc": {"phys": 1758719210923, "cnt": 0, "node": "NA-N189"}, "package_id": "PKG19208", "payload": {"status": "IN_TRANSIT"}, "sent_ts": 1758719209033, "arrival_ts": 1758719209033}
{"action": "send", "src": "NA-N189", "dst": "AF-N102", "hlc": {"phys": 1758719211221, "cnt": 0, "node": "NA-N189"}, "package_id": "PKG19208", "payload": {"status": "RECEIVED"}, "sent_ts": 1758719209331, "arrival_ts": 1758719209331}
{"action": "send", "src": "NA-N189", "dst": "AF-N102", "hlc": {"phys": 1758719211543, "cnt": 0, "node": "NA-N189"}, "package_id": "PKG19208", "payload": {"status": "DELIVERED"}, "sent_ts": 1758719209653, "arrival_ts": 1758719209653}
{"action": "recv", "src": "SA-N47", "dst": "NA-N189", "hlc": {"phys": 1758739645421, "cnt": 0, "node": "SA-N47"}, "package_id": "PKG39624", "payload": {"status": "CREATED"}, "sent_ts": 1758739624951, "arrival_ts": 1758739625041}
{"action": "recv", "src": "SA-N47", "dst": "NA-N189", "hlc": {"phys": 1758739645714, "cnt": 0, "node": "SA-N47"}, "package_id": "PKG39624", "payload": {"status": "SENT"}, "sent_ts": 1758739625244, "arrival_ts": 1758739625438}
{"action": "recv", "src": "SA-N47", "dst": "NA-N189", "hlc": {"phys": 1758739646117, "cnt": 0, "node": "SA-N47"}, "package_id": "PKG39624", "payload": {"status": "IN_TRANSIT"}, "sent_ts": 1758739625647, "arrival_ts": 1758739625663}
{"action": "recv", "src": "SA-N47", "dst": "NA-N189", "hlc": {"phys": 1758739646351, "cnt": 0, "node": "SA-N47"}, "package_id": "PKG39624", "payload": {"status": "RECEIVED"}, "sent_ts": 1758739625881, "arrival_ts": 1758739626031}
{"action": "recv", "src": "SA-N47", "dst": "NA-N189", "hlc": {"phys": 1758739646714, "cnt": 0, "node": "SA-N47"}, "package_id": "PKG39624", "payload": {"status": "DELIVERED"}, "sent_ts": 1758739626244, "arrival_ts": 1758739626264}
{"action": "recv", "src": "NA-N146", "dst": "NA-N189", "hlc": {"phys": 1758742748101, "cnt": 0, "node": "NA-N146"}, "package_id": "PKG42746", "payload": {"status": "CREATED"}, "sent_ts": 1758742746641, "arrival_ts": 1758742746820}
{"action": "recv", "src": "NA-N146", "dst": "NA-N189", "hlc": {"phys": 1758742748489, "cnt": 0, "node": "NA-N146"}, "package_id": "PKG42746", "payload": {"status": "SENT"}, "sent_ts": 1758742747029, "arrival_ts": 1758742747189}
{"action": "recv", "src": "NA-N146", "dst": "NA-N189", "hlc": {"phys": 1758742748858, "cnt": 0, "node": "NA-N146"}, "package_id": "PKG42746", "payload": {"status": "IN_TRANSIT"}, "sent_ts": 1758742747398, "arrival_ts": 1758742747570}
{"action": "recv", "src": "NA-N146", "dst": "NA-N189", "hlc": {"phys": 1758742749228, "cnt": 0, "node": "NA-N146"}, "package_id": "PKG42746", "payload": {"status": "RECEIVED"}, "sent_ts": 1758742747768, "arrival_ts": 1758742747865}
{"action": "recv", "src": "NA-N146", "dst": "NA-N189", "hlc": {"phys": 1758742749523, "cnt": 0, "node": "NA-N146"}, "package_id": "PKG42746", "payload": {"status": "DELIVERED"}, "sent_ts": 1758742748063, "arrival_ts": 1758742748165}
{"action": "send", "src": "NA-N189", "dst": "EU-N74", "hlc": {"phys": 1758747310986, "cnt": 0, "node": "NA-N189"}, "package_id": "PKG47309", "payload": {"status": "CREATED"}, "sent_ts": 1758747309096, "arrival_ts": 1758747309096}
{"action": "send", "src": "NA-N189", "dst": "EU-N74", "hlc": {"phys": 1758747311274, "cnt": 0, "node": "NA-N189"}, "package_id": "PKG47309", "payload": {"status": "SENT"}, "sent_ts": 1758747309384, "arrival_ts": 1758747309384}
{"action": "send", "src": "NA-N189", "dst": "EU-N74", "hlc": {"phys": 1758747311504, "cnt": 0, "node": "NA-N189"}, "package_id": "PKG47309", "payload": {"status": "IN_TRANSIT"}, "sent_ts": 1758747309614, "arrival_ts": 1758747309614}
{"action": "send", "src": "NA-N189", "dst": "EU-N74", "hlc": {"phys": 1758747311902, "cnt": 0, "node": "NA-N189"}, "package_id": "PKG47309", "payload": {"status": "RECEIVED"}, "sent_ts": 1758747310012, "arrival_ts": 1758747310012}
{"action": "send", "src": "NA-N189", "dst": "EU-N74", "hlc": {"phys": 1758747312275, "cnt": 0, "node": "NA-N189"}, "package_id": "PKG47309", "payload": {"status": "DELIVERED"}, "sent_ts": 1758747310385, "arrival_ts": 1758747310385}
{"action": "send", "src": "NA-N189", "dst": "SA-N7", "hlc": {"phys": 1758747802349, "cnt": 0, "node": "NA-N189"}, "package_id": "PKG47800", "payload": {"status": "CREATED"}, "sent_ts": 1758747800459, "arrival_ts": 1758747800459}
{"action": "send", "src": "NA-N189", "dst": "SA-N7", "hlc": {"phys": 1758747802659, "cnt": 0, "node": "NA-N189"}, "package_id": "PKG47800", "payload": {"status": "SENT"}, "sent_ts": 1758747800769, "arrival_ts": 1758747800769}
{"action": "send", "src": "NA-N189", "dst": "SA-N7", "hlc": {"phys": 1758747802924, "cnt": 0, "node": "NA-N189"}, "package_id": "PKG47800", "payload": {"status": "IN_TRANSIT"}, "sent_ts": 1758747801034, "arrival_ts": 1758747801034}
{"action": "send", "src": "NA-N189", "dst": "SA-N7", "hlc": {"phys": 1758747803187, "cnt": 0, "node": "NA-N189"}, "package_id": "PKG47800", "payload": {"status": "RECEIVED"}, "sent_ts": 1758747801297, "arrival_ts": 1758747801297}
{"action": "send", "src": "NA-N189", "dst": "SA-N7", "hlc": {"phys": 1758747803592, "cnt": 0, "node": "NA-N189"}, "package_id": "PKG47800", "payload": {"status": "DELIVERED"}, "sent_ts": 1758747801702, "arrival_ts": 1758747801702}
{"action": "send", "src": "NA-N189", "dst": "EU-N83", "hlc": {"phys": 1758748574597, "cnt": 0, "node": "NA-N189"}, "package_id": "PKG48572", "payload": {"status": "CREATED"}, "sent_ts": 1758748572707, "arrival_ts": 1758748572707}
{"action": "send", "src": "NA-N189", "dst": "EU-N83", "hlc": {"phys": 1758748574968, "cnt": 0, "node": "NA-N189"}, "package_id": "PKG48572", "payload": {"status": "SENT"}, "sent_ts": 1758748573078, "arrival_ts": 1758748573078}
{"action": "send", "src": "NA-N189", "dst": "EU-N83", "hlc": {"phys": 1758748575277, "cnt": 0, "node": "NA-N189"}, "package_id": "PKG48572", "payload": {"status": "IN_TRANSIT"}, "sent_ts": 1758748573387, "arrival_ts": 1758748573387}
{"action": "send", "src": "NA-N189", "dst": "EU-N83", "hlc": {"phys": 1758748575555, "cnt": 0, "node": "NA-N189"}, "package_id": "PKG48572", "payload": {"status": "RECEIVED"}, "sent_ts": 1758748573665, "arrival_ts": 1758748573665}
{"action": "send", "src": "NA-N189", "dst": "EU-N83", "hlc": {"phys": 1758748575977, "cnt": 0, "node": "NA-N189"}, "package_id": "PKG48572", "payload": {"status": "DELIVERED"}, "sent_ts": 1758748574087, "arrival_ts": 1758748574087}
{"action": "recv", "src": "SA-N184", "dst": "NA-N189", "hlc": {"phys": 1758748900177, "cnt": 0, "node": "SA-N184"}, "package_id": "PKG48878", "payload": {"status": "CREATED"}, "sent_ts": 1758748878337, "arrival_ts": 1758748878420}
{"action": "recv", "src": "SA-N184", "dst": "NA-N189", "hlc": {"phys": 1758748900465, "cnt": 0, "node": "SA-N184"}, "package_id": "PKG48878", "payload": {"status": "SENT"}, "sent_ts": 1758748878625, "arrival_ts": 1758748878758}
{"action": "recv", "src": "SA-N184", "dst": "NA-N189", "hlc": {"phys": 1758748900793, "cnt": 0, "node": "SA-N184"}, "package_id": "PKG48878", "payload": {"status": "IN_TRANSIT"}, "sent_ts": 1758748878953, "arrival_ts": 1758748879055}
{"action": "recv", "src": "SA-N184", "dst": "NA-N189", "hlc": {"phys": 1758748901115, "cnt": 0, "node": "SA-N184"}, "package_id": "PKG48878", "payload": {"status": "RECEIVED"}, "sent_ts": 1758748879275, "arrival_ts": 1758748879456}
{"action": "recv", "src": "SA-N184", "dst": "NA-N189", "hlc": {"phys": 1758748901506, "cnt": 0, "node": "SA-N184"}, "package_id": "PKG48878", "payload": {"status": "DELIVERED"}, "sent_ts": 1758748879666, "arrival_ts": 1758748879774}
{"action": "send", "src": "NA-N189", "dst": "AN-N50", "hlc": {"phys": 1758757698473, "cnt": 0, "node": "NA-N189"}, "package_id": "PKG57696", "payload": {"status": "CREATED"}, "sent_ts": 1758757696583, "arrival_ts": 1758757696583}
{"action": "send", "src": "NA-N189", "dst": "AN-N50", "hlc": {"phys": 1758757698734, "cnt": 0, "node": "NA-N189"}, "package_id": "PKG57696", "payload": {"status": "SENT"}, "sent_ts": 1758757696844, "arrival_ts": 1758757696844}
{"action": "send", "src": "NA-N189", "dst": "AN-N50", "hlc": {"phys": 1758757699056, "cnt": 0, "node": "NA-N189"}, "package_id": "PKG57696", "payload": {"status": "IN_TRANSIT"}, "sent_ts": 1758757697166, "arrival_ts": 1758757697166}
{"action": "send", "src": "NA-N189", "dst": "AN-N50", "hlc": {"phys": 1758757699386, "cnt": 0, "node": "NA-N189"}, "package_id": "PKG57696", "payload": {"status": "RECEIVED"}, "sent_ts": 1758757697496, "arrival_ts": 1758757697496}
{"action": "send", "src": "NA-N189", "dst": "AN-N50", "hlc": {"phys": 1758757699761, "cnt": 0, "node": "NA-N189"}, "package_id": "PKG57696", "payload": {"status": "DELIVERED"}, "sent_ts": 1758757697871, "arrival_ts": 1758757697871}
{"action": "recv", "src": "AS-N22", "dst": "NA-N189", "hlc": {"phys": 1758758154210, "cnt": 0, "node": "AS-N22"}, "package_id": "PKG58143", "payload": {"status": "CREATED"}, "sent_ts": 1758758143990, "arrival_ts": 1758758144058}
{"action": "recv", "src": "AS-N22", "dst": "NA-N189", "hlc": {"phys": 1758758154473, "cnt": 0, "node": "AS-N22"}, "package_id": "PKG58143", "payload": {"status": "SENT"}, "sent_ts": 1758758144253, "arrival_ts": 1758758144440}
{"action": "recv", "src": "AS-N22", "dst": "NA-N189", "hlc": {"phys": 1758758154860, "cnt": 0, "node": "AS-N22"}, "package_id": "PKG58143", "payload": {"status": "IN_TRANSIT"}, "sent_ts": 1758758144640, "arrival_ts": 1758758144679}
{"action": "recv", "src": "AS-N22", "dst": "NA-N189", "hlc": {"phys": 1758758155108, "cnt": 0, "node": "AS-N22"}, "package_id": "PKG58143", "payload": {"status": "RECEIVED"}, "sent_ts": 1758758144888, "arrival_ts": 1758758144904}
{"action": "recv", "src": "AS-N22", "dst": "NA-N189", "hlc": {"phys": 1758758155326, "cnt": 0, "node": "AS-N22"}, "package_id": "PKG58143", "payload": {"status": "DELIVERED"}, "sent_ts": 1758758145106, "arrival_ts": 1758758145120}
{"action": "recv", "src": "AF-N107", "dst": "NA-N189", "hlc": {"phys": 1758758680031, "cnt": 0, "node": "AF-N107"}, "package_id": "PKG58663", "payload": {"status": "CREATED"}, "sent_ts": 1758758663961, "arrival_ts": 1758758664125}
{"action": "recv", "src": "AF-N107", "dst": "NA-N189", "hlc": {"phys": 1758758680402, "cnt": 0, "node": "AF-N107"}, "package_id": "PKG58663", "payload": {"status": "SENT"}, "sent_ts": 1758758664332, "arrival_ts": 1758758664351}
{"action": "recv", "src": "AF-N107", "dst": "NA-N189", "hlc": {"phys": 1758758680619, "cnt": 0, "node": "AF-N107"}, "package_id": "PKG58663", "payload": {"status": "IN_TRANSIT"}, "sent_ts": 1758758664549, "arrival_ts": 1758758664718}
{"action": "recv", "src": "AF-N107", "dst": "NA-N189", "hlc": {"phys": 1758758680995, "cnt": 0, "node": "AF-N107"}, "package_id": "PKG58663", "payload": {"status": "RECEIVED"}, "sent_ts": 1758758664925, "arrival_ts": 1758758664996}
{"action": "recv", "src": "AF-N107", "dst": "NA-N189", "hlc": {"phys": 1758758681259, "cnt": 0, "node": "AF-N107"}, "package_id": "PKG58663", "payload": {"status": "DELIVERED"}, "sent_ts": 1758758665189, "arrival_ts": 1758758665221}
{"action": "recv", "src": "AS-N160", "dst": "NA-N189", "hlc": {"phys": 1758759107038, "cnt": 0, "node": "AS-N160"}, "package_id": "PKG59095", "payload": {"status": "CREATED"}, "sent_ts": 1758759095438, "arrival_ts": 1758759095534}
{"action": "recv", "src": "AS-N160", "dst": "NA-N189", "hlc": {"phys": 1758759107349, "cnt": 0, "node": "AS-N160"}, "package_id": "PKG59095", "payload": {"status": "SENT"}, "sent_ts": 1758759095749, "arrival_ts": 1758759095785}
{"action": "recv", "src": "AS-N160", "dst": "NA-N189", "hlc": {"phys": 1758759107596, "cnt": 0, "node": "AS-N160"}, "package_id": "PKG59095", "payload": {"status": "IN_TRANSIT"}, "sent_ts": 1758759095996, "arrival_ts": 1758759096034}
{"action": "recv", "src": "AS-N160", "dst": "NA-N189", "hlc": {"phys": 1758759107845, "cnt": 0, "node": "AS-N160"}, "package_id": "PKG59095", "payload": {"status": "RECEIVED"}, "sent_ts": 1758759096245, "arrival_ts": 1758759096359}
{"action": "recv", "src": "AS-N160", "dst": "NA-N189", "hlc": {"phys": 1758759108171, "cnt": 0, "node": "AS-N160"}, "package_id": "PKG59095", "payload": {"status": "DELIVERED"}, "sent_ts": 1758759096571, "arrival_ts": 1758759096702}
{"action": "recv", "src": "SA-N7", "dst": "NA-N189", "hlc": {"phys": 1758760406609, "cnt": 0, "node": "SA-N7"}, "package_id": "PKG60386", "payload": {"status": "CREATED"}, "sent_ts": 1758760386539, "arrival_ts": 1758760386648}
{"action": "recv", "src": "SA-N7", "dst": "NA-N189", "hlc": {"phys": 1758760406917, "cnt": 0, "node": "SA-N7"}, "package_id": "PKG60386", "payload": {"status": "SENT"}, "sent_ts": 1758760386847, "arrival_ts": 1758760386930}
{"action": "recv", "src": "SA-N7", "dst": "NA-N189", "hlc": {"phys": 1758760407199, "cnt": 0, "node": "SA-N7"}, "package_id": "PKG60386", "payload": {"status": "IN_TRANSIT"}, "sent_ts": 1758760387129, "arrival_ts": 1758760387184}
{"action": "recv", "src": "SA-N7", "dst": "NA-N189", "hlc": {"phys": 1758760407448, "cnt": 0, "node": "SA-N7"}, "package_id": "PKG60386", "payload": {"status": "RECEIVED"}, "sent_ts": 1758760387378, "arrival_ts": 1758760387437}
{"action": "recv", "src": "SA-N7", "dst": "NA-N189", "hlc": {"phys": 1758760407709, "cnt": 0, "node": "SA-N7"}, "package_id": "PKG60386", "payload": {"status": "DELIVERED"}, "sent_ts": 1758760387639, "arrival_ts": 1758760387712}
{"action": "send", "src": "NA-N189", "dst": "EU-N6", "hlc": {"phys": 1758760762632, "cnt": 0, "node": "NA-N189"}, "package_id": "PKG60760", "payload": {"status": "CREATED"}, "sent_ts": 1758760760742, "arrival_ts": 1758760760742}
{"action": "send", "src": "NA-N189", "dst": "EU-N6", "hlc": {"phys": 1758760762941, "cnt": 0, "node": "NA-N189"}, "package_id": "PKG60760", "payload": {"status": "SENT"}, "sent_ts": 1758760761051, "arrival_ts": 1758760761051}
{"action": "send", "src": "NA-N189", "dst": "EU-N6", "hlc": {"phys": 1758760763296, "cnt": 0, "node": "NA-N189"}, "package_id": "PKG60760", "payload": {"status": "IN_TRANSIT"}, "sent_ts": 1758760761406, "arrival_ts": 1758760761406}
{"action": "send", "src": "NA-N189", "dst": "EU-N6", "hlc": {"phys": 1758760763592, "cnt": 0, "node": "NA-N189"}, "package_id": "PKG60760", "payload": {"status": "RECEIVED"}, "sent_ts": 1758760761702, "arrival_ts": 1758760761702}
{"action": "send", "src": "NA-N189", "dst": "EU-N6", "hlc": {"phys": 1758760763979, "cnt": 0, "node": "NA-N189"}, "package_id": "PKG60760", "payload": {"status": "DELIVERED"}, "sent_ts": 1758760762089, "arrival_ts": 1758760762089}
{"action": "recv", "src": "EU-N193", "dst": "NA-N189", "hlc": {"phys": 1758764410996, "cnt": 0, "node": "EU-N193"}, "package_id": "PKG64404", "payload": {"status": "CREATED"}, "sent_ts": 1758764404066, "arrival_ts": 1758764404203}
{"action": "recv", "src": "EU-N193", "dst": "NA-N189", "hlc": {"phys": 1758764411337, "cnt": 0, "node": "EU-N193"}, "package_id": "PKG64404", "payload": {"status": "SENT"}, "sent_ts": 1758764404407, "arrival_ts": 1758764404552}
{"action": "recv", "src": "EU-N193", "dst": "NA-N189", "hlc": {"phys": 1758764411692, "cnt": 0, "node": "EU-N193"}, "package_id": "PKG64404", "payload": {"status": "IN_TRANSIT"}, "sent_ts": 1758764404762, "arrival_ts": 1758764404960}
{"action": "recv", "src": "EU-N193", "dst": "NA-N189", "hlc": {"phys": 1758764412098, "cnt": 0, "node": "EU-N193"}, "package_id": "PKG64404", "payload": {"status": "RECEIVED"}, "sent_ts": 1758764405168, "arrival_ts": 1758764405348}
{"action": "recv", "src": "EU-N193", "dst": "NA-N189", "hlc": {"phys": 1758764412485, "cnt": 0, "node": "EU-N193"}, "package_id": "PKG64404", "payload": {"status": "DELIVERED"}, "sent_ts": 1758764405555, "arrival_ts": 1758764405610}
{"action": "send", "src": "NA-N189", "dst": "AU-N14", "hlc": {"phys": 1758765330372, "cnt": 0, "node": "NA-N189"}, "package_id": "PKG65328", "payload": {"status": "CREATED"}, "sent_ts": 1758765328482, "arrival_ts": 1758765328482}
{"action": "send", "src": "NA-N189", "dst": "AU-N14", "hlc": {"phys": 1758765330616, "cnt": 0, "node": "NA-N189"}, "package_id": "PKG65328", "payload": {"status": "SENT"}, "sent_ts": 1758765328726, "arrival_ts": 1758765328726}
{"action": "send", "src": "NA-N189", "dst": "AU-N14", "hlc": {"phys": 1758765330995, "cnt": 0, "node": "NA-N189"}, "package_id": "PKG65328", "payload": {"status": "IN_TRANSIT"}, "sent_ts": 1758765329105, "arrival_ts": 1758765329105}
{"action": "send", "src": "NA-N189", "dst": "AU-N14", "hlc": {"phys": 1758765331360, "cnt": 0, "node": "NA-N189"}, "package_id": "PKG65328", "payload": {"status": "RECEIVED"}, "sent_ts": 1758765329470, "arrival_ts": 1758765329470}
{"action": "send", "src": "NA-N189", "dst": "AU-N14", "hlc": {"phys": 1758765331749, "cnt": 0, "node": "NA-N189"}, "package_id": "PKG65328", "payload": {"status": "DELIVERED"}, "sent_ts": 1758765329859, "arrival_ts": 1758765329859}
{"action": "send", "src": "NA-N189", "dst": "EU-N200", "hlc": {"phys": 1758800991583, "cnt": 0, "node": "NA-N189"}, "package_id": "PKG989", "payload": {"status": "CREATED"}, "sent_ts": 1758800989693, "arrival_ts": 1758800989693}
{"action": "send", "src": "NA-N189", "dst": "EU-N200", "hlc": {"phys": 1758800991934, "cnt": 0, "node": "NA-N189"}, "package_id": "PKG989", "payload": {"status": "SENT"}, "sent_ts": 1758800990044, "arrival_ts": 1758800990044}
{"action": "send", "src": "NA-N189", "dst": "EU-N200", "hlc": {"phys": 1758800992329, "cnt": 0, "node": "NA-N189"}, "package_id": "PKG989", "payload": {"status": "IN_TRANSIT"}, "sent_ts": 1758800990439, "arrival_ts": 1758800990439}
{"action": "send", "src": "NA-N189", "dst": "EU-N200", "hlc": {"phys": 1758800992655, "cnt": 0, "node": "NA-N189"}, "package_id": "PKG989", "payload": {"status": "RECEIVED"}, "sent_ts": 1758800990765, "arrival_ts": 1758800990765}
{"action": "send", "src": "NA-N189", "dst": "EU-N200", "hlc": {"phys": 1758800992885, "cnt": 0, "node": "NA-N189"}, "package_id": "PKG989", "payload": {"status": "DELIVERED"}, "sent_ts": 1758800990995, "arrival_ts": 1758800990995}
{"action": "send", "src": "NA-N189", "dst": "AU-N186", "hlc": {"phys": 1758802947365, "cnt": 0, "node": "NA-N189"}, "package_id": "PKG2945", "payload": {"status": "CREATED"}, "sent_ts": 1758802945475, "arrival_ts": 1758802945475}
{"action": "send", "src": "NA-N189", "dst": "AU-N186", "hlc": {"phys": 1758802947642, "cnt": 0, "node": "NA-N189"}, "package_id": "PKG2945", "payload": {"status": "SENT"}, "sent_ts": 1758802945752, "arrival_ts": 1758802945752}
{"action": "send", "src": "NA-N189", "dst": "AU-N186", "hlc": {"phys": 1758802947997, "cnt": 0, "node": "NA-N189"}, "package_id": "PKG2945", "payload": {"status": "IN_TRANSIT"}, "sent_ts": 1758802946107, "arrival_ts": 1758802946107}
{"action": "send", "src": "NA-N189", "dst": "AU-N186", "hlc": {"phys": 1758802948309, "cnt": 0, "node": "NA-N189"}, "package_id": "PKG2945", "payload": {"status": "RECEIVED"}, "sent_ts": 1758802946419, "arrival_ts": 1758802946419}
{"action": "send", "src": "NA-N189", "dst": "AU-N186", "hlc": {"phys": 1758802948681, "cnt": 0, "node": "NA-N189"}, "package_id": "PKG2945", "payload": {"status": "DELIVERED"}, "sent_ts": 1758802946791, "arrival_ts": 1758802946791}
{"action": "recv", "src": "AF-N52", "dst": "NA-N189", "hlc": {"phys": 1758803645689, "cnt": 0, "node": "AF-N52"}, "package_id": "PKG3630", "payload": {"status": "CREATED"}, "sent_ts": 1758803630169, "arrival_ts": 1758803630276}
{"action": "recv", "src": "AF-N52", "dst": "NA-N189", "hlc": {"phys": 1758803646007, "cnt": 0, "node": "AF-N52"}, "package_id": "PKG3630", "payload": {"status": "SENT"}, "sent_ts": 1758803630487, "arrival_ts": 1758803630627}
{"action": "recv", "src": "AF-N52", "dst": "NA-N189", "hlc": {"phys": 1758803646361, "cnt": 0, "node": "AF-N52"}, "package_id": "PKG3630", "payload": {"status": "IN_TRANSIT"}, "sent_ts": 1758803630841, "arrival_ts": 1758803630899}
{"action": "recv", "src": "AF-N52", "dst": "NA-N189", "hlc": {"phys": 1758803646606, "cnt": 0, "node": "AF-N52"}, "package_id": "PKG3630", "payload": {"status": "RECEIVED"}, "sent_ts": 1758803631086, "arrival_ts": 1758803631114}
{"action": "recv", "src": "AF-N52", "dst": "NA-N189", "hlc": {"phys": 1758803646835, "cnt": 0, "node": "AF-N52"}, "package_id": "PKG3630", "payload": {"status": "DELIVERED"}, "sent_ts": 1758803631315, "arrival_ts": 1758803631515}
{"action": "recv", "src": "AF-N53", "dst": "NA-N189", "hlc": {"phys": 1758804300111, "cnt": 0, "node": "AF-N53"}, "package_id": "PKG4284", "payload": {"status": "CREATED"}, "sent_ts": 1758804284581, "arrival_ts": 1758804284671}
{"action": "recv", "src": "AF-N53", "dst": "NA-N189", "hlc": {"phys": 1758804300411, "cnt": 0, "node": "AF-N53"}, "package_id": "PKG4284", "payload": {"status": "SENT"}, "sent_ts": 1758804284881, "arrival_ts": 1758804285058}
{"action": "recv", "src": "AF-N53", "dst": "NA-N189", "hlc": {"phys": 1758804300791, "cnt": 0, "node": "AF-N53"}, "package_id": "PKG4284", "payload": {"status": "IN_TRANSIT"}, "sent_ts": 1758804285261, "arrival_ts": 1758804285307}
{"action": "recv", "src": "AF-N53", "dst": "NA-N189", "hlc": {"phys": 1758804301048, "cnt": 0, "node": "AF-N53"}, "package_id": "PKG4284", "payload": {"status": "RECEIVED"}, "sent_ts": 1758804285518, "arrival_ts": 1758804285561}
{"action": "recv", "src": "AF-N53", "dst": "NA-N189", "hlc": {"phys": 1758804301295, "cnt": 0, "node": "AF-N53"}, "package_id": "PKG4284", "payload": {"status": "DELIVERED"}, "sent_ts": 1758804285765, "arrival_ts": 1758804285928}
{"action": "send", "src": "NA-N189", "dst": "EU-N121", "hlc": {"phys": 1758804315254, "cnt": 0, "node": "NA-N189"}, "package_id": "PKG4313", "payload": {"status": "CREATED"}, "sent_ts": 1758804313364, "arrival_ts": 1758804313364}
{"action": "send", "src": "NA-N189", "dst": "EU-N121", "hlc": {"phys": 1758804315570, "cnt": 0, "node": "NA-N189"}, "package_id": "PKG4313", "payload": {"status": "SENT"}, "sent_ts": 1758804313680, "arrival_ts": 1758804313680}
{"action": "send", "src": "NA-N189", "dst": "EU-N121", "hlc": {"phys": 1758804315911, "cnt": 0, "node": "NA-N189"}, "package_id": "PKG4313", "payload": {"status": "IN_TRANSIT"}, "sent_ts": 1758804314021, "arrival_ts": 1758804314021}
{"action": "send", "src": "NA-N189", "dst": "EU-N121", "hlc": {"phys": 1758804316212, "cnt": 0, "node": "NA-N189"}, "package_id": "PKG4313", "payload": {"status": "RECEIVED"}, "sent_ts": 1758804314322, "arrival_ts": 1758804314322}
{"action": "send", "src": "NA-N189", "dst": "EU-N121", "hlc": {"phys": 1758804316522, "cnt": 0, "node": "NA-N189"}, "package_id": "PKG4313", "payload": {"status": "DELIVERED"}, "sent_ts": 1758804314632, "arrival_ts": 1758804314632}
