{"action": "send", "src": "NA-N86", "dst": "AS-N134", "hlc": {"phys": 1758713980981, "cnt": 0, "node": "NA-N86"}, "package_id": "PKG13980", "payload": {"status": "CREATED"}, "sent_ts": 1758713980121, "arrival_ts": 1758713980121}
{"action": "send", "src": "NA-N86", "dst": "AS-N134", "hlc": {"phys": 1758713981374, "cnt": 0, "node": "NA-N86"}, "package_id": "PKG13980", "payload": {"status": "SENT"}, "sent_ts": 1758713980514, "arrival_ts": 1758713980514}
{"action": "send", "src": "NA-N86", "dst": "AS-N134", "hlc": {"phys": 1758713981731, "cnt": 0, "node": "NA-N86"}, "package_id": "PKG13980", "payload": {"status": "IN_TRANSIT"}, "sent_ts": 1758713980871, "arrival_ts": 1758713980871}
{"action": "send", "src": "NA-N86", "dst": "AS-N134", "hlc": {"phys": 1758713981976, "cnt": 0, "node": "NA-N86"}, "package_id": "PKG13980", "payload": {"status": "RECEIVED"}, "sent_ts": 1758713981116, "arrival_ts": 1758713981116}
{"action": "send", "src": "NA-N86", "dst": "AS-N134", "hlc": {"phys": 1758713982316, "cnt": 0, "node": "NA-N86"}, "package_id": "PKG13980", "payload": {"status": "DELIVERED"}, "sent_ts": 1758713981456, "arrival_ts": 1758713981456}
{"action": "send", "src": "NA-N86", "dst": "EU-N95", "hlc": {"phys": 1758718879582, "cnt": 0, "node": "NA-N86"}, "package_id": "PKG18878", "payload": {"status": "CREATED"}, "sent_ts": 1758718878722, "arrival_ts": 1758718878722}
{"action": "send", "src": "NA-N86", "dst": "EU-N95", "hlc": {"phys": 1758718879868, "cnt": 0, "node": "NA-N86"}, "package_id": "PKG18878", "payload": {"status": "SENT"}, "sent_ts": 1758718879008, "arrival_ts": 1758718879008}
{"action": "send", "src": "NA-N86", "dst": "EU-N95", "hlc": {"phys": 1758718880209, "cnt": 0, "node": "NA-N86"}, "package_id": "PKG18878", "payload": {"status": "IN_TRANSIT"}, "sent_ts": 1758718879349, "arrival_ts": 1758718879349}
{"action": "send", "src": "NA-N86", "dst": "EU-N95", "hlc": {"phys": 1758718880624, "cnt": 0, "node": "NA-N86"}, "package_id": "PKG18878", "payload": {"status": "RECEIVED"}, "sent_ts": 1758718879764, "arrival_ts": 1758718879764}
{"action": "send", "src": "NA-N86", "dst": "EU-N95", "hlc": {"phys": 1758718880971, "cnt": 0, "node": "NA-N86"}, "package_id": "PKG18878", "payload": {"status": "DELIVERED"}, "sent_ts": 1758718880111, "arrival_ts": 1758718880111}
{"action": "recv", "src": "EU-N109", "dst": "NA-N86", "hlc": {"phys": 1758719272025, "cnt": 0, "node": "EU-N109"}, "package_id": "PKG19265", "payload": {"status": "CREATED"}, "sent_ts": 1758719265935, "arrival_ts": 1758719266081}
{"action": "recv", "src": "EU-N109", "dst": "NA-N86", "hlc": {"phys": 1758719272372, "cnt": 0, "node": "EU-N109"}, "package_id": "PKG19265", "payload": {"status": "SENT"}, "sent_ts": 1758719266282, "arrival_ts": 1758719266394}
{"action": "recv", "src": "EU-N109", "dst": "NA-N86", "hlc": {"phys": 1758719272693, "cnt": 0, "node": "EU-N109"}, "package_id": "PKG19265", "payload": {"status": "IN_TRANSIT"}, "sent_ts": 1758719266603, "arrival_ts": 1758719266739}
{"action": "recv", "src": "EU-N109", "dst": "NA-N86", "hlc": {"phys": 1758719273030, "cnt": 0, "node": "EU-N109"}, "package_id": "PKG19265", "payload": {"status": "RECEIVED"}, "sent_ts": 1758719266940, "arrival_ts": 1758719267086}
{"action": "recv", "src": "EU-N109", "dst": "NA-N86", "hlc": {"phys": 1758719273388, "cnt": 0, "node": "EU-N109"}, "package_id": "PKG19265", "payload": {"status": "DELIVERED"}, "sent_ts": 1758719267298, "arrival_ts": 1758719267350}
{"action": "send", "src": "NA-N86", "dst": "EU-N185", "hlc": {"phys": 1758742931948, "cnt": 0, "node": "NA-N86"}, "package_id": "PKG42931", "payload": {"status": "CREATED"}, "sent_ts": 1758742931088, "arrival_ts": 1758742931088}
{"action": "send", "src": "NA-N86", "dst": "EU-N185", "hlc": {"phys": 1758742932233, "cnt": 0, "node": "NA-N86"}, "package_id": "PKG42931", "payload": {"status": "SENT"}, "sent_ts": 1758742931373, "arrival_ts": 1758742931373}
{"action": "send", "src": "NA-N86", "dst": "EU-N185", "hlc": {"phys": 1758742932620, "cnt": 0, "node": "NA-N86"}, "package_id": "PKG42931", "payload": {"status": "IN_TRANSIT"}, "sent_ts": 1758742931760, "arrival_ts": 1758742931760}
{"action": "send", "src": "NA-N86", "dst": "EU-N185", "hlc": {"phys": 1758742932965, "cnt": 0, "node": "NA-N86"}, "package_id": "PKG42931", "payload": {"status": "RECEIVED"}, "sent_ts": 1758742932105, "arrival_ts": 1758742932105}
{"action": "send", "src": "NA-N86", "dst": "EU-N185", "hlc": {"phys": 1758742933294, "cnt": 0, "node": "NA-N86"}, "package_id": "PKG42931", "payload": {"status": "DELIVERED"}, "sent_ts": 1758742932434, "arrival_ts": 1758742932434}
{"action": "recv", "src": "EU-N96", "dst": "NA-N86", "hlc": {"phys": 1758743759938, "cnt": 0, "node": "EU-N96"}, "package_id": "PKG43753", "payload": {"status": "CREATED"}, "sent_ts": 1758743753978, "arrival_ts": 1758743754056}
{"action": "recv", "src": "EU-N96", "dst": "NA-N86", "hlc": {"phys": 1758743760217, "cnt": 0, "node": "EU-N96"}, "package_id": "PKG43753", "payload": {"status": "SENT"}, "sent_ts": 1758743754257, "arrival_ts": 1758743754356}
{"action": "recv", "src": "EU-N96", "dst": "NA-N86", "hlc": {"phys": 1758743760510, "cnt": 0, "node": "EU-N96"}, "package_id": "PKG43753", "payload": {"status": "IN_TRANSIT"}, "sent_ts": 1758743754550, "arrival_ts": 1758743754628}
{"action": "recv", "src": "EU-N96", "dst": "NA-N86", "hlc": {"phys": 1758743760789, "cnt": 0, "node": "EU-N96"}, "package_id": "PKG43753", "payload": {"status": "RECEIVED"}, "sent_ts": 1758743754829, "arrival_ts": 1758743754931}
{"action": "recv", "src": "EU-N96", "dst": "NA-N86", "hlc": {"phys": 1758743761084, "cnt": 0, "node": "EU-N96"}, "package_id": "PKG43753", "payload": {"status": "DELIVERED"}, "sent_ts": 1758743755124, "arrival_ts": 1758743755210}
{"action": "recv", "src": "AS-N53", "dst": "NA-N86", "hlc": {"phys": 1758748283273, "cnt": 0, "node": "AS-N53"}, "package_id": "PKG48272", "payload": {"status": "CREATED"}, "sent_ts": 1758748272743, "arrival_ts": 1758748272842}
{"action": "recv", "src": "AS-N53", "dst": "NA-N86", "hlc": {"phys": 1758748283583, "cnt": 0, "node": "AS-N53"}, "package_id": "PKG48272", "payload": {"status": "SENT"}, "sent_ts": 1758748273053, "arrival_ts": 1758748273226}
{"action": "recv", "src": "AS-N53", "dst": "NA-N86", "hlc": {"phys": 1758748283960, "cnt": 0, "node": "AS-N53"}, "package_id": "PKG48272", "payload": {"status": "IN_TRANSIT"}, "sent_ts": 1758748273430, "arrival_ts": 1758748273461}
{"action": "recv", "src": "AS-N53", "dst": "NA-N86", "hlc": {"phys": 1758748284187, "cnt": 0, "node": "AS-N53"}, "package_id": "PKG48272", "payload": {"status": "RECEIVED"}, "sent_ts": 1758748273657, "arrival_ts": 1758748273719}
{"action": "recv", "src": "AS-N53", "dst": "NA-N86", "hlc": {"phys": 1758748284461, "cnt": 0, "node": "AS-N53"}, "package_id": "PKG48272", "payload": {"status": "DELIVERED"}, "sent_ts": 1758748273931, "arrival_ts": 1758748273966}
{"action": "recv", "src": "AF-N79", "dst": "NA-N86", "hlc": {"phys": 1758748994439, "cnt": 0, "node": "AF-N79"}, "package_id": "PKG48978", "payload": {"status": "CREATED"}, "sent_ts": 1758748978649, "arrival_ts": 1758748978669}
{"action": "recv", "src": "AF-N79", "dst": "NA-N86", "hlc": {"phys": 1758748994660, "cnt": 0, "node": "AF-N79"}, "package_id": "PKG48978", "payload": {"status": "SENT"}, "sent_ts": 1758748978870, "arrival_ts": 1758748978920}
{"action": "recv", "src": "AF-N79", "dst": "NA-N86", "hlc": {"phys": 1758748994913, "cnt": 0, "node": "AF-N79"}, "package_id": "PKG48978", "payload": {"status": "IN_TRANSIT"}, "sent_ts": 1758748979123, "arrival_ts": 1758748979298}
{"action": "recv", "src": "AF-N79", "dst": "NA-N86", "hlc": {"phys": 1758748995291, "cnt": 0, "node": "AF-N79"}, "package_id": "PKG48978", "payload": {"status": "RECEIVED"}, "sent_ts": 1758748979501, "arrival_ts": 1758748979696}
{"action": "recv", "src": "AF-N79", "dst": "NA-N86", "hlc": {"phys": 1758748995687, "cnt": 0, "node": "AF-N79"}, "package_id": "PKG48978", "payload": {"status": "DELIVERED"}, "sent_ts": 1758748979897, "arrival_ts": 1758748979912}
{"action": "send", "src": "NA-N86", "dst": "AU-N159", "hlc": {"phys": 1758749561905, "cnt": 0, "node": "NA-N86"}, "package_id": "PKG49561", "payload": {"status": "CREATED"}, "sent_ts": 1758749561045, "arrival_ts": 1758749561045}
{"action": "send", "src": "NA-N86", "dst": "AU-N159", "hlc": {"phys": 1758749562281, "cnt": 0, "node": "NA-N86"}, "package_id": "PKG49561", "payload": {"status": "SENT"}, "sent_ts": 1758749561421, "arrival_ts": 1758749561421}
{"action": "send", "src": "NA-N86", "dst": "AU-N159", "hlc": {"phys": 1758749562670, "cnt": 0, "node": "NA-N86"}, "package_id": "PKG49561", "payload": {"status": "IN_TRANSIT"}, "sent_ts": 1758749561810, "arrival_ts": 1758749561810}
{"action": "send", "src": "NA-N86", "dst": "AU-N159", "hlc": {"phys": 1758749563012, "cnt": 0, "node": "NA-N86"}, "package_id": "PKG49561", "payload": {"status": "RECEIVED"}, "sent_ts": 1758749562152, "arrival_ts": 1758749562152}
{"action": "send", "src": "NA-N86", "dst": "AU-N159", "hlc": {"phys": 1758749563385, "cnt": 0, "node": "NA-N86"}, "package_id": "PKG49561", "payload": {"status": "DELIVERED"}, "sent_ts": 1758749562525, "arrival_ts": 1758749562525}
{"action": "recv", "src": "AF-N97", "dst": "NA-N86", "hlc": {"phys": 1758752351598, "cnt": 0, "node": "AF-N97"}, "package_id": "PKG52335", "payload": {"status": "CREATED"}, "sent_ts": 1758752335628, "arrival_ts": 1758752335815}
{"action": "recv", "src": "AF-N97", "dst": "NA-N86", "hlc": {"phys": 1758752351996, "cnt": 0, "node": "AF-N97"}, "package_id": "PKG52335", "payload": {"status": "SENT"}, "sent_ts": 1758752336026, "arrival_ts": 1758752336206}
{"action": "recv", "src": "AF-N97", "dst": "NA-N86", "hlc": {"phys": 1758752352393, "cnt": 0, "node": "AF-N97"}, "package_id": "PKG52335", "payload": {"status": "IN_TRANSIT"}, "sent_ts": 1758752336423, "arrival_ts": 1758752336620}
{"action": "recv", "src": "AF-N97", "dst": "NA-N86", "hlc": {"phys": 1758752352786, "cnt": 0, "node": "AF-N97"}, "package_id": "PKG52335", "payload": {"status": "RECEIVED"}, "sent_ts": 1758752336816, "arrival_ts": 1758752336999}
{"action": "recv", "src": "AF-N97", "dst": "NA-N86", "hlc": {"phys": 1758752353167, "cnt": 0, "node": "AF-N97"}, "package_id": "PKG52335", "payload": {"status": "DELIVERED"}, "sent_ts": 1758752337197, "arrival_ts": 1758752337216}
{"action": "recv", "src": "EU-N186", "dst": "NA-N86", "hlc": {"phys": 1758753492650, "cnt": 0, "node": "EU-N186"}, "package_id": "PKG53485", "payload": {"status": "CREATED"}, "sent_ts": 1758753485790, "arrival_ts": 1758753485897}
{"action": "recv", "src": "EU-N186", "dst": "NA-N86", "hlc": {"phys": 1758753492961, "cnt": 0, "node": "EU-N186"}, "package_id": "PKG53485", "payload": {"status": "SENT"}, "sent_ts": 1758753486101, "arrival_ts": 1758753486145}
{"action": "recv", "src": "EU-N186", "dst": "NA-N86", "hlc": {"phys": 1758753493214, "cnt": 0, "node": "EU-N186"}, "package_id": "PKG53485", "payload": {"status": "IN_TRANSIT"}, "sent_ts": 1758753486354, "arrival_ts": 1758753486446}
{"action": "recv", "src": "EU-N186", "dst": "NA-N86", "hlc": {"phys": 1758753493507, "cnt": 0, "node": "EU-N186"}, "package_id": "PKG53485", "payload": {"status": "RECEIVED"}, "sent_ts": 1758753486647, "arrival_ts": 1758753486712}
{"action": "recv", "src": "EU-N186", "dst": "NA-N86", "hlc": {"phys": 1758753493777, "cnt": 0, "node": "EU-N186"}, "package_id": "PKG53485", "payload": {"status": "DELIVERED"}, "sent_ts": 1758753486917, "arrival_ts": 1758753486956}
{"action": "send", "src": "NA-N86", "dst": "AN-N107", "hlc": {"phys": 1758754389397, "cnt": 0, "node": "NA-N86"}, "package_id": "PKG54388", "payload": {"status": "CREATED"}, "sent_ts": 1758754388537, "arrival_ts": 1758754388537}
{"action": "send", "src": "NA-N86", "dst": "AN-N107", "hlc": {"phys": 1758754389685, "cnt": 0, "node": "NA-N86"}, "package_id": "PKG54388", "payload": {"status": "SENT"}, "sent_ts": 1758754388825, "arrival_ts": 1758754388825}
{"action": "send", "src": "NA-N86", "dst": "AN-N107", "hlc": {"phys": 1758754390064, "cnt": 0, "node": "NA-N86"}, "package_id": "PKG54388", "payload": {"status": "IN_TRANSIT"}, "sent_ts": 1758754389204, "arrival_ts": 1758754389204}
{"action": "send", "src": "NA-N86", "dst": "AN-N107", "hlc": {"phys": 1758754390330, "cnt": 0, "node": "NA-N86"}, "package_id": "PKG54388", "payload": {"status": "RECEIVED"}, "sent_ts": 1758754389470, "arrival_ts": 1758754389470}
{"action": "send", "src": "NA-N86", "dst": "AN-N107", "hlc": {"phys": 1758754390695, "cnt": 0, "node": "NA-N86"}, "package_id": "PKG54388", "payload": {"status": "DELIVERED"}, "sent_ts": 1758754389835, "arrival_ts": 1758754389835}
{"action": "recv", "src": "AN-N160", "dst": "NA-N86", "hlc": {"phys": 1758755602181, "cnt": 0, "node": "AN-N160"}, "package_id": "PKG55570", "payload": {"status": "CREATED"}, "sent_ts": 1758755570581, "arrival_ts": 1758755570776}
{"action": "recv", "src": "AN-N160", "dst": "NA-N86", "hlc": {"phys": 1758755602592, "cnt": 0, "node": "AN-N160"}, "package_id": "PKG55570", "payload": {"status": "SENT"}, "sent_ts": 1758755570992, "arrival_ts": 1758755571010}
{"action": "recv", "src": "AN-N160", "dst": "NA-N86", "hlc": {"phys": 1758755602806, "cnt": 0, "node": "AN-N160"}, "package_id": "PKG55570", "payload": {"status": "IN_TRANSIT"}, "sent_ts": 1758755571206, "arrival_ts": 1758755571401}
{"action": "recv", "src": "AN-N160", "dst": "NA-N86", "hlc": {"phys": 1758755603215, "cnt": 0, "node": "AN-N160"}, "package_id": "PKG55570", "payload": {"status": "RECEIVED"}, "sent_ts": 1758755571615, "arrival_ts": 1758755571641}
{"action": "recv", "src": "AN-N160", "dst": "NA-N86", "hlc": {"phys": 1758755603461, "cnt": 0, "node": "AN-N160"}, "package_id": "PKG55570", "payload": {"status": "DELIVERED"}, "sent_ts": 1758755571861, "arrival_ts": 1758755571934}
{"action": "send", "src": "NA-N86", "dst": "EU-N52", "hlc": {"phys": 1758757738535, "cnt": 0, "node": "NA-N86"}, "package_id": "PKG57737", "payload": {"status": "CREATED"}, "sent_ts": 1758757737675, "arrival_ts": 1758757737675}
{"action": "send", "src": "NA-N86", "dst": "EU-N52", "hlc": {"phys": 1758757738910, "cnt": 0, "node": "NA-N86"}, "package_id": "PKG57737", "payload": {"status": "SENT"}, "sent_ts": 1758757738050, "arrival_ts": 1758757738050}
{"action": "send", "src": "NA-N86", "dst": "EU-N52", "hlc": {"phys": 1758757739145, "cnt": 0, "node": "NA-N86"}, "package_id": "PKG57737", "payload": {"status": "IN_TRANSIT"}, "sent_ts": 1758757738285, "arrival_ts": 1758757738285}
{"action": "send", "src": "NA-N86", "dst": "EU-N52", "hlc": {"phys": 1758757739423, "cnt": 0, "node": "NA-N86"}, "package_id": "PKG57737", "payload": {"status": "RECEIVED"}, "sent_ts": 1758757738563, "arrival_ts": 1758757738563}
{"action": "send", "src": "NA-N86", "dst": "EU-N52", "hlc": {"phys": 1758757739830, "cnt": 0, "node": "NA-N86"}, "package_id": "PKG57737", "payload": {"status": "DELIVERED"}, "sent_ts": 1758757738969, "arrival_ts": 1758757738970}
{"action": "send", "src": "NA-N86", "dst": "AN-N151", "hlc": {"phys": 1758758844038, "cnt": 0, "node": "NA-N86"}, "package_id": "PKG58843", "payload": {"status": "CREATED"}, "sent_ts": 1758758843178, "arrival_ts": 1758758843178}
{"action": "send", "src": "NA-N86", "dst": "AN-N151", "hlc": {"phys": 1758758844318, "cnt": 0, "node": "NA-N86"}, "package_id": "PKG58843", "payload": {"status": "SENT"}, "sent_ts": 1758758843458, "arrival_ts": 1758758843458}
{"action": "send", "src": "NA-N86", "dst": "AN-N151", "hlc": {"phys": 1758758844675, "cnt": 0, "node": "NA-N86"}, "package_id": "PKG58843", "payload": {"status": "IN_TRANSIT"}, "sent_ts": 1758758843815, "arrival_ts": 1758758843816}
{"action": "send", "src": "NA-N86", "dst": "AN-N151", "hlc": {"phys": 1758758844970, "cnt": 0, "node": "NA-N86"}, "package_id": "PKG58843", "payload": {"status": "RECEIVED"}, "sent_ts": 1758758844110, "arrival_ts": 1758758844110}
{"action": "send", "src": "NA-N86", "dst": "AN-N151", "hlc": {"phys": 1758758845281, "cnt": 0, "node": "NA-N86"}, "package_id": "PKG58843", "payload": {"status": "DELIVERED"}, "sent_ts": 1758758844421, "arrival_ts": 1758758844421}
{"action": "send", "src": "NA-N86", "dst": "AF-N156", "hlc": {"phys": 1758760518890, "cnt": 0, "node": "NA-N86"}, "package_id": "PKG60518", "payload": {"status": "CREATED"}, "sent_ts": 1758760518030, "arrival_ts": 1758760518030}
{"action": "send", "src": "NA-N86", "dst": "AF-N156", "hlc": {"phys": 1758760519187, "cnt": 0, "node": "NA-N86"}, "package_id": "PKG60518", "payload": {"status": "SENT"}, "sent_ts": 1758760518327, "arrival_ts": 1758760518327}
{"action": "send", "src": "NA-N86", "dst": "AF-N156", "hlc": {"phys": 1758760519477, "cnt": 0, "node": "NA-N86"}, "package_id": "PKG60518", "payload": {"status": "IN_TRANSIT"}, "sent_ts": 1758760518617, "arrival_ts": 1758760518617}
{"action": "send", "src": "NA-N86", "dst": "AF-N156", "hlc": {"phys": 1758760519700, "cnt": 0, "node": "NA-N86"}, "package_id": "PKG60518", "payload": {"status": "RECEIVED"}, "sent_ts": 1758760518840, "arrival_ts": 1758760518841}
{"action": "send", "src": "NA-N86", "dst": "AF-N156", "hlc": {"phys": 1758760519988, "cnt": 0, "node": "NA-N86"}, "package_id": "PKG60518", "payload": {"status": "DELIVERED"}, "sent_ts": 1758760519128, "arrival_ts": 1758760519128}
{"action": "send", "src": "NA-N86", "dst": "AS-N88", "hlc": {"phys": 1758760557053, "cnt": 0, "node": "NA-N86"}, "package_id": "PKG60556", "payload": {"status": "CREATED"}, "sent_ts": 1758760556193, "arrival_ts": 1758760556193}
{"action": "send", "src": "NA-N86", "dst": "AS-N88", "hlc": {"phys": 1758760557326, "cnt": 0, "node": "NA-N86"}, "package_id": "PKG60556", "payload": {"status": "SENT"}, "sent_ts": 1758760556466, "arrival_ts": 1758760556466}
{"action": "send", "src": "NA-N86", "dst": "AS-N88", "hlc": {"phys": 1758760557584, "cnt": 0, "node": "NA-N86"}, "package_id": "PKG60556", "payload": {"status": "IN_TRANSIT"}, "sent_ts": 1758760556724, "arrival_ts": 1758760556725}
{"action": "send", "src": "NA-N86", "dst": "AS-N88", "hlc": {"phys": 1758760557942, "cnt": 0, "node": "NA-N86"}, "package_id": "PKG60556", "payload": {"status": "RECEIVED"}, "sent_ts": 1758760557082, "arrival_ts": 1758760557082}
{"action": "send", "src": "NA-N86", "dst": "AS-N88", "hlc": {"phys": 1758760558339, "cnt": 0, "node": "NA-N86"}, "package_id": "PKG60556", "payload": {"status": "DELIVERED"}, "sent_ts": 1758760557479, "arrival_ts": 1758760557479}
{"action": "recv", "src": "EU-N21", "dst": "NA-N86", "hlc": {"phys": 1758761825365, "cnt": 0, "node": "EU-N21"}, "package_id": "PKG61820", "payload": {"status": "CREATED"}, "sent_ts": 1758761820155, "arrival_ts": 1758761820176}
{"action": "recv", "src": "EU-N21", "dst": "NA-N86", "hlc": {"phys": 1758761825579, "cnt": 0, "node": "EU-N21"}, "package_id": "PKG61820", "payload": {"status": "SENT"}, "sent_ts": 1758761820369, "arrival_ts": 1758761820484}
{"action": "recv", "src": "EU-N21", "dst": "NA-N86", "hlc": {"phys": 1758761825895, "cnt": 0, "node": "EU-N21"}, "package_id": "PKG61820", "payload": {"status": "IN_TRANSIT"}, "sent_ts": 1758761820685, "arrival_ts": 1758761820741}
{"action": "recv", "src": "EU-N21", "dst": "NA-N86", "hlc": {"phys": 1758761826155, "cnt": 0, "node": "EU-N21"}, "package_id": "PKG61820", "payload": {"status": "RECEIVED"}, "sent_ts": 1758761820945, "arrival_ts": 1758761821114}
{"action": "recv", "src": "EU-N21", "dst": "NA-N86", "hlc": {"phys": 1758761826534, "cnt": 0, "node": "EU-N21"}, "package_id": "PKG61820", "payload": {"status": "DELIVERED"}, "sent_ts": 1758761821324, "arrival_ts": 1758761821420}
{"action": "send", "src": "NA-N86", "dst": "AN-N87", "hlc": {"phys": 1758762331969, "cnt": 0, "node": "NA-N86"}, "package_id": "PKG62331", "payload": {"status": "CREATED"}, "sent_ts": 1758762331109, "arrival_ts": 1758762331109}
{"action": "send", "src": "NA-N86", "dst": "AN-N87", "hlc": {"phys": 1758762332219, "cnt": 0, "node": "NA-N86"}, "package_id": "PKG62331", "payload": {"status": "SENT"}, "sent_ts": 1758762331359, "arrival_ts": 1758762331359}
{"action": "send", "src": "NA-N86", "dst": "AN-N87", "hlc": {"phys": 1758762332522, "cnt": 0, "node": "NA-N86"}, "package_id": "PKG62331", "payload": {"status": "IN_TRANSIT"}, "sent_ts": 1758762331662, "arrival_ts": 1758762331662}
{"action": "send", "src": "NA-N86", "dst": "AN-N87", "hlc": {"phys": 1758762332802, "cnt": 0, "node": "NA-N86"}, "package_id": "PKG62331", "payload": {"status": "RECEIVED"}, "sent_ts": 1758762331941, "arrival_ts": 1758762331942}
{"action": "send", "src": "NA-N86", "dst": "AN-N87", "hlc": {"phys": 1758762333097, "cnt": 0, "node": "NA-N86"}, "package_id": "PKG62331", "payload": {"status": "DELIVERED"}, "sent_ts": 1758762332237, "arrival_ts": 1758762332237}
{"action": "recv", "src": "AU-N91", "dst": "NA-N86", "hlc": {"phys": 1758764163239, "cnt": 0, "node": "AU-N91"}, "package_id": "PKG64137", "payload": {"status": "CREATED"}, "sent_ts": 1758764137329, "arrival_ts": 1758764137449}
{"action": "recv", "src": "AU-N91", "dst": "NA-N86", "hlc": {"phys": 1758764163562, "cnt": 0, "node": "AU-N91"}, "package_id": "PKG64137", "payload": {"status": "SENT"}, "sent_ts": 1758764137652, "arrival_ts": 1758764137839}
{"action": "recv", "src": "AU-N91", "dst": "NA-N86", "hlc": {"phys": 1758764163962, "cnt": 0, "node": "AU-N91"}, "package_id": "PKG64137", "payload": {"status": "IN_TRANSIT"}, "sent_ts": 1758764138052, "arrival_ts": 1758764138170}
{"action": "recv", "src": "AU-N91", "dst": "NA-N86", "hlc": {"phys": 1758764164271, "cnt": 0, "node": "AU-N91"}, "package_id": "PKG64137", "payload": {"status": "RECEIVED"}, "sent_ts": 1758764138361, "arrival_ts": 1758764138413}
{"action": "recv", "src": "AU-N91", "dst": "NA-N86", "hlc": {"phys": 1758764164534, "cnt": 0, "node": "AU-N91"}, "package_id": "PKG64137", "payload": {"status": "DELIVERED"}, "sent_ts": 1758764138624, "arrival_ts": 1758764138650}
{"action": "recv", "src": "NA-N135", "dst": "NA-N86", "hlc": {"phys": 1758764548318, "cnt": 0, "node": "NA-N135"}, "package_id": "PKG64546", "payload": {"status": "CREATED"}, "sent_ts": 1758764546968, "arrival_ts": 1758764547087}
{"action": "recv", "src": "NA-N135", "dst": "NA-N86", "hlc": {"phys": 1758764548644, "cnt": 0, "node": "NA-N135"}, "package_id": "PKG64546", "payload": {"status": "SENT"}, "sent_ts": 1758764547294, "arrival_ts": 1758764547389}
{"action": "recv", "src": "NA-N135", "dst": "NA-N86", "hlc": {"phys": 1758764548946, "cnt": 0, "node": "NA-N135"}, "package_id": "PKG64546", "payload": {"status": "IN_TRANSIT"}, "sent_ts": 1758764547596, "arrival_ts": 1758764547714}
{"action": "recv", "src": "NA-N135", "dst": "NA-N86", "hlc": {"phys": 1758764549273, "cnt": 0, "node": "NA-N135"}, "package_id": "PKG64546", "payload": {"status": "RECEIVED"}, "sent_ts": 1758764547923, "arrival_ts": 1758764548085}
{"action": "recv", "src": "NA-N135", "dst": "NA-N86", "hlc": {"phys": 1758764549649, "cnt": 0, "node": "NA-N135"}, "package_id": "PKG64546", "payload": {"status": "DELIVERED"}, "sent_ts": 1758764548299, "arrival_ts": 1758764548497}
{"action": "send", "src": "NA-N86", "dst": "EU-N52", "hlc": {"phys": 1758800880977, "cnt": 0, "node": "NA-N86"}, "package_id": "PKG880", "payload": {"status": "CREATED"}, "sent_ts": 1758800880117, "arrival_ts": 1758800880117}
{"action": "send", "src": "NA-N86", "dst": "EU-N52", "hlc": {"phys": 1758800881349, "cnt": 0, "node": "NA-N86"}, "package_id": "PKG880", "payload": {"status": "SENT"}, "sent_ts": 1758800880489, "arrival_ts": 1758800880489}
{"action": "send", "src": "NA-N86", "dst": "EU-N52", "hlc": {"phys": 1758800881705, "cnt": 0, "node": "NA-N86"}, "package_id": "PKG880", "payload": {"status": "IN_TRANSIT"}, "sent_ts": 1758800880845, "arrival_ts": 1758800880845}
{"action": "send", "src": "NA-N86", "dst": "EU-N52", "hlc": {"phys": 1758800882093, "cnt": 0, "node": "NA-N86"}, "package_id": "PKG880", "payload": {"status": "RECEIVED"}, "sent_ts": 1758800881233, "arrival_ts": 1758800881233}
{"action": "send", "src": "NA-N86", "dst": "EU-N52", "hlc": {"phys": 1758800882499, "cnt": 0, "node": "NA-N86"}, "package_id": "PKG880", "payload": {"status": "DELIVERED"}, "sent_ts": 1758800881639, "arrival_ts": 1758800881639}
{"action": "send", "src": "NA-N86", "dst": "AN-N43", "hlc": {"phys": 1758803068522, "cnt": 0, "node": "NA-N86"}, "package_id": "PKG3067", "payload": {"status": "CREATED"}, "sent_ts": 1758803067662, "arrival_ts": 1758803067662}
{"action": "send", "src": "NA-N86", "dst": "AN-N43", "hlc": {"phys": 1758803068778, "cnt": 0, "node": "NA-N86"}, "package_id": "PKG3067", "payload": {"status": "SENT"}, "sent_ts": 1758803067918, "arrival_ts": 1758803067918}
{"action": "send", "src": "NA-N86", "dst": "AN-N43", "hlc": {"phys": 1758803069165, "cnt": 0, "node": "NA-N86"}, "package_id": "PKG3067", "payload": {"status": "IN_TRANSIT"}, "sent_ts": 1758803068305, "arrival_ts": 1758803068305}
{"action": "send", "src": "NA-N86", "dst": "AN-N43", "hlc": {"phys": 1758803069396, "cnt": 0, "node": "NA-N86"}, "package_id": "PKG3067", "payload": {"status": "RECEIVED"}, "sent_ts": 1758803068536, "arrival_ts": 1758803068536}
{"action": "send", "src": "NA-N86", "dst": "AN-N43", "hlc": {"phys": 1758803069694, "cnt": 0, "node": "NA-N86"}, "package_id": "PKG3067", "payload": {"status": "DELIVERED"}, "sent_ts": 1758803068834, "arrival_ts": 1758803068834}
{"action": "send", "src": "NA-N86", "dst": "EU-N115", "hlc": {"phys": 1758804465982, "cnt": 0, "node": "NA-N86"}, "package_id": "PKG4465", "payload": {"status": "CREATED"}, "sent_ts": 1758804465122, "arrival_ts": 1758804465122}
{"action": "send", "src": "NA-N86", "dst": "EU-N115", "hlc": {"phys": 1758804466315, "cnt": 0, "node": "NA-N86"}, "package_id": "PKG4465", "payload": {"status": "SENT"}, "sent_ts": 1758804465455, "arrival_ts": 1758804465455}
{"action": "send", "src": "NA-N86", "dst": "EU-N115", "hlc": {"phys": 1758804466615, "cnt": 0, "node": "NA-N86"}, "package_id": "PKG4465", "payload": {"status": "IN_TRANSIT"}, "sent_ts": 1758804465755, "arrival_ts": 1758804465755}
{"action": "send", "src": "NA-N86", "dst": "EU-N115", "hlc": {"phys": 1758804466872, "cnt": 0, "node": "NA-N86"}, "package_id": "PKG4465", "payload": {"status": "RECEIVED"}, "sent_ts": 1758804466012, "arrival_ts": 1758804466012}
{"action": "send", "src": "NA-N86", "dst": "EU-N115", "hlc": {"phys": 1758804467252, "cnt": 0, "node": "NA-N86"}, "package_id": "PKG4465", "payload": {"status": "DELIVERED"}, "sent_ts": 1758804466392, "arrival_ts": 1758804466392}
{"action": "recv", "src": "SA-N174", "dst": "NA-N86", "hlc": {"phys": 1758804593275, "cnt": 0, "node": "SA-N174"}, "package_id": "PKG4571", "payload": {"status": "CREATED"}, "sent_ts": 1758804571535, "arrival_ts": 1758804571616}
{"action": "recv", "src": "SA-N174", "dst": "NA-N86", "hlc": {"phys": 1758804593554, "cnt": 0, "node": "SA-N174"}, "package_id": "PKG4571", "payload": {"status": "SENT"}, "sent_ts": 1758804571814, "arrival_ts": 1758804571889}
{"action": "recv", "src": "SA-N174", "dst": "NA-N86", "hlc": {"phys": 1758804593847, "cnt": 0, "node": "SA-N174"}, "package_id": "PKG4571", "payload": {"status": "IN_TRANSIT"}, "sent_ts": 1758804572107, "arrival_ts": 1758804572169}
{"action": "recv", "src": "SA-N174", "dst": "NA-N86", "hlc": {"phys": 1758804594108, "cnt": 0, "node": "SA-N174"}, "package_id": "PKG4571", "payload": {"status": "RECEIVED"}, "sent_ts": 1758804572368, "arrival_ts": 1758804572412}
{"action": "recv", "src": "SA-N174", "dst": "NA-N86", "hlc": {"phys": 1758804594358, "cnt": 0, "node": "SA-N174"}, "package_id": "PKG4571", "payload": {"status": "DELIVERED"}, "sent_ts": 1758804572618, "arrival_ts": 1758804572649}
{"action": "recv", "src": "SA-N31", "dst": "NA-N86", "hlc": {"phys": 1758812294006, "cnt": 0, "node": "SA-N31"}, "package_id": "PKG12273", "payload": {"status": "CREATED"}, "sent_ts": 1758812273696, "arrival_ts": 1758812273746}
{"action": "recv", "src": "SA-N31", "dst": "NA-N86", "hlc": {"phys": 1758812294256, "cnt": 0, "node": "SA-N31"}, "package_id": "PKG12273", "payload": {"status": "SENT"}, "sent_ts": 1758812273946, "arrival_ts": 1758812273995}
{"action": "recv", "src": "SA-N31", "dst": "NA-N86", "hlc": {"phys": 1758812294505, "cnt": 0, "node": "SA-N31"}, "package_id": "PKG12273", "payload": {"status": "IN_TRANSIT"}, "sent_ts": 1758812274195, "arrival_ts": 1758812274393}
{"action": "recv", "src": "SA-N31", "dst": "NA-N86", "hlc": {"phys": 1758812294908, "cnt": 0, "node": "SA-N31"}, "package_id": "PKG12273", "payload": {"status": "RECEIVED"}, "sent_ts": 1758812274598, "arrival_ts": 1758812274703}
{"action": "recv", "src": "SA-N31", "dst": "NA-N86", "hlc": {"phys": 1758812295218, "cnt": 0, "node": "SA-N31"}, "package_id": "PKG12273", "payload": {"status": "DELIVERED"}, "sent_ts": 1758812274908, "arrival_ts": 1758812275079}
{"action": "recv", "src": "SA-N120", "dst": "NA-N86", "hlc": {"phys": 1758815381678, "cnt": 0, "node": "SA-N120"}, "package_id": "PKG15360", "payload": {"status": "CREATED"}, "sent_ts": 1758815360478, "arrival_ts": 1758815360597}
{"action": "recv", "src": "SA-N120", "dst": "NA-N86", "hlc": {"phys": 1758815382005, "cnt": 0, "node": "SA-N120"}, "package_id": "PKG15360", "payload": {"status": "SENT"}, "sent_ts": 1758815360805, "arrival_ts": 1758815360962}
{"action": "recv", "src": "SA-N120", "dst": "NA-N86", "hlc": {"phys": 1758815382364, "cnt": 0, "node": "SA-N120"}, "package_id": "PKG15360", "payload": {"status": "IN_TRANSIT"}, "sent_ts": 1758815361164, "arrival_ts": 1758815361296}
{"action": "recv", "src": "SA-N120", "dst": "NA-N86", "hlc": {"phys": 1758815382701, "cnt": 0, "node": "SA-N120"}, "package_id": "PKG15360", "payload": {"status": "RECEIVED"}, "sent_ts": 1758815361501, "arrival_ts": 1758815361628}
{"action": "recv", "src": "SA-N120", "dst": "NA-N86", "hlc": {"phys": 1758815383028, "cnt": 0, "node": "SA-N120"}, "package_id": "PKG15360", "payload": {"status": "DELIVERED"}, "sent_ts": 1758815361828, "arrival_ts": 1758815362022}
{"action": "send", "src": "NA-N86", "dst": "EU-N142", "hlc": {"phys": 1758815639327, "cnt": 0, "node": "NA-N86"}, "package_id": "PKG15638", "payload": {"status": "CREATED"}, "sent_ts": 1758815638467, "arrival_ts": 1758815638467}
{"action": "send", "src": "NA-N86", "dst": "EU-N142", "hlc": {"phys": 1758815639560, "cnt": 0, "node": "NA-N86"}, "package_id": "PKG15638", "payload": {"status": "SENT"}, "sent_ts": 1758815638700, "arrival_ts": 1758815638700}
{"action": "send", "src": "NA-N86", "dst": "EU-N142", "hlc": {"phys": 1758815639964, "cnt": 0, "node": "NA-N86"}, "package_id": "PKG15638", "payload": {"status": "IN_TRANSIT"}, "sent_ts": 1758815639104, "arrival_ts": 1758815639104}
{"action": "send", "src": "NA-N86", "dst": "EU-N142", "hlc": {"phys": 1758815640272, "cnt": 0, "node": "NA-N86"}, "package_id": "PKG15638", "payload": {"status": "RECEIVED"}, "sent_ts": 1758815639412, "arrival_ts": 1758815639412}
{"action": "send", "src": "NA-N86", "dst": "EU-N142", "hlc": {"phys": 1758815640520, "cnt": 0, "node": "NA-N86"}, "package_id": "PKG15638", "payload": {"status": "DELIVERED"}, "sent_ts": 1758815639660, "arrival_ts": 1758815639660}
