{"action": "recv", "src": "SA-N79", "dst": "NA-N195", "hlc": {"phys": 1758714339341, "cnt": 0, "node": "SA-N79"}, "package_id": "PKG14318", "payload": {"status": "CREATED"}, "sent_ts": 1758714318551, "arrival_ts": 1758714318693}
{"action": "recv", "src": "SA-N79", "dst": "NA-N195", "hlc": {"phys": 1758714339684, "cnt": 0, "node": "SA-N79"}, "package_id": "PKG14318", "payload": {"status": "SENT"}, "sent_ts": 1758714318894, "arrival_ts": 1758714319045}
{"action": "recv", "src": "SA-N79", "dst": "NA-N195", "hlc": {"phys": 1758714340041, "cnt": 0, "node": "SA-N79"}, "package_id": "PKG14318", "payload": {"status": "IN_TRANSIT"}, "sent_ts": 1758714319251, "arrival_ts": 1758714319268}
{"action": "recv", "src": "SA-N79", "dst": "NA-N195", "hlc": {"phys": 1758714340259, "cnt": 0, "node": "SA-N79"}, "package_id": "PKG14318", "payload": {"status": "RECEIVED"}, "sent_ts": 1758714319469, "arrival_ts": 1758714319582}
{"action": "recv", "src": "SA-N79", "dst": "NA-N195", "hlc": {"phys": 1758714340570, "cnt": 0, "node": "SA-N79"}, "package_id": "PKG14318", "payload": {"status": "DELIVERED"}, "sent_ts": 1758714319780, "arrival_ts": 1758714319923}
{"action": "send", "src": "NA-N195", "dst": "AN-N35", "hlc": {"phys": 1758717011457, "cnt": 0, "node": "NA-N195"}, "package_id": "PKG17009", "payload": {"status": "CREATED"}, "sent_ts": 1758717009507, "arrival_ts": 1758717009507}
{"action": "send", "src": "NA-N195", "dst": "AN-N35", "hlc": {"phys": 1758717011769, "cnt": 0, "node": "NA-N195"}, "package_id": "PKG17009", "payload": {"status": "SENT"}, "sent_ts": 1758717009819, "arrival_ts": 1758717009820}
{"action": "send", "src": "NA-N195", "dst": "AN-N35", "hlc": {"phys": 1758717012013, "cnt": 0, "node": "NA-N195"}, "package_id": "PKG17009", "payload": {"status": "IN_TRANSIT"}, "sent_ts": 1758717010063, "arrival_ts": 1758717010063}
{"action": "send", "src": "NA-N195", "dst": "AN-N35", "hlc": {"phys": 1758717012280, "cnt": 0, "node": "NA-N195"}, "package_id": "PKG17009", "payload": {"status": "RECEIVED"}, "sent_ts": 1758717010330, "arrival_ts": 1758717010330}
{"action": "send", "src": "NA-N195", "dst": "AN-N35", "hlc": {"phys": 1758717012667, "cnt": 0, "node": "NA-N195"}, "package_id": "PKG17009", "payload": {"status": "DELIVERED"}, "sent_ts": 1758717010717, "arrival_ts": 1758717010717}
{"action": "send", "src": "NA-N195", "dst": "EU-N68", "hlc": {"phys": 1758717169577, "cnt": 0, "node": "NA-N195"}, "package_id": "PKG17167", "payload": {"status": "CREATED"}, "sent_ts": 1758717167627, "arrival_ts": 1758717167627}
{"action": "send", "src": "NA-N195", "dst": "EU-N68", "hlc": {"phys": 1758717169927, "cnt": 0, "node": "NA-N195"}, "package_id": "PKG17167", "payload": {"status": "SENT"}, "sent_ts": 1758717167977, "arrival_ts": 1758717167977}
{"action": "send", "src": "NA-N195", "dst": "EU-N68", "hlc": {"phys": 1758717170329, "cnt": 0, "node": "NA-N195"}, "package_id": "PKG17167", "payload": {"status": "IN_TRANSIT"}, "sent_ts": 1758717168379, "arrival_ts": 1758717168379}
{"action": "send", "src": "NA-N195", "dst": "EU-N68", "hlc": {"phys": 1758717170607, "cnt": 0, "node": "NA-N195"}, "package_id": "PKG17167", "payload": {"status": "RECEIVED"}, "sent_ts": 1758717168657, "arrival_ts": 1758717168657}
{"action": "send", "src": "NA-N195", "dst": "EU-N68", "hlc": {"phys": 1758717170857, "cnt": 0, "node": "NA-N195"}, "package_id": "PKG17167", "payload": {"status": "DELIVERED"}, "sent_ts": 1758717168907, "arrival_ts": 1758717168907}
{"action": "send", "src": "NA-N195", "dst": "SA-N179", "hlc": {"phys": 1758718509805, "cnt": 0, "node": "NA-N195"}, "package_id": "PKG18507", "payload": {"status": "CREATED"}, "sent_ts": 1758718507855, "arrival_ts": 1758718507855}
{"action": "send", "src": "NA-N195", "dst": "SA-N179", "hlc": {"phys": 1758718510204, "cnt": 0, "node": "NA-N195"}, "package_id": "PKG18507", "payload": {"status": "SENT"}, "sent_ts": 1758718508254, "arrival_ts": 1758718508254}
{"action": "send", "src": "NA-N195", "dst": "SA-N179", "hlc": {"phys": 1758718510518, "cnt": 0, "node": "NA-N195"}, "package_id": "PKG18507", "payload": {"status": "IN_TRANSIT"}, "sent_ts": 1758718508568, "arrival_ts": 1758718508568}
{"action": "send", "src": "NA-N195", "dst": "SA-N179", "hlc": {"phys": 1758718510736, "cnt": 0, "node": "NA-N195"}, "package_id": "PKG18507", "payload": {"status": "RECEIVED"}, "sent_ts": 1758718508786, "arrival_ts": 1758718508786}
{"action": "send", "src": "NA-N195", "dst": "SA-N179", "hlc": {"phys": 1758718511002, "cnt": 0, "node": "NA-N195"}, "package_id": "PKG18507", "payload": {"status": "DELIVERED"}, "sent_ts": 1758718509052, "arrival_ts": 1758718509052}
{"action": "recv", "src": "AN-N11", "dst": "NA-N195", "hlc": {"phys": 1758739426655, "cnt": 0, "node": "AN-N11"}, "package_id": "PKG39396", "payload": {"status": "CREATED"}, "sent_ts": 1758739396545, "arrival_ts": 1758739396732}
{"action": "recv", "src": "AN-N11", "dst": "NA-N195", "hlc": {"phys": 1758739427051, "cnt": 0, "node": "AN-N11"}, "package_id": "PKG39396", "payload": {"status": "SENT"}, "sent_ts": 1758739396941, "arrival_ts": 1758739397022}
{"action": "recv", "src": "AN-N11", "dst": "NA-N195", "hlc": {"phys": 1758739427332, "cnt": 0, "node": "AN-N11"}, "package_id": "PKG39396", "payload": {"status": "IN_TRANSIT"}, "sent_ts": 1758739397222, "arrival_ts": 1758739397390}
{"action": "recv", "src": "AN-N11", "dst": "NA-N195", "hlc": {"phys": 1758739427710, "cnt": 0, "node": "AN-N11"}, "package_id": "PKG39396", "payload": {"status": "RECEIVED"}, "sent_ts": 1758739397600, "arrival_ts": 1758739397712}
{"action": "recv", "src": "AN-N11", "dst": "NA-N195", "hlc": {"phys": 1758739428291, "cnt": 0, "node": "AN-N11"}, "package_id": "PKG39396", "payload": {"status": "DELIVERED"}, "sent_ts": 1758739398181, "arrival_ts": 1758739398383}
{"action": "send", "src": "NA-N195", "dst": "EU-N47", "hlc": {"phys": 1758739717255, "cnt": 0, "node": "NA-N195"}, "package_id": "PKG39715", "payload": {"status": "CREATED"}, "sent_ts": 1758739715305, "arrival_ts": 1758739715305}
{"action": "send", "src": "NA-N195", "dst": "EU-N47", "hlc": {"phys": 1758739717509, "cnt": 0, "node": "NA-N195"}, "package_id": "PKG39715", "payload": {"status": "SENT"}, "sent_ts": 1758739715559, "arrival_ts": 1758739715559}
{"action": "send", "src": "NA-N195", "dst": "EU-N47", "hlc": {"phys": 1758739717748, "cnt": 0, "node": "NA-N195"}, "package_id": "PKG39715", "payload": {"status": "IN_TRANSIT"}, "sent_ts": 1758739715798, "arrival_ts": 1758739715798}
{"action": "send", "src": "NA-N195", "dst": "EU-N47", "hlc": {"phys": 1758739718123, "cnt": 0, "node": "NA-N195"}, "package_id": "PKG39715", "payload": {"status": "RECEIVED"}, "sent_ts": 1758739716173, "arrival_ts": 1758739716173}
{"action": "send", "src": "NA-N195", "dst": "EU-N47", "hlc": {"phys": 1758739718478, "cnt": 0, "node": "NA-N195"}, "package_id": "PKG39715", "payload": {"status": "DELIVERED"}, "sent_ts": 1758739716528, "arrival_ts": 1758739716528}
{"action": "send", "src": "NA-N195", "dst": "EU-N42", "hlc": {"phys": 1758743577650, "cnt": 0, "node": "NA-N195"}, "package_id": "PKG43575", "payload": {"status": "CREATED"}, "sent_ts": 1758743575700, "arrival_ts": 1758743575700}
{"action": "send", "src": "NA-N195", "dst": "EU-N42", "hlc": {"phys": 1758743578010, "cnt": 0, "node": "NA-N195"}, "package_id": "PKG43575", "payload": {"status": "SENT"}, "sent_ts": 1758743576060, "arrival_ts": 1758743576060}
{"action": "send", "src": "NA-N195", "dst": "EU-N42", "hlc": {"phys": 1758743578284, "cnt": 0, "node": "NA-N195"}, "package_id": "PKG43575", "payload": {"status": "IN_TRANSIT"}, "sent_ts": 1758743576334, "arrival_ts": 1758743576334}
{"action": "send", "src": "NA-N195", "dst": "EU-N42", "hlc": {"phys": 1758743578638, "cnt": 0, "node": "NA-N195"}, "package_id": "PKG43575", "payload": {"status": "RECEIVED"}, "sent_ts": 1758743576688, "arrival_ts": 1758743576688}
{"action": "send", "src": "NA-N195", "dst": "EU-N42", "hlc": {"phys": 1758743578976, "cnt": 0, "node": "NA-N195"}, "package_id": "PKG43575", "payload": {"status": "DELIVERED"}, "sent_ts": 1758743577026, "arrival_ts": 1758743577026}
{"action": "send", "src": "NA-N195", "dst": "AF-N106", "hlc": {"phys": 1758753035532, "cnt": 0, "node": "NA-N195"}, "package_id": "PKG53033", "payload": {"status": "CREATED"}, "sent_ts": 1758753033582, "arrival_ts": 1758753033582}
{"action": "send", "src": "NA-N195", "dst": "AF-N106", "hlc": {"phys": 1758753035782, "cnt": 0, "node": "NA-N195"}, "package_id": "PKG53033", "payload": {"status": "SENT"}, "sent_ts": 1758753033832, "arrival_ts": 1758753033832}
{"action": "send", "src": "NA-N195", "dst": "AF-N106", "hlc": {"phys": 1758753036081, "cnt": 0, "node": "NA-N195"}, "package_id": "PKG53033", "payload": {"status": "IN_TRANSIT"}, "sent_ts": 1758753034131, "arrival_ts": 1758753034131}
{"action": "send", "src": "NA-N195", "dst": "AF-N106", "hlc": {"phys": 1758753036442, "cnt": 0, "node": "NA-N195"}, "package_id": "PKG53033", "payload": {"status": "RECEIVED"}, "sent_ts": 1758753034492, "arrival_ts": 1758753034492}
{"action": "send", "src": "NA-N195", "dst": "AF-N106", "hlc": {"phys": 1758753036802, "cnt": 0, "node": "NA-N195"}, "package_id": "PKG53033", "payload": {"status": "DELIVERED"}, "sent_ts": 1758753034852, "arrival_ts": 1758753034852}
{"action": "recv", "src": "AN-N194", "dst": "NA-N195", "hlc": {"phys": 1758756059650, "cnt": 0, "node": "AN-N194"}, "package_id": "PKG56027", "payload": {"status": "CREATED"}, "sent_ts": 1758756027710, "arrival_ts": 1758756027760}
{"action": "recv", "src": "AN-N194", "dst": "NA-N195", "hlc": {"phys": 1758756059919, "cnt": 0, "node": "AN-N194"}, "package_id": "PKG56027", "payload": {"status": "SENT"}, "sent_ts": 1758756027979, "arrival_ts": 1758756027991}
{"action": "recv", "src": "AN-N194", "dst": "NA-N195", "hlc": {"phys": 1758756060134, "cnt": 0, "node": "AN-N194"}, "package_id": "PKG56027", "payload": {"status": "IN_TRANSIT"}, "sent_ts": 1758756028194, "arrival_ts": 1758756028364}
{"action": "recv", "src": "AN-N194", "dst": "NA-N195", "hlc": {"phys": 1758756060510, "cnt": 0, "node": "AN-N194"}, "package_id": "PKG56027", "payload": {"status": "RECEIVED"}, "sent_ts": 1758756028570, "arrival_ts": 1758756028771}
{"action": "recv", "src": "AN-N194", "dst": "NA-N195", "hlc": {"phys": 1758756060924, "cnt": 0, "node": "AN-N194"}, "package_id": "PKG56027", "payload": {"status": "DELIVERED"}, "sent_ts": 1758756028984, "arrival_ts": 1758756029003}
{"action": "send", "src": "NA-N195", "dst": "AF-N49", "hlc": {"phys": 1758759576177, "cnt": 0, "node": "NA-N195"}, "package_id": "PKG59574", "payload": {"status": "CREATED"}, "sent_ts": 1758759574227, "arrival_ts": 1758759574227}
{"action": "send", "src": "NA-N195", "dst": "AF-N49", "hlc": {"phys": 1758759576998, "cnt": 0, "node": "NA-N195"}, "package_id": "PKG59574", "payload": {"status": "SENT"}, "sent_ts": 1758759575048, "arrival_ts": 1758759575048}
{"action": "send", "src": "NA-N195", "dst": "AF-N49", "hlc": {"phys": 1758759577289, "cnt": 0, "node": "NA-N195"}, "package_id": "PKG59574", "payload": {"status": "IN_TRANSIT"}, "sent_ts": 1758759575339, "arrival_ts": 1758759575339}
{"action": "send", "src": "NA-N195", "dst": "AF-N49", "hlc": {"phys": 1758759577662, "cnt": 0, "node": "NA-N195"}, "package_id": "PKG59574", "payload": {"status": "RECEIVED"}, "sent_ts": 1758759575712, "arrival_ts": 1758759575712}
{"action": "send", "src": "NA-N195", "dst": "AF-N49", "hlc": {"phys": 1758759577878, "cnt": 0, "node": "NA-N195"}, "package_id": "PKG59574", "payload": {"status": "DELIVERED"}, "sent_ts": 1758759575928, "arrival_ts": 1758759575928}
{"action": "send", "src": "NA-N195", "dst": "SA-N24", "hlc": {"phys": 1758759721537, "cnt": 0, "node": "NA-N195"}, "package_id": "PKG59719", "payload": {"status": "CREATED"}, "sent_ts": 1758759719587, "arrival_ts": 1758759719587}
{"action": "send", "src": "NA-N195", "dst": "SA-N24", "hlc": {"phys": 1758759721861, "cnt": 0, "node": "NA-N195"}, "package_id": "PKG59719", "payload": {"status": "SENT"}, "sent_ts": 1758759719911, "arrival_ts": 1758759719911}
{"action": "send", "src": "NA-N195", "dst": "SA-N24", "hlc": {"phys": 1758759722253, "cnt": 0, "node": "NA-N195"}, "package_id": "PKG59719", "payload": {"status": "IN_TRANSIT"}, "sent_ts": 1758759720303, "arrival_ts": 1758759720303}
{"action": "send", "src": "NA-N195", "dst": "SA-N24", "hlc": {"phys": 1758759722470, "cnt": 0, "node": "NA-N195"}, "package_id": "PKG59719", "payload": {"status": "RECEIVED"}, "sent_ts": 1758759720520, "arrival_ts": 1758759720520}
{"action": "send", "src": "NA-N195", "dst": "SA-N24", "hlc": {"phys": 1758759722807, "cnt": 0, "node": "NA-N195"}, "package_id": "PKG59719", "payload": {"status": "DELIVERED"}, "sent_ts": 1758759720857, "arrival_ts": 1758759720857}
{"action": "send", "src": "NA-N195", "dst": "NA-N71", "hlc": {"phys": 1758760050615, "cnt": 0, "node": "NA-N195"}, "package_id": "PKG60048", "payload": {"status": "CREATED"}, "sent_ts": 1758760048665, "arrival_ts": 1758760048665}
{"action": "send", "src": "NA-N195", "dst": "NA-N71", "hlc": {"phys": 1758760050924, "cnt": 0, "node": "NA-N195"}, "package_id": "PKG60048", "payload": {"status": "SENT"}, "sent_ts": 1758760048974, "arrival_ts": 1758760048974}
{"action": "send", "src": "NA-N195", "dst": "NA-N71", "hlc": {"phys": 1758760051186, "cnt": 0, "node": "NA-N195"}, "package_id": "PKG60048", "payload": {"status": "IN_TRANSIT"}, "sent_ts": 1758760049236, "arrival_ts": 1758760049236}
{"action": "send", "src": "NA-N195", "dst": "NA-N71", "hlc": {"phys": 1758760051529, "cnt": 0, "node": "NA-N195"}, "package_id": "PKG60048", "payload": {"status": "RECEIVED"}, "sent_ts": 1758760049579, "arrival_ts": 1758760049579}
{"action": "send", "src": "NA-N195", "dst": "NA-N71", "hlc": {"phys": 1758760051791, "cnt": 0, "node": "NA-N195"}, "package_id": "PKG60048", "payload": {"status": "DELIVERED"}, "sent_ts": 1758760049841, "arrival_ts": 1758760049841}
{"action": "send", "src": "NA-N195", "dst": "AU-N27", "hlc": {"phys": 1758762725226, "cnt": 0, "node": "NA-N195"}, "package_id": "PKG62723", "payload": {"status": "CREATED"}, "sent_ts": 1758762723276, "arrival_ts": 1758762723276}
{"action": "send", "src": "NA-N195", "dst": "AU-N27", "hlc": {"phys": 1758762725565, "cnt": 0, "node": "NA-N195"}, "package_id": "PKG62723", "payload": {"status": "SENT"}, "sent_ts": 1758762723615, "arrival_ts": 1758762723615}
{"action": "send", "src": "NA-N195", "dst": "AU-N27", "hlc": {"phys": 1758762725928, "cnt": 0, "node": "NA-N195"}, "package_id": "PKG62723", "payload": {"status": "IN_TRANSIT"}, "sent_ts": 1758762723978, "arrival_ts": 1758762723978}
{"action": "send", "src": "NA-N195", "dst": "AU-N27", "hlc": {"phys": 1758762726203, "cnt": 0, "node": "NA-N195"}, "package_id": "PKG62723", "payload": {"status": "RECEIVED"}, "sent_ts": 1758762724253, "arrival_ts": 1758762724253}
{"action": "send", "src": "NA-N195", "dst": "AU-N27", "hlc": {"phys": 1758762726603, "cnt": 0, "node": "NA-N195"}, "package_id": "PKG62723", "payload": {"status": "DELIVERED"}, "sent_ts": 1758762724653, "arrival_ts": 1758762724653}
{"action": "recv", "src": "AN-N166", "dst": "NA-N195", "hlc": {"phys": 1758763606163, "cnt": 0, "node": "AN-N166"}, "package_id": "PKG63574", "payload": {"status": "CREATED"}, "sent_ts": 1758763574503, "arrival_ts": 1758763574638}
{"action": "recv", "src": "AN-N166", "dst": "NA-N195", "hlc": {"phys": 1758763606491, "cnt": 0, "node": "AN-N166"}, "package_id": "PKG63574", "payload": {"status": "SENT"}, "sent_ts": 1758763574831, "arrival_ts": 1758763574935}
{"action": "recv", "src": "AN-N166", "dst": "NA-N195", "hlc": {"phys": 1758763606786, "cnt": 0, "node": "AN-N166"}, "package_id": "PKG63574", "payload": {"status": "IN_TRANSIT"}, "sent_ts": 1758763575126, "arrival_ts": 1758763575169}
{"action": "recv", "src": "AN-N166", "dst": "NA-N195", "hlc": {"phys": 1758763607033, "cnt": 0, "node": "AN-N166"}, "package_id": "PKG63574", "payload": {"status": "RECEIVED"}, "sent_ts": 1758763575373, "arrival_ts": 1758763575488}
{"action": "recv", "src": "AN-N166", "dst": "NA-N195", "hlc": {"phys": 1758763607357, "cnt": 0, "node": "AN-N166"}, "package_id": "PKG63574", "payload": {"status": "DELIVERED"}, "sent_ts": 1758763575697, "arrival_ts": 1758763575730}
{"action": "send", "src": "NA-N195", "dst": "EU-N24", "hlc": {"phys": 1758765021977, "cnt": 0, "node": "NA-N195"}, "package_id": "PKG65020", "payload": {"status": "CREATED"}, "sent_ts": 1758765020027, "arrival_ts": 1758765020027}
{"action": "send", "src": "NA-N195", "dst": "EU-N24", "hlc": {"phys": 1758765022312, "cnt": 0, "node": "NA-N195"}, "package_id": "PKG65020", "payload": {"status": "SENT"}, "sent_ts": 1758765020362, "arrival_ts": 1758765020362}
{"action": "send", "src": "NA-N195", "dst": "EU-N24", "hlc": {"phys": 1758765022679, "cnt": 0, "node": "NA-N195"}, "package_id": "PKG65020", "payload": {"status": "IN_TRANSIT"}, "sent_ts": 1758765020729, "arrival_ts": 1758765020729}
{"action": "send", "src": "NA-N195", "dst": "EU-N24", "hlc": {"phys": 1758765023014, "cnt": 0, "node": "NA-N195"}, "package_id": "PKG65020", "payload": {"status": "RECEIVED"}, "sent_ts": 1758765021064, "arrival_ts": 1758765021064}
{"action": "send", "src": "NA-N195", "dst": "EU-N24", "hlc": {"phys": 1758765023301, "cnt": 0, "node": "NA-N195"}, "package_id": "PKG65020", "payload": {"status": "DELIVERED"}, "sent_ts": 1758765021351, "arrival_ts": 1758765021351}
{"action": "send", "src": "NA-N195", "dst": "AF-N189", "hlc": {"phys": 1758803647540, "cnt": 0, "node": "NA-N195"}, "package_id": "PKG3645", "payload": {"status": "CREATED"}, "sent_ts": 1758803645590, "arrival_ts": 1758803645590}
{"action": "send", "src": "NA-N195", "dst": "AF-N189", "hlc": {"phys": 1758803647884, "cnt": 0, "node": "NA-N195"}, "package_id": "PKG3645", "payload": {"status": "SENT"}, "sent_ts": 1758803645934, "arrival_ts": 1758803645934}
{"action": "send", "src": "NA-N195", "dst": "AF-N189", "hlc": {"phys": 1758803648201, "cnt": 0, "node": "NA-N195"}, "package_id": "PKG3645", "payload": {"status": "IN_TRANSIT"}, "sent_ts": 1758803646251, "arrival_ts": 1758803646251}
{"action": "send", "src": "NA-N195", "dst": "AF-N189", "hlc": {"phys": 1758803648446, "cnt": 0, "node": "NA-N195"}, "package_id": "PKG3645", "payload": {"status": "RECEIVED"}, "sent_ts": 1758803646496, "arrival_ts": 1758803646496}
{"action": "send", "src": "NA-N195", "dst": "AF-N189", "hlc": {"phys": 1758803648842, "cnt": 0, "node": "NA-N195"}, "package_id": "PKG3645", "payload": {"status": "DELIVERED"}, "sent_ts": 1758803646892, "arrival_ts": 1758803646892}
{"action": "send", "src": "NA-N195", "dst": "AS-N40", "hlc": {"phys": 1758803655219, "cnt": 0, "node": "NA-N195"}, "package_id": "PKG3653", "payload": {"status": "CREATED"}, "sent_ts": 1758803653269, "arrival_ts": 1758803653269}
{"action": "send", "src": "NA-N195", "dst": "AS-N40", "hlc": {"phys": 1758803655607, "cnt": 0, "node": "NA-N195"}, "package_id": "PKG3653", "payload": {"status": "SENT"}, "sent_ts": 1758803653657, "arrival_ts": 1758803653657}
{"action": "send", "src": "NA-N195", "dst": "AS-N40", "hlc": {"phys": 1758803655893, "cnt": 0, "node": "NA-N195"}, "package_id": "PKG3653", "payload": {"status": "IN_TRANSIT"}, "sent_ts": 1758803653943, "arrival_ts": 1758803653943}
{"action": "send", "src": "NA-N195", "dst": "AS-N40", "hlc": {"phys": 1758803656165, "cnt": 0, "node": "NA-N195"}, "package_id": "PKG3653", "payload": {"status": "RECEIVED"}, "sent_ts": 1758803654215, "arrival_ts": 1758803654215}
{"action": "send", "src": "NA-N195", "dst": "AS-N40", "hlc": {"phys": 1758803656461, "cnt": 0, "node": "NA-N195"}, "package_id": "PKG3653", "payload": {"status": "DELIVERED"}, "sent_ts": 1758803654511, "arrival_ts": 1758803654511}
{"action": "recv", "src": "AF-N41", "dst": "NA-N195", "hlc": {"phys": 1758809675756, "cnt": 0, "node": "AF-N41"}, "package_id": "PKG9660", "payload": {"status": "CREATED"}, "sent_ts": 1758809660346, "arrival_ts": 1758809660501}
{"action": "recv", "src": "AF-N41", "dst": "NA-N195", "hlc": {"phys": 1758809676127, "cnt": 0, "node": "AF-N41"}, "package_id": "PKG9660", "payload": {"status": "SENT"}, "sent_ts": 1758809660717, "arrival_ts": 1758809660893}
{"action": "recv", "src": "AF-N41", "dst": "NA-N195", "hlc": {"phys": 1758809676514, "cnt": 0, "node": "AF-N41"}, "package_id": "PKG9660", "payload": {"status": "IN_TRANSIT"}, "sent_ts": 1758809661104, "arrival_ts": 1758809661170}
{"action": "recv", "src": "AF-N41", "dst": "NA-N195", "hlc": {"phys": 1758809676780, "cnt": 0, "node": "AF-N41"}, "package_id": "PKG9660", "payload": {"status": "RECEIVED"}, "sent_ts": 1758809661370, "arrival_ts": 1758809661515}
{"action": "recv", "src": "AF-N41", "dst": "NA-N195", "hlc": {"phys": 1758809677135, "cnt": 0, "node": "AF-N41"}, "package_id": "PKG9660", "payload": {"status": "DELIVERED"}, "sent_ts": 1758809661725, "arrival_ts": 1758809661888}
{"action": "send", "src": "NA-N195", "dst": "SA-N169", "hlc": {"phys": 1758814315217, "cnt": 0, "node": "NA-N195"}, "package_id": "PKG14313", "payload": {"status": "CREATED"}, "sent_ts": 1758814313267, "arrival_ts": 1758814313267}
{"action": "send", "src": "NA-N195", "dst": "SA-N169", "hlc": {"phys": 1758814315610, "cnt": 0, "node": "NA-N195"}, "package_id": "PKG14313", "payload": {"status": "SENT"}, "sent_ts": 1758814313660, "arrival_ts": 1758814313660}
{"action": "send", "src": "NA-N195", "dst": "SA-N169", "hlc": {"phys": 1758814315921, "cnt": 0, "node": "NA-N195"}, "package_id": "PKG14313", "payload": {"status": "IN_TRANSIT"}, "sent_ts": 1758814313971, "arrival_ts": 1758814313971}
{"action": "send", "src": "NA-N195", "dst": "SA-N169", "hlc": {"phys": 1758814316266, "cnt": 0, "node": "NA-N195"}, "package_id": "PKG14313", "payload": {"status": "RECEIVED"}, "sent_ts": 1758814314316, "arrival_ts": 1758814314316}
{"action": "send", "src": "NA-N195", "dst": "SA-N169", "hlc": {"phys": 1758814316561, "cnt": 0, "node": "NA-N195"}, "package_id": "PKG14313", "payload": {"status": "DELIVERED"}, "sent_ts": 1758814314611, "arrival_ts": 1758814314611}
