{"action": "send", "src": "NA-N128", "dst": "NA-N176", "hlc": {"phys": 1758713383015, "cnt": 0, "node": "NA-N128"}, "package_id": "PKG13381", "payload": {"status": "CREATED"}, "sent_ts": 1758713381735, "arrival_ts": 1758713381735}
{"action": "send", "src": "NA-N128", "dst": "NA-N176", "hlc": {"phys": 1758713383323, "cnt": 0, "node": "NA-N128"}, "package_id": "PKG13381", "payload": {"status": "SENT"}, "sent_ts": 1758713382043, "arrival_ts": 1758713382043}
{"action": "send", "src": "NA-N128", "dst": "NA-N176", "hlc": {"phys": 1758713383674, "cnt": 0, "node": "NA-N128"}, "package_id": "PKG13381", "payload": {"status": "IN_TRANSIT"}, "sent_ts": 1758713382394, "arrival_ts": 1758713382394}
{"action": "send", "src": "NA-N128", "dst": "NA-N176", "hlc": {"phys": 1758713383968, "cnt": 0, "node": "NA-N128"}, "package_id": "PKG13381", "payload": {"status": "RECEIVED"}, "sent_ts": 1758713382688, "arrival_ts": 1758713382688}
{"action": "send", "src": "NA-N128", "dst": "NA-N176", "hlc": {"phys": 1758713384265, "cnt": 0, "node": "NA-N128"}, "package_id": "PKG13381", "payload": {"status": "DELIVERED"}, "sent_ts": 1758713382985, "arrival_ts": 1758713382985}
{"action": "send", "src": "NA-N128", "dst": "NA-N122", "hlc": {"phys": 1758713470203, "cnt": 0, "node": "NA-N128"}, "package_id": "PKG13468", "payload": {"status": "CREATED"}, "sent_ts": 1758713468923, "arrival_ts": 1758713468923}
{"action": "send", "src": "NA-N128", "dst": "NA-N122", "hlc": {"phys": 1758713470509, "cnt": 0, "node": "NA-N128"}, "package_id": "PKG13468", "payload": {"status": "SENT"}, "sent_ts": 1758713469229, "arrival_ts": 1758713469229}
{"action": "send", "src": "NA-N128", "dst": "NA-N122", "hlc": {"phys": 1758713470842, "cnt": 0, "node": "NA-N128"}, "package_id": "PKG13468", "payload": {"status": "IN_TRANSIT"}, "sent_ts": 1758713469562, "arrival_ts": 1758713469562}
{"action": "send", "src": "NA-N128", "dst": "NA-N122", "hlc": {"phys": 1758713471177, "cnt": 0, "node": "NA-N128"}, "package_id": "PKG13468", "payload": {"status": "RECEIVED"}, "sent_ts": 1758713469897, "arrival_ts": 1758713469897}
{"action": "send", "src": "NA-N128", "dst": "NA-N122", "hlc": {"phys": 1758713471503, "cnt": 0, "node": "NA-N128"}, "package_id": "PKG13468", "payload": {"status": "DELIVERED"}, "sent_ts": 1758713470223, "arrival_ts": 1758713470223}
{"action": "send", "src": "NA-N128", "dst": "SA-N184", "hlc": {"phys": 1758713771065, "cnt": 0, "node": "NA-N128"}, "package_id": "PKG13769", "payload": {"status": "CREATED"}, "sent_ts": 1758713769785, "arrival_ts": 1758713769785}
{"action": "send", "src": "NA-N128", "dst": "SA-N184", "hlc": {"phys": 1758713771454, "cnt": 0, "node": "NA-N128"}, "package_id": "PKG13769", "payload": {"status": "SENT"}, "sent_ts": 1758713770174, "arrival_ts": 1758713770174}
{"action": "send", "src": "NA-N128", "dst": "SA-N184", "hlc": {"phys": 1758713771783, "cnt": 0, "node": "NA-N128"}, "package_id": "PKG13769", "payload": {"status": "IN_TRANSIT"}, "sent_ts": 1758713770503, "arrival_ts": 1758713770503}
{"action": "send", "src": "NA-N128", "dst": "SA-N184", "hlc": {"phys": 1758713772095, "cnt": 0, "node": "NA-N128"}, "package_id": "PKG13769", "payload": {"status": "RECEIVED"}, "sent_ts": 1758713770815, "arrival_ts": 1758713770815}
{"action": "send", "src": "NA-N128", "dst": "SA-N184", "hlc": {"phys": 1758713772438, "cnt": 0, "node": "NA-N128"}, "package_id": "PKG13769", "payload": {"status": "DELIVERED"}, "sent_ts": 1758713771158, "arrival_ts": 1758713771158}
{"action": "recv", "src": "NA-N49", "dst": "NA-N128", "hlc": {"phys": 1758713844380, "cnt": 0, "node": "NA-N49"}, "package_id": "PKG13843", "payload": {"status": "CREATED"}, "sent_ts": 1758713843890, "arrival_ts": 1758713844079}
{"action": "recv", "src": "NA-N49", "dst": "NA-N128", "hlc": {"phys": 1758713844776, "cnt": 0, "node": "NA-N49"}, "package_id": "PKG13843", "payload": {"status": "SENT"}, "sent_ts": 1758713844286, "arrival_ts": 1758713844480}
{"action": "recv", "src": "NA-N49", "dst": "NA-N128", "hlc": {"phys": 1758713845166, "cnt": 0, "node": "NA-N49"}, "package_id": "PKG13843", "payload": {"status": "IN_TRANSIT"}, "sent_ts": 1758713844676, "arrival_ts": 1758713844798}
{"action": "recv", "src": "NA-N49", "dst": "NA-N128", "hlc": {"phys": 1758713845493, "cnt": 0, "node": "NA-N49"}, "package_id": "PKG13843", "payload": {"status": "RECEIVED"}, "sent_ts": 1758713845003, "arrival_ts": 1758713845097}
{"action": "recv", "src": "NA-N49", "dst": "NA-N128", "hlc": {"phys": 1758713845794, "cnt": 0, "node": "NA-N49"}, "package_id": "PKG13843", "payload": {"status": "DELIVERED"}, "sent_ts": 1758713845304, "arrival_ts": 1758713845435}
{"action": "recv", "src": "AF-N74", "dst": "NA-N128", "hlc": {"phys": 1758716775985, "cnt": 0, "node": "AF-N74"}, "package_id": "PKG16760", "payload": {"status": "CREATED"}, "sent_ts": 1758716760245, "arrival_ts": 1758716760266}
{"action": "recv", "src": "AF-N74", "dst": "NA-N128", "hlc": {"phys": 1758716776216, "cnt": 0, "node": "AF-N74"}, "package_id": "PKG16760", "payload": {"status": "SENT"}, "sent_ts": 1758716760476, "arrival_ts": 1758716760566}
{"action": "recv", "src": "AF-N74", "dst": "NA-N128", "hlc": {"phys": 1758716776489, "cnt": 0, "node": "AF-N74"}, "package_id": "PKG16760", "payload": {"status": "IN_TRANSIT"}, "sent_ts": 1758716760749, "arrival_ts": 1758716760826}
{"action": "recv", "src": "AF-N74", "dst": "NA-N128", "hlc": {"phys": 1758716776781, "cnt": 0, "node": "AF-N74"}, "package_id": "PKG16760", "payload": {"status": "RECEIVED"}, "sent_ts": 1758716761041, "arrival_ts": 1758716761053}
{"action": "recv", "src": "AF-N74", "dst": "NA-N128", "hlc": {"phys": 1758716776994, "cnt": 0, "node": "AF-N74"}, "package_id": "PKG16760", "payload": {"status": "DELIVERED"}, "sent_ts": 1758716761254, "arrival_ts": 1758716761339}
{"action": "recv", "src": "AN-N23", "dst": "NA-N128", "hlc": {"phys": 1758718751035, "cnt": 0, "node": "AN-N23"}, "package_id": "PKG18720", "payload": {"status": "CREATED"}, "sent_ts": 1758718720805, "arrival_ts": 1758718720867}
{"action": "recv", "src": "AN-N23", "dst": "NA-N128", "hlc": {"phys": 1758718751292, "cnt": 0, "node": "AN-N23"}, "package_id": "PKG18720", "payload": {"status": "SENT"}, "sent_ts": 1758718721062, "arrival_ts": 1758718721174}
{"action": "recv", "src": "AN-N23", "dst": "NA-N128", "hlc": {"phys": 1758718751595, "cnt": 0, "node": "AN-N23"}, "package_id": "PKG18720", "payload": {"status": "IN_TRANSIT"}, "sent_ts": 1758718721365, "arrival_ts": 1758718721569}
{"action": "recv", "src": "AN-N23", "dst": "NA-N128", "hlc": {"phys": 1758718752012, "cnt": 0, "node": "AN-N23"}, "package_id": "PKG18720", "payload": {"status": "RECEIVED"}, "sent_ts": 1758718721782, "arrival_ts": 1758718721938}
{"action": "recv", "src": "AN-N23", "dst": "NA-N128", "hlc": {"phys": 1758718752380, "cnt": 0, "node": "AN-N23"}, "package_id": "PKG18720", "payload": {"status": "DELIVERED"}, "sent_ts": 1758718722150, "arrival_ts": 1758718722320}
{"action": "recv", "src": "NA-N200", "dst": "NA-N128", "hlc": {"phys": 1758718751433, "cnt": 0, "node": "NA-N200"}, "package_id": "PKG18749", "payload": {"status": "CREATED"}, "sent_ts": 1758718749433, "arrival_ts": 1758718749595}
{"action": "recv", "src": "NA-N200", "dst": "NA-N128", "hlc": {"phys": 1758718751812, "cnt": 0, "node": "NA-N200"}, "package_id": "PKG18749", "payload": {"status": "SENT"}, "sent_ts": 1758718749812, "arrival_ts": 1758718749860}
{"action": "recv", "src": "NA-N200", "dst": "NA-N128", "hlc": {"phys": 1758718752077, "cnt": 0, "node": "NA-N200"}, "package_id": "PKG18749", "payload": {"status": "IN_TRANSIT"}, "sent_ts": 1758718750077, "arrival_ts": 1758718750116}
{"action": "recv", "src": "NA-N200", "dst": "NA-N128", "hlc": {"phys": 1758718752314, "cnt": 0, "node": "NA-N200"}, "package_id": "PKG18749", "payload": {"status": "RECEIVED"}, "sent_ts": 1758718750314, "arrival_ts": 1758718750431}
{"action": "recv", "src": "NA-N200", "dst": "NA-N128", "hlc": {"phys": 1758718752624, "cnt": 0, "node": "NA-N200"}, "package_id": "PKG18749", "payload": {"status": "DELIVERED"}, "sent_ts": 1758718750624, "arrival_ts": 1758718750812}
{"action": "recv", "src": "AN-N191", "dst": "NA-N128", "hlc": {"phys": 1758719358187, "cnt": 0, "node": "AN-N191"}, "package_id": "PKG19326", "payload": {"status": "CREATED"}, "sent_ts": 1758719326277, "arrival_ts": 1758719326452}
{"action": "recv", "src": "AN-N191", "dst": "NA-N128", "hlc": {"phys": 1758719358576, "cnt": 0, "node": "AN-N191"}, "package_id": "PKG19326", "payload": {"status": "SENT"}, "sent_ts": 1758719326666, "arrival_ts": 1758719326774}
{"action": "recv", "src": "AN-N191", "dst": "NA-N128", "hlc": {"phys": 1758719358888, "cnt": 0, "node": "AN-N191"}, "package_id": "PKG19326", "payload": {"status": "IN_TRANSIT"}, "sent_ts": 1758719326978, "arrival_ts": 1758719327177}
{"action": "recv", "src": "AN-N191", "dst": "NA-N128", "hlc": {"phys": 1758719359292, "cnt": 0, "node": "AN-N191"}, "package_id": "PKG19326", "payload": {"status": "RECEIVED"}, "sent_ts": 1758719327382, "arrival_ts": 1758719327508}
{"action": "recv", "src": "AN-N191", "dst": "NA-N128", "hlc": {"phys": 1758719359617, "cnt": 0, "node": "AN-N191"}, "package_id": "PKG19326", "payload": {"status": "DELIVERED"}, "sent_ts": 1758719327707, "arrival_ts": 1758719327879}
{"action": "recv", "src": "AN-N53", "dst": "NA-N128", "hlc": {"phys": 1758719689062, "cnt": 0, "node": "AN-N53"}, "package_id": "PKG19658", "payload": {"status": "CREATED"}, "sent_ts": 1758719658532, "arrival_ts": 1758719658554}
{"action": "recv", "src": "AN-N53", "dst": "NA-N128", "hlc": {"phys": 1758719689293, "cnt": 0, "node": "AN-N53"}, "package_id": "PKG19658", "payload": {"status": "SENT"}, "sent_ts": 1758719658763, "arrival_ts": 1758719658954}
{"action": "recv", "src": "AN-N53", "dst": "NA-N128", "hlc": {"phys": 1758719689698, "cnt": 0, "node": "AN-N53"}, "package_id": "PKG19658", "payload": {"status": "IN_TRANSIT"}, "sent_ts": 1758719659168, "arrival_ts": 1758719659268}
{"action": "recv", "src": "AN-N53", "dst": "NA-N128", "hlc": {"phys": 1758719690007, "cnt": 0, "node": "AN-N53"}, "package_id": "PKG19658", "payload": {"status": "RECEIVED"}, "sent_ts": 1758719659477, "arrival_ts": 1758719659660}
{"action": "recv", "src": "AN-N53", "dst": "NA-N128", "hlc": {"phys": 1758719690396, "cnt": 0, "node": "AN-N53"}, "package_id": "PKG19658", "payload": {"status": "DELIVERED"}, "sent_ts": 1758719659866, "arrival_ts": 1758719659931}
{"action": "recv", "src": "AN-N9", "dst": "NA-N128", "hlc": {"phys": 1758741372645, "cnt": 0, "node": "AN-N9"}, "package_id": "PKG41342", "payload": {"status": "CREATED"}, "sent_ts": 1758741342555, "arrival_ts": 1758741342582}
{"action": "recv", "src": "AN-N9", "dst": "NA-N128", "hlc": {"phys": 1758741372901, "cnt": 0, "node": "AN-N9"}, "package_id": "PKG41342", "payload": {"status": "SENT"}, "sent_ts": 1758741342811, "arrival_ts": 1758741342867}
{"action": "recv", "src": "AN-N9", "dst": "NA-N128", "hlc": {"phys": 1758741373165, "cnt": 0, "node": "AN-N9"}, "package_id": "PKG41342", "payload": {"status": "IN_TRANSIT"}, "sent_ts": 1758741343075, "arrival_ts": 1758741343276}
{"action": "recv", "src": "AN-N9", "dst": "NA-N128", "hlc": {"phys": 1758741373557, "cnt": 0, "node": "AN-N9"}, "package_id": "PKG41342", "payload": {"status": "RECEIVED"}, "sent_ts": 1758741343467, "arrival_ts": 1758741343535}
{"action": "recv", "src": "AN-N9", "dst": "NA-N128", "hlc": {"phys": 1758741373835, "cnt": 0, "node": "AN-N9"}, "package_id": "PKG41342", "payload": {"status": "DELIVERED"}, "sent_ts": 1758741343745, "arrival_ts": 1758741343765}
{"action": "send", "src": "NA-N128", "dst": "AU-N6", "hlc": {"phys": 1758741377096, "cnt": 0, "node": "NA-N128"}, "package_id": "PKG41375", "payload": {"status": "CREATED"}, "sent_ts": 1758741375816, "arrival_ts": 1758741375816}
{"action": "send", "src": "NA-N128", "dst": "AU-N6", "hlc": {"phys": 1758741377358, "cnt": 0, "node": "NA-N128"}, "package_id": "PKG41375", "payload": {"status": "SENT"}, "sent_ts": 1758741376078, "arrival_ts": 1758741376078}
{"action": "send", "src": "NA-N128", "dst": "AU-N6", "hlc": {"phys": 1758741377635, "cnt": 0, "node": "NA-N128"}, "package_id": "PKG41375", "payload": {"status": "IN_TRANSIT"}, "sent_ts": 1758741376355, "arrival_ts": 1758741376355}
{"action": "send", "src": "NA-N128", "dst": "AU-N6", "hlc": {"phys": 1758741377882, "cnt": 0, "node": "NA-N128"}, "package_id": "PKG41375", "payload": {"status": "RECEIVED"}, "sent_ts": 1758741376602, "arrival_ts": 1758741376602}
{"action": "send", "src": "NA-N128", "dst": "AU-N6", "hlc": {"phys": 1758741378145, "cnt": 0, "node": "NA-N128"}, "package_id": "PKG41375", "payload": {"status": "DELIVERED"}, "sent_ts": 1758741376865, "arrival_ts": 1758741376865}
{"action": "send", "src": "NA-N128", "dst": "SA-N122", "hlc": {"phys": 1758742434129, "cnt": 0, "node": "NA-N128"}, "package_id": "PKG42432", "payload": {"status": "CREATED"}, "sent_ts": 1758742432849, "arrival_ts": 1758742432849}
{"action": "send", "src": "NA-N128", "dst": "SA-N122", "hlc": {"phys": 1758742434516, "cnt": 0, "node": "NA-N128"}, "package_id": "PKG42432", "payload": {"status": "SENT"}, "sent_ts": 1758742433236, "arrival_ts": 1758742433236}
{"action": "send", "src": "NA-N128", "dst": "SA-N122", "hlc": {"phys": 1758742434888, "cnt": 0, "node": "NA-N128"}, "package_id": "PKG42432", "payload": {"status": "IN_TRANSIT"}, "sent_ts": 1758742433608, "arrival_ts": 1758742433608}
{"action": "send", "src": "NA-N128", "dst": "SA-N122", "hlc": {"phys": 1758742435150, "cnt": 0, "node": "NA-N128"}, "package_id": "PKG42432", "payload": {"status": "RECEIVED"}, "sent_ts": 1758742433870, "arrival_ts": 1758742433870}
{"action": "send", "src": "NA-N128", "dst": "SA-N122", "hlc": {"phys": 1758742435413, "cnt": 0, "node": "NA-N128"}, "package_id": "PKG42432", "payload": {"status": "DELIVERED"}, "sent_ts": 1758742434133, "arrival_ts": 1758742434133}
{"action": "send", "src": "NA-N128", "dst": "NA-N150", "hlc": {"phys": 1758748021998, "cnt": 0, "node": "NA-N128"}, "package_id": "PKG48020", "payload": {"status": "CREATED"}, "sent_ts": 1758748020718, "arrival_ts": 1758748020718}
{"action": "send", "src": "NA-N128", "dst": "NA-N150", "hlc": {"phys": 1758748022370, "cnt": 0, "node": "NA-N128"}, "package_id": "PKG48020", "payload": {"status": "SENT"}, "sent_ts": 1758748021090, "arrival_ts": 1758748021090}
{"action": "send", "src": "NA-N128", "dst": "NA-N150", "hlc": {"phys": 1758748022614, "cnt": 0, "node": "NA-N128"}, "package_id": "PKG48020", "payload": {"status": "IN_TRANSIT"}, "sent_ts": 1758748021334, "arrival_ts": 1758748021334}
{"action": "send", "src": "NA-N128", "dst": "NA-N150", "hlc": {"phys": 1758748022908, "cnt": 0, "node": "NA-N128"}, "package_id": "PKG48020", "payload": {"status": "RECEIVED"}, "sent_ts": 1758748021628, "arrival_ts": 1758748021628}
{"action": "send", "src": "NA-N128", "dst": "NA-N150", "hlc": {"phys": 1758748023234, "cnt": 0, "node": "NA-N128"}, "package_id": "PKG48020", "payload": {"status": "DELIVERED"}, "sent_ts": 1758748021954, "arrival_ts": 1758748021954}
{"action": "recv", "src": "AU-N126", "dst": "NA-N128", "hlc": {"phys": 1758748892020, "cnt": 0, "node": "AU-N126"}, "package_id": "PKG48865", "payload": {"status": "CREATED"}, "sent_ts": 1758748865760, "arrival_ts": 1758748865919}
{"action": "recv", "src": "AU-N126", "dst": "NA-N128", "hlc": {"phys": 1758748892395, "cnt": 0, "node": "AU-N126"}, "package_id": "PKG48865", "payload": {"status": "SENT"}, "sent_ts": 1758748866135, "arrival_ts": 1758748866211}
{"action": "recv", "src": "AU-N126", "dst": "NA-N128", "hlc": {"phys": 1758748892669, "cnt": 0, "node": "AU-N126"}, "package_id": "PKG48865", "payload": {"status": "IN_TRANSIT"}, "sent_ts": 1758748866409, "arrival_ts": 1758748866550}
{"action": "recv", "src": "AU-N126", "dst": "NA-N128", "hlc": {"phys": 1758748893019, "cnt": 0, "node": "AU-N126"}, "package_id": "PKG48865", "payload": {"status": "RECEIVED"}, "sent_ts": 1758748866759, "arrival_ts": 1758748866932}
{"action": "recv", "src": "AU-N126", "dst": "NA-N128", "hlc": {"phys": 1758748893397, "cnt": 0, "node": "AU-N126"}, "package_id": "PKG48865", "payload": {"status": "DELIVERED"}, "sent_ts": 1758748867137, "arrival_ts": 1758748867214}
{"action": "recv", "src": "AF-N70", "dst": "NA-N128", "hlc": {"phys": 1758751685814, "cnt": 0, "node": "AF-N70"}, "package_id": "PKG51670", "payload": {"status": "CREATED"}, "sent_ts": 1758751670114, "arrival_ts": 1758751670214}
{"action": "recv", "src": "AF-N70", "dst": "NA-N128", "hlc": {"phys": 1758751686126, "cnt": 0, "node": "AF-N70"}, "package_id": "PKG51670", "payload": {"status": "SENT"}, "sent_ts": 1758751670426, "arrival_ts": 1758751670485}
{"action": "recv", "src": "AF-N70", "dst": "NA-N128", "hlc": {"phys": 1758751686390, "cnt": 0, "node": "AF-N70"}, "package_id": "PKG51670", "payload": {"status": "IN_TRANSIT"}, "sent_ts": 1758751670690, "arrival_ts": 1758751670868}
{"action": "recv", "src": "AF-N70", "dst": "NA-N128", "hlc": {"phys": 1758751686778, "cnt": 0, "node": "AF-N70"}, "package_id": "PKG51670", "payload": {"status": "RECEIVED"}, "sent_ts": 1758751671078, "arrival_ts": 1758751671188}
{"action": "recv", "src": "AF-N70", "dst": "NA-N128", "hlc": {"phys": 1758751687091, "cnt": 0, "node": "AF-N70"}, "package_id": "PKG51670", "payload": {"status": "DELIVERED"}, "sent_ts": 1758751671391, "arrival_ts": 1758751671420}
{"action": "send", "src": "NA-N128", "dst": "AF-N81", "hlc": {"phys": 1758753419573, "cnt": 0, "node": "NA-N128"}, "package_id": "PKG53418", "payload": {"status": "CREATED"}, "sent_ts": 1758753418293, "arrival_ts": 1758753418293}
{"action": "send", "src": "NA-N128", "dst": "AF-N81", "hlc": {"phys": 1758753419952, "cnt": 0, "node": "NA-N128"}, "package_id": "PKG53418", "payload": {"status": "SENT"}, "sent_ts": 1758753418672, "arrival_ts": 1758753418672}
{"action": "send", "src": "NA-N128", "dst": "AF-N81", "hlc": {"phys": 1758753420169, "cnt": 0, "node": "NA-N128"}, "package_id": "PKG53418", "payload": {"status": "IN_TRANSIT"}, "sent_ts": 1758753418889, "arrival_ts": 1758753418889}
{"action": "send", "src": "NA-N128", "dst": "AF-N81", "hlc": {"phys": 1758753420487, "cnt": 0, "node": "NA-N128"}, "package_id": "PKG53418", "payload": {"status": "RECEIVED"}, "sent_ts": 1758753419207, "arrival_ts": 1758753419207}
{"action": "send", "src": "NA-N128", "dst": "AF-N81", "hlc": {"phys": 1758753420842, "cnt": 0, "node": "NA-N128"}, "package_id": "PKG53418", "payload": {"status": "DELIVERED"}, "sent_ts": 1758753419562, "arrival_ts": 1758753419562}
{"action": "recv", "src": "NA-N149", "dst": "NA-N128", "hlc": {"phys": 1758753810898, "cnt": 0, "node": "NA-N149"}, "package_id": "PKG53809", "payload": {"status": "CREATED"}, "sent_ts": 1758753809408, "arrival_ts": 1758753809447}
{"action": "recv", "src": "NA-N149", "dst": "NA-N128", "hlc": {"phys": 1758753811149, "cnt": 0, "node": "NA-N149"}, "package_id": "PKG53809", "payload": {"status": "SENT"}, "sent_ts": 1758753809659, "arrival_ts": 1758753809683}
{"action": "recv", "src": "NA-N149", "dst": "NA-N128", "hlc": {"phys": 1758753811389, "cnt": 0, "node": "NA-N149"}, "package_id": "PKG53809", "payload": {"status": "IN_TRANSIT"}, "sent_ts": 1758753809899, "arrival_ts": 1758753809963}
{"action": "recv", "src": "NA-N149", "dst": "NA-N128", "hlc": {"phys": 1758753811659, "cnt": 0, "node": "NA-N149"}, "package_id": "PKG53809", "payload": {"status": "RECEIVED"}, "sent_ts": 1758753810169, "arrival_ts": 1758753810242}
{"action": "recv", "src": "NA-N149", "dst": "NA-N128", "hlc": {"phys": 1758753811933, "cnt": 0, "node": "NA-N149"}, "package_id": "PKG53809", "payload": {"status": "DELIVERED"}, "sent_ts": 1758753810443, "arrival_ts": 1758753810593}
{"action": "send", "src": "NA-N128", "dst": "SA-N179", "hlc": {"phys": 1758757576120, "cnt": 0, "node": "NA-N128"}, "package_id": "PKG57574", "payload": {"status": "CREATED"}, "sent_ts": 1758757574840, "arrival_ts": 1758757574840}
{"action": "send", "src": "NA-N128", "dst": "SA-N179", "hlc": {"phys": 1758757576481, "cnt": 0, "node": "NA-N128"}, "package_id": "PKG57574", "payload": {"status": "SENT"}, "sent_ts": 1758757575201, "arrival_ts": 1758757575201}
{"action": "send", "src": "NA-N128", "dst": "SA-N179", "hlc": {"phys": 1758757576715, "cnt": 0, "node": "NA-N128"}, "package_id": "PKG57574", "payload": {"status": "IN_TRANSIT"}, "sent_ts": 1758757575435, "arrival_ts": 1758757575435}
{"action": "send", "src": "NA-N128", "dst": "SA-N179", "hlc": {"phys": 1758757577114, "cnt": 0, "node": "NA-N128"}, "package_id": "PKG57574", "payload": {"status": "RECEIVED"}, "sent_ts": 1758757575834, "arrival_ts": 1758757575834}
{"action": "send", "src": "NA-N128", "dst": "SA-N179", "hlc": {"phys": 1758757577408, "cnt": 0, "node": "NA-N128"}, "package_id": "PKG57574", "payload": {"status": "DELIVERED"}, "sent_ts": 1758757576128, "arrival_ts": 1758757576128}
{"action": "send", "src": "NA-N128", "dst": "AU-N48", "hlc": {"phys": 1758757811070, "cnt": 0, "node": "NA-N128"}, "package_id": "PKG57809", "payload": {"status": "CREATED"}, "sent_ts": 1758757809790, "arrival_ts": 1758757809790}
{"action": "send", "src": "NA-N128", "dst": "AU-N48", "hlc": {"phys": 1758757811383, "cnt": 0, "node": "NA-N128"}, "package_id": "PKG57809", "payload": {"status": "SENT"}, "sent_ts": 1758757810103, "arrival_ts": 1758757810103}
{"action": "send", "src": "NA-N128", "dst": "AU-N48", "hlc": {"phys": 1758757811710, "cnt": 0, "node": "NA-N128"}, "package_id": "PKG57809", "payload": {"status": "IN_TRANSIT"}, "sent_ts": 1758757810430, "arrival_ts": 1758757810430}
{"action": "send", "src": "NA-N128", "dst": "AU-N48", "hlc": {"phys": 1758757811989, "cnt": 0, "node": "NA-N128"}, "package_id": "PKG57809", "payload": {"status": "RECEIVED"}, "sent_ts": 1758757810709, "arrival_ts": 1758757810709}
{"action": "send", "src": "NA-N128", "dst": "AU-N48", "hlc": {"phys": 1758757812215, "cnt": 0, "node": "NA-N128"}, "package_id": "PKG57809", "payload": {"status": "DELIVERED"}, "sent_ts": 1758757810935, "arrival_ts": 1758757810935}
{"action": "send", "src": "NA-N128", "dst": "AS-N149", "hlc": {"phys": 1758765399177, "cnt": 0, "node": "NA-N128"}, "package_id": "PKG65397", "payload": {"status": "CREATED"}, "sent_ts": 1758765397897, "arrival_ts": 1758765397897}
{"action": "send", "src": "NA-N128", "dst": "AS-N149", "hlc": {"phys": 1758765399512, "cnt": 0, "node": "NA-N128"}, "package_id": "PKG65397", "payload": {"status": "SENT"}, "sent_ts": 1758765398232, "arrival_ts": 1758765398232}
{"action": "send", "src": "NA-N128", "dst": "AS-N149", "hlc": {"phys": 1758765399815, "cnt": 0, "node": "NA-N128"}, "package_id": "PKG65397", "payload": {"status": "IN_TRANSIT"}, "sent_ts": 1758765398535, "arrival_ts": 1758765398535}
{"action": "send", "src": "NA-N128", "dst": "AS-N149", "hlc": {"phys": 1758765400180, "cnt": 0, "node": "NA-N128"}, "package_id": "PKG65397", "payload": {"status": "RECEIVED"}, "sent_ts": 1758765398900, "arrival_ts": 1758765398900}
{"action": "send", "src": "NA-N128", "dst": "AS-N149", "hlc": {"phys": 1758765400485, "cnt": 0, "node": "NA-N128"}, "package_id": "PKG65397", "payload": {"status": "DELIVERED"}, "sent_ts": 1758765399205, "arrival_ts": 1758765399205}
{"action": "recv", "src": "AN-N58", "dst": "NA-N128", "hlc": {"phys": 1758800593033, "cnt": 0, "node": "AN-N58"}, "package_id": "PKG562", "payload": {"status": "CREATED"}, "sent_ts": 1758800562453, "arrival_ts": 1758800562611}
{"action": "recv", "src": "AN-N58", "dst": "NA-N128", "hlc": {"phys": 1758800593397, "cnt": 0, "node": "AN-N58"}, "package_id": "PKG562", "payload": {"status": "SENT"}, "sent_ts": 1758800562817, "arrival_ts": 1758800562926}
{"action": "recv", "src": "AN-N58", "dst": "NA-N128", "hlc": {"phys": 1758800593729, "cnt": 0, "node": "AN-N58"}, "package_id": "PKG562", "payload": {"status": "IN_TRANSIT"}, "sent_ts": 1758800563149, "arrival_ts": 1758800563212}
{"action": "recv", "src": "AN-N58", "dst": "NA-N128", "hlc": {"phys": 1758800594006, "cnt": 0, "node": "AN-N58"}, "package_id": "PKG562", "payload": {"status": "RECEIVED"}, "sent_ts": 1758800563426, "arrival_ts": 1758800563469}
{"action": "recv", "src": "AN-N58", "dst": "NA-N128", "hlc": {"phys": 1758800594259, "cnt": 0, "node": "AN-N58"}, "package_id": "PKG562", "payload": {"status": "DELIVERED"}, "sent_ts": 1758800563679, "arrival_ts": 1758800563805}
{"action": "send", "src": "NA-N128", "dst": "AS-N13", "hlc": {"phys": 1758804201356, "cnt": 0, "node": "NA-N128"}, "package_id": "PKG4200", "payload": {"status": "CREATED"}, "sent_ts": 1758804200076, "arrival_ts": 1758804200076}
{"action": "send", "src": "NA-N128", "dst": "AS-N13", "hlc": {"phys": 1758804201718, "cnt": 0, "node": "NA-N128"}, "package_id": "PKG4200", "payload": {"status": "SENT"}, "sent_ts": 1758804200438, "arrival_ts": 1758804200438}
{"action": "send", "src": "NA-N128", "dst": "AS-N13", "hlc": {"phys": 1758804202097, "cnt": 0, "node": "NA-N128"}, "package_id": "PKG4200", "payload": {"status": "IN_TRANSIT"}, "sent_ts": 1758804200817, "arrival_ts": 1758804200817}
{"action": "send", "src": "NA-N128", "dst": "AS-N13", "hlc": {"phys": 1758804202313, "cnt": 0, "node": "NA-N128"}, "package_id": "PKG4200", "payload": {"status": "RECEIVED"}, "sent_ts": 1758804201033, "arrival_ts": 1758804201033}
{"action": "send", "src": "NA-N128", "dst": "AS-N13", "hlc": {"phys": 1758804202645, "cnt": 0, "node": "NA-N128"}, "package_id": "PKG4200", "payload": {"status": "DELIVERED"}, "sent_ts": 1758804201365, "arrival_ts": 1758804201365}
{"action": "send", "src": "NA-N128", "dst": "SA-N55", "hlc": {"phys": 1758812873403, "cnt": 0, "node": "NA-N128"}, "package_id": "PKG12872", "payload": {"status": "CREATED"}, "sent_ts": 1758812872123, "arrival_ts": 1758812872123}
{"action": "send", "src": "NA-N128", "dst": "SA-N55", "hlc": {"phys": 1758812873778, "cnt": 0, "node": "NA-N128"}, "package_id": "PKG12872", "payload": {"status": "SENT"}, "sent_ts": 1758812872498, "arrival_ts": 1758812872498}
{"action": "send", "src": "NA-N128", "dst": "SA-N55", "hlc": {"phys": 1758812874072, "cnt": 0, "node": "NA-N128"}, "package_id": "PKG12872", "payload": {"status": "IN_TRANSIT"}, "sent_ts": 1758812872792, "arrival_ts": 1758812872792}
{"action": "send", "src": "NA-N128", "dst": "SA-N55", "hlc": {"phys": 1758812874430, "cnt": 0, "node": "NA-N128"}, "package_id": "PKG12872", "payload": {"status": "RECEIVED"}, "sent_ts": 1758812873150, "arrival_ts": 1758812873150}
{"action": "send", "src": "NA-N128", "dst": "SA-N55", "hlc": {"phys": 1758812874800, "cnt": 0, "node": "NA-N128"}, "package_id": "PKG12872", "payload": {"status": "DELIVERED"}, "sent_ts": 1758812873520, "arrival_ts": 1758812873520}
{"action": "send", "src": "NA-N128", "dst": "EU-N32", "hlc": {"phys": 1758816716474, "cnt": 0, "node": "NA-N128"}, "package_id": "PKG16715", "payload": {"status": "CREATED"}, "sent_ts": 1758816715194, "arrival_ts": 1758816715194}
{"action": "send", "src": "NA-N128", "dst": "EU-N32", "hlc": {"phys": 1758816716812, "cnt": 0, "node": "NA-N128"}, "package_id": "PKG16715", "payload": {"status": "SENT"}, "sent_ts": 1758816715532, "arrival_ts": 1758816715532}
{"action": "send", "src": "NA-N128", "dst": "EU-N32", "hlc": {"phys": 1758816717030, "cnt": 0, "node": "NA-N128"}, "package_id": "PKG16715", "payload": {"status": "IN_TRANSIT"}, "sent_ts": 1758816715750, "arrival_ts": 1758816715750}
{"action": "send", "src": "NA-N128", "dst": "EU-N32", "hlc": {"phys": 1758816717266, "cnt": 0, "node": "NA-N128"}, "package_id": "PKG16715", "payload": {"status": "RECEIVED"}, "sent_ts": 1758816715986, "arrival_ts": 1758816715986}
{"action": "send", "src": "NA-N128", "dst": "EU-N32", "hlc": {"phys": 1758816717562, "cnt": 0, "node": "NA-N128"}, "package_id": "PKG16715", "payload": {"status": "DELIVERED"}, "sent_ts": 1758816716282, "arrival_ts": 1758816716282}
