{"action": "send", "src": "SA-N161", "dst": "SA-N194", "hlc": {"phys": 1758712923737, "cnt": 0, "node": "SA-N161"}, "package_id": "PKG12902", "payload": {"status": "CREATED"}, "sent_ts": 1758712902127, "arrival_ts": 1758712902127}
{"action": "send", "src": "SA-N161", "dst": "SA-N194", "hlc": {"phys": 1758712924108, "cnt": 0, "node": "SA-N161"}, "package_id": "PKG12902", "payload": {"status": "SENT"}, "sent_ts": 1758712902498, "arrival_ts": 1758712902498}
{"action": "send", "src": "SA-N161", "dst": "SA-N194", "hlc": {"phys": 1758712924481, "cnt": 0, "node": "SA-N161"}, "package_id": "PKG12902", "payload": {"status": "IN_TRANSIT"}, "sent_ts": 1758712902871, "arrival_ts": 1758712902871}
{"action": "send", "src": "SA-N161", "dst": "SA-N194", "hlc": {"phys": 1758712924866, "cnt": 0, "node": "SA-N161"}, "package_id": "PKG12902", "payload": {"status": "RECEIVED"}, "sent_ts": 1758712903256, "arrival_ts": 1758712903256}
{"action": "send", "src": "SA-N161", "dst": "SA-N194", "hlc": {"phys": 1758712925083, "cnt": 0, "node": "SA-N161"}, "package_id": "PKG12902", "payload": {"status": "DELIVERED"}, "sent_ts": 1758712903473, "arrival_ts": 1758712903473}
{"action": "send", "src": "SA-N161", "dst": "SA-N176", "hlc": {"phys": 1758719261832, "cnt": 0, "node": "SA-N161"}, "package_id": "PKG19240", "payload": {"status": "CREATED"}, "sent_ts": 1758719240222, "arrival_ts": 1758719240222}
{"action": "send", "src": "SA-N161", "dst": "SA-N176", "hlc": {"phys": 1758719262207, "cnt": 0, "node": "SA-N161"}, "package_id": "PKG19240", "payload": {"status": "SENT"}, "sent_ts": 1758719240597, "arrival_ts": 1758719240597}
{"action": "send", "src": "SA-N161", "dst": "SA-N176", "hlc": {"phys": 1758719262579, "cnt": 0, "node": "SA-N161"}, "package_id": "PKG19240", "payload": {"status": "IN_TRANSIT"}, "sent_ts": 1758719240969, "arrival_ts": 1758719240969}
{"action": "send", "src": "SA-N161", "dst": "SA-N176", "hlc": {"phys": 1758719262808, "cnt": 0, "node": "SA-N161"}, "package_id": "PKG19240", "payload": {"status": "RECEIVED"}, "sent_ts": 1758719241198, "arrival_ts": 1758719241198}
{"action": "send", "src": "SA-N161", "dst": "SA-N176", "hlc": {"phys": 1758719263056, "cnt": 0, "node": "SA-N161"}, "package_id": "PKG19240", "payload": {"status": "DELIVERED"}, "sent_ts": 1758719241446, "arrival_ts": 1758719241446}
{"action": "recv", "src": "AU-N113", "dst": "SA-N161", "hlc": {"phys": 1758738167352, "cnt": 0, "node": "AU-N113"}, "package_id": "PKG38141", "payload": {"status": "CREATED"}, "sent_ts": 1758738141222, "arrival_ts": 1758738141282}
{"action": "recv", "src": "AU-N113", "dst": "SA-N161", "hlc": {"phys": 1758738167623, "cnt": 0, "node": "AU-N113"}, "package_id": "PKG38141", "payload": {"status": "SENT"}, "sent_ts": 1758738141493, "arrival_ts": 1758738141542}
{"action": "recv", "src": "AU-N113", "dst": "SA-N161", "hlc": {"phys": 1758738167873, "cnt": 0, "node": "AU-N113"}, "package_id": "PKG38141", "payload": {"status": "IN_TRANSIT"}, "sent_ts": 1758738141743, "arrival_ts": 1758738141778}
{"action": "recv", "src": "AU-N113", "dst": "SA-N161", "hlc": {"phys": 1758738168103, "cnt": 0, "node": "AU-N113"}, "package_id": "PKG38141", "payload": {"status": "RECEIVED"}, "sent_ts": 1758738141973, "arrival_ts": 1758738141989}
{"action": "recv", "src": "AU-N113", "dst": "SA-N161", "hlc": {"phys": 1758738168331, "cnt": 0, "node": "AU-N113"}, "package_id": "PKG38141", "payload": {"status": "DELIVERED"}, "sent_ts": 1758738142201, "arrival_ts": 1758738142351}
{"action": "recv", "src": "AS-N123", "dst": "SA-N161", "hlc": {"phys": 1758742916340, "cnt": 0, "node": "AS-N123"}, "package_id": "PKG42905", "payload": {"status": "CREATED"}, "sent_ts": 1758742905110, "arrival_ts": 1758742905212}
{"action": "recv", "src": "AS-N123", "dst": "SA-N161", "hlc": {"phys": 1758742916649, "cnt": 0, "node": "AS-N123"}, "package_id": "PKG42905", "payload": {"status": "SENT"}, "sent_ts": 1758742905419, "arrival_ts": 1758742905488}
{"action": "recv", "src": "AS-N123", "dst": "SA-N161", "hlc": {"phys": 1758742916932, "cnt": 0, "node": "AS-N123"}, "package_id": "PKG42905", "payload": {"status": "IN_TRANSIT"}, "sent_ts": 1758742905702, "arrival_ts": 1758742905851}
{"action": "recv", "src": "AS-N123", "dst": "SA-N161", "hlc": {"phys": 1758742917288, "cnt": 0, "node": "AS-N123"}, "package_id": "PKG42905", "payload": {"status": "RECEIVED"}, "sent_ts": 1758742906058, "arrival_ts": 1758742906217}
{"action": "recv", "src": "AS-N123", "dst": "SA-N161", "hlc": {"phys": 1758742917658, "cnt": 0, "node": "AS-N123"}, "package_id": "PKG42905", "payload": {"status": "DELIVERED"}, "sent_ts": 1758742906428, "arrival_ts": 1758742906487}
{"action": "recv", "src": "AU-N86", "dst": "SA-N161", "hlc": {"phys": 1758744451187, "cnt": 0, "node": "AU-N86"}, "package_id": "PKG44425", "payload": {"status": "CREATED"}, "sent_ts": 1758744425327, "arrival_ts": 1758744425433}
{"action": "recv", "src": "AU-N86", "dst": "SA-N161", "hlc": {"phys": 1758744451498, "cnt": 0, "node": "AU-N86"}, "package_id": "PKG44425", "payload": {"status": "SENT"}, "sent_ts": 1758744425638, "arrival_ts": 1758744425733}
{"action": "recv", "src": "AU-N86", "dst": "SA-N161", "hlc": {"phys": 1758744451807, "cnt": 0, "node": "AU-N86"}, "package_id": "PKG44425", "payload": {"status": "IN_TRANSIT"}, "sent_ts": 1758744425947, "arrival_ts": 1758744425994}
{"action": "recv", "src": "AU-N86", "dst": "SA-N161", "hlc": {"phys": 1758744452054, "cnt": 0, "node": "AU-N86"}, "package_id": "PKG44425", "payload": {"status": "RECEIVED"}, "sent_ts": 1758744426194, "arrival_ts": 1758744426275}
{"action": "recv", "src": "AU-N86", "dst": "SA-N161", "hlc": {"phys": 1758744452338, "cnt": 0, "node": "AU-N86"}, "package_id": "PKG44425", "payload": {"status": "DELIVERED"}, "sent_ts": 1758744426478, "arrival_ts": 1758744426524}
{"action": "recv", "src": "NA-N127", "dst": "SA-N161", "hlc": {"phys": 1758745794020, "cnt": 0, "node": "NA-N127"}, "package_id": "PKG45792", "payload": {"status": "CREATED"}, "sent_ts": 1758745792750, "arrival_ts": 1758745792925}
{"action": "recv", "src": "NA-N127", "dst": "SA-N161", "hlc": {"phys": 1758745794403, "cnt": 0, "node": "NA-N127"}, "package_id": "PKG45792", "payload": {"status": "SENT"}, "sent_ts": 1758745793133, "arrival_ts": 1758745793310}
{"action": "recv", "src": "NA-N127", "dst": "SA-N161", "hlc": {"phys": 1758745794773, "cnt": 0, "node": "NA-N127"}, "package_id": "PKG45792", "payload": {"status": "IN_TRANSIT"}, "sent_ts": 1758745793503, "arrival_ts": 1758745793675}
{"action": "recv", "src": "NA-N127", "dst": "SA-N161", "hlc": {"phys": 1758745795158, "cnt": 0, "node": "NA-N127"}, "package_id": "PKG45792", "payload": {"status": "RECEIVED"}, "sent_ts": 1758745793888, "arrival_ts": 1758745794022}
{"action": "recv", "src": "NA-N127", "dst": "SA-N161", "hlc": {"phys": 1758745795503, "cnt": 0, "node": "NA-N127"}, "package_id": "PKG45792", "payload": {"status": "DELIVERED"}, "sent_ts": 1758745794233, "arrival_ts": 1758745794298}
{"action": "send", "src": "SA-N161", "dst": "AF-N153", "hlc": {"phys": 1758747269129, "cnt": 0, "node": "SA-N161"}, "package_id": "PKG47247", "payload": {"status": "CREATED"}, "sent_ts": 1758747247519, "arrival_ts": 1758747247519}
{"action": "send", "src": "SA-N161", "dst": "AF-N153", "hlc": {"phys": 1758747269457, "cnt": 0, "node": "SA-N161"}, "package_id": "PKG47247", "payload": {"status": "SENT"}, "sent_ts": 1758747247847, "arrival_ts": 1758747247847}
{"action": "send", "src": "SA-N161", "dst": "AF-N153", "hlc": {"phys": 1758747269691, "cnt": 0, "node": "SA-N161"}, "package_id": "PKG47247", "payload": {"status": "IN_TRANSIT"}, "sent_ts": 1758747248081, "arrival_ts": 1758747248081}
{"action": "send", "src": "SA-N161", "dst": "AF-N153", "hlc": {"phys": 1758747270007, "cnt": 0, "node": "SA-N161"}, "package_id": "PKG47247", "payload": {"status": "RECEIVED"}, "sent_ts": 1758747248397, "arrival_ts": 1758747248397}
{"action": "send", "src": "SA-N161", "dst": "AF-N153", "hlc": {"phys": 1758747270404, "cnt": 0, "node": "SA-N161"}, "package_id": "PKG47247", "payload": {"status": "DELIVERED"}, "sent_ts": 1758747248794, "arrival_ts": 1758747248794}
{"action": "send", "src": "SA-N161", "dst": "AS-N94", "hlc": {"phys": 1758748536917, "cnt": 0, "node": "SA-N161"}, "package_id": "PKG48515", "payload": {"status": "CREATED"}, "sent_ts": 1758748515307, "arrival_ts": 1758748515307}
{"action": "send", "src": "SA-N161", "dst": "AS-N94", "hlc": {"phys": 1758748537282, "cnt": 0, "node": "SA-N161"}, "package_id": "PKG48515", "payload": {"status": "SENT"}, "sent_ts": 1758748515672, "arrival_ts": 1758748515672}
{"action": "send", "src": "SA-N161", "dst": "AS-N94", "hlc": {"phys": 1758748537534, "cnt": 0, "node": "SA-N161"}, "package_id": "PKG48515", "payload": {"status": "IN_TRANSIT"}, "sent_ts": 1758748515924, "arrival_ts": 1758748515924}
{"action": "send", "src": "SA-N161", "dst": "AS-N94", "hlc": {"phys": 1758748537859, "cnt": 0, "node": "SA-N161"}, "package_id": "PKG48515", "payload": {"status": "RECEIVED"}, "sent_ts": 1758748516249, "arrival_ts": 1758748516249}
{"action": "send", "src": "SA-N161", "dst": "AS-N94", "hlc": {"phys": 1758748538121, "cnt": 0, "node": "SA-N161"}, "package_id": "PKG48515", "payload": {"status": "DELIVERED"}, "sent_ts": 1758748516511, "arrival_ts": 1758748516511}
{"action": "recv", "src": "AS-N79", "dst": "SA-N161", "hlc": {"phys": 1758749447913, "cnt": 0, "node": "AS-N79"}, "package_id": "PKG49437", "payload": {"status": "CREATED"}, "sent_ts": 1758749437123, "arrival_ts": 1758749437254}
{"action": "recv", "src": "AS-N79", "dst": "SA-N161", "hlc": {"phys": 1758749448252, "cnt": 0, "node": "AS-N79"}, "package_id": "PKG49437", "payload": {"status": "SENT"}, "sent_ts": 1758749437462, "arrival_ts": 1758749437500}
{"action": "recv", "src": "AS-N79", "dst": "SA-N161", "hlc": {"phys": 1758749448524, "cnt": 0, "node": "AS-N79"}, "package_id": "PKG49437", "payload": {"status": "IN_TRANSIT"}, "sent_ts": 1758749437734, "arrival_ts": 1758749437864}
{"action": "recv", "src": "AS-N79", "dst": "SA-N161", "hlc": {"phys": 1758749448858, "cnt": 0, "node": "AS-N79"}, "package_id": "PKG49437", "payload": {"status": "RECEIVED"}, "sent_ts": 1758749438068, "arrival_ts": 1758749438162}
{"action": "recv", "src": "AS-N79", "dst": "SA-N161", "hlc": {"phys": 1758749449168, "cnt": 0, "node": "AS-N79"}, "package_id": "PKG49437", "payload": {"status": "DELIVERED"}, "sent_ts": 1758749438378, "arrival_ts": 1758749438491}
{"action": "send", "src": "SA-N161", "dst": "NA-N92", "hlc": {"phys": 1758751748892, "cnt": 0, "node": "SA-N161"}, "package_id": "PKG51727", "payload": {"status": "CREATED"}, "sent_ts": 1758751727282, "arrival_ts": 1758751727282}
{"action": "send", "src": "SA-N161", "dst": "NA-N92", "hlc": {"phys": 1758751749145, "cnt": 0, "node": "SA-N161"}, "package_id": "PKG51727", "payload": {"status": "SENT"}, "sent_ts": 1758751727535, "arrival_ts": 1758751727535}
{"action": "send", "src": "SA-N161", "dst": "NA-N92", "hlc": {"phys": 1758751749413, "cnt": 0, "node": "SA-N161"}, "package_id": "PKG51727", "payload": {"status": "IN_TRANSIT"}, "sent_ts": 1758751727803, "arrival_ts": 1758751727803}
{"action": "send", "src": "SA-N161", "dst": "NA-N92", "hlc": {"phys": 1758751749680, "cnt": 0, "node": "SA-N161"}, "package_id": "PKG51727", "payload": {"status": "RECEIVED"}, "sent_ts": 1758751728070, "arrival_ts": 1758751728070}
{"action": "send", "src": "SA-N161", "dst": "NA-N92", "hlc": {"phys": 1758751750043, "cnt": 0, "node": "SA-N161"}, "package_id": "PKG51727", "payload": {"status": "DELIVERED"}, "sent_ts": 1758751728433, "arrival_ts": 1758751728433}
{"action": "recv", "src": "SA-N76", "dst": "SA-N161", "hlc": {"phys": 1758753159292, "cnt": 0, "node": "SA-N76"}, "package_id": "PKG53138", "payload": {"status": "CREATED"}, "sent_ts": 1758753138532, "arrival_ts": 1758753138697}
{"action": "recv", "src": "SA-N76", "dst": "SA-N161", "hlc": {"phys": 1758753159672, "cnt": 0, "node": "SA-N76"}, "package_id": "PKG53138", "payload": {"status": "SENT"}, "sent_ts": 1758753138912, "arrival_ts": 1758753139110}
{"action": "recv", "src": "SA-N76", "dst": "SA-N161", "hlc": {"phys": 1758753160082, "cnt": 0, "node": "SA-N76"}, "package_id": "PKG53138", "payload": {"status": "IN_TRANSIT"}, "sent_ts": 1758753139322, "arrival_ts": 1758753139375}
{"action": "recv", "src": "SA-N76", "dst": "SA-N161", "hlc": {"phys": 1758753160344, "cnt": 0, "node": "SA-N76"}, "package_id": "PKG53138", "payload": {"status": "RECEIVED"}, "sent_ts": 1758753139584, "arrival_ts": 1758753139727}
{"action": "recv", "src": "SA-N76", "dst": "SA-N161", "hlc": {"phys": 1758753160694, "cnt": 0, "node": "SA-N76"}, "package_id": "PKG53138", "payload": {"status": "DELIVERED"}, "sent_ts": 1758753139934, "arrival_ts": 1758753140121}
{"action": "recv", "src": "EU-N119", "dst": "SA-N161", "hlc": {"phys": 1758753779086, "cnt": 0, "node": "EU-N119"}, "package_id": "PKG53772", "payload": {"status": "CREATED"}, "sent_ts": 1758753772896, "arrival_ts": 1758753772960}
{"action": "recv", "src": "EU-N119", "dst": "SA-N161", "hlc": {"phys": 1758753779354, "cnt": 0, "node": "EU-N119"}, "package_id": "PKG53772", "payload": {"status": "SENT"}, "sent_ts": 1758753773164, "arrival_ts": 1758753773326}
{"action": "recv", "src": "EU-N119", "dst": "SA-N161", "hlc": {"phys": 1758753779729, "cnt": 0, "node": "EU-N119"}, "package_id": "PKG53772", "payload": {"status": "IN_TRANSIT"}, "sent_ts": 1758753773539, "arrival_ts": 1758753773668}
{"action": "recv", "src": "EU-N119", "dst": "SA-N161", "hlc": {"phys": 1758753780062, "cnt": 0, "node": "EU-N119"}, "package_id": "PKG53772", "payload": {"status": "RECEIVED"}, "sent_ts": 1758753773872, "arrival_ts": 1758753773984}
{"action": "recv", "src": "EU-N119", "dst": "SA-N161", "hlc": {"phys": 1758753780363, "cnt": 0, "node": "EU-N119"}, "package_id": "PKG53772", "payload": {"status": "DELIVERED"}, "sent_ts": 1758753774173, "arrival_ts": 1758753774232}
{"action": "send", "src": "SA-N161", "dst": "AF-N96", "hlc": {"phys": 1758754100071, "cnt": 0, "node": "SA-N161"}, "package_id": "PKG54078", "payload": {"status": "CREATED"}, "sent_ts": 1758754078461, "arrival_ts": 1758754078461}
{"action": "send", "src": "SA-N161", "dst": "AF-N96", "hlc": {"phys": 1758754100364, "cnt": 0, "node": "SA-N161"}, "package_id": "PKG54078", "payload": {"status": "SENT"}, "sent_ts": 1758754078754, "arrival_ts": 1758754078754}
{"action": "send", "src": "SA-N161", "dst": "AF-N96", "hlc": {"phys": 1758754100605, "cnt": 0, "node": "SA-N161"}, "package_id": "PKG54078", "payload": {"status": "IN_TRANSIT"}, "sent_ts": 1758754078995, "arrival_ts": 1758754078995}
{"action": "send", "src": "SA-N161", "dst": "AF-N96", "hlc": {"phys": 1758754100832, "cnt": 0, "node": "SA-N161"}, "package_id": "PKG54078", "payload": {"status": "RECEIVED"}, "sent_ts": 1758754079222, "arrival_ts": 1758754079222}
{"action": "send", "src": "SA-N161", "dst": "AF-N96", "hlc": {"phys": 1758754101139, "cnt": 0, "node": "SA-N161"}, "package_id": "PKG54078", "payload": {"status": "DELIVERED"}, "sent_ts": 1758754079529, "arrival_ts": 1758754079529}
{"action": "recv", "src": "SA-N200", "dst": "SA-N161", "hlc": {"phys": 1758754841581, "cnt": 0, "node": "SA-N200"}, "package_id": "PKG54819", "payload": {"status": "CREATED"}, "sent_ts": 1758754819581, "arrival_ts": 1758754819749}
{"action": "recv", "src": "SA-N200", "dst": "SA-N161", "hlc": {"phys": 1758754841974, "cnt": 0, "node": "SA-N200"}, "package_id": "PKG54819", "payload": {"status": "SENT"}, "sent_ts": 1758754819974, "arrival_ts": 1758754820064}
{"action": "recv", "src": "SA-N200", "dst": "SA-N161", "hlc": {"phys": 1758754842282, "cnt": 0, "node": "SA-N200"}, "package_id": "PKG54819", "payload": {"status": "IN_TRANSIT"}, "sent_ts": 1758754820282, "arrival_ts": 1758754820410}
{"action": "recv", "src": "SA-N200", "dst": "SA-N161", "hlc": {"phys": 1758754842621, "cnt": 0, "node": "SA-N200"}, "package_id": "PKG54819", "payload": {"status": "RECEIVED"}, "sent_ts": 1758754820621, "arrival_ts": 1758754820793}
{"action": "recv", "src": "SA-N200", "dst": "SA-N161", "hlc": {"phys": 1758754842997, "cnt": 0, "node": "SA-N200"}, "package_id": "PKG54819", "payload": {"status": "DELIVERED"}, "sent_ts": 1758754820997, "arrival_ts": 1758754821010}
{"action": "send", "src": "SA-N161", "dst": "AS-N36", "hlc": {"phys": 1758759958083, "cnt": 0, "node": "SA-N161"}, "package_id": "PKG59936", "payload": {"status": "CREATED"}, "sent_ts": 1758759936473, "arrival_ts": 1758759936473}
{"action": "send", "src": "SA-N161", "dst": "AS-N36", "hlc": {"phys": 1758759958520, "cnt": 0, "node": "SA-N161"}, "package_id": "PKG59936", "payload": {"status": "SENT"}, "sent_ts": 1758759936910, "arrival_ts": 1758759936910}
{"action": "send", "src": "SA-N161", "dst": "AS-N36", "hlc": {"phys": 1758759958902, "cnt": 0, "node": "SA-N161"}, "package_id": "PKG59936", "payload": {"status": "IN_TRANSIT"}, "sent_ts": 1758759937292, "arrival_ts": 1758759937292}
{"action": "send", "src": "SA-N161", "dst": "AS-N36", "hlc": {"phys": 1758759959206, "cnt": 0, "node": "SA-N161"}, "package_id": "PKG59936", "payload": {"status": "RECEIVED"}, "sent_ts": 1758759937596, "arrival_ts": 1758759937596}
{"action": "send", "src": "SA-N161", "dst": "AS-N36", "hlc": {"phys": 1758759959559, "cnt": 0, "node": "SA-N161"}, "package_id": "PKG59936", "payload": {"status": "DELIVERED"}, "sent_ts": 1758759937949, "arrival_ts": 1758759937949}
{"action": "send", "src": "SA-N161", "dst": "AN-N60", "hlc": {"phys": 1758760542015, "cnt": 0, "node": "SA-N161"}, "package_id": "PKG60520", "payload": {"status": "CREATED"}, "sent_ts": 1758760520405, "arrival_ts": 1758760520405}
{"action": "send", "src": "SA-N161", "dst": "AN-N60", "hlc": {"phys": 1758760542393, "cnt": 0, "node": "SA-N161"}, "package_id": "PKG60520", "payload": {"status": "SENT"}, "sent_ts": 1758760520783, "arrival_ts": 1758760520783}
{"action": "send", "src": "SA-N161", "dst": "AN-N60", "hlc": {"phys": 1758760542730, "cnt": 0, "node": "SA-N161"}, "package_id": "PKG60520", "payload": {"status": "IN_TRANSIT"}, "sent_ts": 1758760521120, "arrival_ts": 1758760521120}
{"action": "send", "src": "SA-N161", "dst": "AN-N60", "hlc": {"phys": 1758760543045, "cnt": 0, "node": "SA-N161"}, "package_id": "PKG60520", "payload": {"status": "RECEIVED"}, "sent_ts": 1758760521435, "arrival_ts": 1758760521435}
{"action": "send", "src": "SA-N161", "dst": "AN-N60", "hlc": {"phys": 1758760543405, "cnt": 0, "node": "SA-N161"}, "package_id": "PKG60520", "payload": {"status": "DELIVERED"}, "sent_ts": 1758760521795, "arrival_ts": 1758760521795}
{"action": "send", "src": "SA-N161", "dst": "AS-N165", "hlc": {"phys": 1758761926816, "cnt": 0, "node": "SA-N161"}, "package_id": "PKG61905", "payload": {"status": "CREATED"}, "sent_ts": 1758761905206, "arrival_ts": 1758761905206}
{"action": "send", "src": "SA-N161", "dst": "AS-N165", "hlc": {"phys": 1758761927073, "cnt": 0, "node": "SA-N161"}, "package_id": "PKG61905", "payload": {"status": "SENT"}, "sent_ts": 1758761905463, "arrival_ts": 1758761905463}
{"action": "send", "src": "SA-N161", "dst": "AS-N165", "hlc": {"phys": 1758761927435, "cnt": 0, "node": "SA-N161"}, "package_id": "PKG61905", "payload": {"status": "IN_TRANSIT"}, "sent_ts": 1758761905825, "arrival_ts": 1758761905825}
{"action": "send", "src": "SA-N161", "dst": "AS-N165", "hlc": {"phys": 1758761927718, "cnt": 0, "node": "SA-N161"}, "package_id": "PKG61905", "payload": {"status": "RECEIVED"}, "sent_ts": 1758761906108, "arrival_ts": 1758761906108}
{"action": "send", "src": "SA-N161", "dst": "AS-N165", "hlc": {"phys": 1758761928087, "cnt": 0, "node": "SA-N161"}, "package_id": "PKG61905", "payload": {"status": "DELIVERED"}, "sent_ts": 1758761906477, "arrival_ts": 1758761906477}
{"action": "send", "src": "SA-N161", "dst": "NA-N106", "hlc": {"phys": 1758764693452, "cnt": 0, "node": "SA-N161"}, "package_id": "PKG64671", "payload": {"status": "CREATED"}, "sent_ts": 1758764671842, "arrival_ts": 1758764671842}
{"action": "send", "src": "SA-N161", "dst": "NA-N106", "hlc": {"phys": 1758764693697, "cnt": 0, "node": "SA-N161"}, "package_id": "PKG64671", "payload": {"status": "SENT"}, "sent_ts": 1758764672087, "arrival_ts": 1758764672087}
{"action": "send", "src": "SA-N161", "dst": "NA-N106", "hlc": {"phys": 1758764694048, "cnt": 0, "node": "SA-N161"}, "package_id": "PKG64671", "payload": {"status": "IN_TRANSIT"}, "sent_ts": 1758764672438, "arrival_ts": 1758764672438}
{"action": "send", "src": "SA-N161", "dst": "NA-N106", "hlc": {"phys": 1758764694408, "cnt": 0, "node": "SA-N161"}, "package_id": "PKG64671", "payload": {"status": "RECEIVED"}, "sent_ts": 1758764672798, "arrival_ts": 1758764672798}
{"action": "send", "src": "SA-N161", "dst": "NA-N106", "hlc": {"phys": 1758764694644, "cnt": 0, "node": "SA-N161"}, "package_id": "PKG64671", "payload": {"status": "DELIVERED"}, "sent_ts": 1758764673034, "arrival_ts": 1758764673034}
{"action": "send", "src": "SA-N161", "dst": "AF-N60", "hlc": {"phys": 1758764978066, "cnt": 0, "node": "SA-N161"}, "package_id": "PKG64956", "payload": {"status": "CREATED"}, "sent_ts": 1758764956456, "arrival_ts": 1758764956456}
{"action": "send", "src": "SA-N161", "dst": "AF-N60", "hlc": {"phys": 1758764978411, "cnt": 0, "node": "SA-N161"}, "package_id": "PKG64956", "payload": {"status": "SENT"}, "sent_ts": 1758764956801, "arrival_ts": 1758764956801}
{"action": "send", "src": "SA-N161", "dst": "AF-N60", "hlc": {"phys": 1758764978798, "cnt": 0, "node": "SA-N161"}, "package_id": "PKG64956", "payload": {"status": "IN_TRANSIT"}, "sent_ts": 1758764957188, "arrival_ts": 1758764957188}
{"action": "send", "src": "SA-N161", "dst": "AF-N60", "hlc": {"phys": 1758764979094, "cnt": 0, "node": "SA-N161"}, "package_id": "PKG64956", "payload": {"status": "RECEIVED"}, "sent_ts": 1758764957484, "arrival_ts": 1758764957484}
{"action": "send", "src": "SA-N161", "dst": "AF-N60", "hlc": {"phys": 1758764979326, "cnt": 0, "node": "SA-N161"}, "package_id": "PKG64956", "payload": {"status": "DELIVERED"}, "sent_ts": 1758764957716, "arrival_ts": 1758764957716}
{"action": "send", "src": "SA-N161", "dst": "NA-N87", "hlc": {"phys": 1758802860403, "cnt": 0, "node": "SA-N161"}, "package_id": "PKG2838", "payload": {"status": "CREATED"}, "sent_ts": 1758802838793, "arrival_ts": 1758802838793}
{"action": "send", "src": "SA-N161", "dst": "NA-N87", "hlc": {"phys": 1758802860787, "cnt": 0, "node": "SA-N161"}, "package_id": "PKG2838", "payload": {"status": "SENT"}, "sent_ts": 1758802839177, "arrival_ts": 1758802839177}
{"action": "send", "src": "SA-N161", "dst": "NA-N87", "hlc": {"phys": 1758802861051, "cnt": 0, "node": "SA-N161"}, "package_id": "PKG2838", "payload": {"status": "IN_TRANSIT"}, "sent_ts": 1758802839441, "arrival_ts": 1758802839441}
{"action": "send", "src": "SA-N161", "dst": "NA-N87", "hlc": {"phys": 1758802861456, "cnt": 0, "node": "SA-N161"}, "package_id": "PKG2838", "payload": {"status": "RECEIVED"}, "sent_ts": 1758802839846, "arrival_ts": 1758802839846}
{"action": "send", "src": "SA-N161", "dst": "NA-N87", "hlc": {"phys": 1758802861690, "cnt": 0, "node": "SA-N161"}, "package_id": "PKG2838", "payload": {"status": "DELIVERED"}, "sent_ts": 1758802840080, "arrival_ts": 1758802840080}
{"action": "recv", "src": "AN-N40", "dst": "SA-N161", "hlc": {"phys": 1758803074814, "cnt": 0, "node": "AN-N40"}, "package_id": "PKG3044", "payload": {"status": "CREATED"}, "sent_ts": 1758803044414, "arrival_ts": 1758803044606}
{"action": "recv", "src": "AN-N40", "dst": "SA-N161", "hlc": {"phys": 1758803075200, "cnt": 0, "node": "AN-N40"}, "package_id": "PKG3044", "payload": {"status": "SENT"}, "sent_ts": 1758803044800, "arrival_ts": 1758803045000}
{"action": "recv", "src": "AN-N40", "dst": "SA-N161", "hlc": {"phys": 1758803075604, "cnt": 0, "node": "AN-N40"}, "package_id": "PKG3044", "payload": {"status": "IN_TRANSIT"}, "sent_ts": 1758803045204, "arrival_ts": 1758803045246}
{"action": "recv", "src": "AN-N40", "dst": "SA-N161", "hlc": {"phys": 1758803075838, "cnt": 0, "node": "AN-N40"}, "package_id": "PKG3044", "payload": {"status": "RECEIVED"}, "sent_ts": 1758803045438, "arrival_ts": 1758803045587}
{"action": "recv", "src": "AN-N40", "dst": "SA-N161", "hlc": {"phys": 1758803076198, "cnt": 0, "node": "AN-N40"}, "package_id": "PKG3044", "payload": {"status": "DELIVERED"}, "sent_ts": 1758803045798, "arrival_ts": 1758803045985}
{"action": "send", "src": "SA-N161", "dst": "SA-N57", "hlc": {"phys": 1758803750821, "cnt": 0, "node": "SA-N161"}, "package_id": "PKG3729", "payload": {"status": "CREATED"}, "sent_ts": 1758803729211, "arrival_ts": 1758803729211}
{"action": "send", "src": "SA-N161", "dst": "SA-N57", "hlc": {"phys": 1758803751117, "cnt": 0, "node": "SA-N161"}, "package_id": "PKG3729", "payload": {"status": "SENT"}, "sent_ts": 1758803729507, "arrival_ts": 1758803729507}
{"action": "send", "src": "SA-N161", "dst": "SA-N57", "hlc": {"phys": 1758803751508, "cnt": 0, "node": "SA-N161"}, "package_id": "PKG3729", "payload": {"status": "IN_TRANSIT"}, "sent_ts": 1758803729898, "arrival_ts": 1758803729898}
{"action": "send", "src": "SA-N161", "dst": "SA-N57", "hlc": {"phys": 1758803751860, "cnt": 0, "node": "SA-N161"}, "package_id": "PKG3729", "payload": {"status": "RECEIVED"}, "sent_ts": 1758803730250, "arrival_ts": 1758803730250}
{"action": "send", "src": "SA-N161", "dst": "SA-N57", "hlc": {"phys": 1758803752150, "cnt": 0, "node": "SA-N161"}, "package_id": "PKG3729", "payload": {"status": "DELIVERED"}, "sent_ts": 1758803730540, "arrival_ts": 1758803730540}
{"action": "recv", "src": "AS-N144", "dst": "SA-N161", "hlc": {"phys": 1758804577817, "cnt": 0, "node": "AS-N144"}, "package_id": "PKG4566", "payload": {"status": "CREATED"}, "sent_ts": 1758804566377, "arrival_ts": 1758804566471}
{"action": "recv", "src": "AS-N144", "dst": "SA-N161", "hlc": {"phys": 1758804578113, "cnt": 0, "node": "AS-N144"}, "package_id": "PKG4566", "payload": {"status": "SENT"}, "sent_ts": 1758804566673, "arrival_ts": 1758804566761}
{"action": "recv", "src": "AS-N144", "dst": "SA-N161", "hlc": {"phys": 1758804578394, "cnt": 0, "node": "AS-N144"}, "package_id": "PKG4566", "payload": {"status": "IN_TRANSIT"}, "sent_ts": 1758804566954, "arrival_ts": 1758804567056}
{"action": "recv", "src": "AS-N144", "dst": "SA-N161", "hlc": {"phys": 1758804578716, "cnt": 0, "node": "AS-N144"}, "package_id": "PKG4566", "payload": {"status": "RECEIVED"}, "sent_ts": 1758804567276, "arrival_ts": 1758804567455}
{"action": "recv", "src": "AS-N144", "dst": "SA-N161", "hlc": {"phys": 1758804579102, "cnt": 0, "node": "AS-N144"}, "package_id": "PKG4566", "payload": {"status": "DELIVERED"}, "sent_ts": 1758804567662, "arrival_ts": 1758804567850}
{"action": "send", "src": "SA-N161", "dst": "EU-N56", "hlc": {"phys": 1758805083380, "cnt": 0, "node": "SA-N161"}, "package_id": "PKG5061", "payload": {"status": "CREATED"}, "sent_ts": 1758805061770, "arrival_ts": 1758805061770}
{"action": "send", "src": "SA-N161", "dst": "EU-N56", "hlc": {"phys": 1758805083598, "cnt": 0, "node": "SA-N161"}, "package_id": "PKG5061", "payload": {"status": "SENT"}, "sent_ts": 1758805061988, "arrival_ts": 1758805061988}
{"action": "send", "src": "SA-N161", "dst": "EU-N56", "hlc": {"phys": 1758805083966, "cnt": 0, "node": "SA-N161"}, "package_id": "PKG5061", "payload": {"status": "IN_TRANSIT"}, "sent_ts": 1758805062356, "arrival_ts": 1758805062356}
{"action": "send", "src": "SA-N161", "dst": "EU-N56", "hlc": {"phys": 1758805084200, "cnt": 0, "node": "SA-N161"}, "package_id": "PKG5061", "payload": {"status": "RECEIVED"}, "sent_ts": 1758805062590, "arrival_ts": 1758805062590}
{"action": "send", "src": "SA-N161", "dst": "EU-N56", "hlc": {"phys": 1758805084478, "cnt": 0, "node": "SA-N161"}, "package_id": "PKG5061", "payload": {"status": "DELIVERED"}, "sent_ts": 1758805062868, "arrival_ts": 1758805062868}
{"action": "recv", "src": "AN-N144", "dst": "SA-N161", "hlc": {"phys": 1758811769429, "cnt": 0, "node": "AN-N144"}, "package_id": "PKG11737", "payload": {"status": "CREATED"}, "sent_ts": 1758811737989, "arrival_ts": 1758811738101}
{"action": "recv", "src": "AN-N144", "dst": "SA-N161", "hlc": {"phys": 1758811769738, "cnt": 0, "node": "AN-N144"}, "package_id": "PKG11737", "payload": {"status": "SENT"}, "sent_ts": 1758811738298, "arrival_ts": 1758811738485}
{"action": "recv", "src": "AN-N144", "dst": "SA-N161", "hlc": {"phys": 1758811770141, "cnt": 0, "node": "AN-N144"}, "package_id": "PKG11737", "payload": {"status": "IN_TRANSIT"}, "sent_ts": 1758811738701, "arrival_ts": 1758811738818}
{"action": "recv", "src": "AN-N144", "dst": "SA-N161", "hlc": {"phys": 1758811770465, "cnt": 0, "node": "AN-N144"}, "package_id": "PKG11737", "payload": {"status": "RECEIVED"}, "sent_ts": 1758811739025, "arrival_ts": 1758811739195}
{"action": "recv", "src": "AN-N144", "dst": "SA-N161", "hlc": {"phys": 1758811770838, "cnt": 0, "node": "AN-N144"}, "package_id": "PKG11737", "payload": {"status": "DELIVERED"}, "sent_ts": 1758811739398, "arrival_ts": 1758811739549}
{"action": "recv", "src": "EU-N146", "dst": "SA-N161", "hlc": {"phys": 1758815374959, "cnt": 0, "node": "EU-N146"}, "package_id": "PKG15368", "payload": {"status": "CREATED"}, "sent_ts": 1758815368499, "arrival_ts": 1758815368592}
{"action": "recv", "src": "EU-N146", "dst": "SA-N161", "hlc": {"phys": 1758815375254, "cnt": 0, "node": "EU-N146"}, "package_id": "PKG15368", "payload": {"status": "SENT"}, "sent_ts": 1758815368794, "arrival_ts": 1758815368885}
{"action": "recv", "src": "EU-N146", "dst": "SA-N161", "hlc": {"phys": 1758815375549, "cnt": 0, "node": "EU-N146"}, "package_id": "PKG15368", "payload": {"status": "IN_TRANSIT"}, "sent_ts": 1758815369089, "arrival_ts": 1758815369108}
{"action": "recv", "src": "EU-N146", "dst": "SA-N161", "hlc": {"phys": 1758815375780, "cnt": 0, "node": "EU-N146"}, "package_id": "PKG15368", "payload": {"status": "RECEIVED"}, "sent_ts": 1758815369320, "arrival_ts": 1758815369373}
{"action": "recv", "src": "EU-N146", "dst": "SA-N161", "hlc": {"phys": 1758815376009, "cnt": 0, "node": "EU-N146"}, "package_id": "PKG15368", "payload": {"status": "DELIVERED"}, "sent_ts": 1758815369549, "arrival_ts": 1758815369614}
{"action": "send", "src": "SA-N161", "dst": "AU-N166", "hlc": {"phys": 1758816344906, "cnt": 0, "node": "SA-N161"}, "package_id": "PKG16323", "payload": {"status": "CREATED"}, "sent_ts": 1758816323296, "arrival_ts": 1758816323296}
{"action": "send", "src": "SA-N161", "dst": "AU-N166", "hlc": {"phys": 1758816345200, "cnt": 0, "node": "SA-N161"}, "package_id": "PKG16323", "payload": {"status": "SENT"}, "sent_ts": 1758816323590, "arrival_ts": 1758816323590}
{"action": "send", "src": "SA-N161", "dst": "AU-N166", "hlc": {"phys": 1758816345554, "cnt": 0, "node": "SA-N161"}, "package_id": "PKG16323", "payload": {"status": "IN_TRANSIT"}, "sent_ts": 1758816323944, "arrival_ts": 1758816323944}
{"action": "send", "src": "SA-N161", "dst": "AU-N166", "hlc": {"phys": 1758816345820, "cnt": 0, "node": "SA-N161"}, "package_id": "PKG16323", "payload": {"status": "RECEIVED"}, "sent_ts": 1758816324210, "arrival_ts": 1758816324210}
{"action": "send", "src": "SA-N161", "dst": "AU-N166", "hlc": {"phys": 1758816346161, "cnt": 0, "node": "SA-N161"}, "package_id": "PKG16323", "payload": {"status": "DELIVERED"}, "sent_ts": 1758816324551, "arrival_ts": 1758816324551}
