{"action": "send", "src": "SA-N80", "dst": "EU-N181", "hlc": {"phys": 1758713213760, "cnt": 0, "node": "SA-N80"}, "package_id": "PKG13192", "payload": {"status": "CREATED"}, "sent_ts": 1758713192960, "arrival_ts": 1758713192960}
{"action": "send", "src": "SA-N80", "dst": "EU-N181", "hlc": {"phys": 1758713214115, "cnt": 0, "node": "SA-N80"}, "package_id": "PKG13192", "payload": {"status": "SENT"}, "sent_ts": 1758713193315, "arrival_ts": 1758713193315}
{"action": "send", "src": "SA-N80", "dst": "EU-N181", "hlc": {"phys": 1758713214348, "cnt": 0, "node": "SA-N80"}, "package_id": "PKG13192", "payload": {"status": "IN_TRANSIT"}, "sent_ts": 1758713193548, "arrival_ts": 1758713193548}
{"action": "send", "src": "SA-N80", "dst": "EU-N181", "hlc": {"phys": 1758713214626, "cnt": 0, "node": "SA-N80"}, "package_id": "PKG13192", "payload": {"status": "RECEIVED"}, "sent_ts": 1758713193826, "arrival_ts": 1758713193826}
{"action": "send", "src": "SA-N80", "dst": "EU-N181", "hlc": {"phys": 1758713215013, "cnt": 0, "node": "SA-N80"}, "package_id": "PKG13192", "payload": {"status": "DELIVERED"}, "sent_ts": 1758713194213, "arrival_ts": 1758713194213}
{"action": "recv", "src": "AN-N147", "dst": "SA-N80", "hlc": {"phys": 1758713446459, "cnt": 0, "node": "AN-N147"}, "package_id": "PKG13414", "payload": {"status": "CREATED"}, "sent_ts": 1758713414989, "arrival_ts": 1758713415071}
{"action": "recv", "src": "AN-N147", "dst": "SA-N80", "hlc": {"phys": 1758713446745, "cnt": 0, "node": "AN-N147"}, "package_id": "PKG13414", "payload": {"status": "SENT"}, "sent_ts": 1758713415275, "arrival_ts": 1758713415364}
{"action": "recv", "src": "AN-N147", "dst": "SA-N80", "hlc": {"phys": 1758713447044, "cnt": 0, "node": "AN-N147"}, "package_id": "PKG13414", "payload": {"status": "IN_TRANSIT"}, "sent_ts": 1758713415574, "arrival_ts": 1758713415652}
{"action": "recv", "src": "AN-N147", "dst": "SA-N80", "hlc": {"phys": 1758713447311, "cnt": 0, "node": "AN-N147"}, "package_id": "PKG13414", "payload": {"status": "RECEIVED"}, "sent_ts": 1758713415841, "arrival_ts": 1758713416099}
{"action": "recv", "src": "AN-N147", "dst": "SA-N80", "hlc": {"phys": 1758713447778, "cnt": 0, "node": "AN-N147"}, "package_id": "PKG13414", "payload": {"status": "DELIVERED"}, "sent_ts": 1758713416308, "arrival_ts": 1758713416418}
{"action": "recv", "src": "AU-N23", "dst": "SA-N80", "hlc": {"phys": 1758714071726, "cnt": 0, "node": "AU-N23"}, "package_id": "PKG14046", "payload": {"status": "CREATED"}, "sent_ts": 1758714046496, "arrival_ts": 1758714046631}
{"action": "recv", "src": "AU-N23", "dst": "SA-N80", "hlc": {"phys": 1758714072069, "cnt": 0, "node": "AU-N23"}, "package_id": "PKG14046", "payload": {"status": "SENT"}, "sent_ts": 1758714046839, "arrival_ts": 1758714046919}
{"action": "recv", "src": "AU-N23", "dst": "SA-N80", "hlc": {"phys": 1758714072346, "cnt": 0, "node": "AU-N23"}, "package_id": "PKG14046", "payload": {"status": "IN_TRANSIT"}, "sent_ts": 1758714047116, "arrival_ts": 1758714047241}
{"action": "recv", "src": "AU-N23", "dst": "SA-N80", "hlc": {"phys": 1758714072679, "cnt": 0, "node": "AU-N23"}, "package_id": "PKG14046", "payload": {"status": "RECEIVED"}, "sent_ts": 1758714047449, "arrival_ts": 1758714047626}
{"action": "recv", "src": "AU-N23", "dst": "SA-N80", "hlc": {"phys": 1758714073060, "cnt": 0, "node": "AU-N23"}, "package_id": "PKG14046", "payload": {"status": "DELIVERED"}, "sent_ts": 1758714047830, "arrival_ts": 1758714047846}
{"action": "send", "src": "SA-N80", "dst": "EU-N187", "hlc": {"phys": 1758717670288, "cnt": 0, "node": "SA-N80"}, "package_id": "PKG17649", "payload": {"status": "CREATED"}, "sent_ts": 1758717649488, "arrival_ts": 1758717649488}
{"action": "send", "src": "SA-N80", "dst": "EU-N187", "hlc": {"phys": 1758717670635, "cnt": 0, "node": "SA-N80"}, "package_id": "PKG17649", "payload": {"status": "SENT"}, "sent_ts": 1758717649835, "arrival_ts": 1758717649835}
{"action": "send", "src": "SA-N80", "dst": "EU-N187", "hlc": {"phys": 1758717670948, "cnt": 0, "node": "SA-N80"}, "package_id": "PKG17649", "payload": {"status": "IN_TRANSIT"}, "sent_ts": 1758717650148, "arrival_ts": 1758717650148}
{"action": "send", "src": "SA-N80", "dst": "EU-N187", "hlc": {"phys": 1758717671345, "cnt": 0, "node": "SA-N80"}, "package_id": "PKG17649", "payload": {"status": "RECEIVED"}, "sent_ts": 1758717650545, "arrival_ts": 1758717650545}
{"action": "send", "src": "SA-N80", "dst": "EU-N187", "hlc": {"phys": 1758717671769, "cnt": 0, "node": "SA-N80"}, "package_id": "PKG17649", "payload": {"status": "DELIVERED"}, "sent_ts": 1758717650969, "arrival_ts": 1758717650969}
{"action": "recv", "src": "NA-N133", "dst": "SA-N80", "hlc": {"phys": 1758717959357, "cnt": 0, "node": "NA-N133"}, "package_id": "PKG17958", "payload": {"status": "CREATED"}, "sent_ts": 1758717958027, "arrival_ts": 1758717958104}
{"action": "recv", "src": "NA-N133", "dst": "SA-N80", "hlc": {"phys": 1758717959639, "cnt": 0, "node": "NA-N133"}, "package_id": "PKG17958", "payload": {"status": "SENT"}, "sent_ts": 1758717958309, "arrival_ts": 1758717958503}
{"action": "recv", "src": "NA-N133", "dst": "SA-N80", "hlc": {"phys": 1758717960039, "cnt": 0, "node": "NA-N133"}, "package_id": "PKG17958", "payload": {"status": "IN_TRANSIT"}, "sent_ts": 1758717958709, "arrival_ts": 1758717958858}
{"action": "recv", "src": "NA-N133", "dst": "SA-N80", "hlc": {"phys": 1758717960388, "cnt": 0, "node": "NA-N133"}, "package_id": "PKG17958", "payload": {"status": "RECEIVED"}, "sent_ts": 1758717959058, "arrival_ts": 1758717959213}
{"action": "recv", "src": "NA-N133", "dst": "SA-N80", "hlc": {"phys": 1758717960739, "cnt": 0, "node": "NA-N133"}, "package_id": "PKG17958", "payload": {"status": "DELIVERED"}, "sent_ts": 1758717959409, "arrival_ts": 1758717959444}
{"action": "recv", "src": "AN-N105", "dst": "SA-N80", "hlc": {"phys": 1758739843414, "cnt": 0, "node": "AN-N105"}, "package_id": "PKG39812", "payload": {"status": "CREATED"}, "sent_ts": 1758739812364, "arrival_ts": 1758739812395}
{"action": "recv", "src": "AN-N105", "dst": "SA-N80", "hlc": {"phys": 1758739843645, "cnt": 0, "node": "AN-N105"}, "package_id": "PKG39812", "payload": {"status": "SENT"}, "sent_ts": 1758739812595, "arrival_ts": 1758739812731}
{"action": "recv", "src": "AN-N105", "dst": "SA-N80", "hlc": {"phys": 1758739843980, "cnt": 0, "node": "AN-N105"}, "package_id": "PKG39812", "payload": {"status": "IN_TRANSIT"}, "sent_ts": 1758739812930, "arrival_ts": 1758739813030}
{"action": "recv", "src": "AN-N105", "dst": "SA-N80", "hlc": {"phys": 1758739844289, "cnt": 0, "node": "AN-N105"}, "package_id": "PKG39812", "payload": {"status": "RECEIVED"}, "sent_ts": 1758739813239, "arrival_ts": 1758739813319}
{"action": "recv", "src": "AN-N105", "dst": "SA-N80", "hlc": {"phys": 1758739844565, "cnt": 0, "node": "AN-N105"}, "package_id": "PKG39812", "payload": {"status": "DELIVERED"}, "sent_ts": 1758739813515, "arrival_ts": 1758739813682}
{"action": "send", "src": "SA-N80", "dst": "AU-N190", "hlc": {"phys": 1758741897822, "cnt": 0, "node": "SA-N80"}, "package_id": "PKG41877", "payload": {"status": "CREATED"}, "sent_ts": 1758741877022, "arrival_ts": 1758741877022}
{"action": "send", "src": "SA-N80", "dst": "AU-N190", "hlc": {"phys": 1758741898196, "cnt": 0, "node": "SA-N80"}, "package_id": "PKG41877", "payload": {"status": "SENT"}, "sent_ts": 1758741877396, "arrival_ts": 1758741877396}
{"action": "send", "src": "SA-N80", "dst": "AU-N190", "hlc": {"phys": 1758741898458, "cnt": 0, "node": "SA-N80"}, "package_id": "PKG41877", "payload": {"status": "IN_TRANSIT"}, "sent_ts": 1758741877658, "arrival_ts": 1758741877658}
{"action": "send", "src": "SA-N80", "dst": "AU-N190", "hlc": {"phys": 1758741898827, "cnt": 0, "node": "SA-N80"}, "package_id": "PKG41877", "payload": {"status": "RECEIVED"}, "sent_ts": 1758741878027, "arrival_ts": 1758741878027}
{"action": "send", "src": "SA-N80", "dst": "AU-N190", "hlc": {"phys": 1758741899200, "cnt": 0, "node": "SA-N80"}, "package_id": "PKG41877", "payload": {"status": "DELIVERED"}, "sent_ts": 1758741878400, "arrival_ts": 1758741878400}
{"action": "recv", "src": "AS-N128", "dst": "SA-N80", "hlc": {"phys": 1758742641762, "cnt": 0, "node": "AS-N128"}, "package_id": "PKG42630", "payload": {"status": "CREATED"}, "sent_ts": 1758742630482, "arrival_ts": 1758742630528}
{"action": "recv", "src": "AS-N128", "dst": "SA-N80", "hlc": {"phys": 1758742642024, "cnt": 0, "node": "AS-N128"}, "package_id": "PKG42630", "payload": {"status": "SENT"}, "sent_ts": 1758742630744, "arrival_ts": 1758742630849}
{"action": "recv", "src": "AS-N128", "dst": "SA-N80", "hlc": {"phys": 1758742642333, "cnt": 0, "node": "AS-N128"}, "package_id": "PKG42630", "payload": {"status": "IN_TRANSIT"}, "sent_ts": 1758742631053, "arrival_ts": 1758742631165}
{"action": "recv", "src": "AS-N128", "dst": "SA-N80", "hlc": {"phys": 1758742642644, "cnt": 0, "node": "AS-N128"}, "package_id": "PKG42630", "payload": {"status": "RECEIVED"}, "sent_ts": 1758742631364, "arrival_ts": 1758742631513}
{"action": "recv", "src": "AS-N128", "dst": "SA-N80", "hlc": {"phys": 1758742643002, "cnt": 0, "node": "AS-N128"}, "package_id": "PKG42630", "payload": {"status": "DELIVERED"}, "sent_ts": 1758742631722, "arrival_ts": 1758742631855}
{"action": "send", "src": "SA-N80", "dst": "EU-N152", "hlc": {"phys": 1758743609790, "cnt": 0, "node": "SA-N80"}, "package_id": "PKG43588", "payload": {"status": "CREATED"}, "sent_ts": 1758743588990, "arrival_ts": 1758743588990}
{"action": "send", "src": "SA-N80", "dst": "EU-N152", "hlc": {"phys": 1758743610146, "cnt": 0, "node": "SA-N80"}, "package_id": "PKG43588", "payload": {"status": "SENT"}, "sent_ts": 1758743589346, "arrival_ts": 1758743589346}
{"action": "send", "src": "SA-N80", "dst": "EU-N152", "hlc": {"phys": 1758743610535, "cnt": 0, "node": "SA-N80"}, "package_id": "PKG43588", "payload": {"status": "IN_TRANSIT"}, "sent_ts": 1758743589735, "arrival_ts": 1758743589735}
{"action": "send", "src": "SA-N80", "dst": "EU-N152", "hlc": {"phys": 1758743610923, "cnt": 0, "node": "SA-N80"}, "package_id": "PKG43588", "payload": {"status": "RECEIVED"}, "sent_ts": 1758743590123, "arrival_ts": 1758743590123}
{"action": "send", "src": "SA-N80", "dst": "EU-N152", "hlc": {"phys": 1758743611282, "cnt": 0, "node": "SA-N80"}, "package_id": "PKG43588", "payload": {"status": "DELIVERED"}, "sent_ts": 1758743590482, "arrival_ts": 1758743590482}
{"action": "recv", "src": "EU-N56", "dst": "SA-N80", "hlc": {"phys": 1758746079398, "cnt": 0, "node": "EU-N56"}, "package_id": "PKG46073", "payload": {"status": "CREATED"}, "sent_ts": 1758746073838, "arrival_ts": 1758746073943}
{"action": "recv", "src": "EU-N56", "dst": "SA-N80", "hlc": {"phys": 1758746079714, "cnt": 0, "node": "EU-N56"}, "package_id": "PKG46073", "payload": {"status": "SENT"}, "sent_ts": 1758746074154, "arrival_ts": 1758746074205}
{"action": "recv", "src": "EU-N56", "dst": "SA-N80", "hlc": {"phys": 1758746079981, "cnt": 0, "node": "EU-N56"}, "package_id": "PKG46073", "payload": {"status": "IN_TRANSIT"}, "sent_ts": 1758746074421, "arrival_ts": 1758746074615}
{"action": "recv", "src": "EU-N56", "dst": "SA-N80", "hlc": {"phys": 1758746080388, "cnt": 0, "node": "EU-N56"}, "package_id": "PKG46073", "payload": {"status": "RECEIVED"}, "sent_ts": 1758746074828, "arrival_ts": 1758746074956}
{"action": "recv", "src": "EU-N56", "dst": "SA-N80", "hlc": {"phys": 1758746080727, "cnt": 0, "node": "EU-N56"}, "package_id": "PKG46073", "payload": {"status": "DELIVERED"}, "sent_ts": 1758746075167, "arrival_ts": 1758746075216}
{"action": "recv", "src": "AS-N30", "dst": "SA-N80", "hlc": {"phys": 1758746320363, "cnt": 0, "node": "AS-N30"}, "package_id": "PKG46310", "payload": {"status": "CREATED"}, "sent_ts": 1758746310063, "arrival_ts": 1758746310083}
{"action": "recv", "src": "AS-N30", "dst": "SA-N80", "hlc": {"phys": 1758746320596, "cnt": 0, "node": "AS-N30"}, "package_id": "PKG46310", "payload": {"status": "SENT"}, "sent_ts": 1758746310296, "arrival_ts": 1758746310457}
{"action": "recv", "src": "AS-N30", "dst": "SA-N80", "hlc": {"phys": 1758746320981, "cnt": 0, "node": "AS-N30"}, "package_id": "PKG46310", "payload": {"status": "IN_TRANSIT"}, "sent_ts": 1758746310681, "arrival_ts": 1758746310872}
{"action": "recv", "src": "AS-N30", "dst": "SA-N80", "hlc": {"phys": 1758746321385, "cnt": 0, "node": "AS-N30"}, "package_id": "PKG46310", "payload": {"status": "RECEIVED"}, "sent_ts": 1758746311085, "arrival_ts": 1758746311261}
{"action": "recv", "src": "AS-N30", "dst": "SA-N80", "hlc": {"phys": 1758746321756, "cnt": 0, "node": "AS-N30"}, "package_id": "PKG46310", "payload": {"status": "DELIVERED"}, "sent_ts": 1758746311456, "arrival_ts": 1758746311510}
{"action": "recv", "src": "AF-N136", "dst": "SA-N80", "hlc": {"phys": 1758747367531, "cnt": 0, "node": "AF-N136"}, "package_id": "PKG47351", "payload": {"status": "CREATED"}, "sent_ts": 1758747351171, "arrival_ts": 1758747351374}
{"action": "recv", "src": "AF-N136", "dst": "SA-N80", "hlc": {"phys": 1758747367945, "cnt": 0, "node": "AF-N136"}, "package_id": "PKG47351", "payload": {"status": "SENT"}, "sent_ts": 1758747351585, "arrival_ts": 1758747351775}
{"action": "recv", "src": "AF-N136", "dst": "SA-N80", "hlc": {"phys": 1758747368334, "cnt": 0, "node": "AF-N136"}, "package_id": "PKG47351", "payload": {"status": "IN_TRANSIT"}, "sent_ts": 1758747351974, "arrival_ts": 1758747352113}
{"action": "recv", "src": "AF-N136", "dst": "SA-N80", "hlc": {"phys": 1758747368681, "cnt": 0, "node": "AF-N136"}, "package_id": "PKG47351", "payload": {"status": "RECEIVED"}, "sent_ts": 1758747352321, "arrival_ts": 1758747352402}
{"action": "recv", "src": "AF-N136", "dst": "SA-N80", "hlc": {"phys": 1758747368979, "cnt": 0, "node": "AF-N136"}, "package_id": "PKG47351", "payload": {"status": "DELIVERED"}, "sent_ts": 1758747352619, "arrival_ts": 1758747352767}
{"action": "send", "src": "SA-N80", "dst": "AF-N69", "hlc": {"phys": 1758753493554, "cnt": 0, "node": "SA-N80"}, "package_id": "PKG53472", "payload": {"status": "CREATED"}, "sent_ts": 1758753472754, "arrival_ts": 1758753472754}
{"action": "send", "src": "SA-N80", "dst": "AF-N69", "hlc": {"phys": 1758753493887, "cnt": 0, "node": "SA-N80"}, "package_id": "PKG53472", "payload": {"status": "SENT"}, "sent_ts": 1758753473087, "arrival_ts": 1758753473087}
{"action": "send", "src": "SA-N80", "dst": "AF-N69", "hlc": {"phys": 1758753494132, "cnt": 0, "node": "SA-N80"}, "package_id": "PKG53472", "payload": {"status": "IN_TRANSIT"}, "sent_ts": 1758753473332, "arrival_ts": 1758753473332}
{"action": "send", "src": "SA-N80", "dst": "AF-N69", "hlc": {"phys": 1758753494547, "cnt": 0, "node": "SA-N80"}, "package_id": "PKG53472", "payload": {"status": "RECEIVED"}, "sent_ts": 1758753473747, "arrival_ts": 1758753473747}
{"action": "send", "src": "SA-N80", "dst": "AF-N69", "hlc": {"phys": 1758753494867, "cnt": 0, "node": "SA-N80"}, "package_id": "PKG53472", "payload": {"status": "DELIVERED"}, "sent_ts": 1758753474067, "arrival_ts": 1758753474067}
{"action": "recv", "src": "AN-N191", "dst": "SA-N80", "hlc": {"phys": 1758753836324, "cnt": 0, "node": "AN-N191"}, "package_id": "PKG53804", "payload": {"status": "CREATED"}, "sent_ts": 1758753804414, "arrival_ts": 1758753804566}
{"action": "recv", "src": "AN-N191", "dst": "SA-N80", "hlc": {"phys": 1758753836694, "cnt": 0, "node": "AN-N191"}, "package_id": "PKG53804", "payload": {"status": "SENT"}, "sent_ts": 1758753804784, "arrival_ts": 1758753804815}
{"action": "recv", "src": "AN-N191", "dst": "SA-N80", "hlc": {"phys": 1758753836943, "cnt": 0, "node": "AN-N191"}, "package_id": "PKG53804", "payload": {"status": "IN_TRANSIT"}, "sent_ts": 1758753805033, "arrival_ts": 1758753805104}
{"action": "recv", "src": "AN-N191", "dst": "SA-N80", "hlc": {"phys": 1758753837219, "cnt": 0, "node": "AN-N191"}, "package_id": "PKG53804", "payload": {"status": "RECEIVED"}, "sent_ts": 1758753805309, "arrival_ts": 1758753805467}
{"action": "recv", "src": "AN-N191", "dst": "SA-N80", "hlc": {"phys": 1758753837589, "cnt": 0, "node": "AN-N191"}, "package_id": "PKG53804", "payload": {"status": "DELIVERED"}, "sent_ts": 1758753805679, "arrival_ts": 1758753805718}
{"action": "send", "src": "SA-N80", "dst": "AF-N186", "hlc": {"phys": 1758753922855, "cnt": 0, "node": "SA-N80"}, "package_id": "PKG53902", "payload": {"status": "CREATED"}, "sent_ts": 1758753902055, "arrival_ts": 1758753902055}
{"action": "send", "src": "SA-N80", "dst": "AF-N186", "hlc": {"phys": 1758753923228, "cnt": 0, "node": "SA-N80"}, "package_id": "PKG53902", "payload": {"status": "SENT"}, "sent_ts": 1758753902428, "arrival_ts": 1758753902428}
{"action": "send", "src": "SA-N80", "dst": "AF-N186", "hlc": {"phys": 1758753923581, "cnt": 0, "node": "SA-N80"}, "package_id": "PKG53902", "payload": {"status": "IN_TRANSIT"}, "sent_ts": 1758753902781, "arrival_ts": 1758753902781}
{"action": "send", "src": "SA-N80", "dst": "AF-N186", "hlc": {"phys": 1758753923838, "cnt": 0, "node": "SA-N80"}, "package_id": "PKG53902", "payload": {"status": "RECEIVED"}, "sent_ts": 1758753903038, "arrival_ts": 1758753903038}
{"action": "send", "src": "SA-N80", "dst": "AF-N186", "hlc": {"phys": 1758753924201, "cnt": 0, "node": "SA-N80"}, "package_id": "PKG53902", "payload": {"status": "DELIVERED"}, "sent_ts": 1758753903401, "arrival_ts": 1758753903401}
{"action": "send", "src": "SA-N80", "dst": "SA-N88", "hlc": {"phys": 1758755617186, "cnt": 0, "node": "SA-N80"}, "package_id": "PKG55596", "payload": {"status": "CREATED"}, "sent_ts": 1758755596386, "arrival_ts": 1758755596386}
{"action": "send", "src": "SA-N80", "dst": "SA-N88", "hlc": {"phys": 1758755617475, "cnt": 0, "node": "SA-N80"}, "package_id": "PKG55596", "payload": {"status": "SENT"}, "sent_ts": 1758755596675, "arrival_ts": 1758755596675}
{"action": "send", "src": "SA-N80", "dst": "SA-N88", "hlc": {"phys": 1758755617764, "cnt": 0, "node": "SA-N80"}, "package_id": "PKG55596", "payload": {"status": "IN_TRANSIT"}, "sent_ts": 1758755596964, "arrival_ts": 1758755596964}
{"action": "send", "src": "SA-N80", "dst": "SA-N88", "hlc": {"phys": 1758755618165, "cnt": 0, "node": "SA-N80"}, "package_id": "PKG55596", "payload": {"status": "RECEIVED"}, "sent_ts": 1758755597365, "arrival_ts": 1758755597365}
{"action": "send", "src": "SA-N80", "dst": "SA-N88", "hlc": {"phys": 1758755618559, "cnt": 0, "node": "SA-N80"}, "package_id": "PKG55596", "payload": {"status": "DELIVERED"}, "sent_ts": 1758755597759, "arrival_ts": 1758755597759}
{"action": "recv", "src": "AF-N59", "dst": "SA-N80", "hlc": {"phys": 1758757935580, "cnt": 0, "node": "AF-N59"}, "package_id": "PKG57919", "payload": {"status": "CREATED"}, "sent_ts": 1758757919990, "arrival_ts": 1758757920020}
{"action": "recv", "src": "AF-N59", "dst": "SA-N80", "hlc": {"phys": 1758757935828, "cnt": 0, "node": "AF-N59"}, "package_id": "PKG57919", "payload": {"status": "SENT"}, "sent_ts": 1758757920238, "arrival_ts": 1758757920333}
{"action": "recv", "src": "AF-N59", "dst": "SA-N80", "hlc": {"phys": 1758757936128, "cnt": 0, "node": "AF-N59"}, "package_id": "PKG57919", "payload": {"status": "IN_TRANSIT"}, "sent_ts": 1758757920538, "arrival_ts": 1758757920689}
{"action": "recv", "src": "AF-N59", "dst": "SA-N80", "hlc": {"phys": 1758757936499, "cnt": 0, "node": "AF-N59"}, "package_id": "PKG57919", "payload": {"status": "RECEIVED"}, "sent_ts": 1758757920909, "arrival_ts": 1758757921086}
{"action": "recv", "src": "AF-N59", "dst": "SA-N80", "hlc": {"phys": 1758757936880, "cnt": 0, "node": "AF-N59"}, "package_id": "PKG57919", "payload": {"status": "DELIVERED"}, "sent_ts": 1758757921290, "arrival_ts": 1758757921343}
{"action": "recv", "src": "AN-N75", "dst": "SA-N80", "hlc": {"phys": 1758758476670, "cnt": 0, "node": "AN-N75"}, "package_id": "PKG58445", "payload": {"status": "CREATED"}, "sent_ts": 1758758445920, "arrival_ts": 1758758446083}
{"action": "recv", "src": "AN-N75", "dst": "SA-N80", "hlc": {"phys": 1758758477036, "cnt": 0, "node": "AN-N75"}, "package_id": "PKG58445", "payload": {"status": "SENT"}, "sent_ts": 1758758446286, "arrival_ts": 1758758446308}
{"action": "recv", "src": "AN-N75", "dst": "SA-N80", "hlc": {"phys": 1758758477259, "cnt": 0, "node": "AN-N75"}, "package_id": "PKG58445", "payload": {"status": "IN_TRANSIT"}, "sent_ts": 1758758446509, "arrival_ts": 1758758446603}
{"action": "recv", "src": "AN-N75", "dst": "SA-N80", "hlc": {"phys": 1758758477561, "cnt": 0, "node": "AN-N75"}, "package_id": "PKG58445", "payload": {"status": "RECEIVED"}, "sent_ts": 1758758446811, "arrival_ts": 1758758446863}
{"action": "recv", "src": "AN-N75", "dst": "SA-N80", "hlc": {"phys": 1758758477816, "cnt": 0, "node": "AN-N75"}, "package_id": "PKG58445", "payload": {"status": "DELIVERED"}, "sent_ts": 1758758447066, "arrival_ts": 1758758447218}
{"action": "recv", "src": "AF-N166", "dst": "SA-N80", "hlc": {"phys": 1758761491505, "cnt": 0, "node": "AF-N166"}, "package_id": "PKG61474", "payload": {"status": "CREATED"}, "sent_ts": 1758761474845, "arrival_ts": 1758761474887}
{"action": "recv", "src": "AF-N166", "dst": "SA-N80", "hlc": {"phys": 1758761491752, "cnt": 0, "node": "AF-N166"}, "package_id": "PKG61474", "payload": {"status": "SENT"}, "sent_ts": 1758761475092, "arrival_ts": 1758761475219}
{"action": "recv", "src": "AF-N166", "dst": "SA-N80", "hlc": {"phys": 1758761492097, "cnt": 0, "node": "AF-N166"}, "package_id": "PKG61474", "payload": {"status": "IN_TRANSIT"}, "sent_ts": 1758761475437, "arrival_ts": 1758761475542}
{"action": "recv", "src": "AF-N166", "dst": "SA-N80", "hlc": {"phys": 1758761492402, "cnt": 0, "node": "AF-N166"}, "package_id": "PKG61474", "payload": {"status": "RECEIVED"}, "sent_ts": 1758761475742, "arrival_ts": 1758761475854}
{"action": "recv", "src": "AF-N166", "dst": "SA-N80", "hlc": {"phys": 1758761492708, "cnt": 0, "node": "AF-N166"}, "package_id": "PKG61474", "payload": {"status": "DELIVERED"}, "sent_ts": 1758761476048, "arrival_ts": 1758761476192}
{"action": "recv", "src": "SA-N23", "dst": "SA-N80", "hlc": {"phys": 1758763017050, "cnt": 0, "node": "SA-N23"}, "package_id": "PKG62996", "payload": {"status": "CREATED"}, "sent_ts": 1758762996820, "arrival_ts": 1758762996838}
{"action": "recv", "src": "SA-N23", "dst": "SA-N80", "hlc": {"phys": 1758763017274, "cnt": 0, "node": "SA-N23"}, "package_id": "PKG62996", "payload": {"status": "SENT"}, "sent_ts": 1758762997044, "arrival_ts": 1758762997151}
{"action": "recv", "src": "SA-N23", "dst": "SA-N80", "hlc": {"phys": 1758763017581, "cnt": 0, "node": "SA-N23"}, "package_id": "PKG62996", "payload": {"status": "IN_TRANSIT"}, "sent_ts": 1758762997351, "arrival_ts": 1758762997427}
{"action": "recv", "src": "SA-N23", "dst": "SA-N80", "hlc": {"phys": 1758763017873, "cnt": 0, "node": "SA-N23"}, "package_id": "PKG62996", "payload": {"status": "RECEIVED"}, "sent_ts": 1758762997643, "arrival_ts": 1758762997732}
{"action": "recv", "src": "SA-N23", "dst": "SA-N80", "hlc": {"phys": 1758763018168, "cnt": 0, "node": "SA-N23"}, "package_id": "PKG62996", "payload": {"status": "DELIVERED"}, "sent_ts": 1758762997938, "arrival_ts": 1758762998096}
{"action": "recv", "src": "NA-N82", "dst": "SA-N80", "hlc": {"phys": 1758763047635, "cnt": 0, "node": "NA-N82"}, "package_id": "PKG63046", "payload": {"status": "CREATED"}, "sent_ts": 1758763046815, "arrival_ts": 1758763046899}
{"action": "recv", "src": "NA-N82", "dst": "SA-N80", "hlc": {"phys": 1758763047913, "cnt": 0, "node": "NA-N82"}, "package_id": "PKG63046", "payload": {"status": "SENT"}, "sent_ts": 1758763047093, "arrival_ts": 1758763047150}
{"action": "recv", "src": "NA-N82", "dst": "SA-N80", "hlc": {"phys": 1758763048177, "cnt": 0, "node": "NA-N82"}, "package_id": "PKG63046", "payload": {"status": "IN_TRANSIT"}, "sent_ts": 1758763047357, "arrival_ts": 1758763047402}
{"action": "recv", "src": "NA-N82", "dst": "SA-N80", "hlc": {"phys": 1758763048421, "cnt": 0, "node": "NA-N82"}, "package_id": "PKG63046", "payload": {"status": "RECEIVED"}, "sent_ts": 1758763047601, "arrival_ts": 1758763047801}
{"action": "recv", "src": "NA-N82", "dst": "SA-N80", "hlc": {"phys": 1758763048823, "cnt": 0, "node": "NA-N82"}, "package_id": "PKG63046", "payload": {"status": "DELIVERED"}, "sent_ts": 1758763048003, "arrival_ts": 1758763048178}
{"action": "send", "src": "SA-N80", "dst": "NA-N26", "hlc": {"phys": 1758800399714, "cnt": 0, "node": "SA-N80"}, "package_id": "PKG378", "payload": {"status": "CREATED"}, "sent_ts": 1758800378914, "arrival_ts": 1758800378914}
{"action": "send", "src": "SA-N80", "dst": "NA-N26", "hlc": {"phys": 1758800400040, "cnt": 0, "node": "SA-N80"}, "package_id": "PKG378", "payload": {"status": "SENT"}, "sent_ts": 1758800379240, "arrival_ts": 1758800379240}
{"action": "send", "src": "SA-N80", "dst": "NA-N26", "hlc": {"phys": 1758800400318, "cnt": 0, "node": "SA-N80"}, "package_id": "PKG378", "payload": {"status": "IN_TRANSIT"}, "sent_ts": 1758800379518, "arrival_ts": 1758800379518}
{"action": "send", "src": "SA-N80", "dst": "NA-N26", "hlc": {"phys": 1758800400656, "cnt": 0, "node": "SA-N80"}, "package_id": "PKG378", "payload": {"status": "RECEIVED"}, "sent_ts": 1758800379856, "arrival_ts": 1758800379856}
{"action": "send", "src": "SA-N80", "dst": "NA-N26", "hlc": {"phys": 1758800401027, "cnt": 0, "node": "SA-N80"}, "package_id": "PKG378", "payload": {"status": "DELIVERED"}, "sent_ts": 1758800380227, "arrival_ts": 1758800380227}
{"action": "recv", "src": "EU-N184", "dst": "SA-N80", "hlc": {"phys": 1758800935792, "cnt": 0, "node": "EU-N184"}, "package_id": "PKG928", "payload": {"status": "CREATED"}, "sent_ts": 1758800928952, "arrival_ts": 1758800928995}
{"action": "recv", "src": "EU-N184", "dst": "SA-N80", "hlc": {"phys": 1758800936029, "cnt": 0, "node": "EU-N184"}, "package_id": "PKG928", "payload": {"status": "SENT"}, "sent_ts": 1758800929189, "arrival_ts": 1758800929383}
{"action": "recv", "src": "EU-N184", "dst": "SA-N80", "hlc": {"phys": 1758800936429, "cnt": 0, "node": "EU-N184"}, "package_id": "PKG928", "payload": {"status": "IN_TRANSIT"}, "sent_ts": 1758800929589, "arrival_ts": 1758800929665}
{"action": "recv", "src": "EU-N184", "dst": "SA-N80", "hlc": {"phys": 1758800936711, "cnt": 0, "node": "EU-N184"}, "package_id": "PKG928", "payload": {"status": "RECEIVED"}, "sent_ts": 1758800929871, "arrival_ts": 1758800929939}
{"action": "recv", "src": "EU-N184", "dst": "SA-N80", "hlc": {"phys": 1758800936991, "cnt": 0, "node": "EU-N184"}, "package_id": "PKG928", "payload": {"status": "DELIVERED"}, "sent_ts": 1758800930151, "arrival_ts": 1758800930205}
{"action": "recv", "src": "AN-N196", "dst": "SA-N80", "hlc": {"phys": 1758804149650, "cnt": 0, "node": "AN-N196"}, "package_id": "PKG4117", "payload": {"status": "CREATED"}, "sent_ts": 1758804117690, "arrival_ts": 1758804117813}
{"action": "recv", "src": "AN-N196", "dst": "SA-N80", "hlc": {"phys": 1758804149987, "cnt": 0, "node": "AN-N196"}, "package_id": "PKG4117", "payload": {"status": "SENT"}, "sent_ts": 1758804118027, "arrival_ts": 1758804118113}
{"action": "recv", "src": "AN-N196", "dst": "SA-N80", "hlc": {"phys": 1758804150284, "cnt": 0, "node": "AN-N196"}, "package_id": "PKG4117", "payload": {"status": "IN_TRANSIT"}, "sent_ts": 1758804118324, "arrival_ts": 1758804118485}
{"action": "recv", "src": "AN-N196", "dst": "SA-N80", "hlc": {"phys": 1758804150670, "cnt": 0, "node": "AN-N196"}, "package_id": "PKG4117", "payload": {"status": "RECEIVED"}, "sent_ts": 1758804118710, "arrival_ts": 1758804118812}
{"action": "recv", "src": "AN-N196", "dst": "SA-N80", "hlc": {"phys": 1758804150980, "cnt": 0, "node": "AN-N196"}, "package_id": "PKG4117", "payload": {"status": "DELIVERED"}, "sent_ts": 1758804119020, "arrival_ts": 1758804119126}
{"action": "send", "src": "SA-N80", "dst": "EU-N41", "hlc": {"phys": 1758804680519, "cnt": 0, "node": "SA-N80"}, "package_id": "PKG4659", "payload": {"status": "CREATED"}, "sent_ts": 1758804659718, "arrival_ts": 1758804659719}
{"action": "send", "src": "SA-N80", "dst": "EU-N41", "hlc": {"phys": 1758804680842, "cnt": 0, "node": "SA-N80"}, "package_id": "PKG4659", "payload": {"status": "SENT"}, "sent_ts": 1758804660042, "arrival_ts": 1758804660042}
{"action": "send", "src": "SA-N80", "dst": "EU-N41", "hlc": {"phys": 1758804681198, "cnt": 0, "node": "SA-N80"}, "package_id": "PKG4659", "payload": {"status": "IN_TRANSIT"}, "sent_ts": 1758804660398, "arrival_ts": 1758804660398}
{"action": "send", "src": "SA-N80", "dst": "EU-N41", "hlc": {"phys": 1758804681540, "cnt": 0, "node": "SA-N80"}, "package_id": "PKG4659", "payload": {"status": "RECEIVED"}, "sent_ts": 1758804660740, "arrival_ts": 1758804660740}
{"action": "send", "src": "SA-N80", "dst": "EU-N41", "hlc": {"phys": 1758804681835, "cnt": 0, "node": "SA-N80"}, "package_id": "PKG4659", "payload": {"status": "DELIVERED"}, "sent_ts": 1758804661035, "arrival_ts": 1758804661035}
{"action": "recv", "src": "AN-N176", "dst": "SA-N80", "hlc": {"phys": 1758810513797, "cnt": 0, "node": "AN-N176"}, "package_id": "PKG10482", "payload": {"status": "CREATED"}, "sent_ts": 1758810482037, "arrival_ts": 1758810482210}
{"action": "recv", "src": "AN-N176", "dst": "SA-N80", "hlc": {"phys": 1758810514167, "cnt": 0, "node": "AN-N176"}, "package_id": "PKG10482", "payload": {"status": "SENT"}, "sent_ts": 1758810482407, "arrival_ts": 1758810482540}
{"action": "recv", "src": "AN-N176", "dst": "SA-N80", "hlc": {"phys": 1758810514494, "cnt": 0, "node": "AN-N176"}, "package_id": "PKG10482", "payload": {"status": "IN_TRANSIT"}, "sent_ts": 1758810482734, "arrival_ts": 1758810482835}
{"action": "recv", "src": "AN-N176", "dst": "SA-N80", "hlc": {"phys": 1758810514805, "cnt": 0, "node": "AN-N176"}, "package_id": "PKG10482", "payload": {"status": "RECEIVED"}, "sent_ts": 1758810483045, "arrival_ts": 1758810483218}
{"action": "recv", "src": "AN-N176", "dst": "SA-N80", "hlc": {"phys": 1758810515196, "cnt": 0, "node": "AN-N176"}, "package_id": "PKG10482", "payload": {"status": "DELIVERED"}, "sent_ts": 1758810483436, "arrival_ts": 1758810483560}
{"action": "recv", "src": "EU-N187", "dst": "SA-N80", "hlc": {"phys": 1758811773542, "cnt": 0, "node": "EU-N187"}, "package_id": "PKG11766", "payload": {"status": "CREATED"}, "sent_ts": 1758811766672, "arrival_ts": 1758811766721}
{"action": "recv", "src": "EU-N187", "dst": "SA-N80", "hlc": {"phys": 1758811773807, "cnt": 0, "node": "EU-N187"}, "package_id": "PKG11766", "payload": {"status": "SENT"}, "sent_ts": 1758811766937, "arrival_ts": 1758811767005}
{"action": "recv", "src": "EU-N187", "dst": "SA-N80", "hlc": {"phys": 1758811774087, "cnt": 0, "node": "EU-N187"}, "package_id": "PKG11766", "payload": {"status": "IN_TRANSIT"}, "sent_ts": 1758811767217, "arrival_ts": 1758811767330}
{"action": "recv", "src": "EU-N187", "dst": "SA-N80", "hlc": {"phys": 1758811774415, "cnt": 0, "node": "EU-N187"}, "package_id": "PKG11766", "payload": {"status": "RECEIVED"}, "sent_ts": 1758811767545, "arrival_ts": 1758811767653}
{"action": "recv", "src": "EU-N187", "dst": "SA-N80", "hlc": {"phys": 1758811774725, "cnt": 0, "node": "EU-N187"}, "package_id": "PKG11766", "payload": {"status": "DELIVERED"}, "sent_ts": 1758811767855, "arrival_ts": 1758811767928}
{"action": "recv", "src": "AN-N149", "dst": "SA-N80", "hlc": {"phys": 1758814238553, "cnt": 0, "node": "AN-N149"}, "package_id": "PKG14207", "payload": {"status": "CREATED"}, "sent_ts": 1758814207063, "arrival_ts": 1758814207240}
{"action": "recv", "src": "AN-N149", "dst": "SA-N80", "hlc": {"phys": 1758814238940, "cnt": 0, "node": "AN-N149"}, "package_id": "PKG14207", "payload": {"status": "SENT"}, "sent_ts": 1758814207450, "arrival_ts": 1758814207464}
{"action": "recv", "src": "AN-N149", "dst": "SA-N80", "hlc": {"phys": 1758814239158, "cnt": 0, "node": "AN-N149"}, "package_id": "PKG14207", "payload": {"status": "IN_TRANSIT"}, "sent_ts": 1758814207668, "arrival_ts": 1758814207700}
{"action": "recv", "src": "AN-N149", "dst": "SA-N80", "hlc": {"phys": 1758814239390, "cnt": 0, "node": "AN-N149"}, "package_id": "PKG14207", "payload": {"status": "RECEIVED"}, "sent_ts": 1758814207900, "arrival_ts": 1758814207938}
{"action": "recv", "src": "AN-N149", "dst": "SA-N80", "hlc": {"phys": 1758814239639, "cnt": 0, "node": "AN-N149"}, "package_id": "PKG14207", "payload": {"status": "DELIVERED"}, "sent_ts": 1758814208149, "arrival_ts": 1758814208287}
