{"action": "recv", "src": "AN-N140", "dst": "SA-N39", "hlc": {"phys": 1758713632358, "cnt": 0, "node": "AN-N140"}, "package_id": "PKG13600", "payload": {"status": "CREATED"}, "sent_ts": 1758713600958, "arrival_ts": 1758713601043}
{"action": "recv", "src": "AN-N140", "dst": "SA-N39", "hlc": {"phys": 1758713632647, "cnt": 0, "node": "AN-N140"}, "package_id": "PKG13600", "payload": {"status": "SENT"}, "sent_ts": 1758713601247, "arrival_ts": 1758713601385}
{"action": "recv", "src": "AN-N140", "dst": "SA-N39", "hlc": {"phys": 1758713632985, "cnt": 0, "node": "AN-N140"}, "package_id": "PKG13600", "payload": {"status": "IN_TRANSIT"}, "sent_ts": 1758713601585, "arrival_ts": 1758713601780}
{"action": "recv", "src": "AN-N140", "dst": "SA-N39", "hlc": {"phys": 1758713633395, "cnt": 0, "node": "AN-N140"}, "package_id": "PKG13600", "payload": {"status": "RECEIVED"}, "sent_ts": 1758713601995, "arrival_ts": 1758713602071}
{"action": "recv", "src": "AN-N140", "dst": "SA-N39", "hlc": {"phys": 1758713633682, "cnt": 0, "node": "AN-N140"}, "package_id": "PKG13600", "payload": {"status": "DELIVERED"}, "sent_ts": 1758713602282, "arrival_ts": 1758713602482}
{"action": "send", "src": "SA-N39", "dst": "AF-N19", "hlc": {"phys": 1758714151816, "cnt": 0, "node": "SA-N39"}, "package_id": "PKG14131", "payload": {"status": "CREATED"}, "sent_ts": 1758714131426, "arrival_ts": 1758714131426}
{"action": "send", "src": "SA-N39", "dst": "AF-N19", "hlc": {"phys": 1758714152117, "cnt": 0, "node": "SA-N39"}, "package_id": "PKG14131", "payload": {"status": "SENT"}, "sent_ts": 1758714131727, "arrival_ts": 1758714131727}
{"action": "send", "src": "SA-N39", "dst": "AF-N19", "hlc": {"phys": 1758714152441, "cnt": 0, "node": "SA-N39"}, "package_id": "PKG14131", "payload": {"status": "IN_TRANSIT"}, "sent_ts": 1758714132051, "arrival_ts": 1758714132051}
{"action": "send", "src": "SA-N39", "dst": "AF-N19", "hlc": {"phys": 1758714152722, "cnt": 0, "node": "SA-N39"}, "package_id": "PKG14131", "payload": {"status": "RECEIVED"}, "sent_ts": 1758714132332, "arrival_ts": 1758714132332}
{"action": "send", "src": "SA-N39", "dst": "AF-N19", "hlc": {"phys": 1758714153080, "cnt": 0, "node": "SA-N39"}, "package_id": "PKG14131", "payload": {"status": "DELIVERED"}, "sent_ts": 1758714132690, "arrival_ts": 1758714132690}
{"action": "send", "src": "SA-N39", "dst": "NA-N102", "hlc": {"phys": 1758714230262, "cnt": 0, "node": "SA-N39"}, "package_id": "PKG14209", "payload": {"status": "CREATED"}, "sent_ts": 1758714209872, "arrival_ts": 1758714209872}
{"action": "send", "src": "SA-N39", "dst": "NA-N102", "hlc": {"phys": 1758714230526, "cnt": 0, "node": "SA-N39"}, "package_id": "PKG14209", "payload": {"status": "SENT"}, "sent_ts": 1758714210136, "arrival_ts": 1758714210136}
{"action": "send", "src": "SA-N39", "dst": "NA-N102", "hlc": {"phys": 1758714230760, "cnt": 0, "node": "SA-N39"}, "package_id": "PKG14209", "payload": {"status": "IN_TRANSIT"}, "sent_ts": 1758714210370, "arrival_ts": 1758714210370}
{"action": "send", "src": "SA-N39", "dst": "NA-N102", "hlc": {"phys": 1758714231099, "cnt": 0, "node": "SA-N39"}, "package_id": "PKG14209", "payload": {"status": "RECEIVED"}, "sent_ts": 1758714210709, "arrival_ts": 1758714210709}
{"action": "send", "src": "SA-N39", "dst": "NA-N102", "hlc": {"phys": 1758714231488, "cnt": 0, "node": "SA-N39"}, "package_id": "PKG14209", "payload": {"status": "DELIVERED"}, "sent_ts": 1758714211098, "arrival_ts": 1758714211098}
{"action": "send", "src": "SA-N39", "dst": "AN-N140", "hlc": {"phys": 1758717942016, "cnt": 0, "node": "SA-N39"}, "package_id": "PKG17921", "payload": {"status": "CREATED"}, "sent_ts": 1758717921626, "arrival_ts": 1758717921626}
{"action": "send", "src": "SA-N39", "dst": "AN-N140", "hlc": {"phys": 1758717942269, "cnt": 0, "node": "SA-N39"}, "package_id": "PKG17921", "payload": {"status": "SENT"}, "sent_ts": 1758717921879, "arrival_ts": 1758717921879}
{"action": "send", "src": "SA-N39", "dst": "AN-N140", "hlc": {"phys": 1758717942502, "cnt": 0, "node": "SA-N39"}, "package_id": "PKG17921", "payload": {"status": "IN_TRANSIT"}, "sent_ts": 1758717922112, "arrival_ts": 1758717922112}
{"action": "send", "src": "SA-N39", "dst": "AN-N140", "hlc": {"phys": 1758717942882, "cnt": 0, "node": "SA-N39"}, "package_id": "PKG17921", "payload": {"status": "RECEIVED"}, "sent_ts": 1758717922492, "arrival_ts": 1758717922492}
{"action": "send", "src": "SA-N39", "dst": "AN-N140", "hlc": {"phys": 1758717943187, "cnt": 0, "node": "SA-N39"}, "package_id": "PKG17921", "payload": {"status": "DELIVERED"}, "sent_ts": 1758717922797, "arrival_ts": 1758717922797}
{"action": "send", "src": "SA-N39", "dst": "AS-N134", "hlc": {"phys": 1758718198603, "cnt": 0, "node": "SA-N39"}, "package_id": "PKG18178", "payload": {"status": "CREATED"}, "sent_ts": 1758718178213, "arrival_ts": 1758718178213}
{"action": "send", "src": "SA-N39", "dst": "AS-N134", "hlc": {"phys": 1758718198901, "cnt": 0, "node": "SA-N39"}, "package_id": "PKG18178", "payload": {"status": "SENT"}, "sent_ts": 1758718178511, "arrival_ts": 1758718178511}
{"action": "send", "src": "SA-N39", "dst": "AS-N134", "hlc": {"phys": 1758718199166, "cnt": 0, "node": "SA-N39"}, "package_id": "PKG18178", "payload": {"status": "IN_TRANSIT"}, "sent_ts": 1758718178776, "arrival_ts": 1758718178776}
{"action": "send", "src": "SA-N39", "dst": "AS-N134", "hlc": {"phys": 1758718199384, "cnt": 0, "node": "SA-N39"}, "package_id": "PKG18178", "payload": {"status": "RECEIVED"}, "sent_ts": 1758718178994, "arrival_ts": 1758718178994}
{"action": "send", "src": "SA-N39", "dst": "AS-N134", "hlc": {"phys": 1758718199774, "cnt": 0, "node": "SA-N39"}, "package_id": "PKG18178", "payload": {"status": "DELIVERED"}, "sent_ts": 1758718179384, "arrival_ts": 1758718179384}
{"action": "recv", "src": "AF-N82", "dst": "SA-N39", "hlc": {"phys": 1758718593974, "cnt": 0, "node": "AF-N82"}, "package_id": "PKG18578", "payload": {"status": "CREATED"}, "sent_ts": 1758718578154, "arrival_ts": 1758718578329}
{"action": "recv", "src": "AF-N82", "dst": "SA-N39", "hlc": {"phys": 1758718594365, "cnt": 0, "node": "AF-N82"}, "package_id": "PKG18578", "payload": {"status": "SENT"}, "sent_ts": 1758718578545, "arrival_ts": 1758718578706}
{"action": "recv", "src": "AF-N82", "dst": "SA-N39", "hlc": {"phys": 1758718594739, "cnt": 0, "node": "AF-N82"}, "package_id": "PKG18578", "payload": {"status": "IN_TRANSIT"}, "sent_ts": 1758718578919, "arrival_ts": 1758718579005}
{"action": "recv", "src": "AF-N82", "dst": "SA-N39", "hlc": {"phys": 1758718595032, "cnt": 0, "node": "AF-N82"}, "package_id": "PKG18578", "payload": {"status": "RECEIVED"}, "sent_ts": 1758718579212, "arrival_ts": 1758718579362}
{"action": "recv", "src": "AF-N82", "dst": "SA-N39", "hlc": {"phys": 1758718595396, "cnt": 0, "node": "AF-N82"}, "package_id": "PKG18578", "payload": {"status": "DELIVERED"}, "sent_ts": 1758718579576, "arrival_ts": 1758718579657}
{"action": "send", "src": "SA-N39", "dst": "EU-N13", "hlc": {"phys": 1758741210325, "cnt": 0, "node": "SA-N39"}, "package_id": "PKG41189", "payload": {"status": "CREATED"}, "sent_ts": 1758741189935, "arrival_ts": 1758741189935}
{"action": "send", "src": "SA-N39", "dst": "EU-N13", "hlc": {"phys": 1758741210663, "cnt": 0, "node": "SA-N39"}, "package_id": "PKG41189", "payload": {"status": "SENT"}, "sent_ts": 1758741190273, "arrival_ts": 1758741190273}
{"action": "send", "src": "SA-N39", "dst": "EU-N13", "hlc": {"phys": 1758741210895, "cnt": 0, "node": "SA-N39"}, "package_id": "PKG41189", "payload": {"status": "IN_TRANSIT"}, "sent_ts": 1758741190505, "arrival_ts": 1758741190505}
{"action": "send", "src": "SA-N39", "dst": "EU-N13", "hlc": {"phys": 1758741211126, "cnt": 0, "node": "SA-N39"}, "package_id": "PKG41189", "payload": {"status": "RECEIVED"}, "sent_ts": 1758741190736, "arrival_ts": 1758741190736}
{"action": "send", "src": "SA-N39", "dst": "EU-N13", "hlc": {"phys": 1758741211356, "cnt": 0, "node": "SA-N39"}, "package_id": "PKG41189", "payload": {"status": "DELIVERED"}, "sent_ts": 1758741190966, "arrival_ts": 1758741190966}
{"action": "recv", "src": "AF-N80", "dst": "SA-N39", "hlc": {"phys": 1758741272440, "cnt": 0, "node": "AF-N80"}, "package_id": "PKG41256", "payload": {"status": "CREATED"}, "sent_ts": 1758741256640, "arrival_ts": 1758741256688}
{"action": "recv", "src": "AF-N80", "dst": "SA-N39", "hlc": {"phys": 1758741272690, "cnt": 0, "node": "AF-N80"}, "package_id": "PKG41256", "payload": {"status": "SENT"}, "sent_ts": 1758741256890, "arrival_ts": 1758741256924}
{"action": "recv", "src": "AF-N80", "dst": "SA-N39", "hlc": {"phys": 1758741272938, "cnt": 0, "node": "AF-N80"}, "package_id": "PKG41256", "payload": {"status": "IN_TRANSIT"}, "sent_ts": 1758741257138, "arrival_ts": 1758741257249}
{"action": "recv", "src": "AF-N80", "dst": "SA-N39", "hlc": {"phys": 1758741273265, "cnt": 0, "node": "AF-N80"}, "package_id": "PKG41256", "payload": {"status": "RECEIVED"}, "sent_ts": 1758741257465, "arrival_ts": 1758741257607}
{"action": "recv", "src": "AF-N80", "dst": "SA-N39", "hlc": {"phys": 1758741273621, "cnt": 0, "node": "AF-N80"}, "package_id": "PKG41256", "payload": {"status": "DELIVERED"}, "sent_ts": 1758741257821, "arrival_ts": 1758741257866}
{"action": "send", "src": "SA-N39", "dst": "AN-N133", "hlc": {"phys": 1758743193407, "cnt": 0, "node": "SA-N39"}, "package_id": "PKG43173", "payload": {"status": "CREATED"}, "sent_ts": 1758743173017, "arrival_ts": 1758743173017}
{"action": "send", "src": "SA-N39", "dst": "AN-N133", "hlc": {"phys": 1758743193652, "cnt": 0, "node": "SA-N39"}, "package_id": "PKG43173", "payload": {"status": "SENT"}, "sent_ts": 1758743173262, "arrival_ts": 1758743173262}
{"action": "send", "src": "SA-N39", "dst": "AN-N133", "hlc": {"phys": 1758743193962, "cnt": 0, "node": "SA-N39"}, "package_id": "PKG43173", "payload": {"status": "IN_TRANSIT"}, "sent_ts": 1758743173572, "arrival_ts": 1758743173572}
{"action": "send", "src": "SA-N39", "dst": "AN-N133", "hlc": {"phys": 1758743194241, "cnt": 0, "node": "SA-N39"}, "package_id": "PKG43173", "payload": {"status": "RECEIVED"}, "sent_ts": 1758743173851, "arrival_ts": 1758743173851}
{"action": "send", "src": "SA-N39", "dst": "AN-N133", "hlc": {"phys": 1758743194614, "cnt": 0, "node": "SA-N39"}, "package_id": "PKG43173", "payload": {"status": "DELIVERED"}, "sent_ts": 1758743174224, "arrival_ts": 1758743174224}
{"action": "send", "src": "SA-N39", "dst": "NA-N69", "hlc": {"phys": 1758745032055, "cnt": 0, "node": "SA-N39"}, "package_id": "PKG45011", "payload": {"status": "CREATED"}, "sent_ts": 1758745011665, "arrival_ts": 1758745011665}
{"action": "send", "src": "SA-N39", "dst": "NA-N69", "hlc": {"phys": 1758745032458, "cnt": 0, "node": "SA-N39"}, "package_id": "PKG45011", "payload": {"status": "SENT"}, "sent_ts": 1758745012068, "arrival_ts": 1758745012068}
{"action": "send", "src": "SA-N39", "dst": "NA-N69", "hlc": {"phys": 1758745032769, "cnt": 0, "node": "SA-N39"}, "package_id": "PKG45011", "payload": {"status": "IN_TRANSIT"}, "sent_ts": 1758745012379, "arrival_ts": 1758745012379}
{"action": "send", "src": "SA-N39", "dst": "NA-N69", "hlc": {"phys": 1758745033043, "cnt": 0, "node": "SA-N39"}, "package_id": "PKG45011", "payload": {"status": "RECEIVED"}, "sent_ts": 1758745012653, "arrival_ts": 1758745012653}
{"action": "send", "src": "SA-N39", "dst": "NA-N69", "hlc": {"phys": 1758745033370, "cnt": 0, "node": "SA-N39"}, "package_id": "PKG45011", "payload": {"status": "DELIVERED"}, "sent_ts": 1758745012980, "arrival_ts": 1758745012980}
{"action": "send", "src": "SA-N39", "dst": "SA-N51", "hlc": {"phys": 1758746130263, "cnt": 0, "node": "SA-N39"}, "package_id": "PKG46109", "payload": {"status": "CREATED"}, "sent_ts": 1758746109873, "arrival_ts": 1758746109873}
{"action": "send", "src": "SA-N39", "dst": "SA-N51", "hlc": {"phys": 1758746130471, "cnt": 0, "node": "SA-N39"}, "package_id": "PKG46109", "payload": {"status": "SENT"}, "sent_ts": 1758746110081, "arrival_ts": 1758746110081}
{"action": "send", "src": "SA-N39", "dst": "SA-N51", "hlc": {"phys": 1758746130846, "cnt": 0, "node": "SA-N39"}, "package_id": "PKG46109", "payload": {"status": "IN_TRANSIT"}, "sent_ts": 1758746110456, "arrival_ts": 1758746110456}
{"action": "send", "src": "SA-N39", "dst": "SA-N51", "hlc": {"phys": 1758746131224, "cnt": 0, "node": "SA-N39"}, "package_id": "PKG46109", "payload": {"status": "RECEIVED"}, "sent_ts": 1758746110834, "arrival_ts": 1758746110834}
{"action": "send", "src": "SA-N39", "dst": "SA-N51", "hlc": {"phys": 1758746131457, "cnt": 0, "node": "SA-N39"}, "package_id": "PKG46109", "payload": {"status": "DELIVERED"}, "sent_ts": 1758746111067, "arrival_ts": 1758746111067}
{"action": "send", "src": "SA-N39", "dst": "EU-N195", "hlc": {"phys": 1758746563657, "cnt": 0, "node": "SA-N39"}, "package_id": "PKG46543", "payload": {"status": "CREATED"}, "sent_ts": 1758746543267, "arrival_ts": 1758746543267}
{"action": "send", "src": "SA-N39", "dst": "EU-N195", "hlc": {"phys": 1758746564089, "cnt": 0, "node": "SA-N39"}, "package_id": "PKG46543", "payload": {"status": "SENT"}, "sent_ts": 1758746543699, "arrival_ts": 1758746543699}
{"action": "send", "src": "SA-N39", "dst": "EU-N195", "hlc": {"phys": 1758746564387, "cnt": 0, "node": "SA-N39"}, "package_id": "PKG46543", "payload": {"status": "IN_TRANSIT"}, "sent_ts": 1758746543997, "arrival_ts": 1758746543997}
{"action": "send", "src": "SA-N39", "dst": "EU-N195", "hlc": {"phys": 1758746564712, "cnt": 0, "node": "SA-N39"}, "package_id": "PKG46543", "payload": {"status": "RECEIVED"}, "sent_ts": 1758746544322, "arrival_ts": 1758746544322}
{"action": "send", "src": "SA-N39", "dst": "EU-N195", "hlc": {"phys": 1758746564942, "cnt": 0, "node": "SA-N39"}, "package_id": "PKG46543", "payload": {"status": "DELIVERED"}, "sent_ts": 1758746544552, "arrival_ts": 1758746544552}
{"action": "recv", "src": "AF-N82", "dst": "SA-N39", "hlc": {"phys": 1758749752764, "cnt": 0, "node": "AF-N82"}, "package_id": "PKG49736", "payload": {"status": "CREATED"}, "sent_ts": 1758749736944, "arrival_ts": 1758749737130}
{"action": "recv", "src": "AF-N82", "dst": "SA-N39", "hlc": {"phys": 1758749753163, "cnt": 0, "node": "AF-N82"}, "package_id": "PKG49736", "payload": {"status": "SENT"}, "sent_ts": 1758749737343, "arrival_ts": 1758749737416}
{"action": "recv", "src": "AF-N82", "dst": "SA-N39", "hlc": {"phys": 1758749753447, "cnt": 0, "node": "AF-N82"}, "package_id": "PKG49736", "payload": {"status": "IN_TRANSIT"}, "sent_ts": 1758749737627, "arrival_ts": 1758749737785}
{"action": "recv", "src": "AF-N82", "dst": "SA-N39", "hlc": {"phys": 1758749753814, "cnt": 0, "node": "AF-N82"}, "package_id": "PKG49736", "payload": {"status": "RECEIVED"}, "sent_ts": 1758749737994, "arrival_ts": 1758749738045}
{"action": "recv", "src": "AF-N82", "dst": "SA-N39", "hlc": {"phys": 1758749754061, "cnt": 0, "node": "AF-N82"}, "package_id": "PKG49736", "payload": {"status": "DELIVERED"}, "sent_ts": 1758749738241, "arrival_ts": 1758749738403}
{"action": "recv", "src": "AS-N179", "dst": "SA-N39", "hlc": {"phys": 1758751500321, "cnt": 0, "node": "AS-N179"}, "package_id": "PKG51488", "payload": {"status": "CREATED"}, "sent_ts": 1758751488531, "arrival_ts": 1758751488573}
{"action": "recv", "src": "AS-N179", "dst": "SA-N39", "hlc": {"phys": 1758751500571, "cnt": 0, "node": "AS-N179"}, "package_id": "PKG51488", "payload": {"status": "SENT"}, "sent_ts": 1758751488781, "arrival_ts": 1758751488915}
{"action": "recv", "src": "AS-N179", "dst": "SA-N39", "hlc": {"phys": 1758751500902, "cnt": 0, "node": "AS-N179"}, "package_id": "PKG51488", "payload": {"status": "IN_TRANSIT"}, "sent_ts": 1758751489112, "arrival_ts": 1758751489129}
{"action": "recv", "src": "AS-N179", "dst": "SA-N39", "hlc": {"phys": 1758751501128, "cnt": 0, "node": "AS-N179"}, "package_id": "PKG51488", "payload": {"status": "RECEIVED"}, "sent_ts": 1758751489338, "arrival_ts": 1758751489407}
{"action": "recv", "src": "AS-N179", "dst": "SA-N39", "hlc": {"phys": 1758751501409, "cnt": 0, "node": "AS-N179"}, "package_id": "PKG51488", "payload": {"status": "DELIVERED"}, "sent_ts": 1758751489619, "arrival_ts": 1758751489703}
{"action": "send", "src": "SA-N39", "dst": "AF-N164", "hlc": {"phys": 1758753249503, "cnt": 0, "node": "SA-N39"}, "package_id": "PKG53229", "payload": {"status": "CREATED"}, "sent_ts": 1758753229113, "arrival_ts": 1758753229113}
{"action": "send", "src": "SA-N39", "dst": "AF-N164", "hlc": {"phys": 1758753249877, "cnt": 0, "node": "SA-N39"}, "package_id": "PKG53229", "payload": {"status": "SENT"}, "sent_ts": 1758753229487, "arrival_ts": 1758753229487}
{"action": "send", "src": "SA-N39", "dst": "AF-N164", "hlc": {"phys": 1758753250157, "cnt": 0, "node": "SA-N39"}, "package_id": "PKG53229", "payload": {"status": "IN_TRANSIT"}, "sent_ts": 1758753229767, "arrival_ts": 1758753229767}
{"action": "send", "src": "SA-N39", "dst": "AF-N164", "hlc": {"phys": 1758753250486, "cnt": 0, "node": "SA-N39"}, "package_id": "PKG53229", "payload": {"status": "RECEIVED"}, "sent_ts": 1758753230096, "arrival_ts": 1758753230096}
{"action": "send", "src": "SA-N39", "dst": "AF-N164", "hlc": {"phys": 1758753250808, "cnt": 0, "node": "SA-N39"}, "package_id": "PKG53229", "payload": {"status": "DELIVERED"}, "sent_ts": 1758753230418, "arrival_ts": 1758753230418}
{"action": "send", "src": "SA-N39", "dst": "AS-N181", "hlc": {"phys": 1758754447869, "cnt": 0, "node": "SA-N39"}, "package_id": "PKG54427", "payload": {"status": "CREATED"}, "sent_ts": 1758754427479, "arrival_ts": 1758754427480}
{"action": "send", "src": "SA-N39", "dst": "AS-N181", "hlc": {"phys": 1758754448099, "cnt": 0, "node": "SA-N39"}, "package_id": "PKG54427", "payload": {"status": "SENT"}, "sent_ts": 1758754427709, "arrival_ts": 1758754427709}
{"action": "send", "src": "SA-N39", "dst": "AS-N181", "hlc": {"phys": 1758754448519, "cnt": 0, "node": "SA-N39"}, "package_id": "PKG54427", "payload": {"status": "IN_TRANSIT"}, "sent_ts": 1758754428129, "arrival_ts": 1758754428129}
{"action": "send", "src": "SA-N39", "dst": "AS-N181", "hlc": {"phys": 1758754448861, "cnt": 0, "node": "SA-N39"}, "package_id": "PKG54427", "payload": {"status": "RECEIVED"}, "sent_ts": 1758754428471, "arrival_ts": 1758754428471}
{"action": "send", "src": "SA-N39", "dst": "AS-N181", "hlc": {"phys": 1758754449089, "cnt": 0, "node": "SA-N39"}, "package_id": "PKG54427", "payload": {"status": "DELIVERED"}, "sent_ts": 1758754428699, "arrival_ts": 1758754428699}
{"action": "send", "src": "SA-N39", "dst": "AS-N135", "hlc": {"phys": 1758754618934, "cnt": 0, "node": "SA-N39"}, "package_id": "PKG54598", "payload": {"status": "CREATED"}, "sent_ts": 1758754598544, "arrival_ts": 1758754598544}
{"action": "send", "src": "SA-N39", "dst": "AS-N135", "hlc": {"phys": 1758754619189, "cnt": 0, "node": "SA-N39"}, "package_id": "PKG54598", "payload": {"status": "SENT"}, "sent_ts": 1758754598799, "arrival_ts": 1758754598799}
{"action": "send", "src": "SA-N39", "dst": "AS-N135", "hlc": {"phys": 1758754619459, "cnt": 0, "node": "SA-N39"}, "package_id": "PKG54598", "payload": {"status": "IN_TRANSIT"}, "sent_ts": 1758754599069, "arrival_ts": 1758754599069}
{"action": "send", "src": "SA-N39", "dst": "AS-N135", "hlc": {"phys": 1758754619856, "cnt": 0, "node": "SA-N39"}, "package_id": "PKG54598", "payload": {"status": "RECEIVED"}, "sent_ts": 1758754599466, "arrival_ts": 1758754599466}
{"action": "send", "src": "SA-N39", "dst": "AS-N135", "hlc": {"phys": 1758754620224, "cnt": 0, "node": "SA-N39"}, "package_id": "PKG54598", "payload": {"status": "DELIVERED"}, "sent_ts": 1758754599834, "arrival_ts": 1758754599834}
{"action": "recv", "src": "AS-N59", "dst": "SA-N39", "hlc": {"phys": 1758755426705, "cnt": 0, "node": "AS-N59"}, "package_id": "PKG55416", "payload": {"status": "CREATED"}, "sent_ts": 1758755416115, "arrival_ts": 1758755416285}
{"action": "recv", "src": "AS-N59", "dst": "SA-N39", "hlc": {"phys": 1758755427094, "cnt": 0, "node": "AS-N59"}, "package_id": "PKG55416", "payload": {"status": "SENT"}, "sent_ts": 1758755416504, "arrival_ts": 1758755416706}
{"action": "recv", "src": "AS-N59", "dst": "SA-N39", "hlc": {"phys": 1758755427505, "cnt": 0, "node": "AS-N59"}, "package_id": "PKG55416", "payload": {"status": "IN_TRANSIT"}, "sent_ts": 1758755416915, "arrival_ts": 1758755416990}
{"action": "recv", "src": "AS-N59", "dst": "SA-N39", "hlc": {"phys": 1758755427799, "cnt": 0, "node": "AS-N59"}, "package_id": "PKG55416", "payload": {"status": "RECEIVED"}, "sent_ts": 1758755417209, "arrival_ts": 1758755417239}
{"action": "recv", "src": "AS-N59", "dst": "SA-N39", "hlc": {"phys": 1758755428054, "cnt": 0, "node": "AS-N59"}, "package_id": "PKG55416", "payload": {"status": "DELIVERED"}, "sent_ts": 1758755417464, "arrival_ts": 1758755417567}
{"action": "recv", "src": "AS-N184", "dst": "SA-N39", "hlc": {"phys": 1758758095623, "cnt": 0, "node": "AS-N184"}, "package_id": "PKG58083", "payload": {"status": "CREATED"}, "sent_ts": 1758758083783, "arrival_ts": 1758758083810}
{"action": "recv", "src": "AS-N184", "dst": "SA-N39", "hlc": {"phys": 1758758095846, "cnt": 0, "node": "AS-N184"}, "package_id": "PKG58083", "payload": {"status": "SENT"}, "sent_ts": 1758758084006, "arrival_ts": 1758758084118}
{"action": "recv", "src": "AS-N184", "dst": "SA-N39", "hlc": {"phys": 1758758096165, "cnt": 0, "node": "AS-N184"}, "package_id": "PKG58083", "payload": {"status": "IN_TRANSIT"}, "sent_ts": 1758758084325, "arrival_ts": 1758758084441}
{"action": "recv", "src": "AS-N184", "dst": "SA-N39", "hlc": {"phys": 1758758096498, "cnt": 0, "node": "AS-N184"}, "package_id": "PKG58083", "payload": {"status": "RECEIVED"}, "sent_ts": 1758758084658, "arrival_ts": 1758758084691}
{"action": "recv", "src": "AS-N184", "dst": "SA-N39", "hlc": {"phys": 1758758096721, "cnt": 0, "node": "AS-N184"}, "package_id": "PKG58083", "payload": {"status": "DELIVERED"}, "sent_ts": 1758758084881, "arrival_ts": 1758758085081}
{"action": "send", "src": "SA-N39", "dst": "AU-N143", "hlc": {"phys": 1758759299502, "cnt": 0, "node": "SA-N39"}, "package_id": "PKG59279", "payload": {"status": "CREATED"}, "sent_ts": 1758759279112, "arrival_ts": 1758759279112}
{"action": "send", "src": "SA-N39", "dst": "AU-N143", "hlc": {"phys": 1758759299812, "cnt": 0, "node": "SA-N39"}, "package_id": "PKG59279", "payload": {"status": "SENT"}, "sent_ts": 1758759279422, "arrival_ts": 1758759279422}
{"action": "send", "src": "SA-N39", "dst": "AU-N143", "hlc": {"phys": 1758759300095, "cnt": 0, "node": "SA-N39"}, "package_id": "PKG59279", "payload": {"status": "IN_TRANSIT"}, "sent_ts": 1758759279705, "arrival_ts": 1758759279705}
{"action": "send", "src": "SA-N39", "dst": "AU-N143", "hlc": {"phys": 1758759300456, "cnt": 0, "node": "SA-N39"}, "package_id": "PKG59279", "payload": {"status": "RECEIVED"}, "sent_ts": 1758759280066, "arrival_ts": 1758759280066}
{"action": "send", "src": "SA-N39", "dst": "AU-N143", "hlc": {"phys": 1758759300790, "cnt": 0, "node": "SA-N39"}, "package_id": "PKG59279", "payload": {"status": "DELIVERED"}, "sent_ts": 1758759280400, "arrival_ts": 1758759280400}
{"action": "send", "src": "SA-N39", "dst": "AN-N18", "hlc": {"phys": 1758761608706, "cnt": 0, "node": "SA-N39"}, "package_id": "PKG61588", "payload": {"status": "CREATED"}, "sent_ts": 1758761588316, "arrival_ts": 1758761588316}
{"action": "send", "src": "SA-N39", "dst": "AN-N18", "hlc": {"phys": 1758761608978, "cnt": 0, "node": "SA-N39"}, "package_id": "PKG61588", "payload": {"status": "SENT"}, "sent_ts": 1758761588588, "arrival_ts": 1758761588588}
{"action": "send", "src": "SA-N39", "dst": "AN-N18", "hlc": {"phys": 1758761609319, "cnt": 0, "node": "SA-N39"}, "package_id": "PKG61588", "payload": {"status": "IN_TRANSIT"}, "sent_ts": 1758761588929, "arrival_ts": 1758761588929}
{"action": "send", "src": "SA-N39", "dst": "AN-N18", "hlc": {"phys": 1758761609570, "cnt": 0, "node": "SA-N39"}, "package_id": "PKG61588", "payload": {"status": "RECEIVED"}, "sent_ts": 1758761589180, "arrival_ts": 1758761589180}
{"action": "send", "src": "SA-N39", "dst": "AN-N18", "hlc": {"phys": 1758761609886, "cnt": 0, "node": "SA-N39"}, "package_id": "PKG61588", "payload": {"status": "DELIVERED"}, "sent_ts": 1758761589496, "arrival_ts": 1758761589496}
{"action": "send", "src": "SA-N39", "dst": "AU-N87", "hlc": {"phys": 1758801140195, "cnt": 0, "node": "SA-N39"}, "package_id": "PKG1119", "payload": {"status": "CREATED"}, "sent_ts": 1758801119805, "arrival_ts": 1758801119805}
{"action": "send", "src": "SA-N39", "dst": "AU-N87", "hlc": {"phys": 1758801140567, "cnt": 0, "node": "SA-N39"}, "package_id": "PKG1119", "payload": {"status": "SENT"}, "sent_ts": 1758801120177, "arrival_ts": 1758801120177}
{"action": "send", "src": "SA-N39", "dst": "AU-N87", "hlc": {"phys": 1758801140988, "cnt": 0, "node": "SA-N39"}, "package_id": "PKG1119", "payload": {"status": "IN_TRANSIT"}, "sent_ts": 1758801120598, "arrival_ts": 1758801120598}
{"action": "send", "src": "SA-N39", "dst": "AU-N87", "hlc": {"phys": 1758801141250, "cnt": 0, "node": "SA-N39"}, "package_id": "PKG1119", "payload": {"status": "RECEIVED"}, "sent_ts": 1758801120860, "arrival_ts": 1758801120860}
{"action": "send", "src": "SA-N39", "dst": "AU-N87", "hlc": {"phys": 1758801141607, "cnt": 0, "node": "SA-N39"}, "package_id": "PKG1119", "payload": {"status": "DELIVERED"}, "sent_ts": 1758801121217, "arrival_ts": 1758801121217}
{"action": "recv", "src": "AS-N42", "dst": "SA-N39", "hlc": {"phys": 1758802945286, "cnt": 0, "node": "AS-N42"}, "package_id": "PKG2934", "payload": {"status": "CREATED"}, "sent_ts": 1758802934866, "arrival_ts": 1758802935054}
{"action": "recv", "src": "AS-N42", "dst": "SA-N39", "hlc": {"phys": 1758802945686, "cnt": 0, "node": "AS-N42"}, "package_id": "PKG2934", "payload": {"status": "SENT"}, "sent_ts": 1758802935266, "arrival_ts": 1758802935327}
{"action": "recv", "src": "AS-N42", "dst": "SA-N39", "hlc": {"phys": 1758802945965, "cnt": 0, "node": "AS-N42"}, "package_id": "PKG2934", "payload": {"status": "IN_TRANSIT"}, "sent_ts": 1758802935545, "arrival_ts": 1758802935670}
{"action": "recv", "src": "AS-N42", "dst": "SA-N39", "hlc": {"phys": 1758802946307, "cnt": 0, "node": "AS-N42"}, "package_id": "PKG2934", "payload": {"status": "RECEIVED"}, "sent_ts": 1758802935887, "arrival_ts": 1758802936018}
{"action": "recv", "src": "AS-N42", "dst": "SA-N39", "hlc": {"phys": 1758802946651, "cnt": 0, "node": "AS-N42"}, "package_id": "PKG2934", "payload": {"status": "DELIVERED"}, "sent_ts": 1758802936231, "arrival_ts": 1758802936355}
{"action": "send", "src": "SA-N39", "dst": "AN-N168", "hlc": {"phys": 1758803085608, "cnt": 0, "node": "SA-N39"}, "package_id": "PKG3065", "payload": {"status": "CREATED"}, "sent_ts": 1758803065218, "arrival_ts": 1758803065218}
{"action": "send", "src": "SA-N39", "dst": "AN-N168", "hlc": {"phys": 1758803085839, "cnt": 0, "node": "SA-N39"}, "package_id": "PKG3065", "payload": {"status": "SENT"}, "sent_ts": 1758803065449, "arrival_ts": 1758803065449}
{"action": "send", "src": "SA-N39", "dst": "AN-N168", "hlc": {"phys": 1758803086055, "cnt": 0, "node": "SA-N39"}, "package_id": "PKG3065", "payload": {"status": "IN_TRANSIT"}, "sent_ts": 1758803065665, "arrival_ts": 1758803065665}
{"action": "send", "src": "SA-N39", "dst": "AN-N168", "hlc": {"phys": 1758803086396, "cnt": 0, "node": "SA-N39"}, "package_id": "PKG3065", "payload": {"status": "RECEIVED"}, "sent_ts": 1758803066006, "arrival_ts": 1758803066006}
{"action": "send", "src": "SA-N39", "dst": "AN-N168", "hlc": {"phys": 1758803086720, "cnt": 0, "node": "SA-N39"}, "package_id": "PKG3065", "payload": {"status": "DELIVERED"}, "sent_ts": 1758803066330, "arrival_ts": 1758803066330}
{"action": "recv", "src": "AF-N25", "dst": "SA-N39", "hlc": {"phys": 1758805772148, "cnt": 0, "node": "AF-N25"}, "package_id": "PKG5756", "payload": {"status": "CREATED"}, "sent_ts": 1758805756898, "arrival_ts": 1758805757025}
{"action": "recv", "src": "AF-N25", "dst": "SA-N39", "hlc": {"phys": 1758805772476, "cnt": 0, "node": "AF-N25"}, "package_id": "PKG5756", "payload": {"status": "SENT"}, "sent_ts": 1758805757226, "arrival_ts": 1758805757366}
{"action": "recv", "src": "AF-N25", "dst": "SA-N39", "hlc": {"phys": 1758805772818, "cnt": 0, "node": "AF-N25"}, "package_id": "PKG5756", "payload": {"status": "IN_TRANSIT"}, "sent_ts": 1758805757568, "arrival_ts": 1758805757756}
{"action": "recv", "src": "AF-N25", "dst": "SA-N39", "hlc": {"phys": 1758805773206, "cnt": 0, "node": "AF-N25"}, "package_id": "PKG5756", "payload": {"status": "RECEIVED"}, "sent_ts": 1758805757956, "arrival_ts": 1758805758094}
{"action": "recv", "src": "AF-N25", "dst": "SA-N39", "hlc": {"phys": 1758805773548, "cnt": 0, "node": "AF-N25"}, "package_id": "PKG5756", "payload": {"status": "DELIVERED"}, "sent_ts": 1758805758298, "arrival_ts": 1758805758496}
{"action": "send", "src": "SA-N39", "dst": "NA-N82", "hlc": {"phys": 1758810036087, "cnt": 0, "node": "SA-N39"}, "package_id": "PKG10015", "payload": {"status": "CREATED"}, "sent_ts": 1758810015697, "arrival_ts": 1758810015697}
{"action": "send", "src": "SA-N39", "dst": "NA-N82", "hlc": {"phys": 1758810036397, "cnt": 0, "node": "SA-N39"}, "package_id": "PKG10015", "payload": {"status": "SENT"}, "sent_ts": 1758810016007, "arrival_ts": 1758810016007}
{"action": "send", "src": "SA-N39", "dst": "NA-N82", "hlc": {"phys": 1758810036724, "cnt": 0, "node": "SA-N39"}, "package_id": "PKG10015", "payload": {"status": "IN_TRANSIT"}, "sent_ts": 1758810016334, "arrival_ts": 1758810016334}
{"action": "send", "src": "SA-N39", "dst": "NA-N82", "hlc": {"phys": 1758810036972, "cnt": 0, "node": "SA-N39"}, "package_id": "PKG10015", "payload": {"status": "RECEIVED"}, "sent_ts": 1758810016582, "arrival_ts": 1758810016582}
{"action": "send", "src": "SA-N39", "dst": "NA-N82", "hlc": {"phys": 1758810037296, "cnt": 0, "node": "SA-N39"}, "package_id": "PKG10015", "payload": {"status": "DELIVERED"}, "sent_ts": 1758810016906, "arrival_ts": 1758810016906}
{"action": "recv", "src": "NA-N89", "dst": "SA-N39", "hlc": {"phys": 1758812140606, "cnt": 0, "node": "NA-N89"}, "package_id": "PKG12139", "payload": {"status": "CREATED"}, "sent_ts": 1758812139716, "arrival_ts": 1758812139802}
{"action": "recv", "src": "NA-N89", "dst": "SA-N39", "hlc": {"phys": 1758812140900, "cnt": 0, "node": "NA-N89"}, "package_id": "PKG12139", "payload": {"status": "SENT"}, "sent_ts": 1758812140010, "arrival_ts": 1758812140096}
{"action": "recv", "src": "NA-N89", "dst": "SA-N39", "hlc": {"phys": 1758812141195, "cnt": 0, "node": "NA-N89"}, "package_id": "PKG12139", "payload": {"status": "IN_TRANSIT"}, "sent_ts": 1758812140305, "arrival_ts": 1758812140503}
{"action": "recv", "src": "NA-N89", "dst": "SA-N39", "hlc": {"phys": 1758812141596, "cnt": 0, "node": "NA-N89"}, "package_id": "PKG12139", "payload": {"status": "RECEIVED"}, "sent_ts": 1758812140706, "arrival_ts": 1758812140820}
{"action": "recv", "src": "NA-N89", "dst": "SA-N39", "hlc": {"phys": 1758812141908, "cnt": 0, "node": "NA-N89"}, "package_id": "PKG12139", "payload": {"status": "DELIVERED"}, "sent_ts": 1758812141018, "arrival_ts": 1758812141085}
{"action": "send", "src": "SA-N39", "dst": "EU-N88", "hlc": {"phys": 1758814992479, "cnt": 0, "node": "SA-N39"}, "package_id": "PKG14972", "payload": {"status": "CREATED"}, "sent_ts": 1758814972089, "arrival_ts": 1758814972089}
{"action": "send", "src": "SA-N39", "dst": "EU-N88", "hlc": {"phys": 1758814992851, "cnt": 0, "node": "SA-N39"}, "package_id": "PKG14972", "payload": {"status": "SENT"}, "sent_ts": 1758814972461, "arrival_ts": 1758814972461}
{"action": "send", "src": "SA-N39", "dst": "EU-N88", "hlc": {"phys": 1758814993133, "cnt": 0, "node": "SA-N39"}, "package_id": "PKG14972", "payload": {"status": "IN_TRANSIT"}, "sent_ts": 1758814972743, "arrival_ts": 1758814972743}
{"action": "send", "src": "SA-N39", "dst": "EU-N88", "hlc": {"phys": 1758814993463, "cnt": 0, "node": "SA-N39"}, "package_id": "PKG14972", "payload": {"status": "RECEIVED"}, "sent_ts": 1758814973073, "arrival_ts": 1758814973073}
{"action": "send", "src": "SA-N39", "dst": "EU-N88", "hlc": {"phys": 1758814993711, "cnt": 0, "node": "SA-N39"}, "package_id": "PKG14972", "payload": {"status": "DELIVERED"}, "sent_ts": 1758814973321, "arrival_ts": 1758814973321}
{"action": "recv", "src": "AS-N136", "dst": "SA-N39", "hlc": {"phys": 1758816468658, "cnt": 0, "node": "AS-N136"}, "package_id": "PKG16457", "payload": {"status": "CREATED"}, "sent_ts": 1758816457298, "arrival_ts": 1758816457397}
{"action": "recv", "src": "AS-N136", "dst": "SA-N39", "hlc": {"phys": 1758816468953, "cnt": 0, "node": "AS-N136"}, "package_id": "PKG16457", "payload": {"status": "SENT"}, "sent_ts": 1758816457593, "arrival_ts": 1758816457605}
{"action": "recv", "src": "AS-N136", "dst": "SA-N39", "hlc": {"phys": 1758816469170, "cnt": 0, "node": "AS-N136"}, "package_id": "PKG16457", "payload": {"status": "IN_TRANSIT"}, "sent_ts": 1758816457810, "arrival_ts": 1758816457858}
{"action": "recv", "src": "AS-N136", "dst": "SA-N39", "hlc": {"phys": 1758816469433, "cnt": 0, "node": "AS-N136"}, "package_id": "PKG16457", "payload": {"status": "RECEIVED"}, "sent_ts": 1758816458073, "arrival_ts": 1758816458179}
{"action": "recv", "src": "AS-N136", "dst": "SA-N39", "hlc": {"phys": 1758816469758, "cnt": 0, "node": "AS-N136"}, "package_id": "PKG16457", "payload": {"status": "DELIVERED"}, "sent_ts": 1758816458398, "arrival_ts": 1758816458443}
