{"action": "send", "src": "SA-N43", "dst": "AF-N186", "hlc": {"phys": 1758712856401, "cnt": 0, "node": "SA-N43"}, "package_id": "PKG12835", "payload": {"status": "CREATED"}, "sent_ts": 1758712835971, "arrival_ts": 1758712835971}
{"action": "send", "src": "SA-N43", "dst": "AF-N186", "hlc": {"phys": 1758712856681, "cnt": 0, "node": "SA-N43"}, "package_id": "PKG12835", "payload": {"status": "SENT"}, "sent_ts": 1758712836251, "arrival_ts": 1758712836251}
{"action": "send", "src": "SA-N43", "dst": "AF-N186", "hlc": {"phys": 1758712857025, "cnt": 0, "node": "SA-N43"}, "package_id": "PKG12835", "payload": {"status": "IN_TRANSIT"}, "sent_ts": 1758712836595, "arrival_ts": 1758712836595}
{"action": "send", "src": "SA-N43", "dst": "AF-N186", "hlc": {"phys": 1758712857337, "cnt": 0, "node": "SA-N43"}, "package_id": "PKG12835", "payload": {"status": "RECEIVED"}, "sent_ts": 1758712836907, "arrival_ts": 1758712836907}
{"action": "send", "src": "SA-N43", "dst": "AF-N186", "hlc": {"phys": 1758712857740, "cnt": 0, "node": "SA-N43"}, "package_id": "PKG12835", "payload": {"status": "DELIVERED"}, "sent_ts": 1758712837310, "arrival_ts": 1758712837310}
{"action": "recv", "src": "AU-N17", "dst": "SA-N43", "hlc": {"phys": 1758712945650, "cnt": 0, "node": "AU-N17"}, "package_id": "PKG12920", "payload": {"status": "CREATED"}, "sent_ts": 1758712920480, "arrival_ts": 1758712920621}
{"action": "recv", "src": "AU-N17", "dst": "SA-N43", "hlc": {"phys": 1758712945993, "cnt": 0, "node": "AU-N17"}, "package_id": "PKG12920", "payload": {"status": "SENT"}, "sent_ts": 1758712920823, "arrival_ts": 1758712920871}
{"action": "recv", "src": "AU-N17", "dst": "SA-N43", "hlc": {"phys": 1758712946257, "cnt": 0, "node": "AU-N17"}, "package_id": "PKG12920", "payload": {"status": "IN_TRANSIT"}, "sent_ts": 1758712921087, "arrival_ts": 1758712921120}
{"action": "recv", "src": "AU-N17", "dst": "SA-N43", "hlc": {"phys": 1758712946475, "cnt": 0, "node": "AU-N17"}, "package_id": "PKG12920", "payload": {"status": "RECEIVED"}, "sent_ts": 1758712921305, "arrival_ts": 1758712921364}
{"action": "recv", "src": "AU-N17", "dst": "SA-N43", "hlc": {"phys": 1758712946738, "cnt": 0, "node": "AU-N17"}, "package_id": "PKG12920", "payload": {"status": "DELIVERED"}, "sent_ts": 1758712921568, "arrival_ts": 1758712921674}
{"action": "send", "src": "SA-N43", "dst": "AF-N138", "hlc": {"phys": 1758716436806, "cnt": 0, "node": "SA-N43"}, "package_id": "PKG16416", "payload": {"status": "CREATED"}, "sent_ts": 1758716416376, "arrival_ts": 1758716416376}
{"action": "send", "src": "SA-N43", "dst": "AF-N138", "hlc": {"phys": 1758716437163, "cnt": 0, "node": "SA-N43"}, "package_id": "PKG16416", "payload": {"status": "SENT"}, "sent_ts": 1758716416733, "arrival_ts": 1758716416733}
{"action": "send", "src": "SA-N43", "dst": "AF-N138", "hlc": {"phys": 1758716437549, "cnt": 0, "node": "SA-N43"}, "package_id": "PKG16416", "payload": {"status": "IN_TRANSIT"}, "sent_ts": 1758716417119, "arrival_ts": 1758716417120}
{"action": "send", "src": "SA-N43", "dst": "AF-N138", "hlc": {"phys": 1758716437849, "cnt": 0, "node": "SA-N43"}, "package_id": "PKG16416", "payload": {"status": "RECEIVED"}, "sent_ts": 1758716417419, "arrival_ts": 1758716417419}
{"action": "send", "src": "SA-N43", "dst": "AF-N138", "hlc": {"phys": 1758716438199, "cnt": 0, "node": "SA-N43"}, "package_id": "PKG16416", "payload": {"status": "DELIVERED"}, "sent_ts": 1758716417769, "arrival_ts": 1758716417769}
{"action": "recv", "src": "EU-N196", "dst": "SA-N43", "hlc": {"phys": 1758717115836, "cnt": 0, "node": "EU-N196"}, "package_id": "PKG17108", "payload": {"status": "CREATED"}, "sent_ts": 1758717108876, "arrival_ts": 1758717108973}
{"action": "recv", "src": "EU-N196", "dst": "SA-N43", "hlc": {"phys": 1758717116134, "cnt": 0, "node": "EU-N196"}, "package_id": "PKG17108", "payload": {"status": "SENT"}, "sent_ts": 1758717109174, "arrival_ts": 1758717109229}
{"action": "recv", "src": "EU-N196", "dst": "SA-N43", "hlc": {"phys": 1758717116382, "cnt": 0, "node": "EU-N196"}, "package_id": "PKG17108", "payload": {"status": "IN_TRANSIT"}, "sent_ts": 1758717109422, "arrival_ts": 1758717109516}
{"action": "recv", "src": "EU-N196", "dst": "SA-N43", "hlc": {"phys": 1758717116689, "cnt": 0, "node": "EU-N196"}, "package_id": "PKG17108", "payload": {"status": "RECEIVED"}, "sent_ts": 1758717109729, "arrival_ts": 1758717109804}
{"action": "recv", "src": "EU-N196", "dst": "SA-N43", "hlc": {"phys": 1758717116975, "cnt": 0, "node": "EU-N196"}, "package_id": "PKG17108", "payload": {"status": "DELIVERED"}, "sent_ts": 1758717110015, "arrival_ts": 1758717110137}
{"action": "recv", "src": "SA-N100", "dst": "SA-N43", "hlc": {"phys": 1758720069278, "cnt": 0, "node": "SA-N100"}, "package_id": "PKG20048", "payload": {"status": "CREATED"}, "sent_ts": 1758720048278, "arrival_ts": 1758720048346}
{"action": "recv", "src": "SA-N100", "dst": "SA-N43", "hlc": {"phys": 1758720069586, "cnt": 0, "node": "SA-N100"}, "package_id": "PKG20048", "payload": {"status": "SENT"}, "sent_ts": 1758720048586, "arrival_ts": 1758720048660}
{"action": "recv", "src": "SA-N100", "dst": "SA-N43", "hlc": {"phys": 1758720069879, "cnt": 0, "node": "SA-N100"}, "package_id": "PKG20048", "payload": {"status": "IN_TRANSIT"}, "sent_ts": 1758720048879, "arrival_ts": 1758720049008}
{"action": "recv", "src": "SA-N100", "dst": "SA-N43", "hlc": {"phys": 1758720070203, "cnt": 0, "node": "SA-N100"}, "package_id": "PKG20048", "payload": {"status": "RECEIVED"}, "sent_ts": 1758720049203, "arrival_ts": 1758720049288}
{"action": "recv", "src": "SA-N100", "dst": "SA-N43", "hlc": {"phys": 1758720070496, "cnt": 0, "node": "SA-N100"}, "package_id": "PKG20048", "payload": {"status": "DELIVERED"}, "sent_ts": 1758720049496, "arrival_ts": 1758720049668}
{"action": "send", "src": "SA-N43", "dst": "AU-N188", "hlc": {"phys": 1758738099103, "cnt": 0, "node": "SA-N43"}, "package_id": "PKG38078", "payload": {"status": "CREATED"}, "sent_ts": 1758738078673, "arrival_ts": 1758738078673}
{"action": "send", "src": "SA-N43", "dst": "AU-N188", "hlc": {"phys": 1758738099465, "cnt": 0, "node": "SA-N43"}, "package_id": "PKG38078", "payload": {"status": "SENT"}, "sent_ts": 1758738079035, "arrival_ts": 1758738079035}
{"action": "send", "src": "SA-N43", "dst": "AU-N188", "hlc": {"phys": 1758738099825, "cnt": 0, "node": "SA-N43"}, "package_id": "PKG38078", "payload": {"status": "IN_TRANSIT"}, "sent_ts": 1758738079395, "arrival_ts": 1758738079395}
{"action": "send", "src": "SA-N43", "dst": "AU-N188", "hlc": {"phys": 1758738100097, "cnt": 0, "node": "SA-N43"}, "package_id": "PKG38078", "payload": {"status": "RECEIVED"}, "sent_ts": 1758738079667, "arrival_ts": 1758738079667}
{"action": "send", "src": "SA-N43", "dst": "AU-N188", "hlc": {"phys": 1758738100433, "cnt": 0, "node": "SA-N43"}, "package_id": "PKG38078", "payload": {"status": "DELIVERED"}, "sent_ts": 1758738080003, "arrival_ts": 1758738080003}
{"action": "send", "src": "SA-N43", "dst": "SA-N120", "hlc": {"phys": 1758740500539, "cnt": 0, "node": "SA-N43"}, "package_id": "PKG40480", "payload": {"status": "CREATED"}, "sent_ts": 1758740480109, "arrival_ts": 1758740480109}
{"action": "send", "src": "SA-N43", "dst": "SA-N120", "hlc": {"phys": 1758740500805, "cnt": 0, "node": "SA-N43"}, "package_id": "PKG40480", "payload": {"status": "SENT"}, "sent_ts": 1758740480375, "arrival_ts": 1758740480375}
{"action": "send", "src": "SA-N43", "dst": "SA-N120", "hlc": {"phys": 1758740501197, "cnt": 0, "node": "SA-N43"}, "package_id": "PKG40480", "payload": {"status": "IN_TRANSIT"}, "sent_ts": 1758740480767, "arrival_ts": 1758740480767}
{"action": "send", "src": "SA-N43", "dst": "SA-N120", "hlc": {"phys": 1758740501430, "cnt": 0, "node": "SA-N43"}, "package_id": "PKG40480", "payload": {"status": "RECEIVED"}, "sent_ts": 1758740480999, "arrival_ts": 1758740481000}
{"action": "send", "src": "SA-N43", "dst": "SA-N120", "hlc": {"phys": 1758740501648, "cnt": 0, "node": "SA-N43"}, "package_id": "PKG40480", "payload": {"status": "DELIVERED"}, "sent_ts": 1758740481218, "arrival_ts": 1758740481218}
{"action": "send", "src": "SA-N43", "dst": "AN-N80", "hlc": {"phys": 1758742310868, "cnt": 0, "node": "SA-N43"}, "package_id": "PKG42290", "payload": {"status": "CREATED"}, "sent_ts": 1758742290438, "arrival_ts": 1758742290438}
{"action": "send", "src": "SA-N43", "dst": "AN-N80", "hlc": {"phys": 1758742311255, "cnt": 0, "node": "SA-N43"}, "package_id": "PKG42290", "payload": {"status": "SENT"}, "sent_ts": 1758742290825, "arrival_ts": 1758742290825}
{"action": "send", "src": "SA-N43", "dst": "AN-N80", "hlc": {"phys": 1758742311629, "cnt": 0, "node": "SA-N43"}, "package_id": "PKG42290", "payload": {"status": "IN_TRANSIT"}, "sent_ts": 1758742291199, "arrival_ts": 1758742291199}
{"action": "send", "src": "SA-N43", "dst": "AN-N80", "hlc": {"phys": 1758742311842, "cnt": 0, "node": "SA-N43"}, "package_id": "PKG42290", "payload": {"status": "RECEIVED"}, "sent_ts": 1758742291412, "arrival_ts": 1758742291412}
{"action": "send", "src": "SA-N43", "dst": "AN-N80", "hlc": {"phys": 1758742312136, "cnt": 0, "node": "SA-N43"}, "package_id": "PKG42290", "payload": {"status": "DELIVERED"}, "sent_ts": 1758742291706, "arrival_ts": 1758742291706}
{"action": "send", "src": "SA-N43", "dst": "AS-N143", "hlc": {"phys": 1758745619140, "cnt": 0, "node": "SA-N43"}, "package_id": "PKG45598", "payload": {"status": "CREATED"}, "sent_ts": 1758745598710, "arrival_ts": 1758745598710}
{"action": "send", "src": "SA-N43", "dst": "AS-N143", "hlc": {"phys": 1758745619515, "cnt": 0, "node": "SA-N43"}, "package_id": "PKG45598", "payload": {"status": "SENT"}, "sent_ts": 1758745599085, "arrival_ts": 1758745599085}
{"action": "send", "src": "SA-N43", "dst": "AS-N143", "hlc": {"phys": 1758745619764, "cnt": 0, "node": "SA-N43"}, "package_id": "PKG45598", "payload": {"status": "IN_TRANSIT"}, "sent_ts": 1758745599334, "arrival_ts": 1758745599334}
{"action": "send", "src": "SA-N43", "dst": "AS-N143", "hlc": {"phys": 1758745620171, "cnt": 0, "node": "SA-N43"}, "package_id": "PKG45598", "payload": {"status": "RECEIVED"}, "sent_ts": 1758745599741, "arrival_ts": 1758745599741}
{"action": "send", "src": "SA-N43", "dst": "AS-N143", "hlc": {"phys": 1758745620577, "cnt": 0, "node": "SA-N43"}, "package_id": "PKG45598", "payload": {"status": "DELIVERED"}, "sent_ts": 1758745600147, "arrival_ts": 1758745600147}
{"action": "recv", "src": "AN-N24", "dst": "SA-N43", "hlc": {"phys": 1758745741911, "cnt": 0, "node": "AN-N24"}, "package_id": "PKG45711", "payload": {"status": "CREATED"}, "sent_ts": 1758745711671, "arrival_ts": 1758745711691}
{"action": "recv", "src": "AN-N24", "dst": "SA-N43", "hlc": {"phys": 1758745742142, "cnt": 0, "node": "AN-N24"}, "package_id": "PKG45711", "payload": {"status": "SENT"}, "sent_ts": 1758745711902, "arrival_ts": 1758745712071}
{"action": "recv", "src": "AN-N24", "dst": "SA-N43", "hlc": {"phys": 1758745742512, "cnt": 0, "node": "AN-N24"}, "package_id": "PKG45711", "payload": {"status": "IN_TRANSIT"}, "sent_ts": 1758745712272, "arrival_ts": 1758745712387}
{"action": "recv", "src": "AN-N24", "dst": "SA-N43", "hlc": {"phys": 1758745742837, "cnt": 0, "node": "AN-N24"}, "package_id": "PKG45711", "payload": {"status": "RECEIVED"}, "sent_ts": 1758745712597, "arrival_ts": 1758745712681}
{"action": "recv", "src": "AN-N24", "dst": "SA-N43", "hlc": {"phys": 1758745743118, "cnt": 0, "node": "AN-N24"}, "package_id": "PKG45711", "payload": {"status": "DELIVERED"}, "sent_ts": 1758745712878, "arrival_ts": 1758745712988}
{"action": "send", "src": "SA-N43", "dst": "EU-N95", "hlc": {"phys": 1758746660086, "cnt": 0, "node": "SA-N43"}, "package_id": "PKG46639", "payload": {"status": "CREATED"}, "sent_ts": 1758746639656, "arrival_ts": 1758746639656}
{"action": "send", "src": "SA-N43", "dst": "EU-N95", "hlc": {"phys": 1758746660488, "cnt": 0, "node": "SA-N43"}, "package_id": "PKG46639", "payload": {"status": "SENT"}, "sent_ts": 1758746640058, "arrival_ts": 1758746640058}
{"action": "send", "src": "SA-N43", "dst": "EU-N95", "hlc": {"phys": 1758746660815, "cnt": 0, "node": "SA-N43"}, "package_id": "PKG46639", "payload": {"status": "IN_TRANSIT"}, "sent_ts": 1758746640385, "arrival_ts": 1758746640385}
{"action": "send", "src": "SA-N43", "dst": "EU-N95", "hlc": {"phys": 1758746661063, "cnt": 0, "node": "SA-N43"}, "package_id": "PKG46639", "payload": {"status": "RECEIVED"}, "sent_ts": 1758746640633, "arrival_ts": 1758746640633}
{"action": "send", "src": "SA-N43", "dst": "EU-N95", "hlc": {"phys": 1758746661435, "cnt": 0, "node": "SA-N43"}, "package_id": "PKG46639", "payload": {"status": "DELIVERED"}, "sent_ts": 1758746641005, "arrival_ts": 1758746641005}
{"action": "send", "src": "SA-N43", "dst": "AF-N116", "hlc": {"phys": 1758746700883, "cnt": 0, "node": "SA-N43"}, "package_id": "PKG46680", "payload": {"status": "CREATED"}, "sent_ts": 1758746680453, "arrival_ts": 1758746680453}
{"action": "send", "src": "SA-N43", "dst": "AF-N116", "hlc": {"phys": 1758746701228, "cnt": 0, "node": "SA-N43"}, "package_id": "PKG46680", "payload": {"status": "SENT"}, "sent_ts": 1758746680798, "arrival_ts": 1758746680798}
{"action": "send", "src": "SA-N43", "dst": "AF-N116", "hlc": {"phys": 1758746701586, "cnt": 0, "node": "SA-N43"}, "package_id": "PKG46680", "payload": {"status": "IN_TRANSIT"}, "sent_ts": 1758746681156, "arrival_ts": 1758746681156}
{"action": "send", "src": "SA-N43", "dst": "AF-N116", "hlc": {"phys": 1758746701850, "cnt": 0, "node": "SA-N43"}, "package_id": "PKG46680", "payload": {"status": "RECEIVED"}, "sent_ts": 1758746681420, "arrival_ts": 1758746681420}
{"action": "send", "src": "SA-N43", "dst": "AF-N116", "hlc": {"phys": 1758746702114, "cnt": 0, "node": "SA-N43"}, "package_id": "PKG46680", "payload": {"status": "DELIVERED"}, "sent_ts": 1758746681684, "arrival_ts": 1758746681684}
{"action": "send", "src": "SA-N43", "dst": "AF-N13", "hlc": {"phys": 1758751628243, "cnt": 0, "node": "SA-N43"}, "package_id": "PKG51607", "payload": {"status": "CREATED"}, "sent_ts": 1758751607813, "arrival_ts": 1758751607813}
{"action": "send", "src": "SA-N43", "dst": "AF-N13", "hlc": {"phys": 1758751628530, "cnt": 0, "node": "SA-N43"}, "package_id": "PKG51607", "payload": {"status": "SENT"}, "sent_ts": 1758751608100, "arrival_ts": 1758751608100}
{"action": "send", "src": "SA-N43", "dst": "AF-N13", "hlc": {"phys": 1758751628828, "cnt": 0, "node": "SA-N43"}, "package_id": "PKG51607", "payload": {"status": "IN_TRANSIT"}, "sent_ts": 1758751608398, "arrival_ts": 1758751608398}
{"action": "send", "src": "SA-N43", "dst": "AF-N13", "hlc": {"phys": 1758751629090, "cnt": 0, "node": "SA-N43"}, "package_id": "PKG51607", "payload": {"status": "RECEIVED"}, "sent_ts": 1758751608660, "arrival_ts": 1758751608660}
{"action": "send", "src": "SA-N43", "dst": "AF-N13", "hlc": {"phys": 1758751629308, "cnt": 0, "node": "SA-N43"}, "package_id": "PKG51607", "payload": {"status": "DELIVERED"}, "sent_ts": 1758751608878, "arrival_ts": 1758751608878}
{"action": "send", "src": "SA-N43", "dst": "SA-N12", "hlc": {"phys": 1758751839338, "cnt": 0, "node": "SA-N43"}, "package_id": "PKG51818", "payload": {"status": "CREATED"}, "sent_ts": 1758751818908, "arrival_ts": 1758751818908}
{"action": "send", "src": "SA-N43", "dst": "SA-N12", "hlc": {"phys": 1758751839702, "cnt": 0, "node": "SA-N43"}, "package_id": "PKG51818", "payload": {"status": "SENT"}, "sent_ts": 1758751819272, "arrival_ts": 1758751819272}
{"action": "send", "src": "SA-N43", "dst": "SA-N12", "hlc": {"phys": 1758751840081, "cnt": 0, "node": "SA-N43"}, "package_id": "PKG51818", "payload": {"status": "IN_TRANSIT"}, "sent_ts": 1758751819651, "arrival_ts": 1758751819651}
{"action": "send", "src": "SA-N43", "dst": "SA-N12", "hlc": {"phys": 1758751840413, "cnt": 0, "node": "SA-N43"}, "package_id": "PKG51818", "payload": {"status": "RECEIVED"}, "sent_ts": 1758751819983, "arrival_ts": 1758751819983}
{"action": "send", "src": "SA-N43", "dst": "SA-N12", "hlc": {"phys": 1758751840665, "cnt": 0, "node": "SA-N43"}, "package_id": "PKG51818", "payload": {"status": "DELIVERED"}, "sent_ts": 1758751820235, "arrival_ts": 1758751820235}
{"action": "send", "src": "SA-N43", "dst": "AN-N138", "hlc": {"phys": 1758752036290, "cnt": 0, "node": "SA-N43"}, "package_id": "PKG52015", "payload": {"status": "CREATED"}, "sent_ts": 1758752015860, "arrival_ts": 1758752015860}
{"action": "send", "src": "SA-N43", "dst": "AN-N138", "hlc": {"phys": 1758752036510, "cnt": 0, "node": "SA-N43"}, "package_id": "PKG52015", "payload": {"status": "SENT"}, "sent_ts": 1758752016080, "arrival_ts": 1758752016080}
{"action": "send", "src": "SA-N43", "dst": "AN-N138", "hlc": {"phys": 1758752036849, "cnt": 0, "node": "SA-N43"}, "package_id": "PKG52015", "payload": {"status": "IN_TRANSIT"}, "sent_ts": 1758752016419, "arrival_ts": 1758752016419}
{"action": "send", "src": "SA-N43", "dst": "AN-N138", "hlc": {"phys": 1758752037082, "cnt": 0, "node": "SA-N43"}, "package_id": "PKG52015", "payload": {"status": "RECEIVED"}, "sent_ts": 1758752016652, "arrival_ts": 1758752016652}
{"action": "send", "src": "SA-N43", "dst": "AN-N138", "hlc": {"phys": 1758752037378, "cnt": 0, "node": "SA-N43"}, "package_id": "PKG52015", "payload": {"status": "DELIVERED"}, "sent_ts": 1758752016948, "arrival_ts": 1758752016948}
{"action": "recv", "src": "EU-N59", "dst": "SA-N43", "hlc": {"phys": 1758752955889, "cnt": 0, "node": "EU-N59"}, "package_id": "PKG52950", "payload": {"status": "CREATED"}, "sent_ts": 1758752950299, "arrival_ts": 1758752950341}
{"action": "recv", "src": "EU-N59", "dst": "SA-N43", "hlc": {"phys": 1758752956162, "cnt": 0, "node": "EU-N59"}, "package_id": "PKG52950", "payload": {"status": "SENT"}, "sent_ts": 1758752950572, "arrival_ts": 1758752950713}
{"action": "recv", "src": "EU-N59", "dst": "SA-N43", "hlc": {"phys": 1758752956514, "cnt": 0, "node": "EU-N59"}, "package_id": "PKG52950", "payload": {"status": "IN_TRANSIT"}, "sent_ts": 1758752950924, "arrival_ts": 1758752951030}
{"action": "recv", "src": "EU-N59", "dst": "SA-N43", "hlc": {"phys": 1758752956832, "cnt": 0, "node": "EU-N59"}, "package_id": "PKG52950", "payload": {"status": "RECEIVED"}, "sent_ts": 1758752951242, "arrival_ts": 1758752951344}
{"action": "recv", "src": "EU-N59", "dst": "SA-N43", "hlc": {"phys": 1758752957142, "cnt": 0, "node": "EU-N59"}, "package_id": "PKG52950", "payload": {"status": "DELIVERED"}, "sent_ts": 1758752951552, "arrival_ts": 1758752951677}
{"action": "recv", "src": "AF-N28", "dst": "SA-N43", "hlc": {"phys": 1758753364082, "cnt": 0, "node": "AF-N28"}, "package_id": "PKG53348", "payload": {"status": "CREATED"}, "sent_ts": 1758753348802, "arrival_ts": 1758753348899}
{"action": "recv", "src": "AF-N28", "dst": "SA-N43", "hlc": {"phys": 1758753364394, "cnt": 0, "node": "AF-N28"}, "package_id": "PKG53348", "payload": {"status": "SENT"}, "sent_ts": 1758753349114, "arrival_ts": 1758753349226}
{"action": "recv", "src": "AF-N28", "dst": "SA-N43", "hlc": {"phys": 1758753364722, "cnt": 0, "node": "AF-N28"}, "package_id": "PKG53348", "payload": {"status": "IN_TRANSIT"}, "sent_ts": 1758753349442, "arrival_ts": 1758753349475}
{"action": "recv", "src": "AF-N28", "dst": "SA-N43", "hlc": {"phys": 1758753364938, "cnt": 0, "node": "AF-N28"}, "package_id": "PKG53348", "payload": {"status": "RECEIVED"}, "sent_ts": 1758753349658, "arrival_ts": 1758753349820}
{"action": "recv", "src": "AF-N28", "dst": "SA-N43", "hlc": {"phys": 1758753365312, "cnt": 0, "node": "AF-N28"}, "package_id": "PKG53348", "payload": {"status": "DELIVERED"}, "sent_ts": 1758753350032, "arrival_ts": 1758753350175}
{"action": "recv", "src": "AF-N102", "dst": "SA-N43", "hlc": {"phys": 1758753746978, "cnt": 0, "node": "AF-N102"}, "package_id": "PKG53730", "payload": {"status": "CREATED"}, "sent_ts": 1758753730958, "arrival_ts": 1758753731082}
{"action": "recv", "src": "AF-N102", "dst": "SA-N43", "hlc": {"phys": 1758753747315, "cnt": 0, "node": "AF-N102"}, "package_id": "PKG53730", "payload": {"status": "SENT"}, "sent_ts": 1758753731295, "arrival_ts": 1758753731324}
{"action": "recv", "src": "AF-N102", "dst": "SA-N43", "hlc": {"phys": 1758753747553, "cnt": 0, "node": "AF-N102"}, "package_id": "PKG53730", "payload": {"status": "IN_TRANSIT"}, "sent_ts": 1758753731533, "arrival_ts": 1758753731655}
{"action": "recv", "src": "AF-N102", "dst": "SA-N43", "hlc": {"phys": 1758753747865, "cnt": 0, "node": "AF-N102"}, "package_id": "PKG53730", "payload": {"status": "RECEIVED"}, "sent_ts": 1758753731845, "arrival_ts": 1758753731964}
{"action": "recv", "src": "AF-N102", "dst": "SA-N43", "hlc": {"phys": 1758753748201, "cnt": 0, "node": "AF-N102"}, "package_id": "PKG53730", "payload": {"status": "DELIVERED"}, "sent_ts": 1758753732181, "arrival_ts": 1758753732283}
{"action": "send", "src": "SA-N43", "dst": "AS-N100", "hlc": {"phys": 1758757731541, "cnt": 0, "node": "SA-N43"}, "package_id": "PKG57711", "payload": {"status": "CREATED"}, "sent_ts": 1758757711111, "arrival_ts": 1758757711111}
{"action": "send", "src": "SA-N43", "dst": "AS-N100", "hlc": {"phys": 1758757731930, "cnt": 0, "node": "SA-N43"}, "package_id": "PKG57711", "payload": {"status": "SENT"}, "sent_ts": 1758757711500, "arrival_ts": 1758757711500}
{"action": "send", "src": "SA-N43", "dst": "AS-N100", "hlc": {"phys": 1758757732335, "cnt": 0, "node": "SA-N43"}, "package_id": "PKG57711", "payload": {"status": "IN_TRANSIT"}, "sent_ts": 1758757711905, "arrival_ts": 1758757711905}
{"action": "send", "src": "SA-N43", "dst": "AS-N100", "hlc": {"phys": 1758757732721, "cnt": 0, "node": "SA-N43"}, "package_id": "PKG57711", "payload": {"status": "RECEIVED"}, "sent_ts": 1758757712291, "arrival_ts": 1758757712291}
{"action": "send", "src": "SA-N43", "dst": "AS-N100", "hlc": {"phys": 1758757733000, "cnt": 0, "node": "SA-N43"}, "package_id": "PKG57711", "payload": {"status": "DELIVERED"}, "sent_ts": 1758757712570, "arrival_ts": 1758757712571}
{"action": "send", "src": "SA-N43", "dst": "EU-N167", "hlc": {"phys": 1758761631804, "cnt": 0, "node": "SA-N43"}, "package_id": "PKG61611", "payload": {"status": "CREATED"}, "sent_ts": 1758761611374, "arrival_ts": 1758761611374}
{"action": "send", "src": "SA-N43", "dst": "EU-N167", "hlc": {"phys": 1758761632113, "cnt": 0, "node": "SA-N43"}, "package_id": "PKG61611", "payload": {"status": "SENT"}, "sent_ts": 1758761611683, "arrival_ts": 1758761611683}
{"action": "send", "src": "SA-N43", "dst": "EU-N167", "hlc": {"phys": 1758761632423, "cnt": 0, "node": "SA-N43"}, "package_id": "PKG61611", "payload": {"status": "IN_TRANSIT"}, "sent_ts": 1758761611993, "arrival_ts": 1758761611993}
{"action": "send", "src": "SA-N43", "dst": "EU-N167", "hlc": {"phys": 1758761632749, "cnt": 0, "node": "SA-N43"}, "package_id": "PKG61611", "payload": {"status": "RECEIVED"}, "sent_ts": 1758761612319, "arrival_ts": 1758761612319}
{"action": "send", "src": "SA-N43", "dst": "EU-N167", "hlc": {"phys": 1758761633090, "cnt": 0, "node": "SA-N43"}, "package_id": "PKG61611", "payload": {"status": "DELIVERED"}, "sent_ts": 1758761612660, "arrival_ts": 1758761612660}
{"action": "recv", "src": "EU-N131", "dst": "SA-N43", "hlc": {"phys": 1758763008294, "cnt": 0, "node": "EU-N131"}, "package_id": "PKG63001", "payload": {"status": "CREATED"}, "sent_ts": 1758763001984, "arrival_ts": 1758763002054}
{"action": "recv", "src": "EU-N131", "dst": "SA-N43", "hlc": {"phys": 1758763008587, "cnt": 0, "node": "EU-N131"}, "package_id": "PKG63001", "payload": {"status": "SENT"}, "sent_ts": 1758763002277, "arrival_ts": 1758763002352}
{"action": "recv", "src": "EU-N131", "dst": "SA-N43", "hlc": {"phys": 1758763008876, "cnt": 0, "node": "EU-N131"}, "package_id": "PKG63001", "payload": {"status": "IN_TRANSIT"}, "sent_ts": 1758763002566, "arrival_ts": 1758763002675}
{"action": "recv", "src": "EU-N131", "dst": "SA-N43", "hlc": {"phys": 1758763009196, "cnt": 0, "node": "EU-N131"}, "package_id": "PKG63001", "payload": {"status": "RECEIVED"}, "sent_ts": 1758763002886, "arrival_ts": 1758763003088}
{"action": "recv", "src": "EU-N131", "dst": "SA-N43", "hlc": {"phys": 1758763009592, "cnt": 0, "node": "EU-N131"}, "package_id": "PKG63001", "payload": {"status": "DELIVERED"}, "sent_ts": 1758763003282, "arrival_ts": 1758763003417}
{"action": "send", "src": "SA-N43", "dst": "AN-N57", "hlc": {"phys": 1758764093440, "cnt": 0, "node": "SA-N43"}, "package_id": "PKG64073", "payload": {"status": "CREATED"}, "sent_ts": 1758764073010, "arrival_ts": 1758764073010}
{"action": "send", "src": "SA-N43", "dst": "AN-N57", "hlc": {"phys": 1758764093767, "cnt": 0, "node": "SA-N43"}, "package_id": "PKG64073", "payload": {"status": "SENT"}, "sent_ts": 1758764073337, "arrival_ts": 1758764073337}
{"action": "send", "src": "SA-N43", "dst": "AN-N57", "hlc": {"phys": 1758764094014, "cnt": 0, "node": "SA-N43"}, "package_id": "PKG64073", "payload": {"status": "IN_TRANSIT"}, "sent_ts": 1758764073584, "arrival_ts": 1758764073584}
{"action": "send", "src": "SA-N43", "dst": "AN-N57", "hlc": {"phys": 1758764094326, "cnt": 0, "node": "SA-N43"}, "package_id": "PKG64073", "payload": {"status": "RECEIVED"}, "sent_ts": 1758764073896, "arrival_ts": 1758764073896}
{"action": "send", "src": "SA-N43", "dst": "AN-N57", "hlc": {"phys": 1758764094668, "cnt": 0, "node": "SA-N43"}, "package_id": "PKG64073", "payload": {"status": "DELIVERED"}, "sent_ts": 1758764074238, "arrival_ts": 1758764074238}
{"action": "send", "src": "SA-N43", "dst": "NA-N91", "hlc": {"phys": 1758800011702, "cnt": 0, "node": "SA-N43"}, "package_id": "PKG99991", "payload": {"status": "CREATED"}, "sent_ts": 1758799991272, "arrival_ts": 1758799991272}
{"action": "send", "src": "SA-N43", "dst": "NA-N91", "hlc": {"phys": 1758800011961, "cnt": 0, "node": "SA-N43"}, "package_id": "PKG99991", "payload": {"status": "SENT"}, "sent_ts": 1758799991531, "arrival_ts": 1758799991531}
{"action": "send", "src": "SA-N43", "dst": "NA-N91", "hlc": {"phys": 1758800012203, "cnt": 0, "node": "SA-N43"}, "package_id": "PKG99991", "payload": {"status": "IN_TRANSIT"}, "sent_ts": 1758799991773, "arrival_ts": 1758799991773}
{"action": "send", "src": "SA-N43", "dst": "NA-N91", "hlc": {"phys": 1758800012518, "cnt": 0, "node": "SA-N43"}, "package_id": "PKG99991", "payload": {"status": "RECEIVED"}, "sent_ts": 1758799992088, "arrival_ts": 1758799992088}
{"action": "send", "src": "SA-N43", "dst": "NA-N91", "hlc": {"phys": 1758800012884, "cnt": 0, "node": "SA-N43"}, "package_id": "PKG99991", "payload": {"status": "DELIVERED"}, "sent_ts": 1758799992454, "arrival_ts": 1758799992454}
{"action": "recv", "src": "SA-N184", "dst": "SA-N43", "hlc": {"phys": 1758800305187, "cnt": 0, "node": "SA-N184"}, "package_id": "PKG283", "payload": {"status": "CREATED"}, "sent_ts": 1758800283347, "arrival_ts": 1758800283476}
{"action": "recv", "src": "SA-N184", "dst": "SA-N43", "hlc": {"phys": 1758800305526, "cnt": 0, "node": "SA-N184"}, "package_id": "PKG283", "payload": {"status": "SENT"}, "sent_ts": 1758800283686, "arrival_ts": 1758800283822}
{"action": "recv", "src": "SA-N184", "dst": "SA-N43", "hlc": {"phys": 1758800305869, "cnt": 0, "node": "SA-N184"}, "package_id": "PKG283", "payload": {"status": "IN_TRANSIT"}, "sent_ts": 1758800284029, "arrival_ts": 1758800284162}
{"action": "recv", "src": "SA-N184", "dst": "SA-N43", "hlc": {"phys": 1758800306209, "cnt": 0, "node": "SA-N184"}, "package_id": "PKG283", "payload": {"status": "RECEIVED"}, "sent_ts": 1758800284369, "arrival_ts": 1758800284549}
{"action": "recv", "src": "SA-N184", "dst": "SA-N43", "hlc": {"phys": 1758800306598, "cnt": 0, "node": "SA-N184"}, "package_id": "PKG283", "payload": {"status": "DELIVERED"}, "sent_ts": 1758800284758, "arrival_ts": 1758800284868}
{"action": "recv", "src": "SA-N44", "dst": "SA-N43", "hlc": {"phys": 1758804318242, "cnt": 0, "node": "SA-N44"}, "package_id": "PKG4297", "payload": {"status": "CREATED"}, "sent_ts": 1758804297802, "arrival_ts": 1758804297858}
{"action": "recv", "src": "SA-N44", "dst": "SA-N43", "hlc": {"phys": 1758804318511, "cnt": 0, "node": "SA-N44"}, "package_id": "PKG4297", "payload": {"status": "SENT"}, "sent_ts": 1758804298071, "arrival_ts": 1758804298100}
{"action": "recv", "src": "SA-N44", "dst": "SA-N43", "hlc": {"phys": 1758804318740, "cnt": 0, "node": "SA-N44"}, "package_id": "PKG4297", "payload": {"status": "IN_TRANSIT"}, "sent_ts": 1758804298300, "arrival_ts": 1758804298335}
{"action": "recv", "src": "SA-N44", "dst": "SA-N43", "hlc": {"phys": 1758804318985, "cnt": 0, "node": "SA-N44"}, "package_id": "PKG4297", "payload": {"status": "RECEIVED"}, "sent_ts": 1758804298545, "arrival_ts": 1758804298705}
{"action": "recv", "src": "SA-N44", "dst": "SA-N43", "hlc": {"phys": 1758804319359, "cnt": 0, "node": "SA-N44"}, "package_id": "PKG4297", "payload": {"status": "DELIVERED"}, "sent_ts": 1758804298919, "arrival_ts": 1758804299003}
{"action": "recv", "src": "SA-N31", "dst": "SA-N43", "hlc": {"phys": 1758805813110, "cnt": 0, "node": "SA-N31"}, "package_id": "PKG5792", "payload": {"status": "CREATED"}, "sent_ts": 1758805792800, "arrival_ts": 1758805792950}
{"action": "recv", "src": "SA-N31", "dst": "SA-N43", "hlc": {"phys": 1758805813451, "cnt": 0, "node": "SA-N31"}, "package_id": "PKG5792", "payload": {"status": "SENT"}, "sent_ts": 1758805793141, "arrival_ts": 1758805793238}
{"action": "recv", "src": "SA-N31", "dst": "SA-N43", "hlc": {"phys": 1758805813758, "cnt": 0, "node": "SA-N31"}, "package_id": "PKG5792", "payload": {"status": "IN_TRANSIT"}, "sent_ts": 1758805793448, "arrival_ts": 1758805793528}
{"action": "recv", "src": "SA-N31", "dst": "SA-N43", "hlc": {"phys": 1758805814050, "cnt": 0, "node": "SA-N31"}, "package_id": "PKG5792", "payload": {"status": "RECEIVED"}, "sent_ts": 1758805793740, "arrival_ts": 1758805793769}
{"action": "recv", "src": "SA-N31", "dst": "SA-N43", "hlc": {"phys": 1758805814282, "cnt": 0, "node": "SA-N31"}, "package_id": "PKG5792", "payload": {"status": "DELIVERED"}, "sent_ts": 1758805793972, "arrival_ts": 1758805794167}
{"action": "send", "src": "SA-N43", "dst": "AS-N183", "hlc": {"phys": 1758810368840, "cnt": 0, "node": "SA-N43"}, "package_id": "PKG10348", "payload": {"status": "CREATED"}, "sent_ts": 1758810348410, "arrival_ts": 1758810348410}
{"action": "send", "src": "SA-N43", "dst": "AS-N183", "hlc": {"phys": 1758810369180, "cnt": 0, "node": "SA-N43"}, "package_id": "PKG10348", "payload": {"status": "SENT"}, "sent_ts": 1758810348750, "arrival_ts": 1758810348750}
{"action": "send", "src": "SA-N43", "dst": "AS-N183", "hlc": {"phys": 1758810369551, "cnt": 0, "node": "SA-N43"}, "package_id": "PKG10348", "payload": {"status": "IN_TRANSIT"}, "sent_ts": 1758810349121, "arrival_ts": 1758810349121}
{"action": "send", "src": "SA-N43", "dst": "AS-N183", "hlc": {"phys": 1758810369909, "cnt": 0, "node": "SA-N43"}, "package_id": "PKG10348", "payload": {"status": "RECEIVED"}, "sent_ts": 1758810349479, "arrival_ts": 1758810349479}
{"action": "send", "src": "SA-N43", "dst": "AS-N183", "hlc": {"phys": 1758810370219, "cnt": 0, "node": "SA-N43"}, "package_id": "PKG10348", "payload": {"status": "DELIVERED"}, "sent_ts": 1758810349789, "arrival_ts": 1758810349789}
{"action": "send", "src": "SA-N43", "dst": "SA-N163", "hlc": {"phys": 1758810713420, "cnt": 0, "node": "SA-N43"}, "package_id": "PKG10692", "payload": {"status": "CREATED"}, "sent_ts": 1758810692990, "arrival_ts": 1758810692990}
{"action": "send", "src": "SA-N43", "dst": "SA-N163", "hlc": {"phys": 1758810713670, "cnt": 0, "node": "SA-N43"}, "package_id": "PKG10692", "payload": {"status": "SENT"}, "sent_ts": 1758810693240, "arrival_ts": 1758810693240}
{"action": "send", "src": "SA-N43", "dst": "SA-N163", "hlc": {"phys": 1758810713963, "cnt": 0, "node": "SA-N43"}, "package_id": "PKG10692", "payload": {"status": "IN_TRANSIT"}, "sent_ts": 1758810693533, "arrival_ts": 1758810693533}
{"action": "send", "src": "SA-N43", "dst": "SA-N163", "hlc": {"phys": 1758810714321, "cnt": 0, "node": "SA-N43"}, "package_id": "PKG10692", "payload": {"status": "RECEIVED"}, "sent_ts": 1758810693891, "arrival_ts": 1758810693891}
{"action": "send", "src": "SA-N43", "dst": "SA-N163", "hlc": {"phys": 1758810714554, "cnt": 0, "node": "SA-N43"}, "package_id": "PKG10692", "payload": {"status": "DELIVERED"}, "sent_ts": 1758810694124, "arrival_ts": 1758810694124}
{"action": "recv", "src": "AU-N160", "dst": "SA-N43", "hlc": {"phys": 1758811926357, "cnt": 0, "node": "AU-N160"}, "package_id": "PKG11899", "payload": {"status": "CREATED"}, "sent_ts": 1758811899757, "arrival_ts": 1758811899810}
{"action": "recv", "src": "AU-N160", "dst": "SA-N43", "hlc": {"phys": 1758811926623, "cnt": 0, "node": "AU-N160"}, "package_id": "PKG11899", "payload": {"status": "SENT"}, "sent_ts": 1758811900023, "arrival_ts": 1758811900144}
{"action": "recv", "src": "AU-N160", "dst": "SA-N43", "hlc": {"phys": 1758811926960, "cnt": 0, "node": "AU-N160"}, "package_id": "PKG11899", "payload": {"status": "IN_TRANSIT"}, "sent_ts": 1758811900360, "arrival_ts": 1758811900390}
{"action": "recv", "src": "AU-N160", "dst": "SA-N43", "hlc": {"phys": 1758811927194, "cnt": 0, "node": "AU-N160"}, "package_id": "PKG11899", "payload": {"status": "RECEIVED"}, "sent_ts": 1758811900594, "arrival_ts": 1758811900738}
{"action": "recv", "src": "AU-N160", "dst": "SA-N43", "hlc": {"phys": 1758811927551, "cnt": 0, "node": "AU-N160"}, "package_id": "PKG11899", "payload": {"status": "DELIVERED"}, "sent_ts": 1758811900951, "arrival_ts": 1758811901065}
{"action": "send", "src": "SA-N43", "dst": "AS-N93", "hlc": {"phys": 1758816239934, "cnt": 0, "node": "SA-N43"}, "package_id": "PKG16219", "payload": {"status": "CREATED"}, "sent_ts": 1758816219504, "arrival_ts": 1758816219504}
{"action": "send", "src": "SA-N43", "dst": "AS-N93", "hlc": {"phys": 1758816240230, "cnt": 0, "node": "SA-N43"}, "package_id": "PKG16219", "payload": {"status": "SENT"}, "sent_ts": 1758816219800, "arrival_ts": 1758816219800}
{"action": "send", "src": "SA-N43", "dst": "AS-N93", "hlc": {"phys": 1758816240477, "cnt": 0, "node": "SA-N43"}, "package_id": "PKG16219", "payload": {"status": "IN_TRANSIT"}, "sent_ts": 1758816220047, "arrival_ts": 1758816220047}
{"action": "send", "src": "SA-N43", "dst": "AS-N93", "hlc": {"phys": 1758816240788, "cnt": 0, "node": "SA-N43"}, "package_id": "PKG16219", "payload": {"status": "RECEIVED"}, "sent_ts": 1758816220358, "arrival_ts": 1758816220358}
{"action": "send", "src": "SA-N43", "dst": "AS-N93", "hlc": {"phys": 1758816241081, "cnt": 0, "node": "SA-N43"}, "package_id": "PKG16219", "payload": {"status": "DELIVERED"}, "sent_ts": 1758816220651, "arrival_ts": 1758816220651}
