{"action": "recv", "src": "AS-N52", "dst": "SA-N16", "hlc": {"phys": 1758712801395, "cnt": 0, "node": "AS-N52"}, "package_id": "PKG12790", "payload": {"status": "CREATED"}, "sent_ts": 1758712790875, "arrival_ts": 1758712791074}
{"action": "recv", "src": "AS-N52", "dst": "SA-N16", "hlc": {"phys": 1758712801796, "cnt": 0, "node": "AS-N52"}, "package_id": "PKG12790", "payload": {"status": "SENT"}, "sent_ts": 1758712791276, "arrival_ts": 1758712791376}
{"action": "recv", "src": "AS-N52", "dst": "SA-N16", "hlc": {"phys": 1758712802106, "cnt": 0, "node": "AS-N52"}, "package_id": "PKG12790", "payload": {"status": "IN_TRANSIT"}, "sent_ts": 1758712791586, "arrival_ts": 1758712791638}
{"action": "recv", "src": "AS-N52", "dst": "SA-N16", "hlc": {"phys": 1758712802368, "cnt": 0, "node": "AS-N52"}, "package_id": "PKG12790", "payload": {"status": "RECEIVED"}, "sent_ts": 1758712791848, "arrival_ts": 1758712791893}
{"action": "recv", "src": "AS-N52", "dst": "SA-N16", "hlc": {"phys": 1758712802612, "cnt": 0, "node": "AS-N52"}, "package_id": "PKG12790", "payload": {"status": "DELIVERED"}, "sent_ts": 1758712792092, "arrival_ts": 1758712792136}
{"action": "send", "src": "SA-N16", "dst": "AN-N28", "hlc": {"phys": 1758717306886, "cnt": 0, "node": "SA-N16"}, "package_id": "PKG17286", "payload": {"status": "CREATED"}, "sent_ts": 1758717286726, "arrival_ts": 1758717286726}
{"action": "send", "src": "SA-N16", "dst": "AN-N28", "hlc": {"phys": 1758717307189, "cnt": 0, "node": "SA-N16"}, "package_id": "PKG17286", "payload": {"status": "SENT"}, "sent_ts": 1758717287029, "arrival_ts": 1758717287029}
{"action": "send", "src": "SA-N16", "dst": "AN-N28", "hlc": {"phys": 1758717307580, "cnt": 0, "node": "SA-N16"}, "package_id": "PKG17286", "payload": {"status": "IN_TRANSIT"}, "sent_ts": 1758717287420, "arrival_ts": 1758717287420}
{"action": "send", "src": "SA-N16", "dst": "AN-N28", "hlc": {"phys": 1758717307895, "cnt": 0, "node": "SA-N16"}, "package_id": "PKG17286", "payload": {"status": "RECEIVED"}, "sent_ts": 1758717287735, "arrival_ts": 1758717287735}
{"action": "send", "src": "SA-N16", "dst": "AN-N28", "hlc": {"phys": 1758717308230, "cnt": 0, "node": "SA-N16"}, "package_id": "PKG17286", "payload": {"status": "DELIVERED"}, "sent_ts": 1758717288070, "arrival_ts": 1758717288070}
{"action": "send", "src": "SA-N16", "dst": "AN-N198", "hlc": {"phys": 1758717447753, "cnt": 0, "node": "SA-N16"}, "package_id": "PKG17427", "payload": {"status": "CREATED"}, "sent_ts": 1758717427593, "arrival_ts": 1758717427593}
{"action": "send", "src": "SA-N16", "dst": "AN-N198", "hlc": {"phys": 1758717448124, "cnt": 0, "node": "SA-N16"}, "package_id": "PKG17427", "payload": {"status": "SENT"}, "sent_ts": 1758717427964, "arrival_ts": 1758717427964}
{"action": "send", "src": "SA-N16", "dst": "AN-N198", "hlc": {"phys": 1758717448367, "cnt": 0, "node": "SA-N16"}, "package_id": "PKG17427", "payload": {"status": "IN_TRANSIT"}, "sent_ts": 1758717428207, "arrival_ts": 1758717428207}
{"action": "send", "src": "SA-N16", "dst": "AN-N198", "hlc": {"phys": 1758717448776, "cnt": 0, "node": "SA-N16"}, "package_id": "PKG17427", "payload": {"status": "RECEIVED"}, "sent_ts": 1758717428616, "arrival_ts": 1758717428616}
{"action": "send", "src": "SA-N16", "dst": "AN-N198", "hlc": {"phys": 1758717449170, "cnt": 0, "node": "SA-N16"}, "package_id": "PKG17427", "payload": {"status": "DELIVERED"}, "sent_ts": 1758717429010, "arrival_ts": 1758717429010}
{"action": "send", "src": "SA-N16", "dst": "AU-N141", "hlc": {"phys": 1758740062680, "cnt": 0, "node": "SA-N16"}, "package_id": "PKG40042", "payload": {"status": "CREATED"}, "sent_ts": 1758740042520, "arrival_ts": 1758740042520}
{"action": "send", "src": "SA-N16", "dst": "AU-N141", "hlc": {"phys": 1758740062959, "cnt": 0, "node": "SA-N16"}, "package_id": "PKG40042", "payload": {"status": "SENT"}, "sent_ts": 1758740042799, "arrival_ts": 1758740042799}
{"action": "send", "src": "SA-N16", "dst": "AU-N141", "hlc": {"phys": 1758740063209, "cnt": 0, "node": "SA-N16"}, "package_id": "PKG40042", "payload": {"status": "IN_TRANSIT"}, "sent_ts": 1758740043049, "arrival_ts": 1758740043049}
{"action": "send", "src": "SA-N16", "dst": "AU-N141", "hlc": {"phys": 1758740063545, "cnt": 0, "node": "SA-N16"}, "package_id": "PKG40042", "payload": {"status": "RECEIVED"}, "sent_ts": 1758740043385, "arrival_ts": 1758740043385}
{"action": "send", "src": "SA-N16", "dst": "AU-N141", "hlc": {"phys": 1758740063884, "cnt": 0, "node": "SA-N16"}, "package_id": "PKG40042", "payload": {"status": "DELIVERED"}, "sent_ts": 1758740043724, "arrival_ts": 1758740043724}
{"action": "send", "src": "SA-N16", "dst": "SA-N148", "hlc": {"phys": 1758742021135, "cnt": 0, "node": "SA-N16"}, "package_id": "PKG42000", "payload": {"status": "CREATED"}, "sent_ts": 1758742000975, "arrival_ts": 1758742000975}
{"action": "send", "src": "SA-N16", "dst": "SA-N148", "hlc": {"phys": 1758742021466, "cnt": 0, "node": "SA-N16"}, "package_id": "PKG42000", "payload": {"status": "SENT"}, "sent_ts": 1758742001306, "arrival_ts": 1758742001306}
{"action": "send", "src": "SA-N16", "dst": "SA-N148", "hlc": {"phys": 1758742021864, "cnt": 0, "node": "SA-N16"}, "package_id": "PKG42000", "payload": {"status": "IN_TRANSIT"}, "sent_ts": 1758742001704, "arrival_ts": 1758742001704}
{"action": "send", "src": "SA-N16", "dst": "SA-N148", "hlc": {"phys": 1758742022234, "cnt": 0, "node": "SA-N16"}, "package_id": "PKG42000", "payload": {"status": "RECEIVED"}, "sent_ts": 1758742002074, "arrival_ts": 1758742002074}
{"action": "send", "src": "SA-N16", "dst": "SA-N148", "hlc": {"phys": 1758742022547, "cnt": 0, "node": "SA-N16"}, "package_id": "PKG42000", "payload": {"status": "DELIVERED"}, "sent_ts": 1758742002386, "arrival_ts": 1758742002387}
{"action": "recv", "src": "NA-N108", "dst": "SA-N16", "hlc": {"phys": 1758744827533, "cnt": 0, "node": "NA-N108"}, "package_id": "PKG44826", "payload": {"status": "CREATED"}, "sent_ts": 1758744826453, "arrival_ts": 1758744826570}
{"action": "recv", "src": "NA-N108", "dst": "SA-N16", "hlc": {"phys": 1758744827846, "cnt": 0, "node": "NA-N108"}, "package_id": "PKG44826", "payload": {"status": "SENT"}, "sent_ts": 1758744826766, "arrival_ts": 1758744826794}
{"action": "recv", "src": "NA-N108", "dst": "SA-N16", "hlc": {"phys": 1758744828062, "cnt": 0, "node": "NA-N108"}, "package_id": "PKG44826", "payload": {"status": "IN_TRANSIT"}, "sent_ts": 1758744826982, "arrival_ts": 1758744827176}
{"action": "recv", "src": "NA-N108", "dst": "SA-N16", "hlc": {"phys": 1758744828472, "cnt": 0, "node": "NA-N108"}, "package_id": "PKG44826", "payload": {"status": "RECEIVED"}, "sent_ts": 1758744827392, "arrival_ts": 1758744827441}
{"action": "recv", "src": "NA-N108", "dst": "SA-N16", "hlc": {"phys": 1758744828738, "cnt": 0, "node": "NA-N108"}, "package_id": "PKG44826", "payload": {"status": "DELIVERED"}, "sent_ts": 1758744827658, "arrival_ts": 1758744827729}
{"action": "send", "src": "SA-N16", "dst": "EU-N30", "hlc": {"phys": 1758745205062, "cnt": 0, "node": "SA-N16"}, "package_id": "PKG45184", "payload": {"status": "CREATED"}, "sent_ts": 1758745184902, "arrival_ts": 1758745184902}
{"action": "send", "src": "SA-N16", "dst": "EU-N30", "hlc": {"phys": 1758745205325, "cnt": 0, "node": "SA-N16"}, "package_id": "PKG45184", "payload": {"status": "SENT"}, "sent_ts": 1758745185165, "arrival_ts": 1758745185165}
{"action": "send", "src": "SA-N16", "dst": "EU-N30", "hlc": {"phys": 1758745205576, "cnt": 0, "node": "SA-N16"}, "package_id": "PKG45184", "payload": {"status": "IN_TRANSIT"}, "sent_ts": 1758745185416, "arrival_ts": 1758745185416}
{"action": "send", "src": "SA-N16", "dst": "EU-N30", "hlc": {"phys": 1758745205940, "cnt": 0, "node": "SA-N16"}, "package_id": "PKG45184", "payload": {"status": "RECEIVED"}, "sent_ts": 1758745185780, "arrival_ts": 1758745185780}
{"action": "send", "src": "SA-N16", "dst": "EU-N30", "hlc": {"phys": 1758745206250, "cnt": 0, "node": "SA-N16"}, "package_id": "PKG45184", "payload": {"status": "DELIVERED"}, "sent_ts": 1758745186090, "arrival_ts": 1758745186090}
{"action": "recv", "src": "EU-N71", "dst": "SA-N16", "hlc": {"phys": 1758745630252, "cnt": 0, "node": "EU-N71"}, "package_id": "PKG45624", "payload": {"status": "CREATED"}, "sent_ts": 1758745624542, "arrival_ts": 1758745624659}
{"action": "recv", "src": "EU-N71", "dst": "SA-N16", "hlc": {"phys": 1758745630581, "cnt": 0, "node": "EU-N71"}, "package_id": "PKG45624", "payload": {"status": "SENT"}, "sent_ts": 1758745624871, "arrival_ts": 1758745624977}
{"action": "recv", "src": "EU-N71", "dst": "SA-N16", "hlc": {"phys": 1758745630891, "cnt": 0, "node": "EU-N71"}, "package_id": "PKG45624", "payload": {"status": "IN_TRANSIT"}, "sent_ts": 1758745625181, "arrival_ts": 1758745625288}
{"action": "recv", "src": "EU-N71", "dst": "SA-N16", "hlc": {"phys": 1758745631211, "cnt": 0, "node": "EU-N71"}, "package_id": "PKG45624", "payload": {"status": "RECEIVED"}, "sent_ts": 1758745625501, "arrival_ts": 1758745625613}
{"action": "recv", "src": "EU-N71", "dst": "SA-N16", "hlc": {"phys": 1758745631521, "cnt": 0, "node": "EU-N71"}, "package_id": "PKG45624", "payload": {"status": "DELIVERED"}, "sent_ts": 1758745625811, "arrival_ts": 1758745625981}
{"action": "recv", "src": "NA-N12", "dst": "SA-N16", "hlc": {"phys": 1758746601338, "cnt": 0, "node": "NA-N12"}, "package_id": "PKG46601", "payload": {"status": "CREATED"}, "sent_ts": 1758746601218, "arrival_ts": 1758746601293}
{"action": "recv", "src": "NA-N12", "dst": "SA-N16", "hlc": {"phys": 1758746601630, "cnt": 0, "node": "NA-N12"}, "package_id": "PKG46601", "payload": {"status": "SENT"}, "sent_ts": 1758746601510, "arrival_ts": 1758746601604}
{"action": "recv", "src": "NA-N12", "dst": "SA-N16", "hlc": {"phys": 1758746601923, "cnt": 0, "node": "NA-N12"}, "package_id": "PKG46601", "payload": {"status": "IN_TRANSIT"}, "sent_ts": 1758746601803, "arrival_ts": 1758746601933}
{"action": "recv", "src": "NA-N12", "dst": "SA-N16", "hlc": {"phys": 1758746602245, "cnt": 0, "node": "NA-N12"}, "package_id": "PKG46601", "payload": {"status": "RECEIVED"}, "sent_ts": 1758746602125, "arrival_ts": 1758746602316}
{"action": "recv", "src": "NA-N12", "dst": "SA-N16", "hlc": {"phys": 1758746602645, "cnt": 0, "node": "NA-N12"}, "package_id": "PKG46601", "payload": {"status": "DELIVERED"}, "sent_ts": 1758746602525, "arrival_ts": 1758746602609}
{"action": "send", "src": "SA-N16", "dst": "EU-N161", "hlc": {"phys": 1758746986932, "cnt": 0, "node": "SA-N16"}, "package_id": "PKG46966", "payload": {"status": "CREATED"}, "sent_ts": 1758746966772, "arrival_ts": 1758746966772}
{"action": "send", "src": "SA-N16", "dst": "EU-N161", "hlc": {"phys": 1758746987202, "cnt": 0, "node": "SA-N16"}, "package_id": "PKG46966", "payload": {"status": "SENT"}, "sent_ts": 1758746967042, "arrival_ts": 1758746967042}
{"action": "send", "src": "SA-N16", "dst": "EU-N161", "hlc": {"phys": 1758746987497, "cnt": 0, "node": "SA-N16"}, "package_id": "PKG46966", "payload": {"status": "IN_TRANSIT"}, "sent_ts": 1758746967337, "arrival_ts": 1758746967337}
{"action": "send", "src": "SA-N16", "dst": "EU-N161", "hlc": {"phys": 1758746987848, "cnt": 0, "node": "SA-N16"}, "package_id": "PKG46966", "payload": {"status": "RECEIVED"}, "sent_ts": 1758746967688, "arrival_ts": 1758746967688}
{"action": "send", "src": "SA-N16", "dst": "EU-N161", "hlc": {"phys": 1758746988184, "cnt": 0, "node": "SA-N16"}, "package_id": "PKG46966", "payload": {"status": "DELIVERED"}, "sent_ts": 1758746968024, "arrival_ts": 1758746968024}
{"action": "recv", "src": "AF-N14", "dst": "SA-N16", "hlc": {"phys": 1758747610702, "cnt": 0, "node": "AF-N14"}, "package_id": "PKG47595", "payload": {"status": "CREATED"}, "sent_ts": 1758747595562, "arrival_ts": 1758747595658}
{"action": "recv", "src": "AF-N14", "dst": "SA-N16", "hlc": {"phys": 1758747611013, "cnt": 0, "node": "AF-N14"}, "package_id": "PKG47595", "payload": {"status": "SENT"}, "sent_ts": 1758747595873, "arrival_ts": 1758747595911}
{"action": "recv", "src": "AF-N14", "dst": "SA-N16", "hlc": {"phys": 1758747611272, "cnt": 0, "node": "AF-N14"}, "package_id": "PKG47595", "payload": {"status": "IN_TRANSIT"}, "sent_ts": 1758747596132, "arrival_ts": 1758747596146}
{"action": "recv", "src": "AF-N14", "dst": "SA-N16", "hlc": {"phys": 1758747611494, "cnt": 0, "node": "AF-N14"}, "package_id": "PKG47595", "payload": {"status": "RECEIVED"}, "sent_ts": 1758747596354, "arrival_ts": 1758747596486}
{"action": "recv", "src": "AF-N14", "dst": "SA-N16", "hlc": {"phys": 1758747611844, "cnt": 0, "node": "AF-N14"}, "package_id": "PKG47595", "payload": {"status": "DELIVERED"}, "sent_ts": 1758747596704, "arrival_ts": 1758747596879}
{"action": "send", "src": "SA-N16", "dst": "AS-N28", "hlc": {"phys": 1758749708726, "cnt": 0, "node": "SA-N16"}, "package_id": "PKG49688", "payload": {"status": "CREATED"}, "sent_ts": 1758749688566, "arrival_ts": 1758749688566}
{"action": "send", "src": "SA-N16", "dst": "AS-N28", "hlc": {"phys": 1758749709082, "cnt": 0, "node": "SA-N16"}, "package_id": "PKG49688", "payload": {"status": "SENT"}, "sent_ts": 1758749688922, "arrival_ts": 1758749688922}
{"action": "send", "src": "SA-N16", "dst": "AS-N28", "hlc": {"phys": 1758749709408, "cnt": 0, "node": "SA-N16"}, "package_id": "PKG49688", "payload": {"status": "IN_TRANSIT"}, "sent_ts": 1758749689248, "arrival_ts": 1758749689248}
{"action": "send", "src": "SA-N16", "dst": "AS-N28", "hlc": {"phys": 1758749709687, "cnt": 0, "node": "SA-N16"}, "package_id": "PKG49688", "payload": {"status": "RECEIVED"}, "sent_ts": 1758749689527, "arrival_ts": 1758749689527}
{"action": "send", "src": "SA-N16", "dst": "AS-N28", "hlc": {"phys": 1758749709962, "cnt": 0, "node": "SA-N16"}, "package_id": "PKG49688", "payload": {"status": "DELIVERED"}, "sent_ts": 1758749689802, "arrival_ts": 1758749689802}
{"action": "recv", "src": "EU-N46", "dst": "SA-N16", "hlc": {"phys": 1758753329747, "cnt": 0, "node": "EU-N46"}, "package_id": "PKG53324", "payload": {"status": "CREATED"}, "sent_ts": 1758753324287, "arrival_ts": 1758753324420}
{"action": "recv", "src": "EU-N46", "dst": "SA-N16", "hlc": {"phys": 1758753330092, "cnt": 0, "node": "EU-N46"}, "package_id": "PKG53324", "payload": {"status": "SENT"}, "sent_ts": 1758753324632, "arrival_ts": 1758753324689}
{"action": "recv", "src": "EU-N46", "dst": "SA-N16", "hlc": {"phys": 1758753330352, "cnt": 0, "node": "EU-N46"}, "package_id": "PKG53324", "payload": {"status": "IN_TRANSIT"}, "sent_ts": 1758753324892, "arrival_ts": 1758753324927}
{"action": "recv", "src": "EU-N46", "dst": "SA-N16", "hlc": {"phys": 1758753330587, "cnt": 0, "node": "EU-N46"}, "package_id": "PKG53324", "payload": {"status": "RECEIVED"}, "sent_ts": 1758753325127, "arrival_ts": 1758753325326}
{"action": "recv", "src": "EU-N46", "dst": "SA-N16", "hlc": {"phys": 1758753330994, "cnt": 0, "node": "EU-N46"}, "package_id": "PKG53324", "payload": {"status": "DELIVERED"}, "sent_ts": 1758753325534, "arrival_ts": 1758753325602}
{"action": "send", "src": "SA-N16", "dst": "SA-N64", "hlc": {"phys": 1758754124515, "cnt": 0, "node": "SA-N16"}, "package_id": "PKG54104", "payload": {"status": "CREATED"}, "sent_ts": 1758754104355, "arrival_ts": 1758754104355}
{"action": "send", "src": "SA-N16", "dst": "SA-N64", "hlc": {"phys": 1758754124773, "cnt": 0, "node": "SA-N16"}, "package_id": "PKG54104", "payload": {"status": "SENT"}, "sent_ts": 1758754104613, "arrival_ts": 1758754104613}
{"action": "send", "src": "SA-N16", "dst": "SA-N64", "hlc": {"phys": 1758754125174, "cnt": 0, "node": "SA-N16"}, "package_id": "PKG54104", "payload": {"status": "IN_TRANSIT"}, "sent_ts": 1758754105014, "arrival_ts": 1758754105014}
{"action": "send", "src": "SA-N16", "dst": "SA-N64", "hlc": {"phys": 1758754125464, "cnt": 0, "node": "SA-N16"}, "package_id": "PKG54104", "payload": {"status": "RECEIVED"}, "sent_ts": 1758754105304, "arrival_ts": 1758754105304}
{"action": "send", "src": "SA-N16", "dst": "SA-N64", "hlc": {"phys": 1758754125778, "cnt": 0, "node": "SA-N16"}, "package_id": "PKG54104", "payload": {"status": "DELIVERED"}, "sent_ts": 1758754105618, "arrival_ts": 1758754105618}
{"action": "send", "src": "SA-N16", "dst": "AN-N103", "hlc": {"phys": 1758754325756, "cnt": 0, "node": "SA-N16"}, "package_id": "PKG54305", "payload": {"status": "CREATED"}, "sent_ts": 1758754305596, "arrival_ts": 1758754305596}
{"action": "send", "src": "SA-N16", "dst": "AN-N103", "hlc": {"phys": 1758754326061, "cnt": 0, "node": "SA-N16"}, "package_id": "PKG54305", "payload": {"status": "SENT"}, "sent_ts": 1758754305901, "arrival_ts": 1758754305901}
{"action": "send", "src": "SA-N16", "dst": "AN-N103", "hlc": {"phys": 1758754326446, "cnt": 0, "node": "SA-N16"}, "package_id": "PKG54305", "payload": {"status": "IN_TRANSIT"}, "sent_ts": 1758754306286, "arrival_ts": 1758754306286}
{"action": "send", "src": "SA-N16", "dst": "AN-N103", "hlc": {"phys": 1758754326856, "cnt": 0, "node": "SA-N16"}, "package_id": "PKG54305", "payload": {"status": "RECEIVED"}, "sent_ts": 1758754306696, "arrival_ts": 1758754306696}
{"action": "send", "src": "SA-N16", "dst": "AN-N103", "hlc": {"phys": 1758754327265, "cnt": 0, "node": "SA-N16"}, "package_id": "PKG54305", "payload": {"status": "DELIVERED"}, "sent_ts": 1758754307105, "arrival_ts": 1758754307105}
{"action": "recv", "src": "AS-N53", "dst": "SA-N16", "hlc": {"phys": 1758755139050, "cnt": 0, "node": "AS-N53"}, "package_id": "PKG55128", "payload": {"status": "CREATED"}, "sent_ts": 1758755128520, "arrival_ts": 1758755128593}
{"action": "recv", "src": "AS-N53", "dst": "SA-N16", "hlc": {"phys": 1758755139334, "cnt": 0, "node": "AS-N53"}, "package_id": "PKG55128", "payload": {"status": "SENT"}, "sent_ts": 1758755128804, "arrival_ts": 1758755128837}
{"action": "recv", "src": "AS-N53", "dst": "SA-N16", "hlc": {"phys": 1758755139560, "cnt": 0, "node": "AS-N53"}, "package_id": "PKG55128", "payload": {"status": "IN_TRANSIT"}, "sent_ts": 1758755129030, "arrival_ts": 1758755129167}
{"action": "recv", "src": "AS-N53", "dst": "SA-N16", "hlc": {"phys": 1758755139912, "cnt": 0, "node": "AS-N53"}, "package_id": "PKG55128", "payload": {"status": "RECEIVED"}, "sent_ts": 1758755129382, "arrival_ts": 1758755129568}
{"action": "recv", "src": "AS-N53", "dst": "SA-N16", "hlc": {"phys": 1758755140314, "cnt": 0, "node": "AS-N53"}, "package_id": "PKG55128", "payload": {"status": "DELIVERED"}, "sent_ts": 1758755129784, "arrival_ts": 1758755129798}
{"action": "recv", "src": "AN-N55", "dst": "SA-N16", "hlc": {"phys": 1758755997431, "cnt": 0, "node": "AN-N55"}, "package_id": "PKG55966", "payload": {"status": "CREATED"}, "sent_ts": 1758755966881, "arrival_ts": 1758755967046}
{"action": "recv", "src": "AN-N55", "dst": "SA-N16", "hlc": {"phys": 1758755997814, "cnt": 0, "node": "AN-N55"}, "package_id": "PKG55966", "payload": {"status": "SENT"}, "sent_ts": 1758755967264, "arrival_ts": 1758755967393}
{"action": "recv", "src": "AN-N55", "dst": "SA-N16", "hlc": {"phys": 1758755998151, "cnt": 0, "node": "AN-N55"}, "package_id": "PKG55966", "payload": {"status": "IN_TRANSIT"}, "sent_ts": 1758755967601, "arrival_ts": 1758755967796}
{"action": "recv", "src": "AN-N55", "dst": "SA-N16", "hlc": {"phys": 1758755998554, "cnt": 0, "node": "AN-N55"}, "package_id": "PKG55966", "payload": {"status": "RECEIVED"}, "sent_ts": 1758755968004, "arrival_ts": 1758755968018}
{"action": "recv", "src": "AN-N55", "dst": "SA-N16", "hlc": {"phys": 1758755998765, "cnt": 0, "node": "AN-N55"}, "package_id": "PKG55966", "payload": {"status": "DELIVERED"}, "sent_ts": 1758755968215, "arrival_ts": 1758755968382}
{"action": "send", "src": "SA-N16", "dst": "NA-N31", "hlc": {"phys": 1758758263941, "cnt": 0, "node": "SA-N16"}, "package_id": "PKG58243", "payload": {"status": "CREATED"}, "sent_ts": 1758758243781, "arrival_ts": 1758758243781}
{"action": "send", "src": "SA-N16", "dst": "NA-N31", "hlc": {"phys": 1758758264308, "cnt": 0, "node": "SA-N16"}, "package_id": "PKG58243", "payload": {"status": "SENT"}, "sent_ts": 1758758244148, "arrival_ts": 1758758244148}
{"action": "send", "src": "SA-N16", "dst": "NA-N31", "hlc": {"phys": 1758758264698, "cnt": 0, "node": "SA-N16"}, "package_id": "PKG58243", "payload": {"status": "IN_TRANSIT"}, "sent_ts": 1758758244538, "arrival_ts": 1758758244538}
{"action": "send", "src": "SA-N16", "dst": "NA-N31", "hlc": {"phys": 1758758265079, "cnt": 0, "node": "SA-N16"}, "package_id": "PKG58243", "payload": {"status": "RECEIVED"}, "sent_ts": 1758758244919, "arrival_ts": 1758758244919}
{"action": "send", "src": "SA-N16", "dst": "NA-N31", "hlc": {"phys": 1758758265489, "cnt": 0, "node": "SA-N16"}, "package_id": "PKG58243", "payload": {"status": "DELIVERED"}, "sent_ts": 1758758245329, "arrival_ts": 1758758245329}
{"action": "recv", "src": "AN-N110", "dst": "SA-N16", "hlc": {"phys": 1758759442594, "cnt": 0, "node": "AN-N110"}, "package_id": "PKG59411", "payload": {"status": "CREATED"}, "sent_ts": 1758759411494, "arrival_ts": 1758759411592}
{"action": "recv", "src": "AN-N110", "dst": "SA-N16", "hlc": {"phys": 1758759442905, "cnt": 0, "node": "AN-N110"}, "package_id": "PKG59411", "payload": {"status": "SENT"}, "sent_ts": 1758759411805, "arrival_ts": 1758759411911}
{"action": "recv", "src": "AN-N110", "dst": "SA-N16", "hlc": {"phys": 1758759443213, "cnt": 0, "node": "AN-N110"}, "package_id": "PKG59411", "payload": {"status": "IN_TRANSIT"}, "sent_ts": 1758759412113, "arrival_ts": 1758759412154}
{"action": "recv", "src": "AN-N110", "dst": "SA-N16", "hlc": {"phys": 1758759443447, "cnt": 0, "node": "AN-N110"}, "package_id": "PKG59411", "payload": {"status": "RECEIVED"}, "sent_ts": 1758759412347, "arrival_ts": 1758759412468}
{"action": "recv", "src": "AN-N110", "dst": "SA-N16", "hlc": {"phys": 1758759443773, "cnt": 0, "node": "AN-N110"}, "package_id": "PKG59411", "payload": {"status": "DELIVERED"}, "sent_ts": 1758759412673, "arrival_ts": 1758759412844}
{"action": "send", "src": "SA-N16", "dst": "SA-N95", "hlc": {"phys": 1758760816754, "cnt": 0, "node": "SA-N16"}, "package_id": "PKG60796", "payload": {"status": "CREATED"}, "sent_ts": 1758760796594, "arrival_ts": 1758760796594}
{"action": "send", "src": "SA-N16", "dst": "SA-N95", "hlc": {"phys": 1758760817031, "cnt": 0, "node": "SA-N16"}, "package_id": "PKG60796", "payload": {"status": "SENT"}, "sent_ts": 1758760796871, "arrival_ts": 1758760796871}
{"action": "send", "src": "SA-N16", "dst": "SA-N95", "hlc": {"phys": 1758760817387, "cnt": 0, "node": "SA-N16"}, "package_id": "PKG60796", "payload": {"status": "IN_TRANSIT"}, "sent_ts": 1758760797227, "arrival_ts": 1758760797227}
{"action": "send", "src": "SA-N16", "dst": "SA-N95", "hlc": {"phys": 1758760817743, "cnt": 0, "node": "SA-N16"}, "package_id": "PKG60796", "payload": {"status": "RECEIVED"}, "sent_ts": 1758760797583, "arrival_ts": 1758760797583}
{"action": "send", "src": "SA-N16", "dst": "SA-N95", "hlc": {"phys": 1758760818101, "cnt": 0, "node": "SA-N16"}, "package_id": "PKG60796", "payload": {"status": "DELIVERED"}, "sent_ts": 1758760797941, "arrival_ts": 1758760797941}
{"action": "recv", "src": "SA-N157", "dst": "SA-N16", "hlc": {"phys": 1758760856957, "cnt": 0, "node": "SA-N157"}, "package_id": "PKG60835", "payload": {"status": "CREATED"}, "sent_ts": 1758760835387, "arrival_ts": 1758760835433}
{"action": "recv", "src": "SA-N157", "dst": "SA-N16", "hlc": {"phys": 1758760857203, "cnt": 0, "node": "SA-N157"}, "package_id": "PKG60835", "payload": {"status": "SENT"}, "sent_ts": 1758760835633, "arrival_ts": 1758760835805}
{"action": "recv", "src": "SA-N157", "dst": "SA-N16", "hlc": {"phys": 1758760857576, "cnt": 0, "node": "SA-N157"}, "package_id": "PKG60835", "payload": {"status": "IN_TRANSIT"}, "sent_ts": 1758760836006, "arrival_ts": 1758760836064}
{"action": "recv", "src": "SA-N157", "dst": "SA-N16", "hlc": {"phys": 1758760857841, "cnt": 0, "node": "SA-N157"}, "package_id": "PKG60835", "payload": {"status": "RECEIVED"}, "sent_ts": 1758760836271, "arrival_ts": 1758760836403}
{"action": "recv", "src": "SA-N157", "dst": "SA-N16", "hlc": {"phys": 1758760858164, "cnt": 0, "node": "SA-N157"}, "package_id": "PKG60835", "payload": {"status": "DELIVERED"}, "sent_ts": 1758760836594, "arrival_ts": 1758760836733}
{"action": "recv", "src": "AU-N122", "dst": "SA-N16", "hlc": {"phys": 1758764610086, "cnt": 0, "node": "AU-N122"}, "package_id": "PKG64583", "payload": {"status": "CREATED"}, "sent_ts": 1758764583866, "arrival_ts": 1758764583969}
{"action": "recv", "src": "AU-N122", "dst": "SA-N16", "hlc": {"phys": 1758764610393, "cnt": 0, "node": "AU-N122"}, "package_id": "PKG64583", "payload": {"status": "SENT"}, "sent_ts": 1758764584173, "arrival_ts": 1758764584312}
{"action": "recv", "src": "AU-N122", "dst": "SA-N16", "hlc": {"phys": 1758764610736, "cnt": 0, "node": "AU-N122"}, "package_id": "PKG64583", "payload": {"status": "IN_TRANSIT"}, "sent_ts": 1758764584516, "arrival_ts": 1758764584529}
{"action": "recv", "src": "AU-N122", "dst": "SA-N16", "hlc": {"phys": 1758764610952, "cnt": 0, "node": "AU-N122"}, "package_id": "PKG64583", "payload": {"status": "RECEIVED"}, "sent_ts": 1758764584732, "arrival_ts": 1758764584872}
{"action": "recv", "src": "AU-N122", "dst": "SA-N16", "hlc": {"phys": 1758764611295, "cnt": 0, "node": "AU-N122"}, "package_id": "PKG64583", "payload": {"status": "DELIVERED"}, "sent_ts": 1758764585075, "arrival_ts": 1758764585203}
{"action": "send", "src": "SA-N16", "dst": "SA-N14", "hlc": {"phys": 1758764994581, "cnt": 0, "node": "SA-N16"}, "package_id": "PKG64974", "payload": {"status": "CREATED"}, "sent_ts": 1758764974421, "arrival_ts": 1758764974421}
{"action": "send", "src": "SA-N16", "dst": "SA-N14", "hlc": {"phys": 1758764994963, "cnt": 0, "node": "SA-N16"}, "package_id": "PKG64974", "payload": {"status": "SENT"}, "sent_ts": 1758764974803, "arrival_ts": 1758764974803}
{"action": "send", "src": "SA-N16", "dst": "SA-N14", "hlc": {"phys": 1758764995293, "cnt": 0, "node": "SA-N16"}, "package_id": "PKG64974", "payload": {"status": "IN_TRANSIT"}, "sent_ts": 1758764975133, "arrival_ts": 1758764975133}
{"action": "send", "src": "SA-N16", "dst": "SA-N14", "hlc": {"phys": 1758764995573, "cnt": 0, "node": "SA-N16"}, "package_id": "PKG64974", "payload": {"status": "RECEIVED"}, "sent_ts": 1758764975413, "arrival_ts": 1758764975413}
{"action": "send", "src": "SA-N16", "dst": "SA-N14", "hlc": {"phys": 1758764995941, "cnt": 0, "node": "SA-N16"}, "package_id": "PKG64974", "payload": {"status": "DELIVERED"}, "sent_ts": 1758764975781, "arrival_ts": 1758764975781}
{"action": "send", "src": "SA-N16", "dst": "EU-N46", "hlc": {"phys": 1758800109364, "cnt": 0, "node": "SA-N16"}, "package_id": "PKG89", "payload": {"status": "CREATED"}, "sent_ts": 1758800089204, "arrival_ts": 1758800089204}
{"action": "send", "src": "SA-N16", "dst": "EU-N46", "hlc": {"phys": 1758800109619, "cnt": 0, "node": "SA-N16"}, "package_id": "PKG89", "payload": {"status": "SENT"}, "sent_ts": 1758800089459, "arrival_ts": 1758800089459}
{"action": "send", "src": "SA-N16", "dst": "EU-N46", "hlc": {"phys": 1758800112731, "cnt": 0, "node": "SA-N16"}, "package_id": "PKG89", "payload": {"status": "IN_TRANSIT"}, "sent_ts": 1758800092571, "arrival_ts": 1758800092571}
{"action": "send", "src": "SA-N16", "dst": "EU-N46", "hlc": {"phys": 1758800112990, "cnt": 0, "node": "SA-N16"}, "package_id": "PKG89", "payload": {"status": "RECEIVED"}, "sent_ts": 1758800092830, "arrival_ts": 1758800092830}
{"action": "send", "src": "SA-N16", "dst": "EU-N46", "hlc": {"phys": 1758800113334, "cnt": 0, "node": "SA-N16"}, "package_id": "PKG89", "payload": {"status": "DELIVERED"}, "sent_ts": 1758800093174, "arrival_ts": 1758800093174}
{"action": "recv", "src": "AS-N64", "dst": "SA-N16", "hlc": {"phys": 1758800546969, "cnt": 0, "node": "AS-N64"}, "package_id": "PKG536", "payload": {"status": "CREATED"}, "sent_ts": 1758800536329, "arrival_ts": 1758800536447}
{"action": "recv", "src": "AS-N64", "dst": "SA-N16", "hlc": {"phys": 1758800547281, "cnt": 0, "node": "AS-N64"}, "package_id": "PKG536", "payload": {"status": "SENT"}, "sent_ts": 1758800536641, "arrival_ts": 1758800536675}
{"action": "recv", "src": "AS-N64", "dst": "SA-N16", "hlc": {"phys": 1758800547529, "cnt": 0, "node": "AS-N64"}, "package_id": "PKG536", "payload": {"status": "IN_TRANSIT"}, "sent_ts": 1758800536889, "arrival_ts": 1758800536987}
{"action": "recv", "src": "AS-N64", "dst": "SA-N16", "hlc": {"phys": 1758800547841, "cnt": 0, "node": "AS-N64"}, "package_id": "PKG536", "payload": {"status": "RECEIVED"}, "sent_ts": 1758800537201, "arrival_ts": 1758800537231}
{"action": "recv", "src": "AS-N64", "dst": "SA-N16", "hlc": {"phys": 1758800548089, "cnt": 0, "node": "AS-N64"}, "package_id": "PKG536", "payload": {"status": "DELIVERED"}, "sent_ts": 1758800537449, "arrival_ts": 1758800537625}
{"action": "send", "src": "SA-N16", "dst": "SA-N112", "hlc": {"phys": 1758802431334, "cnt": 0, "node": "SA-N16"}, "package_id": "PKG2411", "payload": {"status": "CREATED"}, "sent_ts": 1758802411174, "arrival_ts": 1758802411174}
{"action": "send", "src": "SA-N16", "dst": "SA-N112", "hlc": {"phys": 1758802431598, "cnt": 0, "node": "SA-N16"}, "package_id": "PKG2411", "payload": {"status": "SENT"}, "sent_ts": 1758802411438, "arrival_ts": 1758802411438}
{"action": "send", "src": "SA-N16", "dst": "SA-N112", "hlc": {"phys": 1758802431940, "cnt": 0, "node": "SA-N16"}, "package_id": "PKG2411", "payload": {"status": "IN_TRANSIT"}, "sent_ts": 1758802411780, "arrival_ts": 1758802411780}
{"action": "send", "src": "SA-N16", "dst": "SA-N112", "hlc": {"phys": 1758802432315, "cnt": 0, "node": "SA-N16"}, "package_id": "PKG2411", "payload": {"status": "RECEIVED"}, "sent_ts": 1758802412155, "arrival_ts": 1758802412155}
{"action": "send", "src": "SA-N16", "dst": "SA-N112", "hlc": {"phys": 1758802432700, "cnt": 0, "node": "SA-N16"}, "package_id": "PKG2411", "payload": {"status": "DELIVERED"}, "sent_ts": 1758802412540, "arrival_ts": 1758802412540}
{"action": "recv", "src": "SA-N75", "dst": "SA-N16", "hlc": {"phys": 1758804883948, "cnt": 0, "node": "SA-N75"}, "package_id": "PKG4863", "payload": {"status": "CREATED"}, "sent_ts": 1758804863198, "arrival_ts": 1758804863260}
{"action": "recv", "src": "SA-N75", "dst": "SA-N16", "hlc": {"phys": 1758804884215, "cnt": 0, "node": "SA-N75"}, "package_id": "PKG4863", "payload": {"status": "SENT"}, "sent_ts": 1758804863465, "arrival_ts": 1758804863498}
{"action": "recv", "src": "SA-N75", "dst": "SA-N16", "hlc": {"phys": 1758804884442, "cnt": 0, "node": "SA-N75"}, "package_id": "PKG4863", "payload": {"status": "IN_TRANSIT"}, "sent_ts": 1758804863692, "arrival_ts": 1758804863797}
{"action": "recv", "src": "SA-N75", "dst": "SA-N16", "hlc": {"phys": 1758804884767, "cnt": 0, "node": "SA-N75"}, "package_id": "PKG4863", "payload": {"status": "RECEIVED"}, "sent_ts": 1758804864017, "arrival_ts": 1758804864074}
{"action": "recv", "src": "SA-N75", "dst": "SA-N16", "hlc": {"phys": 1758804885035, "cnt": 0, "node": "SA-N75"}, "package_id": "PKG4863", "payload": {"status": "DELIVERED"}, "sent_ts": 1758804864285, "arrival_ts": 1758804864314}
{"action": "send", "src": "SA-N16", "dst": "EU-N124", "hlc": {"phys": 1758805197752, "cnt": 0, "node": "SA-N16"}, "package_id": "PKG5177", "payload": {"status": "CREATED"}, "sent_ts": 1758805177592, "arrival_ts": 1758805177592}
{"action": "send", "src": "SA-N16", "dst": "EU-N124", "hlc": {"phys": 1758805198065, "cnt": 0, "node": "SA-N16"}, "package_id": "PKG5177", "payload": {"status": "SENT"}, "sent_ts": 1758805177905, "arrival_ts": 1758805177905}
{"action": "send", "src": "SA-N16", "dst": "EU-N124", "hlc": {"phys": 1758805198404, "cnt": 0, "node": "SA-N16"}, "package_id": "PKG5177", "payload": {"status": "IN_TRANSIT"}, "sent_ts": 1758805178244, "arrival_ts": 1758805178244}
{"action": "send", "src": "SA-N16", "dst": "EU-N124", "hlc": {"phys": 1758805198683, "cnt": 0, "node": "SA-N16"}, "package_id": "PKG5177", "payload": {"status": "RECEIVED"}, "sent_ts": 1758805178523, "arrival_ts": 1758805178523}
{"action": "send", "src": "SA-N16", "dst": "EU-N124", "hlc": {"phys": 1758805199053, "cnt": 0, "node": "SA-N16"}, "package_id": "PKG5177", "payload": {"status": "DELIVERED"}, "sent_ts": 1758805178893, "arrival_ts": 1758805178893}
{"action": "send", "src": "SA-N16", "dst": "AF-N82", "hlc": {"phys": 1758813722789, "cnt": 0, "node": "SA-N16"}, "package_id": "PKG13702", "payload": {"status": "CREATED"}, "sent_ts": 1758813702629, "arrival_ts": 1758813702629}
{"action": "send", "src": "SA-N16", "dst": "AF-N82", "hlc": {"phys": 1758813723036, "cnt": 0, "node": "SA-N16"}, "package_id": "PKG13702", "payload": {"status": "SENT"}, "sent_ts": 1758813702876, "arrival_ts": 1758813702876}
{"action": "send", "src": "SA-N16", "dst": "AF-N82", "hlc": {"phys": 1758813723376, "cnt": 0, "node": "SA-N16"}, "package_id": "PKG13702", "payload": {"status": "IN_TRANSIT"}, "sent_ts": 1758813703216, "arrival_ts": 1758813703216}
{"action": "send", "src": "SA-N16", "dst": "AF-N82", "hlc": {"phys": 1758813723700, "cnt": 0, "node": "SA-N16"}, "package_id": "PKG13702", "payload": {"status": "RECEIVED"}, "sent_ts": 1758813703540, "arrival_ts": 1758813703540}
{"action": "send", "src": "SA-N16", "dst": "AF-N82", "hlc": {"phys": 1758813723980, "cnt": 0, "node": "SA-N16"}, "package_id": "PKG13702", "payload": {"status": "DELIVERED"}, "sent_ts": 1758813703820, "arrival_ts": 1758813703820}
{"action": "send", "src": "SA-N16", "dst": "AF-N17", "hlc": {"phys": 1758814253400, "cnt": 0, "node": "SA-N16"}, "package_id": "PKG14233", "payload": {"status": "CREATED"}, "sent_ts": 1758814233240, "arrival_ts": 1758814233240}
{"action": "send", "src": "SA-N16", "dst": "AF-N17", "hlc": {"phys": 1758814253789, "cnt": 0, "node": "SA-N16"}, "package_id": "PKG14233", "payload": {"status": "SENT"}, "sent_ts": 1758814233629, "arrival_ts": 1758814233630}
{"action": "send", "src": "SA-N16", "dst": "AF-N17", "hlc": {"phys": 1758814254146, "cnt": 0, "node": "SA-N16"}, "package_id": "PKG14233", "payload": {"status": "IN_TRANSIT"}, "sent_ts": 1758814233986, "arrival_ts": 1758814233986}
{"action": "send", "src": "SA-N16", "dst": "AF-N17", "hlc": {"phys": 1758814254396, "cnt": 0, "node": "SA-N16"}, "package_id": "PKG14233", "payload": {"status": "RECEIVED"}, "sent_ts": 1758814234236, "arrival_ts": 1758814234237}
{"action": "send", "src": "SA-N16", "dst": "AF-N17", "hlc": {"phys": 1758814254693, "cnt": 0, "node": "SA-N16"}, "package_id": "PKG14233", "payload": {"status": "DELIVERED"}, "sent_ts": 1758814234533, "arrival_ts": 1758814234533}
{"action": "send", "src": "SA-N16", "dst": "AF-N189", "hlc": {"phys": 1758815885772, "cnt": 0, "node": "SA-N16"}, "package_id": "PKG15865", "payload": {"status": "CREATED"}, "sent_ts": 1758815865612, "arrival_ts": 1758815865612}
{"action": "send", "src": "SA-N16", "dst": "AF-N189", "hlc": {"phys": 1758815886100, "cnt": 0, "node": "SA-N16"}, "package_id": "PKG15865", "payload": {"status": "SENT"}, "sent_ts": 1758815865940, "arrival_ts": 1758815865940}
{"action": "send", "src": "SA-N16", "dst": "AF-N189", "hlc": {"phys": 1758815886454, "cnt": 0, "node": "SA-N16"}, "package_id": "PKG15865", "payload": {"status": "IN_TRANSIT"}, "sent_ts": 1758815866294, "arrival_ts": 1758815866294}
{"action": "send", "src": "SA-N16", "dst": "AF-N189", "hlc": {"phys": 1758815886842, "cnt": 0, "node": "SA-N16"}, "package_id": "PKG15865", "payload": {"status": "RECEIVED"}, "sent_ts": 1758815866682, "arrival_ts": 1758815866682}
{"action": "send", "src": "SA-N16", "dst": "AF-N189", "hlc": {"phys": 1758815887059, "cnt": 0, "node": "SA-N16"}, "package_id": "PKG15865", "payload": {"status": "DELIVERED"}, "sent_ts": 1758815866899, "arrival_ts": 1758815866899}
{"action": "recv", "src": "EU-N130", "dst": "SA-N16", "hlc": {"phys": 1758817012449, "cnt": 0, "node": "EU-N130"}, "package_id": "PKG17006", "payload": {"status": "CREATED"}, "sent_ts": 1758817006149, "arrival_ts": 1758817006297}
{"action": "recv", "src": "EU-N130", "dst": "SA-N16", "hlc": {"phys": 1758817012806, "cnt": 0, "node": "EU-N130"}, "package_id": "PKG17006", "payload": {"status": "SENT"}, "sent_ts": 1758817006506, "arrival_ts": 1758817006542}
{"action": "recv", "src": "EU-N130", "dst": "SA-N16", "hlc": {"phys": 1758817013039, "cnt": 0, "node": "EU-N130"}, "package_id": "PKG17006", "payload": {"status": "IN_TRANSIT"}, "sent_ts": 1758817006739, "arrival_ts": 1758817006928}
{"action": "recv", "src": "EU-N130", "dst": "SA-N16", "hlc": {"phys": 1758817013427, "cnt": 0, "node": "EU-N130"}, "package_id": "PKG17006", "payload": {"status": "RECEIVED"}, "sent_ts": 1758817007127, "arrival_ts": 1758817007207}
{"action": "recv", "src": "EU-N130", "dst": "SA-N16", "hlc": {"phys": 1758817013709, "cnt": 0, "node": "EU-N130"}, "package_id": "PKG17006", "payload": {"status": "DELIVERED"}, "sent_ts": 1758817007409, "arrival_ts": 1758817007490}
