{"action": "send", "src": "SA-N116", "dst": "AU-N61", "hlc": {"phys": 1758713065241, "cnt": 0, "node": "SA-N116"}, "package_id": "PKG13044", "payload": {"status": "CREATED"}, "sent_ts": 1758713044081, "arrival_ts": 1758713044081}
{"action": "send", "src": "SA-N116", "dst": "AU-N61", "hlc": {"phys": 1758713065518, "cnt": 0, "node": "SA-N116"}, "package_id": "PKG13044", "payload": {"status": "SENT"}, "sent_ts": 1758713044358, "arrival_ts": 1758713044358}
{"action": "send", "src": "SA-N116", "dst": "AU-N61", "hlc": {"phys": 1758713065751, "cnt": 0, "node": "SA-N116"}, "package_id": "PKG13044", "payload": {"status": "IN_TRANSIT"}, "sent_ts": 1758713044591, "arrival_ts": 1758713044591}
{"action": "send", "src": "SA-N116", "dst": "AU-N61", "hlc": {"phys": 1758713066138, "cnt": 0, "node": "SA-N116"}, "package_id": "PKG13044", "payload": {"status": "RECEIVED"}, "sent_ts": 1758713044978, "arrival_ts": 1758713044978}
{"action": "send", "src": "SA-N116", "dst": "AU-N61", "hlc": {"phys": 1758713066372, "cnt": 0, "node": "SA-N116"}, "package_id": "PKG13044", "payload": {"status": "DELIVERED"}, "sent_ts": 1758713045212, "arrival_ts": 1758713045212}
{"action": "recv", "src": "NA-N149", "dst": "SA-N116", "hlc": {"phys": 1758714221447, "cnt": 0, "node": "NA-N149"}, "package_id": "PKG14219", "payload": {"status": "CREATED"}, "sent_ts": 1758714219957, "arrival_ts": 1758714220080}
{"action": "recv", "src": "NA-N149", "dst": "SA-N116", "hlc": {"phys": 1758714221773, "cnt": 0, "node": "NA-N149"}, "package_id": "PKG14219", "payload": {"status": "SENT"}, "sent_ts": 1758714220283, "arrival_ts": 1758714220424}
{"action": "recv", "src": "NA-N149", "dst": "SA-N116", "hlc": {"phys": 1758714222113, "cnt": 0, "node": "NA-N149"}, "package_id": "PKG14219", "payload": {"status": "IN_TRANSIT"}, "sent_ts": 1758714220623, "arrival_ts": 1758714220811}
{"action": "recv", "src": "NA-N149", "dst": "SA-N116", "hlc": {"phys": 1758714222517, "cnt": 0, "node": "NA-N149"}, "package_id": "PKG14219", "payload": {"status": "RECEIVED"}, "sent_ts": 1758714221027, "arrival_ts": 1758714221075}
{"action": "recv", "src": "NA-N149", "dst": "SA-N116", "hlc": {"phys": 1758714222780, "cnt": 0, "node": "NA-N149"}, "package_id": "PKG14219", "payload": {"status": "DELIVERED"}, "sent_ts": 1758714221290, "arrival_ts": 1758714221434}
{"action": "recv", "src": "AN-N156", "dst": "SA-N116", "hlc": {"phys": 1758718060162, "cnt": 0, "node": "AN-N156"}, "package_id": "PKG18028", "payload": {"status": "CREATED"}, "sent_ts": 1758718028602, "arrival_ts": 1758718028626}
{"action": "recv", "src": "AN-N156", "dst": "SA-N116", "hlc": {"phys": 1758718060393, "cnt": 0, "node": "AN-N156"}, "package_id": "PKG18028", "payload": {"status": "SENT"}, "sent_ts": 1758718028833, "arrival_ts": 1758718029026}
{"action": "recv", "src": "AN-N156", "dst": "SA-N116", "hlc": {"phys": 1758718060780, "cnt": 0, "node": "AN-N156"}, "package_id": "PKG18028", "payload": {"status": "IN_TRANSIT"}, "sent_ts": 1758718029220, "arrival_ts": 1758718029426}
{"action": "recv", "src": "AN-N156", "dst": "SA-N116", "hlc": {"phys": 1758718061208, "cnt": 0, "node": "AN-N156"}, "package_id": "PKG18028", "payload": {"status": "RECEIVED"}, "sent_ts": 1758718029648, "arrival_ts": 1758718029679}
{"action": "recv", "src": "AN-N156", "dst": "SA-N116", "hlc": {"phys": 1758718061437, "cnt": 0, "node": "AN-N156"}, "package_id": "PKG18028", "payload": {"status": "DELIVERED"}, "sent_ts": 1758718029877, "arrival_ts": 1758718030052}
{"action": "send", "src": "SA-N116", "dst": "AU-N197", "hlc": {"phys": 1758718697892, "cnt": 0, "node": "SA-N116"}, "package_id": "PKG18676", "payload": {"status": "CREATED"}, "sent_ts": 1758718676732, "arrival_ts": 1758718676732}
{"action": "send", "src": "SA-N116", "dst": "AU-N197", "hlc": {"phys": 1758718698197, "cnt": 0, "node": "SA-N116"}, "package_id": "PKG18676", "payload": {"status": "SENT"}, "sent_ts": 1758718677037, "arrival_ts": 1758718677037}
{"action": "send", "src": "SA-N116", "dst": "AU-N197", "hlc": {"phys": 1758718698568, "cnt": 0, "node": "SA-N116"}, "package_id": "PKG18676", "payload": {"status": "IN_TRANSIT"}, "sent_ts": 1758718677408, "arrival_ts": 1758718677408}
{"action": "send", "src": "SA-N116", "dst": "AU-N197", "hlc": {"phys": 1758718698874, "cnt": 0, "node": "SA-N116"}, "package_id": "PKG18676", "payload": {"status": "RECEIVED"}, "sent_ts": 1758718677714, "arrival_ts": 1758718677714}
{"action": "send", "src": "SA-N116", "dst": "AU-N197", "hlc": {"phys": 1758718699130, "cnt": 0, "node": "SA-N116"}, "package_id": "PKG18676", "payload": {"status": "DELIVERED"}, "sent_ts": 1758718677970, "arrival_ts": 1758718677970}
{"action": "send", "src": "SA-N116", "dst": "AU-N91", "hlc": {"phys": 1758738600161, "cnt": 0, "node": "SA-N116"}, "package_id": "PKG38579", "payload": {"status": "CREATED"}, "sent_ts": 1758738579001, "arrival_ts": 1758738579001}
{"action": "send", "src": "SA-N116", "dst": "AU-N91", "hlc": {"phys": 1758738600449, "cnt": 0, "node": "SA-N116"}, "package_id": "PKG38579", "payload": {"status": "SENT"}, "sent_ts": 1758738579289, "arrival_ts": 1758738579289}
{"action": "send", "src": "SA-N116", "dst": "AU-N91", "hlc": {"phys": 1758738600827, "cnt": 0, "node": "SA-N116"}, "package_id": "PKG38579", "payload": {"status": "IN_TRANSIT"}, "sent_ts": 1758738579667, "arrival_ts": 1758738579667}
{"action": "send", "src": "SA-N116", "dst": "AU-N91", "hlc": {"phys": 1758738601141, "cnt": 0, "node": "SA-N116"}, "package_id": "PKG38579", "payload": {"status": "RECEIVED"}, "sent_ts": 1758738579981, "arrival_ts": 1758738579981}
{"action": "send", "src": "SA-N116", "dst": "AU-N91", "hlc": {"phys": 1758738601529, "cnt": 0, "node": "SA-N116"}, "package_id": "PKG38579", "payload": {"status": "DELIVERED"}, "sent_ts": 1758738580369, "arrival_ts": 1758738580369}
{"action": "recv", "src": "AS-N142", "dst": "SA-N116", "hlc": {"phys": 1758740645622, "cnt": 0, "node": "AS-N142"}, "package_id": "PKG40634", "payload": {"status": "CREATED"}, "sent_ts": 1758740634202, "arrival_ts": 1758740634382}
{"action": "recv", "src": "AS-N142", "dst": "SA-N116", "hlc": {"phys": 1758740645997, "cnt": 0, "node": "AS-N142"}, "package_id": "PKG40634", "payload": {"status": "SENT"}, "sent_ts": 1758740634577, "arrival_ts": 1758740634769}
{"action": "recv", "src": "AS-N142", "dst": "SA-N116", "hlc": {"phys": 1758740646400, "cnt": 0, "node": "AS-N142"}, "package_id": "PKG40634", "payload": {"status": "IN_TRANSIT"}, "sent_ts": 1758740634980, "arrival_ts": 1758740635104}
{"action": "recv", "src": "AS-N142", "dst": "SA-N116", "hlc": {"phys": 1758740646726, "cnt": 0, "node": "AS-N142"}, "package_id": "PKG40634", "payload": {"status": "RECEIVED"}, "sent_ts": 1758740635306, "arrival_ts": 1758740635428}
{"action": "recv", "src": "AS-N142", "dst": "SA-N116", "hlc": {"phys": 1758740647054, "cnt": 0, "node": "AS-N142"}, "package_id": "PKG40634", "payload": {"status": "DELIVERED"}, "sent_ts": 1758740635634, "arrival_ts": 1758740635819}
{"action": "recv", "src": "SA-N25", "dst": "SA-N116", "hlc": {"phys": 1758743454158, "cnt": 0, "node": "SA-N25"}, "package_id": "PKG43433", "payload": {"status": "CREATED"}, "sent_ts": 1758743433908, "arrival_ts": 1758743434068}
{"action": "recv", "src": "SA-N25", "dst": "SA-N116", "hlc": {"phys": 1758743454522, "cnt": 0, "node": "SA-N25"}, "package_id": "PKG43433", "payload": {"status": "SENT"}, "sent_ts": 1758743434272, "arrival_ts": 1758743434336}
{"action": "recv", "src": "SA-N25", "dst": "SA-N116", "hlc": {"phys": 1758743454787, "cnt": 0, "node": "SA-N25"}, "package_id": "PKG43433", "payload": {"status": "IN_TRANSIT"}, "sent_ts": 1758743434537, "arrival_ts": 1758743434679}
{"action": "recv", "src": "SA-N25", "dst": "SA-N116", "hlc": {"phys": 1758743455146, "cnt": 0, "node": "SA-N25"}, "package_id": "PKG43433", "payload": {"status": "RECEIVED"}, "sent_ts": 1758743434896, "arrival_ts": 1758743434986}
{"action": "recv", "src": "SA-N25", "dst": "SA-N116", "hlc": {"phys": 1758743455451, "cnt": 0, "node": "SA-N25"}, "package_id": "PKG43433", "payload": {"status": "DELIVERED"}, "sent_ts": 1758743435201, "arrival_ts": 1758743435299}
{"action": "recv", "src": "AS-N191", "dst": "SA-N116", "hlc": {"phys": 1758744869367, "cnt": 0, "node": "AS-N191"}, "package_id": "PKG44857", "payload": {"status": "CREATED"}, "sent_ts": 1758744857457, "arrival_ts": 1758744857639}
{"action": "recv", "src": "AS-N191", "dst": "SA-N116", "hlc": {"phys": 1758744869755, "cnt": 0, "node": "AS-N191"}, "package_id": "PKG44857", "payload": {"status": "SENT"}, "sent_ts": 1758744857845, "arrival_ts": 1758744857997}
{"action": "recv", "src": "AS-N191", "dst": "SA-N116", "hlc": {"phys": 1758744870123, "cnt": 0, "node": "AS-N191"}, "package_id": "PKG44857", "payload": {"status": "IN_TRANSIT"}, "sent_ts": 1758744858213, "arrival_ts": 1758744858289}
{"action": "recv", "src": "AS-N191", "dst": "SA-N116", "hlc": {"phys": 1758744870387, "cnt": 0, "node": "AS-N191"}, "package_id": "PKG44857", "payload": {"status": "RECEIVED"}, "sent_ts": 1758744858477, "arrival_ts": 1758744858621}
{"action": "recv", "src": "AS-N191", "dst": "SA-N116", "hlc": {"phys": 1758744870744, "cnt": 0, "node": "AS-N191"}, "package_id": "PKG44857", "payload": {"status": "DELIVERED"}, "sent_ts": 1758744858834, "arrival_ts": 1758744858894}
{"action": "recv", "src": "NA-N169", "dst": "SA-N116", "hlc": {"phys": 1758747189775, "cnt": 0, "node": "NA-N169"}, "package_id": "PKG47188", "payload": {"status": "CREATED"}, "sent_ts": 1758747188085, "arrival_ts": 1758747188284}
{"action": "recv", "src": "NA-N169", "dst": "SA-N116", "hlc": {"phys": 1758747190185, "cnt": 0, "node": "NA-N169"}, "package_id": "PKG47188", "payload": {"status": "SENT"}, "sent_ts": 1758747188495, "arrival_ts": 1758747188630}
{"action": "recv", "src": "NA-N169", "dst": "SA-N116", "hlc": {"phys": 1758747190525, "cnt": 0, "node": "NA-N169"}, "package_id": "PKG47188", "payload": {"status": "IN_TRANSIT"}, "sent_ts": 1758747188835, "arrival_ts": 1758747189008}
{"action": "recv", "src": "NA-N169", "dst": "SA-N116", "hlc": {"phys": 1758747190905, "cnt": 0, "node": "NA-N169"}, "package_id": "PKG47188", "payload": {"status": "RECEIVED"}, "sent_ts": 1758747189215, "arrival_ts": 1758747189243}
{"action": "recv", "src": "NA-N169", "dst": "SA-N116", "hlc": {"phys": 1758747191143, "cnt": 0, "node": "NA-N169"}, "package_id": "PKG47188", "payload": {"status": "DELIVERED"}, "sent_ts": 1758747189453, "arrival_ts": 1758747189535}
{"action": "send", "src": "SA-N116", "dst": "EU-N122", "hlc": {"phys": 1758747473203, "cnt": 0, "node": "SA-N116"}, "package_id": "PKG47452", "payload": {"status": "CREATED"}, "sent_ts": 1758747452043, "arrival_ts": 1758747452043}
{"action": "send", "src": "SA-N116", "dst": "EU-N122", "hlc": {"phys": 1758747473430, "cnt": 0, "node": "SA-N116"}, "package_id": "PKG47452", "payload": {"status": "SENT"}, "sent_ts": 1758747452270, "arrival_ts": 1758747452270}
{"action": "send", "src": "SA-N116", "dst": "EU-N122", "hlc": {"phys": 1758747473678, "cnt": 0, "node": "SA-N116"}, "package_id": "PKG47452", "payload": {"status": "IN_TRANSIT"}, "sent_ts": 1758747452518, "arrival_ts": 1758747452518}
{"action": "send", "src": "SA-N116", "dst": "EU-N122", "hlc": {"phys": 1758747473941, "cnt": 0, "node": "SA-N116"}, "package_id": "PKG47452", "payload": {"status": "RECEIVED"}, "sent_ts": 1758747452781, "arrival_ts": 1758747452781}
{"action": "send", "src": "SA-N116", "dst": "EU-N122", "hlc": {"phys": 1758747474352, "cnt": 0, "node": "SA-N116"}, "package_id": "PKG47452", "payload": {"status": "DELIVERED"}, "sent_ts": 1758747453192, "arrival_ts": 1758747453192}
{"action": "recv", "src": "EU-N104", "dst": "SA-N116", "hlc": {"phys": 1758748864337, "cnt": 0, "node": "EU-N104"}, "package_id": "PKG48858", "payload": {"status": "CREATED"}, "sent_ts": 1758748858297, "arrival_ts": 1758748858474}
{"action": "recv", "src": "EU-N104", "dst": "SA-N116", "hlc": {"phys": 1758748864725, "cnt": 0, "node": "EU-N104"}, "package_id": "PKG48858", "payload": {"status": "SENT"}, "sent_ts": 1758748858685, "arrival_ts": 1758748858842}
{"action": "recv", "src": "EU-N104", "dst": "SA-N116", "hlc": {"phys": 1758748865100, "cnt": 0, "node": "EU-N104"}, "package_id": "PKG48858", "payload": {"status": "IN_TRANSIT"}, "sent_ts": 1758748859060, "arrival_ts": 1758748859164}
{"action": "recv", "src": "EU-N104", "dst": "SA-N116", "hlc": {"phys": 1758748865412, "cnt": 0, "node": "EU-N104"}, "package_id": "PKG48858", "payload": {"status": "RECEIVED"}, "sent_ts": 1758748859372, "arrival_ts": 1758748859398}
{"action": "recv", "src": "EU-N104", "dst": "SA-N116", "hlc": {"phys": 1758748865645, "cnt": 0, "node": "EU-N104"}, "package_id": "PKG48858", "payload": {"status": "DELIVERED"}, "sent_ts": 1758748859605, "arrival_ts": 1758748859716}
{"action": "send", "src": "SA-N116", "dst": "AF-N3", "hlc": {"phys": 1758750362526, "cnt": 0, "node": "SA-N116"}, "package_id": "PKG50341", "payload": {"status": "CREATED"}, "sent_ts": 1758750341366, "arrival_ts": 1758750341366}
{"action": "send", "src": "SA-N116", "dst": "AF-N3", "hlc": {"phys": 1758750362864, "cnt": 0, "node": "SA-N116"}, "package_id": "PKG50341", "payload": {"status": "SENT"}, "sent_ts": 1758750341704, "arrival_ts": 1758750341704}
{"action": "send", "src": "SA-N116", "dst": "AF-N3", "hlc": {"phys": 1758750363227, "cnt": 0, "node": "SA-N116"}, "package_id": "PKG50341", "payload": {"status": "IN_TRANSIT"}, "sent_ts": 1758750342067, "arrival_ts": 1758750342067}
{"action": "send", "src": "SA-N116", "dst": "AF-N3", "hlc": {"phys": 1758750363523, "cnt": 0, "node": "SA-N116"}, "package_id": "PKG50341", "payload": {"status": "RECEIVED"}, "sent_ts": 1758750342363, "arrival_ts": 1758750342363}
{"action": "send", "src": "SA-N116", "dst": "AF-N3", "hlc": {"phys": 1758750363810, "cnt": 0, "node": "SA-N116"}, "package_id": "PKG50341", "payload": {"status": "DELIVERED"}, "sent_ts": 1758750342650, "arrival_ts": 1758750342650}
{"action": "recv", "src": "AF-N180", "dst": "SA-N116", "hlc": {"phys": 1758752305895, "cnt": 0, "node": "AF-N180"}, "package_id": "PKG52289", "payload": {"status": "CREATED"}, "sent_ts": 1758752289095, "arrival_ts": 1758752289249}
{"action": "recv", "src": "AF-N180", "dst": "SA-N116", "hlc": {"phys": 1758752306259, "cnt": 0, "node": "AF-N180"}, "package_id": "PKG52289", "payload": {"status": "SENT"}, "sent_ts": 1758752289459, "arrival_ts": 1758752289491}
{"action": "recv", "src": "AF-N180", "dst": "SA-N116", "hlc": {"phys": 1758752306476, "cnt": 0, "node": "AF-N180"}, "package_id": "PKG52289", "payload": {"status": "IN_TRANSIT"}, "sent_ts": 1758752289676, "arrival_ts": 1758752289796}
{"action": "recv", "src": "AF-N180", "dst": "SA-N116", "hlc": {"phys": 1758752306810, "cnt": 0, "node": "AF-N180"}, "package_id": "PKG52289", "payload": {"status": "RECEIVED"}, "sent_ts": 1758752290010, "arrival_ts": 1758752290162}
{"action": "recv", "src": "AF-N180", "dst": "SA-N116", "hlc": {"phys": 1758752307159, "cnt": 0, "node": "AF-N180"}, "package_id": "PKG52289", "payload": {"status": "DELIVERED"}, "sent_ts": 1758752290359, "arrival_ts": 1758752290385}
{"action": "send", "src": "SA-N116", "dst": "AS-N101", "hlc": {"phys": 1758753854608, "cnt": 0, "node": "SA-N116"}, "package_id": "PKG53833", "payload": {"status": "CREATED"}, "sent_ts": 1758753833448, "arrival_ts": 1758753833448}
{"action": "send", "src": "SA-N116", "dst": "AS-N101", "hlc": {"phys": 1758753854873, "cnt": 0, "node": "SA-N116"}, "package_id": "PKG53833", "payload": {"status": "SENT"}, "sent_ts": 1758753833713, "arrival_ts": 1758753833713}
{"action": "send", "src": "SA-N116", "dst": "AS-N101", "hlc": {"phys": 1758753855145, "cnt": 0, "node": "SA-N116"}, "package_id": "PKG53833", "payload": {"status": "IN_TRANSIT"}, "sent_ts": 1758753833985, "arrival_ts": 1758753833985}
{"action": "send", "src": "SA-N116", "dst": "AS-N101", "hlc": {"phys": 1758753855436, "cnt": 0, "node": "SA-N116"}, "package_id": "PKG53833", "payload": {"status": "RECEIVED"}, "sent_ts": 1758753834276, "arrival_ts": 1758753834276}
{"action": "send", "src": "SA-N116", "dst": "AS-N101", "hlc": {"phys": 1758753855749, "cnt": 0, "node": "SA-N116"}, "package_id": "PKG53833", "payload": {"status": "DELIVERED"}, "sent_ts": 1758753834589, "arrival_ts": 1758753834589}
{"action": "recv", "src": "AF-N84", "dst": "SA-N116", "hlc": {"phys": 1758755931360, "cnt": 0, "node": "AF-N84"}, "package_id": "PKG55915", "payload": {"status": "CREATED"}, "sent_ts": 1758755915520, "arrival_ts": 1758755915662}
{"action": "recv", "src": "AF-N84", "dst": "SA-N116", "hlc": {"phys": 1758755931719, "cnt": 0, "node": "AF-N84"}, "package_id": "PKG55915", "payload": {"status": "SENT"}, "sent_ts": 1758755915879, "arrival_ts": 1758755916086}
{"action": "recv", "src": "AF-N84", "dst": "SA-N116", "hlc": {"phys": 1758755932164, "cnt": 0, "node": "AF-N84"}, "package_id": "PKG55915", "payload": {"status": "IN_TRANSIT"}, "sent_ts": 1758755916324, "arrival_ts": 1758755916337}
{"action": "recv", "src": "AF-N84", "dst": "SA-N116", "hlc": {"phys": 1758755932385, "cnt": 0, "node": "AF-N84"}, "package_id": "PKG55915", "payload": {"status": "RECEIVED"}, "sent_ts": 1758755916545, "arrival_ts": 1758755916738}
{"action": "recv", "src": "AF-N84", "dst": "SA-N116", "hlc": {"phys": 1758755932790, "cnt": 0, "node": "AF-N84"}, "package_id": "PKG55915", "payload": {"status": "DELIVERED"}, "sent_ts": 1758755916950, "arrival_ts": 1758755917075}
{"action": "send", "src": "SA-N116", "dst": "SA-N138", "hlc": {"phys": 1758756953980, "cnt": 0, "node": "SA-N116"}, "package_id": "PKG56932", "payload": {"status": "CREATED"}, "sent_ts": 1758756932820, "arrival_ts": 1758756932820}
{"action": "send", "src": "SA-N116", "dst": "SA-N138", "hlc": {"phys": 1758756954239, "cnt": 0, "node": "SA-N116"}, "package_id": "PKG56932", "payload": {"status": "SENT"}, "sent_ts": 1758756933079, "arrival_ts": 1758756933079}
{"action": "send", "src": "SA-N116", "dst": "SA-N138", "hlc": {"phys": 1758756954507, "cnt": 0, "node": "SA-N116"}, "package_id": "PKG56932", "payload": {"status": "IN_TRANSIT"}, "sent_ts": 1758756933347, "arrival_ts": 1758756933347}
{"action": "send", "src": "SA-N116", "dst": "SA-N138", "hlc": {"phys": 1758756954741, "cnt": 0, "node": "SA-N116"}, "package_id": "PKG56932", "payload": {"status": "RECEIVED"}, "sent_ts": 1758756933581, "arrival_ts": 1758756933581}
{"action": "send", "src": "SA-N116", "dst": "SA-N138", "hlc": {"phys": 1758756954998, "cnt": 0, "node": "SA-N116"}, "package_id": "PKG56932", "payload": {"status": "DELIVERED"}, "sent_ts": 1758756933838, "arrival_ts": 1758756933838}
{"action": "recv", "src": "AF-N117", "dst": "SA-N116", "hlc": {"phys": 1758757475718, "cnt": 0, "node": "AF-N117"}, "package_id": "PKG57459", "payload": {"status": "CREATED"}, "sent_ts": 1758757459548, "arrival_ts": 1758757459710}
{"action": "recv", "src": "AF-N117", "dst": "SA-N116", "hlc": {"phys": 1758757476085, "cnt": 0, "node": "AF-N117"}, "package_id": "PKG57459", "payload": {"status": "SENT"}, "sent_ts": 1758757459915, "arrival_ts": 1758757460042}
{"action": "recv", "src": "AF-N117", "dst": "SA-N116", "hlc": {"phys": 1758757476405, "cnt": 0, "node": "AF-N117"}, "package_id": "PKG57459", "payload": {"status": "IN_TRANSIT"}, "sent_ts": 1758757460235, "arrival_ts": 1758757460416}
{"action": "recv", "src": "AF-N117", "dst": "SA-N116", "hlc": {"phys": 1758757476781, "cnt": 0, "node": "AF-N117"}, "package_id": "PKG57459", "payload": {"status": "RECEIVED"}, "sent_ts": 1758757460611, "arrival_ts": 1758757460661}
{"action": "recv", "src": "AF-N117", "dst": "SA-N116", "hlc": {"phys": 1758757477034, "cnt": 0, "node": "AF-N117"}, "package_id": "PKG57459", "payload": {"status": "DELIVERED"}, "sent_ts": 1758757460864, "arrival_ts": 1758757460945}
{"action": "recv", "src": "SA-N112", "dst": "SA-N116", "hlc": {"phys": 1758759748719, "cnt": 0, "node": "SA-N112"}, "package_id": "PKG59727", "payload": {"status": "CREATED"}, "sent_ts": 1758759727599, "arrival_ts": 1758759727793}
{"action": "recv", "src": "SA-N112", "dst": "SA-N116", "hlc": {"phys": 1758759749118, "cnt": 0, "node": "SA-N112"}, "package_id": "PKG59727", "payload": {"status": "SENT"}, "sent_ts": 1758759727998, "arrival_ts": 1758759728059}
{"action": "recv", "src": "SA-N112", "dst": "SA-N116", "hlc": {"phys": 1758759749389, "cnt": 0, "node": "SA-N112"}, "package_id": "PKG59727", "payload": {"status": "IN_TRANSIT"}, "sent_ts": 1758759728269, "arrival_ts": 1758759728378}
{"action": "recv", "src": "SA-N112", "dst": "SA-N116", "hlc": {"phys": 1758759749710, "cnt": 0, "node": "SA-N112"}, "package_id": "PKG59727", "payload": {"status": "RECEIVED"}, "sent_ts": 1758759728590, "arrival_ts": 1758759728621}
{"action": "recv", "src": "SA-N112", "dst": "SA-N116", "hlc": {"phys": 1758759749925, "cnt": 0, "node": "SA-N112"}, "package_id": "PKG59727", "payload": {"status": "DELIVERED"}, "sent_ts": 1758759728805, "arrival_ts": 1758759728949}
{"action": "send", "src": "SA-N116", "dst": "SA-N37", "hlc": {"phys": 1758760320811, "cnt": 0, "node": "SA-N116"}, "package_id": "PKG60299", "payload": {"status": "CREATED"}, "sent_ts": 1758760299651, "arrival_ts": 1758760299651}
{"action": "send", "src": "SA-N116", "dst": "SA-N37", "hlc": {"phys": 1758760321082, "cnt": 0, "node": "SA-N116"}, "package_id": "PKG60299", "payload": {"status": "SENT"}, "sent_ts": 1758760299922, "arrival_ts": 1758760299922}
{"action": "send", "src": "SA-N116", "dst": "SA-N37", "hlc": {"phys": 1758760321434, "cnt": 0, "node": "SA-N116"}, "package_id": "PKG60299", "payload": {"status": "IN_TRANSIT"}, "sent_ts": 1758760300274, "arrival_ts": 1758760300274}
{"action": "send", "src": "SA-N116", "dst": "SA-N37", "hlc": {"phys": 1758760321738, "cnt": 0, "node": "SA-N116"}, "package_id": "PKG60299", "payload": {"status": "RECEIVED"}, "sent_ts": 1758760300578, "arrival_ts": 1758760300578}
{"action": "send", "src": "SA-N116", "dst": "SA-N37", "hlc": {"phys": 1758760322104, "cnt": 0, "node": "SA-N116"}, "package_id": "PKG60299", "payload": {"status": "DELIVERED"}, "sent_ts": 1758760300944, "arrival_ts": 1758760300944}
{"action": "send", "src": "SA-N116", "dst": "AN-N74", "hlc": {"phys": 1758761880166, "cnt": 0, "node": "SA-N116"}, "package_id": "PKG61859", "payload": {"status": "CREATED"}, "sent_ts": 1758761859006, "arrival_ts": 1758761859006}
{"action": "send", "src": "SA-N116", "dst": "AN-N74", "hlc": {"phys": 1758761880461, "cnt": 0, "node": "SA-N116"}, "package_id": "PKG61859", "payload": {"status": "SENT"}, "sent_ts": 1758761859301, "arrival_ts": 1758761859301}
{"action": "send", "src": "SA-N116", "dst": "AN-N74", "hlc": {"phys": 1758761880770, "cnt": 0, "node": "SA-N116"}, "package_id": "PKG61859", "payload": {"status": "IN_TRANSIT"}, "sent_ts": 1758761859610, "arrival_ts": 1758761859610}
{"action": "send", "src": "SA-N116", "dst": "AN-N74", "hlc": {"phys": 1758761881108, "cnt": 0, "node": "SA-N116"}, "package_id": "PKG61859", "payload": {"status": "RECEIVED"}, "sent_ts": 1758761859948, "arrival_ts": 1758761859948}
{"action": "send", "src": "SA-N116", "dst": "AN-N74", "hlc": {"phys": 1758761881473, "cnt": 0, "node": "SA-N116"}, "package_id": "PKG61859", "payload": {"status": "DELIVERED"}, "sent_ts": 1758761860313, "arrival_ts": 1758761860313}
{"action": "send", "src": "SA-N116", "dst": "NA-N61", "hlc": {"phys": 1758764187545, "cnt": 0, "node": "SA-N116"}, "package_id": "PKG64166", "payload": {"status": "CREATED"}, "sent_ts": 1758764166385, "arrival_ts": 1758764166385}
{"action": "send", "src": "SA-N116", "dst": "NA-N61", "hlc": {"phys": 1758764187946, "cnt": 0, "node": "SA-N116"}, "package_id": "PKG64166", "payload": {"status": "SENT"}, "sent_ts": 1758764166786, "arrival_ts": 1758764166786}
{"action": "send", "src": "SA-N116", "dst": "NA-N61", "hlc": {"phys": 1758764188334, "cnt": 0, "node": "SA-N116"}, "package_id": "PKG64166", "payload": {"status": "IN_TRANSIT"}, "sent_ts": 1758764167174, "arrival_ts": 1758764167174}
{"action": "send", "src": "SA-N116", "dst": "NA-N61", "hlc": {"phys": 1758764188549, "cnt": 0, "node": "SA-N116"}, "package_id": "PKG64166", "payload": {"status": "RECEIVED"}, "sent_ts": 1758764167389, "arrival_ts": 1758764167389}
{"action": "send", "src": "SA-N116", "dst": "NA-N61", "hlc": {"phys": 1758764188906, "cnt": 0, "node": "SA-N116"}, "package_id": "PKG64166", "payload": {"status": "DELIVERED"}, "sent_ts": 1758764167746, "arrival_ts": 1758764167746}
{"action": "recv", "src": "AU-N53", "dst": "SA-N116", "hlc": {"phys": 1758803731666, "cnt": 0, "node": "AU-N53"}, "package_id": "PKG3706", "payload": {"status": "CREATED"}, "sent_ts": 1758803706136, "arrival_ts": 1758803706214}
{"action": "recv", "src": "AU-N53", "dst": "SA-N116", "hlc": {"phys": 1758803731967, "cnt": 0, "node": "AU-N53"}, "package_id": "PKG3706", "payload": {"status": "SENT"}, "sent_ts": 1758803706437, "arrival_ts": 1758803706490}
{"action": "recv", "src": "AU-N53", "dst": "SA-N116", "hlc": {"phys": 1758803732239, "cnt": 0, "node": "AU-N53"}, "package_id": "PKG3706", "payload": {"status": "IN_TRANSIT"}, "sent_ts": 1758803706709, "arrival_ts": 1758803706879}
{"action": "recv", "src": "AU-N53", "dst": "SA-N116", "hlc": {"phys": 1758803732619, "cnt": 0, "node": "AU-N53"}, "package_id": "PKG3706", "payload": {"status": "RECEIVED"}, "sent_ts": 1758803707089, "arrival_ts": 1758803707217}
{"action": "recv", "src": "AU-N53", "dst": "SA-N116", "hlc": {"phys": 1758803732959, "cnt": 0, "node": "AU-N53"}, "package_id": "PKG3706", "payload": {"status": "DELIVERED"}, "sent_ts": 1758803707429, "arrival_ts": 1758803707549}
{"action": "recv", "src": "AN-N141", "dst": "SA-N116", "hlc": {"phys": 1758805132852, "cnt": 0, "node": "AN-N141"}, "package_id": "PKG5101", "payload": {"status": "CREATED"}, "sent_ts": 1758805101442, "arrival_ts": 1758805101497}
{"action": "recv", "src": "AN-N141", "dst": "SA-N116", "hlc": {"phys": 1758805133085, "cnt": 0, "node": "AN-N141"}, "package_id": "PKG5101", "payload": {"status": "SENT"}, "sent_ts": 1758805101675, "arrival_ts": 1758805101782}
{"action": "recv", "src": "AN-N141", "dst": "SA-N116", "hlc": {"phys": 1758805133397, "cnt": 0, "node": "AN-N141"}, "package_id": "PKG5101", "payload": {"status": "IN_TRANSIT"}, "sent_ts": 1758805101987, "arrival_ts": 1758805102160}
{"action": "recv", "src": "AN-N141", "dst": "SA-N116", "hlc": {"phys": 1758805133768, "cnt": 0, "node": "AN-N141"}, "package_id": "PKG5101", "payload": {"status": "RECEIVED"}, "sent_ts": 1758805102358, "arrival_ts": 1758805102523}
{"action": "recv", "src": "AN-N141", "dst": "SA-N116", "hlc": {"phys": 1758805134139, "cnt": 0, "node": "AN-N141"}, "package_id": "PKG5101", "payload": {"status": "DELIVERED"}, "sent_ts": 1758805102729, "arrival_ts": 1758805102785}
{"action": "recv", "src": "AU-N183", "dst": "SA-N116", "hlc": {"phys": 1758809554780, "cnt": 0, "node": "AU-N183"}, "package_id": "PKG9527", "payload": {"status": "CREATED"}, "sent_ts": 1758809527950, "arrival_ts": 1758809527973}
{"action": "recv", "src": "AU-N183", "dst": "SA-N116", "hlc": {"phys": 1758809555027, "cnt": 0, "node": "AU-N183"}, "package_id": "PKG9527", "payload": {"status": "SENT"}, "sent_ts": 1758809528197, "arrival_ts": 1758809528296}
{"action": "recv", "src": "AU-N183", "dst": "SA-N116", "hlc": {"phys": 1758809555347, "cnt": 0, "node": "AU-N183"}, "package_id": "PKG9527", "payload": {"status": "IN_TRANSIT"}, "sent_ts": 1758809528517, "arrival_ts": 1758809528644}
{"action": "recv", "src": "AU-N183", "dst": "SA-N116", "hlc": {"phys": 1758809555687, "cnt": 0, "node": "AU-N183"}, "package_id": "PKG9527", "payload": {"status": "RECEIVED"}, "sent_ts": 1758809528857, "arrival_ts": 1758809528992}
{"action": "recv", "src": "AU-N183", "dst": "SA-N116", "hlc": {"phys": 1758809556029, "cnt": 0, "node": "AU-N183"}, "package_id": "PKG9527", "payload": {"status": "DELIVERED"}, "sent_ts": 1758809529199, "arrival_ts": 1758809529362}
{"action": "send", "src": "SA-N116", "dst": "SA-N114", "hlc": {"phys": 1758813626204, "cnt": 0, "node": "SA-N116"}, "package_id": "PKG13605", "payload": {"status": "CREATED"}, "sent_ts": 1758813605044, "arrival_ts": 1758813605044}
{"action": "send", "src": "SA-N116", "dst": "SA-N114", "hlc": {"phys": 1758813626529, "cnt": 0, "node": "SA-N116"}, "package_id": "PKG13605", "payload": {"status": "SENT"}, "sent_ts": 1758813605369, "arrival_ts": 1758813605369}
{"action": "send", "src": "SA-N116", "dst": "SA-N114", "hlc": {"phys": 1758813626777, "cnt": 0, "node": "SA-N116"}, "package_id": "PKG13605", "payload": {"status": "IN_TRANSIT"}, "sent_ts": 1758813605617, "arrival_ts": 1758813605617}
{"action": "send", "src": "SA-N116", "dst": "SA-N114", "hlc": {"phys": 1758813627136, "cnt": 0, "node": "SA-N116"}, "package_id": "PKG13605", "payload": {"status": "RECEIVED"}, "sent_ts": 1758813605976, "arrival_ts": 1758813605976}
{"action": "send", "src": "SA-N116", "dst": "SA-N114", "hlc": {"phys": 1758813627368, "cnt": 0, "node": "SA-N116"}, "package_id": "PKG13605", "payload": {"status": "DELIVERED"}, "sent_ts": 1758813606208, "arrival_ts": 1758813606208}
