{"action": "send", "src": "SA-N120", "dst": "AF-N166", "hlc": {"phys": 1758713192882, "cnt": 0, "node": "SA-N120"}, "package_id": "PKG13171", "payload": {"status": "CREATED"}, "sent_ts": 1758713171682, "arrival_ts": 1758713171682}
{"action": "send", "src": "SA-N120", "dst": "AF-N166", "hlc": {"phys": 1758713193252, "cnt": 0, "node": "SA-N120"}, "package_id": "PKG13171", "payload": {"status": "SENT"}, "sent_ts": 1758713172052, "arrival_ts": 1758713172052}
{"action": "send", "src": "SA-N120", "dst": "AF-N166", "hlc": {"phys": 1758713193622, "cnt": 0, "node": "SA-N120"}, "package_id": "PKG13171", "payload": {"status": "IN_TRANSIT"}, "sent_ts": 1758713172422, "arrival_ts": 1758713172422}
{"action": "send", "src": "SA-N120", "dst": "AF-N166", "hlc": {"phys": 1758713193932, "cnt": 0, "node": "SA-N120"}, "package_id": "PKG13171", "payload": {"status": "RECEIVED"}, "sent_ts": 1758713172732, "arrival_ts": 1758713172732}
{"action": "send", "src": "SA-N120", "dst": "AF-N166", "hlc": {"phys": 1758713194196, "cnt": 0, "node": "SA-N120"}, "package_id": "PKG13171", "payload": {"status": "DELIVERED"}, "sent_ts": 1758713172996, "arrival_ts": 1758713172996}
{"action": "send", "src": "SA-N120", "dst": "AU-N135", "hlc": {"phys": 1758716822461, "cnt": 0, "node": "SA-N120"}, "package_id": "PKG16801", "payload": {"status": "CREATED"}, "sent_ts": 1758716801261, "arrival_ts": 1758716801261}
{"action": "send", "src": "SA-N120", "dst": "AU-N135", "hlc": {"phys": 1758716822755, "cnt": 0, "node": "SA-N120"}, "package_id": "PKG16801", "payload": {"status": "SENT"}, "sent_ts": 1758716801555, "arrival_ts": 1758716801555}
{"action": "send", "src": "SA-N120", "dst": "AU-N135", "hlc": {"phys": 1758716823074, "cnt": 0, "node": "SA-N120"}, "package_id": "PKG16801", "payload": {"status": "IN_TRANSIT"}, "sent_ts": 1758716801874, "arrival_ts": 1758716801874}
{"action": "send", "src": "SA-N120", "dst": "AU-N135", "hlc": {"phys": 1758716823346, "cnt": 0, "node": "SA-N120"}, "package_id": "PKG16801", "payload": {"status": "RECEIVED"}, "sent_ts": 1758716802146, "arrival_ts": 1758716802146}
{"action": "send", "src": "SA-N120", "dst": "AU-N135", "hlc": {"phys": 1758716823597, "cnt": 0, "node": "SA-N120"}, "package_id": "PKG16801", "payload": {"status": "DELIVERED"}, "sent_ts": 1758716802397, "arrival_ts": 1758716802397}
{"action": "recv", "src": "SA-N43", "dst": "SA-N120", "hlc": {"phys": 1758740500539, "cnt": 0, "node": "SA-N43"}, "package_id": "PKG40480", "payload": {"status": "CREATED"}, "sent_ts": 1758740480109, "arrival_ts": 1758740480164}
{"action": "recv", "src": "SA-N43", "dst": "SA-N120", "hlc": {"phys": 1758740500805, "cnt": 0, "node": "SA-N43"}, "package_id": "PKG40480", "payload": {"status": "SENT"}, "sent_ts": 1758740480375, "arrival_ts": 1758740480567}
{"action": "recv", "src": "SA-N43", "dst": "SA-N120", "hlc": {"phys": 1758740501197, "cnt": 0, "node": "SA-N43"}, "package_id": "PKG40480", "payload": {"status": "IN_TRANSIT"}, "sent_ts": 1758740480767, "arrival_ts": 1758740480805}
{"action": "recv", "src": "SA-N43", "dst": "SA-N120", "hlc": {"phys": 1758740501430, "cnt": 0, "node": "SA-N43"}, "package_id": "PKG40480", "payload": {"status": "RECEIVED"}, "sent_ts": 1758740480999, "arrival_ts": 1758740481033}
{"action": "recv", "src": "SA-N43", "dst": "SA-N120", "hlc": {"phys": 1758740501648, "cnt": 0, "node": "SA-N43"}, "package_id": "PKG40480", "payload": {"status": "DELIVERED"}, "sent_ts": 1758740481218, "arrival_ts": 1758740481304}
{"action": "recv", "src": "SA-N38", "dst": "SA-N120", "hlc": {"phys": 1758742883606, "cnt": 0, "node": "SA-N38"}, "package_id": "PKG42863", "payload": {"status": "CREATED"}, "sent_ts": 1758742863226, "arrival_ts": 1758742863247}
{"action": "recv", "src": "SA-N38", "dst": "SA-N120", "hlc": {"phys": 1758742883843, "cnt": 0, "node": "SA-N38"}, "package_id": "PKG42863", "payload": {"status": "SENT"}, "sent_ts": 1758742863463, "arrival_ts": 1758742863510}
{"action": "recv", "src": "SA-N38", "dst": "SA-N120", "hlc": {"phys": 1758742884093, "cnt": 0, "node": "SA-N38"}, "package_id": "PKG42863", "payload": {"status": "IN_TRANSIT"}, "sent_ts": 1758742863713, "arrival_ts": 1758742863885}
{"action": "recv", "src": "SA-N38", "dst": "SA-N120", "hlc": {"phys": 1758742884478, "cnt": 0, "node": "SA-N38"}, "package_id": "PKG42863", "payload": {"status": "RECEIVED"}, "sent_ts": 1758742864098, "arrival_ts": 1758742864223}
{"action": "recv", "src": "SA-N38", "dst": "SA-N120", "hlc": {"phys": 1758742884802, "cnt": 0, "node": "SA-N38"}, "package_id": "PKG42863", "payload": {"status": "DELIVERED"}, "sent_ts": 1758742864422, "arrival_ts": 1758742864622}
{"action": "send", "src": "SA-N120", "dst": "AU-N94", "hlc": {"phys": 1758745408825, "cnt": 0, "node": "SA-N120"}, "package_id": "PKG45387", "payload": {"status": "CREATED"}, "sent_ts": 1758745387625, "arrival_ts": 1758745387625}
{"action": "send", "src": "SA-N120", "dst": "AU-N94", "hlc": {"phys": 1758745409145, "cnt": 0, "node": "SA-N120"}, "package_id": "PKG45387", "payload": {"status": "SENT"}, "sent_ts": 1758745387945, "arrival_ts": 1758745387945}
{"action": "send", "src": "SA-N120", "dst": "AU-N94", "hlc": {"phys": 1758745409497, "cnt": 0, "node": "SA-N120"}, "package_id": "PKG45387", "payload": {"status": "IN_TRANSIT"}, "sent_ts": 1758745388297, "arrival_ts": 1758745388297}
{"action": "send", "src": "SA-N120", "dst": "AU-N94", "hlc": {"phys": 1758745409865, "cnt": 0, "node": "SA-N120"}, "package_id": "PKG45387", "payload": {"status": "RECEIVED"}, "sent_ts": 1758745388665, "arrival_ts": 1758745388665}
{"action": "send", "src": "SA-N120", "dst": "AU-N94", "hlc": {"phys": 1758745410187, "cnt": 0, "node": "SA-N120"}, "package_id": "PKG45387", "payload": {"status": "DELIVERED"}, "sent_ts": 1758745388987, "arrival_ts": 1758745388987}
{"action": "recv", "src": "SA-N177", "dst": "SA-N120", "hlc": {"phys": 1758747236302, "cnt": 0, "node": "SA-N177"}, "package_id": "PKG47214", "payload": {"status": "CREATED"}, "sent_ts": 1758747214532, "arrival_ts": 1758747214736}
{"action": "recv", "src": "SA-N177", "dst": "SA-N120", "hlc": {"phys": 1758747236723, "cnt": 0, "node": "SA-N177"}, "package_id": "PKG47214", "payload": {"status": "SENT"}, "sent_ts": 1758747214953, "arrival_ts": 1758747215102}
{"action": "recv", "src": "SA-N177", "dst": "SA-N120", "hlc": {"phys": 1758747237081, "cnt": 0, "node": "SA-N177"}, "package_id": "PKG47214", "payload": {"status": "IN_TRANSIT"}, "sent_ts": 1758747215311, "arrival_ts": 1758747215478}
{"action": "recv", "src": "SA-N177", "dst": "SA-N120", "hlc": {"phys": 1758747237445, "cnt": 0, "node": "SA-N177"}, "package_id": "PKG47214", "payload": {"status": "RECEIVED"}, "sent_ts": 1758747215675, "arrival_ts": 1758747215794}
{"action": "recv", "src": "SA-N177", "dst": "SA-N120", "hlc": {"phys": 1758747237762, "cnt": 0, "node": "SA-N177"}, "package_id": "PKG47214", "payload": {"status": "DELIVERED"}, "sent_ts": 1758747215992, "arrival_ts": 1758747216131}
{"action": "recv", "src": "EU-N29", "dst": "SA-N120", "hlc": {"phys": 1758752585117, "cnt": 0, "node": "EU-N29"}, "package_id": "PKG52579", "payload": {"status": "CREATED"}, "sent_ts": 1758752579827, "arrival_ts": 1758752580010}
{"action": "recv", "src": "EU-N29", "dst": "SA-N120", "hlc": {"phys": 1758752585494, "cnt": 0, "node": "EU-N29"}, "package_id": "PKG52579", "payload": {"status": "SENT"}, "sent_ts": 1758752580204, "arrival_ts": 1758752580256}
{"action": "recv", "src": "EU-N29", "dst": "SA-N120", "hlc": {"phys": 1758752585753, "cnt": 0, "node": "EU-N29"}, "package_id": "PKG52579", "payload": {"status": "IN_TRANSIT"}, "sent_ts": 1758752580463, "arrival_ts": 1758752580590}
{"action": "recv", "src": "EU-N29", "dst": "SA-N120", "hlc": {"phys": 1758752586094, "cnt": 0, "node": "EU-N29"}, "package_id": "PKG52579", "payload": {"status": "RECEIVED"}, "sent_ts": 1758752580804, "arrival_ts": 1758752580985}
{"action": "recv", "src": "EU-N29", "dst": "SA-N120", "hlc": {"phys": 1758752586492, "cnt": 0, "node": "EU-N29"}, "package_id": "PKG52579", "payload": {"status": "DELIVERED"}, "sent_ts": 1758752581202, "arrival_ts": 1758752581260}
{"action": "send", "src": "SA-N120", "dst": "AF-N47", "hlc": {"phys": 1758753632596, "cnt": 0, "node": "SA-N120"}, "package_id": "PKG53611", "payload": {"status": "CREATED"}, "sent_ts": 1758753611396, "arrival_ts": 1758753611396}
{"action": "send", "src": "SA-N120", "dst": "AF-N47", "hlc": {"phys": 1758753632862, "cnt": 0, "node": "SA-N120"}, "package_id": "PKG53611", "payload": {"status": "SENT"}, "sent_ts": 1758753611662, "arrival_ts": 1758753611662}
{"action": "send", "src": "SA-N120", "dst": "AF-N47", "hlc": {"phys": 1758753633227, "cnt": 0, "node": "SA-N120"}, "package_id": "PKG53611", "payload": {"status": "IN_TRANSIT"}, "sent_ts": 1758753612027, "arrival_ts": 1758753612027}
{"action": "send", "src": "SA-N120", "dst": "AF-N47", "hlc": {"phys": 1758753633596, "cnt": 0, "node": "SA-N120"}, "package_id": "PKG53611", "payload": {"status": "RECEIVED"}, "sent_ts": 1758753612396, "arrival_ts": 1758753612396}
{"action": "send", "src": "SA-N120", "dst": "AF-N47", "hlc": {"phys": 1758753633853, "cnt": 0, "node": "SA-N120"}, "package_id": "PKG53611", "payload": {"status": "DELIVERED"}, "sent_ts": 1758753612653, "arrival_ts": 1758753612653}
{"action": "recv", "src": "SA-N107", "dst": "SA-N120", "hlc": {"phys": 1758753952208, "cnt": 0, "node": "SA-N107"}, "package_id": "PKG53931", "payload": {"status": "CREATED"}, "sent_ts": 1758753931138, "arrival_ts": 1758753931178}
{"action": "recv", "src": "SA-N107", "dst": "SA-N120", "hlc": {"phys": 1758753952452, "cnt": 0, "node": "SA-N107"}, "package_id": "PKG53931", "payload": {"status": "SENT"}, "sent_ts": 1758753931382, "arrival_ts": 1758753931414}
{"action": "recv", "src": "SA-N107", "dst": "SA-N120", "hlc": {"phys": 1758753952693, "cnt": 0, "node": "SA-N107"}, "package_id": "PKG53931", "payload": {"status": "IN_TRANSIT"}, "sent_ts": 1758753931623, "arrival_ts": 1758753931707}
{"action": "recv", "src": "SA-N107", "dst": "SA-N120", "hlc": {"phys": 1758753952985, "cnt": 0, "node": "SA-N107"}, "package_id": "PKG53931", "payload": {"status": "RECEIVED"}, "sent_ts": 1758753931915, "arrival_ts": 1758753932059}
{"action": "recv", "src": "SA-N107", "dst": "SA-N120", "hlc": {"phys": 1758753953343, "cnt": 0, "node": "SA-N107"}, "package_id": "PKG53931", "payload": {"status": "DELIVERED"}, "sent_ts": 1758753932273, "arrival_ts": 1758753932466}
{"action": "recv", "src": "SA-N160", "dst": "SA-N120", "hlc": {"phys": 1758754630516, "cnt": 0, "node": "SA-N160"}, "package_id": "PKG54608", "payload": {"status": "CREATED"}, "sent_ts": 1758754608916, "arrival_ts": 1758754609049}
{"action": "recv", "src": "SA-N160", "dst": "SA-N120", "hlc": {"phys": 1758754630864, "cnt": 0, "node": "SA-N160"}, "package_id": "PKG54608", "payload": {"status": "SENT"}, "sent_ts": 1758754609264, "arrival_ts": 1758754609462}
{"action": "recv", "src": "SA-N160", "dst": "SA-N120", "hlc": {"phys": 1758754631264, "cnt": 0, "node": "SA-N160"}, "package_id": "PKG54608", "payload": {"status": "IN_TRANSIT"}, "sent_ts": 1758754609664, "arrival_ts": 1758754609802}
{"action": "recv", "src": "SA-N160", "dst": "SA-N120", "hlc": {"phys": 1758754631621, "cnt": 0, "node": "SA-N160"}, "package_id": "PKG54608", "payload": {"status": "RECEIVED"}, "sent_ts": 1758754610021, "arrival_ts": 1758754610127}
{"action": "recv", "src": "SA-N160", "dst": "SA-N120", "hlc": {"phys": 1758754631949, "cnt": 0, "node": "SA-N160"}, "package_id": "PKG54608", "payload": {"status": "DELIVERED"}, "sent_ts": 1758754610349, "arrival_ts": 1758754610507}
{"action": "recv", "src": "AS-N13", "dst": "SA-N120", "hlc": {"phys": 1758755727475, "cnt": 0, "node": "AS-N13"}, "package_id": "PKG55717", "payload": {"status": "CREATED"}, "sent_ts": 1758755717345, "arrival_ts": 1758755717483}
{"action": "recv", "src": "AS-N13", "dst": "SA-N120", "hlc": {"phys": 1758755727810, "cnt": 0, "node": "AS-N13"}, "package_id": "PKG55717", "payload": {"status": "SENT"}, "sent_ts": 1758755717680, "arrival_ts": 1758755717858}
{"action": "recv", "src": "AS-N13", "dst": "SA-N120", "hlc": {"phys": 1758755728205, "cnt": 0, "node": "AS-N13"}, "package_id": "PKG55717", "payload": {"status": "IN_TRANSIT"}, "sent_ts": 1758755718075, "arrival_ts": 1758755718193}
{"action": "recv", "src": "AS-N13", "dst": "SA-N120", "hlc": {"phys": 1758755728524, "cnt": 0, "node": "AS-N13"}, "package_id": "PKG55717", "payload": {"status": "RECEIVED"}, "sent_ts": 1758755718394, "arrival_ts": 1758755718576}
{"action": "recv", "src": "AS-N13", "dst": "SA-N120", "hlc": {"phys": 1758755728929, "cnt": 0, "node": "AS-N13"}, "package_id": "PKG55717", "payload": {"status": "DELIVERED"}, "sent_ts": 1758755718799, "arrival_ts": 1758755718929}
{"action": "recv", "src": "AF-N190", "dst": "SA-N120", "hlc": {"phys": 1758756342663, "cnt": 0, "node": "AF-N190"}, "package_id": "PKG56325", "payload": {"status": "CREATED"}, "sent_ts": 1758756325763, "arrival_ts": 1758756325849}
{"action": "recv", "src": "AF-N190", "dst": "SA-N120", "hlc": {"phys": 1758756342969, "cnt": 0, "node": "AF-N190"}, "package_id": "PKG56325", "payload": {"status": "SENT"}, "sent_ts": 1758756326069, "arrival_ts": 1758756326134}
{"action": "recv", "src": "AF-N190", "dst": "SA-N120", "hlc": {"phys": 1758756343240, "cnt": 0, "node": "AF-N190"}, "package_id": "PKG56325", "payload": {"status": "IN_TRANSIT"}, "sent_ts": 1758756326340, "arrival_ts": 1758756326357}
{"action": "recv", "src": "AF-N190", "dst": "SA-N120", "hlc": {"phys": 1758756343479, "cnt": 0, "node": "AF-N190"}, "package_id": "PKG56325", "payload": {"status": "RECEIVED"}, "sent_ts": 1758756326579, "arrival_ts": 1758756326699}
{"action": "recv", "src": "AF-N190", "dst": "SA-N120", "hlc": {"phys": 1758756343809, "cnt": 0, "node": "AF-N190"}, "package_id": "PKG56325", "payload": {"status": "DELIVERED"}, "sent_ts": 1758756326909, "arrival_ts": 1758756327067}
{"action": "send", "src": "SA-N120", "dst": "NA-N129", "hlc": {"phys": 1758760350322, "cnt": 0, "node": "SA-N120"}, "package_id": "PKG60329", "payload": {"status": "CREATED"}, "sent_ts": 1758760329122, "arrival_ts": 1758760329122}
{"action": "send", "src": "SA-N120", "dst": "NA-N129", "hlc": {"phys": 1758760350658, "cnt": 0, "node": "SA-N120"}, "package_id": "PKG60329", "payload": {"status": "SENT"}, "sent_ts": 1758760329458, "arrival_ts": 1758760329458}
{"action": "send", "src": "SA-N120", "dst": "NA-N129", "hlc": {"phys": 1758760350922, "cnt": 0, "node": "SA-N120"}, "package_id": "PKG60329", "payload": {"status": "IN_TRANSIT"}, "sent_ts": 1758760329722, "arrival_ts": 1758760329722}
{"action": "send", "src": "SA-N120", "dst": "NA-N129", "hlc": {"phys": 1758760351288, "cnt": 0, "node": "SA-N120"}, "package_id": "PKG60329", "payload": {"status": "RECEIVED"}, "sent_ts": 1758760330088, "arrival_ts": 1758760330088}
{"action": "send", "src": "SA-N120", "dst": "NA-N129", "hlc": {"phys": 1758760351547, "cnt": 0, "node": "SA-N120"}, "package_id": "PKG60329", "payload": {"status": "DELIVERED"}, "sent_ts": 1758760330347, "arrival_ts": 1758760330347}
{"action": "send", "src": "SA-N120", "dst": "AN-N10", "hlc": {"phys": 1758762020531, "cnt": 0, "node": "SA-N120"}, "package_id": "PKG61999", "payload": {"status": "CREATED"}, "sent_ts": 1758761999331, "arrival_ts": 1758761999331}
{"action": "send", "src": "SA-N120", "dst": "AN-N10", "hlc": {"phys": 1758762020887, "cnt": 0, "node": "SA-N120"}, "package_id": "PKG61999", "payload": {"status": "SENT"}, "sent_ts": 1758761999687, "arrival_ts": 1758761999687}
{"action": "send", "src": "SA-N120", "dst": "AN-N10", "hlc": {"phys": 1758762021168, "cnt": 0, "node": "SA-N120"}, "package_id": "PKG61999", "payload": {"status": "IN_TRANSIT"}, "sent_ts": 1758761999968, "arrival_ts": 1758761999968}
{"action": "send", "src": "SA-N120", "dst": "AN-N10", "hlc": {"phys": 1758762021448, "cnt": 0, "node": "SA-N120"}, "package_id": "PKG61999", "payload": {"status": "RECEIVED"}, "sent_ts": 1758762000248, "arrival_ts": 1758762000248}
{"action": "send", "src": "SA-N120", "dst": "AN-N10", "hlc": {"phys": 1758762021758, "cnt": 0, "node": "SA-N120"}, "package_id": "PKG61999", "payload": {"status": "DELIVERED"}, "sent_ts": 1758762000558, "arrival_ts": 1758762000558}
{"action": "send", "src": "SA-N120", "dst": "AF-N192", "hlc": {"phys": 1758762624682, "cnt": 0, "node": "SA-N120"}, "package_id": "PKG62603", "payload": {"status": "CREATED"}, "sent_ts": 1758762603482, "arrival_ts": 1758762603482}
{"action": "send", "src": "SA-N120", "dst": "AF-N192", "hlc": {"phys": 1758762624993, "cnt": 0, "node": "SA-N120"}, "package_id": "PKG62603", "payload": {"status": "SENT"}, "sent_ts": 1758762603793, "arrival_ts": 1758762603793}
{"action": "send", "src": "SA-N120", "dst": "AF-N192", "hlc": {"phys": 1758762625398, "cnt": 0, "node": "SA-N120"}, "package_id": "PKG62603", "payload": {"status": "IN_TRANSIT"}, "sent_ts": 1758762604198, "arrival_ts": 1758762604198}
{"action": "send", "src": "SA-N120", "dst": "AF-N192", "hlc": {"phys": 1758762625739, "cnt": 0, "node": "SA-N120"}, "package_id": "PKG62603", "payload": {"status": "RECEIVED"}, "sent_ts": 1758762604539, "arrival_ts": 1758762604539}
{"action": "send", "src": "SA-N120", "dst": "AF-N192", "hlc": {"phys": 1758762626007, "cnt": 0, "node": "SA-N120"}, "package_id": "PKG62603", "payload": {"status": "DELIVERED"}, "sent_ts": 1758762604807, "arrival_ts": 1758762604807}
{"action": "send", "src": "SA-N120", "dst": "AN-N183", "hlc": {"phys": 1758800361493, "cnt": 0, "node": "SA-N120"}, "package_id": "PKG340", "payload": {"status": "CREATED"}, "sent_ts": 1758800340293, "arrival_ts": 1758800340293}
{"action": "send", "src": "SA-N120", "dst": "AN-N183", "hlc": {"phys": 1758800361863, "cnt": 0, "node": "SA-N120"}, "package_id": "PKG340", "payload": {"status": "SENT"}, "sent_ts": 1758800340663, "arrival_ts": 1758800340663}
{"action": "send", "src": "SA-N120", "dst": "AN-N183", "hlc": {"phys": 1758800364753, "cnt": 0, "node": "SA-N120"}, "package_id": "PKG340", "payload": {"status": "IN_TRANSIT"}, "sent_ts": 1758800343553, "arrival_ts": 1758800343553}
{"action": "send", "src": "SA-N120", "dst": "AN-N183", "hlc": {"phys": 1758800365027, "cnt": 0, "node": "SA-N120"}, "package_id": "PKG340", "payload": {"status": "RECEIVED"}, "sent_ts": 1758800343827, "arrival_ts": 1758800343827}
{"action": "send", "src": "SA-N120", "dst": "AN-N183", "hlc": {"phys": 1758800365407, "cnt": 0, "node": "SA-N120"}, "package_id": "PKG340", "payload": {"status": "DELIVERED"}, "sent_ts": 1758800344207, "arrival_ts": 1758800344207}
{"action": "recv", "src": "AN-N135", "dst": "SA-N120", "hlc": {"phys": 1758800507615, "cnt": 0, "node": "AN-N135"}, "package_id": "PKG476", "payload": {"status": "CREATED"}, "sent_ts": 1758800476265, "arrival_ts": 1758800476379}
{"action": "recv", "src": "AN-N135", "dst": "SA-N120", "hlc": {"phys": 1758800507942, "cnt": 0, "node": "AN-N135"}, "package_id": "PKG476", "payload": {"status": "SENT"}, "sent_ts": 1758800476592, "arrival_ts": 1758800476630}
{"action": "recv", "src": "AN-N135", "dst": "SA-N120", "hlc": {"phys": 1758800508185, "cnt": 0, "node": "AN-N135"}, "package_id": "PKG476", "payload": {"status": "IN_TRANSIT"}, "sent_ts": 1758800476835, "arrival_ts": 1758800476983}
{"action": "recv", "src": "AN-N135", "dst": "SA-N120", "hlc": {"phys": 1758800508548, "cnt": 0, "node": "AN-N135"}, "package_id": "PKG476", "payload": {"status": "RECEIVED"}, "sent_ts": 1758800477198, "arrival_ts": 1758800477249}
{"action": "recv", "src": "AN-N135", "dst": "SA-N120", "hlc": {"phys": 1758800508814, "cnt": 0, "node": "AN-N135"}, "package_id": "PKG476", "payload": {"status": "DELIVERED"}, "sent_ts": 1758800477464, "arrival_ts": 1758800477646}
{"action": "send", "src": "SA-N120", "dst": "EU-N15", "hlc": {"phys": 1758801371219, "cnt": 0, "node": "SA-N120"}, "package_id": "PKG1350", "payload": {"status": "CREATED"}, "sent_ts": 1758801350019, "arrival_ts": 1758801350019}
{"action": "send", "src": "SA-N120", "dst": "EU-N15", "hlc": {"phys": 1758801371562, "cnt": 0, "node": "SA-N120"}, "package_id": "PKG1350", "payload": {"status": "SENT"}, "sent_ts": 1758801350362, "arrival_ts": 1758801350362}
{"action": "send", "src": "SA-N120", "dst": "EU-N15", "hlc": {"phys": 1758801371841, "cnt": 0, "node": "SA-N120"}, "package_id": "PKG1350", "payload": {"status": "IN_TRANSIT"}, "sent_ts": 1758801350641, "arrival_ts": 1758801350641}
{"action": "send", "src": "SA-N120", "dst": "EU-N15", "hlc": {"phys": 1758801372165, "cnt": 0, "node": "SA-N120"}, "package_id": "PKG1350", "payload": {"status": "RECEIVED"}, "sent_ts": 1758801350965, "arrival_ts": 1758801350965}
{"action": "send", "src": "SA-N120", "dst": "EU-N15", "hlc": {"phys": 1758801372555, "cnt": 0, "node": "SA-N120"}, "package_id": "PKG1350", "payload": {"status": "DELIVERED"}, "sent_ts": 1758801351355, "arrival_ts": 1758801351355}
{"action": "send", "src": "SA-N120", "dst": "AN-N130", "hlc": {"phys": 1758805965230, "cnt": 0, "node": "SA-N120"}, "package_id": "PKG5944", "payload": {"status": "CREATED"}, "sent_ts": 1758805944030, "arrival_ts": 1758805944030}
{"action": "send", "src": "SA-N120", "dst": "AN-N130", "hlc": {"phys": 1758805965552, "cnt": 0, "node": "SA-N120"}, "package_id": "PKG5944", "payload": {"status": "SENT"}, "sent_ts": 1758805944352, "arrival_ts": 1758805944352}
{"action": "send", "src": "SA-N120", "dst": "AN-N130", "hlc": {"phys": 1758805965967, "cnt": 0, "node": "SA-N120"}, "package_id": "PKG5944", "payload": {"status": "IN_TRANSIT"}, "sent_ts": 1758805944767, "arrival_ts": 1758805944767}
{"action": "send", "src": "SA-N120", "dst": "AN-N130", "hlc": {"phys": 1758805966260, "cnt": 0, "node": "SA-N120"}, "package_id": "PKG5944", "payload": {"status": "RECEIVED"}, "sent_ts": 1758805945060, "arrival_ts": 1758805945060}
{"action": "send", "src": "SA-N120", "dst": "AN-N130", "hlc": {"phys": 1758805966646, "cnt": 0, "node": "SA-N120"}, "package_id": "PKG5944", "payload": {"status": "DELIVERED"}, "sent_ts": 1758805945446, "arrival_ts": 1758805945446}
{"action": "send", "src": "SA-N120", "dst": "AN-N163", "hlc": {"phys": 1758810740054, "cnt": 0, "node": "SA-N120"}, "package_id": "PKG10718", "payload": {"status": "CREATED"}, "sent_ts": 1758810718854, "arrival_ts": 1758810718854}
{"action": "send", "src": "SA-N120", "dst": "AN-N163", "hlc": {"phys": 1758810740459, "cnt": 0, "node": "SA-N120"}, "package_id": "PKG10718", "payload": {"status": "SENT"}, "sent_ts": 1758810719259, "arrival_ts": 1758810719259}
{"action": "send", "src": "SA-N120", "dst": "AN-N163", "hlc": {"phys": 1758810740675, "cnt": 0, "node": "SA-N120"}, "package_id": "PKG10718", "payload": {"status": "IN_TRANSIT"}, "sent_ts": 1758810719475, "arrival_ts": 1758810719475}
{"action": "send", "src": "SA-N120", "dst": "AN-N163", "hlc": {"phys": 1758810740988, "cnt": 0, "node": "SA-N120"}, "package_id": "PKG10718", "payload": {"status": "RECEIVED"}, "sent_ts": 1758810719788, "arrival_ts": 1758810719788}
{"action": "send", "src": "SA-N120", "dst": "AN-N163", "hlc": {"phys": 1758810741346, "cnt": 0, "node": "SA-N120"}, "package_id": "PKG10718", "payload": {"status": "DELIVERED"}, "sent_ts": 1758810720146, "arrival_ts": 1758810720146}
{"action": "recv", "src": "AN-N56", "dst": "SA-N120", "hlc": {"phys": 1758811607829, "cnt": 0, "node": "AN-N56"}, "package_id": "PKG11577", "payload": {"status": "CREATED"}, "sent_ts": 1758811577269, "arrival_ts": 1758811577444}
{"action": "recv", "src": "AN-N56", "dst": "SA-N120", "hlc": {"phys": 1758811608201, "cnt": 0, "node": "AN-N56"}, "package_id": "PKG11577", "payload": {"status": "SENT"}, "sent_ts": 1758811577641, "arrival_ts": 1758811577821}
{"action": "recv", "src": "AN-N56", "dst": "SA-N120", "hlc": {"phys": 1758811608589, "cnt": 0, "node": "AN-N56"}, "package_id": "PKG11577", "payload": {"status": "IN_TRANSIT"}, "sent_ts": 1758811578029, "arrival_ts": 1758811578227}
{"action": "recv", "src": "AN-N56", "dst": "SA-N120", "hlc": {"phys": 1758811608995, "cnt": 0, "node": "AN-N56"}, "package_id": "PKG11577", "payload": {"status": "RECEIVED"}, "sent_ts": 1758811578435, "arrival_ts": 1758811578626}
{"action": "recv", "src": "AN-N56", "dst": "SA-N120", "hlc": {"phys": 1758811609400, "cnt": 0, "node": "AN-N56"}, "package_id": "PKG11577", "payload": {"status": "DELIVERED"}, "sent_ts": 1758811578840, "arrival_ts": 1758811578895}
{"action": "send", "src": "SA-N120", "dst": "AN-N108", "hlc": {"phys": 1758813248514, "cnt": 0, "node": "SA-N120"}, "package_id": "PKG13227", "payload": {"status": "CREATED"}, "sent_ts": 1758813227314, "arrival_ts": 1758813227314}
{"action": "send", "src": "SA-N120", "dst": "AN-N108", "hlc": {"phys": 1758813248731, "cnt": 0, "node": "SA-N120"}, "package_id": "PKG13227", "payload": {"status": "SENT"}, "sent_ts": 1758813227531, "arrival_ts": 1758813227531}
{"action": "send", "src": "SA-N120", "dst": "AN-N108", "hlc": {"phys": 1758813249073, "cnt": 0, "node": "SA-N120"}, "package_id": "PKG13227", "payload": {"status": "IN_TRANSIT"}, "sent_ts": 1758813227873, "arrival_ts": 1758813227873}
{"action": "send", "src": "SA-N120", "dst": "AN-N108", "hlc": {"phys": 1758813249419, "cnt": 0, "node": "SA-N120"}, "package_id": "PKG13227", "payload": {"status": "RECEIVED"}, "sent_ts": 1758813228219, "arrival_ts": 1758813228219}
{"action": "send", "src": "SA-N120", "dst": "AN-N108", "hlc": {"phys": 1758813249713, "cnt": 0, "node": "SA-N120"}, "package_id": "PKG13227", "payload": {"status": "DELIVERED"}, "sent_ts": 1758813228513, "arrival_ts": 1758813228513}
{"action": "send", "src": "SA-N120", "dst": "NA-N86", "hlc": {"phys": 1758815381678, "cnt": 0, "node": "SA-N120"}, "package_id": "PKG15360", "payload": {"status": "CREATED"}, "sent_ts": 1758815360478, "arrival_ts": 1758815360478}
{"action": "send", "src": "SA-N120", "dst": "NA-N86", "hlc": {"phys": 1758815382005, "cnt": 0, "node": "SA-N120"}, "package_id": "PKG15360", "payload": {"status": "SENT"}, "sent_ts": 1758815360805, "arrival_ts": 1758815360805}
{"action": "send", "src": "SA-N120", "dst": "NA-N86", "hlc": {"phys": 1758815382364, "cnt": 0, "node": "SA-N120"}, "package_id": "PKG15360", "payload": {"status": "IN_TRANSIT"}, "sent_ts": 1758815361164, "arrival_ts": 1758815361164}
{"action": "send", "src": "SA-N120", "dst": "NA-N86", "hlc": {"phys": 1758815382701, "cnt": 0, "node": "SA-N120"}, "package_id": "PKG15360", "payload": {"status": "RECEIVED"}, "sent_ts": 1758815361501, "arrival_ts": 1758815361501}
{"action": "send", "src": "SA-N120", "dst": "NA-N86", "hlc": {"phys": 1758815383028, "cnt": 0, "node": "SA-N120"}, "package_id": "PKG15360", "payload": {"status": "DELIVERED"}, "sent_ts": 1758815361828, "arrival_ts": 1758815361828}
{"action": "recv", "src": "SA-N114", "dst": "SA-N120", "hlc": {"phys": 1758815743085, "cnt": 0, "node": "SA-N114"}, "package_id": "PKG15721", "payload": {"status": "CREATED"}, "sent_ts": 1758815721945, "arrival_ts": 1758815722037}
{"action": "recv", "src": "SA-N114", "dst": "SA-N120", "hlc": {"phys": 1758815743380, "cnt": 0, "node": "SA-N114"}, "package_id": "PKG15721", "payload": {"status": "SENT"}, "sent_ts": 1758815722240, "arrival_ts": 1758815722263}
{"action": "recv", "src": "SA-N114", "dst": "SA-N120", "hlc": {"phys": 1758815743610, "cnt": 0, "node": "SA-N114"}, "package_id": "PKG15721", "payload": {"status": "IN_TRANSIT"}, "sent_ts": 1758815722470, "arrival_ts": 1758815722506}
{"action": "recv", "src": "SA-N114", "dst": "SA-N120", "hlc": {"phys": 1758815743857, "cnt": 0, "node": "SA-N114"}, "package_id": "PKG15721", "payload": {"status": "RECEIVED"}, "sent_ts": 1758815722717, "arrival_ts": 1758815722786}
{"action": "recv", "src": "SA-N114", "dst": "SA-N120", "hlc": {"phys": 1758815744134, "cnt": 0, "node": "SA-N114"}, "package_id": "PKG15721", "payload": {"status": "DELIVERED"}, "sent_ts": 1758815722994, "arrival_ts": 1758815723153}
