{"action": "recv", "src": "SA-N176", "dst": "SA-N76", "hlc": {"phys": 1758716385733, "cnt": 0, "node": "SA-N176"}, "package_id": "PKG16363", "payload": {"status": "CREATED"}, "sent_ts": 1758716363973, "arrival_ts": 1758716364008}
{"action": "recv", "src": "SA-N176", "dst": "SA-N76", "hlc": {"phys": 1758716385969, "cnt": 0, "node": "SA-N176"}, "package_id": "PKG16363", "payload": {"status": "SENT"}, "sent_ts": 1758716364209, "arrival_ts": 1758716364395}
{"action": "recv", "src": "SA-N176", "dst": "SA-N76", "hlc": {"phys": 1758716386357, "cnt": 0, "node": "SA-N176"}, "package_id": "PKG16363", "payload": {"status": "IN_TRANSIT"}, "sent_ts": 1758716364597, "arrival_ts": 1758716364787}
{"action": "recv", "src": "SA-N176", "dst": "SA-N76", "hlc": {"phys": 1758716386749, "cnt": 0, "node": "SA-N176"}, "package_id": "PKG16363", "payload": {"status": "RECEIVED"}, "sent_ts": 1758716364989, "arrival_ts": 1758716365028}
{"action": "recv", "src": "SA-N176", "dst": "SA-N76", "hlc": {"phys": 1758716386986, "cnt": 0, "node": "SA-N176"}, "package_id": "PKG16363", "payload": {"status": "DELIVERED"}, "sent_ts": 1758716365226, "arrival_ts": 1758716365254}
{"action": "send", "src": "SA-N76", "dst": "EU-N20", "hlc": {"phys": 1758718543935, "cnt": 0, "node": "SA-N76"}, "package_id": "PKG18523", "payload": {"status": "CREATED"}, "sent_ts": 1758718523175, "arrival_ts": 1758718523175}
{"action": "send", "src": "SA-N76", "dst": "EU-N20", "hlc": {"phys": 1758718544339, "cnt": 0, "node": "SA-N76"}, "package_id": "PKG18523", "payload": {"status": "SENT"}, "sent_ts": 1758718523579, "arrival_ts": 1758718523579}
{"action": "send", "src": "SA-N76", "dst": "EU-N20", "hlc": {"phys": 1758718544643, "cnt": 0, "node": "SA-N76"}, "package_id": "PKG18523", "payload": {"status": "IN_TRANSIT"}, "sent_ts": 1758718523883, "arrival_ts": 1758718523883}
{"action": "send", "src": "SA-N76", "dst": "EU-N20", "hlc": {"phys": 1758718545032, "cnt": 0, "node": "SA-N76"}, "package_id": "PKG18523", "payload": {"status": "RECEIVED"}, "sent_ts": 1758718524272, "arrival_ts": 1758718524272}
{"action": "send", "src": "SA-N76", "dst": "EU-N20", "hlc": {"phys": 1758718545338, "cnt": 0, "node": "SA-N76"}, "package_id": "PKG18523", "payload": {"status": "DELIVERED"}, "sent_ts": 1758718524578, "arrival_ts": 1758718524578}
{"action": "send", "src": "SA-N76", "dst": "AF-N196", "hlc": {"phys": 1758738501260, "cnt": 0, "node": "SA-N76"}, "package_id": "PKG38480", "payload": {"status": "CREATED"}, "sent_ts": 1758738480500, "arrival_ts": 1758738480500}
{"action": "send", "src": "SA-N76", "dst": "AF-N196", "hlc": {"phys": 1758738501581, "cnt": 0, "node": "SA-N76"}, "package_id": "PKG38480", "payload": {"status": "SENT"}, "sent_ts": 1758738480821, "arrival_ts": 1758738480821}
{"action": "send", "src": "SA-N76", "dst": "AF-N196", "hlc": {"phys": 1758738501977, "cnt": 0, "node": "SA-N76"}, "package_id": "PKG38480", "payload": {"status": "IN_TRANSIT"}, "sent_ts": 1758738481217, "arrival_ts": 1758738481217}
{"action": "send", "src": "SA-N76", "dst": "AF-N196", "hlc": {"phys": 1758738502228, "cnt": 0, "node": "SA-N76"}, "package_id": "PKG38480", "payload": {"status": "RECEIVED"}, "sent_ts": 1758738481468, "arrival_ts": 1758738481468}
{"action": "send", "src": "SA-N76", "dst": "AF-N196", "hlc": {"phys": 1758738502450, "cnt": 0, "node": "SA-N76"}, "package_id": "PKG38480", "payload": {"status": "DELIVERED"}, "sent_ts": 1758738481690, "arrival_ts": 1758738481690}
{"action": "send", "src": "SA-N76", "dst": "AN-N27", "hlc": {"phys": 1758738915561, "cnt": 0, "node": "SA-N76"}, "package_id": "PKG38894", "payload": {"status": "CREATED"}, "sent_ts": 1758738894801, "arrival_ts": 1758738894802}
{"action": "send", "src": "SA-N76", "dst": "AN-N27", "hlc": {"phys": 1758738915833, "cnt": 0, "node": "SA-N76"}, "package_id": "PKG38894", "payload": {"status": "SENT"}, "sent_ts": 1758738895073, "arrival_ts": 1758738895073}
{"action": "send", "src": "SA-N76", "dst": "AN-N27", "hlc": {"phys": 1758738916062, "cnt": 0, "node": "SA-N76"}, "package_id": "PKG38894", "payload": {"status": "IN_TRANSIT"}, "sent_ts": 1758738895302, "arrival_ts": 1758738895302}
{"action": "send", "src": "SA-N76", "dst": "AN-N27", "hlc": {"phys": 1758738916458, "cnt": 0, "node": "SA-N76"}, "package_id": "PKG38894", "payload": {"status": "RECEIVED"}, "sent_ts": 1758738895698, "arrival_ts": 1758738895698}
{"action": "send", "src": "SA-N76", "dst": "AN-N27", "hlc": {"phys": 1758738916755, "cnt": 0, "node": "SA-N76"}, "package_id": "PKG38894", "payload": {"status": "DELIVERED"}, "sent_ts": 1758738895995, "arrival_ts": 1758738895995}
{"action": "recv", "src": "NA-N96", "dst": "SA-N76", "hlc": {"phys": 1758739983856, "cnt": 0, "node": "NA-N96"}, "package_id": "PKG39982", "payload": {"status": "CREATED"}, "sent_ts": 1758739982896, "arrival_ts": 1758739982984}
{"action": "recv", "src": "NA-N96", "dst": "SA-N76", "hlc": {"phys": 1758739984149, "cnt": 0, "node": "NA-N96"}, "package_id": "PKG39982", "payload": {"status": "SENT"}, "sent_ts": 1758739983189, "arrival_ts": 1758739983262}
{"action": "recv", "src": "NA-N96", "dst": "SA-N76", "hlc": {"phys": 1758739984419, "cnt": 0, "node": "NA-N96"}, "package_id": "PKG39982", "payload": {"status": "IN_TRANSIT"}, "sent_ts": 1758739983459, "arrival_ts": 1758739983525}
{"action": "recv", "src": "NA-N96", "dst": "SA-N76", "hlc": {"phys": 1758739984692, "cnt": 0, "node": "NA-N96"}, "package_id": "PKG39982", "payload": {"status": "RECEIVED"}, "sent_ts": 1758739983732, "arrival_ts": 1758739983821}
{"action": "recv", "src": "NA-N96", "dst": "SA-N76", "hlc": {"phys": 1758739984981, "cnt": 0, "node": "NA-N96"}, "package_id": "PKG39982", "payload": {"status": "DELIVERED"}, "sent_ts": 1758739984021, "arrival_ts": 1758739984209}
{"action": "send", "src": "SA-N76", "dst": "AF-N24", "hlc": {"phys": 1758740806943, "cnt": 0, "node": "SA-N76"}, "package_id": "PKG40786", "payload": {"status": "CREATED"}, "sent_ts": 1758740786183, "arrival_ts": 1758740786183}
{"action": "send", "src": "SA-N76", "dst": "AF-N24", "hlc": {"phys": 1758740807352, "cnt": 0, "node": "SA-N76"}, "package_id": "PKG40786", "payload": {"status": "SENT"}, "sent_ts": 1758740786592, "arrival_ts": 1758740786592}
{"action": "send", "src": "SA-N76", "dst": "AF-N24", "hlc": {"phys": 1758740807706, "cnt": 0, "node": "SA-N76"}, "package_id": "PKG40786", "payload": {"status": "IN_TRANSIT"}, "sent_ts": 1758740786946, "arrival_ts": 1758740786946}
{"action": "send", "src": "SA-N76", "dst": "AF-N24", "hlc": {"phys": 1758740808034, "cnt": 0, "node": "SA-N76"}, "package_id": "PKG40786", "payload": {"status": "RECEIVED"}, "sent_ts": 1758740787274, "arrival_ts": 1758740787274}
{"action": "send", "src": "SA-N76", "dst": "AF-N24", "hlc": {"phys": 1758740808332, "cnt": 0, "node": "SA-N76"}, "package_id": "PKG40786", "payload": {"status": "DELIVERED"}, "sent_ts": 1758740787572, "arrival_ts": 1758740787572}
{"action": "recv", "src": "EU-N44", "dst": "SA-N76", "hlc": {"phys": 1758740962898, "cnt": 0, "node": "EU-N44"}, "package_id": "PKG40957", "payload": {"status": "CREATED"}, "sent_ts": 1758740957458, "arrival_ts": 1758740957489}
{"action": "recv", "src": "EU-N44", "dst": "SA-N76", "hlc": {"phys": 1758740963122, "cnt": 0, "node": "EU-N44"}, "package_id": "PKG40957", "payload": {"status": "SENT"}, "sent_ts": 1758740957682, "arrival_ts": 1758740957709}
{"action": "recv", "src": "EU-N44", "dst": "SA-N76", "hlc": {"phys": 1758740963330, "cnt": 0, "node": "EU-N44"}, "package_id": "PKG40957", "payload": {"status": "IN_TRANSIT"}, "sent_ts": 1758740957890, "arrival_ts": 1758740957957}
{"action": "recv", "src": "EU-N44", "dst": "SA-N76", "hlc": {"phys": 1758740963613, "cnt": 0, "node": "EU-N44"}, "package_id": "PKG40957", "payload": {"status": "RECEIVED"}, "sent_ts": 1758740958173, "arrival_ts": 1758740958203}
{"action": "recv", "src": "EU-N44", "dst": "SA-N76", "hlc": {"phys": 1758740963864, "cnt": 0, "node": "EU-N44"}, "package_id": "PKG40957", "payload": {"status": "DELIVERED"}, "sent_ts": 1758740958424, "arrival_ts": 1758740958531}
{"action": "recv", "src": "AU-N167", "dst": "SA-N76", "hlc": {"phys": 1758745452926, "cnt": 0, "node": "AU-N167"}, "package_id": "PKG45426", "payload": {"status": "CREATED"}, "sent_ts": 1758745426256, "arrival_ts": 1758745426305}
{"action": "recv", "src": "AU-N167", "dst": "SA-N76", "hlc": {"phys": 1758745453179, "cnt": 0, "node": "AU-N167"}, "package_id": "PKG45426", "payload": {"status": "SENT"}, "sent_ts": 1758745426509, "arrival_ts": 1758745426640}
{"action": "recv", "src": "AU-N167", "dst": "SA-N76", "hlc": {"phys": 1758745453522, "cnt": 0, "node": "AU-N167"}, "package_id": "PKG45426", "payload": {"status": "IN_TRANSIT"}, "sent_ts": 1758745426852, "arrival_ts": 1758745426883}
{"action": "recv", "src": "AU-N167", "dst": "SA-N76", "hlc": {"phys": 1758745453742, "cnt": 0, "node": "AU-N167"}, "package_id": "PKG45426", "payload": {"status": "RECEIVED"}, "sent_ts": 1758745427072, "arrival_ts": 1758745427202}
{"action": "recv", "src": "AU-N167", "dst": "SA-N76", "hlc": {"phys": 1758745454082, "cnt": 0, "node": "AU-N167"}, "package_id": "PKG45426", "payload": {"status": "DELIVERED"}, "sent_ts": 1758745427412, "arrival_ts": 1758745427567}
{"action": "send", "src": "SA-N76", "dst": "AS-N115", "hlc": {"phys": 1758745922288, "cnt": 0, "node": "SA-N76"}, "package_id": "PKG45901", "payload": {"status": "CREATED"}, "sent_ts": 1758745901528, "arrival_ts": 1758745901528}
{"action": "send", "src": "SA-N76", "dst": "AS-N115", "hlc": {"phys": 1758745922513, "cnt": 0, "node": "SA-N76"}, "package_id": "PKG45901", "payload": {"status": "SENT"}, "sent_ts": 1758745901753, "arrival_ts": 1758745901753}
{"action": "send", "src": "SA-N76", "dst": "AS-N115", "hlc": {"phys": 1758745922879, "cnt": 0, "node": "SA-N76"}, "package_id": "PKG45901", "payload": {"status": "IN_TRANSIT"}, "sent_ts": 1758745902119, "arrival_ts": 1758745902119}
{"action": "send", "src": "SA-N76", "dst": "AS-N115", "hlc": {"phys": 1758745923222, "cnt": 0, "node": "SA-N76"}, "package_id": "PKG45901", "payload": {"status": "RECEIVED"}, "sent_ts": 1758745902462, "arrival_ts": 1758745902462}
{"action": "send", "src": "SA-N76", "dst": "AS-N115", "hlc": {"phys": 1758745923471, "cnt": 0, "node": "SA-N76"}, "package_id": "PKG45901", "payload": {"status": "DELIVERED"}, "sent_ts": 1758745902711, "arrival_ts": 1758745902711}
{"action": "send", "src": "SA-N76", "dst": "SA-N57", "hlc": {"phys": 1758746867259, "cnt": 0, "node": "SA-N76"}, "package_id": "PKG46846", "payload": {"status": "CREATED"}, "sent_ts": 1758746846499, "arrival_ts": 1758746846499}
{"action": "send", "src": "SA-N76", "dst": "SA-N57", "hlc": {"phys": 1758746867599, "cnt": 0, "node": "SA-N76"}, "package_id": "PKG46846", "payload": {"status": "SENT"}, "sent_ts": 1758746846839, "arrival_ts": 1758746846839}
{"action": "send", "src": "SA-N76", "dst": "SA-N57", "hlc": {"phys": 1758746867939, "cnt": 0, "node": "SA-N76"}, "package_id": "PKG46846", "payload": {"status": "IN_TRANSIT"}, "sent_ts": 1758746847179, "arrival_ts": 1758746847179}
{"action": "send", "src": "SA-N76", "dst": "SA-N57", "hlc": {"phys": 1758746868346, "cnt": 0, "node": "SA-N76"}, "package_id": "PKG46846", "payload": {"status": "RECEIVED"}, "sent_ts": 1758746847586, "arrival_ts": 1758746847586}
{"action": "send", "src": "SA-N76", "dst": "SA-N57", "hlc": {"phys": 1758746868734, "cnt": 0, "node": "SA-N76"}, "package_id": "PKG46846", "payload": {"status": "DELIVERED"}, "sent_ts": 1758746847974, "arrival_ts": 1758746847974}
{"action": "send", "src": "SA-N76", "dst": "AN-N171", "hlc": {"phys": 1758748721573, "cnt": 0, "node": "SA-N76"}, "package_id": "PKG48700", "payload": {"status": "CREATED"}, "sent_ts": 1758748700813, "arrival_ts": 1758748700813}
{"action": "send", "src": "SA-N76", "dst": "AN-N171", "hlc": {"phys": 1758748721828, "cnt": 0, "node": "SA-N76"}, "package_id": "PKG48700", "payload": {"status": "SENT"}, "sent_ts": 1758748701068, "arrival_ts": 1758748701068}
{"action": "send", "src": "SA-N76", "dst": "AN-N171", "hlc": {"phys": 1758748722080, "cnt": 0, "node": "SA-N76"}, "package_id": "PKG48700", "payload": {"status": "IN_TRANSIT"}, "sent_ts": 1758748701320, "arrival_ts": 1758748701320}
{"action": "send", "src": "SA-N76", "dst": "AN-N171", "hlc": {"phys": 1758748722336, "cnt": 0, "node": "SA-N76"}, "package_id": "PKG48700", "payload": {"status": "RECEIVED"}, "sent_ts": 1758748701576, "arrival_ts": 1758748701576}
{"action": "send", "src": "SA-N76", "dst": "AN-N171", "hlc": {"phys": 1758748722606, "cnt": 0, "node": "SA-N76"}, "package_id": "PKG48700", "payload": {"status": "DELIVERED"}, "sent_ts": 1758748701846, "arrival_ts": 1758748701846}
{"action": "send", "src": "SA-N76", "dst": "NA-N147", "hlc": {"phys": 1758749310899, "cnt": 0, "node": "SA-N76"}, "package_id": "PKG49290", "payload": {"status": "CREATED"}, "sent_ts": 1758749290139, "arrival_ts": 1758749290139}
{"action": "send", "src": "SA-N76", "dst": "NA-N147", "hlc": {"phys": 1758749311148, "cnt": 0, "node": "SA-N76"}, "package_id": "PKG49290", "payload": {"status": "SENT"}, "sent_ts": 1758749290388, "arrival_ts": 1758749290388}
{"action": "send", "src": "SA-N76", "dst": "NA-N147", "hlc": {"phys": 1758749311504, "cnt": 0, "node": "SA-N76"}, "package_id": "PKG49290", "payload": {"status": "IN_TRANSIT"}, "sent_ts": 1758749290744, "arrival_ts": 1758749290744}
{"action": "send", "src": "SA-N76", "dst": "NA-N147", "hlc": {"phys": 1758749311753, "cnt": 0, "node": "SA-N76"}, "package_id": "PKG49290", "payload": {"status": "RECEIVED"}, "sent_ts": 1758749290993, "arrival_ts": 1758749290993}
{"action": "send", "src": "SA-N76", "dst": "NA-N147", "hlc": {"phys": 1758749312159, "cnt": 0, "node": "SA-N76"}, "package_id": "PKG49290", "payload": {"status": "DELIVERED"}, "sent_ts": 1758749291399, "arrival_ts": 1758749291399}
{"action": "send", "src": "SA-N76", "dst": "SA-N161", "hlc": {"phys": 1758753159292, "cnt": 0, "node": "SA-N76"}, "package_id": "PKG53138", "payload": {"status": "CREATED"}, "sent_ts": 1758753138532, "arrival_ts": 1758753138532}
{"action": "send", "src": "SA-N76", "dst": "SA-N161", "hlc": {"phys": 1758753159672, "cnt": 0, "node": "SA-N76"}, "package_id": "PKG53138", "payload": {"status": "SENT"}, "sent_ts": 1758753138912, "arrival_ts": 1758753138912}
{"action": "send", "src": "SA-N76", "dst": "SA-N161", "hlc": {"phys": 1758753160082, "cnt": 0, "node": "SA-N76"}, "package_id": "PKG53138", "payload": {"status": "IN_TRANSIT"}, "sent_ts": 1758753139322, "arrival_ts": 1758753139322}
{"action": "send", "src": "SA-N76", "dst": "SA-N161", "hlc": {"phys": 1758753160344, "cnt": 0, "node": "SA-N76"}, "package_id": "PKG53138", "payload": {"status": "RECEIVED"}, "sent_ts": 1758753139584, "arrival_ts": 1758753139584}
{"action": "send", "src": "SA-N76", "dst": "SA-N161", "hlc": {"phys": 1758753160694, "cnt": 0, "node": "SA-N76"}, "package_id": "PKG53138", "payload": {"status": "DELIVERED"}, "sent_ts": 1758753139934, "arrival_ts": 1758753139934}
{"action": "recv", "src": "AF-N136", "dst": "SA-N76", "hlc": {"phys": 1758757033897, "cnt": 0, "node": "AF-N136"}, "package_id": "PKG57017", "payload": {"status": "CREATED"}, "sent_ts": 1758757017537, "arrival_ts": 1758757017648}
{"action": "recv", "src": "AF-N136", "dst": "SA-N76", "hlc": {"phys": 1758757034225, "cnt": 0, "node": "AF-N136"}, "package_id": "PKG57017", "payload": {"status": "SENT"}, "sent_ts": 1758757017865, "arrival_ts": 1758757017940}
{"action": "recv", "src": "AF-N136", "dst": "SA-N76", "hlc": {"phys": 1758757034513, "cnt": 0, "node": "AF-N136"}, "package_id": "PKG57017", "payload": {"status": "IN_TRANSIT"}, "sent_ts": 1758757018153, "arrival_ts": 1758757018210}
{"action": "recv", "src": "AF-N136", "dst": "SA-N76", "hlc": {"phys": 1758757034772, "cnt": 0, "node": "AF-N136"}, "package_id": "PKG57017", "payload": {"status": "RECEIVED"}, "sent_ts": 1758757018412, "arrival_ts": 1758757018519}
{"action": "recv", "src": "AF-N136", "dst": "SA-N76", "hlc": {"phys": 1758757035099, "cnt": 0, "node": "AF-N136"}, "package_id": "PKG57017", "payload": {"status": "DELIVERED"}, "sent_ts": 1758757018739, "arrival_ts": 1758757018829}
{"action": "recv", "src": "AF-N66", "dst": "SA-N76", "hlc": {"phys": 1758760098321, "cnt": 0, "node": "AF-N66"}, "package_id": "PKG60082", "payload": {"status": "CREATED"}, "sent_ts": 1758760082661, "arrival_ts": 1758760082706}
{"action": "recv", "src": "AF-N66", "dst": "SA-N76", "hlc": {"phys": 1758760098573, "cnt": 0, "node": "AF-N66"}, "package_id": "PKG60082", "payload": {"status": "SENT"}, "sent_ts": 1758760082913, "arrival_ts": 1758760083010}
{"action": "recv", "src": "AF-N66", "dst": "SA-N76", "hlc": {"phys": 1758760098867, "cnt": 0, "node": "AF-N66"}, "package_id": "PKG60082", "payload": {"status": "IN_TRANSIT"}, "sent_ts": 1758760083207, "arrival_ts": 1758760083350}
{"action": "recv", "src": "AF-N66", "dst": "SA-N76", "hlc": {"phys": 1758760099207, "cnt": 0, "node": "AF-N66"}, "package_id": "PKG60082", "payload": {"status": "RECEIVED"}, "sent_ts": 1758760083547, "arrival_ts": 1758760083595}
{"action": "recv", "src": "AF-N66", "dst": "SA-N76", "hlc": {"phys": 1758760099469, "cnt": 0, "node": "AF-N66"}, "package_id": "PKG60082", "payload": {"status": "DELIVERED"}, "sent_ts": 1758760083809, "arrival_ts": 1758760083933}
{"action": "recv", "src": "AN-N4", "dst": "SA-N76", "hlc": {"phys": 1758760610917, "cnt": 0, "node": "AN-N4"}, "package_id": "PKG60580", "payload": {"status": "CREATED"}, "sent_ts": 1758760580877, "arrival_ts": 1758760581054}
{"action": "recv", "src": "AN-N4", "dst": "SA-N76", "hlc": {"phys": 1758760611288, "cnt": 0, "node": "AN-N4"}, "package_id": "PKG60580", "payload": {"status": "SENT"}, "sent_ts": 1758760581248, "arrival_ts": 1758760581388}
{"action": "recv", "src": "AN-N4", "dst": "SA-N76", "hlc": {"phys": 1758760611646, "cnt": 0, "node": "AN-N4"}, "package_id": "PKG60580", "payload": {"status": "IN_TRANSIT"}, "sent_ts": 1758760581606, "arrival_ts": 1758760581794}
{"action": "recv", "src": "AN-N4", "dst": "SA-N76", "hlc": {"phys": 1758760612051, "cnt": 0, "node": "AN-N4"}, "package_id": "PKG60580", "payload": {"status": "RECEIVED"}, "sent_ts": 1758760582011, "arrival_ts": 1758760582037}
{"action": "recv", "src": "AN-N4", "dst": "SA-N76", "hlc": {"phys": 1758760612266, "cnt": 0, "node": "AN-N4"}, "package_id": "PKG60580", "payload": {"status": "DELIVERED"}, "sent_ts": 1758760582226, "arrival_ts": 1758760582245}
{"action": "recv", "src": "AF-N150", "dst": "SA-N76", "hlc": {"phys": 1758762823404, "cnt": 0, "node": "AF-N150"}, "package_id": "PKG62806", "payload": {"status": "CREATED"}, "sent_ts": 1758762806904, "arrival_ts": 1758762806978}
{"action": "recv", "src": "AF-N150", "dst": "SA-N76", "hlc": {"phys": 1758762823682, "cnt": 0, "node": "AF-N150"}, "package_id": "PKG62806", "payload": {"status": "SENT"}, "sent_ts": 1758762807182, "arrival_ts": 1758762807287}
{"action": "recv", "src": "AF-N150", "dst": "SA-N76", "hlc": {"phys": 1758762824000, "cnt": 0, "node": "AF-N150"}, "package_id": "PKG62806", "payload": {"status": "IN_TRANSIT"}, "sent_ts": 1758762807500, "arrival_ts": 1758762807587}
{"action": "recv", "src": "AF-N150", "dst": "SA-N76", "hlc": {"phys": 1758762824297, "cnt": 0, "node": "AF-N150"}, "package_id": "PKG62806", "payload": {"status": "RECEIVED"}, "sent_ts": 1758762807797, "arrival_ts": 1758762807826}
{"action": "recv", "src": "AF-N150", "dst": "SA-N76", "hlc": {"phys": 1758762824543, "cnt": 0, "node": "AF-N150"}, "package_id": "PKG62806", "payload": {"status": "DELIVERED"}, "sent_ts": 1758762808043, "arrival_ts": 1758762808223}
{"action": "send", "src": "SA-N76", "dst": "AU-N101", "hlc": {"phys": 1758764081111, "cnt": 0, "node": "SA-N76"}, "package_id": "PKG64060", "payload": {"status": "CREATED"}, "sent_ts": 1758764060351, "arrival_ts": 1758764060351}
{"action": "send", "src": "SA-N76", "dst": "AU-N101", "hlc": {"phys": 1758764081391, "cnt": 0, "node": "SA-N76"}, "package_id": "PKG64060", "payload": {"status": "SENT"}, "sent_ts": 1758764060631, "arrival_ts": 1758764060631}
{"action": "send", "src": "SA-N76", "dst": "AU-N101", "hlc": {"phys": 1758764081671, "cnt": 0, "node": "SA-N76"}, "package_id": "PKG64060", "payload": {"status": "IN_TRANSIT"}, "sent_ts": 1758764060911, "arrival_ts": 1758764060911}
{"action": "send", "src": "SA-N76", "dst": "AU-N101", "hlc": {"phys": 1758764082027, "cnt": 0, "node": "SA-N76"}, "package_id": "PKG64060", "payload": {"status": "RECEIVED"}, "sent_ts": 1758764061267, "arrival_ts": 1758764061267}
{"action": "send", "src": "SA-N76", "dst": "AU-N101", "hlc": {"phys": 1758764082320, "cnt": 0, "node": "SA-N76"}, "package_id": "PKG64060", "payload": {"status": "DELIVERED"}, "sent_ts": 1758764061560, "arrival_ts": 1758764061560}
{"action": "send", "src": "SA-N76", "dst": "AS-N87", "hlc": {"phys": 1758802643875, "cnt": 0, "node": "SA-N76"}, "package_id": "PKG2623", "payload": {"status": "CREATED"}, "sent_ts": 1758802623115, "arrival_ts": 1758802623115}
{"action": "send", "src": "SA-N76", "dst": "AS-N87", "hlc": {"phys": 1758802644146, "cnt": 0, "node": "SA-N76"}, "package_id": "PKG2623", "payload": {"status": "SENT"}, "sent_ts": 1758802623386, "arrival_ts": 1758802623386}
{"action": "send", "src": "SA-N76", "dst": "AS-N87", "hlc": {"phys": 1758802644478, "cnt": 0, "node": "SA-N76"}, "package_id": "PKG2623", "payload": {"status": "IN_TRANSIT"}, "sent_ts": 1758802623718, "arrival_ts": 1758802623718}
{"action": "send", "src": "SA-N76", "dst": "AS-N87", "hlc": {"phys": 1758802644764, "cnt": 0, "node": "SA-N76"}, "package_id": "PKG2623", "payload": {"status": "RECEIVED"}, "sent_ts": 1758802624004, "arrival_ts": 1758802624004}
{"action": "send", "src": "SA-N76", "dst": "AS-N87", "hlc": {"phys": 1758802645004, "cnt": 0, "node": "SA-N76"}, "package_id": "PKG2623", "payload": {"status": "DELIVERED"}, "sent_ts": 1758802624244, "arrival_ts": 1758802624244}
{"action": "recv", "src": "EU-N126", "dst": "SA-N76", "hlc": {"phys": 1758804164846, "cnt": 0, "node": "EU-N126"}, "package_id": "PKG4158", "payload": {"status": "CREATED"}, "sent_ts": 1758804158586, "arrival_ts": 1758804158608}
{"action": "recv", "src": "EU-N126", "dst": "SA-N76", "hlc": {"phys": 1758804165084, "cnt": 0, "node": "EU-N126"}, "package_id": "PKG4158", "payload": {"status": "SENT"}, "sent_ts": 1758804158824, "arrival_ts": 1758804158842}
{"action": "recv", "src": "EU-N126", "dst": "SA-N76", "hlc": {"phys": 1758804165311, "cnt": 0, "node": "EU-N126"}, "package_id": "PKG4158", "payload": {"status": "IN_TRANSIT"}, "sent_ts": 1758804159051, "arrival_ts": 1758804159240}
{"action": "recv", "src": "EU-N126", "dst": "SA-N76", "hlc": {"phys": 1758804165715, "cnt": 0, "node": "EU-N126"}, "package_id": "PKG4158", "payload": {"status": "RECEIVED"}, "sent_ts": 1758804159455, "arrival_ts": 1758804159548}
{"action": "recv", "src": "EU-N126", "dst": "SA-N76", "hlc": {"phys": 1758804166017, "cnt": 0, "node": "EU-N126"}, "package_id": "PKG4158", "payload": {"status": "DELIVERED"}, "sent_ts": 1758804159757, "arrival_ts": 1758804159920}
{"action": "recv", "src": "NA-N152", "dst": "SA-N76", "hlc": {"phys": 1758805318315, "cnt": 0, "node": "NA-N152"}, "package_id": "PKG5316", "payload": {"status": "CREATED"}, "sent_ts": 1758805316795, "arrival_ts": 1758805316994}
{"action": "recv", "src": "NA-N152", "dst": "SA-N76", "hlc": {"phys": 1758805318718, "cnt": 0, "node": "NA-N152"}, "package_id": "PKG5316", "payload": {"status": "SENT"}, "sent_ts": 1758805317198, "arrival_ts": 1758805317373}
{"action": "recv", "src": "NA-N152", "dst": "SA-N76", "hlc": {"phys": 1758805319090, "cnt": 0, "node": "NA-N152"}, "package_id": "PKG5316", "payload": {"status": "IN_TRANSIT"}, "sent_ts": 1758805317570, "arrival_ts": 1758805317687}
{"action": "recv", "src": "NA-N152", "dst": "SA-N76", "hlc": {"phys": 1758805319429, "cnt": 0, "node": "NA-N152"}, "package_id": "PKG5316", "payload": {"status": "RECEIVED"}, "sent_ts": 1758805317909, "arrival_ts": 1758805317975}
{"action": "recv", "src": "NA-N152", "dst": "SA-N76", "hlc": {"phys": 1758805319709, "cnt": 0, "node": "NA-N152"}, "package_id": "PKG5316", "payload": {"status": "DELIVERED"}, "sent_ts": 1758805318189, "arrival_ts": 1758805318370}
{"action": "recv", "src": "NA-N198", "dst": "SA-N76", "hlc": {"phys": 1758812108467, "cnt": 0, "node": "NA-N198"}, "package_id": "PKG12106", "payload": {"status": "CREATED"}, "sent_ts": 1758812106487, "arrival_ts": 1758812106517}
{"action": "recv", "src": "NA-N198", "dst": "SA-N76", "hlc": {"phys": 1758812108683, "cnt": 0, "node": "NA-N198"}, "package_id": "PKG12106", "payload": {"status": "SENT"}, "sent_ts": 1758812106703, "arrival_ts": 1758812106758}
{"action": "recv", "src": "NA-N198", "dst": "SA-N76", "hlc": {"phys": 1758812108933, "cnt": 0, "node": "NA-N198"}, "package_id": "PKG12106", "payload": {"status": "IN_TRANSIT"}, "sent_ts": 1758812106953, "arrival_ts": 1758812107101}
{"action": "recv", "src": "NA-N198", "dst": "SA-N76", "hlc": {"phys": 1758812109289, "cnt": 0, "node": "NA-N198"}, "package_id": "PKG12106", "payload": {"status": "RECEIVED"}, "sent_ts": 1758812107309, "arrival_ts": 1758812107444}
{"action": "recv", "src": "NA-N198", "dst": "SA-N76", "hlc": {"phys": 1758812109634, "cnt": 0, "node": "NA-N198"}, "package_id": "PKG12106", "payload": {"status": "DELIVERED"}, "sent_ts": 1758812107654, "arrival_ts": 1758812107801}
{"action": "send", "src": "SA-N76", "dst": "NA-N200", "hlc": {"phys": 1758814014297, "cnt": 0, "node": "SA-N76"}, "package_id": "PKG13993", "payload": {"status": "CREATED"}, "sent_ts": 1758813993537, "arrival_ts": 1758813993537}
{"action": "send", "src": "SA-N76", "dst": "NA-N200", "hlc": {"phys": 1758814014594, "cnt": 0, "node": "SA-N76"}, "package_id": "PKG13993", "payload": {"status": "SENT"}, "sent_ts": 1758813993834, "arrival_ts": 1758813993834}
{"action": "send", "src": "SA-N76", "dst": "NA-N200", "hlc": {"phys": 1758814014842, "cnt": 0, "node": "SA-N76"}, "package_id": "PKG13993", "payload": {"status": "IN_TRANSIT"}, "sent_ts": 1758813994082, "arrival_ts": 1758813994082}
{"action": "send", "src": "SA-N76", "dst": "NA-N200", "hlc": {"phys": 1758814015939, "cnt": 0, "node": "SA-N76"}, "package_id": "PKG13993", "payload": {"status": "RECEIVED"}, "sent_ts": 1758813995179, "arrival_ts": 1758813995179}
{"action": "send", "src": "SA-N76", "dst": "NA-N200", "hlc": {"phys": 1758814016274, "cnt": 0, "node": "SA-N76"}, "package_id": "PKG13993", "payload": {"status": "DELIVERED"}, "sent_ts": 1758813995514, "arrival_ts": 1758813995514}
{"action": "recv", "src": "AS-N40", "dst": "SA-N76", "hlc": {"phys": 1758814880095, "cnt": 0, "node": "AS-N40"}, "package_id": "PKG14869", "payload": {"status": "CREATED"}, "sent_ts": 1758814869695, "arrival_ts": 1758814869815}
{"action": "recv", "src": "AS-N40", "dst": "SA-N76", "hlc": {"phys": 1758814880425, "cnt": 0, "node": "AS-N40"}, "package_id": "PKG14869", "payload": {"status": "SENT"}, "sent_ts": 1758814870025, "arrival_ts": 1758814870044}
{"action": "recv", "src": "AS-N40", "dst": "SA-N76", "hlc": {"phys": 1758814880640, "cnt": 0, "node": "AS-N40"}, "package_id": "PKG14869", "payload": {"status": "IN_TRANSIT"}, "sent_ts": 1758814870240, "arrival_ts": 1758814870267}
{"action": "recv", "src": "AS-N40", "dst": "SA-N76", "hlc": {"phys": 1758814880871, "cnt": 0, "node": "AS-N40"}, "package_id": "PKG14869", "payload": {"status": "RECEIVED"}, "sent_ts": 1758814870471, "arrival_ts": 1758814870534}
{"action": "recv", "src": "AS-N40", "dst": "SA-N76", "hlc": {"phys": 1758814881136, "cnt": 0, "node": "AS-N40"}, "package_id": "PKG14869", "payload": {"status": "DELIVERED"}, "sent_ts": 1758814870736, "arrival_ts": 1758814870815}
