{"action": "recv", "src": "SA-N53", "dst": "SA-N126", "hlc": {"phys": 1758712766582, "cnt": 0, "node": "SA-N53"}, "package_id": "PKG12746", "payload": {"status": "CREATED"}, "sent_ts": 1758712746052, "arrival_ts": 1758712746111}
{"action": "recv", "src": "SA-N53", "dst": "SA-N126", "hlc": {"phys": 1758712766846, "cnt": 0, "node": "SA-N53"}, "package_id": "PKG12746", "payload": {"status": "SENT"}, "sent_ts": 1758712746316, "arrival_ts": 1758712746400}
{"action": "recv", "src": "SA-N53", "dst": "SA-N126", "hlc": {"phys": 1758712767138, "cnt": 0, "node": "SA-N53"}, "package_id": "PKG12746", "payload": {"status": "IN_TRANSIT"}, "sent_ts": 1758712746608, "arrival_ts": 1758712746762}
{"action": "recv", "src": "SA-N53", "dst": "SA-N126", "hlc": {"phys": 1758712767495, "cnt": 0, "node": "SA-N53"}, "package_id": "PKG12746", "payload": {"status": "RECEIVED"}, "sent_ts": 1758712746965, "arrival_ts": 1758712747051}
{"action": "recv", "src": "SA-N53", "dst": "SA-N126", "hlc": {"phys": 1758712767791, "cnt": 0, "node": "SA-N53"}, "package_id": "PKG12746", "payload": {"status": "DELIVERED"}, "sent_ts": 1758712747261, "arrival_ts": 1758712747326}
{"action": "send", "src": "SA-N126", "dst": "NA-N79", "hlc": {"phys": 1758712930993, "cnt": 0, "node": "SA-N126"}, "package_id": "PKG12909", "payload": {"status": "CREATED"}, "sent_ts": 1758712909733, "arrival_ts": 1758712909733}
{"action": "send", "src": "SA-N126", "dst": "NA-N79", "hlc": {"phys": 1758712931394, "cnt": 0, "node": "SA-N126"}, "package_id": "PKG12909", "payload": {"status": "SENT"}, "sent_ts": 1758712910134, "arrival_ts": 1758712910134}
{"action": "send", "src": "SA-N126", "dst": "NA-N79", "hlc": {"phys": 1758712931731, "cnt": 0, "node": "SA-N126"}, "package_id": "PKG12909", "payload": {"status": "IN_TRANSIT"}, "sent_ts": 1758712910471, "arrival_ts": 1758712910471}
{"action": "send", "src": "SA-N126", "dst": "NA-N79", "hlc": {"phys": 1758712932009, "cnt": 0, "node": "SA-N126"}, "package_id": "PKG12909", "payload": {"status": "RECEIVED"}, "sent_ts": 1758712910749, "arrival_ts": 1758712910749}
{"action": "send", "src": "SA-N126", "dst": "NA-N79", "hlc": {"phys": 1758712932365, "cnt": 0, "node": "SA-N126"}, "package_id": "PKG12909", "payload": {"status": "DELIVERED"}, "sent_ts": 1758712911105, "arrival_ts": 1758712911105}
{"action": "send", "src": "SA-N126", "dst": "NA-N135", "hlc": {"phys": 1758714546057, "cnt": 0, "node": "SA-N126"}, "package_id": "PKG14524", "payload": {"status": "CREATED"}, "sent_ts": 1758714524797, "arrival_ts": 1758714524797}
{"action": "send", "src": "SA-N126", "dst": "NA-N135", "hlc": {"phys": 1758714546279, "cnt": 0, "node": "SA-N126"}, "package_id": "PKG14524", "payload": {"status": "SENT"}, "sent_ts": 1758714525019, "arrival_ts": 1758714525019}
{"action": "send", "src": "SA-N126", "dst": "NA-N135", "hlc": {"phys": 1758714546566, "cnt": 0, "node": "SA-N126"}, "package_id": "PKG14524", "payload": {"status": "IN_TRANSIT"}, "sent_ts": 1758714525306, "arrival_ts": 1758714525306}
{"action": "send", "src": "SA-N126", "dst": "NA-N135", "hlc": {"phys": 1758714546913, "cnt": 0, "node": "SA-N126"}, "package_id": "PKG14524", "payload": {"status": "RECEIVED"}, "sent_ts": 1758714525653, "arrival_ts": 1758714525653}
{"action": "send", "src": "SA-N126", "dst": "NA-N135", "hlc": {"phys": 1758714547290, "cnt": 0, "node": "SA-N126"}, "package_id": "PKG14524", "payload": {"status": "DELIVERED"}, "sent_ts": 1758714526030, "arrival_ts": 1758714526030}
{"action": "send", "src": "SA-N126", "dst": "SA-N152", "hlc": {"phys": 1758737979841, "cnt": 0, "node": "SA-N126"}, "package_id": "PKG37958", "payload": {"status": "CREATED"}, "sent_ts": 1758737958581, "arrival_ts": 1758737958581}
{"action": "send", "src": "SA-N126", "dst": "SA-N152", "hlc": {"phys": 1758737980130, "cnt": 0, "node": "SA-N126"}, "package_id": "PKG37958", "payload": {"status": "SENT"}, "sent_ts": 1758737958870, "arrival_ts": 1758737958870}
{"action": "send", "src": "SA-N126", "dst": "SA-N152", "hlc": {"phys": 1758737980367, "cnt": 0, "node": "SA-N126"}, "package_id": "PKG37958", "payload": {"status": "IN_TRANSIT"}, "sent_ts": 1758737959107, "arrival_ts": 1758737959107}
{"action": "send", "src": "SA-N126", "dst": "SA-N152", "hlc": {"phys": 1758737980596, "cnt": 0, "node": "SA-N126"}, "package_id": "PKG37958", "payload": {"status": "RECEIVED"}, "sent_ts": 1758737959336, "arrival_ts": 1758737959336}
{"action": "send", "src": "SA-N126", "dst": "SA-N152", "hlc": {"phys": 1758737980875, "cnt": 0, "node": "SA-N126"}, "package_id": "PKG37958", "payload": {"status": "DELIVERED"}, "sent_ts": 1758737959615, "arrival_ts": 1758737959615}
{"action": "recv", "src": "SA-N153", "dst": "SA-N126", "hlc": {"phys": 1758738689165, "cnt": 0, "node": "SA-N153"}, "package_id": "PKG38667", "payload": {"status": "CREATED"}, "sent_ts": 1758738667635, "arrival_ts": 1758738667777}
{"action": "recv", "src": "SA-N153", "dst": "SA-N126", "hlc": {"phys": 1758738689523, "cnt": 0, "node": "SA-N153"}, "package_id": "PKG38667", "payload": {"status": "SENT"}, "sent_ts": 1758738667993, "arrival_ts": 1758738668013}
{"action": "recv", "src": "SA-N153", "dst": "SA-N126", "hlc": {"phys": 1758738689751, "cnt": 0, "node": "SA-N153"}, "package_id": "PKG38667", "payload": {"status": "IN_TRANSIT"}, "sent_ts": 1758738668221, "arrival_ts": 1758738668401}
{"action": "recv", "src": "SA-N153", "dst": "SA-N126", "hlc": {"phys": 1758738690143, "cnt": 0, "node": "SA-N153"}, "package_id": "PKG38667", "payload": {"status": "RECEIVED"}, "sent_ts": 1758738668613, "arrival_ts": 1758738668628}
{"action": "recv", "src": "SA-N153", "dst": "SA-N126", "hlc": {"phys": 1758738690374, "cnt": 0, "node": "SA-N153"}, "package_id": "PKG38667", "payload": {"status": "DELIVERED"}, "sent_ts": 1758738668844, "arrival_ts": 1758738669037}
{"action": "send", "src": "SA-N126", "dst": "AF-N28", "hlc": {"phys": 1758739846803, "cnt": 0, "node": "SA-N126"}, "package_id": "PKG39825", "payload": {"status": "CREATED"}, "sent_ts": 1758739825543, "arrival_ts": 1758739825543}
{"action": "send", "src": "SA-N126", "dst": "AF-N28", "hlc": {"phys": 1758739847079, "cnt": 0, "node": "SA-N126"}, "package_id": "PKG39825", "payload": {"status": "SENT"}, "sent_ts": 1758739825819, "arrival_ts": 1758739825819}
{"action": "send", "src": "SA-N126", "dst": "AF-N28", "hlc": {"phys": 1758739847374, "cnt": 0, "node": "SA-N126"}, "package_id": "PKG39825", "payload": {"status": "IN_TRANSIT"}, "sent_ts": 1758739826114, "arrival_ts": 1758739826114}
{"action": "send", "src": "SA-N126", "dst": "AF-N28", "hlc": {"phys": 1758739847661, "cnt": 0, "node": "SA-N126"}, "package_id": "PKG39825", "payload": {"status": "RECEIVED"}, "sent_ts": 1758739826401, "arrival_ts": 1758739826401}
{"action": "send", "src": "SA-N126", "dst": "AF-N28", "hlc": {"phys": 1758739848075, "cnt": 0, "node": "SA-N126"}, "package_id": "PKG39825", "payload": {"status": "DELIVERED"}, "sent_ts": 1758739826815, "arrival_ts": 1758739826815}
{"action": "recv", "src": "EU-N130", "dst": "SA-N126", "hlc": {"phys": 1758740784848, "cnt": 0, "node": "EU-N130"}, "package_id": "PKG40778", "payload": {"status": "CREATED"}, "sent_ts": 1758740778548, "arrival_ts": 1758740778680}
{"action": "recv", "src": "EU-N130", "dst": "SA-N126", "hlc": {"phys": 1758740785180, "cnt": 0, "node": "EU-N130"}, "package_id": "PKG40778", "payload": {"status": "SENT"}, "sent_ts": 1758740778880, "arrival_ts": 1758740778959}
{"action": "recv", "src": "EU-N130", "dst": "SA-N126", "hlc": {"phys": 1758740785461, "cnt": 0, "node": "EU-N130"}, "package_id": "PKG40778", "payload": {"status": "IN_TRANSIT"}, "sent_ts": 1758740779161, "arrival_ts": 1758740779294}
{"action": "recv", "src": "EU-N130", "dst": "SA-N126", "hlc": {"phys": 1758740785790, "cnt": 0, "node": "EU-N130"}, "package_id": "PKG40778", "payload": {"status": "RECEIVED"}, "sent_ts": 1758740779490, "arrival_ts": 1758740779504}
{"action": "recv", "src": "EU-N130", "dst": "SA-N126", "hlc": {"phys": 1758740786012, "cnt": 0, "node": "EU-N130"}, "package_id": "PKG40778", "payload": {"status": "DELIVERED"}, "sent_ts": 1758740779712, "arrival_ts": 1758740779774}
{"action": "send", "src": "SA-N126", "dst": "AN-N47", "hlc": {"phys": 1758746064447, "cnt": 0, "node": "SA-N126"}, "package_id": "PKG46043", "payload": {"status": "CREATED"}, "sent_ts": 1758746043187, "arrival_ts": 1758746043187}
{"action": "send", "src": "SA-N126", "dst": "AN-N47", "hlc": {"phys": 1758746064751, "cnt": 0, "node": "SA-N126"}, "package_id": "PKG46043", "payload": {"status": "SENT"}, "sent_ts": 1758746043491, "arrival_ts": 1758746043491}
{"action": "send", "src": "SA-N126", "dst": "AN-N47", "hlc": {"phys": 1758746065006, "cnt": 0, "node": "SA-N126"}, "package_id": "PKG46043", "payload": {"status": "IN_TRANSIT"}, "sent_ts": 1758746043746, "arrival_ts": 1758746043746}
{"action": "send", "src": "SA-N126", "dst": "AN-N47", "hlc": {"phys": 1758746065317, "cnt": 0, "node": "SA-N126"}, "package_id": "PKG46043", "payload": {"status": "RECEIVED"}, "sent_ts": 1758746044057, "arrival_ts": 1758746044057}
{"action": "send", "src": "SA-N126", "dst": "AN-N47", "hlc": {"phys": 1758746065558, "cnt": 0, "node": "SA-N126"}, "package_id": "PKG46043", "payload": {"status": "DELIVERED"}, "sent_ts": 1758746044298, "arrival_ts": 1758746044298}
{"action": "recv", "src": "EU-N100", "dst": "SA-N126", "hlc": {"phys": 1758746250405, "cnt": 0, "node": "EU-N100"}, "package_id": "PKG46244", "payload": {"status": "CREATED"}, "sent_ts": 1758746244405, "arrival_ts": 1758746244429}
{"action": "recv", "src": "EU-N100", "dst": "SA-N126", "hlc": {"phys": 1758746250641, "cnt": 0, "node": "EU-N100"}, "package_id": "PKG46244", "payload": {"status": "SENT"}, "sent_ts": 1758746244641, "arrival_ts": 1758746244681}
{"action": "recv", "src": "EU-N100", "dst": "SA-N126", "hlc": {"phys": 1758746250884, "cnt": 0, "node": "EU-N100"}, "package_id": "PKG46244", "payload": {"status": "IN_TRANSIT"}, "sent_ts": 1758746244884, "arrival_ts": 1758746244909}
{"action": "recv", "src": "EU-N100", "dst": "SA-N126", "hlc": {"phys": 1758746251125, "cnt": 0, "node": "EU-N100"}, "package_id": "PKG46244", "payload": {"status": "RECEIVED"}, "sent_ts": 1758746245125, "arrival_ts": 1758746245239}
{"action": "recv", "src": "EU-N100", "dst": "SA-N126", "hlc": {"phys": 1758746251446, "cnt": 0, "node": "EU-N100"}, "package_id": "PKG46244", "payload": {"status": "DELIVERED"}, "sent_ts": 1758746245446, "arrival_ts": 1758746245647}
{"action": "send", "src": "SA-N126", "dst": "SA-N36", "hlc": {"phys": 1758747425320, "cnt": 0, "node": "SA-N126"}, "package_id": "PKG47404", "payload": {"status": "CREATED"}, "sent_ts": 1758747404060, "arrival_ts": 1758747404060}
{"action": "send", "src": "SA-N126", "dst": "SA-N36", "hlc": {"phys": 1758747425564, "cnt": 0, "node": "SA-N126"}, "package_id": "PKG47404", "payload": {"status": "SENT"}, "sent_ts": 1758747404304, "arrival_ts": 1758747404304}
{"action": "send", "src": "SA-N126", "dst": "SA-N36", "hlc": {"phys": 1758747425862, "cnt": 0, "node": "SA-N126"}, "package_id": "PKG47404", "payload": {"status": "IN_TRANSIT"}, "sent_ts": 1758747404602, "arrival_ts": 1758747404602}
{"action": "send", "src": "SA-N126", "dst": "SA-N36", "hlc": {"phys": 1758747426205, "cnt": 0, "node": "SA-N126"}, "package_id": "PKG47404", "payload": {"status": "RECEIVED"}, "sent_ts": 1758747404945, "arrival_ts": 1758747404945}
{"action": "send", "src": "SA-N126", "dst": "SA-N36", "hlc": {"phys": 1758747426535, "cnt": 0, "node": "SA-N126"}, "package_id": "PKG47404", "payload": {"status": "DELIVERED"}, "sent_ts": 1758747405275, "arrival_ts": 1758747405275}
{"action": "send", "src": "SA-N126", "dst": "AS-N69", "hlc": {"phys": 1758752831131, "cnt": 0, "node": "SA-N126"}, "package_id": "PKG52809", "payload": {"status": "CREATED"}, "sent_ts": 1758752809871, "arrival_ts": 1758752809871}
{"action": "send", "src": "SA-N126", "dst": "AS-N69", "hlc": {"phys": 1758752831534, "cnt": 0, "node": "SA-N126"}, "package_id": "PKG52809", "payload": {"status": "SENT"}, "sent_ts": 1758752810274, "arrival_ts": 1758752810274}
{"action": "send", "src": "SA-N126", "dst": "AS-N69", "hlc": {"phys": 1758752831802, "cnt": 0, "node": "SA-N126"}, "package_id": "PKG52809", "payload": {"status": "IN_TRANSIT"}, "sent_ts": 1758752810542, "arrival_ts": 1758752810542}
{"action": "send", "src": "SA-N126", "dst": "AS-N69", "hlc": {"phys": 1758752832163, "cnt": 0, "node": "SA-N126"}, "package_id": "PKG52809", "payload": {"status": "RECEIVED"}, "sent_ts": 1758752810903, "arrival_ts": 1758752810903}
{"action": "send", "src": "SA-N126", "dst": "AS-N69", "hlc": {"phys": 1758752832402, "cnt": 0, "node": "SA-N126"}, "package_id": "PKG52809", "payload": {"status": "DELIVERED"}, "sent_ts": 1758752811142, "arrival_ts": 1758752811142}
{"action": "send", "src": "SA-N126", "dst": "NA-N7", "hlc": {"phys": 1758752982107, "cnt": 0, "node": "SA-N126"}, "package_id": "PKG52960", "payload": {"status": "CREATED"}, "sent_ts": 1758752960847, "arrival_ts": 1758752960847}
{"action": "send", "src": "SA-N126", "dst": "NA-N7", "hlc": {"phys": 1758752982407, "cnt": 0, "node": "SA-N126"}, "package_id": "PKG52960", "payload": {"status": "SENT"}, "sent_ts": 1758752961147, "arrival_ts": 1758752961147}
{"action": "send", "src": "SA-N126", "dst": "NA-N7", "hlc": {"phys": 1758752982737, "cnt": 0, "node": "SA-N126"}, "package_id": "PKG52960", "payload": {"status": "IN_TRANSIT"}, "sent_ts": 1758752961477, "arrival_ts": 1758752961477}
{"action": "send", "src": "SA-N126", "dst": "NA-N7", "hlc": {"phys": 1758752982997, "cnt": 0, "node": "SA-N126"}, "package_id": "PKG52960", "payload": {"status": "RECEIVED"}, "sent_ts": 1758752961737, "arrival_ts": 1758752961737}
{"action": "send", "src": "SA-N126", "dst": "NA-N7", "hlc": {"phys": 1758752983212, "cnt": 0, "node": "SA-N126"}, "package_id": "PKG52960", "payload": {"status": "DELIVERED"}, "sent_ts": 1758752961952, "arrival_ts": 1758752961952}
{"action": "send", "src": "SA-N126", "dst": "AS-N105", "hlc": {"phys": 1758758690401, "cnt": 0, "node": "SA-N126"}, "package_id": "PKG58669", "payload": {"status": "CREATED"}, "sent_ts": 1758758669141, "arrival_ts": 1758758669141}
{"action": "send", "src": "SA-N126", "dst": "AS-N105", "hlc": {"phys": 1758758690710, "cnt": 0, "node": "SA-N126"}, "package_id": "PKG58669", "payload": {"status": "SENT"}, "sent_ts": 1758758669450, "arrival_ts": 1758758669450}
{"action": "send", "src": "SA-N126", "dst": "AS-N105", "hlc": {"phys": 1758758691110, "cnt": 0, "node": "SA-N126"}, "package_id": "PKG58669", "payload": {"status": "IN_TRANSIT"}, "sent_ts": 1758758669850, "arrival_ts": 1758758669850}
{"action": "send", "src": "SA-N126", "dst": "AS-N105", "hlc": {"phys": 1758758691371, "cnt": 0, "node": "SA-N126"}, "package_id": "PKG58669", "payload": {"status": "RECEIVED"}, "sent_ts": 1758758670111, "arrival_ts": 1758758670111}
{"action": "send", "src": "SA-N126", "dst": "AS-N105", "hlc": {"phys": 1758758691743, "cnt": 0, "node": "SA-N126"}, "package_id": "PKG58669", "payload": {"status": "DELIVERED"}, "sent_ts": 1758758670483, "arrival_ts": 1758758670483}
{"action": "send", "src": "SA-N126", "dst": "AN-N40", "hlc": {"phys": 1758758815175, "cnt": 0, "node": "SA-N126"}, "package_id": "PKG58793", "payload": {"status": "CREATED"}, "sent_ts": 1758758793915, "arrival_ts": 1758758793915}
{"action": "send", "src": "SA-N126", "dst": "AN-N40", "hlc": {"phys": 1758758815518, "cnt": 0, "node": "SA-N126"}, "package_id": "PKG58793", "payload": {"status": "SENT"}, "sent_ts": 1758758794258, "arrival_ts": 1758758794258}
{"action": "send", "src": "SA-N126", "dst": "AN-N40", "hlc": {"phys": 1758758815844, "cnt": 0, "node": "SA-N126"}, "package_id": "PKG58793", "payload": {"status": "IN_TRANSIT"}, "sent_ts": 1758758794584, "arrival_ts": 1758758794584}
{"action": "send", "src": "SA-N126", "dst": "AN-N40", "hlc": {"phys": 1758758816187, "cnt": 0, "node": "SA-N126"}, "package_id": "PKG58793", "payload": {"status": "RECEIVED"}, "sent_ts": 1758758794927, "arrival_ts": 1758758794927}
{"action": "send", "src": "SA-N126", "dst": "AN-N40", "hlc": {"phys": 1758758816450, "cnt": 0, "node": "SA-N126"}, "package_id": "PKG58793", "payload": {"status": "DELIVERED"}, "sent_ts": 1758758795190, "arrival_ts": 1758758795190}
{"action": "send", "src": "SA-N126", "dst": "AS-N189", "hlc": {"phys": 1758759142566, "cnt": 0, "node": "SA-N126"}, "package_id": "PKG59121", "payload": {"status": "CREATED"}, "sent_ts": 1758759121306, "arrival_ts": 1758759121306}
{"action": "send", "src": "SA-N126", "dst": "AS-N189", "hlc": {"phys": 1758759142792, "cnt": 0, "node": "SA-N126"}, "package_id": "PKG59121", "payload": {"status": "SENT"}, "sent_ts": 1758759121532, "arrival_ts": 1758759121532}
{"action": "send", "src": "SA-N126", "dst": "AS-N189", "hlc": {"phys": 1758759143101, "cnt": 0, "node": "SA-N126"}, "package_id": "PKG59121", "payload": {"status": "IN_TRANSIT"}, "sent_ts": 1758759121841, "arrival_ts": 1758759121841}
{"action": "send", "src": "SA-N126", "dst": "AS-N189", "hlc": {"phys": 1758759143509, "cnt": 0, "node": "SA-N126"}, "package_id": "PKG59121", "payload": {"status": "RECEIVED"}, "sent_ts": 1758759122249, "arrival_ts": 1758759122249}
{"action": "send", "src": "SA-N126", "dst": "AS-N189", "hlc": {"phys": 1758759143767, "cnt": 0, "node": "SA-N126"}, "package_id": "PKG59121", "payload": {"status": "DELIVERED"}, "sent_ts": 1758759122507, "arrival_ts": 1758759122507}
{"action": "recv", "src": "SA-N195", "dst": "SA-N126", "hlc": {"phys": 1758760854952, "cnt": 0, "node": "SA-N195"}, "package_id": "PKG60833", "payload": {"status": "CREATED"}, "sent_ts": 1758760833002, "arrival_ts": 1758760833058}
{"action": "recv", "src": "SA-N195", "dst": "SA-N126", "hlc": {"phys": 1758760855201, "cnt": 0, "node": "SA-N195"}, "package_id": "PKG60833", "payload": {"status": "SENT"}, "sent_ts": 1758760833251, "arrival_ts": 1758760833262}
{"action": "recv", "src": "SA-N195", "dst": "SA-N126", "hlc": {"phys": 1758760855419, "cnt": 0, "node": "SA-N195"}, "package_id": "PKG60833", "payload": {"status": "IN_TRANSIT"}, "sent_ts": 1758760833469, "arrival_ts": 1758760833550}
{"action": "recv", "src": "SA-N195", "dst": "SA-N126", "hlc": {"phys": 1758760855714, "cnt": 0, "node": "SA-N195"}, "package_id": "PKG60833", "payload": {"status": "RECEIVED"}, "sent_ts": 1758760833764, "arrival_ts": 1758760833798}
{"action": "recv", "src": "SA-N195", "dst": "SA-N126", "hlc": {"phys": 1758760855961, "cnt": 0, "node": "SA-N195"}, "package_id": "PKG60833", "payload": {"status": "DELIVERED"}, "sent_ts": 1758760834011, "arrival_ts": 1758760834165}
{"action": "send", "src": "SA-N126", "dst": "EU-N90", "hlc": {"phys": 1758761802387, "cnt": 0, "node": "SA-N126"}, "package_id": "PKG61781", "payload": {"status": "CREATED"}, "sent_ts": 1758761781127, "arrival_ts": 1758761781127}
{"action": "send", "src": "SA-N126", "dst": "EU-N90", "hlc": {"phys": 1758761802643, "cnt": 0, "node": "SA-N126"}, "package_id": "PKG61781", "payload": {"status": "SENT"}, "sent_ts": 1758761781383, "arrival_ts": 1758761781383}
{"action": "send", "src": "SA-N126", "dst": "EU-N90", "hlc": {"phys": 1758761802979, "cnt": 0, "node": "SA-N126"}, "package_id": "PKG61781", "payload": {"status": "IN_TRANSIT"}, "sent_ts": 1758761781719, "arrival_ts": 1758761781719}
{"action": "send", "src": "SA-N126", "dst": "EU-N90", "hlc": {"phys": 1758761803303, "cnt": 0, "node": "SA-N126"}, "package_id": "PKG61781", "payload": {"status": "RECEIVED"}, "sent_ts": 1758761782043, "arrival_ts": 1758761782043}
{"action": "send", "src": "SA-N126", "dst": "EU-N90", "hlc": {"phys": 1758761803609, "cnt": 0, "node": "SA-N126"}, "package_id": "PKG61781", "payload": {"status": "DELIVERED"}, "sent_ts": 1758761782349, "arrival_ts": 1758761782349}
{"action": "send", "src": "SA-N126", "dst": "AN-N41", "hlc": {"phys": 1758803278707, "cnt": 0, "node": "SA-N126"}, "package_id": "PKG3257", "payload": {"status": "CREATED"}, "sent_ts": 1758803257447, "arrival_ts": 1758803257447}
{"action": "send", "src": "SA-N126", "dst": "AN-N41", "hlc": {"phys": 1758803278967, "cnt": 0, "node": "SA-N126"}, "package_id": "PKG3257", "payload": {"status": "SENT"}, "sent_ts": 1758803257707, "arrival_ts": 1758803257707}
{"action": "send", "src": "SA-N126", "dst": "AN-N41", "hlc": {"phys": 1758803279373, "cnt": 0, "node": "SA-N126"}, "package_id": "PKG3257", "payload": {"status": "IN_TRANSIT"}, "sent_ts": 1758803258113, "arrival_ts": 1758803258113}
{"action": "send", "src": "SA-N126", "dst": "AN-N41", "hlc": {"phys": 1758803279683, "cnt": 0, "node": "SA-N126"}, "package_id": "PKG3257", "payload": {"status": "RECEIVED"}, "sent_ts": 1758803258423, "arrival_ts": 1758803258423}
{"action": "send", "src": "SA-N126", "dst": "AN-N41", "hlc": {"phys": 1758803280044, "cnt": 0, "node": "SA-N126"}, "package_id": "PKG3257", "payload": {"status": "DELIVERED"}, "sent_ts": 1758803258784, "arrival_ts": 1758803258784}
{"action": "recv", "src": "EU-N41", "dst": "SA-N126", "hlc": {"phys": 1758810141392, "cnt": 0, "node": "EU-N41"}, "package_id": "PKG10135", "payload": {"status": "CREATED"}, "sent_ts": 1758810135982, "arrival_ts": 1758810136121}
{"action": "recv", "src": "EU-N41", "dst": "SA-N126", "hlc": {"phys": 1758810141733, "cnt": 0, "node": "EU-N41"}, "package_id": "PKG10135", "payload": {"status": "SENT"}, "sent_ts": 1758810136323, "arrival_ts": 1758810136362}
{"action": "recv", "src": "EU-N41", "dst": "SA-N126", "hlc": {"phys": 1758810141979, "cnt": 0, "node": "EU-N41"}, "package_id": "PKG10135", "payload": {"status": "IN_TRANSIT"}, "sent_ts": 1758810136569, "arrival_ts": 1758810136623}
{"action": "recv", "src": "EU-N41", "dst": "SA-N126", "hlc": {"phys": 1758810142226, "cnt": 0, "node": "EU-N41"}, "package_id": "PKG10135", "payload": {"status": "RECEIVED"}, "sent_ts": 1758810136816, "arrival_ts": 1758810136887}
{"action": "recv", "src": "EU-N41", "dst": "SA-N126", "hlc": {"phys": 1758810142491, "cnt": 0, "node": "EU-N41"}, "package_id": "PKG10135", "payload": {"status": "DELIVERED"}, "sent_ts": 1758810137081, "arrival_ts": 1758810137276}
{"action": "recv", "src": "AS-N154", "dst": "SA-N126", "hlc": {"phys": 1758810163393, "cnt": 0, "node": "AS-N154"}, "package_id": "PKG10151", "payload": {"status": "CREATED"}, "sent_ts": 1758810151853, "arrival_ts": 1758810151956}
{"action": "recv", "src": "AS-N154", "dst": "SA-N126", "hlc": {"phys": 1758810163699, "cnt": 0, "node": "AS-N154"}, "package_id": "PKG10151", "payload": {"status": "SENT"}, "sent_ts": 1758810152159, "arrival_ts": 1758810152256}
{"action": "recv", "src": "AS-N154", "dst": "SA-N126", "hlc": {"phys": 1758810163991, "cnt": 0, "node": "AS-N154"}, "package_id": "PKG10151", "payload": {"status": "IN_TRANSIT"}, "sent_ts": 1758810152451, "arrival_ts": 1758810152554}
{"action": "recv", "src": "AS-N154", "dst": "SA-N126", "hlc": {"phys": 1758810165045, "cnt": 0, "node": "AS-N154"}, "package_id": "PKG10151", "payload": {"status": "RECEIVED"}, "sent_ts": 1758810153505, "arrival_ts": 1758810153573}
{"action": "recv", "src": "AS-N154", "dst": "SA-N126", "hlc": {"phys": 1758810165314, "cnt": 0, "node": "AS-N154"}, "package_id": "PKG10151", "payload": {"status": "DELIVERED"}, "sent_ts": 1758810153774, "arrival_ts": 1758810153904}
{"action": "send", "src": "SA-N126", "dst": "SA-N194", "hlc": {"phys": 1758812302772, "cnt": 0, "node": "SA-N126"}, "package_id": "PKG12281", "payload": {"status": "CREATED"}, "sent_ts": 1758812281512, "arrival_ts": 1758812281512}
{"action": "send", "src": "SA-N126", "dst": "SA-N194", "hlc": {"phys": 1758812303054, "cnt": 0, "node": "SA-N126"}, "package_id": "PKG12281", "payload": {"status": "SENT"}, "sent_ts": 1758812281794, "arrival_ts": 1758812281794}
{"action": "send", "src": "SA-N126", "dst": "SA-N194", "hlc": {"phys": 1758812303460, "cnt": 0, "node": "SA-N126"}, "package_id": "PKG12281", "payload": {"status": "IN_TRANSIT"}, "sent_ts": 1758812282200, "arrival_ts": 1758812282200}
{"action": "send", "src": "SA-N126", "dst": "SA-N194", "hlc": {"phys": 1758812303805, "cnt": 0, "node": "SA-N126"}, "package_id": "PKG12281", "payload": {"status": "RECEIVED"}, "sent_ts": 1758812282545, "arrival_ts": 1758812282545}
{"action": "send", "src": "SA-N126", "dst": "SA-N194", "hlc": {"phys": 1758812304132, "cnt": 0, "node": "SA-N126"}, "package_id": "PKG12281", "payload": {"status": "DELIVERED"}, "sent_ts": 1758812282872, "arrival_ts": 1758812282872}
{"action": "recv", "src": "SA-N41", "dst": "SA-N126", "hlc": {"phys": 1758812378136, "cnt": 0, "node": "SA-N41"}, "package_id": "PKG12357", "payload": {"status": "CREATED"}, "sent_ts": 1758812357726, "arrival_ts": 1758812357902}
{"action": "recv", "src": "SA-N41", "dst": "SA-N126", "hlc": {"phys": 1758812378511, "cnt": 0, "node": "SA-N41"}, "package_id": "PKG12357", "payload": {"status": "SENT"}, "sent_ts": 1758812358101, "arrival_ts": 1758812358122}
{"action": "recv", "src": "SA-N41", "dst": "SA-N126", "hlc": {"phys": 1758812378729, "cnt": 0, "node": "SA-N41"}, "package_id": "PKG12357", "payload": {"status": "IN_TRANSIT"}, "sent_ts": 1758812358319, "arrival_ts": 1758812358334}
{"action": "recv", "src": "SA-N41", "dst": "SA-N126", "hlc": {"phys": 1758812378947, "cnt": 0, "node": "SA-N41"}, "package_id": "PKG12357", "payload": {"status": "RECEIVED"}, "sent_ts": 1758812358537, "arrival_ts": 1758812358727}
{"action": "recv", "src": "SA-N41", "dst": "SA-N126", "hlc": {"phys": 1758812379334, "cnt": 0, "node": "SA-N41"}, "package_id": "PKG12357", "payload": {"status": "DELIVERED"}, "sent_ts": 1758812358924, "arrival_ts": 1758812358936}
{"action": "recv", "src": "AF-N89", "dst": "SA-N126", "hlc": {"phys": 1758813510801, "cnt": 0, "node": "AF-N89"}, "package_id": "PKG13494", "payload": {"status": "CREATED"}, "sent_ts": 1758813494911, "arrival_ts": 1758813495111}
{"action": "recv", "src": "AF-N89", "dst": "SA-N126", "hlc": {"phys": 1758813511204, "cnt": 0, "node": "AF-N89"}, "package_id": "PKG13494", "payload": {"status": "SENT"}, "sent_ts": 1758813495314, "arrival_ts": 1758813495405}
{"action": "recv", "src": "AF-N89", "dst": "SA-N126", "hlc": {"phys": 1758813511496, "cnt": 0, "node": "AF-N89"}, "package_id": "PKG13494", "payload": {"status": "IN_TRANSIT"}, "sent_ts": 1758813495606, "arrival_ts": 1758813495649}
{"action": "recv", "src": "AF-N89", "dst": "SA-N126", "hlc": {"phys": 1758813511740, "cnt": 0, "node": "AF-N89"}, "package_id": "PKG13494", "payload": {"status": "RECEIVED"}, "sent_ts": 1758813495850, "arrival_ts": 1758813496024}
{"action": "recv", "src": "AF-N89", "dst": "SA-N126", "hlc": {"phys": 1758813512110, "cnt": 0, "node": "AF-N89"}, "package_id": "PKG13494", "payload": {"status": "DELIVERED"}, "sent_ts": 1758813496220, "arrival_ts": 1758813496409}
{"action": "recv", "src": "AS-N41", "dst": "SA-N126", "hlc": {"phys": 1758815605011, "cnt": 0, "node": "AS-N41"}, "package_id": "PKG15594", "payload": {"status": "CREATED"}, "sent_ts": 1758815594601, "arrival_ts": 1758815594671}
{"action": "recv", "src": "AS-N41", "dst": "SA-N126", "hlc": {"phys": 1758815605290, "cnt": 0, "node": "AS-N41"}, "package_id": "PKG15594", "payload": {"status": "SENT"}, "sent_ts": 1758815594880, "arrival_ts": 1758815595052}
{"action": "recv", "src": "AS-N41", "dst": "SA-N126", "hlc": {"phys": 1758815605663, "cnt": 0, "node": "AS-N41"}, "package_id": "PKG15594", "payload": {"status": "IN_TRANSIT"}, "sent_ts": 1758815595253, "arrival_ts": 1758815595285}
{"action": "recv", "src": "AS-N41", "dst": "SA-N126", "hlc": {"phys": 1758815605896, "cnt": 0, "node": "AS-N41"}, "package_id": "PKG15594", "payload": {"status": "RECEIVED"}, "sent_ts": 1758815595486, "arrival_ts": 1758815595533}
{"action": "recv", "src": "AS-N41", "dst": "SA-N126", "hlc": {"phys": 1758815606158, "cnt": 0, "node": "AS-N41"}, "package_id": "PKG15594", "payload": {"status": "DELIVERED"}, "sent_ts": 1758815595748, "arrival_ts": 1758815595849}
{"action": "send", "src": "SA-N126", "dst": "AS-N118", "hlc": {"phys": 1758816561122, "cnt": 0, "node": "SA-N126"}, "package_id": "PKG16539", "payload": {"status": "CREATED"}, "sent_ts": 1758816539862, "arrival_ts": 1758816539862}
{"action": "send", "src": "SA-N126", "dst": "AS-N118", "hlc": {"phys": 1758816561465, "cnt": 0, "node": "SA-N126"}, "package_id": "PKG16539", "payload": {"status": "SENT"}, "sent_ts": 1758816540205, "arrival_ts": 1758816540205}
{"action": "send", "src": "SA-N126", "dst": "AS-N118", "hlc": {"phys": 1758816561761, "cnt": 0, "node": "SA-N126"}, "package_id": "PKG16539", "payload": {"status": "IN_TRANSIT"}, "sent_ts": 1758816540501, "arrival_ts": 1758816540501}
{"action": "send", "src": "SA-N126", "dst": "AS-N118", "hlc": {"phys": 1758816562055, "cnt": 0, "node": "SA-N126"}, "package_id": "PKG16539", "payload": {"status": "RECEIVED"}, "sent_ts": 1758816540795, "arrival_ts": 1758816540795}
{"action": "send", "src": "SA-N126", "dst": "AS-N118", "hlc": {"phys": 1758816562273, "cnt": 0, "node": "SA-N126"}, "package_id": "PKG16539", "payload": {"status": "DELIVERED"}, "sent_ts": 1758816541013, "arrival_ts": 1758816541013}
