{"action": "send", "src": "SA-N107", "dst": "NA-N71", "hlc": {"phys": 1758713484546, "cnt": 0, "node": "SA-N107"}, "package_id": "PKG13463", "payload": {"status": "CREATED"}, "sent_ts": 1758713463476, "arrival_ts": 1758713463476}
{"action": "send", "src": "SA-N107", "dst": "NA-N71", "hlc": {"phys": 1758713484879, "cnt": 0, "node": "SA-N107"}, "package_id": "PKG13463", "payload": {"status": "SENT"}, "sent_ts": 1758713463809, "arrival_ts": 1758713463809}
{"action": "send", "src": "SA-N107", "dst": "NA-N71", "hlc": {"phys": 1758713485127, "cnt": 0, "node": "SA-N107"}, "package_id": "PKG13463", "payload": {"status": "IN_TRANSIT"}, "sent_ts": 1758713464057, "arrival_ts": 1758713464057}
{"action": "send", "src": "SA-N107", "dst": "NA-N71", "hlc": {"phys": 1758713485524, "cnt": 0, "node": "SA-N107"}, "package_id": "PKG13463", "payload": {"status": "RECEIVED"}, "sent_ts": 1758713464454, "arrival_ts": 1758713464454}
{"action": "send", "src": "SA-N107", "dst": "NA-N71", "hlc": {"phys": 1758713485877, "cnt": 0, "node": "SA-N107"}, "package_id": "PKG13463", "payload": {"status": "DELIVERED"}, "sent_ts": 1758713464807, "arrival_ts": 1758713464807}
{"action": "recv", "src": "NA-N6", "dst": "SA-N107", "hlc": {"phys": 1758717605357, "cnt": 0, "node": "NA-N6"}, "package_id": "PKG17605", "payload": {"status": "CREATED"}, "sent_ts": 1758717605297, "arrival_ts": 1758717605334}
{"action": "recv", "src": "NA-N6", "dst": "SA-N107", "hlc": {"phys": 1758717605580, "cnt": 0, "node": "NA-N6"}, "package_id": "PKG17605", "payload": {"status": "SENT"}, "sent_ts": 1758717605520, "arrival_ts": 1758717605585}
{"action": "recv", "src": "NA-N6", "dst": "SA-N107", "hlc": {"phys": 1758717605857, "cnt": 0, "node": "NA-N6"}, "package_id": "PKG17605", "payload": {"status": "IN_TRANSIT"}, "sent_ts": 1758717605797, "arrival_ts": 1758717605901}
{"action": "recv", "src": "NA-N6", "dst": "SA-N107", "hlc": {"phys": 1758717606162, "cnt": 0, "node": "NA-N6"}, "package_id": "PKG17605", "payload": {"status": "RECEIVED"}, "sent_ts": 1758717606102, "arrival_ts": 1758717606234}
{"action": "recv", "src": "NA-N6", "dst": "SA-N107", "hlc": {"phys": 1758717606501, "cnt": 0, "node": "NA-N6"}, "package_id": "PKG17605", "payload": {"status": "DELIVERED"}, "sent_ts": 1758717606441, "arrival_ts": 1758717606525}
{"action": "send", "src": "SA-N107", "dst": "NA-N160", "hlc": {"phys": 1758719062534, "cnt": 0, "node": "SA-N107"}, "package_id": "PKG19041", "payload": {"status": "CREATED"}, "sent_ts": 1758719041464, "arrival_ts": 1758719041464}
{"action": "send", "src": "SA-N107", "dst": "NA-N160", "hlc": {"phys": 1758719062817, "cnt": 0, "node": "SA-N107"}, "package_id": "PKG19041", "payload": {"status": "SENT"}, "sent_ts": 1758719041747, "arrival_ts": 1758719041747}
{"action": "send", "src": "SA-N107", "dst": "NA-N160", "hlc": {"phys": 1758719063194, "cnt": 0, "node": "SA-N107"}, "package_id": "PKG19041", "payload": {"status": "IN_TRANSIT"}, "sent_ts": 1758719042124, "arrival_ts": 1758719042124}
{"action": "send", "src": "SA-N107", "dst": "NA-N160", "hlc": {"phys": 1758719063494, "cnt": 0, "node": "SA-N107"}, "package_id": "PKG19041", "payload": {"status": "RECEIVED"}, "sent_ts": 1758719042424, "arrival_ts": 1758719042424}
{"action": "send", "src": "SA-N107", "dst": "NA-N160", "hlc": {"phys": 1758719063889, "cnt": 0, "node": "SA-N107"}, "package_id": "PKG19041", "payload": {"status": "DELIVERED"}, "sent_ts": 1758719042819, "arrival_ts": 1758719042819}
{"action": "recv", "src": "AF-N165", "dst": "SA-N107", "hlc": {"phys": 1758737862500, "cnt": 0, "node": "AF-N165"}, "package_id": "PKG37845", "payload": {"status": "CREATED"}, "sent_ts": 1758737845850, "arrival_ts": 1758737846000}
{"action": "recv", "src": "AF-N165", "dst": "SA-N107", "hlc": {"phys": 1758737862856, "cnt": 0, "node": "AF-N165"}, "package_id": "PKG37845", "payload": {"status": "SENT"}, "sent_ts": 1758737846206, "arrival_ts": 1758737846339}
{"action": "recv", "src": "AF-N165", "dst": "SA-N107", "hlc": {"phys": 1758737863184, "cnt": 0, "node": "AF-N165"}, "package_id": "PKG37845", "payload": {"status": "IN_TRANSIT"}, "sent_ts": 1758737846534, "arrival_ts": 1758737846594}
{"action": "recv", "src": "AF-N165", "dst": "SA-N107", "hlc": {"phys": 1758737863448, "cnt": 0, "node": "AF-N165"}, "package_id": "PKG37845", "payload": {"status": "RECEIVED"}, "sent_ts": 1758737846798, "arrival_ts": 1758737846892}
{"action": "recv", "src": "AF-N165", "dst": "SA-N107", "hlc": {"phys": 1758737863741, "cnt": 0, "node": "AF-N165"}, "package_id": "PKG37845", "payload": {"status": "DELIVERED"}, "sent_ts": 1758737847091, "arrival_ts": 1758737847109}
{"action": "send", "src": "SA-N107", "dst": "AF-N191", "hlc": {"phys": 1758737972120, "cnt": 0, "node": "SA-N107"}, "package_id": "PKG37951", "payload": {"status": "CREATED"}, "sent_ts": 1758737951050, "arrival_ts": 1758737951050}
{"action": "send", "src": "SA-N107", "dst": "AF-N191", "hlc": {"phys": 1758737972456, "cnt": 0, "node": "SA-N107"}, "package_id": "PKG37951", "payload": {"status": "SENT"}, "sent_ts": 1758737951386, "arrival_ts": 1758737951386}
{"action": "send", "src": "SA-N107", "dst": "AF-N191", "hlc": {"phys": 1758737972729, "cnt": 0, "node": "SA-N107"}, "package_id": "PKG37951", "payload": {"status": "IN_TRANSIT"}, "sent_ts": 1758737951659, "arrival_ts": 1758737951660}
{"action": "send", "src": "SA-N107", "dst": "AF-N191", "hlc": {"phys": 1758737972985, "cnt": 0, "node": "SA-N107"}, "package_id": "PKG37951", "payload": {"status": "RECEIVED"}, "sent_ts": 1758737951915, "arrival_ts": 1758737951915}
{"action": "send", "src": "SA-N107", "dst": "AF-N191", "hlc": {"phys": 1758737973311, "cnt": 0, "node": "SA-N107"}, "package_id": "PKG37951", "payload": {"status": "DELIVERED"}, "sent_ts": 1758737952241, "arrival_ts": 1758737952241}
{"action": "recv", "src": "SA-N176", "dst": "SA-N107", "hlc": {"phys": 1758740524713, "cnt": 0, "node": "SA-N176"}, "package_id": "PKG40502", "payload": {"status": "CREATED"}, "sent_ts": 1758740502953, "arrival_ts": 1758740503144}
{"action": "recv", "src": "SA-N176", "dst": "SA-N107", "hlc": {"phys": 1758740525104, "cnt": 0, "node": "SA-N176"}, "package_id": "PKG40502", "payload": {"status": "SENT"}, "sent_ts": 1758740503344, "arrival_ts": 1758740503447}
{"action": "recv", "src": "SA-N176", "dst": "SA-N107", "hlc": {"phys": 1758740525399, "cnt": 0, "node": "SA-N176"}, "package_id": "PKG40502", "payload": {"status": "IN_TRANSIT"}, "sent_ts": 1758740503639, "arrival_ts": 1758740503703}
{"action": "recv", "src": "SA-N176", "dst": "SA-N107", "hlc": {"phys": 1758740525680, "cnt": 0, "node": "SA-N176"}, "package_id": "PKG40502", "payload": {"status": "RECEIVED"}, "sent_ts": 1758740503920, "arrival_ts": 1758740504067}
{"action": "recv", "src": "SA-N176", "dst": "SA-N107", "hlc": {"phys": 1758740526037, "cnt": 0, "node": "SA-N176"}, "package_id": "PKG40502", "payload": {"status": "DELIVERED"}, "sent_ts": 1758740504277, "arrival_ts": 1758740504304}
{"action": "recv", "src": "AF-N78", "dst": "SA-N107", "hlc": {"phys": 1758744296609, "cnt": 0, "node": "AF-N78"}, "package_id": "PKG44280", "payload": {"status": "CREATED"}, "sent_ts": 1758744280829, "arrival_ts": 1758744280995}
{"action": "recv", "src": "AF-N78", "dst": "SA-N107", "hlc": {"phys": 1758744296978, "cnt": 0, "node": "AF-N78"}, "package_id": "PKG44280", "payload": {"status": "SENT"}, "sent_ts": 1758744281198, "arrival_ts": 1758744281235}
{"action": "recv", "src": "AF-N78", "dst": "SA-N107", "hlc": {"phys": 1758744297224, "cnt": 0, "node": "AF-N78"}, "package_id": "PKG44280", "payload": {"status": "IN_TRANSIT"}, "sent_ts": 1758744281444, "arrival_ts": 1758744281464}
{"action": "recv", "src": "AF-N78", "dst": "SA-N107", "hlc": {"phys": 1758744297439, "cnt": 0, "node": "AF-N78"}, "package_id": "PKG44280", "payload": {"status": "RECEIVED"}, "sent_ts": 1758744281659, "arrival_ts": 1758744281702}
{"action": "recv", "src": "AF-N78", "dst": "SA-N107", "hlc": {"phys": 1758744297702, "cnt": 0, "node": "AF-N78"}, "package_id": "PKG44280", "payload": {"status": "DELIVERED"}, "sent_ts": 1758744281922, "arrival_ts": 1758744282116}
{"action": "recv", "src": "AN-N88", "dst": "SA-N107", "hlc": {"phys": 1758745441901, "cnt": 0, "node": "AN-N88"}, "package_id": "PKG45411", "payload": {"status": "CREATED"}, "sent_ts": 1758745411021, "arrival_ts": 1758745411070}
{"action": "recv", "src": "AN-N88", "dst": "SA-N107", "hlc": {"phys": 1758745442148, "cnt": 0, "node": "AN-N88"}, "package_id": "PKG45411", "payload": {"status": "SENT"}, "sent_ts": 1758745411268, "arrival_ts": 1758745411467}
{"action": "recv", "src": "AN-N88", "dst": "SA-N107", "hlc": {"phys": 1758745442556, "cnt": 0, "node": "AN-N88"}, "package_id": "PKG45411", "payload": {"status": "IN_TRANSIT"}, "sent_ts": 1758745411676, "arrival_ts": 1758745411770}
{"action": "recv", "src": "AN-N88", "dst": "SA-N107", "hlc": {"phys": 1758745442854, "cnt": 0, "node": "AN-N88"}, "package_id": "PKG45411", "payload": {"status": "RECEIVED"}, "sent_ts": 1758745411974, "arrival_ts": 1758745412040}
{"action": "recv", "src": "AN-N88", "dst": "SA-N107", "hlc": {"phys": 1758745443119, "cnt": 0, "node": "AN-N88"}, "package_id": "PKG45411", "payload": {"status": "DELIVERED"}, "sent_ts": 1758745412239, "arrival_ts": 1758745412390}
{"action": "send", "src": "SA-N107", "dst": "AS-N190", "hlc": {"phys": 1758746011612, "cnt": 0, "node": "SA-N107"}, "package_id": "PKG45990", "payload": {"status": "CREATED"}, "sent_ts": 1758745990541, "arrival_ts": 1758745990542}
{"action": "send", "src": "SA-N107", "dst": "AS-N190", "hlc": {"phys": 1758746011843, "cnt": 0, "node": "SA-N107"}, "package_id": "PKG45990", "payload": {"status": "SENT"}, "sent_ts": 1758745990773, "arrival_ts": 1758745990773}
{"action": "send", "src": "SA-N107", "dst": "AS-N190", "hlc": {"phys": 1758746012254, "cnt": 0, "node": "SA-N107"}, "package_id": "PKG45990", "payload": {"status": "IN_TRANSIT"}, "sent_ts": 1758745991184, "arrival_ts": 1758745991184}
{"action": "send", "src": "SA-N107", "dst": "AS-N190", "hlc": {"phys": 1758746012501, "cnt": 0, "node": "SA-N107"}, "package_id": "PKG45990", "payload": {"status": "RECEIVED"}, "sent_ts": 1758745991431, "arrival_ts": 1758745991431}
{"action": "send", "src": "SA-N107", "dst": "AS-N190", "hlc": {"phys": 1758746012800, "cnt": 0, "node": "SA-N107"}, "package_id": "PKG45990", "payload": {"status": "DELIVERED"}, "sent_ts": 1758745991730, "arrival_ts": 1758745991730}
{"action": "send", "src": "SA-N107", "dst": "AU-N146", "hlc": {"phys": 1758747063465, "cnt": 0, "node": "SA-N107"}, "package_id": "PKG47042", "payload": {"status": "CREATED"}, "sent_ts": 1758747042395, "arrival_ts": 1758747042395}
{"action": "send", "src": "SA-N107", "dst": "AU-N146", "hlc": {"phys": 1758747063807, "cnt": 0, "node": "SA-N107"}, "package_id": "PKG47042", "payload": {"status": "SENT"}, "sent_ts": 1758747042737, "arrival_ts": 1758747042737}
{"action": "send", "src": "SA-N107", "dst": "AU-N146", "hlc": {"phys": 1758747064192, "cnt": 0, "node": "SA-N107"}, "package_id": "PKG47042", "payload": {"status": "IN_TRANSIT"}, "sent_ts": 1758747043122, "arrival_ts": 1758747043122}
{"action": "send", "src": "SA-N107", "dst": "AU-N146", "hlc": {"phys": 1758747064547, "cnt": 0, "node": "SA-N107"}, "package_id": "PKG47042", "payload": {"status": "RECEIVED"}, "sent_ts": 1758747043477, "arrival_ts": 1758747043477}
{"action": "send", "src": "SA-N107", "dst": "AU-N146", "hlc": {"phys": 1758747064860, "cnt": 0, "node": "SA-N107"}, "package_id": "PKG47042", "payload": {"status": "DELIVERED"}, "sent_ts": 1758747043790, "arrival_ts": 1758747043790}
{"action": "send", "src": "SA-N107", "dst": "AU-N92", "hlc": {"phys": 1758751774987, "cnt": 0, "node": "SA-N107"}, "package_id": "PKG51753", "payload": {"status": "CREATED"}, "sent_ts": 1758751753917, "arrival_ts": 1758751753917}
{"action": "send", "src": "SA-N107", "dst": "AU-N92", "hlc": {"phys": 1758751775255, "cnt": 0, "node": "SA-N107"}, "package_id": "PKG51753", "payload": {"status": "SENT"}, "sent_ts": 1758751754185, "arrival_ts": 1758751754185}
{"action": "send", "src": "SA-N107", "dst": "AU-N92", "hlc": {"phys": 1758751775477, "cnt": 0, "node": "SA-N107"}, "package_id": "PKG51753", "payload": {"status": "IN_TRANSIT"}, "sent_ts": 1758751754407, "arrival_ts": 1758751754407}
{"action": "send", "src": "SA-N107", "dst": "AU-N92", "hlc": {"phys": 1758751775824, "cnt": 0, "node": "SA-N107"}, "package_id": "PKG51753", "payload": {"status": "RECEIVED"}, "sent_ts": 1758751754754, "arrival_ts": 1758751754754}
{"action": "send", "src": "SA-N107", "dst": "AU-N92", "hlc": {"phys": 1758751776203, "cnt": 0, "node": "SA-N107"}, "package_id": "PKG51753", "payload": {"status": "DELIVERED"}, "sent_ts": 1758751755133, "arrival_ts": 1758751755133}
{"action": "send", "src": "SA-N107", "dst": "EU-N34", "hlc": {"phys": 1758751826899, "cnt": 0, "node": "SA-N107"}, "package_id": "PKG51805", "payload": {"status": "CREATED"}, "sent_ts": 1758751805829, "arrival_ts": 1758751805829}
{"action": "send", "src": "SA-N107", "dst": "EU-N34", "hlc": {"phys": 1758751827230, "cnt": 0, "node": "SA-N107"}, "package_id": "PKG51805", "payload": {"status": "SENT"}, "sent_ts": 1758751806160, "arrival_ts": 1758751806160}
{"action": "send", "src": "SA-N107", "dst": "EU-N34", "hlc": {"phys": 1758751827468, "cnt": 0, "node": "SA-N107"}, "package_id": "PKG51805", "payload": {"status": "IN_TRANSIT"}, "sent_ts": 1758751806398, "arrival_ts": 1758751806398}
{"action": "send", "src": "SA-N107", "dst": "EU-N34", "hlc": {"phys": 1758751827755, "cnt": 0, "node": "SA-N107"}, "package_id": "PKG51805", "payload": {"status": "RECEIVED"}, "sent_ts": 1758751806685, "arrival_ts": 1758751806685}
{"action": "send", "src": "SA-N107", "dst": "EU-N34", "hlc": {"phys": 1758751828103, "cnt": 0, "node": "SA-N107"}, "package_id": "PKG51805", "payload": {"status": "DELIVERED"}, "sent_ts": 1758751807033, "arrival_ts": 1758751807033}
{"action": "send", "src": "SA-N107", "dst": "SA-N120", "hlc": {"phys": 1758753952208, "cnt": 0, "node": "SA-N107"}, "package_id": "PKG53931", "payload": {"status": "CREATED"}, "sent_ts": 1758753931138, "arrival_ts": 1758753931138}
{"action": "send", "src": "SA-N107", "dst": "SA-N120", "hlc": {"phys": 1758753952452, "cnt": 0, "node": "SA-N107"}, "package_id": "PKG53931", "payload": {"status": "SENT"}, "sent_ts": 1758753931382, "arrival_ts": 1758753931382}
{"action": "send", "src": "SA-N107", "dst": "SA-N120", "hlc": {"phys": 1758753952693, "cnt": 0, "node": "SA-N107"}, "package_id": "PKG53931", "payload": {"status": "IN_TRANSIT"}, "sent_ts": 1758753931623, "arrival_ts": 1758753931623}
{"action": "send", "src": "SA-N107", "dst": "SA-N120", "hlc": {"phys": 1758753952985, "cnt": 0, "node": "SA-N107"}, "package_id": "PKG53931", "payload": {"status": "RECEIVED"}, "sent_ts": 1758753931915, "arrival_ts": 1758753931915}
{"action": "send", "src": "SA-N107", "dst": "SA-N120", "hlc": {"phys": 1758753953343, "cnt": 0, "node": "SA-N107"}, "package_id": "PKG53931", "payload": {"status": "DELIVERED"}, "sent_ts": 1758753932273, "arrival_ts": 1758753932273}
{"action": "send", "src": "SA-N107", "dst": "SA-N62", "hlc": {"phys": 1758757674218, "cnt": 0, "node": "SA-N107"}, "package_id": "PKG57653", "payload": {"status": "CREATED"}, "sent_ts": 1758757653148, "arrival_ts": 1758757653148}
{"action": "send", "src": "SA-N107", "dst": "SA-N62", "hlc": {"phys": 1758757674608, "cnt": 0, "node": "SA-N107"}, "package_id": "PKG57653", "payload": {"status": "SENT"}, "sent_ts": 1758757653538, "arrival_ts": 1758757653538}
{"action": "send", "src": "SA-N107", "dst": "SA-N62", "hlc": {"phys": 1758757674875, "cnt": 0, "node": "SA-N107"}, "package_id": "PKG57653", "payload": {"status": "IN_TRANSIT"}, "sent_ts": 1758757653805, "arrival_ts": 1758757653805}
{"action": "send", "src": "SA-N107", "dst": "SA-N62", "hlc": {"phys": 1758757675224, "cnt": 0, "node": "SA-N107"}, "package_id": "PKG57653", "payload": {"status": "RECEIVED"}, "sent_ts": 1758757654154, "arrival_ts": 1758757654154}
{"action": "send", "src": "SA-N107", "dst": "SA-N62", "hlc": {"phys": 1758757675629, "cnt": 0, "node": "SA-N107"}, "package_id": "PKG57653", "payload": {"status": "DELIVERED"}, "sent_ts": 1758757654559, "arrival_ts": 1758757654559}
{"action": "recv", "src": "AF-N74", "dst": "SA-N107", "hlc": {"phys": 1758758201455, "cnt": 0, "node": "AF-N74"}, "package_id": "PKG58185", "payload": {"status": "CREATED"}, "sent_ts": 1758758185715, "arrival_ts": 1758758185791}
{"action": "recv", "src": "AF-N74", "dst": "SA-N107", "hlc": {"phys": 1758758201733, "cnt": 0, "node": "AF-N74"}, "package_id": "PKG58185", "payload": {"status": "SENT"}, "sent_ts": 1758758185993, "arrival_ts": 1758758186025}
{"action": "recv", "src": "AF-N74", "dst": "SA-N107", "hlc": {"phys": 1758758201964, "cnt": 0, "node": "AF-N74"}, "package_id": "PKG58185", "payload": {"status": "IN_TRANSIT"}, "sent_ts": 1758758186224, "arrival_ts": 1758758186384}
{"action": "recv", "src": "AF-N74", "dst": "SA-N107", "hlc": {"phys": 1758758202321, "cnt": 0, "node": "AF-N74"}, "package_id": "PKG58185", "payload": {"status": "RECEIVED"}, "sent_ts": 1758758186581, "arrival_ts": 1758758186641}
{"action": "recv", "src": "AF-N74", "dst": "SA-N107", "hlc": {"phys": 1758758202584, "cnt": 0, "node": "AF-N74"}, "package_id": "PKG58185", "payload": {"status": "DELIVERED"}, "sent_ts": 1758758186844, "arrival_ts": 1758758186961}
{"action": "send", "src": "SA-N107", "dst": "AS-N42", "hlc": {"phys": 1758758582696, "cnt": 0, "node": "SA-N107"}, "package_id": "PKG58561", "payload": {"status": "CREATED"}, "sent_ts": 1758758561626, "arrival_ts": 1758758561626}
{"action": "send", "src": "SA-N107", "dst": "AS-N42", "hlc": {"phys": 1758758583055, "cnt": 0, "node": "SA-N107"}, "package_id": "PKG58561", "payload": {"status": "SENT"}, "sent_ts": 1758758561985, "arrival_ts": 1758758561985}
{"action": "send", "src": "SA-N107", "dst": "AS-N42", "hlc": {"phys": 1758758583382, "cnt": 0, "node": "SA-N107"}, "package_id": "PKG58561", "payload": {"status": "IN_TRANSIT"}, "sent_ts": 1758758562312, "arrival_ts": 1758758562312}
{"action": "send", "src": "SA-N107", "dst": "AS-N42", "hlc": {"phys": 1758758583771, "cnt": 0, "node": "SA-N107"}, "package_id": "PKG58561", "payload": {"status": "RECEIVED"}, "sent_ts": 1758758562701, "arrival_ts": 1758758562701}
{"action": "send", "src": "SA-N107", "dst": "AS-N42", "hlc": {"phys": 1758758584150, "cnt": 0, "node": "SA-N107"}, "package_id": "PKG58561", "payload": {"status": "DELIVERED"}, "sent_ts": 1758758563080, "arrival_ts": 1758758563080}
{"action": "recv", "src": "AS-N131", "dst": "SA-N107", "hlc": {"phys": 1758761826130, "cnt": 0, "node": "AS-N131"}, "package_id": "PKG61814", "payload": {"status": "CREATED"}, "sent_ts": 1758761814820, "arrival_ts": 1758761814957}
{"action": "recv", "src": "AS-N131", "dst": "SA-N107", "hlc": {"phys": 1758761826477, "cnt": 0, "node": "AS-N131"}, "package_id": "PKG61814", "payload": {"status": "SENT"}, "sent_ts": 1758761815167, "arrival_ts": 1758761815332}
{"action": "recv", "src": "AS-N131", "dst": "SA-N107", "hlc": {"phys": 1758761826843, "cnt": 0, "node": "AS-N131"}, "package_id": "PKG61814", "payload": {"status": "IN_TRANSIT"}, "sent_ts": 1758761815533, "arrival_ts": 1758761815708}
{"action": "recv", "src": "AS-N131", "dst": "SA-N107", "hlc": {"phys": 1758761827229, "cnt": 0, "node": "AS-N131"}, "package_id": "PKG61814", "payload": {"status": "RECEIVED"}, "sent_ts": 1758761815919, "arrival_ts": 1758761816023}
{"action": "recv", "src": "AS-N131", "dst": "SA-N107", "hlc": {"phys": 1758761827548, "cnt": 0, "node": "AS-N131"}, "package_id": "PKG61814", "payload": {"status": "DELIVERED"}, "sent_ts": 1758761816238, "arrival_ts": 1758761816425}
{"action": "send", "src": "SA-N107", "dst": "AS-N148", "hlc": {"phys": 1758763173881, "cnt": 0, "node": "SA-N107"}, "package_id": "PKG63152", "payload": {"status": "CREATED"}, "sent_ts": 1758763152811, "arrival_ts": 1758763152811}
{"action": "send", "src": "SA-N107", "dst": "AS-N148", "hlc": {"phys": 1758763174096, "cnt": 0, "node": "SA-N107"}, "package_id": "PKG63152", "payload": {"status": "SENT"}, "sent_ts": 1758763153026, "arrival_ts": 1758763153026}
{"action": "send", "src": "SA-N107", "dst": "AS-N148", "hlc": {"phys": 1758763174422, "cnt": 0, "node": "SA-N107"}, "package_id": "PKG63152", "payload": {"status": "IN_TRANSIT"}, "sent_ts": 1758763153352, "arrival_ts": 1758763153352}
{"action": "send", "src": "SA-N107", "dst": "AS-N148", "hlc": {"phys": 1758763174687, "cnt": 0, "node": "SA-N107"}, "package_id": "PKG63152", "payload": {"status": "RECEIVED"}, "sent_ts": 1758763153617, "arrival_ts": 1758763153617}
{"action": "send", "src": "SA-N107", "dst": "AS-N148", "hlc": {"phys": 1758763174934, "cnt": 0, "node": "SA-N107"}, "package_id": "PKG63152", "payload": {"status": "DELIVERED"}, "sent_ts": 1758763153864, "arrival_ts": 1758763153864}
{"action": "send", "src": "SA-N107", "dst": "NA-N53", "hlc": {"phys": 1758801098269, "cnt": 0, "node": "SA-N107"}, "package_id": "PKG1077", "payload": {"status": "CREATED"}, "sent_ts": 1758801077199, "arrival_ts": 1758801077199}
{"action": "send", "src": "SA-N107", "dst": "NA-N53", "hlc": {"phys": 1758801098579, "cnt": 0, "node": "SA-N107"}, "package_id": "PKG1077", "payload": {"status": "SENT"}, "sent_ts": 1758801077509, "arrival_ts": 1758801077509}
{"action": "send", "src": "SA-N107", "dst": "NA-N53", "hlc": {"phys": 1758801098890, "cnt": 0, "node": "SA-N107"}, "package_id": "PKG1077", "payload": {"status": "IN_TRANSIT"}, "sent_ts": 1758801077820, "arrival_ts": 1758801077820}
{"action": "send", "src": "SA-N107", "dst": "NA-N53", "hlc": {"phys": 1758801099153, "cnt": 0, "node": "SA-N107"}, "package_id": "PKG1077", "payload": {"status": "RECEIVED"}, "sent_ts": 1758801078083, "arrival_ts": 1758801078083}
{"action": "send", "src": "SA-N107", "dst": "NA-N53", "hlc": {"phys": 1758801099509, "cnt": 0, "node": "SA-N107"}, "package_id": "PKG1077", "payload": {"status": "DELIVERED"}, "sent_ts": 1758801078439, "arrival_ts": 1758801078439}
{"action": "send", "src": "SA-N107", "dst": "AU-N39", "hlc": {"phys": 1758801135687, "cnt": 0, "node": "SA-N107"}, "package_id": "PKG1114", "payload": {"status": "CREATED"}, "sent_ts": 1758801114617, "arrival_ts": 1758801114617}
{"action": "send", "src": "SA-N107", "dst": "AU-N39", "hlc": {"phys": 1758801135932, "cnt": 0, "node": "SA-N107"}, "package_id": "PKG1114", "payload": {"status": "SENT"}, "sent_ts": 1758801114862, "arrival_ts": 1758801114862}
{"action": "send", "src": "SA-N107", "dst": "AU-N39", "hlc": {"phys": 1758801136226, "cnt": 0, "node": "SA-N107"}, "package_id": "PKG1114", "payload": {"status": "IN_TRANSIT"}, "sent_ts": 1758801115156, "arrival_ts": 1758801115156}
{"action": "send", "src": "SA-N107", "dst": "AU-N39", "hlc": {"phys": 1758801136458, "cnt": 0, "node": "SA-N107"}, "package_id": "PKG1114", "payload": {"status": "RECEIVED"}, "sent_ts": 1758801115388, "arrival_ts": 1758801115388}
{"action": "send", "src": "SA-N107", "dst": "AU-N39", "hlc": {"phys": 1758801136768, "cnt": 0, "node": "SA-N107"}, "package_id": "PKG1114", "payload": {"status": "DELIVERED"}, "sent_ts": 1758801115698, "arrival_ts": 1758801115698}
{"action": "recv", "src": "AS-N82", "dst": "SA-N107", "hlc": {"phys": 1758803577305, "cnt": 0, "node": "AS-N82"}, "package_id": "PKG3566", "payload": {"status": "CREATED"}, "sent_ts": 1758803566485, "arrival_ts": 1758803566593}
{"action": "recv", "src": "AS-N82", "dst": "SA-N107", "hlc": {"phys": 1758803577627, "cnt": 0, "node": "AS-N82"}, "package_id": "PKG3566", "payload": {"status": "SENT"}, "sent_ts": 1758803566807, "arrival_ts": 1758803566936}
{"action": "recv", "src": "AS-N82", "dst": "SA-N107", "hlc": {"phys": 1758803577959, "cnt": 0, "node": "AS-N82"}, "package_id": "PKG3566", "payload": {"status": "IN_TRANSIT"}, "sent_ts": 1758803567139, "arrival_ts": 1758803567184}
{"action": "recv", "src": "AS-N82", "dst": "SA-N107", "hlc": {"phys": 1758803578203, "cnt": 0, "node": "AS-N82"}, "package_id": "PKG3566", "payload": {"status": "RECEIVED"}, "sent_ts": 1758803567383, "arrival_ts": 1758803567438}
{"action": "recv", "src": "AS-N82", "dst": "SA-N107", "hlc": {"phys": 1758803578466, "cnt": 0, "node": "AS-N82"}, "package_id": "PKG3566", "payload": {"status": "DELIVERED"}, "sent_ts": 1758803567646, "arrival_ts": 1758803567795}
{"action": "recv", "src": "EU-N58", "dst": "SA-N107", "hlc": {"phys": 1758809931466, "cnt": 0, "node": "EU-N58"}, "package_id": "PKG9925", "payload": {"status": "CREATED"}, "sent_ts": 1758809925886, "arrival_ts": 1758809926032}
{"action": "recv", "src": "EU-N58", "dst": "SA-N107", "hlc": {"phys": 1758809931821, "cnt": 0, "node": "EU-N58"}, "package_id": "PKG9925", "payload": {"status": "SENT"}, "sent_ts": 1758809926241, "arrival_ts": 1758809926346}
{"action": "recv", "src": "EU-N58", "dst": "SA-N107", "hlc": {"phys": 1758809932134, "cnt": 0, "node": "EU-N58"}, "package_id": "PKG9925", "payload": {"status": "IN_TRANSIT"}, "sent_ts": 1758809926554, "arrival_ts": 1758809926651}
{"action": "recv", "src": "EU-N58", "dst": "SA-N107", "hlc": {"phys": 1758809932430, "cnt": 0, "node": "EU-N58"}, "package_id": "PKG9925", "payload": {"status": "RECEIVED"}, "sent_ts": 1758809926850, "arrival_ts": 1758809927047}
{"action": "recv", "src": "EU-N58", "dst": "SA-N107", "hlc": {"phys": 1758809932836, "cnt": 0, "node": "EU-N58"}, "package_id": "PKG9925", "payload": {"status": "DELIVERED"}, "sent_ts": 1758809927256, "arrival_ts": 1758809927307}
{"action": "recv", "src": "AF-N170", "dst": "SA-N107", "hlc": {"phys": 1758809970876, "cnt": 0, "node": "AF-N170"}, "package_id": "PKG9954", "payload": {"status": "CREATED"}, "sent_ts": 1758809954176, "arrival_ts": 1758809954311}
{"action": "recv", "src": "AF-N170", "dst": "SA-N107", "hlc": {"phys": 1758809971217, "cnt": 0, "node": "AF-N170"}, "package_id": "PKG9954", "payload": {"status": "SENT"}, "sent_ts": 1758809954517, "arrival_ts": 1758809954581}
{"action": "recv", "src": "AF-N170", "dst": "SA-N107", "hlc": {"phys": 1758809971480, "cnt": 0, "node": "AF-N170"}, "package_id": "PKG9954", "payload": {"status": "IN_TRANSIT"}, "sent_ts": 1758809954780, "arrival_ts": 1758809954900}
{"action": "recv", "src": "AF-N170", "dst": "SA-N107", "hlc": {"phys": 1758809971807, "cnt": 0, "node": "AF-N170"}, "package_id": "PKG9954", "payload": {"status": "RECEIVED"}, "sent_ts": 1758809955107, "arrival_ts": 1758809955253}
{"action": "recv", "src": "AF-N170", "dst": "SA-N107", "hlc": {"phys": 1758809972162, "cnt": 0, "node": "AF-N170"}, "package_id": "PKG9954", "payload": {"status": "DELIVERED"}, "sent_ts": 1758809955462, "arrival_ts": 1758809955663}
{"action": "recv", "src": "AF-N27", "dst": "SA-N107", "hlc": {"phys": 1758810046054, "cnt": 0, "node": "AF-N27"}, "package_id": "PKG10030", "payload": {"status": "CREATED"}, "sent_ts": 1758810030784, "arrival_ts": 1758810030867}
{"action": "recv", "src": "AF-N27", "dst": "SA-N107", "hlc": {"phys": 1758810046333, "cnt": 0, "node": "AF-N27"}, "package_id": "PKG10030", "payload": {"status": "SENT"}, "sent_ts": 1758810031063, "arrival_ts": 1758810031159}
{"action": "recv", "src": "AF-N27", "dst": "SA-N107", "hlc": {"phys": 1758810047258, "cnt": 0, "node": "AF-N27"}, "package_id": "PKG10030", "payload": {"status": "IN_TRANSIT"}, "sent_ts": 1758810031988, "arrival_ts": 1758810032018}
{"action": "recv", "src": "AF-N27", "dst": "SA-N107", "hlc": {"phys": 1758810047500, "cnt": 0, "node": "AF-N27"}, "package_id": "PKG10030", "payload": {"status": "RECEIVED"}, "sent_ts": 1758810032230, "arrival_ts": 1758810032384}
{"action": "recv", "src": "AF-N27", "dst": "SA-N107", "hlc": {"phys": 1758810047859, "cnt": 0, "node": "AF-N27"}, "package_id": "PKG10030", "payload": {"status": "DELIVERED"}, "sent_ts": 1758810032589, "arrival_ts": 1758810032729}
{"action": "recv", "src": "AU-N50", "dst": "SA-N107", "hlc": {"phys": 1758810634255, "cnt": 0, "node": "AU-N50"}, "package_id": "PKG10608", "payload": {"status": "CREATED"}, "sent_ts": 1758810608755, "arrival_ts": 1758810608807}
{"action": "recv", "src": "AU-N50", "dst": "SA-N107", "hlc": {"phys": 1758810634502, "cnt": 0, "node": "AU-N50"}, "package_id": "PKG10608", "payload": {"status": "SENT"}, "sent_ts": 1758810609002, "arrival_ts": 1758810609187}
{"action": "recv", "src": "AU-N50", "dst": "SA-N107", "hlc": {"phys": 1758810634905, "cnt": 0, "node": "AU-N50"}, "package_id": "PKG10608", "payload": {"status": "IN_TRANSIT"}, "sent_ts": 1758810609405, "arrival_ts": 1758810609426}
{"action": "recv", "src": "AU-N50", "dst": "SA-N107", "hlc": {"phys": 1758810635139, "cnt": 0, "node": "AU-N50"}, "package_id": "PKG10608", "payload": {"status": "RECEIVED"}, "sent_ts": 1758810609639, "arrival_ts": 1758810609667}
{"action": "recv", "src": "AU-N50", "dst": "SA-N107", "hlc": {"phys": 1758810635371, "cnt": 0, "node": "AU-N50"}, "package_id": "PKG10608", "payload": {"status": "DELIVERED"}, "sent_ts": 1758810609871, "arrival_ts": 1758810609988}
{"action": "recv", "src": "SA-N134", "dst": "SA-N107", "hlc": {"phys": 1758813187389, "cnt": 0, "node": "SA-N134"}, "package_id": "PKG13166", "payload": {"status": "CREATED"}, "sent_ts": 1758813166049, "arrival_ts": 1758813166211}
{"action": "recv", "src": "SA-N134", "dst": "SA-N107", "hlc": {"phys": 1758813187744, "cnt": 0, "node": "SA-N134"}, "package_id": "PKG13166", "payload": {"status": "SENT"}, "sent_ts": 1758813166404, "arrival_ts": 1758813166426}
{"action": "recv", "src": "SA-N134", "dst": "SA-N107", "hlc": {"phys": 1758813187977, "cnt": 0, "node": "SA-N134"}, "package_id": "PKG13166", "payload": {"status": "IN_TRANSIT"}, "sent_ts": 1758813166637, "arrival_ts": 1758813166725}
{"action": "recv", "src": "SA-N134", "dst": "SA-N107", "hlc": {"phys": 1758813188270, "cnt": 0, "node": "SA-N134"}, "package_id": "PKG13166", "payload": {"status": "RECEIVED"}, "sent_ts": 1758813166930, "arrival_ts": 1758813167100}
{"action": "recv", "src": "SA-N134", "dst": "SA-N107", "hlc": {"phys": 1758813188653, "cnt": 0, "node": "SA-N134"}, "package_id": "PKG13166", "payload": {"status": "DELIVERED"}, "sent_ts": 1758813167313, "arrival_ts": 1758813167501}
{"action": "recv", "src": "AF-N177", "dst": "SA-N107", "hlc": {"phys": 1758815478543, "cnt": 0, "node": "AF-N177"}, "package_id": "PKG15461", "payload": {"status": "CREATED"}, "sent_ts": 1758815461773, "arrival_ts": 1758815461869}
{"action": "recv", "src": "AF-N177", "dst": "SA-N107", "hlc": {"phys": 1758815478841, "cnt": 0, "node": "AF-N177"}, "package_id": "PKG15461", "payload": {"status": "SENT"}, "sent_ts": 1758815462071, "arrival_ts": 1758815462175}
{"action": "recv", "src": "AF-N177", "dst": "SA-N107", "hlc": {"phys": 1758815479150, "cnt": 0, "node": "AF-N177"}, "package_id": "PKG15461", "payload": {"status": "IN_TRANSIT"}, "sent_ts": 1758815462380, "arrival_ts": 1758815462397}
{"action": "recv", "src": "AF-N177", "dst": "SA-N107", "hlc": {"phys": 1758815479371, "cnt": 0, "node": "AF-N177"}, "package_id": "PKG15461", "payload": {"status": "RECEIVED"}, "sent_ts": 1758815462601, "arrival_ts": 1758815462788}
{"action": "recv", "src": "AF-N177", "dst": "SA-N107", "hlc": {"phys": 1758815479762, "cnt": 0, "node": "AF-N177"}, "package_id": "PKG15461", "payload": {"status": "DELIVERED"}, "sent_ts": 1758815462992, "arrival_ts": 1758815463131}
{"action": "recv", "src": "AN-N144", "dst": "SA-N107", "hlc": {"phys": 1758815680426, "cnt": 0, "node": "AN-N144"}, "package_id": "PKG15648", "payload": {"status": "CREATED"}, "sent_ts": 1758815648986, "arrival_ts": 1758815649095}
{"action": "recv", "src": "AN-N144", "dst": "SA-N107", "hlc": {"phys": 1758815680738, "cnt": 0, "node": "AN-N144"}, "package_id": "PKG15648", "payload": {"status": "SENT"}, "sent_ts": 1758815649298, "arrival_ts": 1758815649479}
{"action": "recv", "src": "AN-N144", "dst": "SA-N107", "hlc": {"phys": 1758815681111, "cnt": 0, "node": "AN-N144"}, "package_id": "PKG15648", "payload": {"status": "IN_TRANSIT"}, "sent_ts": 1758815649671, "arrival_ts": 1758815649727}
{"action": "recv", "src": "AN-N144", "dst": "SA-N107", "hlc": {"phys": 1758815681375, "cnt": 0, "node": "AN-N144"}, "package_id": "PKG15648", "payload": {"status": "RECEIVED"}, "sent_ts": 1758815649935, "arrival_ts": 1758815650111}
{"action": "recv", "src": "AN-N144", "dst": "SA-N107", "hlc": {"phys": 1758815681764, "cnt": 0, "node": "AN-N144"}, "package_id": "PKG15648", "payload": {"status": "DELIVERED"}, "sent_ts": 1758815650324, "arrival_ts": 1758815650422}
{"action": "recv", "src": "AU-N161", "dst": "SA-N107", "hlc": {"phys": 1758815865573, "cnt": 0, "node": "AU-N161"}, "package_id": "PKG15838", "payload": {"status": "CREATED"}, "sent_ts": 1758815838963, "arrival_ts": 1758815839008}
{"action": "recv", "src": "AU-N161", "dst": "SA-N107", "hlc": {"phys": 1758815865820, "cnt": 0, "node": "AU-N161"}, "package_id": "PKG15838", "payload": {"status": "SENT"}, "sent_ts": 1758815839210, "arrival_ts": 1758815839268}
{"action": "recv", "src": "AU-N161", "dst": "SA-N107", "hlc": {"phys": 1758815866101, "cnt": 0, "node": "AU-N161"}, "package_id": "PKG15838", "payload": {"status": "IN_TRANSIT"}, "sent_ts": 1758815839491, "arrival_ts": 1758815839514}
{"action": "recv", "src": "AU-N161", "dst": "SA-N107", "hlc": {"phys": 1758815866335, "cnt": 0, "node": "AU-N161"}, "package_id": "PKG15838", "payload": {"status": "RECEIVED"}, "sent_ts": 1758815839725, "arrival_ts": 1758815839855}
{"action": "recv", "src": "AU-N161", "dst": "SA-N107", "hlc": {"phys": 1758815866662, "cnt": 0, "node": "AU-N161"}, "package_id": "PKG15838", "payload": {"status": "DELIVERED"}, "sent_ts": 1758815840052, "arrival_ts": 1758815840193}
{"action": "send", "src": "SA-N107", "dst": "EU-N185", "hlc": {"phys": 1758816347030, "cnt": 0, "node": "SA-N107"}, "package_id": "PKG16325", "payload": {"status": "CREATED"}, "sent_ts": 1758816325960, "arrival_ts": 1758816325960}
{"action": "send", "src": "SA-N107", "dst": "EU-N185", "hlc": {"phys": 1758816347403, "cnt": 0, "node": "SA-N107"}, "package_id": "PKG16325", "payload": {"status": "SENT"}, "sent_ts": 1758816326333, "arrival_ts": 1758816326333}
{"action": "send", "src": "SA-N107", "dst": "EU-N185", "hlc": {"phys": 1758816347622, "cnt": 0, "node": "SA-N107"}, "package_id": "PKG16325", "payload": {"status": "IN_TRANSIT"}, "sent_ts": 1758816326552, "arrival_ts": 1758816326552}
{"action": "send", "src": "SA-N107", "dst": "EU-N185", "hlc": {"phys": 1758816347840, "cnt": 0, "node": "SA-N107"}, "package_id": "PKG16325", "payload": {"status": "RECEIVED"}, "sent_ts": 1758816326770, "arrival_ts": 1758816326770}
{"action": "send", "src": "SA-N107", "dst": "EU-N185", "hlc": {"phys": 1758816348228, "cnt": 0, "node": "SA-N107"}, "package_id": "PKG16325", "payload": {"status": "DELIVERED"}, "sent_ts": 1758816327158, "arrival_ts": 1758816327158}
