{"action": "recv", "src": "SA-N34", "dst": "SA-N142", "hlc": {"phys": 1758712992298, "cnt": 0, "node": "SA-N34"}, "package_id": "PKG12971", "payload": {"status": "CREATED"}, "sent_ts": 1758712971958, "arrival_ts": 1758712972042}
{"action": "recv", "src": "SA-N34", "dst": "SA-N142", "hlc": {"phys": 1758712992580, "cnt": 0, "node": "SA-N34"}, "package_id": "PKG12971", "payload": {"status": "SENT"}, "sent_ts": 1758712972240, "arrival_ts": 1758712972379}
{"action": "recv", "src": "SA-N34", "dst": "SA-N142", "hlc": {"phys": 1758712992933, "cnt": 0, "node": "SA-N34"}, "package_id": "PKG12971", "payload": {"status": "IN_TRANSIT"}, "sent_ts": 1758712972593, "arrival_ts": 1758712972726}
{"action": "recv", "src": "SA-N34", "dst": "SA-N142", "hlc": {"phys": 1758712993259, "cnt": 0, "node": "SA-N34"}, "package_id": "PKG12971", "payload": {"status": "RECEIVED"}, "sent_ts": 1758712972919, "arrival_ts": 1758712973083}
{"action": "recv", "src": "SA-N34", "dst": "SA-N142", "hlc": {"phys": 1758712993635, "cnt": 0, "node": "SA-N34"}, "package_id": "PKG12971", "payload": {"status": "DELIVERED"}, "sent_ts": 1758712973295, "arrival_ts": 1758712973409}
{"action": "recv", "src": "AU-N100", "dst": "SA-N142", "hlc": {"phys": 1758713632288, "cnt": 0, "node": "AU-N100"}, "package_id": "PKG13606", "payload": {"status": "CREATED"}, "sent_ts": 1758713606288, "arrival_ts": 1758713606316}
{"action": "recv", "src": "AU-N100", "dst": "SA-N142", "hlc": {"phys": 1758713632526, "cnt": 0, "node": "AU-N100"}, "package_id": "PKG13606", "payload": {"status": "SENT"}, "sent_ts": 1758713606526, "arrival_ts": 1758713606602}
{"action": "recv", "src": "AU-N100", "dst": "SA-N142", "hlc": {"phys": 1758713632805, "cnt": 0, "node": "AU-N100"}, "package_id": "PKG13606", "payload": {"status": "IN_TRANSIT"}, "sent_ts": 1758713606805, "arrival_ts": 1758713606890}
{"action": "recv", "src": "AU-N100", "dst": "SA-N142", "hlc": {"phys": 1758713633108, "cnt": 0, "node": "AU-N100"}, "package_id": "PKG13606", "payload": {"status": "RECEIVED"}, "sent_ts": 1758713607108, "arrival_ts": 1758713607253}
{"action": "recv", "src": "AU-N100", "dst": "SA-N142", "hlc": {"phys": 1758713633464, "cnt": 0, "node": "AU-N100"}, "package_id": "PKG13606", "payload": {"status": "DELIVERED"}, "sent_ts": 1758713607464, "arrival_ts": 1758713607522}
{"action": "send", "src": "SA-N142", "dst": "AF-N172", "hlc": {"phys": 1758738055598, "cnt": 0, "node": "SA-N142"}, "package_id": "PKG38034", "payload": {"status": "CREATED"}, "sent_ts": 1758738034178, "arrival_ts": 1758738034178}
{"action": "send", "src": "SA-N142", "dst": "AF-N172", "hlc": {"phys": 1758738055861, "cnt": 0, "node": "SA-N142"}, "package_id": "PKG38034", "payload": {"status": "SENT"}, "sent_ts": 1758738034441, "arrival_ts": 1758738034441}
{"action": "send", "src": "SA-N142", "dst": "AF-N172", "hlc": {"phys": 1758738056174, "cnt": 0, "node": "SA-N142"}, "package_id": "PKG38034", "payload": {"status": "IN_TRANSIT"}, "sent_ts": 1758738034754, "arrival_ts": 1758738034754}
{"action": "send", "src": "SA-N142", "dst": "AF-N172", "hlc": {"phys": 1758738056542, "cnt": 0, "node": "SA-N142"}, "package_id": "PKG38034", "payload": {"status": "RECEIVED"}, "sent_ts": 1758738035122, "arrival_ts": 1758738035122}
{"action": "send", "src": "SA-N142", "dst": "AF-N172", "hlc": {"phys": 1758738056787, "cnt": 0, "node": "SA-N142"}, "package_id": "PKG38034", "payload": {"status": "DELIVERED"}, "sent_ts": 1758738035367, "arrival_ts": 1758738035367}
{"action": "recv", "src": "NA-N184", "dst": "SA-N142", "hlc": {"phys": 1758739412009, "cnt": 0, "node": "NA-N184"}, "package_id": "PKG39410", "payload": {"status": "CREATED"}, "sent_ts": 1758739410169, "arrival_ts": 1758739410293}
{"action": "recv", "src": "NA-N184", "dst": "SA-N142", "hlc": {"phys": 1758739412337, "cnt": 0, "node": "NA-N184"}, "package_id": "PKG39410", "payload": {"status": "SENT"}, "sent_ts": 1758739410497, "arrival_ts": 1758739410510}
{"action": "recv", "src": "NA-N184", "dst": "SA-N142", "hlc": {"phys": 1758739412559, "cnt": 0, "node": "NA-N184"}, "package_id": "PKG39410", "payload": {"status": "IN_TRANSIT"}, "sent_ts": 1758739410719, "arrival_ts": 1758739410899}
{"action": "recv", "src": "NA-N184", "dst": "SA-N142", "hlc": {"phys": 1758739412944, "cnt": 0, "node": "NA-N184"}, "package_id": "PKG39410", "payload": {"status": "RECEIVED"}, "sent_ts": 1758739411104, "arrival_ts": 1758739411176}
{"action": "recv", "src": "NA-N184", "dst": "SA-N142", "hlc": {"phys": 1758739413215, "cnt": 0, "node": "NA-N184"}, "package_id": "PKG39410", "payload": {"status": "DELIVERED"}, "sent_ts": 1758739411375, "arrival_ts": 1758739411498}
{"action": "recv", "src": "SA-N4", "dst": "SA-N142", "hlc": {"phys": 1758743279588, "cnt": 0, "node": "SA-N4"}, "package_id": "PKG43259", "payload": {"status": "CREATED"}, "sent_ts": 1758743259548, "arrival_ts": 1758743259685}
{"action": "recv", "src": "SA-N4", "dst": "SA-N142", "hlc": {"phys": 1758743279929, "cnt": 0, "node": "SA-N4"}, "package_id": "PKG43259", "payload": {"status": "SENT"}, "sent_ts": 1758743259889, "arrival_ts": 1758743260050}
{"action": "recv", "src": "SA-N4", "dst": "SA-N142", "hlc": {"phys": 1758743280286, "cnt": 0, "node": "SA-N4"}, "package_id": "PKG43259", "payload": {"status": "IN_TRANSIT"}, "sent_ts": 1758743260246, "arrival_ts": 1758743260294}
{"action": "recv", "src": "SA-N4", "dst": "SA-N142", "hlc": {"phys": 1758743280553, "cnt": 0, "node": "SA-N4"}, "package_id": "PKG43259", "payload": {"status": "RECEIVED"}, "sent_ts": 1758743260513, "arrival_ts": 1758743260680}
{"action": "recv", "src": "SA-N4", "dst": "SA-N142", "hlc": {"phys": 1758743280922, "cnt": 0, "node": "SA-N4"}, "package_id": "PKG43259", "payload": {"status": "DELIVERED"}, "sent_ts": 1758743260882, "arrival_ts": 1758743260994}
{"action": "send", "src": "SA-N142", "dst": "AU-N112", "hlc": {"phys": 1758744189077, "cnt": 0, "node": "SA-N142"}, "package_id": "PKG44167", "payload": {"status": "CREATED"}, "sent_ts": 1758744167657, "arrival_ts": 1758744167657}
{"action": "send", "src": "SA-N142", "dst": "AU-N112", "hlc": {"phys": 1758744189384, "cnt": 0, "node": "SA-N142"}, "package_id": "PKG44167", "payload": {"status": "SENT"}, "sent_ts": 1758744167964, "arrival_ts": 1758744167964}
{"action": "send", "src": "SA-N142", "dst": "AU-N112", "hlc": {"phys": 1758744189739, "cnt": 0, "node": "SA-N142"}, "package_id": "PKG44167", "payload": {"status": "IN_TRANSIT"}, "sent_ts": 1758744168319, "arrival_ts": 1758744168319}
{"action": "send", "src": "SA-N142", "dst": "AU-N112", "hlc": {"phys": 1758744189956, "cnt": 0, "node": "SA-N142"}, "package_id": "PKG44167", "payload": {"status": "RECEIVED"}, "sent_ts": 1758744168536, "arrival_ts": 1758744168536}
{"action": "send", "src": "SA-N142", "dst": "AU-N112", "hlc": {"phys": 1758744190358, "cnt": 0, "node": "SA-N142"}, "package_id": "PKG44167", "payload": {"status": "DELIVERED"}, "sent_ts": 1758744168938, "arrival_ts": 1758744168938}
{"action": "recv", "src": "AS-N49", "dst": "SA-N142", "hlc": {"phys": 1758746758072, "cnt": 0, "node": "AS-N49"}, "package_id": "PKG46747", "payload": {"status": "CREATED"}, "sent_ts": 1758746747582, "arrival_ts": 1758746747784}
{"action": "recv", "src": "AS-N49", "dst": "SA-N142", "hlc": {"phys": 1758746758477, "cnt": 0, "node": "AS-N49"}, "package_id": "PKG46747", "payload": {"status": "SENT"}, "sent_ts": 1758746747987, "arrival_ts": 1758746748027}
{"action": "recv", "src": "AS-N49", "dst": "SA-N142", "hlc": {"phys": 1758746758707, "cnt": 0, "node": "AS-N49"}, "package_id": "PKG46747", "payload": {"status": "IN_TRANSIT"}, "sent_ts": 1758746748217, "arrival_ts": 1758746748302}
{"action": "recv", "src": "AS-N49", "dst": "SA-N142", "hlc": {"phys": 1758746759003, "cnt": 0, "node": "AS-N49"}, "package_id": "PKG46747", "payload": {"status": "RECEIVED"}, "sent_ts": 1758746748513, "arrival_ts": 1758746748594}
{"action": "recv", "src": "AS-N49", "dst": "SA-N142", "hlc": {"phys": 1758746759291, "cnt": 0, "node": "AS-N49"}, "package_id": "PKG46747", "payload": {"status": "DELIVERED"}, "sent_ts": 1758746748801, "arrival_ts": 1758746748894}
{"action": "send", "src": "SA-N142", "dst": "AU-N14", "hlc": {"phys": 1758748619232, "cnt": 0, "node": "SA-N142"}, "package_id": "PKG48597", "payload": {"status": "CREATED"}, "sent_ts": 1758748597812, "arrival_ts": 1758748597812}
{"action": "send", "src": "SA-N142", "dst": "AU-N14", "hlc": {"phys": 1758748619598, "cnt": 0, "node": "SA-N142"}, "package_id": "PKG48597", "payload": {"status": "SENT"}, "sent_ts": 1758748598178, "arrival_ts": 1758748598178}
{"action": "send", "src": "SA-N142", "dst": "AU-N14", "hlc": {"phys": 1758748619846, "cnt": 0, "node": "SA-N142"}, "package_id": "PKG48597", "payload": {"status": "IN_TRANSIT"}, "sent_ts": 1758748598426, "arrival_ts": 1758748598426}
{"action": "send", "src": "SA-N142", "dst": "AU-N14", "hlc": {"phys": 1758748620112, "cnt": 0, "node": "SA-N142"}, "package_id": "PKG48597", "payload": {"status": "RECEIVED"}, "sent_ts": 1758748598692, "arrival_ts": 1758748598692}
{"action": "send", "src": "SA-N142", "dst": "AU-N14", "hlc": {"phys": 1758748620447, "cnt": 0, "node": "SA-N142"}, "package_id": "PKG48597", "payload": {"status": "DELIVERED"}, "sent_ts": 1758748599027, "arrival_ts": 1758748599027}
{"action": "send", "src": "SA-N142", "dst": "NA-N12", "hlc": {"phys": 1758748912757, "cnt": 0, "node": "SA-N142"}, "package_id": "PKG48891", "payload": {"status": "CREATED"}, "sent_ts": 1758748891337, "arrival_ts": 1758748891337}
{"action": "send", "src": "SA-N142", "dst": "NA-N12", "hlc": {"phys": 1758748913003, "cnt": 0, "node": "SA-N142"}, "package_id": "PKG48891", "payload": {"status": "SENT"}, "sent_ts": 1758748891583, "arrival_ts": 1758748891583}
{"action": "send", "src": "SA-N142", "dst": "NA-N12", "hlc": {"phys": 1758748913280, "cnt": 0, "node": "SA-N142"}, "package_id": "PKG48891", "payload": {"status": "IN_TRANSIT"}, "sent_ts": 1758748891860, "arrival_ts": 1758748891860}
{"action": "send", "src": "SA-N142", "dst": "NA-N12", "hlc": {"phys": 1758748913596, "cnt": 0, "node": "SA-N142"}, "package_id": "PKG48891", "payload": {"status": "RECEIVED"}, "sent_ts": 1758748892176, "arrival_ts": 1758748892176}
{"action": "send", "src": "SA-N142", "dst": "NA-N12", "hlc": {"phys": 1758748913965, "cnt": 0, "node": "SA-N142"}, "package_id": "PKG48891", "payload": {"status": "DELIVERED"}, "sent_ts": 1758748892545, "arrival_ts": 1758748892545}
{"action": "recv", "src": "AF-N80", "dst": "SA-N142", "hlc": {"phys": 1758754911426, "cnt": 0, "node": "AF-N80"}, "package_id": "PKG54895", "payload": {"status": "CREATED"}, "sent_ts": 1758754895626, "arrival_ts": 1758754895761}
{"action": "recv", "src": "AF-N80", "dst": "SA-N142", "hlc": {"phys": 1758754911759, "cnt": 0, "node": "AF-N80"}, "package_id": "PKG54895", "payload": {"status": "SENT"}, "sent_ts": 1758754895959, "arrival_ts": 1758754896037}
{"action": "recv", "src": "AF-N80", "dst": "SA-N142", "hlc": {"phys": 1758754912035, "cnt": 0, "node": "AF-N80"}, "package_id": "PKG54895", "payload": {"status": "IN_TRANSIT"}, "sent_ts": 1758754896235, "arrival_ts": 1758754896432}
{"action": "recv", "src": "AF-N80", "dst": "SA-N142", "hlc": {"phys": 1758754912438, "cnt": 0, "node": "AF-N80"}, "package_id": "PKG54895", "payload": {"status": "RECEIVED"}, "sent_ts": 1758754896638, "arrival_ts": 1758754896766}
{"action": "recv", "src": "AF-N80", "dst": "SA-N142", "hlc": {"phys": 1758754912774, "cnt": 0, "node": "AF-N80"}, "package_id": "PKG54895", "payload": {"status": "DELIVERED"}, "sent_ts": 1758754896974, "arrival_ts": 1758754896996}
{"action": "recv", "src": "NA-N40", "dst": "SA-N142", "hlc": {"phys": 1758756033149, "cnt": 0, "node": "NA-N40"}, "package_id": "PKG56032", "payload": {"status": "CREATED"}, "sent_ts": 1758756032749, "arrival_ts": 1758756032781}
{"action": "recv", "src": "NA-N40", "dst": "SA-N142", "hlc": {"phys": 1758756033387, "cnt": 0, "node": "NA-N40"}, "package_id": "PKG56032", "payload": {"status": "SENT"}, "sent_ts": 1758756032987, "arrival_ts": 1758756033125}
{"action": "recv", "src": "NA-N40", "dst": "SA-N142", "hlc": {"phys": 1758756033739, "cnt": 0, "node": "NA-N40"}, "package_id": "PKG56032", "payload": {"status": "IN_TRANSIT"}, "sent_ts": 1758756033339, "arrival_ts": 1758756033382}
{"action": "recv", "src": "NA-N40", "dst": "SA-N142", "hlc": {"phys": 1758756033983, "cnt": 0, "node": "NA-N40"}, "package_id": "PKG56032", "payload": {"status": "RECEIVED"}, "sent_ts": 1758756033583, "arrival_ts": 1758756033696}
{"action": "recv", "src": "NA-N40", "dst": "SA-N142", "hlc": {"phys": 1758756034304, "cnt": 0, "node": "NA-N40"}, "package_id": "PKG56032", "payload": {"status": "DELIVERED"}, "sent_ts": 1758756033904, "arrival_ts": 1758756034094}
{"action": "recv", "src": "AN-N43", "dst": "SA-N142", "hlc": {"phys": 1758756218989, "cnt": 0, "node": "AN-N43"}, "package_id": "PKG56188", "payload": {"status": "CREATED"}, "sent_ts": 1758756188559, "arrival_ts": 1758756188599}
{"action": "recv", "src": "AN-N43", "dst": "SA-N142", "hlc": {"phys": 1758756219231, "cnt": 0, "node": "AN-N43"}, "package_id": "PKG56188", "payload": {"status": "SENT"}, "sent_ts": 1758756188801, "arrival_ts": 1758756188968}
{"action": "recv", "src": "AN-N43", "dst": "SA-N142", "hlc": {"phys": 1758756219606, "cnt": 0, "node": "AN-N43"}, "package_id": "PKG56188", "payload": {"status": "IN_TRANSIT"}, "sent_ts": 1758756189176, "arrival_ts": 1758756189281}
{"action": "recv", "src": "AN-N43", "dst": "SA-N142", "hlc": {"phys": 1758756219915, "cnt": 0, "node": "AN-N43"}, "package_id": "PKG56188", "payload": {"status": "RECEIVED"}, "sent_ts": 1758756189485, "arrival_ts": 1758756189616}
{"action": "recv", "src": "AN-N43", "dst": "SA-N142", "hlc": {"phys": 1758756220244, "cnt": 0, "node": "AN-N43"}, "package_id": "PKG56188", "payload": {"status": "DELIVERED"}, "sent_ts": 1758756189814, "arrival_ts": 1758756189904}
{"action": "recv", "src": "AF-N191", "dst": "SA-N142", "hlc": {"phys": 1758757372997, "cnt": 0, "node": "AF-N191"}, "package_id": "PKG57356", "payload": {"status": "CREATED"}, "sent_ts": 1758757356087, "arrival_ts": 1758757356145}
{"action": "recv", "src": "AF-N191", "dst": "SA-N142", "hlc": {"phys": 1758757373264, "cnt": 0, "node": "AF-N191"}, "package_id": "PKG57356", "payload": {"status": "SENT"}, "sent_ts": 1758757356354, "arrival_ts": 1758757356419}
{"action": "recv", "src": "AF-N191", "dst": "SA-N142", "hlc": {"phys": 1758757373534, "cnt": 0, "node": "AF-N191"}, "package_id": "PKG57356", "payload": {"status": "IN_TRANSIT"}, "sent_ts": 1758757356624, "arrival_ts": 1758757356788}
{"action": "recv", "src": "AF-N191", "dst": "SA-N142", "hlc": {"phys": 1758757373903, "cnt": 0, "node": "AF-N191"}, "package_id": "PKG57356", "payload": {"status": "RECEIVED"}, "sent_ts": 1758757356993, "arrival_ts": 1758757357163}
{"action": "recv", "src": "AF-N191", "dst": "SA-N142", "hlc": {"phys": 1758757374272, "cnt": 0, "node": "AF-N191"}, "package_id": "PKG57356", "payload": {"status": "DELIVERED"}, "sent_ts": 1758757357362, "arrival_ts": 1758757357524}
{"action": "recv", "src": "AU-N146", "dst": "SA-N142", "hlc": {"phys": 1758758937503, "cnt": 0, "node": "AU-N146"}, "package_id": "PKG58911", "payload": {"status": "CREATED"}, "sent_ts": 1758758911043, "arrival_ts": 1758758911140}
{"action": "recv", "src": "AU-N146", "dst": "SA-N142", "hlc": {"phys": 1758758937816, "cnt": 0, "node": "AU-N146"}, "package_id": "PKG58911", "payload": {"status": "SENT"}, "sent_ts": 1758758911356, "arrival_ts": 1758758911423}
{"action": "recv", "src": "AU-N146", "dst": "SA-N142", "hlc": {"phys": 1758758938094, "cnt": 0, "node": "AU-N146"}, "package_id": "PKG58911", "payload": {"status": "IN_TRANSIT"}, "sent_ts": 1758758911634, "arrival_ts": 1758758911648}
{"action": "recv", "src": "AU-N146", "dst": "SA-N142", "hlc": {"phys": 1758758938312, "cnt": 0, "node": "AU-N146"}, "package_id": "PKG58911", "payload": {"status": "RECEIVED"}, "sent_ts": 1758758911852, "arrival_ts": 1758758911899}
{"action": "recv", "src": "AU-N146", "dst": "SA-N142", "hlc": {"phys": 1758758938561, "cnt": 0, "node": "AU-N146"}, "package_id": "PKG58911", "payload": {"status": "DELIVERED"}, "sent_ts": 1758758912101, "arrival_ts": 1758758912245}
{"action": "send", "src": "SA-N142", "dst": "AU-N95", "hlc": {"phys": 1758758938561, "cnt": 1, "node": "SA-N142"}, "package_id": "PKG58913", "payload": {"status": "CREATED"}, "sent_ts": 1758758913454, "arrival_ts": 1758758913454}
{"action": "send", "src": "SA-N142", "dst": "AU-N95", "hlc": {"phys": 1758758938561, "cnt": 2, "node": "SA-N142"}, "package_id": "PKG58913", "payload": {"status": "SENT"}, "sent_ts": 1758758913741, "arrival_ts": 1758758913741}
{"action": "send", "src": "SA-N142", "dst": "AU-N95", "hlc": {"phys": 1758758938561, "cnt": 3, "node": "SA-N142"}, "package_id": "PKG58913", "payload": {"status": "IN_TRANSIT"}, "sent_ts": 1758758914020, "arrival_ts": 1758758914020}
{"action": "send", "src": "SA-N142", "dst": "AU-N95", "hlc": {"phys": 1758758938561, "cnt": 4, "node": "SA-N142"}, "package_id": "PKG58913", "payload": {"status": "RECEIVED"}, "sent_ts": 1758758914343, "arrival_ts": 1758758914343}
{"action": "send", "src": "SA-N142", "dst": "AU-N95", "hlc": {"phys": 1758758938561, "cnt": 5, "node": "SA-N142"}, "package_id": "PKG58913", "payload": {"status": "DELIVERED"}, "sent_ts": 1758758914738, "arrival_ts": 1758758914738}
{"action": "recv", "src": "AF-N115", "dst": "SA-N142", "hlc": {"phys": 1758759072371, "cnt": 0, "node": "AF-N115"}, "package_id": "PKG59056", "payload": {"status": "CREATED"}, "sent_ts": 1758759056221, "arrival_ts": 1758759056256}
{"action": "recv", "src": "AF-N115", "dst": "SA-N142", "hlc": {"phys": 1758759072591, "cnt": 0, "node": "AF-N115"}, "package_id": "PKG59056", "payload": {"status": "SENT"}, "sent_ts": 1758759056441, "arrival_ts": 1758759056567}
{"action": "recv", "src": "AF-N115", "dst": "SA-N142", "hlc": {"phys": 1758759072923, "cnt": 0, "node": "AF-N115"}, "package_id": "PKG59056", "payload": {"status": "IN_TRANSIT"}, "sent_ts": 1758759056773, "arrival_ts": 1758759056937}
{"action": "recv", "src": "AF-N115", "dst": "SA-N142", "hlc": {"phys": 1758759073304, "cnt": 0, "node": "AF-N115"}, "package_id": "PKG59056", "payload": {"status": "RECEIVED"}, "sent_ts": 1758759057154, "arrival_ts": 1758759057341}
{"action": "recv", "src": "AF-N115", "dst": "SA-N142", "hlc": {"phys": 1758759073701, "cnt": 0, "node": "AF-N115"}, "package_id": "PKG59056", "payload": {"status": "DELIVERED"}, "sent_ts": 1758759057551, "arrival_ts": 1758759057620}
{"action": "send", "src": "SA-N142", "dst": "AN-N171", "hlc": {"phys": 1758759158533, "cnt": 0, "node": "SA-N142"}, "package_id": "PKG59137", "payload": {"status": "CREATED"}, "sent_ts": 1758759137113, "arrival_ts": 1758759137113}
{"action": "send", "src": "SA-N142", "dst": "AN-N171", "hlc": {"phys": 1758759158887, "cnt": 0, "node": "SA-N142"}, "package_id": "PKG59137", "payload": {"status": "SENT"}, "sent_ts": 1758759137467, "arrival_ts": 1758759137467}
{"action": "send", "src": "SA-N142", "dst": "AN-N171", "hlc": {"phys": 1758759159243, "cnt": 0, "node": "SA-N142"}, "package_id": "PKG59137", "payload": {"status": "IN_TRANSIT"}, "sent_ts": 1758759137823, "arrival_ts": 1758759137823}
{"action": "send", "src": "SA-N142", "dst": "AN-N171", "hlc": {"phys": 1758759159488, "cnt": 0, "node": "SA-N142"}, "package_id": "PKG59137", "payload": {"status": "RECEIVED"}, "sent_ts": 1758759138068, "arrival_ts": 1758759138068}
{"action": "send", "src": "SA-N142", "dst": "AN-N171", "hlc": {"phys": 1758759159840, "cnt": 0, "node": "SA-N142"}, "package_id": "PKG59137", "payload": {"status": "DELIVERED"}, "sent_ts": 1758759138420, "arrival_ts": 1758759138420}
{"action": "recv", "src": "AS-N74", "dst": "SA-N142", "hlc": {"phys": 1758759409227, "cnt": 0, "node": "AS-N74"}, "package_id": "PKG59398", "payload": {"status": "CREATED"}, "sent_ts": 1758759398487, "arrival_ts": 1758759398609}
{"action": "recv", "src": "AS-N74", "dst": "SA-N142", "hlc": {"phys": 1758759409567, "cnt": 0, "node": "AS-N74"}, "package_id": "PKG59398", "payload": {"status": "SENT"}, "sent_ts": 1758759398827, "arrival_ts": 1758759399025}
{"action": "recv", "src": "AS-N74", "dst": "SA-N142", "hlc": {"phys": 1758759409965, "cnt": 0, "node": "AS-N74"}, "package_id": "PKG59398", "payload": {"status": "IN_TRANSIT"}, "sent_ts": 1758759399225, "arrival_ts": 1758759399268}
{"action": "recv", "src": "AS-N74", "dst": "SA-N142", "hlc": {"phys": 1758759410209, "cnt": 0, "node": "AS-N74"}, "package_id": "PKG59398", "payload": {"status": "RECEIVED"}, "sent_ts": 1758759399469, "arrival_ts": 1758759399648}
{"action": "recv", "src": "AS-N74", "dst": "SA-N142", "hlc": {"phys": 1758759410596, "cnt": 0, "node": "AS-N74"}, "package_id": "PKG59398", "payload": {"status": "DELIVERED"}, "sent_ts": 1758759399856, "arrival_ts": 1758759399883}
{"action": "recv", "src": "NA-N125", "dst": "SA-N142", "hlc": {"phys": 1758760246278, "cnt": 0, "node": "NA-N125"}, "package_id": "PKG60245", "payload": {"status": "CREATED"}, "sent_ts": 1758760245028, "arrival_ts": 1758760245141}
{"action": "recv", "src": "NA-N125", "dst": "SA-N142", "hlc": {"phys": 1758760246615, "cnt": 0, "node": "NA-N125"}, "package_id": "PKG60245", "payload": {"status": "SENT"}, "sent_ts": 1758760245365, "arrival_ts": 1758760245410}
{"action": "recv", "src": "NA-N125", "dst": "SA-N142", "hlc": {"phys": 1758760246864, "cnt": 0, "node": "NA-N125"}, "package_id": "PKG60245", "payload": {"status": "IN_TRANSIT"}, "sent_ts": 1758760245614, "arrival_ts": 1758760245783}
{"action": "recv", "src": "NA-N125", "dst": "SA-N142", "hlc": {"phys": 1758760247236, "cnt": 0, "node": "NA-N125"}, "package_id": "PKG60245", "payload": {"status": "RECEIVED"}, "sent_ts": 1758760245986, "arrival_ts": 1758760246117}
{"action": "recv", "src": "NA-N125", "dst": "SA-N142", "hlc": {"phys": 1758760247580, "cnt": 0, "node": "NA-N125"}, "package_id": "PKG60245", "payload": {"status": "DELIVERED"}, "sent_ts": 1758760246330, "arrival_ts": 1758760246476}
{"action": "send", "src": "SA-N142", "dst": "SA-N10", "hlc": {"phys": 1758760958706, "cnt": 0, "node": "SA-N142"}, "package_id": "PKG60937", "payload": {"status": "CREATED"}, "sent_ts": 1758760937286, "arrival_ts": 1758760937286}
{"action": "send", "src": "SA-N142", "dst": "SA-N10", "hlc": {"phys": 1758760959109, "cnt": 0, "node": "SA-N142"}, "package_id": "PKG60937", "payload": {"status": "SENT"}, "sent_ts": 1758760937689, "arrival_ts": 1758760937689}
{"action": "send", "src": "SA-N142", "dst": "SA-N10", "hlc": {"phys": 1758760959390, "cnt": 0, "node": "SA-N142"}, "package_id": "PKG60937", "payload": {"status": "IN_TRANSIT"}, "sent_ts": 1758760937970, "arrival_ts": 1758760937970}
{"action": "send", "src": "SA-N142", "dst": "SA-N10", "hlc": {"phys": 1758760959636, "cnt": 0, "node": "SA-N142"}, "package_id": "PKG60937", "payload": {"status": "RECEIVED"}, "sent_ts": 1758760938216, "arrival_ts": 1758760938216}
{"action": "send", "src": "SA-N142", "dst": "SA-N10", "hlc": {"phys": 1758760959898, "cnt": 0, "node": "SA-N142"}, "package_id": "PKG60937", "payload": {"status": "DELIVERED"}, "sent_ts": 1758760938478, "arrival_ts": 1758760938478}
{"action": "recv", "src": "AF-N141", "dst": "SA-N142", "hlc": {"phys": 1758763720296, "cnt": 0, "node": "AF-N141"}, "package_id": "PKG63703", "payload": {"status": "CREATED"}, "sent_ts": 1758763703886, "arrival_ts": 1758763704033}
{"action": "recv", "src": "AF-N141", "dst": "SA-N142", "hlc": {"phys": 1758763720652, "cnt": 0, "node": "AF-N141"}, "package_id": "PKG63703", "payload": {"status": "SENT"}, "sent_ts": 1758763704242, "arrival_ts": 1758763704321}
{"action": "recv", "src": "AF-N141", "dst": "SA-N142", "hlc": {"phys": 1758763720935, "cnt": 0, "node": "AF-N141"}, "package_id": "PKG63703", "payload": {"status": "IN_TRANSIT"}, "sent_ts": 1758763704525, "arrival_ts": 1758763704555}
{"action": "recv", "src": "AF-N141", "dst": "SA-N142", "hlc": {"phys": 1758763721169, "cnt": 0, "node": "AF-N141"}, "package_id": "PKG63703", "payload": {"status": "RECEIVED"}, "sent_ts": 1758763704759, "arrival_ts": 1758763704910}
{"action": "recv", "src": "AF-N141", "dst": "SA-N142", "hlc": {"phys": 1758763721524, "cnt": 0, "node": "AF-N141"}, "package_id": "PKG63703", "payload": {"status": "DELIVERED"}, "sent_ts": 1758763705114, "arrival_ts": 1758763705248}
{"action": "send", "src": "SA-N142", "dst": "AN-N117", "hlc": {"phys": 1758800770144, "cnt": 0, "node": "SA-N142"}, "package_id": "PKG748", "payload": {"status": "CREATED"}, "sent_ts": 1758800748724, "arrival_ts": 1758800748724}
{"action": "send", "src": "SA-N142", "dst": "AN-N117", "hlc": {"phys": 1758800770365, "cnt": 0, "node": "SA-N142"}, "package_id": "PKG748", "payload": {"status": "SENT"}, "sent_ts": 1758800748945, "arrival_ts": 1758800748945}
{"action": "send", "src": "SA-N142", "dst": "AN-N117", "hlc": {"phys": 1758800770627, "cnt": 0, "node": "SA-N142"}, "package_id": "PKG748", "payload": {"status": "IN_TRANSIT"}, "sent_ts": 1758800749207, "arrival_ts": 1758800749207}
{"action": "send", "src": "SA-N142", "dst": "AN-N117", "hlc": {"phys": 1758800770958, "cnt": 0, "node": "SA-N142"}, "package_id": "PKG748", "payload": {"status": "RECEIVED"}, "sent_ts": 1758800749538, "arrival_ts": 1758800749538}
{"action": "send", "src": "SA-N142", "dst": "AN-N117", "hlc": {"phys": 1758800771218, "cnt": 0, "node": "SA-N142"}, "package_id": "PKG748", "payload": {"status": "DELIVERED"}, "sent_ts": 1758800749798, "arrival_ts": 1758800749798}
{"action": "recv", "src": "AU-N102", "dst": "SA-N142", "hlc": {"phys": 1758801371032, "cnt": 0, "node": "AU-N102"}, "package_id": "PKG1345", "payload": {"status": "CREATED"}, "sent_ts": 1758801345012, "arrival_ts": 1758801345111}
{"action": "recv", "src": "AU-N102", "dst": "SA-N142", "hlc": {"phys": 1758801371343, "cnt": 0, "node": "AU-N102"}, "package_id": "PKG1345", "payload": {"status": "SENT"}, "sent_ts": 1758801345323, "arrival_ts": 1758801345525}
{"action": "recv", "src": "AU-N102", "dst": "SA-N142", "hlc": {"phys": 1758801371748, "cnt": 0, "node": "AU-N102"}, "package_id": "PKG1345", "payload": {"status": "IN_TRANSIT"}, "sent_ts": 1758801345728, "arrival_ts": 1758801345833}
{"action": "recv", "src": "AU-N102", "dst": "SA-N142", "hlc": {"phys": 1758801372060, "cnt": 0, "node": "AU-N102"}, "package_id": "PKG1345", "payload": {"status": "RECEIVED"}, "sent_ts": 1758801346039, "arrival_ts": 1758801346152}
{"action": "recv", "src": "AU-N102", "dst": "SA-N142", "hlc": {"phys": 1758801372368, "cnt": 0, "node": "AU-N102"}, "package_id": "PKG1345", "payload": {"status": "DELIVERED"}, "sent_ts": 1758801346348, "arrival_ts": 1758801346424}
{"action": "send", "src": "SA-N142", "dst": "NA-N102", "hlc": {"phys": 1758803015262, "cnt": 0, "node": "SA-N142"}, "package_id": "PKG2993", "payload": {"status": "CREATED"}, "sent_ts": 1758802993842, "arrival_ts": 1758802993842}
{"action": "send", "src": "SA-N142", "dst": "NA-N102", "hlc": {"phys": 1758803015540, "cnt": 0, "node": "SA-N142"}, "package_id": "PKG2993", "payload": {"status": "SENT"}, "sent_ts": 1758802994120, "arrival_ts": 1758802994120}
{"action": "send", "src": "SA-N142", "dst": "NA-N102", "hlc": {"phys": 1758803015927, "cnt": 0, "node": "SA-N142"}, "package_id": "PKG2993", "payload": {"status": "IN_TRANSIT"}, "sent_ts": 1758802994507, "arrival_ts": 1758802994507}
{"action": "send", "src": "SA-N142", "dst": "NA-N102", "hlc": {"phys": 1758803016332, "cnt": 0, "node": "SA-N142"}, "package_id": "PKG2993", "payload": {"status": "RECEIVED"}, "sent_ts": 1758802994912, "arrival_ts": 1758802994912}
{"action": "send", "src": "SA-N142", "dst": "NA-N102", "hlc": {"phys": 1758803016566, "cnt": 0, "node": "SA-N142"}, "package_id": "PKG2993", "payload": {"status": "DELIVERED"}, "sent_ts": 1758802995146, "arrival_ts": 1758802995146}
{"action": "recv", "src": "AS-N19", "dst": "SA-N142", "hlc": {"phys": 1758803602251, "cnt": 0, "node": "AS-N19"}, "package_id": "PKG3592", "payload": {"status": "CREATED"}, "sent_ts": 1758803592061, "arrival_ts": 1758803592081}
{"action": "recv", "src": "AS-N19", "dst": "SA-N142", "hlc": {"phys": 1758803602482, "cnt": 0, "node": "AS-N19"}, "package_id": "PKG3592", "payload": {"status": "SENT"}, "sent_ts": 1758803592292, "arrival_ts": 1758803592332}
{"action": "recv", "src": "AS-N19", "dst": "SA-N142", "hlc": {"phys": 1758803602742, "cnt": 0, "node": "AS-N19"}, "package_id": "PKG3592", "payload": {"status": "IN_TRANSIT"}, "sent_ts": 1758803592552, "arrival_ts": 1758803592612}
{"action": "recv", "src": "AS-N19", "dst": "SA-N142", "hlc": {"phys": 1758803603013, "cnt": 0, "node": "AS-N19"}, "package_id": "PKG3592", "payload": {"status": "RECEIVED"}, "sent_ts": 1758803592823, "arrival_ts": 1758803592938}
{"action": "recv", "src": "AS-N19", "dst": "SA-N142", "hlc": {"phys": 1758803603335, "cnt": 0, "node": "AS-N19"}, "package_id": "PKG3592", "payload": {"status": "DELIVERED"}, "sent_ts": 1758803593145, "arrival_ts": 1758803593167}
{"action": "recv", "src": "SA-N55", "dst": "SA-N142", "hlc": {"phys": 1758804750669, "cnt": 0, "node": "SA-N55"}, "package_id": "PKG4730", "payload": {"status": "CREATED"}, "sent_ts": 1758804730119, "arrival_ts": 1758804730268}
{"action": "recv", "src": "SA-N55", "dst": "SA-N142", "hlc": {"phys": 1758804751032, "cnt": 0, "node": "SA-N55"}, "package_id": "PKG4730", "payload": {"status": "SENT"}, "sent_ts": 1758804730482, "arrival_ts": 1758804730655}
{"action": "recv", "src": "SA-N55", "dst": "SA-N142", "hlc": {"phys": 1758804751428, "cnt": 0, "node": "SA-N55"}, "package_id": "PKG4730", "payload": {"status": "IN_TRANSIT"}, "sent_ts": 1758804730878, "arrival_ts": 1758804731080}
{"action": "recv", "src": "SA-N55", "dst": "SA-N142", "hlc": {"phys": 1758804751838, "cnt": 0, "node": "SA-N55"}, "package_id": "PKG4730", "payload": {"status": "RECEIVED"}, "sent_ts": 1758804731288, "arrival_ts": 1758804731490}
{"action": "recv", "src": "SA-N55", "dst": "SA-N142", "hlc": {"phys": 1758804752252, "cnt": 0, "node": "SA-N55"}, "package_id": "PKG4730", "payload": {"status": "DELIVERED"}, "sent_ts": 1758804731702, "arrival_ts": 1758804731781}
{"action": "recv", "src": "EU-N65", "dst": "SA-N142", "hlc": {"phys": 1758812431525, "cnt": 0, "node": "EU-N65"}, "package_id": "PKG12425", "payload": {"status": "CREATED"}, "sent_ts": 1758812425875, "arrival_ts": 1758812426021}
{"action": "recv", "src": "EU-N65", "dst": "SA-N142", "hlc": {"phys": 1758812431894, "cnt": 0, "node": "EU-N65"}, "package_id": "PKG12425", "payload": {"status": "SENT"}, "sent_ts": 1758812426244, "arrival_ts": 1758812426277}
{"action": "recv", "src": "EU-N65", "dst": "SA-N142", "hlc": {"phys": 1758812432127, "cnt": 0, "node": "EU-N65"}, "package_id": "PKG12425", "payload": {"status": "IN_TRANSIT"}, "sent_ts": 1758812426477, "arrival_ts": 1758812426646}
{"action": "recv", "src": "EU-N65", "dst": "SA-N142", "hlc": {"phys": 1758812432501, "cnt": 0, "node": "EU-N65"}, "package_id": "PKG12425", "payload": {"status": "RECEIVED"}, "sent_ts": 1758812426851, "arrival_ts": 1758812426877}
{"action": "recv", "src": "EU-N65", "dst": "SA-N142", "hlc": {"phys": 1758812432735, "cnt": 0, "node": "EU-N65"}, "package_id": "PKG12425", "payload": {"status": "DELIVERED"}, "sent_ts": 1758812427085, "arrival_ts": 1758812427277}
{"action": "send", "src": "SA-N142", "dst": "AU-N114", "hlc": {"phys": 1758812883368, "cnt": 0, "node": "SA-N142"}, "package_id": "PKG12861", "payload": {"status": "CREATED"}, "sent_ts": 1758812861948, "arrival_ts": 1758812861948}
{"action": "send", "src": "SA-N142", "dst": "AU-N114", "hlc": {"phys": 1758812883602, "cnt": 0, "node": "SA-N142"}, "package_id": "PKG12861", "payload": {"status": "SENT"}, "sent_ts": 1758812862182, "arrival_ts": 1758812862182}
{"action": "send", "src": "SA-N142", "dst": "AU-N114", "hlc": {"phys": 1758812883820, "cnt": 0, "node": "SA-N142"}, "package_id": "PKG12861", "payload": {"status": "IN_TRANSIT"}, "sent_ts": 1758812862400, "arrival_ts": 1758812862400}
{"action": "send", "src": "SA-N142", "dst": "AU-N114", "hlc": {"phys": 1758812884115, "cnt": 0, "node": "SA-N142"}, "package_id": "PKG12861", "payload": {"status": "RECEIVED"}, "sent_ts": 1758812862695, "arrival_ts": 1758812862695}
{"action": "send", "src": "SA-N142", "dst": "AU-N114", "hlc": {"phys": 1758812884441, "cnt": 0, "node": "SA-N142"}, "package_id": "PKG12861", "payload": {"status": "DELIVERED"}, "sent_ts": 1758812863021, "arrival_ts": 1758812863021}
{"action": "recv", "src": "AN-N107", "dst": "SA-N142", "hlc": {"phys": 1758813919949, "cnt": 0, "node": "AN-N107"}, "package_id": "PKG13888", "payload": {"status": "CREATED"}, "sent_ts": 1758813888879, "arrival_ts": 1758813889041}
{"action": "recv", "src": "AN-N107", "dst": "SA-N142", "hlc": {"phys": 1758813920306, "cnt": 0, "node": "AN-N107"}, "package_id": "PKG13888", "payload": {"status": "SENT"}, "sent_ts": 1758813889236, "arrival_ts": 1758813889383}
{"action": "recv", "src": "AN-N107", "dst": "SA-N142", "hlc": {"phys": 1758813920662, "cnt": 0, "node": "AN-N107"}, "package_id": "PKG13888", "payload": {"status": "IN_TRANSIT"}, "sent_ts": 1758813889592, "arrival_ts": 1758813889677}
{"action": "recv", "src": "AN-N107", "dst": "SA-N142", "hlc": {"phys": 1758813920970, "cnt": 0, "node": "AN-N107"}, "package_id": "PKG13888", "payload": {"status": "RECEIVED"}, "sent_ts": 1758813889900, "arrival_ts": 1758813889914}
{"action": "recv", "src": "AN-N107", "dst": "SA-N142", "hlc": {"phys": 1758813921186, "cnt": 0, "node": "AN-N107"}, "package_id": "PKG13888", "payload": {"status": "DELIVERED"}, "sent_ts": 1758813890116, "arrival_ts": 1758813890128}
{"action": "recv", "src": "AS-N128", "dst": "SA-N142", "hlc": {"phys": 1758816004524, "cnt": 0, "node": "AS-N128"}, "package_id": "PKG15993", "payload": {"status": "CREATED"}, "sent_ts": 1758815993244, "arrival_ts": 1758815993356}
{"action": "recv", "src": "AS-N128", "dst": "SA-N142", "hlc": {"phys": 1758816004833, "cnt": 0, "node": "AS-N128"}, "package_id": "PKG15993", "payload": {"status": "SENT"}, "sent_ts": 1758815993553, "arrival_ts": 1758815993663}
{"action": "recv", "src": "AS-N128", "dst": "SA-N142", "hlc": {"phys": 1758816005144, "cnt": 0, "node": "AS-N128"}, "package_id": "PKG15993", "payload": {"status": "IN_TRANSIT"}, "sent_ts": 1758815993864, "arrival_ts": 1758815993974}
{"action": "recv", "src": "AS-N128", "dst": "SA-N142", "hlc": {"phys": 1758816005456, "cnt": 0, "node": "AS-N128"}, "package_id": "PKG15993", "payload": {"status": "RECEIVED"}, "sent_ts": 1758815994176, "arrival_ts": 1758815994194}
{"action": "recv", "src": "AS-N128", "dst": "SA-N142", "hlc": {"phys": 1758816005673, "cnt": 0, "node": "AS-N128"}, "package_id": "PKG15993", "payload": {"status": "DELIVERED"}, "sent_ts": 1758815994393, "arrival_ts": 1758815994504}
{"action": "recv", "src": "SA-N69", "dst": "SA-N142", "hlc": {"phys": 1758816413654, "cnt": 0, "node": "SA-N69"}, "package_id": "PKG16392", "payload": {"status": "CREATED"}, "sent_ts": 1758816392964, "arrival_ts": 1758816393049}
{"action": "recv", "src": "SA-N69", "dst": "SA-N142", "hlc": {"phys": 1758816413951, "cnt": 0, "node": "SA-N69"}, "package_id": "PKG16392", "payload": {"status": "SENT"}, "sent_ts": 1758816393261, "arrival_ts": 1758816393336}
{"action": "recv", "src": "SA-N69", "dst": "SA-N142", "hlc": {"phys": 1758816414228, "cnt": 0, "node": "SA-N69"}, "package_id": "PKG16392", "payload": {"status": "IN_TRANSIT"}, "sent_ts": 1758816393538, "arrival_ts": 1758816393674}
{"action": "recv", "src": "SA-N69", "dst": "SA-N142", "hlc": {"phys": 1758816414572, "cnt": 0, "node": "SA-N69"}, "package_id": "PKG16392", "payload": {"status": "RECEIVED"}, "sent_ts": 1758816393882, "arrival_ts": 1758816393907}
{"action": "recv", "src": "SA-N69", "dst": "SA-N142", "hlc": {"phys": 1758816414807, "cnt": 0, "node": "SA-N69"}, "package_id": "PKG16392", "payload": {"status": "DELIVERED"}, "sent_ts": 1758816394117, "arrival_ts": 1758816394247}
