{"action": "recv", "src": "SA-N87", "dst": "SA-N2", "hlc": {"phys": 1758713156638, "cnt": 0, "node": "SA-N87"}, "package_id": "PKG13135", "payload": {"status": "CREATED"}, "sent_ts": 1758713135768, "arrival_ts": 1758713135907}
{"action": "recv", "src": "SA-N87", "dst": "SA-N2", "hlc": {"phys": 1758713156980, "cnt": 0, "node": "SA-N87"}, "package_id": "PKG13135", "payload": {"status": "SENT"}, "sent_ts": 1758713136110, "arrival_ts": 1758713136279}
{"action": "recv", "src": "SA-N87", "dst": "SA-N2", "hlc": {"phys": 1758713157368, "cnt": 0, "node": "SA-N87"}, "package_id": "PKG13135", "payload": {"status": "IN_TRANSIT"}, "sent_ts": 1758713136498, "arrival_ts": 1758713136573}
{"action": "recv", "src": "SA-N87", "dst": "SA-N2", "hlc": {"phys": 1758713157645, "cnt": 0, "node": "SA-N87"}, "package_id": "PKG13135", "payload": {"status": "RECEIVED"}, "sent_ts": 1758713136775, "arrival_ts": 1758713136968}
{"action": "recv", "src": "SA-N87", "dst": "SA-N2", "hlc": {"phys": 1758713158049, "cnt": 0, "node": "SA-N87"}, "package_id": "PKG13135", "payload": {"status": "DELIVERED"}, "sent_ts": 1758713137179, "arrival_ts": 1758713137273}
{"action": "recv", "src": "EU-N46", "dst": "SA-N2", "hlc": {"phys": 1758716544931, "cnt": 0, "node": "EU-N46"}, "package_id": "PKG16539", "payload": {"status": "CREATED"}, "sent_ts": 1758716539471, "arrival_ts": 1758716539595}
{"action": "recv", "src": "EU-N46", "dst": "SA-N2", "hlc": {"phys": 1758716545268, "cnt": 0, "node": "EU-N46"}, "package_id": "PKG16539", "payload": {"status": "SENT"}, "sent_ts": 1758716539808, "arrival_ts": 1758716539930}
{"action": "recv", "src": "EU-N46", "dst": "SA-N2", "hlc": {"phys": 1758716545598, "cnt": 0, "node": "EU-N46"}, "package_id": "PKG16539", "payload": {"status": "IN_TRANSIT"}, "sent_ts": 1758716540138, "arrival_ts": 1758716540271}
{"action": "recv", "src": "EU-N46", "dst": "SA-N2", "hlc": {"phys": 1758716545937, "cnt": 0, "node": "EU-N46"}, "package_id": "PKG16539", "payload": {"status": "RECEIVED"}, "sent_ts": 1758716540477, "arrival_ts": 1758716540542}
{"action": "recv", "src": "EU-N46", "dst": "SA-N2", "hlc": {"phys": 1758716546211, "cnt": 0, "node": "EU-N46"}, "package_id": "PKG16539", "payload": {"status": "DELIVERED"}, "sent_ts": 1758716540751, "arrival_ts": 1758716540771}
{"action": "send", "src": "SA-N2", "dst": "AF-N1", "hlc": {"phys": 1758716597494, "cnt": 0, "node": "SA-N2"}, "package_id": "PKG16577", "payload": {"status": "CREATED"}, "sent_ts": 1758716577474, "arrival_ts": 1758716577474}
{"action": "send", "src": "SA-N2", "dst": "AF-N1", "hlc": {"phys": 1758716597743, "cnt": 0, "node": "SA-N2"}, "package_id": "PKG16577", "payload": {"status": "SENT"}, "sent_ts": 1758716577723, "arrival_ts": 1758716577723}
{"action": "send", "src": "SA-N2", "dst": "AF-N1", "hlc": {"phys": 1758716598082, "cnt": 0, "node": "SA-N2"}, "package_id": "PKG16577", "payload": {"status": "IN_TRANSIT"}, "sent_ts": 1758716578062, "arrival_ts": 1758716578062}
{"action": "send", "src": "SA-N2", "dst": "AF-N1", "hlc": {"phys": 1758716598313, "cnt": 0, "node": "SA-N2"}, "package_id": "PKG16577", "payload": {"status": "RECEIVED"}, "sent_ts": 1758716578293, "arrival_ts": 1758716578293}
{"action": "send", "src": "SA-N2", "dst": "AF-N1", "hlc": {"phys": 1758716598646, "cnt": 0, "node": "SA-N2"}, "package_id": "PKG16577", "payload": {"status": "DELIVERED"}, "sent_ts": 1758716578626, "arrival_ts": 1758716578626}
{"action": "send", "src": "SA-N2", "dst": "NA-N25", "hlc": {"phys": 1758738214279, "cnt": 0, "node": "SA-N2"}, "package_id": "PKG38194", "payload": {"status": "CREATED"}, "sent_ts": 1758738194259, "arrival_ts": 1758738194259}
{"action": "send", "src": "SA-N2", "dst": "NA-N25", "hlc": {"phys": 1758738215518, "cnt": 0, "node": "SA-N2"}, "package_id": "PKG38194", "payload": {"status": "SENT"}, "sent_ts": 1758738195498, "arrival_ts": 1758738195498}
{"action": "send", "src": "SA-N2", "dst": "NA-N25", "hlc": {"phys": 1758738215837, "cnt": 0, "node": "SA-N2"}, "package_id": "PKG38194", "payload": {"status": "IN_TRANSIT"}, "sent_ts": 1758738195817, "arrival_ts": 1758738195817}
{"action": "send", "src": "SA-N2", "dst": "NA-N25", "hlc": {"phys": 1758738216199, "cnt": 0, "node": "SA-N2"}, "package_id": "PKG38194", "payload": {"status": "RECEIVED"}, "sent_ts": 1758738196179, "arrival_ts": 1758738196179}
{"action": "send", "src": "SA-N2", "dst": "NA-N25", "hlc": {"phys": 1758738216525, "cnt": 0, "node": "SA-N2"}, "package_id": "PKG38194", "payload": {"status": "DELIVERED"}, "sent_ts": 1758738196505, "arrival_ts": 1758738196505}
{"action": "recv", "src": "SA-N4", "dst": "SA-N2", "hlc": {"phys": 1758738576373, "cnt": 0, "node": "SA-N4"}, "package_id": "PKG38556", "payload": {"status": "CREATED"}, "sent_ts": 1758738556333, "arrival_ts": 1758738556353}
{"action": "recv", "src": "SA-N4", "dst": "SA-N2", "hlc": {"phys": 1758738576594, "cnt": 0, "node": "SA-N4"}, "package_id": "PKG38556", "payload": {"status": "SENT"}, "sent_ts": 1758738556554, "arrival_ts": 1758738556599}
{"action": "recv", "src": "SA-N4", "dst": "SA-N2", "hlc": {"phys": 1758738576849, "cnt": 0, "node": "SA-N4"}, "package_id": "PKG38556", "payload": {"status": "IN_TRANSIT"}, "sent_ts": 1758738556809, "arrival_ts": 1758738556851}
{"action": "recv", "src": "SA-N4", "dst": "SA-N2", "hlc": {"phys": 1758738577095, "cnt": 0, "node": "SA-N4"}, "package_id": "PKG38556", "payload": {"status": "RECEIVED"}, "sent_ts": 1758738557055, "arrival_ts": 1758738557069}
{"action": "recv", "src": "SA-N4", "dst": "SA-N2", "hlc": {"phys": 1758738577317, "cnt": 0, "node": "SA-N4"}, "package_id": "PKG38556", "payload": {"status": "DELIVERED"}, "sent_ts": 1758738557277, "arrival_ts": 1758738557477}
{"action": "recv", "src": "NA-N162", "dst": "SA-N2", "hlc": {"phys": 1758739698283, "cnt": 0, "node": "NA-N162"}, "package_id": "PKG39696", "payload": {"status": "CREATED"}, "sent_ts": 1758739696663, "arrival_ts": 1758739696751}
{"action": "recv", "src": "NA-N162", "dst": "SA-N2", "hlc": {"phys": 1758739698581, "cnt": 0, "node": "NA-N162"}, "package_id": "PKG39696", "payload": {"status": "SENT"}, "sent_ts": 1758739696961, "arrival_ts": 1758739697142}
{"action": "recv", "src": "NA-N162", "dst": "SA-N2", "hlc": {"phys": 1758739698981, "cnt": 0, "node": "NA-N162"}, "package_id": "PKG39696", "payload": {"status": "IN_TRANSIT"}, "sent_ts": 1758739697361, "arrival_ts": 1758739697376}
{"action": "recv", "src": "NA-N162", "dst": "SA-N2", "hlc": {"phys": 1758739699195, "cnt": 0, "node": "NA-N162"}, "package_id": "PKG39696", "payload": {"status": "RECEIVED"}, "sent_ts": 1758739697575, "arrival_ts": 1758739697607}
{"action": "recv", "src": "NA-N162", "dst": "SA-N2", "hlc": {"phys": 1758739699406, "cnt": 0, "node": "NA-N162"}, "package_id": "PKG39696", "payload": {"status": "DELIVERED"}, "sent_ts": 1758739697786, "arrival_ts": 1758739697838}
{"action": "recv", "src": "AU-N62", "dst": "SA-N2", "hlc": {"phys": 1758740647032, "cnt": 0, "node": "AU-N62"}, "package_id": "PKG40621", "payload": {"status": "CREATED"}, "sent_ts": 1758740621412, "arrival_ts": 1758740621497}
{"action": "recv", "src": "AU-N62", "dst": "SA-N2", "hlc": {"phys": 1758740647323, "cnt": 0, "node": "AU-N62"}, "package_id": "PKG40621", "payload": {"status": "SENT"}, "sent_ts": 1758740621703, "arrival_ts": 1758740621876}
{"action": "recv", "src": "AU-N62", "dst": "SA-N2", "hlc": {"phys": 1758740647697, "cnt": 0, "node": "AU-N62"}, "package_id": "PKG40621", "payload": {"status": "IN_TRANSIT"}, "sent_ts": 1758740622077, "arrival_ts": 1758740622247}
{"action": "recv", "src": "AU-N62", "dst": "SA-N2", "hlc": {"phys": 1758740648086, "cnt": 0, "node": "AU-N62"}, "package_id": "PKG40621", "payload": {"status": "RECEIVED"}, "sent_ts": 1758740622466, "arrival_ts": 1758740622510}
{"action": "recv", "src": "AU-N62", "dst": "SA-N2", "hlc": {"phys": 1758740648336, "cnt": 0, "node": "AU-N62"}, "package_id": "PKG40621", "payload": {"status": "DELIVERED"}, "sent_ts": 1758740622716, "arrival_ts": 1758740622882}
{"action": "recv", "src": "AN-N82", "dst": "SA-N2", "hlc": {"phys": 1758742240146, "cnt": 0, "node": "AN-N82"}, "package_id": "PKG42209", "payload": {"status": "CREATED"}, "sent_ts": 1758742209326, "arrival_ts": 1758742209468}
{"action": "recv", "src": "AN-N82", "dst": "SA-N2", "hlc": {"phys": 1758742240503, "cnt": 0, "node": "AN-N82"}, "package_id": "PKG42209", "payload": {"status": "SENT"}, "sent_ts": 1758742209683, "arrival_ts": 1758742209860}
{"action": "recv", "src": "AN-N82", "dst": "SA-N2", "hlc": {"phys": 1758742240882, "cnt": 0, "node": "AN-N82"}, "package_id": "PKG42209", "payload": {"status": "IN_TRANSIT"}, "sent_ts": 1758742210062, "arrival_ts": 1758742210113}
{"action": "recv", "src": "AN-N82", "dst": "SA-N2", "hlc": {"phys": 1758742241138, "cnt": 0, "node": "AN-N82"}, "package_id": "PKG42209", "payload": {"status": "RECEIVED"}, "sent_ts": 1758742210318, "arrival_ts": 1758742210451}
{"action": "recv", "src": "AN-N82", "dst": "SA-N2", "hlc": {"phys": 1758742241491, "cnt": 0, "node": "AN-N82"}, "package_id": "PKG42209", "payload": {"status": "DELIVERED"}, "sent_ts": 1758742210671, "arrival_ts": 1758742210870}
{"action": "send", "src": "SA-N2", "dst": "SA-N11", "hlc": {"phys": 1758742274601, "cnt": 0, "node": "SA-N2"}, "package_id": "PKG42254", "payload": {"status": "CREATED"}, "sent_ts": 1758742254581, "arrival_ts": 1758742254581}
{"action": "send", "src": "SA-N2", "dst": "SA-N11", "hlc": {"phys": 1758742274958, "cnt": 0, "node": "SA-N2"}, "package_id": "PKG42254", "payload": {"status": "SENT"}, "sent_ts": 1758742254938, "arrival_ts": 1758742254938}
{"action": "send", "src": "SA-N2", "dst": "SA-N11", "hlc": {"phys": 1758742275190, "cnt": 0, "node": "SA-N2"}, "package_id": "PKG42254", "payload": {"status": "IN_TRANSIT"}, "sent_ts": 1758742255170, "arrival_ts": 1758742255170}
{"action": "send", "src": "SA-N2", "dst": "SA-N11", "hlc": {"phys": 1758742275505, "cnt": 0, "node": "SA-N2"}, "package_id": "PKG42254", "payload": {"status": "RECEIVED"}, "sent_ts": 1758742255485, "arrival_ts": 1758742255485}
{"action": "send", "src": "SA-N2", "dst": "SA-N11", "hlc": {"phys": 1758742275800, "cnt": 0, "node": "SA-N2"}, "package_id": "PKG42254", "payload": {"status": "DELIVERED"}, "sent_ts": 1758742255780, "arrival_ts": 1758742255780}
{"action": "send", "src": "SA-N2", "dst": "SA-N82", "hlc": {"phys": 1758743003284, "cnt": 0, "node": "SA-N2"}, "package_id": "PKG42983", "payload": {"status": "CREATED"}, "sent_ts": 1758742983264, "arrival_ts": 1758742983264}
{"action": "send", "src": "SA-N2", "dst": "SA-N82", "hlc": {"phys": 1758743003532, "cnt": 0, "node": "SA-N2"}, "package_id": "PKG42983", "payload": {"status": "SENT"}, "sent_ts": 1758742983512, "arrival_ts": 1758742983512}
{"action": "send", "src": "SA-N2", "dst": "SA-N82", "hlc": {"phys": 1758743003841, "cnt": 0, "node": "SA-N2"}, "package_id": "PKG42983", "payload": {"status": "IN_TRANSIT"}, "sent_ts": 1758742983821, "arrival_ts": 1758742983821}
{"action": "send", "src": "SA-N2", "dst": "SA-N82", "hlc": {"phys": 1758743004088, "cnt": 0, "node": "SA-N2"}, "package_id": "PKG42983", "payload": {"status": "RECEIVED"}, "sent_ts": 1758742984068, "arrival_ts": 1758742984068}
{"action": "send", "src": "SA-N2", "dst": "SA-N82", "hlc": {"phys": 1758743004351, "cnt": 0, "node": "SA-N2"}, "package_id": "PKG42983", "payload": {"status": "DELIVERED"}, "sent_ts": 1758742984331, "arrival_ts": 1758742984331}
{"action": "recv", "src": "EU-N123", "dst": "SA-N2", "hlc": {"phys": 1758743977231, "cnt": 0, "node": "EU-N123"}, "package_id": "PKG43971", "payload": {"status": "CREATED"}, "sent_ts": 1758743971001, "arrival_ts": 1758743971195}
{"action": "recv", "src": "EU-N123", "dst": "SA-N2", "hlc": {"phys": 1758743977625, "cnt": 0, "node": "EU-N123"}, "package_id": "PKG43971", "payload": {"status": "SENT"}, "sent_ts": 1758743971395, "arrival_ts": 1758743971475}
{"action": "recv", "src": "EU-N123", "dst": "SA-N2", "hlc": {"phys": 1758743977908, "cnt": 0, "node": "EU-N123"}, "package_id": "PKG43971", "payload": {"status": "IN_TRANSIT"}, "sent_ts": 1758743971678, "arrival_ts": 1758743971697}
{"action": "recv", "src": "EU-N123", "dst": "SA-N2", "hlc": {"phys": 1758743978125, "cnt": 0, "node": "EU-N123"}, "package_id": "PKG43971", "payload": {"status": "RECEIVED"}, "sent_ts": 1758743971895, "arrival_ts": 1758743972048}
{"action": "recv", "src": "EU-N123", "dst": "SA-N2", "hlc": {"phys": 1758743978482, "cnt": 0, "node": "EU-N123"}, "package_id": "PKG43971", "payload": {"status": "DELIVERED"}, "sent_ts": 1758743972252, "arrival_ts": 1758743972298}
{"action": "send", "src": "SA-N2", "dst": "AN-N2", "hlc": {"phys": 1758755422884, "cnt": 0, "node": "SA-N2"}, "package_id": "PKG55402", "payload": {"status": "CREATED"}, "sent_ts": 1758755402864, "arrival_ts": 1758755402864}
{"action": "send", "src": "SA-N2", "dst": "AN-N2", "hlc": {"phys": 1758755423234, "cnt": 0, "node": "SA-N2"}, "package_id": "PKG55402", "payload": {"status": "SENT"}, "sent_ts": 1758755403214, "arrival_ts": 1758755403214}
{"action": "send", "src": "SA-N2", "dst": "AN-N2", "hlc": {"phys": 1758755423563, "cnt": 0, "node": "SA-N2"}, "package_id": "PKG55402", "payload": {"status": "IN_TRANSIT"}, "sent_ts": 1758755403543, "arrival_ts": 1758755403543}
{"action": "send", "src": "SA-N2", "dst": "AN-N2", "hlc": {"phys": 1758755423924, "cnt": 0, "node": "SA-N2"}, "package_id": "PKG55402", "payload": {"status": "RECEIVED"}, "sent_ts": 1758755403904, "arrival_ts": 1758755403904}
{"action": "send", "src": "SA-N2", "dst": "AN-N2", "hlc": {"phys": 1758755424281, "cnt": 0, "node": "SA-N2"}, "package_id": "PKG55402", "payload": {"status": "DELIVERED"}, "sent_ts": 1758755404261, "arrival_ts": 1758755404261}
{"action": "recv", "src": "AS-N58", "dst": "SA-N2", "hlc": {"phys": 1758755829254, "cnt": 0, "node": "AS-N58"}, "package_id": "PKG55818", "payload": {"status": "CREATED"}, "sent_ts": 1758755818674, "arrival_ts": 1758755818718}
{"action": "recv", "src": "AS-N58", "dst": "SA-N2", "hlc": {"phys": 1758755829514, "cnt": 0, "node": "AS-N58"}, "package_id": "PKG55818", "payload": {"status": "SENT"}, "sent_ts": 1758755818934, "arrival_ts": 1758755818962}
{"action": "recv", "src": "AS-N58", "dst": "SA-N2", "hlc": {"phys": 1758755829742, "cnt": 0, "node": "AS-N58"}, "package_id": "PKG55818", "payload": {"status": "IN_TRANSIT"}, "sent_ts": 1758755819162, "arrival_ts": 1758755819285}
{"action": "recv", "src": "AS-N58", "dst": "SA-N2", "hlc": {"phys": 1758755830084, "cnt": 0, "node": "AS-N58"}, "package_id": "PKG55818", "payload": {"status": "RECEIVED"}, "sent_ts": 1758755819504, "arrival_ts": 1758755819517}
{"action": "recv", "src": "AS-N58", "dst": "SA-N2", "hlc": {"phys": 1758755830301, "cnt": 0, "node": "AS-N58"}, "package_id": "PKG55818", "payload": {"status": "DELIVERED"}, "sent_ts": 1758755819721, "arrival_ts": 1758755819884}
{"action": "recv", "src": "AS-N68", "dst": "SA-N2", "hlc": {"phys": 1758758471959, "cnt": 0, "node": "AS-N68"}, "package_id": "PKG58461", "payload": {"status": "CREATED"}, "sent_ts": 1758758461279, "arrival_ts": 1758758461314}
{"action": "recv", "src": "AS-N68", "dst": "SA-N2", "hlc": {"phys": 1758758472207, "cnt": 0, "node": "AS-N68"}, "package_id": "PKG58461", "payload": {"status": "SENT"}, "sent_ts": 1758758461527, "arrival_ts": 1758758461633}
{"action": "recv", "src": "AS-N68", "dst": "SA-N2", "hlc": {"phys": 1758758472514, "cnt": 0, "node": "AS-N68"}, "package_id": "PKG58461", "payload": {"status": "IN_TRANSIT"}, "sent_ts": 1758758461834, "arrival_ts": 1758758461997}
{"action": "recv", "src": "AS-N68", "dst": "SA-N2", "hlc": {"phys": 1758758472872, "cnt": 0, "node": "AS-N68"}, "package_id": "PKG58461", "payload": {"status": "RECEIVED"}, "sent_ts": 1758758462192, "arrival_ts": 1758758462280}
{"action": "recv", "src": "AS-N68", "dst": "SA-N2", "hlc": {"phys": 1758758473170, "cnt": 0, "node": "AS-N68"}, "package_id": "PKG58461", "payload": {"status": "DELIVERED"}, "sent_ts": 1758758462490, "arrival_ts": 1758758462516}
{"action": "recv", "src": "EU-N134", "dst": "SA-N2", "hlc": {"phys": 1758759559851, "cnt": 0, "node": "EU-N134"}, "package_id": "PKG59553", "payload": {"status": "CREATED"}, "sent_ts": 1758759553511, "arrival_ts": 1758759553667}
{"action": "recv", "src": "EU-N134", "dst": "SA-N2", "hlc": {"phys": 1758759560204, "cnt": 0, "node": "EU-N134"}, "package_id": "PKG59553", "payload": {"status": "SENT"}, "sent_ts": 1758759553864, "arrival_ts": 1758759554013}
{"action": "recv", "src": "EU-N134", "dst": "SA-N2", "hlc": {"phys": 1758759560546, "cnt": 0, "node": "EU-N134"}, "package_id": "PKG59553", "payload": {"status": "IN_TRANSIT"}, "sent_ts": 1758759554206, "arrival_ts": 1758759554240}
{"action": "recv", "src": "EU-N134", "dst": "SA-N2", "hlc": {"phys": 1758759560780, "cnt": 0, "node": "EU-N134"}, "package_id": "PKG59553", "payload": {"status": "RECEIVED"}, "sent_ts": 1758759554440, "arrival_ts": 1758759554575}
{"action": "recv", "src": "EU-N134", "dst": "SA-N2", "hlc": {"phys": 1758759561119, "cnt": 0, "node": "EU-N134"}, "package_id": "PKG59553", "payload": {"status": "DELIVERED"}, "sent_ts": 1758759554779, "arrival_ts": 1758759554821}
{"action": "recv", "src": "SA-N165", "dst": "SA-N2", "hlc": {"phys": 1758759887540, "cnt": 0, "node": "SA-N165"}, "package_id": "PKG59865", "payload": {"status": "CREATED"}, "sent_ts": 1758759865890, "arrival_ts": 1758759866005}
{"action": "recv", "src": "SA-N165", "dst": "SA-N2", "hlc": {"phys": 1758759887865, "cnt": 0, "node": "SA-N165"}, "package_id": "PKG59865", "payload": {"status": "SENT"}, "sent_ts": 1758759866215, "arrival_ts": 1758759866309}
{"action": "recv", "src": "SA-N165", "dst": "SA-N2", "hlc": {"phys": 1758759888166, "cnt": 0, "node": "SA-N165"}, "package_id": "PKG59865", "payload": {"status": "IN_TRANSIT"}, "sent_ts": 1758759866516, "arrival_ts": 1758759866675}
{"action": "recv", "src": "SA-N165", "dst": "SA-N2", "hlc": {"phys": 1758759888543, "cnt": 0, "node": "SA-N165"}, "package_id": "PKG59865", "payload": {"status": "RECEIVED"}, "sent_ts": 1758759866893, "arrival_ts": 1758759866979}
{"action": "recv", "src": "SA-N165", "dst": "SA-N2", "hlc": {"phys": 1758759888841, "cnt": 0, "node": "SA-N165"}, "package_id": "PKG59865", "payload": {"status": "DELIVERED"}, "sent_ts": 1758759867191, "arrival_ts": 1758759867206}
{"action": "recv", "src": "SA-N98", "dst": "SA-N2", "hlc": {"phys": 1758763383184, "cnt": 0, "node": "SA-N98"}, "package_id": "PKG63362", "payload": {"status": "CREATED"}, "sent_ts": 1758763362204, "arrival_ts": 1758763362218}
{"action": "recv", "src": "SA-N98", "dst": "SA-N2", "hlc": {"phys": 1758763383417, "cnt": 0, "node": "SA-N98"}, "package_id": "PKG63362", "payload": {"status": "SENT"}, "sent_ts": 1758763362437, "arrival_ts": 1758763362629}
{"action": "recv", "src": "SA-N98", "dst": "SA-N2", "hlc": {"phys": 1758763383816, "cnt": 0, "node": "SA-N98"}, "package_id": "PKG63362", "payload": {"status": "IN_TRANSIT"}, "sent_ts": 1758763362836, "arrival_ts": 1758763362990}
{"action": "recv", "src": "SA-N98", "dst": "SA-N2", "hlc": {"phys": 1758763384174, "cnt": 0, "node": "SA-N98"}, "package_id": "PKG63362", "payload": {"status": "RECEIVED"}, "sent_ts": 1758763363194, "arrival_ts": 1758763363255}
{"action": "recv", "src": "SA-N98", "dst": "SA-N2", "hlc": {"phys": 1758763384450, "cnt": 0, "node": "SA-N98"}, "package_id": "PKG63362", "payload": {"status": "DELIVERED"}, "sent_ts": 1758763363470, "arrival_ts": 1758763363626}
{"action": "recv", "src": "AS-N78", "dst": "SA-N2", "hlc": {"phys": 1758765090850, "cnt": 0, "node": "AS-N78"}, "package_id": "PKG65080", "payload": {"status": "CREATED"}, "sent_ts": 1758765080070, "arrival_ts": 1758765080174}
{"action": "recv", "src": "AS-N78", "dst": "SA-N2", "hlc": {"phys": 1758765091165, "cnt": 0, "node": "AS-N78"}, "package_id": "PKG65080", "payload": {"status": "SENT"}, "sent_ts": 1758765080385, "arrival_ts": 1758765080455}
{"action": "recv", "src": "AS-N78", "dst": "SA-N2", "hlc": {"phys": 1758765091445, "cnt": 0, "node": "AS-N78"}, "package_id": "PKG65080", "payload": {"status": "IN_TRANSIT"}, "sent_ts": 1758765080665, "arrival_ts": 1758765080809}
{"action": "recv", "src": "AS-N78", "dst": "SA-N2", "hlc": {"phys": 1758765091784, "cnt": 0, "node": "AS-N78"}, "package_id": "PKG65080", "payload": {"status": "RECEIVED"}, "sent_ts": 1758765081004, "arrival_ts": 1758765081078}
{"action": "recv", "src": "AS-N78", "dst": "SA-N2", "hlc": {"phys": 1758765092084, "cnt": 0, "node": "AS-N78"}, "package_id": "PKG65080", "payload": {"status": "DELIVERED"}, "sent_ts": 1758765081304, "arrival_ts": 1758765081331}
{"action": "recv", "src": "SA-N157", "dst": "SA-N2", "hlc": {"phys": 1758801188372, "cnt": 0, "node": "SA-N157"}, "package_id": "PKG1166", "payload": {"status": "CREATED"}, "sent_ts": 1758801166802, "arrival_ts": 1758801166820}
{"action": "recv", "src": "SA-N157", "dst": "SA-N2", "hlc": {"phys": 1758801188590, "cnt": 0, "node": "SA-N157"}, "package_id": "PKG1166", "payload": {"status": "SENT"}, "sent_ts": 1758801167020, "arrival_ts": 1758801167087}
{"action": "recv", "src": "SA-N157", "dst": "SA-N2", "hlc": {"phys": 1758801188865, "cnt": 0, "node": "SA-N157"}, "package_id": "PKG1166", "payload": {"status": "IN_TRANSIT"}, "sent_ts": 1758801167295, "arrival_ts": 1758801167366}
{"action": "recv", "src": "SA-N157", "dst": "SA-N2", "hlc": {"phys": 1758801189148, "cnt": 0, "node": "SA-N157"}, "package_id": "PKG1166", "payload": {"status": "RECEIVED"}, "sent_ts": 1758801167578, "arrival_ts": 1758801167641}
{"action": "recv", "src": "SA-N157", "dst": "SA-N2", "hlc": {"phys": 1758801189451, "cnt": 0, "node": "SA-N157"}, "package_id": "PKG1166", "payload": {"status": "DELIVERED"}, "sent_ts": 1758801167881, "arrival_ts": 1758801168069}
{"action": "send", "src": "SA-N2", "dst": "EU-N142", "hlc": {"phys": 1758802425725, "cnt": 0, "node": "SA-N2"}, "package_id": "PKG2405", "payload": {"status": "CREATED"}, "sent_ts": 1758802405705, "arrival_ts": 1758802405705}
{"action": "send", "src": "SA-N2", "dst": "EU-N142", "hlc": {"phys": 1758802426108, "cnt": 0, "node": "SA-N2"}, "package_id": "PKG2405", "payload": {"status": "SENT"}, "sent_ts": 1758802406088, "arrival_ts": 1758802406088}
{"action": "send", "src": "SA-N2", "dst": "EU-N142", "hlc": {"phys": 1758802426431, "cnt": 0, "node": "SA-N2"}, "package_id": "PKG2405", "payload": {"status": "IN_TRANSIT"}, "sent_ts": 1758802406411, "arrival_ts": 1758802406411}
{"action": "send", "src": "SA-N2", "dst": "EU-N142", "hlc": {"phys": 1758802426758, "cnt": 0, "node": "SA-N2"}, "package_id": "PKG2405", "payload": {"status": "RECEIVED"}, "sent_ts": 1758802406738, "arrival_ts": 1758802406738}
{"action": "send", "src": "SA-N2", "dst": "EU-N142", "hlc": {"phys": 1758802427139, "cnt": 0, "node": "SA-N2"}, "package_id": "PKG2405", "payload": {"status": "DELIVERED"}, "sent_ts": 1758802407119, "arrival_ts": 1758802407119}
{"action": "send", "src": "SA-N2", "dst": "AF-N146", "hlc": {"phys": 1758810715335, "cnt": 0, "node": "SA-N2"}, "package_id": "PKG10695", "payload": {"status": "CREATED"}, "sent_ts": 1758810695315, "arrival_ts": 1758810695315}
{"action": "send", "src": "SA-N2", "dst": "AF-N146", "hlc": {"phys": 1758810715679, "cnt": 0, "node": "SA-N2"}, "package_id": "PKG10695", "payload": {"status": "SENT"}, "sent_ts": 1758810695659, "arrival_ts": 1758810695659}
{"action": "send", "src": "SA-N2", "dst": "AF-N146", "hlc": {"phys": 1758810715894, "cnt": 0, "node": "SA-N2"}, "package_id": "PKG10695", "payload": {"status": "IN_TRANSIT"}, "sent_ts": 1758810695874, "arrival_ts": 1758810695874}
{"action": "send", "src": "SA-N2", "dst": "AF-N146", "hlc": {"phys": 1758810716297, "cnt": 0, "node": "SA-N2"}, "package_id": "PKG10695", "payload": {"status": "RECEIVED"}, "sent_ts": 1758810696277, "arrival_ts": 1758810696277}
{"action": "send", "src": "SA-N2", "dst": "AF-N146", "hlc": {"phys": 1758810716639, "cnt": 0, "node": "SA-N2"}, "package_id": "PKG10695", "payload": {"status": "DELIVERED"}, "sent_ts": 1758810696619, "arrival_ts": 1758810696619}
{"action": "send", "src": "SA-N2", "dst": "SA-N5", "hlc": {"phys": 1758812586963, "cnt": 0, "node": "SA-N2"}, "package_id": "PKG12566", "payload": {"status": "CREATED"}, "sent_ts": 1758812566943, "arrival_ts": 1758812566943}
{"action": "send", "src": "SA-N2", "dst": "SA-N5", "hlc": {"phys": 1758812587336, "cnt": 0, "node": "SA-N2"}, "package_id": "PKG12566", "payload": {"status": "SENT"}, "sent_ts": 1758812567316, "arrival_ts": 1758812567316}
{"action": "send", "src": "SA-N2", "dst": "SA-N5", "hlc": {"phys": 1758812587615, "cnt": 0, "node": "SA-N2"}, "package_id": "PKG12566", "payload": {"status": "IN_TRANSIT"}, "sent_ts": 1758812567595, "arrival_ts": 1758812567595}
{"action": "send", "src": "SA-N2", "dst": "SA-N5", "hlc": {"phys": 1758812587834, "cnt": 0, "node": "SA-N2"}, "package_id": "PKG12566", "payload": {"status": "RECEIVED"}, "sent_ts": 1758812567814, "arrival_ts": 1758812567814}
{"action": "send", "src": "SA-N2", "dst": "SA-N5", "hlc": {"phys": 1758812588236, "cnt": 0, "node": "SA-N2"}, "package_id": "PKG12566", "payload": {"status": "DELIVERED"}, "sent_ts": 1758812568216, "arrival_ts": 1758812568216}
{"action": "send", "src": "SA-N2", "dst": "AS-N127", "hlc": {"phys": 1758814376750, "cnt": 0, "node": "SA-N2"}, "package_id": "PKG14356", "payload": {"status": "CREATED"}, "sent_ts": 1758814356730, "arrival_ts": 1758814356730}
{"action": "send", "src": "SA-N2", "dst": "AS-N127", "hlc": {"phys": 1758814377042, "cnt": 0, "node": "SA-N2"}, "package_id": "PKG14356", "payload": {"status": "SENT"}, "sent_ts": 1758814357022, "arrival_ts": 1758814357022}
{"action": "send", "src": "SA-N2", "dst": "AS-N127", "hlc": {"phys": 1758814377335, "cnt": 0, "node": "SA-N2"}, "package_id": "PKG14356", "payload": {"status": "IN_TRANSIT"}, "sent_ts": 1758814357315, "arrival_ts": 1758814357315}
{"action": "send", "src": "SA-N2", "dst": "AS-N127", "hlc": {"phys": 1758814377692, "cnt": 0, "node": "SA-N2"}, "package_id": "PKG14356", "payload": {"status": "RECEIVED"}, "sent_ts": 1758814357672, "arrival_ts": 1758814357672}
{"action": "send", "src": "SA-N2", "dst": "AS-N127", "hlc": {"phys": 1758814377925, "cnt": 0, "node": "SA-N2"}, "package_id": "PKG14356", "payload": {"status": "DELIVERED"}, "sent_ts": 1758814357905, "arrival_ts": 1758814357905}
