{"action": "recv", "src": "SA-N147", "dst": "SA-N152", "hlc": {"phys": 1758713609042, "cnt": 0, "node": "SA-N147"}, "package_id": "PKG13587", "payload": {"status": "CREATED"}, "sent_ts": 1758713587572, "arrival_ts": 1758713587704}
{"action": "recv", "src": "SA-N147", "dst": "SA-N152", "hlc": {"phys": 1758713609392, "cnt": 0, "node": "SA-N147"}, "package_id": "PKG13587", "payload": {"status": "SENT"}, "sent_ts": 1758713587922, "arrival_ts": 1758713588101}
{"action": "recv", "src": "SA-N147", "dst": "SA-N152", "hlc": {"phys": 1758713609778, "cnt": 0, "node": "SA-N147"}, "package_id": "PKG13587", "payload": {"status": "IN_TRANSIT"}, "sent_ts": 1758713588307, "arrival_ts": 1758713588364}
{"action": "recv", "src": "SA-N147", "dst": "SA-N152", "hlc": {"phys": 1758713610043, "cnt": 0, "node": "SA-N147"}, "package_id": "PKG13587", "payload": {"status": "RECEIVED"}, "sent_ts": 1758713588573, "arrival_ts": 1758713588700}
{"action": "recv", "src": "SA-N147", "dst": "SA-N152", "hlc": {"phys": 1758713610390, "cnt": 0, "node": "SA-N147"}, "package_id": "PKG13587", "payload": {"status": "DELIVERED"}, "sent_ts": 1758713588920, "arrival_ts": 1758713589069}
{"action": "recv", "src": "AS-N112", "dst": "SA-N152", "hlc": {"phys": 1758714525975, "cnt": 0, "node": "AS-N112"}, "package_id": "PKG14514", "payload": {"status": "CREATED"}, "sent_ts": 1758714514855, "arrival_ts": 1758714514877}
{"action": "recv", "src": "AS-N112", "dst": "SA-N152", "hlc": {"phys": 1758714526193, "cnt": 0, "node": "AS-N112"}, "package_id": "PKG14514", "payload": {"status": "SENT"}, "sent_ts": 1758714515073, "arrival_ts": 1758714515144}
{"action": "recv", "src": "AS-N112", "dst": "SA-N152", "hlc": {"phys": 1758714526464, "cnt": 0, "node": "AS-N112"}, "package_id": "PKG14514", "payload": {"status": "IN_TRANSIT"}, "sent_ts": 1758714515344, "arrival_ts": 1758714515442}
{"action": "recv", "src": "AS-N112", "dst": "SA-N152", "hlc": {"phys": 1758714526772, "cnt": 0, "node": "AS-N112"}, "package_id": "PKG14514", "payload": {"status": "RECEIVED"}, "sent_ts": 1758714515652, "arrival_ts": 1758714515759}
{"action": "recv", "src": "AS-N112", "dst": "SA-N152", "hlc": {"phys": 1758714527079, "cnt": 0, "node": "AS-N112"}, "package_id": "PKG14514", "payload": {"status": "DELIVERED"}, "sent_ts": 1758714515959, "arrival_ts": 1758714516101}
{"action": "recv", "src": "AN-N59", "dst": "SA-N152", "hlc": {"phys": 1758718924534, "cnt": 0, "node": "AN-N59"}, "package_id": "PKG18893", "payload": {"status": "CREATED"}, "sent_ts": 1758718893944, "arrival_ts": 1758718894103}
{"action": "recv", "src": "AN-N59", "dst": "SA-N152", "hlc": {"phys": 1758718924889, "cnt": 0, "node": "AN-N59"}, "package_id": "PKG18893", "payload": {"status": "SENT"}, "sent_ts": 1758718894299, "arrival_ts": 1758718894487}
{"action": "recv", "src": "AN-N59", "dst": "SA-N152", "hlc": {"phys": 1758718925277, "cnt": 0, "node": "AN-N59"}, "package_id": "PKG18893", "payload": {"status": "IN_TRANSIT"}, "sent_ts": 1758718894687, "arrival_ts": 1758718894881}
{"action": "recv", "src": "AN-N59", "dst": "SA-N152", "hlc": {"phys": 1758718925670, "cnt": 0, "node": "AN-N59"}, "package_id": "PKG18893", "payload": {"status": "RECEIVED"}, "sent_ts": 1758718895080, "arrival_ts": 1758718895148}
{"action": "recv", "src": "AN-N59", "dst": "SA-N152", "hlc": {"phys": 1758718925939, "cnt": 0, "node": "AN-N59"}, "package_id": "PKG18893", "payload": {"status": "DELIVERED"}, "sent_ts": 1758718895349, "arrival_ts": 1758718895387}
{"action": "recv", "src": "AN-N182", "dst": "SA-N152", "hlc": {"phys": 1758737931585, "cnt": 0, "node": "AN-N182"}, "package_id": "PKG37899", "payload": {"status": "CREATED"}, "sent_ts": 1758737899765, "arrival_ts": 1758737899812}
{"action": "recv", "src": "AN-N182", "dst": "SA-N152", "hlc": {"phys": 1758737931844, "cnt": 0, "node": "AN-N182"}, "package_id": "PKG37899", "payload": {"status": "SENT"}, "sent_ts": 1758737900024, "arrival_ts": 1758737900060}
{"action": "recv", "src": "AN-N182", "dst": "SA-N152", "hlc": {"phys": 1758737932085, "cnt": 0, "node": "AN-N182"}, "package_id": "PKG37899", "payload": {"status": "IN_TRANSIT"}, "sent_ts": 1758737900265, "arrival_ts": 1758737900339}
{"action": "recv", "src": "AN-N182", "dst": "SA-N152", "hlc": {"phys": 1758737932369, "cnt": 0, "node": "AN-N182"}, "package_id": "PKG37899", "payload": {"status": "RECEIVED"}, "sent_ts": 1758737900549, "arrival_ts": 1758737900703}
{"action": "recv", "src": "AN-N182", "dst": "SA-N152", "hlc": {"phys": 1758737932730, "cnt": 0, "node": "AN-N182"}, "package_id": "PKG37899", "payload": {"status": "DELIVERED"}, "sent_ts": 1758737900910, "arrival_ts": 1758737900944}
{"action": "recv", "src": "SA-N126", "dst": "SA-N152", "hlc": {"phys": 1758737979841, "cnt": 0, "node": "SA-N126"}, "package_id": "PKG37958", "payload": {"status": "CREATED"}, "sent_ts": 1758737958581, "arrival_ts": 1758737958664}
{"action": "recv", "src": "SA-N126", "dst": "SA-N152", "hlc": {"phys": 1758737980130, "cnt": 0, "node": "SA-N126"}, "package_id": "PKG37958", "payload": {"status": "SENT"}, "sent_ts": 1758737958870, "arrival_ts": 1758737958902}
{"action": "recv", "src": "SA-N126", "dst": "SA-N152", "hlc": {"phys": 1758737980367, "cnt": 0, "node": "SA-N126"}, "package_id": "PKG37958", "payload": {"status": "IN_TRANSIT"}, "sent_ts": 1758737959107, "arrival_ts": 1758737959130}
{"action": "recv", "src": "SA-N126", "dst": "SA-N152", "hlc": {"phys": 1758737980596, "cnt": 0, "node": "SA-N126"}, "package_id": "PKG37958", "payload": {"status": "RECEIVED"}, "sent_ts": 1758737959336, "arrival_ts": 1758737959413}
{"action": "recv", "src": "SA-N126", "dst": "SA-N152", "hlc": {"phys": 1758737980875, "cnt": 0, "node": "SA-N126"}, "package_id": "PKG37958", "payload": {"status": "DELIVERED"}, "sent_ts": 1758737959615, "arrival_ts": 1758737959776}
{"action": "send", "src": "SA-N152", "dst": "NA-N97", "hlc": {"phys": 1758738357331, "cnt": 0, "node": "SA-N152"}, "package_id": "PKG38335", "payload": {"status": "CREATED"}, "sent_ts": 1758738335811, "arrival_ts": 1758738335811}
{"action": "send", "src": "SA-N152", "dst": "NA-N97", "hlc": {"phys": 1758738357655, "cnt": 0, "node": "SA-N152"}, "package_id": "PKG38335", "payload": {"status": "SENT"}, "sent_ts": 1758738336135, "arrival_ts": 1758738336135}
{"action": "send", "src": "SA-N152", "dst": "NA-N97", "hlc": {"phys": 1758738358060, "cnt": 0, "node": "SA-N152"}, "package_id": "PKG38335", "payload": {"status": "IN_TRANSIT"}, "sent_ts": 1758738336540, "arrival_ts": 1758738336540}
{"action": "send", "src": "SA-N152", "dst": "NA-N97", "hlc": {"phys": 1758738358449, "cnt": 0, "node": "SA-N152"}, "package_id": "PKG38335", "payload": {"status": "RECEIVED"}, "sent_ts": 1758738336929, "arrival_ts": 1758738336929}
{"action": "send", "src": "SA-N152", "dst": "NA-N97", "hlc": {"phys": 1758738358825, "cnt": 0, "node": "SA-N152"}, "package_id": "PKG38335", "payload": {"status": "DELIVERED"}, "sent_ts": 1758738337305, "arrival_ts": 1758738337305}
{"action": "recv", "src": "SA-N92", "dst": "SA-N152", "hlc": {"phys": 1758739615199, "cnt": 0, "node": "SA-N92"}, "package_id": "PKG39594", "payload": {"status": "CREATED"}, "sent_ts": 1758739594279, "arrival_ts": 1758739594353}
{"action": "recv", "src": "SA-N92", "dst": "SA-N152", "hlc": {"phys": 1758739615476, "cnt": 0, "node": "SA-N92"}, "package_id": "PKG39594", "payload": {"status": "SENT"}, "sent_ts": 1758739594556, "arrival_ts": 1758739594598}
{"action": "recv", "src": "SA-N92", "dst": "SA-N152", "hlc": {"phys": 1758739615723, "cnt": 0, "node": "SA-N92"}, "package_id": "PKG39594", "payload": {"status": "IN_TRANSIT"}, "sent_ts": 1758739594803, "arrival_ts": 1758739594985}
{"action": "recv", "src": "SA-N92", "dst": "SA-N152", "hlc": {"phys": 1758739616114, "cnt": 0, "node": "SA-N92"}, "package_id": "PKG39594", "payload": {"status": "RECEIVED"}, "sent_ts": 1758739595194, "arrival_ts": 1758739595250}
{"action": "recv", "src": "SA-N92", "dst": "SA-N152", "hlc": {"phys": 1758739616385, "cnt": 0, "node": "SA-N92"}, "package_id": "PKG39594", "payload": {"status": "DELIVERED"}, "sent_ts": 1758739595465, "arrival_ts": 1758739595668}
{"action": "send", "src": "SA-N152", "dst": "SA-N73", "hlc": {"phys": 1758740911390, "cnt": 0, "node": "SA-N152"}, "package_id": "PKG40889", "payload": {"status": "CREATED"}, "sent_ts": 1758740889870, "arrival_ts": 1758740889870}
{"action": "send", "src": "SA-N152", "dst": "SA-N73", "hlc": {"phys": 1758740911624, "cnt": 0, "node": "SA-N152"}, "package_id": "PKG40889", "payload": {"status": "SENT"}, "sent_ts": 1758740890104, "arrival_ts": 1758740890104}
{"action": "send", "src": "SA-N152", "dst": "SA-N73", "hlc": {"phys": 1758740911844, "cnt": 0, "node": "SA-N152"}, "package_id": "PKG40889", "payload": {"status": "IN_TRANSIT"}, "sent_ts": 1758740890324, "arrival_ts": 1758740890324}
{"action": "send", "src": "SA-N152", "dst": "SA-N73", "hlc": {"phys": 1758740912137, "cnt": 0, "node": "SA-N152"}, "package_id": "PKG40889", "payload": {"status": "RECEIVED"}, "sent_ts": 1758740890617, "arrival_ts": 1758740890617}
{"action": "send", "src": "SA-N152", "dst": "SA-N73", "hlc": {"phys": 1758740912511, "cnt": 0, "node": "SA-N152"}, "package_id": "PKG40889", "payload": {"status": "DELIVERED"}, "sent_ts": 1758740890991, "arrival_ts": 1758740890991}
{"action": "recv", "src": "AS-N34", "dst": "SA-N152", "hlc": {"phys": 1758746307859, "cnt": 0, "node": "AS-N34"}, "package_id": "PKG46297", "payload": {"status": "CREATED"}, "sent_ts": 1758746297519, "arrival_ts": 1758746297643}
{"action": "recv", "src": "AS-N34", "dst": "SA-N152", "hlc": {"phys": 1758746308197, "cnt": 0, "node": "AS-N34"}, "package_id": "PKG46297", "payload": {"status": "SENT"}, "sent_ts": 1758746297857, "arrival_ts": 1758746298001}
{"action": "recv", "src": "AS-N34", "dst": "SA-N152", "hlc": {"phys": 1758746308551, "cnt": 0, "node": "AS-N34"}, "package_id": "PKG46297", "payload": {"status": "IN_TRANSIT"}, "sent_ts": 1758746298211, "arrival_ts": 1758746298248}
{"action": "recv", "src": "AS-N34", "dst": "SA-N152", "hlc": {"phys": 1758746308775, "cnt": 0, "node": "AS-N34"}, "package_id": "PKG46297", "payload": {"status": "RECEIVED"}, "sent_ts": 1758746298435, "arrival_ts": 1758746298483}
{"action": "recv", "src": "AS-N34", "dst": "SA-N152", "hlc": {"phys": 1758746309028, "cnt": 0, "node": "AS-N34"}, "package_id": "PKG46297", "payload": {"status": "DELIVERED"}, "sent_ts": 1758746298688, "arrival_ts": 1758746298716}
{"action": "recv", "src": "AU-N129", "dst": "SA-N152", "hlc": {"phys": 1758747087759, "cnt": 0, "node": "AU-N129"}, "package_id": "PKG47061", "payload": {"status": "CREATED"}, "sent_ts": 1758747061469, "arrival_ts": 1758747061592}
{"action": "recv", "src": "AU-N129", "dst": "SA-N152", "hlc": {"phys": 1758747088089, "cnt": 0, "node": "AU-N129"}, "package_id": "PKG47061", "payload": {"status": "SENT"}, "sent_ts": 1758747061799, "arrival_ts": 1758747061952}
{"action": "recv", "src": "AU-N129", "dst": "SA-N152", "hlc": {"phys": 1758747088462, "cnt": 0, "node": "AU-N129"}, "package_id": "PKG47061", "payload": {"status": "IN_TRANSIT"}, "sent_ts": 1758747062172, "arrival_ts": 1758747062227}
{"action": "recv", "src": "AU-N129", "dst": "SA-N152", "hlc": {"phys": 1758747088727, "cnt": 0, "node": "AU-N129"}, "package_id": "PKG47061", "payload": {"status": "RECEIVED"}, "sent_ts": 1758747062437, "arrival_ts": 1758747062479}
{"action": "recv", "src": "AU-N129", "dst": "SA-N152", "hlc": {"phys": 1758747088977, "cnt": 0, "node": "AU-N129"}, "package_id": "PKG47061", "payload": {"status": "DELIVERED"}, "sent_ts": 1758747062687, "arrival_ts": 1758747062875}
{"action": "send", "src": "SA-N152", "dst": "SA-N93", "hlc": {"phys": 1758748286275, "cnt": 0, "node": "SA-N152"}, "package_id": "PKG48264", "payload": {"status": "CREATED"}, "sent_ts": 1758748264755, "arrival_ts": 1758748264755}
{"action": "send", "src": "SA-N152", "dst": "SA-N93", "hlc": {"phys": 1758748286549, "cnt": 0, "node": "SA-N152"}, "package_id": "PKG48264", "payload": {"status": "SENT"}, "sent_ts": 1758748265029, "arrival_ts": 1758748265029}
{"action": "send", "src": "SA-N152", "dst": "SA-N93", "hlc": {"phys": 1758748286871, "cnt": 0, "node": "SA-N152"}, "package_id": "PKG48264", "payload": {"status": "IN_TRANSIT"}, "sent_ts": 1758748265351, "arrival_ts": 1758748265351}
{"action": "send", "src": "SA-N152", "dst": "SA-N93", "hlc": {"phys": 1758748287197, "cnt": 0, "node": "SA-N152"}, "package_id": "PKG48264", "payload": {"status": "RECEIVED"}, "sent_ts": 1758748265677, "arrival_ts": 1758748265677}
{"action": "send", "src": "SA-N152", "dst": "SA-N93", "hlc": {"phys": 1758748287522, "cnt": 0, "node": "SA-N152"}, "package_id": "PKG48264", "payload": {"status": "DELIVERED"}, "sent_ts": 1758748266002, "arrival_ts": 1758748266002}
{"action": "recv", "src": "EU-N200", "dst": "SA-N152", "hlc": {"phys": 1758752611057, "cnt": 0, "node": "EU-N200"}, "package_id": "PKG52604", "payload": {"status": "CREATED"}, "sent_ts": 1758752604057, "arrival_ts": 1758752604072}
{"action": "recv", "src": "EU-N200", "dst": "SA-N152", "hlc": {"phys": 1758752611292, "cnt": 0, "node": "EU-N200"}, "package_id": "PKG52604", "payload": {"status": "SENT"}, "sent_ts": 1758752604292, "arrival_ts": 1758752604339}
{"action": "recv", "src": "EU-N200", "dst": "SA-N152", "hlc": {"phys": 1758752611532, "cnt": 0, "node": "EU-N200"}, "package_id": "PKG52604", "payload": {"status": "IN_TRANSIT"}, "sent_ts": 1758752604532, "arrival_ts": 1758752604547}
{"action": "recv", "src": "EU-N200", "dst": "SA-N152", "hlc": {"phys": 1758752611757, "cnt": 0, "node": "EU-N200"}, "package_id": "PKG52604", "payload": {"status": "RECEIVED"}, "sent_ts": 1758752604757, "arrival_ts": 1758752604951}
{"action": "recv", "src": "EU-N200", "dst": "SA-N152", "hlc": {"phys": 1758752612157, "cnt": 0, "node": "EU-N200"}, "package_id": "PKG52604", "payload": {"status": "DELIVERED"}, "sent_ts": 1758752605157, "arrival_ts": 1758752605190}
{"action": "send", "src": "SA-N152", "dst": "AS-N54", "hlc": {"phys": 1758753335387, "cnt": 0, "node": "SA-N152"}, "package_id": "PKG53313", "payload": {"status": "CREATED"}, "sent_ts": 1758753313867, "arrival_ts": 1758753313867}
{"action": "send", "src": "SA-N152", "dst": "AS-N54", "hlc": {"phys": 1758753335792, "cnt": 0, "node": "SA-N152"}, "package_id": "PKG53313", "payload": {"status": "SENT"}, "sent_ts": 1758753314272, "arrival_ts": 1758753314272}
{"action": "send", "src": "SA-N152", "dst": "AS-N54", "hlc": {"phys": 1758753336012, "cnt": 0, "node": "SA-N152"}, "package_id": "PKG53313", "payload": {"status": "IN_TRANSIT"}, "sent_ts": 1758753314492, "arrival_ts": 1758753314492}
{"action": "send", "src": "SA-N152", "dst": "AS-N54", "hlc": {"phys": 1758753336403, "cnt": 0, "node": "SA-N152"}, "package_id": "PKG53313", "payload": {"status": "RECEIVED"}, "sent_ts": 1758753314883, "arrival_ts": 1758753314883}
{"action": "send", "src": "SA-N152", "dst": "AS-N54", "hlc": {"phys": 1758753336672, "cnt": 0, "node": "SA-N152"}, "package_id": "PKG53313", "payload": {"status": "DELIVERED"}, "sent_ts": 1758753315152, "arrival_ts": 1758753315152}
{"action": "recv", "src": "NA-N49", "dst": "SA-N152", "hlc": {"phys": 1758758170555, "cnt": 0, "node": "NA-N49"}, "package_id": "PKG58170", "payload": {"status": "CREATED"}, "sent_ts": 1758758170065, "arrival_ts": 1758758170243}
{"action": "recv", "src": "NA-N49", "dst": "SA-N152", "hlc": {"phys": 1758758170929, "cnt": 0, "node": "NA-N49"}, "package_id": "PKG58170", "payload": {"status": "SENT"}, "sent_ts": 1758758170439, "arrival_ts": 1758758170619}
{"action": "recv", "src": "NA-N49", "dst": "SA-N152", "hlc": {"phys": 1758758171316, "cnt": 0, "node": "NA-N49"}, "package_id": "PKG58170", "payload": {"status": "IN_TRANSIT"}, "sent_ts": 1758758170826, "arrival_ts": 1758758170876}
{"action": "recv", "src": "NA-N49", "dst": "SA-N152", "hlc": {"phys": 1758758171577, "cnt": 0, "node": "NA-N49"}, "package_id": "PKG58170", "payload": {"status": "RECEIVED"}, "sent_ts": 1758758171087, "arrival_ts": 1758758171258}
{"action": "recv", "src": "NA-N49", "dst": "SA-N152", "hlc": {"phys": 1758758171950, "cnt": 0, "node": "NA-N49"}, "package_id": "PKG58170", "payload": {"status": "DELIVERED"}, "sent_ts": 1758758171460, "arrival_ts": 1758758171645}
{"action": "recv", "src": "AF-N1", "dst": "SA-N152", "hlc": {"phys": 1758758731707, "cnt": 0, "node": "AF-N1"}, "package_id": "PKG58716", "payload": {"status": "CREATED"}, "sent_ts": 1758758716697, "arrival_ts": 1758758716870}
{"action": "recv", "src": "AF-N1", "dst": "SA-N152", "hlc": {"phys": 1758758732086, "cnt": 0, "node": "AF-N1"}, "package_id": "PKG58716", "payload": {"status": "SENT"}, "sent_ts": 1758758717076, "arrival_ts": 1758758717156}
{"action": "recv", "src": "AF-N1", "dst": "SA-N152", "hlc": {"phys": 1758758732370, "cnt": 0, "node": "AF-N1"}, "package_id": "PKG58716", "payload": {"status": "IN_TRANSIT"}, "sent_ts": 1758758717360, "arrival_ts": 1758758717501}
{"action": "recv", "src": "AF-N1", "dst": "SA-N152", "hlc": {"phys": 1758758732716, "cnt": 0, "node": "AF-N1"}, "package_id": "PKG58716", "payload": {"status": "RECEIVED"}, "sent_ts": 1758758717706, "arrival_ts": 1758758717819}
{"action": "recv", "src": "AF-N1", "dst": "SA-N152", "hlc": {"phys": 1758758733033, "cnt": 0, "node": "AF-N1"}, "package_id": "PKG58716", "payload": {"status": "DELIVERED"}, "sent_ts": 1758758718023, "arrival_ts": 1758758718080}
{"action": "recv", "src": "AS-N97", "dst": "SA-N152", "hlc": {"phys": 1758760171714, "cnt": 0, "node": "AS-N97"}, "package_id": "PKG60160", "payload": {"status": "CREATED"}, "sent_ts": 1758760160744, "arrival_ts": 1758760160898}
{"action": "recv", "src": "AS-N97", "dst": "SA-N152", "hlc": {"phys": 1758760172084, "cnt": 0, "node": "AS-N97"}, "package_id": "PKG60160", "payload": {"status": "SENT"}, "sent_ts": 1758760161114, "arrival_ts": 1758760161138}
{"action": "recv", "src": "AS-N97", "dst": "SA-N152", "hlc": {"phys": 1758760172301, "cnt": 0, "node": "AS-N97"}, "package_id": "PKG60160", "payload": {"status": "IN_TRANSIT"}, "sent_ts": 1758760161331, "arrival_ts": 1758760161344}
{"action": "recv", "src": "AS-N97", "dst": "SA-N152", "hlc": {"phys": 1758760172518, "cnt": 0, "node": "AS-N97"}, "package_id": "PKG60160", "payload": {"status": "RECEIVED"}, "sent_ts": 1758760161548, "arrival_ts": 1758760161714}
{"action": "recv", "src": "AS-N97", "dst": "SA-N152", "hlc": {"phys": 1758760172888, "cnt": 0, "node": "AS-N97"}, "package_id": "PKG60160", "payload": {"status": "DELIVERED"}, "sent_ts": 1758760161918, "arrival_ts": 1758760161964}
{"action": "send", "src": "SA-N152", "dst": "AF-N62", "hlc": {"phys": 1758763906040, "cnt": 0, "node": "SA-N152"}, "package_id": "PKG63884", "payload": {"status": "CREATED"}, "sent_ts": 1758763884520, "arrival_ts": 1758763884520}
{"action": "send", "src": "SA-N152", "dst": "AF-N62", "hlc": {"phys": 1758763906349, "cnt": 0, "node": "SA-N152"}, "package_id": "PKG63884", "payload": {"status": "SENT"}, "sent_ts": 1758763884829, "arrival_ts": 1758763884829}
{"action": "send", "src": "SA-N152", "dst": "AF-N62", "hlc": {"phys": 1758763906751, "cnt": 0, "node": "SA-N152"}, "package_id": "PKG63884", "payload": {"status": "IN_TRANSIT"}, "sent_ts": 1758763885231, "arrival_ts": 1758763885231}
{"action": "send", "src": "SA-N152", "dst": "AF-N62", "hlc": {"phys": 1758763907013, "cnt": 0, "node": "SA-N152"}, "package_id": "PKG63884", "payload": {"status": "RECEIVED"}, "sent_ts": 1758763885493, "arrival_ts": 1758763885493}
{"action": "send", "src": "SA-N152", "dst": "AF-N62", "hlc": {"phys": 1758763907293, "cnt": 0, "node": "SA-N152"}, "package_id": "PKG63884", "payload": {"status": "DELIVERED"}, "sent_ts": 1758763885773, "arrival_ts": 1758763885773}
{"action": "recv", "src": "AU-N143", "dst": "SA-N152", "hlc": {"phys": 1758764854216, "cnt": 0, "node": "AU-N143"}, "package_id": "PKG64827", "payload": {"status": "CREATED"}, "sent_ts": 1758764827786, "arrival_ts": 1758764827900}
{"action": "recv", "src": "AU-N143", "dst": "SA-N152", "hlc": {"phys": 1758764854534, "cnt": 0, "node": "AU-N143"}, "package_id": "PKG64827", "payload": {"status": "SENT"}, "sent_ts": 1758764828104, "arrival_ts": 1758764828149}
{"action": "recv", "src": "AU-N143", "dst": "SA-N152", "hlc": {"phys": 1758764854790, "cnt": 0, "node": "AU-N143"}, "package_id": "PKG64827", "payload": {"status": "IN_TRANSIT"}, "sent_ts": 1758764828360, "arrival_ts": 1758764828379}
{"action": "recv", "src": "AU-N143", "dst": "SA-N152", "hlc": {"phys": 1758764855012, "cnt": 0, "node": "AU-N143"}, "package_id": "PKG64827", "payload": {"status": "RECEIVED"}, "sent_ts": 1758764828582, "arrival_ts": 1758764828754}
{"action": "recv", "src": "AU-N143", "dst": "SA-N152", "hlc": {"phys": 1758764855394, "cnt": 0, "node": "AU-N143"}, "package_id": "PKG64827", "payload": {"status": "DELIVERED"}, "sent_ts": 1758764828964, "arrival_ts": 1758764829055}
{"action": "recv", "src": "AU-N67", "dst": "SA-N152", "hlc": {"phys": 1758801304645, "cnt": 0, "node": "AU-N67"}, "package_id": "PKG1278", "payload": {"status": "CREATED"}, "sent_ts": 1758801278975, "arrival_ts": 1758801279048}
{"action": "recv", "src": "AU-N67", "dst": "SA-N152", "hlc": {"phys": 1758801304927, "cnt": 0, "node": "AU-N67"}, "package_id": "PKG1278", "payload": {"status": "SENT"}, "sent_ts": 1758801279257, "arrival_ts": 1758801279356}
{"action": "recv", "src": "AU-N67", "dst": "SA-N152", "hlc": {"phys": 1758801305225, "cnt": 0, "node": "AU-N67"}, "package_id": "PKG1278", "payload": {"status": "IN_TRANSIT"}, "sent_ts": 1758801279555, "arrival_ts": 1758801279667}
{"action": "recv", "src": "AU-N67", "dst": "SA-N152", "hlc": {"phys": 1758801305558, "cnt": 0, "node": "AU-N67"}, "package_id": "PKG1278", "payload": {"status": "RECEIVED"}, "sent_ts": 1758801279888, "arrival_ts": 1758801279905}
{"action": "recv", "src": "AU-N67", "dst": "SA-N152", "hlc": {"phys": 1758801305759, "cnt": 0, "node": "AU-N67"}, "package_id": "PKG1278", "payload": {"status": "DELIVERED"}, "sent_ts": 1758801280089, "arrival_ts": 1758801280175}
{"action": "send", "src": "SA-N152", "dst": "EU-N170", "hlc": {"phys": 1758802891258, "cnt": 0, "node": "SA-N152"}, "package_id": "PKG2869", "payload": {"status": "CREATED"}, "sent_ts": 1758802869738, "arrival_ts": 1758802869738}
{"action": "send", "src": "SA-N152", "dst": "EU-N170", "hlc": {"phys": 1758802891596, "cnt": 0, "node": "SA-N152"}, "package_id": "PKG2869", "payload": {"status": "SENT"}, "sent_ts": 1758802870076, "arrival_ts": 1758802870076}
{"action": "send", "src": "SA-N152", "dst": "EU-N170", "hlc": {"phys": 1758802891969, "cnt": 0, "node": "SA-N152"}, "package_id": "PKG2869", "payload": {"status": "IN_TRANSIT"}, "sent_ts": 1758802870449, "arrival_ts": 1758802870449}
{"action": "send", "src": "SA-N152", "dst": "EU-N170", "hlc": {"phys": 1758802892244, "cnt": 0, "node": "SA-N152"}, "package_id": "PKG2869", "payload": {"status": "RECEIVED"}, "sent_ts": 1758802870724, "arrival_ts": 1758802870724}
{"action": "send", "src": "SA-N152", "dst": "EU-N170", "hlc": {"phys": 1758802892629, "cnt": 0, "node": "SA-N152"}, "package_id": "PKG2869", "payload": {"status": "DELIVERED"}, "sent_ts": 1758802871109, "arrival_ts": 1758802871109}
{"action": "recv", "src": "AS-N158", "dst": "SA-N152", "hlc": {"phys": 1758803169396, "cnt": 0, "node": "AS-N158"}, "package_id": "PKG3157", "payload": {"status": "CREATED"}, "sent_ts": 1758803157816, "arrival_ts": 1758803157879}
{"action": "recv", "src": "AS-N158", "dst": "SA-N152", "hlc": {"phys": 1758803169663, "cnt": 0, "node": "AS-N158"}, "package_id": "PKG3157", "payload": {"status": "SENT"}, "sent_ts": 1758803158083, "arrival_ts": 1758803158205}
{"action": "recv", "src": "AS-N158", "dst": "SA-N152", "hlc": {"phys": 1758803169988, "cnt": 0, "node": "AS-N158"}, "package_id": "PKG3157", "payload": {"status": "IN_TRANSIT"}, "sent_ts": 1758803158408, "arrival_ts": 1758803158560}
{"action": "recv", "src": "AS-N158", "dst": "SA-N152", "hlc": {"phys": 1758803170332, "cnt": 0, "node": "AS-N158"}, "package_id": "PKG3157", "payload": {"status": "RECEIVED"}, "sent_ts": 1758803158752, "arrival_ts": 1758803158842}
{"action": "recv", "src": "AS-N158", "dst": "SA-N152", "hlc": {"phys": 1758803170611, "cnt": 0, "node": "AS-N158"}, "package_id": "PKG3157", "payload": {"status": "DELIVERED"}, "sent_ts": 1758803159031, "arrival_ts": 1758803159144}
{"action": "send", "src": "SA-N152", "dst": "AF-N21", "hlc": {"phys": 1758803520274, "cnt": 0, "node": "SA-N152"}, "package_id": "PKG3498", "payload": {"status": "CREATED"}, "sent_ts": 1758803498754, "arrival_ts": 1758803498754}
{"action": "send", "src": "SA-N152", "dst": "AF-N21", "hlc": {"phys": 1758803520508, "cnt": 0, "node": "SA-N152"}, "package_id": "PKG3498", "payload": {"status": "SENT"}, "sent_ts": 1758803498988, "arrival_ts": 1758803498988}
{"action": "send", "src": "SA-N152", "dst": "AF-N21", "hlc": {"phys": 1758803520872, "cnt": 0, "node": "SA-N152"}, "package_id": "PKG3498", "payload": {"status": "IN_TRANSIT"}, "sent_ts": 1758803499352, "arrival_ts": 1758803499352}
{"action": "send", "src": "SA-N152", "dst": "AF-N21", "hlc": {"phys": 1758803521126, "cnt": 0, "node": "SA-N152"}, "package_id": "PKG3498", "payload": {"status": "RECEIVED"}, "sent_ts": 1758803499606, "arrival_ts": 1758803499606}
{"action": "send", "src": "SA-N152", "dst": "AF-N21", "hlc": {"phys": 1758803521493, "cnt": 0, "node": "SA-N152"}, "package_id": "PKG3498", "payload": {"status": "DELIVERED"}, "sent_ts": 1758803499973, "arrival_ts": 1758803499973}
{"action": "send", "src": "SA-N152", "dst": "AS-N120", "hlc": {"phys": 1758805724834, "cnt": 0, "node": "SA-N152"}, "package_id": "PKG5703", "payload": {"status": "CREATED"}, "sent_ts": 1758805703314, "arrival_ts": 1758805703314}
{"action": "send", "src": "SA-N152", "dst": "AS-N120", "hlc": {"phys": 1758805725174, "cnt": 0, "node": "SA-N152"}, "package_id": "PKG5703", "payload": {"status": "SENT"}, "sent_ts": 1758805703654, "arrival_ts": 1758805703654}
{"action": "send", "src": "SA-N152", "dst": "AS-N120", "hlc": {"phys": 1758805725470, "cnt": 0, "node": "SA-N152"}, "package_id": "PKG5703", "payload": {"status": "IN_TRANSIT"}, "sent_ts": 1758805703950, "arrival_ts": 1758805703950}
{"action": "send", "src": "SA-N152", "dst": "AS-N120", "hlc": {"phys": 1758805725826, "cnt": 0, "node": "SA-N152"}, "package_id": "PKG5703", "payload": {"status": "RECEIVED"}, "sent_ts": 1758805704306, "arrival_ts": 1758805704306}
{"action": "send", "src": "SA-N152", "dst": "AS-N120", "hlc": {"phys": 1758805726092, "cnt": 0, "node": "SA-N152"}, "package_id": "PKG5703", "payload": {"status": "DELIVERED"}, "sent_ts": 1758805704572, "arrival_ts": 1758805704572}
{"action": "send", "src": "SA-N152", "dst": "NA-N176", "hlc": {"phys": 1758812541666, "cnt": 0, "node": "SA-N152"}, "package_id": "PKG12520", "payload": {"status": "CREATED"}, "sent_ts": 1758812520146, "arrival_ts": 1758812520146}
{"action": "send", "src": "SA-N152", "dst": "NA-N176", "hlc": {"phys": 1758812541900, "cnt": 0, "node": "SA-N152"}, "package_id": "PKG12520", "payload": {"status": "SENT"}, "sent_ts": 1758812520380, "arrival_ts": 1758812520380}
{"action": "send", "src": "SA-N152", "dst": "NA-N176", "hlc": {"phys": 1758812542224, "cnt": 0, "node": "SA-N152"}, "package_id": "PKG12520", "payload": {"status": "IN_TRANSIT"}, "sent_ts": 1758812520704, "arrival_ts": 1758812520704}
{"action": "send", "src": "SA-N152", "dst": "NA-N176", "hlc": {"phys": 1758812542428, "cnt": 0, "node": "SA-N152"}, "package_id": "PKG12520", "payload": {"status": "RECEIVED"}, "sent_ts": 1758812520908, "arrival_ts": 1758812520908}
{"action": "send", "src": "SA-N152", "dst": "NA-N176", "hlc": {"phys": 1758812542784, "cnt": 0, "node": "SA-N152"}, "package_id": "PKG12520", "payload": {"status": "DELIVERED"}, "sent_ts": 1758812521264, "arrival_ts": 1758812521264}
{"action": "recv", "src": "AF-N83", "dst": "SA-N152", "hlc": {"phys": 1758812715997, "cnt": 0, "node": "AF-N83"}, "package_id": "PKG12700", "payload": {"status": "CREATED"}, "sent_ts": 1758812700167, "arrival_ts": 1758812700215}
{"action": "recv", "src": "AF-N83", "dst": "SA-N152", "hlc": {"phys": 1758812716244, "cnt": 0, "node": "AF-N83"}, "package_id": "PKG12700", "payload": {"status": "SENT"}, "sent_ts": 1758812700414, "arrival_ts": 1758812700457}
{"action": "recv", "src": "AF-N83", "dst": "SA-N152", "hlc": {"phys": 1758812716494, "cnt": 0, "node": "AF-N83"}, "package_id": "PKG12700", "payload": {"status": "IN_TRANSIT"}, "sent_ts": 1758812700664, "arrival_ts": 1758812700855}
{"action": "recv", "src": "AF-N83", "dst": "SA-N152", "hlc": {"phys": 1758812716883, "cnt": 0, "node": "AF-N83"}, "package_id": "PKG12700", "payload": {"status": "RECEIVED"}, "sent_ts": 1758812701053, "arrival_ts": 1758812701095}
{"action": "recv", "src": "AF-N83", "dst": "SA-N152", "hlc": {"phys": 1758812717146, "cnt": 0, "node": "AF-N83"}, "package_id": "PKG12700", "payload": {"status": "DELIVERED"}, "sent_ts": 1758812701316, "arrival_ts": 1758812701337}
{"action": "send", "src": "SA-N152", "dst": "NA-N132", "hlc": {"phys": 1758812899000, "cnt": 0, "node": "SA-N152"}, "package_id": "PKG12877", "payload": {"status": "CREATED"}, "sent_ts": 1758812877480, "arrival_ts": 1758812877480}
{"action": "send", "src": "SA-N152", "dst": "NA-N132", "hlc": {"phys": 1758812899387, "cnt": 0, "node": "SA-N152"}, "package_id": "PKG12877", "payload": {"status": "SENT"}, "sent_ts": 1758812877867, "arrival_ts": 1758812877867}
{"action": "send", "src": "SA-N152", "dst": "NA-N132", "hlc": {"phys": 1758812899637, "cnt": 0, "node": "SA-N152"}, "package_id": "PKG12877", "payload": {"status": "IN_TRANSIT"}, "sent_ts": 1758812878117, "arrival_ts": 1758812878117}
{"action": "send", "src": "SA-N152", "dst": "NA-N132", "hlc": {"phys": 1758812899916, "cnt": 0, "node": "SA-N152"}, "package_id": "PKG12877", "payload": {"status": "RECEIVED"}, "sent_ts": 1758812878396, "arrival_ts": 1758812878396}
{"action": "send", "src": "SA-N152", "dst": "NA-N132", "hlc": {"phys": 1758812900309, "cnt": 0, "node": "SA-N152"}, "package_id": "PKG12877", "payload": {"status": "DELIVERED"}, "sent_ts": 1758812878789, "arrival_ts": 1758812878789}
{"action": "send", "src": "SA-N152", "dst": "AN-N16", "hlc": {"phys": 1758814368055, "cnt": 0, "node": "SA-N152"}, "package_id": "PKG14346", "payload": {"status": "CREATED"}, "sent_ts": 1758814346535, "arrival_ts": 1758814346535}
{"action": "send", "src": "SA-N152", "dst": "AN-N16", "hlc": {"phys": 1758814368385, "cnt": 0, "node": "SA-N152"}, "package_id": "PKG14346", "payload": {"status": "SENT"}, "sent_ts": 1758814346865, "arrival_ts": 1758814346865}
{"action": "send", "src": "SA-N152", "dst": "AN-N16", "hlc": {"phys": 1758814368676, "cnt": 0, "node": "SA-N152"}, "package_id": "PKG14346", "payload": {"status": "IN_TRANSIT"}, "sent_ts": 1758814347156, "arrival_ts": 1758814347156}
{"action": "send", "src": "SA-N152", "dst": "AN-N16", "hlc": {"phys": 1758814368881, "cnt": 0, "node": "SA-N152"}, "package_id": "PKG14346", "payload": {"status": "RECEIVED"}, "sent_ts": 1758814347361, "arrival_ts": 1758814347361}
{"action": "send", "src": "SA-N152", "dst": "AN-N16", "hlc": {"phys": 1758814369129, "cnt": 0, "node": "SA-N152"}, "package_id": "PKG14346", "payload": {"status": "DELIVERED"}, "sent_ts": 1758814347609, "arrival_ts": 1758814347609}
