{"action": "send", "src": "SA-N128", "dst": "AN-N185", "hlc": {"phys": 1758714413901, "cnt": 0, "node": "SA-N128"}, "package_id": "PKG14392", "payload": {"status": "CREATED"}, "sent_ts": 1758714392621, "arrival_ts": 1758714392621}
{"action": "send", "src": "SA-N128", "dst": "AN-N185", "hlc": {"phys": 1758714414269, "cnt": 0, "node": "SA-N128"}, "package_id": "PKG14392", "payload": {"status": "SENT"}, "sent_ts": 1758714392989, "arrival_ts": 1758714392989}
{"action": "send", "src": "SA-N128", "dst": "AN-N185", "hlc": {"phys": 1758714414558, "cnt": 0, "node": "SA-N128"}, "package_id": "PKG14392", "payload": {"status": "IN_TRANSIT"}, "sent_ts": 1758714393278, "arrival_ts": 1758714393278}
{"action": "send", "src": "SA-N128", "dst": "AN-N185", "hlc": {"phys": 1758714414838, "cnt": 0, "node": "SA-N128"}, "package_id": "PKG14392", "payload": {"status": "RECEIVED"}, "sent_ts": 1758714393558, "arrival_ts": 1758714393558}
{"action": "send", "src": "SA-N128", "dst": "AN-N185", "hlc": {"phys": 1758714415216, "cnt": 0, "node": "SA-N128"}, "package_id": "PKG14392", "payload": {"status": "DELIVERED"}, "sent_ts": 1758714393936, "arrival_ts": 1758714393936}
{"action": "recv", "src": "EU-N51", "dst": "SA-N128", "hlc": {"phys": 1758716384926, "cnt": 0, "node": "EU-N51"}, "package_id": "PKG16379", "payload": {"status": "CREATED"}, "sent_ts": 1758716379416, "arrival_ts": 1758716379531}
{"action": "recv", "src": "EU-N51", "dst": "SA-N128", "hlc": {"phys": 1758716385256, "cnt": 0, "node": "EU-N51"}, "package_id": "PKG16379", "payload": {"status": "SENT"}, "sent_ts": 1758716379746, "arrival_ts": 1758716379905}
{"action": "recv", "src": "EU-N51", "dst": "SA-N128", "hlc": {"phys": 1758716385619, "cnt": 0, "node": "EU-N51"}, "package_id": "PKG16379", "payload": {"status": "IN_TRANSIT"}, "sent_ts": 1758716380109, "arrival_ts": 1758716380172}
{"action": "recv", "src": "EU-N51", "dst": "SA-N128", "hlc": {"phys": 1758716385889, "cnt": 0, "node": "EU-N51"}, "package_id": "PKG16379", "payload": {"status": "RECEIVED"}, "sent_ts": 1758716380379, "arrival_ts": 1758716380444}
{"action": "recv", "src": "EU-N51", "dst": "SA-N128", "hlc": {"phys": 1758716386159, "cnt": 0, "node": "EU-N51"}, "package_id": "PKG16379", "payload": {"status": "DELIVERED"}, "sent_ts": 1758716380649, "arrival_ts": 1758716380824}
{"action": "recv", "src": "AU-N107", "dst": "SA-N128", "hlc": {"phys": 1758717770861, "cnt": 0, "node": "AU-N107"}, "package_id": "PKG17744", "payload": {"status": "CREATED"}, "sent_ts": 1758717744791, "arrival_ts": 1758717744966}
{"action": "recv", "src": "AU-N107", "dst": "SA-N128", "hlc": {"phys": 1758717771249, "cnt": 0, "node": "AU-N107"}, "package_id": "PKG17744", "payload": {"status": "SENT"}, "sent_ts": 1758717745179, "arrival_ts": 1758717745373}
{"action": "recv", "src": "AU-N107", "dst": "SA-N128", "hlc": {"phys": 1758717771652, "cnt": 0, "node": "AU-N107"}, "package_id": "PKG17744", "payload": {"status": "IN_TRANSIT"}, "sent_ts": 1758717745582, "arrival_ts": 1758717745726}
{"action": "recv", "src": "AU-N107", "dst": "SA-N128", "hlc": {"phys": 1758717771995, "cnt": 0, "node": "AU-N107"}, "package_id": "PKG17744", "payload": {"status": "RECEIVED"}, "sent_ts": 1758717745925, "arrival_ts": 1758717746012}
{"action": "recv", "src": "AU-N107", "dst": "SA-N128", "hlc": {"phys": 1758717772292, "cnt": 0, "node": "AU-N107"}, "package_id": "PKG17744", "payload": {"status": "DELIVERED"}, "sent_ts": 1758717746222, "arrival_ts": 1758717746402}
{"action": "send", "src": "SA-N128", "dst": "AS-N97", "hlc": {"phys": 1758719224261, "cnt": 0, "node": "SA-N128"}, "package_id": "PKG19202", "payload": {"status": "CREATED"}, "sent_ts": 1758719202981, "arrival_ts": 1758719202981}
{"action": "send", "src": "SA-N128", "dst": "AS-N97", "hlc": {"phys": 1758719224516, "cnt": 0, "node": "SA-N128"}, "package_id": "PKG19202", "payload": {"status": "SENT"}, "sent_ts": 1758719203236, "arrival_ts": 1758719203236}
{"action": "send", "src": "SA-N128", "dst": "AS-N97", "hlc": {"phys": 1758719224829, "cnt": 0, "node": "SA-N128"}, "package_id": "PKG19202", "payload": {"status": "IN_TRANSIT"}, "sent_ts": 1758719203549, "arrival_ts": 1758719203549}
{"action": "send", "src": "SA-N128", "dst": "AS-N97", "hlc": {"phys": 1758719225237, "cnt": 0, "node": "SA-N128"}, "package_id": "PKG19202", "payload": {"status": "RECEIVED"}, "sent_ts": 1758719203957, "arrival_ts": 1758719203957}
{"action": "send", "src": "SA-N128", "dst": "AS-N97", "hlc": {"phys": 1758719225583, "cnt": 0, "node": "SA-N128"}, "package_id": "PKG19202", "payload": {"status": "DELIVERED"}, "sent_ts": 1758719204303, "arrival_ts": 1758719204303}
{"action": "recv", "src": "AU-N87", "dst": "SA-N128", "hlc": {"phys": 1758738049961, "cnt": 0, "node": "AU-N87"}, "package_id": "PKG38024", "payload": {"status": "CREATED"}, "sent_ts": 1758738024091, "arrival_ts": 1758738024115}
{"action": "recv", "src": "AU-N87", "dst": "SA-N128", "hlc": {"phys": 1758738050198, "cnt": 0, "node": "AU-N87"}, "package_id": "PKG38024", "payload": {"status": "SENT"}, "sent_ts": 1758738024328, "arrival_ts": 1758738024424}
{"action": "recv", "src": "AU-N87", "dst": "SA-N128", "hlc": {"phys": 1758738050518, "cnt": 0, "node": "AU-N87"}, "package_id": "PKG38024", "payload": {"status": "IN_TRANSIT"}, "sent_ts": 1758738024648, "arrival_ts": 1758738024817}
{"action": "recv", "src": "AU-N87", "dst": "SA-N128", "hlc": {"phys": 1758738050892, "cnt": 0, "node": "AU-N87"}, "package_id": "PKG38024", "payload": {"status": "RECEIVED"}, "sent_ts": 1758738025022, "arrival_ts": 1758738025107}
{"action": "recv", "src": "AU-N87", "dst": "SA-N128", "hlc": {"phys": 1758738051183, "cnt": 0, "node": "AU-N87"}, "package_id": "PKG38024", "payload": {"status": "DELIVERED"}, "sent_ts": 1758738025313, "arrival_ts": 1758738025337}
{"action": "recv", "src": "AU-N1", "dst": "SA-N128", "hlc": {"phys": 1758739660664, "cnt": 0, "node": "AU-N1"}, "package_id": "PKG39635", "payload": {"status": "CREATED"}, "sent_ts": 1758739635654, "arrival_ts": 1758739635694}
{"action": "recv", "src": "AU-N1", "dst": "SA-N128", "hlc": {"phys": 1758739660913, "cnt": 0, "node": "AU-N1"}, "package_id": "PKG39635", "payload": {"status": "SENT"}, "sent_ts": 1758739635903, "arrival_ts": 1758739636023}
{"action": "recv", "src": "AU-N1", "dst": "SA-N128", "hlc": {"phys": 1758739661239, "cnt": 0, "node": "AU-N1"}, "package_id": "PKG39635", "payload": {"status": "IN_TRANSIT"}, "sent_ts": 1758739636229, "arrival_ts": 1758739636326}
{"action": "recv", "src": "AU-N1", "dst": "SA-N128", "hlc": {"phys": 1758739661531, "cnt": 0, "node": "AU-N1"}, "package_id": "PKG39635", "payload": {"status": "RECEIVED"}, "sent_ts": 1758739636521, "arrival_ts": 1758739636645}
{"action": "recv", "src": "AU-N1", "dst": "SA-N128", "hlc": {"phys": 1758739661864, "cnt": 0, "node": "AU-N1"}, "package_id": "PKG39635", "payload": {"status": "DELIVERED"}, "sent_ts": 1758739636854, "arrival_ts": 1758739637034}
{"action": "recv", "src": "AU-N140", "dst": "SA-N128", "hlc": {"phys": 1758742477215, "cnt": 0, "node": "AU-N140"}, "package_id": "PKG42450", "payload": {"status": "CREATED"}, "sent_ts": 1758742450815, "arrival_ts": 1758742450835}
{"action": "recv", "src": "AU-N140", "dst": "SA-N128", "hlc": {"phys": 1758742477429, "cnt": 0, "node": "AU-N140"}, "package_id": "PKG42450", "payload": {"status": "SENT"}, "sent_ts": 1758742451029, "arrival_ts": 1758742451125}
{"action": "recv", "src": "AU-N140", "dst": "SA-N128", "hlc": {"phys": 1758742477740, "cnt": 0, "node": "AU-N140"}, "package_id": "PKG42450", "payload": {"status": "IN_TRANSIT"}, "sent_ts": 1758742451340, "arrival_ts": 1758742451505}
{"action": "recv", "src": "AU-N140", "dst": "SA-N128", "hlc": {"phys": 1758742478115, "cnt": 0, "node": "AU-N140"}, "package_id": "PKG42450", "payload": {"status": "RECEIVED"}, "sent_ts": 1758742451715, "arrival_ts": 1758742451808}
{"action": "recv", "src": "AU-N140", "dst": "SA-N128", "hlc": {"phys": 1758742478407, "cnt": 0, "node": "AU-N140"}, "package_id": "PKG42450", "payload": {"status": "DELIVERED"}, "sent_ts": 1758742452007, "arrival_ts": 1758742452072}
{"action": "send", "src": "SA-N128", "dst": "AF-N17", "hlc": {"phys": 1758743181458, "cnt": 0, "node": "SA-N128"}, "package_id": "PKG43160", "payload": {"status": "CREATED"}, "sent_ts": 1758743160178, "arrival_ts": 1758743160178}
{"action": "send", "src": "SA-N128", "dst": "AF-N17", "hlc": {"phys": 1758743181710, "cnt": 0, "node": "SA-N128"}, "package_id": "PKG43160", "payload": {"status": "SENT"}, "sent_ts": 1758743160430, "arrival_ts": 1758743160430}
{"action": "send", "src": "SA-N128", "dst": "AF-N17", "hlc": {"phys": 1758743181956, "cnt": 0, "node": "SA-N128"}, "package_id": "PKG43160", "payload": {"status": "IN_TRANSIT"}, "sent_ts": 1758743160676, "arrival_ts": 1758743160676}
{"action": "send", "src": "SA-N128", "dst": "AF-N17", "hlc": {"phys": 1758743182311, "cnt": 0, "node": "SA-N128"}, "package_id": "PKG43160", "payload": {"status": "RECEIVED"}, "sent_ts": 1758743161031, "arrival_ts": 1758743161031}
{"action": "send", "src": "SA-N128", "dst": "AF-N17", "hlc": {"phys": 1758743182668, "cnt": 0, "node": "SA-N128"}, "package_id": "PKG43160", "payload": {"status": "DELIVERED"}, "sent_ts": 1758743161388, "arrival_ts": 1758743161388}
{"action": "send", "src": "SA-N128", "dst": "AN-N174", "hlc": {"phys": 1758746936620, "cnt": 0, "node": "SA-N128"}, "package_id": "PKG46915", "payload": {"status": "CREATED"}, "sent_ts": 1758746915340, "arrival_ts": 1758746915340}
{"action": "send", "src": "SA-N128", "dst": "AN-N174", "hlc": {"phys": 1758746936972, "cnt": 0, "node": "SA-N128"}, "package_id": "PKG46915", "payload": {"status": "SENT"}, "sent_ts": 1758746915692, "arrival_ts": 1758746915692}
{"action": "send", "src": "SA-N128", "dst": "AN-N174", "hlc": {"phys": 1758746937343, "cnt": 0, "node": "SA-N128"}, "package_id": "PKG46915", "payload": {"status": "IN_TRANSIT"}, "sent_ts": 1758746916063, "arrival_ts": 1758746916063}
{"action": "send", "src": "SA-N128", "dst": "AN-N174", "hlc": {"phys": 1758746937617, "cnt": 0, "node": "SA-N128"}, "package_id": "PKG46915", "payload": {"status": "RECEIVED"}, "sent_ts": 1758746916337, "arrival_ts": 1758746916337}
{"action": "send", "src": "SA-N128", "dst": "AN-N174", "hlc": {"phys": 1758746937954, "cnt": 0, "node": "SA-N128"}, "package_id": "PKG46915", "payload": {"status": "DELIVERED"}, "sent_ts": 1758746916674, "arrival_ts": 1758746916674}
{"action": "recv", "src": "EU-N169", "dst": "SA-N128", "hlc": {"phys": 1758750340207, "cnt": 0, "node": "EU-N169"}, "package_id": "PKG50333", "payload": {"status": "CREATED"}, "sent_ts": 1758750333516, "arrival_ts": 1758750333551}
{"action": "recv", "src": "EU-N169", "dst": "SA-N128", "hlc": {"phys": 1758750340454, "cnt": 0, "node": "EU-N169"}, "package_id": "PKG50333", "payload": {"status": "SENT"}, "sent_ts": 1758750333764, "arrival_ts": 1758750333897}
{"action": "recv", "src": "EU-N169", "dst": "SA-N128", "hlc": {"phys": 1758750340801, "cnt": 0, "node": "EU-N169"}, "package_id": "PKG50333", "payload": {"status": "IN_TRANSIT"}, "sent_ts": 1758750334111, "arrival_ts": 1758750334195}
{"action": "recv", "src": "EU-N169", "dst": "SA-N128", "hlc": {"phys": 1758750341098, "cnt": 0, "node": "EU-N169"}, "package_id": "PKG50333", "payload": {"status": "RECEIVED"}, "sent_ts": 1758750334408, "arrival_ts": 1758750334585}
{"action": "recv", "src": "EU-N169", "dst": "SA-N128", "hlc": {"phys": 1758750341486, "cnt": 0, "node": "EU-N169"}, "package_id": "PKG50333", "payload": {"status": "DELIVERED"}, "sent_ts": 1758750334796, "arrival_ts": 1758750334925}
{"action": "send", "src": "SA-N128", "dst": "EU-N104", "hlc": {"phys": 1758752100201, "cnt": 0, "node": "SA-N128"}, "package_id": "PKG52078", "payload": {"status": "CREATED"}, "sent_ts": 1758752078921, "arrival_ts": 1758752078921}
{"action": "send", "src": "SA-N128", "dst": "EU-N104", "hlc": {"phys": 1758752100556, "cnt": 0, "node": "SA-N128"}, "package_id": "PKG52078", "payload": {"status": "SENT"}, "sent_ts": 1758752079276, "arrival_ts": 1758752079276}
{"action": "send", "src": "SA-N128", "dst": "EU-N104", "hlc": {"phys": 1758752100787, "cnt": 0, "node": "SA-N128"}, "package_id": "PKG52078", "payload": {"status": "IN_TRANSIT"}, "sent_ts": 1758752079507, "arrival_ts": 1758752079507}
{"action": "send", "src": "SA-N128", "dst": "EU-N104", "hlc": {"phys": 1758752101160, "cnt": 0, "node": "SA-N128"}, "package_id": "PKG52078", "payload": {"status": "RECEIVED"}, "sent_ts": 1758752079880, "arrival_ts": 1758752079880}
{"action": "send", "src": "SA-N128", "dst": "EU-N104", "hlc": {"phys": 1758752101472, "cnt": 0, "node": "SA-N128"}, "package_id": "PKG52078", "payload": {"status": "DELIVERED"}, "sent_ts": 1758752080192, "arrival_ts": 1758752080192}
{"action": "recv", "src": "SA-N173", "dst": "SA-N128", "hlc": {"phys": 1758753549829, "cnt": 0, "node": "SA-N173"}, "package_id": "PKG53528", "payload": {"status": "CREATED"}, "sent_ts": 1758753528099, "arrival_ts": 1758753528292}
{"action": "recv", "src": "SA-N173", "dst": "SA-N128", "hlc": {"phys": 1758753550221, "cnt": 0, "node": "SA-N173"}, "package_id": "PKG53528", "payload": {"status": "SENT"}, "sent_ts": 1758753528491, "arrival_ts": 1758753528578}
{"action": "recv", "src": "SA-N173", "dst": "SA-N128", "hlc": {"phys": 1758753550522, "cnt": 0, "node": "SA-N173"}, "package_id": "PKG53528", "payload": {"status": "IN_TRANSIT"}, "sent_ts": 1758753528792, "arrival_ts": 1758753528885}
{"action": "recv", "src": "SA-N173", "dst": "SA-N128", "hlc": {"phys": 1758753550822, "cnt": 0, "node": "SA-N173"}, "package_id": "PKG53528", "payload": {"status": "RECEIVED"}, "sent_ts": 1758753529092, "arrival_ts": 1758753529274}
{"action": "recv", "src": "SA-N173", "dst": "SA-N128", "hlc": {"phys": 1758753551212, "cnt": 0, "node": "SA-N173"}, "package_id": "PKG53528", "payload": {"status": "DELIVERED"}, "sent_ts": 1758753529482, "arrival_ts": 1758753529640}
{"action": "recv", "src": "EU-N121", "dst": "SA-N128", "hlc": {"phys": 1758754026083, "cnt": 0, "node": "EU-N121"}, "package_id": "PKG54019", "payload": {"status": "CREATED"}, "sent_ts": 1758754019873, "arrival_ts": 1758754019886}
{"action": "recv", "src": "EU-N121", "dst": "SA-N128", "hlc": {"phys": 1758754026309, "cnt": 0, "node": "EU-N121"}, "package_id": "PKG54019", "payload": {"status": "SENT"}, "sent_ts": 1758754020099, "arrival_ts": 1758754020258}
{"action": "recv", "src": "EU-N121", "dst": "SA-N128", "hlc": {"phys": 1758754026674, "cnt": 0, "node": "EU-N121"}, "package_id": "PKG54019", "payload": {"status": "IN_TRANSIT"}, "sent_ts": 1758754020464, "arrival_ts": 1758754020539}
{"action": "recv", "src": "EU-N121", "dst": "SA-N128", "hlc": {"phys": 1758754026959, "cnt": 0, "node": "EU-N121"}, "package_id": "PKG54019", "payload": {"status": "RECEIVED"}, "sent_ts": 1758754020749, "arrival_ts": 1758754020840}
{"action": "recv", "src": "EU-N121", "dst": "SA-N128", "hlc": {"phys": 1758754027259, "cnt": 0, "node": "EU-N121"}, "package_id": "PKG54019", "payload": {"status": "DELIVERED"}, "sent_ts": 1758754021049, "arrival_ts": 1758754021219}
{"action": "recv", "src": "NA-N84", "dst": "SA-N128", "hlc": {"phys": 1758754231919, "cnt": 0, "node": "NA-N84"}, "package_id": "PKG54231", "payload": {"status": "CREATED"}, "sent_ts": 1758754231079, "arrival_ts": 1758754231225}
{"action": "recv", "src": "NA-N84", "dst": "SA-N128", "hlc": {"phys": 1758754232274, "cnt": 0, "node": "NA-N84"}, "package_id": "PKG54231", "payload": {"status": "SENT"}, "sent_ts": 1758754231434, "arrival_ts": 1758754231572}
{"action": "recv", "src": "NA-N84", "dst": "SA-N128", "hlc": {"phys": 1758754232625, "cnt": 0, "node": "NA-N84"}, "package_id": "PKG54231", "payload": {"status": "IN_TRANSIT"}, "sent_ts": 1758754231785, "arrival_ts": 1758754231904}
{"action": "recv", "src": "NA-N84", "dst": "SA-N128", "hlc": {"phys": 1758754232953, "cnt": 0, "node": "NA-N84"}, "package_id": "PKG54231", "payload": {"status": "RECEIVED"}, "sent_ts": 1758754232113, "arrival_ts": 1758754232229}
{"action": "recv", "src": "NA-N84", "dst": "SA-N128", "hlc": {"phys": 1758754233285, "cnt": 0, "node": "NA-N84"}, "package_id": "PKG54231", "payload": {"status": "DELIVERED"}, "sent_ts": 1758754232445, "arrival_ts": 1758754232522}
{"action": "send", "src": "SA-N128", "dst": "NA-N131", "hlc": {"phys": 1758754715719, "cnt": 0, "node": "SA-N128"}, "package_id": "PKG54694", "payload": {"status": "CREATED"}, "sent_ts": 1758754694439, "arrival_ts": 1758754694439}
{"action": "send", "src": "SA-N128", "dst": "NA-N131", "hlc": {"phys": 1758754716087, "cnt": 0, "node": "SA-N128"}, "package_id": "PKG54694", "payload": {"status": "SENT"}, "sent_ts": 1758754694807, "arrival_ts": 1758754694807}
{"action": "send", "src": "SA-N128", "dst": "NA-N131", "hlc": {"phys": 1758754716485, "cnt": 0, "node": "SA-N128"}, "package_id": "PKG54694", "payload": {"status": "IN_TRANSIT"}, "sent_ts": 1758754695205, "arrival_ts": 1758754695205}
{"action": "send", "src": "SA-N128", "dst": "NA-N131", "hlc": {"phys": 1758754716724, "cnt": 0, "node": "SA-N128"}, "package_id": "PKG54694", "payload": {"status": "RECEIVED"}, "sent_ts": 1758754695444, "arrival_ts": 1758754695444}
{"action": "send", "src": "SA-N128", "dst": "NA-N131", "hlc": {"phys": 1758754717087, "cnt": 0, "node": "SA-N128"}, "package_id": "PKG54694", "payload": {"status": "DELIVERED"}, "sent_ts": 1758754695807, "arrival_ts": 1758754695807}
{"action": "recv", "src": "AS-N191", "dst": "SA-N128", "hlc": {"phys": 1758762995385, "cnt": 0, "node": "AS-N191"}, "package_id": "PKG62983", "payload": {"status": "CREATED"}, "sent_ts": 1758762983475, "arrival_ts": 1758762983674}
{"action": "recv", "src": "AS-N191", "dst": "SA-N128", "hlc": {"phys": 1758762995797, "cnt": 0, "node": "AS-N191"}, "package_id": "PKG62983", "payload": {"status": "SENT"}, "sent_ts": 1758762983887, "arrival_ts": 1758762984023}
{"action": "recv", "src": "AS-N191", "dst": "SA-N128", "hlc": {"phys": 1758762996135, "cnt": 0, "node": "AS-N191"}, "package_id": "PKG62983", "payload": {"status": "IN_TRANSIT"}, "sent_ts": 1758762984225, "arrival_ts": 1758762984341}
{"action": "recv", "src": "AS-N191", "dst": "SA-N128", "hlc": {"phys": 1758762996446, "cnt": 0, "node": "AS-N191"}, "package_id": "PKG62983", "payload": {"status": "RECEIVED"}, "sent_ts": 1758762984536, "arrival_ts": 1758762984625}
{"action": "recv", "src": "AS-N191", "dst": "SA-N128", "hlc": {"phys": 1758762996750, "cnt": 0, "node": "AS-N191"}, "package_id": "PKG62983", "payload": {"status": "DELIVERED"}, "sent_ts": 1758762984840, "arrival_ts": 1758762984983}
{"action": "recv", "src": "EU-N151", "dst": "SA-N128", "hlc": {"phys": 1758764508899, "cnt": 0, "node": "EU-N151"}, "package_id": "PKG64502", "payload": {"status": "CREATED"}, "sent_ts": 1758764502389, "arrival_ts": 1758764502534}
{"action": "recv", "src": "EU-N151", "dst": "SA-N128", "hlc": {"phys": 1758764509254, "cnt": 0, "node": "EU-N151"}, "package_id": "PKG64502", "payload": {"status": "SENT"}, "sent_ts": 1758764502744, "arrival_ts": 1758764502845}
{"action": "recv", "src": "EU-N151", "dst": "SA-N128", "hlc": {"phys": 1758764509567, "cnt": 0, "node": "EU-N151"}, "package_id": "PKG64502", "payload": {"status": "IN_TRANSIT"}, "sent_ts": 1758764503057, "arrival_ts": 1758764503252}
{"action": "recv", "src": "EU-N151", "dst": "SA-N128", "hlc": {"phys": 1758764509971, "cnt": 0, "node": "EU-N151"}, "package_id": "PKG64502", "payload": {"status": "RECEIVED"}, "sent_ts": 1758764503461, "arrival_ts": 1758764503533}
{"action": "recv", "src": "EU-N151", "dst": "SA-N128", "hlc": {"phys": 1758764510249, "cnt": 0, "node": "EU-N151"}, "package_id": "PKG64502", "payload": {"status": "DELIVERED"}, "sent_ts": 1758764503739, "arrival_ts": 1758764503875}
{"action": "recv", "src": "AS-N130", "dst": "SA-N128", "hlc": {"phys": 1758800599619, "cnt": 0, "node": "AS-N130"}, "package_id": "PKG588", "payload": {"status": "CREATED"}, "sent_ts": 1758800588319, "arrival_ts": 1758800588427}
{"action": "recv", "src": "AS-N130", "dst": "SA-N128", "hlc": {"phys": 1758800599939, "cnt": 0, "node": "AS-N130"}, "package_id": "PKG588", "payload": {"status": "SENT"}, "sent_ts": 1758800588639, "arrival_ts": 1758800588787}
{"action": "recv", "src": "AS-N130", "dst": "SA-N128", "hlc": {"phys": 1758800600304, "cnt": 0, "node": "AS-N130"}, "package_id": "PKG588", "payload": {"status": "IN_TRANSIT"}, "sent_ts": 1758800589004, "arrival_ts": 1758800589110}
{"action": "recv", "src": "AS-N130", "dst": "SA-N128", "hlc": {"phys": 1758800600626, "cnt": 0, "node": "AS-N130"}, "package_id": "PKG588", "payload": {"status": "RECEIVED"}, "sent_ts": 1758800589326, "arrival_ts": 1758800589428}
{"action": "recv", "src": "AS-N130", "dst": "SA-N128", "hlc": {"phys": 1758800600927, "cnt": 0, "node": "AS-N130"}, "package_id": "PKG588", "payload": {"status": "DELIVERED"}, "sent_ts": 1758800589627, "arrival_ts": 1758800589670}
{"action": "recv", "src": "AN-N128", "dst": "SA-N128", "hlc": {"phys": 1758811751244, "cnt": 0, "node": "AN-N128"}, "package_id": "PKG11719", "payload": {"status": "CREATED"}, "sent_ts": 1758811719964, "arrival_ts": 1758811720045}
{"action": "recv", "src": "AN-N128", "dst": "SA-N128", "hlc": {"phys": 1758811751542, "cnt": 0, "node": "AN-N128"}, "package_id": "PKG11719", "payload": {"status": "SENT"}, "sent_ts": 1758811720262, "arrival_ts": 1758811720421}
{"action": "recv", "src": "AN-N128", "dst": "SA-N128", "hlc": {"phys": 1758811751912, "cnt": 0, "node": "AN-N128"}, "package_id": "PKG11719", "payload": {"status": "IN_TRANSIT"}, "sent_ts": 1758811720632, "arrival_ts": 1758811720808}
{"action": "recv", "src": "AN-N128", "dst": "SA-N128", "hlc": {"phys": 1758811752297, "cnt": 0, "node": "AN-N128"}, "package_id": "PKG11719", "payload": {"status": "RECEIVED"}, "sent_ts": 1758811721017, "arrival_ts": 1758811721156}
{"action": "recv", "src": "AN-N128", "dst": "SA-N128", "hlc": {"phys": 1758811752639, "cnt": 0, "node": "AN-N128"}, "package_id": "PKG11719", "payload": {"status": "DELIVERED"}, "sent_ts": 1758811721359, "arrival_ts": 1758811721549}
{"action": "send", "src": "SA-N128", "dst": "AU-N190", "hlc": {"phys": 1758813923259, "cnt": 0, "node": "SA-N128"}, "package_id": "PKG13901", "payload": {"status": "CREATED"}, "sent_ts": 1758813901979, "arrival_ts": 1758813901979}
{"action": "send", "src": "SA-N128", "dst": "AU-N190", "hlc": {"phys": 1758813923663, "cnt": 0, "node": "SA-N128"}, "package_id": "PKG13901", "payload": {"status": "SENT"}, "sent_ts": 1758813902383, "arrival_ts": 1758813902383}
{"action": "send", "src": "SA-N128", "dst": "AU-N190", "hlc": {"phys": 1758813924053, "cnt": 0, "node": "SA-N128"}, "package_id": "PKG13901", "payload": {"status": "IN_TRANSIT"}, "sent_ts": 1758813902773, "arrival_ts": 1758813902773}
{"action": "send", "src": "SA-N128", "dst": "AU-N190", "hlc": {"phys": 1758813924442, "cnt": 0, "node": "SA-N128"}, "package_id": "PKG13901", "payload": {"status": "RECEIVED"}, "sent_ts": 1758813903162, "arrival_ts": 1758813903162}
{"action": "send", "src": "SA-N128", "dst": "AU-N190", "hlc": {"phys": 1758813924768, "cnt": 0, "node": "SA-N128"}, "package_id": "PKG13901", "payload": {"status": "DELIVERED"}, "sent_ts": 1758813903488, "arrival_ts": 1758813903488}
{"action": "send", "src": "SA-N128", "dst": "AF-N11", "hlc": {"phys": 1758816996158, "cnt": 0, "node": "SA-N128"}, "package_id": "PKG16974", "payload": {"status": "CREATED"}, "sent_ts": 1758816974878, "arrival_ts": 1758816974878}
{"action": "send", "src": "SA-N128", "dst": "AF-N11", "hlc": {"phys": 1758816996427, "cnt": 0, "node": "SA-N128"}, "package_id": "PKG16974", "payload": {"status": "SENT"}, "sent_ts": 1758816975147, "arrival_ts": 1758816975147}
{"action": "send", "src": "SA-N128", "dst": "AF-N11", "hlc": {"phys": 1758816996736, "cnt": 0, "node": "SA-N128"}, "package_id": "PKG16974", "payload": {"status": "IN_TRANSIT"}, "sent_ts": 1758816975456, "arrival_ts": 1758816975456}
{"action": "send", "src": "SA-N128", "dst": "AF-N11", "hlc": {"phys": 1758816996968, "cnt": 0, "node": "SA-N128"}, "package_id": "PKG16974", "payload": {"status": "RECEIVED"}, "sent_ts": 1758816975688, "arrival_ts": 1758816975688}
{"action": "send", "src": "SA-N128", "dst": "AF-N11", "hlc": {"phys": 1758816997232, "cnt": 0, "node": "SA-N128"}, "package_id": "PKG16974", "payload": {"status": "DELIVERED"}, "sent_ts": 1758816975952, "arrival_ts": 1758816975952}
