{"action": "send", "src": "SA-N196", "dst": "AS-N94", "hlc": {"phys": 1758712991084, "cnt": 0, "node": "SA-N196"}, "package_id": "PKG12969", "payload": {"status": "CREATED"}, "sent_ts": 1758712969124, "arrival_ts": 1758712969124}
{"action": "send", "src": "SA-N196", "dst": "AS-N94", "hlc": {"phys": 1758712991468, "cnt": 0, "node": "SA-N196"}, "package_id": "PKG12969", "payload": {"status": "SENT"}, "sent_ts": 1758712969508, "arrival_ts": 1758712969508}
{"action": "send", "src": "SA-N196", "dst": "AS-N94", "hlc": {"phys": 1758712991887, "cnt": 0, "node": "SA-N196"}, "package_id": "PKG12969", "payload": {"status": "IN_TRANSIT"}, "sent_ts": 1758712969927, "arrival_ts": 1758712969927}
{"action": "send", "src": "SA-N196", "dst": "AS-N94", "hlc": {"phys": 1758712992275, "cnt": 0, "node": "SA-N196"}, "package_id": "PKG12969", "payload": {"status": "RECEIVED"}, "sent_ts": 1758712970315, "arrival_ts": 1758712970315}
{"action": "send", "src": "SA-N196", "dst": "AS-N94", "hlc": {"phys": 1758712992568, "cnt": 0, "node": "SA-N196"}, "package_id": "PKG12969", "payload": {"status": "DELIVERED"}, "sent_ts": 1758712970608, "arrival_ts": 1758712970608}
{"action": "recv", "src": "NA-N5", "dst": "SA-N196", "hlc": {"phys": 1758714433798, "cnt": 0, "node": "NA-N5"}, "package_id": "PKG14433", "payload": {"status": "CREATED"}, "sent_ts": 1758714433748, "arrival_ts": 1758714433909}
{"action": "recv", "src": "NA-N5", "dst": "SA-N196", "hlc": {"phys": 1758714434175, "cnt": 0, "node": "NA-N5"}, "package_id": "PKG14433", "payload": {"status": "SENT"}, "sent_ts": 1758714434125, "arrival_ts": 1758714434178}
{"action": "recv", "src": "NA-N5", "dst": "SA-N196", "hlc": {"phys": 1758714434430, "cnt": 0, "node": "NA-N5"}, "package_id": "PKG14433", "payload": {"status": "IN_TRANSIT"}, "sent_ts": 1758714434380, "arrival_ts": 1758714434449}
{"action": "recv", "src": "NA-N5", "dst": "SA-N196", "hlc": {"phys": 1758714434710, "cnt": 0, "node": "NA-N5"}, "package_id": "PKG14433", "payload": {"status": "RECEIVED"}, "sent_ts": 1758714434660, "arrival_ts": 1758714434677}
{"action": "recv", "src": "NA-N5", "dst": "SA-N196", "hlc": {"phys": 1758714434925, "cnt": 0, "node": "NA-N5"}, "package_id": "PKG14433", "payload": {"status": "DELIVERED"}, "sent_ts": 1758714434875, "arrival_ts": 1758714435045}
{"action": "recv", "src": "AS-N26", "dst": "SA-N196", "hlc": {"phys": 1758717045421, "cnt": 0, "node": "AS-N26"}, "package_id": "PKG17035", "payload": {"status": "CREATED"}, "sent_ts": 1758717035161, "arrival_ts": 1758717035214}
{"action": "recv", "src": "AS-N26", "dst": "SA-N196", "hlc": {"phys": 1758717045688, "cnt": 0, "node": "AS-N26"}, "package_id": "PKG17035", "payload": {"status": "SENT"}, "sent_ts": 1758717035428, "arrival_ts": 1758717035445}
{"action": "recv", "src": "AS-N26", "dst": "SA-N196", "hlc": {"phys": 1758717045905, "cnt": 0, "node": "AS-N26"}, "package_id": "PKG17035", "payload": {"status": "IN_TRANSIT"}, "sent_ts": 1758717035645, "arrival_ts": 1758717035814}
{"action": "recv", "src": "AS-N26", "dst": "SA-N196", "hlc": {"phys": 1758717046291, "cnt": 0, "node": "AS-N26"}, "package_id": "PKG17035", "payload": {"status": "RECEIVED"}, "sent_ts": 1758717036031, "arrival_ts": 1758717036077}
{"action": "recv", "src": "AS-N26", "dst": "SA-N196", "hlc": {"phys": 1758717046550, "cnt": 0, "node": "AS-N26"}, "package_id": "PKG17035", "payload": {"status": "DELIVERED"}, "sent_ts": 1758717036290, "arrival_ts": 1758717036374}
{"action": "send", "src": "SA-N196", "dst": "NA-N62", "hlc": {"phys": 1758719274712, "cnt": 0, "node": "SA-N196"}, "package_id": "PKG19252", "payload": {"status": "CREATED"}, "sent_ts": 1758719252752, "arrival_ts": 1758719252752}
{"action": "send", "src": "SA-N196", "dst": "NA-N62", "hlc": {"phys": 1758719275111, "cnt": 0, "node": "SA-N196"}, "package_id": "PKG19252", "payload": {"status": "SENT"}, "sent_ts": 1758719253151, "arrival_ts": 1758719253151}
{"action": "send", "src": "SA-N196", "dst": "NA-N62", "hlc": {"phys": 1758719275382, "cnt": 0, "node": "SA-N196"}, "package_id": "PKG19252", "payload": {"status": "IN_TRANSIT"}, "sent_ts": 1758719253422, "arrival_ts": 1758719253422}
{"action": "send", "src": "SA-N196", "dst": "NA-N62", "hlc": {"phys": 1758719275767, "cnt": 0, "node": "SA-N196"}, "package_id": "PKG19252", "payload": {"status": "RECEIVED"}, "sent_ts": 1758719253807, "arrival_ts": 1758719253807}
{"action": "send", "src": "SA-N196", "dst": "NA-N62", "hlc": {"phys": 1758719276086, "cnt": 0, "node": "SA-N196"}, "package_id": "PKG19252", "payload": {"status": "DELIVERED"}, "sent_ts": 1758719254126, "arrival_ts": 1758719254126}
{"action": "recv", "src": "EU-N111", "dst": "SA-N196", "hlc": {"phys": 1758739815800, "cnt": 0, "node": "EU-N111"}, "package_id": "PKG39809", "payload": {"status": "CREATED"}, "sent_ts": 1758739809690, "arrival_ts": 1758739809835}
{"action": "recv", "src": "EU-N111", "dst": "SA-N196", "hlc": {"phys": 1758739816153, "cnt": 0, "node": "EU-N111"}, "package_id": "PKG39809", "payload": {"status": "SENT"}, "sent_ts": 1758739810042, "arrival_ts": 1758739810241}
{"action": "recv", "src": "EU-N111", "dst": "SA-N196", "hlc": {"phys": 1758739816557, "cnt": 0, "node": "EU-N111"}, "package_id": "PKG39809", "payload": {"status": "IN_TRANSIT"}, "sent_ts": 1758739810447, "arrival_ts": 1758739810621}
{"action": "recv", "src": "EU-N111", "dst": "SA-N196", "hlc": {"phys": 1758739816936, "cnt": 0, "node": "EU-N111"}, "package_id": "PKG39809", "payload": {"status": "RECEIVED"}, "sent_ts": 1758739810826, "arrival_ts": 1758739810881}
{"action": "recv", "src": "EU-N111", "dst": "SA-N196", "hlc": {"phys": 1758739817194, "cnt": 0, "node": "EU-N111"}, "package_id": "PKG39809", "payload": {"status": "DELIVERED"}, "sent_ts": 1758739811084, "arrival_ts": 1758739811152}
{"action": "recv", "src": "SA-N193", "dst": "SA-N196", "hlc": {"phys": 1758741410337, "cnt": 0, "node": "SA-N193"}, "package_id": "PKG41388", "payload": {"status": "CREATED"}, "sent_ts": 1758741388407, "arrival_ts": 1758741388473}
{"action": "recv", "src": "SA-N193", "dst": "SA-N196", "hlc": {"phys": 1758741410615, "cnt": 0, "node": "SA-N193"}, "package_id": "PKG41388", "payload": {"status": "SENT"}, "sent_ts": 1758741388685, "arrival_ts": 1758741388804}
{"action": "recv", "src": "SA-N193", "dst": "SA-N196", "hlc": {"phys": 1758741410940, "cnt": 0, "node": "SA-N193"}, "package_id": "PKG41388", "payload": {"status": "IN_TRANSIT"}, "sent_ts": 1758741389010, "arrival_ts": 1758741389031}
{"action": "recv", "src": "SA-N193", "dst": "SA-N196", "hlc": {"phys": 1758741411172, "cnt": 0, "node": "SA-N193"}, "package_id": "PKG41388", "payload": {"status": "RECEIVED"}, "sent_ts": 1758741389242, "arrival_ts": 1758741389318}
{"action": "recv", "src": "SA-N193", "dst": "SA-N196", "hlc": {"phys": 1758741411454, "cnt": 0, "node": "SA-N193"}, "package_id": "PKG41388", "payload": {"status": "DELIVERED"}, "sent_ts": 1758741389524, "arrival_ts": 1758741389652}
{"action": "send", "src": "SA-N196", "dst": "EU-N86", "hlc": {"phys": 1758744418959, "cnt": 0, "node": "SA-N196"}, "package_id": "PKG44396", "payload": {"status": "CREATED"}, "sent_ts": 1758744396999, "arrival_ts": 1758744396999}
{"action": "send", "src": "SA-N196", "dst": "EU-N86", "hlc": {"phys": 1758744419335, "cnt": 0, "node": "SA-N196"}, "package_id": "PKG44396", "payload": {"status": "SENT"}, "sent_ts": 1758744397375, "arrival_ts": 1758744397375}
{"action": "send", "src": "SA-N196", "dst": "EU-N86", "hlc": {"phys": 1758744419657, "cnt": 0, "node": "SA-N196"}, "package_id": "PKG44396", "payload": {"status": "IN_TRANSIT"}, "sent_ts": 1758744397697, "arrival_ts": 1758744397697}
{"action": "send", "src": "SA-N196", "dst": "EU-N86", "hlc": {"phys": 1758744420013, "cnt": 0, "node": "SA-N196"}, "package_id": "PKG44396", "payload": {"status": "RECEIVED"}, "sent_ts": 1758744398053, "arrival_ts": 1758744398053}
{"action": "send", "src": "SA-N196", "dst": "EU-N86", "hlc": {"phys": 1758744420352, "cnt": 0, "node": "SA-N196"}, "package_id": "PKG44396", "payload": {"status": "DELIVERED"}, "sent_ts": 1758744398392, "arrival_ts": 1758744398392}
{"action": "recv", "src": "AN-N95", "dst": "SA-N196", "hlc": {"phys": 1758747194894, "cnt": 0, "node": "AN-N95"}, "package_id": "PKG47163", "payload": {"status": "CREATED"}, "sent_ts": 1758747163944, "arrival_ts": 1758747164020}
{"action": "recv", "src": "AN-N95", "dst": "SA-N196", "hlc": {"phys": 1758747195181, "cnt": 0, "node": "AN-N95"}, "package_id": "PKG47163", "payload": {"status": "SENT"}, "sent_ts": 1758747164231, "arrival_ts": 1758747164252}
{"action": "recv", "src": "AN-N95", "dst": "SA-N196", "hlc": {"phys": 1758747195420, "cnt": 0, "node": "AN-N95"}, "package_id": "PKG47163", "payload": {"status": "IN_TRANSIT"}, "sent_ts": 1758747164470, "arrival_ts": 1758747164669}
{"action": "recv", "src": "AN-N95", "dst": "SA-N196", "hlc": {"phys": 1758747195818, "cnt": 0, "node": "AN-N95"}, "package_id": "PKG47163", "payload": {"status": "RECEIVED"}, "sent_ts": 1758747164868, "arrival_ts": 1758747164895}
{"action": "recv", "src": "AN-N95", "dst": "SA-N196", "hlc": {"phys": 1758747196033, "cnt": 0, "node": "AN-N95"}, "package_id": "PKG47163", "payload": {"status": "DELIVERED"}, "sent_ts": 1758747165083, "arrival_ts": 1758747165284}
{"action": "send", "src": "SA-N196", "dst": "AU-N94", "hlc": {"phys": 1758748339288, "cnt": 0, "node": "SA-N196"}, "package_id": "PKG48317", "payload": {"status": "CREATED"}, "sent_ts": 1758748317328, "arrival_ts": 1758748317328}
{"action": "send", "src": "SA-N196", "dst": "AU-N94", "hlc": {"phys": 1758748339517, "cnt": 0, "node": "SA-N196"}, "package_id": "PKG48317", "payload": {"status": "SENT"}, "sent_ts": 1758748317557, "arrival_ts": 1758748317557}
{"action": "send", "src": "SA-N196", "dst": "AU-N94", "hlc": {"phys": 1758748339812, "cnt": 0, "node": "SA-N196"}, "package_id": "PKG48317", "payload": {"status": "IN_TRANSIT"}, "sent_ts": 1758748317852, "arrival_ts": 1758748317852}
{"action": "send", "src": "SA-N196", "dst": "AU-N94", "hlc": {"phys": 1758748340183, "cnt": 0, "node": "SA-N196"}, "package_id": "PKG48317", "payload": {"status": "RECEIVED"}, "sent_ts": 1758748318223, "arrival_ts": 1758748318223}
{"action": "send", "src": "SA-N196", "dst": "AU-N94", "hlc": {"phys": 1758748340557, "cnt": 0, "node": "SA-N196"}, "package_id": "PKG48317", "payload": {"status": "DELIVERED"}, "sent_ts": 1758748318597, "arrival_ts": 1758748318597}
{"action": "send", "src": "SA-N196", "dst": "AS-N130", "hlc": {"phys": 1758749682988, "cnt": 0, "node": "SA-N196"}, "package_id": "PKG49661", "payload": {"status": "CREATED"}, "sent_ts": 1758749661028, "arrival_ts": 1758749661028}
{"action": "send", "src": "SA-N196", "dst": "AS-N130", "hlc": {"phys": 1758749683247, "cnt": 0, "node": "SA-N196"}, "package_id": "PKG49661", "payload": {"status": "SENT"}, "sent_ts": 1758749661287, "arrival_ts": 1758749661287}
{"action": "send", "src": "SA-N196", "dst": "AS-N130", "hlc": {"phys": 1758749683571, "cnt": 0, "node": "SA-N196"}, "package_id": "PKG49661", "payload": {"status": "IN_TRANSIT"}, "sent_ts": 1758749661611, "arrival_ts": 1758749661611}
{"action": "send", "src": "SA-N196", "dst": "AS-N130", "hlc": {"phys": 1758749683878, "cnt": 0, "node": "SA-N196"}, "package_id": "PKG49661", "payload": {"status": "RECEIVED"}, "sent_ts": 1758749661918, "arrival_ts": 1758749661918}
{"action": "send", "src": "SA-N196", "dst": "AS-N130", "hlc": {"phys": 1758749684204, "cnt": 0, "node": "SA-N196"}, "package_id": "PKG49661", "payload": {"status": "DELIVERED"}, "sent_ts": 1758749662244, "arrival_ts": 1758749662244}
{"action": "send", "src": "SA-N196", "dst": "NA-N62", "hlc": {"phys": 1758750559369, "cnt": 0, "node": "SA-N196"}, "package_id": "PKG50537", "payload": {"status": "CREATED"}, "sent_ts": 1758750537409, "arrival_ts": 1758750537409}
{"action": "send", "src": "SA-N196", "dst": "NA-N62", "hlc": {"phys": 1758750559649, "cnt": 0, "node": "SA-N196"}, "package_id": "PKG50537", "payload": {"status": "SENT"}, "sent_ts": 1758750537689, "arrival_ts": 1758750537689}
{"action": "send", "src": "SA-N196", "dst": "NA-N62", "hlc": {"phys": 1758750559999, "cnt": 0, "node": "SA-N196"}, "package_id": "PKG50537", "payload": {"status": "IN_TRANSIT"}, "sent_ts": 1758750538039, "arrival_ts": 1758750538039}
{"action": "send", "src": "SA-N196", "dst": "NA-N62", "hlc": {"phys": 1758750560293, "cnt": 0, "node": "SA-N196"}, "package_id": "PKG50537", "payload": {"status": "RECEIVED"}, "sent_ts": 1758750538333, "arrival_ts": 1758750538333}
{"action": "send", "src": "SA-N196", "dst": "NA-N62", "hlc": {"phys": 1758750560511, "cnt": 0, "node": "SA-N196"}, "package_id": "PKG50537", "payload": {"status": "DELIVERED"}, "sent_ts": 1758750538551, "arrival_ts": 1758750538551}
{"action": "send", "src": "SA-N196", "dst": "AS-N120", "hlc": {"phys": 1758752165699, "cnt": 0, "node": "SA-N196"}, "package_id": "PKG52143", "payload": {"status": "CREATED"}, "sent_ts": 1758752143739, "arrival_ts": 1758752143739}
{"action": "send", "src": "SA-N196", "dst": "AS-N120", "hlc": {"phys": 1758752166114, "cnt": 0, "node": "SA-N196"}, "package_id": "PKG52143", "payload": {"status": "SENT"}, "sent_ts": 1758752144154, "arrival_ts": 1758752144154}
{"action": "send", "src": "SA-N196", "dst": "AS-N120", "hlc": {"phys": 1758752166472, "cnt": 0, "node": "SA-N196"}, "package_id": "PKG52143", "payload": {"status": "IN_TRANSIT"}, "sent_ts": 1758752144512, "arrival_ts": 1758752144512}
{"action": "send", "src": "SA-N196", "dst": "AS-N120", "hlc": {"phys": 1758752166741, "cnt": 0, "node": "SA-N196"}, "package_id": "PKG52143", "payload": {"status": "RECEIVED"}, "sent_ts": 1758752144781, "arrival_ts": 1758752144781}
{"action": "send", "src": "SA-N196", "dst": "AS-N120", "hlc": {"phys": 1758752167093, "cnt": 0, "node": "SA-N196"}, "package_id": "PKG52143", "payload": {"status": "DELIVERED"}, "sent_ts": 1758752145133, "arrival_ts": 1758752145133}
{"action": "recv", "src": "SA-N15", "dst": "SA-N196", "hlc": {"phys": 1758752401750, "cnt": 0, "node": "SA-N15"}, "package_id": "PKG52381", "payload": {"status": "CREATED"}, "sent_ts": 1758752381600, "arrival_ts": 1758752381687}
{"action": "recv", "src": "SA-N15", "dst": "SA-N196", "hlc": {"phys": 1758752402049, "cnt": 0, "node": "SA-N15"}, "package_id": "PKG52381", "payload": {"status": "SENT"}, "sent_ts": 1758752381899, "arrival_ts": 1758752381914}
{"action": "recv", "src": "SA-N15", "dst": "SA-N196", "hlc": {"phys": 1758752402277, "cnt": 0, "node": "SA-N15"}, "package_id": "PKG52381", "payload": {"status": "IN_TRANSIT"}, "sent_ts": 1758752382127, "arrival_ts": 1758752382232}
{"action": "recv", "src": "SA-N15", "dst": "SA-N196", "hlc": {"phys": 1758752402587, "cnt": 0, "node": "SA-N15"}, "package_id": "PKG52381", "payload": {"status": "RECEIVED"}, "sent_ts": 1758752382437, "arrival_ts": 1758752382546}
{"action": "recv", "src": "SA-N15", "dst": "SA-N196", "hlc": {"phys": 1758752402902, "cnt": 0, "node": "SA-N15"}, "package_id": "PKG52381", "payload": {"status": "DELIVERED"}, "sent_ts": 1758752382752, "arrival_ts": 1758752382830}
{"action": "send", "src": "SA-N196", "dst": "AF-N132", "hlc": {"phys": 1758752766524, "cnt": 0, "node": "SA-N196"}, "package_id": "PKG52744", "payload": {"status": "CREATED"}, "sent_ts": 1758752744564, "arrival_ts": 1758752744564}
{"action": "send", "src": "SA-N196", "dst": "AF-N132", "hlc": {"phys": 1758752766907, "cnt": 0, "node": "SA-N196"}, "package_id": "PKG52744", "payload": {"status": "SENT"}, "sent_ts": 1758752744947, "arrival_ts": 1758752744947}
{"action": "send", "src": "SA-N196", "dst": "AF-N132", "hlc": {"phys": 1758752767177, "cnt": 0, "node": "SA-N196"}, "package_id": "PKG52744", "payload": {"status": "IN_TRANSIT"}, "sent_ts": 1758752745217, "arrival_ts": 1758752745217}
{"action": "send", "src": "SA-N196", "dst": "AF-N132", "hlc": {"phys": 1758752767489, "cnt": 0, "node": "SA-N196"}, "package_id": "PKG52744", "payload": {"status": "RECEIVED"}, "sent_ts": 1758752745529, "arrival_ts": 1758752745529}
{"action": "send", "src": "SA-N196", "dst": "AF-N132", "hlc": {"phys": 1758752767747, "cnt": 0, "node": "SA-N196"}, "package_id": "PKG52744", "payload": {"status": "DELIVERED"}, "sent_ts": 1758752745787, "arrival_ts": 1758752745787}
{"action": "recv", "src": "AN-N183", "dst": "SA-N196", "hlc": {"phys": 1758755546476, "cnt": 0, "node": "AN-N183"}, "package_id": "PKG55514", "payload": {"status": "CREATED"}, "sent_ts": 1758755514646, "arrival_ts": 1758755514727}
{"action": "recv", "src": "AN-N183", "dst": "SA-N196", "hlc": {"phys": 1758755546753, "cnt": 0, "node": "AN-N183"}, "package_id": "PKG55514", "payload": {"status": "SENT"}, "sent_ts": 1758755514923, "arrival_ts": 1758755514994}
{"action": "recv", "src": "AN-N183", "dst": "SA-N196", "hlc": {"phys": 1758755547031, "cnt": 0, "node": "AN-N183"}, "package_id": "PKG55514", "payload": {"status": "IN_TRANSIT"}, "sent_ts": 1758755515201, "arrival_ts": 1758755515310}
{"action": "recv", "src": "AN-N183", "dst": "SA-N196", "hlc": {"phys": 1758755547359, "cnt": 0, "node": "AN-N183"}, "package_id": "PKG55514", "payload": {"status": "RECEIVED"}, "sent_ts": 1758755515529, "arrival_ts": 1758755515610}
{"action": "recv", "src": "AN-N183", "dst": "SA-N196", "hlc": {"phys": 1758755547654, "cnt": 0, "node": "AN-N183"}, "package_id": "PKG55514", "payload": {"status": "DELIVERED"}, "sent_ts": 1758755515824, "arrival_ts": 1758755515893}
{"action": "send", "src": "SA-N196", "dst": "AU-N121", "hlc": {"phys": 1758756569183, "cnt": 0, "node": "SA-N196"}, "package_id": "PKG56547", "payload": {"status": "CREATED"}, "sent_ts": 1758756547223, "arrival_ts": 1758756547223}
{"action": "send", "src": "SA-N196", "dst": "AU-N121", "hlc": {"phys": 1758756569504, "cnt": 0, "node": "SA-N196"}, "package_id": "PKG56547", "payload": {"status": "SENT"}, "sent_ts": 1758756547544, "arrival_ts": 1758756547544}
{"action": "send", "src": "SA-N196", "dst": "AU-N121", "hlc": {"phys": 1758756569921, "cnt": 0, "node": "SA-N196"}, "package_id": "PKG56547", "payload": {"status": "IN_TRANSIT"}, "sent_ts": 1758756547961, "arrival_ts": 1758756547961}
{"action": "send", "src": "SA-N196", "dst": "AU-N121", "hlc": {"phys": 1758756570221, "cnt": 0, "node": "SA-N196"}, "package_id": "PKG56547", "payload": {"status": "RECEIVED"}, "sent_ts": 1758756548261, "arrival_ts": 1758756548261}
{"action": "send", "src": "SA-N196", "dst": "AU-N121", "hlc": {"phys": 1758756570479, "cnt": 0, "node": "SA-N196"}, "package_id": "PKG56547", "payload": {"status": "DELIVERED"}, "sent_ts": 1758756548519, "arrival_ts": 1758756548519}
{"action": "send", "src": "SA-N196", "dst": "AN-N13", "hlc": {"phys": 1758762381365, "cnt": 0, "node": "SA-N196"}, "package_id": "PKG62359", "payload": {"status": "CREATED"}, "sent_ts": 1758762359405, "arrival_ts": 1758762359405}
{"action": "send", "src": "SA-N196", "dst": "AN-N13", "hlc": {"phys": 1758762381738, "cnt": 0, "node": "SA-N196"}, "package_id": "PKG62359", "payload": {"status": "SENT"}, "sent_ts": 1758762359778, "arrival_ts": 1758762359778}
{"action": "send", "src": "SA-N196", "dst": "AN-N13", "hlc": {"phys": 1758762381987, "cnt": 0, "node": "SA-N196"}, "package_id": "PKG62359", "payload": {"status": "IN_TRANSIT"}, "sent_ts": 1758762360027, "arrival_ts": 1758762360027}
{"action": "send", "src": "SA-N196", "dst": "AN-N13", "hlc": {"phys": 1758762382251, "cnt": 0, "node": "SA-N196"}, "package_id": "PKG62359", "payload": {"status": "RECEIVED"}, "sent_ts": 1758762360291, "arrival_ts": 1758762360291}
{"action": "send", "src": "SA-N196", "dst": "AN-N13", "hlc": {"phys": 1758762382638, "cnt": 0, "node": "SA-N196"}, "package_id": "PKG62359", "payload": {"status": "DELIVERED"}, "sent_ts": 1758762360678, "arrival_ts": 1758762360678}
{"action": "recv", "src": "AU-N116", "dst": "SA-N196", "hlc": {"phys": 1758762543208, "cnt": 0, "node": "AU-N116"}, "package_id": "PKG62517", "payload": {"status": "CREATED"}, "sent_ts": 1758762517048, "arrival_ts": 1758762517241}
{"action": "recv", "src": "AU-N116", "dst": "SA-N196", "hlc": {"phys": 1758762543599, "cnt": 0, "node": "AU-N116"}, "package_id": "PKG62517", "payload": {"status": "SENT"}, "sent_ts": 1758762517439, "arrival_ts": 1758762517604}
{"action": "recv", "src": "AU-N116", "dst": "SA-N196", "hlc": {"phys": 1758762543977, "cnt": 0, "node": "AU-N116"}, "package_id": "PKG62517", "payload": {"status": "IN_TRANSIT"}, "sent_ts": 1758762517817, "arrival_ts": 1758762517843}
{"action": "recv", "src": "AU-N116", "dst": "SA-N196", "hlc": {"phys": 1758762544221, "cnt": 0, "node": "AU-N116"}, "package_id": "PKG62517", "payload": {"status": "RECEIVED"}, "sent_ts": 1758762518061, "arrival_ts": 1758762518154}
{"action": "recv", "src": "AU-N116", "dst": "SA-N196", "hlc": {"phys": 1758762544529, "cnt": 0, "node": "AU-N116"}, "package_id": "PKG62517", "payload": {"status": "DELIVERED"}, "sent_ts": 1758762518369, "arrival_ts": 1758762518511}
{"action": "recv", "src": "AN-N37", "dst": "SA-N196", "hlc": {"phys": 1758763894317, "cnt": 0, "node": "AN-N37"}, "package_id": "PKG63863", "payload": {"status": "CREATED"}, "sent_ts": 1758763863947, "arrival_ts": 1758763863973}
{"action": "recv", "src": "AN-N37", "dst": "SA-N196", "hlc": {"phys": 1758763894552, "cnt": 0, "node": "AN-N37"}, "package_id": "PKG63863", "payload": {"status": "SENT"}, "sent_ts": 1758763864182, "arrival_ts": 1758763864230}
{"action": "recv", "src": "AN-N37", "dst": "SA-N196", "hlc": {"phys": 1758763894800, "cnt": 0, "node": "AN-N37"}, "package_id": "PKG63863", "payload": {"status": "IN_TRANSIT"}, "sent_ts": 1758763864430, "arrival_ts": 1758763864525}
{"action": "recv", "src": "AN-N37", "dst": "SA-N196", "hlc": {"phys": 1758763895095, "cnt": 0, "node": "AN-N37"}, "package_id": "PKG63863", "payload": {"status": "RECEIVED"}, "sent_ts": 1758763864725, "arrival_ts": 1758763864805}
{"action": "recv", "src": "AN-N37", "dst": "SA-N196", "hlc": {"phys": 1758763895388, "cnt": 0, "node": "AN-N37"}, "package_id": "PKG63863", "payload": {"status": "DELIVERED"}, "sent_ts": 1758763865018, "arrival_ts": 1758763865039}
{"action": "send", "src": "SA-N196", "dst": "NA-N92", "hlc": {"phys": 1758764370165, "cnt": 0, "node": "SA-N196"}, "package_id": "PKG64348", "payload": {"status": "CREATED"}, "sent_ts": 1758764348205, "arrival_ts": 1758764348205}
{"action": "send", "src": "SA-N196", "dst": "NA-N92", "hlc": {"phys": 1758764370457, "cnt": 0, "node": "SA-N196"}, "package_id": "PKG64348", "payload": {"status": "SENT"}, "sent_ts": 1758764348497, "arrival_ts": 1758764348497}
{"action": "send", "src": "SA-N196", "dst": "NA-N92", "hlc": {"phys": 1758764370723, "cnt": 0, "node": "SA-N196"}, "package_id": "PKG64348", "payload": {"status": "IN_TRANSIT"}, "sent_ts": 1758764348763, "arrival_ts": 1758764348763}
{"action": "send", "src": "SA-N196", "dst": "NA-N92", "hlc": {"phys": 1758764371129, "cnt": 0, "node": "SA-N196"}, "package_id": "PKG64348", "payload": {"status": "RECEIVED"}, "sent_ts": 1758764349169, "arrival_ts": 1758764349169}
{"action": "send", "src": "SA-N196", "dst": "NA-N92", "hlc": {"phys": 1758764371486, "cnt": 0, "node": "SA-N196"}, "package_id": "PKG64348", "payload": {"status": "DELIVERED"}, "sent_ts": 1758764349526, "arrival_ts": 1758764349526}
{"action": "recv", "src": "EU-N63", "dst": "SA-N196", "hlc": {"phys": 1758764395614, "cnt": 0, "node": "EU-N63"}, "package_id": "PKG64389", "payload": {"status": "CREATED"}, "sent_ts": 1758764389984, "arrival_ts": 1758764390158}
{"action": "recv", "src": "EU-N63", "dst": "SA-N196", "hlc": {"phys": 1758764396003, "cnt": 0, "node": "EU-N63"}, "package_id": "PKG64389", "payload": {"status": "SENT"}, "sent_ts": 1758764390373, "arrival_ts": 1758764390541}
{"action": "recv", "src": "EU-N63", "dst": "SA-N196", "hlc": {"phys": 1758764396372, "cnt": 0, "node": "EU-N63"}, "package_id": "PKG64389", "payload": {"status": "IN_TRANSIT"}, "sent_ts": 1758764390742, "arrival_ts": 1758764390799}
{"action": "recv", "src": "EU-N63", "dst": "SA-N196", "hlc": {"phys": 1758764396636, "cnt": 0, "node": "EU-N63"}, "package_id": "PKG64389", "payload": {"status": "RECEIVED"}, "sent_ts": 1758764391006, "arrival_ts": 1758764391039}
{"action": "recv", "src": "EU-N63", "dst": "SA-N196", "hlc": {"phys": 1758764396869, "cnt": 0, "node": "EU-N63"}, "package_id": "PKG64389", "payload": {"status": "DELIVERED"}, "sent_ts": 1758764391239, "arrival_ts": 1758764391342}
{"action": "send", "src": "SA-N196", "dst": "AU-N107", "hlc": {"phys": 1758799959161, "cnt": 0, "node": "SA-N196"}, "package_id": "PKG99937", "payload": {"status": "CREATED"}, "sent_ts": 1758799937201, "arrival_ts": 1758799937201}
{"action": "send", "src": "SA-N196", "dst": "AU-N107", "hlc": {"phys": 1758799959451, "cnt": 0, "node": "SA-N196"}, "package_id": "PKG99937", "payload": {"status": "SENT"}, "sent_ts": 1758799937491, "arrival_ts": 1758799937491}
{"action": "send", "src": "SA-N196", "dst": "AU-N107", "hlc": {"phys": 1758799959698, "cnt": 0, "node": "SA-N196"}, "package_id": "PKG99937", "payload": {"status": "IN_TRANSIT"}, "sent_ts": 1758799937738, "arrival_ts": 1758799937738}
{"action": "send", "src": "SA-N196", "dst": "AU-N107", "hlc": {"phys": 1758799960080, "cnt": 0, "node": "SA-N196"}, "package_id": "PKG99937", "payload": {"status": "RECEIVED"}, "sent_ts": 1758799938120, "arrival_ts": 1758799938120}
{"action": "send", "src": "SA-N196", "dst": "AU-N107", "hlc": {"phys": 1758799960418, "cnt": 0, "node": "SA-N196"}, "package_id": "PKG99937", "payload": {"status": "DELIVERED"}, "sent_ts": 1758799938458, "arrival_ts": 1758799938460}
{"action": "send", "src": "SA-N196", "dst": "SA-N165", "hlc": {"phys": 1758814526877, "cnt": 0, "node": "SA-N196"}, "package_id": "PKG14504", "payload": {"status": "CREATED"}, "sent_ts": 1758814504917, "arrival_ts": 1758814504917}
{"action": "send", "src": "SA-N196", "dst": "SA-N165", "hlc": {"phys": 1758814527157, "cnt": 0, "node": "SA-N196"}, "package_id": "PKG14504", "payload": {"status": "SENT"}, "sent_ts": 1758814505197, "arrival_ts": 1758814505197}
{"action": "send", "src": "SA-N196", "dst": "SA-N165", "hlc": {"phys": 1758814527514, "cnt": 0, "node": "SA-N196"}, "package_id": "PKG14504", "payload": {"status": "IN_TRANSIT"}, "sent_ts": 1758814505554, "arrival_ts": 1758814505554}
{"action": "send", "src": "SA-N196", "dst": "SA-N165", "hlc": {"phys": 1758814527733, "cnt": 0, "node": "SA-N196"}, "package_id": "PKG14504", "payload": {"status": "RECEIVED"}, "sent_ts": 1758814505773, "arrival_ts": 1758814505773}
{"action": "send", "src": "SA-N196", "dst": "SA-N165", "hlc": {"phys": 1758814528013, "cnt": 0, "node": "SA-N196"}, "package_id": "PKG14504", "payload": {"status": "DELIVERED"}, "sent_ts": 1758814506053, "arrival_ts": 1758814506053}
{"action": "recv", "src": "SA-N21", "dst": "SA-N196", "hlc": {"phys": 1758814667051, "cnt": 0, "node": "SA-N21"}, "package_id": "PKG14646", "payload": {"status": "CREATED"}, "sent_ts": 1758814646841, "arrival_ts": 1758814646887}
{"action": "recv", "src": "SA-N21", "dst": "SA-N196", "hlc": {"phys": 1758814667299, "cnt": 0, "node": "SA-N21"}, "package_id": "PKG14646", "payload": {"status": "SENT"}, "sent_ts": 1758814647089, "arrival_ts": 1758814647134}
{"action": "recv", "src": "SA-N21", "dst": "SA-N196", "hlc": {"phys": 1758814667544, "cnt": 0, "node": "SA-N21"}, "package_id": "PKG14646", "payload": {"status": "IN_TRANSIT"}, "sent_ts": 1758814647334, "arrival_ts": 1758814647383}
{"action": "recv", "src": "SA-N21", "dst": "SA-N196", "hlc": {"phys": 1758814667792, "cnt": 0, "node": "SA-N21"}, "package_id": "PKG14646", "payload": {"status": "RECEIVED"}, "sent_ts": 1758814647582, "arrival_ts": 1758814647741}
{"action": "recv", "src": "SA-N21", "dst": "SA-N196", "hlc": {"phys": 1758814668158, "cnt": 0, "node": "SA-N21"}, "package_id": "PKG14646", "payload": {"status": "DELIVERED"}, "sent_ts": 1758814647948, "arrival_ts": 1758814648124}
{"action": "send", "src": "SA-N196", "dst": "EU-N196", "hlc": {"phys": 1758815053505, "cnt": 0, "node": "SA-N196"}, "package_id": "PKG15031", "payload": {"status": "CREATED"}, "sent_ts": 1758815031545, "arrival_ts": 1758815031545}
{"action": "send", "src": "SA-N196", "dst": "EU-N196", "hlc": {"phys": 1758815053799, "cnt": 0, "node": "SA-N196"}, "package_id": "PKG15031", "payload": {"status": "SENT"}, "sent_ts": 1758815031839, "arrival_ts": 1758815031839}
{"action": "send", "src": "SA-N196", "dst": "EU-N196", "hlc": {"phys": 1758815054142, "cnt": 0, "node": "SA-N196"}, "package_id": "PKG15031", "payload": {"status": "IN_TRANSIT"}, "sent_ts": 1758815032182, "arrival_ts": 1758815032182}
{"action": "send", "src": "SA-N196", "dst": "EU-N196", "hlc": {"phys": 1758815054359, "cnt": 0, "node": "SA-N196"}, "package_id": "PKG15031", "payload": {"status": "RECEIVED"}, "sent_ts": 1758815032399, "arrival_ts": 1758815032399}
{"action": "send", "src": "SA-N196", "dst": "EU-N196", "hlc": {"phys": 1758815054653, "cnt": 0, "node": "SA-N196"}, "package_id": "PKG15031", "payload": {"status": "DELIVERED"}, "sent_ts": 1758815032693, "arrival_ts": 1758815032693}
