{"action": "send", "src": "SA-N171", "dst": "AS-N45", "hlc": {"phys": 1758716474413, "cnt": 0, "node": "SA-N171"}, "package_id": "PKG16452", "payload": {"status": "CREATED"}, "sent_ts": 1758716452703, "arrival_ts": 1758716452703}
{"action": "send", "src": "SA-N171", "dst": "AS-N45", "hlc": {"phys": 1758716474741, "cnt": 0, "node": "SA-N171"}, "package_id": "PKG16452", "payload": {"status": "SENT"}, "sent_ts": 1758716453031, "arrival_ts": 1758716453031}
{"action": "send", "src": "SA-N171", "dst": "AS-N45", "hlc": {"phys": 1758716475113, "cnt": 0, "node": "SA-N171"}, "package_id": "PKG16452", "payload": {"status": "IN_TRANSIT"}, "sent_ts": 1758716453403, "arrival_ts": 1758716453403}
{"action": "send", "src": "SA-N171", "dst": "AS-N45", "hlc": {"phys": 1758716475408, "cnt": 0, "node": "SA-N171"}, "package_id": "PKG16452", "payload": {"status": "RECEIVED"}, "sent_ts": 1758716453698, "arrival_ts": 1758716453698}
{"action": "send", "src": "SA-N171", "dst": "AS-N45", "hlc": {"phys": 1758716475764, "cnt": 0, "node": "SA-N171"}, "package_id": "PKG16452", "payload": {"status": "DELIVERED"}, "sent_ts": 1758716454054, "arrival_ts": 1758716454054}
{"action": "send", "src": "SA-N171", "dst": "AN-N64", "hlc": {"phys": 1758718291871, "cnt": 0, "node": "SA-N171"}, "package_id": "PKG18270", "payload": {"status": "CREATED"}, "sent_ts": 1758718270161, "arrival_ts": 1758718270161}
{"action": "send", "src": "SA-N171", "dst": "AN-N64", "hlc": {"phys": 1758718292129, "cnt": 0, "node": "SA-N171"}, "package_id": "PKG18270", "payload": {"status": "SENT"}, "sent_ts": 1758718270419, "arrival_ts": 1758718270419}
{"action": "send", "src": "SA-N171", "dst": "AN-N64", "hlc": {"phys": 1758718292353, "cnt": 0, "node": "SA-N171"}, "package_id": "PKG18270", "payload": {"status": "IN_TRANSIT"}, "sent_ts": 1758718270643, "arrival_ts": 1758718270643}
{"action": "send", "src": "SA-N171", "dst": "AN-N64", "hlc": {"phys": 1758718292726, "cnt": 0, "node": "SA-N171"}, "package_id": "PKG18270", "payload": {"status": "RECEIVED"}, "sent_ts": 1758718271016, "arrival_ts": 1758718271016}
{"action": "send", "src": "SA-N171", "dst": "AN-N64", "hlc": {"phys": 1758718293132, "cnt": 0, "node": "SA-N171"}, "package_id": "PKG18270", "payload": {"status": "DELIVERED"}, "sent_ts": 1758718271422, "arrival_ts": 1758718271422}
{"action": "recv", "src": "AU-N55", "dst": "SA-N171", "hlc": {"phys": 1758719470491, "cnt": 0, "node": "AU-N55"}, "package_id": "PKG19444", "payload": {"status": "CREATED"}, "sent_ts": 1758719444941, "arrival_ts": 1758719444996}
{"action": "recv", "src": "AU-N55", "dst": "SA-N171", "hlc": {"phys": 1758719470752, "cnt": 0, "node": "AU-N55"}, "package_id": "PKG19444", "payload": {"status": "SENT"}, "sent_ts": 1758719445202, "arrival_ts": 1758719445223}
{"action": "recv", "src": "AU-N55", "dst": "SA-N171", "hlc": {"phys": 1758719470986, "cnt": 0, "node": "AU-N55"}, "package_id": "PKG19444", "payload": {"status": "IN_TRANSIT"}, "sent_ts": 1758719445436, "arrival_ts": 1758719445621}
{"action": "recv", "src": "AU-N55", "dst": "SA-N171", "hlc": {"phys": 1758719471364, "cnt": 0, "node": "AU-N55"}, "package_id": "PKG19444", "payload": {"status": "RECEIVED"}, "sent_ts": 1758719445814, "arrival_ts": 1758719445925}
{"action": "recv", "src": "AU-N55", "dst": "SA-N171", "hlc": {"phys": 1758719471690, "cnt": 0, "node": "AU-N55"}, "package_id": "PKG19444", "payload": {"status": "DELIVERED"}, "sent_ts": 1758719446140, "arrival_ts": 1758719446216}
{"action": "recv", "src": "AF-N22", "dst": "SA-N171", "hlc": {"phys": 1758740482444, "cnt": 0, "node": "AF-N22"}, "package_id": "PKG40467", "payload": {"status": "CREATED"}, "sent_ts": 1758740467224, "arrival_ts": 1758740467371}
{"action": "recv", "src": "AF-N22", "dst": "SA-N171", "hlc": {"phys": 1758740482802, "cnt": 0, "node": "AF-N22"}, "package_id": "PKG40467", "payload": {"status": "SENT"}, "sent_ts": 1758740467582, "arrival_ts": 1758740467697}
{"action": "recv", "src": "AF-N22", "dst": "SA-N171", "hlc": {"phys": 1758740483110, "cnt": 0, "node": "AF-N22"}, "package_id": "PKG40467", "payload": {"status": "IN_TRANSIT"}, "sent_ts": 1758740467890, "arrival_ts": 1758740467904}
{"action": "recv", "src": "AF-N22", "dst": "SA-N171", "hlc": {"phys": 1758740483752, "cnt": 0, "node": "AF-N22"}, "package_id": "PKG40467", "payload": {"status": "RECEIVED"}, "sent_ts": 1758740468532, "arrival_ts": 1758740468556}
{"action": "recv", "src": "AF-N22", "dst": "SA-N171", "hlc": {"phys": 1758740483965, "cnt": 0, "node": "AF-N22"}, "package_id": "PKG40467", "payload": {"status": "DELIVERED"}, "sent_ts": 1758740468745, "arrival_ts": 1758740468810}
{"action": "recv", "src": "AF-N95", "dst": "SA-N171", "hlc": {"phys": 1758740663585, "cnt": 0, "node": "AF-N95"}, "package_id": "PKG40647", "payload": {"status": "CREATED"}, "sent_ts": 1758740647635, "arrival_ts": 1758740647673}
{"action": "recv", "src": "AF-N95", "dst": "SA-N171", "hlc": {"phys": 1758740663834, "cnt": 0, "node": "AF-N95"}, "package_id": "PKG40647", "payload": {"status": "SENT"}, "sent_ts": 1758740647884, "arrival_ts": 1758740647915}
{"action": "recv", "src": "AF-N95", "dst": "SA-N171", "hlc": {"phys": 1758740664070, "cnt": 0, "node": "AF-N95"}, "package_id": "PKG40647", "payload": {"status": "IN_TRANSIT"}, "sent_ts": 1758740648120, "arrival_ts": 1758740648281}
{"action": "recv", "src": "AF-N95", "dst": "SA-N171", "hlc": {"phys": 1758740664444, "cnt": 0, "node": "AF-N95"}, "package_id": "PKG40647", "payload": {"status": "RECEIVED"}, "sent_ts": 1758740648494, "arrival_ts": 1758740648695}
{"action": "recv", "src": "AF-N95", "dst": "SA-N171", "hlc": {"phys": 1758740664849, "cnt": 0, "node": "AF-N95"}, "package_id": "PKG40647", "payload": {"status": "DELIVERED"}, "sent_ts": 1758740648899, "arrival_ts": 1758740649027}
{"action": "recv", "src": "NA-N161", "dst": "SA-N171", "hlc": {"phys": 1758743686009, "cnt": 0, "node": "NA-N161"}, "package_id": "PKG43684", "payload": {"status": "CREATED"}, "sent_ts": 1758743684399, "arrival_ts": 1758743684451}
{"action": "recv", "src": "NA-N161", "dst": "SA-N171", "hlc": {"phys": 1758743686274, "cnt": 0, "node": "NA-N161"}, "package_id": "PKG43684", "payload": {"status": "SENT"}, "sent_ts": 1758743684664, "arrival_ts": 1758743684707}
{"action": "recv", "src": "NA-N161", "dst": "SA-N171", "hlc": {"phys": 1758743686522, "cnt": 0, "node": "NA-N161"}, "package_id": "PKG43684", "payload": {"status": "IN_TRANSIT"}, "sent_ts": 1758743684912, "arrival_ts": 1758743685108}
{"action": "recv", "src": "NA-N161", "dst": "SA-N171", "hlc": {"phys": 1758743686922, "cnt": 0, "node": "NA-N161"}, "package_id": "PKG43684", "payload": {"status": "RECEIVED"}, "sent_ts": 1758743685312, "arrival_ts": 1758743685361}
{"action": "recv", "src": "NA-N161", "dst": "SA-N171", "hlc": {"phys": 1758743687184, "cnt": 0, "node": "NA-N161"}, "package_id": "PKG43684", "payload": {"status": "DELIVERED"}, "sent_ts": 1758743685574, "arrival_ts": 1758743685681}
{"action": "send", "src": "SA-N171", "dst": "SA-N155", "hlc": {"phys": 1758744690871, "cnt": 0, "node": "SA-N171"}, "package_id": "PKG44669", "payload": {"status": "CREATED"}, "sent_ts": 1758744669161, "arrival_ts": 1758744669161}
{"action": "send", "src": "SA-N171", "dst": "SA-N155", "hlc": {"phys": 1758744691168, "cnt": 0, "node": "SA-N171"}, "package_id": "PKG44669", "payload": {"status": "SENT"}, "sent_ts": 1758744669458, "arrival_ts": 1758744669458}
{"action": "send", "src": "SA-N171", "dst": "SA-N155", "hlc": {"phys": 1758744691484, "cnt": 0, "node": "SA-N171"}, "package_id": "PKG44669", "payload": {"status": "IN_TRANSIT"}, "sent_ts": 1758744669774, "arrival_ts": 1758744669774}
{"action": "send", "src": "SA-N171", "dst": "SA-N155", "hlc": {"phys": 1758744691744, "cnt": 0, "node": "SA-N171"}, "package_id": "PKG44669", "payload": {"status": "RECEIVED"}, "sent_ts": 1758744670034, "arrival_ts": 1758744670034}
{"action": "send", "src": "SA-N171", "dst": "SA-N155", "hlc": {"phys": 1758744691968, "cnt": 0, "node": "SA-N171"}, "package_id": "PKG44669", "payload": {"status": "DELIVERED"}, "sent_ts": 1758744670258, "arrival_ts": 1758744670258}
{"action": "recv", "src": "EU-N74", "dst": "SA-N171", "hlc": {"phys": 1758748443283, "cnt": 0, "node": "EU-N74"}, "package_id": "PKG48437", "payload": {"status": "CREATED"}, "sent_ts": 1758748437543, "arrival_ts": 1758748437739}
{"action": "recv", "src": "EU-N74", "dst": "SA-N171", "hlc": {"phys": 1758748443696, "cnt": 0, "node": "EU-N74"}, "package_id": "PKG48437", "payload": {"status": "SENT"}, "sent_ts": 1758748437956, "arrival_ts": 1758748438075}
{"action": "recv", "src": "EU-N74", "dst": "SA-N171", "hlc": {"phys": 1758748444021, "cnt": 0, "node": "EU-N74"}, "package_id": "PKG48437", "payload": {"status": "IN_TRANSIT"}, "sent_ts": 1758748438281, "arrival_ts": 1758748438441}
{"action": "recv", "src": "EU-N74", "dst": "SA-N171", "hlc": {"phys": 1758748444392, "cnt": 0, "node": "EU-N74"}, "package_id": "PKG48437", "payload": {"status": "RECEIVED"}, "sent_ts": 1758748438652, "arrival_ts": 1758748438726}
{"action": "recv", "src": "EU-N74", "dst": "SA-N171", "hlc": {"phys": 1758748444671, "cnt": 0, "node": "EU-N74"}, "package_id": "PKG48437", "payload": {"status": "DELIVERED"}, "sent_ts": 1758748438931, "arrival_ts": 1758748439116}
{"action": "recv", "src": "NA-N160", "dst": "SA-N171", "hlc": {"phys": 1758749573750, "cnt": 0, "node": "NA-N160"}, "package_id": "PKG49572", "payload": {"status": "CREATED"}, "sent_ts": 1758749572150, "arrival_ts": 1758749572335}
{"action": "recv", "src": "NA-N160", "dst": "SA-N171", "hlc": {"phys": 1758749574134, "cnt": 0, "node": "NA-N160"}, "package_id": "PKG49572", "payload": {"status": "SENT"}, "sent_ts": 1758749572534, "arrival_ts": 1758749572616}
{"action": "recv", "src": "NA-N160", "dst": "SA-N171", "hlc": {"phys": 1758749574414, "cnt": 0, "node": "NA-N160"}, "package_id": "PKG49572", "payload": {"status": "IN_TRANSIT"}, "sent_ts": 1758749572814, "arrival_ts": 1758749572950}
{"action": "recv", "src": "NA-N160", "dst": "SA-N171", "hlc": {"phys": 1758749574742, "cnt": 0, "node": "NA-N160"}, "package_id": "PKG49572", "payload": {"status": "RECEIVED"}, "sent_ts": 1758749573142, "arrival_ts": 1758749573278}
{"action": "recv", "src": "NA-N160", "dst": "SA-N171", "hlc": {"phys": 1758749575082, "cnt": 0, "node": "NA-N160"}, "package_id": "PKG49572", "payload": {"status": "DELIVERED"}, "sent_ts": 1758749573482, "arrival_ts": 1758749573646}
{"action": "recv", "src": "SA-N131", "dst": "SA-N171", "hlc": {"phys": 1758749937958, "cnt": 0, "node": "SA-N131"}, "package_id": "PKG49916", "payload": {"status": "CREATED"}, "sent_ts": 1758749916648, "arrival_ts": 1758749916708}
{"action": "recv", "src": "SA-N131", "dst": "SA-N171", "hlc": {"phys": 1758749938209, "cnt": 0, "node": "SA-N131"}, "package_id": "PKG49916", "payload": {"status": "SENT"}, "sent_ts": 1758749916899, "arrival_ts": 1758749917055}
{"action": "recv", "src": "SA-N131", "dst": "SA-N171", "hlc": {"phys": 1758749938572, "cnt": 0, "node": "SA-N131"}, "package_id": "PKG49916", "payload": {"status": "IN_TRANSIT"}, "sent_ts": 1758749917262, "arrival_ts": 1758749917302}
{"action": "recv", "src": "SA-N131", "dst": "SA-N171", "hlc": {"phys": 1758749938822, "cnt": 0, "node": "SA-N131"}, "package_id": "PKG49916", "payload": {"status": "RECEIVED"}, "sent_ts": 1758749917512, "arrival_ts": 1758749917568}
{"action": "recv", "src": "SA-N131", "dst": "SA-N171", "hlc": {"phys": 1758749939090, "cnt": 0, "node": "SA-N131"}, "package_id": "PKG49916", "payload": {"status": "DELIVERED"}, "sent_ts": 1758749917780, "arrival_ts": 1758749917954}
{"action": "recv", "src": "AS-N65", "dst": "SA-N171", "hlc": {"phys": 1758751467127, "cnt": 0, "node": "AS-N65"}, "package_id": "PKG51456", "payload": {"status": "CREATED"}, "sent_ts": 1758751456477, "arrival_ts": 1758751456638}
{"action": "recv", "src": "AS-N65", "dst": "SA-N171", "hlc": {"phys": 1758751467500, "cnt": 0, "node": "AS-N65"}, "package_id": "PKG51456", "payload": {"status": "SENT"}, "sent_ts": 1758751456850, "arrival_ts": 1758751456907}
{"action": "recv", "src": "AS-N65", "dst": "SA-N171", "hlc": {"phys": 1758751467763, "cnt": 0, "node": "AS-N65"}, "package_id": "PKG51456", "payload": {"status": "IN_TRANSIT"}, "sent_ts": 1758751457113, "arrival_ts": 1758751457218}
{"action": "recv", "src": "AS-N65", "dst": "SA-N171", "hlc": {"phys": 1758751468071, "cnt": 0, "node": "AS-N65"}, "package_id": "PKG51456", "payload": {"status": "RECEIVED"}, "sent_ts": 1758751457421, "arrival_ts": 1758751457612}
{"action": "recv", "src": "AS-N65", "dst": "SA-N171", "hlc": {"phys": 1758751468477, "cnt": 0, "node": "AS-N65"}, "package_id": "PKG51456", "payload": {"status": "DELIVERED"}, "sent_ts": 1758751457827, "arrival_ts": 1758751457884}
{"action": "send", "src": "SA-N171", "dst": "AU-N105", "hlc": {"phys": 1758751973620, "cnt": 0, "node": "SA-N171"}, "package_id": "PKG51951", "payload": {"status": "CREATED"}, "sent_ts": 1758751951910, "arrival_ts": 1758751951911}
{"action": "send", "src": "SA-N171", "dst": "AU-N105", "hlc": {"phys": 1758751973870, "cnt": 0, "node": "SA-N171"}, "package_id": "PKG51951", "payload": {"status": "SENT"}, "sent_ts": 1758751952160, "arrival_ts": 1758751952160}
{"action": "send", "src": "SA-N171", "dst": "AU-N105", "hlc": {"phys": 1758751974134, "cnt": 0, "node": "SA-N171"}, "package_id": "PKG51951", "payload": {"status": "IN_TRANSIT"}, "sent_ts": 1758751952424, "arrival_ts": 1758751952424}
{"action": "send", "src": "SA-N171", "dst": "AU-N105", "hlc": {"phys": 1758751974456, "cnt": 0, "node": "SA-N171"}, "package_id": "PKG51951", "payload": {"status": "RECEIVED"}, "sent_ts": 1758751952746, "arrival_ts": 1758751952746}
{"action": "send", "src": "SA-N171", "dst": "AU-N105", "hlc": {"phys": 1758751974749, "cnt": 0, "node": "SA-N171"}, "package_id": "PKG51951", "payload": {"status": "DELIVERED"}, "sent_ts": 1758751953039, "arrival_ts": 1758751953039}
{"action": "send", "src": "SA-N171", "dst": "SA-N150", "hlc": {"phys": 1758756463122, "cnt": 0, "node": "SA-N171"}, "package_id": "PKG56441", "payload": {"status": "CREATED"}, "sent_ts": 1758756441412, "arrival_ts": 1758756441412}
{"action": "send", "src": "SA-N171", "dst": "SA-N150", "hlc": {"phys": 1758756463546, "cnt": 0, "node": "SA-N171"}, "package_id": "PKG56441", "payload": {"status": "SENT"}, "sent_ts": 1758756441836, "arrival_ts": 1758756441836}
{"action": "send", "src": "SA-N171", "dst": "SA-N150", "hlc": {"phys": 1758756463906, "cnt": 0, "node": "SA-N171"}, "package_id": "PKG56441", "payload": {"status": "IN_TRANSIT"}, "sent_ts": 1758756442196, "arrival_ts": 1758756442196}
{"action": "send", "src": "SA-N171", "dst": "SA-N150", "hlc": {"phys": 1758756464258, "cnt": 0, "node": "SA-N171"}, "package_id": "PKG56441", "payload": {"status": "RECEIVED"}, "sent_ts": 1758756442548, "arrival_ts": 1758756442548}
{"action": "send", "src": "SA-N171", "dst": "SA-N150", "hlc": {"phys": 1758756464612, "cnt": 0, "node": "SA-N171"}, "package_id": "PKG56441", "payload": {"status": "DELIVERED"}, "sent_ts": 1758756442902, "arrival_ts": 1758756442902}
{"action": "recv", "src": "SA-N168", "dst": "SA-N171", "hlc": {"phys": 1758760807865, "cnt": 0, "node": "SA-N168"}, "package_id": "PKG60786", "payload": {"status": "CREATED"}, "sent_ts": 1758760786185, "arrival_ts": 1758760786210}
{"action": "recv", "src": "SA-N168", "dst": "SA-N171", "hlc": {"phys": 1758760808096, "cnt": 0, "node": "SA-N168"}, "package_id": "PKG60786", "payload": {"status": "SENT"}, "sent_ts": 1758760786416, "arrival_ts": 1758760786580}
{"action": "recv", "src": "SA-N168", "dst": "SA-N171", "hlc": {"phys": 1758760808468, "cnt": 0, "node": "SA-N168"}, "package_id": "PKG60786", "payload": {"status": "IN_TRANSIT"}, "sent_ts": 1758760786788, "arrival_ts": 1758760786939}
{"action": "recv", "src": "SA-N168", "dst": "SA-N171", "hlc": {"phys": 1758760808822, "cnt": 0, "node": "SA-N168"}, "package_id": "PKG60786", "payload": {"status": "RECEIVED"}, "sent_ts": 1758760787142, "arrival_ts": 1758760787272}
{"action": "recv", "src": "SA-N168", "dst": "SA-N171", "hlc": {"phys": 1758760809182, "cnt": 0, "node": "SA-N168"}, "package_id": "PKG60786", "payload": {"status": "DELIVERED"}, "sent_ts": 1758760787502, "arrival_ts": 1758760787705}
{"action": "recv", "src": "NA-N50", "dst": "SA-N171", "hlc": {"phys": 1758800151504, "cnt": 0, "node": "NA-N50"}, "package_id": "PKG151", "payload": {"status": "CREATED"}, "sent_ts": 1758800151004, "arrival_ts": 1758800151029}
{"action": "recv", "src": "NA-N50", "dst": "SA-N171", "hlc": {"phys": 1758800151739, "cnt": 0, "node": "NA-N50"}, "package_id": "PKG151", "payload": {"status": "SENT"}, "sent_ts": 1758800151239, "arrival_ts": 1758800151436}
{"action": "recv", "src": "NA-N50", "dst": "SA-N171", "hlc": {"phys": 1758800152141, "cnt": 0, "node": "NA-N50"}, "package_id": "PKG151", "payload": {"status": "IN_TRANSIT"}, "sent_ts": 1758800151641, "arrival_ts": 1758800151668}
{"action": "recv", "src": "NA-N50", "dst": "SA-N171", "hlc": {"phys": 1758800152373, "cnt": 0, "node": "NA-N50"}, "package_id": "PKG151", "payload": {"status": "RECEIVED"}, "sent_ts": 1758800151873, "arrival_ts": 1758800151965}
{"action": "recv", "src": "NA-N50", "dst": "SA-N171", "hlc": {"phys": 1758800152669, "cnt": 0, "node": "NA-N50"}, "package_id": "PKG151", "payload": {"status": "DELIVERED"}, "sent_ts": 1758800152169, "arrival_ts": 1758800152296}
{"action": "send", "src": "SA-N171", "dst": "AU-N82", "hlc": {"phys": 1758800274272, "cnt": 0, "node": "SA-N171"}, "package_id": "PKG252", "payload": {"status": "CREATED"}, "sent_ts": 1758800252562, "arrival_ts": 1758800252562}
{"action": "send", "src": "SA-N171", "dst": "AU-N82", "hlc": {"phys": 1758800274593, "cnt": 0, "node": "SA-N171"}, "package_id": "PKG252", "payload": {"status": "SENT"}, "sent_ts": 1758800252883, "arrival_ts": 1758800252883}
{"action": "send", "src": "SA-N171", "dst": "AU-N82", "hlc": {"phys": 1758800274969, "cnt": 0, "node": "SA-N171"}, "package_id": "PKG252", "payload": {"status": "IN_TRANSIT"}, "sent_ts": 1758800253259, "arrival_ts": 1758800253259}
{"action": "send", "src": "SA-N171", "dst": "AU-N82", "hlc": {"phys": 1758800275237, "cnt": 0, "node": "SA-N171"}, "package_id": "PKG252", "payload": {"status": "RECEIVED"}, "sent_ts": 1758800253527, "arrival_ts": 1758800253527}
{"action": "send", "src": "SA-N171", "dst": "AU-N82", "hlc": {"phys": 1758800275523, "cnt": 0, "node": "SA-N171"}, "package_id": "PKG252", "payload": {"status": "DELIVERED"}, "sent_ts": 1758800253813, "arrival_ts": 1758800253813}
{"action": "recv", "src": "EU-N128", "dst": "SA-N171", "hlc": {"phys": 1758805898878, "cnt": 0, "node": "EU-N128"}, "package_id": "PKG5892", "payload": {"status": "CREATED"}, "sent_ts": 1758805892598, "arrival_ts": 1758805892641}
{"action": "recv", "src": "EU-N128", "dst": "SA-N171", "hlc": {"phys": 1758805899139, "cnt": 0, "node": "EU-N128"}, "package_id": "PKG5892", "payload": {"status": "SENT"}, "sent_ts": 1758805892859, "arrival_ts": 1758805892933}
{"action": "recv", "src": "EU-N128", "dst": "SA-N171", "hlc": {"phys": 1758805899418, "cnt": 0, "node": "EU-N128"}, "package_id": "PKG5892", "payload": {"status": "IN_TRANSIT"}, "sent_ts": 1758805893138, "arrival_ts": 1758805893157}
{"action": "recv", "src": "EU-N128", "dst": "SA-N171", "hlc": {"phys": 1758805899652, "cnt": 0, "node": "EU-N128"}, "package_id": "PKG5892", "payload": {"status": "RECEIVED"}, "sent_ts": 1758805893372, "arrival_ts": 1758805893522}
{"action": "recv", "src": "EU-N128", "dst": "SA-N171", "hlc": {"phys": 1758805900007, "cnt": 0, "node": "EU-N128"}, "package_id": "PKG5892", "payload": {"status": "DELIVERED"}, "sent_ts": 1758805893727, "arrival_ts": 1758805893907}
{"action": "recv", "src": "NA-N161", "dst": "SA-N171", "hlc": {"phys": 1758809556426, "cnt": 0, "node": "NA-N161"}, "package_id": "PKG9554", "payload": {"status": "CREATED"}, "sent_ts": 1758809554816, "arrival_ts": 1758809554916}
{"action": "recv", "src": "NA-N161", "dst": "SA-N171", "hlc": {"phys": 1758809556721, "cnt": 0, "node": "NA-N161"}, "package_id": "PKG9554", "payload": {"status": "SENT"}, "sent_ts": 1758809555111, "arrival_ts": 1758809555190}
{"action": "recv", "src": "NA-N161", "dst": "SA-N171", "hlc": {"phys": 1758809557014, "cnt": 0, "node": "NA-N161"}, "package_id": "PKG9554", "payload": {"status": "IN_TRANSIT"}, "sent_ts": 1758809555404, "arrival_ts": 1758809555563}
{"action": "recv", "src": "NA-N161", "dst": "SA-N171", "hlc": {"phys": 1758809557385, "cnt": 0, "node": "NA-N161"}, "package_id": "PKG9554", "payload": {"status": "RECEIVED"}, "sent_ts": 1758809555775, "arrival_ts": 1758809555858}
{"action": "recv", "src": "NA-N161", "dst": "SA-N171", "hlc": {"phys": 1758809557682, "cnt": 0, "node": "NA-N161"}, "package_id": "PKG9554", "payload": {"status": "DELIVERED"}, "sent_ts": 1758809556072, "arrival_ts": 1758809556123}
{"action": "send", "src": "SA-N171", "dst": "AN-N165", "hlc": {"phys": 1758809622332, "cnt": 0, "node": "SA-N171"}, "package_id": "PKG9600", "payload": {"status": "CREATED"}, "sent_ts": 1758809600622, "arrival_ts": 1758809600622}
{"action": "send", "src": "SA-N171", "dst": "AN-N165", "hlc": {"phys": 1758809622689, "cnt": 0, "node": "SA-N171"}, "package_id": "PKG9600", "payload": {"status": "SENT"}, "sent_ts": 1758809600979, "arrival_ts": 1758809600979}
{"action": "send", "src": "SA-N171", "dst": "AN-N165", "hlc": {"phys": 1758809623029, "cnt": 0, "node": "SA-N171"}, "package_id": "PKG9600", "payload": {"status": "IN_TRANSIT"}, "sent_ts": 1758809601319, "arrival_ts": 1758809601319}
{"action": "send", "src": "SA-N171", "dst": "AN-N165", "hlc": {"phys": 1758809623402, "cnt": 0, "node": "SA-N171"}, "package_id": "PKG9600", "payload": {"status": "RECEIVED"}, "sent_ts": 1758809601692, "arrival_ts": 1758809601692}
{"action": "send", "src": "SA-N171", "dst": "AN-N165", "hlc": {"phys": 1758809623649, "cnt": 0, "node": "SA-N171"}, "package_id": "PKG9600", "payload": {"status": "DELIVERED"}, "sent_ts": 1758809601939, "arrival_ts": 1758809601939}
{"action": "recv", "src": "EU-N84", "dst": "SA-N171", "hlc": {"phys": 1758814257134, "cnt": 0, "node": "EU-N84"}, "package_id": "PKG14251", "payload": {"status": "CREATED"}, "sent_ts": 1758814251294, "arrival_ts": 1758814251315}
{"action": "recv", "src": "EU-N84", "dst": "SA-N171", "hlc": {"phys": 1758814257366, "cnt": 0, "node": "EU-N84"}, "package_id": "PKG14251", "payload": {"status": "SENT"}, "sent_ts": 1758814251526, "arrival_ts": 1758814251575}
{"action": "recv", "src": "EU-N84", "dst": "SA-N171", "hlc": {"phys": 1758814257614, "cnt": 0, "node": "EU-N84"}, "package_id": "PKG14251", "payload": {"status": "IN_TRANSIT"}, "sent_ts": 1758814251774, "arrival_ts": 1758814251887}
{"action": "recv", "src": "EU-N84", "dst": "SA-N171", "hlc": {"phys": 1758814257922, "cnt": 0, "node": "EU-N84"}, "package_id": "PKG14251", "payload": {"status": "RECEIVED"}, "sent_ts": 1758814252082, "arrival_ts": 1758814252182}
{"action": "recv", "src": "EU-N84", "dst": "SA-N171", "hlc": {"phys": 1758814258231, "cnt": 0, "node": "EU-N84"}, "package_id": "PKG14251", "payload": {"status": "DELIVERED"}, "sent_ts": 1758814252391, "arrival_ts": 1758814252590}
{"action": "send", "src": "SA-N171", "dst": "AN-N8", "hlc": {"phys": 1758815678525, "cnt": 0, "node": "SA-N171"}, "package_id": "PKG15656", "payload": {"status": "CREATED"}, "sent_ts": 1758815656815, "arrival_ts": 1758815656815}
{"action": "send", "src": "SA-N171", "dst": "AN-N8", "hlc": {"phys": 1758815678775, "cnt": 0, "node": "SA-N171"}, "package_id": "PKG15656", "payload": {"status": "SENT"}, "sent_ts": 1758815657065, "arrival_ts": 1758815657065}
{"action": "send", "src": "SA-N171", "dst": "AN-N8", "hlc": {"phys": 1758815679132, "cnt": 0, "node": "SA-N171"}, "package_id": "PKG15656", "payload": {"status": "IN_TRANSIT"}, "sent_ts": 1758815657422, "arrival_ts": 1758815657422}
{"action": "send", "src": "SA-N171", "dst": "AN-N8", "hlc": {"phys": 1758815679504, "cnt": 0, "node": "SA-N171"}, "package_id": "PKG15656", "payload": {"status": "RECEIVED"}, "sent_ts": 1758815657794, "arrival_ts": 1758815657794}
{"action": "send", "src": "SA-N171", "dst": "AN-N8", "hlc": {"phys": 1758815679779, "cnt": 0, "node": "SA-N171"}, "package_id": "PKG15656", "payload": {"status": "DELIVERED"}, "sent_ts": 1758815658069, "arrival_ts": 1758815658069}
{"action": "recv", "src": "AF-N59", "dst": "SA-N171", "hlc": {"phys": 1758815901960, "cnt": 0, "node": "AF-N59"}, "package_id": "PKG15886", "payload": {"status": "CREATED"}, "sent_ts": 1758815886370, "arrival_ts": 1758815886490}
{"action": "recv", "src": "AF-N59", "dst": "SA-N171", "hlc": {"phys": 1758815902285, "cnt": 0, "node": "AF-N59"}, "package_id": "PKG15886", "payload": {"status": "SENT"}, "sent_ts": 1758815886695, "arrival_ts": 1758815886851}
{"action": "recv", "src": "AF-N59", "dst": "SA-N171", "hlc": {"phys": 1758815902640, "cnt": 0, "node": "AF-N59"}, "package_id": "PKG15886", "payload": {"status": "IN_TRANSIT"}, "sent_ts": 1758815887050, "arrival_ts": 1758815887129}
{"action": "recv", "src": "AF-N59", "dst": "SA-N171", "hlc": {"phys": 1758815902922, "cnt": 0, "node": "AF-N59"}, "package_id": "PKG15886", "payload": {"status": "RECEIVED"}, "sent_ts": 1758815887332, "arrival_ts": 1758815887514}
{"action": "recv", "src": "AF-N59", "dst": "SA-N171", "hlc": {"phys": 1758815903293, "cnt": 0, "node": "AF-N59"}, "package_id": "PKG15886", "payload": {"status": "DELIVERED"}, "sent_ts": 1758815887703, "arrival_ts": 1758815887769}
