{"action": "recv", "src": "AF-N126", "dst": "SA-N169", "hlc": {"phys": 1758713472137, "cnt": 0, "node": "AF-N126"}, "package_id": "PKG13455", "payload": {"status": "CREATED"}, "sent_ts": 1758713455877, "arrival_ts": 1758713456040}
{"action": "recv", "src": "AF-N126", "dst": "SA-N169", "hlc": {"phys": 1758713472502, "cnt": 0, "node": "AF-N126"}, "package_id": "PKG13455", "payload": {"status": "SENT"}, "sent_ts": 1758713456242, "arrival_ts": 1758713456443}
{"action": "recv", "src": "AF-N126", "dst": "SA-N169", "hlc": {"phys": 1758713472921, "cnt": 0, "node": "AF-N126"}, "package_id": "PKG13455", "payload": {"status": "IN_TRANSIT"}, "sent_ts": 1758713456661, "arrival_ts": 1758713456713}
{"action": "recv", "src": "AF-N126", "dst": "SA-N169", "hlc": {"phys": 1758713473174, "cnt": 0, "node": "AF-N126"}, "package_id": "PKG13455", "payload": {"status": "RECEIVED"}, "sent_ts": 1758713456914, "arrival_ts": 1758713457111}
{"action": "recv", "src": "AF-N126", "dst": "SA-N169", "hlc": {"phys": 1758713473567, "cnt": 0, "node": "AF-N126"}, "package_id": "PKG13455", "payload": {"status": "DELIVERED"}, "sent_ts": 1758713457307, "arrival_ts": 1758713457486}
{"action": "recv", "src": "AF-N3", "dst": "SA-N169", "hlc": {"phys": 1758713886894, "cnt": 0, "node": "AF-N3"}, "package_id": "PKG13871", "payload": {"status": "CREATED"}, "sent_ts": 1758713871864, "arrival_ts": 1758713871889}
{"action": "recv", "src": "AF-N3", "dst": "SA-N169", "hlc": {"phys": 1758713887125, "cnt": 0, "node": "AF-N3"}, "package_id": "PKG13871", "payload": {"status": "SENT"}, "sent_ts": 1758713872095, "arrival_ts": 1758713872147}
{"action": "recv", "src": "AF-N3", "dst": "SA-N169", "hlc": {"phys": 1758713887379, "cnt": 0, "node": "AF-N3"}, "package_id": "PKG13871", "payload": {"status": "IN_TRANSIT"}, "sent_ts": 1758713872349, "arrival_ts": 1758713872509}
{"action": "recv", "src": "AF-N3", "dst": "SA-N169", "hlc": {"phys": 1758713887746, "cnt": 0, "node": "AF-N3"}, "package_id": "PKG13871", "payload": {"status": "RECEIVED"}, "sent_ts": 1758713872716, "arrival_ts": 1758713872797}
{"action": "recv", "src": "AF-N3", "dst": "SA-N169", "hlc": {"phys": 1758713888044, "cnt": 0, "node": "AF-N3"}, "package_id": "PKG13871", "payload": {"status": "DELIVERED"}, "sent_ts": 1758713873014, "arrival_ts": 1758713873114}
{"action": "send", "src": "SA-N169", "dst": "AS-N25", "hlc": {"phys": 1758714173371, "cnt": 0, "node": "SA-N169"}, "package_id": "PKG14151", "payload": {"status": "CREATED"}, "sent_ts": 1758714151681, "arrival_ts": 1758714151681}
{"action": "send", "src": "SA-N169", "dst": "AS-N25", "hlc": {"phys": 1758714173672, "cnt": 0, "node": "SA-N169"}, "package_id": "PKG14151", "payload": {"status": "SENT"}, "sent_ts": 1758714151982, "arrival_ts": 1758714151982}
{"action": "send", "src": "SA-N169", "dst": "AS-N25", "hlc": {"phys": 1758714173985, "cnt": 0, "node": "SA-N169"}, "package_id": "PKG14151", "payload": {"status": "IN_TRANSIT"}, "sent_ts": 1758714152295, "arrival_ts": 1758714152295}
{"action": "send", "src": "SA-N169", "dst": "AS-N25", "hlc": {"phys": 1758714174354, "cnt": 0, "node": "SA-N169"}, "package_id": "PKG14151", "payload": {"status": "RECEIVED"}, "sent_ts": 1758714152664, "arrival_ts": 1758714152664}
{"action": "send", "src": "SA-N169", "dst": "AS-N25", "hlc": {"phys": 1758714174687, "cnt": 0, "node": "SA-N169"}, "package_id": "PKG14151", "payload": {"status": "DELIVERED"}, "sent_ts": 1758714152997, "arrival_ts": 1758714152997}
{"action": "send", "src": "SA-N169", "dst": "AU-N133", "hlc": {"phys": 1758740317972, "cnt": 0, "node": "SA-N169"}, "package_id": "PKG40296", "payload": {"status": "CREATED"}, "sent_ts": 1758740296282, "arrival_ts": 1758740296282}
{"action": "send", "src": "SA-N169", "dst": "AU-N133", "hlc": {"phys": 1758740318189, "cnt": 0, "node": "SA-N169"}, "package_id": "PKG40296", "payload": {"status": "SENT"}, "sent_ts": 1758740296499, "arrival_ts": 1758740296499}
{"action": "send", "src": "SA-N169", "dst": "AU-N133", "hlc": {"phys": 1758740318575, "cnt": 0, "node": "SA-N169"}, "package_id": "PKG40296", "payload": {"status": "IN_TRANSIT"}, "sent_ts": 1758740296885, "arrival_ts": 1758740296885}
{"action": "send", "src": "SA-N169", "dst": "AU-N133", "hlc": {"phys": 1758740318807, "cnt": 0, "node": "SA-N169"}, "package_id": "PKG40296", "payload": {"status": "RECEIVED"}, "sent_ts": 1758740297117, "arrival_ts": 1758740297117}
{"action": "send", "src": "SA-N169", "dst": "AU-N133", "hlc": {"phys": 1758740319149, "cnt": 0, "node": "SA-N169"}, "package_id": "PKG40296", "payload": {"status": "DELIVERED"}, "sent_ts": 1758740297459, "arrival_ts": 1758740297459}
{"action": "recv", "src": "AN-N190", "dst": "SA-N169", "hlc": {"phys": 1758740689800, "cnt": 0, "node": "AN-N190"}, "package_id": "PKG40657", "payload": {"status": "CREATED"}, "sent_ts": 1758740657900, "arrival_ts": 1758740658101}
{"action": "recv", "src": "AN-N190", "dst": "SA-N169", "hlc": {"phys": 1758740690203, "cnt": 0, "node": "AN-N190"}, "package_id": "PKG40657", "payload": {"status": "SENT"}, "sent_ts": 1758740658303, "arrival_ts": 1758740658390}
{"action": "recv", "src": "AN-N190", "dst": "SA-N169", "hlc": {"phys": 1758740690499, "cnt": 0, "node": "AN-N190"}, "package_id": "PKG40657", "payload": {"status": "IN_TRANSIT"}, "sent_ts": 1758740658599, "arrival_ts": 1758740658633}
{"action": "recv", "src": "AN-N190", "dst": "SA-N169", "hlc": {"phys": 1758740690732, "cnt": 0, "node": "AN-N190"}, "package_id": "PKG40657", "payload": {"status": "RECEIVED"}, "sent_ts": 1758740658832, "arrival_ts": 1758740659023}
{"action": "recv", "src": "AN-N190", "dst": "SA-N169", "hlc": {"phys": 1758740691120, "cnt": 0, "node": "AN-N190"}, "package_id": "PKG40657", "payload": {"status": "DELIVERED"}, "sent_ts": 1758740659220, "arrival_ts": 1758740659283}
{"action": "recv", "src": "NA-N5", "dst": "SA-N169", "hlc": {"phys": 1758742170087, "cnt": 0, "node": "NA-N5"}, "package_id": "PKG42170", "payload": {"status": "CREATED"}, "sent_ts": 1758742170037, "arrival_ts": 1758742170197}
{"action": "recv", "src": "NA-N5", "dst": "SA-N169", "hlc": {"phys": 1758742170444, "cnt": 0, "node": "NA-N5"}, "package_id": "PKG42170", "payload": {"status": "SENT"}, "sent_ts": 1758742170394, "arrival_ts": 1758742170591}
{"action": "recv", "src": "NA-N5", "dst": "SA-N169", "hlc": {"phys": 1758742170844, "cnt": 0, "node": "NA-N5"}, "package_id": "PKG42170", "payload": {"status": "IN_TRANSIT"}, "sent_ts": 1758742170794, "arrival_ts": 1758742170996}
{"action": "recv", "src": "NA-N5", "dst": "SA-N169", "hlc": {"phys": 1758742171248, "cnt": 0, "node": "NA-N5"}, "package_id": "PKG42170", "payload": {"status": "RECEIVED"}, "sent_ts": 1758742171198, "arrival_ts": 1758742171218}
{"action": "recv", "src": "NA-N5", "dst": "SA-N169", "hlc": {"phys": 1758742171465, "cnt": 0, "node": "NA-N5"}, "package_id": "PKG42170", "payload": {"status": "DELIVERED"}, "sent_ts": 1758742171415, "arrival_ts": 1758742171448}
{"action": "recv", "src": "AN-N45", "dst": "SA-N169", "hlc": {"phys": 1758743284360, "cnt": 0, "node": "AN-N45"}, "package_id": "PKG43253", "payload": {"status": "CREATED"}, "sent_ts": 1758743253910, "arrival_ts": 1758743254020}
{"action": "recv", "src": "AN-N45", "dst": "SA-N169", "hlc": {"phys": 1758743284670, "cnt": 0, "node": "AN-N45"}, "package_id": "PKG43253", "payload": {"status": "SENT"}, "sent_ts": 1758743254220, "arrival_ts": 1758743254419}
{"action": "recv", "src": "AN-N45", "dst": "SA-N169", "hlc": {"phys": 1758743285076, "cnt": 0, "node": "AN-N45"}, "package_id": "PKG43253", "payload": {"status": "IN_TRANSIT"}, "sent_ts": 1758743254626, "arrival_ts": 1758743254800}
{"action": "recv", "src": "AN-N45", "dst": "SA-N169", "hlc": {"phys": 1758743285462, "cnt": 0, "node": "AN-N45"}, "package_id": "PKG43253", "payload": {"status": "RECEIVED"}, "sent_ts": 1758743255012, "arrival_ts": 1758743255159}
{"action": "recv", "src": "AN-N45", "dst": "SA-N169", "hlc": {"phys": 1758743285822, "cnt": 0, "node": "AN-N45"}, "package_id": "PKG43253", "payload": {"status": "DELIVERED"}, "sent_ts": 1758743255372, "arrival_ts": 1758743255541}
{"action": "recv", "src": "AF-N104", "dst": "SA-N169", "hlc": {"phys": 1758745078174, "cnt": 0, "node": "AF-N104"}, "package_id": "PKG45062", "payload": {"status": "CREATED"}, "sent_ts": 1758745062134, "arrival_ts": 1758745062227}
{"action": "recv", "src": "AF-N104", "dst": "SA-N169", "hlc": {"phys": 1758745078482, "cnt": 0, "node": "AF-N104"}, "package_id": "PKG45062", "payload": {"status": "SENT"}, "sent_ts": 1758745062442, "arrival_ts": 1758745062628}
{"action": "recv", "src": "AF-N104", "dst": "SA-N169", "hlc": {"phys": 1758745078870, "cnt": 0, "node": "AF-N104"}, "package_id": "PKG45062", "payload": {"status": "IN_TRANSIT"}, "sent_ts": 1758745062830, "arrival_ts": 1758745062853}
{"action": "recv", "src": "AF-N104", "dst": "SA-N169", "hlc": {"phys": 1758745079084, "cnt": 0, "node": "AF-N104"}, "package_id": "PKG45062", "payload": {"status": "RECEIVED"}, "sent_ts": 1758745063044, "arrival_ts": 1758745063111}
{"action": "recv", "src": "AF-N104", "dst": "SA-N169", "hlc": {"phys": 1758745079363, "cnt": 0, "node": "AF-N104"}, "package_id": "PKG45062", "payload": {"status": "DELIVERED"}, "sent_ts": 1758745063323, "arrival_ts": 1758745063340}
{"action": "send", "src": "SA-N169", "dst": "SA-N151", "hlc": {"phys": 1758748506072, "cnt": 0, "node": "SA-N169"}, "package_id": "PKG48484", "payload": {"status": "CREATED"}, "sent_ts": 1758748484382, "arrival_ts": 1758748484382}
{"action": "send", "src": "SA-N169", "dst": "SA-N151", "hlc": {"phys": 1758748506446, "cnt": 0, "node": "SA-N169"}, "package_id": "PKG48484", "payload": {"status": "SENT"}, "sent_ts": 1758748484756, "arrival_ts": 1758748484756}
{"action": "send", "src": "SA-N169", "dst": "SA-N151", "hlc": {"phys": 1758748506720, "cnt": 0, "node": "SA-N169"}, "package_id": "PKG48484", "payload": {"status": "IN_TRANSIT"}, "sent_ts": 1758748485030, "arrival_ts": 1758748485030}
{"action": "send", "src": "SA-N169", "dst": "SA-N151", "hlc": {"phys": 1758748507099, "cnt": 0, "node": "SA-N169"}, "package_id": "PKG48484", "payload": {"status": "RECEIVED"}, "sent_ts": 1758748485409, "arrival_ts": 1758748485409}
{"action": "send", "src": "SA-N169", "dst": "SA-N151", "hlc": {"phys": 1758748507414, "cnt": 0, "node": "SA-N169"}, "package_id": "PKG48484", "payload": {"status": "DELIVERED"}, "sent_ts": 1758748485724, "arrival_ts": 1758748485724}
{"action": "recv", "src": "AF-N151", "dst": "SA-N169", "hlc": {"phys": 1758749065383, "cnt": 0, "node": "AF-N151"}, "package_id": "PKG49048", "payload": {"status": "CREATED"}, "sent_ts": 1758749048873, "arrival_ts": 1758749049045}
{"action": "recv", "src": "AF-N151", "dst": "SA-N169", "hlc": {"phys": 1758749065768, "cnt": 0, "node": "AF-N151"}, "package_id": "PKG49048", "payload": {"status": "SENT"}, "sent_ts": 1758749049258, "arrival_ts": 1758749049390}
{"action": "recv", "src": "AF-N151", "dst": "SA-N169", "hlc": {"phys": 1758749066112, "cnt": 0, "node": "AF-N151"}, "package_id": "PKG49048", "payload": {"status": "IN_TRANSIT"}, "sent_ts": 1758749049602, "arrival_ts": 1758749049716}
{"action": "recv", "src": "AF-N151", "dst": "SA-N169", "hlc": {"phys": 1758749066439, "cnt": 0, "node": "AF-N151"}, "package_id": "PKG49048", "payload": {"status": "RECEIVED"}, "sent_ts": 1758749049929, "arrival_ts": 1758749050074}
{"action": "recv", "src": "AF-N151", "dst": "SA-N169", "hlc": {"phys": 1758749066781, "cnt": 0, "node": "AF-N151"}, "package_id": "PKG49048", "payload": {"status": "DELIVERED"}, "sent_ts": 1758749050271, "arrival_ts": 1758749050435}
{"action": "recv", "src": "AU-N47", "dst": "SA-N169", "hlc": {"phys": 1758753913490, "cnt": 0, "node": "AU-N47"}, "package_id": "PKG53888", "payload": {"status": "CREATED"}, "sent_ts": 1758753888020, "arrival_ts": 1758753888149}
{"action": "recv", "src": "AU-N47", "dst": "SA-N169", "hlc": {"phys": 1758753913831, "cnt": 0, "node": "AU-N47"}, "package_id": "PKG53888", "payload": {"status": "SENT"}, "sent_ts": 1758753888361, "arrival_ts": 1758753888513}
{"action": "recv", "src": "AU-N47", "dst": "SA-N169", "hlc": {"phys": 1758753914194, "cnt": 0, "node": "AU-N47"}, "package_id": "PKG53888", "payload": {"status": "IN_TRANSIT"}, "sent_ts": 1758753888724, "arrival_ts": 1758753888840}
{"action": "recv", "src": "AU-N47", "dst": "SA-N169", "hlc": {"phys": 1758753914519, "cnt": 0, "node": "AU-N47"}, "package_id": "PKG53888", "payload": {"status": "RECEIVED"}, "sent_ts": 1758753889049, "arrival_ts": 1758753889239}
{"action": "recv", "src": "AU-N47", "dst": "SA-N169", "hlc": {"phys": 1758753914924, "cnt": 0, "node": "AU-N47"}, "package_id": "PKG53888", "payload": {"status": "DELIVERED"}, "sent_ts": 1758753889454, "arrival_ts": 1758753889564}
{"action": "recv", "src": "AN-N162", "dst": "SA-N169", "hlc": {"phys": 1758755679125, "cnt": 0, "node": "AN-N162"}, "package_id": "PKG55647", "payload": {"status": "CREATED"}, "sent_ts": 1758755647505, "arrival_ts": 1758755647631}
{"action": "recv", "src": "AN-N162", "dst": "SA-N169", "hlc": {"phys": 1758755679474, "cnt": 0, "node": "AN-N162"}, "package_id": "PKG55647", "payload": {"status": "SENT"}, "sent_ts": 1758755647854, "arrival_ts": 1758755648023}
{"action": "recv", "src": "AN-N162", "dst": "SA-N169", "hlc": {"phys": 1758755679862, "cnt": 0, "node": "AN-N162"}, "package_id": "PKG55647", "payload": {"status": "IN_TRANSIT"}, "sent_ts": 1758755648242, "arrival_ts": 1758755648269}
{"action": "recv", "src": "AN-N162", "dst": "SA-N169", "hlc": {"phys": 1758755680103, "cnt": 0, "node": "AN-N162"}, "package_id": "PKG55647", "payload": {"status": "RECEIVED"}, "sent_ts": 1758755648483, "arrival_ts": 1758755648565}
{"action": "recv", "src": "AN-N162", "dst": "SA-N169", "hlc": {"phys": 1758755680401, "cnt": 0, "node": "AN-N162"}, "package_id": "PKG55647", "payload": {"status": "DELIVERED"}, "sent_ts": 1758755648781, "arrival_ts": 1758755648914}
{"action": "recv", "src": "AS-N114", "dst": "SA-N169", "hlc": {"phys": 1758756936044, "cnt": 0, "node": "AS-N114"}, "package_id": "PKG56924", "payload": {"status": "CREATED"}, "sent_ts": 1758756924904, "arrival_ts": 1758756924984}
{"action": "recv", "src": "AS-N114", "dst": "SA-N169", "hlc": {"phys": 1758756936327, "cnt": 0, "node": "AS-N114"}, "package_id": "PKG56924", "payload": {"status": "SENT"}, "sent_ts": 1758756925187, "arrival_ts": 1758756925330}
{"action": "recv", "src": "AS-N114", "dst": "SA-N169", "hlc": {"phys": 1758756936681, "cnt": 0, "node": "AS-N114"}, "package_id": "PKG56924", "payload": {"status": "IN_TRANSIT"}, "sent_ts": 1758756925541, "arrival_ts": 1758756925590}
{"action": "recv", "src": "AS-N114", "dst": "SA-N169", "hlc": {"phys": 1758756936931, "cnt": 0, "node": "AS-N114"}, "package_id": "PKG56924", "payload": {"status": "RECEIVED"}, "sent_ts": 1758756925791, "arrival_ts": 1758756925945}
{"action": "recv", "src": "AS-N114", "dst": "SA-N169", "hlc": {"phys": 1758756937291, "cnt": 0, "node": "AS-N114"}, "package_id": "PKG56924", "payload": {"status": "DELIVERED"}, "sent_ts": 1758756926151, "arrival_ts": 1758756926330}
{"action": "recv", "src": "EU-N21", "dst": "SA-N169", "hlc": {"phys": 1758760386308, "cnt": 0, "node": "EU-N21"}, "package_id": "PKG60381", "payload": {"status": "CREATED"}, "sent_ts": 1758760381098, "arrival_ts": 1758760381253}
{"action": "recv", "src": "EU-N21", "dst": "SA-N169", "hlc": {"phys": 1758760386676, "cnt": 0, "node": "EU-N21"}, "package_id": "PKG60381", "payload": {"status": "SENT"}, "sent_ts": 1758760381466, "arrival_ts": 1758760381614}
{"action": "recv", "src": "EU-N21", "dst": "SA-N169", "hlc": {"phys": 1758760387035, "cnt": 0, "node": "EU-N21"}, "package_id": "PKG60381", "payload": {"status": "IN_TRANSIT"}, "sent_ts": 1758760381825, "arrival_ts": 1758760381925}
{"action": "recv", "src": "EU-N21", "dst": "SA-N169", "hlc": {"phys": 1758760387347, "cnt": 0, "node": "EU-N21"}, "package_id": "PKG60381", "payload": {"status": "RECEIVED"}, "sent_ts": 1758760382137, "arrival_ts": 1758760382249}
{"action": "recv", "src": "EU-N21", "dst": "SA-N169", "hlc": {"phys": 1758760387668, "cnt": 0, "node": "EU-N21"}, "package_id": "PKG60381", "payload": {"status": "DELIVERED"}, "sent_ts": 1758760382458, "arrival_ts": 1758760382581}
{"action": "recv", "src": "AU-N163", "dst": "SA-N169", "hlc": {"phys": 1758760961502, "cnt": 0, "node": "AU-N163"}, "package_id": "PKG60934", "payload": {"status": "CREATED"}, "sent_ts": 1758760934872, "arrival_ts": 1758760935063}
{"action": "recv", "src": "AU-N163", "dst": "SA-N169", "hlc": {"phys": 1758760961904, "cnt": 0, "node": "AU-N163"}, "package_id": "PKG60934", "payload": {"status": "SENT"}, "sent_ts": 1758760935274, "arrival_ts": 1758760935342}
{"action": "recv", "src": "AU-N163", "dst": "SA-N169", "hlc": {"phys": 1758760962166, "cnt": 0, "node": "AU-N163"}, "package_id": "PKG60934", "payload": {"status": "IN_TRANSIT"}, "sent_ts": 1758760935536, "arrival_ts": 1758760935607}
{"action": "recv", "src": "AU-N163", "dst": "SA-N169", "hlc": {"phys": 1758760962455, "cnt": 0, "node": "AU-N163"}, "package_id": "PKG60934", "payload": {"status": "RECEIVED"}, "sent_ts": 1758760935825, "arrival_ts": 1758760935841}
{"action": "recv", "src": "AU-N163", "dst": "SA-N169", "hlc": {"phys": 1758760962658, "cnt": 0, "node": "AU-N163"}, "package_id": "PKG60934", "payload": {"status": "DELIVERED"}, "sent_ts": 1758760936028, "arrival_ts": 1758760936092}
{"action": "send", "src": "SA-N169", "dst": "AS-N50", "hlc": {"phys": 1758763260411, "cnt": 0, "node": "SA-N169"}, "package_id": "PKG63238", "payload": {"status": "CREATED"}, "sent_ts": 1758763238721, "arrival_ts": 1758763238721}
{"action": "send", "src": "SA-N169", "dst": "AS-N50", "hlc": {"phys": 1758763260632, "cnt": 0, "node": "SA-N169"}, "package_id": "PKG63238", "payload": {"status": "SENT"}, "sent_ts": 1758763238942, "arrival_ts": 1758763238942}
{"action": "send", "src": "SA-N169", "dst": "AS-N50", "hlc": {"phys": 1758763260930, "cnt": 0, "node": "SA-N169"}, "package_id": "PKG63238", "payload": {"status": "IN_TRANSIT"}, "sent_ts": 1758763239240, "arrival_ts": 1758763239240}
{"action": "send", "src": "SA-N169", "dst": "AS-N50", "hlc": {"phys": 1758763261227, "cnt": 0, "node": "SA-N169"}, "package_id": "PKG63238", "payload": {"status": "RECEIVED"}, "sent_ts": 1758763239537, "arrival_ts": 1758763239537}
{"action": "send", "src": "SA-N169", "dst": "AS-N50", "hlc": {"phys": 1758763261493, "cnt": 0, "node": "SA-N169"}, "package_id": "PKG63238", "payload": {"status": "DELIVERED"}, "sent_ts": 1758763239803, "arrival_ts": 1758763239803}
{"action": "recv", "src": "AN-N55", "dst": "SA-N169", "hlc": {"phys": 1758763438762, "cnt": 0, "node": "AN-N55"}, "package_id": "PKG63408", "payload": {"status": "CREATED"}, "sent_ts": 1758763408212, "arrival_ts": 1758763408317}
{"action": "recv", "src": "AN-N55", "dst": "SA-N169", "hlc": {"phys": 1758763439069, "cnt": 0, "node": "AN-N55"}, "package_id": "PKG63408", "payload": {"status": "SENT"}, "sent_ts": 1758763408519, "arrival_ts": 1758763408643}
{"action": "recv", "src": "AN-N55", "dst": "SA-N169", "hlc": {"phys": 1758763439407, "cnt": 0, "node": "AN-N55"}, "package_id": "PKG63408", "payload": {"status": "IN_TRANSIT"}, "sent_ts": 1758763408857, "arrival_ts": 1758763408871}
{"action": "recv", "src": "AN-N55", "dst": "SA-N169", "hlc": {"phys": 1758763439618, "cnt": 0, "node": "AN-N55"}, "package_id": "PKG63408", "payload": {"status": "RECEIVED"}, "sent_ts": 1758763409068, "arrival_ts": 1758763409136}
{"action": "recv", "src": "AN-N55", "dst": "SA-N169", "hlc": {"phys": 1758763439880, "cnt": 0, "node": "AN-N55"}, "package_id": "PKG63408", "payload": {"status": "DELIVERED"}, "sent_ts": 1758763409330, "arrival_ts": 1758763409385}
{"action": "recv", "src": "AN-N80", "dst": "SA-N169", "hlc": {"phys": 1758763739781, "cnt": 0, "node": "AN-N80"}, "package_id": "PKG63708", "payload": {"status": "CREATED"}, "sent_ts": 1758763708981, "arrival_ts": 1758763709152}
{"action": "recv", "src": "AN-N80", "dst": "SA-N169", "hlc": {"phys": 1758763740155, "cnt": 0, "node": "AN-N80"}, "package_id": "PKG63708", "payload": {"status": "SENT"}, "sent_ts": 1758763709355, "arrival_ts": 1758763709514}
{"action": "recv", "src": "AN-N80", "dst": "SA-N169", "hlc": {"phys": 1758763740527, "cnt": 0, "node": "AN-N80"}, "package_id": "PKG63708", "payload": {"status": "IN_TRANSIT"}, "sent_ts": 1758763709727, "arrival_ts": 1758763709808}
{"action": "recv", "src": "AN-N80", "dst": "SA-N169", "hlc": {"phys": 1758763740806, "cnt": 0, "node": "AN-N80"}, "package_id": "PKG63708", "payload": {"status": "RECEIVED"}, "sent_ts": 1758763710006, "arrival_ts": 1758763710078}
{"action": "recv", "src": "AN-N80", "dst": "SA-N169", "hlc": {"phys": 1758763741088, "cnt": 0, "node": "AN-N80"}, "package_id": "PKG63708", "payload": {"status": "DELIVERED"}, "sent_ts": 1758763710288, "arrival_ts": 1758763710399}
{"action": "recv", "src": "EU-N139", "dst": "SA-N169", "hlc": {"phys": 1758810116749, "cnt": 0, "node": "EU-N139"}, "package_id": "PKG10110", "payload": {"status": "CREATED"}, "sent_ts": 1758810110359, "arrival_ts": 1758810110487}
{"action": "recv", "src": "EU-N139", "dst": "SA-N169", "hlc": {"phys": 1758810117091, "cnt": 0, "node": "EU-N139"}, "package_id": "PKG10110", "payload": {"status": "SENT"}, "sent_ts": 1758810110701, "arrival_ts": 1758810110898}
{"action": "recv", "src": "EU-N139", "dst": "SA-N169", "hlc": {"phys": 1758810117491, "cnt": 0, "node": "EU-N139"}, "package_id": "PKG10110", "payload": {"status": "IN_TRANSIT"}, "sent_ts": 1758810111101, "arrival_ts": 1758810111131}
{"action": "recv", "src": "EU-N139", "dst": "SA-N169", "hlc": {"phys": 1758810117726, "cnt": 0, "node": "EU-N139"}, "package_id": "PKG10110", "payload": {"status": "RECEIVED"}, "sent_ts": 1758810111336, "arrival_ts": 1758810111386}
{"action": "recv", "src": "EU-N139", "dst": "SA-N169", "hlc": {"phys": 1758810117975, "cnt": 0, "node": "EU-N139"}, "package_id": "PKG10110", "payload": {"status": "DELIVERED"}, "sent_ts": 1758810111585, "arrival_ts": 1758810111697}
{"action": "send", "src": "SA-N169", "dst": "AN-N134", "hlc": {"phys": 1758812799988, "cnt": 0, "node": "SA-N169"}, "package_id": "PKG12778", "payload": {"status": "CREATED"}, "sent_ts": 1758812778298, "arrival_ts": 1758812778298}
{"action": "send", "src": "SA-N169", "dst": "AN-N134", "hlc": {"phys": 1758812800397, "cnt": 0, "node": "SA-N169"}, "package_id": "PKG12778", "payload": {"status": "SENT"}, "sent_ts": 1758812778707, "arrival_ts": 1758812778707}
{"action": "send", "src": "SA-N169", "dst": "AN-N134", "hlc": {"phys": 1758812800647, "cnt": 0, "node": "SA-N169"}, "package_id": "PKG12778", "payload": {"status": "IN_TRANSIT"}, "sent_ts": 1758812778957, "arrival_ts": 1758812778957}
{"action": "send", "src": "SA-N169", "dst": "AN-N134", "hlc": {"phys": 1758812800957, "cnt": 0, "node": "SA-N169"}, "package_id": "PKG12778", "payload": {"status": "RECEIVED"}, "sent_ts": 1758812779267, "arrival_ts": 1758812779267}
{"action": "send", "src": "SA-N169", "dst": "AN-N134", "hlc": {"phys": 1758812801222, "cnt": 0, "node": "SA-N169"}, "package_id": "PKG12778", "payload": {"status": "DELIVERED"}, "sent_ts": 1758812779532, "arrival_ts": 1758812779532}
{"action": "recv", "src": "NA-N13", "dst": "SA-N169", "hlc": {"phys": 1758813793812, "cnt": 0, "node": "NA-N13"}, "package_id": "PKG13793", "payload": {"status": "CREATED"}, "sent_ts": 1758813793682, "arrival_ts": 1758813793876}
{"action": "recv", "src": "NA-N13", "dst": "SA-N169", "hlc": {"phys": 1758813794215, "cnt": 0, "node": "NA-N13"}, "package_id": "PKG13793", "payload": {"status": "SENT"}, "sent_ts": 1758813794085, "arrival_ts": 1758813794283}
{"action": "recv", "src": "NA-N13", "dst": "SA-N169", "hlc": {"phys": 1758813794620, "cnt": 0, "node": "NA-N13"}, "package_id": "PKG13793", "payload": {"status": "IN_TRANSIT"}, "sent_ts": 1758813794490, "arrival_ts": 1758813794570}
{"action": "recv", "src": "NA-N13", "dst": "SA-N169", "hlc": {"phys": 1758813794913, "cnt": 0, "node": "NA-N13"}, "package_id": "PKG13793", "payload": {"status": "RECEIVED"}, "sent_ts": 1758813794783, "arrival_ts": 1758813794867}
{"action": "recv", "src": "NA-N13", "dst": "SA-N169", "hlc": {"phys": 1758813795195, "cnt": 0, "node": "NA-N13"}, "package_id": "PKG13793", "payload": {"status": "DELIVERED"}, "sent_ts": 1758813795065, "arrival_ts": 1758813795105}
{"action": "recv", "src": "NA-N195", "dst": "SA-N169", "hlc": {"phys": 1758814315217, "cnt": 0, "node": "NA-N195"}, "package_id": "PKG14313", "payload": {"status": "CREATED"}, "sent_ts": 1758814313267, "arrival_ts": 1758814313454}
{"action": "recv", "src": "NA-N195", "dst": "SA-N169", "hlc": {"phys": 1758814315610, "cnt": 0, "node": "NA-N195"}, "package_id": "PKG14313", "payload": {"status": "SENT"}, "sent_ts": 1758814313660, "arrival_ts": 1758814313778}
{"action": "recv", "src": "NA-N195", "dst": "SA-N169", "hlc": {"phys": 1758814315921, "cnt": 0, "node": "NA-N195"}, "package_id": "PKG14313", "payload": {"status": "IN_TRANSIT"}, "sent_ts": 1758814313971, "arrival_ts": 1758814314112}
{"action": "recv", "src": "NA-N195", "dst": "SA-N169", "hlc": {"phys": 1758814316266, "cnt": 0, "node": "NA-N195"}, "package_id": "PKG14313", "payload": {"status": "RECEIVED"}, "sent_ts": 1758814314316, "arrival_ts": 1758814314415}
{"action": "recv", "src": "NA-N195", "dst": "SA-N169", "hlc": {"phys": 1758814316561, "cnt": 0, "node": "NA-N195"}, "package_id": "PKG14313", "payload": {"status": "DELIVERED"}, "sent_ts": 1758814314611, "arrival_ts": 1758814314685}
{"action": "send", "src": "SA-N169", "dst": "EU-N175", "hlc": {"phys": 1758814965331, "cnt": 0, "node": "SA-N169"}, "package_id": "PKG14943", "payload": {"status": "CREATED"}, "sent_ts": 1758814943641, "arrival_ts": 1758814943641}
{"action": "send", "src": "SA-N169", "dst": "EU-N175", "hlc": {"phys": 1758814965564, "cnt": 0, "node": "SA-N169"}, "package_id": "PKG14943", "payload": {"status": "SENT"}, "sent_ts": 1758814943874, "arrival_ts": 1758814943874}
{"action": "send", "src": "SA-N169", "dst": "EU-N175", "hlc": {"phys": 1758814965798, "cnt": 0, "node": "SA-N169"}, "package_id": "PKG14943", "payload": {"status": "IN_TRANSIT"}, "sent_ts": 1758814944108, "arrival_ts": 1758814944108}
{"action": "send", "src": "SA-N169", "dst": "EU-N175", "hlc": {"phys": 1758814966109, "cnt": 0, "node": "SA-N169"}, "package_id": "PKG14943", "payload": {"status": "RECEIVED"}, "sent_ts": 1758814944419, "arrival_ts": 1758814944419}
{"action": "send", "src": "SA-N169", "dst": "EU-N175", "hlc": {"phys": 1758814966342, "cnt": 0, "node": "SA-N169"}, "package_id": "PKG14943", "payload": {"status": "DELIVERED"}, "sent_ts": 1758814944652, "arrival_ts": 1758814944652}
{"action": "send", "src": "SA-N169", "dst": "SA-N62", "hlc": {"phys": 1758816898361, "cnt": 0, "node": "SA-N169"}, "package_id": "PKG16876", "payload": {"status": "CREATED"}, "sent_ts": 1758816876671, "arrival_ts": 1758816876671}
{"action": "send", "src": "SA-N169", "dst": "SA-N62", "hlc": {"phys": 1758816898640, "cnt": 0, "node": "SA-N169"}, "package_id": "PKG16876", "payload": {"status": "SENT"}, "sent_ts": 1758816876950, "arrival_ts": 1758816876950}
{"action": "send", "src": "SA-N169", "dst": "SA-N62", "hlc": {"phys": 1758816898996, "cnt": 0, "node": "SA-N169"}, "package_id": "PKG16876", "payload": {"status": "IN_TRANSIT"}, "sent_ts": 1758816877306, "arrival_ts": 1758816877306}
{"action": "send", "src": "SA-N169", "dst": "SA-N62", "hlc": {"phys": 1758816899366, "cnt": 0, "node": "SA-N169"}, "package_id": "PKG16876", "payload": {"status": "RECEIVED"}, "sent_ts": 1758816877676, "arrival_ts": 1758816877676}
{"action": "send", "src": "SA-N169", "dst": "SA-N62", "hlc": {"phys": 1758816899708, "cnt": 0, "node": "SA-N169"}, "package_id": "PKG16876", "payload": {"status": "DELIVERED"}, "sent_ts": 1758816878018, "arrival_ts": 1758816878018}
