{"action": "recv", "src": "NA-N13", "dst": "SA-N135", "hlc": {"phys": 1758713324568, "cnt": 0, "node": "NA-N13"}, "package_id": "PKG13324", "payload": {"status": "CREATED"}, "sent_ts": 1758713324438, "arrival_ts": 1758713324558}
{"action": "recv", "src": "NA-N13", "dst": "SA-N135", "hlc": {"phys": 1758713324891, "cnt": 0, "node": "NA-N13"}, "package_id": "PKG13324", "payload": {"status": "SENT"}, "sent_ts": 1758713324761, "arrival_ts": 1758713324807}
{"action": "recv", "src": "NA-N13", "dst": "SA-N135", "hlc": {"phys": 1758713325136, "cnt": 0, "node": "NA-N13"}, "package_id": "PKG13324", "payload": {"status": "IN_TRANSIT"}, "sent_ts": 1758713325006, "arrival_ts": 1758713325076}
{"action": "recv", "src": "NA-N13", "dst": "SA-N135", "hlc": {"phys": 1758713325410, "cnt": 0, "node": "NA-N13"}, "package_id": "PKG13324", "payload": {"status": "RECEIVED"}, "sent_ts": 1758713325280, "arrival_ts": 1758713325463}
{"action": "recv", "src": "NA-N13", "dst": "SA-N135", "hlc": {"phys": 1758713325799, "cnt": 0, "node": "NA-N13"}, "package_id": "PKG13324", "payload": {"status": "DELIVERED"}, "sent_ts": 1758713325669, "arrival_ts": 1758713325855}
{"action": "send", "src": "SA-N135", "dst": "NA-N61", "hlc": {"phys": 1758716981694, "cnt": 0, "node": "SA-N135"}, "package_id": "PKG16960", "payload": {"status": "CREATED"}, "sent_ts": 1758716960344, "arrival_ts": 1758716960344}
{"action": "send", "src": "SA-N135", "dst": "NA-N61", "hlc": {"phys": 1758716981958, "cnt": 0, "node": "SA-N135"}, "package_id": "PKG16960", "payload": {"status": "SENT"}, "sent_ts": 1758716960608, "arrival_ts": 1758716960608}
{"action": "send", "src": "SA-N135", "dst": "NA-N61", "hlc": {"phys": 1758716982352, "cnt": 0, "node": "SA-N135"}, "package_id": "PKG16960", "payload": {"status": "IN_TRANSIT"}, "sent_ts": 1758716961002, "arrival_ts": 1758716961002}
{"action": "send", "src": "SA-N135", "dst": "NA-N61", "hlc": {"phys": 1758716982718, "cnt": 0, "node": "SA-N135"}, "package_id": "PKG16960", "payload": {"status": "RECEIVED"}, "sent_ts": 1758716961368, "arrival_ts": 1758716961368}
{"action": "send", "src": "SA-N135", "dst": "NA-N61", "hlc": {"phys": 1758716982979, "cnt": 0, "node": "SA-N135"}, "package_id": "PKG16960", "payload": {"status": "DELIVERED"}, "sent_ts": 1758716961629, "arrival_ts": 1758716961629}
{"action": "recv", "src": "AS-N108", "dst": "SA-N135", "hlc": {"phys": 1758719078535, "cnt": 0, "node": "AS-N108"}, "package_id": "PKG19067", "payload": {"status": "CREATED"}, "sent_ts": 1758719067455, "arrival_ts": 1758719067601}
{"action": "recv", "src": "AS-N108", "dst": "SA-N135", "hlc": {"phys": 1758719078888, "cnt": 0, "node": "AS-N108"}, "package_id": "PKG19067", "payload": {"status": "SENT"}, "sent_ts": 1758719067808, "arrival_ts": 1758719067839}
{"action": "recv", "src": "AS-N108", "dst": "SA-N135", "hlc": {"phys": 1758719079118, "cnt": 0, "node": "AS-N108"}, "package_id": "PKG19067", "payload": {"status": "IN_TRANSIT"}, "sent_ts": 1758719068038, "arrival_ts": 1758719068062}
{"action": "recv", "src": "AS-N108", "dst": "SA-N135", "hlc": {"phys": 1758719079350, "cnt": 0, "node": "AS-N108"}, "package_id": "PKG19067", "payload": {"status": "RECEIVED"}, "sent_ts": 1758719068270, "arrival_ts": 1758719068422}
{"action": "recv", "src": "AS-N108", "dst": "SA-N135", "hlc": {"phys": 1758719079726, "cnt": 0, "node": "AS-N108"}, "package_id": "PKG19067", "payload": {"status": "DELIVERED"}, "sent_ts": 1758719068646, "arrival_ts": 1758719068677}
{"action": "send", "src": "SA-N135", "dst": "NA-N99", "hlc": {"phys": 1758738175228, "cnt": 0, "node": "SA-N135"}, "package_id": "PKG38153", "payload": {"status": "CREATED"}, "sent_ts": 1758738153878, "arrival_ts": 1758738153878}
{"action": "send", "src": "SA-N135", "dst": "NA-N99", "hlc": {"phys": 1758738175566, "cnt": 0, "node": "SA-N135"}, "package_id": "PKG38153", "payload": {"status": "SENT"}, "sent_ts": 1758738154216, "arrival_ts": 1758738154216}
{"action": "send", "src": "SA-N135", "dst": "NA-N99", "hlc": {"phys": 1758738175913, "cnt": 0, "node": "SA-N135"}, "package_id": "PKG38153", "payload": {"status": "IN_TRANSIT"}, "sent_ts": 1758738154563, "arrival_ts": 1758738154563}
{"action": "send", "src": "SA-N135", "dst": "NA-N99", "hlc": {"phys": 1758738176324, "cnt": 0, "node": "SA-N135"}, "package_id": "PKG38153", "payload": {"status": "RECEIVED"}, "sent_ts": 1758738154974, "arrival_ts": 1758738154974}
{"action": "send", "src": "SA-N135", "dst": "NA-N99", "hlc": {"phys": 1758738176577, "cnt": 0, "node": "SA-N135"}, "package_id": "PKG38153", "payload": {"status": "DELIVERED"}, "sent_ts": 1758738155227, "arrival_ts": 1758738155227}
{"action": "recv", "src": "SA-N27", "dst": "SA-N135", "hlc": {"phys": 1758739321917, "cnt": 0, "node": "SA-N27"}, "package_id": "PKG39301", "payload": {"status": "CREATED"}, "sent_ts": 1758739301647, "arrival_ts": 1758739301664}
{"action": "recv", "src": "SA-N27", "dst": "SA-N135", "hlc": {"phys": 1758739322147, "cnt": 0, "node": "SA-N27"}, "package_id": "PKG39301", "payload": {"status": "SENT"}, "sent_ts": 1758739301877, "arrival_ts": 1758739302027}
{"action": "recv", "src": "SA-N27", "dst": "SA-N135", "hlc": {"phys": 1758739322499, "cnt": 0, "node": "SA-N27"}, "package_id": "PKG39301", "payload": {"status": "IN_TRANSIT"}, "sent_ts": 1758739302229, "arrival_ts": 1758739302314}
{"action": "recv", "src": "SA-N27", "dst": "SA-N135", "hlc": {"phys": 1758739322801, "cnt": 0, "node": "SA-N27"}, "package_id": "PKG39301", "payload": {"status": "RECEIVED"}, "sent_ts": 1758739302531, "arrival_ts": 1758739302687}
{"action": "recv", "src": "SA-N27", "dst": "SA-N135", "hlc": {"phys": 1758739323174, "cnt": 0, "node": "SA-N27"}, "package_id": "PKG39301", "payload": {"status": "DELIVERED"}, "sent_ts": 1758739302904, "arrival_ts": 1758739303089}
{"action": "recv", "src": "AN-N29", "dst": "SA-N135", "hlc": {"phys": 1758740057245, "cnt": 0, "node": "AN-N29"}, "package_id": "PKG40026", "payload": {"status": "CREATED"}, "sent_ts": 1758740026955, "arrival_ts": 1758740027039}
{"action": "recv", "src": "AN-N29", "dst": "SA-N135", "hlc": {"phys": 1758740057530, "cnt": 0, "node": "AN-N29"}, "package_id": "PKG40026", "payload": {"status": "SENT"}, "sent_ts": 1758740027240, "arrival_ts": 1758740027281}
{"action": "recv", "src": "AN-N29", "dst": "SA-N135", "hlc": {"phys": 1758740057798, "cnt": 0, "node": "AN-N29"}, "package_id": "PKG40026", "payload": {"status": "IN_TRANSIT"}, "sent_ts": 1758740027508, "arrival_ts": 1758740027695}
{"action": "recv", "src": "AN-N29", "dst": "SA-N135", "hlc": {"phys": 1758740058188, "cnt": 0, "node": "AN-N29"}, "package_id": "PKG40026", "payload": {"status": "RECEIVED"}, "sent_ts": 1758740027898, "arrival_ts": 1758740028036}
{"action": "recv", "src": "AN-N29", "dst": "SA-N135", "hlc": {"phys": 1758740058527, "cnt": 0, "node": "AN-N29"}, "package_id": "PKG40026", "payload": {"status": "DELIVERED"}, "sent_ts": 1758740028237, "arrival_ts": 1758740028328}
{"action": "send", "src": "SA-N135", "dst": "AU-N186", "hlc": {"phys": 1758740475339, "cnt": 0, "node": "SA-N135"}, "package_id": "PKG40453", "payload": {"status": "CREATED"}, "sent_ts": 1758740453989, "arrival_ts": 1758740453989}
{"action": "send", "src": "SA-N135", "dst": "AU-N186", "hlc": {"phys": 1758740475592, "cnt": 0, "node": "SA-N135"}, "package_id": "PKG40453", "payload": {"status": "SENT"}, "sent_ts": 1758740454242, "arrival_ts": 1758740454242}
{"action": "send", "src": "SA-N135", "dst": "AU-N186", "hlc": {"phys": 1758740475947, "cnt": 0, "node": "SA-N135"}, "package_id": "PKG40453", "payload": {"status": "IN_TRANSIT"}, "sent_ts": 1758740454597, "arrival_ts": 1758740454597}
{"action": "send", "src": "SA-N135", "dst": "AU-N186", "hlc": {"phys": 1758740476235, "cnt": 0, "node": "SA-N135"}, "package_id": "PKG40453", "payload": {"status": "RECEIVED"}, "sent_ts": 1758740454885, "arrival_ts": 1758740454885}
{"action": "send", "src": "SA-N135", "dst": "AU-N186", "hlc": {"phys": 1758740476564, "cnt": 0, "node": "SA-N135"}, "package_id": "PKG40453", "payload": {"status": "DELIVERED"}, "sent_ts": 1758740455214, "arrival_ts": 1758740455214}
{"action": "send", "src": "SA-N135", "dst": "AN-N67", "hlc": {"phys": 1758744615804, "cnt": 0, "node": "SA-N135"}, "package_id": "PKG44594", "payload": {"status": "CREATED"}, "sent_ts": 1758744594454, "arrival_ts": 1758744594454}
{"action": "send", "src": "SA-N135", "dst": "AN-N67", "hlc": {"phys": 1758744616099, "cnt": 0, "node": "SA-N135"}, "package_id": "PKG44594", "payload": {"status": "SENT"}, "sent_ts": 1758744594749, "arrival_ts": 1758744594749}
{"action": "send", "src": "SA-N135", "dst": "AN-N67", "hlc": {"phys": 1758744616455, "cnt": 0, "node": "SA-N135"}, "package_id": "PKG44594", "payload": {"status": "IN_TRANSIT"}, "sent_ts": 1758744595105, "arrival_ts": 1758744595105}
{"action": "send", "src": "SA-N135", "dst": "AN-N67", "hlc": {"phys": 1758744616687, "cnt": 0, "node": "SA-N135"}, "package_id": "PKG44594", "payload": {"status": "RECEIVED"}, "sent_ts": 1758744595337, "arrival_ts": 1758744595337}
{"action": "send", "src": "SA-N135", "dst": "AN-N67", "hlc": {"phys": 1758744616998, "cnt": 0, "node": "SA-N135"}, "package_id": "PKG44594", "payload": {"status": "DELIVERED"}, "sent_ts": 1758744595648, "arrival_ts": 1758744595648}
{"action": "send", "src": "SA-N135", "dst": "NA-N46", "hlc": {"phys": 1758746305833, "cnt": 0, "node": "SA-N135"}, "package_id": "PKG46284", "payload": {"status": "CREATED"}, "sent_ts": 1758746284483, "arrival_ts": 1758746284483}
{"action": "send", "src": "SA-N135", "dst": "NA-N46", "hlc": {"phys": 1758746306095, "cnt": 0, "node": "SA-N135"}, "package_id": "PKG46284", "payload": {"status": "SENT"}, "sent_ts": 1758746284745, "arrival_ts": 1758746284745}
{"action": "send", "src": "SA-N135", "dst": "NA-N46", "hlc": {"phys": 1758746306421, "cnt": 0, "node": "SA-N135"}, "package_id": "PKG46284", "payload": {"status": "IN_TRANSIT"}, "sent_ts": 1758746285071, "arrival_ts": 1758746285071}
{"action": "send", "src": "SA-N135", "dst": "NA-N46", "hlc": {"phys": 1758746306822, "cnt": 0, "node": "SA-N135"}, "package_id": "PKG46284", "payload": {"status": "RECEIVED"}, "sent_ts": 1758746285472, "arrival_ts": 1758746285472}
{"action": "send", "src": "SA-N135", "dst": "NA-N46", "hlc": {"phys": 1758746307086, "cnt": 0, "node": "SA-N135"}, "package_id": "PKG46284", "payload": {"status": "DELIVERED"}, "sent_ts": 1758746285736, "arrival_ts": 1758746285736}
{"action": "recv", "src": "AF-N149", "dst": "SA-N135", "hlc": {"phys": 1758747619958, "cnt": 0, "node": "AF-N149"}, "package_id": "PKG47603", "payload": {"status": "CREATED"}, "sent_ts": 1758747603468, "arrival_ts": 1758747603595}
{"action": "recv", "src": "AF-N149", "dst": "SA-N135", "hlc": {"phys": 1758747620306, "cnt": 0, "node": "AF-N149"}, "package_id": "PKG47603", "payload": {"status": "SENT"}, "sent_ts": 1758747603816, "arrival_ts": 1758747603978}
{"action": "recv", "src": "AF-N149", "dst": "SA-N135", "hlc": {"phys": 1758747620668, "cnt": 0, "node": "AF-N149"}, "package_id": "PKG47603", "payload": {"status": "IN_TRANSIT"}, "sent_ts": 1758747604178, "arrival_ts": 1758747604302}
{"action": "recv", "src": "AF-N149", "dst": "SA-N135", "hlc": {"phys": 1758747621001, "cnt": 0, "node": "AF-N149"}, "package_id": "PKG47603", "payload": {"status": "RECEIVED"}, "sent_ts": 1758747604511, "arrival_ts": 1758747604613}
{"action": "recv", "src": "AF-N149", "dst": "SA-N135", "hlc": {"phys": 1758747621311, "cnt": 0, "node": "AF-N149"}, "package_id": "PKG47603", "payload": {"status": "DELIVERED"}, "sent_ts": 1758747604821, "arrival_ts": 1758747604889}
{"action": "recv", "src": "EU-N78", "dst": "SA-N135", "hlc": {"phys": 1758749847631, "cnt": 0, "node": "EU-N78"}, "package_id": "PKG49841", "payload": {"status": "CREATED"}, "sent_ts": 1758749841851, "arrival_ts": 1758749841980}
{"action": "recv", "src": "EU-N78", "dst": "SA-N135", "hlc": {"phys": 1758749847966, "cnt": 0, "node": "EU-N78"}, "package_id": "PKG49841", "payload": {"status": "SENT"}, "sent_ts": 1758749842186, "arrival_ts": 1758749842226}
{"action": "recv", "src": "EU-N78", "dst": "SA-N135", "hlc": {"phys": 1758749848214, "cnt": 0, "node": "EU-N78"}, "package_id": "PKG49841", "payload": {"status": "IN_TRANSIT"}, "sent_ts": 1758749842434, "arrival_ts": 1758749842618}
{"action": "recv", "src": "EU-N78", "dst": "SA-N135", "hlc": {"phys": 1758749848600, "cnt": 0, "node": "EU-N78"}, "package_id": "PKG49841", "payload": {"status": "RECEIVED"}, "sent_ts": 1758749842820, "arrival_ts": 1758749843019}
{"action": "recv", "src": "EU-N78", "dst": "SA-N135", "hlc": {"phys": 1758749849014, "cnt": 0, "node": "EU-N78"}, "package_id": "PKG49841", "payload": {"status": "DELIVERED"}, "sent_ts": 1758749843234, "arrival_ts": 1758749843251}
{"action": "recv", "src": "AU-N43", "dst": "SA-N135", "hlc": {"phys": 1758750069246, "cnt": 0, "node": "AU-N43"}, "package_id": "PKG50043", "payload": {"status": "CREATED"}, "sent_ts": 1758750043816, "arrival_ts": 1758750043919}
{"action": "recv", "src": "AU-N43", "dst": "SA-N135", "hlc": {"phys": 1758750069538, "cnt": 0, "node": "AU-N43"}, "package_id": "PKG50043", "payload": {"status": "SENT"}, "sent_ts": 1758750044108, "arrival_ts": 1758750044149}
{"action": "recv", "src": "AU-N43", "dst": "SA-N135", "hlc": {"phys": 1758750069799, "cnt": 0, "node": "AU-N43"}, "package_id": "PKG50043", "payload": {"status": "IN_TRANSIT"}, "sent_ts": 1758750044369, "arrival_ts": 1758750044490}
{"action": "recv", "src": "AU-N43", "dst": "SA-N135", "hlc": {"phys": 1758750070122, "cnt": 0, "node": "AU-N43"}, "package_id": "PKG50043", "payload": {"status": "RECEIVED"}, "sent_ts": 1758750044692, "arrival_ts": 1758750044738}
{"action": "recv", "src": "AU-N43", "dst": "SA-N135", "hlc": {"phys": 1758750070368, "cnt": 0, "node": "AU-N43"}, "package_id": "PKG50043", "payload": {"status": "DELIVERED"}, "sent_ts": 1758750044938, "arrival_ts": 1758750045066}
{"action": "recv", "src": "AN-N41", "dst": "SA-N135", "hlc": {"phys": 1758750144746, "cnt": 0, "node": "AN-N41"}, "package_id": "PKG50114", "payload": {"status": "CREATED"}, "sent_ts": 1758750114336, "arrival_ts": 1758750114355}
{"action": "recv", "src": "AN-N41", "dst": "SA-N135", "hlc": {"phys": 1758750144963, "cnt": 0, "node": "AN-N41"}, "package_id": "PKG50114", "payload": {"status": "SENT"}, "sent_ts": 1758750114553, "arrival_ts": 1758750114644}
{"action": "recv", "src": "AN-N41", "dst": "SA-N135", "hlc": {"phys": 1758750145255, "cnt": 0, "node": "AN-N41"}, "package_id": "PKG50114", "payload": {"status": "IN_TRANSIT"}, "sent_ts": 1758750114845, "arrival_ts": 1758750115041}
{"action": "recv", "src": "AN-N41", "dst": "SA-N135", "hlc": {"phys": 1758750145658, "cnt": 0, "node": "AN-N41"}, "package_id": "PKG50114", "payload": {"status": "RECEIVED"}, "sent_ts": 1758750115248, "arrival_ts": 1758750115344}
{"action": "recv", "src": "AN-N41", "dst": "SA-N135", "hlc": {"phys": 1758750145969, "cnt": 0, "node": "AN-N41"}, "package_id": "PKG50114", "payload": {"status": "DELIVERED"}, "sent_ts": 1758750115559, "arrival_ts": 1758750115747}
{"action": "send", "src": "SA-N135", "dst": "AS-N35", "hlc": {"phys": 1758753306222, "cnt": 0, "node": "SA-N135"}, "package_id": "PKG53284", "payload": {"status": "CREATED"}, "sent_ts": 1758753284872, "arrival_ts": 1758753284872}
{"action": "send", "src": "SA-N135", "dst": "AS-N35", "hlc": {"phys": 1758753306575, "cnt": 0, "node": "SA-N135"}, "package_id": "PKG53284", "payload": {"status": "SENT"}, "sent_ts": 1758753285225, "arrival_ts": 1758753285226}
{"action": "send", "src": "SA-N135", "dst": "AS-N35", "hlc": {"phys": 1758753306791, "cnt": 0, "node": "SA-N135"}, "package_id": "PKG53284", "payload": {"status": "IN_TRANSIT"}, "sent_ts": 1758753285441, "arrival_ts": 1758753285441}
{"action": "send", "src": "SA-N135", "dst": "AS-N35", "hlc": {"phys": 1758753307165, "cnt": 0, "node": "SA-N135"}, "package_id": "PKG53284", "payload": {"status": "RECEIVED"}, "sent_ts": 1758753285815, "arrival_ts": 1758753285815}
{"action": "send", "src": "SA-N135", "dst": "AS-N35", "hlc": {"phys": 1758753307449, "cnt": 0, "node": "SA-N135"}, "package_id": "PKG53284", "payload": {"status": "DELIVERED"}, "sent_ts": 1758753286099, "arrival_ts": 1758753286099}
{"action": "send", "src": "SA-N135", "dst": "NA-N17", "hlc": {"phys": 1758754617345, "cnt": 0, "node": "SA-N135"}, "package_id": "PKG54595", "payload": {"status": "CREATED"}, "sent_ts": 1758754595995, "arrival_ts": 1758754595995}
{"action": "send", "src": "SA-N135", "dst": "NA-N17", "hlc": {"phys": 1758754617554, "cnt": 0, "node": "SA-N135"}, "package_id": "PKG54595", "payload": {"status": "SENT"}, "sent_ts": 1758754596204, "arrival_ts": 1758754596204}
{"action": "send", "src": "SA-N135", "dst": "NA-N17", "hlc": {"phys": 1758754617901, "cnt": 0, "node": "SA-N135"}, "package_id": "PKG54595", "payload": {"status": "IN_TRANSIT"}, "sent_ts": 1758754596551, "arrival_ts": 1758754596551}
{"action": "send", "src": "SA-N135", "dst": "NA-N17", "hlc": {"phys": 1758754618171, "cnt": 0, "node": "SA-N135"}, "package_id": "PKG54595", "payload": {"status": "RECEIVED"}, "sent_ts": 1758754596821, "arrival_ts": 1758754596821}
{"action": "send", "src": "SA-N135", "dst": "NA-N17", "hlc": {"phys": 1758754618588, "cnt": 0, "node": "SA-N135"}, "package_id": "PKG54595", "payload": {"status": "DELIVERED"}, "sent_ts": 1758754597238, "arrival_ts": 1758754597238}
{"action": "send", "src": "SA-N135", "dst": "EU-N183", "hlc": {"phys": 1758756384259, "cnt": 0, "node": "SA-N135"}, "package_id": "PKG56362", "payload": {"status": "CREATED"}, "sent_ts": 1758756362909, "arrival_ts": 1758756362909}
{"action": "send", "src": "SA-N135", "dst": "EU-N183", "hlc": {"phys": 1758756384574, "cnt": 0, "node": "SA-N135"}, "package_id": "PKG56362", "payload": {"status": "SENT"}, "sent_ts": 1758756363224, "arrival_ts": 1758756363224}
{"action": "send", "src": "SA-N135", "dst": "EU-N183", "hlc": {"phys": 1758756384789, "cnt": 0, "node": "SA-N135"}, "package_id": "PKG56362", "payload": {"status": "IN_TRANSIT"}, "sent_ts": 1758756363439, "arrival_ts": 1758756363439}
{"action": "send", "src": "SA-N135", "dst": "EU-N183", "hlc": {"phys": 1758756385179, "cnt": 0, "node": "SA-N135"}, "package_id": "PKG56362", "payload": {"status": "RECEIVED"}, "sent_ts": 1758756363829, "arrival_ts": 1758756363829}
{"action": "send", "src": "SA-N135", "dst": "EU-N183", "hlc": {"phys": 1758756385564, "cnt": 0, "node": "SA-N135"}, "package_id": "PKG56362", "payload": {"status": "DELIVERED"}, "sent_ts": 1758756364214, "arrival_ts": 1758756364214}
{"action": "send", "src": "SA-N135", "dst": "AN-N17", "hlc": {"phys": 1758758539547, "cnt": 0, "node": "SA-N135"}, "package_id": "PKG58518", "payload": {"status": "CREATED"}, "sent_ts": 1758758518197, "arrival_ts": 1758758518197}
{"action": "send", "src": "SA-N135", "dst": "AN-N17", "hlc": {"phys": 1758758539803, "cnt": 0, "node": "SA-N135"}, "package_id": "PKG58518", "payload": {"status": "SENT"}, "sent_ts": 1758758518453, "arrival_ts": 1758758518453}
{"action": "send", "src": "SA-N135", "dst": "AN-N17", "hlc": {"phys": 1758758540049, "cnt": 0, "node": "SA-N135"}, "package_id": "PKG58518", "payload": {"status": "IN_TRANSIT"}, "sent_ts": 1758758518699, "arrival_ts": 1758758518699}
{"action": "send", "src": "SA-N135", "dst": "AN-N17", "hlc": {"phys": 1758758540432, "cnt": 0, "node": "SA-N135"}, "package_id": "PKG58518", "payload": {"status": "RECEIVED"}, "sent_ts": 1758758519082, "arrival_ts": 1758758519082}
{"action": "send", "src": "SA-N135", "dst": "AN-N17", "hlc": {"phys": 1758758540785, "cnt": 0, "node": "SA-N135"}, "package_id": "PKG58518", "payload": {"status": "DELIVERED"}, "sent_ts": 1758758519435, "arrival_ts": 1758758519435}
{"action": "recv", "src": "NA-N196", "dst": "SA-N135", "hlc": {"phys": 1758765341249, "cnt": 0, "node": "NA-N196"}, "package_id": "PKG65339", "payload": {"status": "CREATED"}, "sent_ts": 1758765339289, "arrival_ts": 1758765339366}
{"action": "recv", "src": "NA-N196", "dst": "SA-N135", "hlc": {"phys": 1758765341535, "cnt": 0, "node": "NA-N196"}, "package_id": "PKG65339", "payload": {"status": "SENT"}, "sent_ts": 1758765339575, "arrival_ts": 1758765339707}
{"action": "recv", "src": "NA-N196", "dst": "SA-N135", "hlc": {"phys": 1758765341868, "cnt": 0, "node": "NA-N196"}, "package_id": "PKG65339", "payload": {"status": "IN_TRANSIT"}, "sent_ts": 1758765339908, "arrival_ts": 1758765340102}
{"action": "recv", "src": "NA-N196", "dst": "SA-N135", "hlc": {"phys": 1758765342268, "cnt": 0, "node": "NA-N196"}, "package_id": "PKG65339", "payload": {"status": "RECEIVED"}, "sent_ts": 1758765340308, "arrival_ts": 1758765340432}
{"action": "recv", "src": "NA-N196", "dst": "SA-N135", "hlc": {"phys": 1758765342588, "cnt": 0, "node": "NA-N196"}, "package_id": "PKG65339", "payload": {"status": "DELIVERED"}, "sent_ts": 1758765340628, "arrival_ts": 1758765340677}
{"action": "recv", "src": "AN-N200", "dst": "SA-N135", "hlc": {"phys": 1758800852791, "cnt": 0, "node": "AN-N200"}, "package_id": "PKG820", "payload": {"status": "CREATED"}, "sent_ts": 1758800820791, "arrival_ts": 1758800820941}
{"action": "recv", "src": "AN-N200", "dst": "SA-N135", "hlc": {"phys": 1758800853148, "cnt": 0, "node": "AN-N200"}, "package_id": "PKG820", "payload": {"status": "SENT"}, "sent_ts": 1758800821148, "arrival_ts": 1758800821255}
{"action": "recv", "src": "AN-N200", "dst": "SA-N135", "hlc": {"phys": 1758800853473, "cnt": 0, "node": "AN-N200"}, "package_id": "PKG820", "payload": {"status": "IN_TRANSIT"}, "sent_ts": 1758800821473, "arrival_ts": 1758800821600}
{"action": "recv", "src": "AN-N200", "dst": "SA-N135", "hlc": {"phys": 1758800853808, "cnt": 0, "node": "AN-N200"}, "package_id": "PKG820", "payload": {"status": "RECEIVED"}, "sent_ts": 1758800821808, "arrival_ts": 1758800821952}
{"action": "recv", "src": "AN-N200", "dst": "SA-N135", "hlc": {"phys": 1758800854159, "cnt": 0, "node": "AN-N200"}, "package_id": "PKG820", "payload": {"status": "DELIVERED"}, "sent_ts": 1758800822159, "arrival_ts": 1758800822176}
{"action": "send", "src": "SA-N135", "dst": "SA-N64", "hlc": {"phys": 1758801269452, "cnt": 0, "node": "SA-N135"}, "package_id": "PKG1248", "payload": {"status": "CREATED"}, "sent_ts": 1758801248102, "arrival_ts": 1758801248102}
{"action": "send", "src": "SA-N135", "dst": "SA-N64", "hlc": {"phys": 1758801269732, "cnt": 0, "node": "SA-N135"}, "package_id": "PKG1248", "payload": {"status": "SENT"}, "sent_ts": 1758801248382, "arrival_ts": 1758801248382}
{"action": "send", "src": "SA-N135", "dst": "SA-N64", "hlc": {"phys": 1758801270012, "cnt": 0, "node": "SA-N135"}, "package_id": "PKG1248", "payload": {"status": "IN_TRANSIT"}, "sent_ts": 1758801248662, "arrival_ts": 1758801248662}
{"action": "send", "src": "SA-N135", "dst": "SA-N64", "hlc": {"phys": 1758801270258, "cnt": 0, "node": "SA-N135"}, "package_id": "PKG1248", "payload": {"status": "RECEIVED"}, "sent_ts": 1758801248908, "arrival_ts": 1758801248908}
{"action": "send", "src": "SA-N135", "dst": "SA-N64", "hlc": {"phys": 1758801270612, "cnt": 0, "node": "SA-N135"}, "package_id": "PKG1248", "payload": {"status": "DELIVERED"}, "sent_ts": 1758801249262, "arrival_ts": 1758801249262}
{"action": "send", "src": "SA-N135", "dst": "AU-N133", "hlc": {"phys": 1758810548635, "cnt": 0, "node": "SA-N135"}, "package_id": "PKG10527", "payload": {"status": "CREATED"}, "sent_ts": 1758810527285, "arrival_ts": 1758810527285}
{"action": "send", "src": "SA-N135", "dst": "AU-N133", "hlc": {"phys": 1758810548947, "cnt": 0, "node": "SA-N135"}, "package_id": "PKG10527", "payload": {"status": "SENT"}, "sent_ts": 1758810527597, "arrival_ts": 1758810527597}
{"action": "send", "src": "SA-N135", "dst": "AU-N133", "hlc": {"phys": 1758810549255, "cnt": 0, "node": "SA-N135"}, "package_id": "PKG10527", "payload": {"status": "IN_TRANSIT"}, "sent_ts": 1758810527905, "arrival_ts": 1758810527905}
{"action": "send", "src": "SA-N135", "dst": "AU-N133", "hlc": {"phys": 1758810549580, "cnt": 0, "node": "SA-N135"}, "package_id": "PKG10527", "payload": {"status": "RECEIVED"}, "sent_ts": 1758810528230, "arrival_ts": 1758810528230}
{"action": "send", "src": "SA-N135", "dst": "AU-N133", "hlc": {"phys": 1758810549809, "cnt": 0, "node": "SA-N135"}, "package_id": "PKG10527", "payload": {"status": "DELIVERED"}, "sent_ts": 1758810528459, "arrival_ts": 1758810528459}
{"action": "recv", "src": "AS-N79", "dst": "SA-N135", "hlc": {"phys": 1758812334551, "cnt": 0, "node": "AS-N79"}, "package_id": "PKG12323", "payload": {"status": "CREATED"}, "sent_ts": 1758812323761, "arrival_ts": 1758812323876}
{"action": "recv", "src": "AS-N79", "dst": "SA-N135", "hlc": {"phys": 1758812334879, "cnt": 0, "node": "AS-N79"}, "package_id": "PKG12323", "payload": {"status": "SENT"}, "sent_ts": 1758812324089, "arrival_ts": 1758812324286}
{"action": "recv", "src": "AS-N79", "dst": "SA-N135", "hlc": {"phys": 1758812335283, "cnt": 0, "node": "AS-N79"}, "package_id": "PKG12323", "payload": {"status": "IN_TRANSIT"}, "sent_ts": 1758812324493, "arrival_ts": 1758812324564}
{"action": "recv", "src": "AS-N79", "dst": "SA-N135", "hlc": {"phys": 1758812335565, "cnt": 0, "node": "AS-N79"}, "package_id": "PKG12323", "payload": {"status": "RECEIVED"}, "sent_ts": 1758812324775, "arrival_ts": 1758812324832}
{"action": "recv", "src": "AS-N79", "dst": "SA-N135", "hlc": {"phys": 1758812335827, "cnt": 0, "node": "AS-N79"}, "package_id": "PKG12323", "payload": {"status": "DELIVERED"}, "sent_ts": 1758812325037, "arrival_ts": 1758812325152}
{"action": "recv", "src": "AN-N26", "dst": "SA-N135", "hlc": {"phys": 1758814346142, "cnt": 0, "node": "AN-N26"}, "package_id": "PKG14315", "payload": {"status": "CREATED"}, "sent_ts": 1758814315882, "arrival_ts": 1758814316082}
{"action": "recv", "src": "AN-N26", "dst": "SA-N135", "hlc": {"phys": 1758814346546, "cnt": 0, "node": "AN-N26"}, "package_id": "PKG14315", "payload": {"status": "SENT"}, "sent_ts": 1758814316286, "arrival_ts": 1758814316439}
{"action": "recv", "src": "AN-N26", "dst": "SA-N135", "hlc": {"phys": 1758814346915, "cnt": 0, "node": "AN-N26"}, "package_id": "PKG14315", "payload": {"status": "IN_TRANSIT"}, "sent_ts": 1758814316655, "arrival_ts": 1758814316816}
{"action": "recv", "src": "AN-N26", "dst": "SA-N135", "hlc": {"phys": 1758814347290, "cnt": 0, "node": "AN-N26"}, "package_id": "PKG14315", "payload": {"status": "RECEIVED"}, "sent_ts": 1758814317030, "arrival_ts": 1758814317180}
{"action": "recv", "src": "AN-N26", "dst": "SA-N135", "hlc": {"phys": 1758814347646, "cnt": 0, "node": "AN-N26"}, "package_id": "PKG14315", "payload": {"status": "DELIVERED"}, "sent_ts": 1758814317386, "arrival_ts": 1758814317569}
{"action": "recv", "src": "EU-N98", "dst": "SA-N135", "hlc": {"phys": 1758814499994, "cnt": 0, "node": "EU-N98"}, "package_id": "PKG14494", "payload": {"status": "CREATED"}, "sent_ts": 1758814494014, "arrival_ts": 1758814494080}
{"action": "recv", "src": "EU-N98", "dst": "SA-N135", "hlc": {"phys": 1758814500269, "cnt": 0, "node": "EU-N98"}, "package_id": "PKG14494", "payload": {"status": "SENT"}, "sent_ts": 1758814494289, "arrival_ts": 1758814494380}
{"action": "recv", "src": "EU-N98", "dst": "SA-N135", "hlc": {"phys": 1758814500566, "cnt": 0, "node": "EU-N98"}, "package_id": "PKG14494", "payload": {"status": "IN_TRANSIT"}, "sent_ts": 1758814494586, "arrival_ts": 1758814494602}
{"action": "recv", "src": "EU-N98", "dst": "SA-N135", "hlc": {"phys": 1758814500783, "cnt": 0, "node": "EU-N98"}, "package_id": "PKG14494", "payload": {"status": "RECEIVED"}, "sent_ts": 1758814494803, "arrival_ts": 1758814494896}
{"action": "recv", "src": "EU-N98", "dst": "SA-N135", "hlc": {"phys": 1758814501090, "cnt": 0, "node": "EU-N98"}, "package_id": "PKG14494", "payload": {"status": "DELIVERED"}, "sent_ts": 1758814495110, "arrival_ts": 1758814495161}
